
                            < M A T L A B (R) >
                  Copyright 1984-2018 The MathWorks, Inc.
                   R2018b (9.5.0.944444) 64-bit (glnxa64)
                              August 28, 2018

 
To get started, type doc.
For product information, visit www.mathworks.com.
 
Terminated at swamp 0.5.
The last entry of errorHistory is 0.500034 for index 126001, 127/1000.
The last entry of errorHistory is 1.000000 for index 126002, 127/1000.
Terminated at swamp 0.5.
The last entry of errorHistory is 0.500064 for index 126003, 127/1000.
Terminated at swamp 0.5.
The last entry of errorHistory is 0.500053 for index 126004, 127/1000.
Terminated at swamp 0.5.
The last entry of errorHistory is 0.500944 for index 126005, 127/1000.
Terminated at swamp 0.5.
The last entry of errorHistory is 0.500101 for index 126006, 127/1000.
Terminated at swamp 0.5.
The last entry of errorHistory is 0.500000 for index 126007, 127/1000.
The last entry of errorHistory is 1.000000 for index 126008, 127/1000.
Terminated at swamp 1.
The last entry of errorHistory is 1.000104 for index 126009, 127/1000.
Terminated at swamp 0.5.
The last entry of errorHistory is 0.500328 for index 126010, 127/1000.
Terminated at swamp 0.5.
The last entry of errorHistory is 0.500062 for index 126011, 127/1000.
The last entry of errorHistory is 1.500000 for index 126012, 127/1000.
Terminated at swamp 0.5.
The last entry of errorHistory is 0.500049 for index 126013, 127/1000.
The last entry of errorHistory is 1.000000 for index 126014, 127/1000.
The last entry of errorHistory is 0.000602 for index 126015, 127/1000.
Terminated at swamp 0.5.
The last entry of errorHistory is 0.500380 for index 126016, 127/1000.
Terminated at swamp 0.5.
The last entry of errorHistory is 0.500331 for index 126017, 127/1000.
Terminated at swamp 0.5.
The last entry of errorHistory is 0.500042 for index 126018, 127/1000.
Terminated at swamp 0.5.
The last entry of errorHistory is 0.500003 for index 126019, 127/1000.
The last entry of errorHistory is 1.000000 for index 126020, 127/1000.
The last entry of errorHistory is 1.000000 for index 126021, 127/1000.
Terminated at swamp 0.5.
The last entry of errorHistory is 0.500058 for index 126022, 127/1000.
The last entry of errorHistory is 0.000316 for index 126023, 127/1000.
Terminated at swamp 0.5.
The last entry of errorHistory is 0.500342 for index 126024, 127/1000.
Terminated at swamp 0.5.
The last entry of errorHistory is 0.500537 for index 126025, 127/1000.
Terminated at swamp 0.5.
The last entry of errorHistory is 0.500000 for index 126026, 127/1000.
Terminated at swamp 0.5.
The last entry of errorHistory is 0.500633 for index 126027, 127/1000.
The last entry of errorHistory is 0.000018 for index 126028, 127/1000.
The last entry of errorHistory is 0.500000 for index 126029, 127/1000.
Terminated at swamp 0.5.
The last entry of errorHistory is 0.500537 for index 126030, 127/1000.
Terminated at swamp 0.5.
The last entry of errorHistory is 0.500689 for index 126031, 127/1000.
The last entry of errorHistory is 1.000000 for index 126032, 127/1000.
Terminated at swamp 0.5.
The last entry of errorHistory is 0.500368 for index 126033, 127/1000.
The last entry of errorHistory is 0.000009 for index 126034, 127/1000.
The last entry of errorHistory is 0.000047 for index 126035, 127/1000.
The last entry of errorHistory is 0.000777 for index 126036, 127/1000.
The last entry of errorHistory is 0.500000 for index 126037, 127/1000.
Terminated at swamp 1.
The last entry of errorHistory is 1.000001 for index 126038, 127/1000.
Terminated at swamp 0.5.
The last entry of errorHistory is 0.500261 for index 126039, 127/1000.
Terminated at swamp 0.5.
The last entry of errorHistory is 0.500431 for index 126040, 127/1000.
Terminated at swamp 1.
The last entry of errorHistory is 1.000353 for index 126041, 127/1000.
Terminated at swamp 0.5.
The last entry of errorHistory is 0.500335 for index 126042, 127/1000.
The last entry of errorHistory is 1.000000 for index 126043, 127/1000.
Terminated at swamp 0.5.
The last entry of errorHistory is 0.500134 for index 126044, 127/1000.
Terminated at swamp 0.5.
The last entry of errorHistory is 0.500216 for index 126045, 127/1000.
Terminated at swamp 1.
The last entry of errorHistory is 1.000124 for index 126046, 127/1000.
Terminated at swamp 0.5.
The last entry of errorHistory is 0.500006 for index 126047, 127/1000.
Terminated at swamp 0.5.
The last entry of errorHistory is 0.500052 for index 126048, 127/1000.
The last entry of errorHistory is 0.000646 for index 126049, 127/1000.
The last entry of errorHistory is 1.000000 for index 126050, 127/1000.
Terminated at swamp 0.5.
The last entry of errorHistory is 0.500330 for index 126051, 127/1000.
The last entry of errorHistory is 1.000000 for index 126052, 127/1000.
Terminated at swamp 0.5.
The last entry of errorHistory is 0.500654 for index 126053, 127/1000.
Terminated at swamp 0.5.
The last entry of errorHistory is 0.500244 for index 126054, 127/1000.
Terminated at swamp 0.5.
The last entry of errorHistory is 0.500167 for index 126055, 127/1000.
The last entry of errorHistory is 1.500000 for index 126056, 127/1000.
The last entry of errorHistory is 1.000000 for index 126057, 127/1000.
Terminated at swamp 0.5.
The last entry of errorHistory is 0.500410 for index 126058, 127/1000.
Terminated at swamp 0.5.
The last entry of errorHistory is 0.500212 for index 126059, 127/1000.
Terminated at swamp 0.5.
The last entry of errorHistory is 0.500630 for index 126060, 127/1000.
The last entry of errorHistory is 1.000000 for index 126061, 127/1000.
The last entry of errorHistory is 0.000013 for index 126062, 127/1000.
Terminated at swamp 0.5.
The last entry of errorHistory is 0.500420 for index 126063, 127/1000.
Terminated at swamp 0.5.
The last entry of errorHistory is 0.500309 for index 126064, 127/1000.
Terminated at swamp 0.5.
The last entry of errorHistory is 0.500460 for index 126065, 127/1000.
Terminated at swamp 0.5.
The last entry of errorHistory is 0.500333 for index 126066, 127/1000.
The last entry of errorHistory is 0.000705 for index 126067, 127/1000.
Terminated at swamp 0.5.
The last entry of errorHistory is 0.500296 for index 126068, 127/1000.
Terminated at swamp 0.5.
The last entry of errorHistory is 0.500451 for index 126069, 127/1000.
The last entry of errorHistory is 1.000000 for index 126070, 127/1000.
Terminated at swamp 1.
The last entry of errorHistory is 1.000883 for index 126071, 127/1000.
Terminated at swamp 0.5.
The last entry of errorHistory is 0.500492 for index 126072, 127/1000.
The last entry of errorHistory is 0.000120 for index 126073, 127/1000.
Terminated at swamp 1.
The last entry of errorHistory is 1.000000 for index 126074, 127/1000.
Terminated at swamp 0.5.
The last entry of errorHistory is 0.500386 for index 126075, 127/1000.
Terminated at swamp 1.
The last entry of errorHistory is 1.000002 for index 126076, 127/1000.
Terminated at swamp 0.5.
The last entry of errorHistory is 0.500635 for index 126077, 127/1000.
The last entry of errorHistory is 0.000016 for index 126078, 127/1000.
Terminated at swamp 0.5.
The last entry of errorHistory is 0.500004 for index 126079, 127/1000.
Terminated at swamp 1.5.
The last entry of errorHistory is 1.500019 for index 126080, 127/1000.
Terminated at swamp 0.5.
The last entry of errorHistory is 0.500158 for index 126081, 127/1000.
Terminated at swamp 0.5.
The last entry of errorHistory is 0.500059 for index 126082, 127/1000.
Terminated at swamp 1.
The last entry of errorHistory is 1.000001 for index 126083, 127/1000.
The last entry of errorHistory is 0.500000 for index 126084, 127/1000.
The last entry of errorHistory is 1.000000 for index 126085, 127/1000.
The last entry of errorHistory is 1.000000 for index 126086, 127/1000.
Terminated at swamp 0.5.
The last entry of errorHistory is 0.500542 for index 126087, 127/1000.
Terminated at swamp 0.5.
The last entry of errorHistory is 0.500798 for index 126088, 127/1000.
Terminated at swamp 0.5.
The last entry of errorHistory is 0.500142 for index 126089, 127/1000.
Terminated at swamp 0.5.
The last entry of errorHistory is 0.500017 for index 126090, 127/1000.
Terminated at swamp 1.
The last entry of errorHistory is 1.000036 for index 126091, 127/1000.
Terminated at swamp 0.5.
The last entry of errorHistory is 0.500343 for index 126092, 127/1000.
The last entry of errorHistory is 0.000033 for index 126093, 127/1000.
Terminated at swamp 1.
The last entry of errorHistory is 1.000308 for index 126094, 127/1000.
Terminated at swamp 1.
The last entry of errorHistory is 1.000000 for index 126095, 127/1000.
Terminated at swamp 0.5.
The last entry of errorHistory is 0.500476 for index 126096, 127/1000.
Terminated at swamp 0.5.
The last entry of errorHistory is 0.500549 for index 126097, 127/1000.
Terminated at swamp 1.
The last entry of errorHistory is 1.000042 for index 126098, 127/1000.
The last entry of errorHistory is 1.000000 for index 126099, 127/1000.
Terminated at swamp 0.5.
The last entry of errorHistory is 0.500548 for index 126100, 127/1000.
The last entry of errorHistory is 0.000025 for index 126101, 127/1000.
Terminated at swamp 0.5.
The last entry of errorHistory is 0.500346 for index 126102, 127/1000.
Terminated at swamp 1.
The last entry of errorHistory is 1.000490 for index 126103, 127/1000.
The last entry of errorHistory is 0.000011 for index 126104, 127/1000.
The last entry of errorHistory is 1.000000 for index 126105, 127/1000.
The last entry of errorHistory is 0.500000 for index 126106, 127/1000.
Terminated at swamp 0.5.
The last entry of errorHistory is 0.500103 for index 126107, 127/1000.
Terminated at swamp 1.
The last entry of errorHistory is 1.000158 for index 126108, 127/1000.
The last entry of errorHistory is 0.000671 for index 126109, 127/1000.
Terminated at swamp 0.5.
The last entry of errorHistory is 0.500533 for index 126110, 127/1000.
Terminated at swamp 1.
The last entry of errorHistory is 1.000001 for index 126111, 127/1000.
Terminated at swamp 0.5.
The last entry of errorHistory is 0.500327 for index 126112, 127/1000.
Terminated at swamp 0.5.
The last entry of errorHistory is 0.500574 for index 126113, 127/1000.
The last entry of errorHistory is 1.000000 for index 126114, 127/1000.
Terminated at swamp 0.5.
The last entry of errorHistory is 0.500077 for index 126115, 127/1000.
Terminated at swamp 0.5.
The last entry of errorHistory is 0.500730 for index 126116, 127/1000.
Terminated at swamp 1.
The last entry of errorHistory is 1.000328 for index 126117, 127/1000.
Terminated at swamp 0.5.
The last entry of errorHistory is 0.500394 for index 126118, 127/1000.
The last entry of errorHistory is 1.000000 for index 126119, 127/1000.
The last entry of errorHistory is 1.000000 for index 126120, 127/1000.
Terminated at swamp 1.
The last entry of errorHistory is 0.999851 for index 126121, 127/1000.
Terminated at swamp 0.5.
The last entry of errorHistory is 0.500035 for index 126122, 127/1000.
Terminated at swamp 0.5.
The last entry of errorHistory is 0.500607 for index 126123, 127/1000.
Terminated at swamp 1.
The last entry of errorHistory is 1.000000 for index 126124, 127/1000.
Terminated at swamp 0.5.
The last entry of errorHistory is 0.500293 for index 126125, 127/1000.
Terminated at swamp 0.5.
The last entry of errorHistory is 0.500026 for index 126126, 127/1000.
The last entry of errorHistory is 1.000000 for index 126127, 127/1000.
Terminated at swamp 0.5.
The last entry of errorHistory is 0.500558 for index 126128, 127/1000.
The last entry of errorHistory is 1.000000 for index 126129, 127/1000.
The last entry of errorHistory is 0.000069 for index 126130, 127/1000.
Terminated at swamp 0.5.
The last entry of errorHistory is 0.500329 for index 126131, 127/1000.
Terminated at swamp 0.5.
The last entry of errorHistory is 0.500625 for index 126132, 127/1000.
Terminated at swamp 1.
The last entry of errorHistory is 1.000000 for index 126133, 127/1000.
The last entry of errorHistory is 0.000049 for index 126134, 127/1000.
Terminated at swamp 1.
The last entry of errorHistory is 1.000211 for index 126135, 127/1000.
Terminated at swamp 1.
The last entry of errorHistory is 1.000013 for index 126136, 127/1000.
Terminated at swamp 0.5.
The last entry of errorHistory is 0.500700 for index 126137, 127/1000.
Terminated at swamp 0.5.
The last entry of errorHistory is 0.500775 for index 126138, 127/1000.
Terminated at swamp 1.
The last entry of errorHistory is 1.000317 for index 126139, 127/1000.
The last entry of errorHistory is 0.500000 for index 126140, 127/1000.
Terminated at swamp 1.
The last entry of errorHistory is 1.000236 for index 126141, 127/1000.
Terminated at swamp 0.5.
The last entry of errorHistory is 0.500384 for index 126142, 127/1000.
Terminated at swamp 0.5.
The last entry of errorHistory is 0.500338 for index 126143, 127/1000.
The last entry of errorHistory is 0.500000 for index 126144, 127/1000.
Terminated at swamp 0.5.
The last entry of errorHistory is 0.500000 for index 126145, 127/1000.
Terminated at swamp 0.5.
The last entry of errorHistory is 0.500533 for index 126146, 127/1000.
The last entry of errorHistory is 0.000540 for index 126147, 127/1000.
Terminated at swamp 1.
The last entry of errorHistory is 1.000000 for index 126148, 127/1000.
Terminated at swamp 0.5.
The last entry of errorHistory is 0.500543 for index 126149, 127/1000.
The last entry of errorHistory is 0.000020 for index 126150, 127/1000.
Terminated at swamp 0.5.
The last entry of errorHistory is 0.500549 for index 126151, 127/1000.
The last entry of errorHistory is 1.000000 for index 126152, 127/1000.
Terminated at swamp 0.5.
The last entry of errorHistory is 0.500123 for index 126153, 127/1000.
Terminated at swamp 0.5.
The last entry of errorHistory is 0.500600 for index 126154, 127/1000.
Terminated at swamp 1.
The last entry of errorHistory is 1.000532 for index 126155, 127/1000.
The last entry of errorHistory is 0.000012 for index 126156, 127/1000.
The last entry of errorHistory is 0.001161 for index 126157, 127/1000.
The last entry of errorHistory is 0.500000 for index 126158, 127/1000.
Terminated at swamp 0.5.
The last entry of errorHistory is 0.500203 for index 126159, 127/1000.
Terminated at swamp 0.5.
The last entry of errorHistory is 0.500345 for index 126160, 127/1000.
The last entry of errorHistory is 0.500000 for index 126161, 127/1000.
Terminated at swamp 0.5.
The last entry of errorHistory is 0.500506 for index 126162, 127/1000.
The last entry of errorHistory is 0.000728 for index 126163, 127/1000.
Terminated at swamp 1.
The last entry of errorHistory is 1.000049 for index 126164, 127/1000.
Terminated at swamp 1.
The last entry of errorHistory is 1.000079 for index 126165, 127/1000.
Terminated at swamp 0.5.
The last entry of errorHistory is 0.500358 for index 126166, 127/1000.
Terminated at swamp 1.
The last entry of errorHistory is 1.000005 for index 126167, 127/1000.
Terminated at swamp 0.5.
The last entry of errorHistory is 0.500078 for index 126168, 127/1000.
The last entry of errorHistory is 1.000000 for index 126169, 127/1000.
The last entry of errorHistory is 1.500000 for index 126170, 127/1000.
The last entry of errorHistory is 1.000000 for index 126171, 127/1000.
Terminated at swamp 0.5.
The last entry of errorHistory is 0.500616 for index 126172, 127/1000.
Terminated at swamp 0.5.
The last entry of errorHistory is 0.500742 for index 126173, 127/1000.
The last entry of errorHistory is 0.000064 for index 126174, 127/1000.
The last entry of errorHistory is 0.000012 for index 126175, 127/1000.
Terminated at swamp 1.
The last entry of errorHistory is 1.000014 for index 126176, 127/1000.
Terminated at swamp 0.5.
The last entry of errorHistory is 0.500465 for index 126177, 127/1000.
Terminated at swamp 1.
The last entry of errorHistory is 1.000000 for index 126178, 127/1000.
Terminated at swamp 0.5.
The last entry of errorHistory is 0.500682 for index 126179, 127/1000.
The last entry of errorHistory is 0.500000 for index 126180, 127/1000.
The last entry of errorHistory is 1.000000 for index 126181, 127/1000.
Terminated at swamp 0.5.
The last entry of errorHistory is 0.500266 for index 126182, 127/1000.
The last entry of errorHistory is 0.000070 for index 126183, 127/1000.
The last entry of errorHistory is 1.000000 for index 126184, 127/1000.
Terminated at swamp 0.5.
The last entry of errorHistory is 0.500437 for index 126185, 127/1000.
Terminated at swamp 0.5.
The last entry of errorHistory is 0.500299 for index 126186, 127/1000.
Terminated at swamp 0.5.
The last entry of errorHistory is 0.500395 for index 126187, 127/1000.
Terminated at swamp 0.5.
The last entry of errorHistory is 0.500553 for index 126188, 127/1000.
The last entry of errorHistory is 1.000000 for index 126189, 127/1000.
The last entry of errorHistory is 1.000000 for index 126190, 127/1000.
The last entry of errorHistory is 1.500000 for index 126191, 127/1000.
Terminated at swamp 1.
The last entry of errorHistory is 1.000135 for index 126192, 127/1000.
Terminated at swamp 0.5.
The last entry of errorHistory is 0.500475 for index 126193, 127/1000.
The last entry of errorHistory is 0.000040 for index 126194, 127/1000.
The last entry of errorHistory is 1.000000 for index 126195, 127/1000.
Terminated at swamp 0.5.
The last entry of errorHistory is 0.500331 for index 126196, 127/1000.
Terminated at swamp 0.5.
The last entry of errorHistory is 0.500193 for index 126197, 127/1000.
Terminated at swamp 0.5.
The last entry of errorHistory is 0.500564 for index 126198, 127/1000.
The last entry of errorHistory is 0.000019 for index 126199, 127/1000.
Terminated at swamp 0.5.
The last entry of errorHistory is 0.500572 for index 126200, 127/1000.
Terminated at swamp 0.5.
The last entry of errorHistory is 0.500129 for index 126201, 127/1000.
Terminated at swamp 0.5.
The last entry of errorHistory is 0.500627 for index 126202, 127/1000.
The last entry of errorHistory is 1.000000 for index 126203, 127/1000.
The last entry of errorHistory is 1.000000 for index 126204, 127/1000.
The last entry of errorHistory is 0.500000 for index 126205, 127/1000.
Terminated at swamp 0.5.
The last entry of errorHistory is 0.500591 for index 126206, 127/1000.
The last entry of errorHistory is 0.000015 for index 126207, 127/1000.
The last entry of errorHistory is 0.000018 for index 126208, 127/1000.
Terminated at swamp 0.5.
The last entry of errorHistory is 0.500323 for index 126209, 127/1000.
Terminated at swamp 0.5.
The last entry of errorHistory is 0.500507 for index 126210, 127/1000.
The last entry of errorHistory is 1.000000 for index 126211, 127/1000.
Terminated at swamp 0.5.
The last entry of errorHistory is 0.500005 for index 126212, 127/1000.
The last entry of errorHistory is 1.000000 for index 126213, 127/1000.
Terminated at swamp 0.5.
The last entry of errorHistory is 0.500587 for index 126214, 127/1000.
Terminated at swamp 1.
The last entry of errorHistory is 1.000228 for index 126215, 127/1000.
Terminated at swamp 0.5.
The last entry of errorHistory is 0.500098 for index 126216, 127/1000.
Terminated at swamp 1.
The last entry of errorHistory is 1.000025 for index 126217, 127/1000.
Terminated at swamp 1.
The last entry of errorHistory is 1.000534 for index 126218, 127/1000.
Terminated at swamp 0.5.
The last entry of errorHistory is 0.500819 for index 126219, 127/1000.
The last entry of errorHistory is 0.500000 for index 126220, 127/1000.
Terminated at swamp 1.
The last entry of errorHistory is 1.000249 for index 126221, 127/1000.
The last entry of errorHistory is 1.000000 for index 126222, 127/1000.
The last entry of errorHistory is 1.000000 for index 126223, 127/1000.
Terminated at swamp 1.
The last entry of errorHistory is 1.000102 for index 126224, 127/1000.
Terminated at swamp 0.5.
The last entry of errorHistory is 0.500495 for index 126225, 127/1000.
The last entry of errorHistory is 0.500000 for index 126226, 127/1000.
Terminated at swamp 1.
The last entry of errorHistory is 1.000092 for index 126227, 127/1000.
Terminated at swamp 0.5.
The last entry of errorHistory is 0.500630 for index 126228, 127/1000.
The last entry of errorHistory is 1.000000 for index 126229, 127/1000.
The last entry of errorHistory is 1.000000 for index 126230, 127/1000.
Terminated at swamp 1.
The last entry of errorHistory is 1.000317 for index 126231, 127/1000.
The last entry of errorHistory is 0.000022 for index 126232, 127/1000.
The last entry of errorHistory is 1.000000 for index 126233, 127/1000.
Terminated at swamp 0.5.
The last entry of errorHistory is 0.500479 for index 126234, 127/1000.
Terminated at swamp 1.
The last entry of errorHistory is 1.000000 for index 126235, 127/1000.
Terminated at swamp 0.5.
The last entry of errorHistory is 0.500628 for index 126236, 127/1000.
Terminated at swamp 0.5.
The last entry of errorHistory is 0.500536 for index 126237, 127/1000.
The last entry of errorHistory is 1.000000 for index 126238, 127/1000.
The last entry of errorHistory is 1.500000 for index 126239, 127/1000.
The last entry of errorHistory is 1.500000 for index 126240, 127/1000.
The last entry of errorHistory is 0.500000 for index 126241, 127/1000.
Terminated at swamp 0.5.
The last entry of errorHistory is 0.500476 for index 126242, 127/1000.
The last entry of errorHistory is 1.000000 for index 126243, 127/1000.
Terminated at swamp 0.5.
The last entry of errorHistory is 0.500542 for index 126244, 127/1000.
The last entry of errorHistory is 1.000000 for index 126245, 127/1000.
Terminated at swamp 0.5.
The last entry of errorHistory is 0.500533 for index 126246, 127/1000.
Terminated at swamp 0.5.
The last entry of errorHistory is 0.500561 for index 126247, 127/1000.
The last entry of errorHistory is 0.000143 for index 126248, 127/1000.
Terminated at swamp 1.
The last entry of errorHistory is 1.000556 for index 126249, 127/1000.
The last entry of errorHistory is 0.500000 for index 126250, 127/1000.
Terminated at swamp 0.5.
The last entry of errorHistory is 0.500684 for index 126251, 127/1000.
Terminated at swamp 0.5.
The last entry of errorHistory is 0.500576 for index 126252, 127/1000.
The last entry of errorHistory is 1.000000 for index 126253, 127/1000.
The last entry of errorHistory is 0.000045 for index 126254, 127/1000.
Terminated at swamp 1.
The last entry of errorHistory is 1.000226 for index 126255, 127/1000.
Terminated at swamp 0.5.
The last entry of errorHistory is 0.500566 for index 126256, 127/1000.
Terminated at swamp 0.5.
The last entry of errorHistory is 0.500428 for index 126257, 127/1000.
Terminated at swamp 0.5.
The last entry of errorHistory is 0.500354 for index 126258, 127/1000.
Terminated at swamp 1.
The last entry of errorHistory is 1.000000 for index 126259, 127/1000.
The last entry of errorHistory is 1.000000 for index 126260, 127/1000.
Terminated at swamp 0.5.
The last entry of errorHistory is 0.500312 for index 126261, 127/1000.
Terminated at swamp 1.
The last entry of errorHistory is 1.000000 for index 126262, 127/1000.
Terminated at swamp 1.
The last entry of errorHistory is 1.000000 for index 126263, 127/1000.
Terminated at swamp 0.5.
The last entry of errorHistory is 0.500138 for index 126264, 127/1000.
Terminated at swamp 0.5.
The last entry of errorHistory is 0.500551 for index 126265, 127/1000.
Terminated at swamp 0.5.
The last entry of errorHistory is 0.500723 for index 126266, 127/1000.
Terminated at swamp 0.5.
The last entry of errorHistory is 0.500020 for index 126267, 127/1000.
The last entry of errorHistory is 1.000000 for index 126268, 127/1000.
Terminated at swamp 0.5.
The last entry of errorHistory is 0.500444 for index 126269, 127/1000.
The last entry of errorHistory is 0.500000 for index 126270, 127/1000.
The last entry of errorHistory is 0.500000 for index 126271, 127/1000.
Terminated at swamp 0.5.
The last entry of errorHistory is 0.500393 for index 126272, 127/1000.
Terminated at swamp 1.
The last entry of errorHistory is 1.000272 for index 126273, 127/1000.
Terminated at swamp 1.
The last entry of errorHistory is 1.000214 for index 126274, 127/1000.
Terminated at swamp 1.
The last entry of errorHistory is 1.000050 for index 126275, 127/1000.
Terminated at swamp 0.5.
The last entry of errorHistory is 0.500122 for index 126276, 127/1000.
Terminated at swamp 1.
The last entry of errorHistory is 1.000309 for index 126277, 127/1000.
Terminated at swamp 1.
The last entry of errorHistory is 1.000000 for index 126278, 127/1000.
Terminated at swamp 0.5.
The last entry of errorHistory is 0.500241 for index 126279, 127/1000.
Terminated at swamp 1.
The last entry of errorHistory is 1.000879 for index 126280, 127/1000.
Terminated at swamp 1.
The last entry of errorHistory is 1.000072 for index 126281, 127/1000.
The last entry of errorHistory is 1.500000 for index 126282, 127/1000.
Terminated at swamp 0.5.
The last entry of errorHistory is 0.500466 for index 126283, 127/1000.
Terminated at swamp 0.5.
The last entry of errorHistory is 0.500558 for index 126284, 127/1000.
Terminated at swamp 0.5.
The last entry of errorHistory is 0.500223 for index 126285, 127/1000.
Terminated at swamp 0.5.
The last entry of errorHistory is 0.500306 for index 126286, 127/1000.
Terminated at swamp 0.5.
The last entry of errorHistory is 0.500000 for index 126287, 127/1000.
The last entry of errorHistory is 0.000013 for index 126288, 127/1000.
The last entry of errorHistory is 0.000064 for index 126289, 127/1000.
Terminated at swamp 0.5.
The last entry of errorHistory is 0.500501 for index 126290, 127/1000.
The last entry of errorHistory is 1.000000 for index 126291, 127/1000.
The last entry of errorHistory is 0.001588 for index 126292, 127/1000.
The last entry of errorHistory is 0.000021 for index 126293, 127/1000.
Terminated at swamp 0.5.
The last entry of errorHistory is 0.500324 for index 126294, 127/1000.
Terminated at swamp 1.
The last entry of errorHistory is 1.000296 for index 126295, 127/1000.
Terminated at swamp 0.5.
The last entry of errorHistory is 0.500632 for index 126296, 127/1000.
The last entry of errorHistory is 0.000478 for index 126297, 127/1000.
Terminated at swamp 0.5.
The last entry of errorHistory is 0.500390 for index 126298, 127/1000.
Terminated at swamp 0.5.
The last entry of errorHistory is 0.500277 for index 126299, 127/1000.
The last entry of errorHistory is 0.500000 for index 126300, 127/1000.
Terminated at swamp 0.5.
The last entry of errorHistory is 0.500213 for index 126301, 127/1000.
Terminated at swamp 0.5.
The last entry of errorHistory is 0.500542 for index 126302, 127/1000.
Terminated at swamp 0.5.
The last entry of errorHistory is 0.500560 for index 126303, 127/1000.
Terminated at swamp 0.5.
The last entry of errorHistory is 0.500903 for index 126304, 127/1000.
Terminated at swamp 0.5.
The last entry of errorHistory is 0.500565 for index 126305, 127/1000.
Terminated at swamp 0.5.
The last entry of errorHistory is 0.500252 for index 126306, 127/1000.
Terminated at swamp 0.5.
The last entry of errorHistory is 0.500366 for index 126307, 127/1000.
Terminated at swamp 0.5.
The last entry of errorHistory is 0.500287 for index 126308, 127/1000.
Terminated at swamp 0.5.
The last entry of errorHistory is 0.500555 for index 126309, 127/1000.
Terminated at swamp 0.5.
The last entry of errorHistory is 0.500148 for index 126310, 127/1000.
Terminated at swamp 0.5.
The last entry of errorHistory is 0.500402 for index 126311, 127/1000.
Terminated at swamp 1.5.
The last entry of errorHistory is 1.500000 for index 126312, 127/1000.
The last entry of errorHistory is 1.000000 for index 126313, 127/1000.
The last entry of errorHistory is 1.000000 for index 126314, 127/1000.
Terminated at swamp 0.5.
The last entry of errorHistory is 0.500625 for index 126315, 127/1000.
Terminated at swamp 0.5.
The last entry of errorHistory is 0.500099 for index 126316, 127/1000.
The last entry of errorHistory is 0.000018 for index 126317, 127/1000.
Terminated at swamp 0.5.
The last entry of errorHistory is 0.500404 for index 126318, 127/1000.
Terminated at swamp 0.5.
The last entry of errorHistory is 0.500038 for index 126319, 127/1000.
Terminated at swamp 0.5.
The last entry of errorHistory is 0.500451 for index 126320, 127/1000.
Terminated at swamp 0.5.
The last entry of errorHistory is 0.500613 for index 126321, 127/1000.
Terminated at swamp 0.5.
The last entry of errorHistory is 0.500055 for index 126322, 127/1000.
Terminated at swamp 1.
The last entry of errorHistory is 1.000031 for index 126323, 127/1000.
Terminated at swamp 0.5.
The last entry of errorHistory is 0.500570 for index 126324, 127/1000.
Terminated at swamp 0.5.
The last entry of errorHistory is 0.500587 for index 126325, 127/1000.
Terminated at swamp 0.5.
The last entry of errorHistory is 0.500000 for index 126326, 127/1000.
Terminated at swamp 0.5.
The last entry of errorHistory is 0.500328 for index 126327, 127/1000.
Terminated at swamp 0.5.
The last entry of errorHistory is 0.500680 for index 126328, 127/1000.
Terminated at swamp 1.
The last entry of errorHistory is 1.000003 for index 126329, 127/1000.
Terminated at swamp 0.5.
The last entry of errorHistory is 0.500426 for index 126330, 127/1000.
Terminated at swamp 0.5.
The last entry of errorHistory is 0.500866 for index 126331, 127/1000.
Terminated at swamp 0.5.
The last entry of errorHistory is 0.500121 for index 126332, 127/1000.
The last entry of errorHistory is 1.000000 for index 126333, 127/1000.
Terminated at swamp 0.5.
The last entry of errorHistory is 0.500510 for index 126334, 127/1000.
Terminated at swamp 0.5.
The last entry of errorHistory is 0.500000 for index 126335, 127/1000.
Terminated at swamp 0.5.
The last entry of errorHistory is 0.500002 for index 126336, 127/1000.
Terminated at swamp 0.5.
The last entry of errorHistory is 0.500204 for index 126337, 127/1000.
Terminated at swamp 0.5.
The last entry of errorHistory is 0.500573 for index 126338, 127/1000.
Terminated at swamp 0.5.
The last entry of errorHistory is 0.500612 for index 126339, 127/1000.
Terminated at swamp 0.5.
The last entry of errorHistory is 0.500452 for index 126340, 127/1000.
The last entry of errorHistory is 0.000033 for index 126341, 127/1000.
Terminated at swamp 0.5.
The last entry of errorHistory is 0.500643 for index 126342, 127/1000.
Terminated at swamp 0.5.
The last entry of errorHistory is 0.500095 for index 126343, 127/1000.
The last entry of errorHistory is 0.500000 for index 126344, 127/1000.
The last entry of errorHistory is 0.000017 for index 126345, 127/1000.
The last entry of errorHistory is 0.500000 for index 126346, 127/1000.
Terminated at swamp 0.5.
The last entry of errorHistory is 0.500149 for index 126347, 127/1000.
The last entry of errorHistory is 0.000034 for index 126348, 127/1000.
Terminated at swamp 0.5.
The last entry of errorHistory is 0.500000 for index 126349, 127/1000.
Terminated at swamp 0.5.
The last entry of errorHistory is 0.500432 for index 126350, 127/1000.
The last entry of errorHistory is 0.500000 for index 126351, 127/1000.
Terminated at swamp 0.5.
The last entry of errorHistory is 0.500001 for index 126352, 127/1000.
Terminated at swamp 0.5.
The last entry of errorHistory is 0.500572 for index 126353, 127/1000.
Terminated at swamp 0.5.
The last entry of errorHistory is 0.500164 for index 126354, 127/1000.
Terminated at swamp 1.
The last entry of errorHistory is 1.000226 for index 126355, 127/1000.
Terminated at swamp 0.5.
The last entry of errorHistory is 0.500387 for index 126356, 127/1000.
The last entry of errorHistory is 0.500000 for index 126357, 127/1000.
The last entry of errorHistory is 0.000032 for index 126358, 127/1000.
Terminated at swamp 1.
The last entry of errorHistory is 1.000341 for index 126359, 127/1000.
Terminated at swamp 0.5.
The last entry of errorHistory is 0.500393 for index 126360, 127/1000.
Terminated at swamp 0.5.
The last entry of errorHistory is 0.500000 for index 126361, 127/1000.
The last entry of errorHistory is 1.000000 for index 126362, 127/1000.
Terminated at swamp 0.5.
The last entry of errorHistory is 0.500302 for index 126363, 127/1000.
Terminated at swamp 0.5.
The last entry of errorHistory is 0.500242 for index 126364, 127/1000.
The last entry of errorHistory is 1.000000 for index 126365, 127/1000.
Terminated at swamp 0.5.
The last entry of errorHistory is 0.500062 for index 126366, 127/1000.
Terminated at swamp 0.5.
The last entry of errorHistory is 0.500485 for index 126367, 127/1000.
Terminated at swamp 0.5.
The last entry of errorHistory is 0.500387 for index 126368, 127/1000.
The last entry of errorHistory is 0.000325 for index 126369, 127/1000.
Terminated at swamp 0.5.
The last entry of errorHistory is 0.500093 for index 126370, 127/1000.
Terminated at swamp 0.5.
The last entry of errorHistory is 0.500499 for index 126371, 127/1000.
The last entry of errorHistory is 1.000000 for index 126372, 127/1000.
Terminated at swamp 0.5.
The last entry of errorHistory is 0.500459 for index 126373, 127/1000.
The last entry of errorHistory is 0.500000 for index 126374, 127/1000.
Terminated at swamp 0.5.
The last entry of errorHistory is 0.500144 for index 126375, 127/1000.
Terminated at swamp 0.5.
The last entry of errorHistory is 0.500045 for index 126376, 127/1000.
Terminated at swamp 0.5.
The last entry of errorHistory is 0.500438 for index 126377, 127/1000.
The last entry of errorHistory is 1.000000 for index 126378, 127/1000.
The last entry of errorHistory is 1.000000 for index 126379, 127/1000.
Terminated at swamp 0.5.
The last entry of errorHistory is 0.500932 for index 126380, 127/1000.
The last entry of errorHistory is 0.500000 for index 126381, 127/1000.
Terminated at swamp 0.5.
The last entry of errorHistory is 0.500720 for index 126382, 127/1000.
Terminated at swamp 1.
The last entry of errorHistory is 1.000006 for index 126383, 127/1000.
Terminated at swamp 0.5.
The last entry of errorHistory is 0.500005 for index 126384, 127/1000.
Terminated at swamp 1.
The last entry of errorHistory is 1.000034 for index 126385, 127/1000.
The last entry of errorHistory is 1.000000 for index 126386, 127/1000.
Terminated at swamp 0.5.
The last entry of errorHistory is 0.500437 for index 126387, 127/1000.
The last entry of errorHistory is 1.500000 for index 126388, 127/1000.
Terminated at swamp 0.5.
The last entry of errorHistory is 0.500347 for index 126389, 127/1000.
The last entry of errorHistory is 1.000000 for index 126390, 127/1000.
The last entry of errorHistory is 1.000000 for index 126391, 127/1000.
Terminated at swamp 0.5.
The last entry of errorHistory is 0.500482 for index 126392, 127/1000.
Terminated at swamp 0.5.
The last entry of errorHistory is 0.500616 for index 126393, 127/1000.
The last entry of errorHistory is 0.000016 for index 126394, 127/1000.
The last entry of errorHistory is 0.000099 for index 126395, 127/1000.
Terminated at swamp 1.
The last entry of errorHistory is 1.000012 for index 126396, 127/1000.
Terminated at swamp 0.5.
The last entry of errorHistory is 0.500439 for index 126397, 127/1000.
Terminated at swamp 1.
The last entry of errorHistory is 1.000346 for index 126398, 127/1000.
The last entry of errorHistory is 0.000016 for index 126399, 127/1000.
The last entry of errorHistory is 0.500000 for index 126400, 127/1000.
Terminated at swamp 0.5.
The last entry of errorHistory is 0.500607 for index 126401, 127/1000.
Terminated at swamp 0.5.
The last entry of errorHistory is 0.500093 for index 126402, 127/1000.
Terminated at swamp 0.5.
The last entry of errorHistory is 0.500590 for index 126403, 127/1000.
The last entry of errorHistory is 0.000025 for index 126404, 127/1000.
Terminated at swamp 1.
The last entry of errorHistory is 1.000000 for index 126405, 127/1000.
Terminated at swamp 0.5.
The last entry of errorHistory is 0.500181 for index 126406, 127/1000.
Terminated at swamp 0.5.
The last entry of errorHistory is 0.500245 for index 126407, 127/1000.
The last entry of errorHistory is 0.500000 for index 126408, 127/1000.
Terminated at swamp 1.
The last entry of errorHistory is 1.000001 for index 126409, 127/1000.
Terminated at swamp 1.
The last entry of errorHistory is 1.000000 for index 126410, 127/1000.
The last entry of errorHistory is 0.000993 for index 126411, 127/1000.
Terminated at swamp 0.5.
The last entry of errorHistory is 0.500568 for index 126412, 127/1000.
Terminated at swamp 0.5.
The last entry of errorHistory is 0.500098 for index 126413, 127/1000.
Terminated at swamp 1.
The last entry of errorHistory is 1.000000 for index 126414, 127/1000.
The last entry of errorHistory is 0.500000 for index 126415, 127/1000.
Terminated at swamp 0.5.
The last entry of errorHistory is 0.500441 for index 126416, 127/1000.
Terminated at swamp 0.5.
The last entry of errorHistory is 0.500509 for index 126417, 127/1000.
Terminated at swamp 0.5.
The last entry of errorHistory is 0.500397 for index 126418, 127/1000.
Terminated at swamp 1.
The last entry of errorHistory is 1.000001 for index 126419, 127/1000.
Terminated at swamp 0.5.
The last entry of errorHistory is 0.500543 for index 126420, 127/1000.
Terminated at swamp 0.5.
The last entry of errorHistory is 0.500357 for index 126421, 127/1000.
Terminated at swamp 0.5.
The last entry of errorHistory is 0.500313 for index 126422, 127/1000.
Terminated at swamp 0.5.
The last entry of errorHistory is 0.500000 for index 126423, 127/1000.
The last entry of errorHistory is 0.000017 for index 126424, 127/1000.
Terminated at swamp 0.5.
The last entry of errorHistory is 0.500440 for index 126425, 127/1000.
The last entry of errorHistory is 0.500000 for index 126426, 127/1000.
Terminated at swamp 0.5.
The last entry of errorHistory is 0.500433 for index 126427, 127/1000.
Terminated at swamp 0.5.
The last entry of errorHistory is 0.500408 for index 126428, 127/1000.
Terminated at swamp 0.5.
The last entry of errorHistory is 0.500674 for index 126429, 127/1000.
The last entry of errorHistory is 0.500000 for index 126430, 127/1000.
Terminated at swamp 1.
The last entry of errorHistory is 1.000021 for index 126431, 127/1000.
Terminated at swamp 0.5.
The last entry of errorHistory is 0.500108 for index 126432, 127/1000.
Terminated at swamp 0.5.
The last entry of errorHistory is 0.500259 for index 126433, 127/1000.
Terminated at swamp 1.
The last entry of errorHistory is 1.000182 for index 126434, 127/1000.
Terminated at swamp 1.
The last entry of errorHistory is 1.000306 for index 126435, 127/1000.
Terminated at swamp 1.
The last entry of errorHistory is 0.999999 for index 126436, 127/1000.
The last entry of errorHistory is 1.000000 for index 126437, 127/1000.
The last entry of errorHistory is 1.000000 for index 126438, 127/1000.
Terminated at swamp 0.5.
The last entry of errorHistory is 0.500351 for index 126439, 127/1000.
The last entry of errorHistory is 0.000052 for index 126440, 127/1000.
Terminated at swamp 0.5.
The last entry of errorHistory is 0.500566 for index 126441, 127/1000.
The last entry of errorHistory is 0.000010 for index 126442, 127/1000.
Terminated at swamp 1.
The last entry of errorHistory is 1.000247 for index 126443, 127/1000.
Terminated at swamp 0.5.
The last entry of errorHistory is 0.500113 for index 126444, 127/1000.
Terminated at swamp 0.5.
The last entry of errorHistory is 0.500650 for index 126445, 127/1000.
Terminated at swamp 1.
The last entry of errorHistory is 1.000000 for index 126446, 127/1000.
Terminated at swamp 0.5.
The last entry of errorHistory is 0.500652 for index 126447, 127/1000.
Terminated at swamp 0.5.
The last entry of errorHistory is 0.500191 for index 126448, 127/1000.
Terminated at swamp 1.
The last entry of errorHistory is 1.000426 for index 126449, 127/1000.
Terminated at swamp 0.5.
The last entry of errorHistory is 0.500599 for index 126450, 127/1000.
Terminated at swamp 0.5.
The last entry of errorHistory is 0.500077 for index 126451, 127/1000.
Terminated at swamp 0.5.
The last entry of errorHistory is 0.500693 for index 126452, 127/1000.
The last entry of errorHistory is 0.000292 for index 126453, 127/1000.
The last entry of errorHistory is 1.000000 for index 126454, 127/1000.
Terminated at swamp 0.5.
The last entry of errorHistory is 0.500387 for index 126455, 127/1000.
Terminated at swamp 0.5.
The last entry of errorHistory is 0.500295 for index 126456, 127/1000.
Terminated at swamp 0.5.
The last entry of errorHistory is 0.500292 for index 126457, 127/1000.
Terminated at swamp 0.5.
The last entry of errorHistory is 0.500157 for index 126458, 127/1000.
Terminated at swamp 1.
The last entry of errorHistory is 1.000111 for index 126459, 127/1000.
Terminated at swamp 0.5.
The last entry of errorHistory is 0.500581 for index 126460, 127/1000.
Terminated at swamp 0.5.
The last entry of errorHistory is 0.500294 for index 126461, 127/1000.
The last entry of errorHistory is 1.000000 for index 126462, 127/1000.
Terminated at swamp 0.5.
The last entry of errorHistory is 0.500152 for index 126463, 127/1000.
Terminated at swamp 0.5.
The last entry of errorHistory is 0.500174 for index 126464, 127/1000.
The last entry of errorHistory is 0.001104 for index 126465, 127/1000.
Terminated at swamp 0.5.
The last entry of errorHistory is 0.500220 for index 126466, 127/1000.
Terminated at swamp 0.5.
The last entry of errorHistory is 0.500356 for index 126467, 127/1000.
The last entry of errorHistory is 0.000012 for index 126468, 127/1000.
Terminated at swamp 0.5.
The last entry of errorHistory is 0.500354 for index 126469, 127/1000.
Terminated at swamp 0.5.
The last entry of errorHistory is 0.500189 for index 126470, 127/1000.
Terminated at swamp 0.5.
The last entry of errorHistory is 0.500562 for index 126471, 127/1000.
Terminated at swamp 0.5.
The last entry of errorHistory is 0.500503 for index 126472, 127/1000.
Terminated at swamp 0.5.
The last entry of errorHistory is 0.500086 for index 126473, 127/1000.
The last entry of errorHistory is 1.000000 for index 126474, 127/1000.
Terminated at swamp 1.
The last entry of errorHistory is 1.000000 for index 126475, 127/1000.
Terminated at swamp 0.5.
The last entry of errorHistory is 0.500754 for index 126476, 127/1000.
Terminated at swamp 0.5.
The last entry of errorHistory is 0.500193 for index 126477, 127/1000.
Terminated at swamp 0.5.
The last entry of errorHistory is 0.500625 for index 126478, 127/1000.
The last entry of errorHistory is 0.000016 for index 126479, 127/1000.
The last entry of errorHistory is 0.500000 for index 126480, 127/1000.
The last entry of errorHistory is 0.500000 for index 126481, 127/1000.
The last entry of errorHistory is 0.500000 for index 126482, 127/1000.
Terminated at swamp 0.5.
The last entry of errorHistory is 0.500097 for index 126483, 127/1000.
Terminated at swamp 0.5.
The last entry of errorHistory is 0.500714 for index 126484, 127/1000.
The last entry of errorHistory is 1.000000 for index 126485, 127/1000.
The last entry of errorHistory is 1.000000 for index 126486, 127/1000.
Terminated at swamp 0.5.
The last entry of errorHistory is 0.500044 for index 126487, 127/1000.
Terminated at swamp 1.
The last entry of errorHistory is 1.000360 for index 126488, 127/1000.
Terminated at swamp 1.
The last entry of errorHistory is 1.000311 for index 126489, 127/1000.
The last entry of errorHistory is 1.000000 for index 126490, 127/1000.
Terminated at swamp 1.
The last entry of errorHistory is 1.000001 for index 126491, 127/1000.
Terminated at swamp 0.5.
The last entry of errorHistory is 0.500700 for index 126492, 127/1000.
The last entry of errorHistory is 0.000011 for index 126493, 127/1000.
The last entry of errorHistory is 0.000014 for index 126494, 127/1000.
Terminated at swamp 0.5.
The last entry of errorHistory is 0.500395 for index 126495, 127/1000.
Terminated at swamp 0.5.
The last entry of errorHistory is 0.500337 for index 126496, 127/1000.
The last entry of errorHistory is 0.500000 for index 126497, 127/1000.
The last entry of errorHistory is 1.000000 for index 126498, 127/1000.
The last entry of errorHistory is 0.000093 for index 126499, 127/1000.
Terminated at swamp 1.
The last entry of errorHistory is 1.000402 for index 126500, 127/1000.
Terminated at swamp 0.5.
The last entry of errorHistory is 0.500637 for index 126501, 127/1000.
The last entry of errorHistory is 0.500000 for index 126502, 127/1000.
The last entry of errorHistory is 0.500000 for index 126503, 127/1000.
Terminated at swamp 0.5.
The last entry of errorHistory is 0.500419 for index 126504, 127/1000.
Terminated at swamp 0.5.
The last entry of errorHistory is 0.500555 for index 126505, 127/1000.
Terminated at swamp 1.
The last entry of errorHistory is 1.000250 for index 126506, 127/1000.
Terminated at swamp 0.5.
The last entry of errorHistory is 0.500289 for index 126507, 127/1000.
Terminated at swamp 1.
The last entry of errorHistory is 1.000005 for index 126508, 127/1000.
The last entry of errorHistory is 0.000014 for index 126509, 127/1000.
Terminated at swamp 0.5.
The last entry of errorHistory is 0.500520 for index 126510, 127/1000.
Terminated at swamp 0.5.
The last entry of errorHistory is 0.500410 for index 126511, 127/1000.
The last entry of errorHistory is 0.500000 for index 126512, 127/1000.
The last entry of errorHistory is 0.500000 for index 126513, 127/1000.
The last entry of errorHistory is 0.000018 for index 126514, 127/1000.
Terminated at swamp 1.
The last entry of errorHistory is 1.000000 for index 126515, 127/1000.
Terminated at swamp 0.5.
The last entry of errorHistory is 0.500116 for index 126516, 127/1000.
Terminated at swamp 0.5.
The last entry of errorHistory is 0.500538 for index 126517, 127/1000.
Terminated at swamp 0.5.
The last entry of errorHistory is 0.500022 for index 126518, 127/1000.
Terminated at swamp 1.
The last entry of errorHistory is 1.000000 for index 126519, 127/1000.
Terminated at swamp 1.
The last entry of errorHistory is 1.000000 for index 126520, 127/1000.
Terminated at swamp 0.5.
The last entry of errorHistory is 0.500488 for index 126521, 127/1000.
Terminated at swamp 0.5.
The last entry of errorHistory is 0.500000 for index 126522, 127/1000.
The last entry of errorHistory is 1.000000 for index 126523, 127/1000.
The last entry of errorHistory is 0.000015 for index 126524, 127/1000.
Terminated at swamp 1.
The last entry of errorHistory is 1.000373 for index 126525, 127/1000.
Terminated at swamp 0.5.
The last entry of errorHistory is 0.500505 for index 126526, 127/1000.
Terminated at swamp 1.
The last entry of errorHistory is 1.000072 for index 126527, 127/1000.
Terminated at swamp 0.5.
The last entry of errorHistory is 0.500426 for index 126528, 127/1000.
The last entry of errorHistory is 0.000014 for index 126529, 127/1000.
Terminated at swamp 0.5.
The last entry of errorHistory is 0.500513 for index 126530, 127/1000.
Terminated at swamp 0.5.
The last entry of errorHistory is 0.500469 for index 126531, 127/1000.
Terminated at swamp 0.5.
The last entry of errorHistory is 0.500200 for index 126532, 127/1000.
The last entry of errorHistory is 0.500000 for index 126533, 127/1000.
The last entry of errorHistory is 1.000000 for index 126534, 127/1000.
Terminated at swamp 0.5.
The last entry of errorHistory is 0.500542 for index 126535, 127/1000.
Terminated at swamp 0.5.
The last entry of errorHistory is 0.500295 for index 126536, 127/1000.
The last entry of errorHistory is 1.500000 for index 126537, 127/1000.
The last entry of errorHistory is 0.000011 for index 126538, 127/1000.
Terminated at swamp 0.5.
The last entry of errorHistory is 0.500484 for index 126539, 127/1000.
Terminated at swamp 1.
The last entry of errorHistory is 1.000003 for index 126540, 127/1000.
Terminated at swamp 0.5.
The last entry of errorHistory is 0.500030 for index 126541, 127/1000.
Terminated at swamp 0.5.
The last entry of errorHistory is 0.500130 for index 126542, 127/1000.
The last entry of errorHistory is 1.000000 for index 126543, 127/1000.
The last entry of errorHistory is 1.000000 for index 126544, 127/1000.
The last entry of errorHistory is 1.000000 for index 126545, 127/1000.
Terminated at swamp 0.5.
The last entry of errorHistory is 0.500460 for index 126546, 127/1000.
The last entry of errorHistory is 0.500000 for index 126547, 127/1000.
The last entry of errorHistory is 0.000036 for index 126548, 127/1000.
The last entry of errorHistory is 0.000033 for index 126549, 127/1000.
Terminated at swamp 0.5.
The last entry of errorHistory is 0.500576 for index 126550, 127/1000.
Terminated at swamp 1.
The last entry of errorHistory is 1.000000 for index 126551, 127/1000.
The last entry of errorHistory is 1.000000 for index 126552, 127/1000.
Terminated at swamp 0.5.
The last entry of errorHistory is 0.500054 for index 126553, 127/1000.
The last entry of errorHistory is 0.000719 for index 126554, 127/1000.
Terminated at swamp 0.5.
The last entry of errorHistory is 0.500007 for index 126555, 127/1000.
Terminated at swamp 0.5.
The last entry of errorHistory is 0.500595 for index 126556, 127/1000.
Terminated at swamp 0.5.
The last entry of errorHistory is 0.500388 for index 126557, 127/1000.
The last entry of errorHistory is 1.000000 for index 126558, 127/1000.
Terminated at swamp 1.
The last entry of errorHistory is 1.000344 for index 126559, 127/1000.
The last entry of errorHistory is 1.000000 for index 126560, 127/1000.
Terminated at swamp 0.5.
The last entry of errorHistory is 0.500083 for index 126561, 127/1000.
The last entry of errorHistory is 1.000000 for index 126562, 127/1000.
The last entry of errorHistory is 0.000043 for index 126563, 127/1000.
Terminated at swamp 1.
The last entry of errorHistory is 1.000186 for index 126564, 127/1000.
The last entry of errorHistory is 1.000000 for index 126565, 127/1000.
Terminated at swamp 0.5.
The last entry of errorHistory is 0.500657 for index 126566, 127/1000.
The last entry of errorHistory is 1.000000 for index 126567, 127/1000.
Terminated at swamp 0.5.
The last entry of errorHistory is 0.500896 for index 126568, 127/1000.
Terminated at swamp 0.5.
The last entry of errorHistory is 0.500524 for index 126569, 127/1000.
Terminated at swamp 1.
The last entry of errorHistory is 1.000000 for index 126570, 127/1000.
Terminated at swamp 0.5.
The last entry of errorHistory is 0.500134 for index 126571, 127/1000.
The last entry of errorHistory is 1.000000 for index 126572, 127/1000.
The last entry of errorHistory is 1.000000 for index 126573, 127/1000.
Terminated at swamp 0.5.
The last entry of errorHistory is 0.500571 for index 126574, 127/1000.
The last entry of errorHistory is 0.500000 for index 126575, 127/1000.
Terminated at swamp 0.5.
The last entry of errorHistory is 0.500034 for index 126576, 127/1000.
Terminated at swamp 1.
The last entry of errorHistory is 1.000038 for index 126577, 127/1000.
Terminated at swamp 0.5.
The last entry of errorHistory is 0.500371 for index 126578, 127/1000.
Terminated at swamp 1.
The last entry of errorHistory is 1.000013 for index 126579, 127/1000.
Terminated at swamp 1.
The last entry of errorHistory is 1.000008 for index 126580, 127/1000.
Terminated at swamp 0.5.
The last entry of errorHistory is 0.500357 for index 126581, 127/1000.
The last entry of errorHistory is 0.000221 for index 126582, 127/1000.
The last entry of errorHistory is 0.000027 for index 126583, 127/1000.
The last entry of errorHistory is 1.000000 for index 126584, 127/1000.
Terminated at swamp 0.5.
The last entry of errorHistory is 0.500402 for index 126585, 127/1000.
Terminated at swamp 1.
The last entry of errorHistory is 1.000012 for index 126586, 127/1000.
The last entry of errorHistory is 0.500000 for index 126587, 127/1000.
Terminated at swamp 0.5.
The last entry of errorHistory is 0.500532 for index 126588, 127/1000.
The last entry of errorHistory is 1.000000 for index 126589, 127/1000.
The last entry of errorHistory is 0.500000 for index 126590, 127/1000.
The last entry of errorHistory is 1.000000 for index 126591, 127/1000.
Terminated at swamp 0.5.
The last entry of errorHistory is 0.500073 for index 126592, 127/1000.
Terminated at swamp 1.
The last entry of errorHistory is 1.000189 for index 126593, 127/1000.
Terminated at swamp 1.
The last entry of errorHistory is 1.000212 for index 126594, 127/1000.
Terminated at swamp 0.5.
The last entry of errorHistory is 0.500009 for index 126595, 127/1000.
Terminated at swamp 0.5.
The last entry of errorHistory is 0.500000 for index 126596, 127/1000.
Terminated at swamp 0.5.
The last entry of errorHistory is 0.500580 for index 126597, 127/1000.
The last entry of errorHistory is 0.000020 for index 126598, 127/1000.
The last entry of errorHistory is 1.500000 for index 126599, 127/1000.
Terminated at swamp 0.5.
The last entry of errorHistory is 0.500563 for index 126600, 127/1000.
Terminated at swamp 0.5.
The last entry of errorHistory is 0.500757 for index 126601, 127/1000.
Terminated at swamp 0.5.
The last entry of errorHistory is 0.500416 for index 126602, 127/1000.
Terminated at swamp 0.5.
The last entry of errorHistory is 0.500143 for index 126603, 127/1000.
The last entry of errorHistory is 1.000000 for index 126604, 127/1000.
Terminated at swamp 0.5.
The last entry of errorHistory is 0.500398 for index 126605, 127/1000.
Terminated at swamp 0.5.
The last entry of errorHistory is 0.500703 for index 126606, 127/1000.
The last entry of errorHistory is 1.000000 for index 126607, 127/1000.
Terminated at swamp 0.5.
The last entry of errorHistory is 0.500638 for index 126608, 127/1000.
The last entry of errorHistory is 1.000000 for index 126609, 127/1000.
Terminated at swamp 0.5.
The last entry of errorHistory is 0.500396 for index 126610, 127/1000.
The last entry of errorHistory is 0.000659 for index 126611, 127/1000.
Terminated at swamp 0.5.
The last entry of errorHistory is 0.500301 for index 126612, 127/1000.
The last entry of errorHistory is 0.000017 for index 126613, 127/1000.
Terminated at swamp 0.5.
The last entry of errorHistory is 0.500570 for index 126614, 127/1000.
Terminated at swamp 1.
The last entry of errorHistory is 1.000428 for index 126615, 127/1000.
Terminated at swamp 0.5.
The last entry of errorHistory is 0.500723 for index 126616, 127/1000.
The last entry of errorHistory is 0.500000 for index 126617, 127/1000.
Terminated at swamp 0.5.
The last entry of errorHistory is 0.500492 for index 126618, 127/1000.
Terminated at swamp 1.
The last entry of errorHistory is 1.000000 for index 126619, 127/1000.
Terminated at swamp 0.5.
The last entry of errorHistory is 0.500519 for index 126620, 127/1000.
The last entry of errorHistory is 0.500000 for index 126621, 127/1000.
Terminated at swamp 1.
The last entry of errorHistory is 1.000284 for index 126622, 127/1000.
The last entry of errorHistory is 1.000000 for index 126623, 127/1000.
Terminated at swamp 0.5.
The last entry of errorHistory is 0.500354 for index 126624, 127/1000.
The last entry of errorHistory is 0.000020 for index 126625, 127/1000.
The last entry of errorHistory is 1.000000 for index 126626, 127/1000.
The last entry of errorHistory is 1.000000 for index 126627, 127/1000.
Terminated at swamp 1.
The last entry of errorHistory is 1.000050 for index 126628, 127/1000.
Terminated at swamp 0.5.
The last entry of errorHistory is 0.500328 for index 126629, 127/1000.
Terminated at swamp 1.
The last entry of errorHistory is 1.000449 for index 126630, 127/1000.
The last entry of errorHistory is 1.000000 for index 126631, 127/1000.
Terminated at swamp 0.5.
The last entry of errorHistory is 0.500200 for index 126632, 127/1000.
Terminated at swamp 1.
The last entry of errorHistory is 1.000000 for index 126633, 127/1000.
The last entry of errorHistory is 1.000000 for index 126634, 127/1000.
Terminated at swamp 1.
The last entry of errorHistory is 1.000367 for index 126635, 127/1000.
The last entry of errorHistory is 1.500000 for index 126636, 127/1000.
The last entry of errorHistory is 1.000000 for index 126637, 127/1000.
Terminated at swamp 1.
The last entry of errorHistory is 1.000049 for index 126638, 127/1000.
The last entry of errorHistory is 0.000370 for index 126639, 127/1000.
Terminated at swamp 0.5.
The last entry of errorHistory is 0.500305 for index 126640, 127/1000.
Terminated at swamp 0.5.
The last entry of errorHistory is 0.500415 for index 126641, 127/1000.
Terminated at swamp 0.5.
The last entry of errorHistory is 0.500331 for index 126642, 127/1000.
The last entry of errorHistory is 0.500000 for index 126643, 127/1000.
The last entry of errorHistory is 0.500000 for index 126644, 127/1000.
The last entry of errorHistory is 1.500000 for index 126645, 127/1000.
The last entry of errorHistory is 1.000000 for index 126646, 127/1000.
The last entry of errorHistory is 0.500000 for index 126647, 127/1000.
Terminated at swamp 0.5.
The last entry of errorHistory is 0.500612 for index 126648, 127/1000.
Terminated at swamp 1.
The last entry of errorHistory is 1.000000 for index 126649, 127/1000.
The last entry of errorHistory is 0.500000 for index 126650, 127/1000.
Terminated at swamp 0.5.
The last entry of errorHistory is 0.500514 for index 126651, 127/1000.
The last entry of errorHistory is 1.000000 for index 126652, 127/1000.
Terminated at swamp 1.
The last entry of errorHistory is 1.000175 for index 126653, 127/1000.
Terminated at swamp 0.5.
The last entry of errorHistory is 0.500414 for index 126654, 127/1000.
The last entry of errorHistory is 0.001043 for index 126655, 127/1000.
Terminated at swamp 0.5.
The last entry of errorHistory is 0.500350 for index 126656, 127/1000.
The last entry of errorHistory is 0.500000 for index 126657, 127/1000.
The last entry of errorHistory is 1.000000 for index 126658, 127/1000.
Terminated at swamp 0.5.
The last entry of errorHistory is 0.500543 for index 126659, 127/1000.
Terminated at swamp 0.5.
The last entry of errorHistory is 0.500550 for index 126660, 127/1000.
Terminated at swamp 0.5.
The last entry of errorHistory is 0.500527 for index 126661, 127/1000.
Terminated at swamp 1.
The last entry of errorHistory is 1.000063 for index 126662, 127/1000.
Terminated at swamp 1.5.
The last entry of errorHistory is 1.500000 for index 126663, 127/1000.
Terminated at swamp 1.
The last entry of errorHistory is 1.000299 for index 126664, 127/1000.
The last entry of errorHistory is 0.500000 for index 126665, 127/1000.
The last entry of errorHistory is 0.000042 for index 126666, 127/1000.
The last entry of errorHistory is 1.000000 for index 126667, 127/1000.
The last entry of errorHistory is 1.000000 for index 126668, 127/1000.
The last entry of errorHistory is 1.000000 for index 126669, 127/1000.
The last entry of errorHistory is 1.000000 for index 126670, 127/1000.
The last entry of errorHistory is 1.000000 for index 126671, 127/1000.
Terminated at swamp 0.5.
The last entry of errorHistory is 0.500195 for index 126672, 127/1000.
The last entry of errorHistory is 1.000000 for index 126673, 127/1000.
Terminated at swamp 0.5.
The last entry of errorHistory is 0.500099 for index 126674, 127/1000.
Terminated at swamp 1.
The last entry of errorHistory is 1.000334 for index 126675, 127/1000.
Terminated at swamp 0.5.
The last entry of errorHistory is 0.500366 for index 126676, 127/1000.
The last entry of errorHistory is 0.000031 for index 126677, 127/1000.
Terminated at swamp 0.5.
The last entry of errorHistory is 0.500321 for index 126678, 127/1000.
The last entry of errorHistory is 1.000000 for index 126679, 127/1000.
Terminated at swamp 0.5.
The last entry of errorHistory is 0.500280 for index 126680, 127/1000.
Terminated at swamp 1.
The last entry of errorHistory is 1.000095 for index 126681, 127/1000.
Terminated at swamp 0.5.
The last entry of errorHistory is 0.500586 for index 126682, 127/1000.
The last entry of errorHistory is 0.000019 for index 126683, 127/1000.
The last entry of errorHistory is 0.000016 for index 126684, 127/1000.
The last entry of errorHistory is 1.000000 for index 126685, 127/1000.
Terminated at swamp 0.5.
The last entry of errorHistory is 0.500098 for index 126686, 127/1000.
Terminated at swamp 1.
The last entry of errorHistory is 1.000216 for index 126687, 127/1000.
Terminated at swamp 0.5.
The last entry of errorHistory is 0.500106 for index 126688, 127/1000.
Terminated at swamp 0.5.
The last entry of errorHistory is 0.500462 for index 126689, 127/1000.
The last entry of errorHistory is 1.000000 for index 126690, 127/1000.
Terminated at swamp 0.5.
The last entry of errorHistory is 0.500479 for index 126691, 127/1000.
The last entry of errorHistory is 1.500000 for index 126692, 127/1000.
Terminated at swamp 1.
The last entry of errorHistory is 1.000229 for index 126693, 127/1000.
The last entry of errorHistory is 0.000023 for index 126694, 127/1000.
Terminated at swamp 0.5.
The last entry of errorHistory is 0.500417 for index 126695, 127/1000.
The last entry of errorHistory is 1.000000 for index 126696, 127/1000.
Terminated at swamp 0.5.
The last entry of errorHistory is 0.500571 for index 126697, 127/1000.
Terminated at swamp 0.5.
The last entry of errorHistory is 0.500164 for index 126698, 127/1000.
Terminated at swamp 0.5.
The last entry of errorHistory is 0.500418 for index 126699, 127/1000.
Terminated at swamp 1.
The last entry of errorHistory is 1.000501 for index 126700, 127/1000.
Terminated at swamp 0.5.
The last entry of errorHistory is 0.500449 for index 126701, 127/1000.
The last entry of errorHistory is 1.000000 for index 126702, 127/1000.
Terminated at swamp 0.5.
The last entry of errorHistory is 0.500632 for index 126703, 127/1000.
The last entry of errorHistory is 1.000000 for index 126704, 127/1000.
The last entry of errorHistory is 1.000000 for index 126705, 127/1000.
Terminated at swamp 0.5.
The last entry of errorHistory is 0.500396 for index 126706, 127/1000.
Terminated at swamp 0.5.
The last entry of errorHistory is 0.500025 for index 126707, 127/1000.
Terminated at swamp 0.5.
The last entry of errorHistory is 0.500589 for index 126708, 127/1000.
Terminated at swamp 0.5.
The last entry of errorHistory is 0.500269 for index 126709, 127/1000.
The last entry of errorHistory is 1.500000 for index 126710, 127/1000.
Terminated at swamp 1.
The last entry of errorHistory is 1.000039 for index 126711, 127/1000.
Terminated at swamp 0.5.
The last entry of errorHistory is 0.500522 for index 126712, 127/1000.
The last entry of errorHistory is 1.500000 for index 126713, 127/1000.
Terminated at swamp 0.5.
The last entry of errorHistory is 0.500535 for index 126714, 127/1000.
The last entry of errorHistory is 1.000000 for index 126715, 127/1000.
Terminated at swamp 1.
The last entry of errorHistory is 1.000001 for index 126716, 127/1000.
Terminated at swamp 1.
The last entry of errorHistory is 1.000053 for index 126717, 127/1000.
Terminated at swamp 1.
The last entry of errorHistory is 1.000002 for index 126718, 127/1000.
Terminated at swamp 1.
The last entry of errorHistory is 0.999995 for index 126719, 127/1000.
Terminated at swamp 1.
The last entry of errorHistory is 1.000085 for index 126720, 127/1000.
Terminated at swamp 0.5.
The last entry of errorHistory is 0.500514 for index 126721, 127/1000.
The last entry of errorHistory is 1.000000 for index 126722, 127/1000.
Terminated at swamp 0.5.
The last entry of errorHistory is 0.500596 for index 126723, 127/1000.
Terminated at swamp 0.5.
The last entry of errorHistory is 0.500262 for index 126724, 127/1000.
Terminated at swamp 0.5.
The last entry of errorHistory is 0.500447 for index 126725, 127/1000.
Terminated at swamp 0.5.
The last entry of errorHistory is 0.500466 for index 126726, 127/1000.
Terminated at swamp 0.5.
The last entry of errorHistory is 0.500628 for index 126727, 127/1000.
Terminated at swamp 0.5.
The last entry of errorHistory is 0.500089 for index 126728, 127/1000.
Terminated at swamp 0.5.
The last entry of errorHistory is 0.500642 for index 126729, 127/1000.
Terminated at swamp 1.
The last entry of errorHistory is 1.000028 for index 126730, 127/1000.
Terminated at swamp 0.5.
The last entry of errorHistory is 0.500488 for index 126731, 127/1000.
Terminated at swamp 0.5.
The last entry of errorHistory is 0.500554 for index 126732, 127/1000.
Terminated at swamp 1.
The last entry of errorHistory is 1.000005 for index 126733, 127/1000.
Terminated at swamp 0.5.
The last entry of errorHistory is 0.500412 for index 126734, 127/1000.
The last entry of errorHistory is 0.500000 for index 126735, 127/1000.
Terminated at swamp 0.5.
The last entry of errorHistory is 0.500220 for index 126736, 127/1000.
Terminated at swamp 0.5.
The last entry of errorHistory is 0.500299 for index 126737, 127/1000.
Terminated at swamp 0.5.
The last entry of errorHistory is 0.500012 for index 126738, 127/1000.
Terminated at swamp 0.5.
The last entry of errorHistory is 0.500484 for index 126739, 127/1000.
The last entry of errorHistory is 0.000040 for index 126740, 127/1000.
Terminated at swamp 1.
The last entry of errorHistory is 0.999269 for index 126741, 127/1000.
Terminated at swamp 0.5.
The last entry of errorHistory is 0.500317 for index 126742, 127/1000.
Terminated at swamp 0.5.
The last entry of errorHistory is 0.500420 for index 126743, 127/1000.
Terminated at swamp 0.5.
The last entry of errorHistory is 0.500508 for index 126744, 127/1000.
Terminated at swamp 0.5.
The last entry of errorHistory is 0.500506 for index 126745, 127/1000.
Terminated at swamp 1.
The last entry of errorHistory is 1.000002 for index 126746, 127/1000.
Terminated at swamp 0.5.
The last entry of errorHistory is 0.500487 for index 126747, 127/1000.
Terminated at swamp 0.5.
The last entry of errorHistory is 0.500332 for index 126748, 127/1000.
Terminated at swamp 0.5.
The last entry of errorHistory is 0.500376 for index 126749, 127/1000.
The last entry of errorHistory is 0.000017 for index 126750, 127/1000.
Terminated at swamp 1.
The last entry of errorHistory is 1.000053 for index 126751, 127/1000.
The last entry of errorHistory is 1.500000 for index 126752, 127/1000.
Terminated at swamp 0.5.
The last entry of errorHistory is 0.500374 for index 126753, 127/1000.
Terminated at swamp 1.
The last entry of errorHistory is 1.000388 for index 126754, 127/1000.
The last entry of errorHistory is 0.000012 for index 126755, 127/1000.
The last entry of errorHistory is 0.000016 for index 126756, 127/1000.
Terminated at swamp 0.5.
The last entry of errorHistory is 0.500665 for index 126757, 127/1000.
The last entry of errorHistory is 0.000009 for index 126758, 127/1000.
The last entry of errorHistory is 1.000000 for index 126759, 127/1000.
The last entry of errorHistory is 1.000000 for index 126760, 127/1000.
Terminated at swamp 1.
The last entry of errorHistory is 1.000410 for index 126761, 127/1000.
The last entry of errorHistory is 0.000017 for index 126762, 127/1000.
Terminated at swamp 0.5.
The last entry of errorHistory is 0.500488 for index 126763, 127/1000.
The last entry of errorHistory is 0.000048 for index 126764, 127/1000.
The last entry of errorHistory is 1.000000 for index 126765, 127/1000.
Terminated at swamp 0.5.
The last entry of errorHistory is 0.500039 for index 126766, 127/1000.
Terminated at swamp 0.5.
The last entry of errorHistory is 0.500365 for index 126767, 127/1000.
Terminated at swamp 1.
The last entry of errorHistory is 1.000146 for index 126768, 127/1000.
The last entry of errorHistory is 0.000894 for index 126769, 127/1000.
The last entry of errorHistory is 0.000013 for index 126770, 127/1000.
Terminated at swamp 0.5.
The last entry of errorHistory is 0.500353 for index 126771, 127/1000.
Terminated at swamp 0.5.
The last entry of errorHistory is 0.500030 for index 126772, 127/1000.
Terminated at swamp 0.5.
The last entry of errorHistory is 0.500571 for index 126773, 127/1000.
Terminated at swamp 1.
The last entry of errorHistory is 1.000387 for index 126774, 127/1000.
Terminated at swamp 0.5.
The last entry of errorHistory is 0.500408 for index 126775, 127/1000.
The last entry of errorHistory is 1.000000 for index 126776, 127/1000.
Terminated at swamp 0.5.
The last entry of errorHistory is 0.500064 for index 126777, 127/1000.
The last entry of errorHistory is 0.001210 for index 126778, 127/1000.
Terminated at swamp 0.5.
The last entry of errorHistory is 0.500405 for index 126779, 127/1000.
Terminated at swamp 1.
The last entry of errorHistory is 1.000059 for index 126780, 127/1000.
Terminated at swamp 0.5.
The last entry of errorHistory is 0.500583 for index 126781, 127/1000.
Terminated at swamp 0.5.
The last entry of errorHistory is 0.500092 for index 126782, 127/1000.
Terminated at swamp 0.5.
The last entry of errorHistory is 0.500209 for index 126783, 127/1000.
Terminated at swamp 0.5.
The last entry of errorHistory is 0.500193 for index 126784, 127/1000.
Terminated at swamp 0.5.
The last entry of errorHistory is 0.500267 for index 126785, 127/1000.
Terminated at swamp 0.5.
The last entry of errorHistory is 0.500508 for index 126786, 127/1000.
Terminated at swamp 0.5.
The last entry of errorHistory is 0.500280 for index 126787, 127/1000.
Terminated at swamp 0.5.
The last entry of errorHistory is 0.500652 for index 126788, 127/1000.
Terminated at swamp 0.5.
The last entry of errorHistory is 0.500467 for index 126789, 127/1000.
Terminated at swamp 0.5.
The last entry of errorHistory is 0.500595 for index 126790, 127/1000.
Terminated at swamp 1.
The last entry of errorHistory is 1.000415 for index 126791, 127/1000.
Terminated at swamp 0.5.
The last entry of errorHistory is 0.500336 for index 126792, 127/1000.
The last entry of errorHistory is 0.000092 for index 126793, 127/1000.
Terminated at swamp 0.5.
The last entry of errorHistory is 0.500025 for index 126794, 127/1000.
The last entry of errorHistory is 1.000000 for index 126795, 127/1000.
Terminated at swamp 1.
The last entry of errorHistory is 1.000241 for index 126796, 127/1000.
Terminated at swamp 0.5.
The last entry of errorHistory is 0.500466 for index 126797, 127/1000.
Terminated at swamp 0.5.
The last entry of errorHistory is 0.500505 for index 126798, 127/1000.
Terminated at swamp 1.
The last entry of errorHistory is 1.000009 for index 126799, 127/1000.
Terminated at swamp 0.5.
The last entry of errorHistory is 0.500487 for index 126800, 127/1000.
Terminated at swamp 0.5.
The last entry of errorHistory is 0.500046 for index 126801, 127/1000.
The last entry of errorHistory is 0.500000 for index 126802, 127/1000.
The last entry of errorHistory is 1.000000 for index 126803, 127/1000.
The last entry of errorHistory is 1.000000 for index 126804, 127/1000.
The last entry of errorHistory is 0.000019 for index 126805, 127/1000.
Terminated at swamp 1.
The last entry of errorHistory is 1.000009 for index 126806, 127/1000.
The last entry of errorHistory is 0.000177 for index 126807, 127/1000.
The last entry of errorHistory is 0.000187 for index 126808, 127/1000.
Terminated at swamp 0.5.
The last entry of errorHistory is 0.500724 for index 126809, 127/1000.
The last entry of errorHistory is 1.000000 for index 126810, 127/1000.
Terminated at swamp 0.5.
The last entry of errorHistory is 0.500339 for index 126811, 127/1000.
The last entry of errorHistory is 1.000000 for index 126812, 127/1000.
The last entry of errorHistory is 0.000326 for index 126813, 127/1000.
The last entry of errorHistory is 1.000000 for index 126814, 127/1000.
Terminated at swamp 0.5.
The last entry of errorHistory is 0.500177 for index 126815, 127/1000.
The last entry of errorHistory is 0.000014 for index 126816, 127/1000.
Terminated at swamp 0.5.
The last entry of errorHistory is 0.500062 for index 126817, 127/1000.
Terminated at swamp 0.5.
The last entry of errorHistory is 0.500500 for index 126818, 127/1000.
Terminated at swamp 0.5.
The last entry of errorHistory is 0.500386 for index 126819, 127/1000.
Terminated at swamp 0.5.
The last entry of errorHistory is 0.500617 for index 126820, 127/1000.
Terminated at swamp 0.5.
The last entry of errorHistory is 0.500548 for index 126821, 127/1000.
Terminated at swamp 0.5.
The last entry of errorHistory is 0.500364 for index 126822, 127/1000.
Terminated at swamp 0.5.
The last entry of errorHistory is 0.500346 for index 126823, 127/1000.
Terminated at swamp 0.5.
The last entry of errorHistory is 0.500575 for index 126824, 127/1000.
The last entry of errorHistory is 1.000000 for index 126825, 127/1000.
The last entry of errorHistory is 0.000043 for index 126826, 127/1000.
The last entry of errorHistory is 0.000022 for index 126827, 127/1000.
Terminated at swamp 0.5.
The last entry of errorHistory is 0.500461 for index 126828, 127/1000.
Terminated at swamp 1.
The last entry of errorHistory is 1.000029 for index 126829, 127/1000.
The last entry of errorHistory is 0.000031 for index 126830, 127/1000.
Terminated at swamp 0.5.
The last entry of errorHistory is 0.500546 for index 126831, 127/1000.
The last entry of errorHistory is 1.000000 for index 126832, 127/1000.
The last entry of errorHistory is 0.500000 for index 126833, 127/1000.
The last entry of errorHistory is 1.000000 for index 126834, 127/1000.
Terminated at swamp 0.5.
The last entry of errorHistory is 0.500251 for index 126835, 127/1000.
Terminated at swamp 1.
The last entry of errorHistory is 1.000245 for index 126836, 127/1000.
The last entry of errorHistory is 0.000802 for index 126837, 127/1000.
Terminated at swamp 0.5.
The last entry of errorHistory is 0.500498 for index 126838, 127/1000.
The last entry of errorHistory is 1.000000 for index 126839, 127/1000.
Terminated at swamp 0.5.
The last entry of errorHistory is 0.500096 for index 126840, 127/1000.
The last entry of errorHistory is 0.500000 for index 126841, 127/1000.
The last entry of errorHistory is 0.000025 for index 126842, 127/1000.
Terminated at swamp 0.5.
The last entry of errorHistory is 0.500306 for index 126843, 127/1000.
Terminated at swamp 0.5.
The last entry of errorHistory is 0.500593 for index 126844, 127/1000.
Terminated at swamp 0.5.
The last entry of errorHistory is 0.500561 for index 126845, 127/1000.
Terminated at swamp 0.5.
The last entry of errorHistory is 0.500236 for index 126846, 127/1000.
The last entry of errorHistory is 0.000015 for index 126847, 127/1000.
Terminated at swamp 0.5.
The last entry of errorHistory is 0.500420 for index 126848, 127/1000.
Terminated at swamp 0.5.
The last entry of errorHistory is 0.500649 for index 126849, 127/1000.
The last entry of errorHistory is 0.000011 for index 126850, 127/1000.
The last entry of errorHistory is 0.500000 for index 126851, 127/1000.
The last entry of errorHistory is 1.000000 for index 126852, 127/1000.
Terminated at swamp 0.5.
The last entry of errorHistory is 0.500583 for index 126853, 127/1000.
Terminated at swamp 0.5.
The last entry of errorHistory is 0.500329 for index 126854, 127/1000.
The last entry of errorHistory is 0.001643 for index 126855, 127/1000.
The last entry of errorHistory is 1.500000 for index 126856, 127/1000.
The last entry of errorHistory is 1.000000 for index 126857, 127/1000.
The last entry of errorHistory is 1.000000 for index 126858, 127/1000.
Terminated at swamp 0.5.
The last entry of errorHistory is 0.500479 for index 126859, 127/1000.
Terminated at swamp 1.5.
The last entry of errorHistory is 1.500009 for index 126860, 127/1000.
The last entry of errorHistory is 0.000010 for index 126861, 127/1000.
The last entry of errorHistory is 0.000115 for index 126862, 127/1000.
Terminated at swamp 0.5.
The last entry of errorHistory is 0.500634 for index 126863, 127/1000.
Terminated at swamp 1.
The last entry of errorHistory is 1.000376 for index 126864, 127/1000.
Terminated at swamp 0.5.
The last entry of errorHistory is 0.500502 for index 126865, 127/1000.
Terminated at swamp 0.5.
The last entry of errorHistory is 0.500062 for index 126866, 127/1000.
Terminated at swamp 0.5.
The last entry of errorHistory is 0.500520 for index 126867, 127/1000.
The last entry of errorHistory is 1.000000 for index 126868, 127/1000.
Terminated at swamp 0.5.
The last entry of errorHistory is 0.500523 for index 126869, 127/1000.
Terminated at swamp 0.5.
The last entry of errorHistory is 0.500288 for index 126870, 127/1000.
Terminated at swamp 0.5.
The last entry of errorHistory is 0.500506 for index 126871, 127/1000.
The last entry of errorHistory is 1.000000 for index 126872, 127/1000.
Terminated at swamp 0.5.
The last entry of errorHistory is 0.500398 for index 126873, 127/1000.
Terminated at swamp 0.5.
The last entry of errorHistory is 0.500097 for index 126874, 127/1000.
Terminated at swamp 1.
The last entry of errorHistory is 1.000013 for index 126875, 127/1000.
The last entry of errorHistory is 0.000117 for index 126876, 127/1000.
Terminated at swamp 1.
The last entry of errorHistory is 1.000003 for index 126877, 127/1000.
Terminated at swamp 0.5.
The last entry of errorHistory is 0.500112 for index 126878, 127/1000.
The last entry of errorHistory is 1.000000 for index 126879, 127/1000.
Terminated at swamp 0.5.
The last entry of errorHistory is 0.500696 for index 126880, 127/1000.
Terminated at swamp 0.5.
The last entry of errorHistory is 0.500546 for index 126881, 127/1000.
The last entry of errorHistory is 0.000038 for index 126882, 127/1000.
The last entry of errorHistory is 0.000013 for index 126883, 127/1000.
The last entry of errorHistory is 1.000000 for index 126884, 127/1000.
The last entry of errorHistory is 0.000017 for index 126885, 127/1000.
The last entry of errorHistory is 1.000000 for index 126886, 127/1000.
Terminated at swamp 0.5.
The last entry of errorHistory is 0.500143 for index 126887, 127/1000.
Terminated at swamp 0.5.
The last entry of errorHistory is 0.500176 for index 126888, 127/1000.
The last entry of errorHistory is 0.000025 for index 126889, 127/1000.
Terminated at swamp 0.5.
The last entry of errorHistory is 0.500697 for index 126890, 127/1000.
Terminated at swamp 1.
The last entry of errorHistory is 1.000254 for index 126891, 127/1000.
The last entry of errorHistory is 1.000000 for index 126892, 127/1000.
The last entry of errorHistory is 0.000067 for index 126893, 127/1000.
The last entry of errorHistory is 0.000014 for index 126894, 127/1000.
Terminated at swamp 0.5.
The last entry of errorHistory is 0.500556 for index 126895, 127/1000.
The last entry of errorHistory is 0.000378 for index 126896, 127/1000.
The last entry of errorHistory is 0.000025 for index 126897, 127/1000.
Terminated at swamp 0.5.
The last entry of errorHistory is 0.500144 for index 126898, 127/1000.
Terminated at swamp 0.5.
The last entry of errorHistory is 0.500536 for index 126899, 127/1000.
Terminated at swamp 0.5.
The last entry of errorHistory is 0.500004 for index 126900, 127/1000.
The last entry of errorHistory is 0.500000 for index 126901, 127/1000.
Terminated at swamp 1.
The last entry of errorHistory is 1.000000 for index 126902, 127/1000.
The last entry of errorHistory is 0.004288 for index 126903, 127/1000.
Terminated at swamp 0.5.
The last entry of errorHistory is 0.500418 for index 126904, 127/1000.
Terminated at swamp 0.5.
The last entry of errorHistory is 0.500003 for index 126905, 127/1000.
Terminated at swamp 0.5.
The last entry of errorHistory is 0.500194 for index 126906, 127/1000.
Terminated at swamp 0.5.
The last entry of errorHistory is 0.500390 for index 126907, 127/1000.
The last entry of errorHistory is 0.000012 for index 126908, 127/1000.
The last entry of errorHistory is 1.000000 for index 126909, 127/1000.
The last entry of errorHistory is 1.000000 for index 126910, 127/1000.
Terminated at swamp 0.5.
The last entry of errorHistory is 0.500174 for index 126911, 127/1000.
Terminated at swamp 0.5.
The last entry of errorHistory is 0.500050 for index 126912, 127/1000.
Terminated at swamp 0.5.
The last entry of errorHistory is 0.500000 for index 126913, 127/1000.
Terminated at swamp 0.5.
The last entry of errorHistory is 0.500272 for index 126914, 127/1000.
Terminated at swamp 0.5.
The last entry of errorHistory is 0.500622 for index 126915, 127/1000.
The last entry of errorHistory is 1.000000 for index 126916, 127/1000.
Terminated at swamp 0.5.
The last entry of errorHistory is 0.500579 for index 126917, 127/1000.
Terminated at swamp 1.
The last entry of errorHistory is 1.000406 for index 126918, 127/1000.
The last entry of errorHistory is 0.500000 for index 126919, 127/1000.
The last entry of errorHistory is 1.500000 for index 126920, 127/1000.
Terminated at swamp 0.5.
The last entry of errorHistory is 0.500015 for index 126921, 127/1000.
The last entry of errorHistory is 1.000000 for index 126922, 127/1000.
Terminated at swamp 1.
The last entry of errorHistory is 1.000302 for index 126923, 127/1000.
The last entry of errorHistory is 0.500000 for index 126924, 127/1000.
Terminated at swamp 0.5.
The last entry of errorHistory is 0.500632 for index 126925, 127/1000.
Terminated at swamp 1.
The last entry of errorHistory is 1.000005 for index 126926, 127/1000.
Terminated at swamp 1.
The last entry of errorHistory is 1.000147 for index 126927, 127/1000.
The last entry of errorHistory is 1.000000 for index 126928, 127/1000.
The last entry of errorHistory is 1.000000 for index 126929, 127/1000.
The last entry of errorHistory is 1.000000 for index 126930, 127/1000.
Terminated at swamp 1.
The last entry of errorHistory is 1.000000 for index 126931, 127/1000.
The last entry of errorHistory is 1.000000 for index 126932, 127/1000.
Terminated at swamp 0.5.
The last entry of errorHistory is 0.500562 for index 126933, 127/1000.
Terminated at swamp 1.
The last entry of errorHistory is 1.000339 for index 126934, 127/1000.
The last entry of errorHistory is 1.000000 for index 126935, 127/1000.
The last entry of errorHistory is 0.000022 for index 126936, 127/1000.
The last entry of errorHistory is 0.000025 for index 126937, 127/1000.
Terminated at swamp 0.5.
The last entry of errorHistory is 0.500383 for index 126938, 127/1000.
The last entry of errorHistory is 0.500000 for index 126939, 127/1000.
The last entry of errorHistory is 1.000000 for index 126940, 127/1000.
Terminated at swamp 1.
The last entry of errorHistory is 1.000057 for index 126941, 127/1000.
Terminated at swamp 0.5.
The last entry of errorHistory is 0.500504 for index 126942, 127/1000.
Terminated at swamp 0.5.
The last entry of errorHistory is 0.500079 for index 126943, 127/1000.
Terminated at swamp 0.5.
The last entry of errorHistory is 0.500622 for index 126944, 127/1000.
The last entry of errorHistory is 0.500000 for index 126945, 127/1000.
Terminated at swamp 0.5.
The last entry of errorHistory is 0.500049 for index 126946, 127/1000.
Terminated at swamp 1.
The last entry of errorHistory is 1.000308 for index 126947, 127/1000.
Terminated at swamp 1.
The last entry of errorHistory is 1.000002 for index 126948, 127/1000.
The last entry of errorHistory is 0.000263 for index 126949, 127/1000.
Terminated at swamp 0.5.
The last entry of errorHistory is 0.500390 for index 126950, 127/1000.
Terminated at swamp 1.
The last entry of errorHistory is 1.000000 for index 126951, 127/1000.
The last entry of errorHistory is 0.000020 for index 126952, 127/1000.
Terminated at swamp 0.5.
The last entry of errorHistory is 0.500555 for index 126953, 127/1000.
The last entry of errorHistory is 1.000000 for index 126954, 127/1000.
The last entry of errorHistory is 0.000018 for index 126955, 127/1000.
The last entry of errorHistory is 1.000000 for index 126956, 127/1000.
Terminated at swamp 1.
The last entry of errorHistory is 1.000362 for index 126957, 127/1000.
Terminated at swamp 0.5.
The last entry of errorHistory is 0.500544 for index 126958, 127/1000.
The last entry of errorHistory is 0.000062 for index 126959, 127/1000.
The last entry of errorHistory is 0.000045 for index 126960, 127/1000.
The last entry of errorHistory is 1.000000 for index 126961, 127/1000.
Terminated at swamp 0.5.
The last entry of errorHistory is 0.500074 for index 126962, 127/1000.
Terminated at swamp 1.
The last entry of errorHistory is 1.000361 for index 126963, 127/1000.
The last entry of errorHistory is 0.000872 for index 126964, 127/1000.
Terminated at swamp 0.5.
The last entry of errorHistory is 0.500529 for index 126965, 127/1000.
Terminated at swamp 1.
The last entry of errorHistory is 1.000001 for index 126966, 127/1000.
Terminated at swamp 1.
The last entry of errorHistory is 1.000010 for index 126967, 127/1000.
Terminated at swamp 0.5.
The last entry of errorHistory is 0.500060 for index 126968, 127/1000.
Terminated at swamp 1.
The last entry of errorHistory is 1.000378 for index 126969, 127/1000.
Terminated at swamp 0.5.
The last entry of errorHistory is 0.500000 for index 126970, 127/1000.
The last entry of errorHistory is 1.000000 for index 126971, 127/1000.
The last entry of errorHistory is 1.000000 for index 126972, 127/1000.
The last entry of errorHistory is 1.000000 for index 126973, 127/1000.
Terminated at swamp 0.5.
The last entry of errorHistory is 0.500278 for index 126974, 127/1000.
Terminated at swamp 0.5.
The last entry of errorHistory is 0.500284 for index 126975, 127/1000.
The last entry of errorHistory is 1.000000 for index 126976, 127/1000.
Terminated at swamp 1.
The last entry of errorHistory is 1.000000 for index 126977, 127/1000.
Terminated at swamp 0.5.
The last entry of errorHistory is 0.500073 for index 126978, 127/1000.
Terminated at swamp 1.
The last entry of errorHistory is 1.000000 for index 126979, 127/1000.
Terminated at swamp 0.5.
The last entry of errorHistory is 0.500159 for index 126980, 127/1000.
The last entry of errorHistory is 0.500000 for index 126981, 127/1000.
Terminated at swamp 0.5.
The last entry of errorHistory is 0.500251 for index 126982, 127/1000.
Terminated at swamp 0.5.
The last entry of errorHistory is 0.500346 for index 126983, 127/1000.
The last entry of errorHistory is 1.500000 for index 126984, 127/1000.
Terminated at swamp 0.5.
The last entry of errorHistory is 0.500025 for index 126985, 127/1000.
The last entry of errorHistory is 1.000000 for index 126986, 127/1000.
Terminated at swamp 0.5.
The last entry of errorHistory is 0.500643 for index 126987, 127/1000.
Terminated at swamp 0.5.
The last entry of errorHistory is 0.500056 for index 126988, 127/1000.
The last entry of errorHistory is 1.000000 for index 126989, 127/1000.
Terminated at swamp 1.
The last entry of errorHistory is 1.000512 for index 126990, 127/1000.
Terminated at swamp 0.5.
The last entry of errorHistory is 0.500610 for index 126991, 127/1000.
Terminated at swamp 0.5.
The last entry of errorHistory is 0.500197 for index 126992, 127/1000.
The last entry of errorHistory is 1.000000 for index 126993, 127/1000.
Terminated at swamp 0.5.
The last entry of errorHistory is 0.500333 for index 126994, 127/1000.
Terminated at swamp 0.5.
The last entry of errorHistory is 0.500625 for index 126995, 127/1000.
Terminated at swamp 0.5.
The last entry of errorHistory is 0.500039 for index 126996, 127/1000.
Terminated at swamp 0.5.
The last entry of errorHistory is 0.500218 for index 126997, 127/1000.
Terminated at swamp 0.5.
The last entry of errorHistory is 0.500233 for index 126998, 127/1000.
Terminated at swamp 1.
The last entry of errorHistory is 1.000270 for index 126999, 127/1000.
Terminated at swamp 0.5.
The last entry of errorHistory is 0.500448 for index 127000, 127/1000.
