
                            < M A T L A B (R) >
                  Copyright 1984-2018 The MathWorks, Inc.
                   R2018b (9.5.0.944444) 64-bit (glnxa64)
                              August 28, 2018

 
To get started, type doc.
For product information, visit www.mathworks.com.
 
Terminated at swamp 1.
The last entry of errorHistory is 1.000339 for index 12001, 13/1000.
Terminated at swamp 0.5.
The last entry of errorHistory is 0.500615 for index 12002, 13/1000.
The last entry of errorHistory is 1.000000 for index 12003, 13/1000.
The last entry of errorHistory is 1.500000 for index 12004, 13/1000.
The last entry of errorHistory is 0.000079 for index 12005, 13/1000.
Terminated at swamp 0.5.
The last entry of errorHistory is 0.500683 for index 12006, 13/1000.
Terminated at swamp 0.5.
The last entry of errorHistory is 0.500631 for index 12007, 13/1000.
The last entry of errorHistory is 1.500000 for index 12008, 13/1000.
The last entry of errorHistory is 0.000042 for index 12009, 13/1000.
Terminated at swamp 0.5.
The last entry of errorHistory is 0.500576 for index 12010, 13/1000.
The last entry of errorHistory is 0.000012 for index 12011, 13/1000.
Terminated at swamp 0.5.
The last entry of errorHistory is 0.500518 for index 12012, 13/1000.
The last entry of errorHistory is 1.000000 for index 12013, 13/1000.
The last entry of errorHistory is 0.500000 for index 12014, 13/1000.
The last entry of errorHistory is 0.500000 for index 12015, 13/1000.
The last entry of errorHistory is 0.000038 for index 12016, 13/1000.
Terminated at swamp 0.5.
The last entry of errorHistory is 0.500542 for index 12017, 13/1000.
Terminated at swamp 0.5.
The last entry of errorHistory is 0.500262 for index 12018, 13/1000.
Terminated at swamp 0.5.
The last entry of errorHistory is 0.500296 for index 12019, 13/1000.
Terminated at swamp 1.
The last entry of errorHistory is 1.000198 for index 12020, 13/1000.
Terminated at swamp 0.5.
The last entry of errorHistory is 0.500004 for index 12021, 13/1000.
The last entry of errorHistory is 0.000041 for index 12022, 13/1000.
Terminated at swamp 0.5.
The last entry of errorHistory is 0.500312 for index 12023, 13/1000.
Terminated at swamp 0.5.
The last entry of errorHistory is 0.500389 for index 12024, 13/1000.
Terminated at swamp 1.
The last entry of errorHistory is 1.000010 for index 12025, 13/1000.
The last entry of errorHistory is 0.000013 for index 12026, 13/1000.
The last entry of errorHistory is 0.000027 for index 12027, 13/1000.
The last entry of errorHistory is 0.000017 for index 12028, 13/1000.
The last entry of errorHistory is 0.000077 for index 12029, 13/1000.
The last entry of errorHistory is 0.000914 for index 12030, 13/1000.
The last entry of errorHistory is 0.000019 for index 12031, 13/1000.
Terminated at swamp 1.
The last entry of errorHistory is 1.000377 for index 12032, 13/1000.
Terminated at swamp 0.5.
The last entry of errorHistory is 0.500342 for index 12033, 13/1000.
Terminated at swamp 0.5.
The last entry of errorHistory is 0.500158 for index 12034, 13/1000.
Terminated at swamp 0.5.
The last entry of errorHistory is 0.500131 for index 12035, 13/1000.
Terminated at swamp 0.5.
The last entry of errorHistory is 0.500512 for index 12036, 13/1000.
Terminated at swamp 0.5.
The last entry of errorHistory is 0.500549 for index 12037, 13/1000.
Terminated at swamp 1.
The last entry of errorHistory is 1.000276 for index 12038, 13/1000.
Terminated at swamp 0.5.
The last entry of errorHistory is 0.500002 for index 12039, 13/1000.
Terminated at swamp 0.5.
The last entry of errorHistory is 0.500000 for index 12040, 13/1000.
The last entry of errorHistory is 0.000069 for index 12041, 13/1000.
The last entry of errorHistory is 1.500000 for index 12042, 13/1000.
Terminated at swamp 0.5.
The last entry of errorHistory is 0.500155 for index 12043, 13/1000.
The last entry of errorHistory is 0.000426 for index 12044, 13/1000.
The last entry of errorHistory is 0.500000 for index 12045, 13/1000.
The last entry of errorHistory is 1.000000 for index 12046, 13/1000.
Terminated at swamp 0.5.
The last entry of errorHistory is 0.500636 for index 12047, 13/1000.
Terminated at swamp 1.
The last entry of errorHistory is 1.000030 for index 12048, 13/1000.
Terminated at swamp 0.5.
The last entry of errorHistory is 0.500347 for index 12049, 13/1000.
Terminated at swamp 1.
The last entry of errorHistory is 1.000411 for index 12050, 13/1000.
Terminated at swamp 0.5.
The last entry of errorHistory is 0.500485 for index 12051, 13/1000.
Terminated at swamp 0.5.
The last entry of errorHistory is 0.500056 for index 12052, 13/1000.
Terminated at swamp 0.5.
The last entry of errorHistory is 0.500491 for index 12053, 13/1000.
The last entry of errorHistory is 1.000000 for index 12054, 13/1000.
Terminated at swamp 1.
The last entry of errorHistory is 1.000050 for index 12055, 13/1000.
Terminated at swamp 0.5.
The last entry of errorHistory is 0.500042 for index 12056, 13/1000.
Terminated at swamp 0.5.
The last entry of errorHistory is 0.500574 for index 12057, 13/1000.
Terminated at swamp 0.5.
The last entry of errorHistory is 0.500516 for index 12058, 13/1000.
Terminated at swamp 0.5.
The last entry of errorHistory is 0.500451 for index 12059, 13/1000.
Terminated at swamp 0.5.
The last entry of errorHistory is 0.500003 for index 12060, 13/1000.
The last entry of errorHistory is 0.000019 for index 12061, 13/1000.
The last entry of errorHistory is 1.000000 for index 12062, 13/1000.
Terminated at swamp 0.5.
The last entry of errorHistory is 0.500441 for index 12063, 13/1000.
Terminated at swamp 0.5.
The last entry of errorHistory is 0.500331 for index 12064, 13/1000.
Terminated at swamp 0.5.
The last entry of errorHistory is 0.500713 for index 12065, 13/1000.
The last entry of errorHistory is 1.000000 for index 12066, 13/1000.
Terminated at swamp 0.5.
The last entry of errorHistory is 0.500065 for index 12067, 13/1000.
Terminated at swamp 0.5.
The last entry of errorHistory is 0.500480 for index 12068, 13/1000.
Terminated at swamp 0.5.
The last entry of errorHistory is 0.500220 for index 12069, 13/1000.
The last entry of errorHistory is 0.000691 for index 12070, 13/1000.
The last entry of errorHistory is 1.000000 for index 12071, 13/1000.
Terminated at swamp 0.5.
The last entry of errorHistory is 0.500000 for index 12072, 13/1000.
The last entry of errorHistory is 0.001106 for index 12073, 13/1000.
The last entry of errorHistory is 0.000072 for index 12074, 13/1000.
Terminated at swamp 0.5.
The last entry of errorHistory is 0.500377 for index 12075, 13/1000.
The last entry of errorHistory is 1.000000 for index 12076, 13/1000.
Terminated at swamp 0.5.
The last entry of errorHistory is 0.500149 for index 12077, 13/1000.
Terminated at swamp 1.
The last entry of errorHistory is 1.000046 for index 12078, 13/1000.
Terminated at swamp 1.
The last entry of errorHistory is 1.000261 for index 12079, 13/1000.
The last entry of errorHistory is 0.000563 for index 12080, 13/1000.
Terminated at swamp 0.5.
The last entry of errorHistory is 0.500000 for index 12081, 13/1000.
Terminated at swamp 1.
The last entry of errorHistory is 1.000000 for index 12082, 13/1000.
The last entry of errorHistory is 0.000012 for index 12083, 13/1000.
Terminated at swamp 0.5.
The last entry of errorHistory is 0.500526 for index 12084, 13/1000.
Terminated at swamp 1.
The last entry of errorHistory is 1.000002 for index 12085, 13/1000.
Terminated at swamp 0.5.
The last entry of errorHistory is 0.500347 for index 12086, 13/1000.
Terminated at swamp 0.5.
The last entry of errorHistory is 0.500259 for index 12087, 13/1000.
Terminated at swamp 1.
The last entry of errorHistory is 1.000000 for index 12088, 13/1000.
Terminated at swamp 0.5.
The last entry of errorHistory is 0.500160 for index 12089, 13/1000.
Terminated at swamp 0.5.
The last entry of errorHistory is 0.500541 for index 12090, 13/1000.
The last entry of errorHistory is 1.500000 for index 12091, 13/1000.
Terminated at swamp 0.5.
The last entry of errorHistory is 0.500539 for index 12092, 13/1000.
Terminated at swamp 1.
The last entry of errorHistory is 1.000308 for index 12093, 13/1000.
The last entry of errorHistory is 0.000010 for index 12094, 13/1000.
Terminated at swamp 1.
The last entry of errorHistory is 1.000006 for index 12095, 13/1000.
Terminated at swamp 1.
The last entry of errorHistory is 0.999751 for index 12096, 13/1000.
Terminated at swamp 0.5.
The last entry of errorHistory is 0.500011 for index 12097, 13/1000.
Terminated at swamp 0.5.
The last entry of errorHistory is 0.500565 for index 12098, 13/1000.
Terminated at swamp 0.5.
The last entry of errorHistory is 0.500363 for index 12099, 13/1000.
The last entry of errorHistory is 0.500000 for index 12100, 13/1000.
The last entry of errorHistory is 0.000020 for index 12101, 13/1000.
The last entry of errorHistory is 1.000000 for index 12102, 13/1000.
The last entry of errorHistory is 1.000000 for index 12103, 13/1000.
Terminated at swamp 0.5.
The last entry of errorHistory is 0.500633 for index 12104, 13/1000.
The last entry of errorHistory is 0.500000 for index 12105, 13/1000.
Terminated at swamp 0.5.
The last entry of errorHistory is 0.500136 for index 12106, 13/1000.
The last entry of errorHistory is 0.500000 for index 12107, 13/1000.
Terminated at swamp 0.5.
The last entry of errorHistory is 0.500501 for index 12108, 13/1000.
The last entry of errorHistory is 1.000000 for index 12109, 13/1000.
The last entry of errorHistory is 0.500000 for index 12110, 13/1000.
Terminated at swamp 1.
The last entry of errorHistory is 1.000000 for index 12111, 13/1000.
Terminated at swamp 0.5.
The last entry of errorHistory is 0.500000 for index 12112, 13/1000.
Terminated at swamp 0.5.
The last entry of errorHistory is 0.500002 for index 12113, 13/1000.
Terminated at swamp 0.5.
The last entry of errorHistory is 0.500381 for index 12114, 13/1000.
The last entry of errorHistory is 0.000027 for index 12115, 13/1000.
Terminated at swamp 0.5.
The last entry of errorHistory is 0.500144 for index 12116, 13/1000.
The last entry of errorHistory is 0.500000 for index 12117, 13/1000.
Terminated at swamp 0.5.
The last entry of errorHistory is 0.500429 for index 12118, 13/1000.
Terminated at swamp 0.5.
The last entry of errorHistory is 0.500274 for index 12119, 13/1000.
The last entry of errorHistory is 1.000000 for index 12120, 13/1000.
Terminated at swamp 1.
The last entry of errorHistory is 1.000015 for index 12121, 13/1000.
The last entry of errorHistory is 0.000031 for index 12122, 13/1000.
Terminated at swamp 0.5.
The last entry of errorHistory is 0.500845 for index 12123, 13/1000.
The last entry of errorHistory is 0.000046 for index 12124, 13/1000.
Terminated at swamp 0.5.
The last entry of errorHistory is 0.500215 for index 12125, 13/1000.
Terminated at swamp 0.5.
The last entry of errorHistory is 0.500030 for index 12126, 13/1000.
Terminated at swamp 1.
The last entry of errorHistory is 1.000011 for index 12127, 13/1000.
Terminated at swamp 1.
The last entry of errorHistory is 1.000044 for index 12128, 13/1000.
Terminated at swamp 0.5.
The last entry of errorHistory is 0.500148 for index 12129, 13/1000.
The last entry of errorHistory is 0.000019 for index 12130, 13/1000.
The last entry of errorHistory is 1.000000 for index 12131, 13/1000.
Terminated at swamp 0.5.
The last entry of errorHistory is 0.500139 for index 12132, 13/1000.
Terminated at swamp 0.5.
The last entry of errorHistory is 0.500412 for index 12133, 13/1000.
The last entry of errorHistory is 1.000000 for index 12134, 13/1000.
The last entry of errorHistory is 0.500000 for index 12135, 13/1000.
Terminated at swamp 1.
The last entry of errorHistory is 1.000183 for index 12136, 13/1000.
The last entry of errorHistory is 0.000017 for index 12137, 13/1000.
The last entry of errorHistory is 1.500000 for index 12138, 13/1000.
The last entry of errorHistory is 0.000026 for index 12139, 13/1000.
Terminated at swamp 0.5.
The last entry of errorHistory is 0.500816 for index 12140, 13/1000.
The last entry of errorHistory is 0.000015 for index 12141, 13/1000.
Terminated at swamp 0.5.
The last entry of errorHistory is 0.500213 for index 12142, 13/1000.
Terminated at swamp 0.5.
The last entry of errorHistory is 0.500367 for index 12143, 13/1000.
Terminated at swamp 0.5.
The last entry of errorHistory is 0.500118 for index 12144, 13/1000.
The last entry of errorHistory is 1.000000 for index 12145, 13/1000.
Terminated at swamp 0.5.
The last entry of errorHistory is 0.500208 for index 12146, 13/1000.
Terminated at swamp 0.5.
The last entry of errorHistory is 0.500149 for index 12147, 13/1000.
Terminated at swamp 0.5.
The last entry of errorHistory is 0.500474 for index 12148, 13/1000.
Terminated at swamp 0.5.
The last entry of errorHistory is 0.500366 for index 12149, 13/1000.
The last entry of errorHistory is 1.000000 for index 12150, 13/1000.
Terminated at swamp 0.5.
The last entry of errorHistory is 0.500494 for index 12151, 13/1000.
Terminated at swamp 0.5.
The last entry of errorHistory is 0.500504 for index 12152, 13/1000.
Terminated at swamp 1.
The last entry of errorHistory is 1.000005 for index 12153, 13/1000.
Terminated at swamp 0.5.
The last entry of errorHistory is 0.500107 for index 12154, 13/1000.
Terminated at swamp 0.5.
The last entry of errorHistory is 0.500620 for index 12155, 13/1000.
The last entry of errorHistory is 1.000000 for index 12156, 13/1000.
Terminated at swamp 0.5.
The last entry of errorHistory is 0.500267 for index 12157, 13/1000.
Terminated at swamp 0.5.
The last entry of errorHistory is 0.500649 for index 12158, 13/1000.
Terminated at swamp 0.5.
The last entry of errorHistory is 0.500492 for index 12159, 13/1000.
Terminated at swamp 0.5.
The last entry of errorHistory is 0.500655 for index 12160, 13/1000.
Terminated at swamp 0.5.
The last entry of errorHistory is 0.500034 for index 12161, 13/1000.
Terminated at swamp 0.5.
The last entry of errorHistory is 0.500468 for index 12162, 13/1000.
Terminated at swamp 1.
The last entry of errorHistory is 1.000000 for index 12163, 13/1000.
The last entry of errorHistory is 1.000000 for index 12164, 13/1000.
The last entry of errorHistory is 1.000000 for index 12165, 13/1000.
The last entry of errorHistory is 0.000468 for index 12166, 13/1000.
Terminated at swamp 1.
The last entry of errorHistory is 1.000000 for index 12167, 13/1000.
Terminated at swamp 0.5.
The last entry of errorHistory is 0.500207 for index 12168, 13/1000.
Terminated at swamp 0.5.
The last entry of errorHistory is 0.500511 for index 12169, 13/1000.
Terminated at swamp 1.5.
The last entry of errorHistory is 1.500000 for index 12170, 13/1000.
The last entry of errorHistory is 1.500000 for index 12171, 13/1000.
Terminated at swamp 0.5.
The last entry of errorHistory is 0.500424 for index 12172, 13/1000.
Terminated at swamp 1.
The last entry of errorHistory is 1.000045 for index 12173, 13/1000.
The last entry of errorHistory is 1.000000 for index 12174, 13/1000.
Terminated at swamp 0.5.
The last entry of errorHistory is 0.500108 for index 12175, 13/1000.
Terminated at swamp 0.5.
The last entry of errorHistory is 0.500331 for index 12176, 13/1000.
Terminated at swamp 0.5.
The last entry of errorHistory is 0.500580 for index 12177, 13/1000.
Terminated at swamp 1.
The last entry of errorHistory is 1.000017 for index 12178, 13/1000.
The last entry of errorHistory is 0.000028 for index 12179, 13/1000.
Terminated at swamp 0.5.
The last entry of errorHistory is 0.500552 for index 12180, 13/1000.
The last entry of errorHistory is 0.000025 for index 12181, 13/1000.
Terminated at swamp 0.5.
The last entry of errorHistory is 0.500532 for index 12182, 13/1000.
The last entry of errorHistory is 1.000000 for index 12183, 13/1000.
The last entry of errorHistory is 0.500000 for index 12184, 13/1000.
Terminated at swamp 0.5.
The last entry of errorHistory is 0.500541 for index 12185, 13/1000.
Terminated at swamp 0.5.
The last entry of errorHistory is 0.500378 for index 12186, 13/1000.
Terminated at swamp 0.5.
The last entry of errorHistory is 0.500657 for index 12187, 13/1000.
Terminated at swamp 0.5.
The last entry of errorHistory is 0.500223 for index 12188, 13/1000.
The last entry of errorHistory is 1.500000 for index 12189, 13/1000.
Terminated at swamp 0.5.
The last entry of errorHistory is 0.500536 for index 12190, 13/1000.
Terminated at swamp 0.5.
The last entry of errorHistory is 0.500525 for index 12191, 13/1000.
Terminated at swamp 0.5.
The last entry of errorHistory is 0.500356 for index 12192, 13/1000.
The last entry of errorHistory is 1.000000 for index 12193, 13/1000.
Terminated at swamp 0.5.
The last entry of errorHistory is 0.500050 for index 12194, 13/1000.
The last entry of errorHistory is 0.500000 for index 12195, 13/1000.
Terminated at swamp 1.
The last entry of errorHistory is 1.000000 for index 12196, 13/1000.
Terminated at swamp 0.5.
The last entry of errorHistory is 0.500445 for index 12197, 13/1000.
Terminated at swamp 1.
The last entry of errorHistory is 1.000340 for index 12198, 13/1000.
Terminated at swamp 0.5.
The last entry of errorHistory is 0.500323 for index 12199, 13/1000.
Terminated at swamp 0.5.
The last entry of errorHistory is 0.500493 for index 12200, 13/1000.
Terminated at swamp 0.5.
The last entry of errorHistory is 0.500275 for index 12201, 13/1000.
Terminated at swamp 0.5.
The last entry of errorHistory is 0.500031 for index 12202, 13/1000.
The last entry of errorHistory is 0.000013 for index 12203, 13/1000.
Terminated at swamp 0.5.
The last entry of errorHistory is 0.500543 for index 12204, 13/1000.
The last entry of errorHistory is 1.500000 for index 12205, 13/1000.
The last entry of errorHistory is 1.000000 for index 12206, 13/1000.
Terminated at swamp 0.5.
The last entry of errorHistory is 0.500138 for index 12207, 13/1000.
Terminated at swamp 1.
The last entry of errorHistory is 1.000229 for index 12208, 13/1000.
The last entry of errorHistory is 0.000396 for index 12209, 13/1000.
Terminated at swamp 0.5.
The last entry of errorHistory is 0.500539 for index 12210, 13/1000.
Terminated at swamp 0.5.
The last entry of errorHistory is 0.500629 for index 12211, 13/1000.
The last entry of errorHistory is 0.500000 for index 12212, 13/1000.
Terminated at swamp 0.5.
The last entry of errorHistory is 0.500436 for index 12213, 13/1000.
Terminated at swamp 0.5.
The last entry of errorHistory is 0.500535 for index 12214, 13/1000.
Terminated at swamp 0.5.
The last entry of errorHistory is 0.500626 for index 12215, 13/1000.
The last entry of errorHistory is 1.000000 for index 12216, 13/1000.
Terminated at swamp 0.5.
The last entry of errorHistory is 0.500038 for index 12217, 13/1000.
The last entry of errorHistory is 0.000009 for index 12218, 13/1000.
Terminated at swamp 0.5.
The last entry of errorHistory is 0.500097 for index 12219, 13/1000.
Terminated at swamp 0.5.
The last entry of errorHistory is 0.500656 for index 12220, 13/1000.
The last entry of errorHistory is 1.000000 for index 12221, 13/1000.
Terminated at swamp 0.5.
The last entry of errorHistory is 0.500614 for index 12222, 13/1000.
Terminated at swamp 0.5.
The last entry of errorHistory is 0.500372 for index 12223, 13/1000.
Terminated at swamp 1.
The last entry of errorHistory is 1.000000 for index 12224, 13/1000.
Terminated at swamp 0.5.
The last entry of errorHistory is 0.500001 for index 12225, 13/1000.
The last entry of errorHistory is 0.000020 for index 12226, 13/1000.
Terminated at swamp 1.
The last entry of errorHistory is 1.000497 for index 12227, 13/1000.
Terminated at swamp 0.5.
The last entry of errorHistory is 0.500732 for index 12228, 13/1000.
Terminated at swamp 0.5.
The last entry of errorHistory is 0.500089 for index 12229, 13/1000.
Terminated at swamp 0.5.
The last entry of errorHistory is 0.500492 for index 12230, 13/1000.
The last entry of errorHistory is 0.500000 for index 12231, 13/1000.
Terminated at swamp 0.5.
The last entry of errorHistory is 0.500283 for index 12232, 13/1000.
Terminated at swamp 0.5.
The last entry of errorHistory is 0.500724 for index 12233, 13/1000.
The last entry of errorHistory is 0.500000 for index 12234, 13/1000.
Terminated at swamp 0.5.
The last entry of errorHistory is 0.500071 for index 12235, 13/1000.
Terminated at swamp 0.5.
The last entry of errorHistory is 0.500052 for index 12236, 13/1000.
Terminated at swamp 1.
The last entry of errorHistory is 1.000219 for index 12237, 13/1000.
Terminated at swamp 1.
The last entry of errorHistory is 1.000036 for index 12238, 13/1000.
Terminated at swamp 0.5.
The last entry of errorHistory is 0.500504 for index 12239, 13/1000.
The last entry of errorHistory is 1.500000 for index 12240, 13/1000.
Terminated at swamp 0.5.
The last entry of errorHistory is 0.500110 for index 12241, 13/1000.
Terminated at swamp 0.5.
The last entry of errorHistory is 0.500686 for index 12242, 13/1000.
The last entry of errorHistory is 1.000000 for index 12243, 13/1000.
The last entry of errorHistory is 0.000020 for index 12244, 13/1000.
The last entry of errorHistory is 0.000042 for index 12245, 13/1000.
Terminated at swamp 1.
The last entry of errorHistory is 1.000006 for index 12246, 13/1000.
Terminated at swamp 0.5.
The last entry of errorHistory is 0.500028 for index 12247, 13/1000.
The last entry of errorHistory is 0.500000 for index 12248, 13/1000.
Terminated at swamp 0.5.
The last entry of errorHistory is 0.500289 for index 12249, 13/1000.
Terminated at swamp 0.5.
The last entry of errorHistory is 0.500389 for index 12250, 13/1000.
Terminated at swamp 1.
The last entry of errorHistory is 1.000000 for index 12251, 13/1000.
The last entry of errorHistory is 0.500000 for index 12252, 13/1000.
The last entry of errorHistory is 1.000000 for index 12253, 13/1000.
Terminated at swamp 0.5.
The last entry of errorHistory is 0.500406 for index 12254, 13/1000.
Terminated at swamp 0.5.
The last entry of errorHistory is 0.500561 for index 12255, 13/1000.
The last entry of errorHistory is 0.500000 for index 12256, 13/1000.
Terminated at swamp 0.5.
The last entry of errorHistory is 0.500429 for index 12257, 13/1000.
The last entry of errorHistory is 0.500000 for index 12258, 13/1000.
The last entry of errorHistory is 0.000026 for index 12259, 13/1000.
Terminated at swamp 1.
The last entry of errorHistory is 1.000145 for index 12260, 13/1000.
Terminated at swamp 0.5.
The last entry of errorHistory is 0.500068 for index 12261, 13/1000.
Terminated at swamp 0.5.
The last entry of errorHistory is 0.500076 for index 12262, 13/1000.
Terminated at swamp 0.5.
The last entry of errorHistory is 0.500144 for index 12263, 13/1000.
Terminated at swamp 0.5.
The last entry of errorHistory is 0.500425 for index 12264, 13/1000.
Terminated at swamp 0.5.
The last entry of errorHistory is 0.500361 for index 12265, 13/1000.
Terminated at swamp 0.5.
The last entry of errorHistory is 0.500672 for index 12266, 13/1000.
The last entry of errorHistory is 1.000000 for index 12267, 13/1000.
Terminated at swamp 0.5.
The last entry of errorHistory is 0.499928 for index 12268, 13/1000.
Terminated at swamp 0.5.
The last entry of errorHistory is 0.500119 for index 12269, 13/1000.
Terminated at swamp 0.5.
The last entry of errorHistory is 0.500515 for index 12270, 13/1000.
Terminated at swamp 1.
The last entry of errorHistory is 1.000292 for index 12271, 13/1000.
Terminated at swamp 1.
The last entry of errorHistory is 1.000405 for index 12272, 13/1000.
Terminated at swamp 1.
The last entry of errorHistory is 1.000471 for index 12273, 13/1000.
Terminated at swamp 0.5.
The last entry of errorHistory is 0.500001 for index 12274, 13/1000.
Terminated at swamp 0.5.
The last entry of errorHistory is 0.500189 for index 12275, 13/1000.
Terminated at swamp 0.5.
The last entry of errorHistory is 0.500412 for index 12276, 13/1000.
The last entry of errorHistory is 1.000000 for index 12277, 13/1000.
Terminated at swamp 0.5.
The last entry of errorHistory is 0.500428 for index 12278, 13/1000.
Terminated at swamp 0.5.
The last entry of errorHistory is 0.500244 for index 12279, 13/1000.
Terminated at swamp 0.5.
The last entry of errorHistory is 0.500672 for index 12280, 13/1000.
Terminated at swamp 0.5.
The last entry of errorHistory is 0.500296 for index 12281, 13/1000.
Terminated at swamp 0.5.
The last entry of errorHistory is 0.500558 for index 12282, 13/1000.
The last entry of errorHistory is 0.000020 for index 12283, 13/1000.
Terminated at swamp 1.
The last entry of errorHistory is 1.000075 for index 12284, 13/1000.
The last entry of errorHistory is 0.500000 for index 12285, 13/1000.
Terminated at swamp 1.
The last entry of errorHistory is 1.000392 for index 12286, 13/1000.
Terminated at swamp 0.5.
The last entry of errorHistory is 0.500557 for index 12287, 13/1000.
Terminated at swamp 0.5.
The last entry of errorHistory is 0.500640 for index 12288, 13/1000.
The last entry of errorHistory is 0.500000 for index 12289, 13/1000.
Terminated at swamp 0.5.
The last entry of errorHistory is 0.500582 for index 12290, 13/1000.
The last entry of errorHistory is 1.000000 for index 12291, 13/1000.
The last entry of errorHistory is 1.000000 for index 12292, 13/1000.
The last entry of errorHistory is 1.000000 for index 12293, 13/1000.
Terminated at swamp 0.5.
The last entry of errorHistory is 0.500320 for index 12294, 13/1000.
Terminated at swamp 0.5.
The last entry of errorHistory is 0.500750 for index 12295, 13/1000.
Terminated at swamp 0.5.
The last entry of errorHistory is 0.500289 for index 12296, 13/1000.
Terminated at swamp 1.
The last entry of errorHistory is 1.000000 for index 12297, 13/1000.
The last entry of errorHistory is 0.000009 for index 12298, 13/1000.
Terminated at swamp 0.5.
The last entry of errorHistory is 0.500330 for index 12299, 13/1000.
Terminated at swamp 1.
The last entry of errorHistory is 1.000456 for index 12300, 13/1000.
The last entry of errorHistory is 1.500000 for index 12301, 13/1000.
Terminated at swamp 0.5.
The last entry of errorHistory is 0.500028 for index 12302, 13/1000.
Terminated at swamp 0.5.
The last entry of errorHistory is 0.500128 for index 12303, 13/1000.
The last entry of errorHistory is 0.000323 for index 12304, 13/1000.
The last entry of errorHistory is 1.000000 for index 12305, 13/1000.
Terminated at swamp 0.5.
The last entry of errorHistory is 0.500346 for index 12306, 13/1000.
Terminated at swamp 1.
The last entry of errorHistory is 1.000000 for index 12307, 13/1000.
Terminated at swamp 0.5.
The last entry of errorHistory is 0.500405 for index 12308, 13/1000.
Terminated at swamp 0.5.
The last entry of errorHistory is 0.500065 for index 12309, 13/1000.
The last entry of errorHistory is 1.000000 for index 12310, 13/1000.
Terminated at swamp 1.
The last entry of errorHistory is 1.000000 for index 12311, 13/1000.
Terminated at swamp 1.
The last entry of errorHistory is 1.000010 for index 12312, 13/1000.
The last entry of errorHistory is 1.000000 for index 12313, 13/1000.
Terminated at swamp 0.5.
The last entry of errorHistory is 0.500548 for index 12314, 13/1000.
Terminated at swamp 1.
The last entry of errorHistory is 1.000111 for index 12315, 13/1000.
Terminated at swamp 1.
The last entry of errorHistory is 1.000038 for index 12316, 13/1000.
The last entry of errorHistory is 0.000022 for index 12317, 13/1000.
The last entry of errorHistory is 1.000000 for index 12318, 13/1000.
Terminated at swamp 0.5.
The last entry of errorHistory is 0.500000 for index 12319, 13/1000.
Terminated at swamp 0.5.
The last entry of errorHistory is 0.500403 for index 12320, 13/1000.
Terminated at swamp 0.5.
The last entry of errorHistory is 0.500128 for index 12321, 13/1000.
The last entry of errorHistory is 1.000000 for index 12322, 13/1000.
The last entry of errorHistory is 0.000033 for index 12323, 13/1000.
Terminated at swamp 1.
The last entry of errorHistory is 1.000442 for index 12324, 13/1000.
The last entry of errorHistory is 0.000768 for index 12325, 13/1000.
Terminated at swamp 0.5.
The last entry of errorHistory is 0.500088 for index 12326, 13/1000.
Terminated at swamp 0.5.
The last entry of errorHistory is 0.500576 for index 12327, 13/1000.
Terminated at swamp 0.5.
The last entry of errorHistory is 0.500684 for index 12328, 13/1000.
Terminated at swamp 0.5.
The last entry of errorHistory is 0.500278 for index 12329, 13/1000.
The last entry of errorHistory is 0.500000 for index 12330, 13/1000.
The last entry of errorHistory is 0.000031 for index 12331, 13/1000.
Terminated at swamp 1.
The last entry of errorHistory is 1.000128 for index 12332, 13/1000.
Terminated at swamp 0.5.
The last entry of errorHistory is 0.500540 for index 12333, 13/1000.
The last entry of errorHistory is 1.000000 for index 12334, 13/1000.
The last entry of errorHistory is 1.000000 for index 12335, 13/1000.
The last entry of errorHistory is 0.500000 for index 12336, 13/1000.
The last entry of errorHistory is 1.000000 for index 12337, 13/1000.
Terminated at swamp 1.
The last entry of errorHistory is 1.000349 for index 12338, 13/1000.
Terminated at swamp 0.5.
The last entry of errorHistory is 0.500278 for index 12339, 13/1000.
The last entry of errorHistory is 1.000000 for index 12340, 13/1000.
Terminated at swamp 0.5.
The last entry of errorHistory is 0.500250 for index 12341, 13/1000.
Terminated at swamp 0.5.
The last entry of errorHistory is 0.500405 for index 12342, 13/1000.
The last entry of errorHistory is 1.000000 for index 12343, 13/1000.
Terminated at swamp 1.
The last entry of errorHistory is 1.000469 for index 12344, 13/1000.
The last entry of errorHistory is 1.000000 for index 12345, 13/1000.
The last entry of errorHistory is 0.000040 for index 12346, 13/1000.
Terminated at swamp 0.5.
The last entry of errorHistory is 0.500288 for index 12347, 13/1000.
Terminated at swamp 0.5.
The last entry of errorHistory is 0.500254 for index 12348, 13/1000.
Terminated at swamp 0.5.
The last entry of errorHistory is 0.500093 for index 12349, 13/1000.
Terminated at swamp 0.5.
The last entry of errorHistory is 0.500518 for index 12350, 13/1000.
Terminated at swamp 0.5.
The last entry of errorHistory is 0.500559 for index 12351, 13/1000.
Terminated at swamp 0.5.
The last entry of errorHistory is 0.500736 for index 12352, 13/1000.
Terminated at swamp 0.5.
The last entry of errorHistory is 0.500544 for index 12353, 13/1000.
The last entry of errorHistory is 0.000552 for index 12354, 13/1000.
The last entry of errorHistory is 0.000020 for index 12355, 13/1000.
The last entry of errorHistory is 0.500000 for index 12356, 13/1000.
Terminated at swamp 0.5.
The last entry of errorHistory is 0.500379 for index 12357, 13/1000.
Terminated at swamp 0.5.
The last entry of errorHistory is 0.500000 for index 12358, 13/1000.
Terminated at swamp 1.
The last entry of errorHistory is 1.000304 for index 12359, 13/1000.
The last entry of errorHistory is 1.000000 for index 12360, 13/1000.
Terminated at swamp 0.5.
The last entry of errorHistory is 0.500673 for index 12361, 13/1000.
Terminated at swamp 0.5.
The last entry of errorHistory is 0.500002 for index 12362, 13/1000.
Terminated at swamp 1.
The last entry of errorHistory is 1.000000 for index 12363, 13/1000.
The last entry of errorHistory is 1.000000 for index 12364, 13/1000.
Terminated at swamp 0.5.
The last entry of errorHistory is 0.500125 for index 12365, 13/1000.
The last entry of errorHistory is 0.000112 for index 12366, 13/1000.
Terminated at swamp 1.
The last entry of errorHistory is 1.000248 for index 12367, 13/1000.
Terminated at swamp 1.
The last entry of errorHistory is 1.000069 for index 12368, 13/1000.
Terminated at swamp 1.
The last entry of errorHistory is 0.999983 for index 12369, 13/1000.
Terminated at swamp 0.5.
The last entry of errorHistory is 0.500320 for index 12370, 13/1000.
Terminated at swamp 1.
The last entry of errorHistory is 1.000000 for index 12371, 13/1000.
Terminated at swamp 0.5.
The last entry of errorHistory is 0.500349 for index 12372, 13/1000.
Terminated at swamp 0.5.
The last entry of errorHistory is 0.500460 for index 12373, 13/1000.
The last entry of errorHistory is 1.500000 for index 12374, 13/1000.
The last entry of errorHistory is 1.500000 for index 12375, 13/1000.
Terminated at swamp 1.
The last entry of errorHistory is 1.000321 for index 12376, 13/1000.
Terminated at swamp 0.5.
The last entry of errorHistory is 0.500212 for index 12377, 13/1000.
The last entry of errorHistory is 1.000000 for index 12378, 13/1000.
Terminated at swamp 1.
The last entry of errorHistory is 1.000236 for index 12379, 13/1000.
The last entry of errorHistory is 0.500000 for index 12380, 13/1000.
Terminated at swamp 0.5.
The last entry of errorHistory is 0.500070 for index 12381, 13/1000.
The last entry of errorHistory is 0.000064 for index 12382, 13/1000.
Terminated at swamp 0.5.
The last entry of errorHistory is 0.500716 for index 12383, 13/1000.
Terminated at swamp 1.
The last entry of errorHistory is 1.000264 for index 12384, 13/1000.
The last entry of errorHistory is 0.000035 for index 12385, 13/1000.
Terminated at swamp 0.5.
The last entry of errorHistory is 0.500422 for index 12386, 13/1000.
Terminated at swamp 0.5.
The last entry of errorHistory is 0.500961 for index 12387, 13/1000.
The last entry of errorHistory is 0.000570 for index 12388, 13/1000.
Terminated at swamp 1.
The last entry of errorHistory is 1.000000 for index 12389, 13/1000.
Terminated at swamp 1.
The last entry of errorHistory is 1.000273 for index 12390, 13/1000.
Terminated at swamp 0.5.
The last entry of errorHistory is 0.500497 for index 12391, 13/1000.
Terminated at swamp 0.5.
The last entry of errorHistory is 0.500794 for index 12392, 13/1000.
The last entry of errorHistory is 0.000012 for index 12393, 13/1000.
Terminated at swamp 0.5.
The last entry of errorHistory is 0.500382 for index 12394, 13/1000.
Terminated at swamp 0.5.
The last entry of errorHistory is 0.500679 for index 12395, 13/1000.
Terminated at swamp 0.5.
The last entry of errorHistory is 0.500559 for index 12396, 13/1000.
Terminated at swamp 0.5.
The last entry of errorHistory is 0.500365 for index 12397, 13/1000.
Terminated at swamp 0.5.
The last entry of errorHistory is 0.500260 for index 12398, 13/1000.
The last entry of errorHistory is 1.500000 for index 12399, 13/1000.
The last entry of errorHistory is 0.000043 for index 12400, 13/1000.
Terminated at swamp 0.5.
The last entry of errorHistory is 0.500571 for index 12401, 13/1000.
Terminated at swamp 1.
The last entry of errorHistory is 1.000004 for index 12402, 13/1000.
Terminated at swamp 1.
The last entry of errorHistory is 1.000000 for index 12403, 13/1000.
Terminated at swamp 0.5.
The last entry of errorHistory is 0.500302 for index 12404, 13/1000.
Terminated at swamp 1.
The last entry of errorHistory is 1.000323 for index 12405, 13/1000.
Terminated at swamp 0.5.
The last entry of errorHistory is 0.500273 for index 12406, 13/1000.
Terminated at swamp 0.5.
The last entry of errorHistory is 0.500196 for index 12407, 13/1000.
The last entry of errorHistory is 1.000000 for index 12408, 13/1000.
Terminated at swamp 0.5.
The last entry of errorHistory is 0.500450 for index 12409, 13/1000.
The last entry of errorHistory is 1.000000 for index 12410, 13/1000.
Terminated at swamp 0.5.
The last entry of errorHistory is 0.500398 for index 12411, 13/1000.
The last entry of errorHistory is 0.000020 for index 12412, 13/1000.
The last entry of errorHistory is 0.000662 for index 12413, 13/1000.
The last entry of errorHistory is 0.000303 for index 12414, 13/1000.
The last entry of errorHistory is 1.000000 for index 12415, 13/1000.
Terminated at swamp 1.
The last entry of errorHistory is 1.000006 for index 12416, 13/1000.
The last entry of errorHistory is 0.000015 for index 12417, 13/1000.
Terminated at swamp 0.5.
The last entry of errorHistory is 0.500308 for index 12418, 13/1000.
Terminated at swamp 1.5.
The last entry of errorHistory is 1.500000 for index 12419, 13/1000.
Terminated at swamp 0.5.
The last entry of errorHistory is 0.500363 for index 12420, 13/1000.
Terminated at swamp 0.5.
The last entry of errorHistory is 0.500394 for index 12421, 13/1000.
The last entry of errorHistory is 0.000049 for index 12422, 13/1000.
Terminated at swamp 0.5.
The last entry of errorHistory is 0.500417 for index 12423, 13/1000.
Terminated at swamp 0.5.
The last entry of errorHistory is 0.500231 for index 12424, 13/1000.
The last entry of errorHistory is 0.500000 for index 12425, 13/1000.
Terminated at swamp 1.
The last entry of errorHistory is 1.000454 for index 12426, 13/1000.
Terminated at swamp 0.5.
The last entry of errorHistory is 0.500300 for index 12427, 13/1000.
Terminated at swamp 0.5.
The last entry of errorHistory is 0.500460 for index 12428, 13/1000.
Terminated at swamp 0.5.
The last entry of errorHistory is 0.500000 for index 12429, 13/1000.
The last entry of errorHistory is 0.500000 for index 12430, 13/1000.
The last entry of errorHistory is 1.500000 for index 12431, 13/1000.
The last entry of errorHistory is 1.000000 for index 12432, 13/1000.
Terminated at swamp 0.5.
The last entry of errorHistory is 0.500450 for index 12433, 13/1000.
Terminated at swamp 0.5.
The last entry of errorHistory is 0.500570 for index 12434, 13/1000.
The last entry of errorHistory is 0.000373 for index 12435, 13/1000.
Terminated at swamp 0.5.
The last entry of errorHistory is 0.500550 for index 12436, 13/1000.
Terminated at swamp 0.5.
The last entry of errorHistory is 0.500630 for index 12437, 13/1000.
Terminated at swamp 1.
The last entry of errorHistory is 1.000432 for index 12438, 13/1000.
The last entry of errorHistory is 1.000000 for index 12439, 13/1000.
Terminated at swamp 0.5.
The last entry of errorHistory is 0.500615 for index 12440, 13/1000.
Terminated at swamp 0.5.
The last entry of errorHistory is 0.500545 for index 12441, 13/1000.
The last entry of errorHistory is 1.000000 for index 12442, 13/1000.
Terminated at swamp 0.5.
The last entry of errorHistory is 0.500338 for index 12443, 13/1000.
Terminated at swamp 0.5.
The last entry of errorHistory is 0.500241 for index 12444, 13/1000.
Terminated at swamp 1.
The last entry of errorHistory is 1.000119 for index 12445, 13/1000.
Terminated at swamp 0.5.
The last entry of errorHistory is 0.500294 for index 12446, 13/1000.
The last entry of errorHistory is 0.000017 for index 12447, 13/1000.
The last entry of errorHistory is 1.000000 for index 12448, 13/1000.
Terminated at swamp 0.5.
The last entry of errorHistory is 0.500384 for index 12449, 13/1000.
Terminated at swamp 1.
The last entry of errorHistory is 1.000000 for index 12450, 13/1000.
Terminated at swamp 0.5.
The last entry of errorHistory is 0.500036 for index 12451, 13/1000.
Terminated at swamp 1.
The last entry of errorHistory is 1.000000 for index 12452, 13/1000.
Terminated at swamp 1.
The last entry of errorHistory is 1.000000 for index 12453, 13/1000.
Terminated at swamp 0.5.
The last entry of errorHistory is 0.500409 for index 12454, 13/1000.
Terminated at swamp 1.
The last entry of errorHistory is 1.000296 for index 12455, 13/1000.
Terminated at swamp 0.5.
The last entry of errorHistory is 0.500368 for index 12456, 13/1000.
Terminated at swamp 0.5.
The last entry of errorHistory is 0.500346 for index 12457, 13/1000.
The last entry of errorHistory is 0.500000 for index 12458, 13/1000.
Terminated at swamp 1.
The last entry of errorHistory is 1.000021 for index 12459, 13/1000.
Terminated at swamp 1.
The last entry of errorHistory is 1.000002 for index 12460, 13/1000.
The last entry of errorHistory is 1.000000 for index 12461, 13/1000.
Terminated at swamp 0.5.
The last entry of errorHistory is 0.500391 for index 12462, 13/1000.
The last entry of errorHistory is 0.000028 for index 12463, 13/1000.
Terminated at swamp 1.
The last entry of errorHistory is 1.000612 for index 12464, 13/1000.
Terminated at swamp 0.5.
The last entry of errorHistory is 0.500383 for index 12465, 13/1000.
Terminated at swamp 1.
The last entry of errorHistory is 1.000032 for index 12466, 13/1000.
Terminated at swamp 1.
The last entry of errorHistory is 1.000270 for index 12467, 13/1000.
The last entry of errorHistory is 0.000026 for index 12468, 13/1000.
Terminated at swamp 0.5.
The last entry of errorHistory is 0.500465 for index 12469, 13/1000.
Terminated at swamp 0.5.
The last entry of errorHistory is 0.500170 for index 12470, 13/1000.
Terminated at swamp 1.
The last entry of errorHistory is 1.000032 for index 12471, 13/1000.
Terminated at swamp 1.
The last entry of errorHistory is 1.000036 for index 12472, 13/1000.
Terminated at swamp 0.5.
The last entry of errorHistory is 0.500000 for index 12473, 13/1000.
Terminated at swamp 0.5.
The last entry of errorHistory is 0.500493 for index 12474, 13/1000.
Terminated at swamp 1.
The last entry of errorHistory is 0.999665 for index 12475, 13/1000.
The last entry of errorHistory is 1.500000 for index 12476, 13/1000.
The last entry of errorHistory is 0.500000 for index 12477, 13/1000.
The last entry of errorHistory is 1.000000 for index 12478, 13/1000.
Terminated at swamp 0.5.
The last entry of errorHistory is 0.500600 for index 12479, 13/1000.
The last entry of errorHistory is 0.000319 for index 12480, 13/1000.
Terminated at swamp 1.
The last entry of errorHistory is 1.000134 for index 12481, 13/1000.
Terminated at swamp 0.5.
The last entry of errorHistory is 0.500511 for index 12482, 13/1000.
The last entry of errorHistory is 0.000067 for index 12483, 13/1000.
Terminated at swamp 0.5.
The last entry of errorHistory is 0.500062 for index 12484, 13/1000.
Terminated at swamp 0.5.
The last entry of errorHistory is 0.500482 for index 12485, 13/1000.
Terminated at swamp 1.
The last entry of errorHistory is 1.000000 for index 12486, 13/1000.
Terminated at swamp 0.5.
The last entry of errorHistory is 0.500473 for index 12487, 13/1000.
Terminated at swamp 0.5.
The last entry of errorHistory is 0.500839 for index 12488, 13/1000.
Terminated at swamp 0.5.
The last entry of errorHistory is 0.500491 for index 12489, 13/1000.
Terminated at swamp 0.5.
The last entry of errorHistory is 0.500008 for index 12490, 13/1000.
Terminated at swamp 0.5.
The last entry of errorHistory is 0.500242 for index 12491, 13/1000.
Terminated at swamp 1.
The last entry of errorHistory is 1.000432 for index 12492, 13/1000.
Terminated at swamp 0.5.
The last entry of errorHistory is 0.500190 for index 12493, 13/1000.
Terminated at swamp 1.
The last entry of errorHistory is 1.000197 for index 12494, 13/1000.
Terminated at swamp 0.5.
The last entry of errorHistory is 0.500474 for index 12495, 13/1000.
Terminated at swamp 0.5.
The last entry of errorHistory is 0.500460 for index 12496, 13/1000.
Terminated at swamp 0.5.
The last entry of errorHistory is 0.500066 for index 12497, 13/1000.
Terminated at swamp 1.
The last entry of errorHistory is 1.000311 for index 12498, 13/1000.
Terminated at swamp 0.5.
The last entry of errorHistory is 0.500505 for index 12499, 13/1000.
Terminated at swamp 0.5.
The last entry of errorHistory is 0.500103 for index 12500, 13/1000.
The last entry of errorHistory is 1.000000 for index 12501, 13/1000.
Terminated at swamp 1.
The last entry of errorHistory is 1.000100 for index 12502, 13/1000.
Terminated at swamp 0.5.
The last entry of errorHistory is 0.500371 for index 12503, 13/1000.
Terminated at swamp 1.
The last entry of errorHistory is 1.000001 for index 12504, 13/1000.
Terminated at swamp 0.5.
The last entry of errorHistory is 0.500012 for index 12505, 13/1000.
Terminated at swamp 0.5.
The last entry of errorHistory is 0.500000 for index 12506, 13/1000.
The last entry of errorHistory is 1.000000 for index 12507, 13/1000.
Terminated at swamp 0.5.
The last entry of errorHistory is 0.500054 for index 12508, 13/1000.
Terminated at swamp 1.
The last entry of errorHistory is 1.000107 for index 12509, 13/1000.
The last entry of errorHistory is 1.500000 for index 12510, 13/1000.
Terminated at swamp 0.5.
The last entry of errorHistory is 0.500224 for index 12511, 13/1000.
The last entry of errorHistory is 1.000000 for index 12512, 13/1000.
Terminated at swamp 0.5.
The last entry of errorHistory is 0.500349 for index 12513, 13/1000.
Terminated at swamp 0.5.
The last entry of errorHistory is 0.500540 for index 12514, 13/1000.
Terminated at swamp 1.
The last entry of errorHistory is 1.000298 for index 12515, 13/1000.
Terminated at swamp 0.5.
The last entry of errorHistory is 0.500386 for index 12516, 13/1000.
The last entry of errorHistory is 1.000000 for index 12517, 13/1000.
Terminated at swamp 1.
The last entry of errorHistory is 1.000463 for index 12518, 13/1000.
The last entry of errorHistory is 0.000017 for index 12519, 13/1000.
Terminated at swamp 0.5.
The last entry of errorHistory is 0.500434 for index 12520, 13/1000.
Terminated at swamp 0.5.
The last entry of errorHistory is 0.500003 for index 12521, 13/1000.
Terminated at swamp 0.5.
The last entry of errorHistory is 0.500456 for index 12522, 13/1000.
Terminated at swamp 1.
The last entry of errorHistory is 1.000000 for index 12523, 13/1000.
Terminated at swamp 0.5.
The last entry of errorHistory is 0.500404 for index 12524, 13/1000.
Terminated at swamp 1.
The last entry of errorHistory is 1.000000 for index 12525, 13/1000.
The last entry of errorHistory is 0.500000 for index 12526, 13/1000.
Terminated at swamp 1.
The last entry of errorHistory is 1.000000 for index 12527, 13/1000.
Terminated at swamp 1.5.
The last entry of errorHistory is 1.500000 for index 12528, 13/1000.
Terminated at swamp 0.5.
The last entry of errorHistory is 0.500145 for index 12529, 13/1000.
Terminated at swamp 0.5.
The last entry of errorHistory is 0.500051 for index 12530, 13/1000.
Terminated at swamp 0.5.
The last entry of errorHistory is 0.500234 for index 12531, 13/1000.
Terminated at swamp 1.
The last entry of errorHistory is 1.000000 for index 12532, 13/1000.
Terminated at swamp 1.
The last entry of errorHistory is 1.000000 for index 12533, 13/1000.
Terminated at swamp 0.5.
The last entry of errorHistory is 0.500393 for index 12534, 13/1000.
The last entry of errorHistory is 0.000347 for index 12535, 13/1000.
Terminated at swamp 0.5.
The last entry of errorHistory is 0.500328 for index 12536, 13/1000.
Terminated at swamp 0.5.
The last entry of errorHistory is 0.500515 for index 12537, 13/1000.
The last entry of errorHistory is 1.000000 for index 12538, 13/1000.
The last entry of errorHistory is 1.000000 for index 12539, 13/1000.
Terminated at swamp 0.5.
The last entry of errorHistory is 0.500398 for index 12540, 13/1000.
The last entry of errorHistory is 1.000000 for index 12541, 13/1000.
The last entry of errorHistory is 1.500000 for index 12542, 13/1000.
Terminated at swamp 0.5.
The last entry of errorHistory is 0.500528 for index 12543, 13/1000.
Terminated at swamp 1.
The last entry of errorHistory is 1.000154 for index 12544, 13/1000.
The last entry of errorHistory is 0.000010 for index 12545, 13/1000.
Terminated at swamp 1.
The last entry of errorHistory is 1.000001 for index 12546, 13/1000.
Terminated at swamp 0.5.
The last entry of errorHistory is 0.500526 for index 12547, 13/1000.
Terminated at swamp 1.
The last entry of errorHistory is 1.000486 for index 12548, 13/1000.
Terminated at swamp 0.5.
The last entry of errorHistory is 0.500481 for index 12549, 13/1000.
Terminated at swamp 0.5.
The last entry of errorHistory is 0.500516 for index 12550, 13/1000.
Terminated at swamp 0.5.
The last entry of errorHistory is 0.500561 for index 12551, 13/1000.
The last entry of errorHistory is 0.000046 for index 12552, 13/1000.
Terminated at swamp 1.
The last entry of errorHistory is 1.000000 for index 12553, 13/1000.
Terminated at swamp 1.
The last entry of errorHistory is 1.000371 for index 12554, 13/1000.
Terminated at swamp 0.5.
The last entry of errorHistory is 0.500340 for index 12555, 13/1000.
Terminated at swamp 1.
The last entry of errorHistory is 1.000085 for index 12556, 13/1000.
Terminated at swamp 1.
The last entry of errorHistory is 1.000054 for index 12557, 13/1000.
Terminated at swamp 0.5.
The last entry of errorHistory is 0.500459 for index 12558, 13/1000.
The last entry of errorHistory is 1.000000 for index 12559, 13/1000.
Terminated at swamp 0.5.
The last entry of errorHistory is 0.500513 for index 12560, 13/1000.
Terminated at swamp 0.5.
The last entry of errorHistory is 0.500614 for index 12561, 13/1000.
Terminated at swamp 0.5.
The last entry of errorHistory is 0.500186 for index 12562, 13/1000.
The last entry of errorHistory is 0.000012 for index 12563, 13/1000.
The last entry of errorHistory is 0.000035 for index 12564, 13/1000.
The last entry of errorHistory is 1.000000 for index 12565, 13/1000.
The last entry of errorHistory is 1.500000 for index 12566, 13/1000.
Terminated at swamp 0.5.
The last entry of errorHistory is 0.500198 for index 12567, 13/1000.
Terminated at swamp 0.5.
The last entry of errorHistory is 0.500699 for index 12568, 13/1000.
Terminated at swamp 1.
The last entry of errorHistory is 1.000000 for index 12569, 13/1000.
The last entry of errorHistory is 0.000050 for index 12570, 13/1000.
Terminated at swamp 0.5.
The last entry of errorHistory is 0.500065 for index 12571, 13/1000.
The last entry of errorHistory is 0.000023 for index 12572, 13/1000.
Terminated at swamp 0.5.
The last entry of errorHistory is 0.500443 for index 12573, 13/1000.
Terminated at swamp 1.
The last entry of errorHistory is 1.000058 for index 12574, 13/1000.
Terminated at swamp 1.
The last entry of errorHistory is 1.000371 for index 12575, 13/1000.
Terminated at swamp 0.5.
The last entry of errorHistory is 0.500228 for index 12576, 13/1000.
The last entry of errorHistory is 1.000000 for index 12577, 13/1000.
The last entry of errorHistory is 0.000008 for index 12578, 13/1000.
Terminated at swamp 0.5.
The last entry of errorHistory is 0.500520 for index 12579, 13/1000.
Terminated at swamp 0.5.
The last entry of errorHistory is 0.500364 for index 12580, 13/1000.
The last entry of errorHistory is 0.000427 for index 12581, 13/1000.
Terminated at swamp 1.
The last entry of errorHistory is 1.000025 for index 12582, 13/1000.
Terminated at swamp 0.5.
The last entry of errorHistory is 0.500466 for index 12583, 13/1000.
Terminated at swamp 0.5.
The last entry of errorHistory is 0.500438 for index 12584, 13/1000.
Terminated at swamp 0.5.
The last entry of errorHistory is 0.500280 for index 12585, 13/1000.
Terminated at swamp 0.5.
The last entry of errorHistory is 0.500143 for index 12586, 13/1000.
Terminated at swamp 0.5.
The last entry of errorHistory is 0.500135 for index 12587, 13/1000.
The last entry of errorHistory is 0.000015 for index 12588, 13/1000.
The last entry of errorHistory is 1.000000 for index 12589, 13/1000.
Terminated at swamp 0.5.
The last entry of errorHistory is 0.500489 for index 12590, 13/1000.
The last entry of errorHistory is 1.000000 for index 12591, 13/1000.
The last entry of errorHistory is 0.000025 for index 12592, 13/1000.
The last entry of errorHistory is 1.000000 for index 12593, 13/1000.
Terminated at swamp 1.
The last entry of errorHistory is 1.000363 for index 12594, 13/1000.
The last entry of errorHistory is 0.000029 for index 12595, 13/1000.
The last entry of errorHistory is 0.000016 for index 12596, 13/1000.
Terminated at swamp 0.5.
The last entry of errorHistory is 0.500628 for index 12597, 13/1000.
The last entry of errorHistory is 1.500000 for index 12598, 13/1000.
The last entry of errorHistory is 1.000000 for index 12599, 13/1000.
The last entry of errorHistory is 1.000000 for index 12600, 13/1000.
Terminated at swamp 0.5.
The last entry of errorHistory is 0.500518 for index 12601, 13/1000.
Terminated at swamp 0.5.
The last entry of errorHistory is 0.500082 for index 12602, 13/1000.
Terminated at swamp 0.5.
The last entry of errorHistory is 0.500187 for index 12603, 13/1000.
Terminated at swamp 1.
The last entry of errorHistory is 1.000004 for index 12604, 13/1000.
Terminated at swamp 1.
The last entry of errorHistory is 1.000064 for index 12605, 13/1000.
Terminated at swamp 0.5.
The last entry of errorHistory is 0.500471 for index 12606, 13/1000.
Terminated at swamp 1.
The last entry of errorHistory is 1.000723 for index 12607, 13/1000.
Terminated at swamp 0.5.
The last entry of errorHistory is 0.500079 for index 12608, 13/1000.
Terminated at swamp 0.5.
The last entry of errorHistory is 0.500261 for index 12609, 13/1000.
The last entry of errorHistory is 1.000000 for index 12610, 13/1000.
Terminated at swamp 0.5.
The last entry of errorHistory is 0.500463 for index 12611, 13/1000.
The last entry of errorHistory is 1.000000 for index 12612, 13/1000.
Terminated at swamp 1.
The last entry of errorHistory is 1.000026 for index 12613, 13/1000.
Terminated at swamp 0.5.
The last entry of errorHistory is 0.500492 for index 12614, 13/1000.
Terminated at swamp 0.5.
The last entry of errorHistory is 0.500306 for index 12615, 13/1000.
The last entry of errorHistory is 1.500000 for index 12616, 13/1000.
The last entry of errorHistory is 1.000000 for index 12617, 13/1000.
The last entry of errorHistory is 0.500000 for index 12618, 13/1000.
The last entry of errorHistory is 1.000000 for index 12619, 13/1000.
Terminated at swamp 0.5.
The last entry of errorHistory is 0.500362 for index 12620, 13/1000.
Terminated at swamp 0.5.
The last entry of errorHistory is 0.500492 for index 12621, 13/1000.
Terminated at swamp 1.
The last entry of errorHistory is 1.000461 for index 12622, 13/1000.
Terminated at swamp 0.5.
The last entry of errorHistory is 0.500262 for index 12623, 13/1000.
Terminated at swamp 0.5.
The last entry of errorHistory is 0.500091 for index 12624, 13/1000.
Terminated at swamp 0.5.
The last entry of errorHistory is 0.500000 for index 12625, 13/1000.
Terminated at swamp 0.5.
The last entry of errorHistory is 0.500443 for index 12626, 13/1000.
Terminated at swamp 0.5.
The last entry of errorHistory is 0.500458 for index 12627, 13/1000.
The last entry of errorHistory is 1.000000 for index 12628, 13/1000.
Terminated at swamp 0.5.
The last entry of errorHistory is 0.500160 for index 12629, 13/1000.
The last entry of errorHistory is 0.000364 for index 12630, 13/1000.
Terminated at swamp 1.
The last entry of errorHistory is 1.000365 for index 12631, 13/1000.
Terminated at swamp 1.
The last entry of errorHistory is 1.000005 for index 12632, 13/1000.
Terminated at swamp 0.5.
The last entry of errorHistory is 0.500108 for index 12633, 13/1000.
The last entry of errorHistory is 1.500000 for index 12634, 13/1000.
Terminated at swamp 0.5.
The last entry of errorHistory is 0.500615 for index 12635, 13/1000.
Terminated at swamp 0.5.
The last entry of errorHistory is 0.500484 for index 12636, 13/1000.
Terminated at swamp 0.5.
The last entry of errorHistory is 0.500587 for index 12637, 13/1000.
Terminated at swamp 0.5.
The last entry of errorHistory is 0.500170 for index 12638, 13/1000.
The last entry of errorHistory is 1.000000 for index 12639, 13/1000.
The last entry of errorHistory is 1.000000 for index 12640, 13/1000.
The last entry of errorHistory is 1.000000 for index 12641, 13/1000.
The last entry of errorHistory is 1.000000 for index 12642, 13/1000.
The last entry of errorHistory is 1.000000 for index 12643, 13/1000.
Terminated at swamp 0.5.
The last entry of errorHistory is 0.500131 for index 12644, 13/1000.
Terminated at swamp 0.5.
The last entry of errorHistory is 0.500338 for index 12645, 13/1000.
Terminated at swamp 0.5.
The last entry of errorHistory is 0.500527 for index 12646, 13/1000.
Terminated at swamp 0.5.
The last entry of errorHistory is 0.500927 for index 12647, 13/1000.
Terminated at swamp 0.5.
The last entry of errorHistory is 0.500100 for index 12648, 13/1000.
The last entry of errorHistory is 0.000562 for index 12649, 13/1000.
Terminated at swamp 0.5.
The last entry of errorHistory is 0.500698 for index 12650, 13/1000.
Terminated at swamp 0.5.
The last entry of errorHistory is 0.500346 for index 12651, 13/1000.
Terminated at swamp 0.5.
The last entry of errorHistory is 0.500176 for index 12652, 13/1000.
Terminated at swamp 1.
The last entry of errorHistory is 1.000096 for index 12653, 13/1000.
The last entry of errorHistory is 1.000000 for index 12654, 13/1000.
Terminated at swamp 0.5.
The last entry of errorHistory is 0.500398 for index 12655, 13/1000.
Terminated at swamp 0.5.
The last entry of errorHistory is 0.500067 for index 12656, 13/1000.
The last entry of errorHistory is 1.500000 for index 12657, 13/1000.
The last entry of errorHistory is 0.000014 for index 12658, 13/1000.
Terminated at swamp 0.5.
The last entry of errorHistory is 0.500403 for index 12659, 13/1000.
The last entry of errorHistory is 0.000088 for index 12660, 13/1000.
The last entry of errorHistory is 1.000000 for index 12661, 13/1000.
Terminated at swamp 1.5.
The last entry of errorHistory is 1.500076 for index 12662, 13/1000.
Terminated at swamp 1.
The last entry of errorHistory is 1.000014 for index 12663, 13/1000.
Terminated at swamp 0.5.
The last entry of errorHistory is 0.500447 for index 12664, 13/1000.
Terminated at swamp 0.5.
The last entry of errorHistory is 0.500407 for index 12665, 13/1000.
Terminated at swamp 0.5.
The last entry of errorHistory is 0.500541 for index 12666, 13/1000.
Terminated at swamp 0.5.
The last entry of errorHistory is 0.500095 for index 12667, 13/1000.
Terminated at swamp 0.5.
The last entry of errorHistory is 0.500257 for index 12668, 13/1000.
Terminated at swamp 0.5.
The last entry of errorHistory is 0.500643 for index 12669, 13/1000.
Terminated at swamp 0.5.
The last entry of errorHistory is 0.500305 for index 12670, 13/1000.
The last entry of errorHistory is 1.500000 for index 12671, 13/1000.
The last entry of errorHistory is 1.000000 for index 12672, 13/1000.
Terminated at swamp 0.5.
The last entry of errorHistory is 0.500380 for index 12673, 13/1000.
Terminated at swamp 0.5.
The last entry of errorHistory is 0.500159 for index 12674, 13/1000.
The last entry of errorHistory is 0.000391 for index 12675, 13/1000.
The last entry of errorHistory is 1.000000 for index 12676, 13/1000.
Terminated at swamp 0.5.
The last entry of errorHistory is 0.500576 for index 12677, 13/1000.
Terminated at swamp 0.5.
The last entry of errorHistory is 0.500647 for index 12678, 13/1000.
Terminated at swamp 0.5.
The last entry of errorHistory is 0.500641 for index 12679, 13/1000.
Terminated at swamp 0.5.
The last entry of errorHistory is 0.500353 for index 12680, 13/1000.
Terminated at swamp 0.5.
The last entry of errorHistory is 0.500417 for index 12681, 13/1000.
Terminated at swamp 0.5.
The last entry of errorHistory is 0.500584 for index 12682, 13/1000.
Terminated at swamp 0.5.
The last entry of errorHistory is 0.500636 for index 12683, 13/1000.
Terminated at swamp 1.
The last entry of errorHistory is 1.000409 for index 12684, 13/1000.
Terminated at swamp 1.
The last entry of errorHistory is 1.000267 for index 12685, 13/1000.
Terminated at swamp 0.5.
The last entry of errorHistory is 0.500084 for index 12686, 13/1000.
Terminated at swamp 0.5.
The last entry of errorHistory is 0.500434 for index 12687, 13/1000.
Terminated at swamp 1.
The last entry of errorHistory is 1.000099 for index 12688, 13/1000.
The last entry of errorHistory is 0.000878 for index 12689, 13/1000.
The last entry of errorHistory is 0.001135 for index 12690, 13/1000.
The last entry of errorHistory is 1.000000 for index 12691, 13/1000.
Terminated at swamp 0.5.
The last entry of errorHistory is 0.500893 for index 12692, 13/1000.
Terminated at swamp 1.
The last entry of errorHistory is 1.000101 for index 12693, 13/1000.
Terminated at swamp 1.
The last entry of errorHistory is 1.000512 for index 12694, 13/1000.
Terminated at swamp 0.5.
The last entry of errorHistory is 0.500519 for index 12695, 13/1000.
The last entry of errorHistory is 0.000046 for index 12696, 13/1000.
Terminated at swamp 0.5.
The last entry of errorHistory is 0.500300 for index 12697, 13/1000.
Terminated at swamp 0.5.
The last entry of errorHistory is 0.500580 for index 12698, 13/1000.
Terminated at swamp 0.5.
The last entry of errorHistory is 0.500456 for index 12699, 13/1000.
The last entry of errorHistory is 1.000000 for index 12700, 13/1000.
The last entry of errorHistory is 0.000008 for index 12701, 13/1000.
Terminated at swamp 0.5.
The last entry of errorHistory is 0.500127 for index 12702, 13/1000.
Terminated at swamp 0.5.
The last entry of errorHistory is 0.500426 for index 12703, 13/1000.
Terminated at swamp 0.5.
The last entry of errorHistory is 0.500862 for index 12704, 13/1000.
The last entry of errorHistory is 1.000000 for index 12705, 13/1000.
Terminated at swamp 0.5.
The last entry of errorHistory is 0.500449 for index 12706, 13/1000.
Terminated at swamp 0.5.
The last entry of errorHistory is 0.500304 for index 12707, 13/1000.
Terminated at swamp 0.5.
The last entry of errorHistory is 0.500478 for index 12708, 13/1000.
Terminated at swamp 1.
The last entry of errorHistory is 1.000051 for index 12709, 13/1000.
Terminated at swamp 1.
The last entry of errorHistory is 1.000000 for index 12710, 13/1000.
The last entry of errorHistory is 1.000000 for index 12711, 13/1000.
The last entry of errorHistory is 0.500000 for index 12712, 13/1000.
Terminated at swamp 0.5.
The last entry of errorHistory is 0.500220 for index 12713, 13/1000.
Terminated at swamp 0.5.
The last entry of errorHistory is 0.500065 for index 12714, 13/1000.
The last entry of errorHistory is 0.500000 for index 12715, 13/1000.
The last entry of errorHistory is 0.000552 for index 12716, 13/1000.
Terminated at swamp 0.5.
The last entry of errorHistory is 0.500578 for index 12717, 13/1000.
Terminated at swamp 0.5.
The last entry of errorHistory is 0.500533 for index 12718, 13/1000.
The last entry of errorHistory is 1.000000 for index 12719, 13/1000.
The last entry of errorHistory is 0.000095 for index 12720, 13/1000.
Terminated at swamp 0.5.
The last entry of errorHistory is 0.500336 for index 12721, 13/1000.
Terminated at swamp 1.
The last entry of errorHistory is 1.000187 for index 12722, 13/1000.
The last entry of errorHistory is 1.000000 for index 12723, 13/1000.
Terminated at swamp 0.5.
The last entry of errorHistory is 0.500049 for index 12724, 13/1000.
Terminated at swamp 0.5.
The last entry of errorHistory is 0.500132 for index 12725, 13/1000.
Terminated at swamp 0.5.
The last entry of errorHistory is 0.500053 for index 12726, 13/1000.
Terminated at swamp 0.5.
The last entry of errorHistory is 0.500482 for index 12727, 13/1000.
Terminated at swamp 0.5.
The last entry of errorHistory is 0.500000 for index 12728, 13/1000.
Terminated at swamp 0.5.
The last entry of errorHistory is 0.500176 for index 12729, 13/1000.
Terminated at swamp 0.5.
The last entry of errorHistory is 0.500484 for index 12730, 13/1000.
The last entry of errorHistory is 0.500000 for index 12731, 13/1000.
Terminated at swamp 0.5.
The last entry of errorHistory is 0.500670 for index 12732, 13/1000.
Terminated at swamp 1.
The last entry of errorHistory is 1.000073 for index 12733, 13/1000.
Terminated at swamp 0.5.
The last entry of errorHistory is 0.500361 for index 12734, 13/1000.
Terminated at swamp 0.5.
The last entry of errorHistory is 0.500648 for index 12735, 13/1000.
Terminated at swamp 1.
The last entry of errorHistory is 1.000184 for index 12736, 13/1000.
Terminated at swamp 0.5.
The last entry of errorHistory is 0.500384 for index 12737, 13/1000.
Terminated at swamp 1.
The last entry of errorHistory is 1.000000 for index 12738, 13/1000.
Terminated at swamp 0.5.
The last entry of errorHistory is 0.500003 for index 12739, 13/1000.
Terminated at swamp 0.5.
The last entry of errorHistory is 0.500051 for index 12740, 13/1000.
Terminated at swamp 1.
The last entry of errorHistory is 1.000143 for index 12741, 13/1000.
The last entry of errorHistory is 1.000000 for index 12742, 13/1000.
Terminated at swamp 1.
The last entry of errorHistory is 1.000063 for index 12743, 13/1000.
The last entry of errorHistory is 0.500000 for index 12744, 13/1000.
Terminated at swamp 0.5.
The last entry of errorHistory is 0.500334 for index 12745, 13/1000.
The last entry of errorHistory is 0.000046 for index 12746, 13/1000.
Terminated at swamp 1.
The last entry of errorHistory is 1.000023 for index 12747, 13/1000.
Terminated at swamp 0.5.
The last entry of errorHistory is 0.500358 for index 12748, 13/1000.
Terminated at swamp 1.
The last entry of errorHistory is 0.999301 for index 12749, 13/1000.
Terminated at swamp 1.
The last entry of errorHistory is 1.000011 for index 12750, 13/1000.
The last entry of errorHistory is 1.000000 for index 12751, 13/1000.
Terminated at swamp 0.5.
The last entry of errorHistory is 0.500321 for index 12752, 13/1000.
Terminated at swamp 0.5.
The last entry of errorHistory is 0.500514 for index 12753, 13/1000.
Terminated at swamp 0.5.
The last entry of errorHistory is 0.500513 for index 12754, 13/1000.
The last entry of errorHistory is 1.000000 for index 12755, 13/1000.
Terminated at swamp 0.5.
The last entry of errorHistory is 0.500427 for index 12756, 13/1000.
Terminated at swamp 0.5.
The last entry of errorHistory is 0.500374 for index 12757, 13/1000.
Terminated at swamp 1.
The last entry of errorHistory is 1.000004 for index 12758, 13/1000.
Terminated at swamp 0.5.
The last entry of errorHistory is 0.500569 for index 12759, 13/1000.
Terminated at swamp 0.5.
The last entry of errorHistory is 0.500843 for index 12760, 13/1000.
The last entry of errorHistory is 0.000124 for index 12761, 13/1000.
Terminated at swamp 0.5.
The last entry of errorHistory is 0.500659 for index 12762, 13/1000.
Terminated at swamp 0.5.
The last entry of errorHistory is 0.500582 for index 12763, 13/1000.
Terminated at swamp 1.
The last entry of errorHistory is 0.999771 for index 12764, 13/1000.
Terminated at swamp 0.5.
The last entry of errorHistory is 0.500187 for index 12765, 13/1000.
Terminated at swamp 0.5.
The last entry of errorHistory is 0.500524 for index 12766, 13/1000.
Terminated at swamp 0.5.
The last entry of errorHistory is 0.500161 for index 12767, 13/1000.
Terminated at swamp 0.5.
The last entry of errorHistory is 0.500397 for index 12768, 13/1000.
Terminated at swamp 0.5.
The last entry of errorHistory is 0.500452 for index 12769, 13/1000.
Terminated at swamp 0.5.
The last entry of errorHistory is 0.500068 for index 12770, 13/1000.
Terminated at swamp 0.5.
The last entry of errorHistory is 0.500677 for index 12771, 13/1000.
The last entry of errorHistory is 0.000026 for index 12772, 13/1000.
Terminated at swamp 0.5.
The last entry of errorHistory is 0.500137 for index 12773, 13/1000.
Terminated at swamp 1.
The last entry of errorHistory is 1.000404 for index 12774, 13/1000.
The last entry of errorHistory is 1.000000 for index 12775, 13/1000.
Terminated at swamp 0.5.
The last entry of errorHistory is 0.500488 for index 12776, 13/1000.
Terminated at swamp 0.5.
The last entry of errorHistory is 0.500248 for index 12777, 13/1000.
Terminated at swamp 1.
The last entry of errorHistory is 1.000448 for index 12778, 13/1000.
Terminated at swamp 1.
The last entry of errorHistory is 1.000398 for index 12779, 13/1000.
The last entry of errorHistory is 1.000000 for index 12780, 13/1000.
The last entry of errorHistory is 0.000046 for index 12781, 13/1000.
The last entry of errorHistory is 0.500000 for index 12782, 13/1000.
Terminated at swamp 0.5.
The last entry of errorHistory is 0.500038 for index 12783, 13/1000.
The last entry of errorHistory is 0.500000 for index 12784, 13/1000.
The last entry of errorHistory is 1.000000 for index 12785, 13/1000.
Terminated at swamp 0.5.
The last entry of errorHistory is 0.500353 for index 12786, 13/1000.
Terminated at swamp 0.5.
The last entry of errorHistory is 0.500023 for index 12787, 13/1000.
The last entry of errorHistory is 1.000000 for index 12788, 13/1000.
Terminated at swamp 0.5.
The last entry of errorHistory is 0.500480 for index 12789, 13/1000.
The last entry of errorHistory is 0.000024 for index 12790, 13/1000.
Terminated at swamp 0.5.
The last entry of errorHistory is 0.500409 for index 12791, 13/1000.
The last entry of errorHistory is 1.000000 for index 12792, 13/1000.
Terminated at swamp 1.
The last entry of errorHistory is 1.000435 for index 12793, 13/1000.
The last entry of errorHistory is 1.000000 for index 12794, 13/1000.
The last entry of errorHistory is 1.000000 for index 12795, 13/1000.
Terminated at swamp 1.
The last entry of errorHistory is 1.000001 for index 12796, 13/1000.
The last entry of errorHistory is 1.000000 for index 12797, 13/1000.
Terminated at swamp 1.
The last entry of errorHistory is 1.000001 for index 12798, 13/1000.
The last entry of errorHistory is 1.000000 for index 12799, 13/1000.
Terminated at swamp 0.5.
The last entry of errorHistory is 0.500274 for index 12800, 13/1000.
The last entry of errorHistory is 0.000368 for index 12801, 13/1000.
Terminated at swamp 0.5.
The last entry of errorHistory is 0.500115 for index 12802, 13/1000.
Terminated at swamp 0.5.
The last entry of errorHistory is 0.500337 for index 12803, 13/1000.
The last entry of errorHistory is 0.000029 for index 12804, 13/1000.
Terminated at swamp 0.5.
The last entry of errorHistory is 0.500417 for index 12805, 13/1000.
The last entry of errorHistory is 1.000000 for index 12806, 13/1000.
Terminated at swamp 0.5.
The last entry of errorHistory is 0.500424 for index 12807, 13/1000.
The last entry of errorHistory is 1.000000 for index 12808, 13/1000.
Terminated at swamp 0.5.
The last entry of errorHistory is 0.500274 for index 12809, 13/1000.
Terminated at swamp 0.5.
The last entry of errorHistory is 0.500062 for index 12810, 13/1000.
Terminated at swamp 0.5.
The last entry of errorHistory is 0.500474 for index 12811, 13/1000.
Terminated at swamp 1.
The last entry of errorHistory is 1.000000 for index 12812, 13/1000.
Terminated at swamp 0.5.
The last entry of errorHistory is 0.500499 for index 12813, 13/1000.
Terminated at swamp 0.5.
The last entry of errorHistory is 0.499943 for index 12814, 13/1000.
Terminated at swamp 0.5.
The last entry of errorHistory is 0.500634 for index 12815, 13/1000.
Terminated at swamp 1.
The last entry of errorHistory is 1.000010 for index 12816, 13/1000.
The last entry of errorHistory is 0.000023 for index 12817, 13/1000.
Terminated at swamp 1.
The last entry of errorHistory is 1.000321 for index 12818, 13/1000.
The last entry of errorHistory is 0.001454 for index 12819, 13/1000.
Terminated at swamp 0.5.
The last entry of errorHistory is 0.500751 for index 12820, 13/1000.
Terminated at swamp 0.5.
The last entry of errorHistory is 0.500516 for index 12821, 13/1000.
The last entry of errorHistory is 1.000000 for index 12822, 13/1000.
Terminated at swamp 1.
The last entry of errorHistory is 0.999790 for index 12823, 13/1000.
Terminated at swamp 0.5.
The last entry of errorHistory is 0.500326 for index 12824, 13/1000.
Terminated at swamp 1.
The last entry of errorHistory is 1.000390 for index 12825, 13/1000.
Terminated at swamp 1.
The last entry of errorHistory is 1.000016 for index 12826, 13/1000.
Terminated at swamp 1.
The last entry of errorHistory is 1.000340 for index 12827, 13/1000.
Terminated at swamp 0.5.
The last entry of errorHistory is 0.500957 for index 12828, 13/1000.
The last entry of errorHistory is 0.000054 for index 12829, 13/1000.
The last entry of errorHistory is 0.000028 for index 12830, 13/1000.
Terminated at swamp 0.5.
The last entry of errorHistory is 0.500379 for index 12831, 13/1000.
The last entry of errorHistory is 0.500000 for index 12832, 13/1000.
The last entry of errorHistory is 1.000000 for index 12833, 13/1000.
Terminated at swamp 1.
The last entry of errorHistory is 1.000000 for index 12834, 13/1000.
Terminated at swamp 0.5.
The last entry of errorHistory is 0.500168 for index 12835, 13/1000.
The last entry of errorHistory is 0.000012 for index 12836, 13/1000.
Terminated at swamp 0.5.
The last entry of errorHistory is 0.500233 for index 12837, 13/1000.
The last entry of errorHistory is 0.500000 for index 12838, 13/1000.
Terminated at swamp 0.5.
The last entry of errorHistory is 0.500418 for index 12839, 13/1000.
The last entry of errorHistory is 1.000000 for index 12840, 13/1000.
Terminated at swamp 1.
The last entry of errorHistory is 1.000721 for index 12841, 13/1000.
The last entry of errorHistory is 0.500000 for index 12842, 13/1000.
Terminated at swamp 0.5.
The last entry of errorHistory is 0.500720 for index 12843, 13/1000.
Terminated at swamp 0.5.
The last entry of errorHistory is 0.500679 for index 12844, 13/1000.
Terminated at swamp 0.5.
The last entry of errorHistory is 0.500620 for index 12845, 13/1000.
The last entry of errorHistory is 0.000016 for index 12846, 13/1000.
The last entry of errorHistory is 0.000055 for index 12847, 13/1000.
The last entry of errorHistory is 1.500000 for index 12848, 13/1000.
Terminated at swamp 0.5.
The last entry of errorHistory is 0.500079 for index 12849, 13/1000.
Terminated at swamp 0.5.
The last entry of errorHistory is 0.500487 for index 12850, 13/1000.
Terminated at swamp 1.
The last entry of errorHistory is 1.000033 for index 12851, 13/1000.
Terminated at swamp 0.5.
The last entry of errorHistory is 0.500433 for index 12852, 13/1000.
Terminated at swamp 0.5.
The last entry of errorHistory is 0.500484 for index 12853, 13/1000.
The last entry of errorHistory is 0.000013 for index 12854, 13/1000.
Terminated at swamp 0.5.
The last entry of errorHistory is 0.500482 for index 12855, 13/1000.
The last entry of errorHistory is 1.000000 for index 12856, 13/1000.
Terminated at swamp 0.5.
The last entry of errorHistory is 0.500566 for index 12857, 13/1000.
Terminated at swamp 1.
The last entry of errorHistory is 1.000000 for index 12858, 13/1000.
Terminated at swamp 0.5.
The last entry of errorHistory is 0.500106 for index 12859, 13/1000.
The last entry of errorHistory is 0.500000 for index 12860, 13/1000.
Terminated at swamp 0.5.
The last entry of errorHistory is 0.500005 for index 12861, 13/1000.
The last entry of errorHistory is 0.500000 for index 12862, 13/1000.
Terminated at swamp 0.5.
The last entry of errorHistory is 0.500377 for index 12863, 13/1000.
Terminated at swamp 0.5.
The last entry of errorHistory is 0.500376 for index 12864, 13/1000.
Terminated at swamp 0.5.
The last entry of errorHistory is 0.500006 for index 12865, 13/1000.
Terminated at swamp 0.5.
The last entry of errorHistory is 0.500188 for index 12866, 13/1000.
Terminated at swamp 0.5.
The last entry of errorHistory is 0.500147 for index 12867, 13/1000.
Terminated at swamp 0.5.
The last entry of errorHistory is 0.500320 for index 12868, 13/1000.
The last entry of errorHistory is 0.500000 for index 12869, 13/1000.
The last entry of errorHistory is 1.000000 for index 12870, 13/1000.
The last entry of errorHistory is 1.000000 for index 12871, 13/1000.
Terminated at swamp 0.5.
The last entry of errorHistory is 0.500366 for index 12872, 13/1000.
Terminated at swamp 0.5.
The last entry of errorHistory is 0.500496 for index 12873, 13/1000.
Terminated at swamp 1.
The last entry of errorHistory is 1.000026 for index 12874, 13/1000.
Terminated at swamp 0.5.
The last entry of errorHistory is 0.500052 for index 12875, 13/1000.
Terminated at swamp 0.5.
The last entry of errorHistory is 0.500561 for index 12876, 13/1000.
Terminated at swamp 0.5.
The last entry of errorHistory is 0.500505 for index 12877, 13/1000.
Terminated at swamp 0.5.
The last entry of errorHistory is 0.500000 for index 12878, 13/1000.
Terminated at swamp 1.
The last entry of errorHistory is 1.000194 for index 12879, 13/1000.
Terminated at swamp 0.5.
The last entry of errorHistory is 0.500450 for index 12880, 13/1000.
The last entry of errorHistory is 0.000031 for index 12881, 13/1000.
Terminated at swamp 0.5.
The last entry of errorHistory is 0.500524 for index 12882, 13/1000.
Terminated at swamp 0.5.
The last entry of errorHistory is 0.500406 for index 12883, 13/1000.
Terminated at swamp 0.5.
The last entry of errorHistory is 0.500543 for index 12884, 13/1000.
Terminated at swamp 0.5.
The last entry of errorHistory is 0.500070 for index 12885, 13/1000.
Terminated at swamp 0.5.
The last entry of errorHistory is 0.500115 for index 12886, 13/1000.
Terminated at swamp 0.5.
The last entry of errorHistory is 0.500244 for index 12887, 13/1000.
Terminated at swamp 0.5.
The last entry of errorHistory is 0.500377 for index 12888, 13/1000.
The last entry of errorHistory is 0.000015 for index 12889, 13/1000.
Terminated at swamp 1.
The last entry of errorHistory is 1.000125 for index 12890, 13/1000.
Terminated at swamp 0.5.
The last entry of errorHistory is 0.500518 for index 12891, 13/1000.
The last entry of errorHistory is 1.000000 for index 12892, 13/1000.
Terminated at swamp 0.5.
The last entry of errorHistory is 0.500333 for index 12893, 13/1000.
The last entry of errorHistory is 0.500000 for index 12894, 13/1000.
Terminated at swamp 0.5.
The last entry of errorHistory is 0.500327 for index 12895, 13/1000.
The last entry of errorHistory is 0.000016 for index 12896, 13/1000.
Terminated at swamp 0.5.
The last entry of errorHistory is 0.500479 for index 12897, 13/1000.
Terminated at swamp 0.5.
The last entry of errorHistory is 0.500449 for index 12898, 13/1000.
The last entry of errorHistory is 1.000000 for index 12899, 13/1000.
Terminated at swamp 0.5.
The last entry of errorHistory is 0.500089 for index 12900, 13/1000.
Terminated at swamp 0.5.
The last entry of errorHistory is 0.500479 for index 12901, 13/1000.
Terminated at swamp 0.5.
The last entry of errorHistory is 0.500162 for index 12902, 13/1000.
Terminated at swamp 0.5.
The last entry of errorHistory is 0.500343 for index 12903, 13/1000.
Terminated at swamp 0.5.
The last entry of errorHistory is 0.500437 for index 12904, 13/1000.
The last entry of errorHistory is 1.000000 for index 12905, 13/1000.
Terminated at swamp 0.5.
The last entry of errorHistory is 0.500121 for index 12906, 13/1000.
Terminated at swamp 1.
The last entry of errorHistory is 1.000213 for index 12907, 13/1000.
The last entry of errorHistory is 1.000000 for index 12908, 13/1000.
Terminated at swamp 0.5.
The last entry of errorHistory is 0.500549 for index 12909, 13/1000.
Terminated at swamp 0.5.
The last entry of errorHistory is 0.500149 for index 12910, 13/1000.
Terminated at swamp 0.5.
The last entry of errorHistory is 0.500147 for index 12911, 13/1000.
Terminated at swamp 0.5.
The last entry of errorHistory is 0.500548 for index 12912, 13/1000.
The last entry of errorHistory is 1.000000 for index 12913, 13/1000.
The last entry of errorHistory is 1.000000 for index 12914, 13/1000.
The last entry of errorHistory is 0.500000 for index 12915, 13/1000.
Terminated at swamp 0.5.
The last entry of errorHistory is 0.500556 for index 12916, 13/1000.
Terminated at swamp 0.5.
The last entry of errorHistory is 0.500414 for index 12917, 13/1000.
Terminated at swamp 0.5.
The last entry of errorHistory is 0.500287 for index 12918, 13/1000.
The last entry of errorHistory is 1.500000 for index 12919, 13/1000.
Terminated at swamp 0.5.
The last entry of errorHistory is 0.500418 for index 12920, 13/1000.
The last entry of errorHistory is 1.000000 for index 12921, 13/1000.
Terminated at swamp 0.5.
The last entry of errorHistory is 0.500938 for index 12922, 13/1000.
Terminated at swamp 0.5.
The last entry of errorHistory is 0.500139 for index 12923, 13/1000.
The last entry of errorHistory is 0.000680 for index 12924, 13/1000.
Terminated at swamp 1.
The last entry of errorHistory is 1.000000 for index 12925, 13/1000.
Terminated at swamp 1.
The last entry of errorHistory is 1.000175 for index 12926, 13/1000.
Terminated at swamp 0.5.
The last entry of errorHistory is 0.500748 for index 12927, 13/1000.
Terminated at swamp 1.
The last entry of errorHistory is 1.000019 for index 12928, 13/1000.
Terminated at swamp 1.
The last entry of errorHistory is 1.000142 for index 12929, 13/1000.
The last entry of errorHistory is 0.500000 for index 12930, 13/1000.
Terminated at swamp 0.5.
The last entry of errorHistory is 0.499169 for index 12931, 13/1000.
Terminated at swamp 1.
The last entry of errorHistory is 1.000256 for index 12932, 13/1000.
Terminated at swamp 0.5.
The last entry of errorHistory is 0.500515 for index 12933, 13/1000.
Terminated at swamp 1.
The last entry of errorHistory is 1.000039 for index 12934, 13/1000.
Terminated at swamp 0.5.
The last entry of errorHistory is 0.500562 for index 12935, 13/1000.
Terminated at swamp 0.5.
The last entry of errorHistory is 0.500421 for index 12936, 13/1000.
Terminated at swamp 0.5.
The last entry of errorHistory is 0.500524 for index 12937, 13/1000.
The last entry of errorHistory is 1.000000 for index 12938, 13/1000.
Terminated at swamp 0.5.
The last entry of errorHistory is 0.500696 for index 12939, 13/1000.
The last entry of errorHistory is 1.500000 for index 12940, 13/1000.
Terminated at swamp 1.
The last entry of errorHistory is 1.000913 for index 12941, 13/1000.
Terminated at swamp 0.5.
The last entry of errorHistory is 0.500282 for index 12942, 13/1000.
The last entry of errorHistory is 1.500000 for index 12943, 13/1000.
Terminated at swamp 0.5.
The last entry of errorHistory is 0.500062 for index 12944, 13/1000.
Terminated at swamp 0.5.
The last entry of errorHistory is 0.500023 for index 12945, 13/1000.
Terminated at swamp 1.
The last entry of errorHistory is 0.999893 for index 12946, 13/1000.
Terminated at swamp 0.5.
The last entry of errorHistory is 0.500600 for index 12947, 13/1000.
The last entry of errorHistory is 0.500000 for index 12948, 13/1000.
Terminated at swamp 0.5.
The last entry of errorHistory is 0.500775 for index 12949, 13/1000.
Terminated at swamp 1.
The last entry of errorHistory is 1.000165 for index 12950, 13/1000.
Terminated at swamp 0.5.
The last entry of errorHistory is 0.500133 for index 12951, 13/1000.
Terminated at swamp 1.
The last entry of errorHistory is 1.000156 for index 12952, 13/1000.
The last entry of errorHistory is 1.000000 for index 12953, 13/1000.
The last entry of errorHistory is 1.000000 for index 12954, 13/1000.
The last entry of errorHistory is 0.001092 for index 12955, 13/1000.
Terminated at swamp 0.5.
The last entry of errorHistory is 0.500085 for index 12956, 13/1000.
Terminated at swamp 0.5.
The last entry of errorHistory is 0.500456 for index 12957, 13/1000.
Terminated at swamp 1.
The last entry of errorHistory is 1.000085 for index 12958, 13/1000.
Terminated at swamp 1.
The last entry of errorHistory is 0.999433 for index 12959, 13/1000.
Terminated at swamp 0.5.
The last entry of errorHistory is 0.500680 for index 12960, 13/1000.
The last entry of errorHistory is 0.000020 for index 12961, 13/1000.
Terminated at swamp 0.5.
The last entry of errorHistory is 0.500413 for index 12962, 13/1000.
Terminated at swamp 0.5.
The last entry of errorHistory is 0.500188 for index 12963, 13/1000.
Terminated at swamp 0.5.
The last entry of errorHistory is 0.500404 for index 12964, 13/1000.
Terminated at swamp 0.5.
The last entry of errorHistory is 0.500000 for index 12965, 13/1000.
Terminated at swamp 0.5.
The last entry of errorHistory is 0.500308 for index 12966, 13/1000.
Terminated at swamp 0.5.
The last entry of errorHistory is 0.500074 for index 12967, 13/1000.
The last entry of errorHistory is 0.500000 for index 12968, 13/1000.
Terminated at swamp 0.5.
The last entry of errorHistory is 0.500445 for index 12969, 13/1000.
Terminated at swamp 1.
The last entry of errorHistory is 1.000471 for index 12970, 13/1000.
The last entry of errorHistory is 0.000014 for index 12971, 13/1000.
Terminated at swamp 0.5.
The last entry of errorHistory is 0.500598 for index 12972, 13/1000.
Terminated at swamp 0.5.
The last entry of errorHistory is 0.500583 for index 12973, 13/1000.
Terminated at swamp 0.5.
The last entry of errorHistory is 0.500173 for index 12974, 13/1000.
Terminated at swamp 0.5.
The last entry of errorHistory is 0.500762 for index 12975, 13/1000.
Terminated at swamp 0.5.
The last entry of errorHistory is 0.500206 for index 12976, 13/1000.
Terminated at swamp 0.5.
The last entry of errorHistory is 0.500582 for index 12977, 13/1000.
Terminated at swamp 0.5.
The last entry of errorHistory is 0.500331 for index 12978, 13/1000.
Terminated at swamp 1.
The last entry of errorHistory is 1.000229 for index 12979, 13/1000.
Terminated at swamp 0.5.
The last entry of errorHistory is 0.500512 for index 12980, 13/1000.
Terminated at swamp 0.5.
The last entry of errorHistory is 0.500627 for index 12981, 13/1000.
Terminated at swamp 0.5.
The last entry of errorHistory is 0.500163 for index 12982, 13/1000.
Terminated at swamp 0.5.
The last entry of errorHistory is 0.500742 for index 12983, 13/1000.
Terminated at swamp 0.5.
The last entry of errorHistory is 0.500237 for index 12984, 13/1000.
The last entry of errorHistory is 1.000000 for index 12985, 13/1000.
Terminated at swamp 0.5.
The last entry of errorHistory is 0.500417 for index 12986, 13/1000.
Terminated at swamp 0.5.
The last entry of errorHistory is 0.500474 for index 12987, 13/1000.
Terminated at swamp 0.5.
The last entry of errorHistory is 0.500532 for index 12988, 13/1000.
The last entry of errorHistory is 0.000019 for index 12989, 13/1000.
The last entry of errorHistory is 0.500000 for index 12990, 13/1000.
Terminated at swamp 0.5.
The last entry of errorHistory is 0.500164 for index 12991, 13/1000.
Terminated at swamp 0.5.
The last entry of errorHistory is 0.500618 for index 12992, 13/1000.
Terminated at swamp 0.5.
The last entry of errorHistory is 0.500570 for index 12993, 13/1000.
The last entry of errorHistory is 1.000000 for index 12994, 13/1000.
Terminated at swamp 0.5.
The last entry of errorHistory is 0.500550 for index 12995, 13/1000.
Terminated at swamp 1.
The last entry of errorHistory is 1.000067 for index 12996, 13/1000.
The last entry of errorHistory is 1.000000 for index 12997, 13/1000.
Terminated at swamp 1.
The last entry of errorHistory is 1.000173 for index 12998, 13/1000.
The last entry of errorHistory is 1.500000 for index 12999, 13/1000.
The last entry of errorHistory is 1.000000 for index 13000, 13/1000.
