
                            < M A T L A B (R) >
                  Copyright 1984-2018 The MathWorks, Inc.
                   R2018b (9.5.0.944444) 64-bit (glnxa64)
                              August 28, 2018

 
To get started, type doc.
For product information, visit www.mathworks.com.
 
Terminated at swamp 1.
The last entry of errorHistory is 1.000034 for index 134001, 135/1000.
The last entry of errorHistory is 1.500000 for index 134002, 135/1000.
The last entry of errorHistory is 0.001267 for index 134003, 135/1000.
Terminated at swamp 0.5.
The last entry of errorHistory is 0.500432 for index 134004, 135/1000.
The last entry of errorHistory is 1.000000 for index 134005, 135/1000.
Terminated at swamp 1.
The last entry of errorHistory is 1.000014 for index 134006, 135/1000.
Terminated at swamp 1.
The last entry of errorHistory is 1.000076 for index 134007, 135/1000.
The last entry of errorHistory is 1.000000 for index 134008, 135/1000.
The last entry of errorHistory is 0.000023 for index 134009, 135/1000.
Terminated at swamp 0.5.
The last entry of errorHistory is 0.500802 for index 134010, 135/1000.
The last entry of errorHistory is 1.000000 for index 134011, 135/1000.
Terminated at swamp 0.5.
The last entry of errorHistory is 0.500411 for index 134012, 135/1000.
The last entry of errorHistory is 1.000000 for index 134013, 135/1000.
Terminated at swamp 0.5.
The last entry of errorHistory is 0.500541 for index 134014, 135/1000.
The last entry of errorHistory is 0.500000 for index 134015, 135/1000.
Terminated at swamp 0.5.
The last entry of errorHistory is 0.500398 for index 134016, 135/1000.
Terminated at swamp 1.
The last entry of errorHistory is 1.000004 for index 134017, 135/1000.
Terminated at swamp 0.5.
The last entry of errorHistory is 0.500034 for index 134018, 135/1000.
The last entry of errorHistory is 1.000000 for index 134019, 135/1000.
The last entry of errorHistory is 0.000609 for index 134020, 135/1000.
Terminated at swamp 0.5.
The last entry of errorHistory is 0.500553 for index 134021, 135/1000.
The last entry of errorHistory is 0.500000 for index 134022, 135/1000.
Terminated at swamp 1.
The last entry of errorHistory is 1.000503 for index 134023, 135/1000.
Terminated at swamp 0.5.
The last entry of errorHistory is 0.500587 for index 134024, 135/1000.
Terminated at swamp 0.5.
The last entry of errorHistory is 0.500434 for index 134025, 135/1000.
Terminated at swamp 0.5.
The last entry of errorHistory is 0.500203 for index 134026, 135/1000.
Terminated at swamp 0.5.
The last entry of errorHistory is 0.500545 for index 134027, 135/1000.
Terminated at swamp 0.5.
The last entry of errorHistory is 0.500198 for index 134028, 135/1000.
Terminated at swamp 0.5.
The last entry of errorHistory is 0.500294 for index 134029, 135/1000.
Terminated at swamp 1.
The last entry of errorHistory is 1.000024 for index 134030, 135/1000.
Terminated at swamp 0.5.
The last entry of errorHistory is 0.500091 for index 134031, 135/1000.
The last entry of errorHistory is 1.000000 for index 134032, 135/1000.
Terminated at swamp 0.5.
The last entry of errorHistory is 0.500524 for index 134033, 135/1000.
The last entry of errorHistory is 0.000075 for index 134034, 135/1000.
Terminated at swamp 0.5.
The last entry of errorHistory is 0.500084 for index 134035, 135/1000.
Terminated at swamp 0.5.
The last entry of errorHistory is 0.500089 for index 134036, 135/1000.
Terminated at swamp 0.5.
The last entry of errorHistory is 0.500482 for index 134037, 135/1000.
Terminated at swamp 0.5.
The last entry of errorHistory is 0.500471 for index 134038, 135/1000.
The last entry of errorHistory is 1.000000 for index 134039, 135/1000.
Terminated at swamp 1.
The last entry of errorHistory is 1.000205 for index 134040, 135/1000.
The last entry of errorHistory is 1.000000 for index 134041, 135/1000.
Terminated at swamp 0.5.
The last entry of errorHistory is 0.500264 for index 134042, 135/1000.
Terminated at swamp 0.5.
The last entry of errorHistory is 0.500523 for index 134043, 135/1000.
Terminated at swamp 0.5.
The last entry of errorHistory is 0.500239 for index 134044, 135/1000.
The last entry of errorHistory is 0.000036 for index 134045, 135/1000.
The last entry of errorHistory is 1.000000 for index 134046, 135/1000.
Terminated at swamp 0.5.
The last entry of errorHistory is 0.500055 for index 134047, 135/1000.
Terminated at swamp 0.5.
The last entry of errorHistory is 0.500419 for index 134048, 135/1000.
The last entry of errorHistory is 0.000008 for index 134049, 135/1000.
Terminated at swamp 1.
The last entry of errorHistory is 1.000308 for index 134050, 135/1000.
The last entry of errorHistory is 1.000000 for index 134051, 135/1000.
Terminated at swamp 1.
The last entry of errorHistory is 1.000205 for index 134052, 135/1000.
Terminated at swamp 0.5.
The last entry of errorHistory is 0.500046 for index 134053, 135/1000.
Terminated at swamp 0.5.
The last entry of errorHistory is 0.500478 for index 134054, 135/1000.
The last entry of errorHistory is 1.000000 for index 134055, 135/1000.
The last entry of errorHistory is 1.000000 for index 134056, 135/1000.
Terminated at swamp 0.5.
The last entry of errorHistory is 0.500486 for index 134057, 135/1000.
The last entry of errorHistory is 0.500000 for index 134058, 135/1000.
The last entry of errorHistory is 0.500000 for index 134059, 135/1000.
Terminated at swamp 0.5.
The last entry of errorHistory is 0.500474 for index 134060, 135/1000.
Terminated at swamp 0.5.
The last entry of errorHistory is 0.500374 for index 134061, 135/1000.
Terminated at swamp 1.
The last entry of errorHistory is 1.000000 for index 134062, 135/1000.
The last entry of errorHistory is 0.000058 for index 134063, 135/1000.
Terminated at swamp 1.
The last entry of errorHistory is 1.000084 for index 134064, 135/1000.
Terminated at swamp 0.5.
The last entry of errorHistory is 0.500388 for index 134065, 135/1000.
Terminated at swamp 0.5.
The last entry of errorHistory is 0.500006 for index 134066, 135/1000.
Terminated at swamp 0.5.
The last entry of errorHistory is 0.500270 for index 134067, 135/1000.
Terminated at swamp 0.5.
The last entry of errorHistory is 0.500421 for index 134068, 135/1000.
Terminated at swamp 1.
The last entry of errorHistory is 1.000001 for index 134069, 135/1000.
Terminated at swamp 1.
The last entry of errorHistory is 1.000241 for index 134070, 135/1000.
Terminated at swamp 0.5.
The last entry of errorHistory is 0.500206 for index 134071, 135/1000.
The last entry of errorHistory is 1.000000 for index 134072, 135/1000.
Terminated at swamp 0.5.
The last entry of errorHistory is 0.500271 for index 134073, 135/1000.
Terminated at swamp 0.5.
The last entry of errorHistory is 0.500309 for index 134074, 135/1000.
Terminated at swamp 0.5.
The last entry of errorHistory is 0.500681 for index 134075, 135/1000.
The last entry of errorHistory is 1.000000 for index 134076, 135/1000.
The last entry of errorHistory is 0.500000 for index 134077, 135/1000.
Terminated at swamp 0.5.
The last entry of errorHistory is 0.500187 for index 134078, 135/1000.
The last entry of errorHistory is 0.000028 for index 134079, 135/1000.
Terminated at swamp 0.5.
The last entry of errorHistory is 0.500523 for index 134080, 135/1000.
Terminated at swamp 0.5.
The last entry of errorHistory is 0.500398 for index 134081, 135/1000.
Terminated at swamp 0.5.
The last entry of errorHistory is 0.500010 for index 134082, 135/1000.
The last entry of errorHistory is 1.000000 for index 134083, 135/1000.
The last entry of errorHistory is 1.500000 for index 134084, 135/1000.
Terminated at swamp 0.5.
The last entry of errorHistory is 0.500309 for index 134085, 135/1000.
The last entry of errorHistory is 0.500000 for index 134086, 135/1000.
The last entry of errorHistory is 0.000465 for index 134087, 135/1000.
The last entry of errorHistory is 0.001395 for index 134088, 135/1000.
Terminated at swamp 1.
The last entry of errorHistory is 1.000001 for index 134089, 135/1000.
Terminated at swamp 0.5.
The last entry of errorHistory is 0.500282 for index 134090, 135/1000.
Terminated at swamp 0.5.
The last entry of errorHistory is 0.500439 for index 134091, 135/1000.
Terminated at swamp 0.5.
The last entry of errorHistory is 0.500064 for index 134092, 135/1000.
Terminated at swamp 0.5.
The last entry of errorHistory is 0.500474 for index 134093, 135/1000.
The last entry of errorHistory is 1.500000 for index 134094, 135/1000.
Terminated at swamp 0.5.
The last entry of errorHistory is 0.500268 for index 134095, 135/1000.
The last entry of errorHistory is 1.000000 for index 134096, 135/1000.
Terminated at swamp 0.5.
The last entry of errorHistory is 0.500444 for index 134097, 135/1000.
Terminated at swamp 1.
The last entry of errorHistory is 1.000000 for index 134098, 135/1000.
The last entry of errorHistory is 0.500000 for index 134099, 135/1000.
Terminated at swamp 0.5.
The last entry of errorHistory is 0.500277 for index 134100, 135/1000.
Terminated at swamp 1.
The last entry of errorHistory is 1.000000 for index 134101, 135/1000.
Terminated at swamp 1.
The last entry of errorHistory is 1.000000 for index 134102, 135/1000.
Terminated at swamp 0.5.
The last entry of errorHistory is 0.500400 for index 134103, 135/1000.
The last entry of errorHistory is 1.000000 for index 134104, 135/1000.
The last entry of errorHistory is 1.000000 for index 134105, 135/1000.
The last entry of errorHistory is 1.000000 for index 134106, 135/1000.
Terminated at swamp 0.5.
The last entry of errorHistory is 0.500003 for index 134107, 135/1000.
The last entry of errorHistory is 0.000053 for index 134108, 135/1000.
The last entry of errorHistory is 0.000170 for index 134109, 135/1000.
Terminated at swamp 1.
The last entry of errorHistory is 1.000057 for index 134110, 135/1000.
Terminated at swamp 0.5.
The last entry of errorHistory is 0.500639 for index 134111, 135/1000.
Terminated at swamp 0.5.
The last entry of errorHistory is 0.500327 for index 134112, 135/1000.
Terminated at swamp 0.5.
The last entry of errorHistory is 0.500167 for index 134113, 135/1000.
Terminated at swamp 1.
The last entry of errorHistory is 1.000045 for index 134114, 135/1000.
Terminated at swamp 0.5.
The last entry of errorHistory is 0.500067 for index 134115, 135/1000.
Terminated at swamp 1.
The last entry of errorHistory is 1.000338 for index 134116, 135/1000.
The last entry of errorHistory is 1.000000 for index 134117, 135/1000.
Terminated at swamp 0.5.
The last entry of errorHistory is 0.500499 for index 134118, 135/1000.
The last entry of errorHistory is 1.000000 for index 134119, 135/1000.
Terminated at swamp 0.5.
The last entry of errorHistory is 0.500438 for index 134120, 135/1000.
Terminated at swamp 1.
The last entry of errorHistory is 1.000352 for index 134121, 135/1000.
Terminated at swamp 0.5.
The last entry of errorHistory is 0.500413 for index 134122, 135/1000.
The last entry of errorHistory is 1.500000 for index 134123, 135/1000.
Terminated at swamp 0.5.
The last entry of errorHistory is 0.500553 for index 134124, 135/1000.
Terminated at swamp 0.5.
The last entry of errorHistory is 0.500501 for index 134125, 135/1000.
Terminated at swamp 1.
The last entry of errorHistory is 1.000007 for index 134126, 135/1000.
The last entry of errorHistory is 0.002594 for index 134127, 135/1000.
Terminated at swamp 0.5.
The last entry of errorHistory is 0.500295 for index 134128, 135/1000.
Terminated at swamp 0.5.
The last entry of errorHistory is 0.500968 for index 134129, 135/1000.
The last entry of errorHistory is 0.500000 for index 134130, 135/1000.
Terminated at swamp 0.5.
The last entry of errorHistory is 0.500001 for index 134131, 135/1000.
Terminated at swamp 0.5.
The last entry of errorHistory is 0.500200 for index 134132, 135/1000.
The last entry of errorHistory is 1.000000 for index 134133, 135/1000.
The last entry of errorHistory is 0.500000 for index 134134, 135/1000.
Terminated at swamp 0.5.
The last entry of errorHistory is 0.500586 for index 134135, 135/1000.
Terminated at swamp 1.
The last entry of errorHistory is 1.000366 for index 134136, 135/1000.
Terminated at swamp 1.
The last entry of errorHistory is 1.000000 for index 134137, 135/1000.
Terminated at swamp 0.5.
The last entry of errorHistory is 0.500303 for index 134138, 135/1000.
The last entry of errorHistory is 0.500000 for index 134139, 135/1000.
Terminated at swamp 0.5.
The last entry of errorHistory is 0.500096 for index 134140, 135/1000.
Terminated at swamp 0.5.
The last entry of errorHistory is 0.500000 for index 134141, 135/1000.
Terminated at swamp 0.5.
The last entry of errorHistory is 0.500272 for index 134142, 135/1000.
The last entry of errorHistory is 1.000000 for index 134143, 135/1000.
The last entry of errorHistory is 0.000297 for index 134144, 135/1000.
Terminated at swamp 0.5.
The last entry of errorHistory is 0.500089 for index 134145, 135/1000.
The last entry of errorHistory is 1.000000 for index 134146, 135/1000.
Terminated at swamp 1.
The last entry of errorHistory is 1.000164 for index 134147, 135/1000.
Terminated at swamp 0.5.
The last entry of errorHistory is 0.500517 for index 134148, 135/1000.
Terminated at swamp 0.5.
The last entry of errorHistory is 0.500492 for index 134149, 135/1000.
Terminated at swamp 0.5.
The last entry of errorHistory is 0.500116 for index 134150, 135/1000.
The last entry of errorHistory is 1.000000 for index 134151, 135/1000.
Terminated at swamp 0.5.
The last entry of errorHistory is 0.500696 for index 134152, 135/1000.
The last entry of errorHistory is 1.000000 for index 134153, 135/1000.
Terminated at swamp 0.5.
The last entry of errorHistory is 0.500045 for index 134154, 135/1000.
Terminated at swamp 1.
The last entry of errorHistory is 1.000496 for index 134155, 135/1000.
Terminated at swamp 1.
The last entry of errorHistory is 1.000380 for index 134156, 135/1000.
The last entry of errorHistory is 1.000000 for index 134157, 135/1000.
Terminated at swamp 1.
The last entry of errorHistory is 1.000000 for index 134158, 135/1000.
The last entry of errorHistory is 0.000022 for index 134159, 135/1000.
The last entry of errorHistory is 1.000000 for index 134160, 135/1000.
Terminated at swamp 0.5.
The last entry of errorHistory is 0.500338 for index 134161, 135/1000.
Terminated at swamp 1.
The last entry of errorHistory is 1.000009 for index 134162, 135/1000.
Terminated at swamp 1.
The last entry of errorHistory is 1.000582 for index 134163, 135/1000.
The last entry of errorHistory is 0.500000 for index 134164, 135/1000.
Terminated at swamp 0.5.
The last entry of errorHistory is 0.500622 for index 134165, 135/1000.
The last entry of errorHistory is 1.000000 for index 134166, 135/1000.
The last entry of errorHistory is 0.000621 for index 134167, 135/1000.
The last entry of errorHistory is 0.500000 for index 134168, 135/1000.
Terminated at swamp 1.
The last entry of errorHistory is 1.000089 for index 134169, 135/1000.
Terminated at swamp 0.5.
The last entry of errorHistory is 0.500056 for index 134170, 135/1000.
Terminated at swamp 0.5.
The last entry of errorHistory is 0.500026 for index 134171, 135/1000.
Terminated at swamp 0.5.
The last entry of errorHistory is 0.500248 for index 134172, 135/1000.
Terminated at swamp 0.5.
The last entry of errorHistory is 0.500117 for index 134173, 135/1000.
The last entry of errorHistory is 0.000007 for index 134174, 135/1000.
Terminated at swamp 0.5.
The last entry of errorHistory is 0.500431 for index 134175, 135/1000.
Terminated at swamp 0.5.
The last entry of errorHistory is 0.500376 for index 134176, 135/1000.
The last entry of errorHistory is 0.500000 for index 134177, 135/1000.
Terminated at swamp 0.5.
The last entry of errorHistory is 0.500150 for index 134178, 135/1000.
Terminated at swamp 0.5.
The last entry of errorHistory is 0.500386 for index 134179, 135/1000.
Terminated at swamp 0.5.
The last entry of errorHistory is 0.500459 for index 134180, 135/1000.
Terminated at swamp 0.5.
The last entry of errorHistory is 0.500000 for index 134181, 135/1000.
Terminated at swamp 0.5.
The last entry of errorHistory is 0.500475 for index 134182, 135/1000.
Terminated at swamp 1.
The last entry of errorHistory is 1.000556 for index 134183, 135/1000.
Terminated at swamp 1.
The last entry of errorHistory is 1.000251 for index 134184, 135/1000.
Terminated at swamp 0.5.
The last entry of errorHistory is 0.500693 for index 134185, 135/1000.
Terminated at swamp 1.
The last entry of errorHistory is 1.000000 for index 134186, 135/1000.
Terminated at swamp 0.5.
The last entry of errorHistory is 0.500322 for index 134187, 135/1000.
Terminated at swamp 0.5.
The last entry of errorHistory is 0.500648 for index 134188, 135/1000.
Terminated at swamp 1.
The last entry of errorHistory is 1.000031 for index 134189, 135/1000.
Terminated at swamp 1.
The last entry of errorHistory is 1.000214 for index 134190, 135/1000.
Terminated at swamp 1.
The last entry of errorHistory is 1.000044 for index 134191, 135/1000.
The last entry of errorHistory is 0.000035 for index 134192, 135/1000.
Terminated at swamp 1.
The last entry of errorHistory is 1.000101 for index 134193, 135/1000.
The last entry of errorHistory is 0.000021 for index 134194, 135/1000.
Terminated at swamp 0.5.
The last entry of errorHistory is 0.500358 for index 134195, 135/1000.
The last entry of errorHistory is 0.000032 for index 134196, 135/1000.
The last entry of errorHistory is 1.000000 for index 134197, 135/1000.
Terminated at swamp 0.5.
The last entry of errorHistory is 0.500616 for index 134198, 135/1000.
Terminated at swamp 0.5.
The last entry of errorHistory is 0.500505 for index 134199, 135/1000.
Terminated at swamp 0.5.
The last entry of errorHistory is 0.500780 for index 134200, 135/1000.
Terminated at swamp 1.
The last entry of errorHistory is 1.000000 for index 134201, 135/1000.
The last entry of errorHistory is 0.500000 for index 134202, 135/1000.
The last entry of errorHistory is 0.500000 for index 134203, 135/1000.
Terminated at swamp 0.5.
The last entry of errorHistory is 0.500668 for index 134204, 135/1000.
Terminated at swamp 0.5.
The last entry of errorHistory is 0.500581 for index 134205, 135/1000.
The last entry of errorHistory is 0.500000 for index 134206, 135/1000.
Terminated at swamp 1.
The last entry of errorHistory is 1.000013 for index 134207, 135/1000.
The last entry of errorHistory is 1.000000 for index 134208, 135/1000.
Terminated at swamp 0.5.
The last entry of errorHistory is 0.500367 for index 134209, 135/1000.
Terminated at swamp 0.5.
The last entry of errorHistory is 0.500117 for index 134210, 135/1000.
Terminated at swamp 0.5.
The last entry of errorHistory is 0.500412 for index 134211, 135/1000.
The last entry of errorHistory is 1.000000 for index 134212, 135/1000.
The last entry of errorHistory is 1.000000 for index 134213, 135/1000.
The last entry of errorHistory is 0.000020 for index 134214, 135/1000.
The last entry of errorHistory is 0.000024 for index 134215, 135/1000.
The last entry of errorHistory is 1.000000 for index 134216, 135/1000.
Terminated at swamp 0.5.
The last entry of errorHistory is 0.500406 for index 134217, 135/1000.
Terminated at swamp 0.5.
The last entry of errorHistory is 0.500539 for index 134218, 135/1000.
Terminated at swamp 0.5.
The last entry of errorHistory is 0.500491 for index 134219, 135/1000.
Terminated at swamp 0.5.
The last entry of errorHistory is 0.500685 for index 134220, 135/1000.
The last entry of errorHistory is 1.000000 for index 134221, 135/1000.
The last entry of errorHistory is 1.000000 for index 134222, 135/1000.
The last entry of errorHistory is 1.000000 for index 134223, 135/1000.
The last entry of errorHistory is 0.500000 for index 134224, 135/1000.
The last entry of errorHistory is 0.500000 for index 134225, 135/1000.
Terminated at swamp 0.5.
The last entry of errorHistory is 0.500385 for index 134226, 135/1000.
Terminated at swamp 0.5.
The last entry of errorHistory is 0.500521 for index 134227, 135/1000.
Terminated at swamp 0.5.
The last entry of errorHistory is 0.500376 for index 134228, 135/1000.
Terminated at swamp 1.
The last entry of errorHistory is 1.000205 for index 134229, 135/1000.
The last entry of errorHistory is 0.500000 for index 134230, 135/1000.
Terminated at swamp 0.5.
The last entry of errorHistory is 0.500454 for index 134231, 135/1000.
The last entry of errorHistory is 1.000000 for index 134232, 135/1000.
The last entry of errorHistory is 1.000000 for index 134233, 135/1000.
Terminated at swamp 0.5.
The last entry of errorHistory is 0.500345 for index 134234, 135/1000.
The last entry of errorHistory is 0.000028 for index 134235, 135/1000.
The last entry of errorHistory is 0.500000 for index 134236, 135/1000.
The last entry of errorHistory is 0.000032 for index 134237, 135/1000.
The last entry of errorHistory is 1.000000 for index 134238, 135/1000.
Terminated at swamp 0.5.
The last entry of errorHistory is 0.500192 for index 134239, 135/1000.
Terminated at swamp 0.5.
The last entry of errorHistory is 0.500553 for index 134240, 135/1000.
The last entry of errorHistory is 0.000021 for index 134241, 135/1000.
Terminated at swamp 0.5.
The last entry of errorHistory is 0.500284 for index 134242, 135/1000.
Terminated at swamp 1.
The last entry of errorHistory is 1.000000 for index 134243, 135/1000.
The last entry of errorHistory is 0.000174 for index 134244, 135/1000.
Terminated at swamp 0.5.
The last entry of errorHistory is 0.500587 for index 134245, 135/1000.
Terminated at swamp 1.
The last entry of errorHistory is 1.000000 for index 134246, 135/1000.
Terminated at swamp 1.
The last entry of errorHistory is 0.999888 for index 134247, 135/1000.
Terminated at swamp 0.5.
The last entry of errorHistory is 0.500512 for index 134248, 135/1000.
The last entry of errorHistory is 0.000138 for index 134249, 135/1000.
Terminated at swamp 0.5.
The last entry of errorHistory is 0.500274 for index 134250, 135/1000.
Terminated at swamp 1.
The last entry of errorHistory is 1.000286 for index 134251, 135/1000.
Terminated at swamp 0.5.
The last entry of errorHistory is 0.500845 for index 134252, 135/1000.
The last entry of errorHistory is 0.000784 for index 134253, 135/1000.
The last entry of errorHistory is 0.500000 for index 134254, 135/1000.
Terminated at swamp 1.
The last entry of errorHistory is 1.000021 for index 134255, 135/1000.
The last entry of errorHistory is 1.000000 for index 134256, 135/1000.
Terminated at swamp 1.
The last entry of errorHistory is 1.000187 for index 134257, 135/1000.
Terminated at swamp 0.5.
The last entry of errorHistory is 0.500014 for index 134258, 135/1000.
Terminated at swamp 0.5.
The last entry of errorHistory is 0.500528 for index 134259, 135/1000.
Terminated at swamp 0.5.
The last entry of errorHistory is 0.500116 for index 134260, 135/1000.
Terminated at swamp 0.5.
The last entry of errorHistory is 0.500265 for index 134261, 135/1000.
Terminated at swamp 0.5.
The last entry of errorHistory is 0.500353 for index 134262, 135/1000.
Terminated at swamp 0.5.
The last entry of errorHistory is 0.500598 for index 134263, 135/1000.
Terminated at swamp 0.5.
The last entry of errorHistory is 0.500465 for index 134264, 135/1000.
Terminated at swamp 0.5.
The last entry of errorHistory is 0.500555 for index 134265, 135/1000.
The last entry of errorHistory is 1.000000 for index 134266, 135/1000.
The last entry of errorHistory is 1.000000 for index 134267, 135/1000.
The last entry of errorHistory is 0.000009 for index 134268, 135/1000.
Terminated at swamp 0.5.
The last entry of errorHistory is 0.500743 for index 134269, 135/1000.
Terminated at swamp 0.5.
The last entry of errorHistory is 0.500541 for index 134270, 135/1000.
Terminated at swamp 0.5.
The last entry of errorHistory is 0.500307 for index 134271, 135/1000.
Terminated at swamp 0.5.
The last entry of errorHistory is 0.500448 for index 134272, 135/1000.
Terminated at swamp 0.5.
The last entry of errorHistory is 0.500397 for index 134273, 135/1000.
The last entry of errorHistory is 1.000000 for index 134274, 135/1000.
Terminated at swamp 1.
The last entry of errorHistory is 1.000434 for index 134275, 135/1000.
Terminated at swamp 0.5.
The last entry of errorHistory is 0.500433 for index 134276, 135/1000.
The last entry of errorHistory is 1.500000 for index 134277, 135/1000.
Terminated at swamp 1.
The last entry of errorHistory is 1.000072 for index 134278, 135/1000.
The last entry of errorHistory is 1.000000 for index 134279, 135/1000.
Terminated at swamp 0.5.
The last entry of errorHistory is 0.500333 for index 134280, 135/1000.
Terminated at swamp 0.5.
The last entry of errorHistory is 0.500707 for index 134281, 135/1000.
Terminated at swamp 0.5.
The last entry of errorHistory is 0.500421 for index 134282, 135/1000.
The last entry of errorHistory is 0.000145 for index 134283, 135/1000.
The last entry of errorHistory is 0.000020 for index 134284, 135/1000.
Terminated at swamp 0.5.
The last entry of errorHistory is 0.500140 for index 134285, 135/1000.
Terminated at swamp 1.
The last entry of errorHistory is 1.000000 for index 134286, 135/1000.
The last entry of errorHistory is 1.000000 for index 134287, 135/1000.
Terminated at swamp 0.5.
The last entry of errorHistory is 0.500594 for index 134288, 135/1000.
Terminated at swamp 0.5.
The last entry of errorHistory is 0.500675 for index 134289, 135/1000.
The last entry of errorHistory is 1.500000 for index 134290, 135/1000.
The last entry of errorHistory is 0.000018 for index 134291, 135/1000.
Terminated at swamp 0.5.
The last entry of errorHistory is 0.500000 for index 134292, 135/1000.
Terminated at swamp 0.5.
The last entry of errorHistory is 0.500425 for index 134293, 135/1000.
Terminated at swamp 0.5.
The last entry of errorHistory is 0.500549 for index 134294, 135/1000.
Terminated at swamp 0.5.
The last entry of errorHistory is 0.500519 for index 134295, 135/1000.
The last entry of errorHistory is 0.000062 for index 134296, 135/1000.
Terminated at swamp 0.5.
The last entry of errorHistory is 0.500401 for index 134297, 135/1000.
Terminated at swamp 0.5.
The last entry of errorHistory is 0.500117 for index 134298, 135/1000.
Terminated at swamp 0.5.
The last entry of errorHistory is 0.500195 for index 134299, 135/1000.
Terminated at swamp 0.5.
The last entry of errorHistory is 0.500562 for index 134300, 135/1000.
The last entry of errorHistory is 1.000000 for index 134301, 135/1000.
The last entry of errorHistory is 1.000000 for index 134302, 135/1000.
The last entry of errorHistory is 0.000101 for index 134303, 135/1000.
The last entry of errorHistory is 1.000000 for index 134304, 135/1000.
The last entry of errorHistory is 0.000025 for index 134305, 135/1000.
The last entry of errorHistory is 1.000000 for index 134306, 135/1000.
Terminated at swamp 0.5.
The last entry of errorHistory is 0.500416 for index 134307, 135/1000.
The last entry of errorHistory is 0.000161 for index 134308, 135/1000.
Terminated at swamp 0.5.
The last entry of errorHistory is 0.500439 for index 134309, 135/1000.
The last entry of errorHistory is 0.000017 for index 134310, 135/1000.
The last entry of errorHistory is 0.500000 for index 134311, 135/1000.
Terminated at swamp 1.
The last entry of errorHistory is 1.000459 for index 134312, 135/1000.
Terminated at swamp 0.5.
The last entry of errorHistory is 0.500336 for index 134313, 135/1000.
The last entry of errorHistory is 0.000016 for index 134314, 135/1000.
The last entry of errorHistory is 0.000031 for index 134315, 135/1000.
Terminated at swamp 0.5.
The last entry of errorHistory is 0.500363 for index 134316, 135/1000.
The last entry of errorHistory is 0.000027 for index 134317, 135/1000.
The last entry of errorHistory is 0.000017 for index 134318, 135/1000.
Terminated at swamp 0.5.
The last entry of errorHistory is 0.500018 for index 134319, 135/1000.
The last entry of errorHistory is 0.000184 for index 134320, 135/1000.
Terminated at swamp 0.5.
The last entry of errorHistory is 0.500283 for index 134321, 135/1000.
The last entry of errorHistory is 1.500000 for index 134322, 135/1000.
The last entry of errorHistory is 1.000000 for index 134323, 135/1000.
The last entry of errorHistory is 1.000000 for index 134324, 135/1000.
Terminated at swamp 0.5.
The last entry of errorHistory is 0.500551 for index 134325, 135/1000.
The last entry of errorHistory is 1.000000 for index 134326, 135/1000.
The last entry of errorHistory is 1.000000 for index 134327, 135/1000.
Terminated at swamp 0.5.
The last entry of errorHistory is 0.500462 for index 134328, 135/1000.
Terminated at swamp 0.5.
The last entry of errorHistory is 0.500522 for index 134329, 135/1000.
The last entry of errorHistory is 1.000000 for index 134330, 135/1000.
Terminated at swamp 0.5.
The last entry of errorHistory is 0.500368 for index 134331, 135/1000.
The last entry of errorHistory is 1.000000 for index 134332, 135/1000.
Terminated at swamp 0.5.
The last entry of errorHistory is 0.500378 for index 134333, 135/1000.
Terminated at swamp 0.5.
The last entry of errorHistory is 0.500629 for index 134334, 135/1000.
The last entry of errorHistory is 1.000000 for index 134335, 135/1000.
The last entry of errorHistory is 1.000000 for index 134336, 135/1000.
The last entry of errorHistory is 0.000037 for index 134337, 135/1000.
The last entry of errorHistory is 1.500000 for index 134338, 135/1000.
The last entry of errorHistory is 1.000000 for index 134339, 135/1000.
Terminated at swamp 0.5.
The last entry of errorHistory is 0.500527 for index 134340, 135/1000.
Terminated at swamp 0.5.
The last entry of errorHistory is 0.500347 for index 134341, 135/1000.
Terminated at swamp 0.5.
The last entry of errorHistory is 0.500105 for index 134342, 135/1000.
Terminated at swamp 0.5.
The last entry of errorHistory is 0.500236 for index 134343, 135/1000.
Terminated at swamp 1.
The last entry of errorHistory is 1.000246 for index 134344, 135/1000.
Terminated at swamp 0.5.
The last entry of errorHistory is 0.500426 for index 134345, 135/1000.
Terminated at swamp 1.
The last entry of errorHistory is 1.000051 for index 134346, 135/1000.
Terminated at swamp 0.5.
The last entry of errorHistory is 0.500377 for index 134347, 135/1000.
Terminated at swamp 0.5.
The last entry of errorHistory is 0.500158 for index 134348, 135/1000.
Terminated at swamp 0.5.
The last entry of errorHistory is 0.500202 for index 134349, 135/1000.
Terminated at swamp 0.5.
The last entry of errorHistory is 0.500116 for index 134350, 135/1000.
Terminated at swamp 1.
The last entry of errorHistory is 1.000360 for index 134351, 135/1000.
Terminated at swamp 0.5.
The last entry of errorHistory is 0.500355 for index 134352, 135/1000.
Terminated at swamp 0.5.
The last entry of errorHistory is 0.500570 for index 134353, 135/1000.
Terminated at swamp 0.5.
The last entry of errorHistory is 0.500335 for index 134354, 135/1000.
Terminated at swamp 1.
The last entry of errorHistory is 1.000488 for index 134355, 135/1000.
Terminated at swamp 1.
The last entry of errorHistory is 1.000348 for index 134356, 135/1000.
Terminated at swamp 1.
The last entry of errorHistory is 1.000033 for index 134357, 135/1000.
Terminated at swamp 0.5.
The last entry of errorHistory is 0.500178 for index 134358, 135/1000.
The last entry of errorHistory is 0.001151 for index 134359, 135/1000.
The last entry of errorHistory is 0.500000 for index 134360, 135/1000.
The last entry of errorHistory is 0.000544 for index 134361, 135/1000.
The last entry of errorHistory is 1.000000 for index 134362, 135/1000.
Terminated at swamp 0.5.
The last entry of errorHistory is 0.500504 for index 134363, 135/1000.
Terminated at swamp 0.5.
The last entry of errorHistory is 0.500679 for index 134364, 135/1000.
Terminated at swamp 0.5.
The last entry of errorHistory is 0.500357 for index 134365, 135/1000.
The last entry of errorHistory is 0.000016 for index 134366, 135/1000.
Terminated at swamp 0.5.
The last entry of errorHistory is 0.500609 for index 134367, 135/1000.
Terminated at swamp 1.
The last entry of errorHistory is 1.000353 for index 134368, 135/1000.
The last entry of errorHistory is 0.500000 for index 134369, 135/1000.
Terminated at swamp 0.5.
The last entry of errorHistory is 0.500618 for index 134370, 135/1000.
The last entry of errorHistory is 0.000023 for index 134371, 135/1000.
Terminated at swamp 0.5.
The last entry of errorHistory is 0.500720 for index 134372, 135/1000.
Terminated at swamp 1.
The last entry of errorHistory is 1.000000 for index 134373, 135/1000.
Terminated at swamp 0.5.
The last entry of errorHistory is 0.500428 for index 134374, 135/1000.
Terminated at swamp 0.5.
The last entry of errorHistory is 0.500043 for index 134375, 135/1000.
Terminated at swamp 1.
The last entry of errorHistory is 1.000394 for index 134376, 135/1000.
Terminated at swamp 0.5.
The last entry of errorHistory is 0.500659 for index 134377, 135/1000.
Terminated at swamp 0.5.
The last entry of errorHistory is 0.500231 for index 134378, 135/1000.
Terminated at swamp 1.
The last entry of errorHistory is 1.000001 for index 134379, 135/1000.
Terminated at swamp 0.5.
The last entry of errorHistory is 0.500583 for index 134380, 135/1000.
The last entry of errorHistory is 1.000000 for index 134381, 135/1000.
Terminated at swamp 0.5.
The last entry of errorHistory is 0.500620 for index 134382, 135/1000.
Terminated at swamp 0.5.
The last entry of errorHistory is 0.500243 for index 134383, 135/1000.
Terminated at swamp 0.5.
The last entry of errorHistory is 0.500201 for index 134384, 135/1000.
Terminated at swamp 0.5.
The last entry of errorHistory is 0.500038 for index 134385, 135/1000.
Terminated at swamp 0.5.
The last entry of errorHistory is 0.500270 for index 134386, 135/1000.
The last entry of errorHistory is 0.000019 for index 134387, 135/1000.
The last entry of errorHistory is 1.000000 for index 134388, 135/1000.
Terminated at swamp 0.5.
The last entry of errorHistory is 0.500537 for index 134389, 135/1000.
Terminated at swamp 0.5.
The last entry of errorHistory is 0.500522 for index 134390, 135/1000.
Terminated at swamp 0.5.
The last entry of errorHistory is 0.500585 for index 134391, 135/1000.
The last entry of errorHistory is 1.000000 for index 134392, 135/1000.
The last entry of errorHistory is 0.500000 for index 134393, 135/1000.
The last entry of errorHistory is 1.000000 for index 134394, 135/1000.
The last entry of errorHistory is 0.000142 for index 134395, 135/1000.
The last entry of errorHistory is 1.000000 for index 134396, 135/1000.
Terminated at swamp 0.5.
The last entry of errorHistory is 0.500151 for index 134397, 135/1000.
Terminated at swamp 0.5.
The last entry of errorHistory is 0.500206 for index 134398, 135/1000.
The last entry of errorHistory is 1.000000 for index 134399, 135/1000.
The last entry of errorHistory is 0.500000 for index 134400, 135/1000.
The last entry of errorHistory is 1.000000 for index 134401, 135/1000.
The last entry of errorHistory is 1.000000 for index 134402, 135/1000.
Terminated at swamp 0.5.
The last entry of errorHistory is 0.500421 for index 134403, 135/1000.
Terminated at swamp 0.5.
The last entry of errorHistory is 0.500592 for index 134404, 135/1000.
The last entry of errorHistory is 1.000000 for index 134405, 135/1000.
The last entry of errorHistory is 0.500000 for index 134406, 135/1000.
Terminated at swamp 0.5.
The last entry of errorHistory is 0.500020 for index 134407, 135/1000.
The last entry of errorHistory is 1.000000 for index 134408, 135/1000.
Terminated at swamp 0.5.
The last entry of errorHistory is 0.500262 for index 134409, 135/1000.
Terminated at swamp 0.5.
The last entry of errorHistory is 0.500139 for index 134410, 135/1000.
Terminated at swamp 1.
The last entry of errorHistory is 1.000367 for index 134411, 135/1000.
Terminated at swamp 0.5.
The last entry of errorHistory is 0.500363 for index 134412, 135/1000.
Terminated at swamp 0.5.
The last entry of errorHistory is 0.500492 for index 134413, 135/1000.
The last entry of errorHistory is 0.500000 for index 134414, 135/1000.
Terminated at swamp 0.5.
The last entry of errorHistory is 0.500043 for index 134415, 135/1000.
Terminated at swamp 0.5.
The last entry of errorHistory is 0.500416 for index 134416, 135/1000.
The last entry of errorHistory is 0.500000 for index 134417, 135/1000.
The last entry of errorHistory is 1.000000 for index 134418, 135/1000.
The last entry of errorHistory is 1.000000 for index 134419, 135/1000.
Terminated at swamp 0.5.
The last entry of errorHistory is 0.500410 for index 134420, 135/1000.
Terminated at swamp 1.
The last entry of errorHistory is 1.000001 for index 134421, 135/1000.
The last entry of errorHistory is 0.500000 for index 134422, 135/1000.
Terminated at swamp 0.5.
The last entry of errorHistory is 0.500000 for index 134423, 135/1000.
Terminated at swamp 0.5.
The last entry of errorHistory is 0.500292 for index 134424, 135/1000.
Terminated at swamp 1.
The last entry of errorHistory is 1.000020 for index 134425, 135/1000.
Terminated at swamp 1.
The last entry of errorHistory is 1.000041 for index 134426, 135/1000.
The last entry of errorHistory is 1.000000 for index 134427, 135/1000.
Terminated at swamp 0.5.
The last entry of errorHistory is 0.500377 for index 134428, 135/1000.
Terminated at swamp 0.5.
The last entry of errorHistory is 0.500685 for index 134429, 135/1000.
The last entry of errorHistory is 0.000173 for index 134430, 135/1000.
The last entry of errorHistory is 1.500000 for index 134431, 135/1000.
Terminated at swamp 1.
The last entry of errorHistory is 1.000090 for index 134432, 135/1000.
Terminated at swamp 0.5.
The last entry of errorHistory is 0.500325 for index 134433, 135/1000.
Terminated at swamp 1.
The last entry of errorHistory is 1.000033 for index 134434, 135/1000.
Terminated at swamp 0.5.
The last entry of errorHistory is 0.500552 for index 134435, 135/1000.
Terminated at swamp 0.5.
The last entry of errorHistory is 0.500603 for index 134436, 135/1000.
Terminated at swamp 0.5.
The last entry of errorHistory is 0.500592 for index 134437, 135/1000.
Terminated at swamp 0.5.
The last entry of errorHistory is 0.500010 for index 134438, 135/1000.
The last entry of errorHistory is 1.000000 for index 134439, 135/1000.
Terminated at swamp 0.5.
The last entry of errorHistory is 0.500168 for index 134440, 135/1000.
The last entry of errorHistory is 0.500000 for index 134441, 135/1000.
Terminated at swamp 0.5.
The last entry of errorHistory is 0.500191 for index 134442, 135/1000.
The last entry of errorHistory is 0.500000 for index 134443, 135/1000.
Terminated at swamp 0.5.
The last entry of errorHistory is 0.500000 for index 134444, 135/1000.
Terminated at swamp 0.5.
The last entry of errorHistory is 0.500955 for index 134445, 135/1000.
Terminated at swamp 1.
The last entry of errorHistory is 1.000030 for index 134446, 135/1000.
Terminated at swamp 1.
The last entry of errorHistory is 1.000000 for index 134447, 135/1000.
The last entry of errorHistory is 1.000000 for index 134448, 135/1000.
Terminated at swamp 0.5.
The last entry of errorHistory is 0.500578 for index 134449, 135/1000.
Terminated at swamp 0.5.
The last entry of errorHistory is 0.500387 for index 134450, 135/1000.
Terminated at swamp 0.5.
The last entry of errorHistory is 0.500087 for index 134451, 135/1000.
The last entry of errorHistory is 0.000010 for index 134452, 135/1000.
The last entry of errorHistory is 1.000000 for index 134453, 135/1000.
Terminated at swamp 0.5.
The last entry of errorHistory is 0.500449 for index 134454, 135/1000.
The last entry of errorHistory is 0.000011 for index 134455, 135/1000.
The last entry of errorHistory is 1.000000 for index 134456, 135/1000.
The last entry of errorHistory is 1.000000 for index 134457, 135/1000.
The last entry of errorHistory is 0.500000 for index 134458, 135/1000.
Terminated at swamp 0.5.
The last entry of errorHistory is 0.500080 for index 134459, 135/1000.
Terminated at swamp 0.5.
The last entry of errorHistory is 0.500453 for index 134460, 135/1000.
The last entry of errorHistory is 0.000013 for index 134461, 135/1000.
The last entry of errorHistory is 1.000000 for index 134462, 135/1000.
Terminated at swamp 0.5.
The last entry of errorHistory is 0.500457 for index 134463, 135/1000.
Terminated at swamp 0.5.
The last entry of errorHistory is 0.500516 for index 134464, 135/1000.
Terminated at swamp 1.
The last entry of errorHistory is 1.000575 for index 134465, 135/1000.
The last entry of errorHistory is 1.500000 for index 134466, 135/1000.
The last entry of errorHistory is 1.000000 for index 134467, 135/1000.
Terminated at swamp 0.5.
The last entry of errorHistory is 0.500279 for index 134468, 135/1000.
The last entry of errorHistory is 1.000000 for index 134469, 135/1000.
Terminated at swamp 1.
The last entry of errorHistory is 1.000090 for index 134470, 135/1000.
Terminated at swamp 0.5.
The last entry of errorHistory is 0.500615 for index 134471, 135/1000.
Terminated at swamp 0.5.
The last entry of errorHistory is 0.500364 for index 134472, 135/1000.
The last entry of errorHistory is 0.000022 for index 134473, 135/1000.
Terminated at swamp 0.5.
The last entry of errorHistory is 0.500473 for index 134474, 135/1000.
Terminated at swamp 0.5.
The last entry of errorHistory is 0.500375 for index 134475, 135/1000.
Terminated at swamp 1.
The last entry of errorHistory is 1.000004 for index 134476, 135/1000.
Terminated at swamp 0.5.
The last entry of errorHistory is 0.500648 for index 134477, 135/1000.
Terminated at swamp 0.5.
The last entry of errorHistory is 0.500050 for index 134478, 135/1000.
Terminated at swamp 0.5.
The last entry of errorHistory is 0.500299 for index 134479, 135/1000.
The last entry of errorHistory is 1.500000 for index 134480, 135/1000.
Terminated at swamp 0.5.
The last entry of errorHistory is 0.500637 for index 134481, 135/1000.
The last entry of errorHistory is 0.500000 for index 134482, 135/1000.
The last entry of errorHistory is 1.000000 for index 134483, 135/1000.
The last entry of errorHistory is 0.000013 for index 134484, 135/1000.
The last entry of errorHistory is 1.000000 for index 134485, 135/1000.
Terminated at swamp 0.5.
The last entry of errorHistory is 0.500000 for index 134486, 135/1000.
The last entry of errorHistory is 0.500000 for index 134487, 135/1000.
Terminated at swamp 1.
The last entry of errorHistory is 1.000003 for index 134488, 135/1000.
The last entry of errorHistory is 0.000028 for index 134489, 135/1000.
Terminated at swamp 0.5.
The last entry of errorHistory is 0.500470 for index 134490, 135/1000.
Terminated at swamp 1.
The last entry of errorHistory is 1.000000 for index 134491, 135/1000.
Terminated at swamp 0.5.
The last entry of errorHistory is 0.500775 for index 134492, 135/1000.
Terminated at swamp 0.5.
The last entry of errorHistory is 0.500000 for index 134493, 135/1000.
Terminated at swamp 0.5.
The last entry of errorHistory is 0.500042 for index 134494, 135/1000.
Terminated at swamp 0.5.
The last entry of errorHistory is 0.500377 for index 134495, 135/1000.
Terminated at swamp 0.5.
The last entry of errorHistory is 0.500860 for index 134496, 135/1000.
The last entry of errorHistory is 0.500000 for index 134497, 135/1000.
The last entry of errorHistory is 1.000000 for index 134498, 135/1000.
Terminated at swamp 0.5.
The last entry of errorHistory is 0.500611 for index 134499, 135/1000.
Terminated at swamp 0.5.
The last entry of errorHistory is 0.500506 for index 134500, 135/1000.
The last entry of errorHistory is 0.500000 for index 134501, 135/1000.
Terminated at swamp 0.5.
The last entry of errorHistory is 0.500132 for index 134502, 135/1000.
The last entry of errorHistory is 0.500000 for index 134503, 135/1000.
Terminated at swamp 0.5.
The last entry of errorHistory is 0.500555 for index 134504, 135/1000.
Terminated at swamp 0.5.
The last entry of errorHistory is 0.500605 for index 134505, 135/1000.
Terminated at swamp 0.5.
The last entry of errorHistory is 0.500503 for index 134506, 135/1000.
The last entry of errorHistory is 0.000079 for index 134507, 135/1000.
Terminated at swamp 0.5.
The last entry of errorHistory is 0.500562 for index 134508, 135/1000.
Terminated at swamp 1.
The last entry of errorHistory is 1.000415 for index 134509, 135/1000.
The last entry of errorHistory is 1.000000 for index 134510, 135/1000.
Terminated at swamp 0.5.
The last entry of errorHistory is 0.500416 for index 134511, 135/1000.
Terminated at swamp 0.5.
The last entry of errorHistory is 0.500419 for index 134512, 135/1000.
Terminated at swamp 1.
The last entry of errorHistory is 1.000362 for index 134513, 135/1000.
Terminated at swamp 0.5.
The last entry of errorHistory is 0.500080 for index 134514, 135/1000.
Terminated at swamp 1.
The last entry of errorHistory is 1.000003 for index 134515, 135/1000.
Terminated at swamp 0.5.
The last entry of errorHistory is 0.500250 for index 134516, 135/1000.
The last entry of errorHistory is 1.000000 for index 134517, 135/1000.
Terminated at swamp 0.5.
The last entry of errorHistory is 0.500170 for index 134518, 135/1000.
The last entry of errorHistory is 0.000028 for index 134519, 135/1000.
Terminated at swamp 0.5.
The last entry of errorHistory is 0.500325 for index 134520, 135/1000.
The last entry of errorHistory is 1.000000 for index 134521, 135/1000.
Terminated at swamp 0.5.
The last entry of errorHistory is 0.500331 for index 134522, 135/1000.
Terminated at swamp 0.5.
The last entry of errorHistory is 0.500958 for index 134523, 135/1000.
Terminated at swamp 1.
The last entry of errorHistory is 1.000004 for index 134524, 135/1000.
Terminated at swamp 1.
The last entry of errorHistory is 1.000006 for index 134525, 135/1000.
Terminated at swamp 0.5.
The last entry of errorHistory is 0.500441 for index 134526, 135/1000.
Terminated at swamp 1.
The last entry of errorHistory is 1.000133 for index 134527, 135/1000.
Terminated at swamp 0.5.
The last entry of errorHistory is 0.500348 for index 134528, 135/1000.
Terminated at swamp 0.5.
The last entry of errorHistory is 0.500521 for index 134529, 135/1000.
Terminated at swamp 0.5.
The last entry of errorHistory is 0.500752 for index 134530, 135/1000.
Terminated at swamp 1.
The last entry of errorHistory is 1.000075 for index 134531, 135/1000.
Terminated at swamp 0.5.
The last entry of errorHistory is 0.500164 for index 134532, 135/1000.
Terminated at swamp 0.5.
The last entry of errorHistory is 0.500521 for index 134533, 135/1000.
Terminated at swamp 0.5.
The last entry of errorHistory is 0.500325 for index 134534, 135/1000.
Terminated at swamp 0.5.
The last entry of errorHistory is 0.500781 for index 134535, 135/1000.
Terminated at swamp 0.5.
The last entry of errorHistory is 0.500035 for index 134536, 135/1000.
The last entry of errorHistory is 1.500000 for index 134537, 135/1000.
Terminated at swamp 0.5.
The last entry of errorHistory is 0.500532 for index 134538, 135/1000.
The last entry of errorHistory is 0.000026 for index 134539, 135/1000.
Terminated at swamp 0.5.
The last entry of errorHistory is 0.500164 for index 134540, 135/1000.
Terminated at swamp 0.5.
The last entry of errorHistory is 0.500549 for index 134541, 135/1000.
Terminated at swamp 1.
The last entry of errorHistory is 1.000000 for index 134542, 135/1000.
The last entry of errorHistory is 0.000059 for index 134543, 135/1000.
Terminated at swamp 0.5.
The last entry of errorHistory is 0.500628 for index 134544, 135/1000.
The last entry of errorHistory is 1.000000 for index 134545, 135/1000.
Terminated at swamp 0.5.
The last entry of errorHistory is 0.500503 for index 134546, 135/1000.
Terminated at swamp 1.
The last entry of errorHistory is 1.000015 for index 134547, 135/1000.
The last entry of errorHistory is 1.000000 for index 134548, 135/1000.
Terminated at swamp 1.
The last entry of errorHistory is 1.000159 for index 134549, 135/1000.
Terminated at swamp 0.5.
The last entry of errorHistory is 0.500084 for index 134550, 135/1000.
Terminated at swamp 0.5.
The last entry of errorHistory is 0.500443 for index 134551, 135/1000.
Terminated at swamp 0.5.
The last entry of errorHistory is 0.500732 for index 134552, 135/1000.
Terminated at swamp 1.
The last entry of errorHistory is 1.000182 for index 134553, 135/1000.
The last entry of errorHistory is 1.000000 for index 134554, 135/1000.
Terminated at swamp 0.5.
The last entry of errorHistory is 0.500496 for index 134555, 135/1000.
The last entry of errorHistory is 0.500000 for index 134556, 135/1000.
Terminated at swamp 1.
The last entry of errorHistory is 1.000038 for index 134557, 135/1000.
The last entry of errorHistory is 1.000000 for index 134558, 135/1000.
The last entry of errorHistory is 1.000000 for index 134559, 135/1000.
The last entry of errorHistory is 0.000683 for index 134560, 135/1000.
Terminated at swamp 1.
The last entry of errorHistory is 1.000009 for index 134561, 135/1000.
Terminated at swamp 0.5.
The last entry of errorHistory is 0.500687 for index 134562, 135/1000.
Terminated at swamp 0.5.
The last entry of errorHistory is 0.500316 for index 134563, 135/1000.
Terminated at swamp 0.5.
The last entry of errorHistory is 0.500129 for index 134564, 135/1000.
The last entry of errorHistory is 0.000013 for index 134565, 135/1000.
The last entry of errorHistory is 1.000000 for index 134566, 135/1000.
The last entry of errorHistory is 1.000000 for index 134567, 135/1000.
The last entry of errorHistory is 0.000094 for index 134568, 135/1000.
Terminated at swamp 0.5.
The last entry of errorHistory is 0.500753 for index 134569, 135/1000.
Terminated at swamp 1.
The last entry of errorHistory is 1.000303 for index 134570, 135/1000.
Terminated at swamp 1.
The last entry of errorHistory is 1.000000 for index 134571, 135/1000.
The last entry of errorHistory is 0.500000 for index 134572, 135/1000.
Terminated at swamp 0.5.
The last entry of errorHistory is 0.500244 for index 134573, 135/1000.
Terminated at swamp 0.5.
The last entry of errorHistory is 0.500215 for index 134574, 135/1000.
Terminated at swamp 0.5.
The last entry of errorHistory is 0.500437 for index 134575, 135/1000.
Terminated at swamp 0.5.
The last entry of errorHistory is 0.500180 for index 134576, 135/1000.
Terminated at swamp 0.5.
The last entry of errorHistory is 0.500237 for index 134577, 135/1000.
Terminated at swamp 0.5.
The last entry of errorHistory is 0.500644 for index 134578, 135/1000.
Terminated at swamp 0.5.
The last entry of errorHistory is 0.500388 for index 134579, 135/1000.
Terminated at swamp 1.
The last entry of errorHistory is 1.000284 for index 134580, 135/1000.
Terminated at swamp 0.5.
The last entry of errorHistory is 0.500256 for index 134581, 135/1000.
Terminated at swamp 0.5.
The last entry of errorHistory is 0.500425 for index 134582, 135/1000.
The last entry of errorHistory is 0.500000 for index 134583, 135/1000.
Terminated at swamp 0.5.
The last entry of errorHistory is 0.500476 for index 134584, 135/1000.
Terminated at swamp 0.5.
The last entry of errorHistory is 0.500494 for index 134585, 135/1000.
Terminated at swamp 0.5.
The last entry of errorHistory is 0.500425 for index 134586, 135/1000.
Terminated at swamp 0.5.
The last entry of errorHistory is 0.500538 for index 134587, 135/1000.
The last entry of errorHistory is 0.000018 for index 134588, 135/1000.
Terminated at swamp 1.
The last entry of errorHistory is 1.000002 for index 134589, 135/1000.
The last entry of errorHistory is 0.500000 for index 134590, 135/1000.
Terminated at swamp 0.5.
The last entry of errorHistory is 0.500067 for index 134591, 135/1000.
The last entry of errorHistory is 0.000232 for index 134592, 135/1000.
Terminated at swamp 0.5.
The last entry of errorHistory is 0.500506 for index 134593, 135/1000.
The last entry of errorHistory is 1.000000 for index 134594, 135/1000.
Terminated at swamp 0.5.
The last entry of errorHistory is 0.500434 for index 134595, 135/1000.
Terminated at swamp 0.5.
The last entry of errorHistory is 0.500485 for index 134596, 135/1000.
The last entry of errorHistory is 1.000000 for index 134597, 135/1000.
Terminated at swamp 0.5.
The last entry of errorHistory is 0.500555 for index 134598, 135/1000.
Terminated at swamp 1.
The last entry of errorHistory is 1.000032 for index 134599, 135/1000.
Terminated at swamp 0.5.
The last entry of errorHistory is 0.500483 for index 134600, 135/1000.
Terminated at swamp 1.
The last entry of errorHistory is 1.000444 for index 134601, 135/1000.
Terminated at swamp 0.5.
The last entry of errorHistory is 0.500144 for index 134602, 135/1000.
Terminated at swamp 0.5.
The last entry of errorHistory is 0.500087 for index 134603, 135/1000.
The last entry of errorHistory is 1.000000 for index 134604, 135/1000.
The last entry of errorHistory is 1.000000 for index 134605, 135/1000.
Terminated at swamp 0.5.
The last entry of errorHistory is 0.500447 for index 134606, 135/1000.
Terminated at swamp 1.
The last entry of errorHistory is 1.000000 for index 134607, 135/1000.
The last entry of errorHistory is 0.000147 for index 134608, 135/1000.
The last entry of errorHistory is 1.000000 for index 134609, 135/1000.
Terminated at swamp 1.
The last entry of errorHistory is 1.000046 for index 134610, 135/1000.
The last entry of errorHistory is 0.500000 for index 134611, 135/1000.
Terminated at swamp 0.5.
The last entry of errorHistory is 0.500411 for index 134612, 135/1000.
The last entry of errorHistory is 0.000024 for index 134613, 135/1000.
Terminated at swamp 0.5.
The last entry of errorHistory is 0.500755 for index 134614, 135/1000.
Terminated at swamp 0.5.
The last entry of errorHistory is 0.500867 for index 134615, 135/1000.
Terminated at swamp 0.5.
The last entry of errorHistory is 0.500107 for index 134616, 135/1000.
Terminated at swamp 0.5.
The last entry of errorHistory is 0.500121 for index 134617, 135/1000.
Terminated at swamp 0.5.
The last entry of errorHistory is 0.500017 for index 134618, 135/1000.
Terminated at swamp 1.
The last entry of errorHistory is 1.000463 for index 134619, 135/1000.
Terminated at swamp 0.5.
The last entry of errorHistory is 0.500574 for index 134620, 135/1000.
Terminated at swamp 0.5.
The last entry of errorHistory is 0.500658 for index 134621, 135/1000.
Terminated at swamp 1.
The last entry of errorHistory is 1.000094 for index 134622, 135/1000.
The last entry of errorHistory is 0.000030 for index 134623, 135/1000.
Terminated at swamp 1.
The last entry of errorHistory is 1.000079 for index 134624, 135/1000.
Terminated at swamp 0.5.
The last entry of errorHistory is 0.500523 for index 134625, 135/1000.
Terminated at swamp 0.5.
The last entry of errorHistory is 0.500302 for index 134626, 135/1000.
The last entry of errorHistory is 1.000000 for index 134627, 135/1000.
The last entry of errorHistory is 0.000072 for index 134628, 135/1000.
The last entry of errorHistory is 1.000000 for index 134629, 135/1000.
Terminated at swamp 0.5.
The last entry of errorHistory is 0.500360 for index 134630, 135/1000.
Terminated at swamp 1.
The last entry of errorHistory is 1.000000 for index 134631, 135/1000.
The last entry of errorHistory is 1.500000 for index 134632, 135/1000.
The last entry of errorHistory is 1.000000 for index 134633, 135/1000.
Terminated at swamp 0.5.
The last entry of errorHistory is 0.500327 for index 134634, 135/1000.
The last entry of errorHistory is 1.500000 for index 134635, 135/1000.
The last entry of errorHistory is 0.000011 for index 134636, 135/1000.
Terminated at swamp 0.5.
The last entry of errorHistory is 0.500632 for index 134637, 135/1000.
Terminated at swamp 0.5.
The last entry of errorHistory is 0.500023 for index 134638, 135/1000.
Terminated at swamp 0.5.
The last entry of errorHistory is 0.500408 for index 134639, 135/1000.
Terminated at swamp 0.5.
The last entry of errorHistory is 0.500110 for index 134640, 135/1000.
Terminated at swamp 0.5.
The last entry of errorHistory is 0.500117 for index 134641, 135/1000.
The last entry of errorHistory is 0.000024 for index 134642, 135/1000.
The last entry of errorHistory is 0.000017 for index 134643, 135/1000.
Terminated at swamp 0.5.
The last entry of errorHistory is 0.500557 for index 134644, 135/1000.
The last entry of errorHistory is 0.000058 for index 134645, 135/1000.
Terminated at swamp 1.
The last entry of errorHistory is 1.000041 for index 134646, 135/1000.
Terminated at swamp 1.
The last entry of errorHistory is 1.000079 for index 134647, 135/1000.
Terminated at swamp 0.5.
The last entry of errorHistory is 0.500114 for index 134648, 135/1000.
Terminated at swamp 0.5.
The last entry of errorHistory is 0.500315 for index 134649, 135/1000.
Terminated at swamp 0.5.
The last entry of errorHistory is 0.500262 for index 134650, 135/1000.
Terminated at swamp 0.5.
The last entry of errorHistory is 0.500138 for index 134651, 135/1000.
The last entry of errorHistory is 1.000000 for index 134652, 135/1000.
Terminated at swamp 0.5.
The last entry of errorHistory is 0.500548 for index 134653, 135/1000.
The last entry of errorHistory is 1.500000 for index 134654, 135/1000.
Terminated at swamp 0.5.
The last entry of errorHistory is 0.500502 for index 134655, 135/1000.
Terminated at swamp 0.5.
The last entry of errorHistory is 0.500146 for index 134656, 135/1000.
The last entry of errorHistory is 0.500000 for index 134657, 135/1000.
Terminated at swamp 0.5.
The last entry of errorHistory is 0.500668 for index 134658, 135/1000.
The last entry of errorHistory is 0.500000 for index 134659, 135/1000.
Terminated at swamp 0.5.
The last entry of errorHistory is 0.500266 for index 134660, 135/1000.
Terminated at swamp 0.5.
The last entry of errorHistory is 0.500463 for index 134661, 135/1000.
The last entry of errorHistory is 1.000000 for index 134662, 135/1000.
Terminated at swamp 1.
The last entry of errorHistory is 1.000525 for index 134663, 135/1000.
Terminated at swamp 1.
The last entry of errorHistory is 1.000152 for index 134664, 135/1000.
Terminated at swamp 0.5.
The last entry of errorHistory is 0.500465 for index 134665, 135/1000.
The last entry of errorHistory is 0.000018 for index 134666, 135/1000.
The last entry of errorHistory is 1.000000 for index 134667, 135/1000.
Terminated at swamp 0.5.
The last entry of errorHistory is 0.500029 for index 134668, 135/1000.
Terminated at swamp 0.5.
The last entry of errorHistory is 0.500339 for index 134669, 135/1000.
Terminated at swamp 0.5.
The last entry of errorHistory is 0.500570 for index 134670, 135/1000.
Terminated at swamp 1.
The last entry of errorHistory is 1.000084 for index 134671, 135/1000.
Terminated at swamp 0.5.
The last entry of errorHistory is 0.500609 for index 134672, 135/1000.
Terminated at swamp 0.5.
The last entry of errorHistory is 0.500443 for index 134673, 135/1000.
Terminated at swamp 0.5.
The last entry of errorHistory is 0.500161 for index 134674, 135/1000.
Terminated at swamp 0.5.
The last entry of errorHistory is 0.500494 for index 134675, 135/1000.
The last entry of errorHistory is 1.000000 for index 134676, 135/1000.
The last entry of errorHistory is 1.500000 for index 134677, 135/1000.
The last entry of errorHistory is 0.000017 for index 134678, 135/1000.
The last entry of errorHistory is 1.500000 for index 134679, 135/1000.
Terminated at swamp 0.5.
The last entry of errorHistory is 0.500220 for index 134680, 135/1000.
Terminated at swamp 0.5.
The last entry of errorHistory is 0.500702 for index 134681, 135/1000.
Terminated at swamp 0.5.
The last entry of errorHistory is 0.500017 for index 134682, 135/1000.
Terminated at swamp 0.5.
The last entry of errorHistory is 0.500163 for index 134683, 135/1000.
The last entry of errorHistory is 1.000000 for index 134684, 135/1000.
Terminated at swamp 0.5.
The last entry of errorHistory is 0.500660 for index 134685, 135/1000.
The last entry of errorHistory is 0.500000 for index 134686, 135/1000.
Terminated at swamp 0.5.
The last entry of errorHistory is 0.500022 for index 134687, 135/1000.
Terminated at swamp 0.5.
The last entry of errorHistory is 0.500857 for index 134688, 135/1000.
Terminated at swamp 0.5.
The last entry of errorHistory is 0.500309 for index 134689, 135/1000.
Terminated at swamp 0.5.
The last entry of errorHistory is 0.500377 for index 134690, 135/1000.
Terminated at swamp 0.5.
The last entry of errorHistory is 0.500485 for index 134691, 135/1000.
The last entry of errorHistory is 1.000000 for index 134692, 135/1000.
The last entry of errorHistory is 1.000000 for index 134693, 135/1000.
Terminated at swamp 0.5.
The last entry of errorHistory is 0.500387 for index 134694, 135/1000.
The last entry of errorHistory is 1.000000 for index 134695, 135/1000.
Terminated at swamp 0.5.
The last entry of errorHistory is 0.500355 for index 134696, 135/1000.
Terminated at swamp 1.
The last entry of errorHistory is 1.000323 for index 134697, 135/1000.
Terminated at swamp 0.5.
The last entry of errorHistory is 0.500462 for index 134698, 135/1000.
The last entry of errorHistory is 0.001036 for index 134699, 135/1000.
Terminated at swamp 0.5.
The last entry of errorHistory is 0.500009 for index 134700, 135/1000.
Terminated at swamp 0.5.
The last entry of errorHistory is 0.500785 for index 134701, 135/1000.
The last entry of errorHistory is 0.000031 for index 134702, 135/1000.
Terminated at swamp 0.5.
The last entry of errorHistory is 0.500003 for index 134703, 135/1000.
Terminated at swamp 0.5.
The last entry of errorHistory is 0.500000 for index 134704, 135/1000.
Terminated at swamp 0.5.
The last entry of errorHistory is 0.500100 for index 134705, 135/1000.
The last entry of errorHistory is 0.500000 for index 134706, 135/1000.
Terminated at swamp 0.5.
The last entry of errorHistory is 0.500254 for index 134707, 135/1000.
Terminated at swamp 1.
The last entry of errorHistory is 1.000006 for index 134708, 135/1000.
Terminated at swamp 1.
The last entry of errorHistory is 1.000134 for index 134709, 135/1000.
The last entry of errorHistory is 1.000000 for index 134710, 135/1000.
Terminated at swamp 1.
The last entry of errorHistory is 1.000348 for index 134711, 135/1000.
Terminated at swamp 1.
The last entry of errorHistory is 1.000043 for index 134712, 135/1000.
Terminated at swamp 1.
The last entry of errorHistory is 1.000025 for index 134713, 135/1000.
The last entry of errorHistory is 1.500000 for index 134714, 135/1000.
Terminated at swamp 1.
The last entry of errorHistory is 1.000000 for index 134715, 135/1000.
The last entry of errorHistory is 0.000030 for index 134716, 135/1000.
Terminated at swamp 0.5.
The last entry of errorHistory is 0.500489 for index 134717, 135/1000.
Terminated at swamp 0.5.
The last entry of errorHistory is 0.500573 for index 134718, 135/1000.
Terminated at swamp 0.5.
The last entry of errorHistory is 0.500002 for index 134719, 135/1000.
The last entry of errorHistory is 0.000030 for index 134720, 135/1000.
Terminated at swamp 0.5.
The last entry of errorHistory is 0.500406 for index 134721, 135/1000.
The last entry of errorHistory is 0.000026 for index 134722, 135/1000.
Terminated at swamp 0.5.
The last entry of errorHistory is 0.500516 for index 134723, 135/1000.
The last entry of errorHistory is 1.000000 for index 134724, 135/1000.
Terminated at swamp 1.
The last entry of errorHistory is 1.000000 for index 134725, 135/1000.
Terminated at swamp 0.5.
The last entry of errorHistory is 0.500518 for index 134726, 135/1000.
Terminated at swamp 1.
The last entry of errorHistory is 1.000002 for index 134727, 135/1000.
Terminated at swamp 0.5.
The last entry of errorHistory is 0.500253 for index 134728, 135/1000.
Terminated at swamp 1.
The last entry of errorHistory is 1.000120 for index 134729, 135/1000.
The last entry of errorHistory is 1.000000 for index 134730, 135/1000.
The last entry of errorHistory is 1.000000 for index 134731, 135/1000.
Terminated at swamp 0.5.
The last entry of errorHistory is 0.500525 for index 134732, 135/1000.
Terminated at swamp 0.5.
The last entry of errorHistory is 0.500556 for index 134733, 135/1000.
Terminated at swamp 0.5.
The last entry of errorHistory is 0.500001 for index 134734, 135/1000.
The last entry of errorHistory is 0.000007 for index 134735, 135/1000.
Terminated at swamp 0.5.
The last entry of errorHistory is 0.500149 for index 134736, 135/1000.
Terminated at swamp 0.5.
The last entry of errorHistory is 0.500466 for index 134737, 135/1000.
The last entry of errorHistory is 1.000000 for index 134738, 135/1000.
The last entry of errorHistory is 0.500000 for index 134739, 135/1000.
Terminated at swamp 0.5.
The last entry of errorHistory is 0.500342 for index 134740, 135/1000.
Terminated at swamp 0.5.
The last entry of errorHistory is 0.500437 for index 134741, 135/1000.
Terminated at swamp 0.5.
The last entry of errorHistory is 0.500734 for index 134742, 135/1000.
The last entry of errorHistory is 0.500000 for index 134743, 135/1000.
The last entry of errorHistory is 0.500000 for index 134744, 135/1000.
Terminated at swamp 0.5.
The last entry of errorHistory is 0.500476 for index 134745, 135/1000.
Terminated at swamp 0.5.
The last entry of errorHistory is 0.500324 for index 134746, 135/1000.
The last entry of errorHistory is 1.000000 for index 134747, 135/1000.
Terminated at swamp 0.5.
The last entry of errorHistory is 0.500421 for index 134748, 135/1000.
Terminated at swamp 1.
The last entry of errorHistory is 1.000304 for index 134749, 135/1000.
Terminated at swamp 0.5.
The last entry of errorHistory is 0.500000 for index 134750, 135/1000.
Terminated at swamp 1.
The last entry of errorHistory is 1.000122 for index 134751, 135/1000.
The last entry of errorHistory is 1.000000 for index 134752, 135/1000.
Terminated at swamp 0.5.
The last entry of errorHistory is 0.500497 for index 134753, 135/1000.
The last entry of errorHistory is 1.000000 for index 134754, 135/1000.
Terminated at swamp 1.
The last entry of errorHistory is 1.000000 for index 134755, 135/1000.
Terminated at swamp 0.5.
The last entry of errorHistory is 0.500568 for index 134756, 135/1000.
Terminated at swamp 0.5.
The last entry of errorHistory is 0.500108 for index 134757, 135/1000.
The last entry of errorHistory is 0.000420 for index 134758, 135/1000.
Terminated at swamp 0.5.
The last entry of errorHistory is 0.500559 for index 134759, 135/1000.
The last entry of errorHistory is 0.001241 for index 134760, 135/1000.
Terminated at swamp 0.5.
The last entry of errorHistory is 0.500458 for index 134761, 135/1000.
The last entry of errorHistory is 0.500000 for index 134762, 135/1000.
Terminated at swamp 1.
The last entry of errorHistory is 1.000039 for index 134763, 135/1000.
Terminated at swamp 0.5.
The last entry of errorHistory is 0.500616 for index 134764, 135/1000.
Terminated at swamp 1.
The last entry of errorHistory is 1.000130 for index 134765, 135/1000.
The last entry of errorHistory is 1.000000 for index 134766, 135/1000.
Terminated at swamp 0.5.
The last entry of errorHistory is 0.500517 for index 134767, 135/1000.
Terminated at swamp 0.5.
The last entry of errorHistory is 0.500674 for index 134768, 135/1000.
Terminated at swamp 0.5.
The last entry of errorHistory is 0.500003 for index 134769, 135/1000.
Terminated at swamp 0.5.
The last entry of errorHistory is 0.500573 for index 134770, 135/1000.
Terminated at swamp 0.5.
The last entry of errorHistory is 0.500366 for index 134771, 135/1000.
Terminated at swamp 0.5.
The last entry of errorHistory is 0.500293 for index 134772, 135/1000.
Terminated at swamp 0.5.
The last entry of errorHistory is 0.500479 for index 134773, 135/1000.
Terminated at swamp 0.5.
The last entry of errorHistory is 0.500362 for index 134774, 135/1000.
Terminated at swamp 1.
The last entry of errorHistory is 1.000001 for index 134775, 135/1000.
The last entry of errorHistory is 1.000000 for index 134776, 135/1000.
Terminated at swamp 1.
The last entry of errorHistory is 1.000274 for index 134777, 135/1000.
Terminated at swamp 0.5.
The last entry of errorHistory is 0.500541 for index 134778, 135/1000.
Terminated at swamp 0.5.
The last entry of errorHistory is 0.500346 for index 134779, 135/1000.
Terminated at swamp 0.5.
The last entry of errorHistory is 0.500473 for index 134780, 135/1000.
The last entry of errorHistory is 1.000000 for index 134781, 135/1000.
Terminated at swamp 0.5.
The last entry of errorHistory is 0.500266 for index 134782, 135/1000.
The last entry of errorHistory is 0.000018 for index 134783, 135/1000.
Terminated at swamp 0.5.
The last entry of errorHistory is 0.500531 for index 134784, 135/1000.
Terminated at swamp 0.5.
The last entry of errorHistory is 0.500541 for index 134785, 135/1000.
Terminated at swamp 0.5.
The last entry of errorHistory is 0.500775 for index 134786, 135/1000.
Terminated at swamp 0.5.
The last entry of errorHistory is 0.500555 for index 134787, 135/1000.
The last entry of errorHistory is 1.000000 for index 134788, 135/1000.
The last entry of errorHistory is 1.000000 for index 134789, 135/1000.
The last entry of errorHistory is 1.000000 for index 134790, 135/1000.
Terminated at swamp 0.5.
The last entry of errorHistory is 0.500460 for index 134791, 135/1000.
Terminated at swamp 1.
The last entry of errorHistory is 1.000073 for index 134792, 135/1000.
Terminated at swamp 0.5.
The last entry of errorHistory is 0.500531 for index 134793, 135/1000.
Terminated at swamp 0.5.
The last entry of errorHistory is 0.500658 for index 134794, 135/1000.
The last entry of errorHistory is 1.500000 for index 134795, 135/1000.
Terminated at swamp 0.5.
The last entry of errorHistory is 0.500431 for index 134796, 135/1000.
Terminated at swamp 0.5.
The last entry of errorHistory is 0.500398 for index 134797, 135/1000.
The last entry of errorHistory is 0.500000 for index 134798, 135/1000.
Terminated at swamp 0.5.
The last entry of errorHistory is 0.500279 for index 134799, 135/1000.
The last entry of errorHistory is 1.000000 for index 134800, 135/1000.
Terminated at swamp 0.5.
The last entry of errorHistory is 0.500424 for index 134801, 135/1000.
The last entry of errorHistory is 1.000000 for index 134802, 135/1000.
The last entry of errorHistory is 0.000020 for index 134803, 135/1000.
Terminated at swamp 1.
The last entry of errorHistory is 1.000004 for index 134804, 135/1000.
Terminated at swamp 1.
The last entry of errorHistory is 1.000014 for index 134805, 135/1000.
Terminated at swamp 0.5.
The last entry of errorHistory is 0.500250 for index 134806, 135/1000.
Terminated at swamp 0.5.
The last entry of errorHistory is 0.500599 for index 134807, 135/1000.
Terminated at swamp 0.5.
The last entry of errorHistory is 0.500440 for index 134808, 135/1000.
Terminated at swamp 0.5.
The last entry of errorHistory is 0.500178 for index 134809, 135/1000.
Terminated at swamp 0.5.
The last entry of errorHistory is 0.500475 for index 134810, 135/1000.
Terminated at swamp 0.5.
The last entry of errorHistory is 0.500040 for index 134811, 135/1000.
Terminated at swamp 1.
The last entry of errorHistory is 1.000049 for index 134812, 135/1000.
Terminated at swamp 0.5.
The last entry of errorHistory is 0.500455 for index 134813, 135/1000.
Terminated at swamp 0.5.
The last entry of errorHistory is 0.500077 for index 134814, 135/1000.
The last entry of errorHistory is 1.000000 for index 134815, 135/1000.
Terminated at swamp 0.5.
The last entry of errorHistory is 0.500542 for index 134816, 135/1000.
Terminated at swamp 1.
The last entry of errorHistory is 1.000395 for index 134817, 135/1000.
Terminated at swamp 0.5.
The last entry of errorHistory is 0.500432 for index 134818, 135/1000.
The last entry of errorHistory is 1.000000 for index 134819, 135/1000.
Terminated at swamp 0.5.
The last entry of errorHistory is 0.500113 for index 134820, 135/1000.
The last entry of errorHistory is 0.500000 for index 134821, 135/1000.
Terminated at swamp 0.5.
The last entry of errorHistory is 0.500483 for index 134822, 135/1000.
Terminated at swamp 0.5.
The last entry of errorHistory is 0.500357 for index 134823, 135/1000.
The last entry of errorHistory is 1.000000 for index 134824, 135/1000.
The last entry of errorHistory is 0.000028 for index 134825, 135/1000.
Terminated at swamp 0.5.
The last entry of errorHistory is 0.500021 for index 134826, 135/1000.
Terminated at swamp 0.5.
The last entry of errorHistory is 0.500615 for index 134827, 135/1000.
Terminated at swamp 0.5.
The last entry of errorHistory is 0.500564 for index 134828, 135/1000.
Terminated at swamp 0.5.
The last entry of errorHistory is 0.500471 for index 134829, 135/1000.
Terminated at swamp 0.5.
The last entry of errorHistory is 0.500386 for index 134830, 135/1000.
The last entry of errorHistory is 0.000021 for index 134831, 135/1000.
Terminated at swamp 0.5.
The last entry of errorHistory is 0.500106 for index 134832, 135/1000.
The last entry of errorHistory is 1.000000 for index 134833, 135/1000.
Terminated at swamp 0.5.
The last entry of errorHistory is 0.500290 for index 134834, 135/1000.
The last entry of errorHistory is 1.000000 for index 134835, 135/1000.
The last entry of errorHistory is 1.000000 for index 134836, 135/1000.
Terminated at swamp 0.5.
The last entry of errorHistory is 0.500471 for index 134837, 135/1000.
The last entry of errorHistory is 0.000015 for index 134838, 135/1000.
The last entry of errorHistory is 0.000410 for index 134839, 135/1000.
Terminated at swamp 0.5.
The last entry of errorHistory is 0.500027 for index 134840, 135/1000.
Terminated at swamp 0.5.
The last entry of errorHistory is 0.500100 for index 134841, 135/1000.
The last entry of errorHistory is 1.000000 for index 134842, 135/1000.
The last entry of errorHistory is 0.500000 for index 134843, 135/1000.
The last entry of errorHistory is 1.000000 for index 134844, 135/1000.
Terminated at swamp 0.5.
The last entry of errorHistory is 0.500159 for index 134845, 135/1000.
The last entry of errorHistory is 0.000298 for index 134846, 135/1000.
Terminated at swamp 1.5.
The last entry of errorHistory is 1.500279 for index 134847, 135/1000.
Terminated at swamp 0.5.
The last entry of errorHistory is 0.500150 for index 134848, 135/1000.
Terminated at swamp 1.
The last entry of errorHistory is 1.000000 for index 134849, 135/1000.
Terminated at swamp 0.5.
The last entry of errorHistory is 0.500473 for index 134850, 135/1000.
The last entry of errorHistory is 1.000000 for index 134851, 135/1000.
The last entry of errorHistory is 1.000000 for index 134852, 135/1000.
Terminated at swamp 1.5.
The last entry of errorHistory is 1.500000 for index 134853, 135/1000.
The last entry of errorHistory is 0.000315 for index 134854, 135/1000.
Terminated at swamp 0.5.
The last entry of errorHistory is 0.500263 for index 134855, 135/1000.
The last entry of errorHistory is 1.000000 for index 134856, 135/1000.
Terminated at swamp 0.5.
The last entry of errorHistory is 0.500188 for index 134857, 135/1000.
Terminated at swamp 0.5.
The last entry of errorHistory is 0.500439 for index 134858, 135/1000.
The last entry of errorHistory is 0.001157 for index 134859, 135/1000.
Terminated at swamp 0.5.
The last entry of errorHistory is 0.500048 for index 134860, 135/1000.
The last entry of errorHistory is 0.001942 for index 134861, 135/1000.
Terminated at swamp 1.
The last entry of errorHistory is 1.000384 for index 134862, 135/1000.
Terminated at swamp 0.5.
The last entry of errorHistory is 0.500260 for index 134863, 135/1000.
Terminated at swamp 0.5.
The last entry of errorHistory is 0.500589 for index 134864, 135/1000.
Terminated at swamp 0.5.
The last entry of errorHistory is 0.500365 for index 134865, 135/1000.
Terminated at swamp 0.5.
The last entry of errorHistory is 0.500660 for index 134866, 135/1000.
The last entry of errorHistory is 0.000019 for index 134867, 135/1000.
Terminated at swamp 0.5.
The last entry of errorHistory is 0.500391 for index 134868, 135/1000.
The last entry of errorHistory is 1.000000 for index 134869, 135/1000.
Terminated at swamp 0.5.
The last entry of errorHistory is 0.500353 for index 134870, 135/1000.
Terminated at swamp 0.5.
The last entry of errorHistory is 0.500218 for index 134871, 135/1000.
Terminated at swamp 0.5.
The last entry of errorHistory is 0.500417 for index 134872, 135/1000.
Terminated at swamp 0.5.
The last entry of errorHistory is 0.500235 for index 134873, 135/1000.
Terminated at swamp 0.5.
The last entry of errorHistory is 0.500495 for index 134874, 135/1000.
Terminated at swamp 1.
The last entry of errorHistory is 1.000021 for index 134875, 135/1000.
Terminated at swamp 0.5.
The last entry of errorHistory is 0.500663 for index 134876, 135/1000.
The last entry of errorHistory is 1.000000 for index 134877, 135/1000.
The last entry of errorHistory is 1.000000 for index 134878, 135/1000.
Terminated at swamp 0.5.
The last entry of errorHistory is 0.500083 for index 134879, 135/1000.
Terminated at swamp 0.5.
The last entry of errorHistory is 0.500338 for index 134880, 135/1000.
Terminated at swamp 0.5.
The last entry of errorHistory is 0.500345 for index 134881, 135/1000.
Terminated at swamp 0.5.
The last entry of errorHistory is 0.500038 for index 134882, 135/1000.
The last entry of errorHistory is 1.500000 for index 134883, 135/1000.
The last entry of errorHistory is 0.000017 for index 134884, 135/1000.
The last entry of errorHistory is 1.000000 for index 134885, 135/1000.
The last entry of errorHistory is 1.000000 for index 134886, 135/1000.
Terminated at swamp 0.5.
The last entry of errorHistory is 0.500608 for index 134887, 135/1000.
Terminated at swamp 0.5.
The last entry of errorHistory is 0.500051 for index 134888, 135/1000.
Terminated at swamp 1.
The last entry of errorHistory is 1.000169 for index 134889, 135/1000.
Terminated at swamp 0.5.
The last entry of errorHistory is 0.500537 for index 134890, 135/1000.
Terminated at swamp 1.
The last entry of errorHistory is 1.000031 for index 134891, 135/1000.
Terminated at swamp 0.5.
The last entry of errorHistory is 0.500133 for index 134892, 135/1000.
Terminated at swamp 0.5.
The last entry of errorHistory is 0.500349 for index 134893, 135/1000.
Terminated at swamp 0.5.
The last entry of errorHistory is 0.500386 for index 134894, 135/1000.
The last entry of errorHistory is 1.000000 for index 134895, 135/1000.
Terminated at swamp 0.5.
The last entry of errorHistory is 0.500067 for index 134896, 135/1000.
Terminated at swamp 0.5.
The last entry of errorHistory is 0.500005 for index 134897, 135/1000.
The last entry of errorHistory is 0.500000 for index 134898, 135/1000.
Terminated at swamp 0.5.
The last entry of errorHistory is 0.500057 for index 134899, 135/1000.
The last entry of errorHistory is 0.500000 for index 134900, 135/1000.
The last entry of errorHistory is 0.000013 for index 134901, 135/1000.
Terminated at swamp 0.5.
The last entry of errorHistory is 0.500449 for index 134902, 135/1000.
Terminated at swamp 1.
The last entry of errorHistory is 1.000359 for index 134903, 135/1000.
The last entry of errorHistory is 0.000033 for index 134904, 135/1000.
Terminated at swamp 0.5.
The last entry of errorHistory is 0.500067 for index 134905, 135/1000.
The last entry of errorHistory is 0.000015 for index 134906, 135/1000.
The last entry of errorHistory is 0.000008 for index 134907, 135/1000.
Terminated at swamp 1.
The last entry of errorHistory is 1.000203 for index 134908, 135/1000.
Terminated at swamp 0.5.
The last entry of errorHistory is 0.500000 for index 134909, 135/1000.
Terminated at swamp 0.5.
The last entry of errorHistory is 0.500168 for index 134910, 135/1000.
Terminated at swamp 0.5.
The last entry of errorHistory is 0.500432 for index 134911, 135/1000.
Terminated at swamp 1.
The last entry of errorHistory is 1.000419 for index 134912, 135/1000.
The last entry of errorHistory is 0.500000 for index 134913, 135/1000.
The last entry of errorHistory is 1.000000 for index 134914, 135/1000.
The last entry of errorHistory is 0.000030 for index 134915, 135/1000.
The last entry of errorHistory is 0.500000 for index 134916, 135/1000.
Terminated at swamp 0.5.
The last entry of errorHistory is 0.500000 for index 134917, 135/1000.
The last entry of errorHistory is 1.000000 for index 134918, 135/1000.
Terminated at swamp 1.
The last entry of errorHistory is 1.000556 for index 134919, 135/1000.
Terminated at swamp 1.
The last entry of errorHistory is 1.000272 for index 134920, 135/1000.
Terminated at swamp 0.5.
The last entry of errorHistory is 0.500238 for index 134921, 135/1000.
Terminated at swamp 0.5.
The last entry of errorHistory is 0.500366 for index 134922, 135/1000.
The last entry of errorHistory is 1.000000 for index 134923, 135/1000.
Terminated at swamp 1.
The last entry of errorHistory is 1.000199 for index 134924, 135/1000.
Terminated at swamp 0.5.
The last entry of errorHistory is 0.500343 for index 134925, 135/1000.
Terminated at swamp 0.5.
The last entry of errorHistory is 0.500687 for index 134926, 135/1000.
Terminated at swamp 0.5.
The last entry of errorHistory is 0.500410 for index 134927, 135/1000.
Terminated at swamp 0.5.
The last entry of errorHistory is 0.500662 for index 134928, 135/1000.
Terminated at swamp 0.5.
The last entry of errorHistory is 0.500362 for index 134929, 135/1000.
The last entry of errorHistory is 1.000000 for index 134930, 135/1000.
The last entry of errorHistory is 0.500000 for index 134931, 135/1000.
Terminated at swamp 0.5.
The last entry of errorHistory is 0.500661 for index 134932, 135/1000.
Terminated at swamp 0.5.
The last entry of errorHistory is 0.500212 for index 134933, 135/1000.
Terminated at swamp 1.
The last entry of errorHistory is 1.000073 for index 134934, 135/1000.
Terminated at swamp 0.5.
The last entry of errorHistory is 0.500267 for index 134935, 135/1000.
Terminated at swamp 0.5.
The last entry of errorHistory is 0.500096 for index 134936, 135/1000.
Terminated at swamp 0.5.
The last entry of errorHistory is 0.500235 for index 134937, 135/1000.
Terminated at swamp 1.
The last entry of errorHistory is 1.000020 for index 134938, 135/1000.
The last entry of errorHistory is 0.000084 for index 134939, 135/1000.
The last entry of errorHistory is 1.000000 for index 134940, 135/1000.
Terminated at swamp 0.5.
The last entry of errorHistory is 0.500271 for index 134941, 135/1000.
Terminated at swamp 0.5.
The last entry of errorHistory is 0.500125 for index 134942, 135/1000.
Terminated at swamp 0.5.
The last entry of errorHistory is 0.500427 for index 134943, 135/1000.
Terminated at swamp 1.
The last entry of errorHistory is 1.000184 for index 134944, 135/1000.
The last entry of errorHistory is 1.000000 for index 134945, 135/1000.
The last entry of errorHistory is 0.000069 for index 134946, 135/1000.
Terminated at swamp 0.5.
The last entry of errorHistory is 0.500683 for index 134947, 135/1000.
Terminated at swamp 0.5.
The last entry of errorHistory is 0.500357 for index 134948, 135/1000.
Terminated at swamp 1.
The last entry of errorHistory is 0.999189 for index 134949, 135/1000.
The last entry of errorHistory is 0.000052 for index 134950, 135/1000.
Terminated at swamp 1.
The last entry of errorHistory is 1.000305 for index 134951, 135/1000.
Terminated at swamp 1.
The last entry of errorHistory is 1.000000 for index 134952, 135/1000.
Terminated at swamp 0.5.
The last entry of errorHistory is 0.500473 for index 134953, 135/1000.
Terminated at swamp 1.
The last entry of errorHistory is 1.000000 for index 134954, 135/1000.
The last entry of errorHistory is 0.500000 for index 134955, 135/1000.
Terminated at swamp 0.5.
The last entry of errorHistory is 0.500427 for index 134956, 135/1000.
The last entry of errorHistory is 1.000000 for index 134957, 135/1000.
The last entry of errorHistory is 1.000000 for index 134958, 135/1000.
Terminated at swamp 0.5.
The last entry of errorHistory is 0.500611 for index 134959, 135/1000.
Terminated at swamp 0.5.
The last entry of errorHistory is 0.500576 for index 134960, 135/1000.
Terminated at swamp 0.5.
The last entry of errorHistory is 0.500121 for index 134961, 135/1000.
Terminated at swamp 0.5.
The last entry of errorHistory is 0.500000 for index 134962, 135/1000.
Terminated at swamp 1.
The last entry of errorHistory is 1.000307 for index 134963, 135/1000.
The last entry of errorHistory is 1.000000 for index 134964, 135/1000.
The last entry of errorHistory is 1.500000 for index 134965, 135/1000.
Terminated at swamp 0.5.
The last entry of errorHistory is 0.500526 for index 134966, 135/1000.
Terminated at swamp 0.5.
The last entry of errorHistory is 0.500051 for index 134967, 135/1000.
Terminated at swamp 0.5.
The last entry of errorHistory is 0.500710 for index 134968, 135/1000.
Terminated at swamp 0.5.
The last entry of errorHistory is 0.500584 for index 134969, 135/1000.
The last entry of errorHistory is 0.000664 for index 134970, 135/1000.
The last entry of errorHistory is 1.000000 for index 134971, 135/1000.
Terminated at swamp 0.5.
The last entry of errorHistory is 0.500034 for index 134972, 135/1000.
Terminated at swamp 0.5.
The last entry of errorHistory is 0.500065 for index 134973, 135/1000.
Terminated at swamp 0.5.
The last entry of errorHistory is 0.500516 for index 134974, 135/1000.
The last entry of errorHistory is 0.500000 for index 134975, 135/1000.
Terminated at swamp 1.
The last entry of errorHistory is 1.000254 for index 134976, 135/1000.
Terminated at swamp 0.5.
The last entry of errorHistory is 0.500498 for index 134977, 135/1000.
Terminated at swamp 0.5.
The last entry of errorHistory is 0.500000 for index 134978, 135/1000.
Terminated at swamp 0.5.
The last entry of errorHistory is 0.500453 for index 134979, 135/1000.
Terminated at swamp 0.5.
The last entry of errorHistory is 0.500119 for index 134980, 135/1000.
The last entry of errorHistory is 0.000028 for index 134981, 135/1000.
Terminated at swamp 0.5.
The last entry of errorHistory is 0.500053 for index 134982, 135/1000.
Terminated at swamp 0.5.
The last entry of errorHistory is 0.500000 for index 134983, 135/1000.
Terminated at swamp 1.
The last entry of errorHistory is 1.000003 for index 134984, 135/1000.
Terminated at swamp 0.5.
The last entry of errorHistory is 0.500774 for index 134985, 135/1000.
The last entry of errorHistory is 0.000015 for index 134986, 135/1000.
Terminated at swamp 0.5.
The last entry of errorHistory is 0.500700 for index 134987, 135/1000.
The last entry of errorHistory is 0.000033 for index 134988, 135/1000.
Terminated at swamp 0.5.
The last entry of errorHistory is 0.500243 for index 134989, 135/1000.
The last entry of errorHistory is 1.000000 for index 134990, 135/1000.
The last entry of errorHistory is 1.000000 for index 134991, 135/1000.
The last entry of errorHistory is 0.000074 for index 134992, 135/1000.
Terminated at swamp 0.5.
The last entry of errorHistory is 0.500035 for index 134993, 135/1000.
Terminated at swamp 0.5.
The last entry of errorHistory is 0.500396 for index 134994, 135/1000.
Terminated at swamp 0.5.
The last entry of errorHistory is 0.500115 for index 134995, 135/1000.
Terminated at swamp 0.5.
The last entry of errorHistory is 0.500273 for index 134996, 135/1000.
Terminated at swamp 0.5.
The last entry of errorHistory is 0.500384 for index 134997, 135/1000.
The last entry of errorHistory is 0.500000 for index 134998, 135/1000.
The last entry of errorHistory is 0.000011 for index 134999, 135/1000.
Terminated at swamp 0.5.
The last entry of errorHistory is 0.500480 for index 135000, 135/1000.
