
                            < M A T L A B (R) >
                  Copyright 1984-2018 The MathWorks, Inc.
                   R2018b (9.5.0.944444) 64-bit (glnxa64)
                              August 28, 2018

 
To get started, type doc.
For product information, visit www.mathworks.com.
 
Terminated at swamp 0.5.
The last entry of errorHistory is 0.500120 for index 147001, 148/1000.
The last entry of errorHistory is 1.000000 for index 147002, 148/1000.
Terminated at swamp 0.5.
The last entry of errorHistory is 0.500353 for index 147003, 148/1000.
Terminated at swamp 1.
The last entry of errorHistory is 1.000025 for index 147004, 148/1000.
Terminated at swamp 0.5.
The last entry of errorHistory is 0.500162 for index 147005, 148/1000.
Terminated at swamp 0.5.
The last entry of errorHistory is 0.500529 for index 147006, 148/1000.
The last entry of errorHistory is 1.000000 for index 147007, 148/1000.
The last entry of errorHistory is 1.000000 for index 147008, 148/1000.
Terminated at swamp 0.5.
The last entry of errorHistory is 0.500481 for index 147009, 148/1000.
Terminated at swamp 0.5.
The last entry of errorHistory is 0.500590 for index 147010, 148/1000.
The last entry of errorHistory is 0.000012 for index 147011, 148/1000.
The last entry of errorHistory is 0.500000 for index 147012, 148/1000.
Terminated at swamp 1.
The last entry of errorHistory is 1.000243 for index 147013, 148/1000.
The last entry of errorHistory is 1.000000 for index 147014, 148/1000.
Terminated at swamp 0.5.
The last entry of errorHistory is 0.500753 for index 147015, 148/1000.
Terminated at swamp 1.
The last entry of errorHistory is 1.000545 for index 147016, 148/1000.
Terminated at swamp 0.5.
The last entry of errorHistory is 0.500452 for index 147017, 148/1000.
Terminated at swamp 0.5.
The last entry of errorHistory is 0.500366 for index 147018, 148/1000.
Terminated at swamp 0.5.
The last entry of errorHistory is 0.500495 for index 147019, 148/1000.
The last entry of errorHistory is 1.000000 for index 147020, 148/1000.
The last entry of errorHistory is 1.000000 for index 147021, 148/1000.
Terminated at swamp 0.5.
The last entry of errorHistory is 0.500040 for index 147022, 148/1000.
Terminated at swamp 0.5.
The last entry of errorHistory is 0.500493 for index 147023, 148/1000.
The last entry of errorHistory is 1.000000 for index 147024, 148/1000.
Terminated at swamp 0.5.
The last entry of errorHistory is 0.500000 for index 147025, 148/1000.
Terminated at swamp 0.5.
The last entry of errorHistory is 0.500091 for index 147026, 148/1000.
Terminated at swamp 0.5.
The last entry of errorHistory is 0.500330 for index 147027, 148/1000.
Terminated at swamp 0.5.
The last entry of errorHistory is 0.500475 for index 147028, 148/1000.
The last entry of errorHistory is 1.000000 for index 147029, 148/1000.
Terminated at swamp 0.5.
The last entry of errorHistory is 0.500765 for index 147030, 148/1000.
The last entry of errorHistory is 0.000115 for index 147031, 148/1000.
Terminated at swamp 0.5.
The last entry of errorHistory is 0.500361 for index 147032, 148/1000.
Terminated at swamp 0.5.
The last entry of errorHistory is 0.500215 for index 147033, 148/1000.
Terminated at swamp 0.5.
The last entry of errorHistory is 0.500539 for index 147034, 148/1000.
Terminated at swamp 0.5.
The last entry of errorHistory is 0.500415 for index 147035, 148/1000.
The last entry of errorHistory is 0.000051 for index 147036, 148/1000.
The last entry of errorHistory is 1.000000 for index 147037, 148/1000.
Terminated at swamp 0.5.
The last entry of errorHistory is 0.500457 for index 147038, 148/1000.
The last entry of errorHistory is 1.000000 for index 147039, 148/1000.
Terminated at swamp 0.5.
The last entry of errorHistory is 0.500632 for index 147040, 148/1000.
The last entry of errorHistory is 1.000000 for index 147041, 148/1000.
Terminated at swamp 0.5.
The last entry of errorHistory is 0.500527 for index 147042, 148/1000.
Terminated at swamp 0.5.
The last entry of errorHistory is 0.500527 for index 147043, 148/1000.
Terminated at swamp 0.5.
The last entry of errorHistory is 0.500302 for index 147044, 148/1000.
The last entry of errorHistory is 0.000399 for index 147045, 148/1000.
Terminated at swamp 0.5.
The last entry of errorHistory is 0.500001 for index 147046, 148/1000.
Terminated at swamp 0.5.
The last entry of errorHistory is 0.500328 for index 147047, 148/1000.
Terminated at swamp 1.
The last entry of errorHistory is 1.000000 for index 147048, 148/1000.
Terminated at swamp 0.5.
The last entry of errorHistory is 0.500666 for index 147049, 148/1000.
Terminated at swamp 1.
The last entry of errorHistory is 1.000000 for index 147050, 148/1000.
Terminated at swamp 1.
The last entry of errorHistory is 1.000000 for index 147051, 148/1000.
Terminated at swamp 0.5.
The last entry of errorHistory is 0.500073 for index 147052, 148/1000.
Terminated at swamp 0.5.
The last entry of errorHistory is 0.500208 for index 147053, 148/1000.
Terminated at swamp 0.5.
The last entry of errorHistory is 0.500341 for index 147054, 148/1000.
The last entry of errorHistory is 1.000000 for index 147055, 148/1000.
Terminated at swamp 1.
The last entry of errorHistory is 1.000473 for index 147056, 148/1000.
Terminated at swamp 1.
The last entry of errorHistory is 1.000000 for index 147057, 148/1000.
The last entry of errorHistory is 1.500000 for index 147058, 148/1000.
The last entry of errorHistory is 0.500000 for index 147059, 148/1000.
Terminated at swamp 1.
The last entry of errorHistory is 1.000511 for index 147060, 148/1000.
Terminated at swamp 1.
The last entry of errorHistory is 1.000173 for index 147061, 148/1000.
Terminated at swamp 0.5.
The last entry of errorHistory is 0.500001 for index 147062, 148/1000.
Terminated at swamp 1.
The last entry of errorHistory is 1.000339 for index 147063, 148/1000.
The last entry of errorHistory is 1.000000 for index 147064, 148/1000.
Terminated at swamp 1.
The last entry of errorHistory is 1.000022 for index 147065, 148/1000.
Terminated at swamp 0.5.
The last entry of errorHistory is 0.500382 for index 147066, 148/1000.
The last entry of errorHistory is 1.000000 for index 147067, 148/1000.
The last entry of errorHistory is 1.000000 for index 147068, 148/1000.
Terminated at swamp 0.5.
The last entry of errorHistory is 0.500525 for index 147069, 148/1000.
Terminated at swamp 1.
The last entry of errorHistory is 1.000085 for index 147070, 148/1000.
The last entry of errorHistory is 1.000000 for index 147071, 148/1000.
Terminated at swamp 1.
The last entry of errorHistory is 1.000893 for index 147072, 148/1000.
Terminated at swamp 1.
The last entry of errorHistory is 1.000217 for index 147073, 148/1000.
The last entry of errorHistory is 0.500000 for index 147074, 148/1000.
Terminated at swamp 0.5.
The last entry of errorHistory is 0.500530 for index 147075, 148/1000.
The last entry of errorHistory is 0.500000 for index 147076, 148/1000.
Terminated at swamp 0.5.
The last entry of errorHistory is 0.500061 for index 147077, 148/1000.
Terminated at swamp 0.5.
The last entry of errorHistory is 0.500244 for index 147078, 148/1000.
The last entry of errorHistory is 1.000000 for index 147079, 148/1000.
Terminated at swamp 1.
The last entry of errorHistory is 1.000042 for index 147080, 148/1000.
Terminated at swamp 1.
The last entry of errorHistory is 1.000057 for index 147081, 148/1000.
The last entry of errorHistory is 1.000000 for index 147082, 148/1000.
Terminated at swamp 0.5.
The last entry of errorHistory is 0.500603 for index 147083, 148/1000.
Terminated at swamp 0.5.
The last entry of errorHistory is 0.500089 for index 147084, 148/1000.
The last entry of errorHistory is 0.500000 for index 147085, 148/1000.
The last entry of errorHistory is 0.500000 for index 147086, 148/1000.
The last entry of errorHistory is 0.000007 for index 147087, 148/1000.
Terminated at swamp 0.5.
The last entry of errorHistory is 0.500571 for index 147088, 148/1000.
The last entry of errorHistory is 0.000484 for index 147089, 148/1000.
Terminated at swamp 0.5.
The last entry of errorHistory is 0.500089 for index 147090, 148/1000.
Terminated at swamp 0.5.
The last entry of errorHistory is 0.500085 for index 147091, 148/1000.
Terminated at swamp 0.5.
The last entry of errorHistory is 0.500000 for index 147092, 148/1000.
Terminated at swamp 0.5.
The last entry of errorHistory is 0.500522 for index 147093, 148/1000.
Terminated at swamp 0.5.
The last entry of errorHistory is 0.500523 for index 147094, 148/1000.
Terminated at swamp 1.
The last entry of errorHistory is 1.000001 for index 147095, 148/1000.
The last entry of errorHistory is 1.000000 for index 147096, 148/1000.
Terminated at swamp 0.5.
The last entry of errorHistory is 0.500592 for index 147097, 148/1000.
The last entry of errorHistory is 1.000000 for index 147098, 148/1000.
Terminated at swamp 0.5.
The last entry of errorHistory is 0.500142 for index 147099, 148/1000.
Terminated at swamp 1.
The last entry of errorHistory is 1.000365 for index 147100, 148/1000.
Terminated at swamp 0.5.
The last entry of errorHistory is 0.500480 for index 147101, 148/1000.
The last entry of errorHistory is 0.000017 for index 147102, 148/1000.
Terminated at swamp 0.5.
The last entry of errorHistory is 0.500467 for index 147103, 148/1000.
The last entry of errorHistory is 0.500000 for index 147104, 148/1000.
Terminated at swamp 0.5.
The last entry of errorHistory is 0.500042 for index 147105, 148/1000.
Terminated at swamp 0.5.
The last entry of errorHistory is 0.500000 for index 147106, 148/1000.
Terminated at swamp 0.5.
The last entry of errorHistory is 0.500226 for index 147107, 148/1000.
Terminated at swamp 1.
The last entry of errorHistory is 1.000000 for index 147108, 148/1000.
The last entry of errorHistory is 1.000000 for index 147109, 148/1000.
Terminated at swamp 0.5.
The last entry of errorHistory is 0.500660 for index 147110, 148/1000.
Terminated at swamp 0.5.
The last entry of errorHistory is 0.500420 for index 147111, 148/1000.
The last entry of errorHistory is 0.000053 for index 147112, 148/1000.
The last entry of errorHistory is 0.000048 for index 147113, 148/1000.
Terminated at swamp 0.5.
The last entry of errorHistory is 0.500241 for index 147114, 148/1000.
The last entry of errorHistory is 1.000000 for index 147115, 148/1000.
The last entry of errorHistory is 1.000000 for index 147116, 148/1000.
Terminated at swamp 0.5.
The last entry of errorHistory is 0.500306 for index 147117, 148/1000.
Terminated at swamp 1.
The last entry of errorHistory is 1.000000 for index 147118, 148/1000.
Terminated at swamp 0.5.
The last entry of errorHistory is 0.500294 for index 147119, 148/1000.
Terminated at swamp 0.5.
The last entry of errorHistory is 0.500088 for index 147120, 148/1000.
Terminated at swamp 0.5.
The last entry of errorHistory is 0.500334 for index 147121, 148/1000.
Terminated at swamp 0.5.
The last entry of errorHistory is 0.500553 for index 147122, 148/1000.
The last entry of errorHistory is 1.000000 for index 147123, 148/1000.
Terminated at swamp 1.
The last entry of errorHistory is 1.000000 for index 147124, 148/1000.
The last entry of errorHistory is 0.500000 for index 147125, 148/1000.
Terminated at swamp 1.
The last entry of errorHistory is 1.000434 for index 147126, 148/1000.
Terminated at swamp 0.5.
The last entry of errorHistory is 0.500278 for index 147127, 148/1000.
The last entry of errorHistory is 0.000392 for index 147128, 148/1000.
Terminated at swamp 0.5.
The last entry of errorHistory is 0.500316 for index 147129, 148/1000.
Terminated at swamp 0.5.
The last entry of errorHistory is 0.500275 for index 147130, 148/1000.
Terminated at swamp 0.5.
The last entry of errorHistory is 0.500736 for index 147131, 148/1000.
Terminated at swamp 0.5.
The last entry of errorHistory is 0.500510 for index 147132, 148/1000.
Terminated at swamp 1.
The last entry of errorHistory is 1.000396 for index 147133, 148/1000.
The last entry of errorHistory is 1.000000 for index 147134, 148/1000.
Terminated at swamp 0.5.
The last entry of errorHistory is 0.500535 for index 147135, 148/1000.
Terminated at swamp 0.5.
The last entry of errorHistory is 0.500280 for index 147136, 148/1000.
Terminated at swamp 0.5.
The last entry of errorHistory is 0.500395 for index 147137, 148/1000.
The last entry of errorHistory is 1.000000 for index 147138, 148/1000.
Terminated at swamp 0.5.
The last entry of errorHistory is 0.500376 for index 147139, 148/1000.
Terminated at swamp 1.
The last entry of errorHistory is 1.000249 for index 147140, 148/1000.
Terminated at swamp 0.5.
The last entry of errorHistory is 0.500630 for index 147141, 148/1000.
Terminated at swamp 0.5.
The last entry of errorHistory is 0.500428 for index 147142, 148/1000.
Terminated at swamp 0.5.
The last entry of errorHistory is 0.500681 for index 147143, 148/1000.
The last entry of errorHistory is 1.000000 for index 147144, 148/1000.
The last entry of errorHistory is 0.000565 for index 147145, 148/1000.
The last entry of errorHistory is 0.000038 for index 147146, 148/1000.
Terminated at swamp 0.5.
The last entry of errorHistory is 0.500635 for index 147147, 148/1000.
Terminated at swamp 0.5.
The last entry of errorHistory is 0.500316 for index 147148, 148/1000.
Terminated at swamp 0.5.
The last entry of errorHistory is 0.500485 for index 147149, 148/1000.
The last entry of errorHistory is 1.000000 for index 147150, 148/1000.
Terminated at swamp 0.5.
The last entry of errorHistory is 0.500685 for index 147151, 148/1000.
The last entry of errorHistory is 1.500000 for index 147152, 148/1000.
Terminated at swamp 0.5.
The last entry of errorHistory is 0.500441 for index 147153, 148/1000.
The last entry of errorHistory is 1.000000 for index 147154, 148/1000.
The last entry of errorHistory is 0.500000 for index 147155, 148/1000.
Terminated at swamp 1.
The last entry of errorHistory is 1.000000 for index 147156, 148/1000.
Terminated at swamp 0.5.
The last entry of errorHistory is 0.500097 for index 147157, 148/1000.
The last entry of errorHistory is 1.000000 for index 147158, 148/1000.
Terminated at swamp 0.5.
The last entry of errorHistory is 0.500345 for index 147159, 148/1000.
The last entry of errorHistory is 0.000031 for index 147160, 148/1000.
Terminated at swamp 0.5.
The last entry of errorHistory is 0.500471 for index 147161, 148/1000.
Terminated at swamp 0.5.
The last entry of errorHistory is 0.500344 for index 147162, 148/1000.
Terminated at swamp 0.5.
The last entry of errorHistory is 0.500505 for index 147163, 148/1000.
Terminated at swamp 0.5.
The last entry of errorHistory is 0.500550 for index 147164, 148/1000.
Terminated at swamp 0.5.
The last entry of errorHistory is 0.500172 for index 147165, 148/1000.
Terminated at swamp 1.
The last entry of errorHistory is 1.000000 for index 147166, 148/1000.
The last entry of errorHistory is 0.000049 for index 147167, 148/1000.
The last entry of errorHistory is 0.500000 for index 147168, 148/1000.
Terminated at swamp 0.5.
The last entry of errorHistory is 0.500498 for index 147169, 148/1000.
Terminated at swamp 0.5.
The last entry of errorHistory is 0.500046 for index 147170, 148/1000.
The last entry of errorHistory is 0.500000 for index 147171, 148/1000.
The last entry of errorHistory is 0.500000 for index 147172, 148/1000.
Terminated at swamp 0.5.
The last entry of errorHistory is 0.500237 for index 147173, 148/1000.
Terminated at swamp 0.5.
The last entry of errorHistory is 0.500215 for index 147174, 148/1000.
Terminated at swamp 0.5.
The last entry of errorHistory is 0.500567 for index 147175, 148/1000.
Terminated at swamp 0.5.
The last entry of errorHistory is 0.500503 for index 147176, 148/1000.
Terminated at swamp 1.5.
The last entry of errorHistory is 1.500078 for index 147177, 148/1000.
The last entry of errorHistory is 1.000000 for index 147178, 148/1000.
Terminated at swamp 0.5.
The last entry of errorHistory is 0.500613 for index 147179, 148/1000.
The last entry of errorHistory is 0.000015 for index 147180, 148/1000.
Terminated at swamp 0.5.
The last entry of errorHistory is 0.500378 for index 147181, 148/1000.
The last entry of errorHistory is 0.500000 for index 147182, 148/1000.
The last entry of errorHistory is 1.000000 for index 147183, 148/1000.
Terminated at swamp 0.5.
The last entry of errorHistory is 0.500028 for index 147184, 148/1000.
Terminated at swamp 1.
The last entry of errorHistory is 1.000166 for index 147185, 148/1000.
Terminated at swamp 0.5.
The last entry of errorHistory is 0.500146 for index 147186, 148/1000.
Terminated at swamp 0.5.
The last entry of errorHistory is 0.500063 for index 147187, 148/1000.
The last entry of errorHistory is 1.000000 for index 147188, 148/1000.
Terminated at swamp 0.5.
The last entry of errorHistory is 0.500404 for index 147189, 148/1000.
Terminated at swamp 1.
The last entry of errorHistory is 1.000000 for index 147190, 148/1000.
Terminated at swamp 0.5.
The last entry of errorHistory is 0.500394 for index 147191, 148/1000.
Terminated at swamp 1.
The last entry of errorHistory is 1.000155 for index 147192, 148/1000.
Terminated at swamp 0.5.
The last entry of errorHistory is 0.500371 for index 147193, 148/1000.
Terminated at swamp 0.5.
The last entry of errorHistory is 0.500630 for index 147194, 148/1000.
Terminated at swamp 0.5.
The last entry of errorHistory is 0.500023 for index 147195, 148/1000.
Terminated at swamp 0.5.
The last entry of errorHistory is 0.500506 for index 147196, 148/1000.
Terminated at swamp 0.5.
The last entry of errorHistory is 0.500463 for index 147197, 148/1000.
The last entry of errorHistory is 1.000000 for index 147198, 148/1000.
The last entry of errorHistory is 1.000000 for index 147199, 148/1000.
The last entry of errorHistory is 0.500000 for index 147200, 148/1000.
Terminated at swamp 1.
The last entry of errorHistory is 1.000364 for index 147201, 148/1000.
Terminated at swamp 0.5.
The last entry of errorHistory is 0.500640 for index 147202, 148/1000.
Terminated at swamp 0.5.
The last entry of errorHistory is 0.500272 for index 147203, 148/1000.
Terminated at swamp 1.
The last entry of errorHistory is 1.000105 for index 147204, 148/1000.
The last entry of errorHistory is 1.000000 for index 147205, 148/1000.
Terminated at swamp 0.5.
The last entry of errorHistory is 0.500206 for index 147206, 148/1000.
Terminated at swamp 1.
The last entry of errorHistory is 1.000001 for index 147207, 148/1000.
The last entry of errorHistory is 0.000019 for index 147208, 148/1000.
Terminated at swamp 0.5.
The last entry of errorHistory is 0.500057 for index 147209, 148/1000.
Terminated at swamp 0.5.
The last entry of errorHistory is 0.500670 for index 147210, 148/1000.
Terminated at swamp 1.
The last entry of errorHistory is 1.000058 for index 147211, 148/1000.
The last entry of errorHistory is 0.500000 for index 147212, 148/1000.
Terminated at swamp 0.5.
The last entry of errorHistory is 0.500512 for index 147213, 148/1000.
Terminated at swamp 1.
The last entry of errorHistory is 1.000000 for index 147214, 148/1000.
Terminated at swamp 0.5.
The last entry of errorHistory is 0.500611 for index 147215, 148/1000.
The last entry of errorHistory is 0.000015 for index 147216, 148/1000.
Terminated at swamp 0.5.
The last entry of errorHistory is 0.500926 for index 147217, 148/1000.
Terminated at swamp 0.5.
The last entry of errorHistory is 0.500501 for index 147218, 148/1000.
Terminated at swamp 0.5.
The last entry of errorHistory is 0.500246 for index 147219, 148/1000.
Terminated at swamp 0.5.
The last entry of errorHistory is 0.500470 for index 147220, 148/1000.
The last entry of errorHistory is 0.000051 for index 147221, 148/1000.
Terminated at swamp 0.5.
The last entry of errorHistory is 0.500083 for index 147222, 148/1000.
The last entry of errorHistory is 0.500000 for index 147223, 148/1000.
Terminated at swamp 0.5.
The last entry of errorHistory is 0.500057 for index 147224, 148/1000.
Terminated at swamp 0.5.
The last entry of errorHistory is 0.500154 for index 147225, 148/1000.
The last entry of errorHistory is 1.500000 for index 147226, 148/1000.
Terminated at swamp 1.
The last entry of errorHistory is 1.000058 for index 147227, 148/1000.
Terminated at swamp 1.
The last entry of errorHistory is 1.000489 for index 147228, 148/1000.
Terminated at swamp 0.5.
The last entry of errorHistory is 0.500439 for index 147229, 148/1000.
Terminated at swamp 0.5.
The last entry of errorHistory is 0.500363 for index 147230, 148/1000.
Terminated at swamp 0.5.
The last entry of errorHistory is 0.500497 for index 147231, 148/1000.
Terminated at swamp 0.5.
The last entry of errorHistory is 0.500101 for index 147232, 148/1000.
The last entry of errorHistory is 0.000009 for index 147233, 148/1000.
The last entry of errorHistory is 0.000040 for index 147234, 148/1000.
Terminated at swamp 1.
The last entry of errorHistory is 1.000343 for index 147235, 148/1000.
The last entry of errorHistory is 0.000013 for index 147236, 148/1000.
The last entry of errorHistory is 1.000000 for index 147237, 148/1000.
The last entry of errorHistory is 0.000011 for index 147238, 148/1000.
Terminated at swamp 0.5.
The last entry of errorHistory is 0.500000 for index 147239, 148/1000.
Terminated at swamp 0.5.
The last entry of errorHistory is 0.500255 for index 147240, 148/1000.
The last entry of errorHistory is 0.000041 for index 147241, 148/1000.
Terminated at swamp 0.5.
The last entry of errorHistory is 0.500543 for index 147242, 148/1000.
Terminated at swamp 1.
The last entry of errorHistory is 1.000187 for index 147243, 148/1000.
Terminated at swamp 0.5.
The last entry of errorHistory is 0.500241 for index 147244, 148/1000.
Terminated at swamp 0.5.
The last entry of errorHistory is 0.500512 for index 147245, 148/1000.
The last entry of errorHistory is 0.000013 for index 147246, 148/1000.
Terminated at swamp 0.5.
The last entry of errorHistory is 0.500296 for index 147247, 148/1000.
The last entry of errorHistory is 1.000000 for index 147248, 148/1000.
The last entry of errorHistory is 0.000474 for index 147249, 148/1000.
Terminated at swamp 0.5.
The last entry of errorHistory is 0.500178 for index 147250, 148/1000.
Terminated at swamp 0.5.
The last entry of errorHistory is 0.500512 for index 147251, 148/1000.
The last entry of errorHistory is 0.000023 for index 147252, 148/1000.
The last entry of errorHistory is 0.000898 for index 147253, 148/1000.
Terminated at swamp 1.
The last entry of errorHistory is 1.000006 for index 147254, 148/1000.
Terminated at swamp 1.
The last entry of errorHistory is 1.000100 for index 147255, 148/1000.
Terminated at swamp 0.5.
The last entry of errorHistory is 0.500345 for index 147256, 148/1000.
Terminated at swamp 1.
The last entry of errorHistory is 1.000042 for index 147257, 148/1000.
Terminated at swamp 0.5.
The last entry of errorHistory is 0.500245 for index 147258, 148/1000.
The last entry of errorHistory is 1.500000 for index 147259, 148/1000.
Terminated at swamp 1.
The last entry of errorHistory is 1.000359 for index 147260, 148/1000.
Terminated at swamp 0.5.
The last entry of errorHistory is 0.500621 for index 147261, 148/1000.
The last entry of errorHistory is 0.500000 for index 147262, 148/1000.
The last entry of errorHistory is 1.000000 for index 147263, 148/1000.
Terminated at swamp 0.5.
The last entry of errorHistory is 0.500283 for index 147264, 148/1000.
Terminated at swamp 0.5.
The last entry of errorHistory is 0.500176 for index 147265, 148/1000.
Terminated at swamp 0.5.
The last entry of errorHistory is 0.500281 for index 147266, 148/1000.
Terminated at swamp 1.
The last entry of errorHistory is 1.000272 for index 147267, 148/1000.
The last entry of errorHistory is 0.500000 for index 147268, 148/1000.
Terminated at swamp 0.5.
The last entry of errorHistory is 0.500449 for index 147269, 148/1000.
Terminated at swamp 0.5.
The last entry of errorHistory is 0.500458 for index 147270, 148/1000.
The last entry of errorHistory is 1.000000 for index 147271, 148/1000.
Terminated at swamp 0.5.
The last entry of errorHistory is 0.500499 for index 147272, 148/1000.
The last entry of errorHistory is 0.500000 for index 147273, 148/1000.
Terminated at swamp 0.5.
The last entry of errorHistory is 0.500448 for index 147274, 148/1000.
Terminated at swamp 0.5.
The last entry of errorHistory is 0.500029 for index 147275, 148/1000.
Terminated at swamp 0.5.
The last entry of errorHistory is 0.500364 for index 147276, 148/1000.
Terminated at swamp 0.5.
The last entry of errorHistory is 0.500577 for index 147277, 148/1000.
The last entry of errorHistory is 1.000000 for index 147278, 148/1000.
The last entry of errorHistory is 0.500000 for index 147279, 148/1000.
Terminated at swamp 0.5.
The last entry of errorHistory is 0.500738 for index 147280, 148/1000.
Terminated at swamp 0.5.
The last entry of errorHistory is 0.500200 for index 147281, 148/1000.
The last entry of errorHistory is 0.000046 for index 147282, 148/1000.
Terminated at swamp 1.
The last entry of errorHistory is 1.000374 for index 147283, 148/1000.
The last entry of errorHistory is 0.500000 for index 147284, 148/1000.
Terminated at swamp 1.
The last entry of errorHistory is 1.000260 for index 147285, 148/1000.
Terminated at swamp 0.5.
The last entry of errorHistory is 0.500246 for index 147286, 148/1000.
Terminated at swamp 0.5.
The last entry of errorHistory is 0.500671 for index 147287, 148/1000.
Terminated at swamp 0.5.
The last entry of errorHistory is 0.500007 for index 147288, 148/1000.
Terminated at swamp 0.5.
The last entry of errorHistory is 0.500562 for index 147289, 148/1000.
Terminated at swamp 0.5.
The last entry of errorHistory is 0.500710 for index 147290, 148/1000.
Terminated at swamp 0.5.
The last entry of errorHistory is 0.500156 for index 147291, 148/1000.
The last entry of errorHistory is 1.000000 for index 147292, 148/1000.
Terminated at swamp 1.
The last entry of errorHistory is 1.000033 for index 147293, 148/1000.
Terminated at swamp 0.5.
The last entry of errorHistory is 0.500369 for index 147294, 148/1000.
The last entry of errorHistory is 1.000000 for index 147295, 148/1000.
The last entry of errorHistory is 1.000000 for index 147296, 148/1000.
Terminated at swamp 0.5.
The last entry of errorHistory is 0.500591 for index 147297, 148/1000.
Terminated at swamp 0.5.
The last entry of errorHistory is 0.500321 for index 147298, 148/1000.
The last entry of errorHistory is 0.000014 for index 147299, 148/1000.
Terminated at swamp 1.
The last entry of errorHistory is 1.000000 for index 147300, 148/1000.
The last entry of errorHistory is 1.000000 for index 147301, 148/1000.
Terminated at swamp 0.5.
The last entry of errorHistory is 0.500146 for index 147302, 148/1000.
Terminated at swamp 1.
The last entry of errorHistory is 1.000331 for index 147303, 148/1000.
The last entry of errorHistory is 1.000000 for index 147304, 148/1000.
Terminated at swamp 0.5.
The last entry of errorHistory is 0.500462 for index 147305, 148/1000.
Terminated at swamp 0.5.
The last entry of errorHistory is 0.500335 for index 147306, 148/1000.
Terminated at swamp 0.5.
The last entry of errorHistory is 0.500449 for index 147307, 148/1000.
The last entry of errorHistory is 0.500000 for index 147308, 148/1000.
The last entry of errorHistory is 1.500000 for index 147309, 148/1000.
The last entry of errorHistory is 0.001620 for index 147310, 148/1000.
The last entry of errorHistory is 1.000000 for index 147311, 148/1000.
Terminated at swamp 1.
The last entry of errorHistory is 1.000018 for index 147312, 148/1000.
Terminated at swamp 0.5.
The last entry of errorHistory is 0.500579 for index 147313, 148/1000.
The last entry of errorHistory is 1.000000 for index 147314, 148/1000.
Terminated at swamp 0.5.
The last entry of errorHistory is 0.500773 for index 147315, 148/1000.
Terminated at swamp 0.5.
The last entry of errorHistory is 0.500523 for index 147316, 148/1000.
Terminated at swamp 0.5.
The last entry of errorHistory is 0.500652 for index 147317, 148/1000.
Terminated at swamp 0.5.
The last entry of errorHistory is 0.500000 for index 147318, 148/1000.
Terminated at swamp 0.5.
The last entry of errorHistory is 0.500186 for index 147319, 148/1000.
Terminated at swamp 0.5.
The last entry of errorHistory is 0.500000 for index 147320, 148/1000.
The last entry of errorHistory is 1.000000 for index 147321, 148/1000.
Terminated at swamp 0.5.
The last entry of errorHistory is 0.500060 for index 147322, 148/1000.
Terminated at swamp 0.5.
The last entry of errorHistory is 0.500561 for index 147323, 148/1000.
Terminated at swamp 0.5.
The last entry of errorHistory is 0.500146 for index 147324, 148/1000.
Terminated at swamp 1.
The last entry of errorHistory is 1.000454 for index 147325, 148/1000.
Terminated at swamp 0.5.
The last entry of errorHistory is 0.500389 for index 147326, 148/1000.
Terminated at swamp 0.5.
The last entry of errorHistory is 0.500438 for index 147327, 148/1000.
Terminated at swamp 0.5.
The last entry of errorHistory is 0.500386 for index 147328, 148/1000.
The last entry of errorHistory is 0.000111 for index 147329, 148/1000.
Terminated at swamp 0.5.
The last entry of errorHistory is 0.500412 for index 147330, 148/1000.
Terminated at swamp 0.5.
The last entry of errorHistory is 0.500391 for index 147331, 148/1000.
Terminated at swamp 0.5.
The last entry of errorHistory is 0.500000 for index 147332, 148/1000.
Terminated at swamp 0.5.
The last entry of errorHistory is 0.500651 for index 147333, 148/1000.
The last entry of errorHistory is 1.000000 for index 147334, 148/1000.
The last entry of errorHistory is 1.000000 for index 147335, 148/1000.
The last entry of errorHistory is 0.500000 for index 147336, 148/1000.
Terminated at swamp 0.5.
The last entry of errorHistory is 0.500092 for index 147337, 148/1000.
Terminated at swamp 0.5.
The last entry of errorHistory is 0.500221 for index 147338, 148/1000.
Terminated at swamp 1.
The last entry of errorHistory is 1.000303 for index 147339, 148/1000.
The last entry of errorHistory is 1.500000 for index 147340, 148/1000.
The last entry of errorHistory is 1.000000 for index 147341, 148/1000.
The last entry of errorHistory is 0.000023 for index 147342, 148/1000.
Terminated at swamp 0.5.
The last entry of errorHistory is 0.500512 for index 147343, 148/1000.
The last entry of errorHistory is 1.000000 for index 147344, 148/1000.
Terminated at swamp 0.5.
The last entry of errorHistory is 0.500263 for index 147345, 148/1000.
The last entry of errorHistory is 0.500000 for index 147346, 148/1000.
The last entry of errorHistory is 2.000000 for index 147347, 148/1000.
The last entry of errorHistory is 0.001140 for index 147348, 148/1000.
Terminated at swamp 0.5.
The last entry of errorHistory is 0.500311 for index 147349, 148/1000.
The last entry of errorHistory is 1.000000 for index 147350, 148/1000.
Terminated at swamp 0.5.
The last entry of errorHistory is 0.500144 for index 147351, 148/1000.
The last entry of errorHistory is 1.000000 for index 147352, 148/1000.
Terminated at swamp 0.5.
The last entry of errorHistory is 0.500368 for index 147353, 148/1000.
Terminated at swamp 0.5.
The last entry of errorHistory is 0.500650 for index 147354, 148/1000.
Terminated at swamp 0.5.
The last entry of errorHistory is 0.500138 for index 147355, 148/1000.
Terminated at swamp 0.5.
The last entry of errorHistory is 0.500262 for index 147356, 148/1000.
Terminated at swamp 0.5.
The last entry of errorHistory is 0.500166 for index 147357, 148/1000.
Terminated at swamp 0.5.
The last entry of errorHistory is 0.500148 for index 147358, 148/1000.
The last entry of errorHistory is 1.500000 for index 147359, 148/1000.
The last entry of errorHistory is 1.500000 for index 147360, 148/1000.
Terminated at swamp 0.5.
The last entry of errorHistory is 0.500238 for index 147361, 148/1000.
The last entry of errorHistory is 0.000020 for index 147362, 148/1000.
The last entry of errorHistory is 1.000000 for index 147363, 148/1000.
Terminated at swamp 0.5.
The last entry of errorHistory is 0.500115 for index 147364, 148/1000.
Terminated at swamp 0.5.
The last entry of errorHistory is 0.500681 for index 147365, 148/1000.
Terminated at swamp 0.5.
The last entry of errorHistory is 0.500586 for index 147366, 148/1000.
Terminated at swamp 0.5.
The last entry of errorHistory is 0.500355 for index 147367, 148/1000.
Terminated at swamp 0.5.
The last entry of errorHistory is 0.500250 for index 147368, 148/1000.
Terminated at swamp 1.
The last entry of errorHistory is 1.000014 for index 147369, 148/1000.
Terminated at swamp 0.5.
The last entry of errorHistory is 0.500137 for index 147370, 148/1000.
Terminated at swamp 0.5.
The last entry of errorHistory is 0.500145 for index 147371, 148/1000.
The last entry of errorHistory is 1.000000 for index 147372, 148/1000.
Terminated at swamp 0.5.
The last entry of errorHistory is 0.500280 for index 147373, 148/1000.
Terminated at swamp 0.5.
The last entry of errorHistory is 0.500528 for index 147374, 148/1000.
The last entry of errorHistory is 0.000075 for index 147375, 148/1000.
Terminated at swamp 0.5.
The last entry of errorHistory is 0.500580 for index 147376, 148/1000.
Terminated at swamp 1.
The last entry of errorHistory is 1.000001 for index 147377, 148/1000.
Terminated at swamp 0.5.
The last entry of errorHistory is 0.500046 for index 147378, 148/1000.
Terminated at swamp 0.5.
The last entry of errorHistory is 0.500305 for index 147379, 148/1000.
Terminated at swamp 1.
The last entry of errorHistory is 1.000165 for index 147380, 148/1000.
The last entry of errorHistory is 1.000000 for index 147381, 148/1000.
Terminated at swamp 0.5.
The last entry of errorHistory is 0.500448 for index 147382, 148/1000.
Terminated at swamp 1.
The last entry of errorHistory is 1.000208 for index 147383, 148/1000.
Terminated at swamp 0.5.
The last entry of errorHistory is 0.500589 for index 147384, 148/1000.
The last entry of errorHistory is 1.000000 for index 147385, 148/1000.
The last entry of errorHistory is 1.000000 for index 147386, 148/1000.
Terminated at swamp 0.5.
The last entry of errorHistory is 0.500578 for index 147387, 148/1000.
The last entry of errorHistory is 1.500000 for index 147388, 148/1000.
The last entry of errorHistory is 1.000000 for index 147389, 148/1000.
The last entry of errorHistory is 0.000156 for index 147390, 148/1000.
The last entry of errorHistory is 0.000442 for index 147391, 148/1000.
Terminated at swamp 1.
The last entry of errorHistory is 1.000147 for index 147392, 148/1000.
Terminated at swamp 0.5.
The last entry of errorHistory is 0.500335 for index 147393, 148/1000.
The last entry of errorHistory is 1.000000 for index 147394, 148/1000.
Terminated at swamp 1.
The last entry of errorHistory is 1.000004 for index 147395, 148/1000.
The last entry of errorHistory is 0.500000 for index 147396, 148/1000.
The last entry of errorHistory is 1.000000 for index 147397, 148/1000.
The last entry of errorHistory is 1.500000 for index 147398, 148/1000.
The last entry of errorHistory is 0.000027 for index 147399, 148/1000.
Terminated at swamp 1.
The last entry of errorHistory is 1.000325 for index 147400, 148/1000.
Terminated at swamp 0.5.
The last entry of errorHistory is 0.500902 for index 147401, 148/1000.
Terminated at swamp 0.5.
The last entry of errorHistory is 0.500329 for index 147402, 148/1000.
The last entry of errorHistory is 1.000000 for index 147403, 148/1000.
Terminated at swamp 1.
The last entry of errorHistory is 1.000345 for index 147404, 148/1000.
Terminated at swamp 1.
The last entry of errorHistory is 1.000138 for index 147405, 148/1000.
The last entry of errorHistory is 1.000000 for index 147406, 148/1000.
Terminated at swamp 1.
The last entry of errorHistory is 1.000274 for index 147407, 148/1000.
The last entry of errorHistory is 0.000028 for index 147408, 148/1000.
The last entry of errorHistory is 1.000000 for index 147409, 148/1000.
The last entry of errorHistory is 0.500000 for index 147410, 148/1000.
Terminated at swamp 0.5.
The last entry of errorHistory is 0.500277 for index 147411, 148/1000.
Terminated at swamp 0.5.
The last entry of errorHistory is 0.500504 for index 147412, 148/1000.
Terminated at swamp 1.
The last entry of errorHistory is 1.000018 for index 147413, 148/1000.
The last entry of errorHistory is 1.000000 for index 147414, 148/1000.
The last entry of errorHistory is 0.500000 for index 147415, 148/1000.
Terminated at swamp 1.
The last entry of errorHistory is 1.000269 for index 147416, 148/1000.
Terminated at swamp 0.5.
The last entry of errorHistory is 0.500534 for index 147417, 148/1000.
Terminated at swamp 0.5.
The last entry of errorHistory is 0.500397 for index 147418, 148/1000.
Terminated at swamp 0.5.
The last entry of errorHistory is 0.500237 for index 147419, 148/1000.
Terminated at swamp 0.5.
The last entry of errorHistory is 0.500563 for index 147420, 148/1000.
Terminated at swamp 0.5.
The last entry of errorHistory is 0.500629 for index 147421, 148/1000.
Terminated at swamp 0.5.
The last entry of errorHistory is 0.500620 for index 147422, 148/1000.
The last entry of errorHistory is 0.000010 for index 147423, 148/1000.
Terminated at swamp 0.5.
The last entry of errorHistory is 0.500364 for index 147424, 148/1000.
The last entry of errorHistory is 1.000000 for index 147425, 148/1000.
Terminated at swamp 1.
The last entry of errorHistory is 1.000622 for index 147426, 148/1000.
Terminated at swamp 1.
The last entry of errorHistory is 1.000005 for index 147427, 148/1000.
The last entry of errorHistory is 1.000000 for index 147428, 148/1000.
Terminated at swamp 0.5.
The last entry of errorHistory is 0.500465 for index 147429, 148/1000.
Terminated at swamp 0.5.
The last entry of errorHistory is 0.500372 for index 147430, 148/1000.
Terminated at swamp 0.5.
The last entry of errorHistory is 0.500291 for index 147431, 148/1000.
Terminated at swamp 0.5.
The last entry of errorHistory is 0.500565 for index 147432, 148/1000.
Terminated at swamp 1.
The last entry of errorHistory is 1.000000 for index 147433, 148/1000.
The last entry of errorHistory is 1.500000 for index 147434, 148/1000.
The last entry of errorHistory is 0.000540 for index 147435, 148/1000.
Terminated at swamp 0.5.
The last entry of errorHistory is 0.500638 for index 147436, 148/1000.
The last entry of errorHistory is 0.005384 for index 147437, 148/1000.
Terminated at swamp 0.5.
The last entry of errorHistory is 0.500138 for index 147438, 148/1000.
Terminated at swamp 1.
The last entry of errorHistory is 1.000000 for index 147439, 148/1000.
Terminated at swamp 0.5.
The last entry of errorHistory is 0.500643 for index 147440, 148/1000.
Terminated at swamp 0.5.
The last entry of errorHistory is 0.500292 for index 147441, 148/1000.
Terminated at swamp 0.5.
The last entry of errorHistory is 0.500151 for index 147442, 148/1000.
Terminated at swamp 0.5.
The last entry of errorHistory is 0.500174 for index 147443, 148/1000.
The last entry of errorHistory is 1.500000 for index 147444, 148/1000.
Terminated at swamp 0.5.
The last entry of errorHistory is 0.500137 for index 147445, 148/1000.
The last entry of errorHistory is 1.000000 for index 147446, 148/1000.
Terminated at swamp 0.5.
The last entry of errorHistory is 0.500344 for index 147447, 148/1000.
The last entry of errorHistory is 1.000000 for index 147448, 148/1000.
Terminated at swamp 0.5.
The last entry of errorHistory is 0.500100 for index 147449, 148/1000.
Terminated at swamp 0.5.
The last entry of errorHistory is 0.500327 for index 147450, 148/1000.
Terminated at swamp 1.
The last entry of errorHistory is 1.000365 for index 147451, 148/1000.
Terminated at swamp 0.5.
The last entry of errorHistory is 0.500000 for index 147452, 148/1000.
The last entry of errorHistory is 0.500000 for index 147453, 148/1000.
Terminated at swamp 0.5.
The last entry of errorHistory is 0.500079 for index 147454, 148/1000.
Terminated at swamp 0.5.
The last entry of errorHistory is 0.500000 for index 147455, 148/1000.
The last entry of errorHistory is 1.000000 for index 147456, 148/1000.
Terminated at swamp 0.5.
The last entry of errorHistory is 0.500393 for index 147457, 148/1000.
Terminated at swamp 0.5.
The last entry of errorHistory is 0.500385 for index 147458, 148/1000.
The last entry of errorHistory is 1.000000 for index 147459, 148/1000.
Terminated at swamp 0.5.
The last entry of errorHistory is 0.500848 for index 147460, 148/1000.
Terminated at swamp 0.5.
The last entry of errorHistory is 0.500447 for index 147461, 148/1000.
Terminated at swamp 1.
The last entry of errorHistory is 1.000334 for index 147462, 148/1000.
Terminated at swamp 0.5.
The last entry of errorHistory is 0.500890 for index 147463, 148/1000.
Terminated at swamp 0.5.
The last entry of errorHistory is 0.500193 for index 147464, 148/1000.
Terminated at swamp 0.5.
The last entry of errorHistory is 0.500633 for index 147465, 148/1000.
Terminated at swamp 0.5.
The last entry of errorHistory is 0.500275 for index 147466, 148/1000.
Terminated at swamp 1.
The last entry of errorHistory is 1.000059 for index 147467, 148/1000.
The last entry of errorHistory is 1.000000 for index 147468, 148/1000.
Terminated at swamp 0.5.
The last entry of errorHistory is 0.500417 for index 147469, 148/1000.
Terminated at swamp 0.5.
The last entry of errorHistory is 0.500340 for index 147470, 148/1000.
Terminated at swamp 1.
The last entry of errorHistory is 1.000000 for index 147471, 148/1000.
Terminated at swamp 1.
The last entry of errorHistory is 1.000398 for index 147472, 148/1000.
Terminated at swamp 1.
The last entry of errorHistory is 1.000227 for index 147473, 148/1000.
The last entry of errorHistory is 0.000026 for index 147474, 148/1000.
Terminated at swamp 0.5.
The last entry of errorHistory is 0.500035 for index 147475, 148/1000.
Terminated at swamp 0.5.
The last entry of errorHistory is 0.500210 for index 147476, 148/1000.
Terminated at swamp 0.5.
The last entry of errorHistory is 0.500032 for index 147477, 148/1000.
The last entry of errorHistory is 1.000000 for index 147478, 148/1000.
Terminated at swamp 1.
The last entry of errorHistory is 1.000085 for index 147479, 148/1000.
Terminated at swamp 0.5.
The last entry of errorHistory is 0.500427 for index 147480, 148/1000.
Terminated at swamp 0.5.
The last entry of errorHistory is 0.500733 for index 147481, 148/1000.
Terminated at swamp 1.
The last entry of errorHistory is 1.000010 for index 147482, 148/1000.
Terminated at swamp 0.5.
The last entry of errorHistory is 0.500415 for index 147483, 148/1000.
The last entry of errorHistory is 0.500000 for index 147484, 148/1000.
The last entry of errorHistory is 1.000000 for index 147485, 148/1000.
Terminated at swamp 0.5.
The last entry of errorHistory is 0.500526 for index 147486, 148/1000.
The last entry of errorHistory is 0.000019 for index 147487, 148/1000.
Terminated at swamp 0.5.
The last entry of errorHistory is 0.500372 for index 147488, 148/1000.
Terminated at swamp 0.5.
The last entry of errorHistory is 0.500024 for index 147489, 148/1000.
The last entry of errorHistory is 1.000000 for index 147490, 148/1000.
Terminated at swamp 0.5.
The last entry of errorHistory is 0.500475 for index 147491, 148/1000.
Terminated at swamp 1.
The last entry of errorHistory is 1.000027 for index 147492, 148/1000.
Terminated at swamp 0.5.
The last entry of errorHistory is 0.500533 for index 147493, 148/1000.
Terminated at swamp 1.
The last entry of errorHistory is 1.000175 for index 147494, 148/1000.
Terminated at swamp 1.
The last entry of errorHistory is 1.000297 for index 147495, 148/1000.
Terminated at swamp 0.5.
The last entry of errorHistory is 0.500381 for index 147496, 148/1000.
Terminated at swamp 0.5.
The last entry of errorHistory is 0.500404 for index 147497, 148/1000.
Terminated at swamp 0.5.
The last entry of errorHistory is 0.500464 for index 147498, 148/1000.
The last entry of errorHistory is 0.500000 for index 147499, 148/1000.
The last entry of errorHistory is 1.000000 for index 147500, 148/1000.
The last entry of errorHistory is 1.000000 for index 147501, 148/1000.
Terminated at swamp 1.
The last entry of errorHistory is 1.000013 for index 147502, 148/1000.
The last entry of errorHistory is 0.000036 for index 147503, 148/1000.
Terminated at swamp 1.
The last entry of errorHistory is 1.000366 for index 147504, 148/1000.
Terminated at swamp 1.
The last entry of errorHistory is 1.000035 for index 147505, 148/1000.
Terminated at swamp 1.
The last entry of errorHistory is 1.000000 for index 147506, 148/1000.
The last entry of errorHistory is 1.500000 for index 147507, 148/1000.
Terminated at swamp 0.5.
The last entry of errorHistory is 0.500327 for index 147508, 148/1000.
The last entry of errorHistory is 1.000000 for index 147509, 148/1000.
Terminated at swamp 1.
The last entry of errorHistory is 1.000105 for index 147510, 148/1000.
Terminated at swamp 0.5.
The last entry of errorHistory is 0.500361 for index 147511, 148/1000.
The last entry of errorHistory is 0.500000 for index 147512, 148/1000.
Terminated at swamp 0.5.
The last entry of errorHistory is 0.500348 for index 147513, 148/1000.
Terminated at swamp 0.5.
The last entry of errorHistory is 0.500000 for index 147514, 148/1000.
Terminated at swamp 1.
The last entry of errorHistory is 1.000000 for index 147515, 148/1000.
The last entry of errorHistory is 0.000032 for index 147516, 148/1000.
Terminated at swamp 0.5.
The last entry of errorHistory is 0.500656 for index 147517, 148/1000.
Terminated at swamp 0.5.
The last entry of errorHistory is 0.500419 for index 147518, 148/1000.
Terminated at swamp 0.5.
The last entry of errorHistory is 0.500422 for index 147519, 148/1000.
Terminated at swamp 0.5.
The last entry of errorHistory is 0.500233 for index 147520, 148/1000.
The last entry of errorHistory is 1.000000 for index 147521, 148/1000.
The last entry of errorHistory is 2.000000 for index 147522, 148/1000.
The last entry of errorHistory is 0.500000 for index 147523, 148/1000.
Terminated at swamp 0.5.
The last entry of errorHistory is 0.500845 for index 147524, 148/1000.
Terminated at swamp 1.
The last entry of errorHistory is 1.000307 for index 147525, 148/1000.
Terminated at swamp 0.5.
The last entry of errorHistory is 0.500094 for index 147526, 148/1000.
Terminated at swamp 0.5.
The last entry of errorHistory is 0.500928 for index 147527, 148/1000.
Terminated at swamp 1.
The last entry of errorHistory is 0.999994 for index 147528, 148/1000.
Terminated at swamp 0.5.
The last entry of errorHistory is 0.500195 for index 147529, 148/1000.
The last entry of errorHistory is 1.000000 for index 147530, 148/1000.
Terminated at swamp 0.5.
The last entry of errorHistory is 0.500680 for index 147531, 148/1000.
Terminated at swamp 0.5.
The last entry of errorHistory is 0.500243 for index 147532, 148/1000.
The last entry of errorHistory is 1.000000 for index 147533, 148/1000.
Terminated at swamp 0.5.
The last entry of errorHistory is 0.500075 for index 147534, 148/1000.
Terminated at swamp 0.5.
The last entry of errorHistory is 0.500683 for index 147535, 148/1000.
Terminated at swamp 0.5.
The last entry of errorHistory is 0.500304 for index 147536, 148/1000.
The last entry of errorHistory is 0.000020 for index 147537, 148/1000.
Terminated at swamp 0.5.
The last entry of errorHistory is 0.500273 for index 147538, 148/1000.
The last entry of errorHistory is 1.000000 for index 147539, 148/1000.
Terminated at swamp 1.
The last entry of errorHistory is 1.000000 for index 147540, 148/1000.
Terminated at swamp 0.5.
The last entry of errorHistory is 0.500431 for index 147541, 148/1000.
The last entry of errorHistory is 0.000968 for index 147542, 148/1000.
The last entry of errorHistory is 1.000000 for index 147543, 148/1000.
The last entry of errorHistory is 1.000000 for index 147544, 148/1000.
Terminated at swamp 0.5.
The last entry of errorHistory is 0.500201 for index 147545, 148/1000.
The last entry of errorHistory is 0.000053 for index 147546, 148/1000.
The last entry of errorHistory is 1.000000 for index 147547, 148/1000.
Terminated at swamp 1.
The last entry of errorHistory is 1.000179 for index 147548, 148/1000.
Terminated at swamp 0.5.
The last entry of errorHistory is 0.500369 for index 147549, 148/1000.
Terminated at swamp 1.
The last entry of errorHistory is 1.000316 for index 147550, 148/1000.
The last entry of errorHistory is 1.000000 for index 147551, 148/1000.
The last entry of errorHistory is 0.000083 for index 147552, 148/1000.
The last entry of errorHistory is 0.001521 for index 147553, 148/1000.
The last entry of errorHistory is 0.000050 for index 147554, 148/1000.
Terminated at swamp 0.5.
The last entry of errorHistory is 0.500142 for index 147555, 148/1000.
The last entry of errorHistory is 1.500000 for index 147556, 148/1000.
Terminated at swamp 0.5.
The last entry of errorHistory is 0.500357 for index 147557, 148/1000.
Terminated at swamp 0.5.
The last entry of errorHistory is 0.500476 for index 147558, 148/1000.
Terminated at swamp 1.
The last entry of errorHistory is 1.000227 for index 147559, 148/1000.
The last entry of errorHistory is 0.000101 for index 147560, 148/1000.
Terminated at swamp 1.
The last entry of errorHistory is 1.000008 for index 147561, 148/1000.
The last entry of errorHistory is 1.000000 for index 147562, 148/1000.
Terminated at swamp 0.5.
The last entry of errorHistory is 0.500299 for index 147563, 148/1000.
Terminated at swamp 0.5.
The last entry of errorHistory is 0.500465 for index 147564, 148/1000.
Terminated at swamp 1.
The last entry of errorHistory is 1.000451 for index 147565, 148/1000.
Terminated at swamp 1.
The last entry of errorHistory is 1.000009 for index 147566, 148/1000.
Terminated at swamp 1.
The last entry of errorHistory is 1.000000 for index 147567, 148/1000.
The last entry of errorHistory is 1.000000 for index 147568, 148/1000.
Terminated at swamp 0.5.
The last entry of errorHistory is 0.500434 for index 147569, 148/1000.
Terminated at swamp 0.5.
The last entry of errorHistory is 0.500751 for index 147570, 148/1000.
The last entry of errorHistory is 1.000000 for index 147571, 148/1000.
The last entry of errorHistory is 0.000036 for index 147572, 148/1000.
Terminated at swamp 0.5.
The last entry of errorHistory is 0.500020 for index 147573, 148/1000.
The last entry of errorHistory is 0.000014 for index 147574, 148/1000.
Terminated at swamp 1.
The last entry of errorHistory is 1.000055 for index 147575, 148/1000.
The last entry of errorHistory is 1.500000 for index 147576, 148/1000.
The last entry of errorHistory is 0.500000 for index 147577, 148/1000.
The last entry of errorHistory is 1.000000 for index 147578, 148/1000.
Terminated at swamp 0.5.
The last entry of errorHistory is 0.500253 for index 147579, 148/1000.
Terminated at swamp 0.5.
The last entry of errorHistory is 0.500622 for index 147580, 148/1000.
Terminated at swamp 0.5.
The last entry of errorHistory is 0.500641 for index 147581, 148/1000.
Terminated at swamp 0.5.
The last entry of errorHistory is 0.500510 for index 147582, 148/1000.
The last entry of errorHistory is 1.000000 for index 147583, 148/1000.
Terminated at swamp 1.
The last entry of errorHistory is 1.000351 for index 147584, 148/1000.
Terminated at swamp 0.5.
The last entry of errorHistory is 0.500156 for index 147585, 148/1000.
The last entry of errorHistory is 0.500000 for index 147586, 148/1000.
Terminated at swamp 1.
The last entry of errorHistory is 1.000305 for index 147587, 148/1000.
Terminated at swamp 0.5.
The last entry of errorHistory is 0.500294 for index 147588, 148/1000.
Terminated at swamp 0.5.
The last entry of errorHistory is 0.500578 for index 147589, 148/1000.
Terminated at swamp 0.5.
The last entry of errorHistory is 0.500314 for index 147590, 148/1000.
Terminated at swamp 0.5.
The last entry of errorHistory is 0.500459 for index 147591, 148/1000.
Terminated at swamp 0.5.
The last entry of errorHistory is 0.500164 for index 147592, 148/1000.
Terminated at swamp 0.5.
The last entry of errorHistory is 0.500290 for index 147593, 148/1000.
Terminated at swamp 0.5.
The last entry of errorHistory is 0.500411 for index 147594, 148/1000.
The last entry of errorHistory is 1.000000 for index 147595, 148/1000.
Terminated at swamp 0.5.
The last entry of errorHistory is 0.500504 for index 147596, 148/1000.
Terminated at swamp 0.5.
The last entry of errorHistory is 0.500391 for index 147597, 148/1000.
The last entry of errorHistory is 0.000028 for index 147598, 148/1000.
The last entry of errorHistory is 1.000000 for index 147599, 148/1000.
The last entry of errorHistory is 1.000000 for index 147600, 148/1000.
The last entry of errorHistory is 0.500000 for index 147601, 148/1000.
The last entry of errorHistory is 0.000371 for index 147602, 148/1000.
The last entry of errorHistory is 0.000617 for index 147603, 148/1000.
Terminated at swamp 0.5.
The last entry of errorHistory is 0.500622 for index 147604, 148/1000.
The last entry of errorHistory is 1.000000 for index 147605, 148/1000.
The last entry of errorHistory is 1.000000 for index 147606, 148/1000.
The last entry of errorHistory is 1.000000 for index 147607, 148/1000.
The last entry of errorHistory is 0.000843 for index 147608, 148/1000.
Terminated at swamp 0.5.
The last entry of errorHistory is 0.500317 for index 147609, 148/1000.
Terminated at swamp 1.
The last entry of errorHistory is 1.000000 for index 147610, 148/1000.
Terminated at swamp 1.
The last entry of errorHistory is 1.000000 for index 147611, 148/1000.
Terminated at swamp 0.5.
The last entry of errorHistory is 0.500333 for index 147612, 148/1000.
Terminated at swamp 0.5.
The last entry of errorHistory is 0.500597 for index 147613, 148/1000.
Terminated at swamp 0.5.
The last entry of errorHistory is 0.500321 for index 147614, 148/1000.
Terminated at swamp 0.5.
The last entry of errorHistory is 0.500345 for index 147615, 148/1000.
The last entry of errorHistory is 1.000000 for index 147616, 148/1000.
The last entry of errorHistory is 1.000000 for index 147617, 148/1000.
The last entry of errorHistory is 1.000000 for index 147618, 148/1000.
The last entry of errorHistory is 0.002618 for index 147619, 148/1000.
Terminated at swamp 0.5.
The last entry of errorHistory is 0.500214 for index 147620, 148/1000.
Terminated at swamp 0.5.
The last entry of errorHistory is 0.500074 for index 147621, 148/1000.
The last entry of errorHistory is 0.000008 for index 147622, 148/1000.
The last entry of errorHistory is 0.000027 for index 147623, 148/1000.
Terminated at swamp 0.5.
The last entry of errorHistory is 0.500597 for index 147624, 148/1000.
Terminated at swamp 1.
The last entry of errorHistory is 1.000278 for index 147625, 148/1000.
The last entry of errorHistory is 1.000000 for index 147626, 148/1000.
Terminated at swamp 0.5.
The last entry of errorHistory is 0.500343 for index 147627, 148/1000.
The last entry of errorHistory is 0.000025 for index 147628, 148/1000.
Terminated at swamp 1.
The last entry of errorHistory is 1.000108 for index 147629, 148/1000.
Terminated at swamp 0.5.
The last entry of errorHistory is 0.500396 for index 147630, 148/1000.
The last entry of errorHistory is 0.500000 for index 147631, 148/1000.
The last entry of errorHistory is 0.000042 for index 147632, 148/1000.
Terminated at swamp 0.5.
The last entry of errorHistory is 0.500288 for index 147633, 148/1000.
The last entry of errorHistory is 0.000028 for index 147634, 148/1000.
Terminated at swamp 1.
The last entry of errorHistory is 1.000899 for index 147635, 148/1000.
Terminated at swamp 0.5.
The last entry of errorHistory is 0.500401 for index 147636, 148/1000.
The last entry of errorHistory is 1.000000 for index 147637, 148/1000.
Terminated at swamp 0.5.
The last entry of errorHistory is 0.500494 for index 147638, 148/1000.
The last entry of errorHistory is 1.500000 for index 147639, 148/1000.
The last entry of errorHistory is 0.500000 for index 147640, 148/1000.
Terminated at swamp 0.5.
The last entry of errorHistory is 0.500579 for index 147641, 148/1000.
Terminated at swamp 0.5.
The last entry of errorHistory is 0.500415 for index 147642, 148/1000.
Terminated at swamp 1.
The last entry of errorHistory is 1.000000 for index 147643, 148/1000.
Terminated at swamp 0.5.
The last entry of errorHistory is 0.500476 for index 147644, 148/1000.
The last entry of errorHistory is 0.000546 for index 147645, 148/1000.
The last entry of errorHistory is 1.000000 for index 147646, 148/1000.
The last entry of errorHistory is 1.000000 for index 147647, 148/1000.
The last entry of errorHistory is 0.000013 for index 147648, 148/1000.
The last entry of errorHistory is 0.000020 for index 147649, 148/1000.
Terminated at swamp 0.5.
The last entry of errorHistory is 0.500525 for index 147650, 148/1000.
Terminated at swamp 0.5.
The last entry of errorHistory is 0.500704 for index 147651, 148/1000.
Terminated at swamp 0.5.
The last entry of errorHistory is 0.500161 for index 147652, 148/1000.
The last entry of errorHistory is 0.000009 for index 147653, 148/1000.
Terminated at swamp 1.
The last entry of errorHistory is 1.000136 for index 147654, 148/1000.
The last entry of errorHistory is 0.001260 for index 147655, 148/1000.
The last entry of errorHistory is 1.000000 for index 147656, 148/1000.
Terminated at swamp 0.5.
The last entry of errorHistory is 0.500552 for index 147657, 148/1000.
The last entry of errorHistory is 0.500000 for index 147658, 148/1000.
The last entry of errorHistory is 0.000014 for index 147659, 148/1000.
The last entry of errorHistory is 0.000039 for index 147660, 148/1000.
The last entry of errorHistory is 0.500000 for index 147661, 148/1000.
The last entry of errorHistory is 0.500000 for index 147662, 148/1000.
Terminated at swamp 0.5.
The last entry of errorHistory is 0.500629 for index 147663, 148/1000.
Terminated at swamp 1.
The last entry of errorHistory is 1.000363 for index 147664, 148/1000.
Terminated at swamp 0.5.
The last entry of errorHistory is 0.500509 for index 147665, 148/1000.
Terminated at swamp 0.5.
The last entry of errorHistory is 0.500413 for index 147666, 148/1000.
Terminated at swamp 1.
The last entry of errorHistory is 1.000069 for index 147667, 148/1000.
The last entry of errorHistory is 1.000000 for index 147668, 148/1000.
Terminated at swamp 0.5.
The last entry of errorHistory is 0.500375 for index 147669, 148/1000.
The last entry of errorHistory is 1.000000 for index 147670, 148/1000.
The last entry of errorHistory is 1.500000 for index 147671, 148/1000.
Terminated at swamp 1.
The last entry of errorHistory is 1.000002 for index 147672, 148/1000.
Terminated at swamp 0.5.
The last entry of errorHistory is 0.500113 for index 147673, 148/1000.
Terminated at swamp 0.5.
The last entry of errorHistory is 0.500232 for index 147674, 148/1000.
Terminated at swamp 0.5.
The last entry of errorHistory is 0.499759 for index 147675, 148/1000.
The last entry of errorHistory is 1.000000 for index 147676, 148/1000.
Terminated at swamp 0.5.
The last entry of errorHistory is 0.500049 for index 147677, 148/1000.
The last entry of errorHistory is 1.000000 for index 147678, 148/1000.
The last entry of errorHistory is 1.000000 for index 147679, 148/1000.
Terminated at swamp 1.
The last entry of errorHistory is 1.000000 for index 147680, 148/1000.
Terminated at swamp 1.
The last entry of errorHistory is 1.000001 for index 147681, 148/1000.
The last entry of errorHistory is 1.500000 for index 147682, 148/1000.
Terminated at swamp 0.5.
The last entry of errorHistory is 0.500387 for index 147683, 148/1000.
The last entry of errorHistory is 0.000016 for index 147684, 148/1000.
Terminated at swamp 0.5.
The last entry of errorHistory is 0.500536 for index 147685, 148/1000.
Terminated at swamp 0.5.
The last entry of errorHistory is 0.500272 for index 147686, 148/1000.
Terminated at swamp 1.
The last entry of errorHistory is 1.000344 for index 147687, 148/1000.
Terminated at swamp 1.
The last entry of errorHistory is 1.000436 for index 147688, 148/1000.
Terminated at swamp 0.5.
The last entry of errorHistory is 0.500546 for index 147689, 148/1000.
The last entry of errorHistory is 0.500000 for index 147690, 148/1000.
Terminated at swamp 1.
The last entry of errorHistory is 1.000093 for index 147691, 148/1000.
Terminated at swamp 1.
The last entry of errorHistory is 1.000006 for index 147692, 148/1000.
Terminated at swamp 0.5.
The last entry of errorHistory is 0.500408 for index 147693, 148/1000.
The last entry of errorHistory is 1.000000 for index 147694, 148/1000.
The last entry of errorHistory is 0.000031 for index 147695, 148/1000.
Terminated at swamp 0.5.
The last entry of errorHistory is 0.500325 for index 147696, 148/1000.
Terminated at swamp 0.5.
The last entry of errorHistory is 0.500426 for index 147697, 148/1000.
Terminated at swamp 0.5.
The last entry of errorHistory is 0.500396 for index 147698, 148/1000.
Terminated at swamp 0.5.
The last entry of errorHistory is 0.500480 for index 147699, 148/1000.
The last entry of errorHistory is 1.000000 for index 147700, 148/1000.
Terminated at swamp 0.5.
The last entry of errorHistory is 0.500335 for index 147701, 148/1000.
Terminated at swamp 0.5.
The last entry of errorHistory is 0.500502 for index 147702, 148/1000.
The last entry of errorHistory is 1.000000 for index 147703, 148/1000.
Terminated at swamp 0.5.
The last entry of errorHistory is 0.500285 for index 147704, 148/1000.
The last entry of errorHistory is 0.000009 for index 147705, 148/1000.
Terminated at swamp 1.
The last entry of errorHistory is 1.000384 for index 147706, 148/1000.
Terminated at swamp 0.5.
The last entry of errorHistory is 0.500249 for index 147707, 148/1000.
Terminated at swamp 0.5.
The last entry of errorHistory is 0.500612 for index 147708, 148/1000.
Terminated at swamp 0.5.
The last entry of errorHistory is 0.500533 for index 147709, 148/1000.
Terminated at swamp 0.5.
The last entry of errorHistory is 0.500499 for index 147710, 148/1000.
The last entry of errorHistory is 1.000000 for index 147711, 148/1000.
The last entry of errorHistory is 0.500000 for index 147712, 148/1000.
Terminated at swamp 0.5.
The last entry of errorHistory is 0.500654 for index 147713, 148/1000.
The last entry of errorHistory is 1.000000 for index 147714, 148/1000.
Terminated at swamp 0.5.
The last entry of errorHistory is 0.500032 for index 147715, 148/1000.
Terminated at swamp 0.5.
The last entry of errorHistory is 0.500343 for index 147716, 148/1000.
The last entry of errorHistory is 0.000018 for index 147717, 148/1000.
The last entry of errorHistory is 1.000000 for index 147718, 148/1000.
The last entry of errorHistory is 1.500000 for index 147719, 148/1000.
The last entry of errorHistory is 0.500000 for index 147720, 148/1000.
Terminated at swamp 0.5.
The last entry of errorHistory is 0.500069 for index 147721, 148/1000.
Terminated at swamp 0.5.
The last entry of errorHistory is 0.500219 for index 147722, 148/1000.
Terminated at swamp 1.
The last entry of errorHistory is 1.000065 for index 147723, 148/1000.
Terminated at swamp 0.5.
The last entry of errorHistory is 0.500357 for index 147724, 148/1000.
The last entry of errorHistory is 1.000000 for index 147725, 148/1000.
Terminated at swamp 0.5.
The last entry of errorHistory is 0.500457 for index 147726, 148/1000.
Terminated at swamp 1.
The last entry of errorHistory is 1.000027 for index 147727, 148/1000.
Terminated at swamp 0.5.
The last entry of errorHistory is 0.500629 for index 147728, 148/1000.
Terminated at swamp 1.
The last entry of errorHistory is 1.000019 for index 147729, 148/1000.
Terminated at swamp 0.5.
The last entry of errorHistory is 0.500543 for index 147730, 148/1000.
Terminated at swamp 1.
The last entry of errorHistory is 1.000461 for index 147731, 148/1000.
Terminated at swamp 0.5.
The last entry of errorHistory is 0.500769 for index 147732, 148/1000.
The last entry of errorHistory is 0.500000 for index 147733, 148/1000.
Terminated at swamp 0.5.
The last entry of errorHistory is 0.500408 for index 147734, 148/1000.
Terminated at swamp 0.5.
The last entry of errorHistory is 0.500005 for index 147735, 148/1000.
Terminated at swamp 0.5.
The last entry of errorHistory is 0.500204 for index 147736, 148/1000.
The last entry of errorHistory is 1.500000 for index 147737, 148/1000.
Terminated at swamp 0.5.
The last entry of errorHistory is 0.500457 for index 147738, 148/1000.
Terminated at swamp 0.5.
The last entry of errorHistory is 0.500434 for index 147739, 148/1000.
Terminated at swamp 0.5.
The last entry of errorHistory is 0.500448 for index 147740, 148/1000.
The last entry of errorHistory is 1.000000 for index 147741, 148/1000.
The last entry of errorHistory is 1.000000 for index 147742, 148/1000.
Terminated at swamp 0.5.
The last entry of errorHistory is 0.500727 for index 147743, 148/1000.
The last entry of errorHistory is 0.000010 for index 147744, 148/1000.
Terminated at swamp 0.5.
The last entry of errorHistory is 0.500395 for index 147745, 148/1000.
Terminated at swamp 0.5.
The last entry of errorHistory is 0.500277 for index 147746, 148/1000.
Terminated at swamp 0.5.
The last entry of errorHistory is 0.500565 for index 147747, 148/1000.
The last entry of errorHistory is 1.000000 for index 147748, 148/1000.
Terminated at swamp 0.5.
The last entry of errorHistory is 0.500422 for index 147749, 148/1000.
The last entry of errorHistory is 1.000000 for index 147750, 148/1000.
Terminated at swamp 0.5.
The last entry of errorHistory is 0.500028 for index 147751, 148/1000.
Terminated at swamp 0.5.
The last entry of errorHistory is 0.500199 for index 147752, 148/1000.
Terminated at swamp 1.
The last entry of errorHistory is 1.000513 for index 147753, 148/1000.
Terminated at swamp 0.5.
The last entry of errorHistory is 0.500273 for index 147754, 148/1000.
The last entry of errorHistory is 1.500000 for index 147755, 148/1000.
Terminated at swamp 0.5.
The last entry of errorHistory is 0.500020 for index 147756, 148/1000.
Terminated at swamp 0.5.
The last entry of errorHistory is 0.500534 for index 147757, 148/1000.
The last entry of errorHistory is 1.000000 for index 147758, 148/1000.
The last entry of errorHistory is 0.000020 for index 147759, 148/1000.
The last entry of errorHistory is 0.500000 for index 147760, 148/1000.
The last entry of errorHistory is 0.500000 for index 147761, 148/1000.
Terminated at swamp 0.5.
The last entry of errorHistory is 0.500602 for index 147762, 148/1000.
Terminated at swamp 1.
The last entry of errorHistory is 1.000013 for index 147763, 148/1000.
Terminated at swamp 0.5.
The last entry of errorHistory is 0.500438 for index 147764, 148/1000.
The last entry of errorHistory is 0.000126 for index 147765, 148/1000.
Terminated at swamp 0.5.
The last entry of errorHistory is 0.500568 for index 147766, 148/1000.
The last entry of errorHistory is 0.500000 for index 147767, 148/1000.
Terminated at swamp 1.
The last entry of errorHistory is 1.000000 for index 147768, 148/1000.
Terminated at swamp 0.5.
The last entry of errorHistory is 0.500026 for index 147769, 148/1000.
Terminated at swamp 0.5.
The last entry of errorHistory is 0.500184 for index 147770, 148/1000.
The last entry of errorHistory is 1.000000 for index 147771, 148/1000.
The last entry of errorHistory is 0.000589 for index 147772, 148/1000.
The last entry of errorHistory is 1.000000 for index 147773, 148/1000.
Terminated at swamp 0.5.
The last entry of errorHistory is 0.500345 for index 147774, 148/1000.
Terminated at swamp 0.5.
The last entry of errorHistory is 0.500516 for index 147775, 148/1000.
The last entry of errorHistory is 1.000000 for index 147776, 148/1000.
The last entry of errorHistory is 1.000000 for index 147777, 148/1000.
Terminated at swamp 0.5.
The last entry of errorHistory is 0.500598 for index 147778, 148/1000.
The last entry of errorHistory is 1.000000 for index 147779, 148/1000.
Terminated at swamp 0.5.
The last entry of errorHistory is 0.500517 for index 147780, 148/1000.
The last entry of errorHistory is 0.000020 for index 147781, 148/1000.
Terminated at swamp 0.5.
The last entry of errorHistory is 0.500695 for index 147782, 148/1000.
Terminated at swamp 0.5.
The last entry of errorHistory is 0.500533 for index 147783, 148/1000.
Terminated at swamp 0.5.
The last entry of errorHistory is 0.500503 for index 147784, 148/1000.
Terminated at swamp 1.
The last entry of errorHistory is 1.000372 for index 147785, 148/1000.
The last entry of errorHistory is 0.500000 for index 147786, 148/1000.
The last entry of errorHistory is 0.000010 for index 147787, 148/1000.
The last entry of errorHistory is 0.500000 for index 147788, 148/1000.
The last entry of errorHistory is 1.000000 for index 147789, 148/1000.
Terminated at swamp 0.5.
The last entry of errorHistory is 0.500431 for index 147790, 148/1000.
Terminated at swamp 1.
The last entry of errorHistory is 1.000290 for index 147791, 148/1000.
The last entry of errorHistory is 0.000675 for index 147792, 148/1000.
Terminated at swamp 0.5.
The last entry of errorHistory is 0.500185 for index 147793, 148/1000.
The last entry of errorHistory is 0.000012 for index 147794, 148/1000.
Terminated at swamp 0.5.
The last entry of errorHistory is 0.500353 for index 147795, 148/1000.
Terminated at swamp 0.5.
The last entry of errorHistory is 0.500687 for index 147796, 148/1000.
Terminated at swamp 0.5.
The last entry of errorHistory is 0.500585 for index 147797, 148/1000.
Terminated at swamp 0.5.
The last entry of errorHistory is 0.500498 for index 147798, 148/1000.
The last entry of errorHistory is 0.000053 for index 147799, 148/1000.
Terminated at swamp 0.5.
The last entry of errorHistory is 0.500496 for index 147800, 148/1000.
The last entry of errorHistory is 0.000045 for index 147801, 148/1000.
The last entry of errorHistory is 0.000032 for index 147802, 148/1000.
Terminated at swamp 0.5.
The last entry of errorHistory is 0.500502 for index 147803, 148/1000.
Terminated at swamp 0.5.
The last entry of errorHistory is 0.500938 for index 147804, 148/1000.
The last entry of errorHistory is 1.500000 for index 147805, 148/1000.
Terminated at swamp 0.5.
The last entry of errorHistory is 0.500312 for index 147806, 148/1000.
The last entry of errorHistory is 0.500000 for index 147807, 148/1000.
Terminated at swamp 0.5.
The last entry of errorHistory is 0.500621 for index 147808, 148/1000.
The last entry of errorHistory is 0.000041 for index 147809, 148/1000.
Terminated at swamp 1.
The last entry of errorHistory is 1.000000 for index 147810, 148/1000.
Terminated at swamp 0.5.
The last entry of errorHistory is 0.500298 for index 147811, 148/1000.
Terminated at swamp 0.5.
The last entry of errorHistory is 0.500597 for index 147812, 148/1000.
The last entry of errorHistory is 0.000171 for index 147813, 148/1000.
Terminated at swamp 1.
The last entry of errorHistory is 1.000000 for index 147814, 148/1000.
The last entry of errorHistory is 1.000000 for index 147815, 148/1000.
The last entry of errorHistory is 1.000000 for index 147816, 148/1000.
The last entry of errorHistory is 1.000000 for index 147817, 148/1000.
Terminated at swamp 1.
The last entry of errorHistory is 1.000436 for index 147818, 148/1000.
Terminated at swamp 0.5.
The last entry of errorHistory is 0.500546 for index 147819, 148/1000.
The last entry of errorHistory is 1.000000 for index 147820, 148/1000.
Terminated at swamp 0.5.
The last entry of errorHistory is 0.500588 for index 147821, 148/1000.
Terminated at swamp 1.
The last entry of errorHistory is 1.000085 for index 147822, 148/1000.
The last entry of errorHistory is 1.000000 for index 147823, 148/1000.
The last entry of errorHistory is 1.000000 for index 147824, 148/1000.
Terminated at swamp 0.5.
The last entry of errorHistory is 0.500542 for index 147825, 148/1000.
The last entry of errorHistory is 0.000059 for index 147826, 148/1000.
Terminated at swamp 0.5.
The last entry of errorHistory is 0.500412 for index 147827, 148/1000.
The last entry of errorHistory is 0.000936 for index 147828, 148/1000.
Terminated at swamp 1.
The last entry of errorHistory is 1.000023 for index 147829, 148/1000.
Terminated at swamp 0.5.
The last entry of errorHistory is 0.500487 for index 147830, 148/1000.
Terminated at swamp 0.5.
The last entry of errorHistory is 0.500000 for index 147831, 148/1000.
Terminated at swamp 0.5.
The last entry of errorHistory is 0.500488 for index 147832, 148/1000.
The last entry of errorHistory is 0.000047 for index 147833, 148/1000.
The last entry of errorHistory is 1.000000 for index 147834, 148/1000.
Terminated at swamp 1.
The last entry of errorHistory is 1.000001 for index 147835, 148/1000.
Terminated at swamp 1.
The last entry of errorHistory is 1.000031 for index 147836, 148/1000.
Terminated at swamp 0.5.
The last entry of errorHistory is 0.500523 for index 147837, 148/1000.
The last entry of errorHistory is 1.000000 for index 147838, 148/1000.
Terminated at swamp 0.5.
The last entry of errorHistory is 0.500357 for index 147839, 148/1000.
Terminated at swamp 1.
The last entry of errorHistory is 1.000000 for index 147840, 148/1000.
Terminated at swamp 1.
The last entry of errorHistory is 1.000477 for index 147841, 148/1000.
The last entry of errorHistory is 0.000024 for index 147842, 148/1000.
The last entry of errorHistory is 0.500000 for index 147843, 148/1000.
Terminated at swamp 0.5.
The last entry of errorHistory is 0.500620 for index 147844, 148/1000.
Terminated at swamp 0.5.
The last entry of errorHistory is 0.500503 for index 147845, 148/1000.
The last entry of errorHistory is 0.000013 for index 147846, 148/1000.
Terminated at swamp 0.5.
The last entry of errorHistory is 0.500154 for index 147847, 148/1000.
Terminated at swamp 1.
The last entry of errorHistory is 1.000107 for index 147848, 148/1000.
Terminated at swamp 0.5.
The last entry of errorHistory is 0.500518 for index 147849, 148/1000.
Terminated at swamp 0.5.
The last entry of errorHistory is 0.500533 for index 147850, 148/1000.
Terminated at swamp 0.5.
The last entry of errorHistory is 0.500905 for index 147851, 148/1000.
Terminated at swamp 0.5.
The last entry of errorHistory is 0.500187 for index 147852, 148/1000.
Terminated at swamp 1.
The last entry of errorHistory is 1.000322 for index 147853, 148/1000.
The last entry of errorHistory is 1.000000 for index 147854, 148/1000.
Terminated at swamp 0.5.
The last entry of errorHistory is 0.500061 for index 147855, 148/1000.
Terminated at swamp 1.
The last entry of errorHistory is 1.000436 for index 147856, 148/1000.
The last entry of errorHistory is 1.000000 for index 147857, 148/1000.
Terminated at swamp 0.5.
The last entry of errorHistory is 0.500499 for index 147858, 148/1000.
Terminated at swamp 0.5.
The last entry of errorHistory is 0.500440 for index 147859, 148/1000.
Terminated at swamp 1.
The last entry of errorHistory is 1.000363 for index 147860, 148/1000.
Terminated at swamp 0.5.
The last entry of errorHistory is 0.500032 for index 147861, 148/1000.
The last entry of errorHistory is 0.000049 for index 147862, 148/1000.
The last entry of errorHistory is 1.000000 for index 147863, 148/1000.
The last entry of errorHistory is 0.500000 for index 147864, 148/1000.
Terminated at swamp 0.5.
The last entry of errorHistory is 0.500598 for index 147865, 148/1000.
Terminated at swamp 0.5.
The last entry of errorHistory is 0.500507 for index 147866, 148/1000.
The last entry of errorHistory is 1.000000 for index 147867, 148/1000.
Terminated at swamp 1.
The last entry of errorHistory is 1.000543 for index 147868, 148/1000.
Terminated at swamp 0.5.
The last entry of errorHistory is 0.500926 for index 147869, 148/1000.
Terminated at swamp 0.5.
The last entry of errorHistory is 0.500557 for index 147870, 148/1000.
Terminated at swamp 0.5.
The last entry of errorHistory is 0.500429 for index 147871, 148/1000.
Terminated at swamp 0.5.
The last entry of errorHistory is 0.500410 for index 147872, 148/1000.
The last entry of errorHistory is 1.000000 for index 147873, 148/1000.
Terminated at swamp 0.5.
The last entry of errorHistory is 0.500941 for index 147874, 148/1000.
Terminated at swamp 1.
The last entry of errorHistory is 1.000404 for index 147875, 148/1000.
The last entry of errorHistory is 0.000020 for index 147876, 148/1000.
Terminated at swamp 1.
The last entry of errorHistory is 1.000002 for index 147877, 148/1000.
The last entry of errorHistory is 1.500000 for index 147878, 148/1000.
Terminated at swamp 0.5.
The last entry of errorHistory is 0.500447 for index 147879, 148/1000.
The last entry of errorHistory is 0.000020 for index 147880, 148/1000.
The last entry of errorHistory is 0.000053 for index 147881, 148/1000.
Terminated at swamp 0.5.
The last entry of errorHistory is 0.500461 for index 147882, 148/1000.
The last entry of errorHistory is 1.000000 for index 147883, 148/1000.
Terminated at swamp 0.5.
The last entry of errorHistory is 0.500266 for index 147884, 148/1000.
Terminated at swamp 0.5.
The last entry of errorHistory is 0.500012 for index 147885, 148/1000.
Terminated at swamp 0.5.
The last entry of errorHistory is 0.500266 for index 147886, 148/1000.
Terminated at swamp 0.5.
The last entry of errorHistory is 0.500435 for index 147887, 148/1000.
The last entry of errorHistory is 0.001675 for index 147888, 148/1000.
Terminated at swamp 0.5.
The last entry of errorHistory is 0.500696 for index 147889, 148/1000.
Terminated at swamp 0.5.
The last entry of errorHistory is 0.500451 for index 147890, 148/1000.
Terminated at swamp 1.
The last entry of errorHistory is 1.000017 for index 147891, 148/1000.
Terminated at swamp 0.5.
The last entry of errorHistory is 0.500691 for index 147892, 148/1000.
The last entry of errorHistory is 1.000000 for index 147893, 148/1000.
The last entry of errorHistory is 1.500000 for index 147894, 148/1000.
The last entry of errorHistory is 1.500000 for index 147895, 148/1000.
The last entry of errorHistory is 0.000014 for index 147896, 148/1000.
The last entry of errorHistory is 0.000016 for index 147897, 148/1000.
Terminated at swamp 0.5.
The last entry of errorHistory is 0.500023 for index 147898, 148/1000.
Terminated at swamp 1.
The last entry of errorHistory is 1.000129 for index 147899, 148/1000.
The last entry of errorHistory is 0.002451 for index 147900, 148/1000.
Terminated at swamp 1.
The last entry of errorHistory is 1.000470 for index 147901, 148/1000.
Terminated at swamp 0.5.
The last entry of errorHistory is 0.500309 for index 147902, 148/1000.
The last entry of errorHistory is 1.500000 for index 147903, 148/1000.
Terminated at swamp 0.5.
The last entry of errorHistory is 0.500463 for index 147904, 148/1000.
Terminated at swamp 1.
The last entry of errorHistory is 1.000168 for index 147905, 148/1000.
The last entry of errorHistory is 0.000009 for index 147906, 148/1000.
The last entry of errorHistory is 0.001762 for index 147907, 148/1000.
Terminated at swamp 0.5.
The last entry of errorHistory is 0.500198 for index 147908, 148/1000.
Terminated at swamp 0.5.
The last entry of errorHistory is 0.500196 for index 147909, 148/1000.
Terminated at swamp 0.5.
The last entry of errorHistory is 0.500038 for index 147910, 148/1000.
Terminated at swamp 1.
The last entry of errorHistory is 1.000525 for index 147911, 148/1000.
Terminated at swamp 1.
The last entry of errorHistory is 1.000421 for index 147912, 148/1000.
Terminated at swamp 1.
The last entry of errorHistory is 1.000583 for index 147913, 148/1000.
Terminated at swamp 0.5.
The last entry of errorHistory is 0.500400 for index 147914, 148/1000.
Terminated at swamp 0.5.
The last entry of errorHistory is 0.500087 for index 147915, 148/1000.
Terminated at swamp 0.5.
The last entry of errorHistory is 0.500348 for index 147916, 148/1000.
Terminated at swamp 0.5.
The last entry of errorHistory is 0.500396 for index 147917, 148/1000.
Terminated at swamp 0.5.
The last entry of errorHistory is 0.500301 for index 147918, 148/1000.
Terminated at swamp 0.5.
The last entry of errorHistory is 0.500452 for index 147919, 148/1000.
Terminated at swamp 0.5.
The last entry of errorHistory is 0.500000 for index 147920, 148/1000.
Terminated at swamp 0.5.
The last entry of errorHistory is 0.500530 for index 147921, 148/1000.
The last entry of errorHistory is 0.000022 for index 147922, 148/1000.
The last entry of errorHistory is 0.500000 for index 147923, 148/1000.
The last entry of errorHistory is 1.500000 for index 147924, 148/1000.
The last entry of errorHistory is 1.000000 for index 147925, 148/1000.
Terminated at swamp 0.5.
The last entry of errorHistory is 0.500454 for index 147926, 148/1000.
The last entry of errorHistory is 1.000000 for index 147927, 148/1000.
The last entry of errorHistory is 0.000026 for index 147928, 148/1000.
Terminated at swamp 0.5.
The last entry of errorHistory is 0.500093 for index 147929, 148/1000.
Terminated at swamp 0.5.
The last entry of errorHistory is 0.500709 for index 147930, 148/1000.
Terminated at swamp 0.5.
The last entry of errorHistory is 0.500577 for index 147931, 148/1000.
The last entry of errorHistory is 0.000019 for index 147932, 148/1000.
Terminated at swamp 1.
The last entry of errorHistory is 1.000236 for index 147933, 148/1000.
The last entry of errorHistory is 0.000453 for index 147934, 148/1000.
Terminated at swamp 0.5.
The last entry of errorHistory is 0.500367 for index 147935, 148/1000.
The last entry of errorHistory is 0.500000 for index 147936, 148/1000.
Terminated at swamp 1.
The last entry of errorHistory is 1.000391 for index 147937, 148/1000.
Terminated at swamp 0.5.
The last entry of errorHistory is 0.500382 for index 147938, 148/1000.
Terminated at swamp 0.5.
The last entry of errorHistory is 0.500484 for index 147939, 148/1000.
The last entry of errorHistory is 0.000510 for index 147940, 148/1000.
Terminated at swamp 1.
The last entry of errorHistory is 1.000020 for index 147941, 148/1000.
Terminated at swamp 0.5.
The last entry of errorHistory is 0.500506 for index 147942, 148/1000.
The last entry of errorHistory is 0.000015 for index 147943, 148/1000.
Terminated at swamp 0.5.
The last entry of errorHistory is 0.500403 for index 147944, 148/1000.
Terminated at swamp 0.5.
The last entry of errorHistory is 0.500227 for index 147945, 148/1000.
The last entry of errorHistory is 1.000000 for index 147946, 148/1000.
Terminated at swamp 0.5.
The last entry of errorHistory is 0.500594 for index 147947, 148/1000.
Terminated at swamp 0.5.
The last entry of errorHistory is 0.500443 for index 147948, 148/1000.
Terminated at swamp 0.5.
The last entry of errorHistory is 0.500618 for index 147949, 148/1000.
Terminated at swamp 0.5.
The last entry of errorHistory is 0.500154 for index 147950, 148/1000.
Terminated at swamp 0.5.
The last entry of errorHistory is 0.500402 for index 147951, 148/1000.
Terminated at swamp 0.5.
The last entry of errorHistory is 0.500003 for index 147952, 148/1000.
The last entry of errorHistory is 1.000000 for index 147953, 148/1000.
Terminated at swamp 1.
The last entry of errorHistory is 1.000411 for index 147954, 148/1000.
Terminated at swamp 0.5.
The last entry of errorHistory is 0.500361 for index 147955, 148/1000.
Terminated at swamp 0.5.
The last entry of errorHistory is 0.500185 for index 147956, 148/1000.
Terminated at swamp 0.5.
The last entry of errorHistory is 0.500142 for index 147957, 148/1000.
Terminated at swamp 1.
The last entry of errorHistory is 1.000325 for index 147958, 148/1000.
The last entry of errorHistory is 0.500000 for index 147959, 148/1000.
Terminated at swamp 0.5.
The last entry of errorHistory is 0.500109 for index 147960, 148/1000.
Terminated at swamp 1.
The last entry of errorHistory is 1.000276 for index 147961, 148/1000.
The last entry of errorHistory is 1.000000 for index 147962, 148/1000.
Terminated at swamp 0.5.
The last entry of errorHistory is 0.500341 for index 147963, 148/1000.
Terminated at swamp 0.5.
The last entry of errorHistory is 0.500211 for index 147964, 148/1000.
Terminated at swamp 1.
The last entry of errorHistory is 1.000142 for index 147965, 148/1000.
Terminated at swamp 1.
The last entry of errorHistory is 1.000000 for index 147966, 148/1000.
The last entry of errorHistory is 0.500000 for index 147967, 148/1000.
Terminated at swamp 0.5.
The last entry of errorHistory is 0.500253 for index 147968, 148/1000.
The last entry of errorHistory is 1.000000 for index 147969, 148/1000.
The last entry of errorHistory is 1.000000 for index 147970, 148/1000.
Terminated at swamp 1.
The last entry of errorHistory is 1.000118 for index 147971, 148/1000.
Terminated at swamp 1.
The last entry of errorHistory is 1.000007 for index 147972, 148/1000.
Terminated at swamp 1.
The last entry of errorHistory is 1.000089 for index 147973, 148/1000.
The last entry of errorHistory is 0.000780 for index 147974, 148/1000.
Terminated at swamp 1.
The last entry of errorHistory is 1.000085 for index 147975, 148/1000.
Terminated at swamp 0.5.
The last entry of errorHistory is 0.500639 for index 147976, 148/1000.
Terminated at swamp 0.5.
The last entry of errorHistory is 0.500003 for index 147977, 148/1000.
Terminated at swamp 0.5.
The last entry of errorHistory is 0.500000 for index 147978, 148/1000.
Terminated at swamp 0.5.
The last entry of errorHistory is 0.500442 for index 147979, 148/1000.
The last entry of errorHistory is 1.000000 for index 147980, 148/1000.
The last entry of errorHistory is 1.000000 for index 147981, 148/1000.
Terminated at swamp 0.5.
The last entry of errorHistory is 0.500276 for index 147982, 148/1000.
Terminated at swamp 0.5.
The last entry of errorHistory is 0.500052 for index 147983, 148/1000.
Terminated at swamp 0.5.
The last entry of errorHistory is 0.500001 for index 147984, 148/1000.
The last entry of errorHistory is 0.000311 for index 147985, 148/1000.
The last entry of errorHistory is 1.000000 for index 147986, 148/1000.
The last entry of errorHistory is 1.000000 for index 147987, 148/1000.
Terminated at swamp 0.5.
The last entry of errorHistory is 0.500438 for index 147988, 148/1000.
Terminated at swamp 0.5.
The last entry of errorHistory is 0.500623 for index 147989, 148/1000.
Terminated at swamp 0.5.
The last entry of errorHistory is 0.500463 for index 147990, 148/1000.
Terminated at swamp 1.
The last entry of errorHistory is 1.000001 for index 147991, 148/1000.
The last entry of errorHistory is 1.000000 for index 147992, 148/1000.
Terminated at swamp 0.5.
The last entry of errorHistory is 0.500269 for index 147993, 148/1000.
Terminated at swamp 0.5.
The last entry of errorHistory is 0.500256 for index 147994, 148/1000.
Terminated at swamp 1.
The last entry of errorHistory is 1.000203 for index 147995, 148/1000.
Terminated at swamp 0.5.
The last entry of errorHistory is 0.500576 for index 147996, 148/1000.
Terminated at swamp 0.5.
The last entry of errorHistory is 0.500499 for index 147997, 148/1000.
The last entry of errorHistory is 1.000000 for index 147998, 148/1000.
Terminated at swamp 0.5.
The last entry of errorHistory is 0.500424 for index 147999, 148/1000.
Terminated at swamp 0.5.
The last entry of errorHistory is 0.500277 for index 148000, 148/1000.
