
                            < M A T L A B (R) >
                  Copyright 1984-2018 The MathWorks, Inc.
                   R2018b (9.5.0.944444) 64-bit (glnxa64)
                              August 28, 2018

 
To get started, type doc.
For product information, visit www.mathworks.com.
 
The last entry of errorHistory is 1.000000 for index 166001, 167/1000.
The last entry of errorHistory is 1.000000 for index 166002, 167/1000.
Terminated at swamp 0.5.
The last entry of errorHistory is 0.500687 for index 166003, 167/1000.
The last entry of errorHistory is 1.500000 for index 166004, 167/1000.
Terminated at swamp 0.5.
The last entry of errorHistory is 0.500391 for index 166005, 167/1000.
Terminated at swamp 0.5.
The last entry of errorHistory is 0.500651 for index 166006, 167/1000.
The last entry of errorHistory is 0.000053 for index 166007, 167/1000.
Terminated at swamp 0.5.
The last entry of errorHistory is 0.500392 for index 166008, 167/1000.
Terminated at swamp 0.5.
The last entry of errorHistory is 0.500573 for index 166009, 167/1000.
The last entry of errorHistory is 1.000000 for index 166010, 167/1000.
The last entry of errorHistory is 1.000000 for index 166011, 167/1000.
Terminated at swamp 0.5.
The last entry of errorHistory is 0.500540 for index 166012, 167/1000.
The last entry of errorHistory is 1.000000 for index 166013, 167/1000.
The last entry of errorHistory is 1.000000 for index 166014, 167/1000.
Terminated at swamp 0.5.
The last entry of errorHistory is 0.500252 for index 166015, 167/1000.
Terminated at swamp 0.5.
The last entry of errorHistory is 0.500211 for index 166016, 167/1000.
The last entry of errorHistory is 1.000000 for index 166017, 167/1000.
Terminated at swamp 1.
The last entry of errorHistory is 1.000297 for index 166018, 167/1000.
Terminated at swamp 0.5.
The last entry of errorHistory is 0.500347 for index 166019, 167/1000.
Terminated at swamp 0.5.
The last entry of errorHistory is 0.500455 for index 166020, 167/1000.
Terminated at swamp 0.5.
The last entry of errorHistory is 0.500171 for index 166021, 167/1000.
Terminated at swamp 0.5.
The last entry of errorHistory is 0.500599 for index 166022, 167/1000.
Terminated at swamp 1.
The last entry of errorHistory is 1.000061 for index 166023, 167/1000.
Terminated at swamp 1.
The last entry of errorHistory is 1.000104 for index 166024, 167/1000.
Terminated at swamp 0.5.
The last entry of errorHistory is 0.500072 for index 166025, 167/1000.
Terminated at swamp 0.5.
The last entry of errorHistory is 0.500345 for index 166026, 167/1000.
Terminated at swamp 0.5.
The last entry of errorHistory is 0.500587 for index 166027, 167/1000.
The last entry of errorHistory is 0.000030 for index 166028, 167/1000.
The last entry of errorHistory is 0.000035 for index 166029, 167/1000.
The last entry of errorHistory is 1.000000 for index 166030, 167/1000.
The last entry of errorHistory is 1.000000 for index 166031, 167/1000.
Terminated at swamp 0.5.
The last entry of errorHistory is 0.500416 for index 166032, 167/1000.
Terminated at swamp 1.
The last entry of errorHistory is 1.000000 for index 166033, 167/1000.
The last entry of errorHistory is 0.000052 for index 166034, 167/1000.
The last entry of errorHistory is 1.000000 for index 166035, 167/1000.
The last entry of errorHistory is 1.000000 for index 166036, 167/1000.
Terminated at swamp 1.
The last entry of errorHistory is 1.000000 for index 166037, 167/1000.
The last entry of errorHistory is 0.000025 for index 166038, 167/1000.
Terminated at swamp 1.
The last entry of errorHistory is 1.000001 for index 166039, 167/1000.
The last entry of errorHistory is 0.000015 for index 166040, 167/1000.
Terminated at swamp 0.5.
The last entry of errorHistory is 0.500454 for index 166041, 167/1000.
Terminated at swamp 0.5.
The last entry of errorHistory is 0.500497 for index 166042, 167/1000.
Terminated at swamp 1.
The last entry of errorHistory is 1.000351 for index 166043, 167/1000.
Terminated at swamp 0.5.
The last entry of errorHistory is 0.500179 for index 166044, 167/1000.
The last entry of errorHistory is 1.000000 for index 166045, 167/1000.
Terminated at swamp 0.5.
The last entry of errorHistory is 0.500648 for index 166046, 167/1000.
Terminated at swamp 0.5.
The last entry of errorHistory is 0.500363 for index 166047, 167/1000.
Terminated at swamp 1.
The last entry of errorHistory is 1.000006 for index 166048, 167/1000.
Terminated at swamp 0.5.
The last entry of errorHistory is 0.500218 for index 166049, 167/1000.
The last entry of errorHistory is 1.500000 for index 166050, 167/1000.
The last entry of errorHistory is 1.000000 for index 166051, 167/1000.
Terminated at swamp 0.5.
The last entry of errorHistory is 0.500774 for index 166052, 167/1000.
Terminated at swamp 1.
The last entry of errorHistory is 1.000000 for index 166053, 167/1000.
Terminated at swamp 0.5.
The last entry of errorHistory is 0.500492 for index 166054, 167/1000.
Terminated at swamp 1.
The last entry of errorHistory is 1.000007 for index 166055, 167/1000.
Terminated at swamp 0.5.
The last entry of errorHistory is 0.500558 for index 166056, 167/1000.
The last entry of errorHistory is 0.000779 for index 166057, 167/1000.
Terminated at swamp 1.
The last entry of errorHistory is 1.000002 for index 166058, 167/1000.
Terminated at swamp 0.5.
The last entry of errorHistory is 0.500096 for index 166059, 167/1000.
The last entry of errorHistory is 0.500000 for index 166060, 167/1000.
Terminated at swamp 0.5.
The last entry of errorHistory is 0.500359 for index 166061, 167/1000.
Terminated at swamp 0.5.
The last entry of errorHistory is 0.500143 for index 166062, 167/1000.
The last entry of errorHistory is 1.000000 for index 166063, 167/1000.
Terminated at swamp 0.5.
The last entry of errorHistory is 0.500418 for index 166064, 167/1000.
The last entry of errorHistory is 0.000207 for index 166065, 167/1000.
Terminated at swamp 0.5.
The last entry of errorHistory is 0.500344 for index 166066, 167/1000.
Terminated at swamp 0.5.
The last entry of errorHistory is 0.500090 for index 166067, 167/1000.
Terminated at swamp 0.5.
The last entry of errorHistory is 0.500350 for index 166068, 167/1000.
Terminated at swamp 0.5.
The last entry of errorHistory is 0.500000 for index 166069, 167/1000.
The last entry of errorHistory is 0.000011 for index 166070, 167/1000.
Terminated at swamp 1.
The last entry of errorHistory is 1.000200 for index 166071, 167/1000.
Terminated at swamp 1.
The last entry of errorHistory is 1.000004 for index 166072, 167/1000.
Terminated at swamp 0.5.
The last entry of errorHistory is 0.500359 for index 166073, 167/1000.
Terminated at swamp 0.5.
The last entry of errorHistory is 0.500307 for index 166074, 167/1000.
Terminated at swamp 0.5.
The last entry of errorHistory is 0.500533 for index 166075, 167/1000.
The last entry of errorHistory is 1.500000 for index 166076, 167/1000.
Terminated at swamp 0.5.
The last entry of errorHistory is 0.500459 for index 166077, 167/1000.
Terminated at swamp 0.5.
The last entry of errorHistory is 0.500713 for index 166078, 167/1000.
The last entry of errorHistory is 0.500000 for index 166079, 167/1000.
Terminated at swamp 0.5.
The last entry of errorHistory is 0.500601 for index 166080, 167/1000.
Terminated at swamp 0.5.
The last entry of errorHistory is 0.500467 for index 166081, 167/1000.
The last entry of errorHistory is 0.000030 for index 166082, 167/1000.
Terminated at swamp 0.5.
The last entry of errorHistory is 0.500152 for index 166083, 167/1000.
The last entry of errorHistory is 0.500000 for index 166084, 167/1000.
Terminated at swamp 0.5.
The last entry of errorHistory is 0.500558 for index 166085, 167/1000.
Terminated at swamp 1.
The last entry of errorHistory is 1.000238 for index 166086, 167/1000.
The last entry of errorHistory is 0.000036 for index 166087, 167/1000.
Terminated at swamp 1.
The last entry of errorHistory is 1.000238 for index 166088, 167/1000.
The last entry of errorHistory is 1.500000 for index 166089, 167/1000.
Terminated at swamp 1.
The last entry of errorHistory is 1.000495 for index 166090, 167/1000.
The last entry of errorHistory is 0.000044 for index 166091, 167/1000.
Terminated at swamp 0.5.
The last entry of errorHistory is 0.500200 for index 166092, 167/1000.
Terminated at swamp 1.
The last entry of errorHistory is 1.000076 for index 166093, 167/1000.
Terminated at swamp 0.5.
The last entry of errorHistory is 0.500548 for index 166094, 167/1000.
The last entry of errorHistory is 1.000000 for index 166095, 167/1000.
The last entry of errorHistory is 0.500000 for index 166096, 167/1000.
The last entry of errorHistory is 0.000035 for index 166097, 167/1000.
Terminated at swamp 0.5.
The last entry of errorHistory is 0.500582 for index 166098, 167/1000.
Terminated at swamp 0.5.
The last entry of errorHistory is 0.500501 for index 166099, 167/1000.
The last entry of errorHistory is 0.000014 for index 166100, 167/1000.
Terminated at swamp 1.5.
The last entry of errorHistory is 1.500087 for index 166101, 167/1000.
Terminated at swamp 1.
The last entry of errorHistory is 1.000260 for index 166102, 167/1000.
Terminated at swamp 0.5.
The last entry of errorHistory is 0.500020 for index 166103, 167/1000.
Terminated at swamp 0.5.
The last entry of errorHistory is 0.500036 for index 166104, 167/1000.
The last entry of errorHistory is 1.000000 for index 166105, 167/1000.
Terminated at swamp 0.5.
The last entry of errorHistory is 0.500253 for index 166106, 167/1000.
The last entry of errorHistory is 0.500000 for index 166107, 167/1000.
The last entry of errorHistory is 0.000038 for index 166108, 167/1000.
Terminated at swamp 0.5.
The last entry of errorHistory is 0.500311 for index 166109, 167/1000.
The last entry of errorHistory is 1.500000 for index 166110, 167/1000.
Terminated at swamp 0.5.
The last entry of errorHistory is 0.500561 for index 166111, 167/1000.
The last entry of errorHistory is 0.002155 for index 166112, 167/1000.
Terminated at swamp 0.5.
The last entry of errorHistory is 0.500089 for index 166113, 167/1000.
Terminated at swamp 0.5.
The last entry of errorHistory is 0.500199 for index 166114, 167/1000.
The last entry of errorHistory is 0.000013 for index 166115, 167/1000.
Terminated at swamp 1.
The last entry of errorHistory is 1.000447 for index 166116, 167/1000.
Terminated at swamp 0.5.
The last entry of errorHistory is 0.500401 for index 166117, 167/1000.
Terminated at swamp 0.5.
The last entry of errorHistory is 0.500553 for index 166118, 167/1000.
The last entry of errorHistory is 1.000000 for index 166119, 167/1000.
Terminated at swamp 1.
The last entry of errorHistory is 1.000000 for index 166120, 167/1000.
Terminated at swamp 0.5.
The last entry of errorHistory is 0.500504 for index 166121, 167/1000.
Terminated at swamp 0.5.
The last entry of errorHistory is 0.500926 for index 166122, 167/1000.
Terminated at swamp 1.
The last entry of errorHistory is 1.000000 for index 166123, 167/1000.
Terminated at swamp 0.5.
The last entry of errorHistory is 0.500507 for index 166124, 167/1000.
Terminated at swamp 0.5.
The last entry of errorHistory is 0.500333 for index 166125, 167/1000.
The last entry of errorHistory is 0.500000 for index 166126, 167/1000.
Terminated at swamp 0.5.
The last entry of errorHistory is 0.500413 for index 166127, 167/1000.
The last entry of errorHistory is 1.500000 for index 166128, 167/1000.
Terminated at swamp 0.5.
The last entry of errorHistory is 0.500447 for index 166129, 167/1000.
The last entry of errorHistory is 0.000056 for index 166130, 167/1000.
The last entry of errorHistory is 1.500000 for index 166131, 167/1000.
Terminated at swamp 0.5.
The last entry of errorHistory is 0.500362 for index 166132, 167/1000.
Terminated at swamp 0.5.
The last entry of errorHistory is 0.500526 for index 166133, 167/1000.
Terminated at swamp 0.5.
The last entry of errorHistory is 0.500336 for index 166134, 167/1000.
Terminated at swamp 1.
The last entry of errorHistory is 1.000359 for index 166135, 167/1000.
Terminated at swamp 0.5.
The last entry of errorHistory is 0.500618 for index 166136, 167/1000.
Terminated at swamp 0.5.
The last entry of errorHistory is 0.500568 for index 166137, 167/1000.
Terminated at swamp 0.5.
The last entry of errorHistory is 0.500109 for index 166138, 167/1000.
The last entry of errorHistory is 1.000000 for index 166139, 167/1000.
The last entry of errorHistory is 1.000000 for index 166140, 167/1000.
Terminated at swamp 0.5.
The last entry of errorHistory is 0.500255 for index 166141, 167/1000.
Terminated at swamp 0.5.
The last entry of errorHistory is 0.500200 for index 166142, 167/1000.
The last entry of errorHistory is 1.000000 for index 166143, 167/1000.
Terminated at swamp 1.
The last entry of errorHistory is 1.000193 for index 166144, 167/1000.
Terminated at swamp 0.5.
The last entry of errorHistory is 0.500208 for index 166145, 167/1000.
Terminated at swamp 1.
The last entry of errorHistory is 1.000436 for index 166146, 167/1000.
Terminated at swamp 1.
The last entry of errorHistory is 1.000122 for index 166147, 167/1000.
The last entry of errorHistory is 1.000000 for index 166148, 167/1000.
Terminated at swamp 0.5.
The last entry of errorHistory is 0.500422 for index 166149, 167/1000.
The last entry of errorHistory is 0.000011 for index 166150, 167/1000.
Terminated at swamp 0.5.
The last entry of errorHistory is 0.500492 for index 166151, 167/1000.
Terminated at swamp 0.5.
The last entry of errorHistory is 0.500276 for index 166152, 167/1000.
The last entry of errorHistory is 0.000029 for index 166153, 167/1000.
Terminated at swamp 0.5.
The last entry of errorHistory is 0.500375 for index 166154, 167/1000.
The last entry of errorHistory is 1.000000 for index 166155, 167/1000.
Terminated at swamp 0.5.
The last entry of errorHistory is 0.500158 for index 166156, 167/1000.
The last entry of errorHistory is 0.000041 for index 166157, 167/1000.
Terminated at swamp 0.5.
The last entry of errorHistory is 0.500237 for index 166158, 167/1000.
The last entry of errorHistory is 1.000000 for index 166159, 167/1000.
Terminated at swamp 0.5.
The last entry of errorHistory is 0.500134 for index 166160, 167/1000.
Terminated at swamp 1.
The last entry of errorHistory is 1.000076 for index 166161, 167/1000.
The last entry of errorHistory is 1.000000 for index 166162, 167/1000.
The last entry of errorHistory is 0.000136 for index 166163, 167/1000.
Terminated at swamp 0.5.
The last entry of errorHistory is 0.500107 for index 166164, 167/1000.
The last entry of errorHistory is 1.000000 for index 166165, 167/1000.
Terminated at swamp 0.5.
The last entry of errorHistory is 0.500358 for index 166166, 167/1000.
The last entry of errorHistory is 1.000000 for index 166167, 167/1000.
The last entry of errorHistory is 1.000000 for index 166168, 167/1000.
Terminated at swamp 0.5.
The last entry of errorHistory is 0.500371 for index 166169, 167/1000.
Terminated at swamp 1.
The last entry of errorHistory is 1.000000 for index 166170, 167/1000.
Terminated at swamp 0.5.
The last entry of errorHistory is 0.500487 for index 166171, 167/1000.
The last entry of errorHistory is 0.000009 for index 166172, 167/1000.
Terminated at swamp 0.5.
The last entry of errorHistory is 0.500597 for index 166173, 167/1000.
The last entry of errorHistory is 0.500000 for index 166174, 167/1000.
The last entry of errorHistory is 0.000012 for index 166175, 167/1000.
Terminated at swamp 0.5.
The last entry of errorHistory is 0.500055 for index 166176, 167/1000.
Terminated at swamp 0.5.
The last entry of errorHistory is 0.500259 for index 166177, 167/1000.
Terminated at swamp 1.
The last entry of errorHistory is 1.000275 for index 166178, 167/1000.
The last entry of errorHistory is 1.000000 for index 166179, 167/1000.
The last entry of errorHistory is 0.000029 for index 166180, 167/1000.
The last entry of errorHistory is 0.500000 for index 166181, 167/1000.
Terminated at swamp 0.5.
The last entry of errorHistory is 0.500275 for index 166182, 167/1000.
Terminated at swamp 1.
The last entry of errorHistory is 1.000089 for index 166183, 167/1000.
Terminated at swamp 1.
The last entry of errorHistory is 1.000366 for index 166184, 167/1000.
Terminated at swamp 1.
The last entry of errorHistory is 1.000612 for index 166185, 167/1000.
The last entry of errorHistory is 1.000000 for index 166186, 167/1000.
The last entry of errorHistory is 0.000035 for index 166187, 167/1000.
The last entry of errorHistory is 1.000000 for index 166188, 167/1000.
Terminated at swamp 0.5.
The last entry of errorHistory is 0.500104 for index 166189, 167/1000.
The last entry of errorHistory is 1.000000 for index 166190, 167/1000.
Terminated at swamp 0.5.
The last entry of errorHistory is 0.500495 for index 166191, 167/1000.
Terminated at swamp 0.5.
The last entry of errorHistory is 0.500257 for index 166192, 167/1000.
Terminated at swamp 0.5.
The last entry of errorHistory is 0.500140 for index 166193, 167/1000.
The last entry of errorHistory is 0.001063 for index 166194, 167/1000.
The last entry of errorHistory is 1.000000 for index 166195, 167/1000.
Terminated at swamp 0.5.
The last entry of errorHistory is 0.500426 for index 166196, 167/1000.
Terminated at swamp 0.5.
The last entry of errorHistory is 0.500213 for index 166197, 167/1000.
The last entry of errorHistory is 1.000000 for index 166198, 167/1000.
Terminated at swamp 1.
The last entry of errorHistory is 1.000000 for index 166199, 167/1000.
The last entry of errorHistory is 1.500000 for index 166200, 167/1000.
The last entry of errorHistory is 0.001392 for index 166201, 167/1000.
Terminated at swamp 0.5.
The last entry of errorHistory is 0.500518 for index 166202, 167/1000.
Terminated at swamp 0.5.
The last entry of errorHistory is 0.500267 for index 166203, 167/1000.
The last entry of errorHistory is 0.000024 for index 166204, 167/1000.
Terminated at swamp 1.
The last entry of errorHistory is 1.000172 for index 166205, 167/1000.
Terminated at swamp 0.5.
The last entry of errorHistory is 0.500265 for index 166206, 167/1000.
The last entry of errorHistory is 0.000020 for index 166207, 167/1000.
Terminated at swamp 1.
The last entry of errorHistory is 1.000000 for index 166208, 167/1000.
Terminated at swamp 0.5.
The last entry of errorHistory is 0.500297 for index 166209, 167/1000.
The last entry of errorHistory is 1.000000 for index 166210, 167/1000.
Terminated at swamp 1.
The last entry of errorHistory is 1.000357 for index 166211, 167/1000.
The last entry of errorHistory is 0.001253 for index 166212, 167/1000.
The last entry of errorHistory is 0.000043 for index 166213, 167/1000.
Terminated at swamp 0.5.
The last entry of errorHistory is 0.500006 for index 166214, 167/1000.
The last entry of errorHistory is 1.500000 for index 166215, 167/1000.
Terminated at swamp 1.
The last entry of errorHistory is 1.000495 for index 166216, 167/1000.
The last entry of errorHistory is 1.500000 for index 166217, 167/1000.
The last entry of errorHistory is 0.000066 for index 166218, 167/1000.
Terminated at swamp 1.
The last entry of errorHistory is 1.000073 for index 166219, 167/1000.
Terminated at swamp 1.
The last entry of errorHistory is 0.999539 for index 166220, 167/1000.
Terminated at swamp 0.5.
The last entry of errorHistory is 0.500232 for index 166221, 167/1000.
Terminated at swamp 1.
The last entry of errorHistory is 1.000006 for index 166222, 167/1000.
Terminated at swamp 0.5.
The last entry of errorHistory is 0.500452 for index 166223, 167/1000.
The last entry of errorHistory is 2.000000 for index 166224, 167/1000.
Terminated at swamp 0.5.
The last entry of errorHistory is 0.500577 for index 166225, 167/1000.
Terminated at swamp 0.5.
The last entry of errorHistory is 0.500191 for index 166226, 167/1000.
The last entry of errorHistory is 1.000000 for index 166227, 167/1000.
The last entry of errorHistory is 0.000018 for index 166228, 167/1000.
The last entry of errorHistory is 0.000144 for index 166229, 167/1000.
Terminated at swamp 1.
The last entry of errorHistory is 1.000289 for index 166230, 167/1000.
Terminated at swamp 1.
The last entry of errorHistory is 1.000192 for index 166231, 167/1000.
The last entry of errorHistory is 1.000000 for index 166232, 167/1000.
Terminated at swamp 0.5.
The last entry of errorHistory is 0.500218 for index 166233, 167/1000.
The last entry of errorHistory is 1.000000 for index 166234, 167/1000.
Terminated at swamp 0.5.
The last entry of errorHistory is 0.500334 for index 166235, 167/1000.
Terminated at swamp 0.5.
The last entry of errorHistory is 0.500119 for index 166236, 167/1000.
Terminated at swamp 0.5.
The last entry of errorHistory is 0.500072 for index 166237, 167/1000.
Terminated at swamp 0.5.
The last entry of errorHistory is 0.500020 for index 166238, 167/1000.
Terminated at swamp 0.5.
The last entry of errorHistory is 0.500789 for index 166239, 167/1000.
The last entry of errorHistory is 0.000054 for index 166240, 167/1000.
Terminated at swamp 1.
The last entry of errorHistory is 1.000107 for index 166241, 167/1000.
Terminated at swamp 0.5.
The last entry of errorHistory is 0.500000 for index 166242, 167/1000.
Terminated at swamp 0.5.
The last entry of errorHistory is 0.499988 for index 166243, 167/1000.
The last entry of errorHistory is 2.000000 for index 166244, 167/1000.
Terminated at swamp 1.
The last entry of errorHistory is 1.000000 for index 166245, 167/1000.
Terminated at swamp 1.
The last entry of errorHistory is 1.000000 for index 166246, 167/1000.
Terminated at swamp 0.5.
The last entry of errorHistory is 0.500557 for index 166247, 167/1000.
Terminated at swamp 0.5.
The last entry of errorHistory is 0.500362 for index 166248, 167/1000.
Terminated at swamp 0.5.
The last entry of errorHistory is 0.500439 for index 166249, 167/1000.
The last entry of errorHistory is 0.000054 for index 166250, 167/1000.
The last entry of errorHistory is 0.000034 for index 166251, 167/1000.
Terminated at swamp 0.5.
The last entry of errorHistory is 0.500318 for index 166252, 167/1000.
The last entry of errorHistory is 1.000000 for index 166253, 167/1000.
Terminated at swamp 0.5.
The last entry of errorHistory is 0.500527 for index 166254, 167/1000.
Terminated at swamp 0.5.
The last entry of errorHistory is 0.500442 for index 166255, 167/1000.
Terminated at swamp 1.
The last entry of errorHistory is 1.000419 for index 166256, 167/1000.
The last entry of errorHistory is 1.000000 for index 166257, 167/1000.
The last entry of errorHistory is 1.000000 for index 166258, 167/1000.
Terminated at swamp 0.5.
The last entry of errorHistory is 0.500325 for index 166259, 167/1000.
The last entry of errorHistory is 1.000000 for index 166260, 167/1000.
Terminated at swamp 0.5.
The last entry of errorHistory is 0.500027 for index 166261, 167/1000.
Terminated at swamp 0.5.
The last entry of errorHistory is 0.500782 for index 166262, 167/1000.
Terminated at swamp 0.5.
The last entry of errorHistory is 0.500483 for index 166263, 167/1000.
Terminated at swamp 0.5.
The last entry of errorHistory is 0.500925 for index 166264, 167/1000.
The last entry of errorHistory is 1.000000 for index 166265, 167/1000.
Terminated at swamp 0.5.
The last entry of errorHistory is 0.500318 for index 166266, 167/1000.
Terminated at swamp 0.5.
The last entry of errorHistory is 0.500490 for index 166267, 167/1000.
The last entry of errorHistory is 1.000000 for index 166268, 167/1000.
The last entry of errorHistory is 1.000000 for index 166269, 167/1000.
Terminated at swamp 0.5.
The last entry of errorHistory is 0.500424 for index 166270, 167/1000.
Terminated at swamp 1.
The last entry of errorHistory is 1.000000 for index 166271, 167/1000.
The last entry of errorHistory is 0.000021 for index 166272, 167/1000.
Terminated at swamp 0.5.
The last entry of errorHistory is 0.500779 for index 166273, 167/1000.
Terminated at swamp 0.5.
The last entry of errorHistory is 0.499382 for index 166274, 167/1000.
Terminated at swamp 0.5.
The last entry of errorHistory is 0.500701 for index 166275, 167/1000.
The last entry of errorHistory is 0.500000 for index 166276, 167/1000.
The last entry of errorHistory is 0.500000 for index 166277, 167/1000.
The last entry of errorHistory is 1.500000 for index 166278, 167/1000.
The last entry of errorHistory is 0.000069 for index 166279, 167/1000.
Terminated at swamp 0.5.
The last entry of errorHistory is 0.500296 for index 166280, 167/1000.
Terminated at swamp 1.
The last entry of errorHistory is 1.000515 for index 166281, 167/1000.
The last entry of errorHistory is 1.500000 for index 166282, 167/1000.
The last entry of errorHistory is 1.000000 for index 166283, 167/1000.
Terminated at swamp 1.
The last entry of errorHistory is 1.000823 for index 166284, 167/1000.
Terminated at swamp 0.5.
The last entry of errorHistory is 0.500541 for index 166285, 167/1000.
Terminated at swamp 1.
The last entry of errorHistory is 1.000007 for index 166286, 167/1000.
The last entry of errorHistory is 1.500000 for index 166287, 167/1000.
Terminated at swamp 0.5.
The last entry of errorHistory is 0.500212 for index 166288, 167/1000.
Terminated at swamp 0.5.
The last entry of errorHistory is 0.500502 for index 166289, 167/1000.
The last entry of errorHistory is 1.000000 for index 166290, 167/1000.
The last entry of errorHistory is 0.000034 for index 166291, 167/1000.
The last entry of errorHistory is 1.000000 for index 166292, 167/1000.
Terminated at swamp 0.5.
The last entry of errorHistory is 0.500161 for index 166293, 167/1000.
The last entry of errorHistory is 0.500000 for index 166294, 167/1000.
Terminated at swamp 0.5.
The last entry of errorHistory is 0.500326 for index 166295, 167/1000.
Terminated at swamp 0.5.
The last entry of errorHistory is 0.500459 for index 166296, 167/1000.
Terminated at swamp 0.5.
The last entry of errorHistory is 0.500328 for index 166297, 167/1000.
Terminated at swamp 0.5.
The last entry of errorHistory is 0.500209 for index 166298, 167/1000.
The last entry of errorHistory is 1.000000 for index 166299, 167/1000.
The last entry of errorHistory is 1.000000 for index 166300, 167/1000.
The last entry of errorHistory is 1.500000 for index 166301, 167/1000.
The last entry of errorHistory is 1.000000 for index 166302, 167/1000.
The last entry of errorHistory is 0.000017 for index 166303, 167/1000.
Terminated at swamp 0.5.
The last entry of errorHistory is 0.500004 for index 166304, 167/1000.
Terminated at swamp 1.
The last entry of errorHistory is 1.000511 for index 166305, 167/1000.
The last entry of errorHistory is 1.000000 for index 166306, 167/1000.
The last entry of errorHistory is 0.500000 for index 166307, 167/1000.
The last entry of errorHistory is 1.500000 for index 166308, 167/1000.
The last entry of errorHistory is 1.500000 for index 166309, 167/1000.
The last entry of errorHistory is 1.000000 for index 166310, 167/1000.
Terminated at swamp 1.
The last entry of errorHistory is 1.000446 for index 166311, 167/1000.
Terminated at swamp 0.5.
The last entry of errorHistory is 0.500299 for index 166312, 167/1000.
Terminated at swamp 0.5.
The last entry of errorHistory is 0.500344 for index 166313, 167/1000.
Terminated at swamp 1.
The last entry of errorHistory is 1.000379 for index 166314, 167/1000.
Terminated at swamp 1.
The last entry of errorHistory is 1.000000 for index 166315, 167/1000.
Terminated at swamp 1.
The last entry of errorHistory is 1.000188 for index 166316, 167/1000.
Terminated at swamp 1.
The last entry of errorHistory is 1.000434 for index 166317, 167/1000.
Terminated at swamp 1.
The last entry of errorHistory is 1.000041 for index 166318, 167/1000.
Terminated at swamp 1.
The last entry of errorHistory is 1.000135 for index 166319, 167/1000.
The last entry of errorHistory is 0.000074 for index 166320, 167/1000.
Terminated at swamp 1.
The last entry of errorHistory is 1.000033 for index 166321, 167/1000.
Terminated at swamp 0.5.
The last entry of errorHistory is 0.500753 for index 166322, 167/1000.
Terminated at swamp 0.5.
The last entry of errorHistory is 0.500443 for index 166323, 167/1000.
The last entry of errorHistory is 0.000684 for index 166324, 167/1000.
The last entry of errorHistory is 0.500000 for index 166325, 167/1000.
Terminated at swamp 0.5.
The last entry of errorHistory is 0.500360 for index 166326, 167/1000.
The last entry of errorHistory is 1.000000 for index 166327, 167/1000.
Terminated at swamp 1.
The last entry of errorHistory is 1.000293 for index 166328, 167/1000.
The last entry of errorHistory is 1.000000 for index 166329, 167/1000.
The last entry of errorHistory is 0.500000 for index 166330, 167/1000.
The last entry of errorHistory is 1.000000 for index 166331, 167/1000.
Terminated at swamp 0.5.
The last entry of errorHistory is 0.500009 for index 166332, 167/1000.
The last entry of errorHistory is 1.500000 for index 166333, 167/1000.
Terminated at swamp 0.5.
The last entry of errorHistory is 0.500457 for index 166334, 167/1000.
Terminated at swamp 0.5.
The last entry of errorHistory is 0.500429 for index 166335, 167/1000.
Terminated at swamp 0.5.
The last entry of errorHistory is 0.500229 for index 166336, 167/1000.
The last entry of errorHistory is 1.000000 for index 166337, 167/1000.
Terminated at swamp 0.5.
The last entry of errorHistory is 0.500079 for index 166338, 167/1000.
Terminated at swamp 0.5.
The last entry of errorHistory is 0.500553 for index 166339, 167/1000.
Terminated at swamp 0.5.
The last entry of errorHistory is 0.500694 for index 166340, 167/1000.
The last entry of errorHistory is 0.000034 for index 166341, 167/1000.
The last entry of errorHistory is 0.500000 for index 166342, 167/1000.
Terminated at swamp 0.5.
The last entry of errorHistory is 0.500354 for index 166343, 167/1000.
Terminated at swamp 0.5.
The last entry of errorHistory is 0.500710 for index 166344, 167/1000.
Terminated at swamp 1.
The last entry of errorHistory is 1.000316 for index 166345, 167/1000.
Terminated at swamp 0.5.
The last entry of errorHistory is 0.500495 for index 166346, 167/1000.
Terminated at swamp 0.5.
The last entry of errorHistory is 0.500432 for index 166347, 167/1000.
Terminated at swamp 0.5.
The last entry of errorHistory is 0.500426 for index 166348, 167/1000.
Terminated at swamp 0.5.
The last entry of errorHistory is 0.500416 for index 166349, 167/1000.
Terminated at swamp 0.5.
The last entry of errorHistory is 0.500304 for index 166350, 167/1000.
Terminated at swamp 0.5.
The last entry of errorHistory is 0.500253 for index 166351, 167/1000.
The last entry of errorHistory is 1.500000 for index 166352, 167/1000.
Terminated at swamp 0.5.
The last entry of errorHistory is 0.500856 for index 166353, 167/1000.
Terminated at swamp 1.
The last entry of errorHistory is 1.000090 for index 166354, 167/1000.
Terminated at swamp 1.
The last entry of errorHistory is 1.000002 for index 166355, 167/1000.
Terminated at swamp 0.5.
The last entry of errorHistory is 0.500617 for index 166356, 167/1000.
The last entry of errorHistory is 0.000121 for index 166357, 167/1000.
Terminated at swamp 0.5.
The last entry of errorHistory is 0.500519 for index 166358, 167/1000.
Terminated at swamp 0.5.
The last entry of errorHistory is 0.500343 for index 166359, 167/1000.
The last entry of errorHistory is 1.500000 for index 166360, 167/1000.
Terminated at swamp 0.5.
The last entry of errorHistory is 0.500315 for index 166361, 167/1000.
The last entry of errorHistory is 0.500000 for index 166362, 167/1000.
Terminated at swamp 0.5.
The last entry of errorHistory is 0.500484 for index 166363, 167/1000.
The last entry of errorHistory is 1.500000 for index 166364, 167/1000.
Terminated at swamp 1.
The last entry of errorHistory is 0.999991 for index 166365, 167/1000.
The last entry of errorHistory is 1.000000 for index 166366, 167/1000.
Terminated at swamp 1.
The last entry of errorHistory is 1.000463 for index 166367, 167/1000.
The last entry of errorHistory is 0.000039 for index 166368, 167/1000.
Terminated at swamp 0.5.
The last entry of errorHistory is 0.500411 for index 166369, 167/1000.
Terminated at swamp 0.5.
The last entry of errorHistory is 0.500234 for index 166370, 167/1000.
Terminated at swamp 0.5.
The last entry of errorHistory is 0.500232 for index 166371, 167/1000.
Terminated at swamp 0.5.
The last entry of errorHistory is 0.500380 for index 166372, 167/1000.
Terminated at swamp 0.5.
The last entry of errorHistory is 0.500392 for index 166373, 167/1000.
Terminated at swamp 0.5.
The last entry of errorHistory is 0.500306 for index 166374, 167/1000.
The last entry of errorHistory is 0.000013 for index 166375, 167/1000.
Terminated at swamp 0.5.
The last entry of errorHistory is 0.500474 for index 166376, 167/1000.
Terminated at swamp 0.5.
The last entry of errorHistory is 0.500036 for index 166377, 167/1000.
Terminated at swamp 0.5.
The last entry of errorHistory is 0.500107 for index 166378, 167/1000.
The last entry of errorHistory is 1.000000 for index 166379, 167/1000.
Terminated at swamp 1.
The last entry of errorHistory is 1.000037 for index 166380, 167/1000.
The last entry of errorHistory is 0.000038 for index 166381, 167/1000.
Terminated at swamp 0.5.
The last entry of errorHistory is 0.500151 for index 166382, 167/1000.
Terminated at swamp 0.5.
The last entry of errorHistory is 0.500613 for index 166383, 167/1000.
Terminated at swamp 0.5.
The last entry of errorHistory is 0.500383 for index 166384, 167/1000.
Terminated at swamp 0.5.
The last entry of errorHistory is 0.500220 for index 166385, 167/1000.
Terminated at swamp 1.
The last entry of errorHistory is 1.000108 for index 166386, 167/1000.
Terminated at swamp 0.5.
The last entry of errorHistory is 0.500320 for index 166387, 167/1000.
The last entry of errorHistory is 0.000012 for index 166388, 167/1000.
Terminated at swamp 1.
The last entry of errorHistory is 1.000011 for index 166389, 167/1000.
Terminated at swamp 0.5.
The last entry of errorHistory is 0.500248 for index 166390, 167/1000.
Terminated at swamp 0.5.
The last entry of errorHistory is 0.500473 for index 166391, 167/1000.
Terminated at swamp 0.5.
The last entry of errorHistory is 0.500189 for index 166392, 167/1000.
Terminated at swamp 0.5.
The last entry of errorHistory is 0.500446 for index 166393, 167/1000.
The last entry of errorHistory is 1.000000 for index 166394, 167/1000.
The last entry of errorHistory is 1.000000 for index 166395, 167/1000.
Terminated at swamp 0.5.
The last entry of errorHistory is 0.500282 for index 166396, 167/1000.
Terminated at swamp 1.
The last entry of errorHistory is 1.000000 for index 166397, 167/1000.
The last entry of errorHistory is 0.500000 for index 166398, 167/1000.
Terminated at swamp 0.5.
The last entry of errorHistory is 0.500540 for index 166399, 167/1000.
Terminated at swamp 0.5.
The last entry of errorHistory is 0.500666 for index 166400, 167/1000.
Terminated at swamp 0.5.
The last entry of errorHistory is 0.500005 for index 166401, 167/1000.
Terminated at swamp 0.5.
The last entry of errorHistory is 0.500261 for index 166402, 167/1000.
Terminated at swamp 0.5.
The last entry of errorHistory is 0.500498 for index 166403, 167/1000.
Terminated at swamp 0.5.
The last entry of errorHistory is 0.500562 for index 166404, 167/1000.
Terminated at swamp 0.5.
The last entry of errorHistory is 0.500103 for index 166405, 167/1000.
Terminated at swamp 0.5.
The last entry of errorHistory is 0.500110 for index 166406, 167/1000.
Terminated at swamp 0.5.
The last entry of errorHistory is 0.500215 for index 166407, 167/1000.
Terminated at swamp 0.5.
The last entry of errorHistory is 0.500456 for index 166408, 167/1000.
Terminated at swamp 0.5.
The last entry of errorHistory is 0.500694 for index 166409, 167/1000.
The last entry of errorHistory is 1.000000 for index 166410, 167/1000.
Terminated at swamp 0.5.
The last entry of errorHistory is 0.500477 for index 166411, 167/1000.
The last entry of errorHistory is 1.000000 for index 166412, 167/1000.
The last entry of errorHistory is 1.000000 for index 166413, 167/1000.
Terminated at swamp 0.5.
The last entry of errorHistory is 0.500560 for index 166414, 167/1000.
Terminated at swamp 1.
The last entry of errorHistory is 1.000189 for index 166415, 167/1000.
Terminated at swamp 0.5.
The last entry of errorHistory is 0.500477 for index 166416, 167/1000.
The last entry of errorHistory is 0.000056 for index 166417, 167/1000.
Terminated at swamp 1.
The last entry of errorHistory is 1.000545 for index 166418, 167/1000.
The last entry of errorHistory is 0.500000 for index 166419, 167/1000.
Terminated at swamp 1.
The last entry of errorHistory is 1.000048 for index 166420, 167/1000.
The last entry of errorHistory is 1.000000 for index 166421, 167/1000.
The last entry of errorHistory is 1.000000 for index 166422, 167/1000.
The last entry of errorHistory is 0.000031 for index 166423, 167/1000.
Terminated at swamp 1.5.
The last entry of errorHistory is 1.500000 for index 166424, 167/1000.
Terminated at swamp 0.5.
The last entry of errorHistory is 0.500300 for index 166425, 167/1000.
The last entry of errorHistory is 1.000000 for index 166426, 167/1000.
Terminated at swamp 0.5.
The last entry of errorHistory is 0.500002 for index 166427, 167/1000.
Terminated at swamp 0.5.
The last entry of errorHistory is 0.500338 for index 166428, 167/1000.
The last entry of errorHistory is 0.000064 for index 166429, 167/1000.
Terminated at swamp 0.5.
The last entry of errorHistory is 0.500360 for index 166430, 167/1000.
Terminated at swamp 0.5.
The last entry of errorHistory is 0.500406 for index 166431, 167/1000.
Terminated at swamp 1.
The last entry of errorHistory is 1.000000 for index 166432, 167/1000.
Terminated at swamp 0.5.
The last entry of errorHistory is 0.500000 for index 166433, 167/1000.
Terminated at swamp 0.5.
The last entry of errorHistory is 0.500326 for index 166434, 167/1000.
Terminated at swamp 0.5.
The last entry of errorHistory is 0.500638 for index 166435, 167/1000.
Terminated at swamp 0.5.
The last entry of errorHistory is 0.500524 for index 166436, 167/1000.
The last entry of errorHistory is 0.000018 for index 166437, 167/1000.
Terminated at swamp 0.5.
The last entry of errorHistory is 0.500535 for index 166438, 167/1000.
Terminated at swamp 0.5.
The last entry of errorHistory is 0.500081 for index 166439, 167/1000.
Terminated at swamp 0.5.
The last entry of errorHistory is 0.500260 for index 166440, 167/1000.
Terminated at swamp 0.5.
The last entry of errorHistory is 0.500000 for index 166441, 167/1000.
Terminated at swamp 1.
The last entry of errorHistory is 1.000009 for index 166442, 167/1000.
The last entry of errorHistory is 0.000024 for index 166443, 167/1000.
Terminated at swamp 1.
The last entry of errorHistory is 1.000000 for index 166444, 167/1000.
The last entry of errorHistory is 1.000000 for index 166445, 167/1000.
Terminated at swamp 0.5.
The last entry of errorHistory is 0.500622 for index 166446, 167/1000.
The last entry of errorHistory is 0.000030 for index 166447, 167/1000.
Terminated at swamp 0.5.
The last entry of errorHistory is 0.500605 for index 166448, 167/1000.
The last entry of errorHistory is 0.500000 for index 166449, 167/1000.
The last entry of errorHistory is 1.000000 for index 166450, 167/1000.
Terminated at swamp 1.
The last entry of errorHistory is 1.000000 for index 166451, 167/1000.
The last entry of errorHistory is 1.000000 for index 166452, 167/1000.
Terminated at swamp 1.
The last entry of errorHistory is 1.000000 for index 166453, 167/1000.
Terminated at swamp 0.5.
The last entry of errorHistory is 0.500033 for index 166454, 167/1000.
Terminated at swamp 0.5.
The last entry of errorHistory is 0.500589 for index 166455, 167/1000.
Terminated at swamp 0.5.
The last entry of errorHistory is 0.500437 for index 166456, 167/1000.
The last entry of errorHistory is 1.000000 for index 166457, 167/1000.
Terminated at swamp 0.5.
The last entry of errorHistory is 0.500487 for index 166458, 167/1000.
The last entry of errorHistory is 0.000491 for index 166459, 167/1000.
The last entry of errorHistory is 1.000000 for index 166460, 167/1000.
Terminated at swamp 1.
The last entry of errorHistory is 1.000002 for index 166461, 167/1000.
Terminated at swamp 0.5.
The last entry of errorHistory is 0.500256 for index 166462, 167/1000.
The last entry of errorHistory is 1.000000 for index 166463, 167/1000.
Terminated at swamp 0.5.
The last entry of errorHistory is 0.500206 for index 166464, 167/1000.
Terminated at swamp 0.5.
The last entry of errorHistory is 0.500565 for index 166465, 167/1000.
Terminated at swamp 1.
The last entry of errorHistory is 1.000000 for index 166466, 167/1000.
Terminated at swamp 0.5.
The last entry of errorHistory is 0.500240 for index 166467, 167/1000.
The last entry of errorHistory is 0.000782 for index 166468, 167/1000.
The last entry of errorHistory is 1.000000 for index 166469, 167/1000.
Terminated at swamp 1.
The last entry of errorHistory is 1.000134 for index 166470, 167/1000.
The last entry of errorHistory is 0.000068 for index 166471, 167/1000.
The last entry of errorHistory is 1.000000 for index 166472, 167/1000.
Terminated at swamp 0.5.
The last entry of errorHistory is 0.500491 for index 166473, 167/1000.
Terminated at swamp 0.5.
The last entry of errorHistory is 0.500657 for index 166474, 167/1000.
The last entry of errorHistory is 0.000239 for index 166475, 167/1000.
Terminated at swamp 0.5.
The last entry of errorHistory is 0.500426 for index 166476, 167/1000.
Terminated at swamp 0.5.
The last entry of errorHistory is 0.500451 for index 166477, 167/1000.
Terminated at swamp 0.5.
The last entry of errorHistory is 0.500393 for index 166478, 167/1000.
The last entry of errorHistory is 0.000012 for index 166479, 167/1000.
Terminated at swamp 0.5.
The last entry of errorHistory is 0.500288 for index 166480, 167/1000.
The last entry of errorHistory is 0.000031 for index 166481, 167/1000.
The last entry of errorHistory is 0.000011 for index 166482, 167/1000.
The last entry of errorHistory is 1.000000 for index 166483, 167/1000.
Terminated at swamp 0.5.
The last entry of errorHistory is 0.500852 for index 166484, 167/1000.
Terminated at swamp 0.5.
The last entry of errorHistory is 0.500574 for index 166485, 167/1000.
Terminated at swamp 0.5.
The last entry of errorHistory is 0.500584 for index 166486, 167/1000.
Terminated at swamp 0.5.
The last entry of errorHistory is 0.500214 for index 166487, 167/1000.
The last entry of errorHistory is 0.500000 for index 166488, 167/1000.
Terminated at swamp 0.5.
The last entry of errorHistory is 0.500299 for index 166489, 167/1000.
Terminated at swamp 1.
The last entry of errorHistory is 1.000235 for index 166490, 167/1000.
Terminated at swamp 0.5.
The last entry of errorHistory is 0.500145 for index 166491, 167/1000.
Terminated at swamp 0.5.
The last entry of errorHistory is 0.500287 for index 166492, 167/1000.
The last entry of errorHistory is 0.500000 for index 166493, 167/1000.
The last entry of errorHistory is 1.000000 for index 166494, 167/1000.
The last entry of errorHistory is 0.000046 for index 166495, 167/1000.
Terminated at swamp 1.
The last entry of errorHistory is 1.000310 for index 166496, 167/1000.
The last entry of errorHistory is 0.000713 for index 166497, 167/1000.
Terminated at swamp 0.5.
The last entry of errorHistory is 0.500447 for index 166498, 167/1000.
The last entry of errorHistory is 1.000000 for index 166499, 167/1000.
The last entry of errorHistory is 1.000000 for index 166500, 167/1000.
Terminated at swamp 1.
The last entry of errorHistory is 1.000370 for index 166501, 167/1000.
Terminated at swamp 1.
The last entry of errorHistory is 1.000001 for index 166502, 167/1000.
Terminated at swamp 0.5.
The last entry of errorHistory is 0.500489 for index 166503, 167/1000.
Terminated at swamp 0.5.
The last entry of errorHistory is 0.500149 for index 166504, 167/1000.
Terminated at swamp 0.5.
The last entry of errorHistory is 0.500557 for index 166505, 167/1000.
Terminated at swamp 1.
The last entry of errorHistory is 1.000513 for index 166506, 167/1000.
Terminated at swamp 0.5.
The last entry of errorHistory is 0.500384 for index 166507, 167/1000.
Terminated at swamp 1.
The last entry of errorHistory is 1.000209 for index 166508, 167/1000.
The last entry of errorHistory is 1.000000 for index 166509, 167/1000.
The last entry of errorHistory is 1.000000 for index 166510, 167/1000.
Terminated at swamp 1.
The last entry of errorHistory is 1.000000 for index 166511, 167/1000.
Terminated at swamp 1.
The last entry of errorHistory is 1.000360 for index 166512, 167/1000.
Terminated at swamp 0.5.
The last entry of errorHistory is 0.500461 for index 166513, 167/1000.
Terminated at swamp 0.5.
The last entry of errorHistory is 0.500186 for index 166514, 167/1000.
Terminated at swamp 0.5.
The last entry of errorHistory is 0.500445 for index 166515, 167/1000.
Terminated at swamp 0.5.
The last entry of errorHistory is 0.500671 for index 166516, 167/1000.
The last entry of errorHistory is 0.000398 for index 166517, 167/1000.
Terminated at swamp 0.5.
The last entry of errorHistory is 0.500009 for index 166518, 167/1000.
Terminated at swamp 0.5.
The last entry of errorHistory is 0.500056 for index 166519, 167/1000.
Terminated at swamp 1.5.
The last entry of errorHistory is 1.500000 for index 166520, 167/1000.
Terminated at swamp 0.5.
The last entry of errorHistory is 0.500794 for index 166521, 167/1000.
Terminated at swamp 0.5.
The last entry of errorHistory is 0.500639 for index 166522, 167/1000.
Terminated at swamp 0.5.
The last entry of errorHistory is 0.500169 for index 166523, 167/1000.
The last entry of errorHistory is 1.500000 for index 166524, 167/1000.
Terminated at swamp 0.5.
The last entry of errorHistory is 0.500408 for index 166525, 167/1000.
The last entry of errorHistory is 1.000000 for index 166526, 167/1000.
Terminated at swamp 1.
The last entry of errorHistory is 1.000362 for index 166527, 167/1000.
The last entry of errorHistory is 1.000000 for index 166528, 167/1000.
Terminated at swamp 0.5.
The last entry of errorHistory is 0.500401 for index 166529, 167/1000.
The last entry of errorHistory is 1.000000 for index 166530, 167/1000.
The last entry of errorHistory is 0.000088 for index 166531, 167/1000.
Terminated at swamp 0.5.
The last entry of errorHistory is 0.500377 for index 166532, 167/1000.
Terminated at swamp 0.5.
The last entry of errorHistory is 0.500522 for index 166533, 167/1000.
The last entry of errorHistory is 0.000196 for index 166534, 167/1000.
Terminated at swamp 0.5.
The last entry of errorHistory is 0.500599 for index 166535, 167/1000.
Terminated at swamp 0.5.
The last entry of errorHistory is 0.500023 for index 166536, 167/1000.
Terminated at swamp 1.
The last entry of errorHistory is 1.000275 for index 166537, 167/1000.
The last entry of errorHistory is 0.000044 for index 166538, 167/1000.
The last entry of errorHistory is 0.000175 for index 166539, 167/1000.
The last entry of errorHistory is 1.000000 for index 166540, 167/1000.
Terminated at swamp 0.5.
The last entry of errorHistory is 0.500359 for index 166541, 167/1000.
Terminated at swamp 0.5.
The last entry of errorHistory is 0.500443 for index 166542, 167/1000.
Terminated at swamp 0.5.
The last entry of errorHistory is 0.500047 for index 166543, 167/1000.
Terminated at swamp 0.5.
The last entry of errorHistory is 0.500047 for index 166544, 167/1000.
Terminated at swamp 0.5.
The last entry of errorHistory is 0.500081 for index 166545, 167/1000.
Terminated at swamp 0.5.
The last entry of errorHistory is 0.500474 for index 166546, 167/1000.
Terminated at swamp 0.5.
The last entry of errorHistory is 0.500473 for index 166547, 167/1000.
Terminated at swamp 0.5.
The last entry of errorHistory is 0.500392 for index 166548, 167/1000.
Terminated at swamp 1.
The last entry of errorHistory is 1.000317 for index 166549, 167/1000.
Terminated at swamp 0.5.
The last entry of errorHistory is 0.500123 for index 166550, 167/1000.
Terminated at swamp 0.5.
The last entry of errorHistory is 0.500348 for index 166551, 167/1000.
Terminated at swamp 0.5.
The last entry of errorHistory is 0.500144 for index 166552, 167/1000.
Terminated at swamp 0.5.
The last entry of errorHistory is 0.500133 for index 166553, 167/1000.
Terminated at swamp 0.5.
The last entry of errorHistory is 0.500095 for index 166554, 167/1000.
Terminated at swamp 0.5.
The last entry of errorHistory is 0.500340 for index 166555, 167/1000.
Terminated at swamp 0.5.
The last entry of errorHistory is 0.500350 for index 166556, 167/1000.
The last entry of errorHistory is 0.500000 for index 166557, 167/1000.
Terminated at swamp 0.5.
The last entry of errorHistory is 0.500618 for index 166558, 167/1000.
The last entry of errorHistory is 0.000008 for index 166559, 167/1000.
The last entry of errorHistory is 1.000000 for index 166560, 167/1000.
Terminated at swamp 0.5.
The last entry of errorHistory is 0.500458 for index 166561, 167/1000.
Terminated at swamp 1.
The last entry of errorHistory is 1.000052 for index 166562, 167/1000.
Terminated at swamp 1.
The last entry of errorHistory is 1.000000 for index 166563, 167/1000.
Terminated at swamp 1.5.
The last entry of errorHistory is 1.500000 for index 166564, 167/1000.
Terminated at swamp 0.5.
The last entry of errorHistory is 0.500014 for index 166565, 167/1000.
Terminated at swamp 1.
The last entry of errorHistory is 0.999595 for index 166566, 167/1000.
Terminated at swamp 0.5.
The last entry of errorHistory is 0.500019 for index 166567, 167/1000.
The last entry of errorHistory is 1.500000 for index 166568, 167/1000.
The last entry of errorHistory is 0.001556 for index 166569, 167/1000.
Terminated at swamp 1.
The last entry of errorHistory is 1.000085 for index 166570, 167/1000.
The last entry of errorHistory is 1.000000 for index 166571, 167/1000.
Terminated at swamp 1.
The last entry of errorHistory is 1.000001 for index 166572, 167/1000.
The last entry of errorHistory is 0.000493 for index 166573, 167/1000.
The last entry of errorHistory is 0.500000 for index 166574, 167/1000.
Terminated at swamp 1.
The last entry of errorHistory is 1.000560 for index 166575, 167/1000.
Terminated at swamp 0.5.
The last entry of errorHistory is 0.500037 for index 166576, 167/1000.
Terminated at swamp 0.5.
The last entry of errorHistory is 0.500434 for index 166577, 167/1000.
Terminated at swamp 0.5.
The last entry of errorHistory is 0.500308 for index 166578, 167/1000.
Terminated at swamp 1.
The last entry of errorHistory is 1.000229 for index 166579, 167/1000.
Terminated at swamp 0.5.
The last entry of errorHistory is 0.500586 for index 166580, 167/1000.
The last entry of errorHistory is 1.000000 for index 166581, 167/1000.
Terminated at swamp 1.
The last entry of errorHistory is 1.000060 for index 166582, 167/1000.
The last entry of errorHistory is 1.000000 for index 166583, 167/1000.
Terminated at swamp 1.
The last entry of errorHistory is 1.000388 for index 166584, 167/1000.
Terminated at swamp 0.5.
The last entry of errorHistory is 0.500162 for index 166585, 167/1000.
Terminated at swamp 1.
The last entry of errorHistory is 1.000000 for index 166586, 167/1000.
Terminated at swamp 0.5.
The last entry of errorHistory is 0.500134 for index 166587, 167/1000.
The last entry of errorHistory is 1.000000 for index 166588, 167/1000.
Terminated at swamp 0.5.
The last entry of errorHistory is 0.500614 for index 166589, 167/1000.
The last entry of errorHistory is 0.500000 for index 166590, 167/1000.
Terminated at swamp 0.5.
The last entry of errorHistory is 0.500426 for index 166591, 167/1000.
The last entry of errorHistory is 0.500000 for index 166592, 167/1000.
Terminated at swamp 1.
The last entry of errorHistory is 1.000077 for index 166593, 167/1000.
Terminated at swamp 0.5.
The last entry of errorHistory is 0.500408 for index 166594, 167/1000.
Terminated at swamp 1.
The last entry of errorHistory is 1.000078 for index 166595, 167/1000.
Terminated at swamp 1.
The last entry of errorHistory is 1.000011 for index 166596, 167/1000.
Terminated at swamp 0.5.
The last entry of errorHistory is 0.500555 for index 166597, 167/1000.
Terminated at swamp 0.5.
The last entry of errorHistory is 0.500473 for index 166598, 167/1000.
The last entry of errorHistory is 0.000017 for index 166599, 167/1000.
The last entry of errorHistory is 1.000000 for index 166600, 167/1000.
The last entry of errorHistory is 1.500000 for index 166601, 167/1000.
The last entry of errorHistory is 1.000000 for index 166602, 167/1000.
Terminated at swamp 0.5.
The last entry of errorHistory is 0.500631 for index 166603, 167/1000.
The last entry of errorHistory is 0.000015 for index 166604, 167/1000.
The last entry of errorHistory is 0.000205 for index 166605, 167/1000.
Terminated at swamp 0.5.
The last entry of errorHistory is 0.500060 for index 166606, 167/1000.
Terminated at swamp 0.5.
The last entry of errorHistory is 0.500829 for index 166607, 167/1000.
Terminated at swamp 1.
The last entry of errorHistory is 1.000000 for index 166608, 167/1000.
Terminated at swamp 1.
The last entry of errorHistory is 1.000102 for index 166609, 167/1000.
The last entry of errorHistory is 1.000000 for index 166610, 167/1000.
The last entry of errorHistory is 0.000297 for index 166611, 167/1000.
Terminated at swamp 0.5.
The last entry of errorHistory is 0.500400 for index 166612, 167/1000.
The last entry of errorHistory is 0.000017 for index 166613, 167/1000.
Terminated at swamp 0.5.
The last entry of errorHistory is 0.500023 for index 166614, 167/1000.
Terminated at swamp 1.
The last entry of errorHistory is 1.000231 for index 166615, 167/1000.
Terminated at swamp 0.5.
The last entry of errorHistory is 0.500607 for index 166616, 167/1000.
Terminated at swamp 0.5.
The last entry of errorHistory is 0.500520 for index 166617, 167/1000.
Terminated at swamp 0.5.
The last entry of errorHistory is 0.500301 for index 166618, 167/1000.
Terminated at swamp 0.5.
The last entry of errorHistory is 0.500650 for index 166619, 167/1000.
Terminated at swamp 0.5.
The last entry of errorHistory is 0.500137 for index 166620, 167/1000.
Terminated at swamp 1.
The last entry of errorHistory is 1.000026 for index 166621, 167/1000.
Terminated at swamp 0.5.
The last entry of errorHistory is 0.500057 for index 166622, 167/1000.
Terminated at swamp 0.5.
The last entry of errorHistory is 0.500572 for index 166623, 167/1000.
Terminated at swamp 1.
The last entry of errorHistory is 1.000126 for index 166624, 167/1000.
Terminated at swamp 0.5.
The last entry of errorHistory is 0.500092 for index 166625, 167/1000.
Terminated at swamp 0.5.
The last entry of errorHistory is 0.500535 for index 166626, 167/1000.
Terminated at swamp 0.5.
The last entry of errorHistory is 0.500890 for index 166627, 167/1000.
Terminated at swamp 0.5.
The last entry of errorHistory is 0.500174 for index 166628, 167/1000.
Terminated at swamp 0.5.
The last entry of errorHistory is 0.500501 for index 166629, 167/1000.
Terminated at swamp 0.5.
The last entry of errorHistory is 0.500263 for index 166630, 167/1000.
The last entry of errorHistory is 1.000000 for index 166631, 167/1000.
Terminated at swamp 0.5.
The last entry of errorHistory is 0.500846 for index 166632, 167/1000.
Terminated at swamp 0.5.
The last entry of errorHistory is 0.500133 for index 166633, 167/1000.
Terminated at swamp 1.
The last entry of errorHistory is 1.000249 for index 166634, 167/1000.
The last entry of errorHistory is 0.500000 for index 166635, 167/1000.
The last entry of errorHistory is 0.000037 for index 166636, 167/1000.
The last entry of errorHistory is 1.000000 for index 166637, 167/1000.
Terminated at swamp 0.5.
The last entry of errorHistory is 0.500056 for index 166638, 167/1000.
Terminated at swamp 0.5.
The last entry of errorHistory is 0.500516 for index 166639, 167/1000.
Terminated at swamp 0.5.
The last entry of errorHistory is 0.500640 for index 166640, 167/1000.
Terminated at swamp 1.
The last entry of errorHistory is 1.000008 for index 166641, 167/1000.
The last entry of errorHistory is 1.000000 for index 166642, 167/1000.
The last entry of errorHistory is 0.500000 for index 166643, 167/1000.
The last entry of errorHistory is 0.002027 for index 166644, 167/1000.
Terminated at swamp 0.5.
The last entry of errorHistory is 0.500454 for index 166645, 167/1000.
Terminated at swamp 0.5.
The last entry of errorHistory is 0.500485 for index 166646, 167/1000.
Terminated at swamp 0.5.
The last entry of errorHistory is 0.500282 for index 166647, 167/1000.
Terminated at swamp 1.
The last entry of errorHistory is 1.000712 for index 166648, 167/1000.
Terminated at swamp 1.
The last entry of errorHistory is 1.000163 for index 166649, 167/1000.
Terminated at swamp 1.5.
The last entry of errorHistory is 1.500192 for index 166650, 167/1000.
The last entry of errorHistory is 1.000000 for index 166651, 167/1000.
Terminated at swamp 0.5.
The last entry of errorHistory is 0.500226 for index 166652, 167/1000.
Terminated at swamp 0.5.
The last entry of errorHistory is 0.500654 for index 166653, 167/1000.
Terminated at swamp 0.5.
The last entry of errorHistory is 0.500727 for index 166654, 167/1000.
Terminated at swamp 0.5.
The last entry of errorHistory is 0.500285 for index 166655, 167/1000.
The last entry of errorHistory is 1.000000 for index 166656, 167/1000.
Terminated at swamp 0.5.
The last entry of errorHistory is 0.500555 for index 166657, 167/1000.
Terminated at swamp 0.5.
The last entry of errorHistory is 0.500221 for index 166658, 167/1000.
Terminated at swamp 0.5.
The last entry of errorHistory is 0.500531 for index 166659, 167/1000.
Terminated at swamp 0.5.
The last entry of errorHistory is 0.500425 for index 166660, 167/1000.
Terminated at swamp 0.5.
The last entry of errorHistory is 0.500000 for index 166661, 167/1000.
Terminated at swamp 0.5.
The last entry of errorHistory is 0.500305 for index 166662, 167/1000.
Terminated at swamp 0.5.
The last entry of errorHistory is 0.500142 for index 166663, 167/1000.
The last entry of errorHistory is 1.500000 for index 166664, 167/1000.
Terminated at swamp 0.5.
The last entry of errorHistory is 0.500533 for index 166665, 167/1000.
Terminated at swamp 0.5.
The last entry of errorHistory is 0.500487 for index 166666, 167/1000.
The last entry of errorHistory is 0.000016 for index 166667, 167/1000.
Terminated at swamp 0.5.
The last entry of errorHistory is 0.500641 for index 166668, 167/1000.
The last entry of errorHistory is 1.000000 for index 166669, 167/1000.
Terminated at swamp 1.
The last entry of errorHistory is 1.000009 for index 166670, 167/1000.
The last entry of errorHistory is 0.000353 for index 166671, 167/1000.
The last entry of errorHistory is 0.000016 for index 166672, 167/1000.
The last entry of errorHistory is 0.500000 for index 166673, 167/1000.
Terminated at swamp 0.5.
The last entry of errorHistory is 0.500093 for index 166674, 167/1000.
Terminated at swamp 0.5.
The last entry of errorHistory is 0.500446 for index 166675, 167/1000.
The last entry of errorHistory is 1.000000 for index 166676, 167/1000.
The last entry of errorHistory is 0.500000 for index 166677, 167/1000.
Terminated at swamp 0.5.
The last entry of errorHistory is 0.500555 for index 166678, 167/1000.
Terminated at swamp 1.
The last entry of errorHistory is 1.000044 for index 166679, 167/1000.
Terminated at swamp 1.
The last entry of errorHistory is 1.000085 for index 166680, 167/1000.
Terminated at swamp 0.5.
The last entry of errorHistory is 0.500398 for index 166681, 167/1000.
Terminated at swamp 0.5.
The last entry of errorHistory is 0.500000 for index 166682, 167/1000.
Terminated at swamp 0.5.
The last entry of errorHistory is 0.500304 for index 166683, 167/1000.
The last entry of errorHistory is 1.000000 for index 166684, 167/1000.
Terminated at swamp 0.5.
The last entry of errorHistory is 0.500490 for index 166685, 167/1000.
Terminated at swamp 0.5.
The last entry of errorHistory is 0.500462 for index 166686, 167/1000.
Terminated at swamp 0.5.
The last entry of errorHistory is 0.500105 for index 166687, 167/1000.
The last entry of errorHistory is 1.000000 for index 166688, 167/1000.
The last entry of errorHistory is 0.500000 for index 166689, 167/1000.
The last entry of errorHistory is 1.500000 for index 166690, 167/1000.
Terminated at swamp 0.5.
The last entry of errorHistory is 0.500567 for index 166691, 167/1000.
Terminated at swamp 1.
The last entry of errorHistory is 1.000334 for index 166692, 167/1000.
Terminated at swamp 0.5.
The last entry of errorHistory is 0.500481 for index 166693, 167/1000.
Terminated at swamp 0.5.
The last entry of errorHistory is 0.500920 for index 166694, 167/1000.
The last entry of errorHistory is 1.000000 for index 166695, 167/1000.
The last entry of errorHistory is 0.000378 for index 166696, 167/1000.
The last entry of errorHistory is 0.500000 for index 166697, 167/1000.
The last entry of errorHistory is 1.000000 for index 166698, 167/1000.
Terminated at swamp 0.5.
The last entry of errorHistory is 0.500345 for index 166699, 167/1000.
The last entry of errorHistory is 0.000013 for index 166700, 167/1000.
The last entry of errorHistory is 0.000016 for index 166701, 167/1000.
Terminated at swamp 0.5.
The last entry of errorHistory is 0.500586 for index 166702, 167/1000.
Terminated at swamp 0.5.
The last entry of errorHistory is 0.500098 for index 166703, 167/1000.
Terminated at swamp 0.5.
The last entry of errorHistory is 0.500101 for index 166704, 167/1000.
Terminated at swamp 0.5.
The last entry of errorHistory is 0.500000 for index 166705, 167/1000.
The last entry of errorHistory is 0.000032 for index 166706, 167/1000.
Terminated at swamp 0.5.
The last entry of errorHistory is 0.500525 for index 166707, 167/1000.
Terminated at swamp 1.
The last entry of errorHistory is 1.000047 for index 166708, 167/1000.
Terminated at swamp 0.5.
The last entry of errorHistory is 0.500172 for index 166709, 167/1000.
Terminated at swamp 0.5.
The last entry of errorHistory is 0.500091 for index 166710, 167/1000.
The last entry of errorHistory is 1.000000 for index 166711, 167/1000.
The last entry of errorHistory is 0.000076 for index 166712, 167/1000.
Terminated at swamp 0.5.
The last entry of errorHistory is 0.500734 for index 166713, 167/1000.
The last entry of errorHistory is 1.000000 for index 166714, 167/1000.
The last entry of errorHistory is 0.500000 for index 166715, 167/1000.
The last entry of errorHistory is 0.000176 for index 166716, 167/1000.
The last entry of errorHistory is 0.500000 for index 166717, 167/1000.
Terminated at swamp 0.5.
The last entry of errorHistory is 0.500566 for index 166718, 167/1000.
Terminated at swamp 0.5.
The last entry of errorHistory is 0.500170 for index 166719, 167/1000.
The last entry of errorHistory is 0.000015 for index 166720, 167/1000.
Terminated at swamp 0.5.
The last entry of errorHistory is 0.500539 for index 166721, 167/1000.
Terminated at swamp 1.
The last entry of errorHistory is 1.000125 for index 166722, 167/1000.
The last entry of errorHistory is 1.000000 for index 166723, 167/1000.
The last entry of errorHistory is 1.000000 for index 166724, 167/1000.
Terminated at swamp 0.5.
The last entry of errorHistory is 0.500393 for index 166725, 167/1000.
The last entry of errorHistory is 0.000017 for index 166726, 167/1000.
Terminated at swamp 0.5.
The last entry of errorHistory is 0.500756 for index 166727, 167/1000.
The last entry of errorHistory is 1.000000 for index 166728, 167/1000.
Terminated at swamp 0.5.
The last entry of errorHistory is 0.500142 for index 166729, 167/1000.
Terminated at swamp 1.
The last entry of errorHistory is 1.000000 for index 166730, 167/1000.
The last entry of errorHistory is 0.000581 for index 166731, 167/1000.
The last entry of errorHistory is 1.000000 for index 166732, 167/1000.
Terminated at swamp 1.
The last entry of errorHistory is 1.000001 for index 166733, 167/1000.
Terminated at swamp 0.5.
The last entry of errorHistory is 0.500410 for index 166734, 167/1000.
Terminated at swamp 0.5.
The last entry of errorHistory is 0.500263 for index 166735, 167/1000.
The last entry of errorHistory is 0.500000 for index 166736, 167/1000.
Terminated at swamp 0.5.
The last entry of errorHistory is 0.500462 for index 166737, 167/1000.
The last entry of errorHistory is 1.000000 for index 166738, 167/1000.
Terminated at swamp 0.5.
The last entry of errorHistory is 0.500276 for index 166739, 167/1000.
Terminated at swamp 1.
The last entry of errorHistory is 1.000406 for index 166740, 167/1000.
Terminated at swamp 0.5.
The last entry of errorHistory is 0.500025 for index 166741, 167/1000.
The last entry of errorHistory is 0.000021 for index 166742, 167/1000.
Terminated at swamp 0.5.
The last entry of errorHistory is 0.500899 for index 166743, 167/1000.
The last entry of errorHistory is 0.500000 for index 166744, 167/1000.
Terminated at swamp 0.5.
The last entry of errorHistory is 0.500230 for index 166745, 167/1000.
Terminated at swamp 0.5.
The last entry of errorHistory is 0.500256 for index 166746, 167/1000.
Terminated at swamp 0.5.
The last entry of errorHistory is 0.500036 for index 166747, 167/1000.
The last entry of errorHistory is 0.000613 for index 166748, 167/1000.
The last entry of errorHistory is 1.000000 for index 166749, 167/1000.
Terminated at swamp 0.5.
The last entry of errorHistory is 0.500577 for index 166750, 167/1000.
The last entry of errorHistory is 1.000000 for index 166751, 167/1000.
Terminated at swamp 0.5.
The last entry of errorHistory is 0.500378 for index 166752, 167/1000.
Terminated at swamp 1.
The last entry of errorHistory is 1.000016 for index 166753, 167/1000.
Terminated at swamp 0.5.
The last entry of errorHistory is 0.500692 for index 166754, 167/1000.
Terminated at swamp 1.
The last entry of errorHistory is 1.000116 for index 166755, 167/1000.
Terminated at swamp 0.5.
The last entry of errorHistory is 0.500163 for index 166756, 167/1000.
Terminated at swamp 0.5.
The last entry of errorHistory is 0.500342 for index 166757, 167/1000.
Terminated at swamp 0.5.
The last entry of errorHistory is 0.500196 for index 166758, 167/1000.
Terminated at swamp 0.5.
The last entry of errorHistory is 0.500453 for index 166759, 167/1000.
The last entry of errorHistory is 1.000000 for index 166760, 167/1000.
Terminated at swamp 1.
The last entry of errorHistory is 1.000027 for index 166761, 167/1000.
Terminated at swamp 0.5.
The last entry of errorHistory is 0.500194 for index 166762, 167/1000.
The last entry of errorHistory is 0.500000 for index 166763, 167/1000.
The last entry of errorHistory is 0.500000 for index 166764, 167/1000.
The last entry of errorHistory is 0.000008 for index 166765, 167/1000.
Terminated at swamp 0.5.
The last entry of errorHistory is 0.500881 for index 166766, 167/1000.
The last entry of errorHistory is 1.000000 for index 166767, 167/1000.
Terminated at swamp 0.5.
The last entry of errorHistory is 0.500236 for index 166768, 167/1000.
Terminated at swamp 0.5.
The last entry of errorHistory is 0.500000 for index 166769, 167/1000.
Terminated at swamp 1.
The last entry of errorHistory is 1.000428 for index 166770, 167/1000.
Terminated at swamp 0.5.
The last entry of errorHistory is 0.500451 for index 166771, 167/1000.
Terminated at swamp 0.5.
The last entry of errorHistory is 0.500380 for index 166772, 167/1000.
The last entry of errorHistory is 1.500000 for index 166773, 167/1000.
Terminated at swamp 0.5.
The last entry of errorHistory is 0.500439 for index 166774, 167/1000.
The last entry of errorHistory is 1.000000 for index 166775, 167/1000.
The last entry of errorHistory is 1.000000 for index 166776, 167/1000.
Terminated at swamp 0.5.
The last entry of errorHistory is 0.500056 for index 166777, 167/1000.
Terminated at swamp 0.5.
The last entry of errorHistory is 0.500598 for index 166778, 167/1000.
The last entry of errorHistory is 0.000017 for index 166779, 167/1000.
Terminated at swamp 1.
The last entry of errorHistory is 1.000000 for index 166780, 167/1000.
Terminated at swamp 0.5.
The last entry of errorHistory is 0.500154 for index 166781, 167/1000.
Terminated at swamp 1.
The last entry of errorHistory is 1.000400 for index 166782, 167/1000.
Terminated at swamp 0.5.
The last entry of errorHistory is 0.500288 for index 166783, 167/1000.
The last entry of errorHistory is 0.500000 for index 166784, 167/1000.
The last entry of errorHistory is 0.000662 for index 166785, 167/1000.
The last entry of errorHistory is 1.000000 for index 166786, 167/1000.
The last entry of errorHistory is 1.000000 for index 166787, 167/1000.
The last entry of errorHistory is 1.000000 for index 166788, 167/1000.
Terminated at swamp 0.5.
The last entry of errorHistory is 0.500004 for index 166789, 167/1000.
Terminated at swamp 0.5.
The last entry of errorHistory is 0.500417 for index 166790, 167/1000.
Terminated at swamp 0.5.
The last entry of errorHistory is 0.500479 for index 166791, 167/1000.
The last entry of errorHistory is 0.000033 for index 166792, 167/1000.
Terminated at swamp 0.5.
The last entry of errorHistory is 0.500423 for index 166793, 167/1000.
Terminated at swamp 0.5.
The last entry of errorHistory is 0.500346 for index 166794, 167/1000.
The last entry of errorHistory is 1.000000 for index 166795, 167/1000.
The last entry of errorHistory is 0.500000 for index 166796, 167/1000.
The last entry of errorHistory is 0.000023 for index 166797, 167/1000.
Terminated at swamp 1.
The last entry of errorHistory is 1.000028 for index 166798, 167/1000.
Terminated at swamp 0.5.
The last entry of errorHistory is 0.500654 for index 166799, 167/1000.
Terminated at swamp 0.5.
The last entry of errorHistory is 0.500483 for index 166800, 167/1000.
Terminated at swamp 0.5.
The last entry of errorHistory is 0.500571 for index 166801, 167/1000.
Terminated at swamp 0.5.
The last entry of errorHistory is 0.500353 for index 166802, 167/1000.
Terminated at swamp 0.5.
The last entry of errorHistory is 0.500106 for index 166803, 167/1000.
The last entry of errorHistory is 1.000000 for index 166804, 167/1000.
Terminated at swamp 1.
The last entry of errorHistory is 1.000325 for index 166805, 167/1000.
The last entry of errorHistory is 1.000000 for index 166806, 167/1000.
Terminated at swamp 0.5.
The last entry of errorHistory is 0.500245 for index 166807, 167/1000.
Terminated at swamp 0.5.
The last entry of errorHistory is 0.500496 for index 166808, 167/1000.
Terminated at swamp 0.5.
The last entry of errorHistory is 0.500522 for index 166809, 167/1000.
Terminated at swamp 0.5.
The last entry of errorHistory is 0.500917 for index 166810, 167/1000.
Terminated at swamp 0.5.
The last entry of errorHistory is 0.500417 for index 166811, 167/1000.
The last entry of errorHistory is 0.000078 for index 166812, 167/1000.
Terminated at swamp 0.5.
The last entry of errorHistory is 0.500109 for index 166813, 167/1000.
The last entry of errorHistory is 1.500000 for index 166814, 167/1000.
Terminated at swamp 1.
The last entry of errorHistory is 1.000028 for index 166815, 167/1000.
Terminated at swamp 0.5.
The last entry of errorHistory is 0.500449 for index 166816, 167/1000.
Terminated at swamp 1.
The last entry of errorHistory is 1.000164 for index 166817, 167/1000.
The last entry of errorHistory is 1.000000 for index 166818, 167/1000.
Terminated at swamp 0.5.
The last entry of errorHistory is 0.500663 for index 166819, 167/1000.
The last entry of errorHistory is 0.000015 for index 166820, 167/1000.
Terminated at swamp 0.5.
The last entry of errorHistory is 0.500568 for index 166821, 167/1000.
The last entry of errorHistory is 0.000018 for index 166822, 167/1000.
The last entry of errorHistory is 1.500000 for index 166823, 167/1000.
Terminated at swamp 0.5.
The last entry of errorHistory is 0.500552 for index 166824, 167/1000.
Terminated at swamp 1.
The last entry of errorHistory is 1.000001 for index 166825, 167/1000.
The last entry of errorHistory is 0.000502 for index 166826, 167/1000.
Terminated at swamp 0.5.
The last entry of errorHistory is 0.500638 for index 166827, 167/1000.
The last entry of errorHistory is 1.000000 for index 166828, 167/1000.
Terminated at swamp 1.
The last entry of errorHistory is 1.000008 for index 166829, 167/1000.
The last entry of errorHistory is 1.000000 for index 166830, 167/1000.
Terminated at swamp 1.
The last entry of errorHistory is 1.000039 for index 166831, 167/1000.
Terminated at swamp 0.5.
The last entry of errorHistory is 0.500297 for index 166832, 167/1000.
Terminated at swamp 0.5.
The last entry of errorHistory is 0.499927 for index 166833, 167/1000.
The last entry of errorHistory is 1.000000 for index 166834, 167/1000.
Terminated at swamp 1.
The last entry of errorHistory is 1.000468 for index 166835, 167/1000.
Terminated at swamp 1.
The last entry of errorHistory is 0.999992 for index 166836, 167/1000.
The last entry of errorHistory is 1.000000 for index 166837, 167/1000.
The last entry of errorHistory is 1.000000 for index 166838, 167/1000.
Terminated at swamp 1.5.
The last entry of errorHistory is 1.500000 for index 166839, 167/1000.
Terminated at swamp 1.
The last entry of errorHistory is 1.000013 for index 166840, 167/1000.
Terminated at swamp 0.5.
The last entry of errorHistory is 0.500522 for index 166841, 167/1000.
Terminated at swamp 0.5.
The last entry of errorHistory is 0.500300 for index 166842, 167/1000.
The last entry of errorHistory is 0.500000 for index 166843, 167/1000.
Terminated at swamp 0.5.
The last entry of errorHistory is 0.500562 for index 166844, 167/1000.
Terminated at swamp 0.5.
The last entry of errorHistory is 0.500000 for index 166845, 167/1000.
Terminated at swamp 1.
The last entry of errorHistory is 1.000000 for index 166846, 167/1000.
Terminated at swamp 1.
The last entry of errorHistory is 1.000204 for index 166847, 167/1000.
Terminated at swamp 0.5.
The last entry of errorHistory is 0.500337 for index 166848, 167/1000.
Terminated at swamp 0.5.
The last entry of errorHistory is 0.500317 for index 166849, 167/1000.
Terminated at swamp 0.5.
The last entry of errorHistory is 0.500514 for index 166850, 167/1000.
Terminated at swamp 0.5.
The last entry of errorHistory is 0.500539 for index 166851, 167/1000.
The last entry of errorHistory is 1.000000 for index 166852, 167/1000.
Terminated at swamp 1.
The last entry of errorHistory is 1.000188 for index 166853, 167/1000.
Terminated at swamp 0.5.
The last entry of errorHistory is 0.500045 for index 166854, 167/1000.
The last entry of errorHistory is 0.000641 for index 166855, 167/1000.
Terminated at swamp 0.5.
The last entry of errorHistory is 0.500516 for index 166856, 167/1000.
Terminated at swamp 1.
The last entry of errorHistory is 1.000001 for index 166857, 167/1000.
Terminated at swamp 0.5.
The last entry of errorHistory is 0.500392 for index 166858, 167/1000.
Terminated at swamp 1.
The last entry of errorHistory is 1.000015 for index 166859, 167/1000.
Terminated at swamp 0.5.
The last entry of errorHistory is 0.500083 for index 166860, 167/1000.
Terminated at swamp 1.
The last entry of errorHistory is 1.000022 for index 166861, 167/1000.
Terminated at swamp 0.5.
The last entry of errorHistory is 0.500331 for index 166862, 167/1000.
Terminated at swamp 1.
The last entry of errorHistory is 1.000558 for index 166863, 167/1000.
The last entry of errorHistory is 0.000079 for index 166864, 167/1000.
Terminated at swamp 0.5.
The last entry of errorHistory is 0.500110 for index 166865, 167/1000.
The last entry of errorHistory is 1.500000 for index 166866, 167/1000.
Terminated at swamp 1.
The last entry of errorHistory is 1.000216 for index 166867, 167/1000.
Terminated at swamp 0.5.
The last entry of errorHistory is 0.500033 for index 166868, 167/1000.
Terminated at swamp 1.
The last entry of errorHistory is 1.000000 for index 166869, 167/1000.
Terminated at swamp 0.5.
The last entry of errorHistory is 0.500349 for index 166870, 167/1000.
The last entry of errorHistory is 1.000000 for index 166871, 167/1000.
The last entry of errorHistory is 1.000000 for index 166872, 167/1000.
The last entry of errorHistory is 0.000045 for index 166873, 167/1000.
Terminated at swamp 0.5.
The last entry of errorHistory is 0.500356 for index 166874, 167/1000.
Terminated at swamp 0.5.
The last entry of errorHistory is 0.500000 for index 166875, 167/1000.
Terminated at swamp 1.
The last entry of errorHistory is 1.000388 for index 166876, 167/1000.
Terminated at swamp 1.
The last entry of errorHistory is 1.000013 for index 166877, 167/1000.
Terminated at swamp 0.5.
The last entry of errorHistory is 0.500501 for index 166878, 167/1000.
Terminated at swamp 0.5.
The last entry of errorHistory is 0.500386 for index 166879, 167/1000.
The last entry of errorHistory is 0.000014 for index 166880, 167/1000.
The last entry of errorHistory is 1.000000 for index 166881, 167/1000.
Terminated at swamp 0.5.
The last entry of errorHistory is 0.500137 for index 166882, 167/1000.
The last entry of errorHistory is 0.500000 for index 166883, 167/1000.
Terminated at swamp 0.5.
The last entry of errorHistory is 0.500283 for index 166884, 167/1000.
Terminated at swamp 0.5.
The last entry of errorHistory is 0.500423 for index 166885, 167/1000.
Terminated at swamp 0.5.
The last entry of errorHistory is 0.500150 for index 166886, 167/1000.
Terminated at swamp 0.5.
The last entry of errorHistory is 0.500537 for index 166887, 167/1000.
The last entry of errorHistory is 1.000000 for index 166888, 167/1000.
Terminated at swamp 0.5.
The last entry of errorHistory is 0.500000 for index 166889, 167/1000.
Terminated at swamp 0.5.
The last entry of errorHistory is 0.500581 for index 166890, 167/1000.
Terminated at swamp 0.5.
The last entry of errorHistory is 0.500194 for index 166891, 167/1000.
Terminated at swamp 0.5.
The last entry of errorHistory is 0.500478 for index 166892, 167/1000.
The last entry of errorHistory is 0.000702 for index 166893, 167/1000.
Terminated at swamp 1.
The last entry of errorHistory is 1.000606 for index 166894, 167/1000.
Terminated at swamp 0.5.
The last entry of errorHistory is 0.500191 for index 166895, 167/1000.
Terminated at swamp 0.5.
The last entry of errorHistory is 0.500565 for index 166896, 167/1000.
Terminated at swamp 1.
The last entry of errorHistory is 1.000192 for index 166897, 167/1000.
Terminated at swamp 0.5.
The last entry of errorHistory is 0.500246 for index 166898, 167/1000.
Terminated at swamp 0.5.
The last entry of errorHistory is 0.500107 for index 166899, 167/1000.
Terminated at swamp 0.5.
The last entry of errorHistory is 0.500934 for index 166900, 167/1000.
The last entry of errorHistory is 1.500000 for index 166901, 167/1000.
The last entry of errorHistory is 0.500000 for index 166902, 167/1000.
Terminated at swamp 1.
The last entry of errorHistory is 1.000394 for index 166903, 167/1000.
The last entry of errorHistory is 0.000033 for index 166904, 167/1000.
The last entry of errorHistory is 0.000298 for index 166905, 167/1000.
Terminated at swamp 0.5.
The last entry of errorHistory is 0.500491 for index 166906, 167/1000.
Terminated at swamp 1.
The last entry of errorHistory is 1.000018 for index 166907, 167/1000.
Terminated at swamp 1.
The last entry of errorHistory is 1.000266 for index 166908, 167/1000.
Terminated at swamp 0.5.
The last entry of errorHistory is 0.500411 for index 166909, 167/1000.
Terminated at swamp 0.5.
The last entry of errorHistory is 0.500116 for index 166910, 167/1000.
Terminated at swamp 0.5.
The last entry of errorHistory is 0.500040 for index 166911, 167/1000.
Terminated at swamp 1.
The last entry of errorHistory is 1.000242 for index 166912, 167/1000.
The last entry of errorHistory is 1.000000 for index 166913, 167/1000.
The last entry of errorHistory is 1.500000 for index 166914, 167/1000.
The last entry of errorHistory is 1.000000 for index 166915, 167/1000.
The last entry of errorHistory is 1.000000 for index 166916, 167/1000.
The last entry of errorHistory is 0.003046 for index 166917, 167/1000.
The last entry of errorHistory is 0.000015 for index 166918, 167/1000.
Terminated at swamp 0.5.
The last entry of errorHistory is 0.500408 for index 166919, 167/1000.
Terminated at swamp 0.5.
The last entry of errorHistory is 0.500644 for index 166920, 167/1000.
Terminated at swamp 0.5.
The last entry of errorHistory is 0.500431 for index 166921, 167/1000.
Terminated at swamp 0.5.
The last entry of errorHistory is 0.500489 for index 166922, 167/1000.
Terminated at swamp 0.5.
The last entry of errorHistory is 0.500290 for index 166923, 167/1000.
The last entry of errorHistory is 1.500000 for index 166924, 167/1000.
Terminated at swamp 0.5.
The last entry of errorHistory is 0.500438 for index 166925, 167/1000.
Terminated at swamp 0.5.
The last entry of errorHistory is 0.500516 for index 166926, 167/1000.
Terminated at swamp 1.
The last entry of errorHistory is 1.000391 for index 166927, 167/1000.
Terminated at swamp 0.5.
The last entry of errorHistory is 0.500426 for index 166928, 167/1000.
The last entry of errorHistory is 1.500000 for index 166929, 167/1000.
Terminated at swamp 0.5.
The last entry of errorHistory is 0.500454 for index 166930, 167/1000.
Terminated at swamp 0.5.
The last entry of errorHistory is 0.500050 for index 166931, 167/1000.
Terminated at swamp 0.5.
The last entry of errorHistory is 0.500397 for index 166932, 167/1000.
The last entry of errorHistory is 1.500000 for index 166933, 167/1000.
The last entry of errorHistory is 1.000000 for index 166934, 167/1000.
The last entry of errorHistory is 0.000034 for index 166935, 167/1000.
Terminated at swamp 0.5.
The last entry of errorHistory is 0.500386 for index 166936, 167/1000.
Terminated at swamp 1.
The last entry of errorHistory is 1.000344 for index 166937, 167/1000.
Terminated at swamp 0.5.
The last entry of errorHistory is 0.500638 for index 166938, 167/1000.
The last entry of errorHistory is 1.000000 for index 166939, 167/1000.
Terminated at swamp 0.5.
The last entry of errorHistory is 0.500345 for index 166940, 167/1000.
The last entry of errorHistory is 0.500000 for index 166941, 167/1000.
Terminated at swamp 1.
The last entry of errorHistory is 1.000417 for index 166942, 167/1000.
The last entry of errorHistory is 1.000000 for index 166943, 167/1000.
The last entry of errorHistory is 1.000000 for index 166944, 167/1000.
The last entry of errorHistory is 0.000011 for index 166945, 167/1000.
The last entry of errorHistory is 1.000000 for index 166946, 167/1000.
Terminated at swamp 0.5.
The last entry of errorHistory is 0.500046 for index 166947, 167/1000.
Terminated at swamp 0.5.
The last entry of errorHistory is 0.500137 for index 166948, 167/1000.
Terminated at swamp 0.5.
The last entry of errorHistory is 0.500829 for index 166949, 167/1000.
Terminated at swamp 1.
The last entry of errorHistory is 1.000000 for index 166950, 167/1000.
The last entry of errorHistory is 0.000025 for index 166951, 167/1000.
Terminated at swamp 1.
The last entry of errorHistory is 1.000106 for index 166952, 167/1000.
Terminated at swamp 0.5.
The last entry of errorHistory is 0.500531 for index 166953, 167/1000.
Terminated at swamp 0.5.
The last entry of errorHistory is 0.500336 for index 166954, 167/1000.
Terminated at swamp 1.
The last entry of errorHistory is 1.000007 for index 166955, 167/1000.
The last entry of errorHistory is 0.500000 for index 166956, 167/1000.
Terminated at swamp 0.5.
The last entry of errorHistory is 0.500460 for index 166957, 167/1000.
Terminated at swamp 0.5.
The last entry of errorHistory is 0.500928 for index 166958, 167/1000.
The last entry of errorHistory is 0.000016 for index 166959, 167/1000.
The last entry of errorHistory is 1.000000 for index 166960, 167/1000.
Terminated at swamp 0.5.
The last entry of errorHistory is 0.500006 for index 166961, 167/1000.
Terminated at swamp 0.5.
The last entry of errorHistory is 0.500531 for index 166962, 167/1000.
Terminated at swamp 0.5.
The last entry of errorHistory is 0.500460 for index 166963, 167/1000.
The last entry of errorHistory is 1.000000 for index 166964, 167/1000.
The last entry of errorHistory is 1.000000 for index 166965, 167/1000.
The last entry of errorHistory is 0.000041 for index 166966, 167/1000.
The last entry of errorHistory is 0.000012 for index 166967, 167/1000.
Terminated at swamp 0.5.
The last entry of errorHistory is 0.500237 for index 166968, 167/1000.
Terminated at swamp 0.5.
The last entry of errorHistory is 0.500000 for index 166969, 167/1000.
The last entry of errorHistory is 0.500000 for index 166970, 167/1000.
Terminated at swamp 0.5.
The last entry of errorHistory is 0.500880 for index 166971, 167/1000.
The last entry of errorHistory is 0.000013 for index 166972, 167/1000.
Terminated at swamp 0.5.
The last entry of errorHistory is 0.500593 for index 166973, 167/1000.
Terminated at swamp 0.5.
The last entry of errorHistory is 0.500625 for index 166974, 167/1000.
Terminated at swamp 0.5.
The last entry of errorHistory is 0.500392 for index 166975, 167/1000.
Terminated at swamp 1.
The last entry of errorHistory is 1.000630 for index 166976, 167/1000.
Terminated at swamp 0.5.
The last entry of errorHistory is 0.500588 for index 166977, 167/1000.
Terminated at swamp 0.5.
The last entry of errorHistory is 0.500974 for index 166978, 167/1000.
The last entry of errorHistory is 0.000022 for index 166979, 167/1000.
Terminated at swamp 1.
The last entry of errorHistory is 1.000002 for index 166980, 167/1000.
Terminated at swamp 0.5.
The last entry of errorHistory is 0.500397 for index 166981, 167/1000.
Terminated at swamp 0.5.
The last entry of errorHistory is 0.500285 for index 166982, 167/1000.
Terminated at swamp 1.
The last entry of errorHistory is 1.000000 for index 166983, 167/1000.
The last entry of errorHistory is 0.000771 for index 166984, 167/1000.
The last entry of errorHistory is 1.000000 for index 166985, 167/1000.
Terminated at swamp 1.
The last entry of errorHistory is 1.000266 for index 166986, 167/1000.
The last entry of errorHistory is 1.000000 for index 166987, 167/1000.
Terminated at swamp 0.5.
The last entry of errorHistory is 0.500571 for index 166988, 167/1000.
The last entry of errorHistory is 1.000000 for index 166989, 167/1000.
The last entry of errorHistory is 0.000015 for index 166990, 167/1000.
Terminated at swamp 0.5.
The last entry of errorHistory is 0.500632 for index 166991, 167/1000.
The last entry of errorHistory is 0.500000 for index 166992, 167/1000.
Terminated at swamp 0.5.
The last entry of errorHistory is 0.500638 for index 166993, 167/1000.
The last entry of errorHistory is 1.000000 for index 166994, 167/1000.
The last entry of errorHistory is 1.000000 for index 166995, 167/1000.
Terminated at swamp 0.5.
The last entry of errorHistory is 0.500485 for index 166996, 167/1000.
The last entry of errorHistory is 1.000000 for index 166997, 167/1000.
Terminated at swamp 0.5.
The last entry of errorHistory is 0.500370 for index 166998, 167/1000.
The last entry of errorHistory is 0.000029 for index 166999, 167/1000.
Terminated at swamp 0.5.
The last entry of errorHistory is 0.500524 for index 167000, 167/1000.
