
                            < M A T L A B (R) >
                  Copyright 1984-2018 The MathWorks, Inc.
                   R2018b (9.5.0.944444) 64-bit (glnxa64)
                              August 28, 2018

 
To get started, type doc.
For product information, visit www.mathworks.com.
 
Terminated at swamp 1.
The last entry of errorHistory is 0.999998 for index 176001, 177/1000.
Terminated at swamp 0.5.
The last entry of errorHistory is 0.500571 for index 176002, 177/1000.
The last entry of errorHistory is 0.000013 for index 176003, 177/1000.
Terminated at swamp 0.5.
The last entry of errorHistory is 0.500681 for index 176004, 177/1000.
Terminated at swamp 0.5.
The last entry of errorHistory is 0.500484 for index 176005, 177/1000.
Terminated at swamp 0.5.
The last entry of errorHistory is 0.500312 for index 176006, 177/1000.
Terminated at swamp 0.5.
The last entry of errorHistory is 0.500440 for index 176007, 177/1000.
Terminated at swamp 0.5.
The last entry of errorHistory is 0.500484 for index 176008, 177/1000.
Terminated at swamp 0.5.
The last entry of errorHistory is 0.500094 for index 176009, 177/1000.
Terminated at swamp 1.
The last entry of errorHistory is 1.000000 for index 176010, 177/1000.
The last entry of errorHistory is 1.000000 for index 176011, 177/1000.
Terminated at swamp 0.5.
The last entry of errorHistory is 0.500510 for index 176012, 177/1000.
Terminated at swamp 0.5.
The last entry of errorHistory is 0.500401 for index 176013, 177/1000.
Terminated at swamp 0.5.
The last entry of errorHistory is 0.500872 for index 176014, 177/1000.
Terminated at swamp 0.5.
The last entry of errorHistory is 0.500482 for index 176015, 177/1000.
Terminated at swamp 0.5.
The last entry of errorHistory is 0.500042 for index 176016, 177/1000.
Terminated at swamp 0.5.
The last entry of errorHistory is 0.500473 for index 176017, 177/1000.
Terminated at swamp 0.5.
The last entry of errorHistory is 0.500578 for index 176018, 177/1000.
Terminated at swamp 0.5.
The last entry of errorHistory is 0.500395 for index 176019, 177/1000.
Terminated at swamp 1.
The last entry of errorHistory is 1.000024 for index 176020, 177/1000.
The last entry of errorHistory is 0.000080 for index 176021, 177/1000.
The last entry of errorHistory is 1.000000 for index 176022, 177/1000.
Terminated at swamp 0.5.
The last entry of errorHistory is 0.500217 for index 176023, 177/1000.
Terminated at swamp 1.
The last entry of errorHistory is 1.000049 for index 176024, 177/1000.
Terminated at swamp 0.5.
The last entry of errorHistory is 0.500183 for index 176025, 177/1000.
Terminated at swamp 0.5.
The last entry of errorHistory is 0.500548 for index 176026, 177/1000.
Terminated at swamp 1.
The last entry of errorHistory is 1.000005 for index 176027, 177/1000.
Terminated at swamp 1.
The last entry of errorHistory is 1.000088 for index 176028, 177/1000.
Terminated at swamp 1.
The last entry of errorHistory is 1.000464 for index 176029, 177/1000.
Terminated at swamp 0.5.
The last entry of errorHistory is 0.500641 for index 176030, 177/1000.
The last entry of errorHistory is 0.500000 for index 176031, 177/1000.
The last entry of errorHistory is 0.000020 for index 176032, 177/1000.
Terminated at swamp 0.5.
The last entry of errorHistory is 0.500569 for index 176033, 177/1000.
The last entry of errorHistory is 0.000035 for index 176034, 177/1000.
The last entry of errorHistory is 0.000013 for index 176035, 177/1000.
The last entry of errorHistory is 0.000017 for index 176036, 177/1000.
Terminated at swamp 0.5.
The last entry of errorHistory is 0.500591 for index 176037, 177/1000.
Terminated at swamp 0.5.
The last entry of errorHistory is 0.500307 for index 176038, 177/1000.
Terminated at swamp 0.5.
The last entry of errorHistory is 0.500319 for index 176039, 177/1000.
Terminated at swamp 1.
The last entry of errorHistory is 1.000163 for index 176040, 177/1000.
Terminated at swamp 0.5.
The last entry of errorHistory is 0.500308 for index 176041, 177/1000.
Terminated at swamp 0.5.
The last entry of errorHistory is 0.500521 for index 176042, 177/1000.
Terminated at swamp 0.5.
The last entry of errorHistory is 0.500350 for index 176043, 177/1000.
Terminated at swamp 0.5.
The last entry of errorHistory is 0.500470 for index 176044, 177/1000.
Terminated at swamp 0.5.
The last entry of errorHistory is 0.500595 for index 176045, 177/1000.
Terminated at swamp 1.
The last entry of errorHistory is 1.000018 for index 176046, 177/1000.
The last entry of errorHistory is 1.000000 for index 176047, 177/1000.
The last entry of errorHistory is 1.000000 for index 176048, 177/1000.
Terminated at swamp 0.5.
The last entry of errorHistory is 0.500624 for index 176049, 177/1000.
The last entry of errorHistory is 1.000000 for index 176050, 177/1000.
Terminated at swamp 0.5.
The last entry of errorHistory is 0.500248 for index 176051, 177/1000.
Terminated at swamp 1.
The last entry of errorHistory is 1.000000 for index 176052, 177/1000.
Terminated at swamp 0.5.
The last entry of errorHistory is 0.500441 for index 176053, 177/1000.
The last entry of errorHistory is 0.000421 for index 176054, 177/1000.
Terminated at swamp 1.
The last entry of errorHistory is 1.000426 for index 176055, 177/1000.
The last entry of errorHistory is 1.000000 for index 176056, 177/1000.
Terminated at swamp 0.5.
The last entry of errorHistory is 0.500444 for index 176057, 177/1000.
Terminated at swamp 1.
The last entry of errorHistory is 1.000415 for index 176058, 177/1000.
Terminated at swamp 0.5.
The last entry of errorHistory is 0.500637 for index 176059, 177/1000.
Terminated at swamp 0.5.
The last entry of errorHistory is 0.500533 for index 176060, 177/1000.
The last entry of errorHistory is 0.000119 for index 176061, 177/1000.
The last entry of errorHistory is 0.500000 for index 176062, 177/1000.
The last entry of errorHistory is 0.000074 for index 176063, 177/1000.
Terminated at swamp 1.
The last entry of errorHistory is 1.000039 for index 176064, 177/1000.
Terminated at swamp 0.5.
The last entry of errorHistory is 0.500046 for index 176065, 177/1000.
The last entry of errorHistory is 1.000000 for index 176066, 177/1000.
The last entry of errorHistory is 1.000000 for index 176067, 177/1000.
Terminated at swamp 0.5.
The last entry of errorHistory is 0.500503 for index 176068, 177/1000.
The last entry of errorHistory is 1.000000 for index 176069, 177/1000.
Terminated at swamp 0.5.
The last entry of errorHistory is 0.500630 for index 176070, 177/1000.
Terminated at swamp 0.5.
The last entry of errorHistory is 0.500191 for index 176071, 177/1000.
Terminated at swamp 1.
The last entry of errorHistory is 1.000958 for index 176072, 177/1000.
The last entry of errorHistory is 1.000000 for index 176073, 177/1000.
Terminated at swamp 1.
The last entry of errorHistory is 1.000000 for index 176074, 177/1000.
The last entry of errorHistory is 0.000228 for index 176075, 177/1000.
Terminated at swamp 0.5.
The last entry of errorHistory is 0.500181 for index 176076, 177/1000.
Terminated at swamp 1.
The last entry of errorHistory is 1.000053 for index 176077, 177/1000.
Terminated at swamp 0.5.
The last entry of errorHistory is 0.500593 for index 176078, 177/1000.
Terminated at swamp 0.5.
The last entry of errorHistory is 0.500220 for index 176079, 177/1000.
Terminated at swamp 0.5.
The last entry of errorHistory is 0.500337 for index 176080, 177/1000.
Terminated at swamp 0.5.
The last entry of errorHistory is 0.500007 for index 176081, 177/1000.
Terminated at swamp 1.
The last entry of errorHistory is 1.000151 for index 176082, 177/1000.
Terminated at swamp 1.
The last entry of errorHistory is 1.000117 for index 176083, 177/1000.
The last entry of errorHistory is 0.000333 for index 176084, 177/1000.
The last entry of errorHistory is 1.000000 for index 176085, 177/1000.
Terminated at swamp 0.5.
The last entry of errorHistory is 0.500272 for index 176086, 177/1000.
The last entry of errorHistory is 0.000748 for index 176087, 177/1000.
The last entry of errorHistory is 1.000000 for index 176088, 177/1000.
The last entry of errorHistory is 0.000013 for index 176089, 177/1000.
Terminated at swamp 1.5.
The last entry of errorHistory is 1.500003 for index 176090, 177/1000.
Terminated at swamp 0.5.
The last entry of errorHistory is 0.500359 for index 176091, 177/1000.
Terminated at swamp 1.
The last entry of errorHistory is 1.000137 for index 176092, 177/1000.
The last entry of errorHistory is 1.000000 for index 176093, 177/1000.
Terminated at swamp 1.
The last entry of errorHistory is 1.000144 for index 176094, 177/1000.
Terminated at swamp 0.5.
The last entry of errorHistory is 0.500069 for index 176095, 177/1000.
Terminated at swamp 1.
The last entry of errorHistory is 1.000087 for index 176096, 177/1000.
Terminated at swamp 1.
The last entry of errorHistory is 1.000000 for index 176097, 177/1000.
Terminated at swamp 0.5.
The last entry of errorHistory is 0.500275 for index 176098, 177/1000.
Terminated at swamp 0.5.
The last entry of errorHistory is 0.500743 for index 176099, 177/1000.
Terminated at swamp 0.5.
The last entry of errorHistory is 0.500556 for index 176100, 177/1000.
Terminated at swamp 0.5.
The last entry of errorHistory is 0.500584 for index 176101, 177/1000.
The last entry of errorHistory is 0.000004 for index 176102, 177/1000.
The last entry of errorHistory is 1.000000 for index 176103, 177/1000.
Terminated at swamp 1.
The last entry of errorHistory is 1.000056 for index 176104, 177/1000.
The last entry of errorHistory is 1.000000 for index 176105, 177/1000.
Terminated at swamp 1.
The last entry of errorHistory is 1.000000 for index 176106, 177/1000.
Terminated at swamp 0.5.
The last entry of errorHistory is 0.500012 for index 176107, 177/1000.
Terminated at swamp 1.
The last entry of errorHistory is 1.000004 for index 176108, 177/1000.
The last entry of errorHistory is 1.000000 for index 176109, 177/1000.
The last entry of errorHistory is 0.001172 for index 176110, 177/1000.
Terminated at swamp 1.
The last entry of errorHistory is 1.000018 for index 176111, 177/1000.
The last entry of errorHistory is 1.000000 for index 176112, 177/1000.
Terminated at swamp 0.5.
The last entry of errorHistory is 0.500485 for index 176113, 177/1000.
Terminated at swamp 0.5.
The last entry of errorHistory is 0.500360 for index 176114, 177/1000.
The last entry of errorHistory is 1.000000 for index 176115, 177/1000.
Terminated at swamp 0.5.
The last entry of errorHistory is 0.500532 for index 176116, 177/1000.
The last entry of errorHistory is 0.000008 for index 176117, 177/1000.
The last entry of errorHistory is 0.000833 for index 176118, 177/1000.
The last entry of errorHistory is 0.500000 for index 176119, 177/1000.
The last entry of errorHistory is 1.000000 for index 176120, 177/1000.
Terminated at swamp 0.5.
The last entry of errorHistory is 0.500582 for index 176121, 177/1000.
Terminated at swamp 1.
The last entry of errorHistory is 1.000154 for index 176122, 177/1000.
Terminated at swamp 0.5.
The last entry of errorHistory is 0.500351 for index 176123, 177/1000.
Terminated at swamp 0.5.
The last entry of errorHistory is 0.500577 for index 176124, 177/1000.
The last entry of errorHistory is 0.001095 for index 176125, 177/1000.
Terminated at swamp 0.5.
The last entry of errorHistory is 0.500000 for index 176126, 177/1000.
Terminated at swamp 0.5.
The last entry of errorHistory is 0.500154 for index 176127, 177/1000.
Terminated at swamp 0.5.
The last entry of errorHistory is 0.500639 for index 176128, 177/1000.
The last entry of errorHistory is 0.500000 for index 176129, 177/1000.
Terminated at swamp 0.5.
The last entry of errorHistory is 0.500336 for index 176130, 177/1000.
Terminated at swamp 1.
The last entry of errorHistory is 1.000062 for index 176131, 177/1000.
Terminated at swamp 0.5.
The last entry of errorHistory is 0.500433 for index 176132, 177/1000.
Terminated at swamp 1.
The last entry of errorHistory is 1.000000 for index 176133, 177/1000.
The last entry of errorHistory is 0.000026 for index 176134, 177/1000.
Terminated at swamp 0.5.
The last entry of errorHistory is 0.500593 for index 176135, 177/1000.
Terminated at swamp 0.5.
The last entry of errorHistory is 0.500073 for index 176136, 177/1000.
The last entry of errorHistory is 1.000000 for index 176137, 177/1000.
The last entry of errorHistory is 0.000599 for index 176138, 177/1000.
The last entry of errorHistory is 1.000000 for index 176139, 177/1000.
Terminated at swamp 0.5.
The last entry of errorHistory is 0.500235 for index 176140, 177/1000.
The last entry of errorHistory is 1.000000 for index 176141, 177/1000.
Terminated at swamp 0.5.
The last entry of errorHistory is 0.500321 for index 176142, 177/1000.
Terminated at swamp 0.5.
The last entry of errorHistory is 0.500273 for index 176143, 177/1000.
Terminated at swamp 0.5.
The last entry of errorHistory is 0.500214 for index 176144, 177/1000.
Terminated at swamp 0.5.
The last entry of errorHistory is 0.500592 for index 176145, 177/1000.
Terminated at swamp 0.5.
The last entry of errorHistory is 0.500518 for index 176146, 177/1000.
Terminated at swamp 1.
The last entry of errorHistory is 1.000275 for index 176147, 177/1000.
The last entry of errorHistory is 0.000021 for index 176148, 177/1000.
The last entry of errorHistory is 0.000019 for index 176149, 177/1000.
Terminated at swamp 0.5.
The last entry of errorHistory is 0.500556 for index 176150, 177/1000.
The last entry of errorHistory is 1.000000 for index 176151, 177/1000.
Terminated at swamp 1.
The last entry of errorHistory is 1.000000 for index 176152, 177/1000.
Terminated at swamp 0.5.
The last entry of errorHistory is 0.500043 for index 176153, 177/1000.
Terminated at swamp 0.5.
The last entry of errorHistory is 0.500439 for index 176154, 177/1000.
The last entry of errorHistory is 0.000022 for index 176155, 177/1000.
The last entry of errorHistory is 0.000068 for index 176156, 177/1000.
The last entry of errorHistory is 1.500000 for index 176157, 177/1000.
Terminated at swamp 1.
The last entry of errorHistory is 1.000280 for index 176158, 177/1000.
Terminated at swamp 0.5.
The last entry of errorHistory is 0.500544 for index 176159, 177/1000.
The last entry of errorHistory is 0.001779 for index 176160, 177/1000.
Terminated at swamp 1.
The last entry of errorHistory is 1.000000 for index 176161, 177/1000.
Terminated at swamp 0.5.
The last entry of errorHistory is 0.500502 for index 176162, 177/1000.
Terminated at swamp 0.5.
The last entry of errorHistory is 0.500343 for index 176163, 177/1000.
The last entry of errorHistory is 1.000000 for index 176164, 177/1000.
The last entry of errorHistory is 1.000000 for index 176165, 177/1000.
Terminated at swamp 0.5.
The last entry of errorHistory is 0.500391 for index 176166, 177/1000.
The last entry of errorHistory is 0.001402 for index 176167, 177/1000.
Terminated at swamp 1.
The last entry of errorHistory is 1.000347 for index 176168, 177/1000.
The last entry of errorHistory is 1.000000 for index 176169, 177/1000.
The last entry of errorHistory is 0.000014 for index 176170, 177/1000.
The last entry of errorHistory is 0.003770 for index 176171, 177/1000.
Terminated at swamp 0.5.
The last entry of errorHistory is 0.500063 for index 176172, 177/1000.
Terminated at swamp 0.5.
The last entry of errorHistory is 0.500482 for index 176173, 177/1000.
The last entry of errorHistory is 0.500000 for index 176174, 177/1000.
Terminated at swamp 0.5.
The last entry of errorHistory is 0.500386 for index 176175, 177/1000.
The last entry of errorHistory is 1.000000 for index 176176, 177/1000.
The last entry of errorHistory is 0.000019 for index 176177, 177/1000.
The last entry of errorHistory is 1.000000 for index 176178, 177/1000.
Terminated at swamp 0.5.
The last entry of errorHistory is 0.500198 for index 176179, 177/1000.
The last entry of errorHistory is 1.000000 for index 176180, 177/1000.
Terminated at swamp 0.5.
The last entry of errorHistory is 0.500162 for index 176181, 177/1000.
Terminated at swamp 0.5.
The last entry of errorHistory is 0.500750 for index 176182, 177/1000.
The last entry of errorHistory is 0.500000 for index 176183, 177/1000.
Terminated at swamp 1.
The last entry of errorHistory is 1.000034 for index 176184, 177/1000.
Terminated at swamp 1.
The last entry of errorHistory is 1.000462 for index 176185, 177/1000.
Terminated at swamp 0.5.
The last entry of errorHistory is 0.500385 for index 176186, 177/1000.
The last entry of errorHistory is 0.500000 for index 176187, 177/1000.
The last entry of errorHistory is 1.000000 for index 176188, 177/1000.
The last entry of errorHistory is 1.000000 for index 176189, 177/1000.
Terminated at swamp 1.
The last entry of errorHistory is 1.000037 for index 176190, 177/1000.
The last entry of errorHistory is 0.000017 for index 176191, 177/1000.
Terminated at swamp 0.5.
The last entry of errorHistory is 0.500719 for index 176192, 177/1000.
Terminated at swamp 1.
The last entry of errorHistory is 1.000072 for index 176193, 177/1000.
Terminated at swamp 0.5.
The last entry of errorHistory is 0.500223 for index 176194, 177/1000.
Terminated at swamp 0.5.
The last entry of errorHistory is 0.500310 for index 176195, 177/1000.
The last entry of errorHistory is 0.000014 for index 176196, 177/1000.
Terminated at swamp 0.5.
The last entry of errorHistory is 0.500099 for index 176197, 177/1000.
Terminated at swamp 1.
The last entry of errorHistory is 1.000215 for index 176198, 177/1000.
The last entry of errorHistory is 1.000000 for index 176199, 177/1000.
Terminated at swamp 0.5.
The last entry of errorHistory is 0.500158 for index 176200, 177/1000.
Terminated at swamp 0.5.
The last entry of errorHistory is 0.500139 for index 176201, 177/1000.
The last entry of errorHistory is 1.000000 for index 176202, 177/1000.
Terminated at swamp 0.5.
The last entry of errorHistory is 0.500143 for index 176203, 177/1000.
Terminated at swamp 0.5.
The last entry of errorHistory is 0.500047 for index 176204, 177/1000.
Terminated at swamp 1.
The last entry of errorHistory is 1.000371 for index 176205, 177/1000.
Terminated at swamp 0.5.
The last entry of errorHistory is 0.500151 for index 176206, 177/1000.
Terminated at swamp 0.5.
The last entry of errorHistory is 0.500027 for index 176207, 177/1000.
Terminated at swamp 1.
The last entry of errorHistory is 1.000000 for index 176208, 177/1000.
Terminated at swamp 0.5.
The last entry of errorHistory is 0.500516 for index 176209, 177/1000.
Terminated at swamp 1.
The last entry of errorHistory is 1.000014 for index 176210, 177/1000.
Terminated at swamp 0.5.
The last entry of errorHistory is 0.500131 for index 176211, 177/1000.
Terminated at swamp 0.5.
The last entry of errorHistory is 0.500085 for index 176212, 177/1000.
The last entry of errorHistory is 1.000000 for index 176213, 177/1000.
Terminated at swamp 0.5.
The last entry of errorHistory is 0.500596 for index 176214, 177/1000.
Terminated at swamp 0.5.
The last entry of errorHistory is 0.500388 for index 176215, 177/1000.
Terminated at swamp 0.5.
The last entry of errorHistory is 0.500425 for index 176216, 177/1000.
Terminated at swamp 0.5.
The last entry of errorHistory is 0.500420 for index 176217, 177/1000.
Terminated at swamp 0.5.
The last entry of errorHistory is 0.500162 for index 176218, 177/1000.
The last entry of errorHistory is 0.000224 for index 176219, 177/1000.
The last entry of errorHistory is 0.000013 for index 176220, 177/1000.
The last entry of errorHistory is 0.000054 for index 176221, 177/1000.
Terminated at swamp 0.5.
The last entry of errorHistory is 0.500532 for index 176222, 177/1000.
Terminated at swamp 0.5.
The last entry of errorHistory is 0.500216 for index 176223, 177/1000.
The last entry of errorHistory is 1.000000 for index 176224, 177/1000.
Terminated at swamp 0.5.
The last entry of errorHistory is 0.500547 for index 176225, 177/1000.
Terminated at swamp 0.5.
The last entry of errorHistory is 0.500294 for index 176226, 177/1000.
The last entry of errorHistory is 0.000045 for index 176227, 177/1000.
Terminated at swamp 0.5.
The last entry of errorHistory is 0.500607 for index 176228, 177/1000.
Terminated at swamp 0.5.
The last entry of errorHistory is 0.500624 for index 176229, 177/1000.
The last entry of errorHistory is 1.000000 for index 176230, 177/1000.
Terminated at swamp 0.5.
The last entry of errorHistory is 0.500099 for index 176231, 177/1000.
Terminated at swamp 0.5.
The last entry of errorHistory is 0.500137 for index 176232, 177/1000.
Terminated at swamp 1.
The last entry of errorHistory is 1.000042 for index 176233, 177/1000.
The last entry of errorHistory is 0.000013 for index 176234, 177/1000.
The last entry of errorHistory is 1.000000 for index 176235, 177/1000.
Terminated at swamp 1.
The last entry of errorHistory is 1.000006 for index 176236, 177/1000.
Terminated at swamp 0.5.
The last entry of errorHistory is 0.500196 for index 176237, 177/1000.
Terminated at swamp 0.5.
The last entry of errorHistory is 0.500480 for index 176238, 177/1000.
Terminated at swamp 0.5.
The last entry of errorHistory is 0.500462 for index 176239, 177/1000.
Terminated at swamp 0.5.
The last entry of errorHistory is 0.500340 for index 176240, 177/1000.
The last entry of errorHistory is 1.000000 for index 176241, 177/1000.
Terminated at swamp 0.5.
The last entry of errorHistory is 0.500377 for index 176242, 177/1000.
The last entry of errorHistory is 1.000000 for index 176243, 177/1000.
Terminated at swamp 0.5.
The last entry of errorHistory is 0.500352 for index 176244, 177/1000.
Terminated at swamp 0.5.
The last entry of errorHistory is 0.500636 for index 176245, 177/1000.
Terminated at swamp 1.
The last entry of errorHistory is 1.000427 for index 176246, 177/1000.
The last entry of errorHistory is 1.500000 for index 176247, 177/1000.
Terminated at swamp 0.5.
The last entry of errorHistory is 0.500044 for index 176248, 177/1000.
Terminated at swamp 0.5.
The last entry of errorHistory is 0.500615 for index 176249, 177/1000.
Terminated at swamp 0.5.
The last entry of errorHistory is 0.500498 for index 176250, 177/1000.
The last entry of errorHistory is 1.000000 for index 176251, 177/1000.
Terminated at swamp 0.5.
The last entry of errorHistory is 0.500730 for index 176252, 177/1000.
Terminated at swamp 0.5.
The last entry of errorHistory is 0.500343 for index 176253, 177/1000.
Terminated at swamp 1.
The last entry of errorHistory is 1.000399 for index 176254, 177/1000.
Terminated at swamp 1.
The last entry of errorHistory is 1.000105 for index 176255, 177/1000.
Terminated at swamp 0.5.
The last entry of errorHistory is 0.500614 for index 176256, 177/1000.
Terminated at swamp 1.
The last entry of errorHistory is 1.000245 for index 176257, 177/1000.
The last entry of errorHistory is 1.000000 for index 176258, 177/1000.
The last entry of errorHistory is 1.000000 for index 176259, 177/1000.
The last entry of errorHistory is 0.000057 for index 176260, 177/1000.
Terminated at swamp 0.5.
The last entry of errorHistory is 0.500192 for index 176261, 177/1000.
The last entry of errorHistory is 0.500000 for index 176262, 177/1000.
The last entry of errorHistory is 1.000000 for index 176263, 177/1000.
Terminated at swamp 0.5.
The last entry of errorHistory is 0.500661 for index 176264, 177/1000.
The last entry of errorHistory is 1.000000 for index 176265, 177/1000.
Terminated at swamp 1.
The last entry of errorHistory is 1.000351 for index 176266, 177/1000.
Terminated at swamp 0.5.
The last entry of errorHistory is 0.500000 for index 176267, 177/1000.
Terminated at swamp 1.
The last entry of errorHistory is 1.000000 for index 176268, 177/1000.
Terminated at swamp 1.
The last entry of errorHistory is 1.000343 for index 176269, 177/1000.
The last entry of errorHistory is 0.000054 for index 176270, 177/1000.
Terminated at swamp 0.5.
The last entry of errorHistory is 0.500866 for index 176271, 177/1000.
Terminated at swamp 0.5.
The last entry of errorHistory is 0.500069 for index 176272, 177/1000.
Terminated at swamp 0.5.
The last entry of errorHistory is 0.500288 for index 176273, 177/1000.
Terminated at swamp 1.
The last entry of errorHistory is 1.000000 for index 176274, 177/1000.
Terminated at swamp 0.5.
The last entry of errorHistory is 0.500195 for index 176275, 177/1000.
The last entry of errorHistory is 1.000000 for index 176276, 177/1000.
The last entry of errorHistory is 0.000037 for index 176277, 177/1000.
Terminated at swamp 0.5.
The last entry of errorHistory is 0.500363 for index 176278, 177/1000.
Terminated at swamp 0.5.
The last entry of errorHistory is 0.500127 for index 176279, 177/1000.
Terminated at swamp 0.5.
The last entry of errorHistory is 0.500562 for index 176280, 177/1000.
The last entry of errorHistory is 0.000115 for index 176281, 177/1000.
Terminated at swamp 0.5.
The last entry of errorHistory is 0.500391 for index 176282, 177/1000.
Terminated at swamp 0.5.
The last entry of errorHistory is 0.500675 for index 176283, 177/1000.
Terminated at swamp 0.5.
The last entry of errorHistory is 0.499948 for index 176284, 177/1000.
The last entry of errorHistory is 0.000040 for index 176285, 177/1000.
Terminated at swamp 1.
The last entry of errorHistory is 1.000299 for index 176286, 177/1000.
Terminated at swamp 0.5.
The last entry of errorHistory is 0.500572 for index 176287, 177/1000.
The last entry of errorHistory is 1.000000 for index 176288, 177/1000.
Terminated at swamp 1.
The last entry of errorHistory is 1.000004 for index 176289, 177/1000.
Terminated at swamp 1.
The last entry of errorHistory is 1.000143 for index 176290, 177/1000.
Terminated at swamp 0.5.
The last entry of errorHistory is 0.500857 for index 176291, 177/1000.
Terminated at swamp 0.5.
The last entry of errorHistory is 0.500000 for index 176292, 177/1000.
Terminated at swamp 0.5.
The last entry of errorHistory is 0.500557 for index 176293, 177/1000.
Terminated at swamp 0.5.
The last entry of errorHistory is 0.500550 for index 176294, 177/1000.
The last entry of errorHistory is 1.500000 for index 176295, 177/1000.
Terminated at swamp 0.5.
The last entry of errorHistory is 0.500592 for index 176296, 177/1000.
Terminated at swamp 0.5.
The last entry of errorHistory is 0.500318 for index 176297, 177/1000.
Terminated at swamp 1.
The last entry of errorHistory is 1.000000 for index 176298, 177/1000.
The last entry of errorHistory is 1.000000 for index 176299, 177/1000.
Terminated at swamp 0.5.
The last entry of errorHistory is 0.500438 for index 176300, 177/1000.
The last entry of errorHistory is 0.000022 for index 176301, 177/1000.
The last entry of errorHistory is 1.000000 for index 176302, 177/1000.
The last entry of errorHistory is 1.000000 for index 176303, 177/1000.
Terminated at swamp 1.
The last entry of errorHistory is 1.000000 for index 176304, 177/1000.
Terminated at swamp 0.5.
The last entry of errorHistory is 0.500162 for index 176305, 177/1000.
The last entry of errorHistory is 1.000000 for index 176306, 177/1000.
Terminated at swamp 0.5.
The last entry of errorHistory is 0.500231 for index 176307, 177/1000.
Terminated at swamp 1.
The last entry of errorHistory is 1.000000 for index 176308, 177/1000.
Terminated at swamp 0.5.
The last entry of errorHistory is 0.500468 for index 176309, 177/1000.
The last entry of errorHistory is 1.500000 for index 176310, 177/1000.
The last entry of errorHistory is 0.500000 for index 176311, 177/1000.
Terminated at swamp 0.5.
The last entry of errorHistory is 0.500430 for index 176312, 177/1000.
The last entry of errorHistory is 0.000674 for index 176313, 177/1000.
The last entry of errorHistory is 1.000000 for index 176314, 177/1000.
Terminated at swamp 1.
The last entry of errorHistory is 1.000095 for index 176315, 177/1000.
Terminated at swamp 0.5.
The last entry of errorHistory is 0.500455 for index 176316, 177/1000.
The last entry of errorHistory is 0.000013 for index 176317, 177/1000.
Terminated at swamp 0.5.
The last entry of errorHistory is 0.500099 for index 176318, 177/1000.
Terminated at swamp 0.5.
The last entry of errorHistory is 0.500462 for index 176319, 177/1000.
The last entry of errorHistory is 0.000025 for index 176320, 177/1000.
Terminated at swamp 1.
The last entry of errorHistory is 1.000000 for index 176321, 177/1000.
Terminated at swamp 0.5.
The last entry of errorHistory is 0.500000 for index 176322, 177/1000.
The last entry of errorHistory is 1.000000 for index 176323, 177/1000.
Terminated at swamp 0.5.
The last entry of errorHistory is 0.500545 for index 176324, 177/1000.
Terminated at swamp 1.
The last entry of errorHistory is 1.000025 for index 176325, 177/1000.
The last entry of errorHistory is 0.000478 for index 176326, 177/1000.
Terminated at swamp 0.5.
The last entry of errorHistory is 0.499862 for index 176327, 177/1000.
Terminated at swamp 0.5.
The last entry of errorHistory is 0.500120 for index 176328, 177/1000.
Terminated at swamp 0.5.
The last entry of errorHistory is 0.500275 for index 176329, 177/1000.
The last entry of errorHistory is 1.000000 for index 176330, 177/1000.
Terminated at swamp 0.5.
The last entry of errorHistory is 0.500522 for index 176331, 177/1000.
Terminated at swamp 1.
The last entry of errorHistory is 1.000005 for index 176332, 177/1000.
The last entry of errorHistory is 0.500000 for index 176333, 177/1000.
Terminated at swamp 0.5.
The last entry of errorHistory is 0.500002 for index 176334, 177/1000.
The last entry of errorHistory is 0.500000 for index 176335, 177/1000.
The last entry of errorHistory is 0.000017 for index 176336, 177/1000.
The last entry of errorHistory is 0.000218 for index 176337, 177/1000.
Terminated at swamp 0.5.
The last entry of errorHistory is 0.500269 for index 176338, 177/1000.
Terminated at swamp 1.
The last entry of errorHistory is 1.000000 for index 176339, 177/1000.
Terminated at swamp 0.5.
The last entry of errorHistory is 0.500473 for index 176340, 177/1000.
Terminated at swamp 0.5.
The last entry of errorHistory is 0.500458 for index 176341, 177/1000.
The last entry of errorHistory is 1.000000 for index 176342, 177/1000.
Terminated at swamp 1.
The last entry of errorHistory is 1.000053 for index 176343, 177/1000.
The last entry of errorHistory is 0.000374 for index 176344, 177/1000.
The last entry of errorHistory is 1.000000 for index 176345, 177/1000.
Terminated at swamp 1.
The last entry of errorHistory is 1.000266 for index 176346, 177/1000.
Terminated at swamp 0.5.
The last entry of errorHistory is 0.500509 for index 176347, 177/1000.
Terminated at swamp 0.5.
The last entry of errorHistory is 0.500196 for index 176348, 177/1000.
Terminated at swamp 1.
The last entry of errorHistory is 1.000000 for index 176349, 177/1000.
The last entry of errorHistory is 0.000044 for index 176350, 177/1000.
The last entry of errorHistory is 1.000000 for index 176351, 177/1000.
The last entry of errorHistory is 1.000000 for index 176352, 177/1000.
The last entry of errorHistory is 1.000000 for index 176353, 177/1000.
Terminated at swamp 0.5.
The last entry of errorHistory is 0.500305 for index 176354, 177/1000.
The last entry of errorHistory is 0.500000 for index 176355, 177/1000.
Terminated at swamp 1.
The last entry of errorHistory is 1.000012 for index 176356, 177/1000.
Terminated at swamp 1.
The last entry of errorHistory is 1.000138 for index 176357, 177/1000.
Terminated at swamp 1.
The last entry of errorHistory is 1.000263 for index 176358, 177/1000.
Terminated at swamp 0.5.
The last entry of errorHistory is 0.500437 for index 176359, 177/1000.
The last entry of errorHistory is 0.000007 for index 176360, 177/1000.
The last entry of errorHistory is 0.500000 for index 176361, 177/1000.
The last entry of errorHistory is 1.500000 for index 176362, 177/1000.
Terminated at swamp 0.5.
The last entry of errorHistory is 0.500481 for index 176363, 177/1000.
Terminated at swamp 1.
The last entry of errorHistory is 1.000000 for index 176364, 177/1000.
The last entry of errorHistory is 1.000000 for index 176365, 177/1000.
The last entry of errorHistory is 0.000017 for index 176366, 177/1000.
The last entry of errorHistory is 1.000000 for index 176367, 177/1000.
The last entry of errorHistory is 0.000043 for index 176368, 177/1000.
The last entry of errorHistory is 0.000041 for index 176369, 177/1000.
The last entry of errorHistory is 1.000000 for index 176370, 177/1000.
Terminated at swamp 0.5.
The last entry of errorHistory is 0.500433 for index 176371, 177/1000.
Terminated at swamp 0.5.
The last entry of errorHistory is 0.500390 for index 176372, 177/1000.
Terminated at swamp 0.5.
The last entry of errorHistory is 0.500169 for index 176373, 177/1000.
Terminated at swamp 0.5.
The last entry of errorHistory is 0.500344 for index 176374, 177/1000.
Terminated at swamp 0.5.
The last entry of errorHistory is 0.500628 for index 176375, 177/1000.
Terminated at swamp 0.5.
The last entry of errorHistory is 0.500015 for index 176376, 177/1000.
The last entry of errorHistory is 1.000000 for index 176377, 177/1000.
Terminated at swamp 0.5.
The last entry of errorHistory is 0.500050 for index 176378, 177/1000.
The last entry of errorHistory is 1.000000 for index 176379, 177/1000.
Terminated at swamp 1.
The last entry of errorHistory is 1.000000 for index 176380, 177/1000.
The last entry of errorHistory is 1.000000 for index 176381, 177/1000.
Terminated at swamp 0.5.
The last entry of errorHistory is 0.500326 for index 176382, 177/1000.
Terminated at swamp 1.
The last entry of errorHistory is 1.000360 for index 176383, 177/1000.
The last entry of errorHistory is 0.000245 for index 176384, 177/1000.
Terminated at swamp 1.
The last entry of errorHistory is 1.000012 for index 176385, 177/1000.
Terminated at swamp 0.5.
The last entry of errorHistory is 0.500421 for index 176386, 177/1000.
Terminated at swamp 0.5.
The last entry of errorHistory is 0.500101 for index 176387, 177/1000.
Terminated at swamp 0.5.
The last entry of errorHistory is 0.500268 for index 176388, 177/1000.
Terminated at swamp 1.
The last entry of errorHistory is 1.000029 for index 176389, 177/1000.
Terminated at swamp 0.5.
The last entry of errorHistory is 0.500012 for index 176390, 177/1000.
The last entry of errorHistory is 1.000000 for index 176391, 177/1000.
Terminated at swamp 0.5.
The last entry of errorHistory is 0.500495 for index 176392, 177/1000.
The last entry of errorHistory is 0.000776 for index 176393, 177/1000.
Terminated at swamp 0.5.
The last entry of errorHistory is 0.500260 for index 176394, 177/1000.
Terminated at swamp 0.5.
The last entry of errorHistory is 0.500568 for index 176395, 177/1000.
Terminated at swamp 1.
The last entry of errorHistory is 1.000361 for index 176396, 177/1000.
The last entry of errorHistory is 1.000000 for index 176397, 177/1000.
The last entry of errorHistory is 1.000000 for index 176398, 177/1000.
Terminated at swamp 0.5.
The last entry of errorHistory is 0.500774 for index 176399, 177/1000.
The last entry of errorHistory is 1.000000 for index 176400, 177/1000.
The last entry of errorHistory is 1.000000 for index 176401, 177/1000.
Terminated at swamp 0.5.
The last entry of errorHistory is 0.500949 for index 176402, 177/1000.
The last entry of errorHistory is 1.000000 for index 176403, 177/1000.
Terminated at swamp 0.5.
The last entry of errorHistory is 0.500313 for index 176404, 177/1000.
The last entry of errorHistory is 1.000000 for index 176405, 177/1000.
Terminated at swamp 0.5.
The last entry of errorHistory is 0.500090 for index 176406, 177/1000.
Terminated at swamp 0.5.
The last entry of errorHistory is 0.500112 for index 176407, 177/1000.
The last entry of errorHistory is 1.000000 for index 176408, 177/1000.
Terminated at swamp 0.5.
The last entry of errorHistory is 0.499980 for index 176409, 177/1000.
The last entry of errorHistory is 1.000000 for index 176410, 177/1000.
The last entry of errorHistory is 1.000000 for index 176411, 177/1000.
Terminated at swamp 0.5.
The last entry of errorHistory is 0.500531 for index 176412, 177/1000.
The last entry of errorHistory is 1.000000 for index 176413, 177/1000.
Terminated at swamp 0.5.
The last entry of errorHistory is 0.500424 for index 176414, 177/1000.
The last entry of errorHistory is 0.500000 for index 176415, 177/1000.
Terminated at swamp 0.5.
The last entry of errorHistory is 0.500069 for index 176416, 177/1000.
The last entry of errorHistory is 1.000000 for index 176417, 177/1000.
The last entry of errorHistory is 0.000008 for index 176418, 177/1000.
Terminated at swamp 0.5.
The last entry of errorHistory is 0.500453 for index 176419, 177/1000.
Terminated at swamp 1.
The last entry of errorHistory is 1.000201 for index 176420, 177/1000.
The last entry of errorHistory is 0.000014 for index 176421, 177/1000.
The last entry of errorHistory is 1.000000 for index 176422, 177/1000.
The last entry of errorHistory is 1.000000 for index 176423, 177/1000.
The last entry of errorHistory is 1.000000 for index 176424, 177/1000.
The last entry of errorHistory is 1.000000 for index 176425, 177/1000.
Terminated at swamp 0.5.
The last entry of errorHistory is 0.500291 for index 176426, 177/1000.
Terminated at swamp 0.5.
The last entry of errorHistory is 0.500212 for index 176427, 177/1000.
Terminated at swamp 0.5.
The last entry of errorHistory is 0.500677 for index 176428, 177/1000.
Terminated at swamp 0.5.
The last entry of errorHistory is 0.500570 for index 176429, 177/1000.
Terminated at swamp 0.5.
The last entry of errorHistory is 0.500475 for index 176430, 177/1000.
The last entry of errorHistory is 0.500000 for index 176431, 177/1000.
Terminated at swamp 1.
The last entry of errorHistory is 1.000003 for index 176432, 177/1000.
Terminated at swamp 1.
The last entry of errorHistory is 1.000042 for index 176433, 177/1000.
The last entry of errorHistory is 1.000000 for index 176434, 177/1000.
Terminated at swamp 1.
The last entry of errorHistory is 1.000290 for index 176435, 177/1000.
The last entry of errorHistory is 0.000040 for index 176436, 177/1000.
The last entry of errorHistory is 1.000000 for index 176437, 177/1000.
Terminated at swamp 0.5.
The last entry of errorHistory is 0.500227 for index 176438, 177/1000.
Terminated at swamp 0.5.
The last entry of errorHistory is 0.500347 for index 176439, 177/1000.
Terminated at swamp 1.
The last entry of errorHistory is 1.000066 for index 176440, 177/1000.
The last entry of errorHistory is 1.000000 for index 176441, 177/1000.
Terminated at swamp 0.5.
The last entry of errorHistory is 0.500035 for index 176442, 177/1000.
Terminated at swamp 0.5.
The last entry of errorHistory is 0.500206 for index 176443, 177/1000.
The last entry of errorHistory is 1.000000 for index 176444, 177/1000.
Terminated at swamp 0.5.
The last entry of errorHistory is 0.500005 for index 176445, 177/1000.
Terminated at swamp 0.5.
The last entry of errorHistory is 0.500036 for index 176446, 177/1000.
The last entry of errorHistory is 1.000000 for index 176447, 177/1000.
The last entry of errorHistory is 1.000000 for index 176448, 177/1000.
Terminated at swamp 0.5.
The last entry of errorHistory is 0.500917 for index 176449, 177/1000.
Terminated at swamp 1.
The last entry of errorHistory is 1.000088 for index 176450, 177/1000.
Terminated at swamp 0.5.
The last entry of errorHistory is 0.500282 for index 176451, 177/1000.
Terminated at swamp 0.5.
The last entry of errorHistory is 0.500363 for index 176452, 177/1000.
Terminated at swamp 0.5.
The last entry of errorHistory is 0.500335 for index 176453, 177/1000.
Terminated at swamp 0.5.
The last entry of errorHistory is 0.500045 for index 176454, 177/1000.
Terminated at swamp 0.5.
The last entry of errorHistory is 0.500270 for index 176455, 177/1000.
The last entry of errorHistory is 0.500000 for index 176456, 177/1000.
Terminated at swamp 0.5.
The last entry of errorHistory is 0.500064 for index 176457, 177/1000.
Terminated at swamp 0.5.
The last entry of errorHistory is 0.500663 for index 176458, 177/1000.
The last entry of errorHistory is 0.000030 for index 176459, 177/1000.
The last entry of errorHistory is 0.500000 for index 176460, 177/1000.
The last entry of errorHistory is 0.000020 for index 176461, 177/1000.
Terminated at swamp 0.5.
The last entry of errorHistory is 0.500376 for index 176462, 177/1000.
Terminated at swamp 0.5.
The last entry of errorHistory is 0.500533 for index 176463, 177/1000.
Terminated at swamp 0.5.
The last entry of errorHistory is 0.500047 for index 176464, 177/1000.
The last entry of errorHistory is 1.000000 for index 176465, 177/1000.
Terminated at swamp 0.5.
The last entry of errorHistory is 0.500731 for index 176466, 177/1000.
Terminated at swamp 0.5.
The last entry of errorHistory is 0.500134 for index 176467, 177/1000.
Terminated at swamp 0.5.
The last entry of errorHistory is 0.500371 for index 176468, 177/1000.
The last entry of errorHistory is 1.000000 for index 176469, 177/1000.
Terminated at swamp 0.5.
The last entry of errorHistory is 0.500523 for index 176470, 177/1000.
Terminated at swamp 0.5.
The last entry of errorHistory is 0.500169 for index 176471, 177/1000.
Terminated at swamp 0.5.
The last entry of errorHistory is 0.500065 for index 176472, 177/1000.
Terminated at swamp 0.5.
The last entry of errorHistory is 0.500430 for index 176473, 177/1000.
The last entry of errorHistory is 0.000011 for index 176474, 177/1000.
The last entry of errorHistory is 0.000015 for index 176475, 177/1000.
Terminated at swamp 0.5.
The last entry of errorHistory is 0.500067 for index 176476, 177/1000.
Terminated at swamp 0.5.
The last entry of errorHistory is 0.500547 for index 176477, 177/1000.
The last entry of errorHistory is 1.000000 for index 176478, 177/1000.
The last entry of errorHistory is 1.000000 for index 176479, 177/1000.
Terminated at swamp 0.5.
The last entry of errorHistory is 0.500146 for index 176480, 177/1000.
The last entry of errorHistory is 1.000000 for index 176481, 177/1000.
Terminated at swamp 0.5.
The last entry of errorHistory is 0.500388 for index 176482, 177/1000.
The last entry of errorHistory is 0.000043 for index 176483, 177/1000.
The last entry of errorHistory is 0.000589 for index 176484, 177/1000.
Terminated at swamp 0.5.
The last entry of errorHistory is 0.500399 for index 176485, 177/1000.
Terminated at swamp 1.
The last entry of errorHistory is 1.000000 for index 176486, 177/1000.
Terminated at swamp 0.5.
The last entry of errorHistory is 0.500426 for index 176487, 177/1000.
Terminated at swamp 0.5.
The last entry of errorHistory is 0.500522 for index 176488, 177/1000.
Terminated at swamp 0.5.
The last entry of errorHistory is 0.500424 for index 176489, 177/1000.
The last entry of errorHistory is 1.000000 for index 176490, 177/1000.
The last entry of errorHistory is 1.000000 for index 176491, 177/1000.
The last entry of errorHistory is 0.000013 for index 176492, 177/1000.
Terminated at swamp 0.5.
The last entry of errorHistory is 0.500570 for index 176493, 177/1000.
Terminated at swamp 1.
The last entry of errorHistory is 1.000000 for index 176494, 177/1000.
The last entry of errorHistory is 1.000000 for index 176495, 177/1000.
The last entry of errorHistory is 0.500000 for index 176496, 177/1000.
Terminated at swamp 0.5.
The last entry of errorHistory is 0.500399 for index 176497, 177/1000.
The last entry of errorHistory is 1.500000 for index 176498, 177/1000.
Terminated at swamp 0.5.
The last entry of errorHistory is 0.500344 for index 176499, 177/1000.
The last entry of errorHistory is 1.000000 for index 176500, 177/1000.
The last entry of errorHistory is 0.000054 for index 176501, 177/1000.
The last entry of errorHistory is 1.000000 for index 176502, 177/1000.
Terminated at swamp 0.5.
The last entry of errorHistory is 0.500446 for index 176503, 177/1000.
Terminated at swamp 0.5.
The last entry of errorHistory is 0.500436 for index 176504, 177/1000.
The last entry of errorHistory is 0.000057 for index 176505, 177/1000.
Terminated at swamp 0.5.
The last entry of errorHistory is 0.500004 for index 176506, 177/1000.
Terminated at swamp 1.
The last entry of errorHistory is 1.000143 for index 176507, 177/1000.
Terminated at swamp 0.5.
The last entry of errorHistory is 0.500378 for index 176508, 177/1000.
The last entry of errorHistory is 1.000000 for index 176509, 177/1000.
Terminated at swamp 0.5.
The last entry of errorHistory is 0.500430 for index 176510, 177/1000.
The last entry of errorHistory is 1.000000 for index 176511, 177/1000.
The last entry of errorHistory is 0.000013 for index 176512, 177/1000.
Terminated at swamp 0.5.
The last entry of errorHistory is 0.500561 for index 176513, 177/1000.
Terminated at swamp 0.5.
The last entry of errorHistory is 0.500461 for index 176514, 177/1000.
Terminated at swamp 1.
The last entry of errorHistory is 1.000000 for index 176515, 177/1000.
Terminated at swamp 0.5.
The last entry of errorHistory is 0.500092 for index 176516, 177/1000.
Terminated at swamp 0.5.
The last entry of errorHistory is 0.500627 for index 176517, 177/1000.
The last entry of errorHistory is 1.000000 for index 176518, 177/1000.
The last entry of errorHistory is 0.000202 for index 176519, 177/1000.
The last entry of errorHistory is 1.000000 for index 176520, 177/1000.
Terminated at swamp 1.
The last entry of errorHistory is 1.000002 for index 176521, 177/1000.
Terminated at swamp 0.5.
The last entry of errorHistory is 0.500666 for index 176522, 177/1000.
The last entry of errorHistory is 1.500000 for index 176523, 177/1000.
Terminated at swamp 0.5.
The last entry of errorHistory is 0.500395 for index 176524, 177/1000.
Terminated at swamp 0.5.
The last entry of errorHistory is 0.500005 for index 176525, 177/1000.
Terminated at swamp 0.5.
The last entry of errorHistory is 0.500224 for index 176526, 177/1000.
Terminated at swamp 0.5.
The last entry of errorHistory is 0.500596 for index 176527, 177/1000.
The last entry of errorHistory is 0.002250 for index 176528, 177/1000.
Terminated at swamp 0.5.
The last entry of errorHistory is 0.500431 for index 176529, 177/1000.
The last entry of errorHistory is 1.000000 for index 176530, 177/1000.
The last entry of errorHistory is 0.000015 for index 176531, 177/1000.
The last entry of errorHistory is 0.000013 for index 176532, 177/1000.
Terminated at swamp 0.5.
The last entry of errorHistory is 0.500580 for index 176533, 177/1000.
The last entry of errorHistory is 1.000000 for index 176534, 177/1000.
The last entry of errorHistory is 1.000000 for index 176535, 177/1000.
The last entry of errorHistory is 1.500000 for index 176536, 177/1000.
The last entry of errorHistory is 1.000000 for index 176537, 177/1000.
The last entry of errorHistory is 0.000061 for index 176538, 177/1000.
Terminated at swamp 0.5.
The last entry of errorHistory is 0.500251 for index 176539, 177/1000.
Terminated at swamp 0.5.
The last entry of errorHistory is 0.500459 for index 176540, 177/1000.
Terminated at swamp 0.5.
The last entry of errorHistory is 0.500561 for index 176541, 177/1000.
The last entry of errorHistory is 0.000018 for index 176542, 177/1000.
The last entry of errorHistory is 1.000000 for index 176543, 177/1000.
The last entry of errorHistory is 0.000010 for index 176544, 177/1000.
Terminated at swamp 0.5.
The last entry of errorHistory is 0.500001 for index 176545, 177/1000.
The last entry of errorHistory is 1.000000 for index 176546, 177/1000.
Terminated at swamp 0.5.
The last entry of errorHistory is 0.500225 for index 176547, 177/1000.
Terminated at swamp 0.5.
The last entry of errorHistory is 0.500251 for index 176548, 177/1000.
The last entry of errorHistory is 1.000000 for index 176549, 177/1000.
Terminated at swamp 1.
The last entry of errorHistory is 1.000223 for index 176550, 177/1000.
Terminated at swamp 0.5.
The last entry of errorHistory is 0.500000 for index 176551, 177/1000.
The last entry of errorHistory is 0.000015 for index 176552, 177/1000.
Terminated at swamp 1.
The last entry of errorHistory is 1.000039 for index 176553, 177/1000.
Terminated at swamp 1.
The last entry of errorHistory is 1.000000 for index 176554, 177/1000.
Terminated at swamp 0.5.
The last entry of errorHistory is 0.500460 for index 176555, 177/1000.
The last entry of errorHistory is 1.000000 for index 176556, 177/1000.
The last entry of errorHistory is 1.000000 for index 176557, 177/1000.
Terminated at swamp 0.5.
The last entry of errorHistory is 0.500424 for index 176558, 177/1000.
The last entry of errorHistory is 1.000000 for index 176559, 177/1000.
The last entry of errorHistory is 0.000021 for index 176560, 177/1000.
Terminated at swamp 0.5.
The last entry of errorHistory is 0.500315 for index 176561, 177/1000.
Terminated at swamp 0.5.
The last entry of errorHistory is 0.500908 for index 176562, 177/1000.
The last entry of errorHistory is 1.000000 for index 176563, 177/1000.
Terminated at swamp 0.5.
The last entry of errorHistory is 0.500286 for index 176564, 177/1000.
Terminated at swamp 1.
The last entry of errorHistory is 1.000016 for index 176565, 177/1000.
Terminated at swamp 0.5.
The last entry of errorHistory is 0.500402 for index 176566, 177/1000.
Terminated at swamp 1.
The last entry of errorHistory is 1.000311 for index 176567, 177/1000.
The last entry of errorHistory is 1.500000 for index 176568, 177/1000.
Terminated at swamp 1.
The last entry of errorHistory is 1.000000 for index 176569, 177/1000.
The last entry of errorHistory is 1.000000 for index 176570, 177/1000.
Terminated at swamp 0.5.
The last entry of errorHistory is 0.500648 for index 176571, 177/1000.
The last entry of errorHistory is 0.000047 for index 176572, 177/1000.
Terminated at swamp 0.5.
The last entry of errorHistory is 0.499852 for index 176573, 177/1000.
Terminated at swamp 0.5.
The last entry of errorHistory is 0.500125 for index 176574, 177/1000.
Terminated at swamp 0.5.
The last entry of errorHistory is 0.500592 for index 176575, 177/1000.
Terminated at swamp 0.5.
The last entry of errorHistory is 0.500003 for index 176576, 177/1000.
Terminated at swamp 0.5.
The last entry of errorHistory is 0.500863 for index 176577, 177/1000.
Terminated at swamp 0.5.
The last entry of errorHistory is 0.500282 for index 176578, 177/1000.
Terminated at swamp 1.
The last entry of errorHistory is 1.000054 for index 176579, 177/1000.
Terminated at swamp 0.5.
The last entry of errorHistory is 0.500049 for index 176580, 177/1000.
Terminated at swamp 0.5.
The last entry of errorHistory is 0.500350 for index 176581, 177/1000.
Terminated at swamp 1.
The last entry of errorHistory is 1.000030 for index 176582, 177/1000.
Terminated at swamp 0.5.
The last entry of errorHistory is 0.500313 for index 176583, 177/1000.
The last entry of errorHistory is 1.000000 for index 176584, 177/1000.
Terminated at swamp 0.5.
The last entry of errorHistory is 0.500002 for index 176585, 177/1000.
Terminated at swamp 0.5.
The last entry of errorHistory is 0.500384 for index 176586, 177/1000.
The last entry of errorHistory is 0.500000 for index 176587, 177/1000.
Terminated at swamp 0.5.
The last entry of errorHistory is 0.500562 for index 176588, 177/1000.
Terminated at swamp 0.5.
The last entry of errorHistory is 0.500544 for index 176589, 177/1000.
The last entry of errorHistory is 0.500000 for index 176590, 177/1000.
Terminated at swamp 0.5.
The last entry of errorHistory is 0.500444 for index 176591, 177/1000.
The last entry of errorHistory is 0.000014 for index 176592, 177/1000.
Terminated at swamp 0.5.
The last entry of errorHistory is 0.500429 for index 176593, 177/1000.
The last entry of errorHistory is 0.500000 for index 176594, 177/1000.
The last entry of errorHistory is 0.000617 for index 176595, 177/1000.
Terminated at swamp 0.5.
The last entry of errorHistory is 0.500025 for index 176596, 177/1000.
The last entry of errorHistory is 1.500000 for index 176597, 177/1000.
The last entry of errorHistory is 0.000015 for index 176598, 177/1000.
Terminated at swamp 1.
The last entry of errorHistory is 1.000571 for index 176599, 177/1000.
Terminated at swamp 0.5.
The last entry of errorHistory is 0.500353 for index 176600, 177/1000.
The last entry of errorHistory is 0.000172 for index 176601, 177/1000.
The last entry of errorHistory is 1.000000 for index 176602, 177/1000.
Terminated at swamp 0.5.
The last entry of errorHistory is 0.500386 for index 176603, 177/1000.
The last entry of errorHistory is 0.000374 for index 176604, 177/1000.
Terminated at swamp 1.
The last entry of errorHistory is 1.000168 for index 176605, 177/1000.
The last entry of errorHistory is 0.500000 for index 176606, 177/1000.
Terminated at swamp 0.5.
The last entry of errorHistory is 0.500376 for index 176607, 177/1000.
The last entry of errorHistory is 1.000000 for index 176608, 177/1000.
The last entry of errorHistory is 0.000022 for index 176609, 177/1000.
Terminated at swamp 0.5.
The last entry of errorHistory is 0.500601 for index 176610, 177/1000.
Terminated at swamp 0.5.
The last entry of errorHistory is 0.500566 for index 176611, 177/1000.
Terminated at swamp 0.5.
The last entry of errorHistory is 0.500493 for index 176612, 177/1000.
The last entry of errorHistory is 0.000064 for index 176613, 177/1000.
Terminated at swamp 1.
The last entry of errorHistory is 1.000028 for index 176614, 177/1000.
Terminated at swamp 0.5.
The last entry of errorHistory is 0.500655 for index 176615, 177/1000.
The last entry of errorHistory is 0.000866 for index 176616, 177/1000.
Terminated at swamp 0.5.
The last entry of errorHistory is 0.500085 for index 176617, 177/1000.
Terminated at swamp 0.5.
The last entry of errorHistory is 0.500154 for index 176618, 177/1000.
Terminated at swamp 0.5.
The last entry of errorHistory is 0.500576 for index 176619, 177/1000.
Terminated at swamp 0.5.
The last entry of errorHistory is 0.500743 for index 176620, 177/1000.
The last entry of errorHistory is 0.000188 for index 176621, 177/1000.
The last entry of errorHistory is 0.500000 for index 176622, 177/1000.
Terminated at swamp 0.5.
The last entry of errorHistory is 0.500234 for index 176623, 177/1000.
Terminated at swamp 1.
The last entry of errorHistory is 1.000197 for index 176624, 177/1000.
The last entry of errorHistory is 1.000000 for index 176625, 177/1000.
The last entry of errorHistory is 0.500000 for index 176626, 177/1000.
Terminated at swamp 1.
The last entry of errorHistory is 1.000003 for index 176627, 177/1000.
The last entry of errorHistory is 0.000022 for index 176628, 177/1000.
The last entry of errorHistory is 0.000129 for index 176629, 177/1000.
Terminated at swamp 0.5.
The last entry of errorHistory is 0.500401 for index 176630, 177/1000.
The last entry of errorHistory is 1.000000 for index 176631, 177/1000.
Terminated at swamp 0.5.
The last entry of errorHistory is 0.500206 for index 176632, 177/1000.
Terminated at swamp 0.5.
The last entry of errorHistory is 0.500303 for index 176633, 177/1000.
The last entry of errorHistory is 1.000000 for index 176634, 177/1000.
The last entry of errorHistory is 1.000000 for index 176635, 177/1000.
The last entry of errorHistory is 1.000000 for index 176636, 177/1000.
Terminated at swamp 0.5.
The last entry of errorHistory is 0.500628 for index 176637, 177/1000.
Terminated at swamp 0.5.
The last entry of errorHistory is 0.500157 for index 176638, 177/1000.
Terminated at swamp 0.5.
The last entry of errorHistory is 0.500315 for index 176639, 177/1000.
Terminated at swamp 0.5.
The last entry of errorHistory is 0.500549 for index 176640, 177/1000.
Terminated at swamp 0.5.
The last entry of errorHistory is 0.500228 for index 176641, 177/1000.
Terminated at swamp 0.5.
The last entry of errorHistory is 0.500533 for index 176642, 177/1000.
Terminated at swamp 0.5.
The last entry of errorHistory is 0.500223 for index 176643, 177/1000.
The last entry of errorHistory is 0.000007 for index 176644, 177/1000.
Terminated at swamp 0.5.
The last entry of errorHistory is 0.500578 for index 176645, 177/1000.
The last entry of errorHistory is 1.000000 for index 176646, 177/1000.
The last entry of errorHistory is 0.000021 for index 176647, 177/1000.
Terminated at swamp 0.5.
The last entry of errorHistory is 0.500676 for index 176648, 177/1000.
Terminated at swamp 0.5.
The last entry of errorHistory is 0.500090 for index 176649, 177/1000.
Terminated at swamp 0.5.
The last entry of errorHistory is 0.500492 for index 176650, 177/1000.
The last entry of errorHistory is 0.000054 for index 176651, 177/1000.
Terminated at swamp 0.5.
The last entry of errorHistory is 0.500087 for index 176652, 177/1000.
Terminated at swamp 0.5.
The last entry of errorHistory is 0.500016 for index 176653, 177/1000.
Terminated at swamp 0.5.
The last entry of errorHistory is 0.500046 for index 176654, 177/1000.
The last entry of errorHistory is 1.000000 for index 176655, 177/1000.
Terminated at swamp 0.5.
The last entry of errorHistory is 0.500654 for index 176656, 177/1000.
Terminated at swamp 0.5.
The last entry of errorHistory is 0.500376 for index 176657, 177/1000.
Terminated at swamp 0.5.
The last entry of errorHistory is 0.500492 for index 176658, 177/1000.
Terminated at swamp 0.5.
The last entry of errorHistory is 0.500037 for index 176659, 177/1000.
Terminated at swamp 1.
The last entry of errorHistory is 1.000283 for index 176660, 177/1000.
Terminated at swamp 0.5.
The last entry of errorHistory is 0.500081 for index 176661, 177/1000.
Terminated at swamp 0.5.
The last entry of errorHistory is 0.500429 for index 176662, 177/1000.
Terminated at swamp 0.5.
The last entry of errorHistory is 0.500466 for index 176663, 177/1000.
Terminated at swamp 0.5.
The last entry of errorHistory is 0.500535 for index 176664, 177/1000.
Terminated at swamp 1.
The last entry of errorHistory is 1.000001 for index 176665, 177/1000.
Terminated at swamp 0.5.
The last entry of errorHistory is 0.500649 for index 176666, 177/1000.
Terminated at swamp 0.5.
The last entry of errorHistory is 0.500605 for index 176667, 177/1000.
The last entry of errorHistory is 0.000350 for index 176668, 177/1000.
The last entry of errorHistory is 1.000000 for index 176669, 177/1000.
Terminated at swamp 0.5.
The last entry of errorHistory is 0.500467 for index 176670, 177/1000.
Terminated at swamp 0.5.
The last entry of errorHistory is 0.500307 for index 176671, 177/1000.
Terminated at swamp 0.5.
The last entry of errorHistory is 0.500417 for index 176672, 177/1000.
Terminated at swamp 0.5.
The last entry of errorHistory is 0.500567 for index 176673, 177/1000.
Terminated at swamp 0.5.
The last entry of errorHistory is 0.500006 for index 176674, 177/1000.
Terminated at swamp 0.5.
The last entry of errorHistory is 0.500523 for index 176675, 177/1000.
Terminated at swamp 0.5.
The last entry of errorHistory is 0.500257 for index 176676, 177/1000.
The last entry of errorHistory is 1.000000 for index 176677, 177/1000.
Terminated at swamp 0.5.
The last entry of errorHistory is 0.500294 for index 176678, 177/1000.
Terminated at swamp 0.5.
The last entry of errorHistory is 0.500412 for index 176679, 177/1000.
Terminated at swamp 1.
The last entry of errorHistory is 1.000482 for index 176680, 177/1000.
The last entry of errorHistory is 1.000000 for index 176681, 177/1000.
Terminated at swamp 1.
The last entry of errorHistory is 1.000294 for index 176682, 177/1000.
Terminated at swamp 0.5.
The last entry of errorHistory is 0.500501 for index 176683, 177/1000.
Terminated at swamp 0.5.
The last entry of errorHistory is 0.500356 for index 176684, 177/1000.
Terminated at swamp 0.5.
The last entry of errorHistory is 0.500109 for index 176685, 177/1000.
Terminated at swamp 1.
The last entry of errorHistory is 1.000409 for index 176686, 177/1000.
Terminated at swamp 0.5.
The last entry of errorHistory is 0.500305 for index 176687, 177/1000.
The last entry of errorHistory is 0.500000 for index 176688, 177/1000.
Terminated at swamp 0.5.
The last entry of errorHistory is 0.500392 for index 176689, 177/1000.
Terminated at swamp 0.5.
The last entry of errorHistory is 0.500109 for index 176690, 177/1000.
The last entry of errorHistory is 0.000010 for index 176691, 177/1000.
Terminated at swamp 1.
The last entry of errorHistory is 1.000509 for index 176692, 177/1000.
The last entry of errorHistory is 0.000022 for index 176693, 177/1000.
The last entry of errorHistory is 1.000000 for index 176694, 177/1000.
Terminated at swamp 1.
The last entry of errorHistory is 1.000399 for index 176695, 177/1000.
The last entry of errorHistory is 0.000009 for index 176696, 177/1000.
Terminated at swamp 0.5.
The last entry of errorHistory is 0.500093 for index 176697, 177/1000.
The last entry of errorHistory is 1.000000 for index 176698, 177/1000.
Terminated at swamp 0.5.
The last entry of errorHistory is 0.500596 for index 176699, 177/1000.
The last entry of errorHistory is 1.000000 for index 176700, 177/1000.
Terminated at swamp 0.5.
The last entry of errorHistory is 0.500641 for index 176701, 177/1000.
Terminated at swamp 0.5.
The last entry of errorHistory is 0.500484 for index 176702, 177/1000.
The last entry of errorHistory is 1.000000 for index 176703, 177/1000.
The last entry of errorHistory is 0.000013 for index 176704, 177/1000.
Terminated at swamp 0.5.
The last entry of errorHistory is 0.500414 for index 176705, 177/1000.
Terminated at swamp 0.5.
The last entry of errorHistory is 0.500200 for index 176706, 177/1000.
Terminated at swamp 0.5.
The last entry of errorHistory is 0.500247 for index 176707, 177/1000.
The last entry of errorHistory is 0.001277 for index 176708, 177/1000.
The last entry of errorHistory is 1.000000 for index 176709, 177/1000.
Terminated at swamp 1.
The last entry of errorHistory is 0.999995 for index 176710, 177/1000.
Terminated at swamp 0.5.
The last entry of errorHistory is 0.500591 for index 176711, 177/1000.
Terminated at swamp 0.5.
The last entry of errorHistory is 0.500000 for index 176712, 177/1000.
Terminated at swamp 1.
The last entry of errorHistory is 1.000132 for index 176713, 177/1000.
Terminated at swamp 0.5.
The last entry of errorHistory is 0.500395 for index 176714, 177/1000.
The last entry of errorHistory is 0.500000 for index 176715, 177/1000.
The last entry of errorHistory is 0.500000 for index 176716, 177/1000.
Terminated at swamp 0.5.
The last entry of errorHistory is 0.500258 for index 176717, 177/1000.
Terminated at swamp 0.5.
The last entry of errorHistory is 0.500335 for index 176718, 177/1000.
The last entry of errorHistory is 0.000883 for index 176719, 177/1000.
Terminated at swamp 1.
The last entry of errorHistory is 1.000000 for index 176720, 177/1000.
The last entry of errorHistory is 0.001642 for index 176721, 177/1000.
Terminated at swamp 0.5.
The last entry of errorHistory is 0.500000 for index 176722, 177/1000.
The last entry of errorHistory is 0.000021 for index 176723, 177/1000.
Terminated at swamp 0.5.
The last entry of errorHistory is 0.500842 for index 176724, 177/1000.
The last entry of errorHistory is 0.500000 for index 176725, 177/1000.
Terminated at swamp 0.5.
The last entry of errorHistory is 0.500779 for index 176726, 177/1000.
Terminated at swamp 0.5.
The last entry of errorHistory is 0.500007 for index 176727, 177/1000.
Terminated at swamp 0.5.
The last entry of errorHistory is 0.500521 for index 176728, 177/1000.
Terminated at swamp 0.5.
The last entry of errorHistory is 0.500531 for index 176729, 177/1000.
Terminated at swamp 0.5.
The last entry of errorHistory is 0.500471 for index 176730, 177/1000.
Terminated at swamp 1.
The last entry of errorHistory is 1.000001 for index 176731, 177/1000.
Terminated at swamp 0.5.
The last entry of errorHistory is 0.500540 for index 176732, 177/1000.
Terminated at swamp 1.
The last entry of errorHistory is 1.000002 for index 176733, 177/1000.
Terminated at swamp 1.
The last entry of errorHistory is 1.000191 for index 176734, 177/1000.
The last entry of errorHistory is 1.000000 for index 176735, 177/1000.
The last entry of errorHistory is 1.500000 for index 176736, 177/1000.
Terminated at swamp 0.5.
The last entry of errorHistory is 0.500130 for index 176737, 177/1000.
The last entry of errorHistory is 1.000000 for index 176738, 177/1000.
Terminated at swamp 1.
The last entry of errorHistory is 1.000395 for index 176739, 177/1000.
Terminated at swamp 0.5.
The last entry of errorHistory is 0.500139 for index 176740, 177/1000.
The last entry of errorHistory is 0.500000 for index 176741, 177/1000.
Terminated at swamp 0.5.
The last entry of errorHistory is 0.500001 for index 176742, 177/1000.
Terminated at swamp 1.
The last entry of errorHistory is 0.999999 for index 176743, 177/1000.
Terminated at swamp 0.5.
The last entry of errorHistory is 0.500300 for index 176744, 177/1000.
The last entry of errorHistory is 0.000110 for index 176745, 177/1000.
Terminated at swamp 0.5.
The last entry of errorHistory is 0.500000 for index 176746, 177/1000.
Terminated at swamp 1.
The last entry of errorHistory is 1.000000 for index 176747, 177/1000.
The last entry of errorHistory is 0.000027 for index 176748, 177/1000.
The last entry of errorHistory is 1.000000 for index 176749, 177/1000.
Terminated at swamp 1.
The last entry of errorHistory is 1.000017 for index 176750, 177/1000.
Terminated at swamp 0.5.
The last entry of errorHistory is 0.500104 for index 176751, 177/1000.
Terminated at swamp 0.5.
The last entry of errorHistory is 0.500446 for index 176752, 177/1000.
The last entry of errorHistory is 1.000000 for index 176753, 177/1000.
The last entry of errorHistory is 1.000000 for index 176754, 177/1000.
The last entry of errorHistory is 0.500000 for index 176755, 177/1000.
Terminated at swamp 0.5.
The last entry of errorHistory is 0.500332 for index 176756, 177/1000.
Terminated at swamp 0.5.
The last entry of errorHistory is 0.500482 for index 176757, 177/1000.
The last entry of errorHistory is 1.000000 for index 176758, 177/1000.
Terminated at swamp 1.
The last entry of errorHistory is 1.000001 for index 176759, 177/1000.
Terminated at swamp 1.
The last entry of errorHistory is 0.999917 for index 176760, 177/1000.
Terminated at swamp 0.5.
The last entry of errorHistory is 0.500070 for index 176761, 177/1000.
Terminated at swamp 0.5.
The last entry of errorHistory is 0.500048 for index 176762, 177/1000.
Terminated at swamp 0.5.
The last entry of errorHistory is 0.500551 for index 176763, 177/1000.
Terminated at swamp 1.
The last entry of errorHistory is 1.000142 for index 176764, 177/1000.
Terminated at swamp 1.
The last entry of errorHistory is 1.000046 for index 176765, 177/1000.
The last entry of errorHistory is 1.000000 for index 176766, 177/1000.
The last entry of errorHistory is 1.000000 for index 176767, 177/1000.
Terminated at swamp 0.5.
The last entry of errorHistory is 0.500079 for index 176768, 177/1000.
Terminated at swamp 0.5.
The last entry of errorHistory is 0.500427 for index 176769, 177/1000.
Terminated at swamp 0.5.
The last entry of errorHistory is 0.500402 for index 176770, 177/1000.
Terminated at swamp 0.5.
The last entry of errorHistory is 0.500639 for index 176771, 177/1000.
Terminated at swamp 1.
The last entry of errorHistory is 1.000065 for index 176772, 177/1000.
Terminated at swamp 0.5.
The last entry of errorHistory is 0.500450 for index 176773, 177/1000.
The last entry of errorHistory is 0.000049 for index 176774, 177/1000.
Terminated at swamp 0.5.
The last entry of errorHistory is 0.500927 for index 176775, 177/1000.
Terminated at swamp 0.5.
The last entry of errorHistory is 0.500498 for index 176776, 177/1000.
Terminated at swamp 0.5.
The last entry of errorHistory is 0.500594 for index 176777, 177/1000.
Terminated at swamp 0.5.
The last entry of errorHistory is 0.500727 for index 176778, 177/1000.
Terminated at swamp 0.5.
The last entry of errorHistory is 0.500366 for index 176779, 177/1000.
Terminated at swamp 0.5.
The last entry of errorHistory is 0.500055 for index 176780, 177/1000.
Terminated at swamp 0.5.
The last entry of errorHistory is 0.500082 for index 176781, 177/1000.
Terminated at swamp 0.5.
The last entry of errorHistory is 0.500017 for index 176782, 177/1000.
Terminated at swamp 0.5.
The last entry of errorHistory is 0.500357 for index 176783, 177/1000.
Terminated at swamp 0.5.
The last entry of errorHistory is 0.500119 for index 176784, 177/1000.
The last entry of errorHistory is 1.000000 for index 176785, 177/1000.
The last entry of errorHistory is 1.500000 for index 176786, 177/1000.
Terminated at swamp 0.5.
The last entry of errorHistory is 0.500426 for index 176787, 177/1000.
Terminated at swamp 1.
The last entry of errorHistory is 1.000363 for index 176788, 177/1000.
Terminated at swamp 1.
The last entry of errorHistory is 1.000001 for index 176789, 177/1000.
Terminated at swamp 0.5.
The last entry of errorHistory is 0.500347 for index 176790, 177/1000.
Terminated at swamp 0.5.
The last entry of errorHistory is 0.500616 for index 176791, 177/1000.
Terminated at swamp 0.5.
The last entry of errorHistory is 0.500041 for index 176792, 177/1000.
The last entry of errorHistory is 1.500000 for index 176793, 177/1000.
Terminated at swamp 0.5.
The last entry of errorHistory is 0.500581 for index 176794, 177/1000.
The last entry of errorHistory is 1.500000 for index 176795, 177/1000.
Terminated at swamp 1.
The last entry of errorHistory is 1.000638 for index 176796, 177/1000.
Terminated at swamp 1.
The last entry of errorHistory is 1.000155 for index 176797, 177/1000.
The last entry of errorHistory is 0.500000 for index 176798, 177/1000.
Terminated at swamp 0.5.
The last entry of errorHistory is 0.500065 for index 176799, 177/1000.
Terminated at swamp 0.5.
The last entry of errorHistory is 0.500000 for index 176800, 177/1000.
Terminated at swamp 0.5.
The last entry of errorHistory is 0.500571 for index 176801, 177/1000.
Terminated at swamp 1.
The last entry of errorHistory is 1.000000 for index 176802, 177/1000.
Terminated at swamp 0.5.
The last entry of errorHistory is 0.500401 for index 176803, 177/1000.
Terminated at swamp 0.5.
The last entry of errorHistory is 0.500043 for index 176804, 177/1000.
Terminated at swamp 0.5.
The last entry of errorHistory is 0.500648 for index 176805, 177/1000.
Terminated at swamp 0.5.
The last entry of errorHistory is 0.500554 for index 176806, 177/1000.
The last entry of errorHistory is 0.000534 for index 176807, 177/1000.
Terminated at swamp 1.
The last entry of errorHistory is 1.000007 for index 176808, 177/1000.
The last entry of errorHistory is 1.000000 for index 176809, 177/1000.
Terminated at swamp 1.
The last entry of errorHistory is 1.000003 for index 176810, 177/1000.
Terminated at swamp 0.5.
The last entry of errorHistory is 0.500073 for index 176811, 177/1000.
The last entry of errorHistory is 0.000060 for index 176812, 177/1000.
The last entry of errorHistory is 0.000012 for index 176813, 177/1000.
Terminated at swamp 0.5.
The last entry of errorHistory is 0.500354 for index 176814, 177/1000.
The last entry of errorHistory is 0.000031 for index 176815, 177/1000.
Terminated at swamp 0.5.
The last entry of errorHistory is 0.500680 for index 176816, 177/1000.
Terminated at swamp 0.5.
The last entry of errorHistory is 0.500446 for index 176817, 177/1000.
Terminated at swamp 0.5.
The last entry of errorHistory is 0.500516 for index 176818, 177/1000.
The last entry of errorHistory is 0.000020 for index 176819, 177/1000.
The last entry of errorHistory is 0.000010 for index 176820, 177/1000.
Terminated at swamp 0.5.
The last entry of errorHistory is 0.500493 for index 176821, 177/1000.
Terminated at swamp 0.5.
The last entry of errorHistory is 0.500646 for index 176822, 177/1000.
Terminated at swamp 0.5.
The last entry of errorHistory is 0.500439 for index 176823, 177/1000.
Terminated at swamp 0.5.
The last entry of errorHistory is 0.500045 for index 176824, 177/1000.
The last entry of errorHistory is 1.000000 for index 176825, 177/1000.
The last entry of errorHistory is 0.500000 for index 176826, 177/1000.
The last entry of errorHistory is 0.000031 for index 176827, 177/1000.
Terminated at swamp 0.5.
The last entry of errorHistory is 0.500001 for index 176828, 177/1000.
Terminated at swamp 0.5.
The last entry of errorHistory is 0.500071 for index 176829, 177/1000.
Terminated at swamp 0.5.
The last entry of errorHistory is 0.500405 for index 176830, 177/1000.
The last entry of errorHistory is 0.000037 for index 176831, 177/1000.
The last entry of errorHistory is 0.500000 for index 176832, 177/1000.
Terminated at swamp 0.5.
The last entry of errorHistory is 0.500027 for index 176833, 177/1000.
The last entry of errorHistory is 1.000000 for index 176834, 177/1000.
The last entry of errorHistory is 1.000000 for index 176835, 177/1000.
Terminated at swamp 0.5.
The last entry of errorHistory is 0.500022 for index 176836, 177/1000.
Terminated at swamp 0.5.
The last entry of errorHistory is 0.500439 for index 176837, 177/1000.
Terminated at swamp 0.5.
The last entry of errorHistory is 0.500000 for index 176838, 177/1000.
Terminated at swamp 0.5.
The last entry of errorHistory is 0.500521 for index 176839, 177/1000.
Terminated at swamp 1.
The last entry of errorHistory is 1.000424 for index 176840, 177/1000.
Terminated at swamp 0.5.
The last entry of errorHistory is 0.500086 for index 176841, 177/1000.
Terminated at swamp 0.5.
The last entry of errorHistory is 0.500420 for index 176842, 177/1000.
The last entry of errorHistory is 0.000016 for index 176843, 177/1000.
Terminated at swamp 0.5.
The last entry of errorHistory is 0.500196 for index 176844, 177/1000.
The last entry of errorHistory is 0.000018 for index 176845, 177/1000.
The last entry of errorHistory is 1.000000 for index 176846, 177/1000.
Terminated at swamp 0.5.
The last entry of errorHistory is 0.500416 for index 176847, 177/1000.
Terminated at swamp 1.
The last entry of errorHistory is 1.000004 for index 176848, 177/1000.
Terminated at swamp 0.5.
The last entry of errorHistory is 0.500590 for index 176849, 177/1000.
Terminated at swamp 0.5.
The last entry of errorHistory is 0.500666 for index 176850, 177/1000.
The last entry of errorHistory is 0.000098 for index 176851, 177/1000.
Terminated at swamp 0.5.
The last entry of errorHistory is 0.500387 for index 176852, 177/1000.
Terminated at swamp 0.5.
The last entry of errorHistory is 0.500369 for index 176853, 177/1000.
The last entry of errorHistory is 0.500000 for index 176854, 177/1000.
Terminated at swamp 0.5.
The last entry of errorHistory is 0.500457 for index 176855, 177/1000.
The last entry of errorHistory is 1.500000 for index 176856, 177/1000.
Terminated at swamp 0.5.
The last entry of errorHistory is 0.500652 for index 176857, 177/1000.
Terminated at swamp 0.5.
The last entry of errorHistory is 0.500744 for index 176858, 177/1000.
Terminated at swamp 0.5.
The last entry of errorHistory is 0.500621 for index 176859, 177/1000.
The last entry of errorHistory is 1.000000 for index 176860, 177/1000.
Terminated at swamp 0.5.
The last entry of errorHistory is 0.500762 for index 176861, 177/1000.
Terminated at swamp 1.
The last entry of errorHistory is 1.000002 for index 176862, 177/1000.
Terminated at swamp 0.5.
The last entry of errorHistory is 0.500889 for index 176863, 177/1000.
Terminated at swamp 0.5.
The last entry of errorHistory is 0.500629 for index 176864, 177/1000.
Terminated at swamp 0.5.
The last entry of errorHistory is 0.500627 for index 176865, 177/1000.
Terminated at swamp 1.
The last entry of errorHistory is 1.000007 for index 176866, 177/1000.
The last entry of errorHistory is 1.000000 for index 176867, 177/1000.
Terminated at swamp 0.5.
The last entry of errorHistory is 0.500723 for index 176868, 177/1000.
Terminated at swamp 0.5.
The last entry of errorHistory is 0.500312 for index 176869, 177/1000.
Terminated at swamp 0.5.
The last entry of errorHistory is 0.500606 for index 176870, 177/1000.
Terminated at swamp 0.5.
The last entry of errorHistory is 0.500525 for index 176871, 177/1000.
Terminated at swamp 1.
The last entry of errorHistory is 1.000523 for index 176872, 177/1000.
The last entry of errorHistory is 0.001369 for index 176873, 177/1000.
Terminated at swamp 1.
The last entry of errorHistory is 1.000036 for index 176874, 177/1000.
Terminated at swamp 0.5.
The last entry of errorHistory is 0.500436 for index 176875, 177/1000.
Terminated at swamp 1.
The last entry of errorHistory is 1.000346 for index 176876, 177/1000.
Terminated at swamp 0.5.
The last entry of errorHistory is 0.500272 for index 176877, 177/1000.
Terminated at swamp 0.5.
The last entry of errorHistory is 0.500491 for index 176878, 177/1000.
The last entry of errorHistory is 1.000000 for index 176879, 177/1000.
Terminated at swamp 0.5.
The last entry of errorHistory is 0.500211 for index 176880, 177/1000.
The last entry of errorHistory is 1.500000 for index 176881, 177/1000.
Terminated at swamp 0.5.
The last entry of errorHistory is 0.500613 for index 176882, 177/1000.
Terminated at swamp 0.5.
The last entry of errorHistory is 0.500678 for index 176883, 177/1000.
The last entry of errorHistory is 1.000000 for index 176884, 177/1000.
Terminated at swamp 1.
The last entry of errorHistory is 1.000162 for index 176885, 177/1000.
Terminated at swamp 1.
The last entry of errorHistory is 1.000152 for index 176886, 177/1000.
The last entry of errorHistory is 0.000047 for index 176887, 177/1000.
The last entry of errorHistory is 0.500000 for index 176888, 177/1000.
Terminated at swamp 0.5.
The last entry of errorHistory is 0.500638 for index 176889, 177/1000.
Terminated at swamp 0.5.
The last entry of errorHistory is 0.500415 for index 176890, 177/1000.
Terminated at swamp 0.5.
The last entry of errorHistory is 0.500029 for index 176891, 177/1000.
The last entry of errorHistory is 1.500000 for index 176892, 177/1000.
Terminated at swamp 0.5.
The last entry of errorHistory is 0.500373 for index 176893, 177/1000.
Terminated at swamp 0.5.
The last entry of errorHistory is 0.500241 for index 176894, 177/1000.
Terminated at swamp 0.5.
The last entry of errorHistory is 0.500235 for index 176895, 177/1000.
The last entry of errorHistory is 0.000029 for index 176896, 177/1000.
Terminated at swamp 0.5.
The last entry of errorHistory is 0.500510 for index 176897, 177/1000.
Terminated at swamp 0.5.
The last entry of errorHistory is 0.500290 for index 176898, 177/1000.
Terminated at swamp 1.
The last entry of errorHistory is 1.000281 for index 176899, 177/1000.
The last entry of errorHistory is 1.000000 for index 176900, 177/1000.
The last entry of errorHistory is 0.000015 for index 176901, 177/1000.
Terminated at swamp 0.5.
The last entry of errorHistory is 0.500264 for index 176902, 177/1000.
The last entry of errorHistory is 1.000000 for index 176903, 177/1000.
Terminated at swamp 1.
The last entry of errorHistory is 1.000000 for index 176904, 177/1000.
The last entry of errorHistory is 1.000000 for index 176905, 177/1000.
Terminated at swamp 0.5.
The last entry of errorHistory is 0.500510 for index 176906, 177/1000.
Terminated at swamp 0.5.
The last entry of errorHistory is 0.500432 for index 176907, 177/1000.
The last entry of errorHistory is 1.000000 for index 176908, 177/1000.
Terminated at swamp 0.5.
The last entry of errorHistory is 0.500118 for index 176909, 177/1000.
Terminated at swamp 0.5.
The last entry of errorHistory is 0.500920 for index 176910, 177/1000.
Terminated at swamp 0.5.
The last entry of errorHistory is 0.500290 for index 176911, 177/1000.
Terminated at swamp 1.
The last entry of errorHistory is 1.000019 for index 176912, 177/1000.
Terminated at swamp 0.5.
The last entry of errorHistory is 0.500118 for index 176913, 177/1000.
Terminated at swamp 1.
The last entry of errorHistory is 1.000000 for index 176914, 177/1000.
Terminated at swamp 0.5.
The last entry of errorHistory is 0.500455 for index 176915, 177/1000.
Terminated at swamp 0.5.
The last entry of errorHistory is 0.500417 for index 176916, 177/1000.
Terminated at swamp 0.5.
The last entry of errorHistory is 0.500385 for index 176917, 177/1000.
Terminated at swamp 0.5.
The last entry of errorHistory is 0.500513 for index 176918, 177/1000.
The last entry of errorHistory is 1.500000 for index 176919, 177/1000.
Terminated at swamp 0.5.
The last entry of errorHistory is 0.500583 for index 176920, 177/1000.
Terminated at swamp 0.5.
The last entry of errorHistory is 0.500733 for index 176921, 177/1000.
Terminated at swamp 1.
The last entry of errorHistory is 1.000000 for index 176922, 177/1000.
Terminated at swamp 0.5.
The last entry of errorHistory is 0.500428 for index 176923, 177/1000.
Terminated at swamp 0.5.
The last entry of errorHistory is 0.500183 for index 176924, 177/1000.
Terminated at swamp 0.5.
The last entry of errorHistory is 0.500878 for index 176925, 177/1000.
Terminated at swamp 0.5.
The last entry of errorHistory is 0.500538 for index 176926, 177/1000.
The last entry of errorHistory is 1.000000 for index 176927, 177/1000.
The last entry of errorHistory is 1.000000 for index 176928, 177/1000.
Terminated at swamp 0.5.
The last entry of errorHistory is 0.500435 for index 176929, 177/1000.
Terminated at swamp 0.5.
The last entry of errorHistory is 0.500561 for index 176930, 177/1000.
The last entry of errorHistory is 0.500000 for index 176931, 177/1000.
Terminated at swamp 1.
The last entry of errorHistory is 1.000035 for index 176932, 177/1000.
The last entry of errorHistory is 1.000000 for index 176933, 177/1000.
Terminated at swamp 0.5.
The last entry of errorHistory is 0.500017 for index 176934, 177/1000.
Terminated at swamp 1.
The last entry of errorHistory is 1.000007 for index 176935, 177/1000.
Terminated at swamp 0.5.
The last entry of errorHistory is 0.500299 for index 176936, 177/1000.
Terminated at swamp 0.5.
The last entry of errorHistory is 0.500682 for index 176937, 177/1000.
Terminated at swamp 0.5.
The last entry of errorHistory is 0.500268 for index 176938, 177/1000.
Terminated at swamp 0.5.
The last entry of errorHistory is 0.500403 for index 176939, 177/1000.
The last entry of errorHistory is 0.000444 for index 176940, 177/1000.
Terminated at swamp 0.5.
The last entry of errorHistory is 0.500667 for index 176941, 177/1000.
The last entry of errorHistory is 0.500000 for index 176942, 177/1000.
The last entry of errorHistory is 1.000000 for index 176943, 177/1000.
Terminated at swamp 1.
The last entry of errorHistory is 1.000115 for index 176944, 177/1000.
Terminated at swamp 1.
The last entry of errorHistory is 1.000107 for index 176945, 177/1000.
Terminated at swamp 1.
The last entry of errorHistory is 1.000037 for index 176946, 177/1000.
Terminated at swamp 0.5.
The last entry of errorHistory is 0.500387 for index 176947, 177/1000.
Terminated at swamp 0.5.
The last entry of errorHistory is 0.500426 for index 176948, 177/1000.
The last entry of errorHistory is 1.500000 for index 176949, 177/1000.
Terminated at swamp 0.5.
The last entry of errorHistory is 0.500469 for index 176950, 177/1000.
Terminated at swamp 1.
The last entry of errorHistory is 1.000558 for index 176951, 177/1000.
The last entry of errorHistory is 1.000000 for index 176952, 177/1000.
The last entry of errorHistory is 0.500000 for index 176953, 177/1000.
Terminated at swamp 0.5.
The last entry of errorHistory is 0.500350 for index 176954, 177/1000.
The last entry of errorHistory is 1.500000 for index 176955, 177/1000.
Terminated at swamp 0.5.
The last entry of errorHistory is 0.500030 for index 176956, 177/1000.
Terminated at swamp 1.
The last entry of errorHistory is 1.000901 for index 176957, 177/1000.
Terminated at swamp 0.5.
The last entry of errorHistory is 0.500016 for index 176958, 177/1000.
Terminated at swamp 0.5.
The last entry of errorHistory is 0.500701 for index 176959, 177/1000.
Terminated at swamp 1.
The last entry of errorHistory is 1.000177 for index 176960, 177/1000.
Terminated at swamp 0.5.
The last entry of errorHistory is 0.500710 for index 176961, 177/1000.
Terminated at swamp 0.5.
The last entry of errorHistory is 0.500376 for index 176962, 177/1000.
Terminated at swamp 0.5.
The last entry of errorHistory is 0.500486 for index 176963, 177/1000.
Terminated at swamp 0.5.
The last entry of errorHistory is 0.500023 for index 176964, 177/1000.
Terminated at swamp 1.
The last entry of errorHistory is 1.000257 for index 176965, 177/1000.
The last entry of errorHistory is 0.000024 for index 176966, 177/1000.
The last entry of errorHistory is 0.500000 for index 176967, 177/1000.
Terminated at swamp 0.5.
The last entry of errorHistory is 0.500374 for index 176968, 177/1000.
Terminated at swamp 0.5.
The last entry of errorHistory is 0.500496 for index 176969, 177/1000.
Terminated at swamp 0.5.
The last entry of errorHistory is 0.500128 for index 176970, 177/1000.
Terminated at swamp 0.5.
The last entry of errorHistory is 0.500427 for index 176971, 177/1000.
Terminated at swamp 1.
The last entry of errorHistory is 1.000202 for index 176972, 177/1000.
Terminated at swamp 1.
The last entry of errorHistory is 1.000284 for index 176973, 177/1000.
Terminated at swamp 1.
The last entry of errorHistory is 1.000406 for index 176974, 177/1000.
Terminated at swamp 0.5.
The last entry of errorHistory is 0.500226 for index 176975, 177/1000.
Terminated at swamp 0.5.
The last entry of errorHistory is 0.500491 for index 176976, 177/1000.
Terminated at swamp 1.
The last entry of errorHistory is 1.000208 for index 176977, 177/1000.
Terminated at swamp 0.5.
The last entry of errorHistory is 0.500405 for index 176978, 177/1000.
Terminated at swamp 0.5.
The last entry of errorHistory is 0.500541 for index 176979, 177/1000.
The last entry of errorHistory is 0.000213 for index 176980, 177/1000.
Terminated at swamp 0.5.
The last entry of errorHistory is 0.500521 for index 176981, 177/1000.
The last entry of errorHistory is 0.000023 for index 176982, 177/1000.
Terminated at swamp 0.5.
The last entry of errorHistory is 0.500312 for index 176983, 177/1000.
The last entry of errorHistory is 1.000000 for index 176984, 177/1000.
Terminated at swamp 0.5.
The last entry of errorHistory is 0.500454 for index 176985, 177/1000.
The last entry of errorHistory is 0.001104 for index 176986, 177/1000.
Terminated at swamp 0.5.
The last entry of errorHistory is 0.500018 for index 176987, 177/1000.
Terminated at swamp 0.5.
The last entry of errorHistory is 0.500469 for index 176988, 177/1000.
The last entry of errorHistory is 0.000052 for index 176989, 177/1000.
Terminated at swamp 0.5.
The last entry of errorHistory is 0.500636 for index 176990, 177/1000.
Terminated at swamp 1.
The last entry of errorHistory is 0.999714 for index 176991, 177/1000.
Terminated at swamp 0.5.
The last entry of errorHistory is 0.500490 for index 176992, 177/1000.
Terminated at swamp 0.5.
The last entry of errorHistory is 0.500009 for index 176993, 177/1000.
Terminated at swamp 0.5.
The last entry of errorHistory is 0.500475 for index 176994, 177/1000.
Terminated at swamp 0.5.
The last entry of errorHistory is 0.500485 for index 176995, 177/1000.
Terminated at swamp 0.5.
The last entry of errorHistory is 0.500215 for index 176996, 177/1000.
Terminated at swamp 1.
The last entry of errorHistory is 1.000277 for index 176997, 177/1000.
The last entry of errorHistory is 1.000000 for index 176998, 177/1000.
Terminated at swamp 0.5.
The last entry of errorHistory is 0.500517 for index 176999, 177/1000.
The last entry of errorHistory is 1.000000 for index 177000, 177/1000.
