
                            < M A T L A B (R) >
                  Copyright 1984-2018 The MathWorks, Inc.
                   R2018b (9.5.0.944444) 64-bit (glnxa64)
                              August 28, 2018

 
To get started, type doc.
For product information, visit www.mathworks.com.
 
The last entry of errorHistory is 0.000023 for index 182001, 183/1000.
Terminated at swamp 1.
The last entry of errorHistory is 1.000061 for index 182002, 183/1000.
The last entry of errorHistory is 1.000000 for index 182003, 183/1000.
Terminated at swamp 1.
The last entry of errorHistory is 1.000093 for index 182004, 183/1000.
Terminated at swamp 0.5.
The last entry of errorHistory is 0.500278 for index 182005, 183/1000.
The last entry of errorHistory is 0.500000 for index 182006, 183/1000.
The last entry of errorHistory is 0.000015 for index 182007, 183/1000.
Terminated at swamp 1.
The last entry of errorHistory is 1.000011 for index 182008, 183/1000.
Terminated at swamp 0.5.
The last entry of errorHistory is 0.500053 for index 182009, 183/1000.
Terminated at swamp 0.5.
The last entry of errorHistory is 0.500607 for index 182010, 183/1000.
The last entry of errorHistory is 1.500000 for index 182011, 183/1000.
Terminated at swamp 1.
The last entry of errorHistory is 1.000094 for index 182012, 183/1000.
Terminated at swamp 0.5.
The last entry of errorHistory is 0.500765 for index 182013, 183/1000.
The last entry of errorHistory is 0.000008 for index 182014, 183/1000.
Terminated at swamp 0.5.
The last entry of errorHistory is 0.500617 for index 182015, 183/1000.
The last entry of errorHistory is 0.000895 for index 182016, 183/1000.
The last entry of errorHistory is 0.000354 for index 182017, 183/1000.
Terminated at swamp 0.5.
The last entry of errorHistory is 0.500108 for index 182018, 183/1000.
Terminated at swamp 0.5.
The last entry of errorHistory is 0.500389 for index 182019, 183/1000.
The last entry of errorHistory is 1.000000 for index 182020, 183/1000.
The last entry of errorHistory is 0.000047 for index 182021, 183/1000.
Terminated at swamp 0.5.
The last entry of errorHistory is 0.500191 for index 182022, 183/1000.
The last entry of errorHistory is 1.000000 for index 182023, 183/1000.
Terminated at swamp 0.5.
The last entry of errorHistory is 0.500569 for index 182024, 183/1000.
Terminated at swamp 0.5.
The last entry of errorHistory is 0.500684 for index 182025, 183/1000.
Terminated at swamp 0.5.
The last entry of errorHistory is 0.500162 for index 182026, 183/1000.
Terminated at swamp 1.5.
The last entry of errorHistory is 1.499255 for index 182027, 183/1000.
Terminated at swamp 0.5.
The last entry of errorHistory is 0.500004 for index 182028, 183/1000.
Terminated at swamp 1.
The last entry of errorHistory is 1.000001 for index 182029, 183/1000.
Terminated at swamp 0.5.
The last entry of errorHistory is 0.500129 for index 182030, 183/1000.
Terminated at swamp 1.
The last entry of errorHistory is 1.000397 for index 182031, 183/1000.
The last entry of errorHistory is 1.500000 for index 182032, 183/1000.
Terminated at swamp 1.
The last entry of errorHistory is 1.000156 for index 182033, 183/1000.
The last entry of errorHistory is 1.000000 for index 182034, 183/1000.
Terminated at swamp 0.5.
The last entry of errorHistory is 0.500380 for index 182035, 183/1000.
Terminated at swamp 0.5.
The last entry of errorHistory is 0.500350 for index 182036, 183/1000.
Terminated at swamp 0.5.
The last entry of errorHistory is 0.500515 for index 182037, 183/1000.
Terminated at swamp 0.5.
The last entry of errorHistory is 0.500679 for index 182038, 183/1000.
The last entry of errorHistory is 0.000117 for index 182039, 183/1000.
Terminated at swamp 0.5.
The last entry of errorHistory is 0.500247 for index 182040, 183/1000.
The last entry of errorHistory is 0.500000 for index 182041, 183/1000.
The last entry of errorHistory is 1.000000 for index 182042, 183/1000.
The last entry of errorHistory is 1.000000 for index 182043, 183/1000.
The last entry of errorHistory is 0.000039 for index 182044, 183/1000.
The last entry of errorHistory is 1.000000 for index 182045, 183/1000.
Terminated at swamp 1.
The last entry of errorHistory is 0.999931 for index 182046, 183/1000.
The last entry of errorHistory is 0.500000 for index 182047, 183/1000.
Terminated at swamp 1.
The last entry of errorHistory is 1.000232 for index 182048, 183/1000.
Terminated at swamp 0.5.
The last entry of errorHistory is 0.500566 for index 182049, 183/1000.
Terminated at swamp 0.5.
The last entry of errorHistory is 0.500363 for index 182050, 183/1000.
Terminated at swamp 0.5.
The last entry of errorHistory is 0.500540 for index 182051, 183/1000.
Terminated at swamp 0.5.
The last entry of errorHistory is 0.500384 for index 182052, 183/1000.
Terminated at swamp 0.5.
The last entry of errorHistory is 0.500144 for index 182053, 183/1000.
Terminated at swamp 0.5.
The last entry of errorHistory is 0.500738 for index 182054, 183/1000.
The last entry of errorHistory is 1.000000 for index 182055, 183/1000.
The last entry of errorHistory is 1.000000 for index 182056, 183/1000.
The last entry of errorHistory is 1.000000 for index 182057, 183/1000.
Terminated at swamp 0.5.
The last entry of errorHistory is 0.500116 for index 182058, 183/1000.
The last entry of errorHistory is 0.000039 for index 182059, 183/1000.
Terminated at swamp 0.5.
The last entry of errorHistory is 0.500151 for index 182060, 183/1000.
Terminated at swamp 1.
The last entry of errorHistory is 1.000222 for index 182061, 183/1000.
The last entry of errorHistory is 0.001680 for index 182062, 183/1000.
The last entry of errorHistory is 0.000047 for index 182063, 183/1000.
The last entry of errorHistory is 0.001050 for index 182064, 183/1000.
The last entry of errorHistory is 1.000000 for index 182065, 183/1000.
Terminated at swamp 0.5.
The last entry of errorHistory is 0.500328 for index 182066, 183/1000.
The last entry of errorHistory is 0.500000 for index 182067, 183/1000.
The last entry of errorHistory is 0.000544 for index 182068, 183/1000.
Terminated at swamp 0.5.
The last entry of errorHistory is 0.500469 for index 182069, 183/1000.
Terminated at swamp 0.5.
The last entry of errorHistory is 0.500006 for index 182070, 183/1000.
Terminated at swamp 0.5.
The last entry of errorHistory is 0.500441 for index 182071, 183/1000.
The last entry of errorHistory is 1.000000 for index 182072, 183/1000.
Terminated at swamp 0.5.
The last entry of errorHistory is 0.500043 for index 182073, 183/1000.
Terminated at swamp 0.5.
The last entry of errorHistory is 0.500411 for index 182074, 183/1000.
Terminated at swamp 0.5.
The last entry of errorHistory is 0.500662 for index 182075, 183/1000.
The last entry of errorHistory is 1.500000 for index 182076, 183/1000.
Terminated at swamp 0.5.
The last entry of errorHistory is 0.500534 for index 182077, 183/1000.
Terminated at swamp 0.5.
The last entry of errorHistory is 0.500342 for index 182078, 183/1000.
Terminated at swamp 1.
The last entry of errorHistory is 1.000139 for index 182079, 183/1000.
Terminated at swamp 1.
The last entry of errorHistory is 1.000045 for index 182080, 183/1000.
Terminated at swamp 1.
The last entry of errorHistory is 1.000013 for index 182081, 183/1000.
The last entry of errorHistory is 0.500000 for index 182082, 183/1000.
The last entry of errorHistory is 1.000000 for index 182083, 183/1000.
Terminated at swamp 0.5.
The last entry of errorHistory is 0.500489 for index 182084, 183/1000.
The last entry of errorHistory is 1.000000 for index 182085, 183/1000.
Terminated at swamp 0.5.
The last entry of errorHistory is 0.500651 for index 182086, 183/1000.
Terminated at swamp 0.5.
The last entry of errorHistory is 0.500626 for index 182087, 183/1000.
Terminated at swamp 0.5.
The last entry of errorHistory is 0.500127 for index 182088, 183/1000.
The last entry of errorHistory is 1.000000 for index 182089, 183/1000.
Terminated at swamp 0.5.
The last entry of errorHistory is 0.500261 for index 182090, 183/1000.
Terminated at swamp 0.5.
The last entry of errorHistory is 0.500007 for index 182091, 183/1000.
Terminated at swamp 0.5.
The last entry of errorHistory is 0.500055 for index 182092, 183/1000.
Terminated at swamp 0.5.
The last entry of errorHistory is 0.500600 for index 182093, 183/1000.
The last entry of errorHistory is 1.500000 for index 182094, 183/1000.
The last entry of errorHistory is 0.500000 for index 182095, 183/1000.
Terminated at swamp 0.5.
The last entry of errorHistory is 0.500308 for index 182096, 183/1000.
Terminated at swamp 0.5.
The last entry of errorHistory is 0.500369 for index 182097, 183/1000.
Terminated at swamp 0.5.
The last entry of errorHistory is 0.500006 for index 182098, 183/1000.
Terminated at swamp 1.
The last entry of errorHistory is 1.000000 for index 182099, 183/1000.
Terminated at swamp 1.
The last entry of errorHistory is 1.000360 for index 182100, 183/1000.
Terminated at swamp 0.5.
The last entry of errorHistory is 0.500429 for index 182101, 183/1000.
Terminated at swamp 0.5.
The last entry of errorHistory is 0.500491 for index 182102, 183/1000.
Terminated at swamp 1.
The last entry of errorHistory is 1.000032 for index 182103, 183/1000.
Terminated at swamp 0.5.
The last entry of errorHistory is 0.500419 for index 182104, 183/1000.
Terminated at swamp 0.5.
The last entry of errorHistory is 0.500437 for index 182105, 183/1000.
The last entry of errorHistory is 0.500000 for index 182106, 183/1000.
The last entry of errorHistory is 1.000000 for index 182107, 183/1000.
Terminated at swamp 0.5.
The last entry of errorHistory is 0.500919 for index 182108, 183/1000.
Terminated at swamp 0.5.
The last entry of errorHistory is 0.500618 for index 182109, 183/1000.
Terminated at swamp 0.5.
The last entry of errorHistory is 0.500058 for index 182110, 183/1000.
The last entry of errorHistory is 1.000000 for index 182111, 183/1000.
Terminated at swamp 0.5.
The last entry of errorHistory is 0.500015 for index 182112, 183/1000.
Terminated at swamp 0.5.
The last entry of errorHistory is 0.500285 for index 182113, 183/1000.
Terminated at swamp 0.5.
The last entry of errorHistory is 0.500486 for index 182114, 183/1000.
Terminated at swamp 0.5.
The last entry of errorHistory is 0.500390 for index 182115, 183/1000.
The last entry of errorHistory is 1.000000 for index 182116, 183/1000.
Terminated at swamp 0.5.
The last entry of errorHistory is 0.500450 for index 182117, 183/1000.
Terminated at swamp 0.5.
The last entry of errorHistory is 0.500283 for index 182118, 183/1000.
Terminated at swamp 0.5.
The last entry of errorHistory is 0.500585 for index 182119, 183/1000.
Terminated at swamp 0.5.
The last entry of errorHistory is 0.500027 for index 182120, 183/1000.
Terminated at swamp 0.5.
The last entry of errorHistory is 0.500245 for index 182121, 183/1000.
Terminated at swamp 1.
The last entry of errorHistory is 1.000000 for index 182122, 183/1000.
Terminated at swamp 0.5.
The last entry of errorHistory is 0.500168 for index 182123, 183/1000.
The last entry of errorHistory is 0.006571 for index 182124, 183/1000.
Terminated at swamp 0.5.
The last entry of errorHistory is 0.500234 for index 182125, 183/1000.
Terminated at swamp 0.5.
The last entry of errorHistory is 0.500648 for index 182126, 183/1000.
Terminated at swamp 1.
The last entry of errorHistory is 1.000010 for index 182127, 183/1000.
Terminated at swamp 0.5.
The last entry of errorHistory is 0.500299 for index 182128, 183/1000.
The last entry of errorHistory is 0.000015 for index 182129, 183/1000.
Terminated at swamp 0.5.
The last entry of errorHistory is 0.500347 for index 182130, 183/1000.
The last entry of errorHistory is 0.000037 for index 182131, 183/1000.
Terminated at swamp 1.
The last entry of errorHistory is 1.000004 for index 182132, 183/1000.
Terminated at swamp 0.5.
The last entry of errorHistory is 0.500350 for index 182133, 183/1000.
Terminated at swamp 0.5.
The last entry of errorHistory is 0.500339 for index 182134, 183/1000.
Terminated at swamp 0.5.
The last entry of errorHistory is 0.500013 for index 182135, 183/1000.
Terminated at swamp 1.5.
The last entry of errorHistory is 1.500152 for index 182136, 183/1000.
Terminated at swamp 0.5.
The last entry of errorHistory is 0.500421 for index 182137, 183/1000.
Terminated at swamp 0.5.
The last entry of errorHistory is 0.500307 for index 182138, 183/1000.
The last entry of errorHistory is 0.500000 for index 182139, 183/1000.
The last entry of errorHistory is 0.500000 for index 182140, 183/1000.
Terminated at swamp 1.
The last entry of errorHistory is 1.000006 for index 182141, 183/1000.
Terminated at swamp 0.5.
The last entry of errorHistory is 0.500293 for index 182142, 183/1000.
Terminated at swamp 0.5.
The last entry of errorHistory is 0.500293 for index 182143, 183/1000.
Terminated at swamp 0.5.
The last entry of errorHistory is 0.500574 for index 182144, 183/1000.
The last entry of errorHistory is 0.000015 for index 182145, 183/1000.
Terminated at swamp 1.
The last entry of errorHistory is 1.000150 for index 182146, 183/1000.
Terminated at swamp 1.
The last entry of errorHistory is 1.000092 for index 182147, 183/1000.
The last entry of errorHistory is 1.000000 for index 182148, 183/1000.
The last entry of errorHistory is 1.500000 for index 182149, 183/1000.
Terminated at swamp 0.5.
The last entry of errorHistory is 0.500578 for index 182150, 183/1000.
The last entry of errorHistory is 1.000000 for index 182151, 183/1000.
Terminated at swamp 0.5.
The last entry of errorHistory is 0.500348 for index 182152, 183/1000.
Terminated at swamp 1.
The last entry of errorHistory is 1.000000 for index 182153, 183/1000.
Terminated at swamp 0.5.
The last entry of errorHistory is 0.500455 for index 182154, 183/1000.
Terminated at swamp 0.5.
The last entry of errorHistory is 0.500577 for index 182155, 183/1000.
The last entry of errorHistory is 1.000000 for index 182156, 183/1000.
Terminated at swamp 0.5.
The last entry of errorHistory is 0.500102 for index 182157, 183/1000.
The last entry of errorHistory is 1.000000 for index 182158, 183/1000.
Terminated at swamp 1.
The last entry of errorHistory is 1.000013 for index 182159, 183/1000.
The last entry of errorHistory is 0.000552 for index 182160, 183/1000.
Terminated at swamp 0.5.
The last entry of errorHistory is 0.500015 for index 182161, 183/1000.
The last entry of errorHistory is 0.000015 for index 182162, 183/1000.
Terminated at swamp 0.5.
The last entry of errorHistory is 0.500022 for index 182163, 183/1000.
Terminated at swamp 0.5.
The last entry of errorHistory is 0.500546 for index 182164, 183/1000.
The last entry of errorHistory is 1.000000 for index 182165, 183/1000.
The last entry of errorHistory is 0.000018 for index 182166, 183/1000.
Terminated at swamp 0.5.
The last entry of errorHistory is 0.500721 for index 182167, 183/1000.
Terminated at swamp 0.5.
The last entry of errorHistory is 0.500280 for index 182168, 183/1000.
Terminated at swamp 0.5.
The last entry of errorHistory is 0.500641 for index 182169, 183/1000.
The last entry of errorHistory is 1.000000 for index 182170, 183/1000.
Terminated at swamp 0.5.
The last entry of errorHistory is 0.500231 for index 182171, 183/1000.
Terminated at swamp 0.5.
The last entry of errorHistory is 0.500566 for index 182172, 183/1000.
Terminated at swamp 1.
The last entry of errorHistory is 1.000074 for index 182173, 183/1000.
The last entry of errorHistory is 0.500000 for index 182174, 183/1000.
Terminated at swamp 0.5.
The last entry of errorHistory is 0.500513 for index 182175, 183/1000.
Terminated at swamp 1.
The last entry of errorHistory is 1.000235 for index 182176, 183/1000.
Terminated at swamp 0.5.
The last entry of errorHistory is 0.500435 for index 182177, 183/1000.
The last entry of errorHistory is 1.000000 for index 182178, 183/1000.
The last entry of errorHistory is 1.000000 for index 182179, 183/1000.
Terminated at swamp 0.5.
The last entry of errorHistory is 0.500483 for index 182180, 183/1000.
The last entry of errorHistory is 0.000276 for index 182181, 183/1000.
The last entry of errorHistory is 1.000000 for index 182182, 183/1000.
The last entry of errorHistory is 1.000000 for index 182183, 183/1000.
The last entry of errorHistory is 0.000016 for index 182184, 183/1000.
The last entry of errorHistory is 0.000037 for index 182185, 183/1000.
Terminated at swamp 0.5.
The last entry of errorHistory is 0.500117 for index 182186, 183/1000.
The last entry of errorHistory is 1.000000 for index 182187, 183/1000.
Terminated at swamp 0.5.
The last entry of errorHistory is 0.500572 for index 182188, 183/1000.
Terminated at swamp 0.5.
The last entry of errorHistory is 0.500412 for index 182189, 183/1000.
The last entry of errorHistory is 1.000000 for index 182190, 183/1000.
Terminated at swamp 0.5.
The last entry of errorHistory is 0.500487 for index 182191, 183/1000.
Terminated at swamp 0.5.
The last entry of errorHistory is 0.500000 for index 182192, 183/1000.
Terminated at swamp 0.5.
The last entry of errorHistory is 0.500085 for index 182193, 183/1000.
Terminated at swamp 0.5.
The last entry of errorHistory is 0.500440 for index 182194, 183/1000.
The last entry of errorHistory is 1.500000 for index 182195, 183/1000.
Terminated at swamp 0.5.
The last entry of errorHistory is 0.500377 for index 182196, 183/1000.
Terminated at swamp 0.5.
The last entry of errorHistory is 0.500480 for index 182197, 183/1000.
Terminated at swamp 0.5.
The last entry of errorHistory is 0.500379 for index 182198, 183/1000.
The last entry of errorHistory is 0.000066 for index 182199, 183/1000.
Terminated at swamp 1.5.
The last entry of errorHistory is 1.500139 for index 182200, 183/1000.
The last entry of errorHistory is 0.000021 for index 182201, 183/1000.
Terminated at swamp 0.5.
The last entry of errorHistory is 0.500383 for index 182202, 183/1000.
The last entry of errorHistory is 1.500000 for index 182203, 183/1000.
The last entry of errorHistory is 1.000000 for index 182204, 183/1000.
Terminated at swamp 0.5.
The last entry of errorHistory is 0.500518 for index 182205, 183/1000.
Terminated at swamp 0.5.
The last entry of errorHistory is 0.500526 for index 182206, 183/1000.
The last entry of errorHistory is 1.000000 for index 182207, 183/1000.
Terminated at swamp 1.
The last entry of errorHistory is 1.000025 for index 182208, 183/1000.
The last entry of errorHistory is 0.000400 for index 182209, 183/1000.
The last entry of errorHistory is 1.500000 for index 182210, 183/1000.
The last entry of errorHistory is 1.500000 for index 182211, 183/1000.
Terminated at swamp 0.5.
The last entry of errorHistory is 0.500141 for index 182212, 183/1000.
The last entry of errorHistory is 0.500000 for index 182213, 183/1000.
The last entry of errorHistory is 1.000000 for index 182214, 183/1000.
The last entry of errorHistory is 0.500000 for index 182215, 183/1000.
Terminated at swamp 0.5.
The last entry of errorHistory is 0.500223 for index 182216, 183/1000.
Terminated at swamp 0.5.
The last entry of errorHistory is 0.500419 for index 182217, 183/1000.
The last entry of errorHistory is 1.000000 for index 182218, 183/1000.
Terminated at swamp 0.5.
The last entry of errorHistory is 0.500534 for index 182219, 183/1000.
Terminated at swamp 1.
The last entry of errorHistory is 1.000097 for index 182220, 183/1000.
The last entry of errorHistory is 0.000016 for index 182221, 183/1000.
The last entry of errorHistory is 1.000000 for index 182222, 183/1000.
Terminated at swamp 1.
The last entry of errorHistory is 1.000532 for index 182223, 183/1000.
Terminated at swamp 0.5.
The last entry of errorHistory is 0.500220 for index 182224, 183/1000.
Terminated at swamp 1.
The last entry of errorHistory is 1.000223 for index 182225, 183/1000.
Terminated at swamp 1.
The last entry of errorHistory is 1.000000 for index 182226, 183/1000.
Terminated at swamp 0.5.
The last entry of errorHistory is 0.500223 for index 182227, 183/1000.
Terminated at swamp 0.5.
The last entry of errorHistory is 0.500293 for index 182228, 183/1000.
Terminated at swamp 0.5.
The last entry of errorHistory is 0.500430 for index 182229, 183/1000.
Terminated at swamp 0.5.
The last entry of errorHistory is 0.500466 for index 182230, 183/1000.
The last entry of errorHistory is 0.000019 for index 182231, 183/1000.
The last entry of errorHistory is 1.000000 for index 182232, 183/1000.
Terminated at swamp 0.5.
The last entry of errorHistory is 0.500715 for index 182233, 183/1000.
Terminated at swamp 0.5.
The last entry of errorHistory is 0.500743 for index 182234, 183/1000.
Terminated at swamp 1.
The last entry of errorHistory is 1.000366 for index 182235, 183/1000.
The last entry of errorHistory is 1.000000 for index 182236, 183/1000.
Terminated at swamp 0.5.
The last entry of errorHistory is 0.500029 for index 182237, 183/1000.
Terminated at swamp 1.
The last entry of errorHistory is 1.000003 for index 182238, 183/1000.
The last entry of errorHistory is 0.000067 for index 182239, 183/1000.
The last entry of errorHistory is 0.000019 for index 182240, 183/1000.
Terminated at swamp 1.
The last entry of errorHistory is 1.000073 for index 182241, 183/1000.
Terminated at swamp 0.5.
The last entry of errorHistory is 0.500362 for index 182242, 183/1000.
Terminated at swamp 0.5.
The last entry of errorHistory is 0.500556 for index 182243, 183/1000.
Terminated at swamp 1.
The last entry of errorHistory is 1.000421 for index 182244, 183/1000.
Terminated at swamp 0.5.
The last entry of errorHistory is 0.500005 for index 182245, 183/1000.
The last entry of errorHistory is 1.500000 for index 182246, 183/1000.
The last entry of errorHistory is 1.000000 for index 182247, 183/1000.
Terminated at swamp 0.5.
The last entry of errorHistory is 0.500130 for index 182248, 183/1000.
Terminated at swamp 0.5.
The last entry of errorHistory is 0.500139 for index 182249, 183/1000.
The last entry of errorHistory is 1.000000 for index 182250, 183/1000.
Terminated at swamp 0.5.
The last entry of errorHistory is 0.500367 for index 182251, 183/1000.
The last entry of errorHistory is 1.000000 for index 182252, 183/1000.
Terminated at swamp 1.
The last entry of errorHistory is 1.000254 for index 182253, 183/1000.
The last entry of errorHistory is 1.000000 for index 182254, 183/1000.
Terminated at swamp 1.
The last entry of errorHistory is 1.000016 for index 182255, 183/1000.
The last entry of errorHistory is 1.000000 for index 182256, 183/1000.
Terminated at swamp 0.5.
The last entry of errorHistory is 0.500000 for index 182257, 183/1000.
The last entry of errorHistory is 1.500000 for index 182258, 183/1000.
Terminated at swamp 0.5.
The last entry of errorHistory is 0.500007 for index 182259, 183/1000.
Terminated at swamp 0.5.
The last entry of errorHistory is 0.500578 for index 182260, 183/1000.
Terminated at swamp 0.5.
The last entry of errorHistory is 0.500475 for index 182261, 183/1000.
The last entry of errorHistory is 1.000000 for index 182262, 183/1000.
Terminated at swamp 0.5.
The last entry of errorHistory is 0.500370 for index 182263, 183/1000.
The last entry of errorHistory is 1.000000 for index 182264, 183/1000.
The last entry of errorHistory is 1.000000 for index 182265, 183/1000.
Terminated at swamp 1.
The last entry of errorHistory is 1.000222 for index 182266, 183/1000.
Terminated at swamp 0.5.
The last entry of errorHistory is 0.500523 for index 182267, 183/1000.
Terminated at swamp 1.
The last entry of errorHistory is 1.000019 for index 182268, 183/1000.
Terminated at swamp 1.
The last entry of errorHistory is 1.000095 for index 182269, 183/1000.
Terminated at swamp 0.5.
The last entry of errorHistory is 0.500411 for index 182270, 183/1000.
The last entry of errorHistory is 1.000000 for index 182271, 183/1000.
The last entry of errorHistory is 1.000000 for index 182272, 183/1000.
The last entry of errorHistory is 0.001714 for index 182273, 183/1000.
Terminated at swamp 0.5.
The last entry of errorHistory is 0.500000 for index 182274, 183/1000.
Terminated at swamp 0.5.
The last entry of errorHistory is 0.500477 for index 182275, 183/1000.
The last entry of errorHistory is 0.000866 for index 182276, 183/1000.
The last entry of errorHistory is 1.000000 for index 182277, 183/1000.
Terminated at swamp 0.5.
The last entry of errorHistory is 0.500549 for index 182278, 183/1000.
The last entry of errorHistory is 0.000022 for index 182279, 183/1000.
The last entry of errorHistory is 0.000338 for index 182280, 183/1000.
Terminated at swamp 0.5.
The last entry of errorHistory is 0.500688 for index 182281, 183/1000.
The last entry of errorHistory is 0.500000 for index 182282, 183/1000.
Terminated at swamp 0.5.
The last entry of errorHistory is 0.500489 for index 182283, 183/1000.
Terminated at swamp 0.5.
The last entry of errorHistory is 0.500567 for index 182284, 183/1000.
Terminated at swamp 0.5.
The last entry of errorHistory is 0.500041 for index 182285, 183/1000.
Terminated at swamp 1.5.
The last entry of errorHistory is 1.500000 for index 182286, 183/1000.
Terminated at swamp 1.
The last entry of errorHistory is 1.000071 for index 182287, 183/1000.
Terminated at swamp 0.5.
The last entry of errorHistory is 0.500296 for index 182288, 183/1000.
Terminated at swamp 0.5.
The last entry of errorHistory is 0.500533 for index 182289, 183/1000.
The last entry of errorHistory is 1.000000 for index 182290, 183/1000.
Terminated at swamp 0.5.
The last entry of errorHistory is 0.500495 for index 182291, 183/1000.
Terminated at swamp 0.5.
The last entry of errorHistory is 0.500231 for index 182292, 183/1000.
Terminated at swamp 1.
The last entry of errorHistory is 1.000000 for index 182293, 183/1000.
The last entry of errorHistory is 0.000535 for index 182294, 183/1000.
The last entry of errorHistory is 1.000000 for index 182295, 183/1000.
The last entry of errorHistory is 1.000000 for index 182296, 183/1000.
Terminated at swamp 0.5.
The last entry of errorHistory is 0.500435 for index 182297, 183/1000.
Terminated at swamp 0.5.
The last entry of errorHistory is 0.500602 for index 182298, 183/1000.
Terminated at swamp 0.5.
The last entry of errorHistory is 0.500488 for index 182299, 183/1000.
Terminated at swamp 0.5.
The last entry of errorHistory is 0.500156 for index 182300, 183/1000.
The last entry of errorHistory is 1.000000 for index 182301, 183/1000.
The last entry of errorHistory is 0.000743 for index 182302, 183/1000.
Terminated at swamp 0.5.
The last entry of errorHistory is 0.500523 for index 182303, 183/1000.
Terminated at swamp 0.5.
The last entry of errorHistory is 0.500508 for index 182304, 183/1000.
Terminated at swamp 1.
The last entry of errorHistory is 1.000000 for index 182305, 183/1000.
Terminated at swamp 0.5.
The last entry of errorHistory is 0.500292 for index 182306, 183/1000.
The last entry of errorHistory is 0.500000 for index 182307, 183/1000.
The last entry of errorHistory is 1.000000 for index 182308, 183/1000.
Terminated at swamp 0.5.
The last entry of errorHistory is 0.500430 for index 182309, 183/1000.
Terminated at swamp 1.
The last entry of errorHistory is 1.000535 for index 182310, 183/1000.
Terminated at swamp 0.5.
The last entry of errorHistory is 0.500005 for index 182311, 183/1000.
Terminated at swamp 0.5.
The last entry of errorHistory is 0.500020 for index 182312, 183/1000.
Terminated at swamp 0.5.
The last entry of errorHistory is 0.500400 for index 182313, 183/1000.
The last entry of errorHistory is 0.500000 for index 182314, 183/1000.
Terminated at swamp 0.5.
The last entry of errorHistory is 0.500039 for index 182315, 183/1000.
Terminated at swamp 1.
The last entry of errorHistory is 1.000320 for index 182316, 183/1000.
Terminated at swamp 0.5.
The last entry of errorHistory is 0.500140 for index 182317, 183/1000.
Terminated at swamp 1.
The last entry of errorHistory is 1.000001 for index 182318, 183/1000.
The last entry of errorHistory is 0.000012 for index 182319, 183/1000.
Terminated at swamp 0.5.
The last entry of errorHistory is 0.500120 for index 182320, 183/1000.
Terminated at swamp 1.
The last entry of errorHistory is 1.000000 for index 182321, 183/1000.
Terminated at swamp 0.5.
The last entry of errorHistory is 0.500957 for index 182322, 183/1000.
Terminated at swamp 1.
The last entry of errorHistory is 1.000000 for index 182323, 183/1000.
Terminated at swamp 0.5.
The last entry of errorHistory is 0.500414 for index 182324, 183/1000.
Terminated at swamp 0.5.
The last entry of errorHistory is 0.500086 for index 182325, 183/1000.
Terminated at swamp 1.
The last entry of errorHistory is 1.000137 for index 182326, 183/1000.
Terminated at swamp 0.5.
The last entry of errorHistory is 0.500020 for index 182327, 183/1000.
Terminated at swamp 1.
The last entry of errorHistory is 1.000388 for index 182328, 183/1000.
Terminated at swamp 0.5.
The last entry of errorHistory is 0.500425 for index 182329, 183/1000.
The last entry of errorHistory is 1.000000 for index 182330, 183/1000.
The last entry of errorHistory is 1.000000 for index 182331, 183/1000.
Terminated at swamp 0.5.
The last entry of errorHistory is 0.500361 for index 182332, 183/1000.
The last entry of errorHistory is 0.000019 for index 182333, 183/1000.
Terminated at swamp 0.5.
The last entry of errorHistory is 0.500018 for index 182334, 183/1000.
Terminated at swamp 1.
The last entry of errorHistory is 1.000296 for index 182335, 183/1000.
Terminated at swamp 0.5.
The last entry of errorHistory is 0.500336 for index 182336, 183/1000.
Terminated at swamp 1.
The last entry of errorHistory is 1.000184 for index 182337, 183/1000.
Terminated at swamp 1.
The last entry of errorHistory is 1.000384 for index 182338, 183/1000.
Terminated at swamp 0.5.
The last entry of errorHistory is 0.500436 for index 182339, 183/1000.
Terminated at swamp 1.
The last entry of errorHistory is 1.000007 for index 182340, 183/1000.
Terminated at swamp 1.
The last entry of errorHistory is 1.000226 for index 182341, 183/1000.
Terminated at swamp 0.5.
The last entry of errorHistory is 0.500160 for index 182342, 183/1000.
The last entry of errorHistory is 1.000000 for index 182343, 183/1000.
The last entry of errorHistory is 1.000000 for index 182344, 183/1000.
Terminated at swamp 0.5.
The last entry of errorHistory is 0.500399 for index 182345, 183/1000.
Terminated at swamp 0.5.
The last entry of errorHistory is 0.500661 for index 182346, 183/1000.
The last entry of errorHistory is 1.000000 for index 182347, 183/1000.
Terminated at swamp 0.5.
The last entry of errorHistory is 0.500323 for index 182348, 183/1000.
Terminated at swamp 0.5.
The last entry of errorHistory is 0.500269 for index 182349, 183/1000.
Terminated at swamp 0.5.
The last entry of errorHistory is 0.500639 for index 182350, 183/1000.
Terminated at swamp 0.5.
The last entry of errorHistory is 0.500451 for index 182351, 183/1000.
The last entry of errorHistory is 1.000000 for index 182352, 183/1000.
The last entry of errorHistory is 0.000539 for index 182353, 183/1000.
Terminated at swamp 1.
The last entry of errorHistory is 1.000010 for index 182354, 183/1000.
Terminated at swamp 0.5.
The last entry of errorHistory is 0.500418 for index 182355, 183/1000.
The last entry of errorHistory is 0.000034 for index 182356, 183/1000.
Terminated at swamp 0.5.
The last entry of errorHistory is 0.500057 for index 182357, 183/1000.
Terminated at swamp 0.5.
The last entry of errorHistory is 0.500057 for index 182358, 183/1000.
Terminated at swamp 0.5.
The last entry of errorHistory is 0.500565 for index 182359, 183/1000.
Terminated at swamp 1.
The last entry of errorHistory is 1.000036 for index 182360, 183/1000.
The last entry of errorHistory is 0.000197 for index 182361, 183/1000.
Terminated at swamp 0.5.
The last entry of errorHistory is 0.500265 for index 182362, 183/1000.
The last entry of errorHistory is 0.000020 for index 182363, 183/1000.
The last entry of errorHistory is 1.000000 for index 182364, 183/1000.
Terminated at swamp 1.
The last entry of errorHistory is 1.000423 for index 182365, 183/1000.
Terminated at swamp 0.5.
The last entry of errorHistory is 0.500371 for index 182366, 183/1000.
The last entry of errorHistory is 1.000000 for index 182367, 183/1000.
The last entry of errorHistory is 1.000000 for index 182368, 183/1000.
The last entry of errorHistory is 0.000091 for index 182369, 183/1000.
Terminated at swamp 0.5.
The last entry of errorHistory is 0.500460 for index 182370, 183/1000.
Terminated at swamp 0.5.
The last entry of errorHistory is 0.500367 for index 182371, 183/1000.
The last entry of errorHistory is 1.000000 for index 182372, 183/1000.
Terminated at swamp 0.5.
The last entry of errorHistory is 0.500413 for index 182373, 183/1000.
Terminated at swamp 0.5.
The last entry of errorHistory is 0.500035 for index 182374, 183/1000.
Terminated at swamp 1.
The last entry of errorHistory is 1.000066 for index 182375, 183/1000.
Terminated at swamp 1.
The last entry of errorHistory is 1.000014 for index 182376, 183/1000.
Terminated at swamp 0.5.
The last entry of errorHistory is 0.500594 for index 182377, 183/1000.
Terminated at swamp 1.
The last entry of errorHistory is 1.000008 for index 182378, 183/1000.
Terminated at swamp 0.5.
The last entry of errorHistory is 0.500573 for index 182379, 183/1000.
Terminated at swamp 0.5.
The last entry of errorHistory is 0.500506 for index 182380, 183/1000.
Terminated at swamp 1.
The last entry of errorHistory is 1.000499 for index 182381, 183/1000.
The last entry of errorHistory is 0.000021 for index 182382, 183/1000.
Terminated at swamp 0.5.
The last entry of errorHistory is 0.500257 for index 182383, 183/1000.
Terminated at swamp 1.
The last entry of errorHistory is 1.000076 for index 182384, 183/1000.
Terminated at swamp 0.5.
The last entry of errorHistory is 0.500542 for index 182385, 183/1000.
Terminated at swamp 1.
The last entry of errorHistory is 1.000000 for index 182386, 183/1000.
Terminated at swamp 0.5.
The last entry of errorHistory is 0.500334 for index 182387, 183/1000.
The last entry of errorHistory is 1.000000 for index 182388, 183/1000.
Terminated at swamp 1.
The last entry of errorHistory is 1.000391 for index 182389, 183/1000.
Terminated at swamp 0.5.
The last entry of errorHistory is 0.500385 for index 182390, 183/1000.
The last entry of errorHistory is 1.000000 for index 182391, 183/1000.
The last entry of errorHistory is 1.000000 for index 182392, 183/1000.
Terminated at swamp 1.
The last entry of errorHistory is 1.000304 for index 182393, 183/1000.
Terminated at swamp 0.5.
The last entry of errorHistory is 0.500343 for index 182394, 183/1000.
Terminated at swamp 1.
The last entry of errorHistory is 1.000442 for index 182395, 183/1000.
Terminated at swamp 0.5.
The last entry of errorHistory is 0.500449 for index 182396, 183/1000.
Terminated at swamp 0.5.
The last entry of errorHistory is 0.500428 for index 182397, 183/1000.
The last entry of errorHistory is 1.000000 for index 182398, 183/1000.
The last entry of errorHistory is 1.000000 for index 182399, 183/1000.
The last entry of errorHistory is 0.500000 for index 182400, 183/1000.
Terminated at swamp 0.5.
The last entry of errorHistory is 0.500623 for index 182401, 183/1000.
Terminated at swamp 0.5.
The last entry of errorHistory is 0.500006 for index 182402, 183/1000.
Terminated at swamp 0.5.
The last entry of errorHistory is 0.500112 for index 182403, 183/1000.
Terminated at swamp 0.5.
The last entry of errorHistory is 0.500130 for index 182404, 183/1000.
Terminated at swamp 0.5.
The last entry of errorHistory is 0.500407 for index 182405, 183/1000.
The last entry of errorHistory is 0.000070 for index 182406, 183/1000.
Terminated at swamp 0.5.
The last entry of errorHistory is 0.500376 for index 182407, 183/1000.
Terminated at swamp 0.5.
The last entry of errorHistory is 0.500322 for index 182408, 183/1000.
Terminated at swamp 1.
The last entry of errorHistory is 1.000317 for index 182409, 183/1000.
The last entry of errorHistory is 1.000000 for index 182410, 183/1000.
Terminated at swamp 0.5.
The last entry of errorHistory is 0.500673 for index 182411, 183/1000.
Terminated at swamp 1.
The last entry of errorHistory is 1.000148 for index 182412, 183/1000.
The last entry of errorHistory is 0.000016 for index 182413, 183/1000.
The last entry of errorHistory is 1.000000 for index 182414, 183/1000.
Terminated at swamp 0.5.
The last entry of errorHistory is 0.500364 for index 182415, 183/1000.
Terminated at swamp 0.5.
The last entry of errorHistory is 0.500123 for index 182416, 183/1000.
Terminated at swamp 0.5.
The last entry of errorHistory is 0.500604 for index 182417, 183/1000.
Terminated at swamp 0.5.
The last entry of errorHistory is 0.500252 for index 182418, 183/1000.
The last entry of errorHistory is 1.000000 for index 182419, 183/1000.
The last entry of errorHistory is 0.000036 for index 182420, 183/1000.
Terminated at swamp 0.5.
The last entry of errorHistory is 0.500051 for index 182421, 183/1000.
Terminated at swamp 1.
The last entry of errorHistory is 1.000399 for index 182422, 183/1000.
Terminated at swamp 1.
The last entry of errorHistory is 1.000462 for index 182423, 183/1000.
Terminated at swamp 0.5.
The last entry of errorHistory is 0.500653 for index 182424, 183/1000.
The last entry of errorHistory is 0.500000 for index 182425, 183/1000.
The last entry of errorHistory is 1.000000 for index 182426, 183/1000.
Terminated at swamp 0.5.
The last entry of errorHistory is 0.500297 for index 182427, 183/1000.
The last entry of errorHistory is 1.000000 for index 182428, 183/1000.
Terminated at swamp 0.5.
The last entry of errorHistory is 0.500540 for index 182429, 183/1000.
Terminated at swamp 1.
The last entry of errorHistory is 1.000040 for index 182430, 183/1000.
The last entry of errorHistory is 1.000000 for index 182431, 183/1000.
Terminated at swamp 1.
The last entry of errorHistory is 1.000117 for index 182432, 183/1000.
Terminated at swamp 0.5.
The last entry of errorHistory is 0.500407 for index 182433, 183/1000.
Terminated at swamp 0.5.
The last entry of errorHistory is 0.500468 for index 182434, 183/1000.
The last entry of errorHistory is 0.500000 for index 182435, 183/1000.
Terminated at swamp 0.5.
The last entry of errorHistory is 0.500445 for index 182436, 183/1000.
Terminated at swamp 0.5.
The last entry of errorHistory is 0.500097 for index 182437, 183/1000.
Terminated at swamp 0.5.
The last entry of errorHistory is 0.500301 for index 182438, 183/1000.
The last entry of errorHistory is 1.000000 for index 182439, 183/1000.
Terminated at swamp 0.5.
The last entry of errorHistory is 0.500503 for index 182440, 183/1000.
Terminated at swamp 1.
The last entry of errorHistory is 1.000040 for index 182441, 183/1000.
Terminated at swamp 1.
The last entry of errorHistory is 1.000048 for index 182442, 183/1000.
Terminated at swamp 0.5.
The last entry of errorHistory is 0.500503 for index 182443, 183/1000.
Terminated at swamp 0.5.
The last entry of errorHistory is 0.500173 for index 182444, 183/1000.
Terminated at swamp 0.5.
The last entry of errorHistory is 0.500228 for index 182445, 183/1000.
The last entry of errorHistory is 0.001166 for index 182446, 183/1000.
The last entry of errorHistory is 0.000020 for index 182447, 183/1000.
Terminated at swamp 1.
The last entry of errorHistory is 1.000000 for index 182448, 183/1000.
Terminated at swamp 0.5.
The last entry of errorHistory is 0.500197 for index 182449, 183/1000.
Terminated at swamp 0.5.
The last entry of errorHistory is 0.500067 for index 182450, 183/1000.
Terminated at swamp 1.
The last entry of errorHistory is 0.999498 for index 182451, 183/1000.
The last entry of errorHistory is 1.000000 for index 182452, 183/1000.
Terminated at swamp 0.5.
The last entry of errorHistory is 0.500351 for index 182453, 183/1000.
Terminated at swamp 0.5.
The last entry of errorHistory is 0.500519 for index 182454, 183/1000.
The last entry of errorHistory is 0.500000 for index 182455, 183/1000.
Terminated at swamp 1.
The last entry of errorHistory is 1.000518 for index 182456, 183/1000.
The last entry of errorHistory is 1.000000 for index 182457, 183/1000.
Terminated at swamp 0.5.
The last entry of errorHistory is 0.500517 for index 182458, 183/1000.
Terminated at swamp 0.5.
The last entry of errorHistory is 0.500569 for index 182459, 183/1000.
The last entry of errorHistory is 1.000000 for index 182460, 183/1000.
Terminated at swamp 0.5.
The last entry of errorHistory is 0.500486 for index 182461, 183/1000.
The last entry of errorHistory is 1.000000 for index 182462, 183/1000.
Terminated at swamp 1.
The last entry of errorHistory is 1.000004 for index 182463, 183/1000.
Terminated at swamp 0.5.
The last entry of errorHistory is 0.500445 for index 182464, 183/1000.
Terminated at swamp 0.5.
The last entry of errorHistory is 0.500073 for index 182465, 183/1000.
Terminated at swamp 0.5.
The last entry of errorHistory is 0.500469 for index 182466, 183/1000.
Terminated at swamp 0.5.
The last entry of errorHistory is 0.500008 for index 182467, 183/1000.
Terminated at swamp 0.5.
The last entry of errorHistory is 0.500044 for index 182468, 183/1000.
Terminated at swamp 0.5.
The last entry of errorHistory is 0.500345 for index 182469, 183/1000.
Terminated at swamp 1.
The last entry of errorHistory is 1.000103 for index 182470, 183/1000.
Terminated at swamp 1.
The last entry of errorHistory is 1.000297 for index 182471, 183/1000.
The last entry of errorHistory is 1.000000 for index 182472, 183/1000.
Terminated at swamp 0.5.
The last entry of errorHistory is 0.500520 for index 182473, 183/1000.
The last entry of errorHistory is 0.500000 for index 182474, 183/1000.
Terminated at swamp 0.5.
The last entry of errorHistory is 0.500309 for index 182475, 183/1000.
Terminated at swamp 0.5.
The last entry of errorHistory is 0.500189 for index 182476, 183/1000.
Terminated at swamp 0.5.
The last entry of errorHistory is 0.500294 for index 182477, 183/1000.
The last entry of errorHistory is 1.500000 for index 182478, 183/1000.
The last entry of errorHistory is 0.500000 for index 182479, 183/1000.
Terminated at swamp 0.5.
The last entry of errorHistory is 0.500077 for index 182480, 183/1000.
Terminated at swamp 1.
The last entry of errorHistory is 1.000005 for index 182481, 183/1000.
Terminated at swamp 0.5.
The last entry of errorHistory is 0.500066 for index 182482, 183/1000.
The last entry of errorHistory is 0.000013 for index 182483, 183/1000.
Terminated at swamp 0.5.
The last entry of errorHistory is 0.500394 for index 182484, 183/1000.
Terminated at swamp 0.5.
The last entry of errorHistory is 0.500027 for index 182485, 183/1000.
Terminated at swamp 0.5.
The last entry of errorHistory is 0.500184 for index 182486, 183/1000.
The last entry of errorHistory is 0.500000 for index 182487, 183/1000.
Terminated at swamp 0.5.
The last entry of errorHistory is 0.500107 for index 182488, 183/1000.
Terminated at swamp 0.5.
The last entry of errorHistory is 0.500474 for index 182489, 183/1000.
Terminated at swamp 0.5.
The last entry of errorHistory is 0.500632 for index 182490, 183/1000.
Terminated at swamp 0.5.
The last entry of errorHistory is 0.500043 for index 182491, 183/1000.
Terminated at swamp 0.5.
The last entry of errorHistory is 0.500431 for index 182492, 183/1000.
The last entry of errorHistory is 0.000029 for index 182493, 183/1000.
Terminated at swamp 0.5.
The last entry of errorHistory is 0.500783 for index 182494, 183/1000.
The last entry of errorHistory is 0.000070 for index 182495, 183/1000.
The last entry of errorHistory is 1.000000 for index 182496, 183/1000.
The last entry of errorHistory is 1.500000 for index 182497, 183/1000.
Terminated at swamp 0.5.
The last entry of errorHistory is 0.500169 for index 182498, 183/1000.
Terminated at swamp 1.
The last entry of errorHistory is 1.000131 for index 182499, 183/1000.
Terminated at swamp 0.5.
The last entry of errorHistory is 0.500001 for index 182500, 183/1000.
Terminated at swamp 0.5.
The last entry of errorHistory is 0.500506 for index 182501, 183/1000.
The last entry of errorHistory is 0.000954 for index 182502, 183/1000.
Terminated at swamp 0.5.
The last entry of errorHistory is 0.500342 for index 182503, 183/1000.
Terminated at swamp 0.5.
The last entry of errorHistory is 0.500391 for index 182504, 183/1000.
Terminated at swamp 0.5.
The last entry of errorHistory is 0.500318 for index 182505, 183/1000.
Terminated at swamp 0.5.
The last entry of errorHistory is 0.500293 for index 182506, 183/1000.
The last entry of errorHistory is 1.000000 for index 182507, 183/1000.
Terminated at swamp 0.5.
The last entry of errorHistory is 0.500150 for index 182508, 183/1000.
Terminated at swamp 0.5.
The last entry of errorHistory is 0.500603 for index 182509, 183/1000.
Terminated at swamp 1.
The last entry of errorHistory is 1.000341 for index 182510, 183/1000.
Terminated at swamp 1.
The last entry of errorHistory is 1.000074 for index 182511, 183/1000.
The last entry of errorHistory is 0.000014 for index 182512, 183/1000.
Terminated at swamp 0.5.
The last entry of errorHistory is 0.500364 for index 182513, 183/1000.
Terminated at swamp 0.5.
The last entry of errorHistory is 0.500577 for index 182514, 183/1000.
Terminated at swamp 0.5.
The last entry of errorHistory is 0.499999 for index 182515, 183/1000.
Terminated at swamp 1.
The last entry of errorHistory is 0.999293 for index 182516, 183/1000.
The last entry of errorHistory is 1.000000 for index 182517, 183/1000.
The last entry of errorHistory is 0.000023 for index 182518, 183/1000.
The last entry of errorHistory is 1.000000 for index 182519, 183/1000.
Terminated at swamp 0.5.
The last entry of errorHistory is 0.500302 for index 182520, 183/1000.
The last entry of errorHistory is 1.000000 for index 182521, 183/1000.
Terminated at swamp 0.5.
The last entry of errorHistory is 0.500535 for index 182522, 183/1000.
Terminated at swamp 0.5.
The last entry of errorHistory is 0.500634 for index 182523, 183/1000.
Terminated at swamp 0.5.
The last entry of errorHistory is 0.500457 for index 182524, 183/1000.
The last entry of errorHistory is 0.000019 for index 182525, 183/1000.
Terminated at swamp 0.5.
The last entry of errorHistory is 0.500065 for index 182526, 183/1000.
The last entry of errorHistory is 1.000000 for index 182527, 183/1000.
Terminated at swamp 0.5.
The last entry of errorHistory is 0.500028 for index 182528, 183/1000.
Terminated at swamp 0.5.
The last entry of errorHistory is 0.500451 for index 182529, 183/1000.
The last entry of errorHistory is 1.000000 for index 182530, 183/1000.
The last entry of errorHistory is 0.000025 for index 182531, 183/1000.
Terminated at swamp 0.5.
The last entry of errorHistory is 0.500667 for index 182532, 183/1000.
The last entry of errorHistory is 1.000000 for index 182533, 183/1000.
The last entry of errorHistory is 1.000000 for index 182534, 183/1000.
Terminated at swamp 1.
The last entry of errorHistory is 1.000083 for index 182535, 183/1000.
Terminated at swamp 0.5.
The last entry of errorHistory is 0.500000 for index 182536, 183/1000.
Terminated at swamp 1.
The last entry of errorHistory is 1.000002 for index 182537, 183/1000.
The last entry of errorHistory is 1.500000 for index 182538, 183/1000.
Terminated at swamp 1.
The last entry of errorHistory is 1.000084 for index 182539, 183/1000.
The last entry of errorHistory is 0.000018 for index 182540, 183/1000.
Terminated at swamp 0.5.
The last entry of errorHistory is 0.500241 for index 182541, 183/1000.
The last entry of errorHistory is 1.000000 for index 182542, 183/1000.
The last entry of errorHistory is 0.500000 for index 182543, 183/1000.
The last entry of errorHistory is 1.000000 for index 182544, 183/1000.
The last entry of errorHistory is 0.000798 for index 182545, 183/1000.
The last entry of errorHistory is 1.000000 for index 182546, 183/1000.
The last entry of errorHistory is 1.000000 for index 182547, 183/1000.
Terminated at swamp 1.
The last entry of errorHistory is 1.000347 for index 182548, 183/1000.
Terminated at swamp 0.5.
The last entry of errorHistory is 0.500654 for index 182549, 183/1000.
The last entry of errorHistory is 0.000831 for index 182550, 183/1000.
The last entry of errorHistory is 1.000000 for index 182551, 183/1000.
Terminated at swamp 0.5.
The last entry of errorHistory is 0.500408 for index 182552, 183/1000.
Terminated at swamp 0.5.
The last entry of errorHistory is 0.500035 for index 182553, 183/1000.
The last entry of errorHistory is 1.000000 for index 182554, 183/1000.
The last entry of errorHistory is 1.000000 for index 182555, 183/1000.
Terminated at swamp 1.
The last entry of errorHistory is 1.000078 for index 182556, 183/1000.
Terminated at swamp 1.
The last entry of errorHistory is 1.000126 for index 182557, 183/1000.
The last entry of errorHistory is 0.000020 for index 182558, 183/1000.
Terminated at swamp 0.5.
The last entry of errorHistory is 0.500537 for index 182559, 183/1000.
Terminated at swamp 0.5.
The last entry of errorHistory is 0.500552 for index 182560, 183/1000.
The last entry of errorHistory is 0.000034 for index 182561, 183/1000.
Terminated at swamp 0.5.
The last entry of errorHistory is 0.500613 for index 182562, 183/1000.
The last entry of errorHistory is 0.500000 for index 182563, 183/1000.
Terminated at swamp 0.5.
The last entry of errorHistory is 0.500750 for index 182564, 183/1000.
Terminated at swamp 1.
The last entry of errorHistory is 1.000462 for index 182565, 183/1000.
Terminated at swamp 1.
The last entry of errorHistory is 1.000171 for index 182566, 183/1000.
The last entry of errorHistory is 0.500000 for index 182567, 183/1000.
Terminated at swamp 0.5.
The last entry of errorHistory is 0.500289 for index 182568, 183/1000.
The last entry of errorHistory is 0.500000 for index 182569, 183/1000.
Terminated at swamp 0.5.
The last entry of errorHistory is 0.500049 for index 182570, 183/1000.
Terminated at swamp 1.
The last entry of errorHistory is 1.000000 for index 182571, 183/1000.
Terminated at swamp 0.5.
The last entry of errorHistory is 0.500644 for index 182572, 183/1000.
Terminated at swamp 1.
The last entry of errorHistory is 1.000000 for index 182573, 183/1000.
The last entry of errorHistory is 0.500000 for index 182574, 183/1000.
Terminated at swamp 0.5.
The last entry of errorHistory is 0.500031 for index 182575, 183/1000.
Terminated at swamp 0.5.
The last entry of errorHistory is 0.500591 for index 182576, 183/1000.
Terminated at swamp 0.5.
The last entry of errorHistory is 0.500096 for index 182577, 183/1000.
The last entry of errorHistory is 1.000000 for index 182578, 183/1000.
Terminated at swamp 1.
The last entry of errorHistory is 1.000000 for index 182579, 183/1000.
The last entry of errorHistory is 1.000000 for index 182580, 183/1000.
Terminated at swamp 0.5.
The last entry of errorHistory is 0.500421 for index 182581, 183/1000.
Terminated at swamp 0.5.
The last entry of errorHistory is 0.500000 for index 182582, 183/1000.
The last entry of errorHistory is 1.000000 for index 182583, 183/1000.
Terminated at swamp 0.5.
The last entry of errorHistory is 0.500528 for index 182584, 183/1000.
The last entry of errorHistory is 1.500000 for index 182585, 183/1000.
Terminated at swamp 0.5.
The last entry of errorHistory is 0.500547 for index 182586, 183/1000.
Terminated at swamp 0.5.
The last entry of errorHistory is 0.500390 for index 182587, 183/1000.
Terminated at swamp 1.
The last entry of errorHistory is 1.000000 for index 182588, 183/1000.
Terminated at swamp 0.5.
The last entry of errorHistory is 0.500579 for index 182589, 183/1000.
Terminated at swamp 0.5.
The last entry of errorHistory is 0.500322 for index 182590, 183/1000.
Terminated at swamp 1.
The last entry of errorHistory is 1.000000 for index 182591, 183/1000.
Terminated at swamp 0.5.
The last entry of errorHistory is 0.500627 for index 182592, 183/1000.
Terminated at swamp 0.5.
The last entry of errorHistory is 0.500603 for index 182593, 183/1000.
The last entry of errorHistory is 1.000000 for index 182594, 183/1000.
The last entry of errorHistory is 1.000000 for index 182595, 183/1000.
The last entry of errorHistory is 0.000731 for index 182596, 183/1000.
Terminated at swamp 0.5.
The last entry of errorHistory is 0.500165 for index 182597, 183/1000.
The last entry of errorHistory is 1.000000 for index 182598, 183/1000.
Terminated at swamp 1.
The last entry of errorHistory is 1.000449 for index 182599, 183/1000.
The last entry of errorHistory is 0.000532 for index 182600, 183/1000.
Terminated at swamp 1.
The last entry of errorHistory is 1.000030 for index 182601, 183/1000.
Terminated at swamp 0.5.
The last entry of errorHistory is 0.500503 for index 182602, 183/1000.
Terminated at swamp 0.5.
The last entry of errorHistory is 0.500527 for index 182603, 183/1000.
Terminated at swamp 0.5.
The last entry of errorHistory is 0.500003 for index 182604, 183/1000.
Terminated at swamp 0.5.
The last entry of errorHistory is 0.500244 for index 182605, 183/1000.
The last entry of errorHistory is 1.000000 for index 182606, 183/1000.
Terminated at swamp 0.5.
The last entry of errorHistory is 0.500193 for index 182607, 183/1000.
Terminated at swamp 0.5.
The last entry of errorHistory is 0.500697 for index 182608, 183/1000.
Terminated at swamp 1.
The last entry of errorHistory is 1.000165 for index 182609, 183/1000.
Terminated at swamp 0.5.
The last entry of errorHistory is 0.500460 for index 182610, 183/1000.
Terminated at swamp 0.5.
The last entry of errorHistory is 0.500386 for index 182611, 183/1000.
Terminated at swamp 1.
The last entry of errorHistory is 1.000014 for index 182612, 183/1000.
The last entry of errorHistory is 0.000036 for index 182613, 183/1000.
Terminated at swamp 1.
The last entry of errorHistory is 1.000225 for index 182614, 183/1000.
Terminated at swamp 1.
The last entry of errorHistory is 1.000335 for index 182615, 183/1000.
Terminated at swamp 0.5.
The last entry of errorHistory is 0.500336 for index 182616, 183/1000.
The last entry of errorHistory is 1.000000 for index 182617, 183/1000.
The last entry of errorHistory is 0.000398 for index 182618, 183/1000.
The last entry of errorHistory is 0.500000 for index 182619, 183/1000.
The last entry of errorHistory is 1.000000 for index 182620, 183/1000.
The last entry of errorHistory is 1.000000 for index 182621, 183/1000.
Terminated at swamp 0.5.
The last entry of errorHistory is 0.500385 for index 182622, 183/1000.
Terminated at swamp 0.5.
The last entry of errorHistory is 0.500648 for index 182623, 183/1000.
Terminated at swamp 0.5.
The last entry of errorHistory is 0.500000 for index 182624, 183/1000.
The last entry of errorHistory is 0.000021 for index 182625, 183/1000.
Terminated at swamp 0.5.
The last entry of errorHistory is 0.500000 for index 182626, 183/1000.
Terminated at swamp 0.5.
The last entry of errorHistory is 0.500434 for index 182627, 183/1000.
The last entry of errorHistory is 0.000182 for index 182628, 183/1000.
Terminated at swamp 0.5.
The last entry of errorHistory is 0.500056 for index 182629, 183/1000.
The last entry of errorHistory is 0.000013 for index 182630, 183/1000.
The last entry of errorHistory is 1.000000 for index 182631, 183/1000.
The last entry of errorHistory is 0.000014 for index 182632, 183/1000.
The last entry of errorHistory is 0.000020 for index 182633, 183/1000.
Terminated at swamp 1.
The last entry of errorHistory is 1.000164 for index 182634, 183/1000.
The last entry of errorHistory is 1.000000 for index 182635, 183/1000.
Terminated at swamp 0.5.
The last entry of errorHistory is 0.500890 for index 182636, 183/1000.
Terminated at swamp 0.5.
The last entry of errorHistory is 0.500400 for index 182637, 183/1000.
The last entry of errorHistory is 1.500000 for index 182638, 183/1000.
Terminated at swamp 0.5.
The last entry of errorHistory is 0.500531 for index 182639, 183/1000.
Terminated at swamp 0.5.
The last entry of errorHistory is 0.500806 for index 182640, 183/1000.
Terminated at swamp 0.5.
The last entry of errorHistory is 0.500486 for index 182641, 183/1000.
Terminated at swamp 1.
The last entry of errorHistory is 1.000000 for index 182642, 183/1000.
The last entry of errorHistory is 1.000000 for index 182643, 183/1000.
The last entry of errorHistory is 1.000000 for index 182644, 183/1000.
The last entry of errorHistory is 0.000018 for index 182645, 183/1000.
Terminated at swamp 0.5.
The last entry of errorHistory is 0.500174 for index 182646, 183/1000.
Terminated at swamp 0.5.
The last entry of errorHistory is 0.500004 for index 182647, 183/1000.
The last entry of errorHistory is 0.000012 for index 182648, 183/1000.
The last entry of errorHistory is 0.500000 for index 182649, 183/1000.
Terminated at swamp 0.5.
The last entry of errorHistory is 0.500443 for index 182650, 183/1000.
Terminated at swamp 0.5.
The last entry of errorHistory is 0.500563 for index 182651, 183/1000.
Terminated at swamp 0.5.
The last entry of errorHistory is 0.500478 for index 182652, 183/1000.
Terminated at swamp 0.5.
The last entry of errorHistory is 0.500141 for index 182653, 183/1000.
Terminated at swamp 1.
The last entry of errorHistory is 1.000074 for index 182654, 183/1000.
The last entry of errorHistory is 1.000000 for index 182655, 183/1000.
Terminated at swamp 0.5.
The last entry of errorHistory is 0.500280 for index 182656, 183/1000.
The last entry of errorHistory is 0.500000 for index 182657, 183/1000.
Terminated at swamp 0.5.
The last entry of errorHistory is 0.500751 for index 182658, 183/1000.
Terminated at swamp 0.5.
The last entry of errorHistory is 0.500436 for index 182659, 183/1000.
Terminated at swamp 0.5.
The last entry of errorHistory is 0.500416 for index 182660, 183/1000.
Terminated at swamp 0.5.
The last entry of errorHistory is 0.500125 for index 182661, 183/1000.
The last entry of errorHistory is 1.000000 for index 182662, 183/1000.
Terminated at swamp 0.5.
The last entry of errorHistory is 0.500026 for index 182663, 183/1000.
Terminated at swamp 0.5.
The last entry of errorHistory is 0.500047 for index 182664, 183/1000.
Terminated at swamp 0.5.
The last entry of errorHistory is 0.500590 for index 182665, 183/1000.
Terminated at swamp 0.5.
The last entry of errorHistory is 0.500546 for index 182666, 183/1000.
Terminated at swamp 1.
The last entry of errorHistory is 1.000362 for index 182667, 183/1000.
The last entry of errorHistory is 1.500000 for index 182668, 183/1000.
Terminated at swamp 0.5.
The last entry of errorHistory is 0.500713 for index 182669, 183/1000.
Terminated at swamp 0.5.
The last entry of errorHistory is 0.500346 for index 182670, 183/1000.
Terminated at swamp 0.5.
The last entry of errorHistory is 0.500228 for index 182671, 183/1000.
Terminated at swamp 0.5.
The last entry of errorHistory is 0.500452 for index 182672, 183/1000.
Terminated at swamp 0.5.
The last entry of errorHistory is 0.500203 for index 182673, 183/1000.
The last entry of errorHistory is 0.500000 for index 182674, 183/1000.
The last entry of errorHistory is 1.000000 for index 182675, 183/1000.
Terminated at swamp 1.
The last entry of errorHistory is 1.000381 for index 182676, 183/1000.
Terminated at swamp 1.
The last entry of errorHistory is 1.000000 for index 182677, 183/1000.
The last entry of errorHistory is 1.000000 for index 182678, 183/1000.
Terminated at swamp 1.
The last entry of errorHistory is 1.000001 for index 182679, 183/1000.
The last entry of errorHistory is 0.000014 for index 182680, 183/1000.
Terminated at swamp 0.5.
The last entry of errorHistory is 0.500557 for index 182681, 183/1000.
The last entry of errorHistory is 0.500000 for index 182682, 183/1000.
Terminated at swamp 0.5.
The last entry of errorHistory is 0.500001 for index 182683, 183/1000.
The last entry of errorHistory is 1.000000 for index 182684, 183/1000.
The last entry of errorHistory is 1.000000 for index 182685, 183/1000.
Terminated at swamp 0.5.
The last entry of errorHistory is 0.500561 for index 182686, 183/1000.
Terminated at swamp 0.5.
The last entry of errorHistory is 0.500000 for index 182687, 183/1000.
The last entry of errorHistory is 0.500000 for index 182688, 183/1000.
The last entry of errorHistory is 1.000000 for index 182689, 183/1000.
The last entry of errorHistory is 1.000000 for index 182690, 183/1000.
Terminated at swamp 1.
The last entry of errorHistory is 1.000017 for index 182691, 183/1000.
The last entry of errorHistory is 1.000000 for index 182692, 183/1000.
The last entry of errorHistory is 0.000482 for index 182693, 183/1000.
Terminated at swamp 1.
The last entry of errorHistory is 1.000315 for index 182694, 183/1000.
Terminated at swamp 0.5.
The last entry of errorHistory is 0.500083 for index 182695, 183/1000.
Terminated at swamp 0.5.
The last entry of errorHistory is 0.500316 for index 182696, 183/1000.
Terminated at swamp 1.
The last entry of errorHistory is 0.999989 for index 182697, 183/1000.
Terminated at swamp 1.
The last entry of errorHistory is 1.000010 for index 182698, 183/1000.
The last entry of errorHistory is 0.500000 for index 182699, 183/1000.
Terminated at swamp 0.5.
The last entry of errorHistory is 0.500356 for index 182700, 183/1000.
The last entry of errorHistory is 0.000017 for index 182701, 183/1000.
Terminated at swamp 0.5.
The last entry of errorHistory is 0.500499 for index 182702, 183/1000.
Terminated at swamp 1.
The last entry of errorHistory is 1.000068 for index 182703, 183/1000.
The last entry of errorHistory is 0.000900 for index 182704, 183/1000.
Terminated at swamp 0.5.
The last entry of errorHistory is 0.500404 for index 182705, 183/1000.
The last entry of errorHistory is 1.000000 for index 182706, 183/1000.
Terminated at swamp 1.
The last entry of errorHistory is 1.000000 for index 182707, 183/1000.
Terminated at swamp 0.5.
The last entry of errorHistory is 0.500515 for index 182708, 183/1000.
Terminated at swamp 0.5.
The last entry of errorHistory is 0.500224 for index 182709, 183/1000.
Terminated at swamp 0.5.
The last entry of errorHistory is 0.500481 for index 182710, 183/1000.
Terminated at swamp 0.5.
The last entry of errorHistory is 0.500263 for index 182711, 183/1000.
Terminated at swamp 0.5.
The last entry of errorHistory is 0.500351 for index 182712, 183/1000.
Terminated at swamp 0.5.
The last entry of errorHistory is 0.500598 for index 182713, 183/1000.
Terminated at swamp 0.5.
The last entry of errorHistory is 0.500000 for index 182714, 183/1000.
The last entry of errorHistory is 0.000018 for index 182715, 183/1000.
The last entry of errorHistory is 0.000011 for index 182716, 183/1000.
Terminated at swamp 0.5.
The last entry of errorHistory is 0.500566 for index 182717, 183/1000.
Terminated at swamp 0.5.
The last entry of errorHistory is 0.500373 for index 182718, 183/1000.
Terminated at swamp 1.
The last entry of errorHistory is 1.000543 for index 182719, 183/1000.
The last entry of errorHistory is 1.000000 for index 182720, 183/1000.
The last entry of errorHistory is 0.000182 for index 182721, 183/1000.
Terminated at swamp 0.5.
The last entry of errorHistory is 0.500488 for index 182722, 183/1000.
Terminated at swamp 0.5.
The last entry of errorHistory is 0.500684 for index 182723, 183/1000.
The last entry of errorHistory is 1.000000 for index 182724, 183/1000.
Terminated at swamp 0.5.
The last entry of errorHistory is 0.500443 for index 182725, 183/1000.
Terminated at swamp 1.
The last entry of errorHistory is 1.000309 for index 182726, 183/1000.
Terminated at swamp 0.5.
The last entry of errorHistory is 0.500004 for index 182727, 183/1000.
The last entry of errorHistory is 1.000000 for index 182728, 183/1000.
Terminated at swamp 0.5.
The last entry of errorHistory is 0.500249 for index 182729, 183/1000.
The last entry of errorHistory is 1.000000 for index 182730, 183/1000.
The last entry of errorHistory is 0.500000 for index 182731, 183/1000.
The last entry of errorHistory is 1.000000 for index 182732, 183/1000.
Terminated at swamp 0.5.
The last entry of errorHistory is 0.500342 for index 182733, 183/1000.
The last entry of errorHistory is 0.000016 for index 182734, 183/1000.
Terminated at swamp 1.
The last entry of errorHistory is 1.000162 for index 182735, 183/1000.
Terminated at swamp 0.5.
The last entry of errorHistory is 0.500408 for index 182736, 183/1000.
The last entry of errorHistory is 1.500000 for index 182737, 183/1000.
Terminated at swamp 0.5.
The last entry of errorHistory is 0.500324 for index 182738, 183/1000.
Terminated at swamp 0.5.
The last entry of errorHistory is 0.500820 for index 182739, 183/1000.
Terminated at swamp 0.5.
The last entry of errorHistory is 0.500414 for index 182740, 183/1000.
The last entry of errorHistory is 0.500000 for index 182741, 183/1000.
Terminated at swamp 0.5.
The last entry of errorHistory is 0.500348 for index 182742, 183/1000.
Terminated at swamp 0.5.
The last entry of errorHistory is 0.500411 for index 182743, 183/1000.
Terminated at swamp 0.5.
The last entry of errorHistory is 0.500341 for index 182744, 183/1000.
The last entry of errorHistory is 0.000018 for index 182745, 183/1000.
Terminated at swamp 0.5.
The last entry of errorHistory is 0.500632 for index 182746, 183/1000.
Terminated at swamp 0.5.
The last entry of errorHistory is 0.500044 for index 182747, 183/1000.
Terminated at swamp 1.
The last entry of errorHistory is 1.000074 for index 182748, 183/1000.
Terminated at swamp 0.5.
The last entry of errorHistory is 0.500410 for index 182749, 183/1000.
The last entry of errorHistory is 1.000000 for index 182750, 183/1000.
Terminated at swamp 1.
The last entry of errorHistory is 1.000001 for index 182751, 183/1000.
Terminated at swamp 0.5.
The last entry of errorHistory is 0.500498 for index 182752, 183/1000.
The last entry of errorHistory is 0.000022 for index 182753, 183/1000.
Terminated at swamp 0.5.
The last entry of errorHistory is 0.500077 for index 182754, 183/1000.
Terminated at swamp 0.5.
The last entry of errorHistory is 0.500164 for index 182755, 183/1000.
The last entry of errorHistory is 1.000000 for index 182756, 183/1000.
Terminated at swamp 1.
The last entry of errorHistory is 1.000223 for index 182757, 183/1000.
Terminated at swamp 0.5.
The last entry of errorHistory is 0.500468 for index 182758, 183/1000.
Terminated at swamp 1.
The last entry of errorHistory is 1.000190 for index 182759, 183/1000.
Terminated at swamp 0.5.
The last entry of errorHistory is 0.500294 for index 182760, 183/1000.
Terminated at swamp 0.5.
The last entry of errorHistory is 0.500446 for index 182761, 183/1000.
Terminated at swamp 0.5.
The last entry of errorHistory is 0.500514 for index 182762, 183/1000.
Terminated at swamp 0.5.
The last entry of errorHistory is 0.500005 for index 182763, 183/1000.
The last entry of errorHistory is 1.000000 for index 182764, 183/1000.
The last entry of errorHistory is 0.500000 for index 182765, 183/1000.
Terminated at swamp 0.5.
The last entry of errorHistory is 0.500000 for index 182766, 183/1000.
Terminated at swamp 1.
The last entry of errorHistory is 1.000053 for index 182767, 183/1000.
The last entry of errorHistory is 1.500000 for index 182768, 183/1000.
Terminated at swamp 0.5.
The last entry of errorHistory is 0.500409 for index 182769, 183/1000.
Terminated at swamp 0.5.
The last entry of errorHistory is 0.500516 for index 182770, 183/1000.
The last entry of errorHistory is 0.000015 for index 182771, 183/1000.
The last entry of errorHistory is 0.500000 for index 182772, 183/1000.
The last entry of errorHistory is 1.000000 for index 182773, 183/1000.
Terminated at swamp 0.5.
The last entry of errorHistory is 0.500414 for index 182774, 183/1000.
The last entry of errorHistory is 0.000639 for index 182775, 183/1000.
The last entry of errorHistory is 1.000000 for index 182776, 183/1000.
The last entry of errorHistory is 0.000019 for index 182777, 183/1000.
Terminated at swamp 0.5.
The last entry of errorHistory is 0.500310 for index 182778, 183/1000.
Terminated at swamp 0.5.
The last entry of errorHistory is 0.500588 for index 182779, 183/1000.
Terminated at swamp 0.5.
The last entry of errorHistory is 0.500184 for index 182780, 183/1000.
Terminated at swamp 0.5.
The last entry of errorHistory is 0.500452 for index 182781, 183/1000.
Terminated at swamp 1.
The last entry of errorHistory is 1.000026 for index 182782, 183/1000.
Terminated at swamp 0.5.
The last entry of errorHistory is 0.500100 for index 182783, 183/1000.
Terminated at swamp 0.5.
The last entry of errorHistory is 0.500445 for index 182784, 183/1000.
Terminated at swamp 0.5.
The last entry of errorHistory is 0.500634 for index 182785, 183/1000.
Terminated at swamp 0.5.
The last entry of errorHistory is 0.500106 for index 182786, 183/1000.
The last entry of errorHistory is 0.000091 for index 182787, 183/1000.
The last entry of errorHistory is 1.000000 for index 182788, 183/1000.
The last entry of errorHistory is 0.000007 for index 182789, 183/1000.
Terminated at swamp 1.
The last entry of errorHistory is 1.000291 for index 182790, 183/1000.
The last entry of errorHistory is 0.000284 for index 182791, 183/1000.
The last entry of errorHistory is 0.500000 for index 182792, 183/1000.
Terminated at swamp 1.
The last entry of errorHistory is 1.000066 for index 182793, 183/1000.
Terminated at swamp 1.
The last entry of errorHistory is 1.000091 for index 182794, 183/1000.
The last entry of errorHistory is 0.000065 for index 182795, 183/1000.
The last entry of errorHistory is 1.000000 for index 182796, 183/1000.
Terminated at swamp 0.5.
The last entry of errorHistory is 0.500099 for index 182797, 183/1000.
Terminated at swamp 0.5.
The last entry of errorHistory is 0.500474 for index 182798, 183/1000.
Terminated at swamp 0.5.
The last entry of errorHistory is 0.500489 for index 182799, 183/1000.
The last entry of errorHistory is 0.001159 for index 182800, 183/1000.
The last entry of errorHistory is 1.000000 for index 182801, 183/1000.
Terminated at swamp 0.5.
The last entry of errorHistory is 0.500360 for index 182802, 183/1000.
Terminated at swamp 0.5.
The last entry of errorHistory is 0.500447 for index 182803, 183/1000.
Terminated at swamp 0.5.
The last entry of errorHistory is 0.500613 for index 182804, 183/1000.
Terminated at swamp 0.5.
The last entry of errorHistory is 0.500339 for index 182805, 183/1000.
The last entry of errorHistory is 1.000000 for index 182806, 183/1000.
The last entry of errorHistory is 1.000000 for index 182807, 183/1000.
Terminated at swamp 0.5.
The last entry of errorHistory is 0.500421 for index 182808, 183/1000.
Terminated at swamp 0.5.
The last entry of errorHistory is 0.500426 for index 182809, 183/1000.
Terminated at swamp 0.5.
The last entry of errorHistory is 0.500707 for index 182810, 183/1000.
The last entry of errorHistory is 1.000000 for index 182811, 183/1000.
Terminated at swamp 1.
The last entry of errorHistory is 1.000509 for index 182812, 183/1000.
Terminated at swamp 0.5.
The last entry of errorHistory is 0.500482 for index 182813, 183/1000.
The last entry of errorHistory is 1.000000 for index 182814, 183/1000.
Terminated at swamp 0.5.
The last entry of errorHistory is 0.500059 for index 182815, 183/1000.
Terminated at swamp 0.5.
The last entry of errorHistory is 0.500028 for index 182816, 183/1000.
Terminated at swamp 0.5.
The last entry of errorHistory is 0.500632 for index 182817, 183/1000.
Terminated at swamp 0.5.
The last entry of errorHistory is 0.500372 for index 182818, 183/1000.
Terminated at swamp 0.5.
The last entry of errorHistory is 0.500179 for index 182819, 183/1000.
The last entry of errorHistory is 1.000000 for index 182820, 183/1000.
Terminated at swamp 0.5.
The last entry of errorHistory is 0.500420 for index 182821, 183/1000.
Terminated at swamp 0.5.
The last entry of errorHistory is 0.500226 for index 182822, 183/1000.
Terminated at swamp 0.5.
The last entry of errorHistory is 0.500103 for index 182823, 183/1000.
The last entry of errorHistory is 0.000315 for index 182824, 183/1000.
Terminated at swamp 0.5.
The last entry of errorHistory is 0.500478 for index 182825, 183/1000.
Terminated at swamp 0.5.
The last entry of errorHistory is 0.500418 for index 182826, 183/1000.
The last entry of errorHistory is 0.000992 for index 182827, 183/1000.
Terminated at swamp 1.5.
The last entry of errorHistory is 1.500000 for index 182828, 183/1000.
The last entry of errorHistory is 0.000185 for index 182829, 183/1000.
Terminated at swamp 1.
The last entry of errorHistory is 1.000000 for index 182830, 183/1000.
The last entry of errorHistory is 1.000000 for index 182831, 183/1000.
Terminated at swamp 0.5.
The last entry of errorHistory is 0.500476 for index 182832, 183/1000.
Terminated at swamp 0.5.
The last entry of errorHistory is 0.500398 for index 182833, 183/1000.
Terminated at swamp 0.5.
The last entry of errorHistory is 0.500676 for index 182834, 183/1000.
The last entry of errorHistory is 1.000000 for index 182835, 183/1000.
Terminated at swamp 0.5.
The last entry of errorHistory is 0.500506 for index 182836, 183/1000.
Terminated at swamp 0.5.
The last entry of errorHistory is 0.500005 for index 182837, 183/1000.
Terminated at swamp 0.5.
The last entry of errorHistory is 0.500231 for index 182838, 183/1000.
Terminated at swamp 0.5.
The last entry of errorHistory is 0.500654 for index 182839, 183/1000.
Terminated at swamp 1.
The last entry of errorHistory is 1.000467 for index 182840, 183/1000.
Terminated at swamp 0.5.
The last entry of errorHistory is 0.500000 for index 182841, 183/1000.
The last entry of errorHistory is 1.000000 for index 182842, 183/1000.
Terminated at swamp 1.
The last entry of errorHistory is 1.000007 for index 182843, 183/1000.
The last entry of errorHistory is 0.500000 for index 182844, 183/1000.
The last entry of errorHistory is 1.000000 for index 182845, 183/1000.
Terminated at swamp 1.
The last entry of errorHistory is 1.000264 for index 182846, 183/1000.
The last entry of errorHistory is 0.500000 for index 182847, 183/1000.
Terminated at swamp 0.5.
The last entry of errorHistory is 0.500163 for index 182848, 183/1000.
Terminated at swamp 0.5.
The last entry of errorHistory is 0.500118 for index 182849, 183/1000.
Terminated at swamp 0.5.
The last entry of errorHistory is 0.500142 for index 182850, 183/1000.
Terminated at swamp 1.
The last entry of errorHistory is 1.000015 for index 182851, 183/1000.
Terminated at swamp 0.5.
The last entry of errorHistory is 0.500764 for index 182852, 183/1000.
Terminated at swamp 0.5.
The last entry of errorHistory is 0.500265 for index 182853, 183/1000.
Terminated at swamp 1.
The last entry of errorHistory is 1.000001 for index 182854, 183/1000.
Terminated at swamp 0.5.
The last entry of errorHistory is 0.500052 for index 182855, 183/1000.
The last entry of errorHistory is 1.000000 for index 182856, 183/1000.
The last entry of errorHistory is 0.000014 for index 182857, 183/1000.
The last entry of errorHistory is 0.000021 for index 182858, 183/1000.
The last entry of errorHistory is 0.000040 for index 182859, 183/1000.
Terminated at swamp 0.5.
The last entry of errorHistory is 0.500558 for index 182860, 183/1000.
The last entry of errorHistory is 1.000000 for index 182861, 183/1000.
The last entry of errorHistory is 0.000138 for index 182862, 183/1000.
The last entry of errorHistory is 1.000000 for index 182863, 183/1000.
The last entry of errorHistory is 0.000130 for index 182864, 183/1000.
Terminated at swamp 1.
The last entry of errorHistory is 1.000000 for index 182865, 183/1000.
Terminated at swamp 1.
The last entry of errorHistory is 1.000004 for index 182866, 183/1000.
Terminated at swamp 0.5.
The last entry of errorHistory is 0.500462 for index 182867, 183/1000.
The last entry of errorHistory is 1.000000 for index 182868, 183/1000.
The last entry of errorHistory is 0.000017 for index 182869, 183/1000.
Terminated at swamp 0.5.
The last entry of errorHistory is 0.500155 for index 182870, 183/1000.
The last entry of errorHistory is 1.000000 for index 182871, 183/1000.
Terminated at swamp 0.5.
The last entry of errorHistory is 0.500274 for index 182872, 183/1000.
Terminated at swamp 0.5.
The last entry of errorHistory is 0.500486 for index 182873, 183/1000.
The last entry of errorHistory is 0.000057 for index 182874, 183/1000.
Terminated at swamp 1.
The last entry of errorHistory is 1.000237 for index 182875, 183/1000.
Terminated at swamp 0.5.
The last entry of errorHistory is 0.500351 for index 182876, 183/1000.
Terminated at swamp 1.
The last entry of errorHistory is 1.000012 for index 182877, 183/1000.
Terminated at swamp 0.5.
The last entry of errorHistory is 0.500485 for index 182878, 183/1000.
Terminated at swamp 0.5.
The last entry of errorHistory is 0.500583 for index 182879, 183/1000.
The last entry of errorHistory is 1.000000 for index 182880, 183/1000.
The last entry of errorHistory is 0.000014 for index 182881, 183/1000.
The last entry of errorHistory is 1.000000 for index 182882, 183/1000.
Terminated at swamp 0.5.
The last entry of errorHistory is 0.500368 for index 182883, 183/1000.
Terminated at swamp 0.5.
The last entry of errorHistory is 0.500543 for index 182884, 183/1000.
Terminated at swamp 0.5.
The last entry of errorHistory is 0.500611 for index 182885, 183/1000.
Terminated at swamp 0.5.
The last entry of errorHistory is 0.500197 for index 182886, 183/1000.
Terminated at swamp 0.5.
The last entry of errorHistory is 0.500445 for index 182887, 183/1000.
Terminated at swamp 0.5.
The last entry of errorHistory is 0.500263 for index 182888, 183/1000.
Terminated at swamp 0.5.
The last entry of errorHistory is 0.500070 for index 182889, 183/1000.
The last entry of errorHistory is 0.000432 for index 182890, 183/1000.
Terminated at swamp 0.5.
The last entry of errorHistory is 0.500320 for index 182891, 183/1000.
Terminated at swamp 0.5.
The last entry of errorHistory is 0.500457 for index 182892, 183/1000.
Terminated at swamp 1.
The last entry of errorHistory is 1.000175 for index 182893, 183/1000.
Terminated at swamp 1.
The last entry of errorHistory is 1.000028 for index 182894, 183/1000.
Terminated at swamp 1.
The last entry of errorHistory is 1.000000 for index 182895, 183/1000.
The last entry of errorHistory is 0.000016 for index 182896, 183/1000.
The last entry of errorHistory is 1.000000 for index 182897, 183/1000.
Terminated at swamp 0.5.
The last entry of errorHistory is 0.500601 for index 182898, 183/1000.
Terminated at swamp 1.
The last entry of errorHistory is 1.000006 for index 182899, 183/1000.
Terminated at swamp 0.5.
The last entry of errorHistory is 0.500181 for index 182900, 183/1000.
Terminated at swamp 0.5.
The last entry of errorHistory is 0.500370 for index 182901, 183/1000.
Terminated at swamp 0.5.
The last entry of errorHistory is 0.500277 for index 182902, 183/1000.
Terminated at swamp 1.
The last entry of errorHistory is 1.000092 for index 182903, 183/1000.
Terminated at swamp 0.5.
The last entry of errorHistory is 0.500034 for index 182904, 183/1000.
Terminated at swamp 0.5.
The last entry of errorHistory is 0.500601 for index 182905, 183/1000.
Terminated at swamp 0.5.
The last entry of errorHistory is 0.500315 for index 182906, 183/1000.
The last entry of errorHistory is 0.000117 for index 182907, 183/1000.
Terminated at swamp 0.5.
The last entry of errorHistory is 0.500245 for index 182908, 183/1000.
The last entry of errorHistory is 1.000000 for index 182909, 183/1000.
The last entry of errorHistory is 0.500000 for index 182910, 183/1000.
Terminated at swamp 0.5.
The last entry of errorHistory is 0.500058 for index 182911, 183/1000.
Terminated at swamp 0.5.
The last entry of errorHistory is 0.500576 for index 182912, 183/1000.
Terminated at swamp 1.
The last entry of errorHistory is 1.000125 for index 182913, 183/1000.
The last entry of errorHistory is 0.500000 for index 182914, 183/1000.
The last entry of errorHistory is 1.000000 for index 182915, 183/1000.
Terminated at swamp 1.
The last entry of errorHistory is 1.000019 for index 182916, 183/1000.
Terminated at swamp 0.5.
The last entry of errorHistory is 0.500348 for index 182917, 183/1000.
The last entry of errorHistory is 0.500000 for index 182918, 183/1000.
Terminated at swamp 0.5.
The last entry of errorHistory is 0.500249 for index 182919, 183/1000.
Terminated at swamp 0.5.
The last entry of errorHistory is 0.500474 for index 182920, 183/1000.
The last entry of errorHistory is 0.500000 for index 182921, 183/1000.
Terminated at swamp 0.5.
The last entry of errorHistory is 0.500264 for index 182922, 183/1000.
The last entry of errorHistory is 0.000943 for index 182923, 183/1000.
Terminated at swamp 1.
The last entry of errorHistory is 1.000000 for index 182924, 183/1000.
The last entry of errorHistory is 1.000000 for index 182925, 183/1000.
Terminated at swamp 0.5.
The last entry of errorHistory is 0.500769 for index 182926, 183/1000.
Terminated at swamp 1.
The last entry of errorHistory is 1.000071 for index 182927, 183/1000.
Terminated at swamp 1.
The last entry of errorHistory is 1.000000 for index 182928, 183/1000.
The last entry of errorHistory is 0.000014 for index 182929, 183/1000.
Terminated at swamp 0.5.
The last entry of errorHistory is 0.500402 for index 182930, 183/1000.
The last entry of errorHistory is 0.000023 for index 182931, 183/1000.
Terminated at swamp 1.
The last entry of errorHistory is 1.000000 for index 182932, 183/1000.
The last entry of errorHistory is 0.000067 for index 182933, 183/1000.
Terminated at swamp 0.5.
The last entry of errorHistory is 0.500423 for index 182934, 183/1000.
Terminated at swamp 0.5.
The last entry of errorHistory is 0.500449 for index 182935, 183/1000.
Terminated at swamp 1.
The last entry of errorHistory is 1.000152 for index 182936, 183/1000.
The last entry of errorHistory is 0.000019 for index 182937, 183/1000.
Terminated at swamp 0.5.
The last entry of errorHistory is 0.500195 for index 182938, 183/1000.
Terminated at swamp 0.5.
The last entry of errorHistory is 0.500404 for index 182939, 183/1000.
The last entry of errorHistory is 1.000000 for index 182940, 183/1000.
Terminated at swamp 0.5.
The last entry of errorHistory is 0.500471 for index 182941, 183/1000.
Terminated at swamp 0.5.
The last entry of errorHistory is 0.500672 for index 182942, 183/1000.
Terminated at swamp 0.5.
The last entry of errorHistory is 0.500195 for index 182943, 183/1000.
The last entry of errorHistory is 1.000000 for index 182944, 183/1000.
Terminated at swamp 0.5.
The last entry of errorHistory is 0.500607 for index 182945, 183/1000.
Terminated at swamp 0.5.
The last entry of errorHistory is 0.500036 for index 182946, 183/1000.
The last entry of errorHistory is 1.000000 for index 182947, 183/1000.
The last entry of errorHistory is 1.000000 for index 182948, 183/1000.
Terminated at swamp 0.5.
The last entry of errorHistory is 0.500886 for index 182949, 183/1000.
Terminated at swamp 0.5.
The last entry of errorHistory is 0.500713 for index 182950, 183/1000.
The last entry of errorHistory is 1.000000 for index 182951, 183/1000.
Terminated at swamp 0.5.
The last entry of errorHistory is 0.500362 for index 182952, 183/1000.
Terminated at swamp 0.5.
The last entry of errorHistory is 0.500467 for index 182953, 183/1000.
Terminated at swamp 0.5.
The last entry of errorHistory is 0.500504 for index 182954, 183/1000.
Terminated at swamp 0.5.
The last entry of errorHistory is 0.500619 for index 182955, 183/1000.
The last entry of errorHistory is 1.000000 for index 182956, 183/1000.
The last entry of errorHistory is 1.000000 for index 182957, 183/1000.
Terminated at swamp 0.5.
The last entry of errorHistory is 0.500476 for index 182958, 183/1000.
Terminated at swamp 0.5.
The last entry of errorHistory is 0.500505 for index 182959, 183/1000.
The last entry of errorHistory is 1.000000 for index 182960, 183/1000.
The last entry of errorHistory is 0.500000 for index 182961, 183/1000.
Terminated at swamp 0.5.
The last entry of errorHistory is 0.500638 for index 182962, 183/1000.
The last entry of errorHistory is 1.000000 for index 182963, 183/1000.
The last entry of errorHistory is 0.000066 for index 182964, 183/1000.
The last entry of errorHistory is 1.000000 for index 182965, 183/1000.
Terminated at swamp 0.5.
The last entry of errorHistory is 0.500341 for index 182966, 183/1000.
The last entry of errorHistory is 1.500000 for index 182967, 183/1000.
Terminated at swamp 0.5.
The last entry of errorHistory is 0.500553 for index 182968, 183/1000.
Terminated at swamp 0.5.
The last entry of errorHistory is 0.500325 for index 182969, 183/1000.
Terminated at swamp 0.5.
The last entry of errorHistory is 0.500004 for index 182970, 183/1000.
Terminated at swamp 0.5.
The last entry of errorHistory is 0.500283 for index 182971, 183/1000.
Terminated at swamp 0.5.
The last entry of errorHistory is 0.500436 for index 182972, 183/1000.
The last entry of errorHistory is 0.001380 for index 182973, 183/1000.
Terminated at swamp 0.5.
The last entry of errorHistory is 0.500050 for index 182974, 183/1000.
Terminated at swamp 0.5.
The last entry of errorHistory is 0.500534 for index 182975, 183/1000.
Terminated at swamp 0.5.
The last entry of errorHistory is 0.500314 for index 182976, 183/1000.
The last entry of errorHistory is 0.000012 for index 182977, 183/1000.
Terminated at swamp 0.5.
The last entry of errorHistory is 0.500195 for index 182978, 183/1000.
Terminated at swamp 1.
The last entry of errorHistory is 1.000405 for index 182979, 183/1000.
Terminated at swamp 0.5.
The last entry of errorHistory is 0.500568 for index 182980, 183/1000.
The last entry of errorHistory is 0.500000 for index 182981, 183/1000.
The last entry of errorHistory is 0.000366 for index 182982, 183/1000.
Terminated at swamp 0.5.
The last entry of errorHistory is 0.500000 for index 182983, 183/1000.
Terminated at swamp 0.5.
The last entry of errorHistory is 0.500602 for index 182984, 183/1000.
Terminated at swamp 0.5.
The last entry of errorHistory is 0.500596 for index 182985, 183/1000.
The last entry of errorHistory is 0.000016 for index 182986, 183/1000.
The last entry of errorHistory is 0.000012 for index 182987, 183/1000.
The last entry of errorHistory is 0.000663 for index 182988, 183/1000.
The last entry of errorHistory is 1.000000 for index 182989, 183/1000.
Terminated at swamp 0.5.
The last entry of errorHistory is 0.500000 for index 182990, 183/1000.
The last entry of errorHistory is 0.500000 for index 182991, 183/1000.
The last entry of errorHistory is 1.000000 for index 182992, 183/1000.
Terminated at swamp 0.5.
The last entry of errorHistory is 0.500536 for index 182993, 183/1000.
The last entry of errorHistory is 1.000000 for index 182994, 183/1000.
The last entry of errorHistory is 1.000000 for index 182995, 183/1000.
Terminated at swamp 0.5.
The last entry of errorHistory is 0.500639 for index 182996, 183/1000.
Terminated at swamp 0.5.
The last entry of errorHistory is 0.500628 for index 182997, 183/1000.
Terminated at swamp 0.5.
The last entry of errorHistory is 0.500472 for index 182998, 183/1000.
Terminated at swamp 0.5.
The last entry of errorHistory is 0.500009 for index 182999, 183/1000.
The last entry of errorHistory is 0.000015 for index 183000, 183/1000.
