
                            < M A T L A B (R) >
                  Copyright 1984-2018 The MathWorks, Inc.
                   R2018b (9.5.0.944444) 64-bit (glnxa64)
                              August 28, 2018

 
To get started, type doc.
For product information, visit www.mathworks.com.
 
Terminated at swamp 0.5.
The last entry of errorHistory is 0.500227 for index 206001, 207/1000.
Terminated at swamp 0.5.
The last entry of errorHistory is 0.500521 for index 206002, 207/1000.
The last entry of errorHistory is 1.000000 for index 206003, 207/1000.
Terminated at swamp 0.5.
The last entry of errorHistory is 0.500598 for index 206004, 207/1000.
Terminated at swamp 0.5.
The last entry of errorHistory is 0.500822 for index 206005, 207/1000.
Terminated at swamp 0.5.
The last entry of errorHistory is 0.500458 for index 206006, 207/1000.
The last entry of errorHistory is 0.000022 for index 206007, 207/1000.
The last entry of errorHistory is 1.000000 for index 206008, 207/1000.
Terminated at swamp 0.5.
The last entry of errorHistory is 0.500516 for index 206009, 207/1000.
Terminated at swamp 1.
The last entry of errorHistory is 1.000001 for index 206010, 207/1000.
The last entry of errorHistory is 0.000078 for index 206011, 207/1000.
Terminated at swamp 0.5.
The last entry of errorHistory is 0.500361 for index 206012, 207/1000.
Terminated at swamp 0.5.
The last entry of errorHistory is 0.500265 for index 206013, 207/1000.
The last entry of errorHistory is 1.000000 for index 206014, 207/1000.
Terminated at swamp 0.5.
The last entry of errorHistory is 0.500433 for index 206015, 207/1000.
The last entry of errorHistory is 0.000042 for index 206016, 207/1000.
Terminated at swamp 0.5.
The last entry of errorHistory is 0.500575 for index 206017, 207/1000.
The last entry of errorHistory is 0.000365 for index 206018, 207/1000.
The last entry of errorHistory is 0.001391 for index 206019, 207/1000.
Terminated at swamp 1.
The last entry of errorHistory is 1.000170 for index 206020, 207/1000.
The last entry of errorHistory is 1.000000 for index 206021, 207/1000.
Terminated at swamp 0.5.
The last entry of errorHistory is 0.500201 for index 206022, 207/1000.
The last entry of errorHistory is 0.000023 for index 206023, 207/1000.
Terminated at swamp 1.
The last entry of errorHistory is 1.000000 for index 206024, 207/1000.
Terminated at swamp 0.5.
The last entry of errorHistory is 0.500573 for index 206025, 207/1000.
The last entry of errorHistory is 0.500000 for index 206026, 207/1000.
Terminated at swamp 0.5.
The last entry of errorHistory is 0.500101 for index 206027, 207/1000.
Terminated at swamp 0.5.
The last entry of errorHistory is 0.500098 for index 206028, 207/1000.
The last entry of errorHistory is 0.000028 for index 206029, 207/1000.
Terminated at swamp 0.5.
The last entry of errorHistory is 0.500416 for index 206030, 207/1000.
Terminated at swamp 0.5.
The last entry of errorHistory is 0.500423 for index 206031, 207/1000.
Terminated at swamp 0.5.
The last entry of errorHistory is 0.500068 for index 206032, 207/1000.
The last entry of errorHistory is 0.000014 for index 206033, 207/1000.
Terminated at swamp 0.5.
The last entry of errorHistory is 0.500417 for index 206034, 207/1000.
Terminated at swamp 0.5.
The last entry of errorHistory is 0.500046 for index 206035, 207/1000.
Terminated at swamp 1.
The last entry of errorHistory is 1.000005 for index 206036, 207/1000.
Terminated at swamp 0.5.
The last entry of errorHistory is 0.500411 for index 206037, 207/1000.
Terminated at swamp 0.5.
The last entry of errorHistory is 0.500000 for index 206038, 207/1000.
The last entry of errorHistory is 1.000000 for index 206039, 207/1000.
Terminated at swamp 0.5.
The last entry of errorHistory is 0.500577 for index 206040, 207/1000.
Terminated at swamp 0.5.
The last entry of errorHistory is 0.500049 for index 206041, 207/1000.
The last entry of errorHistory is 0.500000 for index 206042, 207/1000.
Terminated at swamp 1.
The last entry of errorHistory is 1.000000 for index 206043, 207/1000.
Terminated at swamp 0.5.
The last entry of errorHistory is 0.500089 for index 206044, 207/1000.
Terminated at swamp 0.5.
The last entry of errorHistory is 0.500108 for index 206045, 207/1000.
The last entry of errorHistory is 1.500000 for index 206046, 207/1000.
Terminated at swamp 0.5.
The last entry of errorHistory is 0.500655 for index 206047, 207/1000.
Terminated at swamp 1.
The last entry of errorHistory is 1.000056 for index 206048, 207/1000.
Terminated at swamp 0.5.
The last entry of errorHistory is 0.500391 for index 206049, 207/1000.
Terminated at swamp 0.5.
The last entry of errorHistory is 0.500289 for index 206050, 207/1000.
Terminated at swamp 0.5.
The last entry of errorHistory is 0.500240 for index 206051, 207/1000.
The last entry of errorHistory is 0.500000 for index 206052, 207/1000.
Terminated at swamp 0.5.
The last entry of errorHistory is 0.500009 for index 206053, 207/1000.
The last entry of errorHistory is 1.000000 for index 206054, 207/1000.
The last entry of errorHistory is 1.000000 for index 206055, 207/1000.
The last entry of errorHistory is 1.000000 for index 206056, 207/1000.
Terminated at swamp 0.5.
The last entry of errorHistory is 0.500539 for index 206057, 207/1000.
The last entry of errorHistory is 0.000012 for index 206058, 207/1000.
The last entry of errorHistory is 1.000000 for index 206059, 207/1000.
Terminated at swamp 0.5.
The last entry of errorHistory is 0.500520 for index 206060, 207/1000.
Terminated at swamp 0.5.
The last entry of errorHistory is 0.500225 for index 206061, 207/1000.
Terminated at swamp 0.5.
The last entry of errorHistory is 0.500041 for index 206062, 207/1000.
Terminated at swamp 0.5.
The last entry of errorHistory is 0.500435 for index 206063, 207/1000.
Terminated at swamp 1.
The last entry of errorHistory is 1.000000 for index 206064, 207/1000.
Terminated at swamp 0.5.
The last entry of errorHistory is 0.500632 for index 206065, 207/1000.
Terminated at swamp 0.5.
The last entry of errorHistory is 0.500047 for index 206066, 207/1000.
The last entry of errorHistory is 0.000018 for index 206067, 207/1000.
Terminated at swamp 0.5.
The last entry of errorHistory is 0.500692 for index 206068, 207/1000.
The last entry of errorHistory is 1.500000 for index 206069, 207/1000.
Terminated at swamp 0.5.
The last entry of errorHistory is 0.500038 for index 206070, 207/1000.
Terminated at swamp 0.5.
The last entry of errorHistory is 0.500054 for index 206071, 207/1000.
Terminated at swamp 0.5.
The last entry of errorHistory is 0.500544 for index 206072, 207/1000.
Terminated at swamp 1.
The last entry of errorHistory is 1.000477 for index 206073, 207/1000.
Terminated at swamp 0.5.
The last entry of errorHistory is 0.500080 for index 206074, 207/1000.
Terminated at swamp 1.
The last entry of errorHistory is 1.000100 for index 206075, 207/1000.
The last entry of errorHistory is 1.000000 for index 206076, 207/1000.
Terminated at swamp 0.5.
The last entry of errorHistory is 0.500452 for index 206077, 207/1000.
The last entry of errorHistory is 1.000000 for index 206078, 207/1000.
Terminated at swamp 1.
The last entry of errorHistory is 1.000134 for index 206079, 207/1000.
The last entry of errorHistory is 0.000081 for index 206080, 207/1000.
The last entry of errorHistory is 1.500000 for index 206081, 207/1000.
The last entry of errorHistory is 0.000110 for index 206082, 207/1000.
Terminated at swamp 1.
The last entry of errorHistory is 1.000003 for index 206083, 207/1000.
Terminated at swamp 0.5.
The last entry of errorHistory is 0.500457 for index 206084, 207/1000.
The last entry of errorHistory is 0.000039 for index 206085, 207/1000.
Terminated at swamp 0.5.
The last entry of errorHistory is 0.500327 for index 206086, 207/1000.
Terminated at swamp 0.5.
The last entry of errorHistory is 0.500519 for index 206087, 207/1000.
The last entry of errorHistory is 0.500000 for index 206088, 207/1000.
Terminated at swamp 0.5.
The last entry of errorHistory is 0.500584 for index 206089, 207/1000.
Terminated at swamp 0.5.
The last entry of errorHistory is 0.500463 for index 206090, 207/1000.
Terminated at swamp 0.5.
The last entry of errorHistory is 0.500481 for index 206091, 207/1000.
Terminated at swamp 0.5.
The last entry of errorHistory is 0.500059 for index 206092, 207/1000.
The last entry of errorHistory is 0.000026 for index 206093, 207/1000.
Terminated at swamp 1.
The last entry of errorHistory is 1.000000 for index 206094, 207/1000.
Terminated at swamp 0.5.
The last entry of errorHistory is 0.500653 for index 206095, 207/1000.
Terminated at swamp 0.5.
The last entry of errorHistory is 0.500139 for index 206096, 207/1000.
Terminated at swamp 0.5.
The last entry of errorHistory is 0.500418 for index 206097, 207/1000.
Terminated at swamp 0.5.
The last entry of errorHistory is 0.500182 for index 206098, 207/1000.
The last entry of errorHistory is 1.000000 for index 206099, 207/1000.
Terminated at swamp 0.5.
The last entry of errorHistory is 0.500356 for index 206100, 207/1000.
The last entry of errorHistory is 0.000021 for index 206101, 207/1000.
Terminated at swamp 1.
The last entry of errorHistory is 1.000000 for index 206102, 207/1000.
The last entry of errorHistory is 1.500000 for index 206103, 207/1000.
Terminated at swamp 0.5.
The last entry of errorHistory is 0.500156 for index 206104, 207/1000.
Terminated at swamp 0.5.
The last entry of errorHistory is 0.500160 for index 206105, 207/1000.
The last entry of errorHistory is 0.500000 for index 206106, 207/1000.
Terminated at swamp 0.5.
The last entry of errorHistory is 0.500563 for index 206107, 207/1000.
The last entry of errorHistory is 1.000000 for index 206108, 207/1000.
The last entry of errorHistory is 0.500000 for index 206109, 207/1000.
The last entry of errorHistory is 0.000011 for index 206110, 207/1000.
Terminated at swamp 0.5.
The last entry of errorHistory is 0.500000 for index 206111, 207/1000.
Terminated at swamp 1.
The last entry of errorHistory is 1.000343 for index 206112, 207/1000.
The last entry of errorHistory is 1.000000 for index 206113, 207/1000.
The last entry of errorHistory is 0.000071 for index 206114, 207/1000.
Terminated at swamp 0.5.
The last entry of errorHistory is 0.500525 for index 206115, 207/1000.
The last entry of errorHistory is 0.000047 for index 206116, 207/1000.
The last entry of errorHistory is 1.000000 for index 206117, 207/1000.
Terminated at swamp 0.5.
The last entry of errorHistory is 0.500395 for index 206118, 207/1000.
Terminated at swamp 0.5.
The last entry of errorHistory is 0.500094 for index 206119, 207/1000.
Terminated at swamp 0.5.
The last entry of errorHistory is 0.500165 for index 206120, 207/1000.
The last entry of errorHistory is 0.500000 for index 206121, 207/1000.
Terminated at swamp 0.5.
The last entry of errorHistory is 0.500264 for index 206122, 207/1000.
Terminated at swamp 0.5.
The last entry of errorHistory is 0.500598 for index 206123, 207/1000.
Terminated at swamp 1.
The last entry of errorHistory is 1.000000 for index 206124, 207/1000.
Terminated at swamp 0.5.
The last entry of errorHistory is 0.500545 for index 206125, 207/1000.
The last entry of errorHistory is 1.000000 for index 206126, 207/1000.
Terminated at swamp 0.5.
The last entry of errorHistory is 0.500369 for index 206127, 207/1000.
Terminated at swamp 0.5.
The last entry of errorHistory is 0.500208 for index 206128, 207/1000.
The last entry of errorHistory is 0.000390 for index 206129, 207/1000.
Terminated at swamp 0.5.
The last entry of errorHistory is 0.500619 for index 206130, 207/1000.
Terminated at swamp 1.
The last entry of errorHistory is 1.000248 for index 206131, 207/1000.
Terminated at swamp 0.5.
The last entry of errorHistory is 0.500548 for index 206132, 207/1000.
Terminated at swamp 1.
The last entry of errorHistory is 1.000394 for index 206133, 207/1000.
Terminated at swamp 0.5.
The last entry of errorHistory is 0.500275 for index 206134, 207/1000.
The last entry of errorHistory is 0.000032 for index 206135, 207/1000.
Terminated at swamp 1.
The last entry of errorHistory is 1.000008 for index 206136, 207/1000.
The last entry of errorHistory is 1.500000 for index 206137, 207/1000.
The last entry of errorHistory is 1.000000 for index 206138, 207/1000.
The last entry of errorHistory is 0.500000 for index 206139, 207/1000.
The last entry of errorHistory is 0.000012 for index 206140, 207/1000.
Terminated at swamp 0.5.
The last entry of errorHistory is 0.500606 for index 206141, 207/1000.
Terminated at swamp 0.5.
The last entry of errorHistory is 0.500613 for index 206142, 207/1000.
Terminated at swamp 0.5.
The last entry of errorHistory is 0.500074 for index 206143, 207/1000.
Terminated at swamp 0.5.
The last entry of errorHistory is 0.500615 for index 206144, 207/1000.
Terminated at swamp 0.5.
The last entry of errorHistory is 0.500372 for index 206145, 207/1000.
The last entry of errorHistory is 0.000017 for index 206146, 207/1000.
Terminated at swamp 0.5.
The last entry of errorHistory is 0.500536 for index 206147, 207/1000.
The last entry of errorHistory is 0.000397 for index 206148, 207/1000.
The last entry of errorHistory is 1.000000 for index 206149, 207/1000.
Terminated at swamp 0.5.
The last entry of errorHistory is 0.500222 for index 206150, 207/1000.
The last entry of errorHistory is 1.000000 for index 206151, 207/1000.
Terminated at swamp 0.5.
The last entry of errorHistory is 0.500596 for index 206152, 207/1000.
Terminated at swamp 1.
The last entry of errorHistory is 1.000059 for index 206153, 207/1000.
Terminated at swamp 1.
The last entry of errorHistory is 1.000006 for index 206154, 207/1000.
The last entry of errorHistory is 0.000733 for index 206155, 207/1000.
The last entry of errorHistory is 1.000000 for index 206156, 207/1000.
The last entry of errorHistory is 0.000014 for index 206157, 207/1000.
Terminated at swamp 1.
The last entry of errorHistory is 1.000150 for index 206158, 207/1000.
The last entry of errorHistory is 0.000828 for index 206159, 207/1000.
Terminated at swamp 0.5.
The last entry of errorHistory is 0.500437 for index 206160, 207/1000.
Terminated at swamp 0.5.
The last entry of errorHistory is 0.500036 for index 206161, 207/1000.
Terminated at swamp 1.
The last entry of errorHistory is 1.000081 for index 206162, 207/1000.
Terminated at swamp 0.5.
The last entry of errorHistory is 0.500720 for index 206163, 207/1000.
Terminated at swamp 0.5.
The last entry of errorHistory is 0.500404 for index 206164, 207/1000.
The last entry of errorHistory is 1.000000 for index 206165, 207/1000.
Terminated at swamp 0.5.
The last entry of errorHistory is 0.500402 for index 206166, 207/1000.
The last entry of errorHistory is 1.000000 for index 206167, 207/1000.
Terminated at swamp 1.
The last entry of errorHistory is 1.000047 for index 206168, 207/1000.
The last entry of errorHistory is 1.500000 for index 206169, 207/1000.
Terminated at swamp 1.
The last entry of errorHistory is 1.000016 for index 206170, 207/1000.
Terminated at swamp 1.
The last entry of errorHistory is 1.000486 for index 206171, 207/1000.
Terminated at swamp 0.5.
The last entry of errorHistory is 0.500081 for index 206172, 207/1000.
Terminated at swamp 1.
The last entry of errorHistory is 1.000002 for index 206173, 207/1000.
Terminated at swamp 0.5.
The last entry of errorHistory is 0.500135 for index 206174, 207/1000.
Terminated at swamp 0.5.
The last entry of errorHistory is 0.500559 for index 206175, 207/1000.
Terminated at swamp 0.5.
The last entry of errorHistory is 0.500039 for index 206176, 207/1000.
Terminated at swamp 1.
The last entry of errorHistory is 1.000034 for index 206177, 207/1000.
The last entry of errorHistory is 0.000039 for index 206178, 207/1000.
The last entry of errorHistory is 1.000000 for index 206179, 207/1000.
The last entry of errorHistory is 0.000057 for index 206180, 207/1000.
The last entry of errorHistory is 0.000045 for index 206181, 207/1000.
Terminated at swamp 1.
The last entry of errorHistory is 1.000261 for index 206182, 207/1000.
Terminated at swamp 0.5.
The last entry of errorHistory is 0.500532 for index 206183, 207/1000.
Terminated at swamp 0.5.
The last entry of errorHistory is 0.500000 for index 206184, 207/1000.
Terminated at swamp 0.5.
The last entry of errorHistory is 0.500895 for index 206185, 207/1000.
Terminated at swamp 0.5.
The last entry of errorHistory is 0.500737 for index 206186, 207/1000.
Terminated at swamp 0.5.
The last entry of errorHistory is 0.500224 for index 206187, 207/1000.
Terminated at swamp 1.
The last entry of errorHistory is 1.000436 for index 206188, 207/1000.
Terminated at swamp 1.
The last entry of errorHistory is 1.000041 for index 206189, 207/1000.
The last entry of errorHistory is 1.000000 for index 206190, 207/1000.
Terminated at swamp 0.5.
The last entry of errorHistory is 0.500331 for index 206191, 207/1000.
Terminated at swamp 0.5.
The last entry of errorHistory is 0.500260 for index 206192, 207/1000.
Terminated at swamp 1.
The last entry of errorHistory is 1.000094 for index 206193, 207/1000.
Terminated at swamp 0.5.
The last entry of errorHistory is 0.500373 for index 206194, 207/1000.
The last entry of errorHistory is 1.000000 for index 206195, 207/1000.
Terminated at swamp 1.
The last entry of errorHistory is 1.000000 for index 206196, 207/1000.
The last entry of errorHistory is 0.500000 for index 206197, 207/1000.
Terminated at swamp 0.5.
The last entry of errorHistory is 0.500204 for index 206198, 207/1000.
The last entry of errorHistory is 1.500000 for index 206199, 207/1000.
Terminated at swamp 0.5.
The last entry of errorHistory is 0.500959 for index 206200, 207/1000.
Terminated at swamp 0.5.
The last entry of errorHistory is 0.500049 for index 206201, 207/1000.
Terminated at swamp 0.5.
The last entry of errorHistory is 0.500492 for index 206202, 207/1000.
Terminated at swamp 0.5.
The last entry of errorHistory is 0.500650 for index 206203, 207/1000.
Terminated at swamp 1.
The last entry of errorHistory is 1.000282 for index 206204, 207/1000.
The last entry of errorHistory is 0.000019 for index 206205, 207/1000.
Terminated at swamp 0.5.
The last entry of errorHistory is 0.500522 for index 206206, 207/1000.
Terminated at swamp 0.5.
The last entry of errorHistory is 0.500040 for index 206207, 207/1000.
Terminated at swamp 1.
The last entry of errorHistory is 1.000056 for index 206208, 207/1000.
Terminated at swamp 0.5.
The last entry of errorHistory is 0.500635 for index 206209, 207/1000.
Terminated at swamp 0.5.
The last entry of errorHistory is 0.500256 for index 206210, 207/1000.
Terminated at swamp 0.5.
The last entry of errorHistory is 0.500266 for index 206211, 207/1000.
The last entry of errorHistory is 0.500000 for index 206212, 207/1000.
Terminated at swamp 0.5.
The last entry of errorHistory is 0.500464 for index 206213, 207/1000.
The last entry of errorHistory is 0.500000 for index 206214, 207/1000.
The last entry of errorHistory is 0.000056 for index 206215, 207/1000.
The last entry of errorHistory is 1.000000 for index 206216, 207/1000.
Terminated at swamp 0.5.
The last entry of errorHistory is 0.500432 for index 206217, 207/1000.
The last entry of errorHistory is 1.000000 for index 206218, 207/1000.
Terminated at swamp 0.5.
The last entry of errorHistory is 0.500411 for index 206219, 207/1000.
Terminated at swamp 0.5.
The last entry of errorHistory is 0.500954 for index 206220, 207/1000.
Terminated at swamp 1.
The last entry of errorHistory is 1.000047 for index 206221, 207/1000.
The last entry of errorHistory is 1.000000 for index 206222, 207/1000.
Terminated at swamp 0.5.
The last entry of errorHistory is 0.500524 for index 206223, 207/1000.
Terminated at swamp 0.5.
The last entry of errorHistory is 0.500478 for index 206224, 207/1000.
The last entry of errorHistory is 1.000000 for index 206225, 207/1000.
Terminated at swamp 0.5.
The last entry of errorHistory is 0.500015 for index 206226, 207/1000.
The last entry of errorHistory is 1.000000 for index 206227, 207/1000.
Terminated at swamp 0.5.
The last entry of errorHistory is 0.500049 for index 206228, 207/1000.
The last entry of errorHistory is 0.500000 for index 206229, 207/1000.
Terminated at swamp 0.5.
The last entry of errorHistory is 0.500311 for index 206230, 207/1000.
Terminated at swamp 1.
The last entry of errorHistory is 1.000445 for index 206231, 207/1000.
Terminated at swamp 0.5.
The last entry of errorHistory is 0.500504 for index 206232, 207/1000.
Terminated at swamp 0.5.
The last entry of errorHistory is 0.500570 for index 206233, 207/1000.
Terminated at swamp 0.5.
The last entry of errorHistory is 0.500290 for index 206234, 207/1000.
Terminated at swamp 0.5.
The last entry of errorHistory is 0.500070 for index 206235, 207/1000.
Terminated at swamp 0.5.
The last entry of errorHistory is 0.500313 for index 206236, 207/1000.
Terminated at swamp 0.5.
The last entry of errorHistory is 0.500034 for index 206237, 207/1000.
The last entry of errorHistory is 0.000151 for index 206238, 207/1000.
Terminated at swamp 1.
The last entry of errorHistory is 1.000148 for index 206239, 207/1000.
Terminated at swamp 0.5.
The last entry of errorHistory is 0.500383 for index 206240, 207/1000.
Terminated at swamp 1.
The last entry of errorHistory is 1.000421 for index 206241, 207/1000.
Terminated at swamp 0.5.
The last entry of errorHistory is 0.500095 for index 206242, 207/1000.
The last entry of errorHistory is 1.000000 for index 206243, 207/1000.
Terminated at swamp 0.5.
The last entry of errorHistory is 0.500006 for index 206244, 207/1000.
Terminated at swamp 0.5.
The last entry of errorHistory is 0.500395 for index 206245, 207/1000.
Terminated at swamp 0.5.
The last entry of errorHistory is 0.500130 for index 206246, 207/1000.
Terminated at swamp 0.5.
The last entry of errorHistory is 0.500001 for index 206247, 207/1000.
Terminated at swamp 0.5.
The last entry of errorHistory is 0.500107 for index 206248, 207/1000.
Terminated at swamp 0.5.
The last entry of errorHistory is 0.500090 for index 206249, 207/1000.
The last entry of errorHistory is 1.500000 for index 206250, 207/1000.
Terminated at swamp 1.
The last entry of errorHistory is 1.000018 for index 206251, 207/1000.
The last entry of errorHistory is 1.000000 for index 206252, 207/1000.
Terminated at swamp 0.5.
The last entry of errorHistory is 0.500401 for index 206253, 207/1000.
Terminated at swamp 0.5.
The last entry of errorHistory is 0.500673 for index 206254, 207/1000.
Terminated at swamp 0.5.
The last entry of errorHistory is 0.500002 for index 206255, 207/1000.
Terminated at swamp 0.5.
The last entry of errorHistory is 0.500507 for index 206256, 207/1000.
Terminated at swamp 0.5.
The last entry of errorHistory is 0.500459 for index 206257, 207/1000.
The last entry of errorHistory is 0.000015 for index 206258, 207/1000.
The last entry of errorHistory is 1.000000 for index 206259, 207/1000.
Terminated at swamp 0.5.
The last entry of errorHistory is 0.500021 for index 206260, 207/1000.
Terminated at swamp 0.5.
The last entry of errorHistory is 0.500511 for index 206261, 207/1000.
Terminated at swamp 1.
The last entry of errorHistory is 1.000000 for index 206262, 207/1000.
Terminated at swamp 0.5.
The last entry of errorHistory is 0.500316 for index 206263, 207/1000.
The last entry of errorHistory is 1.500000 for index 206264, 207/1000.
Terminated at swamp 0.5.
The last entry of errorHistory is 0.500489 for index 206265, 207/1000.
The last entry of errorHistory is 0.500000 for index 206266, 207/1000.
Terminated at swamp 0.5.
The last entry of errorHistory is 0.500189 for index 206267, 207/1000.
The last entry of errorHistory is 0.000021 for index 206268, 207/1000.
The last entry of errorHistory is 0.000324 for index 206269, 207/1000.
The last entry of errorHistory is 1.000000 for index 206270, 207/1000.
Terminated at swamp 0.5.
The last entry of errorHistory is 0.500573 for index 206271, 207/1000.
Terminated at swamp 0.5.
The last entry of errorHistory is 0.500521 for index 206272, 207/1000.
Terminated at swamp 0.5.
The last entry of errorHistory is 0.500379 for index 206273, 207/1000.
Terminated at swamp 0.5.
The last entry of errorHistory is 0.500472 for index 206274, 207/1000.
Terminated at swamp 0.5.
The last entry of errorHistory is 0.500165 for index 206275, 207/1000.
The last entry of errorHistory is 0.000024 for index 206276, 207/1000.
Terminated at swamp 0.5.
The last entry of errorHistory is 0.500414 for index 206277, 207/1000.
The last entry of errorHistory is 1.500000 for index 206278, 207/1000.
Terminated at swamp 0.5.
The last entry of errorHistory is 0.500456 for index 206279, 207/1000.
Terminated at swamp 0.5.
The last entry of errorHistory is 0.500309 for index 206280, 207/1000.
Terminated at swamp 0.5.
The last entry of errorHistory is 0.500165 for index 206281, 207/1000.
The last entry of errorHistory is 1.000000 for index 206282, 207/1000.
Terminated at swamp 1.
The last entry of errorHistory is 1.000060 for index 206283, 207/1000.
The last entry of errorHistory is 1.000000 for index 206284, 207/1000.
Terminated at swamp 0.5.
The last entry of errorHistory is 0.500104 for index 206285, 207/1000.
Terminated at swamp 0.5.
The last entry of errorHistory is 0.500607 for index 206286, 207/1000.
The last entry of errorHistory is 0.000754 for index 206287, 207/1000.
Terminated at swamp 0.5.
The last entry of errorHistory is 0.500265 for index 206288, 207/1000.
Terminated at swamp 0.5.
The last entry of errorHistory is 0.500464 for index 206289, 207/1000.
Terminated at swamp 0.5.
The last entry of errorHistory is 0.500486 for index 206290, 207/1000.
The last entry of errorHistory is 0.000016 for index 206291, 207/1000.
Terminated at swamp 0.5.
The last entry of errorHistory is 0.500462 for index 206292, 207/1000.
The last entry of errorHistory is 0.000023 for index 206293, 207/1000.
The last entry of errorHistory is 1.000000 for index 206294, 207/1000.
Terminated at swamp 0.5.
The last entry of errorHistory is 0.500571 for index 206295, 207/1000.
The last entry of errorHistory is 0.000061 for index 206296, 207/1000.
Terminated at swamp 0.5.
The last entry of errorHistory is 0.500647 for index 206297, 207/1000.
Terminated at swamp 1.
The last entry of errorHistory is 1.000045 for index 206298, 207/1000.
The last entry of errorHistory is 0.000026 for index 206299, 207/1000.
Terminated at swamp 0.5.
The last entry of errorHistory is 0.500519 for index 206300, 207/1000.
Terminated at swamp 0.5.
The last entry of errorHistory is 0.500481 for index 206301, 207/1000.
The last entry of errorHistory is 1.000000 for index 206302, 207/1000.
Terminated at swamp 0.5.
The last entry of errorHistory is 0.500447 for index 206303, 207/1000.
Terminated at swamp 0.5.
The last entry of errorHistory is 0.500486 for index 206304, 207/1000.
Terminated at swamp 0.5.
The last entry of errorHistory is 0.500570 for index 206305, 207/1000.
Terminated at swamp 0.5.
The last entry of errorHistory is 0.500684 for index 206306, 207/1000.
Terminated at swamp 0.5.
The last entry of errorHistory is 0.500022 for index 206307, 207/1000.
Terminated at swamp 1.
The last entry of errorHistory is 1.000480 for index 206308, 207/1000.
Terminated at swamp 0.5.
The last entry of errorHistory is 0.500566 for index 206309, 207/1000.
The last entry of errorHistory is 1.000000 for index 206310, 207/1000.
The last entry of errorHistory is 1.500000 for index 206311, 207/1000.
Terminated at swamp 0.5.
The last entry of errorHistory is 0.500261 for index 206312, 207/1000.
The last entry of errorHistory is 1.000000 for index 206313, 207/1000.
The last entry of errorHistory is 0.007740 for index 206314, 207/1000.
The last entry of errorHistory is 1.000000 for index 206315, 207/1000.
Terminated at swamp 0.5.
The last entry of errorHistory is 0.500896 for index 206316, 207/1000.
The last entry of errorHistory is 1.000000 for index 206317, 207/1000.
Terminated at swamp 0.5.
The last entry of errorHistory is 0.500411 for index 206318, 207/1000.
Terminated at swamp 0.5.
The last entry of errorHistory is 0.500043 for index 206319, 207/1000.
Terminated at swamp 0.5.
The last entry of errorHistory is 0.500611 for index 206320, 207/1000.
Terminated at swamp 0.5.
The last entry of errorHistory is 0.500069 for index 206321, 207/1000.
Terminated at swamp 1.
The last entry of errorHistory is 1.000004 for index 206322, 207/1000.
Terminated at swamp 0.5.
The last entry of errorHistory is 0.500461 for index 206323, 207/1000.
Terminated at swamp 0.5.
The last entry of errorHistory is 0.500822 for index 206324, 207/1000.
Terminated at swamp 0.5.
The last entry of errorHistory is 0.500211 for index 206325, 207/1000.
The last entry of errorHistory is 1.000000 for index 206326, 207/1000.
Terminated at swamp 0.5.
The last entry of errorHistory is 0.500434 for index 206327, 207/1000.
Terminated at swamp 0.5.
The last entry of errorHistory is 0.500174 for index 206328, 207/1000.
The last entry of errorHistory is 0.500000 for index 206329, 207/1000.
Terminated at swamp 0.5.
The last entry of errorHistory is 0.500270 for index 206330, 207/1000.
The last entry of errorHistory is 1.000000 for index 206331, 207/1000.
Terminated at swamp 0.5.
The last entry of errorHistory is 0.500507 for index 206332, 207/1000.
The last entry of errorHistory is 1.500000 for index 206333, 207/1000.
The last entry of errorHistory is 0.001006 for index 206334, 207/1000.
The last entry of errorHistory is 1.000000 for index 206335, 207/1000.
Terminated at swamp 0.5.
The last entry of errorHistory is 0.500596 for index 206336, 207/1000.
The last entry of errorHistory is 1.000000 for index 206337, 207/1000.
Terminated at swamp 0.5.
The last entry of errorHistory is 0.500296 for index 206338, 207/1000.
The last entry of errorHistory is 0.000615 for index 206339, 207/1000.
The last entry of errorHistory is 0.500000 for index 206340, 207/1000.
The last entry of errorHistory is 1.000000 for index 206341, 207/1000.
The last entry of errorHistory is 1.500000 for index 206342, 207/1000.
The last entry of errorHistory is 1.500000 for index 206343, 207/1000.
Terminated at swamp 1.
The last entry of errorHistory is 1.000413 for index 206344, 207/1000.
Terminated at swamp 0.5.
The last entry of errorHistory is 0.500186 for index 206345, 207/1000.
Terminated at swamp 0.5.
The last entry of errorHistory is 0.500192 for index 206346, 207/1000.
Terminated at swamp 1.
The last entry of errorHistory is 1.000002 for index 206347, 207/1000.
The last entry of errorHistory is 0.000025 for index 206348, 207/1000.
The last entry of errorHistory is 0.001118 for index 206349, 207/1000.
Terminated at swamp 0.5.
The last entry of errorHistory is 0.500465 for index 206350, 207/1000.
The last entry of errorHistory is 1.000000 for index 206351, 207/1000.
The last entry of errorHistory is 0.500000 for index 206352, 207/1000.
Terminated at swamp 0.5.
The last entry of errorHistory is 0.500036 for index 206353, 207/1000.
The last entry of errorHistory is 0.500000 for index 206354, 207/1000.
The last entry of errorHistory is 0.000067 for index 206355, 207/1000.
The last entry of errorHistory is 1.000000 for index 206356, 207/1000.
Terminated at swamp 1.
The last entry of errorHistory is 1.000543 for index 206357, 207/1000.
Terminated at swamp 1.
The last entry of errorHistory is 1.000038 for index 206358, 207/1000.
The last entry of errorHistory is 1.000000 for index 206359, 207/1000.
Terminated at swamp 0.5.
The last entry of errorHistory is 0.500670 for index 206360, 207/1000.
The last entry of errorHistory is 0.500000 for index 206361, 207/1000.
Terminated at swamp 1.5.
The last entry of errorHistory is 1.500000 for index 206362, 207/1000.
Terminated at swamp 0.5.
The last entry of errorHistory is 0.500220 for index 206363, 207/1000.
Terminated at swamp 1.
The last entry of errorHistory is 1.000106 for index 206364, 207/1000.
Terminated at swamp 0.5.
The last entry of errorHistory is 0.500463 for index 206365, 207/1000.
The last entry of errorHistory is 1.000000 for index 206366, 207/1000.
Terminated at swamp 0.5.
The last entry of errorHistory is 0.500253 for index 206367, 207/1000.
Terminated at swamp 0.5.
The last entry of errorHistory is 0.500433 for index 206368, 207/1000.
The last entry of errorHistory is 0.001200 for index 206369, 207/1000.
Terminated at swamp 0.5.
The last entry of errorHistory is 0.500713 for index 206370, 207/1000.
The last entry of errorHistory is 0.000033 for index 206371, 207/1000.
Terminated at swamp 0.5.
The last entry of errorHistory is 0.500192 for index 206372, 207/1000.
Terminated at swamp 0.5.
The last entry of errorHistory is 0.500030 for index 206373, 207/1000.
Terminated at swamp 1.
The last entry of errorHistory is 1.000040 for index 206374, 207/1000.
The last entry of errorHistory is 1.000000 for index 206375, 207/1000.
The last entry of errorHistory is 0.500000 for index 206376, 207/1000.
The last entry of errorHistory is 1.000000 for index 206377, 207/1000.
Terminated at swamp 1.
The last entry of errorHistory is 1.000049 for index 206378, 207/1000.
Terminated at swamp 0.5.
The last entry of errorHistory is 0.500186 for index 206379, 207/1000.
Terminated at swamp 0.5.
The last entry of errorHistory is 0.500049 for index 206380, 207/1000.
The last entry of errorHistory is 0.000412 for index 206381, 207/1000.
The last entry of errorHistory is 1.000000 for index 206382, 207/1000.
Terminated at swamp 0.5.
The last entry of errorHistory is 0.500912 for index 206383, 207/1000.
Terminated at swamp 1.
The last entry of errorHistory is 1.000014 for index 206384, 207/1000.
Terminated at swamp 0.5.
The last entry of errorHistory is 0.500080 for index 206385, 207/1000.
Terminated at swamp 0.5.
The last entry of errorHistory is 0.500000 for index 206386, 207/1000.
Terminated at swamp 0.5.
The last entry of errorHistory is 0.500721 for index 206387, 207/1000.
Terminated at swamp 0.5.
The last entry of errorHistory is 0.500168 for index 206388, 207/1000.
Terminated at swamp 1.
The last entry of errorHistory is 1.000000 for index 206389, 207/1000.
Terminated at swamp 0.5.
The last entry of errorHistory is 0.500324 for index 206390, 207/1000.
Terminated at swamp 0.5.
The last entry of errorHistory is 0.500849 for index 206391, 207/1000.
Terminated at swamp 0.5.
The last entry of errorHistory is 0.500487 for index 206392, 207/1000.
Terminated at swamp 0.5.
The last entry of errorHistory is 0.499181 for index 206393, 207/1000.
Terminated at swamp 0.5.
The last entry of errorHistory is 0.500449 for index 206394, 207/1000.
The last entry of errorHistory is 0.000010 for index 206395, 207/1000.
The last entry of errorHistory is 1.000000 for index 206396, 207/1000.
Terminated at swamp 0.5.
The last entry of errorHistory is 0.500605 for index 206397, 207/1000.
The last entry of errorHistory is 1.500000 for index 206398, 207/1000.
Terminated at swamp 1.
The last entry of errorHistory is 1.000000 for index 206399, 207/1000.
Terminated at swamp 1.
The last entry of errorHistory is 1.000051 for index 206400, 207/1000.
The last entry of errorHistory is 1.500000 for index 206401, 207/1000.
The last entry of errorHistory is 0.000030 for index 206402, 207/1000.
The last entry of errorHistory is 1.000000 for index 206403, 207/1000.
Terminated at swamp 0.5.
The last entry of errorHistory is 0.500514 for index 206404, 207/1000.
Terminated at swamp 0.5.
The last entry of errorHistory is 0.500641 for index 206405, 207/1000.
The last entry of errorHistory is 0.000036 for index 206406, 207/1000.
Terminated at swamp 0.5.
The last entry of errorHistory is 0.500441 for index 206407, 207/1000.
Terminated at swamp 1.
The last entry of errorHistory is 1.000041 for index 206408, 207/1000.
The last entry of errorHistory is 1.000000 for index 206409, 207/1000.
Terminated at swamp 1.
The last entry of errorHistory is 1.000005 for index 206410, 207/1000.
The last entry of errorHistory is 0.000017 for index 206411, 207/1000.
Terminated at swamp 0.5.
The last entry of errorHistory is 0.500869 for index 206412, 207/1000.
Terminated at swamp 1.
The last entry of errorHistory is 1.000347 for index 206413, 207/1000.
Terminated at swamp 0.5.
The last entry of errorHistory is 0.500302 for index 206414, 207/1000.
The last entry of errorHistory is 0.000016 for index 206415, 207/1000.
Terminated at swamp 0.5.
The last entry of errorHistory is 0.500411 for index 206416, 207/1000.
The last entry of errorHistory is 1.500000 for index 206417, 207/1000.
Terminated at swamp 0.5.
The last entry of errorHistory is 0.500571 for index 206418, 207/1000.
Terminated at swamp 0.5.
The last entry of errorHistory is 0.500531 for index 206419, 207/1000.
Terminated at swamp 0.5.
The last entry of errorHistory is 0.500271 for index 206420, 207/1000.
Terminated at swamp 1.
The last entry of errorHistory is 1.000421 for index 206421, 207/1000.
The last entry of errorHistory is 1.000000 for index 206422, 207/1000.
Terminated at swamp 0.5.
The last entry of errorHistory is 0.500077 for index 206423, 207/1000.
Terminated at swamp 0.5.
The last entry of errorHistory is 0.500537 for index 206424, 207/1000.
Terminated at swamp 0.5.
The last entry of errorHistory is 0.500275 for index 206425, 207/1000.
Terminated at swamp 0.5.
The last entry of errorHistory is 0.500446 for index 206426, 207/1000.
The last entry of errorHistory is 1.000000 for index 206427, 207/1000.
Terminated at swamp 0.5.
The last entry of errorHistory is 0.500402 for index 206428, 207/1000.
Terminated at swamp 0.5.
The last entry of errorHistory is 0.500721 for index 206429, 207/1000.
Terminated at swamp 0.5.
The last entry of errorHistory is 0.500388 for index 206430, 207/1000.
The last entry of errorHistory is 0.000015 for index 206431, 207/1000.
Terminated at swamp 0.5.
The last entry of errorHistory is 0.500613 for index 206432, 207/1000.
Terminated at swamp 0.5.
The last entry of errorHistory is 0.500702 for index 206433, 207/1000.
Terminated at swamp 0.5.
The last entry of errorHistory is 0.500571 for index 206434, 207/1000.
Terminated at swamp 1.5.
The last entry of errorHistory is 1.500000 for index 206435, 207/1000.
Terminated at swamp 0.5.
The last entry of errorHistory is 0.500571 for index 206436, 207/1000.
The last entry of errorHistory is 0.000175 for index 206437, 207/1000.
The last entry of errorHistory is 0.000012 for index 206438, 207/1000.
Terminated at swamp 0.5.
The last entry of errorHistory is 0.500401 for index 206439, 207/1000.
The last entry of errorHistory is 1.500000 for index 206440, 207/1000.
Terminated at swamp 0.5.
The last entry of errorHistory is 0.500713 for index 206441, 207/1000.
The last entry of errorHistory is 1.000000 for index 206442, 207/1000.
Terminated at swamp 1.
The last entry of errorHistory is 1.000062 for index 206443, 207/1000.
Terminated at swamp 0.5.
The last entry of errorHistory is 0.500028 for index 206444, 207/1000.
Terminated at swamp 0.5.
The last entry of errorHistory is 0.500610 for index 206445, 207/1000.
The last entry of errorHistory is 0.000043 for index 206446, 207/1000.
Terminated at swamp 0.5.
The last entry of errorHistory is 0.500255 for index 206447, 207/1000.
Terminated at swamp 0.5.
The last entry of errorHistory is 0.500560 for index 206448, 207/1000.
The last entry of errorHistory is 1.000000 for index 206449, 207/1000.
Terminated at swamp 0.5.
The last entry of errorHistory is 0.500510 for index 206450, 207/1000.
Terminated at swamp 0.5.
The last entry of errorHistory is 0.500366 for index 206451, 207/1000.
Terminated at swamp 0.5.
The last entry of errorHistory is 0.500448 for index 206452, 207/1000.
The last entry of errorHistory is 1.000000 for index 206453, 207/1000.
Terminated at swamp 0.5.
The last entry of errorHistory is 0.500348 for index 206454, 207/1000.
The last entry of errorHistory is 1.500000 for index 206455, 207/1000.
Terminated at swamp 0.5.
The last entry of errorHistory is 0.500589 for index 206456, 207/1000.
Terminated at swamp 0.5.
The last entry of errorHistory is 0.500614 for index 206457, 207/1000.
Terminated at swamp 0.5.
The last entry of errorHistory is 0.500342 for index 206458, 207/1000.
Terminated at swamp 1.
The last entry of errorHistory is 1.000205 for index 206459, 207/1000.
Terminated at swamp 1.
The last entry of errorHistory is 1.000000 for index 206460, 207/1000.
The last entry of errorHistory is 0.000048 for index 206461, 207/1000.
The last entry of errorHistory is 1.500000 for index 206462, 207/1000.
Terminated at swamp 0.5.
The last entry of errorHistory is 0.500088 for index 206463, 207/1000.
The last entry of errorHistory is 0.001080 for index 206464, 207/1000.
Terminated at swamp 0.5.
The last entry of errorHistory is 0.500531 for index 206465, 207/1000.
Terminated at swamp 1.
The last entry of errorHistory is 1.000249 for index 206466, 207/1000.
Terminated at swamp 0.5.
The last entry of errorHistory is 0.500197 for index 206467, 207/1000.
Terminated at swamp 1.
The last entry of errorHistory is 1.000011 for index 206468, 207/1000.
Terminated at swamp 1.
The last entry of errorHistory is 1.000393 for index 206469, 207/1000.
Terminated at swamp 0.5.
The last entry of errorHistory is 0.500252 for index 206470, 207/1000.
The last entry of errorHistory is 1.000000 for index 206471, 207/1000.
Terminated at swamp 0.5.
The last entry of errorHistory is 0.500008 for index 206472, 207/1000.
The last entry of errorHistory is 1.000000 for index 206473, 207/1000.
Terminated at swamp 1.
The last entry of errorHistory is 1.000007 for index 206474, 207/1000.
Terminated at swamp 1.
The last entry of errorHistory is 1.000046 for index 206475, 207/1000.
Terminated at swamp 0.5.
The last entry of errorHistory is 0.500513 for index 206476, 207/1000.
The last entry of errorHistory is 0.000104 for index 206477, 207/1000.
The last entry of errorHistory is 1.000000 for index 206478, 207/1000.
The last entry of errorHistory is 0.000011 for index 206479, 207/1000.
Terminated at swamp 0.5.
The last entry of errorHistory is 0.500272 for index 206480, 207/1000.
The last entry of errorHistory is 0.000633 for index 206481, 207/1000.
The last entry of errorHistory is 0.500000 for index 206482, 207/1000.
The last entry of errorHistory is 0.000062 for index 206483, 207/1000.
The last entry of errorHistory is 0.000076 for index 206484, 207/1000.
The last entry of errorHistory is 1.000000 for index 206485, 207/1000.
Terminated at swamp 0.5.
The last entry of errorHistory is 0.500092 for index 206486, 207/1000.
Terminated at swamp 0.5.
The last entry of errorHistory is 0.500057 for index 206487, 207/1000.
The last entry of errorHistory is 1.000000 for index 206488, 207/1000.
Terminated at swamp 0.5.
The last entry of errorHistory is 0.500646 for index 206489, 207/1000.
The last entry of errorHistory is 1.000000 for index 206490, 207/1000.
The last entry of errorHistory is 0.500000 for index 206491, 207/1000.
The last entry of errorHistory is 1.000000 for index 206492, 207/1000.
Terminated at swamp 1.
The last entry of errorHistory is 1.000196 for index 206493, 207/1000.
Terminated at swamp 0.5.
The last entry of errorHistory is 0.500000 for index 206494, 207/1000.
Terminated at swamp 0.5.
The last entry of errorHistory is 0.500465 for index 206495, 207/1000.
Terminated at swamp 0.5.
The last entry of errorHistory is 0.500173 for index 206496, 207/1000.
Terminated at swamp 0.5.
The last entry of errorHistory is 0.500631 for index 206497, 207/1000.
Terminated at swamp 0.5.
The last entry of errorHistory is 0.500699 for index 206498, 207/1000.
Terminated at swamp 0.5.
The last entry of errorHistory is 0.500179 for index 206499, 207/1000.
The last entry of errorHistory is 0.500000 for index 206500, 207/1000.
Terminated at swamp 0.5.
The last entry of errorHistory is 0.500055 for index 206501, 207/1000.
Terminated at swamp 0.5.
The last entry of errorHistory is 0.500008 for index 206502, 207/1000.
Terminated at swamp 0.5.
The last entry of errorHistory is 0.500431 for index 206503, 207/1000.
Terminated at swamp 1.
The last entry of errorHistory is 1.000003 for index 206504, 207/1000.
Terminated at swamp 0.5.
The last entry of errorHistory is 0.500557 for index 206505, 207/1000.
Terminated at swamp 1.
The last entry of errorHistory is 1.000054 for index 206506, 207/1000.
Terminated at swamp 0.5.
The last entry of errorHistory is 0.500060 for index 206507, 207/1000.
Terminated at swamp 1.
The last entry of errorHistory is 1.000000 for index 206508, 207/1000.
Terminated at swamp 0.5.
The last entry of errorHistory is 0.500171 for index 206509, 207/1000.
Terminated at swamp 0.5.
The last entry of errorHistory is 0.500499 for index 206510, 207/1000.
Terminated at swamp 0.5.
The last entry of errorHistory is 0.500183 for index 206511, 207/1000.
Terminated at swamp 0.5.
The last entry of errorHistory is 0.500452 for index 206512, 207/1000.
Terminated at swamp 1.
The last entry of errorHistory is 1.000577 for index 206513, 207/1000.
Terminated at swamp 1.
The last entry of errorHistory is 1.000000 for index 206514, 207/1000.
The last entry of errorHistory is 1.000000 for index 206515, 207/1000.
The last entry of errorHistory is 0.000600 for index 206516, 207/1000.
Terminated at swamp 0.5.
The last entry of errorHistory is 0.500662 for index 206517, 207/1000.
Terminated at swamp 0.5.
The last entry of errorHistory is 0.500390 for index 206518, 207/1000.
The last entry of errorHistory is 1.000000 for index 206519, 207/1000.
The last entry of errorHistory is 0.000056 for index 206520, 207/1000.
The last entry of errorHistory is 0.000021 for index 206521, 207/1000.
The last entry of errorHistory is 1.000000 for index 206522, 207/1000.
The last entry of errorHistory is 1.000000 for index 206523, 207/1000.
Terminated at swamp 0.5.
The last entry of errorHistory is 0.500503 for index 206524, 207/1000.
The last entry of errorHistory is 1.000000 for index 206525, 207/1000.
Terminated at swamp 0.5.
The last entry of errorHistory is 0.500369 for index 206526, 207/1000.
The last entry of errorHistory is 0.000345 for index 206527, 207/1000.
The last entry of errorHistory is 0.500000 for index 206528, 207/1000.
Terminated at swamp 0.5.
The last entry of errorHistory is 0.500563 for index 206529, 207/1000.
Terminated at swamp 0.5.
The last entry of errorHistory is 0.500217 for index 206530, 207/1000.
Terminated at swamp 1.
The last entry of errorHistory is 1.000295 for index 206531, 207/1000.
Terminated at swamp 0.5.
The last entry of errorHistory is 0.500487 for index 206532, 207/1000.
Terminated at swamp 0.5.
The last entry of errorHistory is 0.500194 for index 206533, 207/1000.
The last entry of errorHistory is 1.000000 for index 206534, 207/1000.
The last entry of errorHistory is 1.000000 for index 206535, 207/1000.
Terminated at swamp 0.5.
The last entry of errorHistory is 0.500523 for index 206536, 207/1000.
Terminated at swamp 0.5.
The last entry of errorHistory is 0.500218 for index 206537, 207/1000.
The last entry of errorHistory is 0.000072 for index 206538, 207/1000.
Terminated at swamp 1.
The last entry of errorHistory is 1.000000 for index 206539, 207/1000.
Terminated at swamp 0.5.
The last entry of errorHistory is 0.500413 for index 206540, 207/1000.
Terminated at swamp 0.5.
The last entry of errorHistory is 0.500439 for index 206541, 207/1000.
The last entry of errorHistory is 0.000018 for index 206542, 207/1000.
Terminated at swamp 0.5.
The last entry of errorHistory is 0.500481 for index 206543, 207/1000.
Terminated at swamp 1.
The last entry of errorHistory is 1.000000 for index 206544, 207/1000.
Terminated at swamp 0.5.
The last entry of errorHistory is 0.500681 for index 206545, 207/1000.
Terminated at swamp 1.
The last entry of errorHistory is 1.000178 for index 206546, 207/1000.
Terminated at swamp 0.5.
The last entry of errorHistory is 0.500627 for index 206547, 207/1000.
Terminated at swamp 0.5.
The last entry of errorHistory is 0.500359 for index 206548, 207/1000.
Terminated at swamp 1.
The last entry of errorHistory is 1.000561 for index 206549, 207/1000.
The last entry of errorHistory is 1.500000 for index 206550, 207/1000.
Terminated at swamp 1.5.
The last entry of errorHistory is 1.500000 for index 206551, 207/1000.
Terminated at swamp 1.
The last entry of errorHistory is 1.000014 for index 206552, 207/1000.
Terminated at swamp 0.5.
The last entry of errorHistory is 0.500545 for index 206553, 207/1000.
The last entry of errorHistory is 0.000408 for index 206554, 207/1000.
Terminated at swamp 0.5.
The last entry of errorHistory is 0.500017 for index 206555, 207/1000.
Terminated at swamp 0.5.
The last entry of errorHistory is 0.500350 for index 206556, 207/1000.
Terminated at swamp 0.5.
The last entry of errorHistory is 0.500352 for index 206557, 207/1000.
The last entry of errorHistory is 0.000522 for index 206558, 207/1000.
Terminated at swamp 0.5.
The last entry of errorHistory is 0.500025 for index 206559, 207/1000.
Terminated at swamp 1.
The last entry of errorHistory is 1.000046 for index 206560, 207/1000.
Terminated at swamp 1.
The last entry of errorHistory is 1.000000 for index 206561, 207/1000.
Terminated at swamp 0.5.
The last entry of errorHistory is 0.500430 for index 206562, 207/1000.
Terminated at swamp 0.5.
The last entry of errorHistory is 0.500253 for index 206563, 207/1000.
Terminated at swamp 0.5.
The last entry of errorHistory is 0.500473 for index 206564, 207/1000.
Terminated at swamp 0.5.
The last entry of errorHistory is 0.500368 for index 206565, 207/1000.
Terminated at swamp 0.5.
The last entry of errorHistory is 0.500003 for index 206566, 207/1000.
The last entry of errorHistory is 0.000010 for index 206567, 207/1000.
The last entry of errorHistory is 1.000000 for index 206568, 207/1000.
Terminated at swamp 0.5.
The last entry of errorHistory is 0.500327 for index 206569, 207/1000.
The last entry of errorHistory is 1.000000 for index 206570, 207/1000.
Terminated at swamp 0.5.
The last entry of errorHistory is 0.500500 for index 206571, 207/1000.
The last entry of errorHistory is 1.000000 for index 206572, 207/1000.
The last entry of errorHistory is 0.000015 for index 206573, 207/1000.
The last entry of errorHistory is 1.000000 for index 206574, 207/1000.
Terminated at swamp 0.5.
The last entry of errorHistory is 0.500525 for index 206575, 207/1000.
Terminated at swamp 0.5.
The last entry of errorHistory is 0.500680 for index 206576, 207/1000.
The last entry of errorHistory is 1.000000 for index 206577, 207/1000.
The last entry of errorHistory is 0.000184 for index 206578, 207/1000.
Terminated at swamp 0.5.
The last entry of errorHistory is 0.500466 for index 206579, 207/1000.
Terminated at swamp 1.
The last entry of errorHistory is 1.000011 for index 206580, 207/1000.
Terminated at swamp 1.
The last entry of errorHistory is 1.000553 for index 206581, 207/1000.
Terminated at swamp 1.
The last entry of errorHistory is 1.000023 for index 206582, 207/1000.
Terminated at swamp 0.5.
The last entry of errorHistory is 0.500524 for index 206583, 207/1000.
Terminated at swamp 1.
The last entry of errorHistory is 1.000078 for index 206584, 207/1000.
Terminated at swamp 0.5.
The last entry of errorHistory is 0.500336 for index 206585, 207/1000.
The last entry of errorHistory is 0.000776 for index 206586, 207/1000.
The last entry of errorHistory is 1.000000 for index 206587, 207/1000.
The last entry of errorHistory is 1.000000 for index 206588, 207/1000.
Terminated at swamp 0.5.
The last entry of errorHistory is 0.500129 for index 206589, 207/1000.
The last entry of errorHistory is 1.000000 for index 206590, 207/1000.
Terminated at swamp 0.5.
The last entry of errorHistory is 0.500263 for index 206591, 207/1000.
The last entry of errorHistory is 0.000018 for index 206592, 207/1000.
Terminated at swamp 1.
The last entry of errorHistory is 1.000347 for index 206593, 207/1000.
Terminated at swamp 0.5.
The last entry of errorHistory is 0.500000 for index 206594, 207/1000.
Terminated at swamp 0.5.
The last entry of errorHistory is 0.500368 for index 206595, 207/1000.
Terminated at swamp 1.
The last entry of errorHistory is 1.000110 for index 206596, 207/1000.
Terminated at swamp 1.
The last entry of errorHistory is 1.000000 for index 206597, 207/1000.
The last entry of errorHistory is 1.000000 for index 206598, 207/1000.
The last entry of errorHistory is 0.000010 for index 206599, 207/1000.
The last entry of errorHistory is 0.000094 for index 206600, 207/1000.
Terminated at swamp 1.
The last entry of errorHistory is 1.000002 for index 206601, 207/1000.
Terminated at swamp 0.5.
The last entry of errorHistory is 0.500015 for index 206602, 207/1000.
Terminated at swamp 0.5.
The last entry of errorHistory is 0.500540 for index 206603, 207/1000.
The last entry of errorHistory is 0.000009 for index 206604, 207/1000.
Terminated at swamp 1.
The last entry of errorHistory is 1.000034 for index 206605, 207/1000.
Terminated at swamp 0.5.
The last entry of errorHistory is 0.500530 for index 206606, 207/1000.
Terminated at swamp 1.
The last entry of errorHistory is 1.000106 for index 206607, 207/1000.
The last entry of errorHistory is 1.000000 for index 206608, 207/1000.
The last entry of errorHistory is 0.000200 for index 206609, 207/1000.
Terminated at swamp 0.5.
The last entry of errorHistory is 0.500134 for index 206610, 207/1000.
The last entry of errorHistory is 1.000000 for index 206611, 207/1000.
The last entry of errorHistory is 0.000252 for index 206612, 207/1000.
The last entry of errorHistory is 1.000000 for index 206613, 207/1000.
Terminated at swamp 0.5.
The last entry of errorHistory is 0.500453 for index 206614, 207/1000.
Terminated at swamp 0.5.
The last entry of errorHistory is 0.500374 for index 206615, 207/1000.
Terminated at swamp 0.5.
The last entry of errorHistory is 0.500364 for index 206616, 207/1000.
Terminated at swamp 0.5.
The last entry of errorHistory is 0.500381 for index 206617, 207/1000.
Terminated at swamp 1.
The last entry of errorHistory is 1.000149 for index 206618, 207/1000.
The last entry of errorHistory is 1.500000 for index 206619, 207/1000.
The last entry of errorHistory is 0.000014 for index 206620, 207/1000.
The last entry of errorHistory is 0.500000 for index 206621, 207/1000.
The last entry of errorHistory is 1.000000 for index 206622, 207/1000.
Terminated at swamp 0.5.
The last entry of errorHistory is 0.500449 for index 206623, 207/1000.
Terminated at swamp 0.5.
The last entry of errorHistory is 0.500243 for index 206624, 207/1000.
Terminated at swamp 1.
The last entry of errorHistory is 1.000000 for index 206625, 207/1000.
Terminated at swamp 0.5.
The last entry of errorHistory is 0.500233 for index 206626, 207/1000.
The last entry of errorHistory is 1.000000 for index 206627, 207/1000.
Terminated at swamp 0.5.
The last entry of errorHistory is 0.500686 for index 206628, 207/1000.
The last entry of errorHistory is 1.000000 for index 206629, 207/1000.
The last entry of errorHistory is 1.500000 for index 206630, 207/1000.
Terminated at swamp 0.5.
The last entry of errorHistory is 0.500224 for index 206631, 207/1000.
Terminated at swamp 1.
The last entry of errorHistory is 0.999899 for index 206632, 207/1000.
The last entry of errorHistory is 1.000000 for index 206633, 207/1000.
The last entry of errorHistory is 1.000000 for index 206634, 207/1000.
The last entry of errorHistory is 0.000046 for index 206635, 207/1000.
The last entry of errorHistory is 1.500000 for index 206636, 207/1000.
Terminated at swamp 0.5.
The last entry of errorHistory is 0.500004 for index 206637, 207/1000.
Terminated at swamp 1.
The last entry of errorHistory is 1.000000 for index 206638, 207/1000.
Terminated at swamp 0.5.
The last entry of errorHistory is 0.500387 for index 206639, 207/1000.
Terminated at swamp 0.5.
The last entry of errorHistory is 0.500252 for index 206640, 207/1000.
Terminated at swamp 0.5.
The last entry of errorHistory is 0.500526 for index 206641, 207/1000.
The last entry of errorHistory is 1.000000 for index 206642, 207/1000.
Terminated at swamp 0.5.
The last entry of errorHistory is 0.500054 for index 206643, 207/1000.
Terminated at swamp 0.5.
The last entry of errorHistory is 0.500407 for index 206644, 207/1000.
The last entry of errorHistory is 1.500000 for index 206645, 207/1000.
Terminated at swamp 0.5.
The last entry of errorHistory is 0.500227 for index 206646, 207/1000.
Terminated at swamp 0.5.
The last entry of errorHistory is 0.500527 for index 206647, 207/1000.
Terminated at swamp 0.5.
The last entry of errorHistory is 0.500391 for index 206648, 207/1000.
The last entry of errorHistory is 0.000065 for index 206649, 207/1000.
Terminated at swamp 1.
The last entry of errorHistory is 1.000054 for index 206650, 207/1000.
The last entry of errorHistory is 1.500000 for index 206651, 207/1000.
Terminated at swamp 1.
The last entry of errorHistory is 1.000256 for index 206652, 207/1000.
Terminated at swamp 0.5.
The last entry of errorHistory is 0.500161 for index 206653, 207/1000.
Terminated at swamp 1.
The last entry of errorHistory is 1.000000 for index 206654, 207/1000.
The last entry of errorHistory is 1.000000 for index 206655, 207/1000.
Terminated at swamp 0.5.
The last entry of errorHistory is 0.500433 for index 206656, 207/1000.
Terminated at swamp 1.
The last entry of errorHistory is 1.000000 for index 206657, 207/1000.
Terminated at swamp 0.5.
The last entry of errorHistory is 0.500199 for index 206658, 207/1000.
Terminated at swamp 0.5.
The last entry of errorHistory is 0.500468 for index 206659, 207/1000.
Terminated at swamp 1.
The last entry of errorHistory is 1.000438 for index 206660, 207/1000.
Terminated at swamp 0.5.
The last entry of errorHistory is 0.500387 for index 206661, 207/1000.
Terminated at swamp 0.5.
The last entry of errorHistory is 0.500450 for index 206662, 207/1000.
Terminated at swamp 0.5.
The last entry of errorHistory is 0.500428 for index 206663, 207/1000.
Terminated at swamp 0.5.
The last entry of errorHistory is 0.500363 for index 206664, 207/1000.
Terminated at swamp 0.5.
The last entry of errorHistory is 0.500041 for index 206665, 207/1000.
Terminated at swamp 0.5.
The last entry of errorHistory is 0.500560 for index 206666, 207/1000.
Terminated at swamp 1.
The last entry of errorHistory is 1.000092 for index 206667, 207/1000.
Terminated at swamp 0.5.
The last entry of errorHistory is 0.500583 for index 206668, 207/1000.
Terminated at swamp 0.5.
The last entry of errorHistory is 0.500306 for index 206669, 207/1000.
The last entry of errorHistory is 1.500000 for index 206670, 207/1000.
Terminated at swamp 1.
The last entry of errorHistory is 1.000003 for index 206671, 207/1000.
Terminated at swamp 0.5.
The last entry of errorHistory is 0.500391 for index 206672, 207/1000.
Terminated at swamp 0.5.
The last entry of errorHistory is 0.500211 for index 206673, 207/1000.
Terminated at swamp 1.
The last entry of errorHistory is 1.000369 for index 206674, 207/1000.
The last entry of errorHistory is 0.000018 for index 206675, 207/1000.
Terminated at swamp 0.5.
The last entry of errorHistory is 0.500600 for index 206676, 207/1000.
Terminated at swamp 1.
The last entry of errorHistory is 1.000581 for index 206677, 207/1000.
Terminated at swamp 1.
The last entry of errorHistory is 1.000000 for index 206678, 207/1000.
The last entry of errorHistory is 1.000000 for index 206679, 207/1000.
The last entry of errorHistory is 0.500000 for index 206680, 207/1000.
The last entry of errorHistory is 1.000000 for index 206681, 207/1000.
Terminated at swamp 0.5.
The last entry of errorHistory is 0.500095 for index 206682, 207/1000.
The last entry of errorHistory is 0.001709 for index 206683, 207/1000.
Terminated at swamp 0.5.
The last entry of errorHistory is 0.500413 for index 206684, 207/1000.
The last entry of errorHistory is 1.000000 for index 206685, 207/1000.
Terminated at swamp 1.
The last entry of errorHistory is 1.000000 for index 206686, 207/1000.
Terminated at swamp 1.
The last entry of errorHistory is 1.000000 for index 206687, 207/1000.
Terminated at swamp 0.5.
The last entry of errorHistory is 0.500166 for index 206688, 207/1000.
Terminated at swamp 0.5.
The last entry of errorHistory is 0.500502 for index 206689, 207/1000.
The last entry of errorHistory is 0.000013 for index 206690, 207/1000.
Terminated at swamp 1.
The last entry of errorHistory is 1.000079 for index 206691, 207/1000.
Terminated at swamp 0.5.
The last entry of errorHistory is 0.500784 for index 206692, 207/1000.
Terminated at swamp 0.5.
The last entry of errorHistory is 0.500128 for index 206693, 207/1000.
Terminated at swamp 0.5.
The last entry of errorHistory is 0.500599 for index 206694, 207/1000.
Terminated at swamp 1.
The last entry of errorHistory is 1.000124 for index 206695, 207/1000.
Terminated at swamp 1.
The last entry of errorHistory is 1.000531 for index 206696, 207/1000.
Terminated at swamp 0.5.
The last entry of errorHistory is 0.500642 for index 206697, 207/1000.
Terminated at swamp 0.5.
The last entry of errorHistory is 0.500661 for index 206698, 207/1000.
Terminated at swamp 0.5.
The last entry of errorHistory is 0.500007 for index 206699, 207/1000.
Terminated at swamp 0.5.
The last entry of errorHistory is 0.500011 for index 206700, 207/1000.
Terminated at swamp 0.5.
The last entry of errorHistory is 0.500256 for index 206701, 207/1000.
The last entry of errorHistory is 1.000000 for index 206702, 207/1000.
Terminated at swamp 0.5.
The last entry of errorHistory is 0.500160 for index 206703, 207/1000.
Terminated at swamp 1.
The last entry of errorHistory is 1.000016 for index 206704, 207/1000.
Terminated at swamp 0.5.
The last entry of errorHistory is 0.500575 for index 206705, 207/1000.
The last entry of errorHistory is 1.000000 for index 206706, 207/1000.
Terminated at swamp 0.5.
The last entry of errorHistory is 0.500473 for index 206707, 207/1000.
Terminated at swamp 1.
The last entry of errorHistory is 1.000070 for index 206708, 207/1000.
Terminated at swamp 0.5.
The last entry of errorHistory is 0.500695 for index 206709, 207/1000.
Terminated at swamp 0.5.
The last entry of errorHistory is 0.500464 for index 206710, 207/1000.
Terminated at swamp 1.
The last entry of errorHistory is 1.000072 for index 206711, 207/1000.
The last entry of errorHistory is 1.000000 for index 206712, 207/1000.
The last entry of errorHistory is 1.000000 for index 206713, 207/1000.
The last entry of errorHistory is 0.500000 for index 206714, 207/1000.
Terminated at swamp 1.
The last entry of errorHistory is 1.000038 for index 206715, 207/1000.
Terminated at swamp 0.5.
The last entry of errorHistory is 0.500576 for index 206716, 207/1000.
Terminated at swamp 0.5.
The last entry of errorHistory is 0.500258 for index 206717, 207/1000.
Terminated at swamp 0.5.
The last entry of errorHistory is 0.500336 for index 206718, 207/1000.
Terminated at swamp 1.
The last entry of errorHistory is 1.000163 for index 206719, 207/1000.
Terminated at swamp 0.5.
The last entry of errorHistory is 0.500172 for index 206720, 207/1000.
Terminated at swamp 1.
The last entry of errorHistory is 1.000085 for index 206721, 207/1000.
Terminated at swamp 1.
The last entry of errorHistory is 1.000281 for index 206722, 207/1000.
Terminated at swamp 1.
The last entry of errorHistory is 1.000033 for index 206723, 207/1000.
Terminated at swamp 0.5.
The last entry of errorHistory is 0.500571 for index 206724, 207/1000.
The last entry of errorHistory is 1.000000 for index 206725, 207/1000.
Terminated at swamp 0.5.
The last entry of errorHistory is 0.500114 for index 206726, 207/1000.
Terminated at swamp 0.5.
The last entry of errorHistory is 0.500414 for index 206727, 207/1000.
Terminated at swamp 0.5.
The last entry of errorHistory is 0.500542 for index 206728, 207/1000.
Terminated at swamp 0.5.
The last entry of errorHistory is 0.500514 for index 206729, 207/1000.
Terminated at swamp 0.5.
The last entry of errorHistory is 0.500295 for index 206730, 207/1000.
Terminated at swamp 0.5.
The last entry of errorHistory is 0.500733 for index 206731, 207/1000.
The last entry of errorHistory is 1.000000 for index 206732, 207/1000.
The last entry of errorHistory is 1.000000 for index 206733, 207/1000.
Terminated at swamp 0.5.
The last entry of errorHistory is 0.500108 for index 206734, 207/1000.
Terminated at swamp 0.5.
The last entry of errorHistory is 0.500141 for index 206735, 207/1000.
The last entry of errorHistory is 0.000254 for index 206736, 207/1000.
The last entry of errorHistory is 1.000000 for index 206737, 207/1000.
The last entry of errorHistory is 1.000000 for index 206738, 207/1000.
Terminated at swamp 0.5.
The last entry of errorHistory is 0.500120 for index 206739, 207/1000.
The last entry of errorHistory is 0.000017 for index 206740, 207/1000.
Terminated at swamp 1.
The last entry of errorHistory is 1.000001 for index 206741, 207/1000.
Terminated at swamp 0.5.
The last entry of errorHistory is 0.500461 for index 206742, 207/1000.
Terminated at swamp 0.5.
The last entry of errorHistory is 0.500439 for index 206743, 207/1000.
Terminated at swamp 0.5.
The last entry of errorHistory is 0.500362 for index 206744, 207/1000.
The last entry of errorHistory is 0.500000 for index 206745, 207/1000.
Terminated at swamp 0.5.
The last entry of errorHistory is 0.500415 for index 206746, 207/1000.
Terminated at swamp 1.
The last entry of errorHistory is 1.000235 for index 206747, 207/1000.
Terminated at swamp 1.
The last entry of errorHistory is 1.000136 for index 206748, 207/1000.
The last entry of errorHistory is 1.000000 for index 206749, 207/1000.
Terminated at swamp 0.5.
The last entry of errorHistory is 0.500460 for index 206750, 207/1000.
Terminated at swamp 0.5.
The last entry of errorHistory is 0.500673 for index 206751, 207/1000.
Terminated at swamp 0.5.
The last entry of errorHistory is 0.500317 for index 206752, 207/1000.
The last entry of errorHistory is 1.000000 for index 206753, 207/1000.
Terminated at swamp 0.5.
The last entry of errorHistory is 0.500689 for index 206754, 207/1000.
Terminated at swamp 0.5.
The last entry of errorHistory is 0.500554 for index 206755, 207/1000.
Terminated at swamp 0.5.
The last entry of errorHistory is 0.500037 for index 206756, 207/1000.
The last entry of errorHistory is 0.000020 for index 206757, 207/1000.
The last entry of errorHistory is 0.500000 for index 206758, 207/1000.
Terminated at swamp 0.5.
The last entry of errorHistory is 0.500246 for index 206759, 207/1000.
The last entry of errorHistory is 1.000000 for index 206760, 207/1000.
Terminated at swamp 0.5.
The last entry of errorHistory is 0.500546 for index 206761, 207/1000.
Terminated at swamp 0.5.
The last entry of errorHistory is 0.500000 for index 206762, 207/1000.
Terminated at swamp 0.5.
The last entry of errorHistory is 0.500064 for index 206763, 207/1000.
The last entry of errorHistory is 0.500000 for index 206764, 207/1000.
Terminated at swamp 0.5.
The last entry of errorHistory is 0.500129 for index 206765, 207/1000.
Terminated at swamp 0.5.
The last entry of errorHistory is 0.500215 for index 206766, 207/1000.
Terminated at swamp 0.5.
The last entry of errorHistory is 0.500488 for index 206767, 207/1000.
The last entry of errorHistory is 1.000000 for index 206768, 207/1000.
Terminated at swamp 0.5.
The last entry of errorHistory is 0.500266 for index 206769, 207/1000.
The last entry of errorHistory is 0.500000 for index 206770, 207/1000.
The last entry of errorHistory is 1.000000 for index 206771, 207/1000.
Terminated at swamp 0.5.
The last entry of errorHistory is 0.500164 for index 206772, 207/1000.
Terminated at swamp 1.
The last entry of errorHistory is 1.000006 for index 206773, 207/1000.
Terminated at swamp 0.5.
The last entry of errorHistory is 0.500615 for index 206774, 207/1000.
The last entry of errorHistory is 0.500000 for index 206775, 207/1000.
The last entry of errorHistory is 0.001911 for index 206776, 207/1000.
Terminated at swamp 0.5.
The last entry of errorHistory is 0.500291 for index 206777, 207/1000.
The last entry of errorHistory is 0.500000 for index 206778, 207/1000.
Terminated at swamp 0.5.
The last entry of errorHistory is 0.500622 for index 206779, 207/1000.
The last entry of errorHistory is 0.500000 for index 206780, 207/1000.
Terminated at swamp 0.5.
The last entry of errorHistory is 0.500512 for index 206781, 207/1000.
Terminated at swamp 1.
The last entry of errorHistory is 1.000324 for index 206782, 207/1000.
The last entry of errorHistory is 1.000000 for index 206783, 207/1000.
Terminated at swamp 0.5.
The last entry of errorHistory is 0.500029 for index 206784, 207/1000.
The last entry of errorHistory is 0.000040 for index 206785, 207/1000.
The last entry of errorHistory is 1.000000 for index 206786, 207/1000.
Terminated at swamp 0.5.
The last entry of errorHistory is 0.500200 for index 206787, 207/1000.
Terminated at swamp 0.5.
The last entry of errorHistory is 0.500002 for index 206788, 207/1000.
The last entry of errorHistory is 1.500000 for index 206789, 207/1000.
Terminated at swamp 0.5.
The last entry of errorHistory is 0.500558 for index 206790, 207/1000.
Terminated at swamp 0.5.
The last entry of errorHistory is 0.500135 for index 206791, 207/1000.
Terminated at swamp 0.5.
The last entry of errorHistory is 0.500253 for index 206792, 207/1000.
Terminated at swamp 1.
The last entry of errorHistory is 1.000352 for index 206793, 207/1000.
Terminated at swamp 0.5.
The last entry of errorHistory is 0.500593 for index 206794, 207/1000.
The last entry of errorHistory is 1.000000 for index 206795, 207/1000.
Terminated at swamp 0.5.
The last entry of errorHistory is 0.500211 for index 206796, 207/1000.
Terminated at swamp 1.
The last entry of errorHistory is 0.999973 for index 206797, 207/1000.
Terminated at swamp 1.
The last entry of errorHistory is 1.000002 for index 206798, 207/1000.
The last entry of errorHistory is 0.000021 for index 206799, 207/1000.
The last entry of errorHistory is 1.000000 for index 206800, 207/1000.
The last entry of errorHistory is 1.000000 for index 206801, 207/1000.
The last entry of errorHistory is 1.000000 for index 206802, 207/1000.
The last entry of errorHistory is 0.000767 for index 206803, 207/1000.
The last entry of errorHistory is 1.000000 for index 206804, 207/1000.
Terminated at swamp 0.5.
The last entry of errorHistory is 0.500386 for index 206805, 207/1000.
Terminated at swamp 0.5.
The last entry of errorHistory is 0.500599 for index 206806, 207/1000.
The last entry of errorHistory is 1.000000 for index 206807, 207/1000.
Terminated at swamp 1.
The last entry of errorHistory is 1.000394 for index 206808, 207/1000.
The last entry of errorHistory is 0.000021 for index 206809, 207/1000.
Terminated at swamp 1.
The last entry of errorHistory is 1.000063 for index 206810, 207/1000.
Terminated at swamp 0.5.
The last entry of errorHistory is 0.500488 for index 206811, 207/1000.
Terminated at swamp 1.
The last entry of errorHistory is 1.000457 for index 206812, 207/1000.
Terminated at swamp 0.5.
The last entry of errorHistory is 0.500610 for index 206813, 207/1000.
The last entry of errorHistory is 0.000023 for index 206814, 207/1000.
Terminated at swamp 1.
The last entry of errorHistory is 1.000111 for index 206815, 207/1000.
The last entry of errorHistory is 0.000150 for index 206816, 207/1000.
The last entry of errorHistory is 1.001378 for index 206817, 207/1000.
Terminated at swamp 1.
The last entry of errorHistory is 1.000269 for index 206818, 207/1000.
Terminated at swamp 1.
The last entry of errorHistory is 1.000011 for index 206819, 207/1000.
The last entry of errorHistory is 1.500000 for index 206820, 207/1000.
The last entry of errorHistory is 0.500000 for index 206821, 207/1000.
The last entry of errorHistory is 1.000000 for index 206822, 207/1000.
The last entry of errorHistory is 1.000000 for index 206823, 207/1000.
Terminated at swamp 0.5.
The last entry of errorHistory is 0.500341 for index 206824, 207/1000.
The last entry of errorHistory is 0.000514 for index 206825, 207/1000.
Terminated at swamp 1.
The last entry of errorHistory is 1.000000 for index 206826, 207/1000.
The last entry of errorHistory is 1.000000 for index 206827, 207/1000.
The last entry of errorHistory is 1.000000 for index 206828, 207/1000.
Terminated at swamp 0.5.
The last entry of errorHistory is 0.500482 for index 206829, 207/1000.
Terminated at swamp 1.
The last entry of errorHistory is 1.000181 for index 206830, 207/1000.
The last entry of errorHistory is 1.000000 for index 206831, 207/1000.
Terminated at swamp 1.
The last entry of errorHistory is 1.000000 for index 206832, 207/1000.
The last entry of errorHistory is 1.500000 for index 206833, 207/1000.
The last entry of errorHistory is 1.000000 for index 206834, 207/1000.
The last entry of errorHistory is 1.000000 for index 206835, 207/1000.
Terminated at swamp 0.5.
The last entry of errorHistory is 0.500307 for index 206836, 207/1000.
Terminated at swamp 1.
The last entry of errorHistory is 1.000380 for index 206837, 207/1000.
The last entry of errorHistory is 0.000012 for index 206838, 207/1000.
Terminated at swamp 0.5.
The last entry of errorHistory is 0.500120 for index 206839, 207/1000.
The last entry of errorHistory is 0.000021 for index 206840, 207/1000.
The last entry of errorHistory is 1.000000 for index 206841, 207/1000.
Terminated at swamp 1.
The last entry of errorHistory is 0.999387 for index 206842, 207/1000.
Terminated at swamp 1.
The last entry of errorHistory is 1.000071 for index 206843, 207/1000.
The last entry of errorHistory is 1.000000 for index 206844, 207/1000.
Terminated at swamp 0.5.
The last entry of errorHistory is 0.500606 for index 206845, 207/1000.
Terminated at swamp 0.5.
The last entry of errorHistory is 0.500491 for index 206846, 207/1000.
Terminated at swamp 0.5.
The last entry of errorHistory is 0.500405 for index 206847, 207/1000.
The last entry of errorHistory is 0.000213 for index 206848, 207/1000.
Terminated at swamp 1.
The last entry of errorHistory is 1.000000 for index 206849, 207/1000.
Terminated at swamp 1.
The last entry of errorHistory is 1.000000 for index 206850, 207/1000.
Terminated at swamp 0.5.
The last entry of errorHistory is 0.500532 for index 206851, 207/1000.
The last entry of errorHistory is 1.000000 for index 206852, 207/1000.
Terminated at swamp 0.5.
The last entry of errorHistory is 0.500252 for index 206853, 207/1000.
Terminated at swamp 0.5.
The last entry of errorHistory is 0.500310 for index 206854, 207/1000.
Terminated at swamp 0.5.
The last entry of errorHistory is 0.500015 for index 206855, 207/1000.
The last entry of errorHistory is 1.000000 for index 206856, 207/1000.
The last entry of errorHistory is 1.000000 for index 206857, 207/1000.
Terminated at swamp 0.5.
The last entry of errorHistory is 0.500780 for index 206858, 207/1000.
The last entry of errorHistory is 0.500000 for index 206859, 207/1000.
Terminated at swamp 1.
The last entry of errorHistory is 1.000000 for index 206860, 207/1000.
Terminated at swamp 0.5.
The last entry of errorHistory is 0.500000 for index 206861, 207/1000.
Terminated at swamp 0.5.
The last entry of errorHistory is 0.500062 for index 206862, 207/1000.
Terminated at swamp 0.5.
The last entry of errorHistory is 0.500587 for index 206863, 207/1000.
The last entry of errorHistory is 0.500000 for index 206864, 207/1000.
The last entry of errorHistory is 0.000413 for index 206865, 207/1000.
Terminated at swamp 0.5.
The last entry of errorHistory is 0.500001 for index 206866, 207/1000.
Terminated at swamp 1.
The last entry of errorHistory is 1.000433 for index 206867, 207/1000.
Terminated at swamp 0.5.
The last entry of errorHistory is 0.500258 for index 206868, 207/1000.
Terminated at swamp 0.5.
The last entry of errorHistory is 0.500563 for index 206869, 207/1000.
Terminated at swamp 1.
The last entry of errorHistory is 1.000126 for index 206870, 207/1000.
The last entry of errorHistory is 1.500000 for index 206871, 207/1000.
The last entry of errorHistory is 1.000000 for index 206872, 207/1000.
Terminated at swamp 0.5.
The last entry of errorHistory is 0.500196 for index 206873, 207/1000.
Terminated at swamp 0.5.
The last entry of errorHistory is 0.500385 for index 206874, 207/1000.
Terminated at swamp 1.
The last entry of errorHistory is 1.000000 for index 206875, 207/1000.
Terminated at swamp 0.5.
The last entry of errorHistory is 0.500000 for index 206876, 207/1000.
Terminated at swamp 0.5.
The last entry of errorHistory is 0.500334 for index 206877, 207/1000.
Terminated at swamp 0.5.
The last entry of errorHistory is 0.500090 for index 206878, 207/1000.
Terminated at swamp 0.5.
The last entry of errorHistory is 0.500537 for index 206879, 207/1000.
Terminated at swamp 1.
The last entry of errorHistory is 1.000008 for index 206880, 207/1000.
Terminated at swamp 1.
The last entry of errorHistory is 1.000095 for index 206881, 207/1000.
Terminated at swamp 0.5.
The last entry of errorHistory is 0.500368 for index 206882, 207/1000.
The last entry of errorHistory is 0.000016 for index 206883, 207/1000.
Terminated at swamp 0.5.
The last entry of errorHistory is 0.500000 for index 206884, 207/1000.
The last entry of errorHistory is 1.000000 for index 206885, 207/1000.
Terminated at swamp 0.5.
The last entry of errorHistory is 0.500663 for index 206886, 207/1000.
The last entry of errorHistory is 0.000218 for index 206887, 207/1000.
Terminated at swamp 1.
The last entry of errorHistory is 1.000141 for index 206888, 207/1000.
The last entry of errorHistory is 0.000095 for index 206889, 207/1000.
Terminated at swamp 0.5.
The last entry of errorHistory is 0.500576 for index 206890, 207/1000.
The last entry of errorHistory is 0.000008 for index 206891, 207/1000.
The last entry of errorHistory is 0.001047 for index 206892, 207/1000.
Terminated at swamp 0.5.
The last entry of errorHistory is 0.500307 for index 206893, 207/1000.
Terminated at swamp 1.
The last entry of errorHistory is 1.000287 for index 206894, 207/1000.
The last entry of errorHistory is 0.500000 for index 206895, 207/1000.
Terminated at swamp 0.5.
The last entry of errorHistory is 0.500510 for index 206896, 207/1000.
The last entry of errorHistory is 0.500000 for index 206897, 207/1000.
Terminated at swamp 0.5.
The last entry of errorHistory is 0.500500 for index 206898, 207/1000.
The last entry of errorHistory is 0.500000 for index 206899, 207/1000.
Terminated at swamp 0.5.
The last entry of errorHistory is 0.500436 for index 206900, 207/1000.
Terminated at swamp 0.5.
The last entry of errorHistory is 0.500619 for index 206901, 207/1000.
Terminated at swamp 1.
The last entry of errorHistory is 1.000338 for index 206902, 207/1000.
Terminated at swamp 0.5.
The last entry of errorHistory is 0.500411 for index 206903, 207/1000.
The last entry of errorHistory is 0.500000 for index 206904, 207/1000.
Terminated at swamp 0.5.
The last entry of errorHistory is 0.500493 for index 206905, 207/1000.
Terminated at swamp 0.5.
The last entry of errorHistory is 0.500161 for index 206906, 207/1000.
The last entry of errorHistory is 0.500000 for index 206907, 207/1000.
Terminated at swamp 0.5.
The last entry of errorHistory is 0.500653 for index 206908, 207/1000.
The last entry of errorHistory is 1.000000 for index 206909, 207/1000.
The last entry of errorHistory is 1.000000 for index 206910, 207/1000.
Terminated at swamp 0.5.
The last entry of errorHistory is 0.500583 for index 206911, 207/1000.
The last entry of errorHistory is 0.000024 for index 206912, 207/1000.
The last entry of errorHistory is 1.500000 for index 206913, 207/1000.
The last entry of errorHistory is 1.000000 for index 206914, 207/1000.
Terminated at swamp 0.5.
The last entry of errorHistory is 0.500493 for index 206915, 207/1000.
The last entry of errorHistory is 1.000000 for index 206916, 207/1000.
Terminated at swamp 0.5.
The last entry of errorHistory is 0.500311 for index 206917, 207/1000.
Terminated at swamp 0.5.
The last entry of errorHistory is 0.500201 for index 206918, 207/1000.
Terminated at swamp 0.5.
The last entry of errorHistory is 0.500439 for index 206919, 207/1000.
The last entry of errorHistory is 0.000027 for index 206920, 207/1000.
Terminated at swamp 0.5.
The last entry of errorHistory is 0.500072 for index 206921, 207/1000.
Terminated at swamp 0.5.
The last entry of errorHistory is 0.500001 for index 206922, 207/1000.
Terminated at swamp 0.5.
The last entry of errorHistory is 0.500316 for index 206923, 207/1000.
Terminated at swamp 1.
The last entry of errorHistory is 1.000002 for index 206924, 207/1000.
Terminated at swamp 0.5.
The last entry of errorHistory is 0.500602 for index 206925, 207/1000.
Terminated at swamp 0.5.
The last entry of errorHistory is 0.500566 for index 206926, 207/1000.
Terminated at swamp 1.
The last entry of errorHistory is 1.000026 for index 206927, 207/1000.
Terminated at swamp 1.
The last entry of errorHistory is 1.000211 for index 206928, 207/1000.
Terminated at swamp 0.5.
The last entry of errorHistory is 0.500313 for index 206929, 207/1000.
Terminated at swamp 0.5.
The last entry of errorHistory is 0.500580 for index 206930, 207/1000.
The last entry of errorHistory is 1.500000 for index 206931, 207/1000.
The last entry of errorHistory is 1.000000 for index 206932, 207/1000.
Terminated at swamp 0.5.
The last entry of errorHistory is 0.500010 for index 206933, 207/1000.
Terminated at swamp 1.
The last entry of errorHistory is 1.000000 for index 206934, 207/1000.
Terminated at swamp 1.
The last entry of errorHistory is 1.000002 for index 206935, 207/1000.
Terminated at swamp 0.5.
The last entry of errorHistory is 0.500340 for index 206936, 207/1000.
Terminated at swamp 0.5.
The last entry of errorHistory is 0.500377 for index 206937, 207/1000.
The last entry of errorHistory is 1.000000 for index 206938, 207/1000.
Terminated at swamp 0.5.
The last entry of errorHistory is 0.500024 for index 206939, 207/1000.
Terminated at swamp 1.
The last entry of errorHistory is 1.000217 for index 206940, 207/1000.
Terminated at swamp 0.5.
The last entry of errorHistory is 0.500004 for index 206941, 207/1000.
Terminated at swamp 0.5.
The last entry of errorHistory is 0.500447 for index 206942, 207/1000.
Terminated at swamp 1.
The last entry of errorHistory is 1.000661 for index 206943, 207/1000.
The last entry of errorHistory is 0.500000 for index 206944, 207/1000.
Terminated at swamp 0.5.
The last entry of errorHistory is 0.500148 for index 206945, 207/1000.
Terminated at swamp 0.5.
The last entry of errorHistory is 0.500506 for index 206946, 207/1000.
Terminated at swamp 0.5.
The last entry of errorHistory is 0.500614 for index 206947, 207/1000.
The last entry of errorHistory is 0.000268 for index 206948, 207/1000.
Terminated at swamp 0.5.
The last entry of errorHistory is 0.500105 for index 206949, 207/1000.
Terminated at swamp 1.
The last entry of errorHistory is 1.000520 for index 206950, 207/1000.
Terminated at swamp 1.
The last entry of errorHistory is 1.000211 for index 206951, 207/1000.
Terminated at swamp 0.5.
The last entry of errorHistory is 0.500155 for index 206952, 207/1000.
Terminated at swamp 0.5.
The last entry of errorHistory is 0.500000 for index 206953, 207/1000.
The last entry of errorHistory is 0.000036 for index 206954, 207/1000.
The last entry of errorHistory is 0.000048 for index 206955, 207/1000.
Terminated at swamp 1.
The last entry of errorHistory is 1.000480 for index 206956, 207/1000.
Terminated at swamp 1.
The last entry of errorHistory is 1.000002 for index 206957, 207/1000.
Terminated at swamp 0.5.
The last entry of errorHistory is 0.500233 for index 206958, 207/1000.
Terminated at swamp 0.5.
The last entry of errorHistory is 0.500407 for index 206959, 207/1000.
Terminated at swamp 0.5.
The last entry of errorHistory is 0.500639 for index 206960, 207/1000.
Terminated at swamp 0.5.
The last entry of errorHistory is 0.500137 for index 206961, 207/1000.
The last entry of errorHistory is 0.500000 for index 206962, 207/1000.
The last entry of errorHistory is 1.500000 for index 206963, 207/1000.
Terminated at swamp 0.5.
The last entry of errorHistory is 0.500390 for index 206964, 207/1000.
The last entry of errorHistory is 1.500000 for index 206965, 207/1000.
The last entry of errorHistory is 1.500000 for index 206966, 207/1000.
The last entry of errorHistory is 1.000000 for index 206967, 207/1000.
The last entry of errorHistory is 0.500000 for index 206968, 207/1000.
Terminated at swamp 0.5.
The last entry of errorHistory is 0.500496 for index 206969, 207/1000.
Terminated at swamp 0.5.
The last entry of errorHistory is 0.500000 for index 206970, 207/1000.
The last entry of errorHistory is 0.000015 for index 206971, 207/1000.
Terminated at swamp 0.5.
The last entry of errorHistory is 0.500504 for index 206972, 207/1000.
The last entry of errorHistory is 0.000020 for index 206973, 207/1000.
The last entry of errorHistory is 1.000000 for index 206974, 207/1000.
Terminated at swamp 0.5.
The last entry of errorHistory is 0.500622 for index 206975, 207/1000.
The last entry of errorHistory is 1.000000 for index 206976, 207/1000.
The last entry of errorHistory is 0.000192 for index 206977, 207/1000.
The last entry of errorHistory is 0.000012 for index 206978, 207/1000.
Terminated at swamp 0.5.
The last entry of errorHistory is 0.500358 for index 206979, 207/1000.
The last entry of errorHistory is 1.000000 for index 206980, 207/1000.
Terminated at swamp 0.5.
The last entry of errorHistory is 0.500313 for index 206981, 207/1000.
The last entry of errorHistory is 0.500000 for index 206982, 207/1000.
Terminated at swamp 1.
The last entry of errorHistory is 1.000044 for index 206983, 207/1000.
Terminated at swamp 0.5.
The last entry of errorHistory is 0.500192 for index 206984, 207/1000.
The last entry of errorHistory is 0.508519 for index 206985, 207/1000.
Terminated at swamp 0.5.
The last entry of errorHistory is 0.500257 for index 206986, 207/1000.
Terminated at swamp 1.
The last entry of errorHistory is 1.000002 for index 206987, 207/1000.
The last entry of errorHistory is 0.500000 for index 206988, 207/1000.
Terminated at swamp 0.5.
The last entry of errorHistory is 0.500398 for index 206989, 207/1000.
The last entry of errorHistory is 0.000011 for index 206990, 207/1000.
The last entry of errorHistory is 0.500000 for index 206991, 207/1000.
Terminated at swamp 0.5.
The last entry of errorHistory is 0.500056 for index 206992, 207/1000.
Terminated at swamp 0.5.
The last entry of errorHistory is 0.500316 for index 206993, 207/1000.
The last entry of errorHistory is 1.000000 for index 206994, 207/1000.
The last entry of errorHistory is 1.000000 for index 206995, 207/1000.
Terminated at swamp 0.5.
The last entry of errorHistory is 0.500024 for index 206996, 207/1000.
The last entry of errorHistory is 0.000026 for index 206997, 207/1000.
The last entry of errorHistory is 1.000000 for index 206998, 207/1000.
Terminated at swamp 0.5.
The last entry of errorHistory is 0.500005 for index 206999, 207/1000.
The last entry of errorHistory is 0.000633 for index 207000, 207/1000.
