
                            < M A T L A B (R) >
                  Copyright 1984-2018 The MathWorks, Inc.
                   R2018b (9.5.0.944444) 64-bit (glnxa64)
                              August 28, 2018

 
To get started, type doc.
For product information, visit www.mathworks.com.
 
Terminated at swamp 0.5.
The last entry of errorHistory is 0.500357 for index 215001, 216/1000.
Terminated at swamp 1.
The last entry of errorHistory is 1.000014 for index 215002, 216/1000.
The last entry of errorHistory is 0.000694 for index 215003, 216/1000.
Terminated at swamp 1.
The last entry of errorHistory is 1.000311 for index 215004, 216/1000.
Terminated at swamp 0.5.
The last entry of errorHistory is 0.500561 for index 215005, 216/1000.
Terminated at swamp 0.5.
The last entry of errorHistory is 0.500709 for index 215006, 216/1000.
Terminated at swamp 0.5.
The last entry of errorHistory is 0.500110 for index 215007, 216/1000.
Terminated at swamp 1.
The last entry of errorHistory is 1.000000 for index 215008, 216/1000.
Terminated at swamp 0.5.
The last entry of errorHistory is 0.500663 for index 215009, 216/1000.
Terminated at swamp 0.5.
The last entry of errorHistory is 0.500607 for index 215010, 216/1000.
Terminated at swamp 0.5.
The last entry of errorHistory is 0.500281 for index 215011, 216/1000.
The last entry of errorHistory is 0.000051 for index 215012, 216/1000.
Terminated at swamp 0.5.
The last entry of errorHistory is 0.500591 for index 215013, 216/1000.
Terminated at swamp 1.
The last entry of errorHistory is 1.000345 for index 215014, 216/1000.
Terminated at swamp 0.5.
The last entry of errorHistory is 0.500509 for index 215015, 216/1000.
Terminated at swamp 0.5.
The last entry of errorHistory is 0.500267 for index 215016, 216/1000.
Terminated at swamp 0.5.
The last entry of errorHistory is 0.500677 for index 215017, 216/1000.
Terminated at swamp 0.5.
The last entry of errorHistory is 0.500395 for index 215018, 216/1000.
The last entry of errorHistory is 1.000000 for index 215019, 216/1000.
Terminated at swamp 1.
The last entry of errorHistory is 1.000234 for index 215020, 216/1000.
The last entry of errorHistory is 0.000056 for index 215021, 216/1000.
Terminated at swamp 0.5.
The last entry of errorHistory is 0.500404 for index 215022, 216/1000.
The last entry of errorHistory is 1.000000 for index 215023, 216/1000.
The last entry of errorHistory is 0.000019 for index 215024, 216/1000.
Terminated at swamp 1.5.
The last entry of errorHistory is 1.500000 for index 215025, 216/1000.
Terminated at swamp 1.
The last entry of errorHistory is 1.000348 for index 215026, 216/1000.
The last entry of errorHistory is 1.000000 for index 215027, 216/1000.
The last entry of errorHistory is 1.000000 for index 215028, 216/1000.
Terminated at swamp 0.5.
The last entry of errorHistory is 0.500796 for index 215029, 216/1000.
Terminated at swamp 1.
The last entry of errorHistory is 1.000000 for index 215030, 216/1000.
The last entry of errorHistory is 1.500000 for index 215031, 216/1000.
Terminated at swamp 1.
The last entry of errorHistory is 1.000001 for index 215032, 216/1000.
Terminated at swamp 1.
The last entry of errorHistory is 1.000473 for index 215033, 216/1000.
Terminated at swamp 1.
The last entry of errorHistory is 1.000001 for index 215034, 216/1000.
The last entry of errorHistory is 1.000000 for index 215035, 216/1000.
Terminated at swamp 0.5.
The last entry of errorHistory is 0.500426 for index 215036, 216/1000.
The last entry of errorHistory is 0.000034 for index 215037, 216/1000.
Terminated at swamp 1.
The last entry of errorHistory is 1.000257 for index 215038, 216/1000.
Terminated at swamp 1.
The last entry of errorHistory is 1.000009 for index 215039, 216/1000.
Terminated at swamp 0.5.
The last entry of errorHistory is 0.500023 for index 215040, 216/1000.
The last entry of errorHistory is 0.500000 for index 215041, 216/1000.
The last entry of errorHistory is 1.000000 for index 215042, 216/1000.
Terminated at swamp 1.
The last entry of errorHistory is 1.000141 for index 215043, 216/1000.
Terminated at swamp 0.5.
The last entry of errorHistory is 0.500002 for index 215044, 216/1000.
The last entry of errorHistory is 0.000016 for index 215045, 216/1000.
The last entry of errorHistory is 0.500000 for index 215046, 216/1000.
Terminated at swamp 0.5.
The last entry of errorHistory is 0.500553 for index 215047, 216/1000.
Terminated at swamp 1.
The last entry of errorHistory is 1.000016 for index 215048, 216/1000.
Terminated at swamp 0.5.
The last entry of errorHistory is 0.500544 for index 215049, 216/1000.
Terminated at swamp 0.5.
The last entry of errorHistory is 0.500390 for index 215050, 216/1000.
Terminated at swamp 0.5.
The last entry of errorHistory is 0.500378 for index 215051, 216/1000.
Terminated at swamp 0.5.
The last entry of errorHistory is 0.500383 for index 215052, 216/1000.
The last entry of errorHistory is 1.000000 for index 215053, 216/1000.
The last entry of errorHistory is 1.000000 for index 215054, 216/1000.
Terminated at swamp 0.5.
The last entry of errorHistory is 0.500255 for index 215055, 216/1000.
Terminated at swamp 1.
The last entry of errorHistory is 1.000001 for index 215056, 216/1000.
Terminated at swamp 0.5.
The last entry of errorHistory is 0.500063 for index 215057, 216/1000.
The last entry of errorHistory is 1.000000 for index 215058, 216/1000.
Terminated at swamp 0.5.
The last entry of errorHistory is 0.500431 for index 215059, 216/1000.
Terminated at swamp 0.5.
The last entry of errorHistory is 0.500577 for index 215060, 216/1000.
Terminated at swamp 1.
The last entry of errorHistory is 1.000068 for index 215061, 216/1000.
Terminated at swamp 0.5.
The last entry of errorHistory is 0.500277 for index 215062, 216/1000.
Terminated at swamp 1.
The last entry of errorHistory is 1.000306 for index 215063, 216/1000.
The last entry of errorHistory is 0.500000 for index 215064, 216/1000.
The last entry of errorHistory is 0.001471 for index 215065, 216/1000.
The last entry of errorHistory is 0.500000 for index 215066, 216/1000.
The last entry of errorHistory is 0.000078 for index 215067, 216/1000.
The last entry of errorHistory is 0.500000 for index 215068, 216/1000.
The last entry of errorHistory is 1.500000 for index 215069, 216/1000.
Terminated at swamp 0.5.
The last entry of errorHistory is 0.500393 for index 215070, 216/1000.
Terminated at swamp 1.
The last entry of errorHistory is 1.000198 for index 215071, 216/1000.
The last entry of errorHistory is 1.000000 for index 215072, 216/1000.
The last entry of errorHistory is 0.000082 for index 215073, 216/1000.
Terminated at swamp 1.
The last entry of errorHistory is 1.000057 for index 215074, 216/1000.
Terminated at swamp 1.
The last entry of errorHistory is 1.000171 for index 215075, 216/1000.
The last entry of errorHistory is 0.500000 for index 215076, 216/1000.
The last entry of errorHistory is 0.000773 for index 215077, 216/1000.
Terminated at swamp 0.5.
The last entry of errorHistory is 0.500342 for index 215078, 216/1000.
Terminated at swamp 0.5.
The last entry of errorHistory is 0.500191 for index 215079, 216/1000.
The last entry of errorHistory is 1.500000 for index 215080, 216/1000.
Terminated at swamp 0.5.
The last entry of errorHistory is 0.500174 for index 215081, 216/1000.
Terminated at swamp 0.5.
The last entry of errorHistory is 0.500498 for index 215082, 216/1000.
Terminated at swamp 0.5.
The last entry of errorHistory is 0.500554 for index 215083, 216/1000.
Terminated at swamp 0.5.
The last entry of errorHistory is 0.500120 for index 215084, 216/1000.
The last entry of errorHistory is 0.000070 for index 215085, 216/1000.
The last entry of errorHistory is 0.500000 for index 215086, 216/1000.
Terminated at swamp 0.5.
The last entry of errorHistory is 0.500508 for index 215087, 216/1000.
The last entry of errorHistory is 0.000031 for index 215088, 216/1000.
Terminated at swamp 0.5.
The last entry of errorHistory is 0.500558 for index 215089, 216/1000.
Terminated at swamp 1.
The last entry of errorHistory is 1.000311 for index 215090, 216/1000.
Terminated at swamp 0.5.
The last entry of errorHistory is 0.500241 for index 215091, 216/1000.
Terminated at swamp 0.5.
The last entry of errorHistory is 0.500710 for index 215092, 216/1000.
Terminated at swamp 0.5.
The last entry of errorHistory is 0.500472 for index 215093, 216/1000.
The last entry of errorHistory is 1.500000 for index 215094, 216/1000.
The last entry of errorHistory is 1.000000 for index 215095, 216/1000.
The last entry of errorHistory is 1.000000 for index 215096, 216/1000.
The last entry of errorHistory is 1.000000 for index 215097, 216/1000.
The last entry of errorHistory is 0.000065 for index 215098, 216/1000.
Terminated at swamp 0.5.
The last entry of errorHistory is 0.500403 for index 215099, 216/1000.
Terminated at swamp 0.5.
The last entry of errorHistory is 0.500461 for index 215100, 216/1000.
Terminated at swamp 0.5.
The last entry of errorHistory is 0.500426 for index 215101, 216/1000.
The last entry of errorHistory is 0.000137 for index 215102, 216/1000.
Terminated at swamp 0.5.
The last entry of errorHistory is 0.500129 for index 215103, 216/1000.
Terminated at swamp 1.
The last entry of errorHistory is 1.000000 for index 215104, 216/1000.
Terminated at swamp 0.5.
The last entry of errorHistory is 0.500570 for index 215105, 216/1000.
Terminated at swamp 0.5.
The last entry of errorHistory is 0.500000 for index 215106, 216/1000.
The last entry of errorHistory is 0.000247 for index 215107, 216/1000.
The last entry of errorHistory is 1.000000 for index 215108, 216/1000.
Terminated at swamp 0.5.
The last entry of errorHistory is 0.500549 for index 215109, 216/1000.
Terminated at swamp 0.5.
The last entry of errorHistory is 0.500366 for index 215110, 216/1000.
The last entry of errorHistory is 1.500000 for index 215111, 216/1000.
The last entry of errorHistory is 1.000000 for index 215112, 216/1000.
Terminated at swamp 1.
The last entry of errorHistory is 1.000297 for index 215113, 216/1000.
The last entry of errorHistory is 1.000000 for index 215114, 216/1000.
The last entry of errorHistory is 0.000007 for index 215115, 216/1000.
Terminated at swamp 0.5.
The last entry of errorHistory is 0.500278 for index 215116, 216/1000.
The last entry of errorHistory is 1.000000 for index 215117, 216/1000.
Terminated at swamp 1.
The last entry of errorHistory is 1.000270 for index 215118, 216/1000.
The last entry of errorHistory is 1.000000 for index 215119, 216/1000.
Terminated at swamp 0.5.
The last entry of errorHistory is 0.500462 for index 215120, 216/1000.
Terminated at swamp 0.5.
The last entry of errorHistory is 0.500317 for index 215121, 216/1000.
The last entry of errorHistory is 0.500000 for index 215122, 216/1000.
Terminated at swamp 0.5.
The last entry of errorHistory is 0.500507 for index 215123, 216/1000.
The last entry of errorHistory is 0.000045 for index 215124, 216/1000.
Terminated at swamp 0.5.
The last entry of errorHistory is 0.500323 for index 215125, 216/1000.
Terminated at swamp 1.
The last entry of errorHistory is 1.000535 for index 215126, 216/1000.
The last entry of errorHistory is 1.000000 for index 215127, 216/1000.
The last entry of errorHistory is 0.001093 for index 215128, 216/1000.
Terminated at swamp 1.
The last entry of errorHistory is 1.000410 for index 215129, 216/1000.
Terminated at swamp 0.5.
The last entry of errorHistory is 0.500566 for index 215130, 216/1000.
Terminated at swamp 0.5.
The last entry of errorHistory is 0.500851 for index 215131, 216/1000.
Terminated at swamp 1.
The last entry of errorHistory is 1.000603 for index 215132, 216/1000.
Terminated at swamp 0.5.
The last entry of errorHistory is 0.500187 for index 215133, 216/1000.
Terminated at swamp 0.5.
The last entry of errorHistory is 0.500194 for index 215134, 216/1000.
The last entry of errorHistory is 1.000000 for index 215135, 216/1000.
Terminated at swamp 0.5.
The last entry of errorHistory is 0.500480 for index 215136, 216/1000.
Terminated at swamp 1.
The last entry of errorHistory is 1.000176 for index 215137, 216/1000.
Terminated at swamp 0.5.
The last entry of errorHistory is 0.500702 for index 215138, 216/1000.
Terminated at swamp 0.5.
The last entry of errorHistory is 0.500288 for index 215139, 216/1000.
The last entry of errorHistory is 0.500000 for index 215140, 216/1000.
Terminated at swamp 0.5.
The last entry of errorHistory is 0.500395 for index 215141, 216/1000.
Terminated at swamp 0.5.
The last entry of errorHistory is 0.500452 for index 215142, 216/1000.
Terminated at swamp 1.
The last entry of errorHistory is 1.000358 for index 215143, 216/1000.
Terminated at swamp 0.5.
The last entry of errorHistory is 0.500001 for index 215144, 216/1000.
The last entry of errorHistory is 0.000478 for index 215145, 216/1000.
The last entry of errorHistory is 0.000227 for index 215146, 216/1000.
The last entry of errorHistory is 1.000000 for index 215147, 216/1000.
The last entry of errorHistory is 1.500000 for index 215148, 216/1000.
The last entry of errorHistory is 0.500000 for index 215149, 216/1000.
Terminated at swamp 1.
The last entry of errorHistory is 1.000005 for index 215150, 216/1000.
Terminated at swamp 1.
The last entry of errorHistory is 1.000185 for index 215151, 216/1000.
The last entry of errorHistory is 0.000027 for index 215152, 216/1000.
The last entry of errorHistory is 0.000011 for index 215153, 216/1000.
The last entry of errorHistory is 0.500000 for index 215154, 216/1000.
Terminated at swamp 1.
The last entry of errorHistory is 1.000442 for index 215155, 216/1000.
The last entry of errorHistory is 0.000019 for index 215156, 216/1000.
Terminated at swamp 1.
The last entry of errorHistory is 1.000023 for index 215157, 216/1000.
The last entry of errorHistory is 1.000000 for index 215158, 216/1000.
The last entry of errorHistory is 1.000000 for index 215159, 216/1000.
The last entry of errorHistory is 0.000016 for index 215160, 216/1000.
Terminated at swamp 1.
The last entry of errorHistory is 1.000282 for index 215161, 216/1000.
The last entry of errorHistory is 0.000072 for index 215162, 216/1000.
The last entry of errorHistory is 1.000000 for index 215163, 216/1000.
The last entry of errorHistory is 1.000000 for index 215164, 216/1000.
The last entry of errorHistory is 1.000000 for index 215165, 216/1000.
Terminated at swamp 0.5.
The last entry of errorHistory is 0.500630 for index 215166, 216/1000.
The last entry of errorHistory is 1.500000 for index 215167, 216/1000.
Terminated at swamp 1.
The last entry of errorHistory is 1.000052 for index 215168, 216/1000.
Terminated at swamp 0.5.
The last entry of errorHistory is 0.500387 for index 215169, 216/1000.
The last entry of errorHistory is 0.500000 for index 215170, 216/1000.
The last entry of errorHistory is 0.500000 for index 215171, 216/1000.
Terminated at swamp 0.5.
The last entry of errorHistory is 0.500327 for index 215172, 216/1000.
Terminated at swamp 0.5.
The last entry of errorHistory is 0.500431 for index 215173, 216/1000.
Terminated at swamp 0.5.
The last entry of errorHistory is 0.500481 for index 215174, 216/1000.
The last entry of errorHistory is 1.500000 for index 215175, 216/1000.
Terminated at swamp 0.5.
The last entry of errorHistory is 0.500279 for index 215176, 216/1000.
Terminated at swamp 0.5.
The last entry of errorHistory is 0.500410 for index 215177, 216/1000.
Terminated at swamp 0.5.
The last entry of errorHistory is 0.500264 for index 215178, 216/1000.
Terminated at swamp 0.5.
The last entry of errorHistory is 0.500184 for index 215179, 216/1000.
The last entry of errorHistory is 1.000000 for index 215180, 216/1000.
Terminated at swamp 1.
The last entry of errorHistory is 1.000000 for index 215181, 216/1000.
The last entry of errorHistory is 0.000276 for index 215182, 216/1000.
Terminated at swamp 1.
The last entry of errorHistory is 1.000057 for index 215183, 216/1000.
Terminated at swamp 1.5.
The last entry of errorHistory is 1.500000 for index 215184, 216/1000.
The last entry of errorHistory is 1.500000 for index 215185, 216/1000.
The last entry of errorHistory is 0.000299 for index 215186, 216/1000.
Terminated at swamp 1.
The last entry of errorHistory is 1.000018 for index 215187, 216/1000.
Terminated at swamp 1.
The last entry of errorHistory is 1.000014 for index 215188, 216/1000.
Terminated at swamp 0.5.
The last entry of errorHistory is 0.500383 for index 215189, 216/1000.
Terminated at swamp 0.5.
The last entry of errorHistory is 0.500644 for index 215190, 216/1000.
The last entry of errorHistory is 1.000000 for index 215191, 216/1000.
Terminated at swamp 0.5.
The last entry of errorHistory is 0.500340 for index 215192, 216/1000.
The last entry of errorHistory is 0.000652 for index 215193, 216/1000.
Terminated at swamp 0.5.
The last entry of errorHistory is 0.500131 for index 215194, 216/1000.
Terminated at swamp 0.5.
The last entry of errorHistory is 0.500391 for index 215195, 216/1000.
The last entry of errorHistory is 0.000274 for index 215196, 216/1000.
Terminated at swamp 0.5.
The last entry of errorHistory is 0.500133 for index 215197, 216/1000.
Terminated at swamp 1.
The last entry of errorHistory is 1.000003 for index 215198, 216/1000.
Terminated at swamp 0.5.
The last entry of errorHistory is 0.500592 for index 215199, 216/1000.
Terminated at swamp 1.
The last entry of errorHistory is 1.000000 for index 215200, 216/1000.
Terminated at swamp 1.5.
The last entry of errorHistory is 1.500406 for index 215201, 216/1000.
The last entry of errorHistory is 0.000018 for index 215202, 216/1000.
Terminated at swamp 1.
The last entry of errorHistory is 1.000235 for index 215203, 216/1000.
Terminated at swamp 1.5.
The last entry of errorHistory is 1.500468 for index 215204, 216/1000.
Terminated at swamp 0.5.
The last entry of errorHistory is 0.500578 for index 215205, 216/1000.
Terminated at swamp 1.
The last entry of errorHistory is 1.000320 for index 215206, 216/1000.
Terminated at swamp 0.5.
The last entry of errorHistory is 0.500474 for index 215207, 216/1000.
The last entry of errorHistory is 1.000000 for index 215208, 216/1000.
Terminated at swamp 0.5.
The last entry of errorHistory is 0.500000 for index 215209, 216/1000.
The last entry of errorHistory is 1.000000 for index 215210, 216/1000.
Terminated at swamp 0.5.
The last entry of errorHistory is 0.500039 for index 215211, 216/1000.
Terminated at swamp 0.5.
The last entry of errorHistory is 0.500601 for index 215212, 216/1000.
The last entry of errorHistory is 1.000000 for index 215213, 216/1000.
Terminated at swamp 1.
The last entry of errorHistory is 1.000201 for index 215214, 216/1000.
The last entry of errorHistory is 1.000000 for index 215215, 216/1000.
Terminated at swamp 0.5.
The last entry of errorHistory is 0.500237 for index 215216, 216/1000.
The last entry of errorHistory is 1.000000 for index 215217, 216/1000.
The last entry of errorHistory is 1.500000 for index 215218, 216/1000.
The last entry of errorHistory is 1.000000 for index 215219, 216/1000.
The last entry of errorHistory is 1.000000 for index 215220, 216/1000.
The last entry of errorHistory is 0.000042 for index 215221, 216/1000.
The last entry of errorHistory is 0.500000 for index 215222, 216/1000.
Terminated at swamp 1.
The last entry of errorHistory is 1.000018 for index 215223, 216/1000.
Terminated at swamp 1.
The last entry of errorHistory is 1.000328 for index 215224, 216/1000.
Terminated at swamp 0.5.
The last entry of errorHistory is 0.500174 for index 215225, 216/1000.
Terminated at swamp 0.5.
The last entry of errorHistory is 0.500687 for index 215226, 216/1000.
The last entry of errorHistory is 0.500000 for index 215227, 216/1000.
Terminated at swamp 0.5.
The last entry of errorHistory is 0.500642 for index 215228, 216/1000.
Terminated at swamp 0.5.
The last entry of errorHistory is 0.500045 for index 215229, 216/1000.
The last entry of errorHistory is 1.000000 for index 215230, 216/1000.
Terminated at swamp 0.5.
The last entry of errorHistory is 0.500608 for index 215231, 216/1000.
Terminated at swamp 0.5.
The last entry of errorHistory is 0.500545 for index 215232, 216/1000.
Terminated at swamp 0.5.
The last entry of errorHistory is 0.500456 for index 215233, 216/1000.
Terminated at swamp 0.5.
The last entry of errorHistory is 0.500127 for index 215234, 216/1000.
Terminated at swamp 0.5.
The last entry of errorHistory is 0.500573 for index 215235, 216/1000.
The last entry of errorHistory is 0.500000 for index 215236, 216/1000.
Terminated at swamp 0.5.
The last entry of errorHistory is 0.500088 for index 215237, 216/1000.
The last entry of errorHistory is 1.000000 for index 215238, 216/1000.
Terminated at swamp 0.5.
The last entry of errorHistory is 0.500677 for index 215239, 216/1000.
The last entry of errorHistory is 0.501216 for index 215240, 216/1000.
Terminated at swamp 0.5.
The last entry of errorHistory is 0.500112 for index 215241, 216/1000.
Terminated at swamp 0.5.
The last entry of errorHistory is 0.500691 for index 215242, 216/1000.
The last entry of errorHistory is 1.000000 for index 215243, 216/1000.
Terminated at swamp 1.
The last entry of errorHistory is 1.000000 for index 215244, 216/1000.
The last entry of errorHistory is 1.000000 for index 215245, 216/1000.
Terminated at swamp 0.5.
The last entry of errorHistory is 0.500468 for index 215246, 216/1000.
Terminated at swamp 1.
The last entry of errorHistory is 1.000071 for index 215247, 216/1000.
Terminated at swamp 0.5.
The last entry of errorHistory is 0.500270 for index 215248, 216/1000.
Terminated at swamp 1.
The last entry of errorHistory is 1.000370 for index 215249, 216/1000.
The last entry of errorHistory is 1.000000 for index 215250, 216/1000.
The last entry of errorHistory is 1.000000 for index 215251, 216/1000.
Terminated at swamp 0.5.
The last entry of errorHistory is 0.500545 for index 215252, 216/1000.
The last entry of errorHistory is 0.500000 for index 215253, 216/1000.
Terminated at swamp 0.5.
The last entry of errorHistory is 0.500580 for index 215254, 216/1000.
The last entry of errorHistory is 1.000000 for index 215255, 216/1000.
The last entry of errorHistory is 0.000640 for index 215256, 216/1000.
Terminated at swamp 0.5.
The last entry of errorHistory is 0.500410 for index 215257, 216/1000.
Terminated at swamp 0.5.
The last entry of errorHistory is 0.500628 for index 215258, 216/1000.
Terminated at swamp 1.
The last entry of errorHistory is 1.000033 for index 215259, 216/1000.
Terminated at swamp 0.5.
The last entry of errorHistory is 0.500644 for index 215260, 216/1000.
The last entry of errorHistory is 0.500000 for index 215261, 216/1000.
Terminated at swamp 1.
The last entry of errorHistory is 1.000185 for index 215262, 216/1000.
Terminated at swamp 0.5.
The last entry of errorHistory is 0.500103 for index 215263, 216/1000.
The last entry of errorHistory is 1.000000 for index 215264, 216/1000.
Terminated at swamp 0.5.
The last entry of errorHistory is 0.500422 for index 215265, 216/1000.
Terminated at swamp 0.5.
The last entry of errorHistory is 0.500077 for index 215266, 216/1000.
The last entry of errorHistory is 0.000049 for index 215267, 216/1000.
Terminated at swamp 0.5.
The last entry of errorHistory is 0.500536 for index 215268, 216/1000.
Terminated at swamp 0.5.
The last entry of errorHistory is 0.500156 for index 215269, 216/1000.
The last entry of errorHistory is 1.000000 for index 215270, 216/1000.
Terminated at swamp 0.5.
The last entry of errorHistory is 0.500217 for index 215271, 216/1000.
Terminated at swamp 0.5.
The last entry of errorHistory is 0.500580 for index 215272, 216/1000.
The last entry of errorHistory is 1.500000 for index 215273, 216/1000.
Terminated at swamp 0.5.
The last entry of errorHistory is 0.500531 for index 215274, 216/1000.
Terminated at swamp 0.5.
The last entry of errorHistory is 0.500067 for index 215275, 216/1000.
Terminated at swamp 0.5.
The last entry of errorHistory is 0.500379 for index 215276, 216/1000.
Terminated at swamp 1.5.
The last entry of errorHistory is 1.500000 for index 215277, 216/1000.
Terminated at swamp 0.5.
The last entry of errorHistory is 0.500648 for index 215278, 216/1000.
Terminated at swamp 0.5.
The last entry of errorHistory is 0.500527 for index 215279, 216/1000.
Terminated at swamp 0.5.
The last entry of errorHistory is 0.500734 for index 215280, 216/1000.
The last entry of errorHistory is 0.000022 for index 215281, 216/1000.
The last entry of errorHistory is 1.000000 for index 215282, 216/1000.
The last entry of errorHistory is 0.500000 for index 215283, 216/1000.
Terminated at swamp 0.5.
The last entry of errorHistory is 0.500116 for index 215284, 216/1000.
Terminated at swamp 1.
The last entry of errorHistory is 1.000014 for index 215285, 216/1000.
Terminated at swamp 0.5.
The last entry of errorHistory is 0.500548 for index 215286, 216/1000.
Terminated at swamp 1.
The last entry of errorHistory is 1.000001 for index 215287, 216/1000.
Terminated at swamp 0.5.
The last entry of errorHistory is 0.500398 for index 215288, 216/1000.
Terminated at swamp 0.5.
The last entry of errorHistory is 0.500122 for index 215289, 216/1000.
The last entry of errorHistory is 0.000013 for index 215290, 216/1000.
The last entry of errorHistory is 0.000008 for index 215291, 216/1000.
The last entry of errorHistory is 1.000000 for index 215292, 216/1000.
Terminated at swamp 0.5.
The last entry of errorHistory is 0.500075 for index 215293, 216/1000.
Terminated at swamp 0.5.
The last entry of errorHistory is 0.500485 for index 215294, 216/1000.
Terminated at swamp 1.
The last entry of errorHistory is 1.000314 for index 215295, 216/1000.
Terminated at swamp 1.
The last entry of errorHistory is 1.000261 for index 215296, 216/1000.
Terminated at swamp 0.5.
The last entry of errorHistory is 0.500030 for index 215297, 216/1000.
Terminated at swamp 0.5.
The last entry of errorHistory is 0.500048 for index 215298, 216/1000.
The last entry of errorHistory is 0.500000 for index 215299, 216/1000.
The last entry of errorHistory is 1.000000 for index 215300, 216/1000.
Terminated at swamp 1.
The last entry of errorHistory is 1.000319 for index 215301, 216/1000.
Terminated at swamp 0.5.
The last entry of errorHistory is 0.500663 for index 215302, 216/1000.
Terminated at swamp 0.5.
The last entry of errorHistory is 0.500264 for index 215303, 216/1000.
Terminated at swamp 0.5.
The last entry of errorHistory is 0.500193 for index 215304, 216/1000.
The last entry of errorHistory is 1.500000 for index 215305, 216/1000.
The last entry of errorHistory is 1.000000 for index 215306, 216/1000.
The last entry of errorHistory is 0.000009 for index 215307, 216/1000.
Terminated at swamp 0.5.
The last entry of errorHistory is 0.500282 for index 215308, 216/1000.
The last entry of errorHistory is 1.000000 for index 215309, 216/1000.
Terminated at swamp 1.
The last entry of errorHistory is 1.000178 for index 215310, 216/1000.
The last entry of errorHistory is 0.500000 for index 215311, 216/1000.
Terminated at swamp 0.5.
The last entry of errorHistory is 0.500167 for index 215312, 216/1000.
Terminated at swamp 0.5.
The last entry of errorHistory is 0.500365 for index 215313, 216/1000.
The last entry of errorHistory is 1.000000 for index 215314, 216/1000.
The last entry of errorHistory is 0.500000 for index 215315, 216/1000.
The last entry of errorHistory is 1.500000 for index 215316, 216/1000.
Terminated at swamp 0.5.
The last entry of errorHistory is 0.500398 for index 215317, 216/1000.
Terminated at swamp 1.
The last entry of errorHistory is 1.000399 for index 215318, 216/1000.
The last entry of errorHistory is 1.000000 for index 215319, 216/1000.
Terminated at swamp 1.
The last entry of errorHistory is 1.000015 for index 215320, 216/1000.
Terminated at swamp 0.5.
The last entry of errorHistory is 0.500268 for index 215321, 216/1000.
Terminated at swamp 0.5.
The last entry of errorHistory is 0.500000 for index 215322, 216/1000.
The last entry of errorHistory is 1.500000 for index 215323, 216/1000.
The last entry of errorHistory is 1.000000 for index 215324, 216/1000.
Terminated at swamp 1.
The last entry of errorHistory is 1.000100 for index 215325, 216/1000.
Terminated at swamp 0.5.
The last entry of errorHistory is 0.500256 for index 215326, 216/1000.
Terminated at swamp 0.5.
The last entry of errorHistory is 0.500400 for index 215327, 216/1000.
The last entry of errorHistory is 0.000020 for index 215328, 216/1000.
The last entry of errorHistory is 0.000037 for index 215329, 216/1000.
Terminated at swamp 1.
The last entry of errorHistory is 1.000000 for index 215330, 216/1000.
Terminated at swamp 0.5.
The last entry of errorHistory is 0.500596 for index 215331, 216/1000.
Terminated at swamp 0.5.
The last entry of errorHistory is 0.500937 for index 215332, 216/1000.
The last entry of errorHistory is 0.000295 for index 215333, 216/1000.
Terminated at swamp 0.5.
The last entry of errorHistory is 0.500284 for index 215334, 216/1000.
Terminated at swamp 1.
The last entry of errorHistory is 1.000420 for index 215335, 216/1000.
Terminated at swamp 0.5.
The last entry of errorHistory is 0.500542 for index 215336, 216/1000.
Terminated at swamp 1.
The last entry of errorHistory is 1.000354 for index 215337, 216/1000.
Terminated at swamp 0.5.
The last entry of errorHistory is 0.500462 for index 215338, 216/1000.
The last entry of errorHistory is 1.000000 for index 215339, 216/1000.
Terminated at swamp 0.5.
The last entry of errorHistory is 0.500618 for index 215340, 216/1000.
The last entry of errorHistory is 0.500000 for index 215341, 216/1000.
Terminated at swamp 1.
The last entry of errorHistory is 1.000414 for index 215342, 216/1000.
The last entry of errorHistory is 0.000007 for index 215343, 216/1000.
The last entry of errorHistory is 0.000013 for index 215344, 216/1000.
The last entry of errorHistory is 0.000012 for index 215345, 216/1000.
The last entry of errorHistory is 1.000000 for index 215346, 216/1000.
Terminated at swamp 0.5.
The last entry of errorHistory is 0.500362 for index 215347, 216/1000.
The last entry of errorHistory is 0.000034 for index 215348, 216/1000.
Terminated at swamp 0.5.
The last entry of errorHistory is 0.500192 for index 215349, 216/1000.
Terminated at swamp 0.5.
The last entry of errorHistory is 0.500476 for index 215350, 216/1000.
Terminated at swamp 0.5.
The last entry of errorHistory is 0.500359 for index 215351, 216/1000.
The last entry of errorHistory is 1.500000 for index 215352, 216/1000.
Terminated at swamp 0.5.
The last entry of errorHistory is 0.500474 for index 215353, 216/1000.
The last entry of errorHistory is 0.000016 for index 215354, 216/1000.
Terminated at swamp 0.5.
The last entry of errorHistory is 0.500510 for index 215355, 216/1000.
The last entry of errorHistory is 0.500000 for index 215356, 216/1000.
Terminated at swamp 0.5.
The last entry of errorHistory is 0.500512 for index 215357, 216/1000.
Terminated at swamp 0.5.
The last entry of errorHistory is 0.500599 for index 215358, 216/1000.
Terminated at swamp 0.5.
The last entry of errorHistory is 0.500198 for index 215359, 216/1000.
Terminated at swamp 1.
The last entry of errorHistory is 1.000015 for index 215360, 216/1000.
Terminated at swamp 0.5.
The last entry of errorHistory is 0.500455 for index 215361, 216/1000.
Terminated at swamp 0.5.
The last entry of errorHistory is 0.500615 for index 215362, 216/1000.
The last entry of errorHistory is 0.500000 for index 215363, 216/1000.
Terminated at swamp 0.5.
The last entry of errorHistory is 0.500044 for index 215364, 216/1000.
Terminated at swamp 1.
The last entry of errorHistory is 1.000010 for index 215365, 216/1000.
Terminated at swamp 0.5.
The last entry of errorHistory is 0.500329 for index 215366, 216/1000.
Terminated at swamp 0.5.
The last entry of errorHistory is 0.500683 for index 215367, 216/1000.
The last entry of errorHistory is 1.000000 for index 215368, 216/1000.
The last entry of errorHistory is 0.000046 for index 215369, 216/1000.
Terminated at swamp 0.5.
The last entry of errorHistory is 0.500006 for index 215370, 216/1000.
Terminated at swamp 0.5.
The last entry of errorHistory is 0.500646 for index 215371, 216/1000.
The last entry of errorHistory is 0.000907 for index 215372, 216/1000.
Terminated at swamp 0.5.
The last entry of errorHistory is 0.500318 for index 215373, 216/1000.
Terminated at swamp 0.5.
The last entry of errorHistory is 0.500063 for index 215374, 216/1000.
Terminated at swamp 0.5.
The last entry of errorHistory is 0.500106 for index 215375, 216/1000.
Terminated at swamp 1.
The last entry of errorHistory is 1.000000 for index 215376, 216/1000.
The last entry of errorHistory is 1.000000 for index 215377, 216/1000.
Terminated at swamp 0.5.
The last entry of errorHistory is 0.500084 for index 215378, 216/1000.
The last entry of errorHistory is 0.500000 for index 215379, 216/1000.
Terminated at swamp 1.
The last entry of errorHistory is 1.000000 for index 215380, 216/1000.
Terminated at swamp 0.5.
The last entry of errorHistory is 0.500456 for index 215381, 216/1000.
The last entry of errorHistory is 0.500000 for index 215382, 216/1000.
The last entry of errorHistory is 1.000000 for index 215383, 216/1000.
Terminated at swamp 0.5.
The last entry of errorHistory is 0.500605 for index 215384, 216/1000.
Terminated at swamp 1.
The last entry of errorHistory is 1.000371 for index 215385, 216/1000.
Terminated at swamp 0.5.
The last entry of errorHistory is 0.500373 for index 215386, 216/1000.
The last entry of errorHistory is 1.000000 for index 215387, 216/1000.
Terminated at swamp 0.5.
The last entry of errorHistory is 0.500586 for index 215388, 216/1000.
Terminated at swamp 0.5.
The last entry of errorHistory is 0.500310 for index 215389, 216/1000.
The last entry of errorHistory is 1.000000 for index 215390, 216/1000.
Terminated at swamp 0.5.
The last entry of errorHistory is 0.500262 for index 215391, 216/1000.
The last entry of errorHistory is 0.500000 for index 215392, 216/1000.
Terminated at swamp 0.5.
The last entry of errorHistory is 0.500153 for index 215393, 216/1000.
Terminated at swamp 0.5.
The last entry of errorHistory is 0.500060 for index 215394, 216/1000.
The last entry of errorHistory is 1.000000 for index 215395, 216/1000.
Terminated at swamp 1.
The last entry of errorHistory is 1.000392 for index 215396, 216/1000.
Terminated at swamp 1.
The last entry of errorHistory is 1.000058 for index 215397, 216/1000.
Terminated at swamp 0.5.
The last entry of errorHistory is 0.500536 for index 215398, 216/1000.
Terminated at swamp 0.5.
The last entry of errorHistory is 0.500544 for index 215399, 216/1000.
Terminated at swamp 1.
The last entry of errorHistory is 1.000007 for index 215400, 216/1000.
Terminated at swamp 0.5.
The last entry of errorHistory is 0.500047 for index 215401, 216/1000.
Terminated at swamp 0.5.
The last entry of errorHistory is 0.500044 for index 215402, 216/1000.
The last entry of errorHistory is 0.500000 for index 215403, 216/1000.
Terminated at swamp 1.
The last entry of errorHistory is 1.000167 for index 215404, 216/1000.
Terminated at swamp 1.
The last entry of errorHistory is 1.000000 for index 215405, 216/1000.
Terminated at swamp 0.5.
The last entry of errorHistory is 0.500144 for index 215406, 216/1000.
Terminated at swamp 0.5.
The last entry of errorHistory is 0.500185 for index 215407, 216/1000.
Terminated at swamp 0.5.
The last entry of errorHistory is 0.500465 for index 215408, 216/1000.
The last entry of errorHistory is 0.000031 for index 215409, 216/1000.
Terminated at swamp 0.5.
The last entry of errorHistory is 0.500428 for index 215410, 216/1000.
Terminated at swamp 0.5.
The last entry of errorHistory is 0.500558 for index 215411, 216/1000.
The last entry of errorHistory is 0.000016 for index 215412, 216/1000.
The last entry of errorHistory is 0.000009 for index 215413, 216/1000.
Terminated at swamp 0.5.
The last entry of errorHistory is 0.500671 for index 215414, 216/1000.
The last entry of errorHistory is 0.000022 for index 215415, 216/1000.
Terminated at swamp 1.
The last entry of errorHistory is 1.000031 for index 215416, 216/1000.
Terminated at swamp 0.5.
The last entry of errorHistory is 0.500121 for index 215417, 216/1000.
Terminated at swamp 0.5.
The last entry of errorHistory is 0.500676 for index 215418, 216/1000.
The last entry of errorHistory is 0.000052 for index 215419, 216/1000.
Terminated at swamp 0.5.
The last entry of errorHistory is 0.500697 for index 215420, 216/1000.
The last entry of errorHistory is 1.500000 for index 215421, 216/1000.
The last entry of errorHistory is 0.000041 for index 215422, 216/1000.
Terminated at swamp 0.5.
The last entry of errorHistory is 0.500516 for index 215423, 216/1000.
Terminated at swamp 0.5.
The last entry of errorHistory is 0.500245 for index 215424, 216/1000.
Terminated at swamp 0.5.
The last entry of errorHistory is 0.500193 for index 215425, 216/1000.
Terminated at swamp 0.5.
The last entry of errorHistory is 0.500538 for index 215426, 216/1000.
Terminated at swamp 0.5.
The last entry of errorHistory is 0.500236 for index 215427, 216/1000.
The last entry of errorHistory is 0.500000 for index 215428, 216/1000.
Terminated at swamp 0.5.
The last entry of errorHistory is 0.500296 for index 215429, 216/1000.
Terminated at swamp 0.5.
The last entry of errorHistory is 0.500067 for index 215430, 216/1000.
Terminated at swamp 0.5.
The last entry of errorHistory is 0.500696 for index 215431, 216/1000.
The last entry of errorHistory is 1.000000 for index 215432, 216/1000.
Terminated at swamp 0.5.
The last entry of errorHistory is 0.500583 for index 215433, 216/1000.
Terminated at swamp 0.5.
The last entry of errorHistory is 0.500375 for index 215434, 216/1000.
Terminated at swamp 1.
The last entry of errorHistory is 1.000000 for index 215435, 216/1000.
Terminated at swamp 0.5.
The last entry of errorHistory is 0.500621 for index 215436, 216/1000.
Terminated at swamp 0.5.
The last entry of errorHistory is 0.500534 for index 215437, 216/1000.
The last entry of errorHistory is 0.500000 for index 215438, 216/1000.
Terminated at swamp 0.5.
The last entry of errorHistory is 0.500453 for index 215439, 216/1000.
Terminated at swamp 0.5.
The last entry of errorHistory is 0.500490 for index 215440, 216/1000.
Terminated at swamp 0.5.
The last entry of errorHistory is 0.500424 for index 215441, 216/1000.
Terminated at swamp 0.5.
The last entry of errorHistory is 0.500159 for index 215442, 216/1000.
The last entry of errorHistory is 0.500000 for index 215443, 216/1000.
Terminated at swamp 0.5.
The last entry of errorHistory is 0.500207 for index 215444, 216/1000.
The last entry of errorHistory is 0.000019 for index 215445, 216/1000.
The last entry of errorHistory is 0.001433 for index 215446, 216/1000.
The last entry of errorHistory is 0.000013 for index 215447, 216/1000.
Terminated at swamp 1.
The last entry of errorHistory is 1.000422 for index 215448, 216/1000.
Terminated at swamp 0.5.
The last entry of errorHistory is 0.500516 for index 215449, 216/1000.
The last entry of errorHistory is 1.000000 for index 215450, 216/1000.
The last entry of errorHistory is 1.000000 for index 215451, 216/1000.
The last entry of errorHistory is 1.000000 for index 215452, 216/1000.
Terminated at swamp 0.5.
The last entry of errorHistory is 0.500406 for index 215453, 216/1000.
The last entry of errorHistory is 1.000000 for index 215454, 216/1000.
Terminated at swamp 0.5.
The last entry of errorHistory is 0.500348 for index 215455, 216/1000.
The last entry of errorHistory is 1.000000 for index 215456, 216/1000.
Terminated at swamp 1.
The last entry of errorHistory is 1.000013 for index 215457, 216/1000.
Terminated at swamp 0.5.
The last entry of errorHistory is 0.500403 for index 215458, 216/1000.
The last entry of errorHistory is 0.000989 for index 215459, 216/1000.
The last entry of errorHistory is 0.500000 for index 215460, 216/1000.
The last entry of errorHistory is 1.000000 for index 215461, 216/1000.
Terminated at swamp 0.5.
The last entry of errorHistory is 0.500140 for index 215462, 216/1000.
Terminated at swamp 0.5.
The last entry of errorHistory is 0.500599 for index 215463, 216/1000.
Terminated at swamp 0.5.
The last entry of errorHistory is 0.500630 for index 215464, 216/1000.
Terminated at swamp 0.5.
The last entry of errorHistory is 0.500522 for index 215465, 216/1000.
Terminated at swamp 1.
The last entry of errorHistory is 1.000000 for index 215466, 216/1000.
The last entry of errorHistory is 1.000000 for index 215467, 216/1000.
The last entry of errorHistory is 1.000000 for index 215468, 216/1000.
Terminated at swamp 1.
The last entry of errorHistory is 0.999988 for index 215469, 216/1000.
Terminated at swamp 0.5.
The last entry of errorHistory is 0.500321 for index 215470, 216/1000.
The last entry of errorHistory is 1.000000 for index 215471, 216/1000.
The last entry of errorHistory is 1.000000 for index 215472, 216/1000.
Terminated at swamp 0.5.
The last entry of errorHistory is 0.500574 for index 215473, 216/1000.
Terminated at swamp 0.5.
The last entry of errorHistory is 0.499810 for index 215474, 216/1000.
The last entry of errorHistory is 0.000013 for index 215475, 216/1000.
Terminated at swamp 1.
The last entry of errorHistory is 1.000229 for index 215476, 216/1000.
Terminated at swamp 0.5.
The last entry of errorHistory is 0.500278 for index 215477, 216/1000.
Terminated at swamp 1.
The last entry of errorHistory is 1.000550 for index 215478, 216/1000.
Terminated at swamp 0.5.
The last entry of errorHistory is 0.500642 for index 215479, 216/1000.
Terminated at swamp 1.
The last entry of errorHistory is 1.000498 for index 215480, 216/1000.
Terminated at swamp 0.5.
The last entry of errorHistory is 0.500406 for index 215481, 216/1000.
Terminated at swamp 0.5.
The last entry of errorHistory is 0.500683 for index 215482, 216/1000.
Terminated at swamp 1.
The last entry of errorHistory is 1.000000 for index 215483, 216/1000.
Terminated at swamp 0.5.
The last entry of errorHistory is 0.500252 for index 215484, 216/1000.
Terminated at swamp 1.
The last entry of errorHistory is 1.000000 for index 215485, 216/1000.
The last entry of errorHistory is 1.000000 for index 215486, 216/1000.
Terminated at swamp 1.
The last entry of errorHistory is 1.000427 for index 215487, 216/1000.
Terminated at swamp 0.5.
The last entry of errorHistory is 0.500336 for index 215488, 216/1000.
The last entry of errorHistory is 1.000000 for index 215489, 216/1000.
Terminated at swamp 1.
The last entry of errorHistory is 1.000436 for index 215490, 216/1000.
Terminated at swamp 0.5.
The last entry of errorHistory is 0.500432 for index 215491, 216/1000.
The last entry of errorHistory is 1.000000 for index 215492, 216/1000.
The last entry of errorHistory is 0.000033 for index 215493, 216/1000.
The last entry of errorHistory is 1.000000 for index 215494, 216/1000.
Terminated at swamp 0.5.
The last entry of errorHistory is 0.500360 for index 215495, 216/1000.
Terminated at swamp 1.
The last entry of errorHistory is 1.000318 for index 215496, 216/1000.
Terminated at swamp 0.5.
The last entry of errorHistory is 0.500046 for index 215497, 216/1000.
Terminated at swamp 0.5.
The last entry of errorHistory is 0.500372 for index 215498, 216/1000.
The last entry of errorHistory is 0.000025 for index 215499, 216/1000.
Terminated at swamp 0.5.
The last entry of errorHistory is 0.500000 for index 215500, 216/1000.
Terminated at swamp 1.
The last entry of errorHistory is 1.000251 for index 215501, 216/1000.
The last entry of errorHistory is 0.500000 for index 215502, 216/1000.
The last entry of errorHistory is 1.500000 for index 215503, 216/1000.
The last entry of errorHistory is 1.000000 for index 215504, 216/1000.
Terminated at swamp 0.5.
The last entry of errorHistory is 0.500511 for index 215505, 216/1000.
The last entry of errorHistory is 1.000000 for index 215506, 216/1000.
Terminated at swamp 0.5.
The last entry of errorHistory is 0.500415 for index 215507, 216/1000.
The last entry of errorHistory is 0.000305 for index 215508, 216/1000.
Terminated at swamp 0.5.
The last entry of errorHistory is 0.500674 for index 215509, 216/1000.
Terminated at swamp 1.
The last entry of errorHistory is 1.000447 for index 215510, 216/1000.
The last entry of errorHistory is 1.000000 for index 215511, 216/1000.
Terminated at swamp 0.5.
The last entry of errorHistory is 0.500361 for index 215512, 216/1000.
Terminated at swamp 1.
The last entry of errorHistory is 1.000000 for index 215513, 216/1000.
Terminated at swamp 1.
The last entry of errorHistory is 1.000000 for index 215514, 216/1000.
The last entry of errorHistory is 0.500000 for index 215515, 216/1000.
The last entry of errorHistory is 1.000000 for index 215516, 216/1000.
Terminated at swamp 1.
The last entry of errorHistory is 1.000000 for index 215517, 216/1000.
Terminated at swamp 0.5.
The last entry of errorHistory is 0.500362 for index 215518, 216/1000.
The last entry of errorHistory is 0.500000 for index 215519, 216/1000.
Terminated at swamp 0.5.
The last entry of errorHistory is 0.500258 for index 215520, 216/1000.
The last entry of errorHistory is 0.500000 for index 215521, 216/1000.
The last entry of errorHistory is 0.000154 for index 215522, 216/1000.
The last entry of errorHistory is 0.000032 for index 215523, 216/1000.
Terminated at swamp 1.
The last entry of errorHistory is 1.000206 for index 215524, 216/1000.
The last entry of errorHistory is 1.000000 for index 215525, 216/1000.
Terminated at swamp 0.5.
The last entry of errorHistory is 0.500568 for index 215526, 216/1000.
The last entry of errorHistory is 0.000024 for index 215527, 216/1000.
Terminated at swamp 1.
The last entry of errorHistory is 1.000367 for index 215528, 216/1000.
The last entry of errorHistory is 0.000027 for index 215529, 216/1000.
Terminated at swamp 0.5.
The last entry of errorHistory is 0.500507 for index 215530, 216/1000.
Terminated at swamp 1.
The last entry of errorHistory is 1.000049 for index 215531, 216/1000.
Terminated at swamp 0.5.
The last entry of errorHistory is 0.500468 for index 215532, 216/1000.
Terminated at swamp 0.5.
The last entry of errorHistory is 0.500484 for index 215533, 216/1000.
Terminated at swamp 1.
The last entry of errorHistory is 1.000371 for index 215534, 216/1000.
Terminated at swamp 0.5.
The last entry of errorHistory is 0.500681 for index 215535, 216/1000.
Terminated at swamp 0.5.
The last entry of errorHistory is 0.500180 for index 215536, 216/1000.
Terminated at swamp 0.5.
The last entry of errorHistory is 0.500687 for index 215537, 216/1000.
Terminated at swamp 0.5.
The last entry of errorHistory is 0.500062 for index 215538, 216/1000.
The last entry of errorHistory is 0.500000 for index 215539, 216/1000.
Terminated at swamp 0.5.
The last entry of errorHistory is 0.500105 for index 215540, 216/1000.
Terminated at swamp 1.
The last entry of errorHistory is 1.000343 for index 215541, 216/1000.
The last entry of errorHistory is 0.000021 for index 215542, 216/1000.
Terminated at swamp 0.5.
The last entry of errorHistory is 0.500567 for index 215543, 216/1000.
The last entry of errorHistory is 1.000000 for index 215544, 216/1000.
Terminated at swamp 0.5.
The last entry of errorHistory is 0.500052 for index 215545, 216/1000.
The last entry of errorHistory is 1.500000 for index 215546, 216/1000.
The last entry of errorHistory is 1.500000 for index 215547, 216/1000.
The last entry of errorHistory is 1.000000 for index 215548, 216/1000.
The last entry of errorHistory is 0.500000 for index 215549, 216/1000.
Terminated at swamp 0.5.
The last entry of errorHistory is 0.500371 for index 215550, 216/1000.
Terminated at swamp 0.5.
The last entry of errorHistory is 0.500428 for index 215551, 216/1000.
Terminated at swamp 0.5.
The last entry of errorHistory is 0.500862 for index 215552, 216/1000.
Terminated at swamp 0.5.
The last entry of errorHistory is 0.500536 for index 215553, 216/1000.
Terminated at swamp 0.5.
The last entry of errorHistory is 0.500151 for index 215554, 216/1000.
Terminated at swamp 1.
The last entry of errorHistory is 1.000411 for index 215555, 216/1000.
Terminated at swamp 0.5.
The last entry of errorHistory is 0.500387 for index 215556, 216/1000.
The last entry of errorHistory is 1.000000 for index 215557, 216/1000.
Terminated at swamp 1.
The last entry of errorHistory is 1.000025 for index 215558, 216/1000.
Terminated at swamp 0.5.
The last entry of errorHistory is 0.500849 for index 215559, 216/1000.
Terminated at swamp 0.5.
The last entry of errorHistory is 0.500301 for index 215560, 216/1000.
Terminated at swamp 0.5.
The last entry of errorHistory is 0.500451 for index 215561, 216/1000.
Terminated at swamp 0.5.
The last entry of errorHistory is 0.500294 for index 215562, 216/1000.
Terminated at swamp 1.
The last entry of errorHistory is 1.000004 for index 215563, 216/1000.
Terminated at swamp 1.
The last entry of errorHistory is 0.999990 for index 215564, 216/1000.
Terminated at swamp 1.
The last entry of errorHistory is 1.000088 for index 215565, 216/1000.
Terminated at swamp 0.5.
The last entry of errorHistory is 0.500215 for index 215566, 216/1000.
The last entry of errorHistory is 1.000000 for index 215567, 216/1000.
Terminated at swamp 0.5.
The last entry of errorHistory is 0.500642 for index 215568, 216/1000.
The last entry of errorHistory is 0.500000 for index 215569, 216/1000.
The last entry of errorHistory is 0.000021 for index 215570, 216/1000.
The last entry of errorHistory is 1.000000 for index 215571, 216/1000.
The last entry of errorHistory is 0.000550 for index 215572, 216/1000.
The last entry of errorHistory is 1.000000 for index 215573, 216/1000.
The last entry of errorHistory is 1.000000 for index 215574, 216/1000.
The last entry of errorHistory is 0.000490 for index 215575, 216/1000.
Terminated at swamp 0.5.
The last entry of errorHistory is 0.500000 for index 215576, 216/1000.
Terminated at swamp 1.
The last entry of errorHistory is 1.000032 for index 215577, 216/1000.
Terminated at swamp 0.5.
The last entry of errorHistory is 0.500320 for index 215578, 216/1000.
The last entry of errorHistory is 0.000018 for index 215579, 216/1000.
The last entry of errorHistory is 1.000000 for index 215580, 216/1000.
The last entry of errorHistory is 0.000021 for index 215581, 216/1000.
The last entry of errorHistory is 1.000000 for index 215582, 216/1000.
The last entry of errorHistory is 0.000310 for index 215583, 216/1000.
Terminated at swamp 0.5.
The last entry of errorHistory is 0.500464 for index 215584, 216/1000.
The last entry of errorHistory is 1.000000 for index 215585, 216/1000.
Terminated at swamp 0.5.
The last entry of errorHistory is 0.500423 for index 215586, 216/1000.
Terminated at swamp 0.5.
The last entry of errorHistory is 0.500683 for index 215587, 216/1000.
Terminated at swamp 0.5.
The last entry of errorHistory is 0.500431 for index 215588, 216/1000.
Terminated at swamp 0.5.
The last entry of errorHistory is 0.500420 for index 215589, 216/1000.
Terminated at swamp 1.
The last entry of errorHistory is 1.000391 for index 215590, 216/1000.
Terminated at swamp 0.5.
The last entry of errorHistory is 0.500073 for index 215591, 216/1000.
The last entry of errorHistory is 1.500000 for index 215592, 216/1000.
Terminated at swamp 0.5.
The last entry of errorHistory is 0.500038 for index 215593, 216/1000.
Terminated at swamp 1.
The last entry of errorHistory is 1.000008 for index 215594, 216/1000.
Terminated at swamp 0.5.
The last entry of errorHistory is 0.500187 for index 215595, 216/1000.
Terminated at swamp 1.
The last entry of errorHistory is 1.000052 for index 215596, 216/1000.
The last entry of errorHistory is 0.500000 for index 215597, 216/1000.
Terminated at swamp 0.5.
The last entry of errorHistory is 0.500350 for index 215598, 216/1000.
Terminated at swamp 1.
The last entry of errorHistory is 1.000000 for index 215599, 216/1000.
Terminated at swamp 0.5.
The last entry of errorHistory is 0.500600 for index 215600, 216/1000.
The last entry of errorHistory is 0.500000 for index 215601, 216/1000.
Terminated at swamp 0.5.
The last entry of errorHistory is 0.500558 for index 215602, 216/1000.
The last entry of errorHistory is 1.000000 for index 215603, 216/1000.
Terminated at swamp 1.
The last entry of errorHistory is 1.000000 for index 215604, 216/1000.
Terminated at swamp 0.5.
The last entry of errorHistory is 0.500260 for index 215605, 216/1000.
The last entry of errorHistory is 0.500000 for index 215606, 216/1000.
The last entry of errorHistory is 0.500000 for index 215607, 216/1000.
Terminated at swamp 0.5.
The last entry of errorHistory is 0.500309 for index 215608, 216/1000.
Terminated at swamp 0.5.
The last entry of errorHistory is 0.500548 for index 215609, 216/1000.
The last entry of errorHistory is 1.000000 for index 215610, 216/1000.
Terminated at swamp 0.5.
The last entry of errorHistory is 0.500041 for index 215611, 216/1000.
Terminated at swamp 1.
The last entry of errorHistory is 1.000021 for index 215612, 216/1000.
Terminated at swamp 1.
The last entry of errorHistory is 1.000000 for index 215613, 216/1000.
Terminated at swamp 0.5.
The last entry of errorHistory is 0.500111 for index 215614, 216/1000.
The last entry of errorHistory is 0.000011 for index 215615, 216/1000.
Terminated at swamp 0.5.
The last entry of errorHistory is 0.500454 for index 215616, 216/1000.
The last entry of errorHistory is 1.000000 for index 215617, 216/1000.
Terminated at swamp 1.
The last entry of errorHistory is 1.000106 for index 215618, 216/1000.
Terminated at swamp 0.5.
The last entry of errorHistory is 0.500306 for index 215619, 216/1000.
Terminated at swamp 0.5.
The last entry of errorHistory is 0.500033 for index 215620, 216/1000.
The last entry of errorHistory is 0.000022 for index 215621, 216/1000.
Terminated at swamp 0.5.
The last entry of errorHistory is 0.500657 for index 215622, 216/1000.
The last entry of errorHistory is 0.000023 for index 215623, 216/1000.
The last entry of errorHistory is 0.000019 for index 215624, 216/1000.
Terminated at swamp 1.
The last entry of errorHistory is 1.000005 for index 215625, 216/1000.
Terminated at swamp 0.5.
The last entry of errorHistory is 0.500035 for index 215626, 216/1000.
Terminated at swamp 1.
The last entry of errorHistory is 1.000016 for index 215627, 216/1000.
The last entry of errorHistory is 0.000064 for index 215628, 216/1000.
Terminated at swamp 0.5.
The last entry of errorHistory is 0.500463 for index 215629, 216/1000.
The last entry of errorHistory is 0.000315 for index 215630, 216/1000.
The last entry of errorHistory is 1.000000 for index 215631, 216/1000.
The last entry of errorHistory is 1.000000 for index 215632, 216/1000.
Terminated at swamp 0.5.
The last entry of errorHistory is 0.500196 for index 215633, 216/1000.
Terminated at swamp 0.5.
The last entry of errorHistory is 0.500537 for index 215634, 216/1000.
The last entry of errorHistory is 1.000000 for index 215635, 216/1000.
Terminated at swamp 1.
The last entry of errorHistory is 1.000121 for index 215636, 216/1000.
Terminated at swamp 0.5.
The last entry of errorHistory is 0.500514 for index 215637, 216/1000.
Terminated at swamp 1.
The last entry of errorHistory is 1.000424 for index 215638, 216/1000.
Terminated at swamp 1.
The last entry of errorHistory is 1.000020 for index 215639, 216/1000.
Terminated at swamp 0.5.
The last entry of errorHistory is 0.500387 for index 215640, 216/1000.
Terminated at swamp 0.5.
The last entry of errorHistory is 0.500285 for index 215641, 216/1000.
The last entry of errorHistory is 1.000000 for index 215642, 216/1000.
Terminated at swamp 0.5.
The last entry of errorHistory is 0.500480 for index 215643, 216/1000.
Terminated at swamp 0.5.
The last entry of errorHistory is 0.500568 for index 215644, 216/1000.
Terminated at swamp 0.5.
The last entry of errorHistory is 0.500366 for index 215645, 216/1000.
Terminated at swamp 1.
The last entry of errorHistory is 1.000000 for index 215646, 216/1000.
The last entry of errorHistory is 0.000010 for index 215647, 216/1000.
Terminated at swamp 0.5.
The last entry of errorHistory is 0.500244 for index 215648, 216/1000.
Terminated at swamp 0.5.
The last entry of errorHistory is 0.500250 for index 215649, 216/1000.
The last entry of errorHistory is 0.000019 for index 215650, 216/1000.
The last entry of errorHistory is 0.000015 for index 215651, 216/1000.
Terminated at swamp 0.5.
The last entry of errorHistory is 0.500443 for index 215652, 216/1000.
Terminated at swamp 0.5.
The last entry of errorHistory is 0.500647 for index 215653, 216/1000.
The last entry of errorHistory is 1.000000 for index 215654, 216/1000.
Terminated at swamp 0.5.
The last entry of errorHistory is 0.500008 for index 215655, 216/1000.
Terminated at swamp 0.5.
The last entry of errorHistory is 0.500496 for index 215656, 216/1000.
Terminated at swamp 0.5.
The last entry of errorHistory is 0.500362 for index 215657, 216/1000.
Terminated at swamp 0.5.
The last entry of errorHistory is 0.500335 for index 215658, 216/1000.
Terminated at swamp 0.5.
The last entry of errorHistory is 0.500089 for index 215659, 216/1000.
Terminated at swamp 0.5.
The last entry of errorHistory is 0.500334 for index 215660, 216/1000.
Terminated at swamp 1.
The last entry of errorHistory is 1.000430 for index 215661, 216/1000.
Terminated at swamp 1.
The last entry of errorHistory is 1.000193 for index 215662, 216/1000.
Terminated at swamp 1.
The last entry of errorHistory is 1.000000 for index 215663, 216/1000.
The last entry of errorHistory is 1.000000 for index 215664, 216/1000.
Terminated at swamp 0.5.
The last entry of errorHistory is 0.500690 for index 215665, 216/1000.
The last entry of errorHistory is 0.000849 for index 215666, 216/1000.
Terminated at swamp 0.5.
The last entry of errorHistory is 0.500337 for index 215667, 216/1000.
Terminated at swamp 0.5.
The last entry of errorHistory is 0.500526 for index 215668, 216/1000.
Terminated at swamp 0.5.
The last entry of errorHistory is 0.500571 for index 215669, 216/1000.
The last entry of errorHistory is 1.000000 for index 215670, 216/1000.
Terminated at swamp 0.5.
The last entry of errorHistory is 0.500342 for index 215671, 216/1000.
The last entry of errorHistory is 1.000000 for index 215672, 216/1000.
The last entry of errorHistory is 1.000000 for index 215673, 216/1000.
Terminated at swamp 0.5.
The last entry of errorHistory is 0.500236 for index 215674, 216/1000.
The last entry of errorHistory is 1.000000 for index 215675, 216/1000.
Terminated at swamp 1.
The last entry of errorHistory is 1.000000 for index 215676, 216/1000.
Terminated at swamp 0.5.
The last entry of errorHistory is 0.500500 for index 215677, 216/1000.
The last entry of errorHistory is 1.000000 for index 215678, 216/1000.
The last entry of errorHistory is 0.000007 for index 215679, 216/1000.
Terminated at swamp 0.5.
The last entry of errorHistory is 0.500060 for index 215680, 216/1000.
Terminated at swamp 0.5.
The last entry of errorHistory is 0.500617 for index 215681, 216/1000.
Terminated at swamp 0.5.
The last entry of errorHistory is 0.500390 for index 215682, 216/1000.
The last entry of errorHistory is 1.000000 for index 215683, 216/1000.
The last entry of errorHistory is 0.000072 for index 215684, 216/1000.
Terminated at swamp 0.5.
The last entry of errorHistory is 0.500464 for index 215685, 216/1000.
Terminated at swamp 0.5.
The last entry of errorHistory is 0.500651 for index 215686, 216/1000.
Terminated at swamp 1.
The last entry of errorHistory is 1.000287 for index 215687, 216/1000.
Terminated at swamp 0.5.
The last entry of errorHistory is 0.500548 for index 215688, 216/1000.
The last entry of errorHistory is 0.500000 for index 215689, 216/1000.
Terminated at swamp 0.5.
The last entry of errorHistory is 0.500330 for index 215690, 216/1000.
Terminated at swamp 0.5.
The last entry of errorHistory is 0.500636 for index 215691, 216/1000.
Terminated at swamp 0.5.
The last entry of errorHistory is 0.500632 for index 215692, 216/1000.
The last entry of errorHistory is 0.500000 for index 215693, 216/1000.
Terminated at swamp 0.5.
The last entry of errorHistory is 0.500356 for index 215694, 216/1000.
Terminated at swamp 0.5.
The last entry of errorHistory is 0.500571 for index 215695, 216/1000.
The last entry of errorHistory is 0.000112 for index 215696, 216/1000.
The last entry of errorHistory is 1.000000 for index 215697, 216/1000.
Terminated at swamp 0.5.
The last entry of errorHistory is 0.500236 for index 215698, 216/1000.
The last entry of errorHistory is 0.000036 for index 215699, 216/1000.
The last entry of errorHistory is 1.000000 for index 215700, 216/1000.
Terminated at swamp 0.5.
The last entry of errorHistory is 0.500398 for index 215701, 216/1000.
The last entry of errorHistory is 1.000000 for index 215702, 216/1000.
Terminated at swamp 0.5.
The last entry of errorHistory is 0.500436 for index 215703, 216/1000.
Terminated at swamp 0.5.
The last entry of errorHistory is 0.500459 for index 215704, 216/1000.
Terminated at swamp 0.5.
The last entry of errorHistory is 0.500554 for index 215705, 216/1000.
Terminated at swamp 0.5.
The last entry of errorHistory is 0.500604 for index 215706, 216/1000.
Terminated at swamp 1.
The last entry of errorHistory is 1.000001 for index 215707, 216/1000.
The last entry of errorHistory is 1.000000 for index 215708, 216/1000.
Terminated at swamp 0.5.
The last entry of errorHistory is 0.500550 for index 215709, 216/1000.
Terminated at swamp 1.
The last entry of errorHistory is 1.000059 for index 215710, 216/1000.
The last entry of errorHistory is 0.000008 for index 215711, 216/1000.
The last entry of errorHistory is 0.000653 for index 215712, 216/1000.
The last entry of errorHistory is 0.000038 for index 215713, 216/1000.
The last entry of errorHistory is 0.000021 for index 215714, 216/1000.
Terminated at swamp 0.5.
The last entry of errorHistory is 0.500517 for index 215715, 216/1000.
Terminated at swamp 0.5.
The last entry of errorHistory is 0.500499 for index 215716, 216/1000.
The last entry of errorHistory is 1.000000 for index 215717, 216/1000.
Terminated at swamp 0.5.
The last entry of errorHistory is 0.500462 for index 215718, 216/1000.
Terminated at swamp 0.5.
The last entry of errorHistory is 0.500344 for index 215719, 216/1000.
Terminated at swamp 0.5.
The last entry of errorHistory is 0.500468 for index 215720, 216/1000.
Terminated at swamp 1.
The last entry of errorHistory is 1.000284 for index 215721, 216/1000.
Terminated at swamp 1.
The last entry of errorHistory is 1.000000 for index 215722, 216/1000.
Terminated at swamp 0.5.
The last entry of errorHistory is 0.500236 for index 215723, 216/1000.
Terminated at swamp 0.5.
The last entry of errorHistory is 0.500338 for index 215724, 216/1000.
The last entry of errorHistory is 0.000012 for index 215725, 216/1000.
Terminated at swamp 0.5.
The last entry of errorHistory is 0.500398 for index 215726, 216/1000.
Terminated at swamp 0.5.
The last entry of errorHistory is 0.500405 for index 215727, 216/1000.
Terminated at swamp 0.5.
The last entry of errorHistory is 0.500050 for index 215728, 216/1000.
Terminated at swamp 0.5.
The last entry of errorHistory is 0.500000 for index 215729, 216/1000.
The last entry of errorHistory is 0.000714 for index 215730, 216/1000.
Terminated at swamp 0.5.
The last entry of errorHistory is 0.500252 for index 215731, 216/1000.
Terminated at swamp 0.5.
The last entry of errorHistory is 0.500487 for index 215732, 216/1000.
The last entry of errorHistory is 1.500000 for index 215733, 216/1000.
Terminated at swamp 0.5.
The last entry of errorHistory is 0.500523 for index 215734, 216/1000.
The last entry of errorHistory is 1.000000 for index 215735, 216/1000.
Terminated at swamp 0.5.
The last entry of errorHistory is 0.500541 for index 215736, 216/1000.
Terminated at swamp 0.5.
The last entry of errorHistory is 0.500418 for index 215737, 216/1000.
The last entry of errorHistory is 0.500000 for index 215738, 216/1000.
Terminated at swamp 1.
The last entry of errorHistory is 1.000098 for index 215739, 216/1000.
Terminated at swamp 0.5.
The last entry of errorHistory is 0.500364 for index 215740, 216/1000.
The last entry of errorHistory is 1.000000 for index 215741, 216/1000.
Terminated at swamp 1.
The last entry of errorHistory is 1.000033 for index 215742, 216/1000.
The last entry of errorHistory is 1.000000 for index 215743, 216/1000.
Terminated at swamp 1.
The last entry of errorHistory is 1.000065 for index 215744, 216/1000.
Terminated at swamp 0.5.
The last entry of errorHistory is 0.500411 for index 215745, 216/1000.
The last entry of errorHistory is 0.000028 for index 215746, 216/1000.
Terminated at swamp 0.5.
The last entry of errorHistory is 0.500513 for index 215747, 216/1000.
The last entry of errorHistory is 0.000015 for index 215748, 216/1000.
The last entry of errorHistory is 0.000022 for index 215749, 216/1000.
The last entry of errorHistory is 1.000000 for index 215750, 216/1000.
Terminated at swamp 0.5.
The last entry of errorHistory is 0.500641 for index 215751, 216/1000.
Terminated at swamp 0.5.
The last entry of errorHistory is 0.500024 for index 215752, 216/1000.
Terminated at swamp 0.5.
The last entry of errorHistory is 0.500607 for index 215753, 216/1000.
The last entry of errorHistory is 0.000039 for index 215754, 216/1000.
The last entry of errorHistory is 0.000012 for index 215755, 216/1000.
Terminated at swamp 1.
The last entry of errorHistory is 1.000418 for index 215756, 216/1000.
Terminated at swamp 0.5.
The last entry of errorHistory is 0.500291 for index 215757, 216/1000.
Terminated at swamp 1.
The last entry of errorHistory is 1.000520 for index 215758, 216/1000.
Terminated at swamp 0.5.
The last entry of errorHistory is 0.500316 for index 215759, 216/1000.
Terminated at swamp 0.5.
The last entry of errorHistory is 0.500066 for index 215760, 216/1000.
Terminated at swamp 1.
The last entry of errorHistory is 1.000012 for index 215761, 216/1000.
Terminated at swamp 0.5.
The last entry of errorHistory is 0.500342 for index 215762, 216/1000.
Terminated at swamp 0.5.
The last entry of errorHistory is 0.500564 for index 215763, 216/1000.
The last entry of errorHistory is 1.000000 for index 215764, 216/1000.
The last entry of errorHistory is 0.000007 for index 215765, 216/1000.
Terminated at swamp 0.5.
The last entry of errorHistory is 0.500837 for index 215766, 216/1000.
Terminated at swamp 0.5.
The last entry of errorHistory is 0.500747 for index 215767, 216/1000.
Terminated at swamp 0.5.
The last entry of errorHistory is 0.500384 for index 215768, 216/1000.
The last entry of errorHistory is 1.000000 for index 215769, 216/1000.
Terminated at swamp 0.5.
The last entry of errorHistory is 0.500504 for index 215770, 216/1000.
Terminated at swamp 0.5.
The last entry of errorHistory is 0.500302 for index 215771, 216/1000.
Terminated at swamp 0.5.
The last entry of errorHistory is 0.500301 for index 215772, 216/1000.
The last entry of errorHistory is 1.000000 for index 215773, 216/1000.
Terminated at swamp 1.
The last entry of errorHistory is 1.000000 for index 215774, 216/1000.
Terminated at swamp 0.5.
The last entry of errorHistory is 0.500676 for index 215775, 216/1000.
Terminated at swamp 0.5.
The last entry of errorHistory is 0.500576 for index 215776, 216/1000.
The last entry of errorHistory is 1.000000 for index 215777, 216/1000.
Terminated at swamp 0.5.
The last entry of errorHistory is 0.500121 for index 215778, 216/1000.
Terminated at swamp 1.
The last entry of errorHistory is 1.000142 for index 215779, 216/1000.
Terminated at swamp 1.
The last entry of errorHistory is 0.999996 for index 215780, 216/1000.
Terminated at swamp 0.5.
The last entry of errorHistory is 0.500343 for index 215781, 216/1000.
Terminated at swamp 0.5.
The last entry of errorHistory is 0.500013 for index 215782, 216/1000.
Terminated at swamp 1.
The last entry of errorHistory is 1.000000 for index 215783, 216/1000.
Terminated at swamp 0.5.
The last entry of errorHistory is 0.500371 for index 215784, 216/1000.
The last entry of errorHistory is 0.000906 for index 215785, 216/1000.
The last entry of errorHistory is 1.000000 for index 215786, 216/1000.
Terminated at swamp 0.5.
The last entry of errorHistory is 0.500465 for index 215787, 216/1000.
Terminated at swamp 1.
The last entry of errorHistory is 1.000062 for index 215788, 216/1000.
Terminated at swamp 1.
The last entry of errorHistory is 1.000002 for index 215789, 216/1000.
Terminated at swamp 0.5.
The last entry of errorHistory is 0.500453 for index 215790, 216/1000.
Terminated at swamp 1.
The last entry of errorHistory is 1.000000 for index 215791, 216/1000.
The last entry of errorHistory is 1.500000 for index 215792, 216/1000.
Terminated at swamp 0.5.
The last entry of errorHistory is 0.500835 for index 215793, 216/1000.
Terminated at swamp 0.5.
The last entry of errorHistory is 0.500359 for index 215794, 216/1000.
Terminated at swamp 0.5.
The last entry of errorHistory is 0.500012 for index 215795, 216/1000.
Terminated at swamp 0.5.
The last entry of errorHistory is 0.500146 for index 215796, 216/1000.
Terminated at swamp 1.
The last entry of errorHistory is 1.000000 for index 215797, 216/1000.
The last entry of errorHistory is 0.500000 for index 215798, 216/1000.
The last entry of errorHistory is 0.500000 for index 215799, 216/1000.
The last entry of errorHistory is 1.500000 for index 215800, 216/1000.
Terminated at swamp 1.
The last entry of errorHistory is 1.000149 for index 215801, 216/1000.
Terminated at swamp 1.
The last entry of errorHistory is 1.000150 for index 215802, 216/1000.
Terminated at swamp 1.
The last entry of errorHistory is 1.000026 for index 215803, 216/1000.
The last entry of errorHistory is 0.000688 for index 215804, 216/1000.
Terminated at swamp 0.5.
The last entry of errorHistory is 0.500166 for index 215805, 216/1000.
Terminated at swamp 0.5.
The last entry of errorHistory is 0.500210 for index 215806, 216/1000.
Terminated at swamp 0.5.
The last entry of errorHistory is 0.500249 for index 215807, 216/1000.
Terminated at swamp 1.
The last entry of errorHistory is 1.000290 for index 215808, 216/1000.
Terminated at swamp 1.
The last entry of errorHistory is 1.000000 for index 215809, 216/1000.
Terminated at swamp 1.
The last entry of errorHistory is 1.000286 for index 215810, 216/1000.
The last entry of errorHistory is 0.000043 for index 215811, 216/1000.
Terminated at swamp 0.5.
The last entry of errorHistory is 0.500255 for index 215812, 216/1000.
The last entry of errorHistory is 1.000000 for index 215813, 216/1000.
The last entry of errorHistory is 0.000519 for index 215814, 216/1000.
Terminated at swamp 0.5.
The last entry of errorHistory is 0.500139 for index 215815, 216/1000.
Terminated at swamp 0.5.
The last entry of errorHistory is 0.500289 for index 215816, 216/1000.
Terminated at swamp 0.5.
The last entry of errorHistory is 0.500915 for index 215817, 216/1000.
Terminated at swamp 0.5.
The last entry of errorHistory is 0.500054 for index 215818, 216/1000.
Terminated at swamp 0.5.
The last entry of errorHistory is 0.500069 for index 215819, 216/1000.
Terminated at swamp 0.5.
The last entry of errorHistory is 0.500465 for index 215820, 216/1000.
Terminated at swamp 0.5.
The last entry of errorHistory is 0.500019 for index 215821, 216/1000.
Terminated at swamp 1.
The last entry of errorHistory is 1.000088 for index 215822, 216/1000.
Terminated at swamp 1.
The last entry of errorHistory is 1.000009 for index 215823, 216/1000.
Terminated at swamp 0.5.
The last entry of errorHistory is 0.500560 for index 215824, 216/1000.
The last entry of errorHistory is 1.000000 for index 215825, 216/1000.
The last entry of errorHistory is 1.000000 for index 215826, 216/1000.
The last entry of errorHistory is 0.500000 for index 215827, 216/1000.
Terminated at swamp 1.
The last entry of errorHistory is 1.000125 for index 215828, 216/1000.
Terminated at swamp 0.5.
The last entry of errorHistory is 0.500456 for index 215829, 216/1000.
Terminated at swamp 0.5.
The last entry of errorHistory is 0.500383 for index 215830, 216/1000.
The last entry of errorHistory is 0.000042 for index 215831, 216/1000.
Terminated at swamp 0.5.
The last entry of errorHistory is 0.500566 for index 215832, 216/1000.
Terminated at swamp 0.5.
The last entry of errorHistory is 0.500560 for index 215833, 216/1000.
The last entry of errorHistory is 0.000767 for index 215834, 216/1000.
Terminated at swamp 0.5.
The last entry of errorHistory is 0.500560 for index 215835, 216/1000.
The last entry of errorHistory is 0.500000 for index 215836, 216/1000.
The last entry of errorHistory is 1.000000 for index 215837, 216/1000.
The last entry of errorHistory is 1.000000 for index 215838, 216/1000.
Terminated at swamp 1.
The last entry of errorHistory is 1.000132 for index 215839, 216/1000.
Terminated at swamp 1.
The last entry of errorHistory is 1.000062 for index 215840, 216/1000.
The last entry of errorHistory is 1.000000 for index 215841, 216/1000.
The last entry of errorHistory is 1.000000 for index 215842, 216/1000.
The last entry of errorHistory is 1.000000 for index 215843, 216/1000.
Terminated at swamp 0.5.
The last entry of errorHistory is 0.500387 for index 215844, 216/1000.
Terminated at swamp 0.5.
The last entry of errorHistory is 0.500783 for index 215845, 216/1000.
Terminated at swamp 0.5.
The last entry of errorHistory is 0.500370 for index 215846, 216/1000.
Terminated at swamp 0.5.
The last entry of errorHistory is 0.500592 for index 215847, 216/1000.
Terminated at swamp 0.5.
The last entry of errorHistory is 0.500326 for index 215848, 216/1000.
The last entry of errorHistory is 1.000000 for index 215849, 216/1000.
Terminated at swamp 0.5.
The last entry of errorHistory is 0.500209 for index 215850, 216/1000.
Terminated at swamp 0.5.
The last entry of errorHistory is 0.500556 for index 215851, 216/1000.
Terminated at swamp 0.5.
The last entry of errorHistory is 0.500601 for index 215852, 216/1000.
Terminated at swamp 0.5.
The last entry of errorHistory is 0.500010 for index 215853, 216/1000.
The last entry of errorHistory is 1.000000 for index 215854, 216/1000.
Terminated at swamp 0.5.
The last entry of errorHistory is 0.500039 for index 215855, 216/1000.
Terminated at swamp 0.5.
The last entry of errorHistory is 0.500391 for index 215856, 216/1000.
The last entry of errorHistory is 0.001845 for index 215857, 216/1000.
Terminated at swamp 0.5.
The last entry of errorHistory is 0.500460 for index 215858, 216/1000.
The last entry of errorHistory is 0.000041 for index 215859, 216/1000.
The last entry of errorHistory is 0.000337 for index 215860, 216/1000.
Terminated at swamp 0.5.
The last entry of errorHistory is 0.500423 for index 215861, 216/1000.
Terminated at swamp 1.
The last entry of errorHistory is 1.000000 for index 215862, 216/1000.
Terminated at swamp 1.
The last entry of errorHistory is 1.000323 for index 215863, 216/1000.
Terminated at swamp 0.5.
The last entry of errorHistory is 0.500537 for index 215864, 216/1000.
The last entry of errorHistory is 1.000000 for index 215865, 216/1000.
Terminated at swamp 0.5.
The last entry of errorHistory is 0.500483 for index 215866, 216/1000.
The last entry of errorHistory is 0.000013 for index 215867, 216/1000.
Terminated at swamp 0.5.
The last entry of errorHistory is 0.500619 for index 215868, 216/1000.
Terminated at swamp 0.5.
The last entry of errorHistory is 0.500420 for index 215869, 216/1000.
Terminated at swamp 1.
The last entry of errorHistory is 1.000042 for index 215870, 216/1000.
Terminated at swamp 0.5.
The last entry of errorHistory is 0.500478 for index 215871, 216/1000.
Terminated at swamp 0.5.
The last entry of errorHistory is 0.500366 for index 215872, 216/1000.
The last entry of errorHistory is 0.000016 for index 215873, 216/1000.
The last entry of errorHistory is 0.500000 for index 215874, 216/1000.
The last entry of errorHistory is 0.500000 for index 215875, 216/1000.
The last entry of errorHistory is 0.500000 for index 215876, 216/1000.
The last entry of errorHistory is 1.000000 for index 215877, 216/1000.
The last entry of errorHistory is 0.000459 for index 215878, 216/1000.
Terminated at swamp 0.5.
The last entry of errorHistory is 0.500615 for index 215879, 216/1000.
The last entry of errorHistory is 0.000019 for index 215880, 216/1000.
Terminated at swamp 1.
The last entry of errorHistory is 1.000047 for index 215881, 216/1000.
Terminated at swamp 0.5.
The last entry of errorHistory is 0.500636 for index 215882, 216/1000.
Terminated at swamp 0.5.
The last entry of errorHistory is 0.500654 for index 215883, 216/1000.
Terminated at swamp 0.5.
The last entry of errorHistory is 0.500604 for index 215884, 216/1000.
The last entry of errorHistory is 0.000030 for index 215885, 216/1000.
Terminated at swamp 0.5.
The last entry of errorHistory is 0.500563 for index 215886, 216/1000.
Terminated at swamp 0.5.
The last entry of errorHistory is 0.500363 for index 215887, 216/1000.
Terminated at swamp 0.5.
The last entry of errorHistory is 0.500602 for index 215888, 216/1000.
The last entry of errorHistory is 1.000000 for index 215889, 216/1000.
Terminated at swamp 0.5.
The last entry of errorHistory is 0.500078 for index 215890, 216/1000.
The last entry of errorHistory is 0.000015 for index 215891, 216/1000.
Terminated at swamp 0.5.
The last entry of errorHistory is 0.500107 for index 215892, 216/1000.
The last entry of errorHistory is 0.003859 for index 215893, 216/1000.
Terminated at swamp 0.5.
The last entry of errorHistory is 0.500523 for index 215894, 216/1000.
Terminated at swamp 0.5.
The last entry of errorHistory is 0.500458 for index 215895, 216/1000.
The last entry of errorHistory is 1.000000 for index 215896, 216/1000.
Terminated at swamp 1.
The last entry of errorHistory is 1.000341 for index 215897, 216/1000.
The last entry of errorHistory is 1.000000 for index 215898, 216/1000.
Terminated at swamp 1.
The last entry of errorHistory is 1.000281 for index 215899, 216/1000.
The last entry of errorHistory is 1.000000 for index 215900, 216/1000.
The last entry of errorHistory is 1.000000 for index 215901, 216/1000.
Terminated at swamp 0.5.
The last entry of errorHistory is 0.500638 for index 215902, 216/1000.
Terminated at swamp 0.5.
The last entry of errorHistory is 0.500331 for index 215903, 216/1000.
Terminated at swamp 0.5.
The last entry of errorHistory is 0.500501 for index 215904, 216/1000.
The last entry of errorHistory is 1.000000 for index 215905, 216/1000.
Terminated at swamp 1.
The last entry of errorHistory is 1.000000 for index 215906, 216/1000.
The last entry of errorHistory is 0.500000 for index 215907, 216/1000.
Terminated at swamp 0.5.
The last entry of errorHistory is 0.500930 for index 215908, 216/1000.
Terminated at swamp 0.5.
The last entry of errorHistory is 0.500149 for index 215909, 216/1000.
Terminated at swamp 0.5.
The last entry of errorHistory is 0.500073 for index 215910, 216/1000.
The last entry of errorHistory is 1.000000 for index 215911, 216/1000.
Terminated at swamp 0.5.
The last entry of errorHistory is 0.500504 for index 215912, 216/1000.
The last entry of errorHistory is 0.000023 for index 215913, 216/1000.
The last entry of errorHistory is 1.000000 for index 215914, 216/1000.
The last entry of errorHistory is 1.500000 for index 215915, 216/1000.
Terminated at swamp 0.5.
The last entry of errorHistory is 0.500527 for index 215916, 216/1000.
Terminated at swamp 0.5.
The last entry of errorHistory is 0.500322 for index 215917, 216/1000.
The last entry of errorHistory is 0.000022 for index 215918, 216/1000.
The last entry of errorHistory is 0.000184 for index 215919, 216/1000.
The last entry of errorHistory is 0.000020 for index 215920, 216/1000.
Terminated at swamp 0.5.
The last entry of errorHistory is 0.500639 for index 215921, 216/1000.
The last entry of errorHistory is 0.000349 for index 215922, 216/1000.
Terminated at swamp 0.5.
The last entry of errorHistory is 0.500569 for index 215923, 216/1000.
Terminated at swamp 0.5.
The last entry of errorHistory is 0.500368 for index 215924, 216/1000.
Terminated at swamp 0.5.
The last entry of errorHistory is 0.500409 for index 215925, 216/1000.
The last entry of errorHistory is 0.500000 for index 215926, 216/1000.
Terminated at swamp 0.5.
The last entry of errorHistory is 0.500560 for index 215927, 216/1000.
The last entry of errorHistory is 1.000000 for index 215928, 216/1000.
The last entry of errorHistory is 0.000097 for index 215929, 216/1000.
Terminated at swamp 0.5.
The last entry of errorHistory is 0.500275 for index 215930, 216/1000.
Terminated at swamp 0.5.
The last entry of errorHistory is 0.500380 for index 215931, 216/1000.
Terminated at swamp 0.5.
The last entry of errorHistory is 0.500952 for index 215932, 216/1000.
Terminated at swamp 0.5.
The last entry of errorHistory is 0.500538 for index 215933, 216/1000.
Terminated at swamp 0.5.
The last entry of errorHistory is 0.500303 for index 215934, 216/1000.
Terminated at swamp 0.5.
The last entry of errorHistory is 0.500055 for index 215935, 216/1000.
The last entry of errorHistory is 0.000019 for index 215936, 216/1000.
Terminated at swamp 1.5.
The last entry of errorHistory is 1.500168 for index 215937, 216/1000.
Terminated at swamp 0.5.
The last entry of errorHistory is 0.500451 for index 215938, 216/1000.
Terminated at swamp 0.5.
The last entry of errorHistory is 0.500242 for index 215939, 216/1000.
Terminated at swamp 0.5.
The last entry of errorHistory is 0.500385 for index 215940, 216/1000.
Terminated at swamp 0.5.
The last entry of errorHistory is 0.500286 for index 215941, 216/1000.
Terminated at swamp 0.5.
The last entry of errorHistory is 0.500260 for index 215942, 216/1000.
The last entry of errorHistory is 1.000000 for index 215943, 216/1000.
Terminated at swamp 1.
The last entry of errorHistory is 1.000000 for index 215944, 216/1000.
The last entry of errorHistory is 0.000304 for index 215945, 216/1000.
Terminated at swamp 0.5.
The last entry of errorHistory is 0.500674 for index 215946, 216/1000.
Terminated at swamp 0.5.
The last entry of errorHistory is 0.500539 for index 215947, 216/1000.
Terminated at swamp 0.5.
The last entry of errorHistory is 0.500444 for index 215948, 216/1000.
Terminated at swamp 0.5.
The last entry of errorHistory is 0.500010 for index 215949, 216/1000.
Terminated at swamp 0.5.
The last entry of errorHistory is 0.500478 for index 215950, 216/1000.
Terminated at swamp 0.5.
The last entry of errorHistory is 0.500566 for index 215951, 216/1000.
Terminated at swamp 0.5.
The last entry of errorHistory is 0.500053 for index 215952, 216/1000.
Terminated at swamp 1.
The last entry of errorHistory is 1.000427 for index 215953, 216/1000.
Terminated at swamp 0.5.
The last entry of errorHistory is 0.500084 for index 215954, 216/1000.
Terminated at swamp 0.5.
The last entry of errorHistory is 0.500638 for index 215955, 216/1000.
Terminated at swamp 1.
The last entry of errorHistory is 1.000418 for index 215956, 216/1000.
Terminated at swamp 0.5.
The last entry of errorHistory is 0.500452 for index 215957, 216/1000.
Terminated at swamp 0.5.
The last entry of errorHistory is 0.500577 for index 215958, 216/1000.
Terminated at swamp 0.5.
The last entry of errorHistory is 0.500448 for index 215959, 216/1000.
Terminated at swamp 1.
The last entry of errorHistory is 1.000493 for index 215960, 216/1000.
The last entry of errorHistory is 1.000000 for index 215961, 216/1000.
Terminated at swamp 0.5.
The last entry of errorHistory is 0.500127 for index 215962, 216/1000.
Terminated at swamp 1.
The last entry of errorHistory is 1.000553 for index 215963, 216/1000.
Terminated at swamp 0.5.
The last entry of errorHistory is 0.500090 for index 215964, 216/1000.
Terminated at swamp 0.5.
The last entry of errorHistory is 0.500135 for index 215965, 216/1000.
Terminated at swamp 1.
The last entry of errorHistory is 1.000000 for index 215966, 216/1000.
The last entry of errorHistory is 1.000000 for index 215967, 216/1000.
Terminated at swamp 0.5.
The last entry of errorHistory is 0.500113 for index 215968, 216/1000.
Terminated at swamp 0.5.
The last entry of errorHistory is 0.500674 for index 215969, 216/1000.
The last entry of errorHistory is 1.000000 for index 215970, 216/1000.
Terminated at swamp 0.5.
The last entry of errorHistory is 0.500353 for index 215971, 216/1000.
Terminated at swamp 0.5.
The last entry of errorHistory is 0.500429 for index 215972, 216/1000.
Terminated at swamp 1.
The last entry of errorHistory is 1.000050 for index 215973, 216/1000.
Terminated at swamp 0.5.
The last entry of errorHistory is 0.500576 for index 215974, 216/1000.
The last entry of errorHistory is 1.000000 for index 215975, 216/1000.
The last entry of errorHistory is 0.000025 for index 215976, 216/1000.
Terminated at swamp 0.5.
The last entry of errorHistory is 0.500409 for index 215977, 216/1000.
Terminated at swamp 1.
The last entry of errorHistory is 1.000376 for index 215978, 216/1000.
The last entry of errorHistory is 0.500000 for index 215979, 216/1000.
Terminated at swamp 0.5.
The last entry of errorHistory is 0.500025 for index 215980, 216/1000.
Terminated at swamp 0.5.
The last entry of errorHistory is 0.500489 for index 215981, 216/1000.
Terminated at swamp 1.5.
The last entry of errorHistory is 1.500511 for index 215982, 216/1000.
Terminated at swamp 0.5.
The last entry of errorHistory is 0.500594 for index 215983, 216/1000.
Terminated at swamp 0.5.
The last entry of errorHistory is 0.500308 for index 215984, 216/1000.
Terminated at swamp 0.5.
The last entry of errorHistory is 0.500590 for index 215985, 216/1000.
Terminated at swamp 0.5.
The last entry of errorHistory is 0.500526 for index 215986, 216/1000.
Terminated at swamp 0.5.
The last entry of errorHistory is 0.500528 for index 215987, 216/1000.
Terminated at swamp 0.5.
The last entry of errorHistory is 0.500903 for index 215988, 216/1000.
The last entry of errorHistory is 1.000000 for index 215989, 216/1000.
Terminated at swamp 1.
The last entry of errorHistory is 1.000153 for index 215990, 216/1000.
The last entry of errorHistory is 1.000000 for index 215991, 216/1000.
The last entry of errorHistory is 0.000649 for index 215992, 216/1000.
The last entry of errorHistory is 1.000000 for index 215993, 216/1000.
The last entry of errorHistory is 1.500000 for index 215994, 216/1000.
Terminated at swamp 0.5.
The last entry of errorHistory is 0.500073 for index 215995, 216/1000.
Terminated at swamp 1.
The last entry of errorHistory is 1.000101 for index 215996, 216/1000.
Terminated at swamp 0.5.
The last entry of errorHistory is 0.500515 for index 215997, 216/1000.
The last entry of errorHistory is 1.500000 for index 215998, 216/1000.
The last entry of errorHistory is 1.500000 for index 215999, 216/1000.
Terminated at swamp 0.5.
The last entry of errorHistory is 0.500450 for index 216000, 216/1000.
