
                            < M A T L A B (R) >
                  Copyright 1984-2018 The MathWorks, Inc.
                   R2018b (9.5.0.944444) 64-bit (glnxa64)
                              August 28, 2018

 
To get started, type doc.
For product information, visit www.mathworks.com.
 
The last entry of errorHistory is 0.000016 for index 261001, 262/1000.
Terminated at swamp 0.5.
The last entry of errorHistory is 0.500497 for index 261002, 262/1000.
The last entry of errorHistory is 0.000148 for index 261003, 262/1000.
Terminated at swamp 1.
The last entry of errorHistory is 1.000674 for index 261004, 262/1000.
The last entry of errorHistory is 0.000012 for index 261005, 262/1000.
Terminated at swamp 0.5.
The last entry of errorHistory is 0.500584 for index 261006, 262/1000.
Terminated at swamp 0.5.
The last entry of errorHistory is 0.500827 for index 261007, 262/1000.
Terminated at swamp 0.5.
The last entry of errorHistory is 0.500317 for index 261008, 262/1000.
Terminated at swamp 1.
The last entry of errorHistory is 1.000148 for index 261009, 262/1000.
Terminated at swamp 0.5.
The last entry of errorHistory is 0.500643 for index 261010, 262/1000.
The last entry of errorHistory is 1.000000 for index 261011, 262/1000.
Terminated at swamp 0.5.
The last entry of errorHistory is 0.500628 for index 261012, 262/1000.
Terminated at swamp 1.
The last entry of errorHistory is 1.000000 for index 261013, 262/1000.
Terminated at swamp 1.
The last entry of errorHistory is 1.000400 for index 261014, 262/1000.
Terminated at swamp 0.5.
The last entry of errorHistory is 0.500486 for index 261015, 262/1000.
Terminated at swamp 1.
The last entry of errorHistory is 1.000172 for index 261016, 262/1000.
The last entry of errorHistory is 1.500000 for index 261017, 262/1000.
Terminated at swamp 0.5.
The last entry of errorHistory is 0.500423 for index 261018, 262/1000.
Terminated at swamp 0.5.
The last entry of errorHistory is 0.500519 for index 261019, 262/1000.
Terminated at swamp 0.5.
The last entry of errorHistory is 0.500522 for index 261020, 262/1000.
Terminated at swamp 0.5.
The last entry of errorHistory is 0.500027 for index 261021, 262/1000.
The last entry of errorHistory is 1.000000 for index 261022, 262/1000.
Terminated at swamp 0.5.
The last entry of errorHistory is 0.500403 for index 261023, 262/1000.
Terminated at swamp 0.5.
The last entry of errorHistory is 0.500000 for index 261024, 262/1000.
The last entry of errorHistory is 0.000015 for index 261025, 262/1000.
The last entry of errorHistory is 0.000632 for index 261026, 262/1000.
Terminated at swamp 0.5.
The last entry of errorHistory is 0.500487 for index 261027, 262/1000.
Terminated at swamp 0.5.
The last entry of errorHistory is 0.500536 for index 261028, 262/1000.
Terminated at swamp 0.5.
The last entry of errorHistory is 0.500466 for index 261029, 262/1000.
Terminated at swamp 1.
The last entry of errorHistory is 1.000012 for index 261030, 262/1000.
The last entry of errorHistory is 0.000250 for index 261031, 262/1000.
The last entry of errorHistory is 0.000096 for index 261032, 262/1000.
The last entry of errorHistory is 0.000020 for index 261033, 262/1000.
Terminated at swamp 0.5.
The last entry of errorHistory is 0.500714 for index 261034, 262/1000.
Terminated at swamp 0.5.
The last entry of errorHistory is 0.499687 for index 261035, 262/1000.
Terminated at swamp 1.
The last entry of errorHistory is 1.000009 for index 261036, 262/1000.
Terminated at swamp 0.5.
The last entry of errorHistory is 0.500352 for index 261037, 262/1000.
Terminated at swamp 0.5.
The last entry of errorHistory is 0.500447 for index 261038, 262/1000.
The last entry of errorHistory is 0.000075 for index 261039, 262/1000.
The last entry of errorHistory is 1.000000 for index 261040, 262/1000.
The last entry of errorHistory is 0.000028 for index 261041, 262/1000.
The last entry of errorHistory is 0.000018 for index 261042, 262/1000.
Terminated at swamp 1.
The last entry of errorHistory is 1.000012 for index 261043, 262/1000.
Terminated at swamp 0.5.
The last entry of errorHistory is 0.500017 for index 261044, 262/1000.
Terminated at swamp 0.5.
The last entry of errorHistory is 0.500351 for index 261045, 262/1000.
Terminated at swamp 0.5.
The last entry of errorHistory is 0.500474 for index 261046, 262/1000.
The last entry of errorHistory is 0.000017 for index 261047, 262/1000.
Terminated at swamp 1.
The last entry of errorHistory is 0.999994 for index 261048, 262/1000.
Terminated at swamp 0.5.
The last entry of errorHistory is 0.500197 for index 261049, 262/1000.
The last entry of errorHistory is 0.000019 for index 261050, 262/1000.
Terminated at swamp 0.5.
The last entry of errorHistory is 0.500396 for index 261051, 262/1000.
Terminated at swamp 0.5.
The last entry of errorHistory is 0.500032 for index 261052, 262/1000.
Terminated at swamp 0.5.
The last entry of errorHistory is 0.500283 for index 261053, 262/1000.
Terminated at swamp 0.5.
The last entry of errorHistory is 0.500198 for index 261054, 262/1000.
The last entry of errorHistory is 1.000000 for index 261055, 262/1000.
Terminated at swamp 1.
The last entry of errorHistory is 1.000188 for index 261056, 262/1000.
The last entry of errorHistory is 0.000018 for index 261057, 262/1000.
The last entry of errorHistory is 0.500000 for index 261058, 262/1000.
The last entry of errorHistory is 1.000000 for index 261059, 262/1000.
Terminated at swamp 1.
The last entry of errorHistory is 1.000143 for index 261060, 262/1000.
Terminated at swamp 0.5.
The last entry of errorHistory is 0.500000 for index 261061, 262/1000.
The last entry of errorHistory is 0.500000 for index 261062, 262/1000.
Terminated at swamp 1.
The last entry of errorHistory is 1.000390 for index 261063, 262/1000.
Terminated at swamp 0.5.
The last entry of errorHistory is 0.500505 for index 261064, 262/1000.
The last entry of errorHistory is 0.000087 for index 261065, 262/1000.
Terminated at swamp 0.5.
The last entry of errorHistory is 0.500629 for index 261066, 262/1000.
Terminated at swamp 0.5.
The last entry of errorHistory is 0.500083 for index 261067, 262/1000.
The last entry of errorHistory is 0.500000 for index 261068, 262/1000.
The last entry of errorHistory is 1.500000 for index 261069, 262/1000.
Terminated at swamp 0.5.
The last entry of errorHistory is 0.500412 for index 261070, 262/1000.
The last entry of errorHistory is 1.000000 for index 261071, 262/1000.
Terminated at swamp 0.5.
The last entry of errorHistory is 0.500317 for index 261072, 262/1000.
Terminated at swamp 0.5.
The last entry of errorHistory is 0.500651 for index 261073, 262/1000.
Terminated at swamp 1.
The last entry of errorHistory is 1.000375 for index 261074, 262/1000.
Terminated at swamp 1.
The last entry of errorHistory is 1.000193 for index 261075, 262/1000.
Terminated at swamp 0.5.
The last entry of errorHistory is 0.500113 for index 261076, 262/1000.
The last entry of errorHistory is 1.500000 for index 261077, 262/1000.
The last entry of errorHistory is 0.500000 for index 261078, 262/1000.
The last entry of errorHistory is 0.000051 for index 261079, 262/1000.
Terminated at swamp 0.5.
The last entry of errorHistory is 0.500298 for index 261080, 262/1000.
The last entry of errorHistory is 1.000000 for index 261081, 262/1000.
Terminated at swamp 1.
The last entry of errorHistory is 1.000156 for index 261082, 262/1000.
Terminated at swamp 1.
The last entry of errorHistory is 1.000000 for index 261083, 262/1000.
The last entry of errorHistory is 1.500000 for index 261084, 262/1000.
The last entry of errorHistory is 1.000000 for index 261085, 262/1000.
The last entry of errorHistory is 1.000000 for index 261086, 262/1000.
Terminated at swamp 0.5.
The last entry of errorHistory is 0.500379 for index 261087, 262/1000.
Terminated at swamp 0.5.
The last entry of errorHistory is 0.500524 for index 261088, 262/1000.
The last entry of errorHistory is 1.000000 for index 261089, 262/1000.
The last entry of errorHistory is 1.000000 for index 261090, 262/1000.
Terminated at swamp 0.5.
The last entry of errorHistory is 0.500428 for index 261091, 262/1000.
Terminated at swamp 1.
The last entry of errorHistory is 1.000541 for index 261092, 262/1000.
Terminated at swamp 1.
The last entry of errorHistory is 1.000255 for index 261093, 262/1000.
The last entry of errorHistory is 0.500000 for index 261094, 262/1000.
Terminated at swamp 1.
The last entry of errorHistory is 1.000001 for index 261095, 262/1000.
The last entry of errorHistory is 0.002598 for index 261096, 262/1000.
Terminated at swamp 1.
The last entry of errorHistory is 1.000171 for index 261097, 262/1000.
The last entry of errorHistory is 0.000040 for index 261098, 262/1000.
Terminated at swamp 0.5.
The last entry of errorHistory is 0.500691 for index 261099, 262/1000.
The last entry of errorHistory is 1.000000 for index 261100, 262/1000.
Terminated at swamp 0.5.
The last entry of errorHistory is 0.500326 for index 261101, 262/1000.
The last entry of errorHistory is 0.500000 for index 261102, 262/1000.
Terminated at swamp 0.5.
The last entry of errorHistory is 0.500247 for index 261103, 262/1000.
The last entry of errorHistory is 1.500000 for index 261104, 262/1000.
The last entry of errorHistory is 0.000540 for index 261105, 262/1000.
Terminated at swamp 0.5.
The last entry of errorHistory is 0.499438 for index 261106, 262/1000.
Terminated at swamp 0.5.
The last entry of errorHistory is 0.500566 for index 261107, 262/1000.
Terminated at swamp 0.5.
The last entry of errorHistory is 0.500579 for index 261108, 262/1000.
Terminated at swamp 0.5.
The last entry of errorHistory is 0.500536 for index 261109, 262/1000.
The last entry of errorHistory is 1.000000 for index 261110, 262/1000.
Terminated at swamp 0.5.
The last entry of errorHistory is 0.500151 for index 261111, 262/1000.
Terminated at swamp 0.5.
The last entry of errorHistory is 0.500327 for index 261112, 262/1000.
Terminated at swamp 0.5.
The last entry of errorHistory is 0.500941 for index 261113, 262/1000.
The last entry of errorHistory is 0.000017 for index 261114, 262/1000.
Terminated at swamp 0.5.
The last entry of errorHistory is 0.500286 for index 261115, 262/1000.
Terminated at swamp 1.
The last entry of errorHistory is 1.000079 for index 261116, 262/1000.
Terminated at swamp 1.
The last entry of errorHistory is 1.000362 for index 261117, 262/1000.
Terminated at swamp 0.5.
The last entry of errorHistory is 0.500403 for index 261118, 262/1000.
Terminated at swamp 0.5.
The last entry of errorHistory is 0.500804 for index 261119, 262/1000.
Terminated at swamp 0.5.
The last entry of errorHistory is 0.500144 for index 261120, 262/1000.
Terminated at swamp 1.
The last entry of errorHistory is 1.000000 for index 261121, 262/1000.
The last entry of errorHistory is 1.000000 for index 261122, 262/1000.
Terminated at swamp 0.5.
The last entry of errorHistory is 0.500345 for index 261123, 262/1000.
Terminated at swamp 0.5.
The last entry of errorHistory is 0.500639 for index 261124, 262/1000.
The last entry of errorHistory is 0.500000 for index 261125, 262/1000.
Terminated at swamp 0.5.
The last entry of errorHistory is 0.500140 for index 261126, 262/1000.
Terminated at swamp 0.5.
The last entry of errorHistory is 0.500260 for index 261127, 262/1000.
The last entry of errorHistory is 0.500000 for index 261128, 262/1000.
Terminated at swamp 0.5.
The last entry of errorHistory is 0.500390 for index 261129, 262/1000.
Terminated at swamp 0.5.
The last entry of errorHistory is 0.500539 for index 261130, 262/1000.
The last entry of errorHistory is 1.000000 for index 261131, 262/1000.
The last entry of errorHistory is 1.000000 for index 261132, 262/1000.
The last entry of errorHistory is 0.500000 for index 261133, 262/1000.
The last entry of errorHistory is 1.000000 for index 261134, 262/1000.
Terminated at swamp 0.5.
The last entry of errorHistory is 0.500130 for index 261135, 262/1000.
The last entry of errorHistory is 0.500000 for index 261136, 262/1000.
Terminated at swamp 1.
The last entry of errorHistory is 1.000006 for index 261137, 262/1000.
Terminated at swamp 1.
The last entry of errorHistory is 1.000261 for index 261138, 262/1000.
Terminated at swamp 1.
The last entry of errorHistory is 1.000217 for index 261139, 262/1000.
The last entry of errorHistory is 1.000000 for index 261140, 262/1000.
The last entry of errorHistory is 0.000108 for index 261141, 262/1000.
The last entry of errorHistory is 1.000000 for index 261142, 262/1000.
The last entry of errorHistory is 1.000000 for index 261143, 262/1000.
Terminated at swamp 0.5.
The last entry of errorHistory is 0.500360 for index 261144, 262/1000.
The last entry of errorHistory is 1.000000 for index 261145, 262/1000.
Terminated at swamp 0.5.
The last entry of errorHistory is 0.500000 for index 261146, 262/1000.
The last entry of errorHistory is 1.000000 for index 261147, 262/1000.
Terminated at swamp 0.5.
The last entry of errorHistory is 0.500287 for index 261148, 262/1000.
The last entry of errorHistory is 0.000016 for index 261149, 262/1000.
Terminated at swamp 1.
The last entry of errorHistory is 1.000005 for index 261150, 262/1000.
Terminated at swamp 0.5.
The last entry of errorHistory is 0.500107 for index 261151, 262/1000.
Terminated at swamp 1.
The last entry of errorHistory is 1.000070 for index 261152, 262/1000.
The last entry of errorHistory is 0.000201 for index 261153, 262/1000.
The last entry of errorHistory is 0.000030 for index 261154, 262/1000.
The last entry of errorHistory is 1.000000 for index 261155, 262/1000.
Terminated at swamp 0.5.
The last entry of errorHistory is 0.500587 for index 261156, 262/1000.
The last entry of errorHistory is 0.000023 for index 261157, 262/1000.
Terminated at swamp 0.5.
The last entry of errorHistory is 0.500169 for index 261158, 262/1000.
The last entry of errorHistory is 0.000020 for index 261159, 262/1000.
Terminated at swamp 0.5.
The last entry of errorHistory is 0.500575 for index 261160, 262/1000.
The last entry of errorHistory is 0.000020 for index 261161, 262/1000.
Terminated at swamp 1.
The last entry of errorHistory is 1.000433 for index 261162, 262/1000.
The last entry of errorHistory is 1.500000 for index 261163, 262/1000.
Terminated at swamp 0.5.
The last entry of errorHistory is 0.500044 for index 261164, 262/1000.
Terminated at swamp 0.5.
The last entry of errorHistory is 0.500084 for index 261165, 262/1000.
Terminated at swamp 1.
The last entry of errorHistory is 1.000121 for index 261166, 262/1000.
The last entry of errorHistory is 0.500000 for index 261167, 262/1000.
Terminated at swamp 1.
The last entry of errorHistory is 1.000010 for index 261168, 262/1000.
Terminated at swamp 0.5.
The last entry of errorHistory is 0.500561 for index 261169, 262/1000.
The last entry of errorHistory is 0.001326 for index 261170, 262/1000.
Terminated at swamp 0.5.
The last entry of errorHistory is 0.500116 for index 261171, 262/1000.
The last entry of errorHistory is 1.000000 for index 261172, 262/1000.
Terminated at swamp 1.
The last entry of errorHistory is 1.000087 for index 261173, 262/1000.
Terminated at swamp 0.5.
The last entry of errorHistory is 0.500267 for index 261174, 262/1000.
The last entry of errorHistory is 1.000000 for index 261175, 262/1000.
Terminated at swamp 1.
The last entry of errorHistory is 1.000275 for index 261176, 262/1000.
Terminated at swamp 0.5.
The last entry of errorHistory is 0.500466 for index 261177, 262/1000.
Terminated at swamp 0.5.
The last entry of errorHistory is 0.500364 for index 261178, 262/1000.
Terminated at swamp 0.5.
The last entry of errorHistory is 0.500000 for index 261179, 262/1000.
The last entry of errorHistory is 0.500000 for index 261180, 262/1000.
Terminated at swamp 0.5.
The last entry of errorHistory is 0.500471 for index 261181, 262/1000.
The last entry of errorHistory is 1.000000 for index 261182, 262/1000.
Terminated at swamp 0.5.
The last entry of errorHistory is 0.500201 for index 261183, 262/1000.
Terminated at swamp 0.5.
The last entry of errorHistory is 0.500458 for index 261184, 262/1000.
Terminated at swamp 0.5.
The last entry of errorHistory is 0.500419 for index 261185, 262/1000.
Terminated at swamp 1.
The last entry of errorHistory is 1.000429 for index 261186, 262/1000.
Terminated at swamp 0.5.
The last entry of errorHistory is 0.500388 for index 261187, 262/1000.
Terminated at swamp 0.5.
The last entry of errorHistory is 0.500226 for index 261188, 262/1000.
Terminated at swamp 1.
The last entry of errorHistory is 1.000562 for index 261189, 262/1000.
Terminated at swamp 1.
The last entry of errorHistory is 1.000183 for index 261190, 262/1000.
The last entry of errorHistory is 0.001228 for index 261191, 262/1000.
Terminated at swamp 0.5.
The last entry of errorHistory is 0.500268 for index 261192, 262/1000.
Terminated at swamp 1.
The last entry of errorHistory is 1.000094 for index 261193, 262/1000.
The last entry of errorHistory is 0.000041 for index 261194, 262/1000.
Terminated at swamp 1.
The last entry of errorHistory is 1.000553 for index 261195, 262/1000.
The last entry of errorHistory is 1.000000 for index 261196, 262/1000.
The last entry of errorHistory is 0.500000 for index 261197, 262/1000.
The last entry of errorHistory is 0.000032 for index 261198, 262/1000.
Terminated at swamp 1.
The last entry of errorHistory is 1.000000 for index 261199, 262/1000.
The last entry of errorHistory is 0.000442 for index 261200, 262/1000.
Terminated at swamp 0.5.
The last entry of errorHistory is 0.500370 for index 261201, 262/1000.
Terminated at swamp 0.5.
The last entry of errorHistory is 0.500283 for index 261202, 262/1000.
Terminated at swamp 0.5.
The last entry of errorHistory is 0.500387 for index 261203, 262/1000.
The last entry of errorHistory is 0.500000 for index 261204, 262/1000.
The last entry of errorHistory is 0.000025 for index 261205, 262/1000.
Terminated at swamp 1.
The last entry of errorHistory is 1.000013 for index 261206, 262/1000.
Terminated at swamp 1.
The last entry of errorHistory is 1.000001 for index 261207, 262/1000.
Terminated at swamp 0.5.
The last entry of errorHistory is 0.500573 for index 261208, 262/1000.
Terminated at swamp 1.
The last entry of errorHistory is 1.000108 for index 261209, 262/1000.
Terminated at swamp 0.5.
The last entry of errorHistory is 0.500451 for index 261210, 262/1000.
The last entry of errorHistory is 1.000000 for index 261211, 262/1000.
The last entry of errorHistory is 1.000000 for index 261212, 262/1000.
Terminated at swamp 1.
The last entry of errorHistory is 1.000147 for index 261213, 262/1000.
Terminated at swamp 0.5.
The last entry of errorHistory is 0.500444 for index 261214, 262/1000.
Terminated at swamp 0.5.
The last entry of errorHistory is 0.500567 for index 261215, 262/1000.
Terminated at swamp 0.5.
The last entry of errorHistory is 0.500295 for index 261216, 262/1000.
The last entry of errorHistory is 0.000023 for index 261217, 262/1000.
Terminated at swamp 0.5.
The last entry of errorHistory is 0.500516 for index 261218, 262/1000.
Terminated at swamp 0.5.
The last entry of errorHistory is 0.500674 for index 261219, 262/1000.
The last entry of errorHistory is 0.000040 for index 261220, 262/1000.
Terminated at swamp 0.5.
The last entry of errorHistory is 0.500332 for index 261221, 262/1000.
The last entry of errorHistory is 0.500000 for index 261222, 262/1000.
Terminated at swamp 0.5.
The last entry of errorHistory is 0.500704 for index 261223, 262/1000.
Terminated at swamp 0.5.
The last entry of errorHistory is 0.500042 for index 261224, 262/1000.
Terminated at swamp 0.5.
The last entry of errorHistory is 0.500262 for index 261225, 262/1000.
Terminated at swamp 0.5.
The last entry of errorHistory is 0.500002 for index 261226, 262/1000.
Terminated at swamp 1.
The last entry of errorHistory is 1.000414 for index 261227, 262/1000.
The last entry of errorHistory is 1.000000 for index 261228, 262/1000.
Terminated at swamp 0.5.
The last entry of errorHistory is 0.500193 for index 261229, 262/1000.
Terminated at swamp 0.5.
The last entry of errorHistory is 0.500271 for index 261230, 262/1000.
The last entry of errorHistory is 0.000277 for index 261231, 262/1000.
Terminated at swamp 0.5.
The last entry of errorHistory is 0.500455 for index 261232, 262/1000.
The last entry of errorHistory is 0.000018 for index 261233, 262/1000.
Terminated at swamp 1.
The last entry of errorHistory is 1.000185 for index 261234, 262/1000.
Terminated at swamp 0.5.
The last entry of errorHistory is 0.500368 for index 261235, 262/1000.
Terminated at swamp 1.
The last entry of errorHistory is 1.000184 for index 261236, 262/1000.
The last entry of errorHistory is 0.000459 for index 261237, 262/1000.
Terminated at swamp 0.5.
The last entry of errorHistory is 0.500321 for index 261238, 262/1000.
Terminated at swamp 0.5.
The last entry of errorHistory is 0.500429 for index 261239, 262/1000.
Terminated at swamp 0.5.
The last entry of errorHistory is 0.500397 for index 261240, 262/1000.
The last entry of errorHistory is 1.000000 for index 261241, 262/1000.
Terminated at swamp 1.
The last entry of errorHistory is 1.000458 for index 261242, 262/1000.
Terminated at swamp 1.5.
The last entry of errorHistory is 1.500000 for index 261243, 262/1000.
The last entry of errorHistory is 0.000022 for index 261244, 262/1000.
The last entry of errorHistory is 0.500000 for index 261245, 262/1000.
Terminated at swamp 0.5.
The last entry of errorHistory is 0.500585 for index 261246, 262/1000.
Terminated at swamp 0.5.
The last entry of errorHistory is 0.500616 for index 261247, 262/1000.
Terminated at swamp 0.5.
The last entry of errorHistory is 0.500124 for index 261248, 262/1000.
The last entry of errorHistory is 0.500000 for index 261249, 262/1000.
Terminated at swamp 0.5.
The last entry of errorHistory is 0.500318 for index 261250, 262/1000.
Terminated at swamp 0.5.
The last entry of errorHistory is 0.500311 for index 261251, 262/1000.
Terminated at swamp 1.
The last entry of errorHistory is 1.000004 for index 261252, 262/1000.
The last entry of errorHistory is 1.500000 for index 261253, 262/1000.
Terminated at swamp 0.5.
The last entry of errorHistory is 0.500182 for index 261254, 262/1000.
Terminated at swamp 1.
The last entry of errorHistory is 1.000001 for index 261255, 262/1000.
Terminated at swamp 1.
The last entry of errorHistory is 1.000009 for index 261256, 262/1000.
The last entry of errorHistory is 0.000031 for index 261257, 262/1000.
Terminated at swamp 0.5.
The last entry of errorHistory is 0.500129 for index 261258, 262/1000.
The last entry of errorHistory is 0.500000 for index 261259, 262/1000.
Terminated at swamp 1.
The last entry of errorHistory is 1.000175 for index 261260, 262/1000.
Terminated at swamp 1.
The last entry of errorHistory is 1.000037 for index 261261, 262/1000.
Terminated at swamp 0.5.
The last entry of errorHistory is 0.500644 for index 261262, 262/1000.
Terminated at swamp 0.5.
The last entry of errorHistory is 0.500583 for index 261263, 262/1000.
The last entry of errorHistory is 1.000000 for index 261264, 262/1000.
The last entry of errorHistory is 0.000020 for index 261265, 262/1000.
Terminated at swamp 0.5.
The last entry of errorHistory is 0.500048 for index 261266, 262/1000.
Terminated at swamp 0.5.
The last entry of errorHistory is 0.500147 for index 261267, 262/1000.
The last entry of errorHistory is 1.500000 for index 261268, 262/1000.
The last entry of errorHistory is 0.500000 for index 261269, 262/1000.
The last entry of errorHistory is 1.000000 for index 261270, 262/1000.
Terminated at swamp 0.5.
The last entry of errorHistory is 0.500276 for index 261271, 262/1000.
Terminated at swamp 0.5.
The last entry of errorHistory is 0.500297 for index 261272, 262/1000.
Terminated at swamp 0.5.
The last entry of errorHistory is 0.500532 for index 261273, 262/1000.
Terminated at swamp 0.5.
The last entry of errorHistory is 0.500157 for index 261274, 262/1000.
Terminated at swamp 0.5.
The last entry of errorHistory is 0.500386 for index 261275, 262/1000.
Terminated at swamp 0.5.
The last entry of errorHistory is 0.500884 for index 261276, 262/1000.
Terminated at swamp 0.5.
The last entry of errorHistory is 0.500400 for index 261277, 262/1000.
Terminated at swamp 0.5.
The last entry of errorHistory is 0.500027 for index 261278, 262/1000.
The last entry of errorHistory is 0.000008 for index 261279, 262/1000.
Terminated at swamp 0.5.
The last entry of errorHistory is 0.500311 for index 261280, 262/1000.
Terminated at swamp 0.5.
The last entry of errorHistory is 0.500674 for index 261281, 262/1000.
Terminated at swamp 0.5.
The last entry of errorHistory is 0.500402 for index 261282, 262/1000.
Terminated at swamp 0.5.
The last entry of errorHistory is 0.500780 for index 261283, 262/1000.
Terminated at swamp 1.
The last entry of errorHistory is 1.000000 for index 261284, 262/1000.
The last entry of errorHistory is 0.000807 for index 261285, 262/1000.
Terminated at swamp 0.5.
The last entry of errorHistory is 0.500383 for index 261286, 262/1000.
Terminated at swamp 1.
The last entry of errorHistory is 1.000213 for index 261287, 262/1000.
The last entry of errorHistory is 0.500969 for index 261288, 262/1000.
Terminated at swamp 0.5.
The last entry of errorHistory is 0.500007 for index 261289, 262/1000.
The last entry of errorHistory is 1.000000 for index 261290, 262/1000.
Terminated at swamp 0.5.
The last entry of errorHistory is 0.500299 for index 261291, 262/1000.
Terminated at swamp 0.5.
The last entry of errorHistory is 0.500400 for index 261292, 262/1000.
The last entry of errorHistory is 0.001031 for index 261293, 262/1000.
The last entry of errorHistory is 1.000000 for index 261294, 262/1000.
Terminated at swamp 1.
The last entry of errorHistory is 1.000260 for index 261295, 262/1000.
The last entry of errorHistory is 1.000000 for index 261296, 262/1000.
The last entry of errorHistory is 1.000000 for index 261297, 262/1000.
The last entry of errorHistory is 1.500000 for index 261298, 262/1000.
Terminated at swamp 0.5.
The last entry of errorHistory is 0.500603 for index 261299, 262/1000.
Terminated at swamp 1.
The last entry of errorHistory is 1.000357 for index 261300, 262/1000.
Terminated at swamp 0.5.
The last entry of errorHistory is 0.500028 for index 261301, 262/1000.
The last entry of errorHistory is 1.500000 for index 261302, 262/1000.
The last entry of errorHistory is 0.000010 for index 261303, 262/1000.
Terminated at swamp 0.5.
The last entry of errorHistory is 0.500330 for index 261304, 262/1000.
The last entry of errorHistory is 0.000024 for index 261305, 262/1000.
The last entry of errorHistory is 1.000000 for index 261306, 262/1000.
Terminated at swamp 0.5.
The last entry of errorHistory is 0.500321 for index 261307, 262/1000.
Terminated at swamp 1.
The last entry of errorHistory is 1.000064 for index 261308, 262/1000.
Terminated at swamp 0.5.
The last entry of errorHistory is 0.500872 for index 261309, 262/1000.
Terminated at swamp 0.5.
The last entry of errorHistory is 0.500544 for index 261310, 262/1000.
Terminated at swamp 0.5.
The last entry of errorHistory is 0.500279 for index 261311, 262/1000.
Terminated at swamp 1.
The last entry of errorHistory is 1.000142 for index 261312, 262/1000.
Terminated at swamp 1.
The last entry of errorHistory is 1.000288 for index 261313, 262/1000.
Terminated at swamp 0.5.
The last entry of errorHistory is 0.500570 for index 261314, 262/1000.
Terminated at swamp 0.5.
The last entry of errorHistory is 0.500366 for index 261315, 262/1000.
Terminated at swamp 1.
The last entry of errorHistory is 1.000037 for index 261316, 262/1000.
The last entry of errorHistory is 0.000025 for index 261317, 262/1000.
The last entry of errorHistory is 0.000052 for index 261318, 262/1000.
Terminated at swamp 0.5.
The last entry of errorHistory is 0.500248 for index 261319, 262/1000.
Terminated at swamp 0.5.
The last entry of errorHistory is 0.500467 for index 261320, 262/1000.
The last entry of errorHistory is 0.000249 for index 261321, 262/1000.
Terminated at swamp 0.5.
The last entry of errorHistory is 0.500469 for index 261322, 262/1000.
The last entry of errorHistory is 0.000800 for index 261323, 262/1000.
Terminated at swamp 1.
The last entry of errorHistory is 1.000270 for index 261324, 262/1000.
Terminated at swamp 0.5.
The last entry of errorHistory is 0.500493 for index 261325, 262/1000.
Terminated at swamp 0.5.
The last entry of errorHistory is 0.500353 for index 261326, 262/1000.
Terminated at swamp 0.5.
The last entry of errorHistory is 0.500555 for index 261327, 262/1000.
Terminated at swamp 1.
The last entry of errorHistory is 1.000078 for index 261328, 262/1000.
Terminated at swamp 0.5.
The last entry of errorHistory is 0.500328 for index 261329, 262/1000.
Terminated at swamp 0.5.
The last entry of errorHistory is 0.500110 for index 261330, 262/1000.
The last entry of errorHistory is 1.000000 for index 261331, 262/1000.
The last entry of errorHistory is 1.000000 for index 261332, 262/1000.
The last entry of errorHistory is 0.500000 for index 261333, 262/1000.
Terminated at swamp 1.
The last entry of errorHistory is 1.000561 for index 261334, 262/1000.
Terminated at swamp 0.5.
The last entry of errorHistory is 0.500425 for index 261335, 262/1000.
Terminated at swamp 0.5.
The last entry of errorHistory is 0.500577 for index 261336, 262/1000.
Terminated at swamp 1.
The last entry of errorHistory is 1.000194 for index 261337, 262/1000.
The last entry of errorHistory is 0.000020 for index 261338, 262/1000.
The last entry of errorHistory is 0.000682 for index 261339, 262/1000.
Terminated at swamp 1.
The last entry of errorHistory is 1.000059 for index 261340, 262/1000.
The last entry of errorHistory is 0.000064 for index 261341, 262/1000.
The last entry of errorHistory is 1.000000 for index 261342, 262/1000.
Terminated at swamp 0.5.
The last entry of errorHistory is 0.500504 for index 261343, 262/1000.
Terminated at swamp 0.5.
The last entry of errorHistory is 0.500192 for index 261344, 262/1000.
The last entry of errorHistory is 0.500000 for index 261345, 262/1000.
Terminated at swamp 0.5.
The last entry of errorHistory is 0.500517 for index 261346, 262/1000.
Terminated at swamp 1.
The last entry of errorHistory is 1.000343 for index 261347, 262/1000.
Terminated at swamp 0.5.
The last entry of errorHistory is 0.500626 for index 261348, 262/1000.
The last entry of errorHistory is 0.000011 for index 261349, 262/1000.
Terminated at swamp 0.5.
The last entry of errorHistory is 0.500496 for index 261350, 262/1000.
Terminated at swamp 0.5.
The last entry of errorHistory is 0.500101 for index 261351, 262/1000.
Terminated at swamp 0.5.
The last entry of errorHistory is 0.500585 for index 261352, 262/1000.
Terminated at swamp 0.5.
The last entry of errorHistory is 0.500067 for index 261353, 262/1000.
The last entry of errorHistory is 0.000096 for index 261354, 262/1000.
Terminated at swamp 1.
The last entry of errorHistory is 1.000024 for index 261355, 262/1000.
The last entry of errorHistory is 0.000090 for index 261356, 262/1000.
Terminated at swamp 1.
The last entry of errorHistory is 1.000267 for index 261357, 262/1000.
The last entry of errorHistory is 1.000000 for index 261358, 262/1000.
Terminated at swamp 0.5.
The last entry of errorHistory is 0.500327 for index 261359, 262/1000.
Terminated at swamp 0.5.
The last entry of errorHistory is 0.500407 for index 261360, 262/1000.
The last entry of errorHistory is 1.000000 for index 261361, 262/1000.
The last entry of errorHistory is 0.500000 for index 261362, 262/1000.
Terminated at swamp 1.
The last entry of errorHistory is 1.000534 for index 261363, 262/1000.
Terminated at swamp 1.
The last entry of errorHistory is 1.000002 for index 261364, 262/1000.
Terminated at swamp 0.5.
The last entry of errorHistory is 0.500131 for index 261365, 262/1000.
Terminated at swamp 0.5.
The last entry of errorHistory is 0.500524 for index 261366, 262/1000.
The last entry of errorHistory is 1.000000 for index 261367, 262/1000.
Terminated at swamp 0.5.
The last entry of errorHistory is 0.500225 for index 261368, 262/1000.
Terminated at swamp 0.5.
The last entry of errorHistory is 0.500451 for index 261369, 262/1000.
The last entry of errorHistory is 0.500000 for index 261370, 262/1000.
Terminated at swamp 0.5.
The last entry of errorHistory is 0.500818 for index 261371, 262/1000.
Terminated at swamp 0.5.
The last entry of errorHistory is 0.500606 for index 261372, 262/1000.
The last entry of errorHistory is 1.500000 for index 261373, 262/1000.
Terminated at swamp 0.5.
The last entry of errorHistory is 0.500336 for index 261374, 262/1000.
The last entry of errorHistory is 0.000168 for index 261375, 262/1000.
The last entry of errorHistory is 1.000000 for index 261376, 262/1000.
The last entry of errorHistory is 0.000008 for index 261377, 262/1000.
Terminated at swamp 0.5.
The last entry of errorHistory is 0.500582 for index 261378, 262/1000.
The last entry of errorHistory is 0.000041 for index 261379, 262/1000.
The last entry of errorHistory is 0.500000 for index 261380, 262/1000.
The last entry of errorHistory is 1.000000 for index 261381, 262/1000.
The last entry of errorHistory is 1.000000 for index 261382, 262/1000.
Terminated at swamp 0.5.
The last entry of errorHistory is 0.500425 for index 261383, 262/1000.
The last entry of errorHistory is 0.000012 for index 261384, 262/1000.
Terminated at swamp 0.5.
The last entry of errorHistory is 0.500494 for index 261385, 262/1000.
Terminated at swamp 0.5.
The last entry of errorHistory is 0.500004 for index 261386, 262/1000.
Terminated at swamp 1.
The last entry of errorHistory is 1.000005 for index 261387, 262/1000.
Terminated at swamp 1.
The last entry of errorHistory is 1.000000 for index 261388, 262/1000.
Terminated at swamp 0.5.
The last entry of errorHistory is 0.500436 for index 261389, 262/1000.
The last entry of errorHistory is 0.000012 for index 261390, 262/1000.
The last entry of errorHistory is 1.000000 for index 261391, 262/1000.
Terminated at swamp 0.5.
The last entry of errorHistory is 0.500411 for index 261392, 262/1000.
Terminated at swamp 0.5.
The last entry of errorHistory is 0.500397 for index 261393, 262/1000.
Terminated at swamp 0.5.
The last entry of errorHistory is 0.500607 for index 261394, 262/1000.
The last entry of errorHistory is 1.000000 for index 261395, 262/1000.
Terminated at swamp 0.5.
The last entry of errorHistory is 0.500559 for index 261396, 262/1000.
Terminated at swamp 0.5.
The last entry of errorHistory is 0.500320 for index 261397, 262/1000.
The last entry of errorHistory is 1.000000 for index 261398, 262/1000.
Terminated at swamp 0.5.
The last entry of errorHistory is 0.500665 for index 261399, 262/1000.
Terminated at swamp 0.5.
The last entry of errorHistory is 0.500213 for index 261400, 262/1000.
Terminated at swamp 0.5.
The last entry of errorHistory is 0.500505 for index 261401, 262/1000.
Terminated at swamp 1.
The last entry of errorHistory is 1.000007 for index 261402, 262/1000.
Terminated at swamp 1.
The last entry of errorHistory is 1.000276 for index 261403, 262/1000.
The last entry of errorHistory is 1.000000 for index 261404, 262/1000.
Terminated at swamp 0.5.
The last entry of errorHistory is 0.500020 for index 261405, 262/1000.
Terminated at swamp 1.
The last entry of errorHistory is 1.000250 for index 261406, 262/1000.
The last entry of errorHistory is 0.000015 for index 261407, 262/1000.
The last entry of errorHistory is 0.000232 for index 261408, 262/1000.
The last entry of errorHistory is 0.500000 for index 261409, 262/1000.
Terminated at swamp 0.5.
The last entry of errorHistory is 0.500442 for index 261410, 262/1000.
The last entry of errorHistory is 0.000021 for index 261411, 262/1000.
Terminated at swamp 0.5.
The last entry of errorHistory is 0.500607 for index 261412, 262/1000.
Terminated at swamp 1.
The last entry of errorHistory is 1.000030 for index 261413, 262/1000.
The last entry of errorHistory is 0.500000 for index 261414, 262/1000.
Terminated at swamp 0.5.
The last entry of errorHistory is 0.500380 for index 261415, 262/1000.
Terminated at swamp 0.5.
The last entry of errorHistory is 0.500046 for index 261416, 262/1000.
Terminated at swamp 0.5.
The last entry of errorHistory is 0.500409 for index 261417, 262/1000.
The last entry of errorHistory is 1.000000 for index 261418, 262/1000.
Terminated at swamp 1.
The last entry of errorHistory is 1.000187 for index 261419, 262/1000.
The last entry of errorHistory is 0.500000 for index 261420, 262/1000.
Terminated at swamp 0.5.
The last entry of errorHistory is 0.500449 for index 261421, 262/1000.
Terminated at swamp 0.5.
The last entry of errorHistory is 0.500362 for index 261422, 262/1000.
Terminated at swamp 1.
The last entry of errorHistory is 1.000150 for index 261423, 262/1000.
Terminated at swamp 1.
The last entry of errorHistory is 1.000000 for index 261424, 262/1000.
The last entry of errorHistory is 1.000000 for index 261425, 262/1000.
Terminated at swamp 0.5.
The last entry of errorHistory is 0.500491 for index 261426, 262/1000.
Terminated at swamp 1.
The last entry of errorHistory is 1.000372 for index 261427, 262/1000.
The last entry of errorHistory is 1.000000 for index 261428, 262/1000.
The last entry of errorHistory is 1.000000 for index 261429, 262/1000.
Terminated at swamp 1.
The last entry of errorHistory is 1.000025 for index 261430, 262/1000.
Terminated at swamp 0.5.
The last entry of errorHistory is 0.500476 for index 261431, 262/1000.
Terminated at swamp 1.
The last entry of errorHistory is 1.000000 for index 261432, 262/1000.
The last entry of errorHistory is 0.000027 for index 261433, 262/1000.
Terminated at swamp 0.5.
The last entry of errorHistory is 0.500472 for index 261434, 262/1000.
Terminated at swamp 0.5.
The last entry of errorHistory is 0.500279 for index 261435, 262/1000.
Terminated at swamp 0.5.
The last entry of errorHistory is 0.500199 for index 261436, 262/1000.
The last entry of errorHistory is 1.000000 for index 261437, 262/1000.
Terminated at swamp 0.5.
The last entry of errorHistory is 0.500491 for index 261438, 262/1000.
Terminated at swamp 0.5.
The last entry of errorHistory is 0.500212 for index 261439, 262/1000.
Terminated at swamp 0.5.
The last entry of errorHistory is 0.500030 for index 261440, 262/1000.
Terminated at swamp 0.5.
The last entry of errorHistory is 0.500294 for index 261441, 262/1000.
Terminated at swamp 0.5.
The last entry of errorHistory is 0.500085 for index 261442, 262/1000.
The last entry of errorHistory is 1.000000 for index 261443, 262/1000.
The last entry of errorHistory is 0.000018 for index 261444, 262/1000.
The last entry of errorHistory is 0.500000 for index 261445, 262/1000.
The last entry of errorHistory is 0.000042 for index 261446, 262/1000.
Terminated at swamp 1.
The last entry of errorHistory is 1.000209 for index 261447, 262/1000.
The last entry of errorHistory is 0.000147 for index 261448, 262/1000.
The last entry of errorHistory is 1.500000 for index 261449, 262/1000.
Terminated at swamp 1.
The last entry of errorHistory is 1.000226 for index 261450, 262/1000.
Terminated at swamp 1.
The last entry of errorHistory is 0.999999 for index 261451, 262/1000.
The last entry of errorHistory is 0.000016 for index 261452, 262/1000.
Terminated at swamp 0.5.
The last entry of errorHistory is 0.500354 for index 261453, 262/1000.
Terminated at swamp 1.
The last entry of errorHistory is 1.000023 for index 261454, 262/1000.
Terminated at swamp 0.5.
The last entry of errorHistory is 0.500405 for index 261455, 262/1000.
Terminated at swamp 0.5.
The last entry of errorHistory is 0.500386 for index 261456, 262/1000.
Terminated at swamp 0.5.
The last entry of errorHistory is 0.500207 for index 261457, 262/1000.
Terminated at swamp 1.5.
The last entry of errorHistory is 1.500000 for index 261458, 262/1000.
Terminated at swamp 0.5.
The last entry of errorHistory is 0.500534 for index 261459, 262/1000.
Terminated at swamp 0.5.
The last entry of errorHistory is 0.500504 for index 261460, 262/1000.
Terminated at swamp 0.5.
The last entry of errorHistory is 0.500314 for index 261461, 262/1000.
Terminated at swamp 0.5.
The last entry of errorHistory is 0.500506 for index 261462, 262/1000.
The last entry of errorHistory is 0.000007 for index 261463, 262/1000.
Terminated at swamp 0.5.
The last entry of errorHistory is 0.500089 for index 261464, 262/1000.
Terminated at swamp 0.5.
The last entry of errorHistory is 0.500332 for index 261465, 262/1000.
The last entry of errorHistory is 0.000006 for index 261466, 262/1000.
The last entry of errorHistory is 1.000000 for index 261467, 262/1000.
Terminated at swamp 0.5.
The last entry of errorHistory is 0.500175 for index 261468, 262/1000.
Terminated at swamp 0.5.
The last entry of errorHistory is 0.500309 for index 261469, 262/1000.
The last entry of errorHistory is 1.000000 for index 261470, 262/1000.
Terminated at swamp 0.5.
The last entry of errorHistory is 0.500326 for index 261471, 262/1000.
Terminated at swamp 0.5.
The last entry of errorHistory is 0.500565 for index 261472, 262/1000.
Terminated at swamp 0.5.
The last entry of errorHistory is 0.500711 for index 261473, 262/1000.
The last entry of errorHistory is 0.500000 for index 261474, 262/1000.
The last entry of errorHistory is 0.500000 for index 261475, 262/1000.
The last entry of errorHistory is 0.500000 for index 261476, 262/1000.
Terminated at swamp 0.5.
The last entry of errorHistory is 0.500274 for index 261477, 262/1000.
Terminated at swamp 0.5.
The last entry of errorHistory is 0.500451 for index 261478, 262/1000.
The last entry of errorHistory is 1.000000 for index 261479, 262/1000.
Terminated at swamp 1.
The last entry of errorHistory is 1.000308 for index 261480, 262/1000.
Terminated at swamp 0.5.
The last entry of errorHistory is 0.500025 for index 261481, 262/1000.
The last entry of errorHistory is 1.000000 for index 261482, 262/1000.
The last entry of errorHistory is 0.000594 for index 261483, 262/1000.
The last entry of errorHistory is 0.000017 for index 261484, 262/1000.
The last entry of errorHistory is 1.000000 for index 261485, 262/1000.
Terminated at swamp 1.
The last entry of errorHistory is 1.000000 for index 261486, 262/1000.
Terminated at swamp 0.5.
The last entry of errorHistory is 0.500384 for index 261487, 262/1000.
Terminated at swamp 0.5.
The last entry of errorHistory is 0.500852 for index 261488, 262/1000.
The last entry of errorHistory is 1.000000 for index 261489, 262/1000.
Terminated at swamp 1.
The last entry of errorHistory is 1.000358 for index 261490, 262/1000.
Terminated at swamp 0.5.
The last entry of errorHistory is 0.500169 for index 261491, 262/1000.
Terminated at swamp 0.5.
The last entry of errorHistory is 0.500146 for index 261492, 262/1000.
Terminated at swamp 1.
The last entry of errorHistory is 1.000407 for index 261493, 262/1000.
Terminated at swamp 0.5.
The last entry of errorHistory is 0.500562 for index 261494, 262/1000.
Terminated at swamp 0.5.
The last entry of errorHistory is 0.500305 for index 261495, 262/1000.
Terminated at swamp 0.5.
The last entry of errorHistory is 0.500268 for index 261496, 262/1000.
Terminated at swamp 0.5.
The last entry of errorHistory is 0.500388 for index 261497, 262/1000.
Terminated at swamp 0.5.
The last entry of errorHistory is 0.500228 for index 261498, 262/1000.
Terminated at swamp 0.5.
The last entry of errorHistory is 0.500440 for index 261499, 262/1000.
Terminated at swamp 0.5.
The last entry of errorHistory is 0.500206 for index 261500, 262/1000.
Terminated at swamp 0.5.
The last entry of errorHistory is 0.500000 for index 261501, 262/1000.
Terminated at swamp 0.5.
The last entry of errorHistory is 0.500576 for index 261502, 262/1000.
Terminated at swamp 0.5.
The last entry of errorHistory is 0.500132 for index 261503, 262/1000.
The last entry of errorHistory is 1.500000 for index 261504, 262/1000.
Terminated at swamp 0.5.
The last entry of errorHistory is 0.500244 for index 261505, 262/1000.
The last entry of errorHistory is 1.000000 for index 261506, 262/1000.
Terminated at swamp 0.5.
The last entry of errorHistory is 0.500029 for index 261507, 262/1000.
Terminated at swamp 0.5.
The last entry of errorHistory is 0.500557 for index 261508, 262/1000.
The last entry of errorHistory is 0.000019 for index 261509, 262/1000.
Terminated at swamp 1.
The last entry of errorHistory is 1.000000 for index 261510, 262/1000.
Terminated at swamp 0.5.
The last entry of errorHistory is 0.500341 for index 261511, 262/1000.
Terminated at swamp 0.5.
The last entry of errorHistory is 0.500475 for index 261512, 262/1000.
Terminated at swamp 1.
The last entry of errorHistory is 1.000000 for index 261513, 262/1000.
Terminated at swamp 0.5.
The last entry of errorHistory is 0.500896 for index 261514, 262/1000.
Terminated at swamp 0.5.
The last entry of errorHistory is 0.500341 for index 261515, 262/1000.
Terminated at swamp 1.
The last entry of errorHistory is 1.000000 for index 261516, 262/1000.
Terminated at swamp 1.
The last entry of errorHistory is 1.000000 for index 261517, 262/1000.
Terminated at swamp 1.
The last entry of errorHistory is 0.999346 for index 261518, 262/1000.
Terminated at swamp 1.
The last entry of errorHistory is 1.000091 for index 261519, 262/1000.
Terminated at swamp 1.
The last entry of errorHistory is 1.000356 for index 261520, 262/1000.
The last entry of errorHistory is 1.000000 for index 261521, 262/1000.
The last entry of errorHistory is 0.000026 for index 261522, 262/1000.
Terminated at swamp 0.5.
The last entry of errorHistory is 0.500109 for index 261523, 262/1000.
Terminated at swamp 0.5.
The last entry of errorHistory is 0.500501 for index 261524, 262/1000.
The last entry of errorHistory is 0.000016 for index 261525, 262/1000.
Terminated at swamp 0.5.
The last entry of errorHistory is 0.500421 for index 261526, 262/1000.
The last entry of errorHistory is 1.000000 for index 261527, 262/1000.
Terminated at swamp 1.5.
The last entry of errorHistory is 1.500000 for index 261528, 262/1000.
The last entry of errorHistory is 1.000000 for index 261529, 262/1000.
The last entry of errorHistory is 0.500000 for index 261530, 262/1000.
Terminated at swamp 0.5.
The last entry of errorHistory is 0.500163 for index 261531, 262/1000.
Terminated at swamp 0.5.
The last entry of errorHistory is 0.500028 for index 261532, 262/1000.
The last entry of errorHistory is 1.000000 for index 261533, 262/1000.
Terminated at swamp 0.5.
The last entry of errorHistory is 0.500486 for index 261534, 262/1000.
Terminated at swamp 0.5.
The last entry of errorHistory is 0.500474 for index 261535, 262/1000.
The last entry of errorHistory is 1.000000 for index 261536, 262/1000.
Terminated at swamp 0.5.
The last entry of errorHistory is 0.500627 for index 261537, 262/1000.
The last entry of errorHistory is 1.000000 for index 261538, 262/1000.
Terminated at swamp 0.5.
The last entry of errorHistory is 0.500429 for index 261539, 262/1000.
The last entry of errorHistory is 0.000231 for index 261540, 262/1000.
The last entry of errorHistory is 1.000000 for index 261541, 262/1000.
The last entry of errorHistory is 1.000000 for index 261542, 262/1000.
The last entry of errorHistory is 1.000000 for index 261543, 262/1000.
Terminated at swamp 0.5.
The last entry of errorHistory is 0.500680 for index 261544, 262/1000.
Terminated at swamp 0.5.
The last entry of errorHistory is 0.500408 for index 261545, 262/1000.
Terminated at swamp 0.5.
The last entry of errorHistory is 0.500193 for index 261546, 262/1000.
Terminated at swamp 0.5.
The last entry of errorHistory is 0.500364 for index 261547, 262/1000.
The last entry of errorHistory is 1.000000 for index 261548, 262/1000.
The last entry of errorHistory is 1.000000 for index 261549, 262/1000.
Terminated at swamp 0.5.
The last entry of errorHistory is 0.500551 for index 261550, 262/1000.
The last entry of errorHistory is 1.000000 for index 261551, 262/1000.
Terminated at swamp 0.5.
The last entry of errorHistory is 0.500407 for index 261552, 262/1000.
The last entry of errorHistory is 1.000000 for index 261553, 262/1000.
Terminated at swamp 1.
The last entry of errorHistory is 1.000172 for index 261554, 262/1000.
Terminated at swamp 1.
The last entry of errorHistory is 0.999999 for index 261555, 262/1000.
The last entry of errorHistory is 1.500000 for index 261556, 262/1000.
Terminated at swamp 0.5.
The last entry of errorHistory is 0.500424 for index 261557, 262/1000.
The last entry of errorHistory is 1.000000 for index 261558, 262/1000.
Terminated at swamp 0.5.
The last entry of errorHistory is 0.500432 for index 261559, 262/1000.
Terminated at swamp 0.5.
The last entry of errorHistory is 0.500312 for index 261560, 262/1000.
Terminated at swamp 1.
The last entry of errorHistory is 1.000000 for index 261561, 262/1000.
Terminated at swamp 0.5.
The last entry of errorHistory is 0.500539 for index 261562, 262/1000.
Terminated at swamp 1.
The last entry of errorHistory is 1.000150 for index 261563, 262/1000.
The last entry of errorHistory is 0.500000 for index 261564, 262/1000.
Terminated at swamp 0.5.
The last entry of errorHistory is 0.500368 for index 261565, 262/1000.
Terminated at swamp 0.5.
The last entry of errorHistory is 0.500492 for index 261566, 262/1000.
The last entry of errorHistory is 1.000000 for index 261567, 262/1000.
Terminated at swamp 0.5.
The last entry of errorHistory is 0.500166 for index 261568, 262/1000.
Terminated at swamp 1.
The last entry of errorHistory is 1.000416 for index 261569, 262/1000.
The last entry of errorHistory is 0.500000 for index 261570, 262/1000.
Terminated at swamp 0.5.
The last entry of errorHistory is 0.500505 for index 261571, 262/1000.
The last entry of errorHistory is 1.000000 for index 261572, 262/1000.
The last entry of errorHistory is 0.500000 for index 261573, 262/1000.
Terminated at swamp 0.5.
The last entry of errorHistory is 0.500199 for index 261574, 262/1000.
Terminated at swamp 0.5.
The last entry of errorHistory is 0.500029 for index 261575, 262/1000.
Terminated at swamp 0.5.
The last entry of errorHistory is 0.500404 for index 261576, 262/1000.
The last entry of errorHistory is 1.000000 for index 261577, 262/1000.
Terminated at swamp 0.5.
The last entry of errorHistory is 0.500558 for index 261578, 262/1000.
Terminated at swamp 1.
The last entry of errorHistory is 1.000000 for index 261579, 262/1000.
Terminated at swamp 0.5.
The last entry of errorHistory is 0.500337 for index 261580, 262/1000.
Terminated at swamp 0.5.
The last entry of errorHistory is 0.500460 for index 261581, 262/1000.
Terminated at swamp 0.5.
The last entry of errorHistory is 0.500343 for index 261582, 262/1000.
The last entry of errorHistory is 0.000013 for index 261583, 262/1000.
Terminated at swamp 1.
The last entry of errorHistory is 1.000050 for index 261584, 262/1000.
Terminated at swamp 0.5.
The last entry of errorHistory is 0.500257 for index 261585, 262/1000.
Terminated at swamp 0.5.
The last entry of errorHistory is 0.500500 for index 261586, 262/1000.
Terminated at swamp 0.5.
The last entry of errorHistory is 0.500373 for index 261587, 262/1000.
Terminated at swamp 1.
The last entry of errorHistory is 1.000192 for index 261588, 262/1000.
Terminated at swamp 0.5.
The last entry of errorHistory is 0.500126 for index 261589, 262/1000.
Terminated at swamp 0.5.
The last entry of errorHistory is 0.500111 for index 261590, 262/1000.
Terminated at swamp 0.5.
The last entry of errorHistory is 0.500372 for index 261591, 262/1000.
Terminated at swamp 0.5.
The last entry of errorHistory is 0.500189 for index 261592, 262/1000.
The last entry of errorHistory is 0.500000 for index 261593, 262/1000.
Terminated at swamp 0.5.
The last entry of errorHistory is 0.500545 for index 261594, 262/1000.
Terminated at swamp 0.5.
The last entry of errorHistory is 0.500132 for index 261595, 262/1000.
The last entry of errorHistory is 1.000000 for index 261596, 262/1000.
The last entry of errorHistory is 1.000000 for index 261597, 262/1000.
Terminated at swamp 0.5.
The last entry of errorHistory is 0.500465 for index 261598, 262/1000.
Terminated at swamp 0.5.
The last entry of errorHistory is 0.500327 for index 261599, 262/1000.
The last entry of errorHistory is 0.500000 for index 261600, 262/1000.
Terminated at swamp 0.5.
The last entry of errorHistory is 0.500486 for index 261601, 262/1000.
Terminated at swamp 0.5.
The last entry of errorHistory is 0.500349 for index 261602, 262/1000.
Terminated at swamp 0.5.
The last entry of errorHistory is 0.500479 for index 261603, 262/1000.
The last entry of errorHistory is 1.000000 for index 261604, 262/1000.
Terminated at swamp 1.
The last entry of errorHistory is 1.000027 for index 261605, 262/1000.
The last entry of errorHistory is 0.000015 for index 261606, 262/1000.
The last entry of errorHistory is 1.000000 for index 261607, 262/1000.
Terminated at swamp 0.5.
The last entry of errorHistory is 0.500375 for index 261608, 262/1000.
Terminated at swamp 0.5.
The last entry of errorHistory is 0.500530 for index 261609, 262/1000.
The last entry of errorHistory is 0.500000 for index 261610, 262/1000.
Terminated at swamp 0.5.
The last entry of errorHistory is 0.500470 for index 261611, 262/1000.
Terminated at swamp 0.5.
The last entry of errorHistory is 0.500068 for index 261612, 262/1000.
Terminated at swamp 1.
The last entry of errorHistory is 1.000191 for index 261613, 262/1000.
The last entry of errorHistory is 0.000548 for index 261614, 262/1000.
Terminated at swamp 0.5.
The last entry of errorHistory is 0.500367 for index 261615, 262/1000.
The last entry of errorHistory is 0.500000 for index 261616, 262/1000.
The last entry of errorHistory is 0.000017 for index 261617, 262/1000.
The last entry of errorHistory is 0.000452 for index 261618, 262/1000.
Terminated at swamp 0.5.
The last entry of errorHistory is 0.500068 for index 261619, 262/1000.
Terminated at swamp 0.5.
The last entry of errorHistory is 0.500004 for index 261620, 262/1000.
The last entry of errorHistory is 1.000000 for index 261621, 262/1000.
Terminated at swamp 0.5.
The last entry of errorHistory is 0.500635 for index 261622, 262/1000.
Terminated at swamp 0.5.
The last entry of errorHistory is 0.500244 for index 261623, 262/1000.
The last entry of errorHistory is 1.000000 for index 261624, 262/1000.
Terminated at swamp 0.5.
The last entry of errorHistory is 0.500000 for index 261625, 262/1000.
Terminated at swamp 1.
The last entry of errorHistory is 1.000322 for index 261626, 262/1000.
Terminated at swamp 0.5.
The last entry of errorHistory is 0.500056 for index 261627, 262/1000.
The last entry of errorHistory is 0.000040 for index 261628, 262/1000.
Terminated at swamp 0.5.
The last entry of errorHistory is 0.500192 for index 261629, 262/1000.
Terminated at swamp 1.
The last entry of errorHistory is 1.000515 for index 261630, 262/1000.
Terminated at swamp 0.5.
The last entry of errorHistory is 0.500325 for index 261631, 262/1000.
Terminated at swamp 0.5.
The last entry of errorHistory is 0.500427 for index 261632, 262/1000.
Terminated at swamp 1.
The last entry of errorHistory is 1.000000 for index 261633, 262/1000.
Terminated at swamp 0.5.
The last entry of errorHistory is 0.500297 for index 261634, 262/1000.
The last entry of errorHistory is 0.500000 for index 261635, 262/1000.
Terminated at swamp 0.5.
The last entry of errorHistory is 0.500335 for index 261636, 262/1000.
The last entry of errorHistory is 0.500000 for index 261637, 262/1000.
Terminated at swamp 1.
The last entry of errorHistory is 1.000372 for index 261638, 262/1000.
Terminated at swamp 1.
The last entry of errorHistory is 1.000000 for index 261639, 262/1000.
The last entry of errorHistory is 0.500000 for index 261640, 262/1000.
Terminated at swamp 0.5.
The last entry of errorHistory is 0.500102 for index 261641, 262/1000.
Terminated at swamp 0.5.
The last entry of errorHistory is 0.500451 for index 261642, 262/1000.
Terminated at swamp 0.5.
The last entry of errorHistory is 0.500477 for index 261643, 262/1000.
The last entry of errorHistory is 0.000119 for index 261644, 262/1000.
Terminated at swamp 0.5.
The last entry of errorHistory is 0.500570 for index 261645, 262/1000.
Terminated at swamp 0.5.
The last entry of errorHistory is 0.500010 for index 261646, 262/1000.
Terminated at swamp 0.5.
The last entry of errorHistory is 0.500494 for index 261647, 262/1000.
The last entry of errorHistory is 0.000105 for index 261648, 262/1000.
Terminated at swamp 0.5.
The last entry of errorHistory is 0.500580 for index 261649, 262/1000.
The last entry of errorHistory is 1.000000 for index 261650, 262/1000.
Terminated at swamp 0.5.
The last entry of errorHistory is 0.500486 for index 261651, 262/1000.
Terminated at swamp 0.5.
The last entry of errorHistory is 0.500511 for index 261652, 262/1000.
The last entry of errorHistory is 0.000130 for index 261653, 262/1000.
The last entry of errorHistory is 1.500000 for index 261654, 262/1000.
The last entry of errorHistory is 1.000000 for index 261655, 262/1000.
Terminated at swamp 0.5.
The last entry of errorHistory is 0.500661 for index 261656, 262/1000.
The last entry of errorHistory is 1.000000 for index 261657, 262/1000.
Terminated at swamp 0.5.
The last entry of errorHistory is 0.500418 for index 261658, 262/1000.
The last entry of errorHistory is 0.500000 for index 261659, 262/1000.
Terminated at swamp 0.5.
The last entry of errorHistory is 0.500489 for index 261660, 262/1000.
Terminated at swamp 0.5.
The last entry of errorHistory is 0.500073 for index 261661, 262/1000.
Terminated at swamp 0.5.
The last entry of errorHistory is 0.500410 for index 261662, 262/1000.
Terminated at swamp 0.5.
The last entry of errorHistory is 0.500315 for index 261663, 262/1000.
Terminated at swamp 1.
The last entry of errorHistory is 1.000336 for index 261664, 262/1000.
Terminated at swamp 0.5.
The last entry of errorHistory is 0.500015 for index 261665, 262/1000.
Terminated at swamp 1.
The last entry of errorHistory is 1.000128 for index 261666, 262/1000.
Terminated at swamp 0.5.
The last entry of errorHistory is 0.500069 for index 261667, 262/1000.
Terminated at swamp 0.5.
The last entry of errorHistory is 0.500340 for index 261668, 262/1000.
Terminated at swamp 0.5.
The last entry of errorHistory is 0.500289 for index 261669, 262/1000.
Terminated at swamp 0.5.
The last entry of errorHistory is 0.500678 for index 261670, 262/1000.
Terminated at swamp 0.5.
The last entry of errorHistory is 0.500299 for index 261671, 262/1000.
Terminated at swamp 0.5.
The last entry of errorHistory is 0.500091 for index 261672, 262/1000.
Terminated at swamp 1.
The last entry of errorHistory is 1.000000 for index 261673, 262/1000.
Terminated at swamp 1.
The last entry of errorHistory is 1.000325 for index 261674, 262/1000.
Terminated at swamp 0.5.
The last entry of errorHistory is 0.500423 for index 261675, 262/1000.
The last entry of errorHistory is 0.500000 for index 261676, 262/1000.
Terminated at swamp 1.
The last entry of errorHistory is 1.000001 for index 261677, 262/1000.
The last entry of errorHistory is 1.000000 for index 261678, 262/1000.
Terminated at swamp 1.
The last entry of errorHistory is 1.000097 for index 261679, 262/1000.
The last entry of errorHistory is 1.000000 for index 261680, 262/1000.
Terminated at swamp 0.5.
The last entry of errorHistory is 0.500573 for index 261681, 262/1000.
Terminated at swamp 0.5.
The last entry of errorHistory is 0.500603 for index 261682, 262/1000.
Terminated at swamp 1.
The last entry of errorHistory is 1.000000 for index 261683, 262/1000.
The last entry of errorHistory is 1.000000 for index 261684, 262/1000.
Terminated at swamp 0.5.
The last entry of errorHistory is 0.500157 for index 261685, 262/1000.
Terminated at swamp 1.
The last entry of errorHistory is 1.000007 for index 261686, 262/1000.
Terminated at swamp 0.5.
The last entry of errorHistory is 0.500502 for index 261687, 262/1000.
The last entry of errorHistory is 0.000046 for index 261688, 262/1000.
Terminated at swamp 0.5.
The last entry of errorHistory is 0.500048 for index 261689, 262/1000.
Terminated at swamp 0.5.
The last entry of errorHistory is 0.500497 for index 261690, 262/1000.
The last entry of errorHistory is 0.000031 for index 261691, 262/1000.
The last entry of errorHistory is 1.000000 for index 261692, 262/1000.
The last entry of errorHistory is 0.500000 for index 261693, 262/1000.
Terminated at swamp 0.5.
The last entry of errorHistory is 0.500581 for index 261694, 262/1000.
Terminated at swamp 0.5.
The last entry of errorHistory is 0.500489 for index 261695, 262/1000.
Terminated at swamp 0.5.
The last entry of errorHistory is 0.500508 for index 261696, 262/1000.
The last entry of errorHistory is 0.000043 for index 261697, 262/1000.
The last entry of errorHistory is 1.000000 for index 261698, 262/1000.
Terminated at swamp 0.5.
The last entry of errorHistory is 0.500133 for index 261699, 262/1000.
Terminated at swamp 0.5.
The last entry of errorHistory is 0.500389 for index 261700, 262/1000.
Terminated at swamp 0.5.
The last entry of errorHistory is 0.500219 for index 261701, 262/1000.
Terminated at swamp 0.5.
The last entry of errorHistory is 0.500102 for index 261702, 262/1000.
Terminated at swamp 0.5.
The last entry of errorHistory is 0.500638 for index 261703, 262/1000.
The last entry of errorHistory is 0.000017 for index 261704, 262/1000.
Terminated at swamp 1.
The last entry of errorHistory is 1.000300 for index 261705, 262/1000.
Terminated at swamp 0.5.
The last entry of errorHistory is 0.500641 for index 261706, 262/1000.
The last entry of errorHistory is 0.500000 for index 261707, 262/1000.
Terminated at swamp 0.5.
The last entry of errorHistory is 0.500366 for index 261708, 262/1000.
The last entry of errorHistory is 1.000000 for index 261709, 262/1000.
Terminated at swamp 0.5.
The last entry of errorHistory is 0.500284 for index 261710, 262/1000.
Terminated at swamp 0.5.
The last entry of errorHistory is 0.500091 for index 261711, 262/1000.
Terminated at swamp 1.
The last entry of errorHistory is 1.000000 for index 261712, 262/1000.
Terminated at swamp 0.5.
The last entry of errorHistory is 0.500535 for index 261713, 262/1000.
Terminated at swamp 0.5.
The last entry of errorHistory is 0.500230 for index 261714, 262/1000.
The last entry of errorHistory is 1.000000 for index 261715, 262/1000.
Terminated at swamp 0.5.
The last entry of errorHistory is 0.500483 for index 261716, 262/1000.
The last entry of errorHistory is 1.000000 for index 261717, 262/1000.
Terminated at swamp 0.5.
The last entry of errorHistory is 0.500159 for index 261718, 262/1000.
Terminated at swamp 1.
The last entry of errorHistory is 1.000167 for index 261719, 262/1000.
Terminated at swamp 0.5.
The last entry of errorHistory is 0.500385 for index 261720, 262/1000.
Terminated at swamp 0.5.
The last entry of errorHistory is 0.500168 for index 261721, 262/1000.
Terminated at swamp 0.5.
The last entry of errorHistory is 0.500379 for index 261722, 262/1000.
Terminated at swamp 1.
The last entry of errorHistory is 1.000102 for index 261723, 262/1000.
Terminated at swamp 0.5.
The last entry of errorHistory is 0.500250 for index 261724, 262/1000.
The last entry of errorHistory is 1.000000 for index 261725, 262/1000.
Terminated at swamp 1.
The last entry of errorHistory is 1.000042 for index 261726, 262/1000.
Terminated at swamp 0.5.
The last entry of errorHistory is 0.500379 for index 261727, 262/1000.
Terminated at swamp 0.5.
The last entry of errorHistory is 0.500527 for index 261728, 262/1000.
Terminated at swamp 1.
The last entry of errorHistory is 1.000001 for index 261729, 262/1000.
Terminated at swamp 1.
The last entry of errorHistory is 1.000195 for index 261730, 262/1000.
Terminated at swamp 0.5.
The last entry of errorHistory is 0.500466 for index 261731, 262/1000.
Terminated at swamp 1.
The last entry of errorHistory is 1.000308 for index 261732, 262/1000.
Terminated at swamp 0.5.
The last entry of errorHistory is 0.500544 for index 261733, 262/1000.
Terminated at swamp 0.5.
The last entry of errorHistory is 0.500377 for index 261734, 262/1000.
Terminated at swamp 0.5.
The last entry of errorHistory is 0.500369 for index 261735, 262/1000.
The last entry of errorHistory is 1.000000 for index 261736, 262/1000.
The last entry of errorHistory is 0.500000 for index 261737, 262/1000.
Terminated at swamp 1.
The last entry of errorHistory is 1.000000 for index 261738, 262/1000.
Terminated at swamp 1.
The last entry of errorHistory is 1.000091 for index 261739, 262/1000.
The last entry of errorHistory is 1.000000 for index 261740, 262/1000.
Terminated at swamp 1.
The last entry of errorHistory is 1.000010 for index 261741, 262/1000.
Terminated at swamp 0.5.
The last entry of errorHistory is 0.500148 for index 261742, 262/1000.
Terminated at swamp 0.5.
The last entry of errorHistory is 0.500060 for index 261743, 262/1000.
The last entry of errorHistory is 1.000000 for index 261744, 262/1000.
Terminated at swamp 1.
The last entry of errorHistory is 1.000078 for index 261745, 262/1000.
Terminated at swamp 0.5.
The last entry of errorHistory is 0.500051 for index 261746, 262/1000.
Terminated at swamp 0.5.
The last entry of errorHistory is 0.500054 for index 261747, 262/1000.
Terminated at swamp 0.5.
The last entry of errorHistory is 0.500324 for index 261748, 262/1000.
Terminated at swamp 0.5.
The last entry of errorHistory is 0.500442 for index 261749, 262/1000.
The last entry of errorHistory is 1.000000 for index 261750, 262/1000.
The last entry of errorHistory is 0.000009 for index 261751, 262/1000.
The last entry of errorHistory is 1.000000 for index 261752, 262/1000.
Terminated at swamp 0.5.
The last entry of errorHistory is 0.500505 for index 261753, 262/1000.
Terminated at swamp 0.5.
The last entry of errorHistory is 0.500101 for index 261754, 262/1000.
The last entry of errorHistory is 1.000000 for index 261755, 262/1000.
Terminated at swamp 0.5.
The last entry of errorHistory is 0.500000 for index 261756, 262/1000.
The last entry of errorHistory is 0.000719 for index 261757, 262/1000.
Terminated at swamp 0.5.
The last entry of errorHistory is 0.500711 for index 261758, 262/1000.
The last entry of errorHistory is 0.000015 for index 261759, 262/1000.
Terminated at swamp 0.5.
The last entry of errorHistory is 0.500031 for index 261760, 262/1000.
Terminated at swamp 0.5.
The last entry of errorHistory is 0.500581 for index 261761, 262/1000.
The last entry of errorHistory is 1.000000 for index 261762, 262/1000.
Terminated at swamp 0.5.
The last entry of errorHistory is 0.500635 for index 261763, 262/1000.
Terminated at swamp 0.5.
The last entry of errorHistory is 0.500395 for index 261764, 262/1000.
The last entry of errorHistory is 1.000000 for index 261765, 262/1000.
Terminated at swamp 1.
The last entry of errorHistory is 1.000000 for index 261766, 262/1000.
Terminated at swamp 0.5.
The last entry of errorHistory is 0.500033 for index 261767, 262/1000.
The last entry of errorHistory is 0.500000 for index 261768, 262/1000.
Terminated at swamp 0.5.
The last entry of errorHistory is 0.500597 for index 261769, 262/1000.
Terminated at swamp 1.
The last entry of errorHistory is 1.000290 for index 261770, 262/1000.
Terminated at swamp 0.5.
The last entry of errorHistory is 0.500426 for index 261771, 262/1000.
Terminated at swamp 0.5.
The last entry of errorHistory is 0.500685 for index 261772, 262/1000.
Terminated at swamp 0.5.
The last entry of errorHistory is 0.500414 for index 261773, 262/1000.
The last entry of errorHistory is 0.001150 for index 261774, 262/1000.
Terminated at swamp 1.
The last entry of errorHistory is 1.000047 for index 261775, 262/1000.
Terminated at swamp 0.5.
The last entry of errorHistory is 0.500071 for index 261776, 262/1000.
The last entry of errorHistory is 0.500000 for index 261777, 262/1000.
The last entry of errorHistory is 0.000017 for index 261778, 262/1000.
Terminated at swamp 1.
The last entry of errorHistory is 1.000345 for index 261779, 262/1000.
Terminated at swamp 0.5.
The last entry of errorHistory is 0.500047 for index 261780, 262/1000.
Terminated at swamp 1.
The last entry of errorHistory is 1.000029 for index 261781, 262/1000.
Terminated at swamp 0.5.
The last entry of errorHistory is 0.500233 for index 261782, 262/1000.
The last entry of errorHistory is 0.000013 for index 261783, 262/1000.
Terminated at swamp 0.5.
The last entry of errorHistory is 0.500397 for index 261784, 262/1000.
Terminated at swamp 0.5.
The last entry of errorHistory is 0.500184 for index 261785, 262/1000.
Terminated at swamp 0.5.
The last entry of errorHistory is 0.500542 for index 261786, 262/1000.
The last entry of errorHistory is 1.000000 for index 261787, 262/1000.
Terminated at swamp 0.5.
The last entry of errorHistory is 0.500476 for index 261788, 262/1000.
The last entry of errorHistory is 0.000341 for index 261789, 262/1000.
Terminated at swamp 0.5.
The last entry of errorHistory is 0.500270 for index 261790, 262/1000.
The last entry of errorHistory is 0.000526 for index 261791, 262/1000.
Terminated at swamp 1.
The last entry of errorHistory is 1.000408 for index 261792, 262/1000.
The last entry of errorHistory is 1.500000 for index 261793, 262/1000.
Terminated at swamp 0.5.
The last entry of errorHistory is 0.500024 for index 261794, 262/1000.
Terminated at swamp 0.5.
The last entry of errorHistory is 0.500244 for index 261795, 262/1000.
The last entry of errorHistory is 0.500000 for index 261796, 262/1000.
The last entry of errorHistory is 1.000000 for index 261797, 262/1000.
Terminated at swamp 0.5.
The last entry of errorHistory is 0.500532 for index 261798, 262/1000.
Terminated at swamp 0.5.
The last entry of errorHistory is 0.500512 for index 261799, 262/1000.
Terminated at swamp 0.5.
The last entry of errorHistory is 0.500597 for index 261800, 262/1000.
The last entry of errorHistory is 1.000000 for index 261801, 262/1000.
Terminated at swamp 0.5.
The last entry of errorHistory is 0.500508 for index 261802, 262/1000.
Terminated at swamp 0.5.
The last entry of errorHistory is 0.500187 for index 261803, 262/1000.
Terminated at swamp 0.5.
The last entry of errorHistory is 0.500511 for index 261804, 262/1000.
The last entry of errorHistory is 0.000039 for index 261805, 262/1000.
The last entry of errorHistory is 0.000044 for index 261806, 262/1000.
Terminated at swamp 0.5.
The last entry of errorHistory is 0.500166 for index 261807, 262/1000.
The last entry of errorHistory is 0.000026 for index 261808, 262/1000.
Terminated at swamp 0.5.
The last entry of errorHistory is 0.500870 for index 261809, 262/1000.
Terminated at swamp 0.5.
The last entry of errorHistory is 0.500445 for index 261810, 262/1000.
Terminated at swamp 0.5.
The last entry of errorHistory is 0.500718 for index 261811, 262/1000.
The last entry of errorHistory is 1.000000 for index 261812, 262/1000.
The last entry of errorHistory is 0.001011 for index 261813, 262/1000.
The last entry of errorHistory is 0.500000 for index 261814, 262/1000.
The last entry of errorHistory is 1.000000 for index 261815, 262/1000.
The last entry of errorHistory is 0.000009 for index 261816, 262/1000.
Terminated at swamp 1.
The last entry of errorHistory is 1.000000 for index 261817, 262/1000.
Terminated at swamp 0.5.
The last entry of errorHistory is 0.500368 for index 261818, 262/1000.
The last entry of errorHistory is 1.500000 for index 261819, 262/1000.
The last entry of errorHistory is 0.000012 for index 261820, 262/1000.
The last entry of errorHistory is 1.000000 for index 261821, 262/1000.
The last entry of errorHistory is 1.000000 for index 261822, 262/1000.
Terminated at swamp 0.5.
The last entry of errorHistory is 0.500691 for index 261823, 262/1000.
Terminated at swamp 1.
The last entry of errorHistory is 1.000006 for index 261824, 262/1000.
Terminated at swamp 1.
The last entry of errorHistory is 1.000294 for index 261825, 262/1000.
Terminated at swamp 0.5.
The last entry of errorHistory is 0.500599 for index 261826, 262/1000.
The last entry of errorHistory is 0.500000 for index 261827, 262/1000.
Terminated at swamp 0.5.
The last entry of errorHistory is 0.500516 for index 261828, 262/1000.
The last entry of errorHistory is 0.500000 for index 261829, 262/1000.
The last entry of errorHistory is 1.000000 for index 261830, 262/1000.
The last entry of errorHistory is 1.500000 for index 261831, 262/1000.
The last entry of errorHistory is 0.000012 for index 261832, 262/1000.
The last entry of errorHistory is 0.500000 for index 261833, 262/1000.
The last entry of errorHistory is 1.000000 for index 261834, 262/1000.
Terminated at swamp 0.5.
The last entry of errorHistory is 0.500270 for index 261835, 262/1000.
Terminated at swamp 0.5.
The last entry of errorHistory is 0.500419 for index 261836, 262/1000.
The last entry of errorHistory is 0.000025 for index 261837, 262/1000.
The last entry of errorHistory is 0.000008 for index 261838, 262/1000.
The last entry of errorHistory is 0.500000 for index 261839, 262/1000.
Terminated at swamp 1.5.
The last entry of errorHistory is 1.500004 for index 261840, 262/1000.
Terminated at swamp 0.5.
The last entry of errorHistory is 0.500081 for index 261841, 262/1000.
The last entry of errorHistory is 0.000079 for index 261842, 262/1000.
The last entry of errorHistory is 0.000036 for index 261843, 262/1000.
Terminated at swamp 0.5.
The last entry of errorHistory is 0.500539 for index 261844, 262/1000.
The last entry of errorHistory is 0.000092 for index 261845, 262/1000.
Terminated at swamp 0.5.
The last entry of errorHistory is 0.500291 for index 261846, 262/1000.
Terminated at swamp 0.5.
The last entry of errorHistory is 0.500384 for index 261847, 262/1000.
Terminated at swamp 0.5.
The last entry of errorHistory is 0.500102 for index 261848, 262/1000.
Terminated at swamp 0.5.
The last entry of errorHistory is 0.500109 for index 261849, 262/1000.
Terminated at swamp 0.5.
The last entry of errorHistory is 0.500436 for index 261850, 262/1000.
Terminated at swamp 1.
The last entry of errorHistory is 1.000000 for index 261851, 262/1000.
Terminated at swamp 1.
The last entry of errorHistory is 1.000023 for index 261852, 262/1000.
The last entry of errorHistory is 0.000420 for index 261853, 262/1000.
The last entry of errorHistory is 0.000046 for index 261854, 262/1000.
Terminated at swamp 0.5.
The last entry of errorHistory is 0.500145 for index 261855, 262/1000.
The last entry of errorHistory is 1.000000 for index 261856, 262/1000.
Terminated at swamp 0.5.
The last entry of errorHistory is 0.500318 for index 261857, 262/1000.
Terminated at swamp 0.5.
The last entry of errorHistory is 0.500685 for index 261858, 262/1000.
Terminated at swamp 0.5.
The last entry of errorHistory is 0.500194 for index 261859, 262/1000.
Terminated at swamp 1.
The last entry of errorHistory is 1.000000 for index 261860, 262/1000.
Terminated at swamp 0.5.
The last entry of errorHistory is 0.500753 for index 261861, 262/1000.
Terminated at swamp 0.5.
The last entry of errorHistory is 0.500731 for index 261862, 262/1000.
The last entry of errorHistory is 0.000044 for index 261863, 262/1000.
Terminated at swamp 0.5.
The last entry of errorHistory is 0.500047 for index 261864, 262/1000.
Terminated at swamp 1.
The last entry of errorHistory is 1.000097 for index 261865, 262/1000.
The last entry of errorHistory is 0.000009 for index 261866, 262/1000.
Terminated at swamp 0.5.
The last entry of errorHistory is 0.500236 for index 261867, 262/1000.
Terminated at swamp 0.5.
The last entry of errorHistory is 0.500463 for index 261868, 262/1000.
The last entry of errorHistory is 0.500000 for index 261869, 262/1000.
Terminated at swamp 1.5.
The last entry of errorHistory is 1.500000 for index 261870, 262/1000.
Terminated at swamp 0.5.
The last entry of errorHistory is 0.500076 for index 261871, 262/1000.
Terminated at swamp 0.5.
The last entry of errorHistory is 0.500456 for index 261872, 262/1000.
The last entry of errorHistory is 0.000128 for index 261873, 262/1000.
Terminated at swamp 0.5.
The last entry of errorHistory is 0.500260 for index 261874, 262/1000.
The last entry of errorHistory is 0.000221 for index 261875, 262/1000.
Terminated at swamp 0.5.
The last entry of errorHistory is 0.500144 for index 261876, 262/1000.
The last entry of errorHistory is 0.500000 for index 261877, 262/1000.
Terminated at swamp 0.5.
The last entry of errorHistory is 0.500435 for index 261878, 262/1000.
The last entry of errorHistory is 0.001014 for index 261879, 262/1000.
Terminated at swamp 0.5.
The last entry of errorHistory is 0.500244 for index 261880, 262/1000.
The last entry of errorHistory is 0.001025 for index 261881, 262/1000.
Terminated at swamp 0.5.
The last entry of errorHistory is 0.500844 for index 261882, 262/1000.
Terminated at swamp 0.5.
The last entry of errorHistory is 0.500448 for index 261883, 262/1000.
The last entry of errorHistory is 0.500000 for index 261884, 262/1000.
Terminated at swamp 0.5.
The last entry of errorHistory is 0.500612 for index 261885, 262/1000.
Terminated at swamp 0.5.
The last entry of errorHistory is 0.500483 for index 261886, 262/1000.
Terminated at swamp 1.
The last entry of errorHistory is 1.000008 for index 261887, 262/1000.
The last entry of errorHistory is 1.000000 for index 261888, 262/1000.
Terminated at swamp 0.5.
The last entry of errorHistory is 0.500481 for index 261889, 262/1000.
Terminated at swamp 1.
The last entry of errorHistory is 1.000403 for index 261890, 262/1000.
Terminated at swamp 0.5.
The last entry of errorHistory is 0.500146 for index 261891, 262/1000.
The last entry of errorHistory is 1.000000 for index 261892, 262/1000.
Terminated at swamp 1.
The last entry of errorHistory is 1.000306 for index 261893, 262/1000.
Terminated at swamp 1.
The last entry of errorHistory is 1.000000 for index 261894, 262/1000.
The last entry of errorHistory is 0.500000 for index 261895, 262/1000.
The last entry of errorHistory is 1.000000 for index 261896, 262/1000.
Terminated at swamp 0.5.
The last entry of errorHistory is 0.500151 for index 261897, 262/1000.
Terminated at swamp 0.5.
The last entry of errorHistory is 0.500554 for index 261898, 262/1000.
The last entry of errorHistory is 1.000000 for index 261899, 262/1000.
The last entry of errorHistory is 0.000748 for index 261900, 262/1000.
The last entry of errorHistory is 1.000000 for index 261901, 262/1000.
Terminated at swamp 0.5.
The last entry of errorHistory is 0.500632 for index 261902, 262/1000.
Terminated at swamp 0.5.
The last entry of errorHistory is 0.500302 for index 261903, 262/1000.
Terminated at swamp 0.5.
The last entry of errorHistory is 0.500003 for index 261904, 262/1000.
Terminated at swamp 0.5.
The last entry of errorHistory is 0.500084 for index 261905, 262/1000.
Terminated at swamp 0.5.
The last entry of errorHistory is 0.500684 for index 261906, 262/1000.
Terminated at swamp 1.
The last entry of errorHistory is 1.000006 for index 261907, 262/1000.
Terminated at swamp 1.
The last entry of errorHistory is 1.000332 for index 261908, 262/1000.
The last entry of errorHistory is 1.000000 for index 261909, 262/1000.
The last entry of errorHistory is 1.000000 for index 261910, 262/1000.
Terminated at swamp 0.5.
The last entry of errorHistory is 0.500302 for index 261911, 262/1000.
The last entry of errorHistory is 1.000000 for index 261912, 262/1000.
Terminated at swamp 0.5.
The last entry of errorHistory is 0.500389 for index 261913, 262/1000.
Terminated at swamp 0.5.
The last entry of errorHistory is 0.500837 for index 261914, 262/1000.
Terminated at swamp 0.5.
The last entry of errorHistory is 0.500588 for index 261915, 262/1000.
Terminated at swamp 1.5.
The last entry of errorHistory is 1.500000 for index 261916, 262/1000.
The last entry of errorHistory is 0.000056 for index 261917, 262/1000.
The last entry of errorHistory is 0.500000 for index 261918, 262/1000.
The last entry of errorHistory is 0.500000 for index 261919, 262/1000.
The last entry of errorHistory is 1.000000 for index 261920, 262/1000.
Terminated at swamp 0.5.
The last entry of errorHistory is 0.500544 for index 261921, 262/1000.
The last entry of errorHistory is 1.000000 for index 261922, 262/1000.
Terminated at swamp 1.
The last entry of errorHistory is 1.000000 for index 261923, 262/1000.
Terminated at swamp 0.5.
The last entry of errorHistory is 0.500095 for index 261924, 262/1000.
The last entry of errorHistory is 0.000306 for index 261925, 262/1000.
Terminated at swamp 0.5.
The last entry of errorHistory is 0.500336 for index 261926, 262/1000.
Terminated at swamp 1.
The last entry of errorHistory is 1.000016 for index 261927, 262/1000.
Terminated at swamp 0.5.
The last entry of errorHistory is 0.500581 for index 261928, 262/1000.
Terminated at swamp 0.5.
The last entry of errorHistory is 0.500673 for index 261929, 262/1000.
The last entry of errorHistory is 1.000000 for index 261930, 262/1000.
The last entry of errorHistory is 0.000053 for index 261931, 262/1000.
Terminated at swamp 1.
The last entry of errorHistory is 1.000487 for index 261932, 262/1000.
Terminated at swamp 0.5.
The last entry of errorHistory is 0.500356 for index 261933, 262/1000.
Terminated at swamp 1.
The last entry of errorHistory is 1.000010 for index 261934, 262/1000.
Terminated at swamp 1.
The last entry of errorHistory is 1.000014 for index 261935, 262/1000.
The last entry of errorHistory is 0.000014 for index 261936, 262/1000.
Terminated at swamp 1.
The last entry of errorHistory is 1.000000 for index 261937, 262/1000.
Terminated at swamp 1.5.
The last entry of errorHistory is 1.500206 for index 261938, 262/1000.
Terminated at swamp 0.5.
The last entry of errorHistory is 0.500189 for index 261939, 262/1000.
Terminated at swamp 0.5.
The last entry of errorHistory is 0.500000 for index 261940, 262/1000.
Terminated at swamp 0.5.
The last entry of errorHistory is 0.500675 for index 261941, 262/1000.
Terminated at swamp 0.5.
The last entry of errorHistory is 0.500015 for index 261942, 262/1000.
Terminated at swamp 0.5.
The last entry of errorHistory is 0.500465 for index 261943, 262/1000.
The last entry of errorHistory is 0.500000 for index 261944, 262/1000.
The last entry of errorHistory is 0.000048 for index 261945, 262/1000.
Terminated at swamp 0.5.
The last entry of errorHistory is 0.500341 for index 261946, 262/1000.
The last entry of errorHistory is 0.000046 for index 261947, 262/1000.
Terminated at swamp 0.5.
The last entry of errorHistory is 0.500348 for index 261948, 262/1000.
Terminated at swamp 0.5.
The last entry of errorHistory is 0.500394 for index 261949, 262/1000.
Terminated at swamp 0.5.
The last entry of errorHistory is 0.500455 for index 261950, 262/1000.
The last entry of errorHistory is 0.500000 for index 261951, 262/1000.
Terminated at swamp 1.
The last entry of errorHistory is 1.000402 for index 261952, 262/1000.
Terminated at swamp 0.5.
The last entry of errorHistory is 0.500171 for index 261953, 262/1000.
The last entry of errorHistory is 0.500000 for index 261954, 262/1000.
Terminated at swamp 0.5.
The last entry of errorHistory is 0.500297 for index 261955, 262/1000.
Terminated at swamp 1.
The last entry of errorHistory is 1.000233 for index 261956, 262/1000.
Terminated at swamp 1.
The last entry of errorHistory is 1.000520 for index 261957, 262/1000.
The last entry of errorHistory is 1.000000 for index 261958, 262/1000.
The last entry of errorHistory is 0.500000 for index 261959, 262/1000.
Terminated at swamp 0.5.
The last entry of errorHistory is 0.500402 for index 261960, 262/1000.
Terminated at swamp 0.5.
The last entry of errorHistory is 0.500379 for index 261961, 262/1000.
Terminated at swamp 0.5.
The last entry of errorHistory is 0.500403 for index 261962, 262/1000.
Terminated at swamp 0.5.
The last entry of errorHistory is 0.500340 for index 261963, 262/1000.
Terminated at swamp 0.5.
The last entry of errorHistory is 0.500900 for index 261964, 262/1000.
Terminated at swamp 0.5.
The last entry of errorHistory is 0.500152 for index 261965, 262/1000.
Terminated at swamp 0.5.
The last entry of errorHistory is 0.500863 for index 261966, 262/1000.
Terminated at swamp 0.5.
The last entry of errorHistory is 0.500568 for index 261967, 262/1000.
The last entry of errorHistory is 0.500000 for index 261968, 262/1000.
The last entry of errorHistory is 0.000052 for index 261969, 262/1000.
Terminated at swamp 0.5.
The last entry of errorHistory is 0.500452 for index 261970, 262/1000.
Terminated at swamp 0.5.
The last entry of errorHistory is 0.500482 for index 261971, 262/1000.
Terminated at swamp 0.5.
The last entry of errorHistory is 0.500351 for index 261972, 262/1000.
Terminated at swamp 1.
The last entry of errorHistory is 1.000360 for index 261973, 262/1000.
Terminated at swamp 0.5.
The last entry of errorHistory is 0.500565 for index 261974, 262/1000.
Terminated at swamp 0.5.
The last entry of errorHistory is 0.500262 for index 261975, 262/1000.
Terminated at swamp 0.5.
The last entry of errorHistory is 0.500100 for index 261976, 262/1000.
Terminated at swamp 0.5.
The last entry of errorHistory is 0.500336 for index 261977, 262/1000.
The last entry of errorHistory is 0.000080 for index 261978, 262/1000.
Terminated at swamp 0.5.
The last entry of errorHistory is 0.500182 for index 261979, 262/1000.
Terminated at swamp 1.
The last entry of errorHistory is 1.000031 for index 261980, 262/1000.
Terminated at swamp 1.
The last entry of errorHistory is 1.000457 for index 261981, 262/1000.
The last entry of errorHistory is 0.000016 for index 261982, 262/1000.
The last entry of errorHistory is 0.000020 for index 261983, 262/1000.
The last entry of errorHistory is 0.000078 for index 261984, 262/1000.
Terminated at swamp 0.5.
The last entry of errorHistory is 0.500363 for index 261985, 262/1000.
Terminated at swamp 0.5.
The last entry of errorHistory is 0.500620 for index 261986, 262/1000.
The last entry of errorHistory is 1.000000 for index 261987, 262/1000.
Terminated at swamp 0.5.
The last entry of errorHistory is 0.500615 for index 261988, 262/1000.
The last entry of errorHistory is 0.500000 for index 261989, 262/1000.
Terminated at swamp 1.
The last entry of errorHistory is 1.000292 for index 261990, 262/1000.
Terminated at swamp 0.5.
The last entry of errorHistory is 0.500407 for index 261991, 262/1000.
The last entry of errorHistory is 1.000000 for index 261992, 262/1000.
Terminated at swamp 1.
The last entry of errorHistory is 1.000005 for index 261993, 262/1000.
The last entry of errorHistory is 0.000018 for index 261994, 262/1000.
The last entry of errorHistory is 1.000000 for index 261995, 262/1000.
The last entry of errorHistory is 0.000324 for index 261996, 262/1000.
The last entry of errorHistory is 1.000000 for index 261997, 262/1000.
Terminated at swamp 0.5.
The last entry of errorHistory is 0.500116 for index 261998, 262/1000.
Terminated at swamp 0.5.
The last entry of errorHistory is 0.500130 for index 261999, 262/1000.
Terminated at swamp 0.5.
The last entry of errorHistory is 0.500000 for index 262000, 262/1000.
