
                            < M A T L A B (R) >
                  Copyright 1984-2018 The MathWorks, Inc.
                   R2018b (9.5.0.944444) 64-bit (glnxa64)
                              August 28, 2018

 
To get started, type doc.
For product information, visit www.mathworks.com.
 
Terminated at swamp 0.5.
The last entry of errorHistory is 0.500020 for index 274001, 275/1000.
Terminated at swamp 1.
The last entry of errorHistory is 1.000000 for index 274002, 275/1000.
Terminated at swamp 0.5.
The last entry of errorHistory is 0.500238 for index 274003, 275/1000.
Terminated at swamp 0.5.
The last entry of errorHistory is 0.500308 for index 274004, 275/1000.
Terminated at swamp 0.5.
The last entry of errorHistory is 0.500517 for index 274005, 275/1000.
Terminated at swamp 0.5.
The last entry of errorHistory is 0.500563 for index 274006, 275/1000.
Terminated at swamp 0.5.
The last entry of errorHistory is 0.500018 for index 274007, 275/1000.
The last entry of errorHistory is 0.000016 for index 274008, 275/1000.
Terminated at swamp 0.5.
The last entry of errorHistory is 0.500523 for index 274009, 275/1000.
Terminated at swamp 1.
The last entry of errorHistory is 1.000417 for index 274010, 275/1000.
Terminated at swamp 0.5.
The last entry of errorHistory is 0.500632 for index 274011, 275/1000.
The last entry of errorHistory is 1.000000 for index 274012, 275/1000.
Terminated at swamp 0.5.
The last entry of errorHistory is 0.500748 for index 274013, 275/1000.
Terminated at swamp 0.5.
The last entry of errorHistory is 0.500496 for index 274014, 275/1000.
Terminated at swamp 1.
The last entry of errorHistory is 1.000000 for index 274015, 275/1000.
The last entry of errorHistory is 1.000000 for index 274016, 275/1000.
Terminated at swamp 0.5.
The last entry of errorHistory is 0.500356 for index 274017, 275/1000.
Terminated at swamp 0.5.
The last entry of errorHistory is 0.500545 for index 274018, 275/1000.
Terminated at swamp 0.5.
The last entry of errorHistory is 0.500943 for index 274019, 275/1000.
Terminated at swamp 0.5.
The last entry of errorHistory is 0.500184 for index 274020, 275/1000.
Terminated at swamp 0.5.
The last entry of errorHistory is 0.500102 for index 274021, 275/1000.
The last entry of errorHistory is 0.000010 for index 274022, 275/1000.
Terminated at swamp 0.5.
The last entry of errorHistory is 0.500635 for index 274023, 275/1000.
Terminated at swamp 0.5.
The last entry of errorHistory is 0.500558 for index 274024, 275/1000.
Terminated at swamp 0.5.
The last entry of errorHistory is 0.500266 for index 274025, 275/1000.
Terminated at swamp 0.5.
The last entry of errorHistory is 0.500101 for index 274026, 275/1000.
Terminated at swamp 0.5.
The last entry of errorHistory is 0.500173 for index 274027, 275/1000.
Terminated at swamp 0.5.
The last entry of errorHistory is 0.500650 for index 274028, 275/1000.
Terminated at swamp 0.5.
The last entry of errorHistory is 0.500555 for index 274029, 275/1000.
Terminated at swamp 0.5.
The last entry of errorHistory is 0.500481 for index 274030, 275/1000.
Terminated at swamp 1.
The last entry of errorHistory is 1.000000 for index 274031, 275/1000.
Terminated at swamp 1.
The last entry of errorHistory is 1.000421 for index 274032, 275/1000.
Terminated at swamp 0.5.
The last entry of errorHistory is 0.500260 for index 274033, 275/1000.
Terminated at swamp 1.
The last entry of errorHistory is 1.000000 for index 274034, 275/1000.
The last entry of errorHistory is 0.000018 for index 274035, 275/1000.
The last entry of errorHistory is 1.000000 for index 274036, 275/1000.
Terminated at swamp 1.
The last entry of errorHistory is 1.000214 for index 274037, 275/1000.
Terminated at swamp 0.5.
The last entry of errorHistory is 0.500425 for index 274038, 275/1000.
The last entry of errorHistory is 0.000013 for index 274039, 275/1000.
The last entry of errorHistory is 0.000031 for index 274040, 275/1000.
Terminated at swamp 0.5.
The last entry of errorHistory is 0.500498 for index 274041, 275/1000.
The last entry of errorHistory is 0.500000 for index 274042, 275/1000.
The last entry of errorHistory is 0.000024 for index 274043, 275/1000.
The last entry of errorHistory is 1.000000 for index 274044, 275/1000.
Terminated at swamp 0.5.
The last entry of errorHistory is 0.500410 for index 274045, 275/1000.
The last entry of errorHistory is 1.000000 for index 274046, 275/1000.
The last entry of errorHistory is 1.000000 for index 274047, 275/1000.
Terminated at swamp 0.5.
The last entry of errorHistory is 0.500179 for index 274048, 275/1000.
Terminated at swamp 0.5.
The last entry of errorHistory is 0.500946 for index 274049, 275/1000.
Terminated at swamp 0.5.
The last entry of errorHistory is 0.500054 for index 274050, 275/1000.
Terminated at swamp 0.5.
The last entry of errorHistory is 0.500150 for index 274051, 275/1000.
Terminated at swamp 0.5.
The last entry of errorHistory is 0.500482 for index 274052, 275/1000.
Terminated at swamp 0.5.
The last entry of errorHistory is 0.500181 for index 274053, 275/1000.
Terminated at swamp 1.
The last entry of errorHistory is 1.000165 for index 274054, 275/1000.
Terminated at swamp 0.5.
The last entry of errorHistory is 0.500518 for index 274055, 275/1000.
Terminated at swamp 0.5.
The last entry of errorHistory is 0.500661 for index 274056, 275/1000.
Terminated at swamp 0.5.
The last entry of errorHistory is 0.500087 for index 274057, 275/1000.
The last entry of errorHistory is 0.000035 for index 274058, 275/1000.
Terminated at swamp 1.
The last entry of errorHistory is 1.000001 for index 274059, 275/1000.
Terminated at swamp 0.5.
The last entry of errorHistory is 0.500401 for index 274060, 275/1000.
Terminated at swamp 0.5.
The last entry of errorHistory is 0.500307 for index 274061, 275/1000.
Terminated at swamp 1.
The last entry of errorHistory is 1.000003 for index 274062, 275/1000.
Terminated at swamp 1.
The last entry of errorHistory is 1.000542 for index 274063, 275/1000.
Terminated at swamp 0.5.
The last entry of errorHistory is 0.500123 for index 274064, 275/1000.
The last entry of errorHistory is 0.000014 for index 274065, 275/1000.
Terminated at swamp 0.5.
The last entry of errorHistory is 0.500516 for index 274066, 275/1000.
Terminated at swamp 0.5.
The last entry of errorHistory is 0.500329 for index 274067, 275/1000.
Terminated at swamp 0.5.
The last entry of errorHistory is 0.500021 for index 274068, 275/1000.
The last entry of errorHistory is 0.000020 for index 274069, 275/1000.
The last entry of errorHistory is 0.000060 for index 274070, 275/1000.
Terminated at swamp 0.5.
The last entry of errorHistory is 0.500394 for index 274071, 275/1000.
Terminated at swamp 0.5.
The last entry of errorHistory is 0.500301 for index 274072, 275/1000.
Terminated at swamp 0.5.
The last entry of errorHistory is 0.500014 for index 274073, 275/1000.
The last entry of errorHistory is 1.000000 for index 274074, 275/1000.
Terminated at swamp 1.
The last entry of errorHistory is 1.000002 for index 274075, 275/1000.
Terminated at swamp 0.5.
The last entry of errorHistory is 0.500567 for index 274076, 275/1000.
Terminated at swamp 0.5.
The last entry of errorHistory is 0.500642 for index 274077, 275/1000.
Terminated at swamp 1.
The last entry of errorHistory is 1.000000 for index 274078, 275/1000.
Terminated at swamp 0.5.
The last entry of errorHistory is 0.500493 for index 274079, 275/1000.
Terminated at swamp 0.5.
The last entry of errorHistory is 0.500135 for index 274080, 275/1000.
Terminated at swamp 0.5.
The last entry of errorHistory is 0.500004 for index 274081, 275/1000.
Terminated at swamp 0.5.
The last entry of errorHistory is 0.500540 for index 274082, 275/1000.
Terminated at swamp 0.5.
The last entry of errorHistory is 0.500392 for index 274083, 275/1000.
Terminated at swamp 0.5.
The last entry of errorHistory is 0.500699 for index 274084, 275/1000.
The last entry of errorHistory is 1.000000 for index 274085, 275/1000.
The last entry of errorHistory is 0.500000 for index 274086, 275/1000.
The last entry of errorHistory is 1.000000 for index 274087, 275/1000.
Terminated at swamp 0.5.
The last entry of errorHistory is 0.500529 for index 274088, 275/1000.
Terminated at swamp 0.5.
The last entry of errorHistory is 0.500398 for index 274089, 275/1000.
Terminated at swamp 1.
The last entry of errorHistory is 1.000029 for index 274090, 275/1000.
The last entry of errorHistory is 0.000041 for index 274091, 275/1000.
Terminated at swamp 0.5.
The last entry of errorHistory is 0.500462 for index 274092, 275/1000.
Terminated at swamp 1.
The last entry of errorHistory is 1.000078 for index 274093, 275/1000.
The last entry of errorHistory is 1.000000 for index 274094, 275/1000.
Terminated at swamp 0.5.
The last entry of errorHistory is 0.500623 for index 274095, 275/1000.
Terminated at swamp 0.5.
The last entry of errorHistory is 0.500099 for index 274096, 275/1000.
Terminated at swamp 0.5.
The last entry of errorHistory is 0.500374 for index 274097, 275/1000.
Terminated at swamp 1.
The last entry of errorHistory is 1.000000 for index 274098, 275/1000.
The last entry of errorHistory is 1.000000 for index 274099, 275/1000.
Terminated at swamp 0.5.
The last entry of errorHistory is 0.500088 for index 274100, 275/1000.
Terminated at swamp 0.5.
The last entry of errorHistory is 0.500347 for index 274101, 275/1000.
The last entry of errorHistory is 0.500000 for index 274102, 275/1000.
Terminated at swamp 1.
The last entry of errorHistory is 1.000249 for index 274103, 275/1000.
The last entry of errorHistory is 0.000018 for index 274104, 275/1000.
Terminated at swamp 0.5.
The last entry of errorHistory is 0.500427 for index 274105, 275/1000.
Terminated at swamp 1.
The last entry of errorHistory is 1.000000 for index 274106, 275/1000.
Terminated at swamp 0.5.
The last entry of errorHistory is 0.500515 for index 274107, 275/1000.
Terminated at swamp 0.5.
The last entry of errorHistory is 0.500571 for index 274108, 275/1000.
The last entry of errorHistory is 0.000019 for index 274109, 275/1000.
Terminated at swamp 0.5.
The last entry of errorHistory is 0.500888 for index 274110, 275/1000.
Terminated at swamp 1.
The last entry of errorHistory is 1.000015 for index 274111, 275/1000.
The last entry of errorHistory is 1.000000 for index 274112, 275/1000.
The last entry of errorHistory is 1.000000 for index 274113, 275/1000.
Terminated at swamp 0.5.
The last entry of errorHistory is 0.500543 for index 274114, 275/1000.
Terminated at swamp 0.5.
The last entry of errorHistory is 0.500393 for index 274115, 275/1000.
Terminated at swamp 0.5.
The last entry of errorHistory is 0.500376 for index 274116, 275/1000.
Terminated at swamp 1.
The last entry of errorHistory is 1.000000 for index 274117, 275/1000.
The last entry of errorHistory is 1.500000 for index 274118, 275/1000.
The last entry of errorHistory is 1.000000 for index 274119, 275/1000.
Terminated at swamp 1.
The last entry of errorHistory is 1.000085 for index 274120, 275/1000.
Terminated at swamp 0.5.
The last entry of errorHistory is 0.500450 for index 274121, 275/1000.
Terminated at swamp 0.5.
The last entry of errorHistory is 0.500121 for index 274122, 275/1000.
Terminated at swamp 0.5.
The last entry of errorHistory is 0.500493 for index 274123, 275/1000.
Terminated at swamp 1.
The last entry of errorHistory is 1.000063 for index 274124, 275/1000.
Terminated at swamp 1.
The last entry of errorHistory is 1.000004 for index 274125, 275/1000.
Terminated at swamp 0.5.
The last entry of errorHistory is 0.500103 for index 274126, 275/1000.
Terminated at swamp 0.5.
The last entry of errorHistory is 0.500440 for index 274127, 275/1000.
The last entry of errorHistory is 1.000000 for index 274128, 275/1000.
Terminated at swamp 1.
The last entry of errorHistory is 1.000272 for index 274129, 275/1000.
Terminated at swamp 0.5.
The last entry of errorHistory is 0.500424 for index 274130, 275/1000.
Terminated at swamp 0.5.
The last entry of errorHistory is 0.500297 for index 274131, 275/1000.
The last entry of errorHistory is 0.500000 for index 274132, 275/1000.
The last entry of errorHistory is 0.500000 for index 274133, 275/1000.
The last entry of errorHistory is 0.000070 for index 274134, 275/1000.
The last entry of errorHistory is 1.000000 for index 274135, 275/1000.
The last entry of errorHistory is 1.000000 for index 274136, 275/1000.
Terminated at swamp 0.5.
The last entry of errorHistory is 0.500434 for index 274137, 275/1000.
The last entry of errorHistory is 0.500000 for index 274138, 275/1000.
Terminated at swamp 1.
The last entry of errorHistory is 1.000000 for index 274139, 275/1000.
Terminated at swamp 1.
The last entry of errorHistory is 1.000009 for index 274140, 275/1000.
Terminated at swamp 0.5.
The last entry of errorHistory is 0.500493 for index 274141, 275/1000.
Terminated at swamp 0.5.
The last entry of errorHistory is 0.500407 for index 274142, 275/1000.
The last entry of errorHistory is 1.000000 for index 274143, 275/1000.
Terminated at swamp 0.5.
The last entry of errorHistory is 0.500138 for index 274144, 275/1000.
Terminated at swamp 1.
The last entry of errorHistory is 0.999818 for index 274145, 275/1000.
Terminated at swamp 0.5.
The last entry of errorHistory is 0.500428 for index 274146, 275/1000.
Terminated at swamp 1.
The last entry of errorHistory is 1.000007 for index 274147, 275/1000.
Terminated at swamp 0.5.
The last entry of errorHistory is 0.500673 for index 274148, 275/1000.
The last entry of errorHistory is 0.500000 for index 274149, 275/1000.
Terminated at swamp 0.5.
The last entry of errorHistory is 0.500000 for index 274150, 275/1000.
Terminated at swamp 0.5.
The last entry of errorHistory is 0.500101 for index 274151, 275/1000.
Terminated at swamp 0.5.
The last entry of errorHistory is 0.500259 for index 274152, 275/1000.
Terminated at swamp 0.5.
The last entry of errorHistory is 0.500298 for index 274153, 275/1000.
Terminated at swamp 0.5.
The last entry of errorHistory is 0.500638 for index 274154, 275/1000.
Terminated at swamp 0.5.
The last entry of errorHistory is 0.500489 for index 274155, 275/1000.
Terminated at swamp 0.5.
The last entry of errorHistory is 0.500273 for index 274156, 275/1000.
Terminated at swamp 0.5.
The last entry of errorHistory is 0.500076 for index 274157, 275/1000.
The last entry of errorHistory is 0.000016 for index 274158, 275/1000.
Terminated at swamp 1.
The last entry of errorHistory is 1.000277 for index 274159, 275/1000.
Terminated at swamp 1.
The last entry of errorHistory is 1.000000 for index 274160, 275/1000.
Terminated at swamp 1.
The last entry of errorHistory is 1.000072 for index 274161, 275/1000.
Terminated at swamp 0.5.
The last entry of errorHistory is 0.500332 for index 274162, 275/1000.
Terminated at swamp 0.5.
The last entry of errorHistory is 0.500372 for index 274163, 275/1000.
Terminated at swamp 0.5.
The last entry of errorHistory is 0.500406 for index 274164, 275/1000.
Terminated at swamp 0.5.
The last entry of errorHistory is 0.500560 for index 274165, 275/1000.
Terminated at swamp 0.5.
The last entry of errorHistory is 0.500054 for index 274166, 275/1000.
Terminated at swamp 1.
The last entry of errorHistory is 1.000003 for index 274167, 275/1000.
Terminated at swamp 1.
The last entry of errorHistory is 1.000000 for index 274168, 275/1000.
The last entry of errorHistory is 1.000000 for index 274169, 275/1000.
The last entry of errorHistory is 1.000000 for index 274170, 275/1000.
Terminated at swamp 0.5.
The last entry of errorHistory is 0.500090 for index 274171, 275/1000.
Terminated at swamp 0.5.
The last entry of errorHistory is 0.500601 for index 274172, 275/1000.
The last entry of errorHistory is 1.500000 for index 274173, 275/1000.
Terminated at swamp 0.5.
The last entry of errorHistory is 0.500384 for index 274174, 275/1000.
Terminated at swamp 0.5.
The last entry of errorHistory is 0.500110 for index 274175, 275/1000.
Terminated at swamp 0.5.
The last entry of errorHistory is 0.500385 for index 274176, 275/1000.
The last entry of errorHistory is 0.000032 for index 274177, 275/1000.
The last entry of errorHistory is 1.000000 for index 274178, 275/1000.
The last entry of errorHistory is 0.000031 for index 274179, 275/1000.
Terminated at swamp 1.
The last entry of errorHistory is 1.000254 for index 274180, 275/1000.
Terminated at swamp 1.
The last entry of errorHistory is 1.000000 for index 274181, 275/1000.
Terminated at swamp 0.5.
The last entry of errorHistory is 0.500168 for index 274182, 275/1000.
Terminated at swamp 0.5.
The last entry of errorHistory is 0.500420 for index 274183, 275/1000.
The last entry of errorHistory is 1.500000 for index 274184, 275/1000.
Terminated at swamp 0.5.
The last entry of errorHistory is 0.500177 for index 274185, 275/1000.
Terminated at swamp 0.5.
The last entry of errorHistory is 0.500351 for index 274186, 275/1000.
Terminated at swamp 0.5.
The last entry of errorHistory is 0.500200 for index 274187, 275/1000.
Terminated at swamp 1.
The last entry of errorHistory is 1.000138 for index 274188, 275/1000.
Terminated at swamp 0.5.
The last entry of errorHistory is 0.500057 for index 274189, 275/1000.
Terminated at swamp 0.5.
The last entry of errorHistory is 0.500435 for index 274190, 275/1000.
The last entry of errorHistory is 1.000000 for index 274191, 275/1000.
Terminated at swamp 1.
The last entry of errorHistory is 0.999482 for index 274192, 275/1000.
Terminated at swamp 0.5.
The last entry of errorHistory is 0.500479 for index 274193, 275/1000.
Terminated at swamp 1.
The last entry of errorHistory is 1.000088 for index 274194, 275/1000.
The last entry of errorHistory is 0.000037 for index 274195, 275/1000.
The last entry of errorHistory is 0.000111 for index 274196, 275/1000.
The last entry of errorHistory is 0.500000 for index 274197, 275/1000.
Terminated at swamp 0.5.
The last entry of errorHistory is 0.500498 for index 274198, 275/1000.
The last entry of errorHistory is 0.000355 for index 274199, 275/1000.
Terminated at swamp 0.5.
The last entry of errorHistory is 0.500081 for index 274200, 275/1000.
Terminated at swamp 0.5.
The last entry of errorHistory is 0.500557 for index 274201, 275/1000.
Terminated at swamp 0.5.
The last entry of errorHistory is 0.500583 for index 274202, 275/1000.
Terminated at swamp 1.
The last entry of errorHistory is 1.000005 for index 274203, 275/1000.
The last entry of errorHistory is 0.500000 for index 274204, 275/1000.
Terminated at swamp 0.5.
The last entry of errorHistory is 0.500317 for index 274205, 275/1000.
The last entry of errorHistory is 0.000012 for index 274206, 275/1000.
Terminated at swamp 0.5.
The last entry of errorHistory is 0.500350 for index 274207, 275/1000.
The last entry of errorHistory is 1.000000 for index 274208, 275/1000.
The last entry of errorHistory is 0.000473 for index 274209, 275/1000.
The last entry of errorHistory is 1.000000 for index 274210, 275/1000.
Terminated at swamp 1.
The last entry of errorHistory is 1.000418 for index 274211, 275/1000.
Terminated at swamp 0.5.
The last entry of errorHistory is 0.500107 for index 274212, 275/1000.
The last entry of errorHistory is 1.000000 for index 274213, 275/1000.
The last entry of errorHistory is 0.500000 for index 274214, 275/1000.
Terminated at swamp 1.
The last entry of errorHistory is 1.000333 for index 274215, 275/1000.
Terminated at swamp 0.5.
The last entry of errorHistory is 0.500380 for index 274216, 275/1000.
Terminated at swamp 0.5.
The last entry of errorHistory is 0.500858 for index 274217, 275/1000.
The last entry of errorHistory is 1.000000 for index 274218, 275/1000.
The last entry of errorHistory is 1.000000 for index 274219, 275/1000.
The last entry of errorHistory is 0.500000 for index 274220, 275/1000.
Terminated at swamp 1.
The last entry of errorHistory is 1.000057 for index 274221, 275/1000.
The last entry of errorHistory is 1.000000 for index 274222, 275/1000.
Terminated at swamp 1.
The last entry of errorHistory is 1.000308 for index 274223, 275/1000.
Terminated at swamp 0.5.
The last entry of errorHistory is 0.500189 for index 274224, 275/1000.
Terminated at swamp 0.5.
The last entry of errorHistory is 0.500604 for index 274225, 275/1000.
Terminated at swamp 0.5.
The last entry of errorHistory is 0.500607 for index 274226, 275/1000.
The last entry of errorHistory is 1.000000 for index 274227, 275/1000.
Terminated at swamp 0.5.
The last entry of errorHistory is 0.500458 for index 274228, 275/1000.
Terminated at swamp 0.5.
The last entry of errorHistory is 0.500025 for index 274229, 275/1000.
Terminated at swamp 0.5.
The last entry of errorHistory is 0.500466 for index 274230, 275/1000.
Terminated at swamp 1.
The last entry of errorHistory is 1.000368 for index 274231, 275/1000.
Terminated at swamp 1.
The last entry of errorHistory is 1.000577 for index 274232, 275/1000.
Terminated at swamp 0.5.
The last entry of errorHistory is 0.500638 for index 274233, 275/1000.
The last entry of errorHistory is 0.500000 for index 274234, 275/1000.
Terminated at swamp 0.5.
The last entry of errorHistory is 0.500395 for index 274235, 275/1000.
The last entry of errorHistory is 0.000025 for index 274236, 275/1000.
The last entry of errorHistory is 0.000025 for index 274237, 275/1000.
Terminated at swamp 1.
The last entry of errorHistory is 1.000168 for index 274238, 275/1000.
Terminated at swamp 0.5.
The last entry of errorHistory is 0.500372 for index 274239, 275/1000.
Terminated at swamp 0.5.
The last entry of errorHistory is 0.500329 for index 274240, 275/1000.
Terminated at swamp 0.5.
The last entry of errorHistory is 0.500591 for index 274241, 275/1000.
Terminated at swamp 0.5.
The last entry of errorHistory is 0.500394 for index 274242, 275/1000.
Terminated at swamp 0.5.
The last entry of errorHistory is 0.500585 for index 274243, 275/1000.
Terminated at swamp 0.5.
The last entry of errorHistory is 0.500228 for index 274244, 275/1000.
Terminated at swamp 0.5.
The last entry of errorHistory is 0.500369 for index 274245, 275/1000.
The last entry of errorHistory is 0.000052 for index 274246, 275/1000.
Terminated at swamp 1.
The last entry of errorHistory is 1.000094 for index 274247, 275/1000.
Terminated at swamp 0.5.
The last entry of errorHistory is 0.500057 for index 274248, 275/1000.
The last entry of errorHistory is 0.500000 for index 274249, 275/1000.
Terminated at swamp 0.5.
The last entry of errorHistory is 0.500783 for index 274250, 275/1000.
Terminated at swamp 0.5.
The last entry of errorHistory is 0.500017 for index 274251, 275/1000.
Terminated at swamp 0.5.
The last entry of errorHistory is 0.500540 for index 274252, 275/1000.
Terminated at swamp 0.5.
The last entry of errorHistory is 0.500467 for index 274253, 275/1000.
Terminated at swamp 0.5.
The last entry of errorHistory is 0.500275 for index 274254, 275/1000.
Terminated at swamp 0.5.
The last entry of errorHistory is 0.500504 for index 274255, 275/1000.
Terminated at swamp 0.5.
The last entry of errorHistory is 0.500376 for index 274256, 275/1000.
Terminated at swamp 1.
The last entry of errorHistory is 1.000000 for index 274257, 275/1000.
Terminated at swamp 0.5.
The last entry of errorHistory is 0.500257 for index 274258, 275/1000.
The last entry of errorHistory is 1.000000 for index 274259, 275/1000.
Terminated at swamp 0.5.
The last entry of errorHistory is 0.500406 for index 274260, 275/1000.
Terminated at swamp 0.5.
The last entry of errorHistory is 0.500202 for index 274261, 275/1000.
Terminated at swamp 0.5.
The last entry of errorHistory is 0.500506 for index 274262, 275/1000.
The last entry of errorHistory is 0.000020 for index 274263, 275/1000.
The last entry of errorHistory is 0.500000 for index 274264, 275/1000.
Terminated at swamp 0.5.
The last entry of errorHistory is 0.500337 for index 274265, 275/1000.
Terminated at swamp 0.5.
The last entry of errorHistory is 0.500016 for index 274266, 275/1000.
Terminated at swamp 1.
The last entry of errorHistory is 1.000404 for index 274267, 275/1000.
Terminated at swamp 0.5.
The last entry of errorHistory is 0.500513 for index 274268, 275/1000.
Terminated at swamp 0.5.
The last entry of errorHistory is 0.500045 for index 274269, 275/1000.
Terminated at swamp 0.5.
The last entry of errorHistory is 0.500409 for index 274270, 275/1000.
Terminated at swamp 0.5.
The last entry of errorHistory is 0.500430 for index 274271, 275/1000.
Terminated at swamp 0.5.
The last entry of errorHistory is 0.500359 for index 274272, 275/1000.
Terminated at swamp 0.5.
The last entry of errorHistory is 0.500453 for index 274273, 275/1000.
Terminated at swamp 0.5.
The last entry of errorHistory is 0.500090 for index 274274, 275/1000.
The last entry of errorHistory is 1.000000 for index 274275, 275/1000.
Terminated at swamp 1.
The last entry of errorHistory is 1.000000 for index 274276, 275/1000.
The last entry of errorHistory is 1.000000 for index 274277, 275/1000.
The last entry of errorHistory is 1.000000 for index 274278, 275/1000.
Terminated at swamp 1.
The last entry of errorHistory is 1.000286 for index 274279, 275/1000.
The last entry of errorHistory is 1.000000 for index 274280, 275/1000.
The last entry of errorHistory is 1.500000 for index 274281, 275/1000.
Terminated at swamp 0.5.
The last entry of errorHistory is 0.500541 for index 274282, 275/1000.
Terminated at swamp 0.5.
The last entry of errorHistory is 0.500778 for index 274283, 275/1000.
The last entry of errorHistory is 0.500000 for index 274284, 275/1000.
The last entry of errorHistory is 0.000010 for index 274285, 275/1000.
Terminated at swamp 0.5.
The last entry of errorHistory is 0.500503 for index 274286, 275/1000.
Terminated at swamp 0.5.
The last entry of errorHistory is 0.500907 for index 274287, 275/1000.
Terminated at swamp 0.5.
The last entry of errorHistory is 0.500274 for index 274288, 275/1000.
The last entry of errorHistory is 0.000025 for index 274289, 275/1000.
The last entry of errorHistory is 1.000000 for index 274290, 275/1000.
The last entry of errorHistory is 1.500000 for index 274291, 275/1000.
Terminated at swamp 1.
The last entry of errorHistory is 1.000000 for index 274292, 275/1000.
Terminated at swamp 0.5.
The last entry of errorHistory is 0.500550 for index 274293, 275/1000.
The last entry of errorHistory is 0.000094 for index 274294, 275/1000.
Terminated at swamp 1.
The last entry of errorHistory is 1.000337 for index 274295, 275/1000.
Terminated at swamp 1.
The last entry of errorHistory is 1.000346 for index 274296, 275/1000.
Terminated at swamp 0.5.
The last entry of errorHistory is 0.500495 for index 274297, 275/1000.
The last entry of errorHistory is 1.000000 for index 274298, 275/1000.
The last entry of errorHistory is 1.000000 for index 274299, 275/1000.
The last entry of errorHistory is 0.000029 for index 274300, 275/1000.
The last entry of errorHistory is 1.500000 for index 274301, 275/1000.
Terminated at swamp 1.
The last entry of errorHistory is 1.000000 for index 274302, 275/1000.
Terminated at swamp 1.
The last entry of errorHistory is 1.000114 for index 274303, 275/1000.
The last entry of errorHistory is 1.000000 for index 274304, 275/1000.
Terminated at swamp 0.5.
The last entry of errorHistory is 0.500713 for index 274305, 275/1000.
The last entry of errorHistory is 0.500000 for index 274306, 275/1000.
The last entry of errorHistory is 0.000014 for index 274307, 275/1000.
Terminated at swamp 0.5.
The last entry of errorHistory is 0.500000 for index 274308, 275/1000.
Terminated at swamp 1.5.
The last entry of errorHistory is 1.500000 for index 274309, 275/1000.
Terminated at swamp 0.5.
The last entry of errorHistory is 0.500285 for index 274310, 275/1000.
Terminated at swamp 0.5.
The last entry of errorHistory is 0.500302 for index 274311, 275/1000.
Terminated at swamp 0.5.
The last entry of errorHistory is 0.500672 for index 274312, 275/1000.
Terminated at swamp 1.
The last entry of errorHistory is 1.000111 for index 274313, 275/1000.
Terminated at swamp 0.5.
The last entry of errorHistory is 0.500624 for index 274314, 275/1000.
Terminated at swamp 0.5.
The last entry of errorHistory is 0.500552 for index 274315, 275/1000.
Terminated at swamp 0.5.
The last entry of errorHistory is 0.500410 for index 274316, 275/1000.
Terminated at swamp 0.5.
The last entry of errorHistory is 0.500834 for index 274317, 275/1000.
Terminated at swamp 0.5.
The last entry of errorHistory is 0.500342 for index 274318, 275/1000.
Terminated at swamp 0.5.
The last entry of errorHistory is 0.500640 for index 274319, 275/1000.
Terminated at swamp 0.5.
The last entry of errorHistory is 0.500492 for index 274320, 275/1000.
Terminated at swamp 1.
The last entry of errorHistory is 1.000226 for index 274321, 275/1000.
Terminated at swamp 0.5.
The last entry of errorHistory is 0.500423 for index 274322, 275/1000.
Terminated at swamp 0.5.
The last entry of errorHistory is 0.500081 for index 274323, 275/1000.
Terminated at swamp 0.5.
The last entry of errorHistory is 0.500553 for index 274324, 275/1000.
The last entry of errorHistory is 1.000000 for index 274325, 275/1000.
Terminated at swamp 0.5.
The last entry of errorHistory is 0.500310 for index 274326, 275/1000.
Terminated at swamp 0.5.
The last entry of errorHistory is 0.500000 for index 274327, 275/1000.
The last entry of errorHistory is 1.000000 for index 274328, 275/1000.
Terminated at swamp 1.
The last entry of errorHistory is 1.000488 for index 274329, 275/1000.
Terminated at swamp 0.5.
The last entry of errorHistory is 0.500560 for index 274330, 275/1000.
The last entry of errorHistory is 0.000590 for index 274331, 275/1000.
Terminated at swamp 0.5.
The last entry of errorHistory is 0.500727 for index 274332, 275/1000.
Terminated at swamp 0.5.
The last entry of errorHistory is 0.500162 for index 274333, 275/1000.
Terminated at swamp 0.5.
The last entry of errorHistory is 0.500349 for index 274334, 275/1000.
The last entry of errorHistory is 0.000052 for index 274335, 275/1000.
The last entry of errorHistory is 0.002469 for index 274336, 275/1000.
The last entry of errorHistory is 1.000000 for index 274337, 275/1000.
The last entry of errorHistory is 1.000000 for index 274338, 275/1000.
Terminated at swamp 0.5.
The last entry of errorHistory is 0.500067 for index 274339, 275/1000.
Terminated at swamp 0.5.
The last entry of errorHistory is 0.500005 for index 274340, 275/1000.
Terminated at swamp 0.5.
The last entry of errorHistory is 0.500444 for index 274341, 275/1000.
The last entry of errorHistory is 0.500000 for index 274342, 275/1000.
Terminated at swamp 0.5.
The last entry of errorHistory is 0.500854 for index 274343, 275/1000.
Terminated at swamp 0.5.
The last entry of errorHistory is 0.500680 for index 274344, 275/1000.
The last entry of errorHistory is 0.000330 for index 274345, 275/1000.
The last entry of errorHistory is 0.000067 for index 274346, 275/1000.
Terminated at swamp 1.
The last entry of errorHistory is 1.000092 for index 274347, 275/1000.
Terminated at swamp 0.5.
The last entry of errorHistory is 0.500897 for index 274348, 275/1000.
Terminated at swamp 0.5.
The last entry of errorHistory is 0.500347 for index 274349, 275/1000.
The last entry of errorHistory is 1.000000 for index 274350, 275/1000.
Terminated at swamp 1.
The last entry of errorHistory is 1.000001 for index 274351, 275/1000.
Terminated at swamp 0.5.
The last entry of errorHistory is 0.500581 for index 274352, 275/1000.
The last entry of errorHistory is 0.000019 for index 274353, 275/1000.
Terminated at swamp 0.5.
The last entry of errorHistory is 0.500240 for index 274354, 275/1000.
Terminated at swamp 0.5.
The last entry of errorHistory is 0.500210 for index 274355, 275/1000.
Terminated at swamp 0.5.
The last entry of errorHistory is 0.500600 for index 274356, 275/1000.
Terminated at swamp 0.5.
The last entry of errorHistory is 0.500481 for index 274357, 275/1000.
Terminated at swamp 0.5.
The last entry of errorHistory is 0.500763 for index 274358, 275/1000.
Terminated at swamp 0.5.
The last entry of errorHistory is 0.500590 for index 274359, 275/1000.
The last entry of errorHistory is 1.000000 for index 274360, 275/1000.
The last entry of errorHistory is 0.000018 for index 274361, 275/1000.
Terminated at swamp 1.
The last entry of errorHistory is 1.000010 for index 274362, 275/1000.
Terminated at swamp 0.5.
The last entry of errorHistory is 0.500461 for index 274363, 275/1000.
Terminated at swamp 0.5.
The last entry of errorHistory is 0.500531 for index 274364, 275/1000.
Terminated at swamp 0.5.
The last entry of errorHistory is 0.500372 for index 274365, 275/1000.
Terminated at swamp 1.
The last entry of errorHistory is 1.000003 for index 274366, 275/1000.
The last entry of errorHistory is 1.000000 for index 274367, 275/1000.
Terminated at swamp 1.
The last entry of errorHistory is 1.000000 for index 274368, 275/1000.
Terminated at swamp 0.5.
The last entry of errorHistory is 0.500400 for index 274369, 275/1000.
Terminated at swamp 0.5.
The last entry of errorHistory is 0.500426 for index 274370, 275/1000.
The last entry of errorHistory is 1.000000 for index 274371, 275/1000.
Terminated at swamp 0.5.
The last entry of errorHistory is 0.500937 for index 274372, 275/1000.
Terminated at swamp 1.
The last entry of errorHistory is 1.000072 for index 274373, 275/1000.
Terminated at swamp 0.5.
The last entry of errorHistory is 0.500185 for index 274374, 275/1000.
The last entry of errorHistory is 1.000000 for index 274375, 275/1000.
The last entry of errorHistory is 1.000000 for index 274376, 275/1000.
The last entry of errorHistory is 1.000000 for index 274377, 275/1000.
The last entry of errorHistory is 0.000036 for index 274378, 275/1000.
The last entry of errorHistory is 1.000000 for index 274379, 275/1000.
Terminated at swamp 0.5.
The last entry of errorHistory is 0.500540 for index 274380, 275/1000.
Terminated at swamp 0.5.
The last entry of errorHistory is 0.500411 for index 274381, 275/1000.
Terminated at swamp 0.5.
The last entry of errorHistory is 0.500272 for index 274382, 275/1000.
Terminated at swamp 0.5.
The last entry of errorHistory is 0.500217 for index 274383, 275/1000.
The last entry of errorHistory is 1.000000 for index 274384, 275/1000.
Terminated at swamp 1.
The last entry of errorHistory is 1.000349 for index 274385, 275/1000.
Terminated at swamp 1.
The last entry of errorHistory is 1.000362 for index 274386, 275/1000.
Terminated at swamp 0.5.
The last entry of errorHistory is 0.500184 for index 274387, 275/1000.
The last entry of errorHistory is 0.500000 for index 274388, 275/1000.
The last entry of errorHistory is 0.000110 for index 274389, 275/1000.
The last entry of errorHistory is 1.000000 for index 274390, 275/1000.
Terminated at swamp 0.5.
The last entry of errorHistory is 0.500659 for index 274391, 275/1000.
Terminated at swamp 0.5.
The last entry of errorHistory is 0.500411 for index 274392, 275/1000.
The last entry of errorHistory is 1.500000 for index 274393, 275/1000.
Terminated at swamp 0.5.
The last entry of errorHistory is 0.500369 for index 274394, 275/1000.
Terminated at swamp 0.5.
The last entry of errorHistory is 0.500076 for index 274395, 275/1000.
Terminated at swamp 0.5.
The last entry of errorHistory is 0.500139 for index 274396, 275/1000.
The last entry of errorHistory is 0.000013 for index 274397, 275/1000.
The last entry of errorHistory is 0.500000 for index 274398, 275/1000.
The last entry of errorHistory is 0.000013 for index 274399, 275/1000.
Terminated at swamp 0.5.
The last entry of errorHistory is 0.500364 for index 274400, 275/1000.
Terminated at swamp 0.5.
The last entry of errorHistory is 0.500360 for index 274401, 275/1000.
Terminated at swamp 1.
The last entry of errorHistory is 1.000107 for index 274402, 275/1000.
Terminated at swamp 0.5.
The last entry of errorHistory is 0.500411 for index 274403, 275/1000.
The last entry of errorHistory is 1.500000 for index 274404, 275/1000.
Terminated at swamp 0.5.
The last entry of errorHistory is 0.500097 for index 274405, 275/1000.
Terminated at swamp 0.5.
The last entry of errorHistory is 0.500502 for index 274406, 275/1000.
Terminated at swamp 1.
The last entry of errorHistory is 1.000080 for index 274407, 275/1000.
The last entry of errorHistory is 0.000031 for index 274408, 275/1000.
The last entry of errorHistory is 0.000018 for index 274409, 275/1000.
The last entry of errorHistory is 0.000006 for index 274410, 275/1000.
The last entry of errorHistory is 1.000000 for index 274411, 275/1000.
Terminated at swamp 0.5.
The last entry of errorHistory is 0.500028 for index 274412, 275/1000.
Terminated at swamp 1.
The last entry of errorHistory is 1.000000 for index 274413, 275/1000.
Terminated at swamp 0.5.
The last entry of errorHistory is 0.500022 for index 274414, 275/1000.
The last entry of errorHistory is 1.000000 for index 274415, 275/1000.
Terminated at swamp 0.5.
The last entry of errorHistory is 0.500399 for index 274416, 275/1000.
Terminated at swamp 0.5.
The last entry of errorHistory is 0.500575 for index 274417, 275/1000.
Terminated at swamp 1.
The last entry of errorHistory is 1.000602 for index 274418, 275/1000.
Terminated at swamp 0.5.
The last entry of errorHistory is 0.500121 for index 274419, 275/1000.
The last entry of errorHistory is 1.000000 for index 274420, 275/1000.
The last entry of errorHistory is 0.500000 for index 274421, 275/1000.
Terminated at swamp 1.
The last entry of errorHistory is 1.000261 for index 274422, 275/1000.
Terminated at swamp 1.
The last entry of errorHistory is 1.000361 for index 274423, 275/1000.
The last entry of errorHistory is 1.000000 for index 274424, 275/1000.
The last entry of errorHistory is 1.000000 for index 274425, 275/1000.
Terminated at swamp 1.
The last entry of errorHistory is 1.000398 for index 274426, 275/1000.
Terminated at swamp 1.
The last entry of errorHistory is 1.000081 for index 274427, 275/1000.
The last entry of errorHistory is 0.002188 for index 274428, 275/1000.
Terminated at swamp 0.5.
The last entry of errorHistory is 0.500131 for index 274429, 275/1000.
Terminated at swamp 0.5.
The last entry of errorHistory is 0.500322 for index 274430, 275/1000.
The last entry of errorHistory is 1.000000 for index 274431, 275/1000.
The last entry of errorHistory is 0.000021 for index 274432, 275/1000.
Terminated at swamp 0.5.
The last entry of errorHistory is 0.500353 for index 274433, 275/1000.
The last entry of errorHistory is 0.000016 for index 274434, 275/1000.
The last entry of errorHistory is 1.000000 for index 274435, 275/1000.
Terminated at swamp 0.5.
The last entry of errorHistory is 0.500213 for index 274436, 275/1000.
The last entry of errorHistory is 1.000000 for index 274437, 275/1000.
The last entry of errorHistory is 0.000019 for index 274438, 275/1000.
Terminated at swamp 0.5.
The last entry of errorHistory is 0.500507 for index 274439, 275/1000.
Terminated at swamp 0.5.
The last entry of errorHistory is 0.500059 for index 274440, 275/1000.
The last entry of errorHistory is 0.000019 for index 274441, 275/1000.
Terminated at swamp 0.5.
The last entry of errorHistory is 0.500398 for index 274442, 275/1000.
The last entry of errorHistory is 0.000023 for index 274443, 275/1000.
Terminated at swamp 0.5.
The last entry of errorHistory is 0.500180 for index 274444, 275/1000.
Terminated at swamp 0.5.
The last entry of errorHistory is 0.500593 for index 274445, 275/1000.
Terminated at swamp 0.5.
The last entry of errorHistory is 0.500051 for index 274446, 275/1000.
Terminated at swamp 0.5.
The last entry of errorHistory is 0.500377 for index 274447, 275/1000.
Terminated at swamp 0.5.
The last entry of errorHistory is 0.500168 for index 274448, 275/1000.
The last entry of errorHistory is 0.500000 for index 274449, 275/1000.
The last entry of errorHistory is 0.000028 for index 274450, 275/1000.
Terminated at swamp 1.
The last entry of errorHistory is 1.000170 for index 274451, 275/1000.
Terminated at swamp 1.
The last entry of errorHistory is 1.000320 for index 274452, 275/1000.
The last entry of errorHistory is 1.000000 for index 274453, 275/1000.
The last entry of errorHistory is 0.000015 for index 274454, 275/1000.
The last entry of errorHistory is 0.000015 for index 274455, 275/1000.
Terminated at swamp 1.
The last entry of errorHistory is 1.000324 for index 274456, 275/1000.
The last entry of errorHistory is 1.000000 for index 274457, 275/1000.
The last entry of errorHistory is 1.500000 for index 274458, 275/1000.
The last entry of errorHistory is 0.000027 for index 274459, 275/1000.
Terminated at swamp 0.5.
The last entry of errorHistory is 0.500558 for index 274460, 275/1000.
Terminated at swamp 0.5.
The last entry of errorHistory is 0.500488 for index 274461, 275/1000.
The last entry of errorHistory is 1.500000 for index 274462, 275/1000.
Terminated at swamp 1.
The last entry of errorHistory is 1.000127 for index 274463, 275/1000.
Terminated at swamp 0.5.
The last entry of errorHistory is 0.500162 for index 274464, 275/1000.
The last entry of errorHistory is 1.000000 for index 274465, 275/1000.
The last entry of errorHistory is 1.000000 for index 274466, 275/1000.
The last entry of errorHistory is 1.000000 for index 274467, 275/1000.
The last entry of errorHistory is 0.000170 for index 274468, 275/1000.
Terminated at swamp 1.
The last entry of errorHistory is 1.000082 for index 274469, 275/1000.
Terminated at swamp 1.
The last entry of errorHistory is 1.000000 for index 274470, 275/1000.
The last entry of errorHistory is 1.500000 for index 274471, 275/1000.
Terminated at swamp 0.5.
The last entry of errorHistory is 0.500287 for index 274472, 275/1000.
Terminated at swamp 0.5.
The last entry of errorHistory is 0.500256 for index 274473, 275/1000.
Terminated at swamp 1.
The last entry of errorHistory is 1.000000 for index 274474, 275/1000.
Terminated at swamp 0.5.
The last entry of errorHistory is 0.500286 for index 274475, 275/1000.
Terminated at swamp 0.5.
The last entry of errorHistory is 0.500566 for index 274476, 275/1000.
The last entry of errorHistory is 1.000000 for index 274477, 275/1000.
The last entry of errorHistory is 1.000000 for index 274478, 275/1000.
Terminated at swamp 0.5.
The last entry of errorHistory is 0.500003 for index 274479, 275/1000.
The last entry of errorHistory is 1.000000 for index 274480, 275/1000.
The last entry of errorHistory is 1.000000 for index 274481, 275/1000.
Terminated at swamp 0.5.
The last entry of errorHistory is 0.500317 for index 274482, 275/1000.
Terminated at swamp 1.
The last entry of errorHistory is 1.000120 for index 274483, 275/1000.
Terminated at swamp 1.
The last entry of errorHistory is 1.000000 for index 274484, 275/1000.
Terminated at swamp 1.
The last entry of errorHistory is 1.000024 for index 274485, 275/1000.
Terminated at swamp 1.
The last entry of errorHistory is 1.000040 for index 274486, 275/1000.
Terminated at swamp 0.5.
The last entry of errorHistory is 0.500305 for index 274487, 275/1000.
The last entry of errorHistory is 0.500000 for index 274488, 275/1000.
Terminated at swamp 0.5.
The last entry of errorHistory is 0.500063 for index 274489, 275/1000.
Terminated at swamp 0.5.
The last entry of errorHistory is 0.500518 for index 274490, 275/1000.
Terminated at swamp 0.5.
The last entry of errorHistory is 0.500709 for index 274491, 275/1000.
Terminated at swamp 0.5.
The last entry of errorHistory is 0.500235 for index 274492, 275/1000.
Terminated at swamp 0.5.
The last entry of errorHistory is 0.500462 for index 274493, 275/1000.
Terminated at swamp 1.
The last entry of errorHistory is 1.000148 for index 274494, 275/1000.
Terminated at swamp 0.5.
The last entry of errorHistory is 0.500038 for index 274495, 275/1000.
Terminated at swamp 0.5.
The last entry of errorHistory is 0.500381 for index 274496, 275/1000.
Terminated at swamp 0.5.
The last entry of errorHistory is 0.500511 for index 274497, 275/1000.
The last entry of errorHistory is 1.000000 for index 274498, 275/1000.
Terminated at swamp 0.5.
The last entry of errorHistory is 0.500042 for index 274499, 275/1000.
Terminated at swamp 0.5.
The last entry of errorHistory is 0.500654 for index 274500, 275/1000.
Terminated at swamp 1.
The last entry of errorHistory is 1.000346 for index 274501, 275/1000.
The last entry of errorHistory is 1.000000 for index 274502, 275/1000.
Terminated at swamp 0.5.
The last entry of errorHistory is 0.500235 for index 274503, 275/1000.
Terminated at swamp 0.5.
The last entry of errorHistory is 0.500091 for index 274504, 275/1000.
Terminated at swamp 0.5.
The last entry of errorHistory is 0.500000 for index 274505, 275/1000.
Terminated at swamp 1.
The last entry of errorHistory is 1.000000 for index 274506, 275/1000.
Terminated at swamp 0.5.
The last entry of errorHistory is 0.500203 for index 274507, 275/1000.
Terminated at swamp 0.5.
The last entry of errorHistory is 0.500423 for index 274508, 275/1000.
The last entry of errorHistory is 0.000075 for index 274509, 275/1000.
Terminated at swamp 0.5.
The last entry of errorHistory is 0.500017 for index 274510, 275/1000.
Terminated at swamp 1.
The last entry of errorHistory is 0.999517 for index 274511, 275/1000.
Terminated at swamp 0.5.
The last entry of errorHistory is 0.500023 for index 274512, 275/1000.
Terminated at swamp 0.5.
The last entry of errorHistory is 0.500000 for index 274513, 275/1000.
The last entry of errorHistory is 0.000595 for index 274514, 275/1000.
The last entry of errorHistory is 1.000000 for index 274515, 275/1000.
The last entry of errorHistory is 0.000013 for index 274516, 275/1000.
Terminated at swamp 0.5.
The last entry of errorHistory is 0.500207 for index 274517, 275/1000.
Terminated at swamp 0.5.
The last entry of errorHistory is 0.500529 for index 274518, 275/1000.
Terminated at swamp 1.
The last entry of errorHistory is 1.000055 for index 274519, 275/1000.
Terminated at swamp 1.
The last entry of errorHistory is 1.000325 for index 274520, 275/1000.
Terminated at swamp 0.5.
The last entry of errorHistory is 0.500903 for index 274521, 275/1000.
Terminated at swamp 0.5.
The last entry of errorHistory is 0.500270 for index 274522, 275/1000.
Terminated at swamp 0.5.
The last entry of errorHistory is 0.500536 for index 274523, 275/1000.
Terminated at swamp 1.
The last entry of errorHistory is 1.000524 for index 274524, 275/1000.
Terminated at swamp 0.5.
The last entry of errorHistory is 0.500783 for index 274525, 275/1000.
The last entry of errorHistory is 1.000000 for index 274526, 275/1000.
Terminated at swamp 0.5.
The last entry of errorHistory is 0.500500 for index 274527, 275/1000.
Terminated at swamp 0.5.
The last entry of errorHistory is 0.500594 for index 274528, 275/1000.
Terminated at swamp 0.5.
The last entry of errorHistory is 0.500181 for index 274529, 275/1000.
Terminated at swamp 1.
The last entry of errorHistory is 1.000144 for index 274530, 275/1000.
Terminated at swamp 1.
The last entry of errorHistory is 1.000003 for index 274531, 275/1000.
Terminated at swamp 1.
The last entry of errorHistory is 1.000162 for index 274532, 275/1000.
Terminated at swamp 0.5.
The last entry of errorHistory is 0.500191 for index 274533, 275/1000.
The last entry of errorHistory is 0.500000 for index 274534, 275/1000.
Terminated at swamp 0.5.
The last entry of errorHistory is 0.500334 for index 274535, 275/1000.
Terminated at swamp 0.5.
The last entry of errorHistory is 0.500251 for index 274536, 275/1000.
The last entry of errorHistory is 1.000000 for index 274537, 275/1000.
The last entry of errorHistory is 1.000000 for index 274538, 275/1000.
Terminated at swamp 0.5.
The last entry of errorHistory is 0.500465 for index 274539, 275/1000.
The last entry of errorHistory is 0.000016 for index 274540, 275/1000.
Terminated at swamp 0.5.
The last entry of errorHistory is 0.500707 for index 274541, 275/1000.
The last entry of errorHistory is 1.000000 for index 274542, 275/1000.
Terminated at swamp 0.5.
The last entry of errorHistory is 0.500109 for index 274543, 275/1000.
Terminated at swamp 0.5.
The last entry of errorHistory is 0.500000 for index 274544, 275/1000.
Terminated at swamp 0.5.
The last entry of errorHistory is 0.500343 for index 274545, 275/1000.
Terminated at swamp 0.5.
The last entry of errorHistory is 0.500171 for index 274546, 275/1000.
Terminated at swamp 1.
The last entry of errorHistory is 1.000082 for index 274547, 275/1000.
Terminated at swamp 0.5.
The last entry of errorHistory is 0.500572 for index 274548, 275/1000.
The last entry of errorHistory is 1.000000 for index 274549, 275/1000.
The last entry of errorHistory is 0.000106 for index 274550, 275/1000.
Terminated at swamp 0.5.
The last entry of errorHistory is 0.500519 for index 274551, 275/1000.
The last entry of errorHistory is 1.000000 for index 274552, 275/1000.
The last entry of errorHistory is 0.000017 for index 274553, 275/1000.
Terminated at swamp 0.5.
The last entry of errorHistory is 0.500210 for index 274554, 275/1000.
Terminated at swamp 0.5.
The last entry of errorHistory is 0.500123 for index 274555, 275/1000.
The last entry of errorHistory is 1.000000 for index 274556, 275/1000.
Terminated at swamp 1.
The last entry of errorHistory is 1.000164 for index 274557, 275/1000.
Terminated at swamp 0.5.
The last entry of errorHistory is 0.500387 for index 274558, 275/1000.
The last entry of errorHistory is 0.500000 for index 274559, 275/1000.
Terminated at swamp 0.5.
The last entry of errorHistory is 0.500534 for index 274560, 275/1000.
The last entry of errorHistory is 1.000000 for index 274561, 275/1000.
The last entry of errorHistory is 1.000000 for index 274562, 275/1000.
Terminated at swamp 1.
The last entry of errorHistory is 1.000000 for index 274563, 275/1000.
Terminated at swamp 0.5.
The last entry of errorHistory is 0.500157 for index 274564, 275/1000.
The last entry of errorHistory is 0.000027 for index 274565, 275/1000.
Terminated at swamp 1.
The last entry of errorHistory is 1.000000 for index 274566, 275/1000.
Terminated at swamp 1.
The last entry of errorHistory is 1.000261 for index 274567, 275/1000.
Terminated at swamp 0.5.
The last entry of errorHistory is 0.500536 for index 274568, 275/1000.
Terminated at swamp 0.5.
The last entry of errorHistory is 0.500463 for index 274569, 275/1000.
The last entry of errorHistory is 0.000023 for index 274570, 275/1000.
Terminated at swamp 0.5.
The last entry of errorHistory is 0.500538 for index 274571, 275/1000.
Terminated at swamp 1.
The last entry of errorHistory is 1.000379 for index 274572, 275/1000.
Terminated at swamp 0.5.
The last entry of errorHistory is 0.500035 for index 274573, 275/1000.
The last entry of errorHistory is 1.000000 for index 274574, 275/1000.
The last entry of errorHistory is 1.500000 for index 274575, 275/1000.
Terminated at swamp 0.5.
The last entry of errorHistory is 0.500288 for index 274576, 275/1000.
Terminated at swamp 0.5.
The last entry of errorHistory is 0.500266 for index 274577, 275/1000.
Terminated at swamp 0.5.
The last entry of errorHistory is 0.500466 for index 274578, 275/1000.
Terminated at swamp 0.5.
The last entry of errorHistory is 0.500599 for index 274579, 275/1000.
Terminated at swamp 0.5.
The last entry of errorHistory is 0.500303 for index 274580, 275/1000.
Terminated at swamp 0.5.
The last entry of errorHistory is 0.500284 for index 274581, 275/1000.
Terminated at swamp 0.5.
The last entry of errorHistory is 0.500305 for index 274582, 275/1000.
Terminated at swamp 0.5.
The last entry of errorHistory is 0.500371 for index 274583, 275/1000.
Terminated at swamp 0.5.
The last entry of errorHistory is 0.500468 for index 274584, 275/1000.
Terminated at swamp 0.5.
The last entry of errorHistory is 0.500044 for index 274585, 275/1000.
Terminated at swamp 1.
The last entry of errorHistory is 0.999998 for index 274586, 275/1000.
The last entry of errorHistory is 1.000000 for index 274587, 275/1000.
Terminated at swamp 0.5.
The last entry of errorHistory is 0.500539 for index 274588, 275/1000.
Terminated at swamp 1.
The last entry of errorHistory is 1.000008 for index 274589, 275/1000.
Terminated at swamp 0.5.
The last entry of errorHistory is 0.500530 for index 274590, 275/1000.
The last entry of errorHistory is 0.000031 for index 274591, 275/1000.
Terminated at swamp 0.5.
The last entry of errorHistory is 0.500060 for index 274592, 275/1000.
The last entry of errorHistory is 1.000000 for index 274593, 275/1000.
The last entry of errorHistory is 0.500000 for index 274594, 275/1000.
Terminated at swamp 0.5.
The last entry of errorHistory is 0.500716 for index 274595, 275/1000.
The last entry of errorHistory is 0.000047 for index 274596, 275/1000.
Terminated at swamp 0.5.
The last entry of errorHistory is 0.500426 for index 274597, 275/1000.
Terminated at swamp 0.5.
The last entry of errorHistory is 0.500029 for index 274598, 275/1000.
The last entry of errorHistory is 1.000000 for index 274599, 275/1000.
The last entry of errorHistory is 1.500000 for index 274600, 275/1000.
The last entry of errorHistory is 0.000015 for index 274601, 275/1000.
The last entry of errorHistory is 0.500000 for index 274602, 275/1000.
Terminated at swamp 0.5.
The last entry of errorHistory is 0.500515 for index 274603, 275/1000.
Terminated at swamp 0.5.
The last entry of errorHistory is 0.500435 for index 274604, 275/1000.
Terminated at swamp 0.5.
The last entry of errorHistory is 0.500645 for index 274605, 275/1000.
Terminated at swamp 1.
The last entry of errorHistory is 1.000215 for index 274606, 275/1000.
Terminated at swamp 1.
The last entry of errorHistory is 1.000023 for index 274607, 275/1000.
The last entry of errorHistory is 0.000035 for index 274608, 275/1000.
Terminated at swamp 0.5.
The last entry of errorHistory is 0.500242 for index 274609, 275/1000.
The last entry of errorHistory is 0.000015 for index 274610, 275/1000.
Terminated at swamp 0.5.
The last entry of errorHistory is 0.500515 for index 274611, 275/1000.
Terminated at swamp 1.
The last entry of errorHistory is 1.000052 for index 274612, 275/1000.
Terminated at swamp 0.5.
The last entry of errorHistory is 0.500315 for index 274613, 275/1000.
Terminated at swamp 1.
The last entry of errorHistory is 1.000084 for index 274614, 275/1000.
Terminated at swamp 1.
The last entry of errorHistory is 1.000002 for index 274615, 275/1000.
The last entry of errorHistory is 0.000056 for index 274616, 275/1000.
The last entry of errorHistory is 0.500000 for index 274617, 275/1000.
The last entry of errorHistory is 1.000000 for index 274618, 275/1000.
Terminated at swamp 0.5.
The last entry of errorHistory is 0.500468 for index 274619, 275/1000.
Terminated at swamp 0.5.
The last entry of errorHistory is 0.500040 for index 274620, 275/1000.
Terminated at swamp 1.
The last entry of errorHistory is 1.000243 for index 274621, 275/1000.
The last entry of errorHistory is 0.000045 for index 274622, 275/1000.
The last entry of errorHistory is 0.000024 for index 274623, 275/1000.
The last entry of errorHistory is 0.000047 for index 274624, 275/1000.
Terminated at swamp 1.
The last entry of errorHistory is 1.000001 for index 274625, 275/1000.
Terminated at swamp 1.
The last entry of errorHistory is 1.000242 for index 274626, 275/1000.
Terminated at swamp 0.5.
The last entry of errorHistory is 0.500685 for index 274627, 275/1000.
The last entry of errorHistory is 1.000000 for index 274628, 275/1000.
The last entry of errorHistory is 0.000021 for index 274629, 275/1000.
The last entry of errorHistory is 1.000000 for index 274630, 275/1000.
The last entry of errorHistory is 1.000000 for index 274631, 275/1000.
The last entry of errorHistory is 1.000000 for index 274632, 275/1000.
Terminated at swamp 0.5.
The last entry of errorHistory is 0.500040 for index 274633, 275/1000.
Terminated at swamp 0.5.
The last entry of errorHistory is 0.500125 for index 274634, 275/1000.
The last entry of errorHistory is 0.000349 for index 274635, 275/1000.
Terminated at swamp 1.
The last entry of errorHistory is 1.000388 for index 274636, 275/1000.
Terminated at swamp 1.
The last entry of errorHistory is 1.000290 for index 274637, 275/1000.
Terminated at swamp 0.5.
The last entry of errorHistory is 0.500375 for index 274638, 275/1000.
Terminated at swamp 0.5.
The last entry of errorHistory is 0.500549 for index 274639, 275/1000.
The last entry of errorHistory is 1.000000 for index 274640, 275/1000.
Terminated at swamp 0.5.
The last entry of errorHistory is 0.500536 for index 274641, 275/1000.
Terminated at swamp 0.5.
The last entry of errorHistory is 0.500379 for index 274642, 275/1000.
The last entry of errorHistory is 0.000292 for index 274643, 275/1000.
Terminated at swamp 0.5.
The last entry of errorHistory is 0.500546 for index 274644, 275/1000.
Terminated at swamp 1.
The last entry of errorHistory is 1.000224 for index 274645, 275/1000.
Terminated at swamp 0.5.
The last entry of errorHistory is 0.500151 for index 274646, 275/1000.
Terminated at swamp 0.5.
The last entry of errorHistory is 0.500161 for index 274647, 275/1000.
Terminated at swamp 0.5.
The last entry of errorHistory is 0.500331 for index 274648, 275/1000.
The last entry of errorHistory is 1.500000 for index 274649, 275/1000.
The last entry of errorHistory is 0.000032 for index 274650, 275/1000.
Terminated at swamp 1.
The last entry of errorHistory is 1.000259 for index 274651, 275/1000.
Terminated at swamp 1.
The last entry of errorHistory is 1.000149 for index 274652, 275/1000.
The last entry of errorHistory is 1.500000 for index 274653, 275/1000.
Terminated at swamp 0.5.
The last entry of errorHistory is 0.500922 for index 274654, 275/1000.
Terminated at swamp 0.5.
The last entry of errorHistory is 0.500516 for index 274655, 275/1000.
The last entry of errorHistory is 0.000024 for index 274656, 275/1000.
The last entry of errorHistory is 1.000000 for index 274657, 275/1000.
The last entry of errorHistory is 1.000000 for index 274658, 275/1000.
Terminated at swamp 0.5.
The last entry of errorHistory is 0.500551 for index 274659, 275/1000.
Terminated at swamp 0.5.
The last entry of errorHistory is 0.500385 for index 274660, 275/1000.
Terminated at swamp 0.5.
The last entry of errorHistory is 0.500021 for index 274661, 275/1000.
Terminated at swamp 0.5.
The last entry of errorHistory is 0.500370 for index 274662, 275/1000.
Terminated at swamp 0.5.
The last entry of errorHistory is 0.500318 for index 274663, 275/1000.
Terminated at swamp 0.5.
The last entry of errorHistory is 0.500104 for index 274664, 275/1000.
Terminated at swamp 0.5.
The last entry of errorHistory is 0.500016 for index 274665, 275/1000.
Terminated at swamp 1.
The last entry of errorHistory is 1.000059 for index 274666, 275/1000.
Terminated at swamp 0.5.
The last entry of errorHistory is 0.500472 for index 274667, 275/1000.
The last entry of errorHistory is 0.000013 for index 274668, 275/1000.
The last entry of errorHistory is 1.000000 for index 274669, 275/1000.
Terminated at swamp 0.5.
The last entry of errorHistory is 0.500452 for index 274670, 275/1000.
The last entry of errorHistory is 0.500000 for index 274671, 275/1000.
Terminated at swamp 0.5.
The last entry of errorHistory is 0.500005 for index 274672, 275/1000.
The last entry of errorHistory is 0.500000 for index 274673, 275/1000.
Terminated at swamp 1.
The last entry of errorHistory is 1.000036 for index 274674, 275/1000.
The last entry of errorHistory is 0.000429 for index 274675, 275/1000.
Terminated at swamp 1.
The last entry of errorHistory is 1.000137 for index 274676, 275/1000.
Terminated at swamp 0.5.
The last entry of errorHistory is 0.500455 for index 274677, 275/1000.
The last entry of errorHistory is 1.000000 for index 274678, 275/1000.
The last entry of errorHistory is 0.000026 for index 274679, 275/1000.
Terminated at swamp 0.5.
The last entry of errorHistory is 0.500557 for index 274680, 275/1000.
Terminated at swamp 1.
The last entry of errorHistory is 1.000334 for index 274681, 275/1000.
The last entry of errorHistory is 1.000000 for index 274682, 275/1000.
Terminated at swamp 0.5.
The last entry of errorHistory is 0.500452 for index 274683, 275/1000.
Terminated at swamp 0.5.
The last entry of errorHistory is 0.500792 for index 274684, 275/1000.
The last entry of errorHistory is 1.000000 for index 274685, 275/1000.
Terminated at swamp 0.5.
The last entry of errorHistory is 0.500516 for index 274686, 275/1000.
The last entry of errorHistory is 1.000000 for index 274687, 275/1000.
Terminated at swamp 0.5.
The last entry of errorHistory is 0.500172 for index 274688, 275/1000.
Terminated at swamp 0.5.
The last entry of errorHistory is 0.500000 for index 274689, 275/1000.
The last entry of errorHistory is 0.500000 for index 274690, 275/1000.
Terminated at swamp 1.
The last entry of errorHistory is 1.000028 for index 274691, 275/1000.
The last entry of errorHistory is 1.000000 for index 274692, 275/1000.
Terminated at swamp 0.5.
The last entry of errorHistory is 0.500173 for index 274693, 275/1000.
Terminated at swamp 0.5.
The last entry of errorHistory is 0.500020 for index 274694, 275/1000.
Terminated at swamp 0.5.
The last entry of errorHistory is 0.500606 for index 274695, 275/1000.
Terminated at swamp 0.5.
The last entry of errorHistory is 0.500000 for index 274696, 275/1000.
Terminated at swamp 1.
The last entry of errorHistory is 1.000390 for index 274697, 275/1000.
Terminated at swamp 0.5.
The last entry of errorHistory is 0.500238 for index 274698, 275/1000.
Terminated at swamp 0.5.
The last entry of errorHistory is 0.500132 for index 274699, 275/1000.
Terminated at swamp 0.5.
The last entry of errorHistory is 0.500346 for index 274700, 275/1000.
Terminated at swamp 0.5.
The last entry of errorHistory is 0.500171 for index 274701, 275/1000.
The last entry of errorHistory is 0.000013 for index 274702, 275/1000.
Terminated at swamp 1.
The last entry of errorHistory is 1.000026 for index 274703, 275/1000.
The last entry of errorHistory is 0.000008 for index 274704, 275/1000.
Terminated at swamp 0.5.
The last entry of errorHistory is 0.500000 for index 274705, 275/1000.
Terminated at swamp 0.5.
The last entry of errorHistory is 0.500825 for index 274706, 275/1000.
Terminated at swamp 0.5.
The last entry of errorHistory is 0.500319 for index 274707, 275/1000.
Terminated at swamp 1.
The last entry of errorHistory is 1.000111 for index 274708, 275/1000.
The last entry of errorHistory is 0.500000 for index 274709, 275/1000.
The last entry of errorHistory is 0.000021 for index 274710, 275/1000.
The last entry of errorHistory is 0.000030 for index 274711, 275/1000.
Terminated at swamp 1.
The last entry of errorHistory is 1.000065 for index 274712, 275/1000.
The last entry of errorHistory is 1.000000 for index 274713, 275/1000.
Terminated at swamp 0.5.
The last entry of errorHistory is 0.500574 for index 274714, 275/1000.
Terminated at swamp 0.5.
The last entry of errorHistory is 0.500621 for index 274715, 275/1000.
Terminated at swamp 0.5.
The last entry of errorHistory is 0.500171 for index 274716, 275/1000.
Terminated at swamp 0.5.
The last entry of errorHistory is 0.500265 for index 274717, 275/1000.
Terminated at swamp 1.
The last entry of errorHistory is 1.000355 for index 274718, 275/1000.
The last entry of errorHistory is 1.000000 for index 274719, 275/1000.
The last entry of errorHistory is 1.000000 for index 274720, 275/1000.
Terminated at swamp 0.5.
The last entry of errorHistory is 0.500519 for index 274721, 275/1000.
Terminated at swamp 0.5.
The last entry of errorHistory is 0.500561 for index 274722, 275/1000.
The last entry of errorHistory is 0.000025 for index 274723, 275/1000.
The last entry of errorHistory is 0.500000 for index 274724, 275/1000.
Terminated at swamp 0.5.
The last entry of errorHistory is 0.500323 for index 274725, 275/1000.
The last entry of errorHistory is 0.000025 for index 274726, 275/1000.
The last entry of errorHistory is 1.000000 for index 274727, 275/1000.
The last entry of errorHistory is 1.000000 for index 274728, 275/1000.
Terminated at swamp 0.5.
The last entry of errorHistory is 0.500347 for index 274729, 275/1000.
The last entry of errorHistory is 0.000039 for index 274730, 275/1000.
Terminated at swamp 1.
The last entry of errorHistory is 1.000099 for index 274731, 275/1000.
Terminated at swamp 0.5.
The last entry of errorHistory is 0.500414 for index 274732, 275/1000.
The last entry of errorHistory is 1.000000 for index 274733, 275/1000.
Terminated at swamp 0.5.
The last entry of errorHistory is 0.500627 for index 274734, 275/1000.
The last entry of errorHistory is 1.000000 for index 274735, 275/1000.
Terminated at swamp 1.
The last entry of errorHistory is 1.000000 for index 274736, 275/1000.
Terminated at swamp 0.5.
The last entry of errorHistory is 0.500493 for index 274737, 275/1000.
Terminated at swamp 1.
The last entry of errorHistory is 1.000000 for index 274738, 275/1000.
The last entry of errorHistory is 1.000000 for index 274739, 275/1000.
The last entry of errorHistory is 1.500000 for index 274740, 275/1000.
The last entry of errorHistory is 0.500000 for index 274741, 275/1000.
The last entry of errorHistory is 1.000000 for index 274742, 275/1000.
The last entry of errorHistory is 1.000000 for index 274743, 275/1000.
Terminated at swamp 0.5.
The last entry of errorHistory is 0.500686 for index 274744, 275/1000.
The last entry of errorHistory is 0.000009 for index 274745, 275/1000.
Terminated at swamp 0.5.
The last entry of errorHistory is 0.500468 for index 274746, 275/1000.
Terminated at swamp 1.
The last entry of errorHistory is 1.000138 for index 274747, 275/1000.
Terminated at swamp 1.
The last entry of errorHistory is 1.000398 for index 274748, 275/1000.
Terminated at swamp 0.5.
The last entry of errorHistory is 0.500036 for index 274749, 275/1000.
The last entry of errorHistory is 1.000000 for index 274750, 275/1000.
Terminated at swamp 0.5.
The last entry of errorHistory is 0.500329 for index 274751, 275/1000.
Terminated at swamp 0.5.
The last entry of errorHistory is 0.500465 for index 274752, 275/1000.
The last entry of errorHistory is 1.000000 for index 274753, 275/1000.
Terminated at swamp 1.
The last entry of errorHistory is 1.000000 for index 274754, 275/1000.
Terminated at swamp 1.
The last entry of errorHistory is 1.000568 for index 274755, 275/1000.
The last entry of errorHistory is 1.000000 for index 274756, 275/1000.
Terminated at swamp 0.5.
The last entry of errorHistory is 0.500031 for index 274757, 275/1000.
The last entry of errorHistory is 0.000610 for index 274758, 275/1000.
Terminated at swamp 0.5.
The last entry of errorHistory is 0.500114 for index 274759, 275/1000.
Terminated at swamp 1.
The last entry of errorHistory is 1.000076 for index 274760, 275/1000.
Terminated at swamp 0.5.
The last entry of errorHistory is 0.500409 for index 274761, 275/1000.
The last entry of errorHistory is 1.000000 for index 274762, 275/1000.
Terminated at swamp 0.5.
The last entry of errorHistory is 0.500499 for index 274763, 275/1000.
Terminated at swamp 1.
The last entry of errorHistory is 1.000048 for index 274764, 275/1000.
Terminated at swamp 0.5.
The last entry of errorHistory is 0.500077 for index 274765, 275/1000.
The last entry of errorHistory is 0.522253 for index 274766, 275/1000.
Terminated at swamp 0.5.
The last entry of errorHistory is 0.500045 for index 274767, 275/1000.
The last entry of errorHistory is 1.000000 for index 274768, 275/1000.
Terminated at swamp 1.
The last entry of errorHistory is 1.000209 for index 274769, 275/1000.
Terminated at swamp 0.5.
The last entry of errorHistory is 0.500568 for index 274770, 275/1000.
The last entry of errorHistory is 1.000000 for index 274771, 275/1000.
The last entry of errorHistory is 1.000000 for index 274772, 275/1000.
The last entry of errorHistory is 0.500000 for index 274773, 275/1000.
Terminated at swamp 1.
The last entry of errorHistory is 1.000039 for index 274774, 275/1000.
Terminated at swamp 0.5.
The last entry of errorHistory is 0.500509 for index 274775, 275/1000.
Terminated at swamp 0.5.
The last entry of errorHistory is 0.500361 for index 274776, 275/1000.
The last entry of errorHistory is 1.000000 for index 274777, 275/1000.
The last entry of errorHistory is 0.500000 for index 274778, 275/1000.
Terminated at swamp 0.5.
The last entry of errorHistory is 0.500583 for index 274779, 275/1000.
The last entry of errorHistory is 0.000056 for index 274780, 275/1000.
The last entry of errorHistory is 0.000014 for index 274781, 275/1000.
Terminated at swamp 0.5.
The last entry of errorHistory is 0.500597 for index 274782, 275/1000.
Terminated at swamp 0.5.
The last entry of errorHistory is 0.500293 for index 274783, 275/1000.
The last entry of errorHistory is 1.000000 for index 274784, 275/1000.
The last entry of errorHistory is 0.500000 for index 274785, 275/1000.
The last entry of errorHistory is 0.500000 for index 274786, 275/1000.
Terminated at swamp 0.5.
The last entry of errorHistory is 0.500428 for index 274787, 275/1000.
Terminated at swamp 1.
The last entry of errorHistory is 1.000000 for index 274788, 275/1000.
The last entry of errorHistory is 1.000000 for index 274789, 275/1000.
Terminated at swamp 0.5.
The last entry of errorHistory is 0.500284 for index 274790, 275/1000.
Terminated at swamp 1.
The last entry of errorHistory is 1.000101 for index 274791, 275/1000.
Terminated at swamp 0.5.
The last entry of errorHistory is 0.500549 for index 274792, 275/1000.
Terminated at swamp 0.5.
The last entry of errorHistory is 0.500491 for index 274793, 275/1000.
Terminated at swamp 0.5.
The last entry of errorHistory is 0.500528 for index 274794, 275/1000.
The last entry of errorHistory is 1.000000 for index 274795, 275/1000.
The last entry of errorHistory is 1.500000 for index 274796, 275/1000.
Terminated at swamp 1.
The last entry of errorHistory is 1.000000 for index 274797, 275/1000.
Terminated at swamp 1.
The last entry of errorHistory is 1.000024 for index 274798, 275/1000.
Terminated at swamp 0.5.
The last entry of errorHistory is 0.500404 for index 274799, 275/1000.
Terminated at swamp 1.
The last entry of errorHistory is 1.000243 for index 274800, 275/1000.
Terminated at swamp 0.5.
The last entry of errorHistory is 0.500476 for index 274801, 275/1000.
Terminated at swamp 1.
The last entry of errorHistory is 1.000450 for index 274802, 275/1000.
The last entry of errorHistory is 0.500000 for index 274803, 275/1000.
Terminated at swamp 0.5.
The last entry of errorHistory is 0.500474 for index 274804, 275/1000.
Terminated at swamp 0.5.
The last entry of errorHistory is 0.500306 for index 274805, 275/1000.
Terminated at swamp 1.5.
The last entry of errorHistory is 1.500000 for index 274806, 275/1000.
Terminated at swamp 0.5.
The last entry of errorHistory is 0.500351 for index 274807, 275/1000.
The last entry of errorHistory is 0.000448 for index 274808, 275/1000.
Terminated at swamp 0.5.
The last entry of errorHistory is 0.500358 for index 274809, 275/1000.
Terminated at swamp 0.5.
The last entry of errorHistory is 0.500007 for index 274810, 275/1000.
The last entry of errorHistory is 0.500000 for index 274811, 275/1000.
Terminated at swamp 1.
The last entry of errorHistory is 1.000290 for index 274812, 275/1000.
Terminated at swamp 1.
The last entry of errorHistory is 1.000480 for index 274813, 275/1000.
Terminated at swamp 1.
The last entry of errorHistory is 1.000021 for index 274814, 275/1000.
Terminated at swamp 0.5.
The last entry of errorHistory is 0.500252 for index 274815, 275/1000.
Terminated at swamp 1.
The last entry of errorHistory is 1.000332 for index 274816, 275/1000.
The last entry of errorHistory is 0.000016 for index 274817, 275/1000.
Terminated at swamp 1.
The last entry of errorHistory is 1.000008 for index 274818, 275/1000.
Terminated at swamp 0.5.
The last entry of errorHistory is 0.500056 for index 274819, 275/1000.
Terminated at swamp 0.5.
The last entry of errorHistory is 0.500164 for index 274820, 275/1000.
Terminated at swamp 0.5.
The last entry of errorHistory is 0.500646 for index 274821, 275/1000.
The last entry of errorHistory is 1.000000 for index 274822, 275/1000.
The last entry of errorHistory is 1.000000 for index 274823, 275/1000.
Terminated at swamp 0.5.
The last entry of errorHistory is 0.500398 for index 274824, 275/1000.
The last entry of errorHistory is 1.000000 for index 274825, 275/1000.
The last entry of errorHistory is 0.000047 for index 274826, 275/1000.
Terminated at swamp 1.5.
The last entry of errorHistory is 1.500001 for index 274827, 275/1000.
The last entry of errorHistory is 1.000000 for index 274828, 275/1000.
Terminated at swamp 0.5.
The last entry of errorHistory is 0.500529 for index 274829, 275/1000.
Terminated at swamp 1.5.
The last entry of errorHistory is 1.500005 for index 274830, 275/1000.
The last entry of errorHistory is 0.000010 for index 274831, 275/1000.
Terminated at swamp 0.5.
The last entry of errorHistory is 0.500289 for index 274832, 275/1000.
The last entry of errorHistory is 0.000025 for index 274833, 275/1000.
Terminated at swamp 0.5.
The last entry of errorHistory is 0.500328 for index 274834, 275/1000.
The last entry of errorHistory is 1.000000 for index 274835, 275/1000.
The last entry of errorHistory is 1.000000 for index 274836, 275/1000.
Terminated at swamp 0.5.
The last entry of errorHistory is 0.500053 for index 274837, 275/1000.
Terminated at swamp 0.5.
The last entry of errorHistory is 0.500490 for index 274838, 275/1000.
The last entry of errorHistory is 1.500000 for index 274839, 275/1000.
Terminated at swamp 1.
The last entry of errorHistory is 1.000319 for index 274840, 275/1000.
The last entry of errorHistory is 1.000000 for index 274841, 275/1000.
The last entry of errorHistory is 0.000017 for index 274842, 275/1000.
Terminated at swamp 1.
The last entry of errorHistory is 1.000166 for index 274843, 275/1000.
The last entry of errorHistory is 0.000021 for index 274844, 275/1000.
The last entry of errorHistory is 0.500000 for index 274845, 275/1000.
Terminated at swamp 0.5.
The last entry of errorHistory is 0.500550 for index 274846, 275/1000.
Terminated at swamp 0.5.
The last entry of errorHistory is 0.500089 for index 274847, 275/1000.
Terminated at swamp 1.
The last entry of errorHistory is 1.000007 for index 274848, 275/1000.
Terminated at swamp 0.5.
The last entry of errorHistory is 0.500555 for index 274849, 275/1000.
Terminated at swamp 0.5.
The last entry of errorHistory is 0.500092 for index 274850, 275/1000.
Terminated at swamp 0.5.
The last entry of errorHistory is 0.500380 for index 274851, 275/1000.
The last entry of errorHistory is 1.000000 for index 274852, 275/1000.
The last entry of errorHistory is 1.000000 for index 274853, 275/1000.
Terminated at swamp 0.5.
The last entry of errorHistory is 0.499781 for index 274854, 275/1000.
Terminated at swamp 1.
The last entry of errorHistory is 1.000203 for index 274855, 275/1000.
The last entry of errorHistory is 0.500000 for index 274856, 275/1000.
Terminated at swamp 0.5.
The last entry of errorHistory is 0.500556 for index 274857, 275/1000.
The last entry of errorHistory is 0.000007 for index 274858, 275/1000.
Terminated at swamp 0.5.
The last entry of errorHistory is 0.500498 for index 274859, 275/1000.
Terminated at swamp 0.5.
The last entry of errorHistory is 0.500000 for index 274860, 275/1000.
Terminated at swamp 0.5.
The last entry of errorHistory is 0.500115 for index 274861, 275/1000.
The last entry of errorHistory is 0.500000 for index 274862, 275/1000.
The last entry of errorHistory is 0.000081 for index 274863, 275/1000.
Terminated at swamp 0.5.
The last entry of errorHistory is 0.500363 for index 274864, 275/1000.
Terminated at swamp 0.5.
The last entry of errorHistory is 0.500022 for index 274865, 275/1000.
Terminated at swamp 0.5.
The last entry of errorHistory is 0.500457 for index 274866, 275/1000.
The last entry of errorHistory is 1.000000 for index 274867, 275/1000.
Terminated at swamp 0.5.
The last entry of errorHistory is 0.500230 for index 274868, 275/1000.
The last entry of errorHistory is 1.000000 for index 274869, 275/1000.
The last entry of errorHistory is 0.500000 for index 274870, 275/1000.
Terminated at swamp 0.5.
The last entry of errorHistory is 0.500416 for index 274871, 275/1000.
The last entry of errorHistory is 1.000000 for index 274872, 275/1000.
Terminated at swamp 1.
The last entry of errorHistory is 1.000250 for index 274873, 275/1000.
The last entry of errorHistory is 0.500000 for index 274874, 275/1000.
The last entry of errorHistory is 1.000000 for index 274875, 275/1000.
Terminated at swamp 0.5.
The last entry of errorHistory is 0.500504 for index 274876, 275/1000.
Terminated at swamp 0.5.
The last entry of errorHistory is 0.500000 for index 274877, 275/1000.
Terminated at swamp 1.
The last entry of errorHistory is 1.000215 for index 274878, 275/1000.
Terminated at swamp 0.5.
The last entry of errorHistory is 0.500462 for index 274879, 275/1000.
Terminated at swamp 1.
The last entry of errorHistory is 1.000386 for index 274880, 275/1000.
The last entry of errorHistory is 0.000407 for index 274881, 275/1000.
The last entry of errorHistory is 1.000000 for index 274882, 275/1000.
Terminated at swamp 0.5.
The last entry of errorHistory is 0.500745 for index 274883, 275/1000.
Terminated at swamp 0.5.
The last entry of errorHistory is 0.500312 for index 274884, 275/1000.
Terminated at swamp 0.5.
The last entry of errorHistory is 0.500398 for index 274885, 275/1000.
The last entry of errorHistory is 0.000082 for index 274886, 275/1000.
The last entry of errorHistory is 0.500000 for index 274887, 275/1000.
The last entry of errorHistory is 0.500000 for index 274888, 275/1000.
Terminated at swamp 1.
The last entry of errorHistory is 1.000000 for index 274889, 275/1000.
The last entry of errorHistory is 1.500000 for index 274890, 275/1000.
Terminated at swamp 0.5.
The last entry of errorHistory is 0.500535 for index 274891, 275/1000.
Terminated at swamp 0.5.
The last entry of errorHistory is 0.500499 for index 274892, 275/1000.
The last entry of errorHistory is 0.000018 for index 274893, 275/1000.
The last entry of errorHistory is 0.000726 for index 274894, 275/1000.
Terminated at swamp 0.5.
The last entry of errorHistory is 0.500581 for index 274895, 275/1000.
Terminated at swamp 0.5.
The last entry of errorHistory is 0.500927 for index 274896, 275/1000.
Terminated at swamp 1.
The last entry of errorHistory is 1.000248 for index 274897, 275/1000.
The last entry of errorHistory is 1.000000 for index 274898, 275/1000.
The last entry of errorHistory is 0.500000 for index 274899, 275/1000.
Terminated at swamp 1.
The last entry of errorHistory is 1.000002 for index 274900, 275/1000.
Terminated at swamp 0.5.
The last entry of errorHistory is 0.500048 for index 274901, 275/1000.
The last entry of errorHistory is 1.000000 for index 274902, 275/1000.
Terminated at swamp 0.5.
The last entry of errorHistory is 0.500404 for index 274903, 275/1000.
The last entry of errorHistory is 1.000000 for index 274904, 275/1000.
Terminated at swamp 0.5.
The last entry of errorHistory is 0.500583 for index 274905, 275/1000.
The last entry of errorHistory is 1.000000 for index 274906, 275/1000.
Terminated at swamp 0.5.
The last entry of errorHistory is 0.500474 for index 274907, 275/1000.
Terminated at swamp 0.5.
The last entry of errorHistory is 0.500041 for index 274908, 275/1000.
Terminated at swamp 0.5.
The last entry of errorHistory is 0.500469 for index 274909, 275/1000.
Terminated at swamp 0.5.
The last entry of errorHistory is 0.500033 for index 274910, 275/1000.
The last entry of errorHistory is 1.000000 for index 274911, 275/1000.
Terminated at swamp 0.5.
The last entry of errorHistory is 0.500198 for index 274912, 275/1000.
Terminated at swamp 1.
The last entry of errorHistory is 1.000002 for index 274913, 275/1000.
Terminated at swamp 0.5.
The last entry of errorHistory is 0.500218 for index 274914, 275/1000.
The last entry of errorHistory is 1.000000 for index 274915, 275/1000.
The last entry of errorHistory is 0.001044 for index 274916, 275/1000.
Terminated at swamp 0.5.
The last entry of errorHistory is 0.500038 for index 274917, 275/1000.
Terminated at swamp 0.5.
The last entry of errorHistory is 0.500173 for index 274918, 275/1000.
The last entry of errorHistory is 1.000000 for index 274919, 275/1000.
Terminated at swamp 1.
The last entry of errorHistory is 1.000000 for index 274920, 275/1000.
Terminated at swamp 1.
The last entry of errorHistory is 1.000303 for index 274921, 275/1000.
The last entry of errorHistory is 0.500000 for index 274922, 275/1000.
The last entry of errorHistory is 1.000000 for index 274923, 275/1000.
Terminated at swamp 0.5.
The last entry of errorHistory is 0.500633 for index 274924, 275/1000.
The last entry of errorHistory is 0.000024 for index 274925, 275/1000.
Terminated at swamp 0.5.
The last entry of errorHistory is 0.500369 for index 274926, 275/1000.
Terminated at swamp 0.5.
The last entry of errorHistory is 0.500415 for index 274927, 275/1000.
Terminated at swamp 0.5.
The last entry of errorHistory is 0.500386 for index 274928, 275/1000.
The last entry of errorHistory is 0.500000 for index 274929, 275/1000.
Terminated at swamp 0.5.
The last entry of errorHistory is 0.500605 for index 274930, 275/1000.
Terminated at swamp 0.5.
The last entry of errorHistory is 0.500614 for index 274931, 275/1000.
The last entry of errorHistory is 0.500000 for index 274932, 275/1000.
The last entry of errorHistory is 0.000016 for index 274933, 275/1000.
Terminated at swamp 0.5.
The last entry of errorHistory is 0.500638 for index 274934, 275/1000.
Terminated at swamp 0.5.
The last entry of errorHistory is 0.500058 for index 274935, 275/1000.
The last entry of errorHistory is 0.000034 for index 274936, 275/1000.
The last entry of errorHistory is 0.000020 for index 274937, 275/1000.
The last entry of errorHistory is 1.000000 for index 274938, 275/1000.
Terminated at swamp 1.
The last entry of errorHistory is 1.000287 for index 274939, 275/1000.
Terminated at swamp 0.5.
The last entry of errorHistory is 0.500296 for index 274940, 275/1000.
Terminated at swamp 0.5.
The last entry of errorHistory is 0.500085 for index 274941, 275/1000.
The last entry of errorHistory is 0.500000 for index 274942, 275/1000.
The last entry of errorHistory is 0.500000 for index 274943, 275/1000.
Terminated at swamp 0.5.
The last entry of errorHistory is 0.500464 for index 274944, 275/1000.
Terminated at swamp 0.5.
The last entry of errorHistory is 0.500433 for index 274945, 275/1000.
The last entry of errorHistory is 0.005895 for index 274946, 275/1000.
The last entry of errorHistory is 1.000000 for index 274947, 275/1000.
The last entry of errorHistory is 0.500000 for index 274948, 275/1000.
Terminated at swamp 0.5.
The last entry of errorHistory is 0.500334 for index 274949, 275/1000.
The last entry of errorHistory is 1.000000 for index 274950, 275/1000.
Terminated at swamp 0.5.
The last entry of errorHistory is 0.500425 for index 274951, 275/1000.
The last entry of errorHistory is 0.000228 for index 274952, 275/1000.
Terminated at swamp 1.
The last entry of errorHistory is 1.000117 for index 274953, 275/1000.
Terminated at swamp 0.5.
The last entry of errorHistory is 0.500402 for index 274954, 275/1000.
Terminated at swamp 1.
The last entry of errorHistory is 1.000113 for index 274955, 275/1000.
Terminated at swamp 0.5.
The last entry of errorHistory is 0.500183 for index 274956, 275/1000.
Terminated at swamp 0.5.
The last entry of errorHistory is 0.500555 for index 274957, 275/1000.
Terminated at swamp 1.
The last entry of errorHistory is 0.999988 for index 274958, 275/1000.
Terminated at swamp 0.5.
The last entry of errorHistory is 0.500326 for index 274959, 275/1000.
The last entry of errorHistory is 1.000000 for index 274960, 275/1000.
Terminated at swamp 0.5.
The last entry of errorHistory is 0.500001 for index 274961, 275/1000.
Terminated at swamp 0.5.
The last entry of errorHistory is 0.500012 for index 274962, 275/1000.
Terminated at swamp 0.5.
The last entry of errorHistory is 0.500158 for index 274963, 275/1000.
Terminated at swamp 1.
The last entry of errorHistory is 1.000093 for index 274964, 275/1000.
Terminated at swamp 1.
The last entry of errorHistory is 1.000014 for index 274965, 275/1000.
Terminated at swamp 0.5.
The last entry of errorHistory is 0.500251 for index 274966, 275/1000.
Terminated at swamp 1.
The last entry of errorHistory is 1.000440 for index 274967, 275/1000.
Terminated at swamp 0.5.
The last entry of errorHistory is 0.500501 for index 274968, 275/1000.
Terminated at swamp 0.5.
The last entry of errorHistory is 0.500252 for index 274969, 275/1000.
Terminated at swamp 1.
The last entry of errorHistory is 1.000283 for index 274970, 275/1000.
The last entry of errorHistory is 1.000000 for index 274971, 275/1000.
Terminated at swamp 0.5.
The last entry of errorHistory is 0.500008 for index 274972, 275/1000.
The last entry of errorHistory is 0.000043 for index 274973, 275/1000.
Terminated at swamp 0.5.
The last entry of errorHistory is 0.500082 for index 274974, 275/1000.
The last entry of errorHistory is 1.500000 for index 274975, 275/1000.
Terminated at swamp 0.5.
The last entry of errorHistory is 0.500139 for index 274976, 275/1000.
The last entry of errorHistory is 1.000000 for index 274977, 275/1000.
The last entry of errorHistory is 1.500000 for index 274978, 275/1000.
Terminated at swamp 0.5.
The last entry of errorHistory is 0.500557 for index 274979, 275/1000.
The last entry of errorHistory is 1.000000 for index 274980, 275/1000.
Terminated at swamp 0.5.
The last entry of errorHistory is 0.500325 for index 274981, 275/1000.
The last entry of errorHistory is 1.500000 for index 274982, 275/1000.
The last entry of errorHistory is 0.000023 for index 274983, 275/1000.
The last entry of errorHistory is 1.000000 for index 274984, 275/1000.
Terminated at swamp 0.5.
The last entry of errorHistory is 0.500525 for index 274985, 275/1000.
The last entry of errorHistory is 0.500000 for index 274986, 275/1000.
The last entry of errorHistory is 1.000000 for index 274987, 275/1000.
Terminated at swamp 0.5.
The last entry of errorHistory is 0.500471 for index 274988, 275/1000.
Terminated at swamp 0.5.
The last entry of errorHistory is 0.500284 for index 274989, 275/1000.
Terminated at swamp 0.5.
The last entry of errorHistory is 0.500534 for index 274990, 275/1000.
Terminated at swamp 0.5.
The last entry of errorHistory is 0.500000 for index 274991, 275/1000.
Terminated at swamp 0.5.
The last entry of errorHistory is 0.500287 for index 274992, 275/1000.
Terminated at swamp 0.5.
The last entry of errorHistory is 0.500194 for index 274993, 275/1000.
Terminated at swamp 1.
The last entry of errorHistory is 1.000008 for index 274994, 275/1000.
The last entry of errorHistory is 1.000000 for index 274995, 275/1000.
Terminated at swamp 0.5.
The last entry of errorHistory is 0.500401 for index 274996, 275/1000.
Terminated at swamp 0.5.
The last entry of errorHistory is 0.500482 for index 274997, 275/1000.
The last entry of errorHistory is 1.000000 for index 274998, 275/1000.
Terminated at swamp 0.5.
The last entry of errorHistory is 0.500351 for index 274999, 275/1000.
Terminated at swamp 0.5.
The last entry of errorHistory is 0.500173 for index 275000, 275/1000.
