
                            < M A T L A B (R) >
                  Copyright 1984-2018 The MathWorks, Inc.
                   R2018b (9.5.0.944444) 64-bit (glnxa64)
                              August 28, 2018

 
To get started, type doc.
For product information, visit www.mathworks.com.
 
Terminated at swamp 1.
The last entry of errorHistory is 1.000300 for index 314001, 315/1000.
Terminated at swamp 0.5.
The last entry of errorHistory is 0.500533 for index 314002, 315/1000.
Terminated at swamp 0.5.
The last entry of errorHistory is 0.500362 for index 314003, 315/1000.
Terminated at swamp 0.5.
The last entry of errorHistory is 0.500170 for index 314004, 315/1000.
Terminated at swamp 0.5.
The last entry of errorHistory is 0.500540 for index 314005, 315/1000.
The last entry of errorHistory is 1.500000 for index 314006, 315/1000.
Terminated at swamp 0.5.
The last entry of errorHistory is 0.500344 for index 314007, 315/1000.
Terminated at swamp 0.5.
The last entry of errorHistory is 0.500250 for index 314008, 315/1000.
Terminated at swamp 0.5.
The last entry of errorHistory is 0.500607 for index 314009, 315/1000.
Terminated at swamp 0.5.
The last entry of errorHistory is 0.500025 for index 314010, 315/1000.
Terminated at swamp 1.
The last entry of errorHistory is 1.000288 for index 314011, 315/1000.
The last entry of errorHistory is 0.500000 for index 314012, 315/1000.
The last entry of errorHistory is 1.000000 for index 314013, 315/1000.
Terminated at swamp 0.5.
The last entry of errorHistory is 0.500485 for index 314014, 315/1000.
Terminated at swamp 0.5.
The last entry of errorHistory is 0.500243 for index 314015, 315/1000.
The last entry of errorHistory is 0.500000 for index 314016, 315/1000.
Terminated at swamp 0.5.
The last entry of errorHistory is 0.500106 for index 314017, 315/1000.
Terminated at swamp 0.5.
The last entry of errorHistory is 0.500397 for index 314018, 315/1000.
Terminated at swamp 0.5.
The last entry of errorHistory is 0.500432 for index 314019, 315/1000.
Terminated at swamp 0.5.
The last entry of errorHistory is 0.500419 for index 314020, 315/1000.
Terminated at swamp 0.5.
The last entry of errorHistory is 0.500544 for index 314021, 315/1000.
The last entry of errorHistory is 1.000000 for index 314022, 315/1000.
Terminated at swamp 1.
The last entry of errorHistory is 1.000000 for index 314023, 315/1000.
Terminated at swamp 0.5.
The last entry of errorHistory is 0.500393 for index 314024, 315/1000.
The last entry of errorHistory is 1.500000 for index 314025, 315/1000.
The last entry of errorHistory is 0.000026 for index 314026, 315/1000.
The last entry of errorHistory is 0.000016 for index 314027, 315/1000.
The last entry of errorHistory is 1.000000 for index 314028, 315/1000.
The last entry of errorHistory is 0.500000 for index 314029, 315/1000.
Terminated at swamp 0.5.
The last entry of errorHistory is 0.500020 for index 314030, 315/1000.
The last entry of errorHistory is 0.000050 for index 314031, 315/1000.
Terminated at swamp 0.5.
The last entry of errorHistory is 0.500084 for index 314032, 315/1000.
The last entry of errorHistory is 0.500000 for index 314033, 315/1000.
Terminated at swamp 0.5.
The last entry of errorHistory is 0.500843 for index 314034, 315/1000.
The last entry of errorHistory is 0.500000 for index 314035, 315/1000.
Terminated at swamp 0.5.
The last entry of errorHistory is 0.500347 for index 314036, 315/1000.
The last entry of errorHistory is 0.500000 for index 314037, 315/1000.
Terminated at swamp 0.5.
The last entry of errorHistory is 0.500326 for index 314038, 315/1000.
Terminated at swamp 0.5.
The last entry of errorHistory is 0.500436 for index 314039, 315/1000.
Terminated at swamp 0.5.
The last entry of errorHistory is 0.500689 for index 314040, 315/1000.
Terminated at swamp 0.5.
The last entry of errorHistory is 0.500401 for index 314041, 315/1000.
The last entry of errorHistory is 0.500000 for index 314042, 315/1000.
Terminated at swamp 0.5.
The last entry of errorHistory is 0.500232 for index 314043, 315/1000.
The last entry of errorHistory is 0.500000 for index 314044, 315/1000.
Terminated at swamp 0.5.
The last entry of errorHistory is 0.500548 for index 314045, 315/1000.
The last entry of errorHistory is 0.500000 for index 314046, 315/1000.
Terminated at swamp 0.5.
The last entry of errorHistory is 0.500000 for index 314047, 315/1000.
Terminated at swamp 1.
The last entry of errorHistory is 1.000029 for index 314048, 315/1000.
The last entry of errorHistory is 1.000000 for index 314049, 315/1000.
Terminated at swamp 0.5.
The last entry of errorHistory is 0.500434 for index 314050, 315/1000.
Terminated at swamp 0.5.
The last entry of errorHistory is 0.500492 for index 314051, 315/1000.
The last entry of errorHistory is 0.000062 for index 314052, 315/1000.
Terminated at swamp 0.5.
The last entry of errorHistory is 0.500449 for index 314053, 315/1000.
Terminated at swamp 0.5.
The last entry of errorHistory is 0.500105 for index 314054, 315/1000.
Terminated at swamp 0.5.
The last entry of errorHistory is 0.500395 for index 314055, 315/1000.
Terminated at swamp 1.
The last entry of errorHistory is 1.000395 for index 314056, 315/1000.
Terminated at swamp 0.5.
The last entry of errorHistory is 0.500469 for index 314057, 315/1000.
Terminated at swamp 0.5.
The last entry of errorHistory is 0.500659 for index 314058, 315/1000.
Terminated at swamp 0.5.
The last entry of errorHistory is 0.500702 for index 314059, 315/1000.
The last entry of errorHistory is 0.000086 for index 314060, 315/1000.
Terminated at swamp 0.5.
The last entry of errorHistory is 0.500374 for index 314061, 315/1000.
The last entry of errorHistory is 1.000000 for index 314062, 315/1000.
The last entry of errorHistory is 0.000008 for index 314063, 315/1000.
Terminated at swamp 1.
The last entry of errorHistory is 1.000017 for index 314064, 315/1000.
Terminated at swamp 0.5.
The last entry of errorHistory is 0.500029 for index 314065, 315/1000.
The last entry of errorHistory is 1.000000 for index 314066, 315/1000.
The last entry of errorHistory is 1.000000 for index 314067, 315/1000.
The last entry of errorHistory is 1.000000 for index 314068, 315/1000.
The last entry of errorHistory is 0.500000 for index 314069, 315/1000.
The last entry of errorHistory is 1.000000 for index 314070, 315/1000.
Terminated at swamp 0.5.
The last entry of errorHistory is 0.500007 for index 314071, 315/1000.
Terminated at swamp 0.5.
The last entry of errorHistory is 0.500000 for index 314072, 315/1000.
Terminated at swamp 0.5.
The last entry of errorHistory is 0.500376 for index 314073, 315/1000.
Terminated at swamp 0.5.
The last entry of errorHistory is 0.500615 for index 314074, 315/1000.
The last entry of errorHistory is 1.000000 for index 314075, 315/1000.
The last entry of errorHistory is 0.000020 for index 314076, 315/1000.
Terminated at swamp 0.5.
The last entry of errorHistory is 0.500290 for index 314077, 315/1000.
Terminated at swamp 0.5.
The last entry of errorHistory is 0.500781 for index 314078, 315/1000.
Terminated at swamp 0.5.
The last entry of errorHistory is 0.500236 for index 314079, 315/1000.
Terminated at swamp 1.
The last entry of errorHistory is 1.000066 for index 314080, 315/1000.
Terminated at swamp 1.
The last entry of errorHistory is 1.000045 for index 314081, 315/1000.
The last entry of errorHistory is 1.000000 for index 314082, 315/1000.
The last entry of errorHistory is 0.000020 for index 314083, 315/1000.
Terminated at swamp 1.
The last entry of errorHistory is 1.000059 for index 314084, 315/1000.
The last entry of errorHistory is 0.500000 for index 314085, 315/1000.
Terminated at swamp 1.
The last entry of errorHistory is 1.000010 for index 314086, 315/1000.
The last entry of errorHistory is 0.000057 for index 314087, 315/1000.
The last entry of errorHistory is 0.000419 for index 314088, 315/1000.
Terminated at swamp 0.5.
The last entry of errorHistory is 0.500090 for index 314089, 315/1000.
The last entry of errorHistory is 1.000000 for index 314090, 315/1000.
Terminated at swamp 0.5.
The last entry of errorHistory is 0.500867 for index 314091, 315/1000.
Terminated at swamp 0.5.
The last entry of errorHistory is 0.500590 for index 314092, 315/1000.
Terminated at swamp 0.5.
The last entry of errorHistory is 0.500412 for index 314093, 315/1000.
Terminated at swamp 0.5.
The last entry of errorHistory is 0.500618 for index 314094, 315/1000.
Terminated at swamp 0.5.
The last entry of errorHistory is 0.500429 for index 314095, 315/1000.
The last entry of errorHistory is 1.500000 for index 314096, 315/1000.
The last entry of errorHistory is 0.000020 for index 314097, 315/1000.
Terminated at swamp 0.5.
The last entry of errorHistory is 0.500539 for index 314098, 315/1000.
Terminated at swamp 0.5.
The last entry of errorHistory is 0.500137 for index 314099, 315/1000.
Terminated at swamp 1.
The last entry of errorHistory is 1.000354 for index 314100, 315/1000.
Terminated at swamp 0.5.
The last entry of errorHistory is 0.500597 for index 314101, 315/1000.
The last entry of errorHistory is 0.500000 for index 314102, 315/1000.
The last entry of errorHistory is 1.000000 for index 314103, 315/1000.
The last entry of errorHistory is 1.000000 for index 314104, 315/1000.
Terminated at swamp 0.5.
The last entry of errorHistory is 0.500431 for index 314105, 315/1000.
The last entry of errorHistory is 1.000000 for index 314106, 315/1000.
Terminated at swamp 0.5.
The last entry of errorHistory is 0.500244 for index 314107, 315/1000.
Terminated at swamp 0.5.
The last entry of errorHistory is 0.500323 for index 314108, 315/1000.
Terminated at swamp 0.5.
The last entry of errorHistory is 0.500466 for index 314109, 315/1000.
Terminated at swamp 0.5.
The last entry of errorHistory is 0.500369 for index 314110, 315/1000.
Terminated at swamp 1.
The last entry of errorHistory is 1.000294 for index 314111, 315/1000.
Terminated at swamp 0.5.
The last entry of errorHistory is 0.500000 for index 314112, 315/1000.
Terminated at swamp 0.5.
The last entry of errorHistory is 0.500526 for index 314113, 315/1000.
Terminated at swamp 1.
The last entry of errorHistory is 1.000464 for index 314114, 315/1000.
Terminated at swamp 0.5.
The last entry of errorHistory is 0.500496 for index 314115, 315/1000.
Terminated at swamp 1.
The last entry of errorHistory is 1.000105 for index 314116, 315/1000.
Terminated at swamp 1.
The last entry of errorHistory is 1.000098 for index 314117, 315/1000.
The last entry of errorHistory is 1.000000 for index 314118, 315/1000.
Terminated at swamp 0.5.
The last entry of errorHistory is 0.500592 for index 314119, 315/1000.
Terminated at swamp 0.5.
The last entry of errorHistory is 0.500572 for index 314120, 315/1000.
Terminated at swamp 1.
The last entry of errorHistory is 1.000000 for index 314121, 315/1000.
Terminated at swamp 0.5.
The last entry of errorHistory is 0.500366 for index 314122, 315/1000.
Terminated at swamp 0.5.
The last entry of errorHistory is 0.500388 for index 314123, 315/1000.
Terminated at swamp 0.5.
The last entry of errorHistory is 0.500361 for index 314124, 315/1000.
Terminated at swamp 0.5.
The last entry of errorHistory is 0.500392 for index 314125, 315/1000.
The last entry of errorHistory is 1.500000 for index 314126, 315/1000.
Terminated at swamp 0.5.
The last entry of errorHistory is 0.500407 for index 314127, 315/1000.
Terminated at swamp 0.5.
The last entry of errorHistory is 0.500686 for index 314128, 315/1000.
The last entry of errorHistory is 1.000000 for index 314129, 315/1000.
Terminated at swamp 0.5.
The last entry of errorHistory is 0.500654 for index 314130, 315/1000.
Terminated at swamp 0.5.
The last entry of errorHistory is 0.500467 for index 314131, 315/1000.
Terminated at swamp 0.5.
The last entry of errorHistory is 0.500305 for index 314132, 315/1000.
Terminated at swamp 0.5.
The last entry of errorHistory is 0.500085 for index 314133, 315/1000.
The last entry of errorHistory is 1.000000 for index 314134, 315/1000.
Terminated at swamp 0.5.
The last entry of errorHistory is 0.500282 for index 314135, 315/1000.
Terminated at swamp 0.5.
The last entry of errorHistory is 0.500693 for index 314136, 315/1000.
Terminated at swamp 0.5.
The last entry of errorHistory is 0.500207 for index 314137, 315/1000.
Terminated at swamp 0.5.
The last entry of errorHistory is 0.500442 for index 314138, 315/1000.
Terminated at swamp 0.5.
The last entry of errorHistory is 0.500335 for index 314139, 315/1000.
Terminated at swamp 0.5.
The last entry of errorHistory is 0.500386 for index 314140, 315/1000.
Terminated at swamp 1.
The last entry of errorHistory is 0.999712 for index 314141, 315/1000.
Terminated at swamp 0.5.
The last entry of errorHistory is 0.500000 for index 314142, 315/1000.
Terminated at swamp 1.
The last entry of errorHistory is 1.000382 for index 314143, 315/1000.
Terminated at swamp 0.5.
The last entry of errorHistory is 0.500009 for index 314144, 315/1000.
The last entry of errorHistory is 0.500000 for index 314145, 315/1000.
The last entry of errorHistory is 1.500000 for index 314146, 315/1000.
Terminated at swamp 0.5.
The last entry of errorHistory is 0.500568 for index 314147, 315/1000.
Terminated at swamp 0.5.
The last entry of errorHistory is 0.500177 for index 314148, 315/1000.
Terminated at swamp 0.5.
The last entry of errorHistory is 0.500361 for index 314149, 315/1000.
Terminated at swamp 1.
The last entry of errorHistory is 1.000005 for index 314150, 315/1000.
The last entry of errorHistory is 1.000000 for index 314151, 315/1000.
Terminated at swamp 1.
The last entry of errorHistory is 1.000275 for index 314152, 315/1000.
Terminated at swamp 0.5.
The last entry of errorHistory is 0.500363 for index 314153, 315/1000.
The last entry of errorHistory is 0.000065 for index 314154, 315/1000.
The last entry of errorHistory is 1.000000 for index 314155, 315/1000.
Terminated at swamp 0.5.
The last entry of errorHistory is 0.500849 for index 314156, 315/1000.
Terminated at swamp 1.
The last entry of errorHistory is 1.000000 for index 314157, 315/1000.
Terminated at swamp 0.5.
The last entry of errorHistory is 0.500023 for index 314158, 315/1000.
The last entry of errorHistory is 0.500000 for index 314159, 315/1000.
The last entry of errorHistory is 0.000128 for index 314160, 315/1000.
Terminated at swamp 0.5.
The last entry of errorHistory is 0.500129 for index 314161, 315/1000.
Terminated at swamp 0.5.
The last entry of errorHistory is 0.500035 for index 314162, 315/1000.
The last entry of errorHistory is 0.000440 for index 314163, 315/1000.
The last entry of errorHistory is 1.000000 for index 314164, 315/1000.
Terminated at swamp 1.
The last entry of errorHistory is 1.000334 for index 314165, 315/1000.
Terminated at swamp 1.
The last entry of errorHistory is 1.000038 for index 314166, 315/1000.
Terminated at swamp 1.
The last entry of errorHistory is 1.000135 for index 314167, 315/1000.
Terminated at swamp 1.
The last entry of errorHistory is 1.000328 for index 314168, 315/1000.
Terminated at swamp 0.5.
The last entry of errorHistory is 0.500487 for index 314169, 315/1000.
Terminated at swamp 0.5.
The last entry of errorHistory is 0.500265 for index 314170, 315/1000.
Terminated at swamp 0.5.
The last entry of errorHistory is 0.500600 for index 314171, 315/1000.
The last entry of errorHistory is 0.500000 for index 314172, 315/1000.
The last entry of errorHistory is 0.000767 for index 314173, 315/1000.
Terminated at swamp 0.5.
The last entry of errorHistory is 0.500571 for index 314174, 315/1000.
The last entry of errorHistory is 0.500000 for index 314175, 315/1000.
The last entry of errorHistory is 0.000418 for index 314176, 315/1000.
Terminated at swamp 1.
The last entry of errorHistory is 0.999714 for index 314177, 315/1000.
The last entry of errorHistory is 1.000000 for index 314178, 315/1000.
Terminated at swamp 0.5.
The last entry of errorHistory is 0.500153 for index 314179, 315/1000.
Terminated at swamp 0.5.
The last entry of errorHistory is 0.500518 for index 314180, 315/1000.
Terminated at swamp 0.5.
The last entry of errorHistory is 0.500532 for index 314181, 315/1000.
Terminated at swamp 0.5.
The last entry of errorHistory is 0.500529 for index 314182, 315/1000.
Terminated at swamp 0.5.
The last entry of errorHistory is 0.500032 for index 314183, 315/1000.
Terminated at swamp 1.
The last entry of errorHistory is 1.000470 for index 314184, 315/1000.
Terminated at swamp 0.5.
The last entry of errorHistory is 0.500473 for index 314185, 315/1000.
The last entry of errorHistory is 1.500000 for index 314186, 315/1000.
The last entry of errorHistory is 0.000017 for index 314187, 315/1000.
The last entry of errorHistory is 1.000000 for index 314188, 315/1000.
Terminated at swamp 0.5.
The last entry of errorHistory is 0.500455 for index 314189, 315/1000.
Terminated at swamp 0.5.
The last entry of errorHistory is 0.500365 for index 314190, 315/1000.
The last entry of errorHistory is 1.500000 for index 314191, 315/1000.
Terminated at swamp 0.5.
The last entry of errorHistory is 0.500185 for index 314192, 315/1000.
Terminated at swamp 1.
The last entry of errorHistory is 1.000503 for index 314193, 315/1000.
The last entry of errorHistory is 0.000007 for index 314194, 315/1000.
The last entry of errorHistory is 1.000000 for index 314195, 315/1000.
Terminated at swamp 0.5.
The last entry of errorHistory is 0.500424 for index 314196, 315/1000.
The last entry of errorHistory is 0.000015 for index 314197, 315/1000.
Terminated at swamp 0.5.
The last entry of errorHistory is 0.500126 for index 314198, 315/1000.
The last entry of errorHistory is 0.000756 for index 314199, 315/1000.
The last entry of errorHistory is 0.000014 for index 314200, 315/1000.
Terminated at swamp 1.
The last entry of errorHistory is 1.000000 for index 314201, 315/1000.
Terminated at swamp 0.5.
The last entry of errorHistory is 0.499872 for index 314202, 315/1000.
Terminated at swamp 0.5.
The last entry of errorHistory is 0.500250 for index 314203, 315/1000.
Terminated at swamp 1.
The last entry of errorHistory is 1.000414 for index 314204, 315/1000.
The last entry of errorHistory is 0.000036 for index 314205, 315/1000.
Terminated at swamp 0.5.
The last entry of errorHistory is 0.500491 for index 314206, 315/1000.
The last entry of errorHistory is 1.000000 for index 314207, 315/1000.
Terminated at swamp 0.5.
The last entry of errorHistory is 0.500422 for index 314208, 315/1000.
The last entry of errorHistory is 1.000000 for index 314209, 315/1000.
Terminated at swamp 1.
The last entry of errorHistory is 1.000027 for index 314210, 315/1000.
The last entry of errorHistory is 0.500000 for index 314211, 315/1000.
The last entry of errorHistory is 0.001243 for index 314212, 315/1000.
The last entry of errorHistory is 1.000000 for index 314213, 315/1000.
The last entry of errorHistory is 1.000000 for index 314214, 315/1000.
The last entry of errorHistory is 0.000057 for index 314215, 315/1000.
The last entry of errorHistory is 0.000366 for index 314216, 315/1000.
The last entry of errorHistory is 1.000000 for index 314217, 315/1000.
Terminated at swamp 1.
The last entry of errorHistory is 1.000246 for index 314218, 315/1000.
The last entry of errorHistory is 1.500000 for index 314219, 315/1000.
The last entry of errorHistory is 0.000028 for index 314220, 315/1000.
Terminated at swamp 0.5.
The last entry of errorHistory is 0.500340 for index 314221, 315/1000.
The last entry of errorHistory is 0.001020 for index 314222, 315/1000.
Terminated at swamp 0.5.
The last entry of errorHistory is 0.500018 for index 314223, 315/1000.
Terminated at swamp 1.
The last entry of errorHistory is 1.000011 for index 314224, 315/1000.
The last entry of errorHistory is 0.500000 for index 314225, 315/1000.
The last entry of errorHistory is 0.500000 for index 314226, 315/1000.
Terminated at swamp 0.5.
The last entry of errorHistory is 0.500472 for index 314227, 315/1000.
The last entry of errorHistory is 1.000000 for index 314228, 315/1000.
The last entry of errorHistory is 0.500000 for index 314229, 315/1000.
Terminated at swamp 0.5.
The last entry of errorHistory is 0.500060 for index 314230, 315/1000.
Terminated at swamp 0.5.
The last entry of errorHistory is 0.500244 for index 314231, 315/1000.
Terminated at swamp 0.5.
The last entry of errorHistory is 0.500620 for index 314232, 315/1000.
The last entry of errorHistory is 0.500000 for index 314233, 315/1000.
Terminated at swamp 0.5.
The last entry of errorHistory is 0.500251 for index 314234, 315/1000.
The last entry of errorHistory is 1.000000 for index 314235, 315/1000.
The last entry of errorHistory is 1.000000 for index 314236, 315/1000.
Terminated at swamp 0.5.
The last entry of errorHistory is 0.500395 for index 314237, 315/1000.
Terminated at swamp 0.5.
The last entry of errorHistory is 0.500142 for index 314238, 315/1000.
The last entry of errorHistory is 1.000000 for index 314239, 315/1000.
Terminated at swamp 0.5.
The last entry of errorHistory is 0.500466 for index 314240, 315/1000.
Terminated at swamp 0.5.
The last entry of errorHistory is 0.500065 for index 314241, 315/1000.
Terminated at swamp 0.5.
The last entry of errorHistory is 0.500444 for index 314242, 315/1000.
Terminated at swamp 0.5.
The last entry of errorHistory is 0.500429 for index 314243, 315/1000.
Terminated at swamp 1.
The last entry of errorHistory is 1.000015 for index 314244, 315/1000.
Terminated at swamp 1.
The last entry of errorHistory is 1.000007 for index 314245, 315/1000.
The last entry of errorHistory is 0.500000 for index 314246, 315/1000.
Terminated at swamp 0.5.
The last entry of errorHistory is 0.500334 for index 314247, 315/1000.
Terminated at swamp 1.
The last entry of errorHistory is 1.000270 for index 314248, 315/1000.
Terminated at swamp 0.5.
The last entry of errorHistory is 0.500401 for index 314249, 315/1000.
Terminated at swamp 0.5.
The last entry of errorHistory is 0.500565 for index 314250, 315/1000.
Terminated at swamp 1.
The last entry of errorHistory is 1.000237 for index 314251, 315/1000.
Terminated at swamp 0.5.
The last entry of errorHistory is 0.500660 for index 314252, 315/1000.
The last entry of errorHistory is 1.500000 for index 314253, 315/1000.
The last entry of errorHistory is 1.000000 for index 314254, 315/1000.
The last entry of errorHistory is 0.500000 for index 314255, 315/1000.
Terminated at swamp 0.5.
The last entry of errorHistory is 0.500853 for index 314256, 315/1000.
The last entry of errorHistory is 0.000010 for index 314257, 315/1000.
Terminated at swamp 0.5.
The last entry of errorHistory is 0.500521 for index 314258, 315/1000.
Terminated at swamp 0.5.
The last entry of errorHistory is 0.500565 for index 314259, 315/1000.
The last entry of errorHistory is 1.000000 for index 314260, 315/1000.
Terminated at swamp 0.5.
The last entry of errorHistory is 0.500541 for index 314261, 315/1000.
The last entry of errorHistory is 0.000025 for index 314262, 315/1000.
Terminated at swamp 0.5.
The last entry of errorHistory is 0.500266 for index 314263, 315/1000.
The last entry of errorHistory is 0.500000 for index 314264, 315/1000.
The last entry of errorHistory is 1.000000 for index 314265, 315/1000.
Terminated at swamp 1.
The last entry of errorHistory is 1.000008 for index 314266, 315/1000.
Terminated at swamp 0.5.
The last entry of errorHistory is 0.500481 for index 314267, 315/1000.
The last entry of errorHistory is 1.000000 for index 314268, 315/1000.
Terminated at swamp 0.5.
The last entry of errorHistory is 0.500346 for index 314269, 315/1000.
Terminated at swamp 0.5.
The last entry of errorHistory is 0.500561 for index 314270, 315/1000.
Terminated at swamp 1.
The last entry of errorHistory is 1.000002 for index 314271, 315/1000.
The last entry of errorHistory is 0.500000 for index 314272, 315/1000.
Terminated at swamp 0.5.
The last entry of errorHistory is 0.500548 for index 314273, 315/1000.
Terminated at swamp 0.5.
The last entry of errorHistory is 0.500537 for index 314274, 315/1000.
Terminated at swamp 0.5.
The last entry of errorHistory is 0.500355 for index 314275, 315/1000.
The last entry of errorHistory is 1.000000 for index 314276, 315/1000.
Terminated at swamp 0.5.
The last entry of errorHistory is 0.500430 for index 314277, 315/1000.
Terminated at swamp 0.5.
The last entry of errorHistory is 0.500002 for index 314278, 315/1000.
The last entry of errorHistory is 1.000000 for index 314279, 315/1000.
The last entry of errorHistory is 0.000073 for index 314280, 315/1000.
Terminated at swamp 1.
The last entry of errorHistory is 1.000000 for index 314281, 315/1000.
The last entry of errorHistory is 0.000821 for index 314282, 315/1000.
Terminated at swamp 1.
The last entry of errorHistory is 1.000146 for index 314283, 315/1000.
Terminated at swamp 0.5.
The last entry of errorHistory is 0.500023 for index 314284, 315/1000.
Terminated at swamp 1.
The last entry of errorHistory is 1.000034 for index 314285, 315/1000.
Terminated at swamp 0.5.
The last entry of errorHistory is 0.500444 for index 314286, 315/1000.
Terminated at swamp 1.
The last entry of errorHistory is 1.000444 for index 314287, 315/1000.
The last entry of errorHistory is 0.500000 for index 314288, 315/1000.
The last entry of errorHistory is 1.000000 for index 314289, 315/1000.
Terminated at swamp 0.5.
The last entry of errorHistory is 0.500400 for index 314290, 315/1000.
Terminated at swamp 1.
The last entry of errorHistory is 1.000070 for index 314291, 315/1000.
The last entry of errorHistory is 0.000029 for index 314292, 315/1000.
The last entry of errorHistory is 0.500000 for index 314293, 315/1000.
The last entry of errorHistory is 0.000041 for index 314294, 315/1000.
Terminated at swamp 0.5.
The last entry of errorHistory is 0.500352 for index 314295, 315/1000.
Terminated at swamp 1.
The last entry of errorHistory is 1.000295 for index 314296, 315/1000.
Terminated at swamp 0.5.
The last entry of errorHistory is 0.500621 for index 314297, 315/1000.
Terminated at swamp 0.5.
The last entry of errorHistory is 0.500150 for index 314298, 315/1000.
Terminated at swamp 0.5.
The last entry of errorHistory is 0.500033 for index 314299, 315/1000.
Terminated at swamp 0.5.
The last entry of errorHistory is 0.500854 for index 314300, 315/1000.
Terminated at swamp 0.5.
The last entry of errorHistory is 0.500628 for index 314301, 315/1000.
The last entry of errorHistory is 1.000000 for index 314302, 315/1000.
The last entry of errorHistory is 0.000018 for index 314303, 315/1000.
The last entry of errorHistory is 0.000019 for index 314304, 315/1000.
The last entry of errorHistory is 0.000467 for index 314305, 315/1000.
Terminated at swamp 1.
The last entry of errorHistory is 1.000115 for index 314306, 315/1000.
Terminated at swamp 0.5.
The last entry of errorHistory is 0.500576 for index 314307, 315/1000.
The last entry of errorHistory is 0.500000 for index 314308, 315/1000.
Terminated at swamp 0.5.
The last entry of errorHistory is 0.500252 for index 314309, 315/1000.
Terminated at swamp 0.5.
The last entry of errorHistory is 0.500029 for index 314310, 315/1000.
Terminated at swamp 0.5.
The last entry of errorHistory is 0.500311 for index 314311, 315/1000.
Terminated at swamp 0.5.
The last entry of errorHistory is 0.500754 for index 314312, 315/1000.
The last entry of errorHistory is 1.000000 for index 314313, 315/1000.
Terminated at swamp 0.5.
The last entry of errorHistory is 0.500485 for index 314314, 315/1000.
The last entry of errorHistory is 1.000000 for index 314315, 315/1000.
The last entry of errorHistory is 0.000020 for index 314316, 315/1000.
The last entry of errorHistory is 1.000000 for index 314317, 315/1000.
The last entry of errorHistory is 0.001450 for index 314318, 315/1000.
The last entry of errorHistory is 1.000000 for index 314319, 315/1000.
Terminated at swamp 1.
The last entry of errorHistory is 1.000003 for index 314320, 315/1000.
Terminated at swamp 0.5.
The last entry of errorHistory is 0.500152 for index 314321, 315/1000.
Terminated at swamp 1.
The last entry of errorHistory is 1.000334 for index 314322, 315/1000.
Terminated at swamp 0.5.
The last entry of errorHistory is 0.500894 for index 314323, 315/1000.
Terminated at swamp 0.5.
The last entry of errorHistory is 0.500514 for index 314324, 315/1000.
Terminated at swamp 0.5.
The last entry of errorHistory is 0.500557 for index 314325, 315/1000.
The last entry of errorHistory is 1.000000 for index 314326, 315/1000.
Terminated at swamp 1.
The last entry of errorHistory is 1.000005 for index 314327, 315/1000.
Terminated at swamp 0.5.
The last entry of errorHistory is 0.500565 for index 314328, 315/1000.
Terminated at swamp 0.5.
The last entry of errorHistory is 0.500079 for index 314329, 315/1000.
Terminated at swamp 0.5.
The last entry of errorHistory is 0.500241 for index 314330, 315/1000.
The last entry of errorHistory is 0.500000 for index 314331, 315/1000.
Terminated at swamp 0.5.
The last entry of errorHistory is 0.500125 for index 314332, 315/1000.
Terminated at swamp 0.5.
The last entry of errorHistory is 0.500257 for index 314333, 315/1000.
The last entry of errorHistory is 0.000030 for index 314334, 315/1000.
Terminated at swamp 0.5.
The last entry of errorHistory is 0.500378 for index 314335, 315/1000.
The last entry of errorHistory is 0.000015 for index 314336, 315/1000.
Terminated at swamp 0.5.
The last entry of errorHistory is 0.500277 for index 314337, 315/1000.
The last entry of errorHistory is 0.000029 for index 314338, 315/1000.
The last entry of errorHistory is 0.000012 for index 314339, 315/1000.
Terminated at swamp 0.5.
The last entry of errorHistory is 0.500371 for index 314340, 315/1000.
The last entry of errorHistory is 1.500000 for index 314341, 315/1000.
Terminated at swamp 0.5.
The last entry of errorHistory is 0.500950 for index 314342, 315/1000.
Terminated at swamp 0.5.
The last entry of errorHistory is 0.500450 for index 314343, 315/1000.
Terminated at swamp 0.5.
The last entry of errorHistory is 0.500464 for index 314344, 315/1000.
Terminated at swamp 0.5.
The last entry of errorHistory is 0.500020 for index 314345, 315/1000.
Terminated at swamp 0.5.
The last entry of errorHistory is 0.500320 for index 314346, 315/1000.
Terminated at swamp 0.5.
The last entry of errorHistory is 0.500066 for index 314347, 315/1000.
The last entry of errorHistory is 0.000039 for index 314348, 315/1000.
Terminated at swamp 0.5.
The last entry of errorHistory is 0.500000 for index 314349, 315/1000.
The last entry of errorHistory is 1.000000 for index 314350, 315/1000.
Terminated at swamp 0.5.
The last entry of errorHistory is 0.500443 for index 314351, 315/1000.
Terminated at swamp 1.5.
The last entry of errorHistory is 1.500134 for index 314352, 315/1000.
The last entry of errorHistory is 0.000045 for index 314353, 315/1000.
Terminated at swamp 0.5.
The last entry of errorHistory is 0.500681 for index 314354, 315/1000.
Terminated at swamp 1.
The last entry of errorHistory is 1.000465 for index 314355, 315/1000.
Terminated at swamp 1.
The last entry of errorHistory is 1.000114 for index 314356, 315/1000.
Terminated at swamp 0.5.
The last entry of errorHistory is 0.500470 for index 314357, 315/1000.
Terminated at swamp 1.
The last entry of errorHistory is 1.000755 for index 314358, 315/1000.
Terminated at swamp 0.5.
The last entry of errorHistory is 0.500599 for index 314359, 315/1000.
Terminated at swamp 0.5.
The last entry of errorHistory is 0.500403 for index 314360, 315/1000.
The last entry of errorHistory is 1.000000 for index 314361, 315/1000.
Terminated at swamp 0.5.
The last entry of errorHistory is 0.500040 for index 314362, 315/1000.
The last entry of errorHistory is 1.000000 for index 314363, 315/1000.
Terminated at swamp 0.5.
The last entry of errorHistory is 0.500108 for index 314364, 315/1000.
The last entry of errorHistory is 0.000036 for index 314365, 315/1000.
Terminated at swamp 1.
The last entry of errorHistory is 1.000095 for index 314366, 315/1000.
Terminated at swamp 0.5.
The last entry of errorHistory is 0.500136 for index 314367, 315/1000.
Terminated at swamp 0.5.
The last entry of errorHistory is 0.500587 for index 314368, 315/1000.
Terminated at swamp 0.5.
The last entry of errorHistory is 0.499904 for index 314369, 315/1000.
Terminated at swamp 0.5.
The last entry of errorHistory is 0.500624 for index 314370, 315/1000.
The last entry of errorHistory is 1.000000 for index 314371, 315/1000.
The last entry of errorHistory is 1.000000 for index 314372, 315/1000.
Terminated at swamp 0.5.
The last entry of errorHistory is 0.500458 for index 314373, 315/1000.
The last entry of errorHistory is 1.500000 for index 314374, 315/1000.
The last entry of errorHistory is 1.000000 for index 314375, 315/1000.
Terminated at swamp 0.5.
The last entry of errorHistory is 0.500409 for index 314376, 315/1000.
Terminated at swamp 1.
The last entry of errorHistory is 1.000421 for index 314377, 315/1000.
The last entry of errorHistory is 1.000000 for index 314378, 315/1000.
Terminated at swamp 0.5.
The last entry of errorHistory is 0.500514 for index 314379, 315/1000.
The last entry of errorHistory is 1.000000 for index 314380, 315/1000.
The last entry of errorHistory is 0.000007 for index 314381, 315/1000.
The last entry of errorHistory is 1.000000 for index 314382, 315/1000.
Terminated at swamp 0.5.
The last entry of errorHistory is 0.500231 for index 314383, 315/1000.
The last entry of errorHistory is 1.000000 for index 314384, 315/1000.
The last entry of errorHistory is 0.500000 for index 314385, 315/1000.
Terminated at swamp 1.
The last entry of errorHistory is 1.000146 for index 314386, 315/1000.
Terminated at swamp 0.5.
The last entry of errorHistory is 0.500035 for index 314387, 315/1000.
The last entry of errorHistory is 0.500000 for index 314388, 315/1000.
The last entry of errorHistory is 1.000000 for index 314389, 315/1000.
Terminated at swamp 1.
The last entry of errorHistory is 1.000305 for index 314390, 315/1000.
Terminated at swamp 1.
The last entry of errorHistory is 1.000383 for index 314391, 315/1000.
Terminated at swamp 1.
The last entry of errorHistory is 1.000350 for index 314392, 315/1000.
Terminated at swamp 0.5.
The last entry of errorHistory is 0.500069 for index 314393, 315/1000.
The last entry of errorHistory is 0.500000 for index 314394, 315/1000.
Terminated at swamp 0.5.
The last entry of errorHistory is 0.500637 for index 314395, 315/1000.
Terminated at swamp 0.5.
The last entry of errorHistory is 0.500470 for index 314396, 315/1000.
Terminated at swamp 1.5.
The last entry of errorHistory is 1.500000 for index 314397, 315/1000.
Terminated at swamp 0.5.
The last entry of errorHistory is 0.500056 for index 314398, 315/1000.
Terminated at swamp 1.
The last entry of errorHistory is 1.000014 for index 314399, 315/1000.
The last entry of errorHistory is 0.500000 for index 314400, 315/1000.
Terminated at swamp 0.5.
The last entry of errorHistory is 0.500673 for index 314401, 315/1000.
Terminated at swamp 0.5.
The last entry of errorHistory is 0.500277 for index 314402, 315/1000.
The last entry of errorHistory is 0.000010 for index 314403, 315/1000.
The last entry of errorHistory is 0.000030 for index 314404, 315/1000.
Terminated at swamp 0.5.
The last entry of errorHistory is 0.500517 for index 314405, 315/1000.
The last entry of errorHistory is 0.500000 for index 314406, 315/1000.
Terminated at swamp 0.5.
The last entry of errorHistory is 0.500004 for index 314407, 315/1000.
Terminated at swamp 0.5.
The last entry of errorHistory is 0.500603 for index 314408, 315/1000.
Terminated at swamp 0.5.
The last entry of errorHistory is 0.500153 for index 314409, 315/1000.
Terminated at swamp 1.
The last entry of errorHistory is 1.000065 for index 314410, 315/1000.
Terminated at swamp 0.5.
The last entry of errorHistory is 0.500446 for index 314411, 315/1000.
Terminated at swamp 0.5.
The last entry of errorHistory is 0.500531 for index 314412, 315/1000.
The last entry of errorHistory is 1.000000 for index 314413, 315/1000.
Terminated at swamp 0.5.
The last entry of errorHistory is 0.500480 for index 314414, 315/1000.
Terminated at swamp 0.5.
The last entry of errorHistory is 0.500909 for index 314415, 315/1000.
Terminated at swamp 0.5.
The last entry of errorHistory is 0.500048 for index 314416, 315/1000.
Terminated at swamp 0.5.
The last entry of errorHistory is 0.500400 for index 314417, 315/1000.
Terminated at swamp 0.5.
The last entry of errorHistory is 0.500333 for index 314418, 315/1000.
Terminated at swamp 0.5.
The last entry of errorHistory is 0.500536 for index 314419, 315/1000.
Terminated at swamp 1.
The last entry of errorHistory is 1.000269 for index 314420, 315/1000.
Terminated at swamp 0.5.
The last entry of errorHistory is 0.500362 for index 314421, 315/1000.
Terminated at swamp 0.5.
The last entry of errorHistory is 0.500315 for index 314422, 315/1000.
The last entry of errorHistory is 1.000000 for index 314423, 315/1000.
The last entry of errorHistory is 1.000000 for index 314424, 315/1000.
Terminated at swamp 0.5.
The last entry of errorHistory is 0.500094 for index 314425, 315/1000.
The last entry of errorHistory is 1.000000 for index 314426, 315/1000.
The last entry of errorHistory is 1.000000 for index 314427, 315/1000.
The last entry of errorHistory is 1.000000 for index 314428, 315/1000.
Terminated at swamp 0.5.
The last entry of errorHistory is 0.500352 for index 314429, 315/1000.
Terminated at swamp 1.
The last entry of errorHistory is 1.000009 for index 314430, 315/1000.
The last entry of errorHistory is 0.000017 for index 314431, 315/1000.
Terminated at swamp 0.5.
The last entry of errorHistory is 0.500427 for index 314432, 315/1000.
Terminated at swamp 0.5.
The last entry of errorHistory is 0.500274 for index 314433, 315/1000.
The last entry of errorHistory is 1.000000 for index 314434, 315/1000.
Terminated at swamp 0.5.
The last entry of errorHistory is 0.500577 for index 314435, 315/1000.
The last entry of errorHistory is 1.000000 for index 314436, 315/1000.
Terminated at swamp 0.5.
The last entry of errorHistory is 0.500111 for index 314437, 315/1000.
The last entry of errorHistory is 0.000015 for index 314438, 315/1000.
Terminated at swamp 1.
The last entry of errorHistory is 1.000026 for index 314439, 315/1000.
Terminated at swamp 1.
The last entry of errorHistory is 1.000058 for index 314440, 315/1000.
The last entry of errorHistory is 0.500000 for index 314441, 315/1000.
Terminated at swamp 0.5.
The last entry of errorHistory is 0.500008 for index 314442, 315/1000.
The last entry of errorHistory is 1.000000 for index 314443, 315/1000.
Terminated at swamp 0.5.
The last entry of errorHistory is 0.500301 for index 314444, 315/1000.
Terminated at swamp 1.
The last entry of errorHistory is 1.000084 for index 314445, 315/1000.
The last entry of errorHistory is 0.500000 for index 314446, 315/1000.
Terminated at swamp 1.
The last entry of errorHistory is 1.000000 for index 314447, 315/1000.
Terminated at swamp 0.5.
The last entry of errorHistory is 0.500523 for index 314448, 315/1000.
The last entry of errorHistory is 0.000052 for index 314449, 315/1000.
Terminated at swamp 1.
The last entry of errorHistory is 1.000018 for index 314450, 315/1000.
Terminated at swamp 0.5.
The last entry of errorHistory is 0.500513 for index 314451, 315/1000.
Terminated at swamp 0.5.
The last entry of errorHistory is 0.500665 for index 314452, 315/1000.
Terminated at swamp 0.5.
The last entry of errorHistory is 0.500553 for index 314453, 315/1000.
The last entry of errorHistory is 0.002822 for index 314454, 315/1000.
The last entry of errorHistory is 0.500000 for index 314455, 315/1000.
The last entry of errorHistory is 0.500000 for index 314456, 315/1000.
Terminated at swamp 0.5.
The last entry of errorHistory is 0.500207 for index 314457, 315/1000.
Terminated at swamp 0.5.
The last entry of errorHistory is 0.500002 for index 314458, 315/1000.
The last entry of errorHistory is 1.000000 for index 314459, 315/1000.
The last entry of errorHistory is 0.500000 for index 314460, 315/1000.
Terminated at swamp 0.5.
The last entry of errorHistory is 0.500267 for index 314461, 315/1000.
The last entry of errorHistory is 1.500000 for index 314462, 315/1000.
The last entry of errorHistory is 1.000000 for index 314463, 315/1000.
Terminated at swamp 0.5.
The last entry of errorHistory is 0.500353 for index 314464, 315/1000.
Terminated at swamp 1.
The last entry of errorHistory is 1.000253 for index 314465, 315/1000.
Terminated at swamp 0.5.
The last entry of errorHistory is 0.500000 for index 314466, 315/1000.
The last entry of errorHistory is 1.000000 for index 314467, 315/1000.
Terminated at swamp 1.
The last entry of errorHistory is 1.000449 for index 314468, 315/1000.
The last entry of errorHistory is 0.500000 for index 314469, 315/1000.
Terminated at swamp 0.5.
The last entry of errorHistory is 0.500822 for index 314470, 315/1000.
The last entry of errorHistory is 0.000020 for index 314471, 315/1000.
The last entry of errorHistory is 1.000000 for index 314472, 315/1000.
Terminated at swamp 0.5.
The last entry of errorHistory is 0.500064 for index 314473, 315/1000.
Terminated at swamp 0.5.
The last entry of errorHistory is 0.500000 for index 314474, 315/1000.
Terminated at swamp 0.5.
The last entry of errorHistory is 0.500170 for index 314475, 315/1000.
The last entry of errorHistory is 1.500000 for index 314476, 315/1000.
Terminated at swamp 0.5.
The last entry of errorHistory is 0.500626 for index 314477, 315/1000.
The last entry of errorHistory is 1.000000 for index 314478, 315/1000.
Terminated at swamp 1.
The last entry of errorHistory is 1.000562 for index 314479, 315/1000.
Terminated at swamp 0.5.
The last entry of errorHistory is 0.500453 for index 314480, 315/1000.
Terminated at swamp 0.5.
The last entry of errorHistory is 0.500094 for index 314481, 315/1000.
The last entry of errorHistory is 1.000000 for index 314482, 315/1000.
Terminated at swamp 1.
The last entry of errorHistory is 1.000000 for index 314483, 315/1000.
The last entry of errorHistory is 0.500000 for index 314484, 315/1000.
Terminated at swamp 1.5.
The last entry of errorHistory is 1.500005 for index 314485, 315/1000.
Terminated at swamp 1.
The last entry of errorHistory is 1.000236 for index 314486, 315/1000.
Terminated at swamp 0.5.
The last entry of errorHistory is 0.500413 for index 314487, 315/1000.
Terminated at swamp 0.5.
The last entry of errorHistory is 0.500365 for index 314488, 315/1000.
Terminated at swamp 0.5.
The last entry of errorHistory is 0.500367 for index 314489, 315/1000.
Terminated at swamp 0.5.
The last entry of errorHistory is 0.500089 for index 314490, 315/1000.
The last entry of errorHistory is 1.000000 for index 314491, 315/1000.
The last entry of errorHistory is 0.500000 for index 314492, 315/1000.
Terminated at swamp 0.5.
The last entry of errorHistory is 0.500470 for index 314493, 315/1000.
Terminated at swamp 1.
The last entry of errorHistory is 1.000099 for index 314494, 315/1000.
The last entry of errorHistory is 1.000000 for index 314495, 315/1000.
The last entry of errorHistory is 0.000020 for index 314496, 315/1000.
The last entry of errorHistory is 1.500000 for index 314497, 315/1000.
Terminated at swamp 0.5.
The last entry of errorHistory is 0.500407 for index 314498, 315/1000.
Terminated at swamp 0.5.
The last entry of errorHistory is 0.500730 for index 314499, 315/1000.
Terminated at swamp 0.5.
The last entry of errorHistory is 0.500433 for index 314500, 315/1000.
The last entry of errorHistory is 0.000034 for index 314501, 315/1000.
Terminated at swamp 0.5.
The last entry of errorHistory is 0.500457 for index 314502, 315/1000.
Terminated at swamp 0.5.
The last entry of errorHistory is 0.500078 for index 314503, 315/1000.
The last entry of errorHistory is 1.000000 for index 314504, 315/1000.
Terminated at swamp 0.5.
The last entry of errorHistory is 0.500041 for index 314505, 315/1000.
Terminated at swamp 1.
The last entry of errorHistory is 1.000125 for index 314506, 315/1000.
Terminated at swamp 0.5.
The last entry of errorHistory is 0.500403 for index 314507, 315/1000.
Terminated at swamp 0.5.
The last entry of errorHistory is 0.500251 for index 314508, 315/1000.
Terminated at swamp 1.
The last entry of errorHistory is 1.000000 for index 314509, 315/1000.
Terminated at swamp 0.5.
The last entry of errorHistory is 0.500214 for index 314510, 315/1000.
Terminated at swamp 1.
The last entry of errorHistory is 1.000095 for index 314511, 315/1000.
Terminated at swamp 0.5.
The last entry of errorHistory is 0.500004 for index 314512, 315/1000.
The last entry of errorHistory is 1.500000 for index 314513, 315/1000.
Terminated at swamp 0.5.
The last entry of errorHistory is 0.500000 for index 314514, 315/1000.
Terminated at swamp 1.
The last entry of errorHistory is 1.000000 for index 314515, 315/1000.
Terminated at swamp 0.5.
The last entry of errorHistory is 0.500291 for index 314516, 315/1000.
The last entry of errorHistory is 1.000000 for index 314517, 315/1000.
The last entry of errorHistory is 0.000010 for index 314518, 315/1000.
Terminated at swamp 0.5.
The last entry of errorHistory is 0.500189 for index 314519, 315/1000.
Terminated at swamp 0.5.
The last entry of errorHistory is 0.500252 for index 314520, 315/1000.
Terminated at swamp 0.5.
The last entry of errorHistory is 0.500406 for index 314521, 315/1000.
Terminated at swamp 1.
The last entry of errorHistory is 1.000000 for index 314522, 315/1000.
Terminated at swamp 1.
The last entry of errorHistory is 1.000000 for index 314523, 315/1000.
Terminated at swamp 0.5.
The last entry of errorHistory is 0.500749 for index 314524, 315/1000.
Terminated at swamp 0.5.
The last entry of errorHistory is 0.500396 for index 314525, 315/1000.
Terminated at swamp 1.
The last entry of errorHistory is 1.000307 for index 314526, 315/1000.
The last entry of errorHistory is 1.000000 for index 314527, 315/1000.
Terminated at swamp 0.5.
The last entry of errorHistory is 0.500143 for index 314528, 315/1000.
The last entry of errorHistory is 0.000032 for index 314529, 315/1000.
Terminated at swamp 0.5.
The last entry of errorHistory is 0.500493 for index 314530, 315/1000.
Terminated at swamp 0.5.
The last entry of errorHistory is 0.500332 for index 314531, 315/1000.
The last entry of errorHistory is 1.000000 for index 314532, 315/1000.
The last entry of errorHistory is 0.000585 for index 314533, 315/1000.
The last entry of errorHistory is 1.500000 for index 314534, 315/1000.
Terminated at swamp 0.5.
The last entry of errorHistory is 0.500646 for index 314535, 315/1000.
Terminated at swamp 0.5.
The last entry of errorHistory is 0.500548 for index 314536, 315/1000.
The last entry of errorHistory is 0.000017 for index 314537, 315/1000.
The last entry of errorHistory is 1.000000 for index 314538, 315/1000.
Terminated at swamp 1.
The last entry of errorHistory is 1.000461 for index 314539, 315/1000.
Terminated at swamp 1.
The last entry of errorHistory is 1.000034 for index 314540, 315/1000.
Terminated at swamp 0.5.
The last entry of errorHistory is 0.500458 for index 314541, 315/1000.
The last entry of errorHistory is 0.000607 for index 314542, 315/1000.
The last entry of errorHistory is 0.000053 for index 314543, 315/1000.
The last entry of errorHistory is 0.500000 for index 314544, 315/1000.
Terminated at swamp 0.5.
The last entry of errorHistory is 0.500135 for index 314545, 315/1000.
Terminated at swamp 0.5.
The last entry of errorHistory is 0.500701 for index 314546, 315/1000.
The last entry of errorHistory is 1.000000 for index 314547, 315/1000.
Terminated at swamp 0.5.
The last entry of errorHistory is 0.500503 for index 314548, 315/1000.
Terminated at swamp 0.5.
The last entry of errorHistory is 0.500076 for index 314549, 315/1000.
The last entry of errorHistory is 0.000027 for index 314550, 315/1000.
The last entry of errorHistory is 1.000000 for index 314551, 315/1000.
Terminated at swamp 0.5.
The last entry of errorHistory is 0.500404 for index 314552, 315/1000.
Terminated at swamp 0.5.
The last entry of errorHistory is 0.500060 for index 314553, 315/1000.
Terminated at swamp 0.5.
The last entry of errorHistory is 0.500882 for index 314554, 315/1000.
Terminated at swamp 0.5.
The last entry of errorHistory is 0.500462 for index 314555, 315/1000.
Terminated at swamp 1.
The last entry of errorHistory is 1.000048 for index 314556, 315/1000.
Terminated at swamp 0.5.
The last entry of errorHistory is 0.500443 for index 314557, 315/1000.
The last entry of errorHistory is 1.000000 for index 314558, 315/1000.
Terminated at swamp 0.5.
The last entry of errorHistory is 0.500372 for index 314559, 315/1000.
The last entry of errorHistory is 0.500000 for index 314560, 315/1000.
Terminated at swamp 0.5.
The last entry of errorHistory is 0.500468 for index 314561, 315/1000.
Terminated at swamp 0.5.
The last entry of errorHistory is 0.500132 for index 314562, 315/1000.
Terminated at swamp 1.
The last entry of errorHistory is 1.000147 for index 314563, 315/1000.
The last entry of errorHistory is 0.000355 for index 314564, 315/1000.
The last entry of errorHistory is 0.000007 for index 314565, 315/1000.
The last entry of errorHistory is 0.000022 for index 314566, 315/1000.
Terminated at swamp 0.5.
The last entry of errorHistory is 0.500390 for index 314567, 315/1000.
The last entry of errorHistory is 1.000000 for index 314568, 315/1000.
The last entry of errorHistory is 1.000000 for index 314569, 315/1000.
Terminated at swamp 0.5.
The last entry of errorHistory is 0.500338 for index 314570, 315/1000.
Terminated at swamp 0.5.
The last entry of errorHistory is 0.500310 for index 314571, 315/1000.
Terminated at swamp 0.5.
The last entry of errorHistory is 0.500511 for index 314572, 315/1000.
Terminated at swamp 0.5.
The last entry of errorHistory is 0.500020 for index 314573, 315/1000.
Terminated at swamp 0.5.
The last entry of errorHistory is 0.500439 for index 314574, 315/1000.
The last entry of errorHistory is 0.000015 for index 314575, 315/1000.
Terminated at swamp 0.5.
The last entry of errorHistory is 0.500373 for index 314576, 315/1000.
Terminated at swamp 0.5.
The last entry of errorHistory is 0.500106 for index 314577, 315/1000.
The last entry of errorHistory is 1.000000 for index 314578, 315/1000.
Terminated at swamp 1.
The last entry of errorHistory is 1.000016 for index 314579, 315/1000.
Terminated at swamp 0.5.
The last entry of errorHistory is 0.500140 for index 314580, 315/1000.
Terminated at swamp 0.5.
The last entry of errorHistory is 0.500369 for index 314581, 315/1000.
Terminated at swamp 1.
The last entry of errorHistory is 1.000435 for index 314582, 315/1000.
Terminated at swamp 0.5.
The last entry of errorHistory is 0.500126 for index 314583, 315/1000.
Terminated at swamp 0.5.
The last entry of errorHistory is 0.500548 for index 314584, 315/1000.
Terminated at swamp 0.5.
The last entry of errorHistory is 0.500539 for index 314585, 315/1000.
Terminated at swamp 1.
The last entry of errorHistory is 1.000038 for index 314586, 315/1000.
Terminated at swamp 0.5.
The last entry of errorHistory is 0.500686 for index 314587, 315/1000.
The last entry of errorHistory is 1.000000 for index 314588, 315/1000.
The last entry of errorHistory is 0.000013 for index 314589, 315/1000.
Terminated at swamp 0.5.
The last entry of errorHistory is 0.500020 for index 314590, 315/1000.
The last entry of errorHistory is 0.000237 for index 314591, 315/1000.
The last entry of errorHistory is 1.000000 for index 314592, 315/1000.
The last entry of errorHistory is 0.500000 for index 314593, 315/1000.
Terminated at swamp 0.5.
The last entry of errorHistory is 0.500504 for index 314594, 315/1000.
Terminated at swamp 0.5.
The last entry of errorHistory is 0.500253 for index 314595, 315/1000.
Terminated at swamp 0.5.
The last entry of errorHistory is 0.500316 for index 314596, 315/1000.
Terminated at swamp 1.
The last entry of errorHistory is 1.000170 for index 314597, 315/1000.
Terminated at swamp 0.5.
The last entry of errorHistory is 0.500400 for index 314598, 315/1000.
The last entry of errorHistory is 0.500000 for index 314599, 315/1000.
The last entry of errorHistory is 0.500000 for index 314600, 315/1000.
The last entry of errorHistory is 1.500000 for index 314601, 315/1000.
Terminated at swamp 0.5.
The last entry of errorHistory is 0.500000 for index 314602, 315/1000.
Terminated at swamp 0.5.
The last entry of errorHistory is 0.500529 for index 314603, 315/1000.
Terminated at swamp 0.5.
The last entry of errorHistory is 0.500837 for index 314604, 315/1000.
Terminated at swamp 1.
The last entry of errorHistory is 1.000008 for index 314605, 315/1000.
Terminated at swamp 1.
The last entry of errorHistory is 1.000317 for index 314606, 315/1000.
The last entry of errorHistory is 0.000013 for index 314607, 315/1000.
Terminated at swamp 0.5.
The last entry of errorHistory is 0.500457 for index 314608, 315/1000.
Terminated at swamp 0.5.
The last entry of errorHistory is 0.500398 for index 314609, 315/1000.
The last entry of errorHistory is 1.000000 for index 314610, 315/1000.
The last entry of errorHistory is 0.000021 for index 314611, 315/1000.
The last entry of errorHistory is 0.000015 for index 314612, 315/1000.
Terminated at swamp 0.5.
The last entry of errorHistory is 0.500380 for index 314613, 315/1000.
The last entry of errorHistory is 0.500000 for index 314614, 315/1000.
Terminated at swamp 0.5.
The last entry of errorHistory is 0.500160 for index 314615, 315/1000.
Terminated at swamp 0.5.
The last entry of errorHistory is 0.500452 for index 314616, 315/1000.
The last entry of errorHistory is 1.000000 for index 314617, 315/1000.
Terminated at swamp 0.5.
The last entry of errorHistory is 0.500386 for index 314618, 315/1000.
Terminated at swamp 0.5.
The last entry of errorHistory is 0.500516 for index 314619, 315/1000.
Terminated at swamp 0.5.
The last entry of errorHistory is 0.500125 for index 314620, 315/1000.
Terminated at swamp 1.
The last entry of errorHistory is 1.000213 for index 314621, 315/1000.
The last entry of errorHistory is 0.500000 for index 314622, 315/1000.
Terminated at swamp 1.
The last entry of errorHistory is 1.000000 for index 314623, 315/1000.
Terminated at swamp 0.5.
The last entry of errorHistory is 0.500000 for index 314624, 315/1000.
Terminated at swamp 0.5.
The last entry of errorHistory is 0.500240 for index 314625, 315/1000.
The last entry of errorHistory is 1.500000 for index 314626, 315/1000.
Terminated at swamp 1.
The last entry of errorHistory is 1.000025 for index 314627, 315/1000.
The last entry of errorHistory is 1.500000 for index 314628, 315/1000.
Terminated at swamp 1.
The last entry of errorHistory is 1.000527 for index 314629, 315/1000.
Terminated at swamp 0.5.
The last entry of errorHistory is 0.500583 for index 314630, 315/1000.
Terminated at swamp 1.
The last entry of errorHistory is 1.000107 for index 314631, 315/1000.
Terminated at swamp 0.5.
The last entry of errorHistory is 0.500363 for index 314632, 315/1000.
Terminated at swamp 0.5.
The last entry of errorHistory is 0.500039 for index 314633, 315/1000.
Terminated at swamp 0.5.
The last entry of errorHistory is 0.500297 for index 314634, 315/1000.
The last entry of errorHistory is 1.000000 for index 314635, 315/1000.
Terminated at swamp 0.5.
The last entry of errorHistory is 0.500438 for index 314636, 315/1000.
Terminated at swamp 0.5.
The last entry of errorHistory is 0.500593 for index 314637, 315/1000.
Terminated at swamp 0.5.
The last entry of errorHistory is 0.500669 for index 314638, 315/1000.
Terminated at swamp 0.5.
The last entry of errorHistory is 0.500436 for index 314639, 315/1000.
Terminated at swamp 0.5.
The last entry of errorHistory is 0.500306 for index 314640, 315/1000.
Terminated at swamp 1.
The last entry of errorHistory is 1.000000 for index 314641, 315/1000.
Terminated at swamp 0.5.
The last entry of errorHistory is 0.500254 for index 314642, 315/1000.
The last entry of errorHistory is 1.000000 for index 314643, 315/1000.
Terminated at swamp 0.5.
The last entry of errorHistory is 0.500154 for index 314644, 315/1000.
The last entry of errorHistory is 1.000000 for index 314645, 315/1000.
Terminated at swamp 1.
The last entry of errorHistory is 1.000129 for index 314646, 315/1000.
Terminated at swamp 0.5.
The last entry of errorHistory is 0.500198 for index 314647, 315/1000.
The last entry of errorHistory is 0.500000 for index 314648, 315/1000.
Terminated at swamp 0.5.
The last entry of errorHistory is 0.500095 for index 314649, 315/1000.
Terminated at swamp 1.
The last entry of errorHistory is 1.000532 for index 314650, 315/1000.
Terminated at swamp 0.5.
The last entry of errorHistory is 0.500015 for index 314651, 315/1000.
Terminated at swamp 0.5.
The last entry of errorHistory is 0.500449 for index 314652, 315/1000.
The last entry of errorHistory is 1.500000 for index 314653, 315/1000.
Terminated at swamp 0.5.
The last entry of errorHistory is 0.500533 for index 314654, 315/1000.
The last entry of errorHistory is 1.000000 for index 314655, 315/1000.
Terminated at swamp 0.5.
The last entry of errorHistory is 0.500173 for index 314656, 315/1000.
The last entry of errorHistory is 1.000000 for index 314657, 315/1000.
Terminated at swamp 1.
The last entry of errorHistory is 1.000189 for index 314658, 315/1000.
The last entry of errorHistory is 0.000485 for index 314659, 315/1000.
Terminated at swamp 0.5.
The last entry of errorHistory is 0.500398 for index 314660, 315/1000.
Terminated at swamp 0.5.
The last entry of errorHistory is 0.500146 for index 314661, 315/1000.
Terminated at swamp 0.5.
The last entry of errorHistory is 0.500302 for index 314662, 315/1000.
Terminated at swamp 1.
The last entry of errorHistory is 1.000300 for index 314663, 315/1000.
The last entry of errorHistory is 0.000017 for index 314664, 315/1000.
Terminated at swamp 0.5.
The last entry of errorHistory is 0.500140 for index 314665, 315/1000.
Terminated at swamp 1.
The last entry of errorHistory is 1.000458 for index 314666, 315/1000.
The last entry of errorHistory is 1.000000 for index 314667, 315/1000.
The last entry of errorHistory is 1.000000 for index 314668, 315/1000.
Terminated at swamp 0.5.
The last entry of errorHistory is 0.500501 for index 314669, 315/1000.
Terminated at swamp 0.5.
The last entry of errorHistory is 0.500477 for index 314670, 315/1000.
Terminated at swamp 0.5.
The last entry of errorHistory is 0.500111 for index 314671, 315/1000.
The last entry of errorHistory is 0.000009 for index 314672, 315/1000.
Terminated at swamp 0.5.
The last entry of errorHistory is 0.500481 for index 314673, 315/1000.
Terminated at swamp 0.5.
The last entry of errorHistory is 0.500103 for index 314674, 315/1000.
Terminated at swamp 0.5.
The last entry of errorHistory is 0.500675 for index 314675, 315/1000.
Terminated at swamp 1.
The last entry of errorHistory is 1.000000 for index 314676, 315/1000.
The last entry of errorHistory is 1.500000 for index 314677, 315/1000.
Terminated at swamp 0.5.
The last entry of errorHistory is 0.500094 for index 314678, 315/1000.
Terminated at swamp 0.5.
The last entry of errorHistory is 0.500053 for index 314679, 315/1000.
The last entry of errorHistory is 1.000000 for index 314680, 315/1000.
Terminated at swamp 0.5.
The last entry of errorHistory is 0.500604 for index 314681, 315/1000.
Terminated at swamp 1.
The last entry of errorHistory is 1.000000 for index 314682, 315/1000.
The last entry of errorHistory is 1.000000 for index 314683, 315/1000.
Terminated at swamp 0.5.
The last entry of errorHistory is 0.500315 for index 314684, 315/1000.
Terminated at swamp 1.
The last entry of errorHistory is 1.000006 for index 314685, 315/1000.
Terminated at swamp 0.5.
The last entry of errorHistory is 0.500642 for index 314686, 315/1000.
The last entry of errorHistory is 1.000000 for index 314687, 315/1000.
The last entry of errorHistory is 0.500000 for index 314688, 315/1000.
Terminated at swamp 1.
The last entry of errorHistory is 0.999985 for index 314689, 315/1000.
The last entry of errorHistory is 1.000000 for index 314690, 315/1000.
Terminated at swamp 1.
The last entry of errorHistory is 1.000037 for index 314691, 315/1000.
Terminated at swamp 1.
The last entry of errorHistory is 1.000000 for index 314692, 315/1000.
The last entry of errorHistory is 1.000000 for index 314693, 315/1000.
Terminated at swamp 0.5.
The last entry of errorHistory is 0.500442 for index 314694, 315/1000.
Terminated at swamp 0.5.
The last entry of errorHistory is 0.500542 for index 314695, 315/1000.
The last entry of errorHistory is 1.000000 for index 314696, 315/1000.
The last entry of errorHistory is 1.000000 for index 314697, 315/1000.
Terminated at swamp 0.5.
The last entry of errorHistory is 0.500487 for index 314698, 315/1000.
The last entry of errorHistory is 0.500000 for index 314699, 315/1000.
The last entry of errorHistory is 1.000000 for index 314700, 315/1000.
Terminated at swamp 0.5.
The last entry of errorHistory is 0.500002 for index 314701, 315/1000.
Terminated at swamp 0.5.
The last entry of errorHistory is 0.500448 for index 314702, 315/1000.
Terminated at swamp 0.5.
The last entry of errorHistory is 0.500185 for index 314703, 315/1000.
The last entry of errorHistory is 1.000000 for index 314704, 315/1000.
Terminated at swamp 1.
The last entry of errorHistory is 1.000510 for index 314705, 315/1000.
The last entry of errorHistory is 0.000051 for index 314706, 315/1000.
Terminated at swamp 0.5.
The last entry of errorHistory is 0.500314 for index 314707, 315/1000.
The last entry of errorHistory is 1.000000 for index 314708, 315/1000.
Terminated at swamp 0.5.
The last entry of errorHistory is 0.500231 for index 314709, 315/1000.
Terminated at swamp 0.5.
The last entry of errorHistory is 0.500490 for index 314710, 315/1000.
The last entry of errorHistory is 0.000022 for index 314711, 315/1000.
The last entry of errorHistory is 0.000091 for index 314712, 315/1000.
Terminated at swamp 1.
The last entry of errorHistory is 1.000000 for index 314713, 315/1000.
Terminated at swamp 0.5.
The last entry of errorHistory is 0.500668 for index 314714, 315/1000.
Terminated at swamp 0.5.
The last entry of errorHistory is 0.500516 for index 314715, 315/1000.
The last entry of errorHistory is 0.000029 for index 314716, 315/1000.
Terminated at swamp 1.
The last entry of errorHistory is 1.000001 for index 314717, 315/1000.
Terminated at swamp 0.5.
The last entry of errorHistory is 0.500495 for index 314718, 315/1000.
Terminated at swamp 0.5.
The last entry of errorHistory is 0.500476 for index 314719, 315/1000.
The last entry of errorHistory is 0.000015 for index 314720, 315/1000.
Terminated at swamp 0.5.
The last entry of errorHistory is 0.500281 for index 314721, 315/1000.
Terminated at swamp 0.5.
The last entry of errorHistory is 0.500000 for index 314722, 315/1000.
Terminated at swamp 0.5.
The last entry of errorHistory is 0.500648 for index 314723, 315/1000.
The last entry of errorHistory is 1.000000 for index 314724, 315/1000.
Terminated at swamp 0.5.
The last entry of errorHistory is 0.500236 for index 314725, 315/1000.
The last entry of errorHistory is 1.000000 for index 314726, 315/1000.
Terminated at swamp 0.5.
The last entry of errorHistory is 0.500113 for index 314727, 315/1000.
Terminated at swamp 0.5.
The last entry of errorHistory is 0.500400 for index 314728, 315/1000.
The last entry of errorHistory is 1.500000 for index 314729, 315/1000.
The last entry of errorHistory is 0.500000 for index 314730, 315/1000.
The last entry of errorHistory is 0.000008 for index 314731, 315/1000.
The last entry of errorHistory is 1.000000 for index 314732, 315/1000.
The last entry of errorHistory is 0.000181 for index 314733, 315/1000.
Terminated at swamp 1.
The last entry of errorHistory is 1.000000 for index 314734, 315/1000.
The last entry of errorHistory is 0.000034 for index 314735, 315/1000.
Terminated at swamp 0.5.
The last entry of errorHistory is 0.500448 for index 314736, 315/1000.
Terminated at swamp 0.5.
The last entry of errorHistory is 0.500567 for index 314737, 315/1000.
Terminated at swamp 0.5.
The last entry of errorHistory is 0.500609 for index 314738, 315/1000.
Terminated at swamp 0.5.
The last entry of errorHistory is 0.500428 for index 314739, 315/1000.
Terminated at swamp 0.5.
The last entry of errorHistory is 0.500569 for index 314740, 315/1000.
Terminated at swamp 0.5.
The last entry of errorHistory is 0.500083 for index 314741, 315/1000.
Terminated at swamp 0.5.
The last entry of errorHistory is 0.500287 for index 314742, 315/1000.
Terminated at swamp 0.5.
The last entry of errorHistory is 0.500460 for index 314743, 315/1000.
Terminated at swamp 0.5.
The last entry of errorHistory is 0.500131 for index 314744, 315/1000.
Terminated at swamp 0.5.
The last entry of errorHistory is 0.500920 for index 314745, 315/1000.
Terminated at swamp 0.5.
The last entry of errorHistory is 0.500488 for index 314746, 315/1000.
Terminated at swamp 0.5.
The last entry of errorHistory is 0.500351 for index 314747, 315/1000.
The last entry of errorHistory is 0.500000 for index 314748, 315/1000.
The last entry of errorHistory is 1.000000 for index 314749, 315/1000.
The last entry of errorHistory is 1.000000 for index 314750, 315/1000.
The last entry of errorHistory is 1.000000 for index 314751, 315/1000.
Terminated at swamp 0.5.
The last entry of errorHistory is 0.500461 for index 314752, 315/1000.
Terminated at swamp 0.5.
The last entry of errorHistory is 0.500795 for index 314753, 315/1000.
Terminated at swamp 0.5.
The last entry of errorHistory is 0.500200 for index 314754, 315/1000.
Terminated at swamp 0.5.
The last entry of errorHistory is 0.500953 for index 314755, 315/1000.
Terminated at swamp 0.5.
The last entry of errorHistory is 0.500377 for index 314756, 315/1000.
Terminated at swamp 1.
The last entry of errorHistory is 1.000000 for index 314757, 315/1000.
Terminated at swamp 1.
The last entry of errorHistory is 1.000315 for index 314758, 315/1000.
The last entry of errorHistory is 0.000197 for index 314759, 315/1000.
Terminated at swamp 0.5.
The last entry of errorHistory is 0.500622 for index 314760, 315/1000.
Terminated at swamp 1.
The last entry of errorHistory is 1.000000 for index 314761, 315/1000.
Terminated at swamp 0.5.
The last entry of errorHistory is 0.500704 for index 314762, 315/1000.
Terminated at swamp 0.5.
The last entry of errorHistory is 0.500106 for index 314763, 315/1000.
The last entry of errorHistory is 0.000126 for index 314764, 315/1000.
Terminated at swamp 1.
The last entry of errorHistory is 1.000035 for index 314765, 315/1000.
The last entry of errorHistory is 0.500000 for index 314766, 315/1000.
The last entry of errorHistory is 0.500000 for index 314767, 315/1000.
The last entry of errorHistory is 1.000000 for index 314768, 315/1000.
Terminated at swamp 0.5.
The last entry of errorHistory is 0.500436 for index 314769, 315/1000.
Terminated at swamp 1.
The last entry of errorHistory is 1.000000 for index 314770, 315/1000.
Terminated at swamp 0.5.
The last entry of errorHistory is 0.500092 for index 314771, 315/1000.
Terminated at swamp 1.
The last entry of errorHistory is 1.000152 for index 314772, 315/1000.
The last entry of errorHistory is 1.000000 for index 314773, 315/1000.
Terminated at swamp 1.
The last entry of errorHistory is 1.000311 for index 314774, 315/1000.
The last entry of errorHistory is 1.000000 for index 314775, 315/1000.
Terminated at swamp 0.5.
The last entry of errorHistory is 0.500436 for index 314776, 315/1000.
The last entry of errorHistory is 0.000022 for index 314777, 315/1000.
Terminated at swamp 0.5.
The last entry of errorHistory is 0.500599 for index 314778, 315/1000.
Terminated at swamp 0.5.
The last entry of errorHistory is 0.500906 for index 314779, 315/1000.
Terminated at swamp 0.5.
The last entry of errorHistory is 0.500661 for index 314780, 315/1000.
Terminated at swamp 0.5.
The last entry of errorHistory is 0.500412 for index 314781, 315/1000.
Terminated at swamp 0.5.
The last entry of errorHistory is 0.500649 for index 314782, 315/1000.
The last entry of errorHistory is 0.500000 for index 314783, 315/1000.
The last entry of errorHistory is 1.500000 for index 314784, 315/1000.
The last entry of errorHistory is 1.000000 for index 314785, 315/1000.
Terminated at swamp 0.5.
The last entry of errorHistory is 0.500228 for index 314786, 315/1000.
Terminated at swamp 0.5.
The last entry of errorHistory is 0.500624 for index 314787, 315/1000.
Terminated at swamp 0.5.
The last entry of errorHistory is 0.500045 for index 314788, 315/1000.
The last entry of errorHistory is 1.000000 for index 314789, 315/1000.
Terminated at swamp 1.
The last entry of errorHistory is 1.000006 for index 314790, 315/1000.
The last entry of errorHistory is 0.500000 for index 314791, 315/1000.
The last entry of errorHistory is 0.000047 for index 314792, 315/1000.
Terminated at swamp 0.5.
The last entry of errorHistory is 0.500340 for index 314793, 315/1000.
Terminated at swamp 1.
The last entry of errorHistory is 1.000486 for index 314794, 315/1000.
Terminated at swamp 0.5.
The last entry of errorHistory is 0.500596 for index 314795, 315/1000.
The last entry of errorHistory is 0.000591 for index 314796, 315/1000.
Terminated at swamp 0.5.
The last entry of errorHistory is 0.500492 for index 314797, 315/1000.
Terminated at swamp 1.
The last entry of errorHistory is 1.000363 for index 314798, 315/1000.
The last entry of errorHistory is 0.500000 for index 314799, 315/1000.
Terminated at swamp 0.5.
The last entry of errorHistory is 0.500107 for index 314800, 315/1000.
The last entry of errorHistory is 1.000000 for index 314801, 315/1000.
Terminated at swamp 1.
The last entry of errorHistory is 1.000103 for index 314802, 315/1000.
The last entry of errorHistory is 1.000000 for index 314803, 315/1000.
The last entry of errorHistory is 0.000013 for index 314804, 315/1000.
Terminated at swamp 0.5.
The last entry of errorHistory is 0.500451 for index 314805, 315/1000.
The last entry of errorHistory is 1.000000 for index 314806, 315/1000.
The last entry of errorHistory is 1.000000 for index 314807, 315/1000.
Terminated at swamp 0.5.
The last entry of errorHistory is 0.500461 for index 314808, 315/1000.
Terminated at swamp 0.5.
The last entry of errorHistory is 0.500366 for index 314809, 315/1000.
Terminated at swamp 0.5.
The last entry of errorHistory is 0.500237 for index 314810, 315/1000.
The last entry of errorHistory is 1.000000 for index 314811, 315/1000.
Terminated at swamp 0.5.
The last entry of errorHistory is 0.500533 for index 314812, 315/1000.
Terminated at swamp 0.5.
The last entry of errorHistory is 0.500320 for index 314813, 315/1000.
The last entry of errorHistory is 0.000011 for index 314814, 315/1000.
Terminated at swamp 0.5.
The last entry of errorHistory is 0.500215 for index 314815, 315/1000.
Terminated at swamp 0.5.
The last entry of errorHistory is 0.500000 for index 314816, 315/1000.
Terminated at swamp 0.5.
The last entry of errorHistory is 0.500736 for index 314817, 315/1000.
Terminated at swamp 1.
The last entry of errorHistory is 1.000508 for index 314818, 315/1000.
The last entry of errorHistory is 0.000010 for index 314819, 315/1000.
Terminated at swamp 1.
The last entry of errorHistory is 1.000290 for index 314820, 315/1000.
The last entry of errorHistory is 1.500000 for index 314821, 315/1000.
Terminated at swamp 0.5.
The last entry of errorHistory is 0.500517 for index 314822, 315/1000.
Terminated at swamp 0.5.
The last entry of errorHistory is 0.500334 for index 314823, 315/1000.
Terminated at swamp 0.5.
The last entry of errorHistory is 0.500831 for index 314824, 315/1000.
Terminated at swamp 1.
The last entry of errorHistory is 1.000003 for index 314825, 315/1000.
Terminated at swamp 0.5.
The last entry of errorHistory is 0.500626 for index 314826, 315/1000.
Terminated at swamp 0.5.
The last entry of errorHistory is 0.500284 for index 314827, 315/1000.
The last entry of errorHistory is 1.000000 for index 314828, 315/1000.
The last entry of errorHistory is 0.000036 for index 314829, 315/1000.
The last entry of errorHistory is 0.500000 for index 314830, 315/1000.
Terminated at swamp 0.5.
The last entry of errorHistory is 0.500274 for index 314831, 315/1000.
Terminated at swamp 0.5.
The last entry of errorHistory is 0.500291 for index 314832, 315/1000.
Terminated at swamp 0.5.
The last entry of errorHistory is 0.500002 for index 314833, 315/1000.
The last entry of errorHistory is 0.001731 for index 314834, 315/1000.
The last entry of errorHistory is 0.000061 for index 314835, 315/1000.
Terminated at swamp 1.
The last entry of errorHistory is 1.000000 for index 314836, 315/1000.
Terminated at swamp 1.
The last entry of errorHistory is 1.000428 for index 314837, 315/1000.
Terminated at swamp 0.5.
The last entry of errorHistory is 0.500497 for index 314838, 315/1000.
Terminated at swamp 0.5.
The last entry of errorHistory is 0.500335 for index 314839, 315/1000.
Terminated at swamp 0.5.
The last entry of errorHistory is 0.500149 for index 314840, 315/1000.
The last entry of errorHistory is 1.000000 for index 314841, 315/1000.
Terminated at swamp 0.5.
The last entry of errorHistory is 0.500245 for index 314842, 315/1000.
The last entry of errorHistory is 0.000454 for index 314843, 315/1000.
Terminated at swamp 0.5.
The last entry of errorHistory is 0.500494 for index 314844, 315/1000.
Terminated at swamp 0.5.
The last entry of errorHistory is 0.500121 for index 314845, 315/1000.
Terminated at swamp 0.5.
The last entry of errorHistory is 0.500309 for index 314846, 315/1000.
Terminated at swamp 0.5.
The last entry of errorHistory is 0.500293 for index 314847, 315/1000.
The last entry of errorHistory is 0.000009 for index 314848, 315/1000.
The last entry of errorHistory is 0.001345 for index 314849, 315/1000.
Terminated at swamp 0.5.
The last entry of errorHistory is 0.500440 for index 314850, 315/1000.
Terminated at swamp 0.5.
The last entry of errorHistory is 0.500432 for index 314851, 315/1000.
Terminated at swamp 0.5.
The last entry of errorHistory is 0.500118 for index 314852, 315/1000.
The last entry of errorHistory is 0.000014 for index 314853, 315/1000.
Terminated at swamp 0.5.
The last entry of errorHistory is 0.500958 for index 314854, 315/1000.
Terminated at swamp 1.
The last entry of errorHistory is 1.000240 for index 314855, 315/1000.
Terminated at swamp 1.
The last entry of errorHistory is 1.000000 for index 314856, 315/1000.
The last entry of errorHistory is 0.000034 for index 314857, 315/1000.
Terminated at swamp 0.5.
The last entry of errorHistory is 0.500037 for index 314858, 315/1000.
Terminated at swamp 1.
The last entry of errorHistory is 1.000000 for index 314859, 315/1000.
Terminated at swamp 0.5.
The last entry of errorHistory is 0.500404 for index 314860, 315/1000.
The last entry of errorHistory is 0.000021 for index 314861, 315/1000.
The last entry of errorHistory is 1.000000 for index 314862, 315/1000.
The last entry of errorHistory is 0.000015 for index 314863, 315/1000.
The last entry of errorHistory is 1.000000 for index 314864, 315/1000.
The last entry of errorHistory is 1.500000 for index 314865, 315/1000.
Terminated at swamp 1.
The last entry of errorHistory is 1.000037 for index 314866, 315/1000.
Terminated at swamp 1.
The last entry of errorHistory is 1.000146 for index 314867, 315/1000.
Terminated at swamp 0.5.
The last entry of errorHistory is 0.500463 for index 314868, 315/1000.
Terminated at swamp 0.5.
The last entry of errorHistory is 0.500617 for index 314869, 315/1000.
The last entry of errorHistory is 0.000016 for index 314870, 315/1000.
Terminated at swamp 0.5.
The last entry of errorHistory is 0.500292 for index 314871, 315/1000.
The last entry of errorHistory is 1.000000 for index 314872, 315/1000.
The last entry of errorHistory is 0.000013 for index 314873, 315/1000.
The last entry of errorHistory is 1.000000 for index 314874, 315/1000.
Terminated at swamp 0.5.
The last entry of errorHistory is 0.500601 for index 314875, 315/1000.
Terminated at swamp 0.5.
The last entry of errorHistory is 0.500018 for index 314876, 315/1000.
The last entry of errorHistory is 1.000000 for index 314877, 315/1000.
Terminated at swamp 0.5.
The last entry of errorHistory is 0.500105 for index 314878, 315/1000.
Terminated at swamp 0.5.
The last entry of errorHistory is 0.500507 for index 314879, 315/1000.
Terminated at swamp 0.5.
The last entry of errorHistory is 0.500071 for index 314880, 315/1000.
Terminated at swamp 0.5.
The last entry of errorHistory is 0.500542 for index 314881, 315/1000.
Terminated at swamp 0.5.
The last entry of errorHistory is 0.500033 for index 314882, 315/1000.
The last entry of errorHistory is 0.500000 for index 314883, 315/1000.
The last entry of errorHistory is 0.000024 for index 314884, 315/1000.
The last entry of errorHistory is 1.500000 for index 314885, 315/1000.
The last entry of errorHistory is 1.500000 for index 314886, 315/1000.
Terminated at swamp 1.
The last entry of errorHistory is 1.000001 for index 314887, 315/1000.
Terminated at swamp 0.5.
The last entry of errorHistory is 0.500021 for index 314888, 315/1000.
The last entry of errorHistory is 0.500000 for index 314889, 315/1000.
Terminated at swamp 0.5.
The last entry of errorHistory is 0.500167 for index 314890, 315/1000.
Terminated at swamp 0.5.
The last entry of errorHistory is 0.500517 for index 314891, 315/1000.
Terminated at swamp 0.5.
The last entry of errorHistory is 0.500495 for index 314892, 315/1000.
Terminated at swamp 0.5.
The last entry of errorHistory is 0.500451 for index 314893, 315/1000.
Terminated at swamp 1.
The last entry of errorHistory is 1.000149 for index 314894, 315/1000.
Terminated at swamp 0.5.
The last entry of errorHistory is 0.499986 for index 314895, 315/1000.
Terminated at swamp 1.
The last entry of errorHistory is 1.000000 for index 314896, 315/1000.
The last entry of errorHistory is 1.500000 for index 314897, 315/1000.
Terminated at swamp 0.5.
The last entry of errorHistory is 0.500525 for index 314898, 315/1000.
Terminated at swamp 0.5.
The last entry of errorHistory is 0.500085 for index 314899, 315/1000.
Terminated at swamp 0.5.
The last entry of errorHistory is 0.500435 for index 314900, 315/1000.
Terminated at swamp 0.5.
The last entry of errorHistory is 0.500224 for index 314901, 315/1000.
Terminated at swamp 0.5.
The last entry of errorHistory is 0.500267 for index 314902, 315/1000.
Terminated at swamp 0.5.
The last entry of errorHistory is 0.500213 for index 314903, 315/1000.
The last entry of errorHistory is 1.000000 for index 314904, 315/1000.
The last entry of errorHistory is 0.000013 for index 314905, 315/1000.
The last entry of errorHistory is 1.000000 for index 314906, 315/1000.
Terminated at swamp 0.5.
The last entry of errorHistory is 0.500372 for index 314907, 315/1000.
The last entry of errorHistory is 0.002163 for index 314908, 315/1000.
The last entry of errorHistory is 1.000000 for index 314909, 315/1000.
Terminated at swamp 0.5.
The last entry of errorHistory is 0.500067 for index 314910, 315/1000.
The last entry of errorHistory is 0.000533 for index 314911, 315/1000.
The last entry of errorHistory is 1.000000 for index 314912, 315/1000.
Terminated at swamp 0.5.
The last entry of errorHistory is 0.500380 for index 314913, 315/1000.
Terminated at swamp 0.5.
The last entry of errorHistory is 0.500089 for index 314914, 315/1000.
Terminated at swamp 0.5.
The last entry of errorHistory is 0.500670 for index 314915, 315/1000.
The last entry of errorHistory is 0.000031 for index 314916, 315/1000.
Terminated at swamp 0.5.
The last entry of errorHistory is 0.500431 for index 314917, 315/1000.
Terminated at swamp 0.5.
The last entry of errorHistory is 0.500000 for index 314918, 315/1000.
The last entry of errorHistory is 0.000025 for index 314919, 315/1000.
Terminated at swamp 1.
The last entry of errorHistory is 1.000407 for index 314920, 315/1000.
The last entry of errorHistory is 0.000032 for index 314921, 315/1000.
The last entry of errorHistory is 1.000000 for index 314922, 315/1000.
Terminated at swamp 0.5.
The last entry of errorHistory is 0.500148 for index 314923, 315/1000.
Terminated at swamp 1.
The last entry of errorHistory is 1.000252 for index 314924, 315/1000.
The last entry of errorHistory is 1.500000 for index 314925, 315/1000.
Terminated at swamp 0.5.
The last entry of errorHistory is 0.500172 for index 314926, 315/1000.
Terminated at swamp 1.
The last entry of errorHistory is 1.000227 for index 314927, 315/1000.
Terminated at swamp 0.5.
The last entry of errorHistory is 0.500162 for index 314928, 315/1000.
The last entry of errorHistory is 1.000000 for index 314929, 315/1000.
The last entry of errorHistory is 1.000000 for index 314930, 315/1000.
Terminated at swamp 1.
The last entry of errorHistory is 1.000097 for index 314931, 315/1000.
Terminated at swamp 0.5.
The last entry of errorHistory is 0.500227 for index 314932, 315/1000.
Terminated at swamp 1.
The last entry of errorHistory is 1.000027 for index 314933, 315/1000.
Terminated at swamp 0.5.
The last entry of errorHistory is 0.500479 for index 314934, 315/1000.
Terminated at swamp 0.5.
The last entry of errorHistory is 0.500445 for index 314935, 315/1000.
Terminated at swamp 0.5.
The last entry of errorHistory is 0.500633 for index 314936, 315/1000.
The last entry of errorHistory is 0.000074 for index 314937, 315/1000.
Terminated at swamp 0.5.
The last entry of errorHistory is 0.500429 for index 314938, 315/1000.
Terminated at swamp 0.5.
The last entry of errorHistory is 0.500002 for index 314939, 315/1000.
The last entry of errorHistory is 1.500000 for index 314940, 315/1000.
Terminated at swamp 0.5.
The last entry of errorHistory is 0.500596 for index 314941, 315/1000.
Terminated at swamp 0.5.
The last entry of errorHistory is 0.500261 for index 314942, 315/1000.
Terminated at swamp 0.5.
The last entry of errorHistory is 0.500934 for index 314943, 315/1000.
The last entry of errorHistory is 1.000000 for index 314944, 315/1000.
Terminated at swamp 0.5.
The last entry of errorHistory is 0.500736 for index 314945, 315/1000.
Terminated at swamp 0.5.
The last entry of errorHistory is 0.500427 for index 314946, 315/1000.
Terminated at swamp 0.5.
The last entry of errorHistory is 0.500269 for index 314947, 315/1000.
The last entry of errorHistory is 1.000000 for index 314948, 315/1000.
Terminated at swamp 0.5.
The last entry of errorHistory is 0.500429 for index 314949, 315/1000.
Terminated at swamp 1.
The last entry of errorHistory is 1.000021 for index 314950, 315/1000.
Terminated at swamp 0.5.
The last entry of errorHistory is 0.500208 for index 314951, 315/1000.
The last entry of errorHistory is 1.500000 for index 314952, 315/1000.
Terminated at swamp 0.5.
The last entry of errorHistory is 0.500007 for index 314953, 315/1000.
The last entry of errorHistory is 0.500000 for index 314954, 315/1000.
Terminated at swamp 0.5.
The last entry of errorHistory is 0.500723 for index 314955, 315/1000.
Terminated at swamp 0.5.
The last entry of errorHistory is 0.500000 for index 314956, 315/1000.
Terminated at swamp 0.5.
The last entry of errorHistory is 0.500390 for index 314957, 315/1000.
Terminated at swamp 1.
The last entry of errorHistory is 1.000000 for index 314958, 315/1000.
Terminated at swamp 1.
The last entry of errorHistory is 1.000406 for index 314959, 315/1000.
The last entry of errorHistory is 0.500000 for index 314960, 315/1000.
Terminated at swamp 0.5.
The last entry of errorHistory is 0.500339 for index 314961, 315/1000.
Terminated at swamp 1.
The last entry of errorHistory is 1.000394 for index 314962, 315/1000.
Terminated at swamp 0.5.
The last entry of errorHistory is 0.500530 for index 314963, 315/1000.
The last entry of errorHistory is 1.000000 for index 314964, 315/1000.
Terminated at swamp 0.5.
The last entry of errorHistory is 0.500440 for index 314965, 315/1000.
Terminated at swamp 0.5.
The last entry of errorHistory is 0.500256 for index 314966, 315/1000.
Terminated at swamp 0.5.
The last entry of errorHistory is 0.500354 for index 314967, 315/1000.
The last entry of errorHistory is 0.000045 for index 314968, 315/1000.
Terminated at swamp 0.5.
The last entry of errorHistory is 0.500066 for index 314969, 315/1000.
Terminated at swamp 0.5.
The last entry of errorHistory is 0.500152 for index 314970, 315/1000.
The last entry of errorHistory is 1.000000 for index 314971, 315/1000.
Terminated at swamp 0.5.
The last entry of errorHistory is 0.500192 for index 314972, 315/1000.
The last entry of errorHistory is 0.500000 for index 314973, 315/1000.
The last entry of errorHistory is 1.500000 for index 314974, 315/1000.
Terminated at swamp 0.5.
The last entry of errorHistory is 0.500365 for index 314975, 315/1000.
The last entry of errorHistory is 0.000020 for index 314976, 315/1000.
Terminated at swamp 0.5.
The last entry of errorHistory is 0.500491 for index 314977, 315/1000.
Terminated at swamp 1.
The last entry of errorHistory is 1.000010 for index 314978, 315/1000.
Terminated at swamp 0.5.
The last entry of errorHistory is 0.500352 for index 314979, 315/1000.
Terminated at swamp 0.5.
The last entry of errorHistory is 0.500704 for index 314980, 315/1000.
The last entry of errorHistory is 0.000474 for index 314981, 315/1000.
The last entry of errorHistory is 0.000095 for index 314982, 315/1000.
The last entry of errorHistory is 1.000000 for index 314983, 315/1000.
Terminated at swamp 0.5.
The last entry of errorHistory is 0.500211 for index 314984, 315/1000.
The last entry of errorHistory is 1.000000 for index 314985, 315/1000.
The last entry of errorHistory is 1.000000 for index 314986, 315/1000.
The last entry of errorHistory is 1.000000 for index 314987, 315/1000.
The last entry of errorHistory is 1.000000 for index 314988, 315/1000.
The last entry of errorHistory is 1.000000 for index 314989, 315/1000.
Terminated at swamp 0.5.
The last entry of errorHistory is 0.500622 for index 314990, 315/1000.
The last entry of errorHistory is 1.000000 for index 314991, 315/1000.
Terminated at swamp 1.
The last entry of errorHistory is 1.000117 for index 314992, 315/1000.
Terminated at swamp 1.
The last entry of errorHistory is 1.000004 for index 314993, 315/1000.
The last entry of errorHistory is 0.000761 for index 314994, 315/1000.
Terminated at swamp 0.5.
The last entry of errorHistory is 0.500031 for index 314995, 315/1000.
Terminated at swamp 1.
The last entry of errorHistory is 1.000005 for index 314996, 315/1000.
Terminated at swamp 1.
The last entry of errorHistory is 1.000423 for index 314997, 315/1000.
The last entry of errorHistory is 1.500000 for index 314998, 315/1000.
The last entry of errorHistory is 0.000023 for index 314999, 315/1000.
Terminated at swamp 0.5.
The last entry of errorHistory is 0.500375 for index 315000, 315/1000.
