
                            < M A T L A B (R) >
                  Copyright 1984-2018 The MathWorks, Inc.
                   R2018b (9.5.0.944444) 64-bit (glnxa64)
                              August 28, 2018

 
To get started, type doc.
For product information, visit www.mathworks.com.
 
Terminated at swamp 1.
The last entry of errorHistory is 1.000074 for index 31001, 32/1000.
The last entry of errorHistory is 0.500000 for index 31002, 32/1000.
The last entry of errorHistory is 1.000000 for index 31003, 32/1000.
Terminated at swamp 1.
The last entry of errorHistory is 1.000164 for index 31004, 32/1000.
Terminated at swamp 0.5.
The last entry of errorHistory is 0.500317 for index 31005, 32/1000.
The last entry of errorHistory is 1.000000 for index 31006, 32/1000.
Terminated at swamp 0.5.
The last entry of errorHistory is 0.500181 for index 31007, 32/1000.
Terminated at swamp 0.5.
The last entry of errorHistory is 0.500370 for index 31008, 32/1000.
Terminated at swamp 1.
The last entry of errorHistory is 1.000018 for index 31009, 32/1000.
Terminated at swamp 1.
The last entry of errorHistory is 1.000488 for index 31010, 32/1000.
The last entry of errorHistory is 0.500000 for index 31011, 32/1000.
The last entry of errorHistory is 0.500000 for index 31012, 32/1000.
The last entry of errorHistory is 1.000000 for index 31013, 32/1000.
The last entry of errorHistory is 1.000000 for index 31014, 32/1000.
The last entry of errorHistory is 0.000016 for index 31015, 32/1000.
Terminated at swamp 0.5.
The last entry of errorHistory is 0.500150 for index 31016, 32/1000.
Terminated at swamp 0.5.
The last entry of errorHistory is 0.500698 for index 31017, 32/1000.
Terminated at swamp 0.5.
The last entry of errorHistory is 0.500440 for index 31018, 32/1000.
Terminated at swamp 0.5.
The last entry of errorHistory is 0.500707 for index 31019, 32/1000.
Terminated at swamp 0.5.
The last entry of errorHistory is 0.500428 for index 31020, 32/1000.
The last entry of errorHistory is 1.000000 for index 31021, 32/1000.
Terminated at swamp 1.
The last entry of errorHistory is 1.000000 for index 31022, 32/1000.
Terminated at swamp 1.
The last entry of errorHistory is 1.000157 for index 31023, 32/1000.
The last entry of errorHistory is 1.000000 for index 31024, 32/1000.
The last entry of errorHistory is 0.000031 for index 31025, 32/1000.
The last entry of errorHistory is 1.000000 for index 31026, 32/1000.
Terminated at swamp 0.5.
The last entry of errorHistory is 0.500580 for index 31027, 32/1000.
Terminated at swamp 0.5.
The last entry of errorHistory is 0.500168 for index 31028, 32/1000.
The last entry of errorHistory is 0.000014 for index 31029, 32/1000.
Terminated at swamp 0.5.
The last entry of errorHistory is 0.500134 for index 31030, 32/1000.
Terminated at swamp 1.
The last entry of errorHistory is 1.000006 for index 31031, 32/1000.
Terminated at swamp 0.5.
The last entry of errorHistory is 0.500545 for index 31032, 32/1000.
Terminated at swamp 0.5.
The last entry of errorHistory is 0.500590 for index 31033, 32/1000.
The last entry of errorHistory is 0.000015 for index 31034, 32/1000.
The last entry of errorHistory is 1.500000 for index 31035, 32/1000.
The last entry of errorHistory is 0.000084 for index 31036, 32/1000.
Terminated at swamp 1.
The last entry of errorHistory is 1.000000 for index 31037, 32/1000.
Terminated at swamp 0.5.
The last entry of errorHistory is 0.500180 for index 31038, 32/1000.
Terminated at swamp 0.5.
The last entry of errorHistory is 0.500673 for index 31039, 32/1000.
The last entry of errorHistory is 0.000012 for index 31040, 32/1000.
Terminated at swamp 0.5.
The last entry of errorHistory is 0.500159 for index 31041, 32/1000.
Terminated at swamp 1.
The last entry of errorHistory is 1.000281 for index 31042, 32/1000.
Terminated at swamp 0.5.
The last entry of errorHistory is 0.500574 for index 31043, 32/1000.
Terminated at swamp 0.5.
The last entry of errorHistory is 0.500476 for index 31044, 32/1000.
The last entry of errorHistory is 1.000000 for index 31045, 32/1000.
Terminated at swamp 1.
The last entry of errorHistory is 1.000000 for index 31046, 32/1000.
Terminated at swamp 0.5.
The last entry of errorHistory is 0.500186 for index 31047, 32/1000.
Terminated at swamp 0.5.
The last entry of errorHistory is 0.500353 for index 31048, 32/1000.
The last entry of errorHistory is 0.000318 for index 31049, 32/1000.
The last entry of errorHistory is 1.000000 for index 31050, 32/1000.
Terminated at swamp 0.5.
The last entry of errorHistory is 0.500552 for index 31051, 32/1000.
The last entry of errorHistory is 0.000034 for index 31052, 32/1000.
The last entry of errorHistory is 1.000000 for index 31053, 32/1000.
The last entry of errorHistory is 1.000000 for index 31054, 32/1000.
The last entry of errorHistory is 1.000000 for index 31055, 32/1000.
Terminated at swamp 0.5.
The last entry of errorHistory is 0.500673 for index 31056, 32/1000.
The last entry of errorHistory is 1.500000 for index 31057, 32/1000.
Terminated at swamp 1.
The last entry of errorHistory is 1.000002 for index 31058, 32/1000.
Terminated at swamp 0.5.
The last entry of errorHistory is 0.500238 for index 31059, 32/1000.
Terminated at swamp 0.5.
The last entry of errorHistory is 0.500603 for index 31060, 32/1000.
Terminated at swamp 0.5.
The last entry of errorHistory is 0.500002 for index 31061, 32/1000.
The last entry of errorHistory is 1.000000 for index 31062, 32/1000.
The last entry of errorHistory is 1.000000 for index 31063, 32/1000.
Terminated at swamp 0.5.
The last entry of errorHistory is 0.500403 for index 31064, 32/1000.
Terminated at swamp 1.
The last entry of errorHistory is 1.000409 for index 31065, 32/1000.
The last entry of errorHistory is 0.501624 for index 31066, 32/1000.
Terminated at swamp 0.5.
The last entry of errorHistory is 0.500434 for index 31067, 32/1000.
The last entry of errorHistory is 1.000000 for index 31068, 32/1000.
Terminated at swamp 0.5.
The last entry of errorHistory is 0.500144 for index 31069, 32/1000.
Terminated at swamp 0.5.
The last entry of errorHistory is 0.500537 for index 31070, 32/1000.
Terminated at swamp 0.5.
The last entry of errorHistory is 0.500391 for index 31071, 32/1000.
Terminated at swamp 0.5.
The last entry of errorHistory is 0.500235 for index 31072, 32/1000.
Terminated at swamp 0.5.
The last entry of errorHistory is 0.500018 for index 31073, 32/1000.
Terminated at swamp 0.5.
The last entry of errorHistory is 0.500509 for index 31074, 32/1000.
Terminated at swamp 0.5.
The last entry of errorHistory is 0.500555 for index 31075, 32/1000.
Terminated at swamp 0.5.
The last entry of errorHistory is 0.500533 for index 31076, 32/1000.
Terminated at swamp 1.
The last entry of errorHistory is 1.000000 for index 31077, 32/1000.
Terminated at swamp 0.5.
The last entry of errorHistory is 0.500261 for index 31078, 32/1000.
Terminated at swamp 0.5.
The last entry of errorHistory is 0.500550 for index 31079, 32/1000.
Terminated at swamp 0.5.
The last entry of errorHistory is 0.500863 for index 31080, 32/1000.
Terminated at swamp 0.5.
The last entry of errorHistory is 0.500166 for index 31081, 32/1000.
The last entry of errorHistory is 1.000000 for index 31082, 32/1000.
Terminated at swamp 0.5.
The last entry of errorHistory is 0.500341 for index 31083, 32/1000.
Terminated at swamp 0.5.
The last entry of errorHistory is 0.500294 for index 31084, 32/1000.
Terminated at swamp 0.5.
The last entry of errorHistory is 0.500002 for index 31085, 32/1000.
The last entry of errorHistory is 0.000020 for index 31086, 32/1000.
Terminated at swamp 0.5.
The last entry of errorHistory is 0.500072 for index 31087, 32/1000.
Terminated at swamp 0.5.
The last entry of errorHistory is 0.500134 for index 31088, 32/1000.
Terminated at swamp 0.5.
The last entry of errorHistory is 0.500373 for index 31089, 32/1000.
The last entry of errorHistory is 0.000035 for index 31090, 32/1000.
Terminated at swamp 0.5.
The last entry of errorHistory is 0.500338 for index 31091, 32/1000.
Terminated at swamp 0.5.
The last entry of errorHistory is 0.500341 for index 31092, 32/1000.
Terminated at swamp 0.5.
The last entry of errorHistory is 0.500418 for index 31093, 32/1000.
The last entry of errorHistory is 0.000045 for index 31094, 32/1000.
Terminated at swamp 0.5.
The last entry of errorHistory is 0.500048 for index 31095, 32/1000.
Terminated at swamp 0.5.
The last entry of errorHistory is 0.500620 for index 31096, 32/1000.
Terminated at swamp 0.5.
The last entry of errorHistory is 0.500614 for index 31097, 32/1000.
The last entry of errorHistory is 1.000000 for index 31098, 32/1000.
Terminated at swamp 1.
The last entry of errorHistory is 1.000348 for index 31099, 32/1000.
Terminated at swamp 0.5.
The last entry of errorHistory is 0.500682 for index 31100, 32/1000.
Terminated at swamp 1.
The last entry of errorHistory is 1.000054 for index 31101, 32/1000.
The last entry of errorHistory is 0.500000 for index 31102, 32/1000.
Terminated at swamp 0.5.
The last entry of errorHistory is 0.500070 for index 31103, 32/1000.
The last entry of errorHistory is 1.000000 for index 31104, 32/1000.
Terminated at swamp 0.5.
The last entry of errorHistory is 0.500630 for index 31105, 32/1000.
Terminated at swamp 0.5.
The last entry of errorHistory is 0.500423 for index 31106, 32/1000.
The last entry of errorHistory is 1.000000 for index 31107, 32/1000.
Terminated at swamp 0.5.
The last entry of errorHistory is 0.500563 for index 31108, 32/1000.
Terminated at swamp 0.5.
The last entry of errorHistory is 0.500466 for index 31109, 32/1000.
The last entry of errorHistory is 1.000000 for index 31110, 32/1000.
Terminated at swamp 0.5.
The last entry of errorHistory is 0.500000 for index 31111, 32/1000.
The last entry of errorHistory is 0.000022 for index 31112, 32/1000.
The last entry of errorHistory is 0.500000 for index 31113, 32/1000.
The last entry of errorHistory is 0.000023 for index 31114, 32/1000.
The last entry of errorHistory is 1.000000 for index 31115, 32/1000.
Terminated at swamp 0.5.
The last entry of errorHistory is 0.500517 for index 31116, 32/1000.
The last entry of errorHistory is 0.500000 for index 31117, 32/1000.
The last entry of errorHistory is 0.000009 for index 31118, 32/1000.
Terminated at swamp 0.5.
The last entry of errorHistory is 0.500504 for index 31119, 32/1000.
Terminated at swamp 1.
The last entry of errorHistory is 1.000037 for index 31120, 32/1000.
Terminated at swamp 0.5.
The last entry of errorHistory is 0.500100 for index 31121, 32/1000.
Terminated at swamp 1.
The last entry of errorHistory is 1.000434 for index 31122, 32/1000.
Terminated at swamp 0.5.
The last entry of errorHistory is 0.500377 for index 31123, 32/1000.
Terminated at swamp 0.5.
The last entry of errorHistory is 0.500001 for index 31124, 32/1000.
Terminated at swamp 0.5.
The last entry of errorHistory is 0.500498 for index 31125, 32/1000.
The last entry of errorHistory is 1.000000 for index 31126, 32/1000.
Terminated at swamp 1.
The last entry of errorHistory is 1.000323 for index 31127, 32/1000.
The last entry of errorHistory is 0.500000 for index 31128, 32/1000.
Terminated at swamp 1.
The last entry of errorHistory is 1.000000 for index 31129, 32/1000.
The last entry of errorHistory is 1.500000 for index 31130, 32/1000.
The last entry of errorHistory is 0.500000 for index 31131, 32/1000.
The last entry of errorHistory is 1.000000 for index 31132, 32/1000.
Terminated at swamp 0.5.
The last entry of errorHistory is 0.500605 for index 31133, 32/1000.
Terminated at swamp 1.
The last entry of errorHistory is 0.999896 for index 31134, 32/1000.
The last entry of errorHistory is 1.000000 for index 31135, 32/1000.
Terminated at swamp 1.
The last entry of errorHistory is 1.000503 for index 31136, 32/1000.
Terminated at swamp 1.
The last entry of errorHistory is 1.000116 for index 31137, 32/1000.
Terminated at swamp 0.5.
The last entry of errorHistory is 0.500310 for index 31138, 32/1000.
The last entry of errorHistory is 1.000000 for index 31139, 32/1000.
Terminated at swamp 0.5.
The last entry of errorHistory is 0.500496 for index 31140, 32/1000.
The last entry of errorHistory is 0.000038 for index 31141, 32/1000.
Terminated at swamp 1.
The last entry of errorHistory is 1.000411 for index 31142, 32/1000.
Terminated at swamp 0.5.
The last entry of errorHistory is 0.500185 for index 31143, 32/1000.
The last entry of errorHistory is 1.000000 for index 31144, 32/1000.
Terminated at swamp 0.5.
The last entry of errorHistory is 0.500195 for index 31145, 32/1000.
Terminated at swamp 0.5.
The last entry of errorHistory is 0.500060 for index 31146, 32/1000.
Terminated at swamp 0.5.
The last entry of errorHistory is 0.500439 for index 31147, 32/1000.
The last entry of errorHistory is 1.000000 for index 31148, 32/1000.
Terminated at swamp 0.5.
The last entry of errorHistory is 0.500362 for index 31149, 32/1000.
The last entry of errorHistory is 0.000023 for index 31150, 32/1000.
Terminated at swamp 1.
The last entry of errorHistory is 1.000170 for index 31151, 32/1000.
The last entry of errorHistory is 1.000000 for index 31152, 32/1000.
Terminated at swamp 1.
The last entry of errorHistory is 1.000345 for index 31153, 32/1000.
Terminated at swamp 0.5.
The last entry of errorHistory is 0.500259 for index 31154, 32/1000.
The last entry of errorHistory is 1.500000 for index 31155, 32/1000.
Terminated at swamp 0.5.
The last entry of errorHistory is 0.500321 for index 31156, 32/1000.
Terminated at swamp 0.5.
The last entry of errorHistory is 0.500000 for index 31157, 32/1000.
Terminated at swamp 0.5.
The last entry of errorHistory is 0.500334 for index 31158, 32/1000.
Terminated at swamp 0.5.
The last entry of errorHistory is 0.500483 for index 31159, 32/1000.
The last entry of errorHistory is 1.000000 for index 31160, 32/1000.
Terminated at swamp 1.
The last entry of errorHistory is 1.000517 for index 31161, 32/1000.
The last entry of errorHistory is 0.000024 for index 31162, 32/1000.
Terminated at swamp 1.
The last entry of errorHistory is 1.000000 for index 31163, 32/1000.
Terminated at swamp 0.5.
The last entry of errorHistory is 0.500451 for index 31164, 32/1000.
The last entry of errorHistory is 1.000000 for index 31165, 32/1000.
Terminated at swamp 1.
The last entry of errorHistory is 1.000467 for index 31166, 32/1000.
Terminated at swamp 0.5.
The last entry of errorHistory is 0.500330 for index 31167, 32/1000.
Terminated at swamp 0.5.
The last entry of errorHistory is 0.500402 for index 31168, 32/1000.
The last entry of errorHistory is 0.000672 for index 31169, 32/1000.
Terminated at swamp 0.5.
The last entry of errorHistory is 0.500027 for index 31170, 32/1000.
Terminated at swamp 0.5.
The last entry of errorHistory is 0.500014 for index 31171, 32/1000.
The last entry of errorHistory is 0.000084 for index 31172, 32/1000.
Terminated at swamp 0.5.
The last entry of errorHistory is 0.500011 for index 31173, 32/1000.
Terminated at swamp 1.
The last entry of errorHistory is 1.000111 for index 31174, 32/1000.
Terminated at swamp 1.
The last entry of errorHistory is 0.999999 for index 31175, 32/1000.
The last entry of errorHistory is 1.500000 for index 31176, 32/1000.
Terminated at swamp 0.5.
The last entry of errorHistory is 0.500067 for index 31177, 32/1000.
Terminated at swamp 0.5.
The last entry of errorHistory is 0.500240 for index 31178, 32/1000.
The last entry of errorHistory is 0.500000 for index 31179, 32/1000.
The last entry of errorHistory is 0.000043 for index 31180, 32/1000.
Terminated at swamp 0.5.
The last entry of errorHistory is 0.500564 for index 31181, 32/1000.
Terminated at swamp 0.5.
The last entry of errorHistory is 0.500015 for index 31182, 32/1000.
The last entry of errorHistory is 1.000000 for index 31183, 32/1000.
Terminated at swamp 1.
The last entry of errorHistory is 1.000002 for index 31184, 32/1000.
Terminated at swamp 0.5.
The last entry of errorHistory is 0.500552 for index 31185, 32/1000.
Terminated at swamp 0.5.
The last entry of errorHistory is 0.500375 for index 31186, 32/1000.
Terminated at swamp 0.5.
The last entry of errorHistory is 0.500733 for index 31187, 32/1000.
Terminated at swamp 0.5.
The last entry of errorHistory is 0.500594 for index 31188, 32/1000.
Terminated at swamp 0.5.
The last entry of errorHistory is 0.500797 for index 31189, 32/1000.
Terminated at swamp 1.
The last entry of errorHistory is 1.000033 for index 31190, 32/1000.
Terminated at swamp 0.5.
The last entry of errorHistory is 0.500584 for index 31191, 32/1000.
The last entry of errorHistory is 1.000000 for index 31192, 32/1000.
Terminated at swamp 1.
The last entry of errorHistory is 1.000615 for index 31193, 32/1000.
Terminated at swamp 1.
The last entry of errorHistory is 1.000357 for index 31194, 32/1000.
Terminated at swamp 0.5.
The last entry of errorHistory is 0.500467 for index 31195, 32/1000.
The last entry of errorHistory is 0.500000 for index 31196, 32/1000.
Terminated at swamp 0.5.
The last entry of errorHistory is 0.500591 for index 31197, 32/1000.
Terminated at swamp 0.5.
The last entry of errorHistory is 0.500160 for index 31198, 32/1000.
Terminated at swamp 0.5.
The last entry of errorHistory is 0.500479 for index 31199, 32/1000.
Terminated at swamp 0.5.
The last entry of errorHistory is 0.500698 for index 31200, 32/1000.
The last entry of errorHistory is 0.000455 for index 31201, 32/1000.
Terminated at swamp 0.5.
The last entry of errorHistory is 0.500583 for index 31202, 32/1000.
Terminated at swamp 0.5.
The last entry of errorHistory is 0.500489 for index 31203, 32/1000.
The last entry of errorHistory is 1.000000 for index 31204, 32/1000.
Terminated at swamp 0.5.
The last entry of errorHistory is 0.500536 for index 31205, 32/1000.
The last entry of errorHistory is 1.000000 for index 31206, 32/1000.
The last entry of errorHistory is 0.000015 for index 31207, 32/1000.
Terminated at swamp 0.5.
The last entry of errorHistory is 0.500514 for index 31208, 32/1000.
Terminated at swamp 0.5.
The last entry of errorHistory is 0.500499 for index 31209, 32/1000.
Terminated at swamp 0.5.
The last entry of errorHistory is 0.500166 for index 31210, 32/1000.
Terminated at swamp 0.5.
The last entry of errorHistory is 0.500392 for index 31211, 32/1000.
Terminated at swamp 0.5.
The last entry of errorHistory is 0.500656 for index 31212, 32/1000.
Terminated at swamp 0.5.
The last entry of errorHistory is 0.500265 for index 31213, 32/1000.
Terminated at swamp 0.5.
The last entry of errorHistory is 0.500378 for index 31214, 32/1000.
Terminated at swamp 0.5.
The last entry of errorHistory is 0.500578 for index 31215, 32/1000.
The last entry of errorHistory is 0.000844 for index 31216, 32/1000.
Terminated at swamp 0.5.
The last entry of errorHistory is 0.500405 for index 31217, 32/1000.
Terminated at swamp 0.5.
The last entry of errorHistory is 0.500556 for index 31218, 32/1000.
Terminated at swamp 0.5.
The last entry of errorHistory is 0.500685 for index 31219, 32/1000.
Terminated at swamp 0.5.
The last entry of errorHistory is 0.500336 for index 31220, 32/1000.
Terminated at swamp 1.
The last entry of errorHistory is 1.000041 for index 31221, 32/1000.
The last entry of errorHistory is 1.000000 for index 31222, 32/1000.
Terminated at swamp 0.5.
The last entry of errorHistory is 0.500063 for index 31223, 32/1000.
The last entry of errorHistory is 0.500000 for index 31224, 32/1000.
The last entry of errorHistory is 1.000000 for index 31225, 32/1000.
The last entry of errorHistory is 1.000000 for index 31226, 32/1000.
The last entry of errorHistory is 0.000038 for index 31227, 32/1000.
Terminated at swamp 0.5.
The last entry of errorHistory is 0.500590 for index 31228, 32/1000.
Terminated at swamp 0.5.
The last entry of errorHistory is 0.500450 for index 31229, 32/1000.
Terminated at swamp 0.5.
The last entry of errorHistory is 0.500736 for index 31230, 32/1000.
Terminated at swamp 0.5.
The last entry of errorHistory is 0.500303 for index 31231, 32/1000.
Terminated at swamp 1.
The last entry of errorHistory is 1.000410 for index 31232, 32/1000.
Terminated at swamp 1.
The last entry of errorHistory is 1.000167 for index 31233, 32/1000.
Terminated at swamp 0.5.
The last entry of errorHistory is 0.500586 for index 31234, 32/1000.
The last entry of errorHistory is 0.000066 for index 31235, 32/1000.
The last entry of errorHistory is 1.000000 for index 31236, 32/1000.
Terminated at swamp 1.
The last entry of errorHistory is 1.000004 for index 31237, 32/1000.
Terminated at swamp 0.5.
The last entry of errorHistory is 0.500341 for index 31238, 32/1000.
Terminated at swamp 1.
The last entry of errorHistory is 1.000055 for index 31239, 32/1000.
Terminated at swamp 0.5.
The last entry of errorHistory is 0.500558 for index 31240, 32/1000.
Terminated at swamp 0.5.
The last entry of errorHistory is 0.500405 for index 31241, 32/1000.
The last entry of errorHistory is 0.500000 for index 31242, 32/1000.
The last entry of errorHistory is 1.000000 for index 31243, 32/1000.
The last entry of errorHistory is 0.000152 for index 31244, 32/1000.
Terminated at swamp 0.5.
The last entry of errorHistory is 0.500077 for index 31245, 32/1000.
Terminated at swamp 0.5.
The last entry of errorHistory is 0.500452 for index 31246, 32/1000.
Terminated at swamp 1.
The last entry of errorHistory is 1.000238 for index 31247, 32/1000.
Terminated at swamp 0.5.
The last entry of errorHistory is 0.500426 for index 31248, 32/1000.
Terminated at swamp 0.5.
The last entry of errorHistory is 0.500307 for index 31249, 32/1000.
The last entry of errorHistory is 1.000000 for index 31250, 32/1000.
Terminated at swamp 0.5.
The last entry of errorHistory is 0.500092 for index 31251, 32/1000.
Terminated at swamp 0.5.
The last entry of errorHistory is 0.500152 for index 31252, 32/1000.
The last entry of errorHistory is 0.000029 for index 31253, 32/1000.
Terminated at swamp 0.5.
The last entry of errorHistory is 0.500390 for index 31254, 32/1000.
The last entry of errorHistory is 0.000045 for index 31255, 32/1000.
The last entry of errorHistory is 1.000000 for index 31256, 32/1000.
Terminated at swamp 0.5.
The last entry of errorHistory is 0.500366 for index 31257, 32/1000.
Terminated at swamp 0.5.
The last entry of errorHistory is 0.500607 for index 31258, 32/1000.
The last entry of errorHistory is 1.000000 for index 31259, 32/1000.
Terminated at swamp 0.5.
The last entry of errorHistory is 0.500424 for index 31260, 32/1000.
Terminated at swamp 0.5.
The last entry of errorHistory is 0.500427 for index 31261, 32/1000.
The last entry of errorHistory is 1.500000 for index 31262, 32/1000.
The last entry of errorHistory is 1.000000 for index 31263, 32/1000.
Terminated at swamp 0.5.
The last entry of errorHistory is 0.500708 for index 31264, 32/1000.
Terminated at swamp 0.5.
The last entry of errorHistory is 0.500122 for index 31265, 32/1000.
Terminated at swamp 0.5.
The last entry of errorHistory is 0.500349 for index 31266, 32/1000.
Terminated at swamp 0.5.
The last entry of errorHistory is 0.500509 for index 31267, 32/1000.
Terminated at swamp 0.5.
The last entry of errorHistory is 0.500256 for index 31268, 32/1000.
Terminated at swamp 1.
The last entry of errorHistory is 1.000218 for index 31269, 32/1000.
The last entry of errorHistory is 1.000000 for index 31270, 32/1000.
The last entry of errorHistory is 0.000032 for index 31271, 32/1000.
Terminated at swamp 1.
The last entry of errorHistory is 1.000119 for index 31272, 32/1000.
Terminated at swamp 0.5.
The last entry of errorHistory is 0.500460 for index 31273, 32/1000.
The last entry of errorHistory is 1.000000 for index 31274, 32/1000.
The last entry of errorHistory is 0.000716 for index 31275, 32/1000.
The last entry of errorHistory is 0.000030 for index 31276, 32/1000.
The last entry of errorHistory is 1.000000 for index 31277, 32/1000.
The last entry of errorHistory is 1.000000 for index 31278, 32/1000.
The last entry of errorHistory is 0.500000 for index 31279, 32/1000.
Terminated at swamp 0.5.
The last entry of errorHistory is 0.500336 for index 31280, 32/1000.
Terminated at swamp 0.5.
The last entry of errorHistory is 0.500111 for index 31281, 32/1000.
The last entry of errorHistory is 1.000000 for index 31282, 32/1000.
Terminated at swamp 0.5.
The last entry of errorHistory is 0.500694 for index 31283, 32/1000.
Terminated at swamp 0.5.
The last entry of errorHistory is 0.500000 for index 31284, 32/1000.
The last entry of errorHistory is 0.000025 for index 31285, 32/1000.
Terminated at swamp 1.
The last entry of errorHistory is 1.000000 for index 31286, 32/1000.
Terminated at swamp 1.
The last entry of errorHistory is 1.000202 for index 31287, 32/1000.
Terminated at swamp 0.5.
The last entry of errorHistory is 0.500295 for index 31288, 32/1000.
Terminated at swamp 0.5.
The last entry of errorHistory is 0.500171 for index 31289, 32/1000.
Terminated at swamp 0.5.
The last entry of errorHistory is 0.500455 for index 31290, 32/1000.
Terminated at swamp 1.
The last entry of errorHistory is 1.000035 for index 31291, 32/1000.
Terminated at swamp 0.5.
The last entry of errorHistory is 0.500606 for index 31292, 32/1000.
Terminated at swamp 0.5.
The last entry of errorHistory is 0.500314 for index 31293, 32/1000.
Terminated at swamp 1.
The last entry of errorHistory is 1.000045 for index 31294, 32/1000.
Terminated at swamp 0.5.
The last entry of errorHistory is 0.500416 for index 31295, 32/1000.
Terminated at swamp 0.5.
The last entry of errorHistory is 0.500373 for index 31296, 32/1000.
Terminated at swamp 0.5.
The last entry of errorHistory is 0.500605 for index 31297, 32/1000.
Terminated at swamp 1.
The last entry of errorHistory is 1.000184 for index 31298, 32/1000.
Terminated at swamp 0.5.
The last entry of errorHistory is 0.500231 for index 31299, 32/1000.
Terminated at swamp 0.5.
The last entry of errorHistory is 0.500053 for index 31300, 32/1000.
Terminated at swamp 0.5.
The last entry of errorHistory is 0.500486 for index 31301, 32/1000.
The last entry of errorHistory is 1.000000 for index 31302, 32/1000.
The last entry of errorHistory is 1.000000 for index 31303, 32/1000.
Terminated at swamp 0.5.
The last entry of errorHistory is 0.500002 for index 31304, 32/1000.
Terminated at swamp 0.5.
The last entry of errorHistory is 0.500737 for index 31305, 32/1000.
Terminated at swamp 1.
The last entry of errorHistory is 1.000030 for index 31306, 32/1000.
Terminated at swamp 1.
The last entry of errorHistory is 1.000000 for index 31307, 32/1000.
The last entry of errorHistory is 1.000000 for index 31308, 32/1000.
The last entry of errorHistory is 0.000714 for index 31309, 32/1000.
The last entry of errorHistory is 1.500000 for index 31310, 32/1000.
Terminated at swamp 0.5.
The last entry of errorHistory is 0.500758 for index 31311, 32/1000.
Terminated at swamp 0.5.
The last entry of errorHistory is 0.500555 for index 31312, 32/1000.
The last entry of errorHistory is 0.000110 for index 31313, 32/1000.
Terminated at swamp 0.5.
The last entry of errorHistory is 0.500087 for index 31314, 32/1000.
Terminated at swamp 0.5.
The last entry of errorHistory is 0.500422 for index 31315, 32/1000.
Terminated at swamp 1.
The last entry of errorHistory is 1.000045 for index 31316, 32/1000.
The last entry of errorHistory is 1.000000 for index 31317, 32/1000.
Terminated at swamp 0.5.
The last entry of errorHistory is 0.500472 for index 31318, 32/1000.
Terminated at swamp 1.
The last entry of errorHistory is 1.000293 for index 31319, 32/1000.
The last entry of errorHistory is 1.000000 for index 31320, 32/1000.
The last entry of errorHistory is 0.000056 for index 31321, 32/1000.
Terminated at swamp 1.
The last entry of errorHistory is 1.000403 for index 31322, 32/1000.
Terminated at swamp 1.
The last entry of errorHistory is 1.000658 for index 31323, 32/1000.
Terminated at swamp 0.5.
The last entry of errorHistory is 0.500328 for index 31324, 32/1000.
The last entry of errorHistory is 1.000000 for index 31325, 32/1000.
The last entry of errorHistory is 0.000018 for index 31326, 32/1000.
The last entry of errorHistory is 1.000000 for index 31327, 32/1000.
The last entry of errorHistory is 1.000000 for index 31328, 32/1000.
The last entry of errorHistory is 1.000000 for index 31329, 32/1000.
The last entry of errorHistory is 0.000045 for index 31330, 32/1000.
Terminated at swamp 1.
The last entry of errorHistory is 1.000331 for index 31331, 32/1000.
Terminated at swamp 0.5.
The last entry of errorHistory is 0.500432 for index 31332, 32/1000.
Terminated at swamp 1.
The last entry of errorHistory is 1.000017 for index 31333, 32/1000.
Terminated at swamp 0.5.
The last entry of errorHistory is 0.500441 for index 31334, 32/1000.
The last entry of errorHistory is 1.000000 for index 31335, 32/1000.
Terminated at swamp 1.5.
The last entry of errorHistory is 1.500020 for index 31336, 32/1000.
Terminated at swamp 0.5.
The last entry of errorHistory is 0.500116 for index 31337, 32/1000.
Terminated at swamp 0.5.
The last entry of errorHistory is 0.500038 for index 31338, 32/1000.
Terminated at swamp 0.5.
The last entry of errorHistory is 0.500582 for index 31339, 32/1000.
The last entry of errorHistory is 1.000000 for index 31340, 32/1000.
Terminated at swamp 0.5.
The last entry of errorHistory is 0.500519 for index 31341, 32/1000.
The last entry of errorHistory is 0.500000 for index 31342, 32/1000.
Terminated at swamp 0.5.
The last entry of errorHistory is 0.500457 for index 31343, 32/1000.
Terminated at swamp 1.
The last entry of errorHistory is 1.000003 for index 31344, 32/1000.
The last entry of errorHistory is 0.500000 for index 31345, 32/1000.
Terminated at swamp 1.
The last entry of errorHistory is 1.000377 for index 31346, 32/1000.
The last entry of errorHistory is 0.000034 for index 31347, 32/1000.
Terminated at swamp 0.5.
The last entry of errorHistory is 0.500131 for index 31348, 32/1000.
Terminated at swamp 1.
The last entry of errorHistory is 1.000001 for index 31349, 32/1000.
The last entry of errorHistory is 0.500000 for index 31350, 32/1000.
Terminated at swamp 0.5.
The last entry of errorHistory is 0.500156 for index 31351, 32/1000.
The last entry of errorHistory is 1.000000 for index 31352, 32/1000.
The last entry of errorHistory is 1.000000 for index 31353, 32/1000.
The last entry of errorHistory is 1.000000 for index 31354, 32/1000.
Terminated at swamp 0.5.
The last entry of errorHistory is 0.500423 for index 31355, 32/1000.
Terminated at swamp 1.
The last entry of errorHistory is 1.000067 for index 31356, 32/1000.
Terminated at swamp 0.5.
The last entry of errorHistory is 0.500741 for index 31357, 32/1000.
Terminated at swamp 0.5.
The last entry of errorHistory is 0.500544 for index 31358, 32/1000.
The last entry of errorHistory is 1.000000 for index 31359, 32/1000.
Terminated at swamp 0.5.
The last entry of errorHistory is 0.500660 for index 31360, 32/1000.
Terminated at swamp 0.5.
The last entry of errorHistory is 0.500598 for index 31361, 32/1000.
Terminated at swamp 0.5.
The last entry of errorHistory is 0.500411 for index 31362, 32/1000.
Terminated at swamp 0.5.
The last entry of errorHistory is 0.500468 for index 31363, 32/1000.
The last entry of errorHistory is 0.000538 for index 31364, 32/1000.
The last entry of errorHistory is 0.500000 for index 31365, 32/1000.
The last entry of errorHistory is 0.000038 for index 31366, 32/1000.
The last entry of errorHistory is 0.000010 for index 31367, 32/1000.
Terminated at swamp 0.5.
The last entry of errorHistory is 0.500215 for index 31368, 32/1000.
The last entry of errorHistory is 0.500000 for index 31369, 32/1000.
Terminated at swamp 0.5.
The last entry of errorHistory is 0.500233 for index 31370, 32/1000.
Terminated at swamp 0.5.
The last entry of errorHistory is 0.500053 for index 31371, 32/1000.
Terminated at swamp 1.
The last entry of errorHistory is 1.000106 for index 31372, 32/1000.
Terminated at swamp 0.5.
The last entry of errorHistory is 0.500631 for index 31373, 32/1000.
The last entry of errorHistory is 0.000010 for index 31374, 32/1000.
Terminated at swamp 0.5.
The last entry of errorHistory is 0.500044 for index 31375, 32/1000.
The last entry of errorHistory is 1.000000 for index 31376, 32/1000.
Terminated at swamp 1.
The last entry of errorHistory is 1.000000 for index 31377, 32/1000.
The last entry of errorHistory is 0.000047 for index 31378, 32/1000.
The last entry of errorHistory is 1.000000 for index 31379, 32/1000.
The last entry of errorHistory is 0.000388 for index 31380, 32/1000.
Terminated at swamp 0.5.
The last entry of errorHistory is 0.500646 for index 31381, 32/1000.
Terminated at swamp 1.
The last entry of errorHistory is 1.000000 for index 31382, 32/1000.
Terminated at swamp 0.5.
The last entry of errorHistory is 0.500155 for index 31383, 32/1000.
Terminated at swamp 0.5.
The last entry of errorHistory is 0.500086 for index 31384, 32/1000.
Terminated at swamp 0.5.
The last entry of errorHistory is 0.500475 for index 31385, 32/1000.
Terminated at swamp 0.5.
The last entry of errorHistory is 0.500518 for index 31386, 32/1000.
Terminated at swamp 0.5.
The last entry of errorHistory is 0.500431 for index 31387, 32/1000.
Terminated at swamp 0.5.
The last entry of errorHistory is 0.500471 for index 31388, 32/1000.
The last entry of errorHistory is 1.000000 for index 31389, 32/1000.
Terminated at swamp 0.5.
The last entry of errorHistory is 0.500008 for index 31390, 32/1000.
Terminated at swamp 0.5.
The last entry of errorHistory is 0.500201 for index 31391, 32/1000.
The last entry of errorHistory is 1.000000 for index 31392, 32/1000.
Terminated at swamp 0.5.
The last entry of errorHistory is 0.500138 for index 31393, 32/1000.
Terminated at swamp 0.5.
The last entry of errorHistory is 0.500438 for index 31394, 32/1000.
Terminated at swamp 0.5.
The last entry of errorHistory is 0.500717 for index 31395, 32/1000.
The last entry of errorHistory is 1.000000 for index 31396, 32/1000.
The last entry of errorHistory is 0.000018 for index 31397, 32/1000.
The last entry of errorHistory is 0.000034 for index 31398, 32/1000.
Terminated at swamp 0.5.
The last entry of errorHistory is 0.500651 for index 31399, 32/1000.
Terminated at swamp 0.5.
The last entry of errorHistory is 0.500805 for index 31400, 32/1000.
The last entry of errorHistory is 0.000032 for index 31401, 32/1000.
The last entry of errorHistory is 0.000707 for index 31402, 32/1000.
The last entry of errorHistory is 1.000000 for index 31403, 32/1000.
The last entry of errorHistory is 1.000000 for index 31404, 32/1000.
Terminated at swamp 0.5.
The last entry of errorHistory is 0.500414 for index 31405, 32/1000.
Terminated at swamp 0.5.
The last entry of errorHistory is 0.500143 for index 31406, 32/1000.
Terminated at swamp 0.5.
The last entry of errorHistory is 0.500864 for index 31407, 32/1000.
Terminated at swamp 0.5.
The last entry of errorHistory is 0.500392 for index 31408, 32/1000.
Terminated at swamp 1.
The last entry of errorHistory is 1.000023 for index 31409, 32/1000.
Terminated at swamp 0.5.
The last entry of errorHistory is 0.500101 for index 31410, 32/1000.
Terminated at swamp 0.5.
The last entry of errorHistory is 0.500066 for index 31411, 32/1000.
Terminated at swamp 0.5.
The last entry of errorHistory is 0.500615 for index 31412, 32/1000.
Terminated at swamp 0.5.
The last entry of errorHistory is 0.500437 for index 31413, 32/1000.
The last entry of errorHistory is 1.000000 for index 31414, 32/1000.
The last entry of errorHistory is 0.000018 for index 31415, 32/1000.
Terminated at swamp 0.5.
The last entry of errorHistory is 0.500427 for index 31416, 32/1000.
Terminated at swamp 0.5.
The last entry of errorHistory is 0.500000 for index 31417, 32/1000.
Terminated at swamp 0.5.
The last entry of errorHistory is 0.500000 for index 31418, 32/1000.
Terminated at swamp 1.
The last entry of errorHistory is 1.000007 for index 31419, 32/1000.
Terminated at swamp 1.
The last entry of errorHistory is 1.000297 for index 31420, 32/1000.
Terminated at swamp 0.5.
The last entry of errorHistory is 0.500267 for index 31421, 32/1000.
Terminated at swamp 0.5.
The last entry of errorHistory is 0.500362 for index 31422, 32/1000.
Terminated at swamp 0.5.
The last entry of errorHistory is 0.500081 for index 31423, 32/1000.
The last entry of errorHistory is 1.000000 for index 31424, 32/1000.
The last entry of errorHistory is 1.000000 for index 31425, 32/1000.
Terminated at swamp 0.5.
The last entry of errorHistory is 0.500422 for index 31426, 32/1000.
Terminated at swamp 0.5.
The last entry of errorHistory is 0.500060 for index 31427, 32/1000.
Terminated at swamp 0.5.
The last entry of errorHistory is 0.500051 for index 31428, 32/1000.
Terminated at swamp 1.
The last entry of errorHistory is 1.000410 for index 31429, 32/1000.
Terminated at swamp 0.5.
The last entry of errorHistory is 0.500311 for index 31430, 32/1000.
Terminated at swamp 0.5.
The last entry of errorHistory is 0.500421 for index 31431, 32/1000.
Terminated at swamp 0.5.
The last entry of errorHistory is 0.500099 for index 31432, 32/1000.
Terminated at swamp 0.5.
The last entry of errorHistory is 0.500502 for index 31433, 32/1000.
Terminated at swamp 1.
The last entry of errorHistory is 1.000036 for index 31434, 32/1000.
The last entry of errorHistory is 1.000000 for index 31435, 32/1000.
Terminated at swamp 1.
The last entry of errorHistory is 1.000424 for index 31436, 32/1000.
Terminated at swamp 1.
The last entry of errorHistory is 1.000059 for index 31437, 32/1000.
Terminated at swamp 0.5.
The last entry of errorHistory is 0.500000 for index 31438, 32/1000.
The last entry of errorHistory is 1.000000 for index 31439, 32/1000.
Terminated at swamp 1.
The last entry of errorHistory is 1.000073 for index 31440, 32/1000.
The last entry of errorHistory is 1.000000 for index 31441, 32/1000.
The last entry of errorHistory is 0.000042 for index 31442, 32/1000.
Terminated at swamp 1.
The last entry of errorHistory is 1.000000 for index 31443, 32/1000.
Terminated at swamp 0.5.
The last entry of errorHistory is 0.500327 for index 31444, 32/1000.
Terminated at swamp 0.5.
The last entry of errorHistory is 0.500327 for index 31445, 32/1000.
Terminated at swamp 0.5.
The last entry of errorHistory is 0.500526 for index 31446, 32/1000.
Terminated at swamp 0.5.
The last entry of errorHistory is 0.500512 for index 31447, 32/1000.
Terminated at swamp 0.5.
The last entry of errorHistory is 0.500250 for index 31448, 32/1000.
Terminated at swamp 1.
The last entry of errorHistory is 1.000152 for index 31449, 32/1000.
The last entry of errorHistory is 0.500000 for index 31450, 32/1000.
The last entry of errorHistory is 1.000000 for index 31451, 32/1000.
The last entry of errorHistory is 1.000000 for index 31452, 32/1000.
The last entry of errorHistory is 1.000000 for index 31453, 32/1000.
Terminated at swamp 0.5.
The last entry of errorHistory is 0.500566 for index 31454, 32/1000.
Terminated at swamp 0.5.
The last entry of errorHistory is 0.500356 for index 31455, 32/1000.
Terminated at swamp 1.
The last entry of errorHistory is 1.000000 for index 31456, 32/1000.
Terminated at swamp 0.5.
The last entry of errorHistory is 0.500359 for index 31457, 32/1000.
Terminated at swamp 0.5.
The last entry of errorHistory is 0.500194 for index 31458, 32/1000.
Terminated at swamp 1.
The last entry of errorHistory is 1.000002 for index 31459, 32/1000.
Terminated at swamp 0.5.
The last entry of errorHistory is 0.500072 for index 31460, 32/1000.
Terminated at swamp 0.5.
The last entry of errorHistory is 0.500321 for index 31461, 32/1000.
The last entry of errorHistory is 0.000038 for index 31462, 32/1000.
The last entry of errorHistory is 0.500000 for index 31463, 32/1000.
The last entry of errorHistory is 1.000000 for index 31464, 32/1000.
Terminated at swamp 0.5.
The last entry of errorHistory is 0.500317 for index 31465, 32/1000.
The last entry of errorHistory is 1.000000 for index 31466, 32/1000.
The last entry of errorHistory is 0.000019 for index 31467, 32/1000.
Terminated at swamp 0.5.
The last entry of errorHistory is 0.500013 for index 31468, 32/1000.
Terminated at swamp 0.5.
The last entry of errorHistory is 0.500613 for index 31469, 32/1000.
Terminated at swamp 0.5.
The last entry of errorHistory is 0.500308 for index 31470, 32/1000.
Terminated at swamp 0.5.
The last entry of errorHistory is 0.500159 for index 31471, 32/1000.
Terminated at swamp 0.5.
The last entry of errorHistory is 0.500210 for index 31472, 32/1000.
Terminated at swamp 0.5.
The last entry of errorHistory is 0.500249 for index 31473, 32/1000.
Terminated at swamp 0.5.
The last entry of errorHistory is 0.500399 for index 31474, 32/1000.
Terminated at swamp 0.5.
The last entry of errorHistory is 0.500152 for index 31475, 32/1000.
The last entry of errorHistory is 1.000000 for index 31476, 32/1000.
The last entry of errorHistory is 0.000039 for index 31477, 32/1000.
The last entry of errorHistory is 0.000026 for index 31478, 32/1000.
Terminated at swamp 1.
The last entry of errorHistory is 1.000180 for index 31479, 32/1000.
Terminated at swamp 1.
The last entry of errorHistory is 1.000543 for index 31480, 32/1000.
Terminated at swamp 0.5.
The last entry of errorHistory is 0.500547 for index 31481, 32/1000.
Terminated at swamp 0.5.
The last entry of errorHistory is 0.500466 for index 31482, 32/1000.
Terminated at swamp 1.
The last entry of errorHistory is 1.000000 for index 31483, 32/1000.
The last entry of errorHistory is 1.000000 for index 31484, 32/1000.
Terminated at swamp 0.5.
The last entry of errorHistory is 0.500682 for index 31485, 32/1000.
Terminated at swamp 0.5.
The last entry of errorHistory is 0.500249 for index 31486, 32/1000.
The last entry of errorHistory is 0.500000 for index 31487, 32/1000.
Terminated at swamp 0.5.
The last entry of errorHistory is 0.500228 for index 31488, 32/1000.
Terminated at swamp 1.
The last entry of errorHistory is 1.000000 for index 31489, 32/1000.
The last entry of errorHistory is 0.500000 for index 31490, 32/1000.
Terminated at swamp 0.5.
The last entry of errorHistory is 0.500037 for index 31491, 32/1000.
The last entry of errorHistory is 1.500000 for index 31492, 32/1000.
Terminated at swamp 0.5.
The last entry of errorHistory is 0.500561 for index 31493, 32/1000.
Terminated at swamp 0.5.
The last entry of errorHistory is 0.500282 for index 31494, 32/1000.
The last entry of errorHistory is 0.000026 for index 31495, 32/1000.
Terminated at swamp 0.5.
The last entry of errorHistory is 0.500365 for index 31496, 32/1000.
The last entry of errorHistory is 0.000022 for index 31497, 32/1000.
Terminated at swamp 1.5.
The last entry of errorHistory is 1.500106 for index 31498, 32/1000.
Terminated at swamp 0.5.
The last entry of errorHistory is 0.500407 for index 31499, 32/1000.
Terminated at swamp 0.5.
The last entry of errorHistory is 0.500229 for index 31500, 32/1000.
Terminated at swamp 1.
The last entry of errorHistory is 1.000226 for index 31501, 32/1000.
Terminated at swamp 0.5.
The last entry of errorHistory is 0.500363 for index 31502, 32/1000.
Terminated at swamp 0.5.
The last entry of errorHistory is 0.500634 for index 31503, 32/1000.
Terminated at swamp 1.
The last entry of errorHistory is 1.000122 for index 31504, 32/1000.
The last entry of errorHistory is 0.000019 for index 31505, 32/1000.
Terminated at swamp 0.5.
The last entry of errorHistory is 0.500463 for index 31506, 32/1000.
Terminated at swamp 1.
The last entry of errorHistory is 1.000417 for index 31507, 32/1000.
Terminated at swamp 0.5.
The last entry of errorHistory is 0.500032 for index 31508, 32/1000.
Terminated at swamp 0.5.
The last entry of errorHistory is 0.500406 for index 31509, 32/1000.
Terminated at swamp 0.5.
The last entry of errorHistory is 0.500613 for index 31510, 32/1000.
The last entry of errorHistory is 0.000011 for index 31511, 32/1000.
Terminated at swamp 0.5.
The last entry of errorHistory is 0.500085 for index 31512, 32/1000.
The last entry of errorHistory is 0.500000 for index 31513, 32/1000.
Terminated at swamp 0.5.
The last entry of errorHistory is 0.500339 for index 31514, 32/1000.
Terminated at swamp 0.5.
The last entry of errorHistory is 0.500722 for index 31515, 32/1000.
Terminated at swamp 1.
The last entry of errorHistory is 1.000026 for index 31516, 32/1000.
The last entry of errorHistory is 0.000117 for index 31517, 32/1000.
Terminated at swamp 0.5.
The last entry of errorHistory is 0.500467 for index 31518, 32/1000.
Terminated at swamp 0.5.
The last entry of errorHistory is 0.500599 for index 31519, 32/1000.
Terminated at swamp 0.5.
The last entry of errorHistory is 0.500167 for index 31520, 32/1000.
The last entry of errorHistory is 0.000014 for index 31521, 32/1000.
The last entry of errorHistory is 0.000012 for index 31522, 32/1000.
Terminated at swamp 1.
The last entry of errorHistory is 1.000002 for index 31523, 32/1000.
The last entry of errorHistory is 0.500000 for index 31524, 32/1000.
The last entry of errorHistory is 0.000056 for index 31525, 32/1000.
The last entry of errorHistory is 0.500000 for index 31526, 32/1000.
The last entry of errorHistory is 1.000000 for index 31527, 32/1000.
Terminated at swamp 0.5.
The last entry of errorHistory is 0.500270 for index 31528, 32/1000.
The last entry of errorHistory is 1.000000 for index 31529, 32/1000.
Terminated at swamp 0.5.
The last entry of errorHistory is 0.500363 for index 31530, 32/1000.
The last entry of errorHistory is 1.500000 for index 31531, 32/1000.
Terminated at swamp 0.5.
The last entry of errorHistory is 0.500172 for index 31532, 32/1000.
The last entry of errorHistory is 1.000000 for index 31533, 32/1000.
Terminated at swamp 0.5.
The last entry of errorHistory is 0.500535 for index 31534, 32/1000.
Terminated at swamp 0.5.
The last entry of errorHistory is 0.500661 for index 31535, 32/1000.
Terminated at swamp 0.5.
The last entry of errorHistory is 0.500433 for index 31536, 32/1000.
The last entry of errorHistory is 1.000000 for index 31537, 32/1000.
The last entry of errorHistory is 0.500000 for index 31538, 32/1000.
Terminated at swamp 0.5.
The last entry of errorHistory is 0.500542 for index 31539, 32/1000.
Terminated at swamp 0.5.
The last entry of errorHistory is 0.500653 for index 31540, 32/1000.
Terminated at swamp 1.
The last entry of errorHistory is 1.000212 for index 31541, 32/1000.
The last entry of errorHistory is 0.000736 for index 31542, 32/1000.
Terminated at swamp 0.5.
The last entry of errorHistory is 0.500305 for index 31543, 32/1000.
Terminated at swamp 1.
The last entry of errorHistory is 1.000000 for index 31544, 32/1000.
Terminated at swamp 0.5.
The last entry of errorHistory is 0.500086 for index 31545, 32/1000.
Terminated at swamp 0.5.
The last entry of errorHistory is 0.500855 for index 31546, 32/1000.
Terminated at swamp 1.
The last entry of errorHistory is 1.000399 for index 31547, 32/1000.
Terminated at swamp 1.
The last entry of errorHistory is 1.000098 for index 31548, 32/1000.
The last entry of errorHistory is 0.500000 for index 31549, 32/1000.
The last entry of errorHistory is 0.000107 for index 31550, 32/1000.
Terminated at swamp 0.5.
The last entry of errorHistory is 0.500505 for index 31551, 32/1000.
Terminated at swamp 1.
The last entry of errorHistory is 1.000170 for index 31552, 32/1000.
The last entry of errorHistory is 1.000000 for index 31553, 32/1000.
Terminated at swamp 1.
The last entry of errorHistory is 1.000000 for index 31554, 32/1000.
Terminated at swamp 0.5.
The last entry of errorHistory is 0.500408 for index 31555, 32/1000.
Terminated at swamp 1.
The last entry of errorHistory is 1.000399 for index 31556, 32/1000.
Terminated at swamp 0.5.
The last entry of errorHistory is 0.500454 for index 31557, 32/1000.
Terminated at swamp 0.5.
The last entry of errorHistory is 0.500146 for index 31558, 32/1000.
Terminated at swamp 1.
The last entry of errorHistory is 1.000044 for index 31559, 32/1000.
The last entry of errorHistory is 1.000000 for index 31560, 32/1000.
The last entry of errorHistory is 1.500000 for index 31561, 32/1000.
The last entry of errorHistory is 0.000015 for index 31562, 32/1000.
Terminated at swamp 0.5.
The last entry of errorHistory is 0.500154 for index 31563, 32/1000.
Terminated at swamp 0.5.
The last entry of errorHistory is 0.500000 for index 31564, 32/1000.
Terminated at swamp 0.5.
The last entry of errorHistory is 0.500000 for index 31565, 32/1000.
The last entry of errorHistory is 1.000000 for index 31566, 32/1000.
Terminated at swamp 0.5.
The last entry of errorHistory is 0.500143 for index 31567, 32/1000.
The last entry of errorHistory is 1.000000 for index 31568, 32/1000.
Terminated at swamp 0.5.
The last entry of errorHistory is 0.500502 for index 31569, 32/1000.
Terminated at swamp 0.5.
The last entry of errorHistory is 0.500430 for index 31570, 32/1000.
The last entry of errorHistory is 1.000000 for index 31571, 32/1000.
Terminated at swamp 0.5.
The last entry of errorHistory is 0.500568 for index 31572, 32/1000.
The last entry of errorHistory is 1.000000 for index 31573, 32/1000.
Terminated at swamp 0.5.
The last entry of errorHistory is 0.500113 for index 31574, 32/1000.
Terminated at swamp 0.5.
The last entry of errorHistory is 0.500041 for index 31575, 32/1000.
The last entry of errorHistory is 1.000000 for index 31576, 32/1000.
Terminated at swamp 1.
The last entry of errorHistory is 1.000199 for index 31577, 32/1000.
Terminated at swamp 1.
The last entry of errorHistory is 1.000149 for index 31578, 32/1000.
The last entry of errorHistory is 1.500000 for index 31579, 32/1000.
Terminated at swamp 0.5.
The last entry of errorHistory is 0.500120 for index 31580, 32/1000.
Terminated at swamp 1.
The last entry of errorHistory is 1.000001 for index 31581, 32/1000.
The last entry of errorHistory is 1.000000 for index 31582, 32/1000.
The last entry of errorHistory is 1.000000 for index 31583, 32/1000.
Terminated at swamp 0.5.
The last entry of errorHistory is 0.500476 for index 31584, 32/1000.
Terminated at swamp 0.5.
The last entry of errorHistory is 0.500933 for index 31585, 32/1000.
Terminated at swamp 0.5.
The last entry of errorHistory is 0.500452 for index 31586, 32/1000.
Terminated at swamp 0.5.
The last entry of errorHistory is 0.500200 for index 31587, 32/1000.
The last entry of errorHistory is 1.000000 for index 31588, 32/1000.
Terminated at swamp 0.5.
The last entry of errorHistory is 0.500256 for index 31589, 32/1000.
Terminated at swamp 0.5.
The last entry of errorHistory is 0.500082 for index 31590, 32/1000.
Terminated at swamp 1.
The last entry of errorHistory is 1.000083 for index 31591, 32/1000.
Terminated at swamp 0.5.
The last entry of errorHistory is 0.500601 for index 31592, 32/1000.
Terminated at swamp 1.
The last entry of errorHistory is 1.000001 for index 31593, 32/1000.
The last entry of errorHistory is 1.000000 for index 31594, 32/1000.
The last entry of errorHistory is 1.000000 for index 31595, 32/1000.
The last entry of errorHistory is 0.000036 for index 31596, 32/1000.
Terminated at swamp 0.5.
The last entry of errorHistory is 0.500502 for index 31597, 32/1000.
Terminated at swamp 0.5.
The last entry of errorHistory is 0.500678 for index 31598, 32/1000.
Terminated at swamp 0.5.
The last entry of errorHistory is 0.500036 for index 31599, 32/1000.
Terminated at swamp 0.5.
The last entry of errorHistory is 0.500584 for index 31600, 32/1000.
Terminated at swamp 0.5.
The last entry of errorHistory is 0.500727 for index 31601, 32/1000.
Terminated at swamp 0.5.
The last entry of errorHistory is 0.500036 for index 31602, 32/1000.
Terminated at swamp 0.5.
The last entry of errorHistory is 0.500054 for index 31603, 32/1000.
Terminated at swamp 1.
The last entry of errorHistory is 1.000012 for index 31604, 32/1000.
Terminated at swamp 0.5.
The last entry of errorHistory is 0.500389 for index 31605, 32/1000.
The last entry of errorHistory is 0.000676 for index 31606, 32/1000.
Terminated at swamp 0.5.
The last entry of errorHistory is 0.500111 for index 31607, 32/1000.
Terminated at swamp 1.
The last entry of errorHistory is 1.000591 for index 31608, 32/1000.
The last entry of errorHistory is 1.000000 for index 31609, 32/1000.
The last entry of errorHistory is 0.000025 for index 31610, 32/1000.
The last entry of errorHistory is 0.000021 for index 31611, 32/1000.
Terminated at swamp 1.
The last entry of errorHistory is 1.000000 for index 31612, 32/1000.
Terminated at swamp 1.
The last entry of errorHistory is 1.000219 for index 31613, 32/1000.
Terminated at swamp 1.
The last entry of errorHistory is 1.000224 for index 31614, 32/1000.
The last entry of errorHistory is 0.500000 for index 31615, 32/1000.
Terminated at swamp 0.5.
The last entry of errorHistory is 0.500485 for index 31616, 32/1000.
Terminated at swamp 1.
The last entry of errorHistory is 1.000000 for index 31617, 32/1000.
Terminated at swamp 0.5.
The last entry of errorHistory is 0.500588 for index 31618, 32/1000.
Terminated at swamp 0.5.
The last entry of errorHistory is 0.500563 for index 31619, 32/1000.
Terminated at swamp 1.
The last entry of errorHistory is 1.000002 for index 31620, 32/1000.
Terminated at swamp 0.5.
The last entry of errorHistory is 0.500124 for index 31621, 32/1000.
Terminated at swamp 0.5.
The last entry of errorHistory is 0.500189 for index 31622, 32/1000.
Terminated at swamp 1.
The last entry of errorHistory is 1.000315 for index 31623, 32/1000.
Terminated at swamp 0.5.
The last entry of errorHistory is 0.500157 for index 31624, 32/1000.
Terminated at swamp 0.5.
The last entry of errorHistory is 0.500220 for index 31625, 32/1000.
Terminated at swamp 0.5.
The last entry of errorHistory is 0.500379 for index 31626, 32/1000.
The last entry of errorHistory is 0.000150 for index 31627, 32/1000.
The last entry of errorHistory is 0.000005 for index 31628, 32/1000.
Terminated at swamp 0.5.
The last entry of errorHistory is 0.500565 for index 31629, 32/1000.
The last entry of errorHistory is 0.500000 for index 31630, 32/1000.
The last entry of errorHistory is 0.000029 for index 31631, 32/1000.
Terminated at swamp 0.5.
The last entry of errorHistory is 0.500731 for index 31632, 32/1000.
Terminated at swamp 0.5.
The last entry of errorHistory is 0.500313 for index 31633, 32/1000.
Terminated at swamp 1.
The last entry of errorHistory is 1.000000 for index 31634, 32/1000.
The last entry of errorHistory is 1.000000 for index 31635, 32/1000.
Terminated at swamp 0.5.
The last entry of errorHistory is 0.500953 for index 31636, 32/1000.
Terminated at swamp 0.5.
The last entry of errorHistory is 0.500320 for index 31637, 32/1000.
Terminated at swamp 0.5.
The last entry of errorHistory is 0.499642 for index 31638, 32/1000.
Terminated at swamp 1.
The last entry of errorHistory is 1.000100 for index 31639, 32/1000.
Terminated at swamp 0.5.
The last entry of errorHistory is 0.500645 for index 31640, 32/1000.
Terminated at swamp 0.5.
The last entry of errorHistory is 0.500513 for index 31641, 32/1000.
Terminated at swamp 1.
The last entry of errorHistory is 1.000130 for index 31642, 32/1000.
Terminated at swamp 1.
The last entry of errorHistory is 1.000001 for index 31643, 32/1000.
Terminated at swamp 0.5.
The last entry of errorHistory is 0.500684 for index 31644, 32/1000.
Terminated at swamp 0.5.
The last entry of errorHistory is 0.500760 for index 31645, 32/1000.
Terminated at swamp 0.5.
The last entry of errorHistory is 0.500544 for index 31646, 32/1000.
The last entry of errorHistory is 0.000018 for index 31647, 32/1000.
Terminated at swamp 0.5.
The last entry of errorHistory is 0.500404 for index 31648, 32/1000.
The last entry of errorHistory is 0.500000 for index 31649, 32/1000.
The last entry of errorHistory is 0.000014 for index 31650, 32/1000.
The last entry of errorHistory is 0.000206 for index 31651, 32/1000.
Terminated at swamp 1.
The last entry of errorHistory is 1.000180 for index 31652, 32/1000.
Terminated at swamp 0.5.
The last entry of errorHistory is 0.500398 for index 31653, 32/1000.
Terminated at swamp 0.5.
The last entry of errorHistory is 0.500299 for index 31654, 32/1000.
The last entry of errorHistory is 1.000000 for index 31655, 32/1000.
Terminated at swamp 1.
The last entry of errorHistory is 1.000186 for index 31656, 32/1000.
Terminated at swamp 1.
The last entry of errorHistory is 1.000000 for index 31657, 32/1000.
Terminated at swamp 0.5.
The last entry of errorHistory is 0.500448 for index 31658, 32/1000.
Terminated at swamp 0.5.
The last entry of errorHistory is 0.500011 for index 31659, 32/1000.
Terminated at swamp 0.5.
The last entry of errorHistory is 0.500197 for index 31660, 32/1000.
Terminated at swamp 0.5.
The last entry of errorHistory is 0.500008 for index 31661, 32/1000.
Terminated at swamp 0.5.
The last entry of errorHistory is 0.500453 for index 31662, 32/1000.
Terminated at swamp 0.5.
The last entry of errorHistory is 0.500568 for index 31663, 32/1000.
The last entry of errorHistory is 0.000017 for index 31664, 32/1000.
Terminated at swamp 0.5.
The last entry of errorHistory is 0.500647 for index 31665, 32/1000.
The last entry of errorHistory is 1.000000 for index 31666, 32/1000.
Terminated at swamp 0.5.
The last entry of errorHistory is 0.500202 for index 31667, 32/1000.
Terminated at swamp 0.5.
The last entry of errorHistory is 0.500224 for index 31668, 32/1000.
The last entry of errorHistory is 0.500000 for index 31669, 32/1000.
The last entry of errorHistory is 1.000000 for index 31670, 32/1000.
Terminated at swamp 0.5.
The last entry of errorHistory is 0.500360 for index 31671, 32/1000.
The last entry of errorHistory is 1.000000 for index 31672, 32/1000.
The last entry of errorHistory is 0.000023 for index 31673, 32/1000.
Terminated at swamp 0.5.
The last entry of errorHistory is 0.500576 for index 31674, 32/1000.
Terminated at swamp 0.5.
The last entry of errorHistory is 0.500420 for index 31675, 32/1000.
Terminated at swamp 0.5.
The last entry of errorHistory is 0.500513 for index 31676, 32/1000.
Terminated at swamp 0.5.
The last entry of errorHistory is 0.500062 for index 31677, 32/1000.
The last entry of errorHistory is 1.000000 for index 31678, 32/1000.
Terminated at swamp 1.5.
The last entry of errorHistory is 1.500000 for index 31679, 32/1000.
Terminated at swamp 0.5.
The last entry of errorHistory is 0.500744 for index 31680, 32/1000.
Terminated at swamp 0.5.
The last entry of errorHistory is 0.500001 for index 31681, 32/1000.
The last entry of errorHistory is 1.000000 for index 31682, 32/1000.
Terminated at swamp 0.5.
The last entry of errorHistory is 0.500146 for index 31683, 32/1000.
The last entry of errorHistory is 0.500000 for index 31684, 32/1000.
The last entry of errorHistory is 1.000000 for index 31685, 32/1000.
Terminated at swamp 0.5.
The last entry of errorHistory is 0.500110 for index 31686, 32/1000.
The last entry of errorHistory is 1.000000 for index 31687, 32/1000.
The last entry of errorHistory is 1.000000 for index 31688, 32/1000.
Terminated at swamp 0.5.
The last entry of errorHistory is 0.500063 for index 31689, 32/1000.
The last entry of errorHistory is 0.000036 for index 31690, 32/1000.
Terminated at swamp 0.5.
The last entry of errorHistory is 0.500429 for index 31691, 32/1000.
Terminated at swamp 0.5.
The last entry of errorHistory is 0.500042 for index 31692, 32/1000.
Terminated at swamp 1.
The last entry of errorHistory is 1.000086 for index 31693, 32/1000.
Terminated at swamp 0.5.
The last entry of errorHistory is 0.500101 for index 31694, 32/1000.
Terminated at swamp 0.5.
The last entry of errorHistory is 0.500631 for index 31695, 32/1000.
Terminated at swamp 1.
The last entry of errorHistory is 1.000000 for index 31696, 32/1000.
Terminated at swamp 0.5.
The last entry of errorHistory is 0.500665 for index 31697, 32/1000.
Terminated at swamp 1.
The last entry of errorHistory is 1.000393 for index 31698, 32/1000.
The last entry of errorHistory is 0.000011 for index 31699, 32/1000.
Terminated at swamp 0.5.
The last entry of errorHistory is 0.500505 for index 31700, 32/1000.
The last entry of errorHistory is 1.000000 for index 31701, 32/1000.
Terminated at swamp 0.5.
The last entry of errorHistory is 0.500299 for index 31702, 32/1000.
Terminated at swamp 1.
The last entry of errorHistory is 1.000214 for index 31703, 32/1000.
The last entry of errorHistory is 1.000000 for index 31704, 32/1000.
The last entry of errorHistory is 0.000013 for index 31705, 32/1000.
Terminated at swamp 0.5.
The last entry of errorHistory is 0.500000 for index 31706, 32/1000.
Terminated at swamp 0.5.
The last entry of errorHistory is 0.500015 for index 31707, 32/1000.
Terminated at swamp 0.5.
The last entry of errorHistory is 0.500720 for index 31708, 32/1000.
Terminated at swamp 0.5.
The last entry of errorHistory is 0.500549 for index 31709, 32/1000.
Terminated at swamp 1.
The last entry of errorHistory is 1.000000 for index 31710, 32/1000.
Terminated at swamp 0.5.
The last entry of errorHistory is 0.500112 for index 31711, 32/1000.
The last entry of errorHistory is 0.000010 for index 31712, 32/1000.
Terminated at swamp 1.
The last entry of errorHistory is 1.000416 for index 31713, 32/1000.
Terminated at swamp 1.
The last entry of errorHistory is 1.000237 for index 31714, 32/1000.
Terminated at swamp 1.
The last entry of errorHistory is 1.000011 for index 31715, 32/1000.
Terminated at swamp 0.5.
The last entry of errorHistory is 0.500474 for index 31716, 32/1000.
Terminated at swamp 0.5.
The last entry of errorHistory is 0.500913 for index 31717, 32/1000.
Terminated at swamp 1.
The last entry of errorHistory is 1.000078 for index 31718, 32/1000.
The last entry of errorHistory is 1.500000 for index 31719, 32/1000.
Terminated at swamp 0.5.
The last entry of errorHistory is 0.500000 for index 31720, 32/1000.
Terminated at swamp 0.5.
The last entry of errorHistory is 0.500320 for index 31721, 32/1000.
The last entry of errorHistory is 0.500000 for index 31722, 32/1000.
Terminated at swamp 0.5.
The last entry of errorHistory is 0.500595 for index 31723, 32/1000.
Terminated at swamp 0.5.
The last entry of errorHistory is 0.500590 for index 31724, 32/1000.
Terminated at swamp 0.5.
The last entry of errorHistory is 0.500421 for index 31725, 32/1000.
Terminated at swamp 0.5.
The last entry of errorHistory is 0.500098 for index 31726, 32/1000.
Terminated at swamp 0.5.
The last entry of errorHistory is 0.500007 for index 31727, 32/1000.
Terminated at swamp 0.5.
The last entry of errorHistory is 0.500508 for index 31728, 32/1000.
Terminated at swamp 0.5.
The last entry of errorHistory is 0.500352 for index 31729, 32/1000.
Terminated at swamp 0.5.
The last entry of errorHistory is 0.500470 for index 31730, 32/1000.
The last entry of errorHistory is 1.500000 for index 31731, 32/1000.
Terminated at swamp 0.5.
The last entry of errorHistory is 0.500082 for index 31732, 32/1000.
Terminated at swamp 0.5.
The last entry of errorHistory is 0.500644 for index 31733, 32/1000.
The last entry of errorHistory is 1.000000 for index 31734, 32/1000.
Terminated at swamp 0.5.
The last entry of errorHistory is 0.500892 for index 31735, 32/1000.
The last entry of errorHistory is 0.000269 for index 31736, 32/1000.
The last entry of errorHistory is 1.000000 for index 31737, 32/1000.
Terminated at swamp 0.5.
The last entry of errorHistory is 0.500168 for index 31738, 32/1000.
Terminated at swamp 0.5.
The last entry of errorHistory is 0.500644 for index 31739, 32/1000.
Terminated at swamp 0.5.
The last entry of errorHistory is 0.500343 for index 31740, 32/1000.
Terminated at swamp 1.
The last entry of errorHistory is 1.000284 for index 31741, 32/1000.
The last entry of errorHistory is 0.000017 for index 31742, 32/1000.
Terminated at swamp 0.5.
The last entry of errorHistory is 0.500512 for index 31743, 32/1000.
Terminated at swamp 0.5.
The last entry of errorHistory is 0.500431 for index 31744, 32/1000.
The last entry of errorHistory is 0.000040 for index 31745, 32/1000.
The last entry of errorHistory is 1.000000 for index 31746, 32/1000.
Terminated at swamp 0.5.
The last entry of errorHistory is 0.500403 for index 31747, 32/1000.
Terminated at swamp 0.5.
The last entry of errorHistory is 0.500550 for index 31748, 32/1000.
Terminated at swamp 0.5.
The last entry of errorHistory is 0.500372 for index 31749, 32/1000.
Terminated at swamp 0.5.
The last entry of errorHistory is 0.500229 for index 31750, 32/1000.
Terminated at swamp 1.
The last entry of errorHistory is 1.000004 for index 31751, 32/1000.
The last entry of errorHistory is 0.500000 for index 31752, 32/1000.
Terminated at swamp 0.5.
The last entry of errorHistory is 0.500000 for index 31753, 32/1000.
Terminated at swamp 0.5.
The last entry of errorHistory is 0.500366 for index 31754, 32/1000.
The last entry of errorHistory is 0.000041 for index 31755, 32/1000.
Terminated at swamp 0.5.
The last entry of errorHistory is 0.500537 for index 31756, 32/1000.
Terminated at swamp 0.5.
The last entry of errorHistory is 0.500724 for index 31757, 32/1000.
The last entry of errorHistory is 1.000000 for index 31758, 32/1000.
Terminated at swamp 0.5.
The last entry of errorHistory is 0.500287 for index 31759, 32/1000.
Terminated at swamp 0.5.
The last entry of errorHistory is 0.500600 for index 31760, 32/1000.
Terminated at swamp 0.5.
The last entry of errorHistory is 0.500308 for index 31761, 32/1000.
Terminated at swamp 0.5.
The last entry of errorHistory is 0.500462 for index 31762, 32/1000.
Terminated at swamp 1.
The last entry of errorHistory is 1.000001 for index 31763, 32/1000.
Terminated at swamp 1.
The last entry of errorHistory is 1.000077 for index 31764, 32/1000.
The last entry of errorHistory is 0.000012 for index 31765, 32/1000.
The last entry of errorHistory is 1.000000 for index 31766, 32/1000.
Terminated at swamp 0.5.
The last entry of errorHistory is 0.500318 for index 31767, 32/1000.
Terminated at swamp 0.5.
The last entry of errorHistory is 0.500045 for index 31768, 32/1000.
Terminated at swamp 0.5.
The last entry of errorHistory is 0.500332 for index 31769, 32/1000.
Terminated at swamp 0.5.
The last entry of errorHistory is 0.500274 for index 31770, 32/1000.
The last entry of errorHistory is 1.000000 for index 31771, 32/1000.
The last entry of errorHistory is 0.500000 for index 31772, 32/1000.
The last entry of errorHistory is 1.000000 for index 31773, 32/1000.
Terminated at swamp 0.5.
The last entry of errorHistory is 0.500104 for index 31774, 32/1000.
The last entry of errorHistory is 0.500000 for index 31775, 32/1000.
Terminated at swamp 0.5.
The last entry of errorHistory is 0.500448 for index 31776, 32/1000.
Terminated at swamp 0.5.
The last entry of errorHistory is 0.500362 for index 31777, 32/1000.
Terminated at swamp 0.5.
The last entry of errorHistory is 0.500448 for index 31778, 32/1000.
The last entry of errorHistory is 1.500000 for index 31779, 32/1000.
Terminated at swamp 1.
The last entry of errorHistory is 1.000053 for index 31780, 32/1000.
Terminated at swamp 0.5.
The last entry of errorHistory is 0.500892 for index 31781, 32/1000.
Terminated at swamp 0.5.
The last entry of errorHistory is 0.500000 for index 31782, 32/1000.
Terminated at swamp 0.5.
The last entry of errorHistory is 0.500712 for index 31783, 32/1000.
The last entry of errorHistory is 1.000000 for index 31784, 32/1000.
Terminated at swamp 1.
The last entry of errorHistory is 1.000107 for index 31785, 32/1000.
Terminated at swamp 0.5.
The last entry of errorHistory is 0.500535 for index 31786, 32/1000.
The last entry of errorHistory is 0.000572 for index 31787, 32/1000.
The last entry of errorHistory is 0.000133 for index 31788, 32/1000.
The last entry of errorHistory is 0.000024 for index 31789, 32/1000.
Terminated at swamp 0.5.
The last entry of errorHistory is 0.500336 for index 31790, 32/1000.
The last entry of errorHistory is 1.000000 for index 31791, 32/1000.
The last entry of errorHistory is 0.000015 for index 31792, 32/1000.
Terminated at swamp 0.5.
The last entry of errorHistory is 0.500567 for index 31793, 32/1000.
The last entry of errorHistory is 0.500000 for index 31794, 32/1000.
Terminated at swamp 0.5.
The last entry of errorHistory is 0.500057 for index 31795, 32/1000.
Terminated at swamp 0.5.
The last entry of errorHistory is 0.500059 for index 31796, 32/1000.
Terminated at swamp 0.5.
The last entry of errorHistory is 0.500683 for index 31797, 32/1000.
The last entry of errorHistory is 0.000021 for index 31798, 32/1000.
The last entry of errorHistory is 0.000019 for index 31799, 32/1000.
The last entry of errorHistory is 1.500000 for index 31800, 32/1000.
Terminated at swamp 0.5.
The last entry of errorHistory is 0.500112 for index 31801, 32/1000.
Terminated at swamp 0.5.
The last entry of errorHistory is 0.500722 for index 31802, 32/1000.
Terminated at swamp 0.5.
The last entry of errorHistory is 0.500560 for index 31803, 32/1000.
Terminated at swamp 0.5.
The last entry of errorHistory is 0.500366 for index 31804, 32/1000.
The last entry of errorHistory is 1.000000 for index 31805, 32/1000.
The last entry of errorHistory is 0.000016 for index 31806, 32/1000.
Terminated at swamp 0.5.
The last entry of errorHistory is 0.500327 for index 31807, 32/1000.
Terminated at swamp 0.5.
The last entry of errorHistory is 0.500405 for index 31808, 32/1000.
Terminated at swamp 0.5.
The last entry of errorHistory is 0.500418 for index 31809, 32/1000.
The last entry of errorHistory is 1.000000 for index 31810, 32/1000.
Terminated at swamp 0.5.
The last entry of errorHistory is 0.500494 for index 31811, 32/1000.
Terminated at swamp 0.5.
The last entry of errorHistory is 0.500008 for index 31812, 32/1000.
Terminated at swamp 0.5.
The last entry of errorHistory is 0.500285 for index 31813, 32/1000.
Terminated at swamp 0.5.
The last entry of errorHistory is 0.500196 for index 31814, 32/1000.
Terminated at swamp 0.5.
The last entry of errorHistory is 0.500033 for index 31815, 32/1000.
Terminated at swamp 0.5.
The last entry of errorHistory is 0.500491 for index 31816, 32/1000.
The last entry of errorHistory is 1.000000 for index 31817, 32/1000.
Terminated at swamp 1.
The last entry of errorHistory is 1.000000 for index 31818, 32/1000.
Terminated at swamp 1.
The last entry of errorHistory is 1.000144 for index 31819, 32/1000.
The last entry of errorHistory is 0.500000 for index 31820, 32/1000.
Terminated at swamp 0.5.
The last entry of errorHistory is 0.500315 for index 31821, 32/1000.
The last entry of errorHistory is 0.000018 for index 31822, 32/1000.
Terminated at swamp 0.5.
The last entry of errorHistory is 0.500425 for index 31823, 32/1000.
The last entry of errorHistory is 0.500000 for index 31824, 32/1000.
The last entry of errorHistory is 0.500000 for index 31825, 32/1000.
The last entry of errorHistory is 0.000014 for index 31826, 32/1000.
Terminated at swamp 1.
The last entry of errorHistory is 1.000364 for index 31827, 32/1000.
Terminated at swamp 0.5.
The last entry of errorHistory is 0.500403 for index 31828, 32/1000.
Terminated at swamp 0.5.
The last entry of errorHistory is 0.500695 for index 31829, 32/1000.
Terminated at swamp 0.5.
The last entry of errorHistory is 0.500555 for index 31830, 32/1000.
Terminated at swamp 0.5.
The last entry of errorHistory is 0.500272 for index 31831, 32/1000.
Terminated at swamp 0.5.
The last entry of errorHistory is 0.500274 for index 31832, 32/1000.
The last entry of errorHistory is 1.000000 for index 31833, 32/1000.
The last entry of errorHistory is 1.000000 for index 31834, 32/1000.
The last entry of errorHistory is 0.500000 for index 31835, 32/1000.
Terminated at swamp 0.5.
The last entry of errorHistory is 0.500236 for index 31836, 32/1000.
Terminated at swamp 1.
The last entry of errorHistory is 1.000105 for index 31837, 32/1000.
Terminated at swamp 0.5.
The last entry of errorHistory is 0.500381 for index 31838, 32/1000.
The last entry of errorHistory is 1.000000 for index 31839, 32/1000.
Terminated at swamp 0.5.
The last entry of errorHistory is 0.500326 for index 31840, 32/1000.
Terminated at swamp 0.5.
The last entry of errorHistory is 0.500478 for index 31841, 32/1000.
The last entry of errorHistory is 0.000638 for index 31842, 32/1000.
The last entry of errorHistory is 1.000000 for index 31843, 32/1000.
Terminated at swamp 0.5.
The last entry of errorHistory is 0.500493 for index 31844, 32/1000.
Terminated at swamp 0.5.
The last entry of errorHistory is 0.500188 for index 31845, 32/1000.
Terminated at swamp 0.5.
The last entry of errorHistory is 0.500395 for index 31846, 32/1000.
Terminated at swamp 1.
The last entry of errorHistory is 1.000049 for index 31847, 32/1000.
Terminated at swamp 1.
The last entry of errorHistory is 1.000274 for index 31848, 32/1000.
Terminated at swamp 0.5.
The last entry of errorHistory is 0.500564 for index 31849, 32/1000.
Terminated at swamp 0.5.
The last entry of errorHistory is 0.500468 for index 31850, 32/1000.
Terminated at swamp 0.5.
The last entry of errorHistory is 0.500434 for index 31851, 32/1000.
The last entry of errorHistory is 1.000000 for index 31852, 32/1000.
The last entry of errorHistory is 1.000000 for index 31853, 32/1000.
The last entry of errorHistory is 0.000025 for index 31854, 32/1000.
The last entry of errorHistory is 1.000000 for index 31855, 32/1000.
Terminated at swamp 0.5.
The last entry of errorHistory is 0.500293 for index 31856, 32/1000.
The last entry of errorHistory is 0.000009 for index 31857, 32/1000.
The last entry of errorHistory is 1.000000 for index 31858, 32/1000.
The last entry of errorHistory is 0.000027 for index 31859, 32/1000.
Terminated at swamp 0.5.
The last entry of errorHistory is 0.500126 for index 31860, 32/1000.
Terminated at swamp 0.5.
The last entry of errorHistory is 0.500328 for index 31861, 32/1000.
Terminated at swamp 0.5.
The last entry of errorHistory is 0.500418 for index 31862, 32/1000.
Terminated at swamp 1.
The last entry of errorHistory is 1.000174 for index 31863, 32/1000.
Terminated at swamp 0.5.
The last entry of errorHistory is 0.500424 for index 31864, 32/1000.
Terminated at swamp 0.5.
The last entry of errorHistory is 0.500657 for index 31865, 32/1000.
Terminated at swamp 0.5.
The last entry of errorHistory is 0.500249 for index 31866, 32/1000.
The last entry of errorHistory is 0.000010 for index 31867, 32/1000.
Terminated at swamp 1.
The last entry of errorHistory is 1.000022 for index 31868, 32/1000.
Terminated at swamp 0.5.
The last entry of errorHistory is 0.500334 for index 31869, 32/1000.
Terminated at swamp 0.5.
The last entry of errorHistory is 0.500450 for index 31870, 32/1000.
Terminated at swamp 0.5.
The last entry of errorHistory is 0.500368 for index 31871, 32/1000.
The last entry of errorHistory is 0.000943 for index 31872, 32/1000.
Terminated at swamp 0.5.
The last entry of errorHistory is 0.500298 for index 31873, 32/1000.
The last entry of errorHistory is 0.500000 for index 31874, 32/1000.
Terminated at swamp 0.5.
The last entry of errorHistory is 0.500383 for index 31875, 32/1000.
The last entry of errorHistory is 0.000063 for index 31876, 32/1000.
Terminated at swamp 1.
The last entry of errorHistory is 1.000002 for index 31877, 32/1000.
Terminated at swamp 0.5.
The last entry of errorHistory is 0.500283 for index 31878, 32/1000.
Terminated at swamp 0.5.
The last entry of errorHistory is 0.500401 for index 31879, 32/1000.
Terminated at swamp 0.5.
The last entry of errorHistory is 0.500000 for index 31880, 32/1000.
The last entry of errorHistory is 1.000000 for index 31881, 32/1000.
Terminated at swamp 0.5.
The last entry of errorHistory is 0.500626 for index 31882, 32/1000.
Terminated at swamp 1.
The last entry of errorHistory is 0.999952 for index 31883, 32/1000.
Terminated at swamp 0.5.
The last entry of errorHistory is 0.500377 for index 31884, 32/1000.
The last entry of errorHistory is 1.000000 for index 31885, 32/1000.
The last entry of errorHistory is 0.500000 for index 31886, 32/1000.
The last entry of errorHistory is 0.501225 for index 31887, 32/1000.
Terminated at swamp 0.5.
The last entry of errorHistory is 0.500042 for index 31888, 32/1000.
Terminated at swamp 0.5.
The last entry of errorHistory is 0.500432 for index 31889, 32/1000.
Terminated at swamp 0.5.
The last entry of errorHistory is 0.500605 for index 31890, 32/1000.
Terminated at swamp 0.5.
The last entry of errorHistory is 0.500337 for index 31891, 32/1000.
The last entry of errorHistory is 0.500000 for index 31892, 32/1000.
The last entry of errorHistory is 0.000031 for index 31893, 32/1000.
Terminated at swamp 0.5.
The last entry of errorHistory is 0.500523 for index 31894, 32/1000.
Terminated at swamp 0.5.
The last entry of errorHistory is 0.500296 for index 31895, 32/1000.
Terminated at swamp 1.
The last entry of errorHistory is 1.000003 for index 31896, 32/1000.
Terminated at swamp 1.
The last entry of errorHistory is 1.000328 for index 31897, 32/1000.
Terminated at swamp 1.
The last entry of errorHistory is 1.000608 for index 31898, 32/1000.
Terminated at swamp 0.5.
The last entry of errorHistory is 0.500002 for index 31899, 32/1000.
Terminated at swamp 0.5.
The last entry of errorHistory is 0.500508 for index 31900, 32/1000.
The last entry of errorHistory is 1.000000 for index 31901, 32/1000.
Terminated at swamp 0.5.
The last entry of errorHistory is 0.500033 for index 31902, 32/1000.
Terminated at swamp 0.5.
The last entry of errorHistory is 0.500228 for index 31903, 32/1000.
Terminated at swamp 0.5.
The last entry of errorHistory is 0.500493 for index 31904, 32/1000.
Terminated at swamp 1.
The last entry of errorHistory is 1.000417 for index 31905, 32/1000.
The last entry of errorHistory is 0.500000 for index 31906, 32/1000.
Terminated at swamp 0.5.
The last entry of errorHistory is 0.500596 for index 31907, 32/1000.
The last entry of errorHistory is 0.500000 for index 31908, 32/1000.
The last entry of errorHistory is 1.500000 for index 31909, 32/1000.
The last entry of errorHistory is 1.000000 for index 31910, 32/1000.
The last entry of errorHistory is 1.000000 for index 31911, 32/1000.
Terminated at swamp 1.
The last entry of errorHistory is 1.000094 for index 31912, 32/1000.
Terminated at swamp 0.5.
The last entry of errorHistory is 0.500637 for index 31913, 32/1000.
Terminated at swamp 1.
The last entry of errorHistory is 1.000425 for index 31914, 32/1000.
The last entry of errorHistory is 1.000000 for index 31915, 32/1000.
Terminated at swamp 0.5.
The last entry of errorHistory is 0.500203 for index 31916, 32/1000.
Terminated at swamp 0.5.
The last entry of errorHistory is 0.500166 for index 31917, 32/1000.
Terminated at swamp 1.
The last entry of errorHistory is 1.000107 for index 31918, 32/1000.
The last entry of errorHistory is 0.500000 for index 31919, 32/1000.
Terminated at swamp 1.
The last entry of errorHistory is 1.000003 for index 31920, 32/1000.
Terminated at swamp 0.5.
The last entry of errorHistory is 0.500521 for index 31921, 32/1000.
Terminated at swamp 0.5.
The last entry of errorHistory is 0.500575 for index 31922, 32/1000.
Terminated at swamp 0.5.
The last entry of errorHistory is 0.500657 for index 31923, 32/1000.
The last entry of errorHistory is 0.500000 for index 31924, 32/1000.
The last entry of errorHistory is 0.000643 for index 31925, 32/1000.
Terminated at swamp 0.5.
The last entry of errorHistory is 0.500029 for index 31926, 32/1000.
Terminated at swamp 1.
The last entry of errorHistory is 1.000321 for index 31927, 32/1000.
The last entry of errorHistory is 0.000910 for index 31928, 32/1000.
The last entry of errorHistory is 1.000000 for index 31929, 32/1000.
The last entry of errorHistory is 1.000000 for index 31930, 32/1000.
The last entry of errorHistory is 1.000000 for index 31931, 32/1000.
Terminated at swamp 0.5.
The last entry of errorHistory is 0.500645 for index 31932, 32/1000.
The last entry of errorHistory is 0.000038 for index 31933, 32/1000.
The last entry of errorHistory is 0.000021 for index 31934, 32/1000.
Terminated at swamp 0.5.
The last entry of errorHistory is 0.500563 for index 31935, 32/1000.
Terminated at swamp 0.5.
The last entry of errorHistory is 0.500316 for index 31936, 32/1000.
The last entry of errorHistory is 1.000000 for index 31937, 32/1000.
Terminated at swamp 1.
The last entry of errorHistory is 1.000000 for index 31938, 32/1000.
Terminated at swamp 0.5.
The last entry of errorHistory is 0.500373 for index 31939, 32/1000.
Terminated at swamp 0.5.
The last entry of errorHistory is 0.500500 for index 31940, 32/1000.
Terminated at swamp 0.5.
The last entry of errorHistory is 0.500393 for index 31941, 32/1000.
Terminated at swamp 0.5.
The last entry of errorHistory is 0.500191 for index 31942, 32/1000.
Terminated at swamp 0.5.
The last entry of errorHistory is 0.500573 for index 31943, 32/1000.
The last entry of errorHistory is 0.500000 for index 31944, 32/1000.
The last entry of errorHistory is 1.000000 for index 31945, 32/1000.
Terminated at swamp 0.5.
The last entry of errorHistory is 0.500000 for index 31946, 32/1000.
Terminated at swamp 1.
The last entry of errorHistory is 1.000000 for index 31947, 32/1000.
Terminated at swamp 0.5.
The last entry of errorHistory is 0.500407 for index 31948, 32/1000.
Terminated at swamp 0.5.
The last entry of errorHistory is 0.500412 for index 31949, 32/1000.
The last entry of errorHistory is 1.000000 for index 31950, 32/1000.
The last entry of errorHistory is 0.001418 for index 31951, 32/1000.
Terminated at swamp 1.
The last entry of errorHistory is 1.000105 for index 31952, 32/1000.
Terminated at swamp 0.5.
The last entry of errorHistory is 0.500296 for index 31953, 32/1000.
The last entry of errorHistory is 0.000031 for index 31954, 32/1000.
Terminated at swamp 0.5.
The last entry of errorHistory is 0.500044 for index 31955, 32/1000.
The last entry of errorHistory is 1.000000 for index 31956, 32/1000.
Terminated at swamp 0.5.
The last entry of errorHistory is 0.500733 for index 31957, 32/1000.
The last entry of errorHistory is 1.500000 for index 31958, 32/1000.
Terminated at swamp 0.5.
The last entry of errorHistory is 0.500075 for index 31959, 32/1000.
Terminated at swamp 0.5.
The last entry of errorHistory is 0.500510 for index 31960, 32/1000.
Terminated at swamp 1.
The last entry of errorHistory is 1.000322 for index 31961, 32/1000.
Terminated at swamp 0.5.
The last entry of errorHistory is 0.500055 for index 31962, 32/1000.
Terminated at swamp 0.5.
The last entry of errorHistory is 0.500725 for index 31963, 32/1000.
The last entry of errorHistory is 0.500000 for index 31964, 32/1000.
The last entry of errorHistory is 0.500000 for index 31965, 32/1000.
The last entry of errorHistory is 1.000000 for index 31966, 32/1000.
The last entry of errorHistory is 0.000547 for index 31967, 32/1000.
Terminated at swamp 0.5.
The last entry of errorHistory is 0.500597 for index 31968, 32/1000.
Terminated at swamp 0.5.
The last entry of errorHistory is 0.500655 for index 31969, 32/1000.
Terminated at swamp 0.5.
The last entry of errorHistory is 0.500162 for index 31970, 32/1000.
Terminated at swamp 0.5.
The last entry of errorHistory is 0.500500 for index 31971, 32/1000.
The last entry of errorHistory is 0.000017 for index 31972, 32/1000.
The last entry of errorHistory is 0.000019 for index 31973, 32/1000.
The last entry of errorHistory is 1.000000 for index 31974, 32/1000.
The last entry of errorHistory is 0.000278 for index 31975, 32/1000.
Terminated at swamp 0.5.
The last entry of errorHistory is 0.500953 for index 31976, 32/1000.
The last entry of errorHistory is 1.000000 for index 31977, 32/1000.
Terminated at swamp 0.5.
The last entry of errorHistory is 0.500480 for index 31978, 32/1000.
The last entry of errorHistory is 1.000000 for index 31979, 32/1000.
Terminated at swamp 0.5.
The last entry of errorHistory is 0.500476 for index 31980, 32/1000.
Terminated at swamp 0.5.
The last entry of errorHistory is 0.500331 for index 31981, 32/1000.
Terminated at swamp 0.5.
The last entry of errorHistory is 0.500409 for index 31982, 32/1000.
The last entry of errorHistory is 0.000013 for index 31983, 32/1000.
The last entry of errorHistory is 1.000000 for index 31984, 32/1000.
The last entry of errorHistory is 1.500000 for index 31985, 32/1000.
Terminated at swamp 0.5.
The last entry of errorHistory is 0.500397 for index 31986, 32/1000.
Terminated at swamp 0.5.
The last entry of errorHistory is 0.500303 for index 31987, 32/1000.
Terminated at swamp 0.5.
The last entry of errorHistory is 0.500251 for index 31988, 32/1000.
The last entry of errorHistory is 0.000061 for index 31989, 32/1000.
Terminated at swamp 0.5.
The last entry of errorHistory is 0.500287 for index 31990, 32/1000.
Terminated at swamp 0.5.
The last entry of errorHistory is 0.500096 for index 31991, 32/1000.
The last entry of errorHistory is 0.000025 for index 31992, 32/1000.
Terminated at swamp 0.5.
The last entry of errorHistory is 0.500648 for index 31993, 32/1000.
Terminated at swamp 0.5.
The last entry of errorHistory is 0.500610 for index 31994, 32/1000.
Terminated at swamp 0.5.
The last entry of errorHistory is 0.500750 for index 31995, 32/1000.
The last entry of errorHistory is 1.000000 for index 31996, 32/1000.
Terminated at swamp 1.
The last entry of errorHistory is 1.000000 for index 31997, 32/1000.
Terminated at swamp 0.5.
The last entry of errorHistory is 0.500211 for index 31998, 32/1000.
Terminated at swamp 0.5.
The last entry of errorHistory is 0.500310 for index 31999, 32/1000.
Terminated at swamp 0.5.
The last entry of errorHistory is 0.500321 for index 32000, 32/1000.
