
                            < M A T L A B (R) >
                  Copyright 1984-2018 The MathWorks, Inc.
                   R2018b (9.5.0.944444) 64-bit (glnxa64)
                              August 28, 2018

 
To get started, type doc.
For product information, visit www.mathworks.com.
 
Terminated at swamp 0.5.
The last entry of errorHistory is 0.500326 for index 335001, 336/1000.
The last entry of errorHistory is 0.000015 for index 335002, 336/1000.
Terminated at swamp 0.5.
The last entry of errorHistory is 0.500596 for index 335003, 336/1000.
Terminated at swamp 0.5.
The last entry of errorHistory is 0.500371 for index 335004, 336/1000.
The last entry of errorHistory is 1.000000 for index 335005, 336/1000.
The last entry of errorHistory is 0.500000 for index 335006, 336/1000.
Terminated at swamp 0.5.
The last entry of errorHistory is 0.500503 for index 335007, 336/1000.
The last entry of errorHistory is 1.000000 for index 335008, 336/1000.
The last entry of errorHistory is 1.000000 for index 335009, 336/1000.
Terminated at swamp 0.5.
The last entry of errorHistory is 0.500554 for index 335010, 336/1000.
The last entry of errorHistory is 0.000636 for index 335011, 336/1000.
The last entry of errorHistory is 1.000000 for index 335012, 336/1000.
Terminated at swamp 0.5.
The last entry of errorHistory is 0.500501 for index 335013, 336/1000.
The last entry of errorHistory is 1.000000 for index 335014, 336/1000.
The last entry of errorHistory is 1.000000 for index 335015, 336/1000.
Terminated at swamp 0.5.
The last entry of errorHistory is 0.500498 for index 335016, 336/1000.
Terminated at swamp 1.
The last entry of errorHistory is 1.000462 for index 335017, 336/1000.
Terminated at swamp 0.5.
The last entry of errorHistory is 0.500303 for index 335018, 336/1000.
Terminated at swamp 0.5.
The last entry of errorHistory is 0.500035 for index 335019, 336/1000.
Terminated at swamp 0.5.
The last entry of errorHistory is 0.500502 for index 335020, 336/1000.
The last entry of errorHistory is 0.000015 for index 335021, 336/1000.
Terminated at swamp 0.5.
The last entry of errorHistory is 0.500030 for index 335022, 336/1000.
The last entry of errorHistory is 1.000000 for index 335023, 336/1000.
Terminated at swamp 0.5.
The last entry of errorHistory is 0.500142 for index 335024, 336/1000.
Terminated at swamp 1.
The last entry of errorHistory is 1.000037 for index 335025, 336/1000.
Terminated at swamp 0.5.
The last entry of errorHistory is 0.500564 for index 335026, 336/1000.
The last entry of errorHistory is 0.000047 for index 335027, 336/1000.
Terminated at swamp 0.5.
The last entry of errorHistory is 0.500656 for index 335028, 336/1000.
Terminated at swamp 0.5.
The last entry of errorHistory is 0.500544 for index 335029, 336/1000.
Terminated at swamp 0.5.
The last entry of errorHistory is 0.500000 for index 335030, 336/1000.
The last entry of errorHistory is 1.000000 for index 335031, 336/1000.
The last entry of errorHistory is 1.000000 for index 335032, 336/1000.
Terminated at swamp 0.5.
The last entry of errorHistory is 0.500217 for index 335033, 336/1000.
Terminated at swamp 0.5.
The last entry of errorHistory is 0.500343 for index 335034, 336/1000.
The last entry of errorHistory is 1.000000 for index 335035, 336/1000.
The last entry of errorHistory is 1.000000 for index 335036, 336/1000.
The last entry of errorHistory is 0.000379 for index 335037, 336/1000.
The last entry of errorHistory is 1.500000 for index 335038, 336/1000.
Terminated at swamp 0.5.
The last entry of errorHistory is 0.500891 for index 335039, 336/1000.
Terminated at swamp 1.
The last entry of errorHistory is 1.000000 for index 335040, 336/1000.
Terminated at swamp 1.
The last entry of errorHistory is 1.000000 for index 335041, 336/1000.
The last entry of errorHistory is 0.500000 for index 335042, 336/1000.
Terminated at swamp 1.
The last entry of errorHistory is 1.000256 for index 335043, 336/1000.
Terminated at swamp 1.
The last entry of errorHistory is 1.000029 for index 335044, 336/1000.
The last entry of errorHistory is 1.000000 for index 335045, 336/1000.
Terminated at swamp 1.
The last entry of errorHistory is 1.000056 for index 335046, 336/1000.
Terminated at swamp 1.
The last entry of errorHistory is 1.000009 for index 335047, 336/1000.
Terminated at swamp 0.5.
The last entry of errorHistory is 0.500660 for index 335048, 336/1000.
Terminated at swamp 0.5.
The last entry of errorHistory is 0.500034 for index 335049, 336/1000.
Terminated at swamp 0.5.
The last entry of errorHistory is 0.500051 for index 335050, 336/1000.
Terminated at swamp 0.5.
The last entry of errorHistory is 0.500579 for index 335051, 336/1000.
Terminated at swamp 0.5.
The last entry of errorHistory is 0.500001 for index 335052, 336/1000.
The last entry of errorHistory is 0.500000 for index 335053, 336/1000.
Terminated at swamp 0.5.
The last entry of errorHistory is 0.500410 for index 335054, 336/1000.
The last entry of errorHistory is 1.000000 for index 335055, 336/1000.
Terminated at swamp 0.5.
The last entry of errorHistory is 0.500132 for index 335056, 336/1000.
Terminated at swamp 0.5.
The last entry of errorHistory is 0.500232 for index 335057, 336/1000.
Terminated at swamp 0.5.
The last entry of errorHistory is 0.500381 for index 335058, 336/1000.
Terminated at swamp 0.5.
The last entry of errorHistory is 0.500451 for index 335059, 336/1000.
Terminated at swamp 0.5.
The last entry of errorHistory is 0.500577 for index 335060, 336/1000.
Terminated at swamp 0.5.
The last entry of errorHistory is 0.500567 for index 335061, 336/1000.
The last entry of errorHistory is 0.500000 for index 335062, 336/1000.
The last entry of errorHistory is 0.000025 for index 335063, 336/1000.
Terminated at swamp 0.5.
The last entry of errorHistory is 0.500379 for index 335064, 336/1000.
Terminated at swamp 0.5.
The last entry of errorHistory is 0.500000 for index 335065, 336/1000.
Terminated at swamp 0.5.
The last entry of errorHistory is 0.500321 for index 335066, 336/1000.
Terminated at swamp 0.5.
The last entry of errorHistory is 0.500816 for index 335067, 336/1000.
Terminated at swamp 0.5.
The last entry of errorHistory is 0.500574 for index 335068, 336/1000.
The last entry of errorHistory is 0.000693 for index 335069, 336/1000.
The last entry of errorHistory is 0.500000 for index 335070, 336/1000.
The last entry of errorHistory is 0.500000 for index 335071, 336/1000.
The last entry of errorHistory is 0.500000 for index 335072, 336/1000.
The last entry of errorHistory is 1.000000 for index 335073, 336/1000.
Terminated at swamp 0.5.
The last entry of errorHistory is 0.500323 for index 335074, 336/1000.
Terminated at swamp 0.5.
The last entry of errorHistory is 0.500464 for index 335075, 336/1000.
The last entry of errorHistory is 1.000000 for index 335076, 336/1000.
The last entry of errorHistory is 0.000062 for index 335077, 336/1000.
Terminated at swamp 1.
The last entry of errorHistory is 1.000050 for index 335078, 336/1000.
Terminated at swamp 1.
The last entry of errorHistory is 1.000000 for index 335079, 336/1000.
Terminated at swamp 0.5.
The last entry of errorHistory is 0.500567 for index 335080, 336/1000.
Terminated at swamp 0.5.
The last entry of errorHistory is 0.500686 for index 335081, 336/1000.
The last entry of errorHistory is 1.000000 for index 335082, 336/1000.
The last entry of errorHistory is 0.500000 for index 335083, 336/1000.
Terminated at swamp 1.
The last entry of errorHistory is 1.000027 for index 335084, 336/1000.
Terminated at swamp 0.5.
The last entry of errorHistory is 0.500495 for index 335085, 336/1000.
Terminated at swamp 0.5.
The last entry of errorHistory is 0.500251 for index 335086, 336/1000.
The last entry of errorHistory is 1.000000 for index 335087, 336/1000.
The last entry of errorHistory is 1.000000 for index 335088, 336/1000.
Terminated at swamp 0.5.
The last entry of errorHistory is 0.500485 for index 335089, 336/1000.
The last entry of errorHistory is 1.000000 for index 335090, 336/1000.
Terminated at swamp 1.
The last entry of errorHistory is 1.000000 for index 335091, 336/1000.
Terminated at swamp 0.5.
The last entry of errorHistory is 0.500494 for index 335092, 336/1000.
Terminated at swamp 0.5.
The last entry of errorHistory is 0.500636 for index 335093, 336/1000.
Terminated at swamp 0.5.
The last entry of errorHistory is 0.500112 for index 335094, 336/1000.
The last entry of errorHistory is 1.000000 for index 335095, 336/1000.
The last entry of errorHistory is 1.000000 for index 335096, 336/1000.
The last entry of errorHistory is 0.001201 for index 335097, 336/1000.
The last entry of errorHistory is 0.500000 for index 335098, 336/1000.
Terminated at swamp 0.5.
The last entry of errorHistory is 0.500334 for index 335099, 336/1000.
Terminated at swamp 1.
The last entry of errorHistory is 0.999999 for index 335100, 336/1000.
The last entry of errorHistory is 0.000038 for index 335101, 336/1000.
Terminated at swamp 0.5.
The last entry of errorHistory is 0.500515 for index 335102, 336/1000.
Terminated at swamp 0.5.
The last entry of errorHistory is 0.500577 for index 335103, 336/1000.
The last entry of errorHistory is 0.000016 for index 335104, 336/1000.
The last entry of errorHistory is 0.500000 for index 335105, 336/1000.
Terminated at swamp 0.5.
The last entry of errorHistory is 0.500541 for index 335106, 336/1000.
The last entry of errorHistory is 1.000000 for index 335107, 336/1000.
Terminated at swamp 0.5.
The last entry of errorHistory is 0.500261 for index 335108, 336/1000.
The last entry of errorHistory is 0.500000 for index 335109, 336/1000.
Terminated at swamp 1.
The last entry of errorHistory is 1.000098 for index 335110, 336/1000.
The last entry of errorHistory is 1.000000 for index 335111, 336/1000.
Terminated at swamp 1.
The last entry of errorHistory is 1.000000 for index 335112, 336/1000.
Terminated at swamp 0.5.
The last entry of errorHistory is 0.500459 for index 335113, 336/1000.
Terminated at swamp 1.
The last entry of errorHistory is 1.000340 for index 335114, 336/1000.
The last entry of errorHistory is 1.500000 for index 335115, 336/1000.
Terminated at swamp 1.
The last entry of errorHistory is 1.000437 for index 335116, 336/1000.
The last entry of errorHistory is 0.000028 for index 335117, 336/1000.
Terminated at swamp 0.5.
The last entry of errorHistory is 0.500305 for index 335118, 336/1000.
Terminated at swamp 0.5.
The last entry of errorHistory is 0.500477 for index 335119, 336/1000.
The last entry of errorHistory is 1.500000 for index 335120, 336/1000.
Terminated at swamp 0.5.
The last entry of errorHistory is 0.500502 for index 335121, 336/1000.
The last entry of errorHistory is 0.000011 for index 335122, 336/1000.
Terminated at swamp 1.
The last entry of errorHistory is 1.000281 for index 335123, 336/1000.
The last entry of errorHistory is 1.000000 for index 335124, 336/1000.
The last entry of errorHistory is 0.000008 for index 335125, 336/1000.
The last entry of errorHistory is 0.000019 for index 335126, 336/1000.
Terminated at swamp 0.5.
The last entry of errorHistory is 0.500285 for index 335127, 336/1000.
Terminated at swamp 0.5.
The last entry of errorHistory is 0.500571 for index 335128, 336/1000.
The last entry of errorHistory is 1.000000 for index 335129, 336/1000.
Terminated at swamp 0.5.
The last entry of errorHistory is 0.500893 for index 335130, 336/1000.
Terminated at swamp 0.5.
The last entry of errorHistory is 0.500471 for index 335131, 336/1000.
The last entry of errorHistory is 1.000000 for index 335132, 336/1000.
The last entry of errorHistory is 1.000000 for index 335133, 336/1000.
Terminated at swamp 0.5.
The last entry of errorHistory is 0.500584 for index 335134, 336/1000.
Terminated at swamp 1.
The last entry of errorHistory is 1.000000 for index 335135, 336/1000.
Terminated at swamp 1.
The last entry of errorHistory is 1.000304 for index 335136, 336/1000.
Terminated at swamp 1.
The last entry of errorHistory is 1.000087 for index 335137, 336/1000.
Terminated at swamp 1.
The last entry of errorHistory is 1.000069 for index 335138, 336/1000.
Terminated at swamp 0.5.
The last entry of errorHistory is 0.500651 for index 335139, 336/1000.
Terminated at swamp 0.5.
The last entry of errorHistory is 0.500482 for index 335140, 336/1000.
The last entry of errorHistory is 0.500000 for index 335141, 336/1000.
Terminated at swamp 1.
The last entry of errorHistory is 1.000445 for index 335142, 336/1000.
Terminated at swamp 0.5.
The last entry of errorHistory is 0.500569 for index 335143, 336/1000.
Terminated at swamp 0.5.
The last entry of errorHistory is 0.500343 for index 335144, 336/1000.
The last entry of errorHistory is 1.000000 for index 335145, 336/1000.
Terminated at swamp 1.
The last entry of errorHistory is 1.000000 for index 335146, 336/1000.
The last entry of errorHistory is 0.500000 for index 335147, 336/1000.
Terminated at swamp 0.5.
The last entry of errorHistory is 0.500293 for index 335148, 336/1000.
The last entry of errorHistory is 1.000000 for index 335149, 336/1000.
Terminated at swamp 0.5.
The last entry of errorHistory is 0.500267 for index 335150, 336/1000.
The last entry of errorHistory is 0.000017 for index 335151, 336/1000.
Terminated at swamp 0.5.
The last entry of errorHistory is 0.500217 for index 335152, 336/1000.
Terminated at swamp 0.5.
The last entry of errorHistory is 0.500003 for index 335153, 336/1000.
Terminated at swamp 0.5.
The last entry of errorHistory is 0.500635 for index 335154, 336/1000.
Terminated at swamp 1.
The last entry of errorHistory is 1.000000 for index 335155, 336/1000.
The last entry of errorHistory is 0.500000 for index 335156, 336/1000.
Terminated at swamp 0.5.
The last entry of errorHistory is 0.500424 for index 335157, 336/1000.
Terminated at swamp 0.5.
The last entry of errorHistory is 0.500541 for index 335158, 336/1000.
The last entry of errorHistory is 1.000000 for index 335159, 336/1000.
Terminated at swamp 0.5.
The last entry of errorHistory is 0.500160 for index 335160, 336/1000.
Terminated at swamp 0.5.
The last entry of errorHistory is 0.500385 for index 335161, 336/1000.
Terminated at swamp 0.5.
The last entry of errorHistory is 0.500151 for index 335162, 336/1000.
The last entry of errorHistory is 1.000000 for index 335163, 336/1000.
The last entry of errorHistory is 0.000359 for index 335164, 336/1000.
Terminated at swamp 1.
The last entry of errorHistory is 1.000177 for index 335165, 336/1000.
Terminated at swamp 0.5.
The last entry of errorHistory is 0.500524 for index 335166, 336/1000.
Terminated at swamp 0.5.
The last entry of errorHistory is 0.500323 for index 335167, 336/1000.
Terminated at swamp 0.5.
The last entry of errorHistory is 0.500453 for index 335168, 336/1000.
Terminated at swamp 0.5.
The last entry of errorHistory is 0.500293 for index 335169, 336/1000.
Terminated at swamp 1.5.
The last entry of errorHistory is 1.500014 for index 335170, 336/1000.
The last entry of errorHistory is 0.000018 for index 335171, 336/1000.
Terminated at swamp 0.5.
The last entry of errorHistory is 0.500036 for index 335172, 336/1000.
The last entry of errorHistory is 1.000000 for index 335173, 336/1000.
Terminated at swamp 1.
The last entry of errorHistory is 1.000021 for index 335174, 336/1000.
Terminated at swamp 1.
The last entry of errorHistory is 1.000002 for index 335175, 336/1000.
The last entry of errorHistory is 0.000007 for index 335176, 336/1000.
Terminated at swamp 0.5.
The last entry of errorHistory is 0.500513 for index 335177, 336/1000.
The last entry of errorHistory is 0.000767 for index 335178, 336/1000.
Terminated at swamp 0.5.
The last entry of errorHistory is 0.500451 for index 335179, 336/1000.
Terminated at swamp 1.
The last entry of errorHistory is 1.000003 for index 335180, 336/1000.
The last entry of errorHistory is 0.500000 for index 335181, 336/1000.
The last entry of errorHistory is 0.000925 for index 335182, 336/1000.
Terminated at swamp 0.5.
The last entry of errorHistory is 0.500502 for index 335183, 336/1000.
Terminated at swamp 0.5.
The last entry of errorHistory is 0.500389 for index 335184, 336/1000.
Terminated at swamp 1.
The last entry of errorHistory is 1.000001 for index 335185, 336/1000.
The last entry of errorHistory is 1.000000 for index 335186, 336/1000.
The last entry of errorHistory is 0.000757 for index 335187, 336/1000.
The last entry of errorHistory is 0.500000 for index 335188, 336/1000.
Terminated at swamp 1.
The last entry of errorHistory is 1.000015 for index 335189, 336/1000.
Terminated at swamp 0.5.
The last entry of errorHistory is 0.500564 for index 335190, 336/1000.
Terminated at swamp 0.5.
The last entry of errorHistory is 0.500125 for index 335191, 336/1000.
Terminated at swamp 0.5.
The last entry of errorHistory is 0.500702 for index 335192, 336/1000.
Terminated at swamp 0.5.
The last entry of errorHistory is 0.500607 for index 335193, 336/1000.
The last entry of errorHistory is 0.000022 for index 335194, 336/1000.
Terminated at swamp 0.5.
The last entry of errorHistory is 0.500900 for index 335195, 336/1000.
Terminated at swamp 0.5.
The last entry of errorHistory is 0.500362 for index 335196, 336/1000.
Terminated at swamp 0.5.
The last entry of errorHistory is 0.500606 for index 335197, 336/1000.
The last entry of errorHistory is 0.000011 for index 335198, 336/1000.
Terminated at swamp 1.
The last entry of errorHistory is 1.000010 for index 335199, 336/1000.
The last entry of errorHistory is 1.500000 for index 335200, 336/1000.
Terminated at swamp 1.
The last entry of errorHistory is 1.000001 for index 335201, 336/1000.
The last entry of errorHistory is 1.000000 for index 335202, 336/1000.
The last entry of errorHistory is 1.000000 for index 335203, 336/1000.
The last entry of errorHistory is 1.000000 for index 335204, 336/1000.
Terminated at swamp 0.5.
The last entry of errorHistory is 0.500116 for index 335205, 336/1000.
Terminated at swamp 0.5.
The last entry of errorHistory is 0.500527 for index 335206, 336/1000.
The last entry of errorHistory is 1.000000 for index 335207, 336/1000.
Terminated at swamp 1.
The last entry of errorHistory is 1.000000 for index 335208, 336/1000.
The last entry of errorHistory is 0.000008 for index 335209, 336/1000.
Terminated at swamp 0.5.
The last entry of errorHistory is 0.500442 for index 335210, 336/1000.
The last entry of errorHistory is 0.000084 for index 335211, 336/1000.
Terminated at swamp 1.
The last entry of errorHistory is 1.000000 for index 335212, 336/1000.
Terminated at swamp 0.5.
The last entry of errorHistory is 0.500424 for index 335213, 336/1000.
Terminated at swamp 0.5.
The last entry of errorHistory is 0.500100 for index 335214, 336/1000.
Terminated at swamp 0.5.
The last entry of errorHistory is 0.500603 for index 335215, 336/1000.
Terminated at swamp 0.5.
The last entry of errorHistory is 0.500731 for index 335216, 336/1000.
Terminated at swamp 0.5.
The last entry of errorHistory is 0.500304 for index 335217, 336/1000.
Terminated at swamp 1.
The last entry of errorHistory is 1.000347 for index 335218, 336/1000.
Terminated at swamp 0.5.
The last entry of errorHistory is 0.500463 for index 335219, 336/1000.
The last entry of errorHistory is 1.000000 for index 335220, 336/1000.
Terminated at swamp 0.5.
The last entry of errorHistory is 0.500057 for index 335221, 336/1000.
The last entry of errorHistory is 1.500000 for index 335222, 336/1000.
The last entry of errorHistory is 0.000012 for index 335223, 336/1000.
Terminated at swamp 0.5.
The last entry of errorHistory is 0.500000 for index 335224, 336/1000.
Terminated at swamp 0.5.
The last entry of errorHistory is 0.500500 for index 335225, 336/1000.
Terminated at swamp 0.5.
The last entry of errorHistory is 0.500556 for index 335226, 336/1000.
Terminated at swamp 1.
The last entry of errorHistory is 1.000001 for index 335227, 336/1000.
The last entry of errorHistory is 1.000000 for index 335228, 336/1000.
Terminated at swamp 0.5.
The last entry of errorHistory is 0.499946 for index 335229, 336/1000.
Terminated at swamp 0.5.
The last entry of errorHistory is 0.500341 for index 335230, 336/1000.
The last entry of errorHistory is 0.000011 for index 335231, 336/1000.
Terminated at swamp 0.5.
The last entry of errorHistory is 0.500281 for index 335232, 336/1000.
The last entry of errorHistory is 0.000014 for index 335233, 336/1000.
The last entry of errorHistory is 1.000000 for index 335234, 336/1000.
The last entry of errorHistory is 0.000013 for index 335235, 336/1000.
Terminated at swamp 0.5.
The last entry of errorHistory is 0.500386 for index 335236, 336/1000.
The last entry of errorHistory is 0.500000 for index 335237, 336/1000.
The last entry of errorHistory is 1.000000 for index 335238, 336/1000.
Terminated at swamp 0.5.
The last entry of errorHistory is 0.500420 for index 335239, 336/1000.
Terminated at swamp 0.5.
The last entry of errorHistory is 0.500775 for index 335240, 336/1000.
Terminated at swamp 1.
The last entry of errorHistory is 1.000021 for index 335241, 336/1000.
Terminated at swamp 0.5.
The last entry of errorHistory is 0.500144 for index 335242, 336/1000.
The last entry of errorHistory is 1.000000 for index 335243, 336/1000.
Terminated at swamp 1.
The last entry of errorHistory is 1.000000 for index 335244, 336/1000.
The last entry of errorHistory is 1.000000 for index 335245, 336/1000.
The last entry of errorHistory is 0.500000 for index 335246, 336/1000.
Terminated at swamp 0.5.
The last entry of errorHistory is 0.500390 for index 335247, 336/1000.
Terminated at swamp 1.
The last entry of errorHistory is 1.000149 for index 335248, 336/1000.
Terminated at swamp 1.
The last entry of errorHistory is 1.000130 for index 335249, 336/1000.
Terminated at swamp 1.
The last entry of errorHistory is 0.999984 for index 335250, 336/1000.
Terminated at swamp 1.
The last entry of errorHistory is 1.000001 for index 335251, 336/1000.
Terminated at swamp 0.5.
The last entry of errorHistory is 0.500260 for index 335252, 336/1000.
Terminated at swamp 0.5.
The last entry of errorHistory is 0.500946 for index 335253, 336/1000.
The last entry of errorHistory is 0.000034 for index 335254, 336/1000.
Terminated at swamp 0.5.
The last entry of errorHistory is 0.500469 for index 335255, 336/1000.
Terminated at swamp 1.
The last entry of errorHistory is 1.000153 for index 335256, 336/1000.
Terminated at swamp 0.5.
The last entry of errorHistory is 0.500145 for index 335257, 336/1000.
Terminated at swamp 0.5.
The last entry of errorHistory is 0.500386 for index 335258, 336/1000.
Terminated at swamp 0.5.
The last entry of errorHistory is 0.500406 for index 335259, 336/1000.
The last entry of errorHistory is 0.000066 for index 335260, 336/1000.
The last entry of errorHistory is 0.000407 for index 335261, 336/1000.
The last entry of errorHistory is 0.500000 for index 335262, 336/1000.
Terminated at swamp 0.5.
The last entry of errorHistory is 0.500074 for index 335263, 336/1000.
The last entry of errorHistory is 1.500000 for index 335264, 336/1000.
Terminated at swamp 0.5.
The last entry of errorHistory is 0.500098 for index 335265, 336/1000.
Terminated at swamp 1.
The last entry of errorHistory is 1.000062 for index 335266, 336/1000.
The last entry of errorHistory is 0.000148 for index 335267, 336/1000.
The last entry of errorHistory is 1.000000 for index 335268, 336/1000.
The last entry of errorHistory is 0.500000 for index 335269, 336/1000.
Terminated at swamp 0.5.
The last entry of errorHistory is 0.500454 for index 335270, 336/1000.
The last entry of errorHistory is 1.000000 for index 335271, 336/1000.
The last entry of errorHistory is 1.000000 for index 335272, 336/1000.
Terminated at swamp 0.5.
The last entry of errorHistory is 0.500298 for index 335273, 336/1000.
The last entry of errorHistory is 1.000000 for index 335274, 336/1000.
Terminated at swamp 0.5.
The last entry of errorHistory is 0.500001 for index 335275, 336/1000.
Terminated at swamp 1.
The last entry of errorHistory is 1.000340 for index 335276, 336/1000.
Terminated at swamp 0.5.
The last entry of errorHistory is 0.500003 for index 335277, 336/1000.
The last entry of errorHistory is 0.000013 for index 335278, 336/1000.
Terminated at swamp 0.5.
The last entry of errorHistory is 0.500561 for index 335279, 336/1000.
Terminated at swamp 0.5.
The last entry of errorHistory is 0.500371 for index 335280, 336/1000.
The last entry of errorHistory is 1.000000 for index 335281, 336/1000.
The last entry of errorHistory is 1.000000 for index 335282, 336/1000.
Terminated at swamp 0.5.
The last entry of errorHistory is 0.500054 for index 335283, 336/1000.
The last entry of errorHistory is 0.000546 for index 335284, 336/1000.
The last entry of errorHistory is 0.500000 for index 335285, 336/1000.
Terminated at swamp 0.5.
The last entry of errorHistory is 0.500618 for index 335286, 336/1000.
Terminated at swamp 0.5.
The last entry of errorHistory is 0.500395 for index 335287, 336/1000.
Terminated at swamp 1.
The last entry of errorHistory is 1.000354 for index 335288, 336/1000.
Terminated at swamp 0.5.
The last entry of errorHistory is 0.500156 for index 335289, 336/1000.
Terminated at swamp 0.5.
The last entry of errorHistory is 0.500302 for index 335290, 336/1000.
Terminated at swamp 0.5.
The last entry of errorHistory is 0.500000 for index 335291, 336/1000.
The last entry of errorHistory is 1.000000 for index 335292, 336/1000.
The last entry of errorHistory is 1.000000 for index 335293, 336/1000.
The last entry of errorHistory is 1.500000 for index 335294, 336/1000.
Terminated at swamp 0.5.
The last entry of errorHistory is 0.500496 for index 335295, 336/1000.
Terminated at swamp 0.5.
The last entry of errorHistory is 0.500882 for index 335296, 336/1000.
The last entry of errorHistory is 1.000000 for index 335297, 336/1000.
Terminated at swamp 0.5.
The last entry of errorHistory is 0.500265 for index 335298, 336/1000.
The last entry of errorHistory is 0.000014 for index 335299, 336/1000.
Terminated at swamp 0.5.
The last entry of errorHistory is 0.500322 for index 335300, 336/1000.
Terminated at swamp 0.5.
The last entry of errorHistory is 0.500474 for index 335301, 336/1000.
Terminated at swamp 1.
The last entry of errorHistory is 1.000000 for index 335302, 336/1000.
Terminated at swamp 0.5.
The last entry of errorHistory is 0.500041 for index 335303, 336/1000.
Terminated at swamp 0.5.
The last entry of errorHistory is 0.500207 for index 335304, 336/1000.
Terminated at swamp 0.5.
The last entry of errorHistory is 0.500207 for index 335305, 336/1000.
Terminated at swamp 0.5.
The last entry of errorHistory is 0.500221 for index 335306, 336/1000.
Terminated at swamp 0.5.
The last entry of errorHistory is 0.500475 for index 335307, 336/1000.
The last entry of errorHistory is 0.000009 for index 335308, 336/1000.
Terminated at swamp 0.5.
The last entry of errorHistory is 0.500408 for index 335309, 336/1000.
Terminated at swamp 0.5.
The last entry of errorHistory is 0.500344 for index 335310, 336/1000.
Terminated at swamp 0.5.
The last entry of errorHistory is 0.500532 for index 335311, 336/1000.
The last entry of errorHistory is 0.000039 for index 335312, 336/1000.
The last entry of errorHistory is 0.500000 for index 335313, 336/1000.
Terminated at swamp 1.
The last entry of errorHistory is 1.000001 for index 335314, 336/1000.
The last entry of errorHistory is 1.000000 for index 335315, 336/1000.
Terminated at swamp 1.
The last entry of errorHistory is 1.000083 for index 335316, 336/1000.
Terminated at swamp 1.
The last entry of errorHistory is 1.000360 for index 335317, 336/1000.
The last entry of errorHistory is 0.000092 for index 335318, 336/1000.
Terminated at swamp 0.5.
The last entry of errorHistory is 0.500621 for index 335319, 336/1000.
Terminated at swamp 0.5.
The last entry of errorHistory is 0.500000 for index 335320, 336/1000.
Terminated at swamp 0.5.
The last entry of errorHistory is 0.500043 for index 335321, 336/1000.
Terminated at swamp 0.5.
The last entry of errorHistory is 0.500292 for index 335322, 336/1000.
The last entry of errorHistory is 1.000000 for index 335323, 336/1000.
Terminated at swamp 0.5.
The last entry of errorHistory is 0.500701 for index 335324, 336/1000.
Terminated at swamp 0.5.
The last entry of errorHistory is 0.500461 for index 335325, 336/1000.
Terminated at swamp 0.5.
The last entry of errorHistory is 0.500000 for index 335326, 336/1000.
Terminated at swamp 1.
The last entry of errorHistory is 1.000000 for index 335327, 336/1000.
Terminated at swamp 0.5.
The last entry of errorHistory is 0.500308 for index 335328, 336/1000.
The last entry of errorHistory is 1.000000 for index 335329, 336/1000.
Terminated at swamp 0.5.
The last entry of errorHistory is 0.500602 for index 335330, 336/1000.
The last entry of errorHistory is 0.000014 for index 335331, 336/1000.
Terminated at swamp 0.5.
The last entry of errorHistory is 0.500416 for index 335332, 336/1000.
The last entry of errorHistory is 0.000067 for index 335333, 336/1000.
The last entry of errorHistory is 0.000025 for index 335334, 336/1000.
Terminated at swamp 0.5.
The last entry of errorHistory is 0.500607 for index 335335, 336/1000.
Terminated at swamp 0.5.
The last entry of errorHistory is 0.500308 for index 335336, 336/1000.
Terminated at swamp 0.5.
The last entry of errorHistory is 0.500408 for index 335337, 336/1000.
The last entry of errorHistory is 1.000000 for index 335338, 336/1000.
The last entry of errorHistory is 1.000000 for index 335339, 336/1000.
The last entry of errorHistory is 0.000097 for index 335340, 336/1000.
Terminated at swamp 0.5.
The last entry of errorHistory is 0.500150 for index 335341, 336/1000.
The last entry of errorHistory is 0.001407 for index 335342, 336/1000.
The last entry of errorHistory is 0.500000 for index 335343, 336/1000.
Terminated at swamp 0.5.
The last entry of errorHistory is 0.500668 for index 335344, 336/1000.
Terminated at swamp 0.5.
The last entry of errorHistory is 0.500438 for index 335345, 336/1000.
Terminated at swamp 0.5.
The last entry of errorHistory is 0.500398 for index 335346, 336/1000.
Terminated at swamp 0.5.
The last entry of errorHistory is 0.500650 for index 335347, 336/1000.
The last entry of errorHistory is 1.500000 for index 335348, 336/1000.
The last entry of errorHistory is 1.500000 for index 335349, 336/1000.
Terminated at swamp 0.5.
The last entry of errorHistory is 0.500288 for index 335350, 336/1000.
The last entry of errorHistory is 1.500000 for index 335351, 336/1000.
Terminated at swamp 1.
The last entry of errorHistory is 1.000051 for index 335352, 336/1000.
Terminated at swamp 1.
The last entry of errorHistory is 1.000221 for index 335353, 336/1000.
Terminated at swamp 0.5.
The last entry of errorHistory is 0.500355 for index 335354, 336/1000.
The last entry of errorHistory is 0.000010 for index 335355, 336/1000.
Terminated at swamp 0.5.
The last entry of errorHistory is 0.500137 for index 335356, 336/1000.
The last entry of errorHistory is 0.000499 for index 335357, 336/1000.
The last entry of errorHistory is 1.000000 for index 335358, 336/1000.
The last entry of errorHistory is 0.000535 for index 335359, 336/1000.
Terminated at swamp 0.5.
The last entry of errorHistory is 0.500059 for index 335360, 336/1000.
Terminated at swamp 0.5.
The last entry of errorHistory is 0.500215 for index 335361, 336/1000.
Terminated at swamp 0.5.
The last entry of errorHistory is 0.500287 for index 335362, 336/1000.
Terminated at swamp 0.5.
The last entry of errorHistory is 0.500584 for index 335363, 336/1000.
Terminated at swamp 0.5.
The last entry of errorHistory is 0.500406 for index 335364, 336/1000.
The last entry of errorHistory is 0.000059 for index 335365, 336/1000.
Terminated at swamp 1.
The last entry of errorHistory is 1.000208 for index 335366, 336/1000.
Terminated at swamp 0.5.
The last entry of errorHistory is 0.500007 for index 335367, 336/1000.
The last entry of errorHistory is 0.000131 for index 335368, 336/1000.
Terminated at swamp 0.5.
The last entry of errorHistory is 0.500581 for index 335369, 336/1000.
Terminated at swamp 0.5.
The last entry of errorHistory is 0.500000 for index 335370, 336/1000.
The last entry of errorHistory is 1.000000 for index 335371, 336/1000.
The last entry of errorHistory is 0.000020 for index 335372, 336/1000.
Terminated at swamp 0.5.
The last entry of errorHistory is 0.500280 for index 335373, 336/1000.
Terminated at swamp 0.5.
The last entry of errorHistory is 0.500288 for index 335374, 336/1000.
The last entry of errorHistory is 1.000000 for index 335375, 336/1000.
The last entry of errorHistory is 1.000000 for index 335376, 336/1000.
The last entry of errorHistory is 0.001191 for index 335377, 336/1000.
Terminated at swamp 1.
The last entry of errorHistory is 1.000001 for index 335378, 336/1000.
Terminated at swamp 0.5.
The last entry of errorHistory is 0.500321 for index 335379, 336/1000.
Terminated at swamp 0.5.
The last entry of errorHistory is 0.500126 for index 335380, 336/1000.
The last entry of errorHistory is 0.001708 for index 335381, 336/1000.
Terminated at swamp 0.5.
The last entry of errorHistory is 0.500554 for index 335382, 336/1000.
The last entry of errorHistory is 0.500000 for index 335383, 336/1000.
Terminated at swamp 1.
The last entry of errorHistory is 1.000061 for index 335384, 336/1000.
Terminated at swamp 1.
The last entry of errorHistory is 1.000002 for index 335385, 336/1000.
Terminated at swamp 0.5.
The last entry of errorHistory is 0.500603 for index 335386, 336/1000.
Terminated at swamp 0.5.
The last entry of errorHistory is 0.500491 for index 335387, 336/1000.
Terminated at swamp 0.5.
The last entry of errorHistory is 0.500515 for index 335388, 336/1000.
Terminated at swamp 0.5.
The last entry of errorHistory is 0.500717 for index 335389, 336/1000.
The last entry of errorHistory is 1.000000 for index 335390, 336/1000.
Terminated at swamp 0.5.
The last entry of errorHistory is 0.500385 for index 335391, 336/1000.
Terminated at swamp 0.5.
The last entry of errorHistory is 0.500928 for index 335392, 336/1000.
Terminated at swamp 0.5.
The last entry of errorHistory is 0.500074 for index 335393, 336/1000.
The last entry of errorHistory is 0.500000 for index 335394, 336/1000.
The last entry of errorHistory is 1.000000 for index 335395, 336/1000.
The last entry of errorHistory is 0.000005 for index 335396, 336/1000.
The last entry of errorHistory is 0.000014 for index 335397, 336/1000.
Terminated at swamp 1.
The last entry of errorHistory is 1.000045 for index 335398, 336/1000.
Terminated at swamp 0.5.
The last entry of errorHistory is 0.500653 for index 335399, 336/1000.
Terminated at swamp 0.5.
The last entry of errorHistory is 0.500564 for index 335400, 336/1000.
Terminated at swamp 0.5.
The last entry of errorHistory is 0.500544 for index 335401, 336/1000.
Terminated at swamp 0.5.
The last entry of errorHistory is 0.500570 for index 335402, 336/1000.
Terminated at swamp 0.5.
The last entry of errorHistory is 0.500655 for index 335403, 336/1000.
Terminated at swamp 0.5.
The last entry of errorHistory is 0.500313 for index 335404, 336/1000.
Terminated at swamp 1.
The last entry of errorHistory is 1.000000 for index 335405, 336/1000.
The last entry of errorHistory is 0.000494 for index 335406, 336/1000.
Terminated at swamp 0.5.
The last entry of errorHistory is 0.500556 for index 335407, 336/1000.
Terminated at swamp 0.5.
The last entry of errorHistory is 0.500246 for index 335408, 336/1000.
Terminated at swamp 1.
The last entry of errorHistory is 1.000361 for index 335409, 336/1000.
Terminated at swamp 0.5.
The last entry of errorHistory is 0.500063 for index 335410, 336/1000.
The last entry of errorHistory is 1.000000 for index 335411, 336/1000.
Terminated at swamp 0.5.
The last entry of errorHistory is 0.500476 for index 335412, 336/1000.
The last entry of errorHistory is 1.000000 for index 335413, 336/1000.
Terminated at swamp 1.
The last entry of errorHistory is 1.000081 for index 335414, 336/1000.
Terminated at swamp 0.5.
The last entry of errorHistory is 0.500067 for index 335415, 336/1000.
Terminated at swamp 1.
The last entry of errorHistory is 1.000003 for index 335416, 336/1000.
Terminated at swamp 0.5.
The last entry of errorHistory is 0.500475 for index 335417, 336/1000.
Terminated at swamp 0.5.
The last entry of errorHistory is 0.500000 for index 335418, 336/1000.
Terminated at swamp 0.5.
The last entry of errorHistory is 0.500775 for index 335419, 336/1000.
The last entry of errorHistory is 1.000000 for index 335420, 336/1000.
Terminated at swamp 0.5.
The last entry of errorHistory is 0.500486 for index 335421, 336/1000.
Terminated at swamp 0.5.
The last entry of errorHistory is 0.500850 for index 335422, 336/1000.
The last entry of errorHistory is 1.000000 for index 335423, 336/1000.
Terminated at swamp 0.5.
The last entry of errorHistory is 0.500565 for index 335424, 336/1000.
Terminated at swamp 1.
The last entry of errorHistory is 1.000006 for index 335425, 336/1000.
Terminated at swamp 0.5.
The last entry of errorHistory is 0.500575 for index 335426, 336/1000.
The last entry of errorHistory is 0.000008 for index 335427, 336/1000.
Terminated at swamp 0.5.
The last entry of errorHistory is 0.500537 for index 335428, 336/1000.
Terminated at swamp 0.5.
The last entry of errorHistory is 0.500430 for index 335429, 336/1000.
Terminated at swamp 0.5.
The last entry of errorHistory is 0.500329 for index 335430, 336/1000.
Terminated at swamp 0.5.
The last entry of errorHistory is 0.500417 for index 335431, 336/1000.
Terminated at swamp 0.5.
The last entry of errorHistory is 0.500106 for index 335432, 336/1000.
The last entry of errorHistory is 0.000550 for index 335433, 336/1000.
Terminated at swamp 0.5.
The last entry of errorHistory is 0.500539 for index 335434, 336/1000.
Terminated at swamp 0.5.
The last entry of errorHistory is 0.500428 for index 335435, 336/1000.
Terminated at swamp 0.5.
The last entry of errorHistory is 0.500472 for index 335436, 336/1000.
Terminated at swamp 0.5.
The last entry of errorHistory is 0.500133 for index 335437, 336/1000.
Terminated at swamp 0.5.
The last entry of errorHistory is 0.500539 for index 335438, 336/1000.
The last entry of errorHistory is 0.000006 for index 335439, 336/1000.
The last entry of errorHistory is 0.000025 for index 335440, 336/1000.
Terminated at swamp 0.5.
The last entry of errorHistory is 0.500308 for index 335441, 336/1000.
Terminated at swamp 0.5.
The last entry of errorHistory is 0.500588 for index 335442, 336/1000.
Terminated at swamp 0.5.
The last entry of errorHistory is 0.500034 for index 335443, 336/1000.
Terminated at swamp 0.5.
The last entry of errorHistory is 0.500052 for index 335444, 336/1000.
Terminated at swamp 0.5.
The last entry of errorHistory is 0.500595 for index 335445, 336/1000.
The last entry of errorHistory is 1.500000 for index 335446, 336/1000.
The last entry of errorHistory is 0.000011 for index 335447, 336/1000.
Terminated at swamp 0.5.
The last entry of errorHistory is 0.500529 for index 335448, 336/1000.
Terminated at swamp 0.5.
The last entry of errorHistory is 0.500373 for index 335449, 336/1000.
Terminated at swamp 0.5.
The last entry of errorHistory is 0.500210 for index 335450, 336/1000.
Terminated at swamp 0.5.
The last entry of errorHistory is 0.500535 for index 335451, 336/1000.
Terminated at swamp 1.
The last entry of errorHistory is 1.000065 for index 335452, 336/1000.
Terminated at swamp 0.5.
The last entry of errorHistory is 0.500491 for index 335453, 336/1000.
Terminated at swamp 1.
The last entry of errorHistory is 1.000145 for index 335454, 336/1000.
The last entry of errorHistory is 1.000000 for index 335455, 336/1000.
Terminated at swamp 0.5.
The last entry of errorHistory is 0.500234 for index 335456, 336/1000.
Terminated at swamp 0.5.
The last entry of errorHistory is 0.500219 for index 335457, 336/1000.
Terminated at swamp 0.5.
The last entry of errorHistory is 0.500362 for index 335458, 336/1000.
Terminated at swamp 0.5.
The last entry of errorHistory is 0.500492 for index 335459, 336/1000.
Terminated at swamp 1.
The last entry of errorHistory is 1.000002 for index 335460, 336/1000.
The last entry of errorHistory is 0.500000 for index 335461, 336/1000.
The last entry of errorHistory is 0.500000 for index 335462, 336/1000.
Terminated at swamp 0.5.
The last entry of errorHistory is 0.500578 for index 335463, 336/1000.
Terminated at swamp 0.5.
The last entry of errorHistory is 0.500000 for index 335464, 336/1000.
Terminated at swamp 0.5.
The last entry of errorHistory is 0.500570 for index 335465, 336/1000.
The last entry of errorHistory is 1.000000 for index 335466, 336/1000.
Terminated at swamp 0.5.
The last entry of errorHistory is 0.500378 for index 335467, 336/1000.
Terminated at swamp 0.5.
The last entry of errorHistory is 0.500278 for index 335468, 336/1000.
Terminated at swamp 0.5.
The last entry of errorHistory is 0.500236 for index 335469, 336/1000.
Terminated at swamp 1.
The last entry of errorHistory is 1.000034 for index 335470, 336/1000.
Terminated at swamp 0.5.
The last entry of errorHistory is 0.500513 for index 335471, 336/1000.
The last entry of errorHistory is 0.003095 for index 335472, 336/1000.
Terminated at swamp 0.5.
The last entry of errorHistory is 0.500097 for index 335473, 336/1000.
Terminated at swamp 0.5.
The last entry of errorHistory is 0.500011 for index 335474, 336/1000.
Terminated at swamp 0.5.
The last entry of errorHistory is 0.500576 for index 335475, 336/1000.
Terminated at swamp 0.5.
The last entry of errorHistory is 0.500341 for index 335476, 336/1000.
Terminated at swamp 0.5.
The last entry of errorHistory is 0.500288 for index 335477, 336/1000.
Terminated at swamp 0.5.
The last entry of errorHistory is 0.500144 for index 335478, 336/1000.
Terminated at swamp 1.
The last entry of errorHistory is 1.000379 for index 335479, 336/1000.
Terminated at swamp 0.5.
The last entry of errorHistory is 0.500299 for index 335480, 336/1000.
The last entry of errorHistory is 0.000008 for index 335481, 336/1000.
Terminated at swamp 0.5.
The last entry of errorHistory is 0.500034 for index 335482, 336/1000.
The last entry of errorHistory is 0.500000 for index 335483, 336/1000.
Terminated at swamp 0.5.
The last entry of errorHistory is 0.500048 for index 335484, 336/1000.
Terminated at swamp 1.
The last entry of errorHistory is 1.000288 for index 335485, 336/1000.
The last entry of errorHistory is 0.501534 for index 335486, 336/1000.
The last entry of errorHistory is 0.000018 for index 335487, 336/1000.
The last entry of errorHistory is 0.000016 for index 335488, 336/1000.
The last entry of errorHistory is 0.500000 for index 335489, 336/1000.
Terminated at swamp 0.5.
The last entry of errorHistory is 0.500916 for index 335490, 336/1000.
Terminated at swamp 0.5.
The last entry of errorHistory is 0.500002 for index 335491, 336/1000.
Terminated at swamp 1.
The last entry of errorHistory is 1.000000 for index 335492, 336/1000.
Terminated at swamp 0.5.
The last entry of errorHistory is 0.500463 for index 335493, 336/1000.
Terminated at swamp 1.
The last entry of errorHistory is 1.000235 for index 335494, 336/1000.
The last entry of errorHistory is 1.000000 for index 335495, 336/1000.
Terminated at swamp 0.5.
The last entry of errorHistory is 0.500000 for index 335496, 336/1000.
The last entry of errorHistory is 0.000020 for index 335497, 336/1000.
The last entry of errorHistory is 1.000000 for index 335498, 336/1000.
Terminated at swamp 0.5.
The last entry of errorHistory is 0.500466 for index 335499, 336/1000.
Terminated at swamp 0.5.
The last entry of errorHistory is 0.500496 for index 335500, 336/1000.
Terminated at swamp 0.5.
The last entry of errorHistory is 0.500472 for index 335501, 336/1000.
Terminated at swamp 0.5.
The last entry of errorHistory is 0.500033 for index 335502, 336/1000.
The last entry of errorHistory is 1.500000 for index 335503, 336/1000.
Terminated at swamp 1.
The last entry of errorHistory is 1.000390 for index 335504, 336/1000.
Terminated at swamp 0.5.
The last entry of errorHistory is 0.500074 for index 335505, 336/1000.
The last entry of errorHistory is 1.000000 for index 335506, 336/1000.
Terminated at swamp 0.5.
The last entry of errorHistory is 0.500138 for index 335507, 336/1000.
The last entry of errorHistory is 0.500000 for index 335508, 336/1000.
Terminated at swamp 0.5.
The last entry of errorHistory is 0.500565 for index 335509, 336/1000.
The last entry of errorHistory is 1.000000 for index 335510, 336/1000.
Terminated at swamp 0.5.
The last entry of errorHistory is 0.500477 for index 335511, 336/1000.
Terminated at swamp 0.5.
The last entry of errorHistory is 0.500333 for index 335512, 336/1000.
The last entry of errorHistory is 1.000000 for index 335513, 336/1000.
Terminated at swamp 0.5.
The last entry of errorHistory is 0.500511 for index 335514, 336/1000.
Terminated at swamp 0.5.
The last entry of errorHistory is 0.500454 for index 335515, 336/1000.
Terminated at swamp 0.5.
The last entry of errorHistory is 0.500568 for index 335516, 336/1000.
The last entry of errorHistory is 0.000038 for index 335517, 336/1000.
Terminated at swamp 0.5.
The last entry of errorHistory is 0.500303 for index 335518, 336/1000.
Terminated at swamp 0.5.
The last entry of errorHistory is 0.500213 for index 335519, 336/1000.
Terminated at swamp 0.5.
The last entry of errorHistory is 0.500129 for index 335520, 336/1000.
Terminated at swamp 0.5.
The last entry of errorHistory is 0.500337 for index 335521, 336/1000.
Terminated at swamp 0.5.
The last entry of errorHistory is 0.500321 for index 335522, 336/1000.
Terminated at swamp 0.5.
The last entry of errorHistory is 0.500003 for index 335523, 336/1000.
The last entry of errorHistory is 1.000000 for index 335524, 336/1000.
The last entry of errorHistory is 1.000000 for index 335525, 336/1000.
The last entry of errorHistory is 0.000046 for index 335526, 336/1000.
The last entry of errorHistory is 1.000000 for index 335527, 336/1000.
Terminated at swamp 0.5.
The last entry of errorHistory is 0.500560 for index 335528, 336/1000.
The last entry of errorHistory is 0.000420 for index 335529, 336/1000.
Terminated at swamp 0.5.
The last entry of errorHistory is 0.500388 for index 335530, 336/1000.
Terminated at swamp 1.
The last entry of errorHistory is 1.000006 for index 335531, 336/1000.
The last entry of errorHistory is 1.000000 for index 335532, 336/1000.
Terminated at swamp 0.5.
The last entry of errorHistory is 0.500288 for index 335533, 336/1000.
Terminated at swamp 0.5.
The last entry of errorHistory is 0.500419 for index 335534, 336/1000.
The last entry of errorHistory is 1.000000 for index 335535, 336/1000.
The last entry of errorHistory is 0.000426 for index 335536, 336/1000.
The last entry of errorHistory is 1.000000 for index 335537, 336/1000.
Terminated at swamp 0.5.
The last entry of errorHistory is 0.500461 for index 335538, 336/1000.
Terminated at swamp 0.5.
The last entry of errorHistory is 0.500696 for index 335539, 336/1000.
The last entry of errorHistory is 0.500000 for index 335540, 336/1000.
The last entry of errorHistory is 1.000000 for index 335541, 336/1000.
The last entry of errorHistory is 1.000000 for index 335542, 336/1000.
Terminated at swamp 1.
The last entry of errorHistory is 1.000048 for index 335543, 336/1000.
Terminated at swamp 1.
The last entry of errorHistory is 1.000003 for index 335544, 336/1000.
Terminated at swamp 0.5.
The last entry of errorHistory is 0.500001 for index 335545, 336/1000.
The last entry of errorHistory is 0.000522 for index 335546, 336/1000.
Terminated at swamp 0.5.
The last entry of errorHistory is 0.500037 for index 335547, 336/1000.
Terminated at swamp 1.
The last entry of errorHistory is 1.000242 for index 335548, 336/1000.
The last entry of errorHistory is 0.000055 for index 335549, 336/1000.
The last entry of errorHistory is 1.000000 for index 335550, 336/1000.
Terminated at swamp 1.
The last entry of errorHistory is 1.000029 for index 335551, 336/1000.
Terminated at swamp 1.
The last entry of errorHistory is 1.000008 for index 335552, 336/1000.
Terminated at swamp 0.5.
The last entry of errorHistory is 0.500415 for index 335553, 336/1000.
Terminated at swamp 0.5.
The last entry of errorHistory is 0.500519 for index 335554, 336/1000.
The last entry of errorHistory is 1.000000 for index 335555, 336/1000.
The last entry of errorHistory is 1.000000 for index 335556, 336/1000.
Terminated at swamp 0.5.
The last entry of errorHistory is 0.500422 for index 335557, 336/1000.
The last entry of errorHistory is 0.000013 for index 335558, 336/1000.
Terminated at swamp 0.5.
The last entry of errorHistory is 0.500118 for index 335559, 336/1000.
Terminated at swamp 1.
The last entry of errorHistory is 1.000164 for index 335560, 336/1000.
Terminated at swamp 0.5.
The last entry of errorHistory is 0.500528 for index 335561, 336/1000.
Terminated at swamp 0.5.
The last entry of errorHistory is 0.500272 for index 335562, 336/1000.
The last entry of errorHistory is 1.000000 for index 335563, 336/1000.
Terminated at swamp 0.5.
The last entry of errorHistory is 0.500379 for index 335564, 336/1000.
Terminated at swamp 0.5.
The last entry of errorHistory is 0.500535 for index 335565, 336/1000.
Terminated at swamp 0.5.
The last entry of errorHistory is 0.500418 for index 335566, 336/1000.
Terminated at swamp 0.5.
The last entry of errorHistory is 0.500355 for index 335567, 336/1000.
Terminated at swamp 0.5.
The last entry of errorHistory is 0.500000 for index 335568, 336/1000.
The last entry of errorHistory is 1.000000 for index 335569, 336/1000.
Terminated at swamp 1.
The last entry of errorHistory is 1.000373 for index 335570, 336/1000.
Terminated at swamp 0.5.
The last entry of errorHistory is 0.500610 for index 335571, 336/1000.
The last entry of errorHistory is 1.000000 for index 335572, 336/1000.
Terminated at swamp 0.5.
The last entry of errorHistory is 0.499902 for index 335573, 336/1000.
Terminated at swamp 0.5.
The last entry of errorHistory is 0.500553 for index 335574, 336/1000.
Terminated at swamp 1.
The last entry of errorHistory is 1.000008 for index 335575, 336/1000.
Terminated at swamp 1.
The last entry of errorHistory is 1.000012 for index 335576, 336/1000.
Terminated at swamp 1.
The last entry of errorHistory is 1.000045 for index 335577, 336/1000.
The last entry of errorHistory is 1.000000 for index 335578, 336/1000.
Terminated at swamp 1.
The last entry of errorHistory is 1.000019 for index 335579, 336/1000.
Terminated at swamp 1.
The last entry of errorHistory is 1.000000 for index 335580, 336/1000.
The last entry of errorHistory is 1.000000 for index 335581, 336/1000.
Terminated at swamp 0.5.
The last entry of errorHistory is 0.500056 for index 335582, 336/1000.
Terminated at swamp 0.5.
The last entry of errorHistory is 0.500262 for index 335583, 336/1000.
The last entry of errorHistory is 0.000010 for index 335584, 336/1000.
Terminated at swamp 0.5.
The last entry of errorHistory is 0.500430 for index 335585, 336/1000.
Terminated at swamp 1.
The last entry of errorHistory is 1.000002 for index 335586, 336/1000.
Terminated at swamp 0.5.
The last entry of errorHistory is 0.500606 for index 335587, 336/1000.
Terminated at swamp 0.5.
The last entry of errorHistory is 0.500518 for index 335588, 336/1000.
Terminated at swamp 0.5.
The last entry of errorHistory is 0.500671 for index 335589, 336/1000.
The last entry of errorHistory is 1.000000 for index 335590, 336/1000.
Terminated at swamp 0.5.
The last entry of errorHistory is 0.500496 for index 335591, 336/1000.
The last entry of errorHistory is 1.000000 for index 335592, 336/1000.
Terminated at swamp 0.5.
The last entry of errorHistory is 0.500422 for index 335593, 336/1000.
Terminated at swamp 0.5.
The last entry of errorHistory is 0.500531 for index 335594, 336/1000.
Terminated at swamp 0.5.
The last entry of errorHistory is 0.500349 for index 335595, 336/1000.
Terminated at swamp 0.5.
The last entry of errorHistory is 0.500195 for index 335596, 336/1000.
Terminated at swamp 0.5.
The last entry of errorHistory is 0.500620 for index 335597, 336/1000.
Terminated at swamp 0.5.
The last entry of errorHistory is 0.500546 for index 335598, 336/1000.
The last entry of errorHistory is 1.000000 for index 335599, 336/1000.
Terminated at swamp 0.5.
The last entry of errorHistory is 0.500608 for index 335600, 336/1000.
The last entry of errorHistory is 1.000000 for index 335601, 336/1000.
Terminated at swamp 0.5.
The last entry of errorHistory is 0.500353 for index 335602, 336/1000.
The last entry of errorHistory is 0.000511 for index 335603, 336/1000.
The last entry of errorHistory is 0.000032 for index 335604, 336/1000.
Terminated at swamp 0.5.
The last entry of errorHistory is 0.500067 for index 335605, 336/1000.
Terminated at swamp 1.
The last entry of errorHistory is 1.000066 for index 335606, 336/1000.
Terminated at swamp 0.5.
The last entry of errorHistory is 0.500338 for index 335607, 336/1000.
The last entry of errorHistory is 0.000048 for index 335608, 336/1000.
The last entry of errorHistory is 0.500000 for index 335609, 336/1000.
Terminated at swamp 0.5.
The last entry of errorHistory is 0.500405 for index 335610, 336/1000.
Terminated at swamp 1.
The last entry of errorHistory is 1.000224 for index 335611, 336/1000.
Terminated at swamp 0.5.
The last entry of errorHistory is 0.500242 for index 335612, 336/1000.
Terminated at swamp 1.
The last entry of errorHistory is 1.000365 for index 335613, 336/1000.
Terminated at swamp 0.5.
The last entry of errorHistory is 0.500526 for index 335614, 336/1000.
Terminated at swamp 0.5.
The last entry of errorHistory is 0.500606 for index 335615, 336/1000.
Terminated at swamp 0.5.
The last entry of errorHistory is 0.500627 for index 335616, 336/1000.
Terminated at swamp 1.
The last entry of errorHistory is 1.000000 for index 335617, 336/1000.
Terminated at swamp 0.5.
The last entry of errorHistory is 0.500523 for index 335618, 336/1000.
Terminated at swamp 0.5.
The last entry of errorHistory is 0.500469 for index 335619, 336/1000.
The last entry of errorHistory is 1.000000 for index 335620, 336/1000.
Terminated at swamp 0.5.
The last entry of errorHistory is 0.500000 for index 335621, 336/1000.
The last entry of errorHistory is 1.000000 for index 335622, 336/1000.
Terminated at swamp 0.5.
The last entry of errorHistory is 0.500913 for index 335623, 336/1000.
Terminated at swamp 0.5.
The last entry of errorHistory is 0.500000 for index 335624, 336/1000.
Terminated at swamp 0.5.
The last entry of errorHistory is 0.500670 for index 335625, 336/1000.
The last entry of errorHistory is 0.000031 for index 335626, 336/1000.
Terminated at swamp 1.
The last entry of errorHistory is 1.000494 for index 335627, 336/1000.
The last entry of errorHistory is 0.500000 for index 335628, 336/1000.
Terminated at swamp 0.5.
The last entry of errorHistory is 0.500477 for index 335629, 336/1000.
Terminated at swamp 0.5.
The last entry of errorHistory is 0.500445 for index 335630, 336/1000.
Terminated at swamp 1.
The last entry of errorHistory is 1.000357 for index 335631, 336/1000.
Terminated at swamp 1.
The last entry of errorHistory is 1.000014 for index 335632, 336/1000.
The last entry of errorHistory is 0.000035 for index 335633, 336/1000.
The last entry of errorHistory is 1.000000 for index 335634, 336/1000.
Terminated at swamp 0.5.
The last entry of errorHistory is 0.500515 for index 335635, 336/1000.
Terminated at swamp 0.5.
The last entry of errorHistory is 0.500301 for index 335636, 336/1000.
Terminated at swamp 0.5.
The last entry of errorHistory is 0.500496 for index 335637, 336/1000.
The last entry of errorHistory is 0.500000 for index 335638, 336/1000.
Terminated at swamp 1.
The last entry of errorHistory is 1.000070 for index 335639, 336/1000.
Terminated at swamp 0.5.
The last entry of errorHistory is 0.500241 for index 335640, 336/1000.
Terminated at swamp 0.5.
The last entry of errorHistory is 0.500448 for index 335641, 336/1000.
The last entry of errorHistory is 1.000000 for index 335642, 336/1000.
Terminated at swamp 0.5.
The last entry of errorHistory is 0.500470 for index 335643, 336/1000.
Terminated at swamp 0.5.
The last entry of errorHistory is 0.500291 for index 335644, 336/1000.
The last entry of errorHistory is 0.000026 for index 335645, 336/1000.
The last entry of errorHistory is 0.001865 for index 335646, 336/1000.
Terminated at swamp 0.5.
The last entry of errorHistory is 0.500541 for index 335647, 336/1000.
The last entry of errorHistory is 1.000000 for index 335648, 336/1000.
Terminated at swamp 1.
The last entry of errorHistory is 1.000090 for index 335649, 336/1000.
The last entry of errorHistory is 0.000009 for index 335650, 336/1000.
Terminated at swamp 0.5.
The last entry of errorHistory is 0.500514 for index 335651, 336/1000.
The last entry of errorHistory is 1.000000 for index 335652, 336/1000.
Terminated at swamp 1.
The last entry of errorHistory is 1.000000 for index 335653, 336/1000.
Terminated at swamp 0.5.
The last entry of errorHistory is 0.500308 for index 335654, 336/1000.
Terminated at swamp 1.
The last entry of errorHistory is 1.000015 for index 335655, 336/1000.
Terminated at swamp 0.5.
The last entry of errorHistory is 0.500323 for index 335656, 336/1000.
The last entry of errorHistory is 1.000000 for index 335657, 336/1000.
Terminated at swamp 0.5.
The last entry of errorHistory is 0.500506 for index 335658, 336/1000.
Terminated at swamp 0.5.
The last entry of errorHistory is 0.500482 for index 335659, 336/1000.
Terminated at swamp 0.5.
The last entry of errorHistory is 0.500286 for index 335660, 336/1000.
Terminated at swamp 0.5.
The last entry of errorHistory is 0.500111 for index 335661, 336/1000.
Terminated at swamp 0.5.
The last entry of errorHistory is 0.500707 for index 335662, 336/1000.
Terminated at swamp 0.5.
The last entry of errorHistory is 0.500378 for index 335663, 336/1000.
Terminated at swamp 0.5.
The last entry of errorHistory is 0.500314 for index 335664, 336/1000.
Terminated at swamp 1.
The last entry of errorHistory is 1.000169 for index 335665, 336/1000.
The last entry of errorHistory is 0.500000 for index 335666, 336/1000.
Terminated at swamp 1.
The last entry of errorHistory is 1.000000 for index 335667, 336/1000.
Terminated at swamp 1.
The last entry of errorHistory is 1.000109 for index 335668, 336/1000.
The last entry of errorHistory is 0.500000 for index 335669, 336/1000.
Terminated at swamp 0.5.
The last entry of errorHistory is 0.500450 for index 335670, 336/1000.
The last entry of errorHistory is 0.500000 for index 335671, 336/1000.
The last entry of errorHistory is 1.000000 for index 335672, 336/1000.
Terminated at swamp 1.
The last entry of errorHistory is 1.000024 for index 335673, 336/1000.
Terminated at swamp 1.
The last entry of errorHistory is 1.000020 for index 335674, 336/1000.
Terminated at swamp 1.
The last entry of errorHistory is 1.000102 for index 335675, 336/1000.
Terminated at swamp 0.5.
The last entry of errorHistory is 0.500299 for index 335676, 336/1000.
Terminated at swamp 1.
The last entry of errorHistory is 1.000026 for index 335677, 336/1000.
Terminated at swamp 1.
The last entry of errorHistory is 1.000394 for index 335678, 336/1000.
Terminated at swamp 0.5.
The last entry of errorHistory is 0.500048 for index 335679, 336/1000.
Terminated at swamp 0.5.
The last entry of errorHistory is 0.500546 for index 335680, 336/1000.
Terminated at swamp 0.5.
The last entry of errorHistory is 0.500001 for index 335681, 336/1000.
Terminated at swamp 0.5.
The last entry of errorHistory is 0.500560 for index 335682, 336/1000.
Terminated at swamp 0.5.
The last entry of errorHistory is 0.500560 for index 335683, 336/1000.
Terminated at swamp 0.5.
The last entry of errorHistory is 0.500590 for index 335684, 336/1000.
Terminated at swamp 1.5.
The last entry of errorHistory is 1.500294 for index 335685, 336/1000.
Terminated at swamp 1.
The last entry of errorHistory is 1.000353 for index 335686, 336/1000.
Terminated at swamp 1.
The last entry of errorHistory is 1.000121 for index 335687, 336/1000.
The last entry of errorHistory is 1.000000 for index 335688, 336/1000.
Terminated at swamp 1.
The last entry of errorHistory is 1.000078 for index 335689, 336/1000.
Terminated at swamp 1.
The last entry of errorHistory is 1.000161 for index 335690, 336/1000.
Terminated at swamp 0.5.
The last entry of errorHistory is 0.500167 for index 335691, 336/1000.
Terminated at swamp 1.
The last entry of errorHistory is 1.000656 for index 335692, 336/1000.
The last entry of errorHistory is 0.000019 for index 335693, 336/1000.
The last entry of errorHistory is 0.000030 for index 335694, 336/1000.
Terminated at swamp 0.5.
The last entry of errorHistory is 0.500560 for index 335695, 336/1000.
The last entry of errorHistory is 0.500000 for index 335696, 336/1000.
The last entry of errorHistory is 0.000016 for index 335697, 336/1000.
Terminated at swamp 0.5.
The last entry of errorHistory is 0.499952 for index 335698, 336/1000.
Terminated at swamp 0.5.
The last entry of errorHistory is 0.500453 for index 335699, 336/1000.
The last entry of errorHistory is 1.000000 for index 335700, 336/1000.
Terminated at swamp 0.5.
The last entry of errorHistory is 0.500601 for index 335701, 336/1000.
Terminated at swamp 0.5.
The last entry of errorHistory is 0.500004 for index 335702, 336/1000.
Terminated at swamp 0.5.
The last entry of errorHistory is 0.500000 for index 335703, 336/1000.
The last entry of errorHistory is 1.000000 for index 335704, 336/1000.
Terminated at swamp 0.5.
The last entry of errorHistory is 0.500477 for index 335705, 336/1000.
The last entry of errorHistory is 0.000031 for index 335706, 336/1000.
The last entry of errorHistory is 0.500000 for index 335707, 336/1000.
Terminated at swamp 0.5.
The last entry of errorHistory is 0.500386 for index 335708, 336/1000.
Terminated at swamp 1.
The last entry of errorHistory is 1.000527 for index 335709, 336/1000.
Terminated at swamp 1.
The last entry of errorHistory is 1.000058 for index 335710, 336/1000.
Terminated at swamp 0.5.
The last entry of errorHistory is 0.500285 for index 335711, 336/1000.
Terminated at swamp 0.5.
The last entry of errorHistory is 0.500231 for index 335712, 336/1000.
Terminated at swamp 0.5.
The last entry of errorHistory is 0.500362 for index 335713, 336/1000.
The last entry of errorHistory is 1.000000 for index 335714, 336/1000.
Terminated at swamp 0.5.
The last entry of errorHistory is 0.500350 for index 335715, 336/1000.
Terminated at swamp 0.5.
The last entry of errorHistory is 0.500562 for index 335716, 336/1000.
Terminated at swamp 1.
The last entry of errorHistory is 1.000162 for index 335717, 336/1000.
Terminated at swamp 0.5.
The last entry of errorHistory is 0.500000 for index 335718, 336/1000.
The last entry of errorHistory is 0.000026 for index 335719, 336/1000.
Terminated at swamp 0.5.
The last entry of errorHistory is 0.500471 for index 335720, 336/1000.
Terminated at swamp 0.5.
The last entry of errorHistory is 0.500279 for index 335721, 336/1000.
Terminated at swamp 1.
The last entry of errorHistory is 1.000397 for index 335722, 336/1000.
Terminated at swamp 0.5.
The last entry of errorHistory is 0.500623 for index 335723, 336/1000.
Terminated at swamp 1.
The last entry of errorHistory is 1.000001 for index 335724, 336/1000.
Terminated at swamp 0.5.
The last entry of errorHistory is 0.500578 for index 335725, 336/1000.
The last entry of errorHistory is 1.000000 for index 335726, 336/1000.
The last entry of errorHistory is 1.000000 for index 335727, 336/1000.
Terminated at swamp 0.5.
The last entry of errorHistory is 0.500557 for index 335728, 336/1000.
The last entry of errorHistory is 1.000000 for index 335729, 336/1000.
The last entry of errorHistory is 0.500000 for index 335730, 336/1000.
The last entry of errorHistory is 1.000000 for index 335731, 336/1000.
The last entry of errorHistory is 0.000014 for index 335732, 336/1000.
Terminated at swamp 0.5.
The last entry of errorHistory is 0.500025 for index 335733, 336/1000.
The last entry of errorHistory is 1.000000 for index 335734, 336/1000.
Terminated at swamp 0.5.
The last entry of errorHistory is 0.500533 for index 335735, 336/1000.
The last entry of errorHistory is 0.000015 for index 335736, 336/1000.
The last entry of errorHistory is 1.000000 for index 335737, 336/1000.
Terminated at swamp 0.5.
The last entry of errorHistory is 0.500542 for index 335738, 336/1000.
Terminated at swamp 0.5.
The last entry of errorHistory is 0.500289 for index 335739, 336/1000.
The last entry of errorHistory is 1.000000 for index 335740, 336/1000.
Terminated at swamp 0.5.
The last entry of errorHistory is 0.500477 for index 335741, 336/1000.
Terminated at swamp 0.5.
The last entry of errorHistory is 0.500075 for index 335742, 336/1000.
The last entry of errorHistory is 0.500000 for index 335743, 336/1000.
The last entry of errorHistory is 1.000000 for index 335744, 336/1000.
The last entry of errorHistory is 0.000037 for index 335745, 336/1000.
Terminated at swamp 0.5.
The last entry of errorHistory is 0.500567 for index 335746, 336/1000.
The last entry of errorHistory is 0.000029 for index 335747, 336/1000.
Terminated at swamp 0.5.
The last entry of errorHistory is 0.500530 for index 335748, 336/1000.
The last entry of errorHistory is 0.000033 for index 335749, 336/1000.
Terminated at swamp 0.5.
The last entry of errorHistory is 0.500521 for index 335750, 336/1000.
Terminated at swamp 1.
The last entry of errorHistory is 1.000065 for index 335751, 336/1000.
Terminated at swamp 0.5.
The last entry of errorHistory is 0.500364 for index 335752, 336/1000.
The last entry of errorHistory is 0.000019 for index 335753, 336/1000.
Terminated at swamp 0.5.
The last entry of errorHistory is 0.500506 for index 335754, 336/1000.
Terminated at swamp 0.5.
The last entry of errorHistory is 0.500517 for index 335755, 336/1000.
The last entry of errorHistory is 1.000000 for index 335756, 336/1000.
The last entry of errorHistory is 1.000000 for index 335757, 336/1000.
Terminated at swamp 0.5.
The last entry of errorHistory is 0.500257 for index 335758, 336/1000.
Terminated at swamp 1.
The last entry of errorHistory is 1.000000 for index 335759, 336/1000.
The last entry of errorHistory is 0.500000 for index 335760, 336/1000.
Terminated at swamp 0.5.
The last entry of errorHistory is 0.500639 for index 335761, 336/1000.
Terminated at swamp 0.5.
The last entry of errorHistory is 0.500250 for index 335762, 336/1000.
The last entry of errorHistory is 0.000019 for index 335763, 336/1000.
Terminated at swamp 0.5.
The last entry of errorHistory is 0.500682 for index 335764, 336/1000.
Terminated at swamp 1.
The last entry of errorHistory is 1.000003 for index 335765, 336/1000.
The last entry of errorHistory is 0.000236 for index 335766, 336/1000.
Terminated at swamp 0.5.
The last entry of errorHistory is 0.500640 for index 335767, 336/1000.
Terminated at swamp 0.5.
The last entry of errorHistory is 0.500101 for index 335768, 336/1000.
Terminated at swamp 0.5.
The last entry of errorHistory is 0.500221 for index 335769, 336/1000.
Terminated at swamp 0.5.
The last entry of errorHistory is 0.500334 for index 335770, 336/1000.
Terminated at swamp 1.
The last entry of errorHistory is 1.000001 for index 335771, 336/1000.
Terminated at swamp 0.5.
The last entry of errorHistory is 0.500413 for index 335772, 336/1000.
Terminated at swamp 0.5.
The last entry of errorHistory is 0.500636 for index 335773, 336/1000.
Terminated at swamp 0.5.
The last entry of errorHistory is 0.500476 for index 335774, 336/1000.
Terminated at swamp 0.5.
The last entry of errorHistory is 0.500353 for index 335775, 336/1000.
Terminated at swamp 1.
The last entry of errorHistory is 1.000237 for index 335776, 336/1000.
Terminated at swamp 0.5.
The last entry of errorHistory is 0.500123 for index 335777, 336/1000.
The last entry of errorHistory is 0.000601 for index 335778, 336/1000.
Terminated at swamp 0.5.
The last entry of errorHistory is 0.500128 for index 335779, 336/1000.
The last entry of errorHistory is 0.000011 for index 335780, 336/1000.
The last entry of errorHistory is 1.000000 for index 335781, 336/1000.
Terminated at swamp 1.
The last entry of errorHistory is 1.000081 for index 335782, 336/1000.
Terminated at swamp 0.5.
The last entry of errorHistory is 0.500406 for index 335783, 336/1000.
The last entry of errorHistory is 1.000000 for index 335784, 336/1000.
Terminated at swamp 0.5.
The last entry of errorHistory is 0.500552 for index 335785, 336/1000.
Terminated at swamp 1.
The last entry of errorHistory is 1.000385 for index 335786, 336/1000.
The last entry of errorHistory is 1.000000 for index 335787, 336/1000.
Terminated at swamp 0.5.
The last entry of errorHistory is 0.500357 for index 335788, 336/1000.
The last entry of errorHistory is 1.000000 for index 335789, 336/1000.
The last entry of errorHistory is 1.000000 for index 335790, 336/1000.
The last entry of errorHistory is 0.000055 for index 335791, 336/1000.
Terminated at swamp 0.5.
The last entry of errorHistory is 0.500534 for index 335792, 336/1000.
Terminated at swamp 0.5.
The last entry of errorHistory is 0.500059 for index 335793, 336/1000.
Terminated at swamp 0.5.
The last entry of errorHistory is 0.500447 for index 335794, 336/1000.
The last entry of errorHistory is 1.000000 for index 335795, 336/1000.
Terminated at swamp 0.5.
The last entry of errorHistory is 0.500205 for index 335796, 336/1000.
Terminated at swamp 0.5.
The last entry of errorHistory is 0.500446 for index 335797, 336/1000.
Terminated at swamp 1.
The last entry of errorHistory is 1.000067 for index 335798, 336/1000.
Terminated at swamp 0.5.
The last entry of errorHistory is 0.500352 for index 335799, 336/1000.
Terminated at swamp 0.5.
The last entry of errorHistory is 0.500000 for index 335800, 336/1000.
Terminated at swamp 0.5.
The last entry of errorHistory is 0.500169 for index 335801, 336/1000.
Terminated at swamp 0.5.
The last entry of errorHistory is 0.500495 for index 335802, 336/1000.
The last entry of errorHistory is 0.000020 for index 335803, 336/1000.
Terminated at swamp 0.5.
The last entry of errorHistory is 0.500473 for index 335804, 336/1000.
Terminated at swamp 0.5.
The last entry of errorHistory is 0.500453 for index 335805, 336/1000.
The last entry of errorHistory is 0.000035 for index 335806, 336/1000.
Terminated at swamp 0.5.
The last entry of errorHistory is 0.500202 for index 335807, 336/1000.
Terminated at swamp 1.
The last entry of errorHistory is 1.000008 for index 335808, 336/1000.
Terminated at swamp 0.5.
The last entry of errorHistory is 0.500015 for index 335809, 336/1000.
Terminated at swamp 0.5.
The last entry of errorHistory is 0.500719 for index 335810, 336/1000.
Terminated at swamp 1.
The last entry of errorHistory is 1.000000 for index 335811, 336/1000.
Terminated at swamp 1.5.
The last entry of errorHistory is 1.500000 for index 335812, 336/1000.
The last entry of errorHistory is 1.000000 for index 335813, 336/1000.
The last entry of errorHistory is 0.000082 for index 335814, 336/1000.
Terminated at swamp 0.5.
The last entry of errorHistory is 0.500646 for index 335815, 336/1000.
Terminated at swamp 1.
The last entry of errorHistory is 1.000117 for index 335816, 336/1000.
The last entry of errorHistory is 0.000161 for index 335817, 336/1000.
Terminated at swamp 1.
The last entry of errorHistory is 1.000267 for index 335818, 336/1000.
Terminated at swamp 0.5.
The last entry of errorHistory is 0.500616 for index 335819, 336/1000.
The last entry of errorHistory is 1.000000 for index 335820, 336/1000.
Terminated at swamp 0.5.
The last entry of errorHistory is 0.500179 for index 335821, 336/1000.
Terminated at swamp 0.5.
The last entry of errorHistory is 0.500017 for index 335822, 336/1000.
Terminated at swamp 0.5.
The last entry of errorHistory is 0.500145 for index 335823, 336/1000.
Terminated at swamp 1.
The last entry of errorHistory is 1.000002 for index 335824, 336/1000.
The last entry of errorHistory is 0.000017 for index 335825, 336/1000.
Terminated at swamp 0.5.
The last entry of errorHistory is 0.500337 for index 335826, 336/1000.
Terminated at swamp 0.5.
The last entry of errorHistory is 0.500170 for index 335827, 336/1000.
Terminated at swamp 0.5.
The last entry of errorHistory is 0.500136 for index 335828, 336/1000.
Terminated at swamp 0.5.
The last entry of errorHistory is 0.500525 for index 335829, 336/1000.
The last entry of errorHistory is 0.000938 for index 335830, 336/1000.
Terminated at swamp 0.5.
The last entry of errorHistory is 0.500587 for index 335831, 336/1000.
Terminated at swamp 0.5.
The last entry of errorHistory is 0.500519 for index 335832, 336/1000.
The last entry of errorHistory is 1.000000 for index 335833, 336/1000.
Terminated at swamp 0.5.
The last entry of errorHistory is 0.500000 for index 335834, 336/1000.
The last entry of errorHistory is 0.000023 for index 335835, 336/1000.
The last entry of errorHistory is 1.500000 for index 335836, 336/1000.
Terminated at swamp 0.5.
The last entry of errorHistory is 0.500467 for index 335837, 336/1000.
The last entry of errorHistory is 1.000000 for index 335838, 336/1000.
Terminated at swamp 0.5.
The last entry of errorHistory is 0.500177 for index 335839, 336/1000.
Terminated at swamp 0.5.
The last entry of errorHistory is 0.500631 for index 335840, 336/1000.
Terminated at swamp 0.5.
The last entry of errorHistory is 0.500132 for index 335841, 336/1000.
The last entry of errorHistory is 0.000025 for index 335842, 336/1000.
Terminated at swamp 0.5.
The last entry of errorHistory is 0.500366 for index 335843, 336/1000.
Terminated at swamp 1.
The last entry of errorHistory is 1.000163 for index 335844, 336/1000.
The last entry of errorHistory is 1.000000 for index 335845, 336/1000.
Terminated at swamp 0.5.
The last entry of errorHistory is 0.500671 for index 335846, 336/1000.
Terminated at swamp 0.5.
The last entry of errorHistory is 0.500306 for index 335847, 336/1000.
Terminated at swamp 0.5.
The last entry of errorHistory is 0.500000 for index 335848, 336/1000.
The last entry of errorHistory is 1.000000 for index 335849, 336/1000.
The last entry of errorHistory is 1.000000 for index 335850, 336/1000.
Terminated at swamp 1.
The last entry of errorHistory is 1.000226 for index 335851, 336/1000.
Terminated at swamp 0.5.
The last entry of errorHistory is 0.500109 for index 335852, 336/1000.
Terminated at swamp 0.5.
The last entry of errorHistory is 0.500510 for index 335853, 336/1000.
Terminated at swamp 1.
The last entry of errorHistory is 1.000432 for index 335854, 336/1000.
Terminated at swamp 1.
The last entry of errorHistory is 1.000023 for index 335855, 336/1000.
The last entry of errorHistory is 0.007745 for index 335856, 336/1000.
Terminated at swamp 0.5.
The last entry of errorHistory is 0.500501 for index 335857, 336/1000.
Terminated at swamp 0.5.
The last entry of errorHistory is 0.500118 for index 335858, 336/1000.
Terminated at swamp 0.5.
The last entry of errorHistory is 0.500078 for index 335859, 336/1000.
Terminated at swamp 0.5.
The last entry of errorHistory is 0.500280 for index 335860, 336/1000.
The last entry of errorHistory is 0.500000 for index 335861, 336/1000.
Terminated at swamp 0.5.
The last entry of errorHistory is 0.500454 for index 335862, 336/1000.
Terminated at swamp 0.5.
The last entry of errorHistory is 0.500476 for index 335863, 336/1000.
The last entry of errorHistory is 0.500000 for index 335864, 336/1000.
Terminated at swamp 1.
The last entry of errorHistory is 1.000030 for index 335865, 336/1000.
The last entry of errorHistory is 1.000000 for index 335866, 336/1000.
Terminated at swamp 0.5.
The last entry of errorHistory is 0.500210 for index 335867, 336/1000.
Terminated at swamp 1.
The last entry of errorHistory is 1.000302 for index 335868, 336/1000.
The last entry of errorHistory is 1.000000 for index 335869, 336/1000.
The last entry of errorHistory is 0.000206 for index 335870, 336/1000.
Terminated at swamp 0.5.
The last entry of errorHistory is 0.500547 for index 335871, 336/1000.
Terminated at swamp 1.
The last entry of errorHistory is 1.000092 for index 335872, 336/1000.
Terminated at swamp 1.
The last entry of errorHistory is 1.000351 for index 335873, 336/1000.
Terminated at swamp 1.
The last entry of errorHistory is 1.000362 for index 335874, 336/1000.
The last entry of errorHistory is 1.500000 for index 335875, 336/1000.
Terminated at swamp 0.5.
The last entry of errorHistory is 0.500189 for index 335876, 336/1000.
Terminated at swamp 0.5.
The last entry of errorHistory is 0.500570 for index 335877, 336/1000.
Terminated at swamp 0.5.
The last entry of errorHistory is 0.500427 for index 335878, 336/1000.
The last entry of errorHistory is 1.000000 for index 335879, 336/1000.
The last entry of errorHistory is 0.000014 for index 335880, 336/1000.
Terminated at swamp 0.5.
The last entry of errorHistory is 0.500523 for index 335881, 336/1000.
Terminated at swamp 0.5.
The last entry of errorHistory is 0.500445 for index 335882, 336/1000.
The last entry of errorHistory is 0.000010 for index 335883, 336/1000.
The last entry of errorHistory is 1.000000 for index 335884, 336/1000.
Terminated at swamp 0.5.
The last entry of errorHistory is 0.500204 for index 335885, 336/1000.
Terminated at swamp 0.5.
The last entry of errorHistory is 0.500265 for index 335886, 336/1000.
The last entry of errorHistory is 0.500000 for index 335887, 336/1000.
Terminated at swamp 0.5.
The last entry of errorHistory is 0.500158 for index 335888, 336/1000.
Terminated at swamp 1.
The last entry of errorHistory is 1.000000 for index 335889, 336/1000.
Terminated at swamp 0.5.
The last entry of errorHistory is 0.500193 for index 335890, 336/1000.
The last entry of errorHistory is 0.000078 for index 335891, 336/1000.
Terminated at swamp 0.5.
The last entry of errorHistory is 0.500116 for index 335892, 336/1000.
Terminated at swamp 0.5.
The last entry of errorHistory is 0.500049 for index 335893, 336/1000.
The last entry of errorHistory is 0.000014 for index 335894, 336/1000.
Terminated at swamp 0.5.
The last entry of errorHistory is 0.500137 for index 335895, 336/1000.
Terminated at swamp 0.5.
The last entry of errorHistory is 0.500484 for index 335896, 336/1000.
Terminated at swamp 1.
The last entry of errorHistory is 1.000464 for index 335897, 336/1000.
The last entry of errorHistory is 1.500000 for index 335898, 336/1000.
The last entry of errorHistory is 0.000027 for index 335899, 336/1000.
Terminated at swamp 0.5.
The last entry of errorHistory is 0.500369 for index 335900, 336/1000.
The last entry of errorHistory is 0.500000 for index 335901, 336/1000.
The last entry of errorHistory is 1.000000 for index 335902, 336/1000.
The last entry of errorHistory is 0.500000 for index 335903, 336/1000.
Terminated at swamp 1.
The last entry of errorHistory is 1.000099 for index 335904, 336/1000.
The last entry of errorHistory is 0.500000 for index 335905, 336/1000.
The last entry of errorHistory is 1.000000 for index 335906, 336/1000.
Terminated at swamp 1.
The last entry of errorHistory is 1.000055 for index 335907, 336/1000.
Terminated at swamp 0.5.
The last entry of errorHistory is 0.500271 for index 335908, 336/1000.
The last entry of errorHistory is 0.500000 for index 335909, 336/1000.
Terminated at swamp 0.5.
The last entry of errorHistory is 0.500495 for index 335910, 336/1000.
The last entry of errorHistory is 1.000000 for index 335911, 336/1000.
Terminated at swamp 0.5.
The last entry of errorHistory is 0.500001 for index 335912, 336/1000.
Terminated at swamp 0.5.
The last entry of errorHistory is 0.500449 for index 335913, 336/1000.
The last entry of errorHistory is 1.000000 for index 335914, 336/1000.
Terminated at swamp 1.
The last entry of errorHistory is 1.000001 for index 335915, 336/1000.
Terminated at swamp 1.
The last entry of errorHistory is 1.000515 for index 335916, 336/1000.
Terminated at swamp 0.5.
The last entry of errorHistory is 0.500310 for index 335917, 336/1000.
Terminated at swamp 0.5.
The last entry of errorHistory is 0.500479 for index 335918, 336/1000.
Terminated at swamp 0.5.
The last entry of errorHistory is 0.500360 for index 335919, 336/1000.
The last entry of errorHistory is 0.500000 for index 335920, 336/1000.
Terminated at swamp 0.5.
The last entry of errorHistory is 0.500350 for index 335921, 336/1000.
The last entry of errorHistory is 1.000000 for index 335922, 336/1000.
Terminated at swamp 0.5.
The last entry of errorHistory is 0.500193 for index 335923, 336/1000.
Terminated at swamp 0.5.
The last entry of errorHistory is 0.500280 for index 335924, 336/1000.
Terminated at swamp 1.
The last entry of errorHistory is 1.000049 for index 335925, 336/1000.
Terminated at swamp 1.5.
The last entry of errorHistory is 1.500000 for index 335926, 336/1000.
Terminated at swamp 0.5.
The last entry of errorHistory is 0.500935 for index 335927, 336/1000.
Terminated at swamp 1.
The last entry of errorHistory is 1.000018 for index 335928, 336/1000.
The last entry of errorHistory is 1.000000 for index 335929, 336/1000.
Terminated at swamp 0.5.
The last entry of errorHistory is 0.500382 for index 335930, 336/1000.
Terminated at swamp 0.5.
The last entry of errorHistory is 0.500651 for index 335931, 336/1000.
Terminated at swamp 0.5.
The last entry of errorHistory is 0.500516 for index 335932, 336/1000.
The last entry of errorHistory is 1.000000 for index 335933, 336/1000.
Terminated at swamp 0.5.
The last entry of errorHistory is 0.500586 for index 335934, 336/1000.
Terminated at swamp 0.5.
The last entry of errorHistory is 0.500630 for index 335935, 336/1000.
The last entry of errorHistory is 1.500000 for index 335936, 336/1000.
Terminated at swamp 0.5.
The last entry of errorHistory is 0.500007 for index 335937, 336/1000.
The last entry of errorHistory is 1.000000 for index 335938, 336/1000.
The last entry of errorHistory is 1.000000 for index 335939, 336/1000.
The last entry of errorHistory is 1.000000 for index 335940, 336/1000.
Terminated at swamp 0.5.
The last entry of errorHistory is 0.500481 for index 335941, 336/1000.
The last entry of errorHistory is 1.000000 for index 335942, 336/1000.
Terminated at swamp 1.
The last entry of errorHistory is 1.000007 for index 335943, 336/1000.
Terminated at swamp 0.5.
The last entry of errorHistory is 0.500737 for index 335944, 336/1000.
The last entry of errorHistory is 0.000017 for index 335945, 336/1000.
Terminated at swamp 0.5.
The last entry of errorHistory is 0.500607 for index 335946, 336/1000.
Terminated at swamp 0.5.
The last entry of errorHistory is 0.500509 for index 335947, 336/1000.
Terminated at swamp 0.5.
The last entry of errorHistory is 0.500948 for index 335948, 336/1000.
The last entry of errorHistory is 0.000011 for index 335949, 336/1000.
The last entry of errorHistory is 1.000000 for index 335950, 336/1000.
The last entry of errorHistory is 1.000000 for index 335951, 336/1000.
Terminated at swamp 1.
The last entry of errorHistory is 1.000091 for index 335952, 336/1000.
The last entry of errorHistory is 0.500000 for index 335953, 336/1000.
The last entry of errorHistory is 0.000016 for index 335954, 336/1000.
Terminated at swamp 1.
The last entry of errorHistory is 1.000273 for index 335955, 336/1000.
The last entry of errorHistory is 1.000000 for index 335956, 336/1000.
Terminated at swamp 1.
The last entry of errorHistory is 1.000542 for index 335957, 336/1000.
Terminated at swamp 1.
The last entry of errorHistory is 1.000338 for index 335958, 336/1000.
The last entry of errorHistory is 0.000012 for index 335959, 336/1000.
Terminated at swamp 0.5.
The last entry of errorHistory is 0.500439 for index 335960, 336/1000.
Terminated at swamp 0.5.
The last entry of errorHistory is 0.500072 for index 335961, 336/1000.
Terminated at swamp 0.5.
The last entry of errorHistory is 0.500271 for index 335962, 336/1000.
Terminated at swamp 0.5.
The last entry of errorHistory is 0.500229 for index 335963, 336/1000.
The last entry of errorHistory is 1.000000 for index 335964, 336/1000.
Terminated at swamp 0.5.
The last entry of errorHistory is 0.500652 for index 335965, 336/1000.
The last entry of errorHistory is 1.000000 for index 335966, 336/1000.
Terminated at swamp 0.5.
The last entry of errorHistory is 0.500615 for index 335967, 336/1000.
Terminated at swamp 0.5.
The last entry of errorHistory is 0.500623 for index 335968, 336/1000.
Terminated at swamp 1.
The last entry of errorHistory is 1.000026 for index 335969, 336/1000.
Terminated at swamp 1.
The last entry of errorHistory is 1.000218 for index 335970, 336/1000.
The last entry of errorHistory is 0.500000 for index 335971, 336/1000.
Terminated at swamp 0.5.
The last entry of errorHistory is 0.500365 for index 335972, 336/1000.
The last entry of errorHistory is 0.501182 for index 335973, 336/1000.
Terminated at swamp 0.5.
The last entry of errorHistory is 0.500276 for index 335974, 336/1000.
Terminated at swamp 0.5.
The last entry of errorHistory is 0.500619 for index 335975, 336/1000.
Terminated at swamp 0.5.
The last entry of errorHistory is 0.500462 for index 335976, 336/1000.
The last entry of errorHistory is 0.500000 for index 335977, 336/1000.
The last entry of errorHistory is 1.500000 for index 335978, 336/1000.
Terminated at swamp 0.5.
The last entry of errorHistory is 0.500432 for index 335979, 336/1000.
Terminated at swamp 1.
The last entry of errorHistory is 1.000150 for index 335980, 336/1000.
Terminated at swamp 1.
The last entry of errorHistory is 1.000000 for index 335981, 336/1000.
Terminated at swamp 0.5.
The last entry of errorHistory is 0.500379 for index 335982, 336/1000.
Terminated at swamp 1.
The last entry of errorHistory is 1.000026 for index 335983, 336/1000.
Terminated at swamp 1.
The last entry of errorHistory is 1.000007 for index 335984, 336/1000.
Terminated at swamp 0.5.
The last entry of errorHistory is 0.500600 for index 335985, 336/1000.
Terminated at swamp 1.
The last entry of errorHistory is 1.000015 for index 335986, 336/1000.
Terminated at swamp 1.
The last entry of errorHistory is 1.000000 for index 335987, 336/1000.
Terminated at swamp 1.
The last entry of errorHistory is 0.999997 for index 335988, 336/1000.
Terminated at swamp 0.5.
The last entry of errorHistory is 0.500346 for index 335989, 336/1000.
The last entry of errorHistory is 1.000000 for index 335990, 336/1000.
The last entry of errorHistory is 0.000026 for index 335991, 336/1000.
Terminated at swamp 1.
The last entry of errorHistory is 1.000355 for index 335992, 336/1000.
The last entry of errorHistory is 0.000036 for index 335993, 336/1000.
Terminated at swamp 1.
The last entry of errorHistory is 1.000393 for index 335994, 336/1000.
Terminated at swamp 1.
The last entry of errorHistory is 1.000102 for index 335995, 336/1000.
Terminated at swamp 0.5.
The last entry of errorHistory is 0.500211 for index 335996, 336/1000.
The last entry of errorHistory is 1.000000 for index 335997, 336/1000.
The last entry of errorHistory is 1.000000 for index 335998, 336/1000.
The last entry of errorHistory is 1.000000 for index 335999, 336/1000.
Terminated at swamp 0.5.
The last entry of errorHistory is 0.500463 for index 336000, 336/1000.
