
                            < M A T L A B (R) >
                  Copyright 1984-2018 The MathWorks, Inc.
                   R2018b (9.5.0.944444) 64-bit (glnxa64)
                              August 28, 2018

 
To get started, type doc.
For product information, visit www.mathworks.com.
 
The last entry of errorHistory is 1.000000 for index 348001, 349/1000.
Terminated at swamp 0.5.
The last entry of errorHistory is 0.500686 for index 348002, 349/1000.
Terminated at swamp 0.5.
The last entry of errorHistory is 0.500542 for index 348003, 349/1000.
Terminated at swamp 0.5.
The last entry of errorHistory is 0.500548 for index 348004, 349/1000.
Terminated at swamp 0.5.
The last entry of errorHistory is 0.500296 for index 348005, 349/1000.
Terminated at swamp 0.5.
The last entry of errorHistory is 0.500560 for index 348006, 349/1000.
Terminated at swamp 0.5.
The last entry of errorHistory is 0.500624 for index 348007, 349/1000.
Terminated at swamp 0.5.
The last entry of errorHistory is 0.500572 for index 348008, 349/1000.
Terminated at swamp 0.5.
The last entry of errorHistory is 0.500536 for index 348009, 349/1000.
Terminated at swamp 0.5.
The last entry of errorHistory is 0.500332 for index 348010, 349/1000.
The last entry of errorHistory is 0.000474 for index 348011, 349/1000.
Terminated at swamp 0.5.
The last entry of errorHistory is 0.500621 for index 348012, 349/1000.
The last entry of errorHistory is 1.000000 for index 348013, 349/1000.
The last entry of errorHistory is 0.000010 for index 348014, 349/1000.
Terminated at swamp 0.5.
The last entry of errorHistory is 0.500318 for index 348015, 349/1000.
Terminated at swamp 0.5.
The last entry of errorHistory is 0.500524 for index 348016, 349/1000.
The last entry of errorHistory is 0.000058 for index 348017, 349/1000.
The last entry of errorHistory is 1.000000 for index 348018, 349/1000.
Terminated at swamp 0.5.
The last entry of errorHistory is 0.500078 for index 348019, 349/1000.
The last entry of errorHistory is 1.000000 for index 348020, 349/1000.
The last entry of errorHistory is 1.000000 for index 348021, 349/1000.
Terminated at swamp 0.5.
The last entry of errorHistory is 0.500004 for index 348022, 349/1000.
Terminated at swamp 0.5.
The last entry of errorHistory is 0.500028 for index 348023, 349/1000.
Terminated at swamp 0.5.
The last entry of errorHistory is 0.500276 for index 348024, 349/1000.
The last entry of errorHistory is 0.500000 for index 348025, 349/1000.
Terminated at swamp 0.5.
The last entry of errorHistory is 0.500818 for index 348026, 349/1000.
Terminated at swamp 0.5.
The last entry of errorHistory is 0.500000 for index 348027, 349/1000.
Terminated at swamp 0.5.
The last entry of errorHistory is 0.500578 for index 348028, 349/1000.
Terminated at swamp 0.5.
The last entry of errorHistory is 0.500597 for index 348029, 349/1000.
The last entry of errorHistory is 1.000000 for index 348030, 349/1000.
Terminated at swamp 0.5.
The last entry of errorHistory is 0.500693 for index 348031, 349/1000.
Terminated at swamp 1.
The last entry of errorHistory is 1.000182 for index 348032, 349/1000.
Terminated at swamp 1.
The last entry of errorHistory is 1.000016 for index 348033, 349/1000.
Terminated at swamp 0.5.
The last entry of errorHistory is 0.500146 for index 348034, 349/1000.
Terminated at swamp 0.5.
The last entry of errorHistory is 0.500717 for index 348035, 349/1000.
Terminated at swamp 0.5.
The last entry of errorHistory is 0.500375 for index 348036, 349/1000.
Terminated at swamp 0.5.
The last entry of errorHistory is 0.500411 for index 348037, 349/1000.
Terminated at swamp 0.5.
The last entry of errorHistory is 0.500462 for index 348038, 349/1000.
Terminated at swamp 1.
The last entry of errorHistory is 1.000082 for index 348039, 349/1000.
Terminated at swamp 1.
The last entry of errorHistory is 1.000132 for index 348040, 349/1000.
Terminated at swamp 0.5.
The last entry of errorHistory is 0.500009 for index 348041, 349/1000.
Terminated at swamp 0.5.
The last entry of errorHistory is 0.500005 for index 348042, 349/1000.
The last entry of errorHistory is 0.000015 for index 348043, 349/1000.
Terminated at swamp 0.5.
The last entry of errorHistory is 0.500051 for index 348044, 349/1000.
Terminated at swamp 0.5.
The last entry of errorHistory is 0.500462 for index 348045, 349/1000.
The last entry of errorHistory is 1.000000 for index 348046, 349/1000.
Terminated at swamp 0.5.
The last entry of errorHistory is 0.500354 for index 348047, 349/1000.
Terminated at swamp 0.5.
The last entry of errorHistory is 0.500515 for index 348048, 349/1000.
The last entry of errorHistory is 0.000104 for index 348049, 349/1000.
Terminated at swamp 0.5.
The last entry of errorHistory is 0.500459 for index 348050, 349/1000.
The last entry of errorHistory is 1.000000 for index 348051, 349/1000.
Terminated at swamp 1.
The last entry of errorHistory is 1.000000 for index 348052, 349/1000.
Terminated at swamp 0.5.
The last entry of errorHistory is 0.500401 for index 348053, 349/1000.
The last entry of errorHistory is 1.000000 for index 348054, 349/1000.
The last entry of errorHistory is 0.000019 for index 348055, 349/1000.
Terminated at swamp 1.
The last entry of errorHistory is 1.000268 for index 348056, 349/1000.
The last entry of errorHistory is 1.000000 for index 348057, 349/1000.
The last entry of errorHistory is 1.000000 for index 348058, 349/1000.
Terminated at swamp 0.5.
The last entry of errorHistory is 0.500551 for index 348059, 349/1000.
The last entry of errorHistory is 0.000027 for index 348060, 349/1000.
Terminated at swamp 0.5.
The last entry of errorHistory is 0.500634 for index 348061, 349/1000.
Terminated at swamp 0.5.
The last entry of errorHistory is 0.500450 for index 348062, 349/1000.
Terminated at swamp 0.5.
The last entry of errorHistory is 0.500661 for index 348063, 349/1000.
Terminated at swamp 0.5.
The last entry of errorHistory is 0.500473 for index 348064, 349/1000.
The last entry of errorHistory is 0.000090 for index 348065, 349/1000.
Terminated at swamp 0.5.
The last entry of errorHistory is 0.500527 for index 348066, 349/1000.
The last entry of errorHistory is 1.000000 for index 348067, 349/1000.
Terminated at swamp 0.5.
The last entry of errorHistory is 0.500479 for index 348068, 349/1000.
Terminated at swamp 1.
The last entry of errorHistory is 1.000000 for index 348069, 349/1000.
The last entry of errorHistory is 1.000000 for index 348070, 349/1000.
Terminated at swamp 1.
The last entry of errorHistory is 1.000007 for index 348071, 349/1000.
Terminated at swamp 0.5.
The last entry of errorHistory is 0.500544 for index 348072, 349/1000.
Terminated at swamp 0.5.
The last entry of errorHistory is 0.500235 for index 348073, 349/1000.
Terminated at swamp 0.5.
The last entry of errorHistory is 0.500735 for index 348074, 349/1000.
Terminated at swamp 0.5.
The last entry of errorHistory is 0.500000 for index 348075, 349/1000.
Terminated at swamp 0.5.
The last entry of errorHistory is 0.500480 for index 348076, 349/1000.
The last entry of errorHistory is 0.000251 for index 348077, 349/1000.
The last entry of errorHistory is 0.000026 for index 348078, 349/1000.
The last entry of errorHistory is 0.000485 for index 348079, 349/1000.
Terminated at swamp 0.5.
The last entry of errorHistory is 0.500193 for index 348080, 349/1000.
The last entry of errorHistory is 1.000000 for index 348081, 349/1000.
Terminated at swamp 1.
The last entry of errorHistory is 1.000307 for index 348082, 349/1000.
Terminated at swamp 0.5.
The last entry of errorHistory is 0.500381 for index 348083, 349/1000.
Terminated at swamp 1.
The last entry of errorHistory is 1.000371 for index 348084, 349/1000.
Terminated at swamp 0.5.
The last entry of errorHistory is 0.500553 for index 348085, 349/1000.
Terminated at swamp 0.5.
The last entry of errorHistory is 0.500146 for index 348086, 349/1000.
Terminated at swamp 0.5.
The last entry of errorHistory is 0.500527 for index 348087, 349/1000.
The last entry of errorHistory is 0.000013 for index 348088, 349/1000.
Terminated at swamp 1.
The last entry of errorHistory is 1.000000 for index 348089, 349/1000.
Terminated at swamp 0.5.
The last entry of errorHistory is 0.500628 for index 348090, 349/1000.
Terminated at swamp 0.5.
The last entry of errorHistory is 0.500213 for index 348091, 349/1000.
Terminated at swamp 0.5.
The last entry of errorHistory is 0.500119 for index 348092, 349/1000.
Terminated at swamp 0.5.
The last entry of errorHistory is 0.500559 for index 348093, 349/1000.
The last entry of errorHistory is 1.000000 for index 348094, 349/1000.
Terminated at swamp 0.5.
The last entry of errorHistory is 0.500635 for index 348095, 349/1000.
Terminated at swamp 1.
The last entry of errorHistory is 1.000046 for index 348096, 349/1000.
The last entry of errorHistory is 1.000000 for index 348097, 349/1000.
Terminated at swamp 0.5.
The last entry of errorHistory is 0.500155 for index 348098, 349/1000.
Terminated at swamp 0.5.
The last entry of errorHistory is 0.500331 for index 348099, 349/1000.
Terminated at swamp 1.5.
The last entry of errorHistory is 1.500036 for index 348100, 349/1000.
Terminated at swamp 1.
The last entry of errorHistory is 1.000261 for index 348101, 349/1000.
Terminated at swamp 0.5.
The last entry of errorHistory is 0.500426 for index 348102, 349/1000.
Terminated at swamp 0.5.
The last entry of errorHistory is 0.500805 for index 348103, 349/1000.
Terminated at swamp 1.
The last entry of errorHistory is 1.000129 for index 348104, 349/1000.
Terminated at swamp 0.5.
The last entry of errorHistory is 0.500324 for index 348105, 349/1000.
Terminated at swamp 0.5.
The last entry of errorHistory is 0.500121 for index 348106, 349/1000.
Terminated at swamp 0.5.
The last entry of errorHistory is 0.500164 for index 348107, 349/1000.
Terminated at swamp 0.5.
The last entry of errorHistory is 0.500643 for index 348108, 349/1000.
Terminated at swamp 1.
The last entry of errorHistory is 1.000000 for index 348109, 349/1000.
Terminated at swamp 0.5.
The last entry of errorHistory is 0.500188 for index 348110, 349/1000.
Terminated at swamp 0.5.
The last entry of errorHistory is 0.500205 for index 348111, 349/1000.
Terminated at swamp 1.
The last entry of errorHistory is 1.000000 for index 348112, 349/1000.
Terminated at swamp 0.5.
The last entry of errorHistory is 0.500651 for index 348113, 349/1000.
Terminated at swamp 1.
The last entry of errorHistory is 1.000000 for index 348114, 349/1000.
Terminated at swamp 0.5.
The last entry of errorHistory is 0.500268 for index 348115, 349/1000.
Terminated at swamp 0.5.
The last entry of errorHistory is 0.500364 for index 348116, 349/1000.
Terminated at swamp 0.5.
The last entry of errorHistory is 0.500347 for index 348117, 349/1000.
The last entry of errorHistory is 1.000000 for index 348118, 349/1000.
Terminated at swamp 0.5.
The last entry of errorHistory is 0.500186 for index 348119, 349/1000.
Terminated at swamp 0.5.
The last entry of errorHistory is 0.500478 for index 348120, 349/1000.
Terminated at swamp 0.5.
The last entry of errorHistory is 0.500054 for index 348121, 349/1000.
Terminated at swamp 0.5.
The last entry of errorHistory is 0.500391 for index 348122, 349/1000.
Terminated at swamp 1.
The last entry of errorHistory is 1.000005 for index 348123, 349/1000.
Terminated at swamp 0.5.
The last entry of errorHistory is 0.500382 for index 348124, 349/1000.
Terminated at swamp 1.
The last entry of errorHistory is 1.000059 for index 348125, 349/1000.
Terminated at swamp 0.5.
The last entry of errorHistory is 0.500464 for index 348126, 349/1000.
Terminated at swamp 1.
The last entry of errorHistory is 1.000067 for index 348127, 349/1000.
Terminated at swamp 0.5.
The last entry of errorHistory is 0.500438 for index 348128, 349/1000.
The last entry of errorHistory is 0.500000 for index 348129, 349/1000.
The last entry of errorHistory is 0.000012 for index 348130, 349/1000.
Terminated at swamp 1.
The last entry of errorHistory is 1.000062 for index 348131, 349/1000.
The last entry of errorHistory is 1.000000 for index 348132, 349/1000.
Terminated at swamp 0.5.
The last entry of errorHistory is 0.500611 for index 348133, 349/1000.
Terminated at swamp 0.5.
The last entry of errorHistory is 0.500400 for index 348134, 349/1000.
The last entry of errorHistory is 1.500000 for index 348135, 349/1000.
The last entry of errorHistory is 0.000020 for index 348136, 349/1000.
Terminated at swamp 1.
The last entry of errorHistory is 1.000136 for index 348137, 349/1000.
Terminated at swamp 1.
The last entry of errorHistory is 1.000192 for index 348138, 349/1000.
The last entry of errorHistory is 1.000000 for index 348139, 349/1000.
The last entry of errorHistory is 0.000608 for index 348140, 349/1000.
The last entry of errorHistory is 1.000000 for index 348141, 349/1000.
Terminated at swamp 1.
The last entry of errorHistory is 1.000000 for index 348142, 349/1000.
Terminated at swamp 0.5.
The last entry of errorHistory is 0.500238 for index 348143, 349/1000.
Terminated at swamp 1.5.
The last entry of errorHistory is 1.500000 for index 348144, 349/1000.
Terminated at swamp 0.5.
The last entry of errorHistory is 0.500107 for index 348145, 349/1000.
Terminated at swamp 0.5.
The last entry of errorHistory is 0.500002 for index 348146, 349/1000.
Terminated at swamp 1.
The last entry of errorHistory is 1.000347 for index 348147, 349/1000.
Terminated at swamp 0.5.
The last entry of errorHistory is 0.500514 for index 348148, 349/1000.
The last entry of errorHistory is 0.000022 for index 348149, 349/1000.
The last entry of errorHistory is 0.500000 for index 348150, 349/1000.
The last entry of errorHistory is 0.500000 for index 348151, 349/1000.
Terminated at swamp 0.5.
The last entry of errorHistory is 0.500350 for index 348152, 349/1000.
The last entry of errorHistory is 0.001015 for index 348153, 349/1000.
Terminated at swamp 1.
The last entry of errorHistory is 1.000007 for index 348154, 349/1000.
Terminated at swamp 0.5.
The last entry of errorHistory is 0.500398 for index 348155, 349/1000.
Terminated at swamp 0.5.
The last entry of errorHistory is 0.500642 for index 348156, 349/1000.
Terminated at swamp 0.5.
The last entry of errorHistory is 0.500606 for index 348157, 349/1000.
Terminated at swamp 0.5.
The last entry of errorHistory is 0.500027 for index 348158, 349/1000.
Terminated at swamp 1.
The last entry of errorHistory is 1.000280 for index 348159, 349/1000.
Terminated at swamp 0.5.
The last entry of errorHistory is 0.500043 for index 348160, 349/1000.
Terminated at swamp 0.5.
The last entry of errorHistory is 0.500431 for index 348161, 349/1000.
Terminated at swamp 0.5.
The last entry of errorHistory is 0.500510 for index 348162, 349/1000.
Terminated at swamp 0.5.
The last entry of errorHistory is 0.500570 for index 348163, 349/1000.
Terminated at swamp 0.5.
The last entry of errorHistory is 0.500247 for index 348164, 349/1000.
Terminated at swamp 1.
The last entry of errorHistory is 1.000064 for index 348165, 349/1000.
The last entry of errorHistory is 1.000000 for index 348166, 349/1000.
Terminated at swamp 0.5.
The last entry of errorHistory is 0.500177 for index 348167, 349/1000.
The last entry of errorHistory is 1.000000 for index 348168, 349/1000.
The last entry of errorHistory is 1.000000 for index 348169, 349/1000.
Terminated at swamp 1.
The last entry of errorHistory is 1.000660 for index 348170, 349/1000.
Terminated at swamp 0.5.
The last entry of errorHistory is 0.500465 for index 348171, 349/1000.
Terminated at swamp 1.
The last entry of errorHistory is 1.000001 for index 348172, 349/1000.
The last entry of errorHistory is 1.000000 for index 348173, 349/1000.
Terminated at swamp 0.5.
The last entry of errorHistory is 0.500423 for index 348174, 349/1000.
The last entry of errorHistory is 0.000041 for index 348175, 349/1000.
Terminated at swamp 0.5.
The last entry of errorHistory is 0.500227 for index 348176, 349/1000.
The last entry of errorHistory is 1.000000 for index 348177, 349/1000.
Terminated at swamp 0.5.
The last entry of errorHistory is 0.500583 for index 348178, 349/1000.
Terminated at swamp 0.5.
The last entry of errorHistory is 0.500454 for index 348179, 349/1000.
Terminated at swamp 0.5.
The last entry of errorHistory is 0.500157 for index 348180, 349/1000.
The last entry of errorHistory is 0.000012 for index 348181, 349/1000.
Terminated at swamp 0.5.
The last entry of errorHistory is 0.500002 for index 348182, 349/1000.
Terminated at swamp 1.
The last entry of errorHistory is 1.000432 for index 348183, 349/1000.
Terminated at swamp 1.
The last entry of errorHistory is 1.000063 for index 348184, 349/1000.
Terminated at swamp 0.5.
The last entry of errorHistory is 0.500022 for index 348185, 349/1000.
Terminated at swamp 0.5.
The last entry of errorHistory is 0.500565 for index 348186, 349/1000.
Terminated at swamp 0.5.
The last entry of errorHistory is 0.500363 for index 348187, 349/1000.
Terminated at swamp 0.5.
The last entry of errorHistory is 0.500549 for index 348188, 349/1000.
Terminated at swamp 0.5.
The last entry of errorHistory is 0.500622 for index 348189, 349/1000.
Terminated at swamp 0.5.
The last entry of errorHistory is 0.500419 for index 348190, 349/1000.
The last entry of errorHistory is 1.500000 for index 348191, 349/1000.
Terminated at swamp 0.5.
The last entry of errorHistory is 0.500493 for index 348192, 349/1000.
Terminated at swamp 0.5.
The last entry of errorHistory is 0.500248 for index 348193, 349/1000.
Terminated at swamp 0.5.
The last entry of errorHistory is 0.500433 for index 348194, 349/1000.
Terminated at swamp 0.5.
The last entry of errorHistory is 0.500343 for index 348195, 349/1000.
Terminated at swamp 0.5.
The last entry of errorHistory is 0.500395 for index 348196, 349/1000.
Terminated at swamp 0.5.
The last entry of errorHistory is 0.500583 for index 348197, 349/1000.
Terminated at swamp 0.5.
The last entry of errorHistory is 0.500675 for index 348198, 349/1000.
Terminated at swamp 1.
The last entry of errorHistory is 1.000268 for index 348199, 349/1000.
Terminated at swamp 0.5.
The last entry of errorHistory is 0.500443 for index 348200, 349/1000.
Terminated at swamp 0.5.
The last entry of errorHistory is 0.500591 for index 348201, 349/1000.
Terminated at swamp 0.5.
The last entry of errorHistory is 0.500466 for index 348202, 349/1000.
The last entry of errorHistory is 1.000000 for index 348203, 349/1000.
Terminated at swamp 0.5.
The last entry of errorHistory is 0.500420 for index 348204, 349/1000.
Terminated at swamp 1.
The last entry of errorHistory is 1.000000 for index 348205, 349/1000.
The last entry of errorHistory is 1.500000 for index 348206, 349/1000.
The last entry of errorHistory is 0.500000 for index 348207, 349/1000.
Terminated at swamp 0.5.
The last entry of errorHistory is 0.500099 for index 348208, 349/1000.
Terminated at swamp 0.5.
The last entry of errorHistory is 0.500556 for index 348209, 349/1000.
Terminated at swamp 0.5.
The last entry of errorHistory is 0.500476 for index 348210, 349/1000.
Terminated at swamp 0.5.
The last entry of errorHistory is 0.500529 for index 348211, 349/1000.
Terminated at swamp 0.5.
The last entry of errorHistory is 0.500114 for index 348212, 349/1000.
The last entry of errorHistory is 0.500000 for index 348213, 349/1000.
The last entry of errorHistory is 0.000164 for index 348214, 349/1000.
Terminated at swamp 0.5.
The last entry of errorHistory is 0.500268 for index 348215, 349/1000.
Terminated at swamp 0.5.
The last entry of errorHistory is 0.500427 for index 348216, 349/1000.
Terminated at swamp 1.
The last entry of errorHistory is 1.000297 for index 348217, 349/1000.
Terminated at swamp 0.5.
The last entry of errorHistory is 0.500539 for index 348218, 349/1000.
The last entry of errorHistory is 0.000011 for index 348219, 349/1000.
The last entry of errorHistory is 1.000000 for index 348220, 349/1000.
Terminated at swamp 0.5.
The last entry of errorHistory is 0.500684 for index 348221, 349/1000.
Terminated at swamp 1.
The last entry of errorHistory is 1.000280 for index 348222, 349/1000.
The last entry of errorHistory is 0.000084 for index 348223, 349/1000.
Terminated at swamp 0.5.
The last entry of errorHistory is 0.500000 for index 348224, 349/1000.
The last entry of errorHistory is 0.500000 for index 348225, 349/1000.
The last entry of errorHistory is 1.000000 for index 348226, 349/1000.
The last entry of errorHistory is 0.000127 for index 348227, 349/1000.
The last entry of errorHistory is 1.000000 for index 348228, 349/1000.
The last entry of errorHistory is 0.500000 for index 348229, 349/1000.
Terminated at swamp 0.5.
The last entry of errorHistory is 0.500142 for index 348230, 349/1000.
The last entry of errorHistory is 1.000000 for index 348231, 349/1000.
Terminated at swamp 0.5.
The last entry of errorHistory is 0.500540 for index 348232, 349/1000.
Terminated at swamp 0.5.
The last entry of errorHistory is 0.500424 for index 348233, 349/1000.
Terminated at swamp 0.5.
The last entry of errorHistory is 0.500781 for index 348234, 349/1000.
Terminated at swamp 0.5.
The last entry of errorHistory is 0.500046 for index 348235, 349/1000.
Terminated at swamp 1.
The last entry of errorHistory is 1.000375 for index 348236, 349/1000.
The last entry of errorHistory is 1.000000 for index 348237, 349/1000.
The last entry of errorHistory is 1.000000 for index 348238, 349/1000.
The last entry of errorHistory is 1.500000 for index 348239, 349/1000.
Terminated at swamp 0.5.
The last entry of errorHistory is 0.500198 for index 348240, 349/1000.
Terminated at swamp 0.5.
The last entry of errorHistory is 0.500559 for index 348241, 349/1000.
Terminated at swamp 1.
The last entry of errorHistory is 1.000386 for index 348242, 349/1000.
The last entry of errorHistory is 1.000000 for index 348243, 349/1000.
The last entry of errorHistory is 0.500000 for index 348244, 349/1000.
The last entry of errorHistory is 1.000000 for index 348245, 349/1000.
Terminated at swamp 0.5.
The last entry of errorHistory is 0.500489 for index 348246, 349/1000.
Terminated at swamp 0.5.
The last entry of errorHistory is 0.500446 for index 348247, 349/1000.
The last entry of errorHistory is 0.000335 for index 348248, 349/1000.
Terminated at swamp 0.5.
The last entry of errorHistory is 0.500360 for index 348249, 349/1000.
Terminated at swamp 1.
The last entry of errorHistory is 1.000026 for index 348250, 349/1000.
Terminated at swamp 0.5.
The last entry of errorHistory is 0.500606 for index 348251, 349/1000.
The last entry of errorHistory is 1.000000 for index 348252, 349/1000.
The last entry of errorHistory is 1.000000 for index 348253, 349/1000.
The last entry of errorHistory is 1.000000 for index 348254, 349/1000.
Terminated at swamp 0.5.
The last entry of errorHistory is 0.500498 for index 348255, 349/1000.
The last entry of errorHistory is 1.000000 for index 348256, 349/1000.
Terminated at swamp 0.5.
The last entry of errorHistory is 0.500060 for index 348257, 349/1000.
Terminated at swamp 1.
The last entry of errorHistory is 1.000000 for index 348258, 349/1000.
The last entry of errorHistory is 0.000089 for index 348259, 349/1000.
Terminated at swamp 1.
The last entry of errorHistory is 1.000000 for index 348260, 349/1000.
The last entry of errorHistory is 1.000000 for index 348261, 349/1000.
The last entry of errorHistory is 0.500000 for index 348262, 349/1000.
The last entry of errorHistory is 0.500000 for index 348263, 349/1000.
Terminated at swamp 0.5.
The last entry of errorHistory is 0.500297 for index 348264, 349/1000.
The last entry of errorHistory is 1.000000 for index 348265, 349/1000.
The last entry of errorHistory is 1.000000 for index 348266, 349/1000.
The last entry of errorHistory is 1.000000 for index 348267, 349/1000.
The last entry of errorHistory is 1.000000 for index 348268, 349/1000.
The last entry of errorHistory is 1.000000 for index 348269, 349/1000.
The last entry of errorHistory is 0.000024 for index 348270, 349/1000.
Terminated at swamp 0.5.
The last entry of errorHistory is 0.500488 for index 348271, 349/1000.
Terminated at swamp 1.5.
The last entry of errorHistory is 1.500000 for index 348272, 349/1000.
The last entry of errorHistory is 1.000000 for index 348273, 349/1000.
Terminated at swamp 0.5.
The last entry of errorHistory is 0.500705 for index 348274, 349/1000.
Terminated at swamp 0.5.
The last entry of errorHistory is 0.500601 for index 348275, 349/1000.
Terminated at swamp 1.
The last entry of errorHistory is 1.000038 for index 348276, 349/1000.
Terminated at swamp 0.5.
The last entry of errorHistory is 0.500216 for index 348277, 349/1000.
Terminated at swamp 0.5.
The last entry of errorHistory is 0.500297 for index 348278, 349/1000.
Terminated at swamp 0.5.
The last entry of errorHistory is 0.500348 for index 348279, 349/1000.
Terminated at swamp 0.5.
The last entry of errorHistory is 0.500925 for index 348280, 349/1000.
The last entry of errorHistory is 1.000000 for index 348281, 349/1000.
The last entry of errorHistory is 1.500000 for index 348282, 349/1000.
The last entry of errorHistory is 1.000000 for index 348283, 349/1000.
Terminated at swamp 0.5.
The last entry of errorHistory is 0.500141 for index 348284, 349/1000.
Terminated at swamp 1.
The last entry of errorHistory is 1.000311 for index 348285, 349/1000.
Terminated at swamp 0.5.
The last entry of errorHistory is 0.500577 for index 348286, 349/1000.
Terminated at swamp 0.5.
The last entry of errorHistory is 0.500312 for index 348287, 349/1000.
The last entry of errorHistory is 0.000019 for index 348288, 349/1000.
The last entry of errorHistory is 0.500000 for index 348289, 349/1000.
The last entry of errorHistory is 0.500000 for index 348290, 349/1000.
The last entry of errorHistory is 1.000000 for index 348291, 349/1000.
The last entry of errorHistory is 0.000010 for index 348292, 349/1000.
Terminated at swamp 0.5.
The last entry of errorHistory is 0.500377 for index 348293, 349/1000.
Terminated at swamp 0.5.
The last entry of errorHistory is 0.500353 for index 348294, 349/1000.
The last entry of errorHistory is 1.000000 for index 348295, 349/1000.
Terminated at swamp 1.
The last entry of errorHistory is 1.000005 for index 348296, 349/1000.
The last entry of errorHistory is 1.000000 for index 348297, 349/1000.
The last entry of errorHistory is 0.500000 for index 348298, 349/1000.
Terminated at swamp 1.5.
The last entry of errorHistory is 1.500000 for index 348299, 349/1000.
Terminated at swamp 0.5.
The last entry of errorHistory is 0.500569 for index 348300, 349/1000.
Terminated at swamp 0.5.
The last entry of errorHistory is 0.500060 for index 348301, 349/1000.
The last entry of errorHistory is 1.000000 for index 348302, 349/1000.
Terminated at swamp 0.5.
The last entry of errorHistory is 0.500330 for index 348303, 349/1000.
Terminated at swamp 0.5.
The last entry of errorHistory is 0.500288 for index 348304, 349/1000.
Terminated at swamp 1.
The last entry of errorHistory is 1.000227 for index 348305, 349/1000.
Terminated at swamp 0.5.
The last entry of errorHistory is 0.500282 for index 348306, 349/1000.
Terminated at swamp 0.5.
The last entry of errorHistory is 0.500831 for index 348307, 349/1000.
Terminated at swamp 0.5.
The last entry of errorHistory is 0.500280 for index 348308, 349/1000.
Terminated at swamp 0.5.
The last entry of errorHistory is 0.500286 for index 348309, 349/1000.
Terminated at swamp 1.
The last entry of errorHistory is 1.000167 for index 348310, 349/1000.
The last entry of errorHistory is 0.500000 for index 348311, 349/1000.
Terminated at swamp 0.5.
The last entry of errorHistory is 0.500521 for index 348312, 349/1000.
Terminated at swamp 0.5.
The last entry of errorHistory is 0.500676 for index 348313, 349/1000.
The last entry of errorHistory is 0.500000 for index 348314, 349/1000.
Terminated at swamp 1.
The last entry of errorHistory is 1.000004 for index 348315, 349/1000.
Terminated at swamp 0.5.
The last entry of errorHistory is 0.500453 for index 348316, 349/1000.
Terminated at swamp 0.5.
The last entry of errorHistory is 0.500303 for index 348317, 349/1000.
Terminated at swamp 0.5.
The last entry of errorHistory is 0.500413 for index 348318, 349/1000.
The last entry of errorHistory is 1.500000 for index 348319, 349/1000.
The last entry of errorHistory is 0.500000 for index 348320, 349/1000.
The last entry of errorHistory is 1.000000 for index 348321, 349/1000.
The last entry of errorHistory is 1.000000 for index 348322, 349/1000.
The last entry of errorHistory is 0.500000 for index 348323, 349/1000.
The last entry of errorHistory is 0.000070 for index 348324, 349/1000.
The last entry of errorHistory is 0.000047 for index 348325, 349/1000.
The last entry of errorHistory is 0.000032 for index 348326, 349/1000.
Terminated at swamp 0.5.
The last entry of errorHistory is 0.500273 for index 348327, 349/1000.
The last entry of errorHistory is 1.000000 for index 348328, 349/1000.
Terminated at swamp 0.5.
The last entry of errorHistory is 0.500148 for index 348329, 349/1000.
The last entry of errorHistory is 1.000000 for index 348330, 349/1000.
The last entry of errorHistory is 1.000000 for index 348331, 349/1000.
Terminated at swamp 0.5.
The last entry of errorHistory is 0.500451 for index 348332, 349/1000.
The last entry of errorHistory is 0.000168 for index 348333, 349/1000.
Terminated at swamp 1.
The last entry of errorHistory is 1.000010 for index 348334, 349/1000.
The last entry of errorHistory is 0.000531 for index 348335, 349/1000.
The last entry of errorHistory is 1.500000 for index 348336, 349/1000.
Terminated at swamp 1.
The last entry of errorHistory is 1.000102 for index 348337, 349/1000.
Terminated at swamp 0.5.
The last entry of errorHistory is 0.500490 for index 348338, 349/1000.
Terminated at swamp 1.
The last entry of errorHistory is 1.000481 for index 348339, 349/1000.
The last entry of errorHistory is 1.000000 for index 348340, 349/1000.
Terminated at swamp 0.5.
The last entry of errorHistory is 0.500462 for index 348341, 349/1000.
Terminated at swamp 0.5.
The last entry of errorHistory is 0.500407 for index 348342, 349/1000.
The last entry of errorHistory is 1.000000 for index 348343, 349/1000.
Terminated at swamp 1.
The last entry of errorHistory is 1.000172 for index 348344, 349/1000.
Terminated at swamp 0.5.
The last entry of errorHistory is 0.500533 for index 348345, 349/1000.
Terminated at swamp 0.5.
The last entry of errorHistory is 0.500249 for index 348346, 349/1000.
The last entry of errorHistory is 0.500000 for index 348347, 349/1000.
The last entry of errorHistory is 0.000026 for index 348348, 349/1000.
The last entry of errorHistory is 1.500000 for index 348349, 349/1000.
Terminated at swamp 0.5.
The last entry of errorHistory is 0.500520 for index 348350, 349/1000.
The last entry of errorHistory is 0.000027 for index 348351, 349/1000.
Terminated at swamp 0.5.
The last entry of errorHistory is 0.500001 for index 348352, 349/1000.
Terminated at swamp 0.5.
The last entry of errorHistory is 0.500208 for index 348353, 349/1000.
Terminated at swamp 0.5.
The last entry of errorHistory is 0.500350 for index 348354, 349/1000.
Terminated at swamp 0.5.
The last entry of errorHistory is 0.500709 for index 348355, 349/1000.
Terminated at swamp 0.5.
The last entry of errorHistory is 0.500281 for index 348356, 349/1000.
Terminated at swamp 0.5.
The last entry of errorHistory is 0.500000 for index 348357, 349/1000.
Terminated at swamp 0.5.
The last entry of errorHistory is 0.500466 for index 348358, 349/1000.
Terminated at swamp 0.5.
The last entry of errorHistory is 0.500149 for index 348359, 349/1000.
The last entry of errorHistory is 0.500000 for index 348360, 349/1000.
Terminated at swamp 1.
The last entry of errorHistory is 1.000258 for index 348361, 349/1000.
Terminated at swamp 0.5.
The last entry of errorHistory is 0.500276 for index 348362, 349/1000.
Terminated at swamp 0.5.
The last entry of errorHistory is 0.500529 for index 348363, 349/1000.
Terminated at swamp 0.5.
The last entry of errorHistory is 0.500320 for index 348364, 349/1000.
Terminated at swamp 0.5.
The last entry of errorHistory is 0.500072 for index 348365, 349/1000.
Terminated at swamp 0.5.
The last entry of errorHistory is 0.500511 for index 348366, 349/1000.
The last entry of errorHistory is 0.000019 for index 348367, 349/1000.
Terminated at swamp 0.5.
The last entry of errorHistory is 0.500230 for index 348368, 349/1000.
The last entry of errorHistory is 1.000000 for index 348369, 349/1000.
Terminated at swamp 1.
The last entry of errorHistory is 1.000055 for index 348370, 349/1000.
Terminated at swamp 0.5.
The last entry of errorHistory is 0.500358 for index 348371, 349/1000.
Terminated at swamp 1.
The last entry of errorHistory is 1.000298 for index 348372, 349/1000.
The last entry of errorHistory is 0.500000 for index 348373, 349/1000.
Terminated at swamp 0.5.
The last entry of errorHistory is 0.500642 for index 348374, 349/1000.
Terminated at swamp 1.
The last entry of errorHistory is 1.000007 for index 348375, 349/1000.
The last entry of errorHistory is 0.000024 for index 348376, 349/1000.
Terminated at swamp 1.
The last entry of errorHistory is 1.000097 for index 348377, 349/1000.
The last entry of errorHistory is 0.000058 for index 348378, 349/1000.
The last entry of errorHistory is 1.000000 for index 348379, 349/1000.
Terminated at swamp 0.5.
The last entry of errorHistory is 0.500028 for index 348380, 349/1000.
Terminated at swamp 1.
The last entry of errorHistory is 1.000000 for index 348381, 349/1000.
The last entry of errorHistory is 0.000046 for index 348382, 349/1000.
The last entry of errorHistory is 0.000039 for index 348383, 349/1000.
Terminated at swamp 1.
The last entry of errorHistory is 1.000326 for index 348384, 349/1000.
Terminated at swamp 0.5.
The last entry of errorHistory is 0.500092 for index 348385, 349/1000.
Terminated at swamp 0.5.
The last entry of errorHistory is 0.500097 for index 348386, 349/1000.
The last entry of errorHistory is 0.000052 for index 348387, 349/1000.
Terminated at swamp 0.5.
The last entry of errorHistory is 0.500665 for index 348388, 349/1000.
Terminated at swamp 0.5.
The last entry of errorHistory is 0.500312 for index 348389, 349/1000.
The last entry of errorHistory is 1.000000 for index 348390, 349/1000.
Terminated at swamp 0.5.
The last entry of errorHistory is 0.500016 for index 348391, 349/1000.
The last entry of errorHistory is 1.000000 for index 348392, 349/1000.
Terminated at swamp 1.
The last entry of errorHistory is 1.000287 for index 348393, 349/1000.
The last entry of errorHistory is 1.000000 for index 348394, 349/1000.
The last entry of errorHistory is 0.500000 for index 348395, 349/1000.
Terminated at swamp 1.
The last entry of errorHistory is 1.000147 for index 348396, 349/1000.
The last entry of errorHistory is 0.000016 for index 348397, 349/1000.
Terminated at swamp 0.5.
The last entry of errorHistory is 0.500267 for index 348398, 349/1000.
Terminated at swamp 0.5.
The last entry of errorHistory is 0.500699 for index 348399, 349/1000.
The last entry of errorHistory is 1.000000 for index 348400, 349/1000.
Terminated at swamp 0.5.
The last entry of errorHistory is 0.500593 for index 348401, 349/1000.
The last entry of errorHistory is 1.000000 for index 348402, 349/1000.
Terminated at swamp 0.5.
The last entry of errorHistory is 0.500095 for index 348403, 349/1000.
Terminated at swamp 0.5.
The last entry of errorHistory is 0.500343 for index 348404, 349/1000.
Terminated at swamp 0.5.
The last entry of errorHistory is 0.500629 for index 348405, 349/1000.
Terminated at swamp 0.5.
The last entry of errorHistory is 0.500015 for index 348406, 349/1000.
The last entry of errorHistory is 1.000000 for index 348407, 349/1000.
Terminated at swamp 1.
The last entry of errorHistory is 1.000000 for index 348408, 349/1000.
The last entry of errorHistory is 1.000000 for index 348409, 349/1000.
Terminated at swamp 0.5.
The last entry of errorHistory is 0.500408 for index 348410, 349/1000.
Terminated at swamp 1.
The last entry of errorHistory is 1.000001 for index 348411, 349/1000.
The last entry of errorHistory is 0.000046 for index 348412, 349/1000.
Terminated at swamp 0.5.
The last entry of errorHistory is 0.500329 for index 348413, 349/1000.
The last entry of errorHistory is 0.500000 for index 348414, 349/1000.
Terminated at swamp 0.5.
The last entry of errorHistory is 0.500455 for index 348415, 349/1000.
Terminated at swamp 1.
The last entry of errorHistory is 1.000423 for index 348416, 349/1000.
The last entry of errorHistory is 0.000017 for index 348417, 349/1000.
Terminated at swamp 0.5.
The last entry of errorHistory is 0.500375 for index 348418, 349/1000.
The last entry of errorHistory is 0.500000 for index 348419, 349/1000.
Terminated at swamp 1.
The last entry of errorHistory is 1.000020 for index 348420, 349/1000.
Terminated at swamp 1.
The last entry of errorHistory is 1.000264 for index 348421, 349/1000.
Terminated at swamp 0.5.
The last entry of errorHistory is 0.500514 for index 348422, 349/1000.
The last entry of errorHistory is 0.000434 for index 348423, 349/1000.
Terminated at swamp 0.5.
The last entry of errorHistory is 0.500309 for index 348424, 349/1000.
The last entry of errorHistory is 1.000000 for index 348425, 349/1000.
Terminated at swamp 0.5.
The last entry of errorHistory is 0.500600 for index 348426, 349/1000.
Terminated at swamp 1.
The last entry of errorHistory is 1.000174 for index 348427, 349/1000.
The last entry of errorHistory is 0.000098 for index 348428, 349/1000.
Terminated at swamp 0.5.
The last entry of errorHistory is 0.500273 for index 348429, 349/1000.
Terminated at swamp 0.5.
The last entry of errorHistory is 0.500965 for index 348430, 349/1000.
The last entry of errorHistory is 1.000000 for index 348431, 349/1000.
Terminated at swamp 0.5.
The last entry of errorHistory is 0.500354 for index 348432, 349/1000.
Terminated at swamp 0.5.
The last entry of errorHistory is 0.500668 for index 348433, 349/1000.
Terminated at swamp 0.5.
The last entry of errorHistory is 0.500133 for index 348434, 349/1000.
Terminated at swamp 0.5.
The last entry of errorHistory is 0.500165 for index 348435, 349/1000.
Terminated at swamp 0.5.
The last entry of errorHistory is 0.500509 for index 348436, 349/1000.
Terminated at swamp 0.5.
The last entry of errorHistory is 0.500418 for index 348437, 349/1000.
The last entry of errorHistory is 1.000000 for index 348438, 349/1000.
Terminated at swamp 0.5.
The last entry of errorHistory is 0.500049 for index 348439, 349/1000.
The last entry of errorHistory is 1.000000 for index 348440, 349/1000.
Terminated at swamp 1.
The last entry of errorHistory is 1.000000 for index 348441, 349/1000.
The last entry of errorHistory is 1.000000 for index 348442, 349/1000.
The last entry of errorHistory is 1.500000 for index 348443, 349/1000.
Terminated at swamp 0.5.
The last entry of errorHistory is 0.500651 for index 348444, 349/1000.
Terminated at swamp 0.5.
The last entry of errorHistory is 0.500546 for index 348445, 349/1000.
Terminated at swamp 0.5.
The last entry of errorHistory is 0.500525 for index 348446, 349/1000.
Terminated at swamp 1.
The last entry of errorHistory is 1.000021 for index 348447, 349/1000.
Terminated at swamp 0.5.
The last entry of errorHistory is 0.500015 for index 348448, 349/1000.
Terminated at swamp 0.5.
The last entry of errorHistory is 0.500480 for index 348449, 349/1000.
Terminated at swamp 0.5.
The last entry of errorHistory is 0.500382 for index 348450, 349/1000.
The last entry of errorHistory is 1.000000 for index 348451, 349/1000.
The last entry of errorHistory is 0.004404 for index 348452, 349/1000.
Terminated at swamp 0.5.
The last entry of errorHistory is 0.500484 for index 348453, 349/1000.
Terminated at swamp 0.5.
The last entry of errorHistory is 0.500611 for index 348454, 349/1000.
Terminated at swamp 1.
The last entry of errorHistory is 1.000499 for index 348455, 349/1000.
Terminated at swamp 1.
The last entry of errorHistory is 1.000055 for index 348456, 349/1000.
Terminated at swamp 1.
The last entry of errorHistory is 1.000399 for index 348457, 349/1000.
Terminated at swamp 0.5.
The last entry of errorHistory is 0.500053 for index 348458, 349/1000.
Terminated at swamp 1.
The last entry of errorHistory is 1.000001 for index 348459, 349/1000.
The last entry of errorHistory is 1.000000 for index 348460, 349/1000.
The last entry of errorHistory is 1.000000 for index 348461, 349/1000.
The last entry of errorHistory is 1.000000 for index 348462, 349/1000.
Terminated at swamp 0.5.
The last entry of errorHistory is 0.500139 for index 348463, 349/1000.
Terminated at swamp 0.5.
The last entry of errorHistory is 0.500302 for index 348464, 349/1000.
The last entry of errorHistory is 1.000000 for index 348465, 349/1000.
Terminated at swamp 0.5.
The last entry of errorHistory is 0.500369 for index 348466, 349/1000.
Terminated at swamp 0.5.
The last entry of errorHistory is 0.500597 for index 348467, 349/1000.
Terminated at swamp 0.5.
The last entry of errorHistory is 0.500428 for index 348468, 349/1000.
Terminated at swamp 0.5.
The last entry of errorHistory is 0.500042 for index 348469, 349/1000.
The last entry of errorHistory is 1.000000 for index 348470, 349/1000.
Terminated at swamp 0.5.
The last entry of errorHistory is 0.500625 for index 348471, 349/1000.
Terminated at swamp 1.
The last entry of errorHistory is 1.000359 for index 348472, 349/1000.
Terminated at swamp 0.5.
The last entry of errorHistory is 0.500669 for index 348473, 349/1000.
The last entry of errorHistory is 0.000118 for index 348474, 349/1000.
Terminated at swamp 0.5.
The last entry of errorHistory is 0.500643 for index 348475, 349/1000.
Terminated at swamp 1.
The last entry of errorHistory is 1.000452 for index 348476, 349/1000.
The last entry of errorHistory is 0.000045 for index 348477, 349/1000.
Terminated at swamp 0.5.
The last entry of errorHistory is 0.500521 for index 348478, 349/1000.
Terminated at swamp 0.5.
The last entry of errorHistory is 0.500443 for index 348479, 349/1000.
Terminated at swamp 0.5.
The last entry of errorHistory is 0.500462 for index 348480, 349/1000.
The last entry of errorHistory is 0.500000 for index 348481, 349/1000.
Terminated at swamp 0.5.
The last entry of errorHistory is 0.500221 for index 348482, 349/1000.
Terminated at swamp 0.5.
The last entry of errorHistory is 0.500624 for index 348483, 349/1000.
Terminated at swamp 1.
The last entry of errorHistory is 1.000000 for index 348484, 349/1000.
Terminated at swamp 0.5.
The last entry of errorHistory is 0.500573 for index 348485, 349/1000.
Terminated at swamp 1.
The last entry of errorHistory is 1.000042 for index 348486, 349/1000.
Terminated at swamp 0.5.
The last entry of errorHistory is 0.500259 for index 348487, 349/1000.
Terminated at swamp 0.5.
The last entry of errorHistory is 0.500089 for index 348488, 349/1000.
The last entry of errorHistory is 1.000000 for index 348489, 349/1000.
Terminated at swamp 0.5.
The last entry of errorHistory is 0.500116 for index 348490, 349/1000.
The last entry of errorHistory is 0.000031 for index 348491, 349/1000.
Terminated at swamp 0.5.
The last entry of errorHistory is 0.500827 for index 348492, 349/1000.
The last entry of errorHistory is 0.000015 for index 348493, 349/1000.
Terminated at swamp 0.5.
The last entry of errorHistory is 0.500302 for index 348494, 349/1000.
The last entry of errorHistory is 1.000000 for index 348495, 349/1000.
Terminated at swamp 0.5.
The last entry of errorHistory is 0.500160 for index 348496, 349/1000.
The last entry of errorHistory is 1.000000 for index 348497, 349/1000.
Terminated at swamp 0.5.
The last entry of errorHistory is 0.500333 for index 348498, 349/1000.
Terminated at swamp 1.
The last entry of errorHistory is 1.000367 for index 348499, 349/1000.
Terminated at swamp 0.5.
The last entry of errorHistory is 0.500433 for index 348500, 349/1000.
Terminated at swamp 0.5.
The last entry of errorHistory is 0.500596 for index 348501, 349/1000.
Terminated at swamp 1.
The last entry of errorHistory is 1.000001 for index 348502, 349/1000.
Terminated at swamp 0.5.
The last entry of errorHistory is 0.500413 for index 348503, 349/1000.
Terminated at swamp 0.5.
The last entry of errorHistory is 0.500069 for index 348504, 349/1000.
The last entry of errorHistory is 1.000000 for index 348505, 349/1000.
Terminated at swamp 0.5.
The last entry of errorHistory is 0.500055 for index 348506, 349/1000.
Terminated at swamp 1.
The last entry of errorHistory is 1.000360 for index 348507, 349/1000.
The last entry of errorHistory is 1.000000 for index 348508, 349/1000.
The last entry of errorHistory is 0.000030 for index 348509, 349/1000.
Terminated at swamp 0.5.
The last entry of errorHistory is 0.500013 for index 348510, 349/1000.
The last entry of errorHistory is 0.000059 for index 348511, 349/1000.
Terminated at swamp 0.5.
The last entry of errorHistory is 0.500610 for index 348512, 349/1000.
Terminated at swamp 1.
The last entry of errorHistory is 1.000102 for index 348513, 349/1000.
The last entry of errorHistory is 0.000338 for index 348514, 349/1000.
Terminated at swamp 0.5.
The last entry of errorHistory is 0.500366 for index 348515, 349/1000.
The last entry of errorHistory is 1.000000 for index 348516, 349/1000.
Terminated at swamp 0.5.
The last entry of errorHistory is 0.500724 for index 348517, 349/1000.
Terminated at swamp 1.
The last entry of errorHistory is 1.000509 for index 348518, 349/1000.
The last entry of errorHistory is 0.000007 for index 348519, 349/1000.
Terminated at swamp 1.
The last entry of errorHistory is 1.000122 for index 348520, 349/1000.
The last entry of errorHistory is 1.000000 for index 348521, 349/1000.
Terminated at swamp 0.5.
The last entry of errorHistory is 0.500414 for index 348522, 349/1000.
The last entry of errorHistory is 0.000035 for index 348523, 349/1000.
Terminated at swamp 0.5.
The last entry of errorHistory is 0.500531 for index 348524, 349/1000.
The last entry of errorHistory is 0.000021 for index 348525, 349/1000.
Terminated at swamp 0.5.
The last entry of errorHistory is 0.500908 for index 348526, 349/1000.
Terminated at swamp 0.5.
The last entry of errorHistory is 0.500270 for index 348527, 349/1000.
Terminated at swamp 0.5.
The last entry of errorHistory is 0.500046 for index 348528, 349/1000.
Terminated at swamp 0.5.
The last entry of errorHistory is 0.500246 for index 348529, 349/1000.
Terminated at swamp 0.5.
The last entry of errorHistory is 0.500138 for index 348530, 349/1000.
Terminated at swamp 0.5.
The last entry of errorHistory is 0.500198 for index 348531, 349/1000.
Terminated at swamp 0.5.
The last entry of errorHistory is 0.500459 for index 348532, 349/1000.
The last entry of errorHistory is 1.000000 for index 348533, 349/1000.
The last entry of errorHistory is 0.500000 for index 348534, 349/1000.
Terminated at swamp 0.5.
The last entry of errorHistory is 0.500835 for index 348535, 349/1000.
Terminated at swamp 0.5.
The last entry of errorHistory is 0.500584 for index 348536, 349/1000.
The last entry of errorHistory is 0.500000 for index 348537, 349/1000.
Terminated at swamp 1.
The last entry of errorHistory is 1.000202 for index 348538, 349/1000.
Terminated at swamp 0.5.
The last entry of errorHistory is 0.500296 for index 348539, 349/1000.
Terminated at swamp 1.
The last entry of errorHistory is 1.000553 for index 348540, 349/1000.
The last entry of errorHistory is 0.000031 for index 348541, 349/1000.
Terminated at swamp 0.5.
The last entry of errorHistory is 0.500477 for index 348542, 349/1000.
Terminated at swamp 0.5.
The last entry of errorHistory is 0.500089 for index 348543, 349/1000.
The last entry of errorHistory is 1.000000 for index 348544, 349/1000.
The last entry of errorHistory is 0.000013 for index 348545, 349/1000.
The last entry of errorHistory is 0.500000 for index 348546, 349/1000.
Terminated at swamp 0.5.
The last entry of errorHistory is 0.500000 for index 348547, 349/1000.
The last entry of errorHistory is 1.000000 for index 348548, 349/1000.
Terminated at swamp 0.5.
The last entry of errorHistory is 0.500666 for index 348549, 349/1000.
Terminated at swamp 0.5.
The last entry of errorHistory is 0.500374 for index 348550, 349/1000.
Terminated at swamp 0.5.
The last entry of errorHistory is 0.500440 for index 348551, 349/1000.
The last entry of errorHistory is 1.000000 for index 348552, 349/1000.
Terminated at swamp 0.5.
The last entry of errorHistory is 0.500502 for index 348553, 349/1000.
The last entry of errorHistory is 0.000039 for index 348554, 349/1000.
Terminated at swamp 0.5.
The last entry of errorHistory is 0.500577 for index 348555, 349/1000.
Terminated at swamp 0.5.
The last entry of errorHistory is 0.500247 for index 348556, 349/1000.
The last entry of errorHistory is 0.000101 for index 348557, 349/1000.
The last entry of errorHistory is 0.000013 for index 348558, 349/1000.
Terminated at swamp 0.5.
The last entry of errorHistory is 0.500000 for index 348559, 349/1000.
The last entry of errorHistory is 1.000000 for index 348560, 349/1000.
Terminated at swamp 0.5.
The last entry of errorHistory is 0.500176 for index 348561, 349/1000.
Terminated at swamp 0.5.
The last entry of errorHistory is 0.500453 for index 348562, 349/1000.
The last entry of errorHistory is 1.000000 for index 348563, 349/1000.
The last entry of errorHistory is 1.500000 for index 348564, 349/1000.
Terminated at swamp 1.
The last entry of errorHistory is 1.000012 for index 348565, 349/1000.
Terminated at swamp 0.5.
The last entry of errorHistory is 0.500470 for index 348566, 349/1000.
The last entry of errorHistory is 1.000000 for index 348567, 349/1000.
Terminated at swamp 0.5.
The last entry of errorHistory is 0.500122 for index 348568, 349/1000.
Terminated at swamp 0.5.
The last entry of errorHistory is 0.500001 for index 348569, 349/1000.
The last entry of errorHistory is 0.500000 for index 348570, 349/1000.
The last entry of errorHistory is 0.000044 for index 348571, 349/1000.
Terminated at swamp 0.5.
The last entry of errorHistory is 0.500450 for index 348572, 349/1000.
Terminated at swamp 0.5.
The last entry of errorHistory is 0.500340 for index 348573, 349/1000.
Terminated at swamp 0.5.
The last entry of errorHistory is 0.500359 for index 348574, 349/1000.
The last entry of errorHistory is 0.000033 for index 348575, 349/1000.
The last entry of errorHistory is 1.500000 for index 348576, 349/1000.
Terminated at swamp 1.
The last entry of errorHistory is 1.000000 for index 348577, 349/1000.
Terminated at swamp 0.5.
The last entry of errorHistory is 0.500279 for index 348578, 349/1000.
Terminated at swamp 1.
The last entry of errorHistory is 1.000176 for index 348579, 349/1000.
The last entry of errorHistory is 1.000000 for index 348580, 349/1000.
Terminated at swamp 1.
The last entry of errorHistory is 1.000000 for index 348581, 349/1000.
The last entry of errorHistory is 0.000031 for index 348582, 349/1000.
Terminated at swamp 1.
The last entry of errorHistory is 1.000239 for index 348583, 349/1000.
The last entry of errorHistory is 1.000000 for index 348584, 349/1000.
Terminated at swamp 1.
The last entry of errorHistory is 1.000288 for index 348585, 349/1000.
The last entry of errorHistory is 0.000521 for index 348586, 349/1000.
The last entry of errorHistory is 1.000000 for index 348587, 349/1000.
Terminated at swamp 0.5.
The last entry of errorHistory is 0.500487 for index 348588, 349/1000.
Terminated at swamp 0.5.
The last entry of errorHistory is 0.500060 for index 348589, 349/1000.
The last entry of errorHistory is 1.000000 for index 348590, 349/1000.
The last entry of errorHistory is 0.000928 for index 348591, 349/1000.
The last entry of errorHistory is 1.500000 for index 348592, 349/1000.
Terminated at swamp 0.5.
The last entry of errorHistory is 0.500150 for index 348593, 349/1000.
Terminated at swamp 0.5.
The last entry of errorHistory is 0.500002 for index 348594, 349/1000.
Terminated at swamp 1.
The last entry of errorHistory is 1.000655 for index 348595, 349/1000.
Terminated at swamp 0.5.
The last entry of errorHistory is 0.500000 for index 348596, 349/1000.
The last entry of errorHistory is 1.000000 for index 348597, 349/1000.
Terminated at swamp 0.5.
The last entry of errorHistory is 0.500042 for index 348598, 349/1000.
The last entry of errorHistory is 0.000075 for index 348599, 349/1000.
Terminated at swamp 1.
The last entry of errorHistory is 1.000513 for index 348600, 349/1000.
Terminated at swamp 0.5.
The last entry of errorHistory is 0.500091 for index 348601, 349/1000.
Terminated at swamp 0.5.
The last entry of errorHistory is 0.500248 for index 348602, 349/1000.
Terminated at swamp 0.5.
The last entry of errorHistory is 0.500564 for index 348603, 349/1000.
Terminated at swamp 0.5.
The last entry of errorHistory is 0.500513 for index 348604, 349/1000.
Terminated at swamp 0.5.
The last entry of errorHistory is 0.500595 for index 348605, 349/1000.
Terminated at swamp 1.
The last entry of errorHistory is 1.000180 for index 348606, 349/1000.
Terminated at swamp 0.5.
The last entry of errorHistory is 0.500363 for index 348607, 349/1000.
The last entry of errorHistory is 0.000085 for index 348608, 349/1000.
The last entry of errorHistory is 0.000017 for index 348609, 349/1000.
Terminated at swamp 0.5.
The last entry of errorHistory is 0.500025 for index 348610, 349/1000.
Terminated at swamp 0.5.
The last entry of errorHistory is 0.500431 for index 348611, 349/1000.
Terminated at swamp 1.
The last entry of errorHistory is 1.000010 for index 348612, 349/1000.
The last entry of errorHistory is 0.500000 for index 348613, 349/1000.
The last entry of errorHistory is 0.000020 for index 348614, 349/1000.
Terminated at swamp 0.5.
The last entry of errorHistory is 0.500107 for index 348615, 349/1000.
Terminated at swamp 0.5.
The last entry of errorHistory is 0.500609 for index 348616, 349/1000.
Terminated at swamp 1.
The last entry of errorHistory is 1.000309 for index 348617, 349/1000.
Terminated at swamp 0.5.
The last entry of errorHistory is 0.500009 for index 348618, 349/1000.
The last entry of errorHistory is 1.000000 for index 348619, 349/1000.
The last entry of errorHistory is 0.000026 for index 348620, 349/1000.
Terminated at swamp 0.5.
The last entry of errorHistory is 0.500448 for index 348621, 349/1000.
Terminated at swamp 0.5.
The last entry of errorHistory is 0.500468 for index 348622, 349/1000.
Terminated at swamp 0.5.
The last entry of errorHistory is 0.500535 for index 348623, 349/1000.
The last entry of errorHistory is 1.000000 for index 348624, 349/1000.
The last entry of errorHistory is 0.500000 for index 348625, 349/1000.
Terminated at swamp 0.5.
The last entry of errorHistory is 0.500708 for index 348626, 349/1000.
The last entry of errorHistory is 0.000856 for index 348627, 349/1000.
Terminated at swamp 0.5.
The last entry of errorHistory is 0.500570 for index 348628, 349/1000.
Terminated at swamp 0.5.
The last entry of errorHistory is 0.500857 for index 348629, 349/1000.
Terminated at swamp 0.5.
The last entry of errorHistory is 0.500410 for index 348630, 349/1000.
Terminated at swamp 0.5.
The last entry of errorHistory is 0.500078 for index 348631, 349/1000.
Terminated at swamp 1.
The last entry of errorHistory is 1.000292 for index 348632, 349/1000.
Terminated at swamp 0.5.
The last entry of errorHistory is 0.500658 for index 348633, 349/1000.
Terminated at swamp 0.5.
The last entry of errorHistory is 0.500457 for index 348634, 349/1000.
Terminated at swamp 0.5.
The last entry of errorHistory is 0.500528 for index 348635, 349/1000.
Terminated at swamp 0.5.
The last entry of errorHistory is 0.500046 for index 348636, 349/1000.
The last entry of errorHistory is 0.003688 for index 348637, 349/1000.
Terminated at swamp 0.5.
The last entry of errorHistory is 0.500323 for index 348638, 349/1000.
The last entry of errorHistory is 0.500000 for index 348639, 349/1000.
Terminated at swamp 1.
The last entry of errorHistory is 1.000159 for index 348640, 349/1000.
Terminated at swamp 1.
The last entry of errorHistory is 1.000316 for index 348641, 349/1000.
Terminated at swamp 0.5.
The last entry of errorHistory is 0.500549 for index 348642, 349/1000.
Terminated at swamp 0.5.
The last entry of errorHistory is 0.500055 for index 348643, 349/1000.
The last entry of errorHistory is 1.000000 for index 348644, 349/1000.
Terminated at swamp 1.
The last entry of errorHistory is 1.000037 for index 348645, 349/1000.
The last entry of errorHistory is 1.000000 for index 348646, 349/1000.
Terminated at swamp 0.5.
The last entry of errorHistory is 0.500560 for index 348647, 349/1000.
Terminated at swamp 0.5.
The last entry of errorHistory is 0.500381 for index 348648, 349/1000.
Terminated at swamp 0.5.
The last entry of errorHistory is 0.500178 for index 348649, 349/1000.
Terminated at swamp 0.5.
The last entry of errorHistory is 0.500082 for index 348650, 349/1000.
Terminated at swamp 0.5.
The last entry of errorHistory is 0.500021 for index 348651, 349/1000.
The last entry of errorHistory is 0.000019 for index 348652, 349/1000.
The last entry of errorHistory is 0.000017 for index 348653, 349/1000.
Terminated at swamp 0.5.
The last entry of errorHistory is 0.500107 for index 348654, 349/1000.
Terminated at swamp 0.5.
The last entry of errorHistory is 0.500360 for index 348655, 349/1000.
Terminated at swamp 1.
The last entry of errorHistory is 1.000070 for index 348656, 349/1000.
Terminated at swamp 0.5.
The last entry of errorHistory is 0.500464 for index 348657, 349/1000.
Terminated at swamp 0.5.
The last entry of errorHistory is 0.500604 for index 348658, 349/1000.
Terminated at swamp 0.5.
The last entry of errorHistory is 0.500906 for index 348659, 349/1000.
Terminated at swamp 0.5.
The last entry of errorHistory is 0.500454 for index 348660, 349/1000.
The last entry of errorHistory is 0.000074 for index 348661, 349/1000.
The last entry of errorHistory is 0.000013 for index 348662, 349/1000.
The last entry of errorHistory is 1.000000 for index 348663, 349/1000.
The last entry of errorHistory is 0.000074 for index 348664, 349/1000.
Terminated at swamp 1.
The last entry of errorHistory is 1.000000 for index 348665, 349/1000.
Terminated at swamp 0.5.
The last entry of errorHistory is 0.500689 for index 348666, 349/1000.
Terminated at swamp 1.5.
The last entry of errorHistory is 1.500000 for index 348667, 349/1000.
Terminated at swamp 0.5.
The last entry of errorHistory is 0.500567 for index 348668, 349/1000.
Terminated at swamp 1.
The last entry of errorHistory is 1.000066 for index 348669, 349/1000.
Terminated at swamp 0.5.
The last entry of errorHistory is 0.500505 for index 348670, 349/1000.
Terminated at swamp 0.5.
The last entry of errorHistory is 0.500872 for index 348671, 349/1000.
Terminated at swamp 0.5.
The last entry of errorHistory is 0.500012 for index 348672, 349/1000.
Terminated at swamp 0.5.
The last entry of errorHistory is 0.500365 for index 348673, 349/1000.
Terminated at swamp 0.5.
The last entry of errorHistory is 0.500357 for index 348674, 349/1000.
Terminated at swamp 0.5.
The last entry of errorHistory is 0.500618 for index 348675, 349/1000.
Terminated at swamp 0.5.
The last entry of errorHistory is 0.500403 for index 348676, 349/1000.
The last entry of errorHistory is 0.000098 for index 348677, 349/1000.
The last entry of errorHistory is 0.000009 for index 348678, 349/1000.
The last entry of errorHistory is 1.000000 for index 348679, 349/1000.
Terminated at swamp 0.5.
The last entry of errorHistory is 0.500663 for index 348680, 349/1000.
Terminated at swamp 0.5.
The last entry of errorHistory is 0.500263 for index 348681, 349/1000.
Terminated at swamp 0.5.
The last entry of errorHistory is 0.500508 for index 348682, 349/1000.
Terminated at swamp 0.5.
The last entry of errorHistory is 0.500052 for index 348683, 349/1000.
Terminated at swamp 1.
The last entry of errorHistory is 1.000242 for index 348684, 349/1000.
Terminated at swamp 0.5.
The last entry of errorHistory is 0.500460 for index 348685, 349/1000.
Terminated at swamp 0.5.
The last entry of errorHistory is 0.500296 for index 348686, 349/1000.
The last entry of errorHistory is 1.000000 for index 348687, 349/1000.
The last entry of errorHistory is 0.000016 for index 348688, 349/1000.
Terminated at swamp 0.5.
The last entry of errorHistory is 0.500203 for index 348689, 349/1000.
Terminated at swamp 1.
The last entry of errorHistory is 1.000000 for index 348690, 349/1000.
The last entry of errorHistory is 1.000000 for index 348691, 349/1000.
Terminated at swamp 1.
The last entry of errorHistory is 1.000051 for index 348692, 349/1000.
Terminated at swamp 0.5.
The last entry of errorHistory is 0.500176 for index 348693, 349/1000.
Terminated at swamp 1.
The last entry of errorHistory is 1.000039 for index 348694, 349/1000.
Terminated at swamp 0.5.
The last entry of errorHistory is 0.500592 for index 348695, 349/1000.
Terminated at swamp 1.
The last entry of errorHistory is 1.000120 for index 348696, 349/1000.
The last entry of errorHistory is 0.500000 for index 348697, 349/1000.
Terminated at swamp 0.5.
The last entry of errorHistory is 0.500479 for index 348698, 349/1000.
The last entry of errorHistory is 0.500000 for index 348699, 349/1000.
Terminated at swamp 0.5.
The last entry of errorHistory is 0.500168 for index 348700, 349/1000.
Terminated at swamp 0.5.
The last entry of errorHistory is 0.500422 for index 348701, 349/1000.
Terminated at swamp 1.
The last entry of errorHistory is 1.000040 for index 348702, 349/1000.
Terminated at swamp 0.5.
The last entry of errorHistory is 0.500569 for index 348703, 349/1000.
The last entry of errorHistory is 1.500000 for index 348704, 349/1000.
Terminated at swamp 1.
The last entry of errorHistory is 1.000000 for index 348705, 349/1000.
The last entry of errorHistory is 1.000000 for index 348706, 349/1000.
The last entry of errorHistory is 0.000024 for index 348707, 349/1000.
Terminated at swamp 1.
The last entry of errorHistory is 1.000326 for index 348708, 349/1000.
The last entry of errorHistory is 0.500000 for index 348709, 349/1000.
The last entry of errorHistory is 0.000038 for index 348710, 349/1000.
Terminated at swamp 0.5.
The last entry of errorHistory is 0.500521 for index 348711, 349/1000.
The last entry of errorHistory is 0.000037 for index 348712, 349/1000.
Terminated at swamp 1.
The last entry of errorHistory is 1.000216 for index 348713, 349/1000.
Terminated at swamp 0.5.
The last entry of errorHistory is 0.500629 for index 348714, 349/1000.
The last entry of errorHistory is 1.000000 for index 348715, 349/1000.
Terminated at swamp 1.5.
The last entry of errorHistory is 1.500000 for index 348716, 349/1000.
Terminated at swamp 0.5.
The last entry of errorHistory is 0.500188 for index 348717, 349/1000.
The last entry of errorHistory is 1.000000 for index 348718, 349/1000.
The last entry of errorHistory is 0.500000 for index 348719, 349/1000.
Terminated at swamp 0.5.
The last entry of errorHistory is 0.500390 for index 348720, 349/1000.
Terminated at swamp 0.5.
The last entry of errorHistory is 0.500405 for index 348721, 349/1000.
Terminated at swamp 0.5.
The last entry of errorHistory is 0.500935 for index 348722, 349/1000.
Terminated at swamp 1.
The last entry of errorHistory is 1.000000 for index 348723, 349/1000.
Terminated at swamp 1.
The last entry of errorHistory is 1.000287 for index 348724, 349/1000.
The last entry of errorHistory is 1.000000 for index 348725, 349/1000.
Terminated at swamp 0.5.
The last entry of errorHistory is 0.500005 for index 348726, 349/1000.
Terminated at swamp 0.5.
The last entry of errorHistory is 0.500515 for index 348727, 349/1000.
Terminated at swamp 0.5.
The last entry of errorHistory is 0.500534 for index 348728, 349/1000.
Terminated at swamp 0.5.
The last entry of errorHistory is 0.500192 for index 348729, 349/1000.
The last entry of errorHistory is 0.500000 for index 348730, 349/1000.
Terminated at swamp 0.5.
The last entry of errorHistory is 0.500308 for index 348731, 349/1000.
Terminated at swamp 0.5.
The last entry of errorHistory is 0.500582 for index 348732, 349/1000.
The last entry of errorHistory is 0.000013 for index 348733, 349/1000.
Terminated at swamp 0.5.
The last entry of errorHistory is 0.500493 for index 348734, 349/1000.
The last entry of errorHistory is 1.000000 for index 348735, 349/1000.
Terminated at swamp 0.5.
The last entry of errorHistory is 0.500463 for index 348736, 349/1000.
The last entry of errorHistory is 0.000083 for index 348737, 349/1000.
Terminated at swamp 0.5.
The last entry of errorHistory is 0.500068 for index 348738, 349/1000.
Terminated at swamp 0.5.
The last entry of errorHistory is 0.500458 for index 348739, 349/1000.
The last entry of errorHistory is 0.000173 for index 348740, 349/1000.
Terminated at swamp 1.
The last entry of errorHistory is 1.000000 for index 348741, 349/1000.
The last entry of errorHistory is 0.000597 for index 348742, 349/1000.
Terminated at swamp 0.5.
The last entry of errorHistory is 0.500244 for index 348743, 349/1000.
Terminated at swamp 0.5.
The last entry of errorHistory is 0.500039 for index 348744, 349/1000.
Terminated at swamp 0.5.
The last entry of errorHistory is 0.500260 for index 348745, 349/1000.
Terminated at swamp 1.
The last entry of errorHistory is 1.000361 for index 348746, 349/1000.
The last entry of errorHistory is 0.500000 for index 348747, 349/1000.
Terminated at swamp 1.
The last entry of errorHistory is 1.000000 for index 348748, 349/1000.
The last entry of errorHistory is 1.000000 for index 348749, 349/1000.
The last entry of errorHistory is 0.001057 for index 348750, 349/1000.
Terminated at swamp 1.
The last entry of errorHistory is 1.000041 for index 348751, 349/1000.
Terminated at swamp 0.5.
The last entry of errorHistory is 0.500262 for index 348752, 349/1000.
Terminated at swamp 0.5.
The last entry of errorHistory is 0.500527 for index 348753, 349/1000.
Terminated at swamp 0.5.
The last entry of errorHistory is 0.500505 for index 348754, 349/1000.
Terminated at swamp 0.5.
The last entry of errorHistory is 0.500354 for index 348755, 349/1000.
Terminated at swamp 0.5.
The last entry of errorHistory is 0.500569 for index 348756, 349/1000.
Terminated at swamp 0.5.
The last entry of errorHistory is 0.500337 for index 348757, 349/1000.
Terminated at swamp 0.5.
The last entry of errorHistory is 0.499799 for index 348758, 349/1000.
Terminated at swamp 0.5.
The last entry of errorHistory is 0.500717 for index 348759, 349/1000.
Terminated at swamp 0.5.
The last entry of errorHistory is 0.500374 for index 348760, 349/1000.
Terminated at swamp 0.5.
The last entry of errorHistory is 0.500155 for index 348761, 349/1000.
Terminated at swamp 0.5.
The last entry of errorHistory is 0.500492 for index 348762, 349/1000.
Terminated at swamp 0.5.
The last entry of errorHistory is 0.500310 for index 348763, 349/1000.
Terminated at swamp 0.5.
The last entry of errorHistory is 0.500283 for index 348764, 349/1000.
Terminated at swamp 1.5.
The last entry of errorHistory is 1.500001 for index 348765, 349/1000.
The last entry of errorHistory is 0.500000 for index 348766, 349/1000.
The last entry of errorHistory is 0.000022 for index 348767, 349/1000.
Terminated at swamp 1.
The last entry of errorHistory is 1.000009 for index 348768, 349/1000.
Terminated at swamp 1.
The last entry of errorHistory is 1.000000 for index 348769, 349/1000.
Terminated at swamp 0.5.
The last entry of errorHistory is 0.500312 for index 348770, 349/1000.
Terminated at swamp 1.
The last entry of errorHistory is 1.000046 for index 348771, 349/1000.
Terminated at swamp 0.5.
The last entry of errorHistory is 0.500395 for index 348772, 349/1000.
The last entry of errorHistory is 1.000000 for index 348773, 349/1000.
Terminated at swamp 0.5.
The last entry of errorHistory is 0.500005 for index 348774, 349/1000.
The last entry of errorHistory is 1.000000 for index 348775, 349/1000.
The last entry of errorHistory is 1.000000 for index 348776, 349/1000.
Terminated at swamp 0.5.
The last entry of errorHistory is 0.500016 for index 348777, 349/1000.
Terminated at swamp 0.5.
The last entry of errorHistory is 0.500227 for index 348778, 349/1000.
Terminated at swamp 0.5.
The last entry of errorHistory is 0.500552 for index 348779, 349/1000.
Terminated at swamp 0.5.
The last entry of errorHistory is 0.500532 for index 348780, 349/1000.
Terminated at swamp 0.5.
The last entry of errorHistory is 0.500592 for index 348781, 349/1000.
The last entry of errorHistory is 0.000015 for index 348782, 349/1000.
The last entry of errorHistory is 1.000000 for index 348783, 349/1000.
The last entry of errorHistory is 0.000036 for index 348784, 349/1000.
The last entry of errorHistory is 1.000000 for index 348785, 349/1000.
The last entry of errorHistory is 1.000000 for index 348786, 349/1000.
Terminated at swamp 0.5.
The last entry of errorHistory is 0.500369 for index 348787, 349/1000.
The last entry of errorHistory is 1.000000 for index 348788, 349/1000.
Terminated at swamp 0.5.
The last entry of errorHistory is 0.500005 for index 348789, 349/1000.
Terminated at swamp 0.5.
The last entry of errorHistory is 0.500571 for index 348790, 349/1000.
The last entry of errorHistory is 1.000000 for index 348791, 349/1000.
The last entry of errorHistory is 0.003189 for index 348792, 349/1000.
The last entry of errorHistory is 1.000000 for index 348793, 349/1000.
Terminated at swamp 0.5.
The last entry of errorHistory is 0.500605 for index 348794, 349/1000.
Terminated at swamp 0.5.
The last entry of errorHistory is 0.500157 for index 348795, 349/1000.
The last entry of errorHistory is 0.000023 for index 348796, 349/1000.
Terminated at swamp 0.5.
The last entry of errorHistory is 0.500512 for index 348797, 349/1000.
Terminated at swamp 1.
The last entry of errorHistory is 1.000247 for index 348798, 349/1000.
Terminated at swamp 0.5.
The last entry of errorHistory is 0.500051 for index 348799, 349/1000.
The last entry of errorHistory is 0.000088 for index 348800, 349/1000.
The last entry of errorHistory is 1.000000 for index 348801, 349/1000.
Terminated at swamp 0.5.
The last entry of errorHistory is 0.500417 for index 348802, 349/1000.
The last entry of errorHistory is 0.000271 for index 348803, 349/1000.
Terminated at swamp 0.5.
The last entry of errorHistory is 0.500529 for index 348804, 349/1000.
The last entry of errorHistory is 0.000115 for index 348805, 349/1000.
Terminated at swamp 0.5.
The last entry of errorHistory is 0.500545 for index 348806, 349/1000.
Terminated at swamp 1.
The last entry of errorHistory is 1.000058 for index 348807, 349/1000.
The last entry of errorHistory is 1.000000 for index 348808, 349/1000.
Terminated at swamp 0.5.
The last entry of errorHistory is 0.500499 for index 348809, 349/1000.
The last entry of errorHistory is 1.000000 for index 348810, 349/1000.
The last entry of errorHistory is 0.000015 for index 348811, 349/1000.
The last entry of errorHistory is 0.000028 for index 348812, 349/1000.
The last entry of errorHistory is 1.000000 for index 348813, 349/1000.
The last entry of errorHistory is 0.000028 for index 348814, 349/1000.
Terminated at swamp 0.5.
The last entry of errorHistory is 0.500477 for index 348815, 349/1000.
The last entry of errorHistory is 1.000000 for index 348816, 349/1000.
Terminated at swamp 0.5.
The last entry of errorHistory is 0.500003 for index 348817, 349/1000.
Terminated at swamp 0.5.
The last entry of errorHistory is 0.500619 for index 348818, 349/1000.
Terminated at swamp 0.5.
The last entry of errorHistory is 0.500946 for index 348819, 349/1000.
Terminated at swamp 0.5.
The last entry of errorHistory is 0.500455 for index 348820, 349/1000.
The last entry of errorHistory is 1.000000 for index 348821, 349/1000.
Terminated at swamp 0.5.
The last entry of errorHistory is 0.500059 for index 348822, 349/1000.
The last entry of errorHistory is 1.000000 for index 348823, 349/1000.
Terminated at swamp 0.5.
The last entry of errorHistory is 0.500326 for index 348824, 349/1000.
The last entry of errorHistory is 0.001895 for index 348825, 349/1000.
The last entry of errorHistory is 0.000011 for index 348826, 349/1000.
The last entry of errorHistory is 1.000000 for index 348827, 349/1000.
Terminated at swamp 0.5.
The last entry of errorHistory is 0.500091 for index 348828, 349/1000.
Terminated at swamp 1.
The last entry of errorHistory is 1.000215 for index 348829, 349/1000.
The last entry of errorHistory is 1.000000 for index 348830, 349/1000.
The last entry of errorHistory is 0.000124 for index 348831, 349/1000.
Terminated at swamp 1.
The last entry of errorHistory is 1.000001 for index 348832, 349/1000.
Terminated at swamp 0.5.
The last entry of errorHistory is 0.500457 for index 348833, 349/1000.
Terminated at swamp 0.5.
The last entry of errorHistory is 0.500051 for index 348834, 349/1000.
Terminated at swamp 0.5.
The last entry of errorHistory is 0.500127 for index 348835, 349/1000.
Terminated at swamp 0.5.
The last entry of errorHistory is 0.500167 for index 348836, 349/1000.
The last entry of errorHistory is 0.000033 for index 348837, 349/1000.
Terminated at swamp 0.5.
The last entry of errorHistory is 0.500669 for index 348838, 349/1000.
The last entry of errorHistory is 1.000000 for index 348839, 349/1000.
Terminated at swamp 0.5.
The last entry of errorHistory is 0.500391 for index 348840, 349/1000.
Terminated at swamp 1.
The last entry of errorHistory is 1.000000 for index 348841, 349/1000.
Terminated at swamp 0.5.
The last entry of errorHistory is 0.500639 for index 348842, 349/1000.
Terminated at swamp 1.
The last entry of errorHistory is 1.000010 for index 348843, 349/1000.
Terminated at swamp 0.5.
The last entry of errorHistory is 0.500536 for index 348844, 349/1000.
Terminated at swamp 0.5.
The last entry of errorHistory is 0.500596 for index 348845, 349/1000.
The last entry of errorHistory is 1.000000 for index 348846, 349/1000.
Terminated at swamp 0.5.
The last entry of errorHistory is 0.500592 for index 348847, 349/1000.
Terminated at swamp 0.5.
The last entry of errorHistory is 0.500633 for index 348848, 349/1000.
Terminated at swamp 1.5.
The last entry of errorHistory is 1.500000 for index 348849, 349/1000.
Terminated at swamp 0.5.
The last entry of errorHistory is 0.500406 for index 348850, 349/1000.
Terminated at swamp 0.5.
The last entry of errorHistory is 0.500566 for index 348851, 349/1000.
Terminated at swamp 0.5.
The last entry of errorHistory is 0.500534 for index 348852, 349/1000.
The last entry of errorHistory is 0.000017 for index 348853, 349/1000.
The last entry of errorHistory is 0.500000 for index 348854, 349/1000.
Terminated at swamp 0.5.
The last entry of errorHistory is 0.500112 for index 348855, 349/1000.
Terminated at swamp 0.5.
The last entry of errorHistory is 0.500502 for index 348856, 349/1000.
The last entry of errorHistory is 0.000014 for index 348857, 349/1000.
Terminated at swamp 0.5.
The last entry of errorHistory is 0.500307 for index 348858, 349/1000.
The last entry of errorHistory is 1.000000 for index 348859, 349/1000.
Terminated at swamp 0.5.
The last entry of errorHistory is 0.500955 for index 348860, 349/1000.
Terminated at swamp 0.5.
The last entry of errorHistory is 0.500505 for index 348861, 349/1000.
Terminated at swamp 1.
The last entry of errorHistory is 1.000009 for index 348862, 349/1000.
The last entry of errorHistory is 1.000000 for index 348863, 349/1000.
The last entry of errorHistory is 0.000042 for index 348864, 349/1000.
Terminated at swamp 0.5.
The last entry of errorHistory is 0.500136 for index 348865, 349/1000.
Terminated at swamp 0.5.
The last entry of errorHistory is 0.500510 for index 348866, 349/1000.
Terminated at swamp 1.
The last entry of errorHistory is 1.000368 for index 348867, 349/1000.
The last entry of errorHistory is 0.000011 for index 348868, 349/1000.
Terminated at swamp 0.5.
The last entry of errorHistory is 0.500144 for index 348869, 349/1000.
Terminated at swamp 0.5.
The last entry of errorHistory is 0.500399 for index 348870, 349/1000.
The last entry of errorHistory is 0.500000 for index 348871, 349/1000.
Terminated at swamp 0.5.
The last entry of errorHistory is 0.500415 for index 348872, 349/1000.
The last entry of errorHistory is 0.000087 for index 348873, 349/1000.
Terminated at swamp 0.5.
The last entry of errorHistory is 0.500062 for index 348874, 349/1000.
Terminated at swamp 1.
The last entry of errorHistory is 1.000030 for index 348875, 349/1000.
Terminated at swamp 0.5.
The last entry of errorHistory is 0.500515 for index 348876, 349/1000.
The last entry of errorHistory is 1.000000 for index 348877, 349/1000.
Terminated at swamp 0.5.
The last entry of errorHistory is 0.500035 for index 348878, 349/1000.
The last entry of errorHistory is 1.000000 for index 348879, 349/1000.
Terminated at swamp 0.5.
The last entry of errorHistory is 0.500010 for index 348880, 349/1000.
Terminated at swamp 0.5.
The last entry of errorHistory is 0.500335 for index 348881, 349/1000.
The last entry of errorHistory is 1.000000 for index 348882, 349/1000.
Terminated at swamp 1.
The last entry of errorHistory is 1.000442 for index 348883, 349/1000.
The last entry of errorHistory is 0.000092 for index 348884, 349/1000.
The last entry of errorHistory is 0.000691 for index 348885, 349/1000.
The last entry of errorHistory is 0.000035 for index 348886, 349/1000.
Terminated at swamp 0.5.
The last entry of errorHistory is 0.500509 for index 348887, 349/1000.
Terminated at swamp 1.
The last entry of errorHistory is 1.000256 for index 348888, 349/1000.
Terminated at swamp 0.5.
The last entry of errorHistory is 0.500558 for index 348889, 349/1000.
The last entry of errorHistory is 0.000615 for index 348890, 349/1000.
The last entry of errorHistory is 1.000000 for index 348891, 349/1000.
Terminated at swamp 0.5.
The last entry of errorHistory is 0.500028 for index 348892, 349/1000.
Terminated at swamp 0.5.
The last entry of errorHistory is 0.500497 for index 348893, 349/1000.
Terminated at swamp 0.5.
The last entry of errorHistory is 0.500403 for index 348894, 349/1000.
Terminated at swamp 0.5.
The last entry of errorHistory is 0.500042 for index 348895, 349/1000.
Terminated at swamp 1.
The last entry of errorHistory is 1.000347 for index 348896, 349/1000.
The last entry of errorHistory is 1.000000 for index 348897, 349/1000.
Terminated at swamp 0.5.
The last entry of errorHistory is 0.500355 for index 348898, 349/1000.
Terminated at swamp 0.5.
The last entry of errorHistory is 0.500774 for index 348899, 349/1000.
Terminated at swamp 0.5.
The last entry of errorHistory is 0.500493 for index 348900, 349/1000.
The last entry of errorHistory is 0.500000 for index 348901, 349/1000.
Terminated at swamp 1.5.
The last entry of errorHistory is 1.500004 for index 348902, 349/1000.
Terminated at swamp 1.
The last entry of errorHistory is 1.000150 for index 348903, 349/1000.
The last entry of errorHistory is 1.000000 for index 348904, 349/1000.
Terminated at swamp 0.5.
The last entry of errorHistory is 0.500911 for index 348905, 349/1000.
Terminated at swamp 0.5.
The last entry of errorHistory is 0.500027 for index 348906, 349/1000.
Terminated at swamp 0.5.
The last entry of errorHistory is 0.500508 for index 348907, 349/1000.
Terminated at swamp 0.5.
The last entry of errorHistory is 0.500322 for index 348908, 349/1000.
Terminated at swamp 1.
The last entry of errorHistory is 1.000289 for index 348909, 349/1000.
Terminated at swamp 0.5.
The last entry of errorHistory is 0.500217 for index 348910, 349/1000.
Terminated at swamp 0.5.
The last entry of errorHistory is 0.500013 for index 348911, 349/1000.
The last entry of errorHistory is 1.000000 for index 348912, 349/1000.
The last entry of errorHistory is 0.000023 for index 348913, 349/1000.
The last entry of errorHistory is 1.500000 for index 348914, 349/1000.
Terminated at swamp 0.5.
The last entry of errorHistory is 0.500133 for index 348915, 349/1000.
Terminated at swamp 0.5.
The last entry of errorHistory is 0.500155 for index 348916, 349/1000.
Terminated at swamp 0.5.
The last entry of errorHistory is 0.500132 for index 348917, 349/1000.
Terminated at swamp 0.5.
The last entry of errorHistory is 0.500472 for index 348918, 349/1000.
The last entry of errorHistory is 1.000000 for index 348919, 349/1000.
The last entry of errorHistory is 1.000000 for index 348920, 349/1000.
Terminated at swamp 0.5.
The last entry of errorHistory is 0.500237 for index 348921, 349/1000.
Terminated at swamp 0.5.
The last entry of errorHistory is 0.500137 for index 348922, 349/1000.
Terminated at swamp 0.5.
The last entry of errorHistory is 0.500274 for index 348923, 349/1000.
The last entry of errorHistory is 1.000000 for index 348924, 349/1000.
The last entry of errorHistory is 0.500000 for index 348925, 349/1000.
Terminated at swamp 1.
The last entry of errorHistory is 1.000000 for index 348926, 349/1000.
Terminated at swamp 0.5.
The last entry of errorHistory is 0.500013 for index 348927, 349/1000.
Terminated at swamp 0.5.
The last entry of errorHistory is 0.500466 for index 348928, 349/1000.
The last entry of errorHistory is 0.000070 for index 348929, 349/1000.
The last entry of errorHistory is 1.000000 for index 348930, 349/1000.
Terminated at swamp 0.5.
The last entry of errorHistory is 0.500086 for index 348931, 349/1000.
Terminated at swamp 0.5.
The last entry of errorHistory is 0.500006 for index 348932, 349/1000.
The last entry of errorHistory is 1.000000 for index 348933, 349/1000.
The last entry of errorHistory is 0.500000 for index 348934, 349/1000.
The last entry of errorHistory is 1.500000 for index 348935, 349/1000.
The last entry of errorHistory is 1.500000 for index 348936, 349/1000.
Terminated at swamp 0.5.
The last entry of errorHistory is 0.500123 for index 348937, 349/1000.
The last entry of errorHistory is 0.500000 for index 348938, 349/1000.
Terminated at swamp 1.
The last entry of errorHistory is 1.000122 for index 348939, 349/1000.
Terminated at swamp 0.5.
The last entry of errorHistory is 0.500851 for index 348940, 349/1000.
Terminated at swamp 0.5.
The last entry of errorHistory is 0.500495 for index 348941, 349/1000.
Terminated at swamp 0.5.
The last entry of errorHistory is 0.500073 for index 348942, 349/1000.
Terminated at swamp 1.
The last entry of errorHistory is 1.000000 for index 348943, 349/1000.
Terminated at swamp 0.5.
The last entry of errorHistory is 0.500013 for index 348944, 349/1000.
The last entry of errorHistory is 1.000000 for index 348945, 349/1000.
The last entry of errorHistory is 1.000000 for index 348946, 349/1000.
Terminated at swamp 0.5.
The last entry of errorHistory is 0.500698 for index 348947, 349/1000.
The last entry of errorHistory is 0.500000 for index 348948, 349/1000.
Terminated at swamp 1.
The last entry of errorHistory is 1.000206 for index 348949, 349/1000.
Terminated at swamp 0.5.
The last entry of errorHistory is 0.500444 for index 348950, 349/1000.
The last entry of errorHistory is 0.000018 for index 348951, 349/1000.
Terminated at swamp 1.
The last entry of errorHistory is 1.000173 for index 348952, 349/1000.
Terminated at swamp 1.
The last entry of errorHistory is 1.000359 for index 348953, 349/1000.
Terminated at swamp 0.5.
The last entry of errorHistory is 0.500105 for index 348954, 349/1000.
Terminated at swamp 0.5.
The last entry of errorHistory is 0.500410 for index 348955, 349/1000.
Terminated at swamp 0.5.
The last entry of errorHistory is 0.500676 for index 348956, 349/1000.
Terminated at swamp 0.5.
The last entry of errorHistory is 0.500373 for index 348957, 349/1000.
The last entry of errorHistory is 1.000000 for index 348958, 349/1000.
Terminated at swamp 0.5.
The last entry of errorHistory is 0.500279 for index 348959, 349/1000.
Terminated at swamp 1.
The last entry of errorHistory is 1.000027 for index 348960, 349/1000.
Terminated at swamp 0.5.
The last entry of errorHistory is 0.500473 for index 348961, 349/1000.
The last entry of errorHistory is 1.000000 for index 348962, 349/1000.
The last entry of errorHistory is 0.000045 for index 348963, 349/1000.
Terminated at swamp 1.
The last entry of errorHistory is 1.000117 for index 348964, 349/1000.
Terminated at swamp 0.5.
The last entry of errorHistory is 0.500561 for index 348965, 349/1000.
The last entry of errorHistory is 0.000028 for index 348966, 349/1000.
Terminated at swamp 1.
The last entry of errorHistory is 1.000000 for index 348967, 349/1000.
The last entry of errorHistory is 1.000000 for index 348968, 349/1000.
Terminated at swamp 0.5.
The last entry of errorHistory is 0.500028 for index 348969, 349/1000.
The last entry of errorHistory is 1.000000 for index 348970, 349/1000.
The last entry of errorHistory is 0.500000 for index 348971, 349/1000.
Terminated at swamp 0.5.
The last entry of errorHistory is 0.500483 for index 348972, 349/1000.
Terminated at swamp 0.5.
The last entry of errorHistory is 0.500720 for index 348973, 349/1000.
Terminated at swamp 0.5.
The last entry of errorHistory is 0.500411 for index 348974, 349/1000.
Terminated at swamp 1.
The last entry of errorHistory is 1.000355 for index 348975, 349/1000.
Terminated at swamp 0.5.
The last entry of errorHistory is 0.500022 for index 348976, 349/1000.
The last entry of errorHistory is 0.000178 for index 348977, 349/1000.
Terminated at swamp 0.5.
The last entry of errorHistory is 0.500481 for index 348978, 349/1000.
The last entry of errorHistory is 1.000000 for index 348979, 349/1000.
The last entry of errorHistory is 1.500000 for index 348980, 349/1000.
The last entry of errorHistory is 1.000000 for index 348981, 349/1000.
The last entry of errorHistory is 0.500000 for index 348982, 349/1000.
Terminated at swamp 0.5.
The last entry of errorHistory is 0.500537 for index 348983, 349/1000.
Terminated at swamp 0.5.
The last entry of errorHistory is 0.500574 for index 348984, 349/1000.
Terminated at swamp 0.5.
The last entry of errorHistory is 0.500286 for index 348985, 349/1000.
The last entry of errorHistory is 1.000000 for index 348986, 349/1000.
Terminated at swamp 1.
The last entry of errorHistory is 1.000170 for index 348987, 349/1000.
The last entry of errorHistory is 1.000000 for index 348988, 349/1000.
Terminated at swamp 0.5.
The last entry of errorHistory is 0.500359 for index 348989, 349/1000.
Terminated at swamp 0.5.
The last entry of errorHistory is 0.499778 for index 348990, 349/1000.
The last entry of errorHistory is 0.500000 for index 348991, 349/1000.
Terminated at swamp 1.
The last entry of errorHistory is 1.000000 for index 348992, 349/1000.
Terminated at swamp 1.
The last entry of errorHistory is 1.000181 for index 348993, 349/1000.
The last entry of errorHistory is 0.000073 for index 348994, 349/1000.
The last entry of errorHistory is 0.000029 for index 348995, 349/1000.
Terminated at swamp 0.5.
The last entry of errorHistory is 0.500554 for index 348996, 349/1000.
Terminated at swamp 1.
The last entry of errorHistory is 1.000000 for index 348997, 349/1000.
Terminated at swamp 0.5.
The last entry of errorHistory is 0.500282 for index 348998, 349/1000.
Terminated at swamp 0.5.
The last entry of errorHistory is 0.500652 for index 348999, 349/1000.
Terminated at swamp 0.5.
The last entry of errorHistory is 0.500024 for index 349000, 349/1000.
