
                            < M A T L A B (R) >
                  Copyright 1984-2018 The MathWorks, Inc.
                   R2018b (9.5.0.944444) 64-bit (glnxa64)
                              August 28, 2018

 
To get started, type doc.
For product information, visit www.mathworks.com.
 
The last entry of errorHistory is 1.000000 for index 373001, 374/1000.
Terminated at swamp 0.5.
The last entry of errorHistory is 0.500648 for index 373002, 374/1000.
The last entry of errorHistory is 0.000024 for index 373003, 374/1000.
Terminated at swamp 0.5.
The last entry of errorHistory is 0.500545 for index 373004, 374/1000.
Terminated at swamp 0.5.
The last entry of errorHistory is 0.500490 for index 373005, 374/1000.
Terminated at swamp 1.
The last entry of errorHistory is 1.000004 for index 373006, 374/1000.
Terminated at swamp 0.5.
The last entry of errorHistory is 0.500512 for index 373007, 374/1000.
Terminated at swamp 0.5.
The last entry of errorHistory is 0.500500 for index 373008, 374/1000.
Terminated at swamp 1.
The last entry of errorHistory is 1.000000 for index 373009, 374/1000.
Terminated at swamp 0.5.
The last entry of errorHistory is 0.500417 for index 373010, 374/1000.
Terminated at swamp 1.
The last entry of errorHistory is 1.000582 for index 373011, 374/1000.
The last entry of errorHistory is 1.000000 for index 373012, 374/1000.
Terminated at swamp 1.
The last entry of errorHistory is 1.000150 for index 373013, 374/1000.
Terminated at swamp 1.
The last entry of errorHistory is 1.000231 for index 373014, 374/1000.
The last entry of errorHistory is 0.000030 for index 373015, 374/1000.
Terminated at swamp 0.5.
The last entry of errorHistory is 0.500573 for index 373016, 374/1000.
The last entry of errorHistory is 1.000000 for index 373017, 374/1000.
Terminated at swamp 0.5.
The last entry of errorHistory is 0.500034 for index 373018, 374/1000.
Terminated at swamp 0.5.
The last entry of errorHistory is 0.500480 for index 373019, 374/1000.
Terminated at swamp 0.5.
The last entry of errorHistory is 0.500537 for index 373020, 374/1000.
The last entry of errorHistory is 0.000014 for index 373021, 374/1000.
The last entry of errorHistory is 0.500000 for index 373022, 374/1000.
Terminated at swamp 0.5.
The last entry of errorHistory is 0.500951 for index 373023, 374/1000.
Terminated at swamp 0.5.
The last entry of errorHistory is 0.500522 for index 373024, 374/1000.
The last entry of errorHistory is 1.000000 for index 373025, 374/1000.
Terminated at swamp 0.5.
The last entry of errorHistory is 0.500520 for index 373026, 374/1000.
Terminated at swamp 0.5.
The last entry of errorHistory is 0.500252 for index 373027, 374/1000.
The last entry of errorHistory is 1.500000 for index 373028, 374/1000.
Terminated at swamp 0.5.
The last entry of errorHistory is 0.500564 for index 373029, 374/1000.
Terminated at swamp 0.5.
The last entry of errorHistory is 0.500485 for index 373030, 374/1000.
The last entry of errorHistory is 0.000379 for index 373031, 374/1000.
Terminated at swamp 0.5.
The last entry of errorHistory is 0.500541 for index 373032, 374/1000.
The last entry of errorHistory is 1.000000 for index 373033, 374/1000.
Terminated at swamp 0.5.
The last entry of errorHistory is 0.500582 for index 373034, 374/1000.
Terminated at swamp 0.5.
The last entry of errorHistory is 0.500506 for index 373035, 374/1000.
Terminated at swamp 0.5.
The last entry of errorHistory is 0.500301 for index 373036, 374/1000.
The last entry of errorHistory is 0.500000 for index 373037, 374/1000.
Terminated at swamp 0.5.
The last entry of errorHistory is 0.500505 for index 373038, 374/1000.
Terminated at swamp 0.5.
The last entry of errorHistory is 0.500455 for index 373039, 374/1000.
The last entry of errorHistory is 1.000000 for index 373040, 374/1000.
Terminated at swamp 0.5.
The last entry of errorHistory is 0.500296 for index 373041, 374/1000.
Terminated at swamp 0.5.
The last entry of errorHistory is 0.500333 for index 373042, 374/1000.
The last entry of errorHistory is 1.000000 for index 373043, 374/1000.
Terminated at swamp 0.5.
The last entry of errorHistory is 0.500563 for index 373044, 374/1000.
The last entry of errorHistory is 1.000000 for index 373045, 374/1000.
The last entry of errorHistory is 0.000025 for index 373046, 374/1000.
Terminated at swamp 0.5.
The last entry of errorHistory is 0.500143 for index 373047, 374/1000.
Terminated at swamp 1.
The last entry of errorHistory is 1.000308 for index 373048, 374/1000.
Terminated at swamp 1.
The last entry of errorHistory is 1.000200 for index 373049, 374/1000.
The last entry of errorHistory is 0.500000 for index 373050, 374/1000.
Terminated at swamp 1.
The last entry of errorHistory is 1.000315 for index 373051, 374/1000.
Terminated at swamp 0.5.
The last entry of errorHistory is 0.500663 for index 373052, 374/1000.
The last entry of errorHistory is 1.000000 for index 373053, 374/1000.
Terminated at swamp 0.5.
The last entry of errorHistory is 0.500223 for index 373054, 374/1000.
Terminated at swamp 0.5.
The last entry of errorHistory is 0.500401 for index 373055, 374/1000.
Terminated at swamp 0.5.
The last entry of errorHistory is 0.500105 for index 373056, 374/1000.
Terminated at swamp 0.5.
The last entry of errorHistory is 0.500526 for index 373057, 374/1000.
The last entry of errorHistory is 1.000000 for index 373058, 374/1000.
Terminated at swamp 1.
The last entry of errorHistory is 1.000012 for index 373059, 374/1000.
Terminated at swamp 1.
The last entry of errorHistory is 1.000051 for index 373060, 374/1000.
The last entry of errorHistory is 1.000000 for index 373061, 374/1000.
The last entry of errorHistory is 1.000000 for index 373062, 374/1000.
Terminated at swamp 0.5.
The last entry of errorHistory is 0.500437 for index 373063, 374/1000.
Terminated at swamp 1.
The last entry of errorHistory is 1.000000 for index 373064, 374/1000.
The last entry of errorHistory is 1.000000 for index 373065, 374/1000.
The last entry of errorHistory is 0.500000 for index 373066, 374/1000.
Terminated at swamp 0.5.
The last entry of errorHistory is 0.500383 for index 373067, 374/1000.
Terminated at swamp 0.5.
The last entry of errorHistory is 0.500326 for index 373068, 374/1000.
Terminated at swamp 0.5.
The last entry of errorHistory is 0.500663 for index 373069, 374/1000.
The last entry of errorHistory is 1.000000 for index 373070, 374/1000.
The last entry of errorHistory is 0.000030 for index 373071, 374/1000.
The last entry of errorHistory is 0.000029 for index 373072, 374/1000.
Terminated at swamp 0.5.
The last entry of errorHistory is 0.500042 for index 373073, 374/1000.
Terminated at swamp 0.5.
The last entry of errorHistory is 0.500098 for index 373074, 374/1000.
Terminated at swamp 0.5.
The last entry of errorHistory is 0.500210 for index 373075, 374/1000.
Terminated at swamp 0.5.
The last entry of errorHistory is 0.500491 for index 373076, 374/1000.
The last entry of errorHistory is 0.000139 for index 373077, 374/1000.
Terminated at swamp 0.5.
The last entry of errorHistory is 0.500352 for index 373078, 374/1000.
The last entry of errorHistory is 1.000000 for index 373079, 374/1000.
Terminated at swamp 0.5.
The last entry of errorHistory is 0.500223 for index 373080, 374/1000.
Terminated at swamp 0.5.
The last entry of errorHistory is 0.500518 for index 373081, 374/1000.
The last entry of errorHistory is 0.000247 for index 373082, 374/1000.
The last entry of errorHistory is 0.500000 for index 373083, 374/1000.
The last entry of errorHistory is 0.000019 for index 373084, 374/1000.
Terminated at swamp 0.5.
The last entry of errorHistory is 0.500000 for index 373085, 374/1000.
The last entry of errorHistory is 1.000000 for index 373086, 374/1000.
The last entry of errorHistory is 0.500000 for index 373087, 374/1000.
Terminated at swamp 0.5.
The last entry of errorHistory is 0.500585 for index 373088, 374/1000.
The last entry of errorHistory is 1.000000 for index 373089, 374/1000.
The last entry of errorHistory is 0.000010 for index 373090, 374/1000.
Terminated at swamp 0.5.
The last entry of errorHistory is 0.500250 for index 373091, 374/1000.
Terminated at swamp 0.5.
The last entry of errorHistory is 0.500276 for index 373092, 374/1000.
Terminated at swamp 1.
The last entry of errorHistory is 1.000377 for index 373093, 374/1000.
The last entry of errorHistory is 0.000281 for index 373094, 374/1000.
Terminated at swamp 1.
The last entry of errorHistory is 1.000375 for index 373095, 374/1000.
Terminated at swamp 0.5.
The last entry of errorHistory is 0.500409 for index 373096, 374/1000.
Terminated at swamp 0.5.
The last entry of errorHistory is 0.500343 for index 373097, 374/1000.
Terminated at swamp 0.5.
The last entry of errorHistory is 0.500521 for index 373098, 374/1000.
Terminated at swamp 0.5.
The last entry of errorHistory is 0.500107 for index 373099, 374/1000.
Terminated at swamp 0.5.
The last entry of errorHistory is 0.500401 for index 373100, 374/1000.
Terminated at swamp 0.5.
The last entry of errorHistory is 0.500215 for index 373101, 374/1000.
The last entry of errorHistory is 1.000000 for index 373102, 374/1000.
Terminated at swamp 0.5.
The last entry of errorHistory is 0.500517 for index 373103, 374/1000.
Terminated at swamp 0.5.
The last entry of errorHistory is 0.500280 for index 373104, 374/1000.
Terminated at swamp 0.5.
The last entry of errorHistory is 0.500475 for index 373105, 374/1000.
Terminated at swamp 0.5.
The last entry of errorHistory is 0.500350 for index 373106, 374/1000.
Terminated at swamp 0.5.
The last entry of errorHistory is 0.500629 for index 373107, 374/1000.
The last entry of errorHistory is 0.000026 for index 373108, 374/1000.
Terminated at swamp 0.5.
The last entry of errorHistory is 0.500215 for index 373109, 374/1000.
Terminated at swamp 0.5.
The last entry of errorHistory is 0.500256 for index 373110, 374/1000.
The last entry of errorHistory is 0.000019 for index 373111, 374/1000.
The last entry of errorHistory is 1.000000 for index 373112, 374/1000.
Terminated at swamp 1.
The last entry of errorHistory is 1.000000 for index 373113, 374/1000.
Terminated at swamp 0.5.
The last entry of errorHistory is 0.500449 for index 373114, 374/1000.
Terminated at swamp 1.
The last entry of errorHistory is 1.000047 for index 373115, 374/1000.
The last entry of errorHistory is 1.000000 for index 373116, 374/1000.
The last entry of errorHistory is 0.000059 for index 373117, 374/1000.
Terminated at swamp 0.5.
The last entry of errorHistory is 0.500314 for index 373118, 374/1000.
The last entry of errorHistory is 1.000000 for index 373119, 374/1000.
Terminated at swamp 0.5.
The last entry of errorHistory is 0.500215 for index 373120, 374/1000.
The last entry of errorHistory is 0.500000 for index 373121, 374/1000.
Terminated at swamp 0.5.
The last entry of errorHistory is 0.500354 for index 373122, 374/1000.
The last entry of errorHistory is 0.500000 for index 373123, 374/1000.
Terminated at swamp 0.5.
The last entry of errorHistory is 0.500000 for index 373124, 374/1000.
The last entry of errorHistory is 1.000000 for index 373125, 374/1000.
Terminated at swamp 0.5.
The last entry of errorHistory is 0.500000 for index 373126, 374/1000.
Terminated at swamp 0.5.
The last entry of errorHistory is 0.500042 for index 373127, 374/1000.
Terminated at swamp 0.5.
The last entry of errorHistory is 0.500288 for index 373128, 374/1000.
The last entry of errorHistory is 0.500000 for index 373129, 374/1000.
Terminated at swamp 0.5.
The last entry of errorHistory is 0.500101 for index 373130, 374/1000.
The last entry of errorHistory is 1.000000 for index 373131, 374/1000.
Terminated at swamp 0.5.
The last entry of errorHistory is 0.500118 for index 373132, 374/1000.
Terminated at swamp 1.
The last entry of errorHistory is 1.000044 for index 373133, 374/1000.
Terminated at swamp 0.5.
The last entry of errorHistory is 0.500306 for index 373134, 374/1000.
The last entry of errorHistory is 1.000000 for index 373135, 374/1000.
Terminated at swamp 0.5.
The last entry of errorHistory is 0.500209 for index 373136, 374/1000.
Terminated at swamp 0.5.
The last entry of errorHistory is 0.500532 for index 373137, 374/1000.
The last entry of errorHistory is 0.000994 for index 373138, 374/1000.
Terminated at swamp 0.5.
The last entry of errorHistory is 0.500547 for index 373139, 374/1000.
Terminated at swamp 0.5.
The last entry of errorHistory is 0.500339 for index 373140, 374/1000.
Terminated at swamp 0.5.
The last entry of errorHistory is 0.500152 for index 373141, 374/1000.
Terminated at swamp 0.5.
The last entry of errorHistory is 0.500601 for index 373142, 374/1000.
The last entry of errorHistory is 1.000000 for index 373143, 374/1000.
Terminated at swamp 0.5.
The last entry of errorHistory is 0.500648 for index 373144, 374/1000.
The last entry of errorHistory is 1.000000 for index 373145, 374/1000.
The last entry of errorHistory is 1.000000 for index 373146, 374/1000.
The last entry of errorHistory is 1.000000 for index 373147, 374/1000.
Terminated at swamp 0.5.
The last entry of errorHistory is 0.500539 for index 373148, 374/1000.
The last entry of errorHistory is 1.000000 for index 373149, 374/1000.
The last entry of errorHistory is 1.000000 for index 373150, 374/1000.
The last entry of errorHistory is 1.000000 for index 373151, 374/1000.
Terminated at swamp 0.5.
The last entry of errorHistory is 0.500228 for index 373152, 374/1000.
Terminated at swamp 0.5.
The last entry of errorHistory is 0.500560 for index 373153, 374/1000.
Terminated at swamp 0.5.
The last entry of errorHistory is 0.500639 for index 373154, 374/1000.
Terminated at swamp 0.5.
The last entry of errorHistory is 0.500349 for index 373155, 374/1000.
Terminated at swamp 0.5.
The last entry of errorHistory is 0.500470 for index 373156, 374/1000.
Terminated at swamp 1.
The last entry of errorHistory is 1.000258 for index 373157, 374/1000.
The last entry of errorHistory is 0.500000 for index 373158, 374/1000.
Terminated at swamp 0.5.
The last entry of errorHistory is 0.500000 for index 373159, 374/1000.
The last entry of errorHistory is 1.000000 for index 373160, 374/1000.
Terminated at swamp 0.5.
The last entry of errorHistory is 0.500604 for index 373161, 374/1000.
Terminated at swamp 0.5.
The last entry of errorHistory is 0.500008 for index 373162, 374/1000.
Terminated at swamp 0.5.
The last entry of errorHistory is 0.500383 for index 373163, 374/1000.
The last entry of errorHistory is 1.500000 for index 373164, 374/1000.
The last entry of errorHistory is 1.000000 for index 373165, 374/1000.
The last entry of errorHistory is 0.500000 for index 373166, 374/1000.
Terminated at swamp 0.5.
The last entry of errorHistory is 0.500665 for index 373167, 374/1000.
Terminated at swamp 0.5.
The last entry of errorHistory is 0.500062 for index 373168, 374/1000.
Terminated at swamp 0.5.
The last entry of errorHistory is 0.500403 for index 373169, 374/1000.
Terminated at swamp 1.
The last entry of errorHistory is 1.000069 for index 373170, 374/1000.
Terminated at swamp 1.
The last entry of errorHistory is 1.000058 for index 373171, 374/1000.
The last entry of errorHistory is 0.500000 for index 373172, 374/1000.
The last entry of errorHistory is 1.000000 for index 373173, 374/1000.
Terminated at swamp 0.5.
The last entry of errorHistory is 0.500563 for index 373174, 374/1000.
Terminated at swamp 0.5.
The last entry of errorHistory is 0.500346 for index 373175, 374/1000.
The last entry of errorHistory is 0.000909 for index 373176, 374/1000.
Terminated at swamp 0.5.
The last entry of errorHistory is 0.500195 for index 373177, 374/1000.
Terminated at swamp 0.5.
The last entry of errorHistory is 0.500109 for index 373178, 374/1000.
Terminated at swamp 0.5.
The last entry of errorHistory is 0.500497 for index 373179, 374/1000.
Terminated at swamp 0.5.
The last entry of errorHistory is 0.500278 for index 373180, 374/1000.
Terminated at swamp 0.5.
The last entry of errorHistory is 0.500003 for index 373181, 374/1000.
Terminated at swamp 0.5.
The last entry of errorHistory is 0.500052 for index 373182, 374/1000.
Terminated at swamp 0.5.
The last entry of errorHistory is 0.500597 for index 373183, 374/1000.
The last entry of errorHistory is 0.500000 for index 373184, 374/1000.
The last entry of errorHistory is 1.000000 for index 373185, 374/1000.
The last entry of errorHistory is 1.000000 for index 373186, 374/1000.
The last entry of errorHistory is 0.000836 for index 373187, 374/1000.
The last entry of errorHistory is 0.500000 for index 373188, 374/1000.
The last entry of errorHistory is 0.000012 for index 373189, 374/1000.
Terminated at swamp 1.5.
The last entry of errorHistory is 1.500001 for index 373190, 374/1000.
The last entry of errorHistory is 0.000018 for index 373191, 374/1000.
Terminated at swamp 0.5.
The last entry of errorHistory is 0.500133 for index 373192, 374/1000.
Terminated at swamp 0.5.
The last entry of errorHistory is 0.500467 for index 373193, 374/1000.
Terminated at swamp 0.5.
The last entry of errorHistory is 0.500551 for index 373194, 374/1000.
Terminated at swamp 0.5.
The last entry of errorHistory is 0.500421 for index 373195, 374/1000.
The last entry of errorHistory is 1.000000 for index 373196, 374/1000.
The last entry of errorHistory is 0.004741 for index 373197, 374/1000.
The last entry of errorHistory is 0.000080 for index 373198, 374/1000.
Terminated at swamp 0.5.
The last entry of errorHistory is 0.500595 for index 373199, 374/1000.
The last entry of errorHistory is 0.500000 for index 373200, 374/1000.
Terminated at swamp 1.
The last entry of errorHistory is 1.000050 for index 373201, 374/1000.
The last entry of errorHistory is 0.000076 for index 373202, 374/1000.
Terminated at swamp 1.
The last entry of errorHistory is 1.000186 for index 373203, 374/1000.
The last entry of errorHistory is 0.500000 for index 373204, 374/1000.
Terminated at swamp 0.5.
The last entry of errorHistory is 0.500558 for index 373205, 374/1000.
Terminated at swamp 0.5.
The last entry of errorHistory is 0.500093 for index 373206, 374/1000.
Terminated at swamp 1.
The last entry of errorHistory is 1.000427 for index 373207, 374/1000.
Terminated at swamp 1.
The last entry of errorHistory is 1.000020 for index 373208, 374/1000.
Terminated at swamp 0.5.
The last entry of errorHistory is 0.500617 for index 373209, 374/1000.
The last entry of errorHistory is 0.500000 for index 373210, 374/1000.
Terminated at swamp 0.5.
The last entry of errorHistory is 0.500287 for index 373211, 374/1000.
Terminated at swamp 0.5.
The last entry of errorHistory is 0.500084 for index 373212, 374/1000.
The last entry of errorHistory is 0.500000 for index 373213, 374/1000.
Terminated at swamp 0.5.
The last entry of errorHistory is 0.500444 for index 373214, 374/1000.
Terminated at swamp 0.5.
The last entry of errorHistory is 0.500403 for index 373215, 374/1000.
Terminated at swamp 0.5.
The last entry of errorHistory is 0.500585 for index 373216, 374/1000.
Terminated at swamp 1.
The last entry of errorHistory is 1.000351 for index 373217, 374/1000.
Terminated at swamp 1.
The last entry of errorHistory is 1.000007 for index 373218, 374/1000.
Terminated at swamp 0.5.
The last entry of errorHistory is 0.500514 for index 373219, 374/1000.
Terminated at swamp 0.5.
The last entry of errorHistory is 0.500630 for index 373220, 374/1000.
Terminated at swamp 0.5.
The last entry of errorHistory is 0.500108 for index 373221, 374/1000.
Terminated at swamp 0.5.
The last entry of errorHistory is 0.500467 for index 373222, 374/1000.
Terminated at swamp 0.5.
The last entry of errorHistory is 0.500411 for index 373223, 374/1000.
Terminated at swamp 1.
The last entry of errorHistory is 1.000328 for index 373224, 374/1000.
Terminated at swamp 1.
The last entry of errorHistory is 1.000287 for index 373225, 374/1000.
Terminated at swamp 0.5.
The last entry of errorHistory is 0.500297 for index 373226, 374/1000.
Terminated at swamp 0.5.
The last entry of errorHistory is 0.500535 for index 373227, 374/1000.
The last entry of errorHistory is 0.000048 for index 373228, 374/1000.
Terminated at swamp 0.5.
The last entry of errorHistory is 0.500432 for index 373229, 374/1000.
Terminated at swamp 1.
The last entry of errorHistory is 1.000043 for index 373230, 374/1000.
Terminated at swamp 0.5.
The last entry of errorHistory is 0.500204 for index 373231, 374/1000.
Terminated at swamp 0.5.
The last entry of errorHistory is 0.500118 for index 373232, 374/1000.
The last entry of errorHistory is 0.000015 for index 373233, 374/1000.
Terminated at swamp 0.5.
The last entry of errorHistory is 0.500555 for index 373234, 374/1000.
Terminated at swamp 0.5.
The last entry of errorHistory is 0.500172 for index 373235, 374/1000.
The last entry of errorHistory is 0.500000 for index 373236, 374/1000.
Terminated at swamp 0.5.
The last entry of errorHistory is 0.500432 for index 373237, 374/1000.
The last entry of errorHistory is 0.000020 for index 373238, 374/1000.
Terminated at swamp 0.5.
The last entry of errorHistory is 0.500029 for index 373239, 374/1000.
The last entry of errorHistory is 1.000000 for index 373240, 374/1000.
Terminated at swamp 0.5.
The last entry of errorHistory is 0.500415 for index 373241, 374/1000.
Terminated at swamp 1.
The last entry of errorHistory is 1.000388 for index 373242, 374/1000.
Terminated at swamp 0.5.
The last entry of errorHistory is 0.500329 for index 373243, 374/1000.
Terminated at swamp 0.5.
The last entry of errorHistory is 0.500335 for index 373244, 374/1000.
The last entry of errorHistory is 0.000023 for index 373245, 374/1000.
Terminated at swamp 1.
The last entry of errorHistory is 1.000003 for index 373246, 374/1000.
Terminated at swamp 1.
The last entry of errorHistory is 1.000023 for index 373247, 374/1000.
The last entry of errorHistory is 0.000075 for index 373248, 374/1000.
The last entry of errorHistory is 1.000000 for index 373249, 374/1000.
Terminated at swamp 0.5.
The last entry of errorHistory is 0.500328 for index 373250, 374/1000.
The last entry of errorHistory is 0.000014 for index 373251, 374/1000.
Terminated at swamp 1.
The last entry of errorHistory is 1.000000 for index 373252, 374/1000.
Terminated at swamp 1.
The last entry of errorHistory is 1.000047 for index 373253, 374/1000.
Terminated at swamp 0.5.
The last entry of errorHistory is 0.500572 for index 373254, 374/1000.
The last entry of errorHistory is 1.000000 for index 373255, 374/1000.
Terminated at swamp 1.
The last entry of errorHistory is 1.000407 for index 373256, 374/1000.
Terminated at swamp 0.5.
The last entry of errorHistory is 0.500339 for index 373257, 374/1000.
Terminated at swamp 0.5.
The last entry of errorHistory is 0.500656 for index 373258, 374/1000.
The last entry of errorHistory is 1.000000 for index 373259, 374/1000.
Terminated at swamp 0.5.
The last entry of errorHistory is 0.500059 for index 373260, 374/1000.
Terminated at swamp 0.5.
The last entry of errorHistory is 0.500495 for index 373261, 374/1000.
Terminated at swamp 0.5.
The last entry of errorHistory is 0.500475 for index 373262, 374/1000.
The last entry of errorHistory is 0.500000 for index 373263, 374/1000.
The last entry of errorHistory is 1.000000 for index 373264, 374/1000.
Terminated at swamp 1.
The last entry of errorHistory is 1.000000 for index 373265, 374/1000.
The last entry of errorHistory is 0.000015 for index 373266, 374/1000.
Terminated at swamp 1.
The last entry of errorHistory is 1.000561 for index 373267, 374/1000.
Terminated at swamp 0.5.
The last entry of errorHistory is 0.500529 for index 373268, 374/1000.
Terminated at swamp 1.
The last entry of errorHistory is 1.000400 for index 373269, 374/1000.
Terminated at swamp 0.5.
The last entry of errorHistory is 0.500361 for index 373270, 374/1000.
Terminated at swamp 0.5.
The last entry of errorHistory is 0.500213 for index 373271, 374/1000.
The last entry of errorHistory is 1.000000 for index 373272, 374/1000.
Terminated at swamp 1.
The last entry of errorHistory is 1.000295 for index 373273, 374/1000.
Terminated at swamp 0.5.
The last entry of errorHistory is 0.500213 for index 373274, 374/1000.
Terminated at swamp 1.
The last entry of errorHistory is 1.000000 for index 373275, 374/1000.
The last entry of errorHistory is 1.500000 for index 373276, 374/1000.
Terminated at swamp 0.5.
The last entry of errorHistory is 0.500035 for index 373277, 374/1000.
Terminated at swamp 0.5.
The last entry of errorHistory is 0.500393 for index 373278, 374/1000.
Terminated at swamp 1.
The last entry of errorHistory is 1.000014 for index 373279, 374/1000.
The last entry of errorHistory is 0.000014 for index 373280, 374/1000.
The last entry of errorHistory is 0.500000 for index 373281, 374/1000.
Terminated at swamp 0.5.
The last entry of errorHistory is 0.500061 for index 373282, 374/1000.
Terminated at swamp 0.5.
The last entry of errorHistory is 0.500719 for index 373283, 374/1000.
The last entry of errorHistory is 0.000018 for index 373284, 374/1000.
Terminated at swamp 1.
The last entry of errorHistory is 1.000013 for index 373285, 374/1000.
The last entry of errorHistory is 1.000000 for index 373286, 374/1000.
Terminated at swamp 0.5.
The last entry of errorHistory is 0.500438 for index 373287, 374/1000.
The last entry of errorHistory is 1.000000 for index 373288, 374/1000.
Terminated at swamp 0.5.
The last entry of errorHistory is 0.500212 for index 373289, 374/1000.
Terminated at swamp 0.5.
The last entry of errorHistory is 0.500114 for index 373290, 374/1000.
Terminated at swamp 0.5.
The last entry of errorHistory is 0.500140 for index 373291, 374/1000.
Terminated at swamp 0.5.
The last entry of errorHistory is 0.500356 for index 373292, 374/1000.
Terminated at swamp 0.5.
The last entry of errorHistory is 0.500027 for index 373293, 374/1000.
Terminated at swamp 0.5.
The last entry of errorHistory is 0.500431 for index 373294, 374/1000.
Terminated at swamp 0.5.
The last entry of errorHistory is 0.500855 for index 373295, 374/1000.
Terminated at swamp 1.
The last entry of errorHistory is 1.000019 for index 373296, 374/1000.
Terminated at swamp 0.5.
The last entry of errorHistory is 0.500527 for index 373297, 374/1000.
Terminated at swamp 0.5.
The last entry of errorHistory is 0.500413 for index 373298, 374/1000.
The last entry of errorHistory is 0.000022 for index 373299, 374/1000.
Terminated at swamp 0.5.
The last entry of errorHistory is 0.500442 for index 373300, 374/1000.
Terminated at swamp 0.5.
The last entry of errorHistory is 0.500559 for index 373301, 374/1000.
The last entry of errorHistory is 0.000012 for index 373302, 374/1000.
The last entry of errorHistory is 0.500000 for index 373303, 374/1000.
Terminated at swamp 0.5.
The last entry of errorHistory is 0.500420 for index 373304, 374/1000.
The last entry of errorHistory is 1.500000 for index 373305, 374/1000.
The last entry of errorHistory is 1.000000 for index 373306, 374/1000.
The last entry of errorHistory is 1.000000 for index 373307, 374/1000.
The last entry of errorHistory is 1.000000 for index 373308, 374/1000.
Terminated at swamp 0.5.
The last entry of errorHistory is 0.500428 for index 373309, 374/1000.
Terminated at swamp 1.
The last entry of errorHistory is 1.000462 for index 373310, 374/1000.
The last entry of errorHistory is 0.000024 for index 373311, 374/1000.
Terminated at swamp 0.5.
The last entry of errorHistory is 0.500233 for index 373312, 374/1000.
The last entry of errorHistory is 0.000079 for index 373313, 374/1000.
The last entry of errorHistory is 1.000000 for index 373314, 374/1000.
Terminated at swamp 0.5.
The last entry of errorHistory is 0.500027 for index 373315, 374/1000.
Terminated at swamp 0.5.
The last entry of errorHistory is 0.500300 for index 373316, 374/1000.
Terminated at swamp 0.5.
The last entry of errorHistory is 0.500031 for index 373317, 374/1000.
The last entry of errorHistory is 0.000583 for index 373318, 374/1000.
Terminated at swamp 0.5.
The last entry of errorHistory is 0.500506 for index 373319, 374/1000.
Terminated at swamp 0.5.
The last entry of errorHistory is 0.500350 for index 373320, 374/1000.
Terminated at swamp 0.5.
The last entry of errorHistory is 0.500000 for index 373321, 374/1000.
Terminated at swamp 0.5.
The last entry of errorHistory is 0.500504 for index 373322, 374/1000.
Terminated at swamp 0.5.
The last entry of errorHistory is 0.500661 for index 373323, 374/1000.
The last entry of errorHistory is 0.000307 for index 373324, 374/1000.
The last entry of errorHistory is 0.500000 for index 373325, 374/1000.
Terminated at swamp 0.5.
The last entry of errorHistory is 0.500369 for index 373326, 374/1000.
Terminated at swamp 1.
The last entry of errorHistory is 1.000012 for index 373327, 374/1000.
The last entry of errorHistory is 1.500000 for index 373328, 374/1000.
Terminated at swamp 0.5.
The last entry of errorHistory is 0.500268 for index 373329, 374/1000.
Terminated at swamp 0.5.
The last entry of errorHistory is 0.500323 for index 373330, 374/1000.
The last entry of errorHistory is 1.500000 for index 373331, 374/1000.
The last entry of errorHistory is 1.000000 for index 373332, 374/1000.
Terminated at swamp 0.5.
The last entry of errorHistory is 0.500926 for index 373333, 374/1000.
Terminated at swamp 0.5.
The last entry of errorHistory is 0.500016 for index 373334, 374/1000.
Terminated at swamp 0.5.
The last entry of errorHistory is 0.500356 for index 373335, 374/1000.
Terminated at swamp 0.5.
The last entry of errorHistory is 0.500847 for index 373336, 374/1000.
The last entry of errorHistory is 1.000000 for index 373337, 374/1000.
The last entry of errorHistory is 0.000015 for index 373338, 374/1000.
The last entry of errorHistory is 0.500000 for index 373339, 374/1000.
The last entry of errorHistory is 0.500000 for index 373340, 374/1000.
The last entry of errorHistory is 1.000000 for index 373341, 374/1000.
The last entry of errorHistory is 1.000000 for index 373342, 374/1000.
Terminated at swamp 0.5.
The last entry of errorHistory is 0.500599 for index 373343, 374/1000.
The last entry of errorHistory is 1.000000 for index 373344, 374/1000.
The last entry of errorHistory is 1.000000 for index 373345, 374/1000.
The last entry of errorHistory is 0.500000 for index 373346, 374/1000.
Terminated at swamp 0.5.
The last entry of errorHistory is 0.500211 for index 373347, 374/1000.
Terminated at swamp 0.5.
The last entry of errorHistory is 0.500499 for index 373348, 374/1000.
Terminated at swamp 1.
The last entry of errorHistory is 1.000036 for index 373349, 374/1000.
Terminated at swamp 0.5.
The last entry of errorHistory is 0.500961 for index 373350, 374/1000.
Terminated at swamp 0.5.
The last entry of errorHistory is 0.500186 for index 373351, 374/1000.
The last entry of errorHistory is 1.500000 for index 373352, 374/1000.
The last entry of errorHistory is 0.500000 for index 373353, 374/1000.
Terminated at swamp 0.5.
The last entry of errorHistory is 0.500543 for index 373354, 374/1000.
Terminated at swamp 1.
The last entry of errorHistory is 1.000498 for index 373355, 374/1000.
Terminated at swamp 0.5.
The last entry of errorHistory is 0.500091 for index 373356, 374/1000.
Terminated at swamp 1.
The last entry of errorHistory is 1.000148 for index 373357, 374/1000.
Terminated at swamp 0.5.
The last entry of errorHistory is 0.500425 for index 373358, 374/1000.
The last entry of errorHistory is 1.000000 for index 373359, 374/1000.
Terminated at swamp 0.5.
The last entry of errorHistory is 0.500295 for index 373360, 374/1000.
The last entry of errorHistory is 1.000000 for index 373361, 374/1000.
The last entry of errorHistory is 0.000427 for index 373362, 374/1000.
Terminated at swamp 0.5.
The last entry of errorHistory is 0.500594 for index 373363, 374/1000.
Terminated at swamp 0.5.
The last entry of errorHistory is 0.500556 for index 373364, 374/1000.
Terminated at swamp 0.5.
The last entry of errorHistory is 0.500589 for index 373365, 374/1000.
Terminated at swamp 1.
The last entry of errorHistory is 1.000005 for index 373366, 374/1000.
The last entry of errorHistory is 0.500000 for index 373367, 374/1000.
The last entry of errorHistory is 1.500000 for index 373368, 374/1000.
The last entry of errorHistory is 0.000013 for index 373369, 374/1000.
The last entry of errorHistory is 1.500000 for index 373370, 374/1000.
Terminated at swamp 0.5.
The last entry of errorHistory is 0.500243 for index 373371, 374/1000.
Terminated at swamp 0.5.
The last entry of errorHistory is 0.500489 for index 373372, 374/1000.
The last entry of errorHistory is 1.000000 for index 373373, 374/1000.
Terminated at swamp 0.5.
The last entry of errorHistory is 0.500051 for index 373374, 374/1000.
Terminated at swamp 0.5.
The last entry of errorHistory is 0.500606 for index 373375, 374/1000.
Terminated at swamp 0.5.
The last entry of errorHistory is 0.500729 for index 373376, 374/1000.
Terminated at swamp 1.
The last entry of errorHistory is 1.000180 for index 373377, 374/1000.
Terminated at swamp 0.5.
The last entry of errorHistory is 0.500119 for index 373378, 374/1000.
The last entry of errorHistory is 1.500000 for index 373379, 374/1000.
The last entry of errorHistory is 1.000000 for index 373380, 374/1000.
Terminated at swamp 0.5.
The last entry of errorHistory is 0.500046 for index 373381, 374/1000.
The last entry of errorHistory is 0.500000 for index 373382, 374/1000.
Terminated at swamp 0.5.
The last entry of errorHistory is 0.500268 for index 373383, 374/1000.
Terminated at swamp 0.5.
The last entry of errorHistory is 0.500363 for index 373384, 374/1000.
Terminated at swamp 0.5.
The last entry of errorHistory is 0.500439 for index 373385, 374/1000.
The last entry of errorHistory is 0.000360 for index 373386, 374/1000.
Terminated at swamp 0.5.
The last entry of errorHistory is 0.500678 for index 373387, 374/1000.
The last entry of errorHistory is 0.500000 for index 373388, 374/1000.
The last entry of errorHistory is 1.000000 for index 373389, 374/1000.
Terminated at swamp 0.5.
The last entry of errorHistory is 0.500000 for index 373390, 374/1000.
Terminated at swamp 0.5.
The last entry of errorHistory is 0.500586 for index 373391, 374/1000.
Terminated at swamp 1.
The last entry of errorHistory is 1.000240 for index 373392, 374/1000.
The last entry of errorHistory is 0.000020 for index 373393, 374/1000.
Terminated at swamp 1.
The last entry of errorHistory is 1.000069 for index 373394, 374/1000.
Terminated at swamp 0.5.
The last entry of errorHistory is 0.500255 for index 373395, 374/1000.
The last entry of errorHistory is 0.000024 for index 373396, 374/1000.
The last entry of errorHistory is 1.000000 for index 373397, 374/1000.
Terminated at swamp 0.5.
The last entry of errorHistory is 0.500325 for index 373398, 374/1000.
The last entry of errorHistory is 0.500000 for index 373399, 374/1000.
The last entry of errorHistory is 0.000015 for index 373400, 374/1000.
Terminated at swamp 0.5.
The last entry of errorHistory is 0.500493 for index 373401, 374/1000.
The last entry of errorHistory is 0.000039 for index 373402, 374/1000.
Terminated at swamp 0.5.
The last entry of errorHistory is 0.500275 for index 373403, 374/1000.
Terminated at swamp 1.
The last entry of errorHistory is 1.000176 for index 373404, 374/1000.
Terminated at swamp 1.
The last entry of errorHistory is 1.000332 for index 373405, 374/1000.
The last entry of errorHistory is 0.500000 for index 373406, 374/1000.
The last entry of errorHistory is 0.000918 for index 373407, 374/1000.
Terminated at swamp 0.5.
The last entry of errorHistory is 0.500526 for index 373408, 374/1000.
The last entry of errorHistory is 0.000015 for index 373409, 374/1000.
Terminated at swamp 0.5.
The last entry of errorHistory is 0.500314 for index 373410, 374/1000.
Terminated at swamp 0.5.
The last entry of errorHistory is 0.500357 for index 373411, 374/1000.
Terminated at swamp 1.
The last entry of errorHistory is 1.000067 for index 373412, 374/1000.
Terminated at swamp 0.5.
The last entry of errorHistory is 0.500330 for index 373413, 374/1000.
The last entry of errorHistory is 1.000000 for index 373414, 374/1000.
Terminated at swamp 0.5.
The last entry of errorHistory is 0.500521 for index 373415, 374/1000.
The last entry of errorHistory is 1.000000 for index 373416, 374/1000.
Terminated at swamp 1.5.
The last entry of errorHistory is 1.500000 for index 373417, 374/1000.
The last entry of errorHistory is 0.001011 for index 373418, 374/1000.
Terminated at swamp 0.5.
The last entry of errorHistory is 0.500340 for index 373419, 374/1000.
Terminated at swamp 0.5.
The last entry of errorHistory is 0.500480 for index 373420, 374/1000.
The last entry of errorHistory is 0.000504 for index 373421, 374/1000.
The last entry of errorHistory is 1.000000 for index 373422, 374/1000.
Terminated at swamp 0.5.
The last entry of errorHistory is 0.500489 for index 373423, 374/1000.
The last entry of errorHistory is 0.000021 for index 373424, 374/1000.
The last entry of errorHistory is 0.000029 for index 373425, 374/1000.
The last entry of errorHistory is 0.500000 for index 373426, 374/1000.
Terminated at swamp 0.5.
The last entry of errorHistory is 0.500019 for index 373427, 374/1000.
Terminated at swamp 0.5.
The last entry of errorHistory is 0.500491 for index 373428, 374/1000.
Terminated at swamp 1.5.
The last entry of errorHistory is 1.500003 for index 373429, 374/1000.
Terminated at swamp 1.
The last entry of errorHistory is 1.000039 for index 373430, 374/1000.
The last entry of errorHistory is 1.000000 for index 373431, 374/1000.
Terminated at swamp 0.5.
The last entry of errorHistory is 0.500438 for index 373432, 374/1000.
Terminated at swamp 1.
The last entry of errorHistory is 1.000347 for index 373433, 374/1000.
Terminated at swamp 1.
The last entry of errorHistory is 1.000194 for index 373434, 374/1000.
Terminated at swamp 0.5.
The last entry of errorHistory is 0.500566 for index 373435, 374/1000.
The last entry of errorHistory is 0.500000 for index 373436, 374/1000.
Terminated at swamp 0.5.
The last entry of errorHistory is 0.500298 for index 373437, 374/1000.
Terminated at swamp 0.5.
The last entry of errorHistory is 0.500054 for index 373438, 374/1000.
Terminated at swamp 0.5.
The last entry of errorHistory is 0.500552 for index 373439, 374/1000.
Terminated at swamp 0.5.
The last entry of errorHistory is 0.500616 for index 373440, 374/1000.
Terminated at swamp 0.5.
The last entry of errorHistory is 0.500462 for index 373441, 374/1000.
The last entry of errorHistory is 1.000000 for index 373442, 374/1000.
Terminated at swamp 0.5.
The last entry of errorHistory is 0.500000 for index 373443, 374/1000.
Terminated at swamp 0.5.
The last entry of errorHistory is 0.500124 for index 373444, 374/1000.
The last entry of errorHistory is 1.500000 for index 373445, 374/1000.
Terminated at swamp 1.
The last entry of errorHistory is 1.000174 for index 373446, 374/1000.
Terminated at swamp 0.5.
The last entry of errorHistory is 0.500695 for index 373447, 374/1000.
Terminated at swamp 0.5.
The last entry of errorHistory is 0.500536 for index 373448, 374/1000.
Terminated at swamp 1.
The last entry of errorHistory is 1.000132 for index 373449, 374/1000.
Terminated at swamp 0.5.
The last entry of errorHistory is 0.500143 for index 373450, 374/1000.
The last entry of errorHistory is 1.000000 for index 373451, 374/1000.
The last entry of errorHistory is 0.500000 for index 373452, 374/1000.
Terminated at swamp 0.5.
The last entry of errorHistory is 0.500318 for index 373453, 374/1000.
Terminated at swamp 0.5.
The last entry of errorHistory is 0.500303 for index 373454, 374/1000.
Terminated at swamp 0.5.
The last entry of errorHistory is 0.500012 for index 373455, 374/1000.
Terminated at swamp 0.5.
The last entry of errorHistory is 0.500353 for index 373456, 374/1000.
Terminated at swamp 0.5.
The last entry of errorHistory is 0.500413 for index 373457, 374/1000.
The last entry of errorHistory is 1.000000 for index 373458, 374/1000.
Terminated at swamp 0.5.
The last entry of errorHistory is 0.500423 for index 373459, 374/1000.
Terminated at swamp 1.
The last entry of errorHistory is 1.000348 for index 373460, 374/1000.
The last entry of errorHistory is 1.000000 for index 373461, 374/1000.
Terminated at swamp 0.5.
The last entry of errorHistory is 0.500145 for index 373462, 374/1000.
Terminated at swamp 0.5.
The last entry of errorHistory is 0.500214 for index 373463, 374/1000.
The last entry of errorHistory is 1.000000 for index 373464, 374/1000.
The last entry of errorHistory is 0.000008 for index 373465, 374/1000.
Terminated at swamp 0.5.
The last entry of errorHistory is 0.500695 for index 373466, 374/1000.
Terminated at swamp 0.5.
The last entry of errorHistory is 0.500459 for index 373467, 374/1000.
Terminated at swamp 1.
The last entry of errorHistory is 1.000056 for index 373468, 374/1000.
The last entry of errorHistory is 0.000029 for index 373469, 374/1000.
Terminated at swamp 0.5.
The last entry of errorHistory is 0.500595 for index 373470, 374/1000.
Terminated at swamp 1.
The last entry of errorHistory is 1.000354 for index 373471, 374/1000.
Terminated at swamp 0.5.
The last entry of errorHistory is 0.500477 for index 373472, 374/1000.
Terminated at swamp 0.5.
The last entry of errorHistory is 0.500307 for index 373473, 374/1000.
Terminated at swamp 0.5.
The last entry of errorHistory is 0.500477 for index 373474, 374/1000.
The last entry of errorHistory is 1.000000 for index 373475, 374/1000.
Terminated at swamp 0.5.
The last entry of errorHistory is 0.500520 for index 373476, 374/1000.
Terminated at swamp 1.
The last entry of errorHistory is 1.000230 for index 373477, 374/1000.
Terminated at swamp 0.5.
The last entry of errorHistory is 0.500038 for index 373478, 374/1000.
The last entry of errorHistory is 1.000000 for index 373479, 374/1000.
The last entry of errorHistory is 1.000000 for index 373480, 374/1000.
The last entry of errorHistory is 0.000034 for index 373481, 374/1000.
Terminated at swamp 0.5.
The last entry of errorHistory is 0.500439 for index 373482, 374/1000.
Terminated at swamp 0.5.
The last entry of errorHistory is 0.500131 for index 373483, 374/1000.
The last entry of errorHistory is 1.000000 for index 373484, 374/1000.
Terminated at swamp 0.5.
The last entry of errorHistory is 0.500518 for index 373485, 374/1000.
The last entry of errorHistory is 1.500000 for index 373486, 374/1000.
Terminated at swamp 0.5.
The last entry of errorHistory is 0.500205 for index 373487, 374/1000.
Terminated at swamp 0.5.
The last entry of errorHistory is 0.500355 for index 373488, 374/1000.
Terminated at swamp 1.
The last entry of errorHistory is 1.000001 for index 373489, 374/1000.
Terminated at swamp 0.5.
The last entry of errorHistory is 0.500081 for index 373490, 374/1000.
The last entry of errorHistory is 1.000000 for index 373491, 374/1000.
Terminated at swamp 0.5.
The last entry of errorHistory is 0.500000 for index 373492, 374/1000.
Terminated at swamp 1.
The last entry of errorHistory is 1.000000 for index 373493, 374/1000.
The last entry of errorHistory is 1.500000 for index 373494, 374/1000.
Terminated at swamp 0.5.
The last entry of errorHistory is 0.500084 for index 373495, 374/1000.
Terminated at swamp 0.5.
The last entry of errorHistory is 0.500269 for index 373496, 374/1000.
The last entry of errorHistory is 0.000025 for index 373497, 374/1000.
Terminated at swamp 0.5.
The last entry of errorHistory is 0.500490 for index 373498, 374/1000.
Terminated at swamp 0.5.
The last entry of errorHistory is 0.500067 for index 373499, 374/1000.
Terminated at swamp 0.5.
The last entry of errorHistory is 0.500162 for index 373500, 374/1000.
Terminated at swamp 0.5.
The last entry of errorHistory is 0.500538 for index 373501, 374/1000.
Terminated at swamp 1.
The last entry of errorHistory is 1.000352 for index 373502, 374/1000.
The last entry of errorHistory is 1.000000 for index 373503, 374/1000.
Terminated at swamp 0.5.
The last entry of errorHistory is 0.500423 for index 373504, 374/1000.
Terminated at swamp 1.
The last entry of errorHistory is 1.000000 for index 373505, 374/1000.
Terminated at swamp 1.
The last entry of errorHistory is 1.000349 for index 373506, 374/1000.
The last entry of errorHistory is 1.500000 for index 373507, 374/1000.
Terminated at swamp 0.5.
The last entry of errorHistory is 0.500709 for index 373508, 374/1000.
Terminated at swamp 0.5.
The last entry of errorHistory is 0.500582 for index 373509, 374/1000.
Terminated at swamp 0.5.
The last entry of errorHistory is 0.500896 for index 373510, 374/1000.
Terminated at swamp 0.5.
The last entry of errorHistory is 0.500676 for index 373511, 374/1000.
Terminated at swamp 0.5.
The last entry of errorHistory is 0.500473 for index 373512, 374/1000.
Terminated at swamp 0.5.
The last entry of errorHistory is 0.500622 for index 373513, 374/1000.
Terminated at swamp 1.
The last entry of errorHistory is 1.000011 for index 373514, 374/1000.
Terminated at swamp 0.5.
The last entry of errorHistory is 0.500764 for index 373515, 374/1000.
Terminated at swamp 0.5.
The last entry of errorHistory is 0.500340 for index 373516, 374/1000.
Terminated at swamp 1.
The last entry of errorHistory is 1.000180 for index 373517, 374/1000.
Terminated at swamp 0.5.
The last entry of errorHistory is 0.500598 for index 373518, 374/1000.
The last entry of errorHistory is 0.000071 for index 373519, 374/1000.
The last entry of errorHistory is 1.000000 for index 373520, 374/1000.
Terminated at swamp 0.5.
The last entry of errorHistory is 0.500637 for index 373521, 374/1000.
Terminated at swamp 0.5.
The last entry of errorHistory is 0.500582 for index 373522, 374/1000.
The last entry of errorHistory is 1.000000 for index 373523, 374/1000.
Terminated at swamp 0.5.
The last entry of errorHistory is 0.500403 for index 373524, 374/1000.
The last entry of errorHistory is 0.000039 for index 373525, 374/1000.
The last entry of errorHistory is 1.000000 for index 373526, 374/1000.
Terminated at swamp 1.
The last entry of errorHistory is 1.000003 for index 373527, 374/1000.
Terminated at swamp 0.5.
The last entry of errorHistory is 0.500349 for index 373528, 374/1000.
Terminated at swamp 0.5.
The last entry of errorHistory is 0.500324 for index 373529, 374/1000.
Terminated at swamp 0.5.
The last entry of errorHistory is 0.500265 for index 373530, 374/1000.
Terminated at swamp 0.5.
The last entry of errorHistory is 0.500033 for index 373531, 374/1000.
Terminated at swamp 0.5.
The last entry of errorHistory is 0.500739 for index 373532, 374/1000.
The last entry of errorHistory is 0.500000 for index 373533, 374/1000.
Terminated at swamp 1.
The last entry of errorHistory is 1.000050 for index 373534, 374/1000.
Terminated at swamp 0.5.
The last entry of errorHistory is 0.500540 for index 373535, 374/1000.
Terminated at swamp 0.5.
The last entry of errorHistory is 0.500552 for index 373536, 374/1000.
Terminated at swamp 1.
The last entry of errorHistory is 1.000000 for index 373537, 374/1000.
Terminated at swamp 0.5.
The last entry of errorHistory is 0.500845 for index 373538, 374/1000.
Terminated at swamp 0.5.
The last entry of errorHistory is 0.500584 for index 373539, 374/1000.
The last entry of errorHistory is 0.000012 for index 373540, 374/1000.
Terminated at swamp 0.5.
The last entry of errorHistory is 0.500067 for index 373541, 374/1000.
The last entry of errorHistory is 0.500000 for index 373542, 374/1000.
The last entry of errorHistory is 1.000000 for index 373543, 374/1000.
Terminated at swamp 0.5.
The last entry of errorHistory is 0.500412 for index 373544, 374/1000.
The last entry of errorHistory is 0.000013 for index 373545, 374/1000.
Terminated at swamp 0.5.
The last entry of errorHistory is 0.500245 for index 373546, 374/1000.
The last entry of errorHistory is 1.000000 for index 373547, 374/1000.
Terminated at swamp 0.5.
The last entry of errorHistory is 0.500323 for index 373548, 374/1000.
Terminated at swamp 0.5.
The last entry of errorHistory is 0.500496 for index 373549, 374/1000.
Terminated at swamp 1.
The last entry of errorHistory is 1.000210 for index 373550, 374/1000.
Terminated at swamp 1.
The last entry of errorHistory is 1.000025 for index 373551, 374/1000.
Terminated at swamp 0.5.
The last entry of errorHistory is 0.500159 for index 373552, 374/1000.
The last entry of errorHistory is 1.000000 for index 373553, 374/1000.
Terminated at swamp 0.5.
The last entry of errorHistory is 0.500324 for index 373554, 374/1000.
Terminated at swamp 0.5.
The last entry of errorHistory is 0.500602 for index 373555, 374/1000.
The last entry of errorHistory is 0.002332 for index 373556, 374/1000.
Terminated at swamp 0.5.
The last entry of errorHistory is 0.500565 for index 373557, 374/1000.
Terminated at swamp 0.5.
The last entry of errorHistory is 0.500456 for index 373558, 374/1000.
Terminated at swamp 0.5.
The last entry of errorHistory is 0.500656 for index 373559, 374/1000.
The last entry of errorHistory is 0.000372 for index 373560, 374/1000.
The last entry of errorHistory is 0.000053 for index 373561, 374/1000.
The last entry of errorHistory is 0.000789 for index 373562, 374/1000.
The last entry of errorHistory is 1.500000 for index 373563, 374/1000.
Terminated at swamp 1.
The last entry of errorHistory is 1.000463 for index 373564, 374/1000.
Terminated at swamp 1.
The last entry of errorHistory is 1.000001 for index 373565, 374/1000.
Terminated at swamp 1.
The last entry of errorHistory is 1.000037 for index 373566, 374/1000.
Terminated at swamp 1.
The last entry of errorHistory is 1.000372 for index 373567, 374/1000.
Terminated at swamp 0.5.
The last entry of errorHistory is 0.500135 for index 373568, 374/1000.
Terminated at swamp 0.5.
The last entry of errorHistory is 0.500458 for index 373569, 374/1000.
Terminated at swamp 0.5.
The last entry of errorHistory is 0.500094 for index 373570, 374/1000.
The last entry of errorHistory is 1.500000 for index 373571, 374/1000.
The last entry of errorHistory is 0.000022 for index 373572, 374/1000.
The last entry of errorHistory is 0.500000 for index 373573, 374/1000.
Terminated at swamp 0.5.
The last entry of errorHistory is 0.500057 for index 373574, 374/1000.
Terminated at swamp 0.5.
The last entry of errorHistory is 0.500875 for index 373575, 374/1000.
The last entry of errorHistory is 1.000000 for index 373576, 374/1000.
Terminated at swamp 1.
The last entry of errorHistory is 1.000343 for index 373577, 374/1000.
Terminated at swamp 0.5.
The last entry of errorHistory is 0.500449 for index 373578, 374/1000.
The last entry of errorHistory is 0.000061 for index 373579, 374/1000.
Terminated at swamp 0.5.
The last entry of errorHistory is 0.500498 for index 373580, 374/1000.
Terminated at swamp 0.5.
The last entry of errorHistory is 0.500574 for index 373581, 374/1000.
Terminated at swamp 0.5.
The last entry of errorHistory is 0.500372 for index 373582, 374/1000.
The last entry of errorHistory is 0.000028 for index 373583, 374/1000.
The last entry of errorHistory is 1.000000 for index 373584, 374/1000.
The last entry of errorHistory is 0.000008 for index 373585, 374/1000.
The last entry of errorHistory is 1.000000 for index 373586, 374/1000.
Terminated at swamp 1.
The last entry of errorHistory is 1.000155 for index 373587, 374/1000.
Terminated at swamp 1.
The last entry of errorHistory is 1.000550 for index 373588, 374/1000.
Terminated at swamp 0.5.
The last entry of errorHistory is 0.500554 for index 373589, 374/1000.
Terminated at swamp 1.
The last entry of errorHistory is 1.000188 for index 373590, 374/1000.
Terminated at swamp 1.
The last entry of errorHistory is 1.000332 for index 373591, 374/1000.
Terminated at swamp 0.5.
The last entry of errorHistory is 0.500514 for index 373592, 374/1000.
Terminated at swamp 0.5.
The last entry of errorHistory is 0.500526 for index 373593, 374/1000.
The last entry of errorHistory is 0.500000 for index 373594, 374/1000.
The last entry of errorHistory is 1.000000 for index 373595, 374/1000.
Terminated at swamp 0.5.
The last entry of errorHistory is 0.500620 for index 373596, 374/1000.
Terminated at swamp 0.5.
The last entry of errorHistory is 0.500577 for index 373597, 374/1000.
Terminated at swamp 1.
The last entry of errorHistory is 1.000285 for index 373598, 374/1000.
Terminated at swamp 0.5.
The last entry of errorHistory is 0.500067 for index 373599, 374/1000.
Terminated at swamp 0.5.
The last entry of errorHistory is 0.500263 for index 373600, 374/1000.
The last entry of errorHistory is 0.000013 for index 373601, 374/1000.
The last entry of errorHistory is 1.000000 for index 373602, 374/1000.
The last entry of errorHistory is 1.000000 for index 373603, 374/1000.
The last entry of errorHistory is 1.000000 for index 373604, 374/1000.
The last entry of errorHistory is 1.000000 for index 373605, 374/1000.
Terminated at swamp 1.
The last entry of errorHistory is 1.000503 for index 373606, 374/1000.
Terminated at swamp 1.
The last entry of errorHistory is 1.000110 for index 373607, 374/1000.
The last entry of errorHistory is 1.500000 for index 373608, 374/1000.
The last entry of errorHistory is 0.000057 for index 373609, 374/1000.
The last entry of errorHistory is 0.000208 for index 373610, 374/1000.
Terminated at swamp 0.5.
The last entry of errorHistory is 0.500450 for index 373611, 374/1000.
Terminated at swamp 0.5.
The last entry of errorHistory is 0.500331 for index 373612, 374/1000.
Terminated at swamp 0.5.
The last entry of errorHistory is 0.500723 for index 373613, 374/1000.
Terminated at swamp 0.5.
The last entry of errorHistory is 0.500612 for index 373614, 374/1000.
Terminated at swamp 0.5.
The last entry of errorHistory is 0.500238 for index 373615, 374/1000.
Terminated at swamp 0.5.
The last entry of errorHistory is 0.500655 for index 373616, 374/1000.
The last entry of errorHistory is 0.000017 for index 373617, 374/1000.
Terminated at swamp 0.5.
The last entry of errorHistory is 0.500372 for index 373618, 374/1000.
Terminated at swamp 0.5.
The last entry of errorHistory is 0.500573 for index 373619, 374/1000.
Terminated at swamp 0.5.
The last entry of errorHistory is 0.500331 for index 373620, 374/1000.
The last entry of errorHistory is 0.000020 for index 373621, 374/1000.
Terminated at swamp 1.
The last entry of errorHistory is 1.000416 for index 373622, 374/1000.
The last entry of errorHistory is 1.000000 for index 373623, 374/1000.
The last entry of errorHistory is 1.500000 for index 373624, 374/1000.
Terminated at swamp 0.5.
The last entry of errorHistory is 0.500564 for index 373625, 374/1000.
The last entry of errorHistory is 0.500000 for index 373626, 374/1000.
Terminated at swamp 0.5.
The last entry of errorHistory is 0.500029 for index 373627, 374/1000.
Terminated at swamp 1.
The last entry of errorHistory is 1.000563 for index 373628, 374/1000.
Terminated at swamp 0.5.
The last entry of errorHistory is 0.500350 for index 373629, 374/1000.
The last entry of errorHistory is 0.000027 for index 373630, 374/1000.
Terminated at swamp 0.5.
The last entry of errorHistory is 0.500549 for index 373631, 374/1000.
The last entry of errorHistory is 0.004908 for index 373632, 374/1000.
Terminated at swamp 0.5.
The last entry of errorHistory is 0.500786 for index 373633, 374/1000.
Terminated at swamp 0.5.
The last entry of errorHistory is 0.500099 for index 373634, 374/1000.
The last entry of errorHistory is 1.000000 for index 373635, 374/1000.
The last entry of errorHistory is 0.500000 for index 373636, 374/1000.
The last entry of errorHistory is 1.000000 for index 373637, 374/1000.
Terminated at swamp 0.5.
The last entry of errorHistory is 0.500308 for index 373638, 374/1000.
The last entry of errorHistory is 1.000000 for index 373639, 374/1000.
Terminated at swamp 1.
The last entry of errorHistory is 1.000032 for index 373640, 374/1000.
Terminated at swamp 1.
The last entry of errorHistory is 1.000053 for index 373641, 374/1000.
Terminated at swamp 1.
The last entry of errorHistory is 1.000000 for index 373642, 374/1000.
The last entry of errorHistory is 1.000000 for index 373643, 374/1000.
The last entry of errorHistory is 1.000000 for index 373644, 374/1000.
Terminated at swamp 0.5.
The last entry of errorHistory is 0.500474 for index 373645, 374/1000.
The last entry of errorHistory is 1.000000 for index 373646, 374/1000.
Terminated at swamp 1.
The last entry of errorHistory is 1.000013 for index 373647, 374/1000.
Terminated at swamp 0.5.
The last entry of errorHistory is 0.500000 for index 373648, 374/1000.
The last entry of errorHistory is 1.500000 for index 373649, 374/1000.
The last entry of errorHistory is 1.000000 for index 373650, 374/1000.
The last entry of errorHistory is 0.000032 for index 373651, 374/1000.
The last entry of errorHistory is 0.500000 for index 373652, 374/1000.
Terminated at swamp 0.5.
The last entry of errorHistory is 0.500443 for index 373653, 374/1000.
Terminated at swamp 0.5.
The last entry of errorHistory is 0.500262 for index 373654, 374/1000.
Terminated at swamp 0.5.
The last entry of errorHistory is 0.500471 for index 373655, 374/1000.
Terminated at swamp 0.5.
The last entry of errorHistory is 0.500251 for index 373656, 374/1000.
The last entry of errorHistory is 1.000000 for index 373657, 374/1000.
The last entry of errorHistory is 0.000017 for index 373658, 374/1000.
Terminated at swamp 0.5.
The last entry of errorHistory is 0.500550 for index 373659, 374/1000.
Terminated at swamp 0.5.
The last entry of errorHistory is 0.500239 for index 373660, 374/1000.
Terminated at swamp 1.
The last entry of errorHistory is 1.000055 for index 373661, 374/1000.
Terminated at swamp 0.5.
The last entry of errorHistory is 0.500000 for index 373662, 374/1000.
Terminated at swamp 0.5.
The last entry of errorHistory is 0.500553 for index 373663, 374/1000.
The last entry of errorHistory is 0.000027 for index 373664, 374/1000.
The last entry of errorHistory is 1.000000 for index 373665, 374/1000.
Terminated at swamp 0.5.
The last entry of errorHistory is 0.500442 for index 373666, 374/1000.
Terminated at swamp 1.
The last entry of errorHistory is 1.000004 for index 373667, 374/1000.
Terminated at swamp 0.5.
The last entry of errorHistory is 0.500093 for index 373668, 374/1000.
Terminated at swamp 0.5.
The last entry of errorHistory is 0.500395 for index 373669, 374/1000.
Terminated at swamp 0.5.
The last entry of errorHistory is 0.500729 for index 373670, 374/1000.
Terminated at swamp 0.5.
The last entry of errorHistory is 0.500557 for index 373671, 374/1000.
The last entry of errorHistory is 1.000000 for index 373672, 374/1000.
Terminated at swamp 0.5.
The last entry of errorHistory is 0.500092 for index 373673, 374/1000.
Terminated at swamp 0.5.
The last entry of errorHistory is 0.500502 for index 373674, 374/1000.
Terminated at swamp 0.5.
The last entry of errorHistory is 0.500390 for index 373675, 374/1000.
The last entry of errorHistory is 0.000015 for index 373676, 374/1000.
Terminated at swamp 0.5.
The last entry of errorHistory is 0.500274 for index 373677, 374/1000.
Terminated at swamp 0.5.
The last entry of errorHistory is 0.500243 for index 373678, 374/1000.
The last entry of errorHistory is 0.000464 for index 373679, 374/1000.
The last entry of errorHistory is 1.000000 for index 373680, 374/1000.
Terminated at swamp 0.5.
The last entry of errorHistory is 0.500000 for index 373681, 374/1000.
The last entry of errorHistory is 1.000000 for index 373682, 374/1000.
Terminated at swamp 0.5.
The last entry of errorHistory is 0.500576 for index 373683, 374/1000.
The last entry of errorHistory is 1.500000 for index 373684, 374/1000.
Terminated at swamp 0.5.
The last entry of errorHistory is 0.500192 for index 373685, 374/1000.
The last entry of errorHistory is 1.000000 for index 373686, 374/1000.
The last entry of errorHistory is 0.500000 for index 373687, 374/1000.
Terminated at swamp 0.5.
The last entry of errorHistory is 0.500053 for index 373688, 374/1000.
Terminated at swamp 0.5.
The last entry of errorHistory is 0.500442 for index 373689, 374/1000.
Terminated at swamp 0.5.
The last entry of errorHistory is 0.500089 for index 373690, 374/1000.
Terminated at swamp 0.5.
The last entry of errorHistory is 0.500092 for index 373691, 374/1000.
Terminated at swamp 0.5.
The last entry of errorHistory is 0.500432 for index 373692, 374/1000.
The last entry of errorHistory is 1.500000 for index 373693, 374/1000.
Terminated at swamp 0.5.
The last entry of errorHistory is 0.500394 for index 373694, 374/1000.
Terminated at swamp 0.5.
The last entry of errorHistory is 0.500329 for index 373695, 374/1000.
Terminated at swamp 0.5.
The last entry of errorHistory is 0.500626 for index 373696, 374/1000.
Terminated at swamp 1.
The last entry of errorHistory is 1.000123 for index 373697, 374/1000.
The last entry of errorHistory is 1.000000 for index 373698, 374/1000.
Terminated at swamp 0.5.
The last entry of errorHistory is 0.500121 for index 373699, 374/1000.
Terminated at swamp 0.5.
The last entry of errorHistory is 0.500271 for index 373700, 374/1000.
Terminated at swamp 1.
The last entry of errorHistory is 1.000007 for index 373701, 374/1000.
Terminated at swamp 0.5.
The last entry of errorHistory is 0.500459 for index 373702, 374/1000.
The last entry of errorHistory is 0.000028 for index 373703, 374/1000.
The last entry of errorHistory is 0.000011 for index 373704, 374/1000.
Terminated at swamp 0.5.
The last entry of errorHistory is 0.500569 for index 373705, 374/1000.
Terminated at swamp 0.5.
The last entry of errorHistory is 0.500027 for index 373706, 374/1000.
Terminated at swamp 0.5.
The last entry of errorHistory is 0.500421 for index 373707, 374/1000.
The last entry of errorHistory is 0.000016 for index 373708, 374/1000.
The last entry of errorHistory is 0.000043 for index 373709, 374/1000.
Terminated at swamp 0.5.
The last entry of errorHistory is 0.500354 for index 373710, 374/1000.
Terminated at swamp 1.
The last entry of errorHistory is 1.000270 for index 373711, 374/1000.
The last entry of errorHistory is 1.000000 for index 373712, 374/1000.
Terminated at swamp 0.5.
The last entry of errorHistory is 0.500242 for index 373713, 374/1000.
The last entry of errorHistory is 0.000019 for index 373714, 374/1000.
Terminated at swamp 0.5.
The last entry of errorHistory is 0.499805 for index 373715, 374/1000.
The last entry of errorHistory is 1.000000 for index 373716, 374/1000.
The last entry of errorHistory is 0.000016 for index 373717, 374/1000.
Terminated at swamp 1.
The last entry of errorHistory is 1.000000 for index 373718, 374/1000.
Terminated at swamp 0.5.
The last entry of errorHistory is 0.500649 for index 373719, 374/1000.
Terminated at swamp 1.
The last entry of errorHistory is 1.000063 for index 373720, 374/1000.
The last entry of errorHistory is 1.000000 for index 373721, 374/1000.
Terminated at swamp 0.5.
The last entry of errorHistory is 0.500401 for index 373722, 374/1000.
Terminated at swamp 0.5.
The last entry of errorHistory is 0.500237 for index 373723, 374/1000.
Terminated at swamp 0.5.
The last entry of errorHistory is 0.500390 for index 373724, 374/1000.
Terminated at swamp 1.
The last entry of errorHistory is 1.000433 for index 373725, 374/1000.
Terminated at swamp 0.5.
The last entry of errorHistory is 0.500429 for index 373726, 374/1000.
The last entry of errorHistory is 1.500000 for index 373727, 374/1000.
Terminated at swamp 0.5.
The last entry of errorHistory is 0.500540 for index 373728, 374/1000.
The last entry of errorHistory is 0.000051 for index 373729, 374/1000.
The last entry of errorHistory is 0.500000 for index 373730, 374/1000.
The last entry of errorHistory is 1.000000 for index 373731, 374/1000.
The last entry of errorHistory is 0.500000 for index 373732, 374/1000.
Terminated at swamp 1.5.
The last entry of errorHistory is 1.500017 for index 373733, 374/1000.
The last entry of errorHistory is 0.000886 for index 373734, 374/1000.
The last entry of errorHistory is 0.000015 for index 373735, 374/1000.
Terminated at swamp 0.5.
The last entry of errorHistory is 0.500671 for index 373736, 374/1000.
Terminated at swamp 1.
The last entry of errorHistory is 1.000097 for index 373737, 374/1000.
The last entry of errorHistory is 0.000025 for index 373738, 374/1000.
Terminated at swamp 0.5.
The last entry of errorHistory is 0.500401 for index 373739, 374/1000.
Terminated at swamp 1.
The last entry of errorHistory is 1.000497 for index 373740, 374/1000.
Terminated at swamp 0.5.
The last entry of errorHistory is 0.500559 for index 373741, 374/1000.
The last entry of errorHistory is 0.000902 for index 373742, 374/1000.
The last entry of errorHistory is 0.000007 for index 373743, 374/1000.
Terminated at swamp 0.5.
The last entry of errorHistory is 0.500491 for index 373744, 374/1000.
Terminated at swamp 1.
The last entry of errorHistory is 1.000198 for index 373745, 374/1000.
Terminated at swamp 0.5.
The last entry of errorHistory is 0.500279 for index 373746, 374/1000.
Terminated at swamp 1.
The last entry of errorHistory is 1.000333 for index 373747, 374/1000.
Terminated at swamp 0.5.
The last entry of errorHistory is 0.500241 for index 373748, 374/1000.
The last entry of errorHistory is 0.000238 for index 373749, 374/1000.
Terminated at swamp 0.5.
The last entry of errorHistory is 0.500590 for index 373750, 374/1000.
The last entry of errorHistory is 1.000000 for index 373751, 374/1000.
Terminated at swamp 1.
The last entry of errorHistory is 1.000000 for index 373752, 374/1000.
The last entry of errorHistory is 0.000018 for index 373753, 374/1000.
Terminated at swamp 0.5.
The last entry of errorHistory is 0.500435 for index 373754, 374/1000.
Terminated at swamp 0.5.
The last entry of errorHistory is 0.500485 for index 373755, 374/1000.
The last entry of errorHistory is 0.500000 for index 373756, 374/1000.
Terminated at swamp 1.
The last entry of errorHistory is 1.000058 for index 373757, 374/1000.
The last entry of errorHistory is 0.500000 for index 373758, 374/1000.
Terminated at swamp 1.
The last entry of errorHistory is 1.000402 for index 373759, 374/1000.
Terminated at swamp 1.
The last entry of errorHistory is 1.000600 for index 373760, 374/1000.
Terminated at swamp 1.
The last entry of errorHistory is 1.000000 for index 373761, 374/1000.
The last entry of errorHistory is 1.000000 for index 373762, 374/1000.
The last entry of errorHistory is 1.000000 for index 373763, 374/1000.
Terminated at swamp 0.5.
The last entry of errorHistory is 0.500570 for index 373764, 374/1000.
Terminated at swamp 0.5.
The last entry of errorHistory is 0.500377 for index 373765, 374/1000.
The last entry of errorHistory is 1.000000 for index 373766, 374/1000.
Terminated at swamp 0.5.
The last entry of errorHistory is 0.500249 for index 373767, 374/1000.
The last entry of errorHistory is 0.000028 for index 373768, 374/1000.
Terminated at swamp 0.5.
The last entry of errorHistory is 0.500523 for index 373769, 374/1000.
Terminated at swamp 0.5.
The last entry of errorHistory is 0.500560 for index 373770, 374/1000.
The last entry of errorHistory is 1.000000 for index 373771, 374/1000.
Terminated at swamp 0.5.
The last entry of errorHistory is 0.500231 for index 373772, 374/1000.
Terminated at swamp 1.
The last entry of errorHistory is 1.000212 for index 373773, 374/1000.
The last entry of errorHistory is 0.000071 for index 373774, 374/1000.
Terminated at swamp 1.
The last entry of errorHistory is 1.000112 for index 373775, 374/1000.
Terminated at swamp 0.5.
The last entry of errorHistory is 0.500472 for index 373776, 374/1000.
Terminated at swamp 1.
The last entry of errorHistory is 1.000198 for index 373777, 374/1000.
The last entry of errorHistory is 1.000000 for index 373778, 374/1000.
Terminated at swamp 0.5.
The last entry of errorHistory is 0.500913 for index 373779, 374/1000.
Terminated at swamp 0.5.
The last entry of errorHistory is 0.500098 for index 373780, 374/1000.
Terminated at swamp 0.5.
The last entry of errorHistory is 0.500101 for index 373781, 374/1000.
Terminated at swamp 0.5.
The last entry of errorHistory is 0.500000 for index 373782, 374/1000.
Terminated at swamp 1.
The last entry of errorHistory is 1.000061 for index 373783, 374/1000.
Terminated at swamp 0.5.
The last entry of errorHistory is 0.500515 for index 373784, 374/1000.
Terminated at swamp 0.5.
The last entry of errorHistory is 0.500032 for index 373785, 374/1000.
The last entry of errorHistory is 0.001307 for index 373786, 374/1000.
Terminated at swamp 0.5.
The last entry of errorHistory is 0.500287 for index 373787, 374/1000.
Terminated at swamp 0.5.
The last entry of errorHistory is 0.500290 for index 373788, 374/1000.
The last entry of errorHistory is 1.000000 for index 373789, 374/1000.
Terminated at swamp 1.
The last entry of errorHistory is 1.000011 for index 373790, 374/1000.
The last entry of errorHistory is 1.000000 for index 373791, 374/1000.
Terminated at swamp 0.5.
The last entry of errorHistory is 0.500643 for index 373792, 374/1000.
Terminated at swamp 1.
The last entry of errorHistory is 1.000026 for index 373793, 374/1000.
Terminated at swamp 0.5.
The last entry of errorHistory is 0.500305 for index 373794, 374/1000.
Terminated at swamp 1.
The last entry of errorHistory is 1.000028 for index 373795, 374/1000.
Terminated at swamp 1.
The last entry of errorHistory is 1.000047 for index 373796, 374/1000.
The last entry of errorHistory is 1.000000 for index 373797, 374/1000.
The last entry of errorHistory is 1.000000 for index 373798, 374/1000.
Terminated at swamp 1.
The last entry of errorHistory is 1.000210 for index 373799, 374/1000.
The last entry of errorHistory is 0.000018 for index 373800, 374/1000.
Terminated at swamp 1.
The last entry of errorHistory is 1.000000 for index 373801, 374/1000.
Terminated at swamp 0.5.
The last entry of errorHistory is 0.500591 for index 373802, 374/1000.
Terminated at swamp 0.5.
The last entry of errorHistory is 0.500504 for index 373803, 374/1000.
Terminated at swamp 0.5.
The last entry of errorHistory is 0.500591 for index 373804, 374/1000.
The last entry of errorHistory is 1.000000 for index 373805, 374/1000.
The last entry of errorHistory is 1.500000 for index 373806, 374/1000.
Terminated at swamp 1.
The last entry of errorHistory is 1.000081 for index 373807, 374/1000.
Terminated at swamp 0.5.
The last entry of errorHistory is 0.500535 for index 373808, 374/1000.
Terminated at swamp 1.
The last entry of errorHistory is 1.000028 for index 373809, 374/1000.
Terminated at swamp 1.
The last entry of errorHistory is 1.000110 for index 373810, 374/1000.
Terminated at swamp 0.5.
The last entry of errorHistory is 0.500363 for index 373811, 374/1000.
Terminated at swamp 0.5.
The last entry of errorHistory is 0.500445 for index 373812, 374/1000.
The last entry of errorHistory is 1.000000 for index 373813, 374/1000.
Terminated at swamp 0.5.
The last entry of errorHistory is 0.500115 for index 373814, 374/1000.
The last entry of errorHistory is 1.000000 for index 373815, 374/1000.
Terminated at swamp 1.
The last entry of errorHistory is 1.000000 for index 373816, 374/1000.
Terminated at swamp 0.5.
The last entry of errorHistory is 0.500035 for index 373817, 374/1000.
Terminated at swamp 0.5.
The last entry of errorHistory is 0.500195 for index 373818, 374/1000.
Terminated at swamp 0.5.
The last entry of errorHistory is 0.500545 for index 373819, 374/1000.
Terminated at swamp 1.
The last entry of errorHistory is 1.000137 for index 373820, 374/1000.
The last entry of errorHistory is 1.000000 for index 373821, 374/1000.
Terminated at swamp 0.5.
The last entry of errorHistory is 0.500507 for index 373822, 374/1000.
Terminated at swamp 0.5.
The last entry of errorHistory is 0.500453 for index 373823, 374/1000.
Terminated at swamp 1.
The last entry of errorHistory is 1.000007 for index 373824, 374/1000.
The last entry of errorHistory is 1.000000 for index 373825, 374/1000.
The last entry of errorHistory is 0.500000 for index 373826, 374/1000.
Terminated at swamp 1.
The last entry of errorHistory is 1.000140 for index 373827, 374/1000.
Terminated at swamp 0.5.
The last entry of errorHistory is 0.500302 for index 373828, 374/1000.
The last entry of errorHistory is 0.500000 for index 373829, 374/1000.
Terminated at swamp 0.5.
The last entry of errorHistory is 0.500300 for index 373830, 374/1000.
The last entry of errorHistory is 1.500000 for index 373831, 374/1000.
Terminated at swamp 0.5.
The last entry of errorHistory is 0.500450 for index 373832, 374/1000.
The last entry of errorHistory is 0.000224 for index 373833, 374/1000.
The last entry of errorHistory is 1.500000 for index 373834, 374/1000.
Terminated at swamp 0.5.
The last entry of errorHistory is 0.500072 for index 373835, 374/1000.
Terminated at swamp 0.5.
The last entry of errorHistory is 0.500417 for index 373836, 374/1000.
The last entry of errorHistory is 1.500000 for index 373837, 374/1000.
Terminated at swamp 0.5.
The last entry of errorHistory is 0.500495 for index 373838, 374/1000.
Terminated at swamp 1.
The last entry of errorHistory is 1.000112 for index 373839, 374/1000.
The last entry of errorHistory is 0.002867 for index 373840, 374/1000.
The last entry of errorHistory is 1.000000 for index 373841, 374/1000.
The last entry of errorHistory is 0.500000 for index 373842, 374/1000.
Terminated at swamp 1.
The last entry of errorHistory is 1.000331 for index 373843, 374/1000.
The last entry of errorHistory is 0.000055 for index 373844, 374/1000.
The last entry of errorHistory is 0.000258 for index 373845, 374/1000.
Terminated at swamp 0.5.
The last entry of errorHistory is 0.500020 for index 373846, 374/1000.
Terminated at swamp 0.5.
The last entry of errorHistory is 0.500030 for index 373847, 374/1000.
Terminated at swamp 1.
The last entry of errorHistory is 1.000238 for index 373848, 374/1000.
Terminated at swamp 0.5.
The last entry of errorHistory is 0.500437 for index 373849, 374/1000.
Terminated at swamp 1.
The last entry of errorHistory is 1.000224 for index 373850, 374/1000.
The last entry of errorHistory is 1.000000 for index 373851, 374/1000.
Terminated at swamp 0.5.
The last entry of errorHistory is 0.500377 for index 373852, 374/1000.
Terminated at swamp 0.5.
The last entry of errorHistory is 0.500901 for index 373853, 374/1000.
The last entry of errorHistory is 0.500000 for index 373854, 374/1000.
The last entry of errorHistory is 0.000015 for index 373855, 374/1000.
Terminated at swamp 0.5.
The last entry of errorHistory is 0.500131 for index 373856, 374/1000.
Terminated at swamp 1.
The last entry of errorHistory is 1.000287 for index 373857, 374/1000.
Terminated at swamp 0.5.
The last entry of errorHistory is 0.500399 for index 373858, 374/1000.
Terminated at swamp 1.
The last entry of errorHistory is 1.000147 for index 373859, 374/1000.
The last entry of errorHistory is 0.000038 for index 373860, 374/1000.
Terminated at swamp 0.5.
The last entry of errorHistory is 0.500696 for index 373861, 374/1000.
The last entry of errorHistory is 0.000020 for index 373862, 374/1000.
Terminated at swamp 0.5.
The last entry of errorHistory is 0.500458 for index 373863, 374/1000.
Terminated at swamp 1.
The last entry of errorHistory is 1.000282 for index 373864, 374/1000.
Terminated at swamp 0.5.
The last entry of errorHistory is 0.500379 for index 373865, 374/1000.
Terminated at swamp 0.5.
The last entry of errorHistory is 0.500000 for index 373866, 374/1000.
The last entry of errorHistory is 0.000034 for index 373867, 374/1000.
The last entry of errorHistory is 1.000000 for index 373868, 374/1000.
Terminated at swamp 0.5.
The last entry of errorHistory is 0.500404 for index 373869, 374/1000.
The last entry of errorHistory is 0.500000 for index 373870, 374/1000.
Terminated at swamp 0.5.
The last entry of errorHistory is 0.500000 for index 373871, 374/1000.
Terminated at swamp 0.5.
The last entry of errorHistory is 0.500078 for index 373872, 374/1000.
Terminated at swamp 0.5.
The last entry of errorHistory is 0.500343 for index 373873, 374/1000.
Terminated at swamp 0.5.
The last entry of errorHistory is 0.500195 for index 373874, 374/1000.
Terminated at swamp 1.
The last entry of errorHistory is 1.000012 for index 373875, 374/1000.
The last entry of errorHistory is 1.000000 for index 373876, 374/1000.
Terminated at swamp 0.5.
The last entry of errorHistory is 0.500211 for index 373877, 374/1000.
Terminated at swamp 0.5.
The last entry of errorHistory is 0.500278 for index 373878, 374/1000.
The last entry of errorHistory is 1.000000 for index 373879, 374/1000.
The last entry of errorHistory is 1.000000 for index 373880, 374/1000.
The last entry of errorHistory is 0.500000 for index 373881, 374/1000.
Terminated at swamp 0.5.
The last entry of errorHistory is 0.500337 for index 373882, 374/1000.
Terminated at swamp 0.5.
The last entry of errorHistory is 0.500545 for index 373883, 374/1000.
Terminated at swamp 1.
The last entry of errorHistory is 1.000000 for index 373884, 374/1000.
Terminated at swamp 0.5.
The last entry of errorHistory is 0.500621 for index 373885, 374/1000.
Terminated at swamp 1.
The last entry of errorHistory is 1.000019 for index 373886, 374/1000.
Terminated at swamp 1.5.
The last entry of errorHistory is 1.500000 for index 373887, 374/1000.
Terminated at swamp 0.5.
The last entry of errorHistory is 0.500513 for index 373888, 374/1000.
Terminated at swamp 0.5.
The last entry of errorHistory is 0.500343 for index 373889, 374/1000.
Terminated at swamp 0.5.
The last entry of errorHistory is 0.500251 for index 373890, 374/1000.
Terminated at swamp 0.5.
The last entry of errorHistory is 0.500575 for index 373891, 374/1000.
The last entry of errorHistory is 1.000000 for index 373892, 374/1000.
Terminated at swamp 0.5.
The last entry of errorHistory is 0.500001 for index 373893, 374/1000.
The last entry of errorHistory is 1.000000 for index 373894, 374/1000.
Terminated at swamp 0.5.
The last entry of errorHistory is 0.500108 for index 373895, 374/1000.
Terminated at swamp 0.5.
The last entry of errorHistory is 0.500561 for index 373896, 374/1000.
The last entry of errorHistory is 0.000019 for index 373897, 374/1000.
The last entry of errorHistory is 1.000000 for index 373898, 374/1000.
The last entry of errorHistory is 1.500000 for index 373899, 374/1000.
Terminated at swamp 0.5.
The last entry of errorHistory is 0.500428 for index 373900, 374/1000.
The last entry of errorHistory is 0.000007 for index 373901, 374/1000.
Terminated at swamp 0.5.
The last entry of errorHistory is 0.500650 for index 373902, 374/1000.
The last entry of errorHistory is 1.000000 for index 373903, 374/1000.
Terminated at swamp 1.
The last entry of errorHistory is 1.000000 for index 373904, 374/1000.
Terminated at swamp 0.5.
The last entry of errorHistory is 0.500448 for index 373905, 374/1000.
The last entry of errorHistory is 1.000000 for index 373906, 374/1000.
Terminated at swamp 0.5.
The last entry of errorHistory is 0.500483 for index 373907, 374/1000.
Terminated at swamp 0.5.
The last entry of errorHistory is 0.500347 for index 373908, 374/1000.
The last entry of errorHistory is 0.000083 for index 373909, 374/1000.
Terminated at swamp 0.5.
The last entry of errorHistory is 0.500519 for index 373910, 374/1000.
Terminated at swamp 0.5.
The last entry of errorHistory is 0.500467 for index 373911, 374/1000.
Terminated at swamp 0.5.
The last entry of errorHistory is 0.500277 for index 373912, 374/1000.
Terminated at swamp 1.
The last entry of errorHistory is 1.000572 for index 373913, 374/1000.
Terminated at swamp 0.5.
The last entry of errorHistory is 0.500381 for index 373914, 374/1000.
Terminated at swamp 0.5.
The last entry of errorHistory is 0.500525 for index 373915, 374/1000.
Terminated at swamp 0.5.
The last entry of errorHistory is 0.500541 for index 373916, 374/1000.
Terminated at swamp 1.
The last entry of errorHistory is 1.000057 for index 373917, 374/1000.
The last entry of errorHistory is 0.500000 for index 373918, 374/1000.
Terminated at swamp 1.
The last entry of errorHistory is 1.000093 for index 373919, 374/1000.
Terminated at swamp 0.5.
The last entry of errorHistory is 0.500343 for index 373920, 374/1000.
Terminated at swamp 0.5.
The last entry of errorHistory is 0.500141 for index 373921, 374/1000.
The last entry of errorHistory is 1.500000 for index 373922, 374/1000.
Terminated at swamp 0.5.
The last entry of errorHistory is 0.500396 for index 373923, 374/1000.
Terminated at swamp 0.5.
The last entry of errorHistory is 0.500475 for index 373924, 374/1000.
Terminated at swamp 0.5.
The last entry of errorHistory is 0.500072 for index 373925, 374/1000.
Terminated at swamp 0.5.
The last entry of errorHistory is 0.500234 for index 373926, 374/1000.
Terminated at swamp 0.5.
The last entry of errorHistory is 0.500425 for index 373927, 374/1000.
Terminated at swamp 0.5.
The last entry of errorHistory is 0.500189 for index 373928, 374/1000.
Terminated at swamp 1.
The last entry of errorHistory is 1.000358 for index 373929, 374/1000.
Terminated at swamp 0.5.
The last entry of errorHistory is 0.500592 for index 373930, 374/1000.
Terminated at swamp 0.5.
The last entry of errorHistory is 0.500676 for index 373931, 374/1000.
The last entry of errorHistory is 0.000035 for index 373932, 374/1000.
Terminated at swamp 0.5.
The last entry of errorHistory is 0.500098 for index 373933, 374/1000.
Terminated at swamp 1.
The last entry of errorHistory is 1.000624 for index 373934, 374/1000.
Terminated at swamp 0.5.
The last entry of errorHistory is 0.500368 for index 373935, 374/1000.
The last entry of errorHistory is 0.000629 for index 373936, 374/1000.
Terminated at swamp 0.5.
The last entry of errorHistory is 0.500171 for index 373937, 374/1000.
Terminated at swamp 0.5.
The last entry of errorHistory is 0.500661 for index 373938, 374/1000.
Terminated at swamp 1.
The last entry of errorHistory is 1.000001 for index 373939, 374/1000.
The last entry of errorHistory is 1.000000 for index 373940, 374/1000.
Terminated at swamp 0.5.
The last entry of errorHistory is 0.500747 for index 373941, 374/1000.
Terminated at swamp 0.5.
The last entry of errorHistory is 0.500587 for index 373942, 374/1000.
Terminated at swamp 1.
The last entry of errorHistory is 1.000267 for index 373943, 374/1000.
Terminated at swamp 0.5.
The last entry of errorHistory is 0.500042 for index 373944, 374/1000.
Terminated at swamp 0.5.
The last entry of errorHistory is 0.500488 for index 373945, 374/1000.
Terminated at swamp 1.
The last entry of errorHistory is 1.000006 for index 373946, 374/1000.
Terminated at swamp 1.
The last entry of errorHistory is 1.000442 for index 373947, 374/1000.
Terminated at swamp 0.5.
The last entry of errorHistory is 0.500436 for index 373948, 374/1000.
Terminated at swamp 0.5.
The last entry of errorHistory is 0.500302 for index 373949, 374/1000.
Terminated at swamp 0.5.
The last entry of errorHistory is 0.500396 for index 373950, 374/1000.
Terminated at swamp 1.
The last entry of errorHistory is 1.000431 for index 373951, 374/1000.
The last entry of errorHistory is 1.000000 for index 373952, 374/1000.
Terminated at swamp 0.5.
The last entry of errorHistory is 0.500234 for index 373953, 374/1000.
The last entry of errorHistory is 0.500000 for index 373954, 374/1000.
Terminated at swamp 1.
The last entry of errorHistory is 1.000002 for index 373955, 374/1000.
The last entry of errorHistory is 0.000019 for index 373956, 374/1000.
Terminated at swamp 0.5.
The last entry of errorHistory is 0.500005 for index 373957, 374/1000.
Terminated at swamp 0.5.
The last entry of errorHistory is 0.500442 for index 373958, 374/1000.
Terminated at swamp 0.5.
The last entry of errorHistory is 0.500388 for index 373959, 374/1000.
The last entry of errorHistory is 1.000000 for index 373960, 374/1000.
Terminated at swamp 0.5.
The last entry of errorHistory is 0.500382 for index 373961, 374/1000.
Terminated at swamp 0.5.
The last entry of errorHistory is 0.500087 for index 373962, 374/1000.
Terminated at swamp 0.5.
The last entry of errorHistory is 0.500563 for index 373963, 374/1000.
The last entry of errorHistory is 0.000030 for index 373964, 374/1000.
The last entry of errorHistory is 0.500000 for index 373965, 374/1000.
Terminated at swamp 0.5.
The last entry of errorHistory is 0.500071 for index 373966, 374/1000.
Terminated at swamp 0.5.
The last entry of errorHistory is 0.500660 for index 373967, 374/1000.
Terminated at swamp 1.
The last entry of errorHistory is 1.000000 for index 373968, 374/1000.
The last entry of errorHistory is 1.500000 for index 373969, 374/1000.
Terminated at swamp 0.5.
The last entry of errorHistory is 0.500147 for index 373970, 374/1000.
The last entry of errorHistory is 0.000045 for index 373971, 374/1000.
Terminated at swamp 0.5.
The last entry of errorHistory is 0.500558 for index 373972, 374/1000.
The last entry of errorHistory is 1.000000 for index 373973, 374/1000.
Terminated at swamp 0.5.
The last entry of errorHistory is 0.500548 for index 373974, 374/1000.
Terminated at swamp 0.5.
The last entry of errorHistory is 0.500057 for index 373975, 374/1000.
The last entry of errorHistory is 1.000000 for index 373976, 374/1000.
Terminated at swamp 0.5.
The last entry of errorHistory is 0.500632 for index 373977, 374/1000.
The last entry of errorHistory is 0.500000 for index 373978, 374/1000.
Terminated at swamp 1.
The last entry of errorHistory is 1.000017 for index 373979, 374/1000.
Terminated at swamp 1.
The last entry of errorHistory is 1.000380 for index 373980, 374/1000.
The last entry of errorHistory is 0.000019 for index 373981, 374/1000.
Terminated at swamp 1.5.
The last entry of errorHistory is 1.500000 for index 373982, 374/1000.
The last entry of errorHistory is 0.500000 for index 373983, 374/1000.
The last entry of errorHistory is 1.000000 for index 373984, 374/1000.
Terminated at swamp 0.5.
The last entry of errorHistory is 0.500473 for index 373985, 374/1000.
Terminated at swamp 0.5.
The last entry of errorHistory is 0.500483 for index 373986, 374/1000.
Terminated at swamp 0.5.
The last entry of errorHistory is 0.500508 for index 373987, 374/1000.
Terminated at swamp 1.
The last entry of errorHistory is 1.000102 for index 373988, 374/1000.
The last entry of errorHistory is 0.000240 for index 373989, 374/1000.
Terminated at swamp 0.5.
The last entry of errorHistory is 0.500362 for index 373990, 374/1000.
The last entry of errorHistory is 0.500000 for index 373991, 374/1000.
The last entry of errorHistory is 1.000000 for index 373992, 374/1000.
Terminated at swamp 1.
The last entry of errorHistory is 1.000395 for index 373993, 374/1000.
Terminated at swamp 0.5.
The last entry of errorHistory is 0.500645 for index 373994, 374/1000.
The last entry of errorHistory is 0.500000 for index 373995, 374/1000.
The last entry of errorHistory is 1.000000 for index 373996, 374/1000.
Terminated at swamp 0.5.
The last entry of errorHistory is 0.500679 for index 373997, 374/1000.
Terminated at swamp 0.5.
The last entry of errorHistory is 0.500545 for index 373998, 374/1000.
Terminated at swamp 0.5.
The last entry of errorHistory is 0.500662 for index 373999, 374/1000.
Terminated at swamp 0.5.
The last entry of errorHistory is 0.500722 for index 374000, 374/1000.
