
                            < M A T L A B (R) >
                  Copyright 1984-2018 The MathWorks, Inc.
                   R2018b (9.5.0.944444) 64-bit (glnxa64)
                              August 28, 2018

 
To get started, type doc.
For product information, visit www.mathworks.com.
 
Terminated at swamp 0.5.
The last entry of errorHistory is 0.500261 for index 433001, 434/1000.
Terminated at swamp 0.5.
The last entry of errorHistory is 0.500381 for index 433002, 434/1000.
The last entry of errorHistory is 0.000024 for index 433003, 434/1000.
Terminated at swamp 0.5.
The last entry of errorHistory is 0.500885 for index 433004, 434/1000.
Terminated at swamp 1.
The last entry of errorHistory is 1.000446 for index 433005, 434/1000.
Terminated at swamp 0.5.
The last entry of errorHistory is 0.500255 for index 433006, 434/1000.
The last entry of errorHistory is 0.000025 for index 433007, 434/1000.
Terminated at swamp 0.5.
The last entry of errorHistory is 0.500569 for index 433008, 434/1000.
Terminated at swamp 0.5.
The last entry of errorHistory is 0.500299 for index 433009, 434/1000.
The last entry of errorHistory is 0.000045 for index 433010, 434/1000.
The last entry of errorHistory is 1.000000 for index 433011, 434/1000.
Terminated at swamp 0.5.
The last entry of errorHistory is 0.500149 for index 433012, 434/1000.
Terminated at swamp 0.5.
The last entry of errorHistory is 0.500011 for index 433013, 434/1000.
Terminated at swamp 0.5.
The last entry of errorHistory is 0.500263 for index 433014, 434/1000.
Terminated at swamp 0.5.
The last entry of errorHistory is 0.500641 for index 433015, 434/1000.
Terminated at swamp 0.5.
The last entry of errorHistory is 0.500153 for index 433016, 434/1000.
Terminated at swamp 0.5.
The last entry of errorHistory is 0.500266 for index 433017, 434/1000.
Terminated at swamp 0.5.
The last entry of errorHistory is 0.500262 for index 433018, 434/1000.
The last entry of errorHistory is 1.000000 for index 433019, 434/1000.
The last entry of errorHistory is 1.000000 for index 433020, 434/1000.
Terminated at swamp 1.
The last entry of errorHistory is 1.000000 for index 433021, 434/1000.
Terminated at swamp 0.5.
The last entry of errorHistory is 0.500279 for index 433022, 434/1000.
The last entry of errorHistory is 0.000012 for index 433023, 434/1000.
The last entry of errorHistory is 1.000000 for index 433024, 434/1000.
Terminated at swamp 0.5.
The last entry of errorHistory is 0.500382 for index 433025, 434/1000.
Terminated at swamp 0.5.
The last entry of errorHistory is 0.500301 for index 433026, 434/1000.
The last entry of errorHistory is 1.000000 for index 433027, 434/1000.
Terminated at swamp 0.5.
The last entry of errorHistory is 0.500009 for index 433028, 434/1000.
The last entry of errorHistory is 0.500000 for index 433029, 434/1000.
Terminated at swamp 1.
The last entry of errorHistory is 1.000360 for index 433030, 434/1000.
Terminated at swamp 0.5.
The last entry of errorHistory is 0.500050 for index 433031, 434/1000.
Terminated at swamp 0.5.
The last entry of errorHistory is 0.500419 for index 433032, 434/1000.
Terminated at swamp 0.5.
The last entry of errorHistory is 0.500269 for index 433033, 434/1000.
The last entry of errorHistory is 0.000018 for index 433034, 434/1000.
Terminated at swamp 1.
The last entry of errorHistory is 1.000506 for index 433035, 434/1000.
The last entry of errorHistory is 1.000000 for index 433036, 434/1000.
Terminated at swamp 0.5.
The last entry of errorHistory is 0.500546 for index 433037, 434/1000.
Terminated at swamp 0.5.
The last entry of errorHistory is 0.500107 for index 433038, 434/1000.
Terminated at swamp 0.5.
The last entry of errorHistory is 0.500621 for index 433039, 434/1000.
The last entry of errorHistory is 0.000518 for index 433040, 434/1000.
Terminated at swamp 0.5.
The last entry of errorHistory is 0.500284 for index 433041, 434/1000.
Terminated at swamp 0.5.
The last entry of errorHistory is 0.500401 for index 433042, 434/1000.
The last entry of errorHistory is 1.000000 for index 433043, 434/1000.
Terminated at swamp 0.5.
The last entry of errorHistory is 0.500583 for index 433044, 434/1000.
The last entry of errorHistory is 1.000000 for index 433045, 434/1000.
The last entry of errorHistory is 1.000000 for index 433046, 434/1000.
Terminated at swamp 0.5.
The last entry of errorHistory is 0.500497 for index 433047, 434/1000.
Terminated at swamp 0.5.
The last entry of errorHistory is 0.500004 for index 433048, 434/1000.
The last entry of errorHistory is 1.000000 for index 433049, 434/1000.
The last entry of errorHistory is 0.000013 for index 433050, 434/1000.
Terminated at swamp 0.5.
The last entry of errorHistory is 0.500541 for index 433051, 434/1000.
Terminated at swamp 0.5.
The last entry of errorHistory is 0.500498 for index 433052, 434/1000.
The last entry of errorHistory is 0.000044 for index 433053, 434/1000.
The last entry of errorHistory is 0.500000 for index 433054, 434/1000.
Terminated at swamp 0.5.
The last entry of errorHistory is 0.500512 for index 433055, 434/1000.
Terminated at swamp 0.5.
The last entry of errorHistory is 0.500611 for index 433056, 434/1000.
Terminated at swamp 1.
The last entry of errorHistory is 1.000001 for index 433057, 434/1000.
The last entry of errorHistory is 1.000000 for index 433058, 434/1000.
Terminated at swamp 0.5.
The last entry of errorHistory is 0.500461 for index 433059, 434/1000.
Terminated at swamp 0.5.
The last entry of errorHistory is 0.500099 for index 433060, 434/1000.
Terminated at swamp 0.5.
The last entry of errorHistory is 0.500327 for index 433061, 434/1000.
The last entry of errorHistory is 1.000000 for index 433062, 434/1000.
The last entry of errorHistory is 0.000049 for index 433063, 434/1000.
The last entry of errorHistory is 1.000000 for index 433064, 434/1000.
The last entry of errorHistory is 0.001076 for index 433065, 434/1000.
Terminated at swamp 0.5.
The last entry of errorHistory is 0.500018 for index 433066, 434/1000.
Terminated at swamp 0.5.
The last entry of errorHistory is 0.500466 for index 433067, 434/1000.
The last entry of errorHistory is 1.000000 for index 433068, 434/1000.
The last entry of errorHistory is 1.000000 for index 433069, 434/1000.
Terminated at swamp 1.
The last entry of errorHistory is 1.000084 for index 433070, 434/1000.
The last entry of errorHistory is 0.000025 for index 433071, 434/1000.
Terminated at swamp 0.5.
The last entry of errorHistory is 0.500341 for index 433072, 434/1000.
Terminated at swamp 0.5.
The last entry of errorHistory is 0.500381 for index 433073, 434/1000.
The last entry of errorHistory is 0.001137 for index 433074, 434/1000.
Terminated at swamp 0.5.
The last entry of errorHistory is 0.500360 for index 433075, 434/1000.
Terminated at swamp 1.
The last entry of errorHistory is 1.000098 for index 433076, 434/1000.
Terminated at swamp 0.5.
The last entry of errorHistory is 0.500167 for index 433077, 434/1000.
Terminated at swamp 0.5.
The last entry of errorHistory is 0.500467 for index 433078, 434/1000.
Terminated at swamp 0.5.
The last entry of errorHistory is 0.500599 for index 433079, 434/1000.
The last entry of errorHistory is 1.000000 for index 433080, 434/1000.
Terminated at swamp 0.5.
The last entry of errorHistory is 0.500358 for index 433081, 434/1000.
Terminated at swamp 0.5.
The last entry of errorHistory is 0.500538 for index 433082, 434/1000.
Terminated at swamp 0.5.
The last entry of errorHistory is 0.500420 for index 433083, 434/1000.
The last entry of errorHistory is 1.000000 for index 433084, 434/1000.
Terminated at swamp 1.5.
The last entry of errorHistory is 1.500000 for index 433085, 434/1000.
Terminated at swamp 0.5.
The last entry of errorHistory is 0.500417 for index 433086, 434/1000.
The last entry of errorHistory is 0.500000 for index 433087, 434/1000.
Terminated at swamp 0.5.
The last entry of errorHistory is 0.500280 for index 433088, 434/1000.
Terminated at swamp 0.5.
The last entry of errorHistory is 0.500369 for index 433089, 434/1000.
Terminated at swamp 0.5.
The last entry of errorHistory is 0.500627 for index 433090, 434/1000.
Terminated at swamp 0.5.
The last entry of errorHistory is 0.500282 for index 433091, 434/1000.
Terminated at swamp 0.5.
The last entry of errorHistory is 0.500469 for index 433092, 434/1000.
Terminated at swamp 0.5.
The last entry of errorHistory is 0.500248 for index 433093, 434/1000.
Terminated at swamp 1.
The last entry of errorHistory is 1.000068 for index 433094, 434/1000.
Terminated at swamp 0.5.
The last entry of errorHistory is 0.500335 for index 433095, 434/1000.
Terminated at swamp 0.5.
The last entry of errorHistory is 0.500431 for index 433096, 434/1000.
The last entry of errorHistory is 0.000012 for index 433097, 434/1000.
Terminated at swamp 0.5.
The last entry of errorHistory is 0.500160 for index 433098, 434/1000.
The last entry of errorHistory is 0.000014 for index 433099, 434/1000.
Terminated at swamp 0.5.
The last entry of errorHistory is 0.500537 for index 433100, 434/1000.
The last entry of errorHistory is 0.000035 for index 433101, 434/1000.
The last entry of errorHistory is 0.000019 for index 433102, 434/1000.
The last entry of errorHistory is 0.500000 for index 433103, 434/1000.
The last entry of errorHistory is 1.500000 for index 433104, 434/1000.
Terminated at swamp 0.5.
The last entry of errorHistory is 0.500392 for index 433105, 434/1000.
Terminated at swamp 0.5.
The last entry of errorHistory is 0.500615 for index 433106, 434/1000.
Terminated at swamp 0.5.
The last entry of errorHistory is 0.500465 for index 433107, 434/1000.
The last entry of errorHistory is 1.500000 for index 433108, 434/1000.
The last entry of errorHistory is 1.000000 for index 433109, 434/1000.
Terminated at swamp 0.5.
The last entry of errorHistory is 0.500464 for index 433110, 434/1000.
The last entry of errorHistory is 1.000000 for index 433111, 434/1000.
Terminated at swamp 1.
The last entry of errorHistory is 1.000000 for index 433112, 434/1000.
The last entry of errorHistory is 1.000000 for index 433113, 434/1000.
Terminated at swamp 1.
The last entry of errorHistory is 0.999997 for index 433114, 434/1000.
Terminated at swamp 0.5.
The last entry of errorHistory is 0.500440 for index 433115, 434/1000.
Terminated at swamp 0.5.
The last entry of errorHistory is 0.500369 for index 433116, 434/1000.
Terminated at swamp 0.5.
The last entry of errorHistory is 0.500332 for index 433117, 434/1000.
Terminated at swamp 1.
The last entry of errorHistory is 1.000006 for index 433118, 434/1000.
The last entry of errorHistory is 0.000014 for index 433119, 434/1000.
The last entry of errorHistory is 0.500000 for index 433120, 434/1000.
Terminated at swamp 1.
The last entry of errorHistory is 1.000154 for index 433121, 434/1000.
The last entry of errorHistory is 1.000000 for index 433122, 434/1000.
The last entry of errorHistory is 1.000000 for index 433123, 434/1000.
Terminated at swamp 1.
The last entry of errorHistory is 1.000288 for index 433124, 434/1000.
Terminated at swamp 0.5.
The last entry of errorHistory is 0.500427 for index 433125, 434/1000.
Terminated at swamp 0.5.
The last entry of errorHistory is 0.500361 for index 433126, 434/1000.
Terminated at swamp 0.5.
The last entry of errorHistory is 0.500602 for index 433127, 434/1000.
Terminated at swamp 0.5.
The last entry of errorHistory is 0.500212 for index 433128, 434/1000.
Terminated at swamp 0.5.
The last entry of errorHistory is 0.500104 for index 433129, 434/1000.
Terminated at swamp 0.5.
The last entry of errorHistory is 0.500504 for index 433130, 434/1000.
Terminated at swamp 0.5.
The last entry of errorHistory is 0.500661 for index 433131, 434/1000.
Terminated at swamp 0.5.
The last entry of errorHistory is 0.500000 for index 433132, 434/1000.
The last entry of errorHistory is 0.000028 for index 433133, 434/1000.
Terminated at swamp 0.5.
The last entry of errorHistory is 0.500541 for index 433134, 434/1000.
Terminated at swamp 0.5.
The last entry of errorHistory is 0.500359 for index 433135, 434/1000.
Terminated at swamp 1.
The last entry of errorHistory is 1.000001 for index 433136, 434/1000.
Terminated at swamp 0.5.
The last entry of errorHistory is 0.500494 for index 433137, 434/1000.
Terminated at swamp 1.
The last entry of errorHistory is 1.000035 for index 433138, 434/1000.
Terminated at swamp 0.5.
The last entry of errorHistory is 0.500061 for index 433139, 434/1000.
The last entry of errorHistory is 1.000000 for index 433140, 434/1000.
Terminated at swamp 0.5.
The last entry of errorHistory is 0.500611 for index 433141, 434/1000.
Terminated at swamp 1.
The last entry of errorHistory is 1.000159 for index 433142, 434/1000.
Terminated at swamp 0.5.
The last entry of errorHistory is 0.500517 for index 433143, 434/1000.
Terminated at swamp 0.5.
The last entry of errorHistory is 0.499912 for index 433144, 434/1000.
Terminated at swamp 0.5.
The last entry of errorHistory is 0.500363 for index 433145, 434/1000.
Terminated at swamp 0.5.
The last entry of errorHistory is 0.500379 for index 433146, 434/1000.
The last entry of errorHistory is 1.500000 for index 433147, 434/1000.
Terminated at swamp 1.
The last entry of errorHistory is 1.000014 for index 433148, 434/1000.
Terminated at swamp 0.5.
The last entry of errorHistory is 0.500487 for index 433149, 434/1000.
The last entry of errorHistory is 0.000016 for index 433150, 434/1000.
The last entry of errorHistory is 0.000014 for index 433151, 434/1000.
The last entry of errorHistory is 0.000808 for index 433152, 434/1000.
The last entry of errorHistory is 0.000012 for index 433153, 434/1000.
The last entry of errorHistory is 0.500000 for index 433154, 434/1000.
Terminated at swamp 1.
The last entry of errorHistory is 1.000000 for index 433155, 434/1000.
The last entry of errorHistory is 0.000107 for index 433156, 434/1000.
Terminated at swamp 0.5.
The last entry of errorHistory is 0.500125 for index 433157, 434/1000.
Terminated at swamp 1.
The last entry of errorHistory is 1.000018 for index 433158, 434/1000.
The last entry of errorHistory is 0.000018 for index 433159, 434/1000.
Terminated at swamp 0.5.
The last entry of errorHistory is 0.500485 for index 433160, 434/1000.
The last entry of errorHistory is 0.000020 for index 433161, 434/1000.
The last entry of errorHistory is 0.000027 for index 433162, 434/1000.
The last entry of errorHistory is 1.000000 for index 433163, 434/1000.
Terminated at swamp 0.5.
The last entry of errorHistory is 0.500146 for index 433164, 434/1000.
Terminated at swamp 0.5.
The last entry of errorHistory is 0.500098 for index 433165, 434/1000.
Terminated at swamp 0.5.
The last entry of errorHistory is 0.500384 for index 433166, 434/1000.
The last entry of errorHistory is 0.500000 for index 433167, 434/1000.
Terminated at swamp 0.5.
The last entry of errorHistory is 0.500356 for index 433168, 434/1000.
The last entry of errorHistory is 0.000013 for index 433169, 434/1000.
Terminated at swamp 1.
The last entry of errorHistory is 1.000303 for index 433170, 434/1000.
Terminated at swamp 0.5.
The last entry of errorHistory is 0.500284 for index 433171, 434/1000.
The last entry of errorHistory is 0.500000 for index 433172, 434/1000.
Terminated at swamp 1.
The last entry of errorHistory is 1.000480 for index 433173, 434/1000.
The last entry of errorHistory is 1.000000 for index 433174, 434/1000.
The last entry of errorHistory is 0.000011 for index 433175, 434/1000.
Terminated at swamp 0.5.
The last entry of errorHistory is 0.500015 for index 433176, 434/1000.
Terminated at swamp 0.5.
The last entry of errorHistory is 0.500553 for index 433177, 434/1000.
The last entry of errorHistory is 1.000000 for index 433178, 434/1000.
The last entry of errorHistory is 0.000019 for index 433179, 434/1000.
Terminated at swamp 0.5.
The last entry of errorHistory is 0.500236 for index 433180, 434/1000.
The last entry of errorHistory is 0.500000 for index 433181, 434/1000.
Terminated at swamp 0.5.
The last entry of errorHistory is 0.500005 for index 433182, 434/1000.
Terminated at swamp 0.5.
The last entry of errorHistory is 0.500455 for index 433183, 434/1000.
Terminated at swamp 0.5.
The last entry of errorHistory is 0.500468 for index 433184, 434/1000.
Terminated at swamp 0.5.
The last entry of errorHistory is 0.500150 for index 433185, 434/1000.
Terminated at swamp 0.5.
The last entry of errorHistory is 0.500081 for index 433186, 434/1000.
The last entry of errorHistory is 0.001040 for index 433187, 434/1000.
Terminated at swamp 1.
The last entry of errorHistory is 1.000084 for index 433188, 434/1000.
Terminated at swamp 0.5.
The last entry of errorHistory is 0.500449 for index 433189, 434/1000.
The last entry of errorHistory is 0.000015 for index 433190, 434/1000.
Terminated at swamp 0.5.
The last entry of errorHistory is 0.500560 for index 433191, 434/1000.
Terminated at swamp 0.5.
The last entry of errorHistory is 0.500565 for index 433192, 434/1000.
Terminated at swamp 0.5.
The last entry of errorHistory is 0.500020 for index 433193, 434/1000.
Terminated at swamp 0.5.
The last entry of errorHistory is 0.500449 for index 433194, 434/1000.
The last entry of errorHistory is 1.500000 for index 433195, 434/1000.
The last entry of errorHistory is 0.500000 for index 433196, 434/1000.
The last entry of errorHistory is 0.000056 for index 433197, 434/1000.
Terminated at swamp 1.
The last entry of errorHistory is 1.000019 for index 433198, 434/1000.
Terminated at swamp 1.
The last entry of errorHistory is 1.000100 for index 433199, 434/1000.
Terminated at swamp 0.5.
The last entry of errorHistory is 0.500514 for index 433200, 434/1000.
The last entry of errorHistory is 1.500000 for index 433201, 434/1000.
Terminated at swamp 0.5.
The last entry of errorHistory is 0.500265 for index 433202, 434/1000.
Terminated at swamp 1.
The last entry of errorHistory is 1.000220 for index 433203, 434/1000.
Terminated at swamp 0.5.
The last entry of errorHistory is 0.500644 for index 433204, 434/1000.
Terminated at swamp 1.
The last entry of errorHistory is 1.000073 for index 433205, 434/1000.
Terminated at swamp 0.5.
The last entry of errorHistory is 0.500561 for index 433206, 434/1000.
Terminated at swamp 0.5.
The last entry of errorHistory is 0.500197 for index 433207, 434/1000.
Terminated at swamp 0.5.
The last entry of errorHistory is 0.500417 for index 433208, 434/1000.
The last entry of errorHistory is 1.000000 for index 433209, 434/1000.
The last entry of errorHistory is 1.000000 for index 433210, 434/1000.
The last entry of errorHistory is 0.000038 for index 433211, 434/1000.
Terminated at swamp 0.5.
The last entry of errorHistory is 0.500630 for index 433212, 434/1000.
Terminated at swamp 1.
The last entry of errorHistory is 1.000475 for index 433213, 434/1000.
The last entry of errorHistory is 1.000000 for index 433214, 434/1000.
Terminated at swamp 0.5.
The last entry of errorHistory is 0.500255 for index 433215, 434/1000.
The last entry of errorHistory is 1.500000 for index 433216, 434/1000.
Terminated at swamp 0.5.
The last entry of errorHistory is 0.500554 for index 433217, 434/1000.
Terminated at swamp 0.5.
The last entry of errorHistory is 0.500028 for index 433218, 434/1000.
Terminated at swamp 0.5.
The last entry of errorHistory is 0.500754 for index 433219, 434/1000.
Terminated at swamp 0.5.
The last entry of errorHistory is 0.500410 for index 433220, 434/1000.
Terminated at swamp 1.
The last entry of errorHistory is 1.000331 for index 433221, 434/1000.
Terminated at swamp 1.
The last entry of errorHistory is 1.000266 for index 433222, 434/1000.
Terminated at swamp 0.5.
The last entry of errorHistory is 0.500486 for index 433223, 434/1000.
Terminated at swamp 0.5.
The last entry of errorHistory is 0.500553 for index 433224, 434/1000.
Terminated at swamp 1.
The last entry of errorHistory is 1.000312 for index 433225, 434/1000.
Terminated at swamp 0.5.
The last entry of errorHistory is 0.500435 for index 433226, 434/1000.
Terminated at swamp 0.5.
The last entry of errorHistory is 0.500061 for index 433227, 434/1000.
Terminated at swamp 0.5.
The last entry of errorHistory is 0.500514 for index 433228, 434/1000.
Terminated at swamp 1.
The last entry of errorHistory is 1.000043 for index 433229, 434/1000.
The last entry of errorHistory is 1.000000 for index 433230, 434/1000.
Terminated at swamp 0.5.
The last entry of errorHistory is 0.500000 for index 433231, 434/1000.
Terminated at swamp 0.5.
The last entry of errorHistory is 0.500209 for index 433232, 434/1000.
The last entry of errorHistory is 0.000024 for index 433233, 434/1000.
Terminated at swamp 0.5.
The last entry of errorHistory is 0.500642 for index 433234, 434/1000.
The last entry of errorHistory is 0.000014 for index 433235, 434/1000.
Terminated at swamp 1.
The last entry of errorHistory is 1.000000 for index 433236, 434/1000.
The last entry of errorHistory is 0.500000 for index 433237, 434/1000.
The last entry of errorHistory is 0.000099 for index 433238, 434/1000.
Terminated at swamp 1.
The last entry of errorHistory is 1.000023 for index 433239, 434/1000.
The last entry of errorHistory is 1.000000 for index 433240, 434/1000.
Terminated at swamp 0.5.
The last entry of errorHistory is 0.500878 for index 433241, 434/1000.
The last entry of errorHistory is 0.000260 for index 433242, 434/1000.
Terminated at swamp 0.5.
The last entry of errorHistory is 0.500484 for index 433243, 434/1000.
Terminated at swamp 1.5.
The last entry of errorHistory is 1.500346 for index 433244, 434/1000.
Terminated at swamp 1.
The last entry of errorHistory is 1.000003 for index 433245, 434/1000.
Terminated at swamp 0.5.
The last entry of errorHistory is 0.500091 for index 433246, 434/1000.
Terminated at swamp 0.5.
The last entry of errorHistory is 0.500445 for index 433247, 434/1000.
Terminated at swamp 1.
The last entry of errorHistory is 1.000152 for index 433248, 434/1000.
Terminated at swamp 0.5.
The last entry of errorHistory is 0.500483 for index 433249, 434/1000.
Terminated at swamp 1.
The last entry of errorHistory is 1.000026 for index 433250, 434/1000.
The last entry of errorHistory is 1.000000 for index 433251, 434/1000.
Terminated at swamp 0.5.
The last entry of errorHistory is 0.500503 for index 433252, 434/1000.
The last entry of errorHistory is 1.000000 for index 433253, 434/1000.
Terminated at swamp 1.
The last entry of errorHistory is 1.000223 for index 433254, 434/1000.
Terminated at swamp 0.5.
The last entry of errorHistory is 0.500454 for index 433255, 434/1000.
Terminated at swamp 0.5.
The last entry of errorHistory is 0.500543 for index 433256, 434/1000.
The last entry of errorHistory is 0.000014 for index 433257, 434/1000.
The last entry of errorHistory is 0.500000 for index 433258, 434/1000.
Terminated at swamp 0.5.
The last entry of errorHistory is 0.500288 for index 433259, 434/1000.
Terminated at swamp 0.5.
The last entry of errorHistory is 0.500556 for index 433260, 434/1000.
Terminated at swamp 0.5.
The last entry of errorHistory is 0.500564 for index 433261, 434/1000.
The last entry of errorHistory is 1.000000 for index 433262, 434/1000.
Terminated at swamp 1.
The last entry of errorHistory is 1.000004 for index 433263, 434/1000.
Terminated at swamp 0.5.
The last entry of errorHistory is 0.500225 for index 433264, 434/1000.
The last entry of errorHistory is 1.000000 for index 433265, 434/1000.
Terminated at swamp 1.
The last entry of errorHistory is 1.000034 for index 433266, 434/1000.
Terminated at swamp 1.
The last entry of errorHistory is 1.000090 for index 433267, 434/1000.
The last entry of errorHistory is 0.000020 for index 433268, 434/1000.
The last entry of errorHistory is 0.000202 for index 433269, 434/1000.
Terminated at swamp 0.5.
The last entry of errorHistory is 0.500589 for index 433270, 434/1000.
Terminated at swamp 0.5.
The last entry of errorHistory is 0.500089 for index 433271, 434/1000.
Terminated at swamp 0.5.
The last entry of errorHistory is 0.500345 for index 433272, 434/1000.
Terminated at swamp 0.5.
The last entry of errorHistory is 0.500206 for index 433273, 434/1000.
The last entry of errorHistory is 1.000000 for index 433274, 434/1000.
The last entry of errorHistory is 0.000385 for index 433275, 434/1000.
Terminated at swamp 0.5.
The last entry of errorHistory is 0.500218 for index 433276, 434/1000.
Terminated at swamp 0.5.
The last entry of errorHistory is 0.500560 for index 433277, 434/1000.
Terminated at swamp 0.5.
The last entry of errorHistory is 0.500000 for index 433278, 434/1000.
Terminated at swamp 0.5.
The last entry of errorHistory is 0.500322 for index 433279, 434/1000.
Terminated at swamp 0.5.
The last entry of errorHistory is 0.500371 for index 433280, 434/1000.
Terminated at swamp 0.5.
The last entry of errorHistory is 0.500348 for index 433281, 434/1000.
Terminated at swamp 0.5.
The last entry of errorHistory is 0.500073 for index 433282, 434/1000.
Terminated at swamp 0.5.
The last entry of errorHistory is 0.500021 for index 433283, 434/1000.
Terminated at swamp 1.
The last entry of errorHistory is 1.000019 for index 433284, 434/1000.
The last entry of errorHistory is 0.500000 for index 433285, 434/1000.
Terminated at swamp 0.5.
The last entry of errorHistory is 0.500461 for index 433286, 434/1000.
Terminated at swamp 0.5.
The last entry of errorHistory is 0.500690 for index 433287, 434/1000.
Terminated at swamp 0.5.
The last entry of errorHistory is 0.500001 for index 433288, 434/1000.
Terminated at swamp 0.5.
The last entry of errorHistory is 0.500165 for index 433289, 434/1000.
Terminated at swamp 1.
The last entry of errorHistory is 1.000300 for index 433290, 434/1000.
Terminated at swamp 0.5.
The last entry of errorHistory is 0.500518 for index 433291, 434/1000.
Terminated at swamp 0.5.
The last entry of errorHistory is 0.500010 for index 433292, 434/1000.
Terminated at swamp 0.5.
The last entry of errorHistory is 0.500286 for index 433293, 434/1000.
Terminated at swamp 0.5.
The last entry of errorHistory is 0.500539 for index 433294, 434/1000.
The last entry of errorHistory is 0.000017 for index 433295, 434/1000.
Terminated at swamp 0.5.
The last entry of errorHistory is 0.500000 for index 433296, 434/1000.
Terminated at swamp 0.5.
The last entry of errorHistory is 0.500547 for index 433297, 434/1000.
Terminated at swamp 0.5.
The last entry of errorHistory is 0.500284 for index 433298, 434/1000.
Terminated at swamp 0.5.
The last entry of errorHistory is 0.500030 for index 433299, 434/1000.
Terminated at swamp 1.
The last entry of errorHistory is 1.000544 for index 433300, 434/1000.
Terminated at swamp 0.5.
The last entry of errorHistory is 0.500084 for index 433301, 434/1000.
Terminated at swamp 0.5.
The last entry of errorHistory is 0.500072 for index 433302, 434/1000.
The last entry of errorHistory is 1.000000 for index 433303, 434/1000.
Terminated at swamp 0.5.
The last entry of errorHistory is 0.500021 for index 433304, 434/1000.
Terminated at swamp 0.5.
The last entry of errorHistory is 0.500012 for index 433305, 434/1000.
Terminated at swamp 1.
The last entry of errorHistory is 1.000085 for index 433306, 434/1000.
The last entry of errorHistory is 1.000000 for index 433307, 434/1000.
Terminated at swamp 1.
The last entry of errorHistory is 1.000007 for index 433308, 434/1000.
Terminated at swamp 1.
The last entry of errorHistory is 0.999946 for index 433309, 434/1000.
The last entry of errorHistory is 1.000000 for index 433310, 434/1000.
Terminated at swamp 0.5.
The last entry of errorHistory is 0.500250 for index 433311, 434/1000.
Terminated at swamp 0.5.
The last entry of errorHistory is 0.500069 for index 433312, 434/1000.
The last entry of errorHistory is 0.000034 for index 433313, 434/1000.
Terminated at swamp 0.5.
The last entry of errorHistory is 0.500082 for index 433314, 434/1000.
Terminated at swamp 0.5.
The last entry of errorHistory is 0.500832 for index 433315, 434/1000.
Terminated at swamp 0.5.
The last entry of errorHistory is 0.500198 for index 433316, 434/1000.
Terminated at swamp 1.
The last entry of errorHistory is 1.000340 for index 433317, 434/1000.
Terminated at swamp 1.
The last entry of errorHistory is 1.000000 for index 433318, 434/1000.
Terminated at swamp 0.5.
The last entry of errorHistory is 0.500040 for index 433319, 434/1000.
Terminated at swamp 0.5.
The last entry of errorHistory is 0.500363 for index 433320, 434/1000.
Terminated at swamp 1.
The last entry of errorHistory is 1.000006 for index 433321, 434/1000.
Terminated at swamp 0.5.
The last entry of errorHistory is 0.500412 for index 433322, 434/1000.
Terminated at swamp 1.
The last entry of errorHistory is 1.000042 for index 433323, 434/1000.
The last entry of errorHistory is 1.500000 for index 433324, 434/1000.
Terminated at swamp 0.5.
The last entry of errorHistory is 0.500899 for index 433325, 434/1000.
Terminated at swamp 0.5.
The last entry of errorHistory is 0.500306 for index 433326, 434/1000.
Terminated at swamp 0.5.
The last entry of errorHistory is 0.500001 for index 433327, 434/1000.
Terminated at swamp 1.
The last entry of errorHistory is 1.000044 for index 433328, 434/1000.
Terminated at swamp 0.5.
The last entry of errorHistory is 0.500484 for index 433329, 434/1000.
Terminated at swamp 0.5.
The last entry of errorHistory is 0.500624 for index 433330, 434/1000.
Terminated at swamp 1.
The last entry of errorHistory is 1.000211 for index 433331, 434/1000.
Terminated at swamp 0.5.
The last entry of errorHistory is 0.500639 for index 433332, 434/1000.
Terminated at swamp 0.5.
The last entry of errorHistory is 0.500352 for index 433333, 434/1000.
Terminated at swamp 0.5.
The last entry of errorHistory is 0.500132 for index 433334, 434/1000.
Terminated at swamp 0.5.
The last entry of errorHistory is 0.500597 for index 433335, 434/1000.
Terminated at swamp 0.5.
The last entry of errorHistory is 0.500580 for index 433336, 434/1000.
The last entry of errorHistory is 1.000000 for index 433337, 434/1000.
Terminated at swamp 0.5.
The last entry of errorHistory is 0.500416 for index 433338, 434/1000.
Terminated at swamp 0.5.
The last entry of errorHistory is 0.500523 for index 433339, 434/1000.
Terminated at swamp 0.5.
The last entry of errorHistory is 0.500400 for index 433340, 434/1000.
The last entry of errorHistory is 1.000000 for index 433341, 434/1000.
Terminated at swamp 1.
The last entry of errorHistory is 1.000006 for index 433342, 434/1000.
Terminated at swamp 1.
The last entry of errorHistory is 1.000283 for index 433343, 434/1000.
Terminated at swamp 0.5.
The last entry of errorHistory is 0.500451 for index 433344, 434/1000.
The last entry of errorHistory is 1.000000 for index 433345, 434/1000.
Terminated at swamp 1.
The last entry of errorHistory is 1.000117 for index 433346, 434/1000.
The last entry of errorHistory is 0.500000 for index 433347, 434/1000.
The last entry of errorHistory is 0.000376 for index 433348, 434/1000.
Terminated at swamp 0.5.
The last entry of errorHistory is 0.500473 for index 433349, 434/1000.
The last entry of errorHistory is 1.000000 for index 433350, 434/1000.
The last entry of errorHistory is 0.500000 for index 433351, 434/1000.
Terminated at swamp 0.5.
The last entry of errorHistory is 0.500814 for index 433352, 434/1000.
Terminated at swamp 0.5.
The last entry of errorHistory is 0.500266 for index 433353, 434/1000.
The last entry of errorHistory is 0.500000 for index 433354, 434/1000.
Terminated at swamp 0.5.
The last entry of errorHistory is 0.500541 for index 433355, 434/1000.
The last entry of errorHistory is 1.500000 for index 433356, 434/1000.
The last entry of errorHistory is 0.500000 for index 433357, 434/1000.
The last entry of errorHistory is 0.000020 for index 433358, 434/1000.
Terminated at swamp 0.5.
The last entry of errorHistory is 0.500623 for index 433359, 434/1000.
Terminated at swamp 0.5.
The last entry of errorHistory is 0.500205 for index 433360, 434/1000.
Terminated at swamp 1.
The last entry of errorHistory is 1.000123 for index 433361, 434/1000.
The last entry of errorHistory is 1.500000 for index 433362, 434/1000.
Terminated at swamp 0.5.
The last entry of errorHistory is 0.500476 for index 433363, 434/1000.
The last entry of errorHistory is 1.000000 for index 433364, 434/1000.
The last entry of errorHistory is 1.500000 for index 433365, 434/1000.
Terminated at swamp 0.5.
The last entry of errorHistory is 0.500413 for index 433366, 434/1000.
Terminated at swamp 0.5.
The last entry of errorHistory is 0.500487 for index 433367, 434/1000.
Terminated at swamp 0.5.
The last entry of errorHistory is 0.500230 for index 433368, 434/1000.
Terminated at swamp 0.5.
The last entry of errorHistory is 0.500274 for index 433369, 434/1000.
The last entry of errorHistory is 0.500000 for index 433370, 434/1000.
The last entry of errorHistory is 1.000000 for index 433371, 434/1000.
Terminated at swamp 1.
The last entry of errorHistory is 1.000000 for index 433372, 434/1000.
The last entry of errorHistory is 1.000000 for index 433373, 434/1000.
The last entry of errorHistory is 0.000011 for index 433374, 434/1000.
Terminated at swamp 0.5.
The last entry of errorHistory is 0.500150 for index 433375, 434/1000.
Terminated at swamp 0.5.
The last entry of errorHistory is 0.500388 for index 433376, 434/1000.
Terminated at swamp 0.5.
The last entry of errorHistory is 0.500613 for index 433377, 434/1000.
Terminated at swamp 1.
The last entry of errorHistory is 1.000001 for index 433378, 434/1000.
Terminated at swamp 0.5.
The last entry of errorHistory is 0.500315 for index 433379, 434/1000.
Terminated at swamp 0.5.
The last entry of errorHistory is 0.500176 for index 433380, 434/1000.
The last entry of errorHistory is 1.000000 for index 433381, 434/1000.
The last entry of errorHistory is 1.000000 for index 433382, 434/1000.
The last entry of errorHistory is 0.000014 for index 433383, 434/1000.
Terminated at swamp 0.5.
The last entry of errorHistory is 0.500356 for index 433384, 434/1000.
Terminated at swamp 1.
The last entry of errorHistory is 1.000252 for index 433385, 434/1000.
Terminated at swamp 0.5.
The last entry of errorHistory is 0.500474 for index 433386, 434/1000.
Terminated at swamp 1.
The last entry of errorHistory is 1.000179 for index 433387, 434/1000.
The last entry of errorHistory is 0.000038 for index 433388, 434/1000.
Terminated at swamp 0.5.
The last entry of errorHistory is 0.500449 for index 433389, 434/1000.
Terminated at swamp 0.5.
The last entry of errorHistory is 0.500432 for index 433390, 434/1000.
The last entry of errorHistory is 0.500000 for index 433391, 434/1000.
Terminated at swamp 0.5.
The last entry of errorHistory is 0.500326 for index 433392, 434/1000.
The last entry of errorHistory is 1.500000 for index 433393, 434/1000.
Terminated at swamp 0.5.
The last entry of errorHistory is 0.500287 for index 433394, 434/1000.
Terminated at swamp 0.5.
The last entry of errorHistory is 0.500602 for index 433395, 434/1000.
The last entry of errorHistory is 1.000000 for index 433396, 434/1000.
Terminated at swamp 1.
The last entry of errorHistory is 1.000039 for index 433397, 434/1000.
Terminated at swamp 1.
The last entry of errorHistory is 1.000396 for index 433398, 434/1000.
Terminated at swamp 0.5.
The last entry of errorHistory is 0.500202 for index 433399, 434/1000.
The last entry of errorHistory is 1.000000 for index 433400, 434/1000.
The last entry of errorHistory is 1.000000 for index 433401, 434/1000.
Terminated at swamp 0.5.
The last entry of errorHistory is 0.500375 for index 433402, 434/1000.
The last entry of errorHistory is 0.000276 for index 433403, 434/1000.
Terminated at swamp 0.5.
The last entry of errorHistory is 0.500948 for index 433404, 434/1000.
The last entry of errorHistory is 1.000000 for index 433405, 434/1000.
Terminated at swamp 1.
The last entry of errorHistory is 1.000000 for index 433406, 434/1000.
Terminated at swamp 0.5.
The last entry of errorHistory is 0.500422 for index 433407, 434/1000.
Terminated at swamp 0.5.
The last entry of errorHistory is 0.500000 for index 433408, 434/1000.
Terminated at swamp 0.5.
The last entry of errorHistory is 0.500438 for index 433409, 434/1000.
Terminated at swamp 0.5.
The last entry of errorHistory is 0.500648 for index 433410, 434/1000.
Terminated at swamp 0.5.
The last entry of errorHistory is 0.500392 for index 433411, 434/1000.
Terminated at swamp 0.5.
The last entry of errorHistory is 0.500432 for index 433412, 434/1000.
Terminated at swamp 1.
The last entry of errorHistory is 1.000006 for index 433413, 434/1000.
Terminated at swamp 1.
The last entry of errorHistory is 1.000000 for index 433414, 434/1000.
Terminated at swamp 0.5.
The last entry of errorHistory is 0.500054 for index 433415, 434/1000.
Terminated at swamp 0.5.
The last entry of errorHistory is 0.500353 for index 433416, 434/1000.
The last entry of errorHistory is 0.500000 for index 433417, 434/1000.
Terminated at swamp 0.5.
The last entry of errorHistory is 0.500505 for index 433418, 434/1000.
Terminated at swamp 0.5.
The last entry of errorHistory is 0.500000 for index 433419, 434/1000.
The last entry of errorHistory is 1.000000 for index 433420, 434/1000.
Terminated at swamp 1.
The last entry of errorHistory is 1.000000 for index 433421, 434/1000.
Terminated at swamp 0.5.
The last entry of errorHistory is 0.500065 for index 433422, 434/1000.
Terminated at swamp 1.
The last entry of errorHistory is 1.000394 for index 433423, 434/1000.
The last entry of errorHistory is 1.000000 for index 433424, 434/1000.
The last entry of errorHistory is 1.000000 for index 433425, 434/1000.
Terminated at swamp 0.5.
The last entry of errorHistory is 0.500380 for index 433426, 434/1000.
Terminated at swamp 1.
The last entry of errorHistory is 1.000052 for index 433427, 434/1000.
Terminated at swamp 1.
The last entry of errorHistory is 1.000000 for index 433428, 434/1000.
The last entry of errorHistory is 1.000000 for index 433429, 434/1000.
Terminated at swamp 1.
The last entry of errorHistory is 1.000021 for index 433430, 434/1000.
Terminated at swamp 0.5.
The last entry of errorHistory is 0.500519 for index 433431, 434/1000.
Terminated at swamp 1.
The last entry of errorHistory is 1.000318 for index 433432, 434/1000.
Terminated at swamp 1.
The last entry of errorHistory is 1.000123 for index 433433, 434/1000.
Terminated at swamp 1.
The last entry of errorHistory is 1.000000 for index 433434, 434/1000.
Terminated at swamp 0.5.
The last entry of errorHistory is 0.500126 for index 433435, 434/1000.
The last entry of errorHistory is 0.000487 for index 433436, 434/1000.
Terminated at swamp 0.5.
The last entry of errorHistory is 0.500143 for index 433437, 434/1000.
Terminated at swamp 0.5.
The last entry of errorHistory is 0.500922 for index 433438, 434/1000.
Terminated at swamp 0.5.
The last entry of errorHistory is 0.500276 for index 433439, 434/1000.
Terminated at swamp 0.5.
The last entry of errorHistory is 0.500186 for index 433440, 434/1000.
Terminated at swamp 0.5.
The last entry of errorHistory is 0.500679 for index 433441, 434/1000.
Terminated at swamp 0.5.
The last entry of errorHistory is 0.500137 for index 433442, 434/1000.
The last entry of errorHistory is 0.500000 for index 433443, 434/1000.
The last entry of errorHistory is 0.000047 for index 433444, 434/1000.
The last entry of errorHistory is 1.000000 for index 433445, 434/1000.
Terminated at swamp 0.5.
The last entry of errorHistory is 0.500000 for index 433446, 434/1000.
Terminated at swamp 0.5.
The last entry of errorHistory is 0.500327 for index 433447, 434/1000.
Terminated at swamp 0.5.
The last entry of errorHistory is 0.500443 for index 433448, 434/1000.
The last entry of errorHistory is 0.500000 for index 433449, 434/1000.
Terminated at swamp 0.5.
The last entry of errorHistory is 0.500000 for index 433450, 434/1000.
Terminated at swamp 1.
The last entry of errorHistory is 1.000304 for index 433451, 434/1000.
The last entry of errorHistory is 1.000000 for index 433452, 434/1000.
Terminated at swamp 0.5.
The last entry of errorHistory is 0.500357 for index 433453, 434/1000.
Terminated at swamp 0.5.
The last entry of errorHistory is 0.500501 for index 433454, 434/1000.
Terminated at swamp 0.5.
The last entry of errorHistory is 0.500421 for index 433455, 434/1000.
Terminated at swamp 0.5.
The last entry of errorHistory is 0.500618 for index 433456, 434/1000.
Terminated at swamp 0.5.
The last entry of errorHistory is 0.500491 for index 433457, 434/1000.
Terminated at swamp 0.5.
The last entry of errorHistory is 0.500432 for index 433458, 434/1000.
Terminated at swamp 0.5.
The last entry of errorHistory is 0.500402 for index 433459, 434/1000.
Terminated at swamp 0.5.
The last entry of errorHistory is 0.500449 for index 433460, 434/1000.
Terminated at swamp 1.
The last entry of errorHistory is 1.000061 for index 433461, 434/1000.
The last entry of errorHistory is 1.000000 for index 433462, 434/1000.
The last entry of errorHistory is 1.000000 for index 433463, 434/1000.
Terminated at swamp 0.5.
The last entry of errorHistory is 0.500840 for index 433464, 434/1000.
The last entry of errorHistory is 1.000000 for index 433465, 434/1000.
The last entry of errorHistory is 1.000000 for index 433466, 434/1000.
Terminated at swamp 1.
The last entry of errorHistory is 1.000214 for index 433467, 434/1000.
The last entry of errorHistory is 0.000013 for index 433468, 434/1000.
Terminated at swamp 0.5.
The last entry of errorHistory is 0.500352 for index 433469, 434/1000.
The last entry of errorHistory is 0.000039 for index 433470, 434/1000.
The last entry of errorHistory is 1.000000 for index 433471, 434/1000.
Terminated at swamp 0.5.
The last entry of errorHistory is 0.500670 for index 433472, 434/1000.
Terminated at swamp 0.5.
The last entry of errorHistory is 0.500395 for index 433473, 434/1000.
Terminated at swamp 1.
The last entry of errorHistory is 1.000306 for index 433474, 434/1000.
The last entry of errorHistory is 1.500000 for index 433475, 434/1000.
Terminated at swamp 0.5.
The last entry of errorHistory is 0.500122 for index 433476, 434/1000.
The last entry of errorHistory is 1.000000 for index 433477, 434/1000.
Terminated at swamp 0.5.
The last entry of errorHistory is 0.500260 for index 433478, 434/1000.
Terminated at swamp 1.
The last entry of errorHistory is 1.000024 for index 433479, 434/1000.
Terminated at swamp 0.5.
The last entry of errorHistory is 0.500110 for index 433480, 434/1000.
Terminated at swamp 1.
The last entry of errorHistory is 1.000003 for index 433481, 434/1000.
Terminated at swamp 0.5.
The last entry of errorHistory is 0.500229 for index 433482, 434/1000.
The last entry of errorHistory is 1.000000 for index 433483, 434/1000.
Terminated at swamp 0.5.
The last entry of errorHistory is 0.500366 for index 433484, 434/1000.
Terminated at swamp 1.
The last entry of errorHistory is 1.000478 for index 433485, 434/1000.
The last entry of errorHistory is 0.000017 for index 433486, 434/1000.
Terminated at swamp 0.5.
The last entry of errorHistory is 0.500578 for index 433487, 434/1000.
Terminated at swamp 1.
The last entry of errorHistory is 1.000475 for index 433488, 434/1000.
Terminated at swamp 0.5.
The last entry of errorHistory is 0.500490 for index 433489, 434/1000.
The last entry of errorHistory is 0.000055 for index 433490, 434/1000.
The last entry of errorHistory is 1.000000 for index 433491, 434/1000.
The last entry of errorHistory is 0.000014 for index 433492, 434/1000.
Terminated at swamp 1.
The last entry of errorHistory is 1.000364 for index 433493, 434/1000.
Terminated at swamp 0.5.
The last entry of errorHistory is 0.500126 for index 433494, 434/1000.
Terminated at swamp 0.5.
The last entry of errorHistory is 0.500621 for index 433495, 434/1000.
The last entry of errorHistory is 0.000663 for index 433496, 434/1000.
Terminated at swamp 0.5.
The last entry of errorHistory is 0.500560 for index 433497, 434/1000.
The last entry of errorHistory is 1.000000 for index 433498, 434/1000.
Terminated at swamp 1.
The last entry of errorHistory is 1.000000 for index 433499, 434/1000.
Terminated at swamp 1.
The last entry of errorHistory is 1.000006 for index 433500, 434/1000.
Terminated at swamp 0.5.
The last entry of errorHistory is 0.500515 for index 433501, 434/1000.
Terminated at swamp 0.5.
The last entry of errorHistory is 0.500323 for index 433502, 434/1000.
The last entry of errorHistory is 1.000000 for index 433503, 434/1000.
Terminated at swamp 1.
The last entry of errorHistory is 1.000023 for index 433504, 434/1000.
Terminated at swamp 1.
The last entry of errorHistory is 1.000003 for index 433505, 434/1000.
Terminated at swamp 1.
The last entry of errorHistory is 1.000406 for index 433506, 434/1000.
Terminated at swamp 0.5.
The last entry of errorHistory is 0.500391 for index 433507, 434/1000.
Terminated at swamp 0.5.
The last entry of errorHistory is 0.500622 for index 433508, 434/1000.
The last entry of errorHistory is 0.000017 for index 433509, 434/1000.
Terminated at swamp 1.
The last entry of errorHistory is 1.000386 for index 433510, 434/1000.
Terminated at swamp 0.5.
The last entry of errorHistory is 0.500069 for index 433511, 434/1000.
Terminated at swamp 0.5.
The last entry of errorHistory is 0.500314 for index 433512, 434/1000.
Terminated at swamp 0.5.
The last entry of errorHistory is 0.500494 for index 433513, 434/1000.
The last entry of errorHistory is 1.000000 for index 433514, 434/1000.
The last entry of errorHistory is 1.000000 for index 433515, 434/1000.
Terminated at swamp 0.5.
The last entry of errorHistory is 0.500478 for index 433516, 434/1000.
Terminated at swamp 0.5.
The last entry of errorHistory is 0.500576 for index 433517, 434/1000.
The last entry of errorHistory is 0.000007 for index 433518, 434/1000.
The last entry of errorHistory is 1.000000 for index 433519, 434/1000.
The last entry of errorHistory is 1.000000 for index 433520, 434/1000.
The last entry of errorHistory is 0.500000 for index 433521, 434/1000.
Terminated at swamp 0.5.
The last entry of errorHistory is 0.500305 for index 433522, 434/1000.
Terminated at swamp 1.
The last entry of errorHistory is 1.000000 for index 433523, 434/1000.
The last entry of errorHistory is 1.000000 for index 433524, 434/1000.
Terminated at swamp 0.5.
The last entry of errorHistory is 0.500128 for index 433525, 434/1000.
Terminated at swamp 0.5.
The last entry of errorHistory is 0.500036 for index 433526, 434/1000.
Terminated at swamp 0.5.
The last entry of errorHistory is 0.500299 for index 433527, 434/1000.
The last entry of errorHistory is 1.000000 for index 433528, 434/1000.
The last entry of errorHistory is 1.500000 for index 433529, 434/1000.
The last entry of errorHistory is 0.000013 for index 433530, 434/1000.
The last entry of errorHistory is 0.000019 for index 433531, 434/1000.
The last entry of errorHistory is 1.500000 for index 433532, 434/1000.
The last entry of errorHistory is 0.000046 for index 433533, 434/1000.
The last entry of errorHistory is 1.000000 for index 433534, 434/1000.
Terminated at swamp 0.5.
The last entry of errorHistory is 0.500546 for index 433535, 434/1000.
Terminated at swamp 0.5.
The last entry of errorHistory is 0.500368 for index 433536, 434/1000.
Terminated at swamp 1.
The last entry of errorHistory is 1.000000 for index 433537, 434/1000.
The last entry of errorHistory is 0.000115 for index 433538, 434/1000.
The last entry of errorHistory is 0.000009 for index 433539, 434/1000.
The last entry of errorHistory is 1.000000 for index 433540, 434/1000.
Terminated at swamp 0.5.
The last entry of errorHistory is 0.500554 for index 433541, 434/1000.
The last entry of errorHistory is 1.000000 for index 433542, 434/1000.
The last entry of errorHistory is 0.000975 for index 433543, 434/1000.
Terminated at swamp 1.
The last entry of errorHistory is 1.000044 for index 433544, 434/1000.
Terminated at swamp 0.5.
The last entry of errorHistory is 0.500573 for index 433545, 434/1000.
Terminated at swamp 0.5.
The last entry of errorHistory is 0.500295 for index 433546, 434/1000.
The last entry of errorHistory is 1.000000 for index 433547, 434/1000.
Terminated at swamp 0.5.
The last entry of errorHistory is 0.500398 for index 433548, 434/1000.
Terminated at swamp 0.5.
The last entry of errorHistory is 0.500218 for index 433549, 434/1000.
The last entry of errorHistory is 0.000444 for index 433550, 434/1000.
Terminated at swamp 0.5.
The last entry of errorHistory is 0.500168 for index 433551, 434/1000.
Terminated at swamp 0.5.
The last entry of errorHistory is 0.500750 for index 433552, 434/1000.
Terminated at swamp 0.5.
The last entry of errorHistory is 0.500026 for index 433553, 434/1000.
Terminated at swamp 0.5.
The last entry of errorHistory is 0.500620 for index 433554, 434/1000.
Terminated at swamp 0.5.
The last entry of errorHistory is 0.500406 for index 433555, 434/1000.
Terminated at swamp 0.5.
The last entry of errorHistory is 0.500423 for index 433556, 434/1000.
The last entry of errorHistory is 1.000000 for index 433557, 434/1000.
The last entry of errorHistory is 0.000008 for index 433558, 434/1000.
The last entry of errorHistory is 1.000000 for index 433559, 434/1000.
Terminated at swamp 0.5.
The last entry of errorHistory is 0.500164 for index 433560, 434/1000.
The last entry of errorHistory is 1.000000 for index 433561, 434/1000.
Terminated at swamp 0.5.
The last entry of errorHistory is 0.500438 for index 433562, 434/1000.
Terminated at swamp 0.5.
The last entry of errorHistory is 0.500365 for index 433563, 434/1000.
Terminated at swamp 1.
The last entry of errorHistory is 1.000289 for index 433564, 434/1000.
Terminated at swamp 0.5.
The last entry of errorHistory is 0.500026 for index 433565, 434/1000.
The last entry of errorHistory is 0.000841 for index 433566, 434/1000.
Terminated at swamp 0.5.
The last entry of errorHistory is 0.500243 for index 433567, 434/1000.
Terminated at swamp 0.5.
The last entry of errorHistory is 0.500096 for index 433568, 434/1000.
Terminated at swamp 0.5.
The last entry of errorHistory is 0.500546 for index 433569, 434/1000.
Terminated at swamp 0.5.
The last entry of errorHistory is 0.500414 for index 433570, 434/1000.
The last entry of errorHistory is 1.000000 for index 433571, 434/1000.
The last entry of errorHistory is 1.000000 for index 433572, 434/1000.
The last entry of errorHistory is 1.000000 for index 433573, 434/1000.
Terminated at swamp 0.5.
The last entry of errorHistory is 0.500349 for index 433574, 434/1000.
Terminated at swamp 0.5.
The last entry of errorHistory is 0.500435 for index 433575, 434/1000.
The last entry of errorHistory is 1.000000 for index 433576, 434/1000.
Terminated at swamp 1.
The last entry of errorHistory is 1.000155 for index 433577, 434/1000.
Terminated at swamp 0.5.
The last entry of errorHistory is 0.500069 for index 433578, 434/1000.
Terminated at swamp 1.
The last entry of errorHistory is 1.000135 for index 433579, 434/1000.
The last entry of errorHistory is 1.000000 for index 433580, 434/1000.
The last entry of errorHistory is 1.000000 for index 433581, 434/1000.
The last entry of errorHistory is 0.000690 for index 433582, 434/1000.
The last entry of errorHistory is 0.500000 for index 433583, 434/1000.
Terminated at swamp 1.
The last entry of errorHistory is 1.000125 for index 433584, 434/1000.
Terminated at swamp 0.5.
The last entry of errorHistory is 0.500360 for index 433585, 434/1000.
Terminated at swamp 1.
The last entry of errorHistory is 1.000247 for index 433586, 434/1000.
Terminated at swamp 1.
The last entry of errorHistory is 1.000426 for index 433587, 434/1000.
Terminated at swamp 0.5.
The last entry of errorHistory is 0.500085 for index 433588, 434/1000.
Terminated at swamp 0.5.
The last entry of errorHistory is 0.500476 for index 433589, 434/1000.
Terminated at swamp 1.
The last entry of errorHistory is 1.000000 for index 433590, 434/1000.
The last entry of errorHistory is 1.500000 for index 433591, 434/1000.
The last entry of errorHistory is 1.000000 for index 433592, 434/1000.
Terminated at swamp 0.5.
The last entry of errorHistory is 0.500239 for index 433593, 434/1000.
Terminated at swamp 0.5.
The last entry of errorHistory is 0.500038 for index 433594, 434/1000.
Terminated at swamp 0.5.
The last entry of errorHistory is 0.500870 for index 433595, 434/1000.
The last entry of errorHistory is 0.500000 for index 433596, 434/1000.
The last entry of errorHistory is 1.000000 for index 433597, 434/1000.
Terminated at swamp 0.5.
The last entry of errorHistory is 0.500630 for index 433598, 434/1000.
The last entry of errorHistory is 1.000000 for index 433599, 434/1000.
The last entry of errorHistory is 0.500000 for index 433600, 434/1000.
The last entry of errorHistory is 1.000000 for index 433601, 434/1000.
Terminated at swamp 1.
The last entry of errorHistory is 1.000315 for index 433602, 434/1000.
Terminated at swamp 0.5.
The last entry of errorHistory is 0.500067 for index 433603, 434/1000.
Terminated at swamp 1.
The last entry of errorHistory is 1.000252 for index 433604, 434/1000.
Terminated at swamp 1.
The last entry of errorHistory is 1.000045 for index 433605, 434/1000.
Terminated at swamp 0.5.
The last entry of errorHistory is 0.500019 for index 433606, 434/1000.
Terminated at swamp 0.5.
The last entry of errorHistory is 0.500374 for index 433607, 434/1000.
The last entry of errorHistory is 0.500000 for index 433608, 434/1000.
Terminated at swamp 1.
The last entry of errorHistory is 1.000146 for index 433609, 434/1000.
Terminated at swamp 0.5.
The last entry of errorHistory is 0.500008 for index 433610, 434/1000.
Terminated at swamp 0.5.
The last entry of errorHistory is 0.500149 for index 433611, 434/1000.
Terminated at swamp 0.5.
The last entry of errorHistory is 0.500081 for index 433612, 434/1000.
Terminated at swamp 1.
The last entry of errorHistory is 1.000438 for index 433613, 434/1000.
The last entry of errorHistory is 0.000014 for index 433614, 434/1000.
The last entry of errorHistory is 0.500000 for index 433615, 434/1000.
Terminated at swamp 0.5.
The last entry of errorHistory is 0.500437 for index 433616, 434/1000.
Terminated at swamp 1.
The last entry of errorHistory is 1.000000 for index 433617, 434/1000.
Terminated at swamp 0.5.
The last entry of errorHistory is 0.500585 for index 433618, 434/1000.
Terminated at swamp 0.5.
The last entry of errorHistory is 0.500862 for index 433619, 434/1000.
The last entry of errorHistory is 0.000077 for index 433620, 434/1000.
The last entry of errorHistory is 0.000012 for index 433621, 434/1000.
Terminated at swamp 0.5.
The last entry of errorHistory is 0.500103 for index 433622, 434/1000.
Terminated at swamp 0.5.
The last entry of errorHistory is 0.500576 for index 433623, 434/1000.
Terminated at swamp 0.5.
The last entry of errorHistory is 0.500019 for index 433624, 434/1000.
Terminated at swamp 0.5.
The last entry of errorHistory is 0.500358 for index 433625, 434/1000.
Terminated at swamp 0.5.
The last entry of errorHistory is 0.500402 for index 433626, 434/1000.
Terminated at swamp 0.5.
The last entry of errorHistory is 0.500469 for index 433627, 434/1000.
Terminated at swamp 0.5.
The last entry of errorHistory is 0.500521 for index 433628, 434/1000.
The last entry of errorHistory is 0.000355 for index 433629, 434/1000.
The last entry of errorHistory is 1.000000 for index 433630, 434/1000.
Terminated at swamp 0.5.
The last entry of errorHistory is 0.500206 for index 433631, 434/1000.
Terminated at swamp 0.5.
The last entry of errorHistory is 0.500533 for index 433632, 434/1000.
The last entry of errorHistory is 0.500000 for index 433633, 434/1000.
Terminated at swamp 0.5.
The last entry of errorHistory is 0.500419 for index 433634, 434/1000.
The last entry of errorHistory is 0.500000 for index 433635, 434/1000.
The last entry of errorHistory is 0.001330 for index 433636, 434/1000.
Terminated at swamp 0.5.
The last entry of errorHistory is 0.500403 for index 433637, 434/1000.
Terminated at swamp 0.5.
The last entry of errorHistory is 0.500631 for index 433638, 434/1000.
Terminated at swamp 0.5.
The last entry of errorHistory is 0.500346 for index 433639, 434/1000.
Terminated at swamp 0.5.
The last entry of errorHistory is 0.500558 for index 433640, 434/1000.
The last entry of errorHistory is 1.000000 for index 433641, 434/1000.
The last entry of errorHistory is 1.000000 for index 433642, 434/1000.
Terminated at swamp 0.5.
The last entry of errorHistory is 0.500704 for index 433643, 434/1000.
The last entry of errorHistory is 0.000019 for index 433644, 434/1000.
The last entry of errorHistory is 0.000049 for index 433645, 434/1000.
The last entry of errorHistory is 0.000011 for index 433646, 434/1000.
Terminated at swamp 0.5.
The last entry of errorHistory is 0.500306 for index 433647, 434/1000.
Terminated at swamp 1.
The last entry of errorHistory is 1.000093 for index 433648, 434/1000.
Terminated at swamp 0.5.
The last entry of errorHistory is 0.500381 for index 433649, 434/1000.
Terminated at swamp 1.
The last entry of errorHistory is 1.000225 for index 433650, 434/1000.
Terminated at swamp 0.5.
The last entry of errorHistory is 0.500395 for index 433651, 434/1000.
The last entry of errorHistory is 1.000000 for index 433652, 434/1000.
Terminated at swamp 0.5.
The last entry of errorHistory is 0.500382 for index 433653, 434/1000.
Terminated at swamp 0.5.
The last entry of errorHistory is 0.500211 for index 433654, 434/1000.
The last entry of errorHistory is 1.000000 for index 433655, 434/1000.
Terminated at swamp 0.5.
The last entry of errorHistory is 0.500422 for index 433656, 434/1000.
The last entry of errorHistory is 1.000000 for index 433657, 434/1000.
Terminated at swamp 0.5.
The last entry of errorHistory is 0.500132 for index 433658, 434/1000.
Terminated at swamp 0.5.
The last entry of errorHistory is 0.500575 for index 433659, 434/1000.
Terminated at swamp 0.5.
The last entry of errorHistory is 0.500563 for index 433660, 434/1000.
Terminated at swamp 0.5.
The last entry of errorHistory is 0.500090 for index 433661, 434/1000.
The last entry of errorHistory is 0.000043 for index 433662, 434/1000.
The last entry of errorHistory is 0.500000 for index 433663, 434/1000.
The last entry of errorHistory is 0.000018 for index 433664, 434/1000.
The last entry of errorHistory is 0.000092 for index 433665, 434/1000.
Terminated at swamp 0.5.
The last entry of errorHistory is 0.500061 for index 433666, 434/1000.
The last entry of errorHistory is 0.500000 for index 433667, 434/1000.
The last entry of errorHistory is 1.000000 for index 433668, 434/1000.
Terminated at swamp 0.5.
The last entry of errorHistory is 0.500024 for index 433669, 434/1000.
Terminated at swamp 0.5.
The last entry of errorHistory is 0.500371 for index 433670, 434/1000.
The last entry of errorHistory is 0.000018 for index 433671, 434/1000.
The last entry of errorHistory is 0.000012 for index 433672, 434/1000.
Terminated at swamp 0.5.
The last entry of errorHistory is 0.500588 for index 433673, 434/1000.
Terminated at swamp 0.5.
The last entry of errorHistory is 0.500143 for index 433674, 434/1000.
Terminated at swamp 0.5.
The last entry of errorHistory is 0.500406 for index 433675, 434/1000.
The last entry of errorHistory is 0.000089 for index 433676, 434/1000.
Terminated at swamp 1.
The last entry of errorHistory is 1.000131 for index 433677, 434/1000.
The last entry of errorHistory is 1.000000 for index 433678, 434/1000.
The last entry of errorHistory is 0.000881 for index 433679, 434/1000.
Terminated at swamp 0.5.
The last entry of errorHistory is 0.500108 for index 433680, 434/1000.
Terminated at swamp 0.5.
The last entry of errorHistory is 0.500462 for index 433681, 434/1000.
Terminated at swamp 0.5.
The last entry of errorHistory is 0.500514 for index 433682, 434/1000.
The last entry of errorHistory is 0.000431 for index 433683, 434/1000.
Terminated at swamp 0.5.
The last entry of errorHistory is 0.500000 for index 433684, 434/1000.
Terminated at swamp 0.5.
The last entry of errorHistory is 0.500311 for index 433685, 434/1000.
Terminated at swamp 0.5.
The last entry of errorHistory is 0.500500 for index 433686, 434/1000.
Terminated at swamp 1.
The last entry of errorHistory is 1.000001 for index 433687, 434/1000.
Terminated at swamp 0.5.
The last entry of errorHistory is 0.500473 for index 433688, 434/1000.
Terminated at swamp 0.5.
The last entry of errorHistory is 0.500488 for index 433689, 434/1000.
The last entry of errorHistory is 1.500000 for index 433690, 434/1000.
The last entry of errorHistory is 0.000027 for index 433691, 434/1000.
The last entry of errorHistory is 1.000000 for index 433692, 434/1000.
The last entry of errorHistory is 1.000000 for index 433693, 434/1000.
Terminated at swamp 0.5.
The last entry of errorHistory is 0.500429 for index 433694, 434/1000.
The last entry of errorHistory is 1.000000 for index 433695, 434/1000.
The last entry of errorHistory is 1.000000 for index 433696, 434/1000.
Terminated at swamp 0.5.
The last entry of errorHistory is 0.500038 for index 433697, 434/1000.
Terminated at swamp 0.5.
The last entry of errorHistory is 0.500139 for index 433698, 434/1000.
The last entry of errorHistory is 0.500000 for index 433699, 434/1000.
Terminated at swamp 0.5.
The last entry of errorHistory is 0.500795 for index 433700, 434/1000.
Terminated at swamp 0.5.
The last entry of errorHistory is 0.500447 for index 433701, 434/1000.
Terminated at swamp 0.5.
The last entry of errorHistory is 0.500346 for index 433702, 434/1000.
The last entry of errorHistory is 1.000000 for index 433703, 434/1000.
The last entry of errorHistory is 1.000000 for index 433704, 434/1000.
The last entry of errorHistory is 1.000000 for index 433705, 434/1000.
The last entry of errorHistory is 1.000000 for index 433706, 434/1000.
Terminated at swamp 0.5.
The last entry of errorHistory is 0.500320 for index 433707, 434/1000.
The last entry of errorHistory is 1.000000 for index 433708, 434/1000.
The last entry of errorHistory is 1.000000 for index 433709, 434/1000.
The last entry of errorHistory is 1.000000 for index 433710, 434/1000.
Terminated at swamp 0.5.
The last entry of errorHistory is 0.500000 for index 433711, 434/1000.
The last entry of errorHistory is 0.000025 for index 433712, 434/1000.
Terminated at swamp 0.5.
The last entry of errorHistory is 0.500484 for index 433713, 434/1000.
The last entry of errorHistory is 0.000017 for index 433714, 434/1000.
Terminated at swamp 1.
The last entry of errorHistory is 1.000852 for index 433715, 434/1000.
Terminated at swamp 0.5.
The last entry of errorHistory is 0.500028 for index 433716, 434/1000.
Terminated at swamp 0.5.
The last entry of errorHistory is 0.500259 for index 433717, 434/1000.
Terminated at swamp 0.5.
The last entry of errorHistory is 0.500454 for index 433718, 434/1000.
Terminated at swamp 0.5.
The last entry of errorHistory is 0.500576 for index 433719, 434/1000.
Terminated at swamp 0.5.
The last entry of errorHistory is 0.500300 for index 433720, 434/1000.
The last entry of errorHistory is 1.000000 for index 433721, 434/1000.
Terminated at swamp 1.
The last entry of errorHistory is 1.000060 for index 433722, 434/1000.
The last entry of errorHistory is 1.000000 for index 433723, 434/1000.
Terminated at swamp 0.5.
The last entry of errorHistory is 0.500413 for index 433724, 434/1000.
The last entry of errorHistory is 0.000011 for index 433725, 434/1000.
Terminated at swamp 0.5.
The last entry of errorHistory is 0.500439 for index 433726, 434/1000.
Terminated at swamp 0.5.
The last entry of errorHistory is 0.500400 for index 433727, 434/1000.
Terminated at swamp 0.5.
The last entry of errorHistory is 0.500585 for index 433728, 434/1000.
Terminated at swamp 0.5.
The last entry of errorHistory is 0.500704 for index 433729, 434/1000.
Terminated at swamp 0.5.
The last entry of errorHistory is 0.500432 for index 433730, 434/1000.
Terminated at swamp 0.5.
The last entry of errorHistory is 0.500533 for index 433731, 434/1000.
Terminated at swamp 0.5.
The last entry of errorHistory is 0.500389 for index 433732, 434/1000.
Terminated at swamp 0.5.
The last entry of errorHistory is 0.500254 for index 433733, 434/1000.
Terminated at swamp 0.5.
The last entry of errorHistory is 0.500554 for index 433734, 434/1000.
The last entry of errorHistory is 1.500000 for index 433735, 434/1000.
Terminated at swamp 0.5.
The last entry of errorHistory is 0.500350 for index 433736, 434/1000.
Terminated at swamp 0.5.
The last entry of errorHistory is 0.500033 for index 433737, 434/1000.
Terminated at swamp 0.5.
The last entry of errorHistory is 0.500490 for index 433738, 434/1000.
Terminated at swamp 0.5.
The last entry of errorHistory is 0.500400 for index 433739, 434/1000.
Terminated at swamp 0.5.
The last entry of errorHistory is 0.500552 for index 433740, 434/1000.
Terminated at swamp 1.
The last entry of errorHistory is 1.000458 for index 433741, 434/1000.
Terminated at swamp 0.5.
The last entry of errorHistory is 0.500570 for index 433742, 434/1000.
Terminated at swamp 1.
The last entry of errorHistory is 1.000201 for index 433743, 434/1000.
Terminated at swamp 0.5.
The last entry of errorHistory is 0.500827 for index 433744, 434/1000.
The last entry of errorHistory is 1.500000 for index 433745, 434/1000.
The last entry of errorHistory is 1.000000 for index 433746, 434/1000.
Terminated at swamp 0.5.
The last entry of errorHistory is 0.500031 for index 433747, 434/1000.
Terminated at swamp 1.
The last entry of errorHistory is 1.000222 for index 433748, 434/1000.
The last entry of errorHistory is 0.000021 for index 433749, 434/1000.
Terminated at swamp 0.5.
The last entry of errorHistory is 0.500480 for index 433750, 434/1000.
The last entry of errorHistory is 1.000000 for index 433751, 434/1000.
The last entry of errorHistory is 1.000000 for index 433752, 434/1000.
Terminated at swamp 0.5.
The last entry of errorHistory is 0.500479 for index 433753, 434/1000.
Terminated at swamp 1.
The last entry of errorHistory is 1.000080 for index 433754, 434/1000.
Terminated at swamp 0.5.
The last entry of errorHistory is 0.500518 for index 433755, 434/1000.
Terminated at swamp 0.5.
The last entry of errorHistory is 0.500359 for index 433756, 434/1000.
Terminated at swamp 0.5.
The last entry of errorHistory is 0.500381 for index 433757, 434/1000.
Terminated at swamp 1.
The last entry of errorHistory is 1.000013 for index 433758, 434/1000.
Terminated at swamp 1.
The last entry of errorHistory is 0.999897 for index 433759, 434/1000.
Terminated at swamp 1.
The last entry of errorHistory is 1.000453 for index 433760, 434/1000.
Terminated at swamp 1.
The last entry of errorHistory is 1.000378 for index 433761, 434/1000.
Terminated at swamp 0.5.
The last entry of errorHistory is 0.500156 for index 433762, 434/1000.
The last entry of errorHistory is 0.500000 for index 433763, 434/1000.
Terminated at swamp 0.5.
The last entry of errorHistory is 0.500558 for index 433764, 434/1000.
Terminated at swamp 1.
The last entry of errorHistory is 1.000350 for index 433765, 434/1000.
Terminated at swamp 0.5.
The last entry of errorHistory is 0.500017 for index 433766, 434/1000.
The last entry of errorHistory is 0.000114 for index 433767, 434/1000.
Terminated at swamp 0.5.
The last entry of errorHistory is 0.500536 for index 433768, 434/1000.
Terminated at swamp 0.5.
The last entry of errorHistory is 0.500458 for index 433769, 434/1000.
Terminated at swamp 0.5.
The last entry of errorHistory is 0.500171 for index 433770, 434/1000.
Terminated at swamp 0.5.
The last entry of errorHistory is 0.500087 for index 433771, 434/1000.
The last entry of errorHistory is 0.500000 for index 433772, 434/1000.
Terminated at swamp 0.5.
The last entry of errorHistory is 0.500544 for index 433773, 434/1000.
Terminated at swamp 1.
The last entry of errorHistory is 1.000326 for index 433774, 434/1000.
Terminated at swamp 0.5.
The last entry of errorHistory is 0.500291 for index 433775, 434/1000.
The last entry of errorHistory is 0.500000 for index 433776, 434/1000.
The last entry of errorHistory is 1.000000 for index 433777, 434/1000.
The last entry of errorHistory is 1.000000 for index 433778, 434/1000.
Terminated at swamp 0.5.
The last entry of errorHistory is 0.500059 for index 433779, 434/1000.
Terminated at swamp 0.5.
The last entry of errorHistory is 0.500235 for index 433780, 434/1000.
The last entry of errorHistory is 1.000000 for index 433781, 434/1000.
The last entry of errorHistory is 0.000035 for index 433782, 434/1000.
The last entry of errorHistory is 1.000000 for index 433783, 434/1000.
Terminated at swamp 0.5.
The last entry of errorHistory is 0.500021 for index 433784, 434/1000.
Terminated at swamp 0.5.
The last entry of errorHistory is 0.500398 for index 433785, 434/1000.
Terminated at swamp 0.5.
The last entry of errorHistory is 0.500675 for index 433786, 434/1000.
Terminated at swamp 0.5.
The last entry of errorHistory is 0.500263 for index 433787, 434/1000.
The last entry of errorHistory is 1.000000 for index 433788, 434/1000.
Terminated at swamp 0.5.
The last entry of errorHistory is 0.500562 for index 433789, 434/1000.
Terminated at swamp 0.5.
The last entry of errorHistory is 0.500484 for index 433790, 434/1000.
The last entry of errorHistory is 1.000000 for index 433791, 434/1000.
Terminated at swamp 0.5.
The last entry of errorHistory is 0.500317 for index 433792, 434/1000.
Terminated at swamp 1.
The last entry of errorHistory is 1.000009 for index 433793, 434/1000.
Terminated at swamp 0.5.
The last entry of errorHistory is 0.500006 for index 433794, 434/1000.
Terminated at swamp 0.5.
The last entry of errorHistory is 0.500468 for index 433795, 434/1000.
Terminated at swamp 0.5.
The last entry of errorHistory is 0.500471 for index 433796, 434/1000.
Terminated at swamp 1.
The last entry of errorHistory is 1.000000 for index 433797, 434/1000.
The last entry of errorHistory is 1.000000 for index 433798, 434/1000.
The last entry of errorHistory is 1.000000 for index 433799, 434/1000.
The last entry of errorHistory is 0.500000 for index 433800, 434/1000.
Terminated at swamp 0.5.
The last entry of errorHistory is 0.500360 for index 433801, 434/1000.
The last entry of errorHistory is 0.000012 for index 433802, 434/1000.
Terminated at swamp 0.5.
The last entry of errorHistory is 0.500328 for index 433803, 434/1000.
Terminated at swamp 1.
The last entry of errorHistory is 1.000568 for index 433804, 434/1000.
Terminated at swamp 0.5.
The last entry of errorHistory is 0.500054 for index 433805, 434/1000.
The last entry of errorHistory is 0.500000 for index 433806, 434/1000.
The last entry of errorHistory is 1.000000 for index 433807, 434/1000.
Terminated at swamp 0.5.
The last entry of errorHistory is 0.500662 for index 433808, 434/1000.
Terminated at swamp 1.
The last entry of errorHistory is 1.000495 for index 433809, 434/1000.
Terminated at swamp 0.5.
The last entry of errorHistory is 0.500576 for index 433810, 434/1000.
Terminated at swamp 0.5.
The last entry of errorHistory is 0.500079 for index 433811, 434/1000.
Terminated at swamp 0.5.
The last entry of errorHistory is 0.500528 for index 433812, 434/1000.
Terminated at swamp 0.5.
The last entry of errorHistory is 0.500176 for index 433813, 434/1000.
The last entry of errorHistory is 0.000063 for index 433814, 434/1000.
The last entry of errorHistory is 1.000000 for index 433815, 434/1000.
The last entry of errorHistory is 1.000000 for index 433816, 434/1000.
Terminated at swamp 0.5.
The last entry of errorHistory is 0.500028 for index 433817, 434/1000.
Terminated at swamp 0.5.
The last entry of errorHistory is 0.500282 for index 433818, 434/1000.
Terminated at swamp 0.5.
The last entry of errorHistory is 0.500192 for index 433819, 434/1000.
Terminated at swamp 1.
The last entry of errorHistory is 0.999984 for index 433820, 434/1000.
Terminated at swamp 0.5.
The last entry of errorHistory is 0.500138 for index 433821, 434/1000.
Terminated at swamp 0.5.
The last entry of errorHistory is 0.500498 for index 433822, 434/1000.
Terminated at swamp 0.5.
The last entry of errorHistory is 0.500407 for index 433823, 434/1000.
The last entry of errorHistory is 0.001282 for index 433824, 434/1000.
Terminated at swamp 0.5.
The last entry of errorHistory is 0.500096 for index 433825, 434/1000.
Terminated at swamp 1.
The last entry of errorHistory is 1.000174 for index 433826, 434/1000.
Terminated at swamp 0.5.
The last entry of errorHistory is 0.500582 for index 433827, 434/1000.
Terminated at swamp 1.
The last entry of errorHistory is 1.000080 for index 433828, 434/1000.
The last entry of errorHistory is 0.500000 for index 433829, 434/1000.
Terminated at swamp 1.
The last entry of errorHistory is 1.000000 for index 433830, 434/1000.
Terminated at swamp 1.
The last entry of errorHistory is 1.000101 for index 433831, 434/1000.
Terminated at swamp 0.5.
The last entry of errorHistory is 0.500539 for index 433832, 434/1000.
The last entry of errorHistory is 1.000000 for index 433833, 434/1000.
Terminated at swamp 0.5.
The last entry of errorHistory is 0.500056 for index 433834, 434/1000.
Terminated at swamp 0.5.
The last entry of errorHistory is 0.500354 for index 433835, 434/1000.
Terminated at swamp 0.5.
The last entry of errorHistory is 0.500180 for index 433836, 434/1000.
Terminated at swamp 0.5.
The last entry of errorHistory is 0.500610 for index 433837, 434/1000.
The last entry of errorHistory is 0.000095 for index 433838, 434/1000.
Terminated at swamp 0.5.
The last entry of errorHistory is 0.500920 for index 433839, 434/1000.
Terminated at swamp 0.5.
The last entry of errorHistory is 0.500379 for index 433840, 434/1000.
Terminated at swamp 0.5.
The last entry of errorHistory is 0.500451 for index 433841, 434/1000.
Terminated at swamp 0.5.
The last entry of errorHistory is 0.500032 for index 433842, 434/1000.
Terminated at swamp 0.5.
The last entry of errorHistory is 0.500607 for index 433843, 434/1000.
Terminated at swamp 0.5.
The last entry of errorHistory is 0.500002 for index 433844, 434/1000.
The last entry of errorHistory is 0.000010 for index 433845, 434/1000.
Terminated at swamp 0.5.
The last entry of errorHistory is 0.500492 for index 433846, 434/1000.
Terminated at swamp 0.5.
The last entry of errorHistory is 0.500389 for index 433847, 434/1000.
The last entry of errorHistory is 1.000000 for index 433848, 434/1000.
The last entry of errorHistory is 0.000020 for index 433849, 434/1000.
The last entry of errorHistory is 0.000025 for index 433850, 434/1000.
The last entry of errorHistory is 1.000000 for index 433851, 434/1000.
Terminated at swamp 1.
The last entry of errorHistory is 1.000303 for index 433852, 434/1000.
Terminated at swamp 1.
The last entry of errorHistory is 1.000272 for index 433853, 434/1000.
The last entry of errorHistory is 0.000160 for index 433854, 434/1000.
Terminated at swamp 0.5.
The last entry of errorHistory is 0.500553 for index 433855, 434/1000.
The last entry of errorHistory is 0.000031 for index 433856, 434/1000.
Terminated at swamp 0.5.
The last entry of errorHistory is 0.500670 for index 433857, 434/1000.
Terminated at swamp 1.
The last entry of errorHistory is 1.000093 for index 433858, 434/1000.
Terminated at swamp 0.5.
The last entry of errorHistory is 0.500560 for index 433859, 434/1000.
The last entry of errorHistory is 0.000035 for index 433860, 434/1000.
Terminated at swamp 1.
The last entry of errorHistory is 1.000014 for index 433861, 434/1000.
The last entry of errorHistory is 1.000000 for index 433862, 434/1000.
The last entry of errorHistory is 1.500000 for index 433863, 434/1000.
Terminated at swamp 1.
The last entry of errorHistory is 1.000004 for index 433864, 434/1000.
Terminated at swamp 0.5.
The last entry of errorHistory is 0.500400 for index 433865, 434/1000.
The last entry of errorHistory is 1.000000 for index 433866, 434/1000.
Terminated at swamp 0.5.
The last entry of errorHistory is 0.500240 for index 433867, 434/1000.
The last entry of errorHistory is 1.000000 for index 433868, 434/1000.
Terminated at swamp 0.5.
The last entry of errorHistory is 0.500680 for index 433869, 434/1000.
Terminated at swamp 0.5.
The last entry of errorHistory is 0.500473 for index 433870, 434/1000.
Terminated at swamp 0.5.
The last entry of errorHistory is 0.500227 for index 433871, 434/1000.
The last entry of errorHistory is 1.000000 for index 433872, 434/1000.
Terminated at swamp 0.5.
The last entry of errorHistory is 0.500299 for index 433873, 434/1000.
Terminated at swamp 0.5.
The last entry of errorHistory is 0.500413 for index 433874, 434/1000.
Terminated at swamp 0.5.
The last entry of errorHistory is 0.500424 for index 433875, 434/1000.
Terminated at swamp 0.5.
The last entry of errorHistory is 0.500451 for index 433876, 434/1000.
Terminated at swamp 0.5.
The last entry of errorHistory is 0.500652 for index 433877, 434/1000.
The last entry of errorHistory is 0.000237 for index 433878, 434/1000.
The last entry of errorHistory is 0.000022 for index 433879, 434/1000.
Terminated at swamp 0.5.
The last entry of errorHistory is 0.500104 for index 433880, 434/1000.
The last entry of errorHistory is 0.000508 for index 433881, 434/1000.
Terminated at swamp 1.
The last entry of errorHistory is 1.000073 for index 433882, 434/1000.
The last entry of errorHistory is 1.000000 for index 433883, 434/1000.
Terminated at swamp 0.5.
The last entry of errorHistory is 0.500524 for index 433884, 434/1000.
Terminated at swamp 0.5.
The last entry of errorHistory is 0.500324 for index 433885, 434/1000.
The last entry of errorHistory is 0.000041 for index 433886, 434/1000.
The last entry of errorHistory is 1.500000 for index 433887, 434/1000.
Terminated at swamp 0.5.
The last entry of errorHistory is 0.500362 for index 433888, 434/1000.
Terminated at swamp 0.5.
The last entry of errorHistory is 0.500120 for index 433889, 434/1000.
The last entry of errorHistory is 1.000000 for index 433890, 434/1000.
Terminated at swamp 1.
The last entry of errorHistory is 1.000196 for index 433891, 434/1000.
Terminated at swamp 0.5.
The last entry of errorHistory is 0.500056 for index 433892, 434/1000.
Terminated at swamp 0.5.
The last entry of errorHistory is 0.500701 for index 433893, 434/1000.
Terminated at swamp 1.
The last entry of errorHistory is 1.000004 for index 433894, 434/1000.
Terminated at swamp 0.5.
The last entry of errorHistory is 0.500128 for index 433895, 434/1000.
The last entry of errorHistory is 0.000016 for index 433896, 434/1000.
The last entry of errorHistory is 1.000000 for index 433897, 434/1000.
Terminated at swamp 0.5.
The last entry of errorHistory is 0.500367 for index 433898, 434/1000.
Terminated at swamp 0.5.
The last entry of errorHistory is 0.500323 for index 433899, 434/1000.
Terminated at swamp 0.5.
The last entry of errorHistory is 0.500585 for index 433900, 434/1000.
Terminated at swamp 0.5.
The last entry of errorHistory is 0.500134 for index 433901, 434/1000.
Terminated at swamp 0.5.
The last entry of errorHistory is 0.500031 for index 433902, 434/1000.
The last entry of errorHistory is 0.500000 for index 433903, 434/1000.
Terminated at swamp 0.5.
The last entry of errorHistory is 0.500550 for index 433904, 434/1000.
Terminated at swamp 0.5.
The last entry of errorHistory is 0.500372 for index 433905, 434/1000.
The last entry of errorHistory is 0.000031 for index 433906, 434/1000.
Terminated at swamp 0.5.
The last entry of errorHistory is 0.500480 for index 433907, 434/1000.
Terminated at swamp 0.5.
The last entry of errorHistory is 0.500381 for index 433908, 434/1000.
Terminated at swamp 0.5.
The last entry of errorHistory is 0.500097 for index 433909, 434/1000.
Terminated at swamp 0.5.
The last entry of errorHistory is 0.500569 for index 433910, 434/1000.
Terminated at swamp 0.5.
The last entry of errorHistory is 0.500397 for index 433911, 434/1000.
Terminated at swamp 1.
The last entry of errorHistory is 1.000338 for index 433912, 434/1000.
Terminated at swamp 0.5.
The last entry of errorHistory is 0.500418 for index 433913, 434/1000.
The last entry of errorHistory is 0.500000 for index 433914, 434/1000.
Terminated at swamp 1.
The last entry of errorHistory is 1.000000 for index 433915, 434/1000.
Terminated at swamp 0.5.
The last entry of errorHistory is 0.500294 for index 433916, 434/1000.
The last entry of errorHistory is 1.000000 for index 433917, 434/1000.
Terminated at swamp 1.
The last entry of errorHistory is 1.000002 for index 433918, 434/1000.
Terminated at swamp 1.
The last entry of errorHistory is 1.000039 for index 433919, 434/1000.
Terminated at swamp 0.5.
The last entry of errorHistory is 0.500378 for index 433920, 434/1000.
The last entry of errorHistory is 0.000009 for index 433921, 434/1000.
Terminated at swamp 0.5.
The last entry of errorHistory is 0.500139 for index 433922, 434/1000.
Terminated at swamp 0.5.
The last entry of errorHistory is 0.500271 for index 433923, 434/1000.
The last entry of errorHistory is 1.000000 for index 433924, 434/1000.
Terminated at swamp 0.5.
The last entry of errorHistory is 0.500604 for index 433925, 434/1000.
The last entry of errorHistory is 1.000000 for index 433926, 434/1000.
Terminated at swamp 1.
The last entry of errorHistory is 1.000015 for index 433927, 434/1000.
The last entry of errorHistory is 1.000000 for index 433928, 434/1000.
Terminated at swamp 0.5.
The last entry of errorHistory is 0.500726 for index 433929, 434/1000.
Terminated at swamp 1.
The last entry of errorHistory is 1.000125 for index 433930, 434/1000.
The last entry of errorHistory is 0.000025 for index 433931, 434/1000.
Terminated at swamp 0.5.
The last entry of errorHistory is 0.500491 for index 433932, 434/1000.
Terminated at swamp 1.
The last entry of errorHistory is 1.000336 for index 433933, 434/1000.
Terminated at swamp 0.5.
The last entry of errorHistory is 0.500232 for index 433934, 434/1000.
The last entry of errorHistory is 0.000033 for index 433935, 434/1000.
Terminated at swamp 0.5.
The last entry of errorHistory is 0.500645 for index 433936, 434/1000.
The last entry of errorHistory is 1.000000 for index 433937, 434/1000.
Terminated at swamp 0.5.
The last entry of errorHistory is 0.500005 for index 433938, 434/1000.
Terminated at swamp 0.5.
The last entry of errorHistory is 0.500636 for index 433939, 434/1000.
Terminated at swamp 1.
The last entry of errorHistory is 1.000201 for index 433940, 434/1000.
Terminated at swamp 0.5.
The last entry of errorHistory is 0.500254 for index 433941, 434/1000.
Terminated at swamp 0.5.
The last entry of errorHistory is 0.500920 for index 433942, 434/1000.
The last entry of errorHistory is 1.000000 for index 433943, 434/1000.
The last entry of errorHistory is 0.000027 for index 433944, 434/1000.
Terminated at swamp 0.5.
The last entry of errorHistory is 0.500080 for index 433945, 434/1000.
Terminated at swamp 0.5.
The last entry of errorHistory is 0.500034 for index 433946, 434/1000.
The last entry of errorHistory is 0.000099 for index 433947, 434/1000.
The last entry of errorHistory is 0.000196 for index 433948, 434/1000.
Terminated at swamp 0.5.
The last entry of errorHistory is 0.500028 for index 433949, 434/1000.
Terminated at swamp 1.
The last entry of errorHistory is 1.000000 for index 433950, 434/1000.
The last entry of errorHistory is 1.500000 for index 433951, 434/1000.
The last entry of errorHistory is 1.000000 for index 433952, 434/1000.
The last entry of errorHistory is 0.000029 for index 433953, 434/1000.
Terminated at swamp 1.
The last entry of errorHistory is 1.000000 for index 433954, 434/1000.
The last entry of errorHistory is 0.000042 for index 433955, 434/1000.
Terminated at swamp 0.5.
The last entry of errorHistory is 0.500485 for index 433956, 434/1000.
Terminated at swamp 0.5.
The last entry of errorHistory is 0.500001 for index 433957, 434/1000.
Terminated at swamp 0.5.
The last entry of errorHistory is 0.500434 for index 433958, 434/1000.
Terminated at swamp 0.5.
The last entry of errorHistory is 0.500918 for index 433959, 434/1000.
Terminated at swamp 0.5.
The last entry of errorHistory is 0.500522 for index 433960, 434/1000.
Terminated at swamp 0.5.
The last entry of errorHistory is 0.500520 for index 433961, 434/1000.
The last entry of errorHistory is 0.000037 for index 433962, 434/1000.
Terminated at swamp 0.5.
The last entry of errorHistory is 0.500526 for index 433963, 434/1000.
Terminated at swamp 0.5.
The last entry of errorHistory is 0.500345 for index 433964, 434/1000.
Terminated at swamp 1.
The last entry of errorHistory is 1.000353 for index 433965, 434/1000.
Terminated at swamp 0.5.
The last entry of errorHistory is 0.500356 for index 433966, 434/1000.
Terminated at swamp 1.
The last entry of errorHistory is 1.000168 for index 433967, 434/1000.
Terminated at swamp 0.5.
The last entry of errorHistory is 0.500614 for index 433968, 434/1000.
Terminated at swamp 0.5.
The last entry of errorHistory is 0.500017 for index 433969, 434/1000.
Terminated at swamp 0.5.
The last entry of errorHistory is 0.500281 for index 433970, 434/1000.
Terminated at swamp 0.5.
The last entry of errorHistory is 0.500023 for index 433971, 434/1000.
The last entry of errorHistory is 0.500000 for index 433972, 434/1000.
Terminated at swamp 0.5.
The last entry of errorHistory is 0.500552 for index 433973, 434/1000.
Terminated at swamp 0.5.
The last entry of errorHistory is 0.500697 for index 433974, 434/1000.
Terminated at swamp 1.
The last entry of errorHistory is 0.999581 for index 433975, 434/1000.
The last entry of errorHistory is 1.000000 for index 433976, 434/1000.
Terminated at swamp 0.5.
The last entry of errorHistory is 0.500382 for index 433977, 434/1000.
Terminated at swamp 0.5.
The last entry of errorHistory is 0.500047 for index 433978, 434/1000.
Terminated at swamp 0.5.
The last entry of errorHistory is 0.500084 for index 433979, 434/1000.
Terminated at swamp 1.
The last entry of errorHistory is 1.000242 for index 433980, 434/1000.
The last entry of errorHistory is 0.000020 for index 433981, 434/1000.
The last entry of errorHistory is 0.500000 for index 433982, 434/1000.
Terminated at swamp 0.5.
The last entry of errorHistory is 0.500225 for index 433983, 434/1000.
Terminated at swamp 0.5.
The last entry of errorHistory is 0.500356 for index 433984, 434/1000.
Terminated at swamp 0.5.
The last entry of errorHistory is 0.500399 for index 433985, 434/1000.
Terminated at swamp 1.
The last entry of errorHistory is 1.000027 for index 433986, 434/1000.
Terminated at swamp 0.5.
The last entry of errorHistory is 0.500070 for index 433987, 434/1000.
Terminated at swamp 0.5.
The last entry of errorHistory is 0.500569 for index 433988, 434/1000.
Terminated at swamp 0.5.
The last entry of errorHistory is 0.500563 for index 433989, 434/1000.
Terminated at swamp 1.
The last entry of errorHistory is 1.000000 for index 433990, 434/1000.
Terminated at swamp 0.5.
The last entry of errorHistory is 0.500489 for index 433991, 434/1000.
The last entry of errorHistory is 0.000074 for index 433992, 434/1000.
The last entry of errorHistory is 0.000010 for index 433993, 434/1000.
Terminated at swamp 0.5.
The last entry of errorHistory is 0.500593 for index 433994, 434/1000.
The last entry of errorHistory is 0.000982 for index 433995, 434/1000.
Terminated at swamp 0.5.
The last entry of errorHistory is 0.500103 for index 433996, 434/1000.
Terminated at swamp 0.5.
The last entry of errorHistory is 0.500596 for index 433997, 434/1000.
Terminated at swamp 0.5.
The last entry of errorHistory is 0.500682 for index 433998, 434/1000.
The last entry of errorHistory is 0.000081 for index 433999, 434/1000.
The last entry of errorHistory is 1.000000 for index 434000, 434/1000.
