
                            < M A T L A B (R) >
                  Copyright 1984-2018 The MathWorks, Inc.
                   R2018b (9.5.0.944444) 64-bit (glnxa64)
                              August 28, 2018

 
To get started, type doc.
For product information, visit www.mathworks.com.
 
Terminated at swamp 0.5.
The last entry of errorHistory is 0.500186 for index 438001, 439/1000.
The last entry of errorHistory is 1.000000 for index 438002, 439/1000.
The last entry of errorHistory is 0.500000 for index 438003, 439/1000.
Terminated at swamp 0.5.
The last entry of errorHistory is 0.500552 for index 438004, 439/1000.
Terminated at swamp 0.5.
The last entry of errorHistory is 0.500498 for index 438005, 439/1000.
Terminated at swamp 1.
The last entry of errorHistory is 1.000000 for index 438006, 439/1000.
Terminated at swamp 0.5.
The last entry of errorHistory is 0.500052 for index 438007, 439/1000.
Terminated at swamp 0.5.
The last entry of errorHistory is 0.500690 for index 438008, 439/1000.
Terminated at swamp 1.
The last entry of errorHistory is 1.000000 for index 438009, 439/1000.
The last entry of errorHistory is 0.000690 for index 438010, 439/1000.
Terminated at swamp 1.
The last entry of errorHistory is 1.000000 for index 438011, 439/1000.
The last entry of errorHistory is 1.000000 for index 438012, 439/1000.
Terminated at swamp 1.
The last entry of errorHistory is 1.000665 for index 438013, 439/1000.
Terminated at swamp 0.5.
The last entry of errorHistory is 0.500536 for index 438014, 439/1000.
Terminated at swamp 0.5.
The last entry of errorHistory is 0.500592 for index 438015, 439/1000.
The last entry of errorHistory is 0.500000 for index 438016, 439/1000.
Terminated at swamp 0.5.
The last entry of errorHistory is 0.500544 for index 438017, 439/1000.
Terminated at swamp 0.5.
The last entry of errorHistory is 0.500721 for index 438018, 439/1000.
Terminated at swamp 0.5.
The last entry of errorHistory is 0.500277 for index 438019, 439/1000.
Terminated at swamp 1.
The last entry of errorHistory is 1.000000 for index 438020, 439/1000.
Terminated at swamp 1.
The last entry of errorHistory is 1.000064 for index 438021, 439/1000.
Terminated at swamp 0.5.
The last entry of errorHistory is 0.500579 for index 438022, 439/1000.
Terminated at swamp 0.5.
The last entry of errorHistory is 0.500527 for index 438023, 439/1000.
The last entry of errorHistory is 0.500000 for index 438024, 439/1000.
Terminated at swamp 0.5.
The last entry of errorHistory is 0.500575 for index 438025, 439/1000.
Terminated at swamp 1.
The last entry of errorHistory is 1.000000 for index 438026, 439/1000.
The last entry of errorHistory is 1.000000 for index 438027, 439/1000.
Terminated at swamp 1.
The last entry of errorHistory is 1.000001 for index 438028, 439/1000.
The last entry of errorHistory is 1.000000 for index 438029, 439/1000.
Terminated at swamp 0.5.
The last entry of errorHistory is 0.500130 for index 438030, 439/1000.
The last entry of errorHistory is 0.000507 for index 438031, 439/1000.
The last entry of errorHistory is 0.500000 for index 438032, 439/1000.
Terminated at swamp 0.5.
The last entry of errorHistory is 0.500597 for index 438033, 439/1000.
Terminated at swamp 0.5.
The last entry of errorHistory is 0.500116 for index 438034, 439/1000.
Terminated at swamp 1.5.
The last entry of errorHistory is 1.500000 for index 438035, 439/1000.
The last entry of errorHistory is 0.000016 for index 438036, 439/1000.
Terminated at swamp 1.
The last entry of errorHistory is 1.000000 for index 438037, 439/1000.
Terminated at swamp 0.5.
The last entry of errorHistory is 0.500412 for index 438038, 439/1000.
The last entry of errorHistory is 1.000000 for index 438039, 439/1000.
The last entry of errorHistory is 1.000000 for index 438040, 439/1000.
Terminated at swamp 1.
The last entry of errorHistory is 1.000289 for index 438041, 439/1000.
Terminated at swamp 0.5.
The last entry of errorHistory is 0.500365 for index 438042, 439/1000.
The last entry of errorHistory is 0.001931 for index 438043, 439/1000.
Terminated at swamp 0.5.
The last entry of errorHistory is 0.500497 for index 438044, 439/1000.
Terminated at swamp 0.5.
The last entry of errorHistory is 0.500490 for index 438045, 439/1000.
Terminated at swamp 0.5.
The last entry of errorHistory is 0.500060 for index 438046, 439/1000.
Terminated at swamp 0.5.
The last entry of errorHistory is 0.500326 for index 438047, 439/1000.
Terminated at swamp 0.5.
The last entry of errorHistory is 0.500140 for index 438048, 439/1000.
Terminated at swamp 0.5.
The last entry of errorHistory is 0.500386 for index 438049, 439/1000.
The last entry of errorHistory is 0.000483 for index 438050, 439/1000.
The last entry of errorHistory is 1.000000 for index 438051, 439/1000.
Terminated at swamp 0.5.
The last entry of errorHistory is 0.500716 for index 438052, 439/1000.
The last entry of errorHistory is 1.000000 for index 438053, 439/1000.
Terminated at swamp 1.
The last entry of errorHistory is 1.000449 for index 438054, 439/1000.
Terminated at swamp 0.5.
The last entry of errorHistory is 0.500146 for index 438055, 439/1000.
Terminated at swamp 1.
The last entry of errorHistory is 1.000173 for index 438056, 439/1000.
Terminated at swamp 0.5.
The last entry of errorHistory is 0.500754 for index 438057, 439/1000.
Terminated at swamp 0.5.
The last entry of errorHistory is 0.500208 for index 438058, 439/1000.
The last entry of errorHistory is 1.000000 for index 438059, 439/1000.
Terminated at swamp 0.5.
The last entry of errorHistory is 0.500326 for index 438060, 439/1000.
The last entry of errorHistory is 1.000000 for index 438061, 439/1000.
Terminated at swamp 0.5.
The last entry of errorHistory is 0.500297 for index 438062, 439/1000.
The last entry of errorHistory is 1.000000 for index 438063, 439/1000.
Terminated at swamp 0.5.
The last entry of errorHistory is 0.500260 for index 438064, 439/1000.
The last entry of errorHistory is 0.000023 for index 438065, 439/1000.
Terminated at swamp 1.
The last entry of errorHistory is 0.999602 for index 438066, 439/1000.
Terminated at swamp 0.5.
The last entry of errorHistory is 0.500339 for index 438067, 439/1000.
Terminated at swamp 0.5.
The last entry of errorHistory is 0.500648 for index 438068, 439/1000.
The last entry of errorHistory is 1.000000 for index 438069, 439/1000.
The last entry of errorHistory is 0.000016 for index 438070, 439/1000.
The last entry of errorHistory is 0.000535 for index 438071, 439/1000.
Terminated at swamp 0.5.
The last entry of errorHistory is 0.500022 for index 438072, 439/1000.
The last entry of errorHistory is 0.000014 for index 438073, 439/1000.
The last entry of errorHistory is 1.500000 for index 438074, 439/1000.
Terminated at swamp 0.5.
The last entry of errorHistory is 0.500711 for index 438075, 439/1000.
Terminated at swamp 0.5.
The last entry of errorHistory is 0.500537 for index 438076, 439/1000.
Terminated at swamp 0.5.
The last entry of errorHistory is 0.500571 for index 438077, 439/1000.
Terminated at swamp 0.5.
The last entry of errorHistory is 0.500556 for index 438078, 439/1000.
The last entry of errorHistory is 0.500000 for index 438079, 439/1000.
Terminated at swamp 0.5.
The last entry of errorHistory is 0.500029 for index 438080, 439/1000.
Terminated at swamp 0.5.
The last entry of errorHistory is 0.500336 for index 438081, 439/1000.
Terminated at swamp 1.
The last entry of errorHistory is 1.000422 for index 438082, 439/1000.
Terminated at swamp 0.5.
The last entry of errorHistory is 0.500575 for index 438083, 439/1000.
Terminated at swamp 0.5.
The last entry of errorHistory is 0.500624 for index 438084, 439/1000.
Terminated at swamp 1.
The last entry of errorHistory is 1.000560 for index 438085, 439/1000.
The last entry of errorHistory is 0.000018 for index 438086, 439/1000.
The last entry of errorHistory is 0.500000 for index 438087, 439/1000.
Terminated at swamp 0.5.
The last entry of errorHistory is 0.500514 for index 438088, 439/1000.
Terminated at swamp 1.
The last entry of errorHistory is 1.000000 for index 438089, 439/1000.
Terminated at swamp 0.5.
The last entry of errorHistory is 0.500522 for index 438090, 439/1000.
The last entry of errorHistory is 1.000000 for index 438091, 439/1000.
Terminated at swamp 0.5.
The last entry of errorHistory is 0.500597 for index 438092, 439/1000.
Terminated at swamp 0.5.
The last entry of errorHistory is 0.500522 for index 438093, 439/1000.
Terminated at swamp 0.5.
The last entry of errorHistory is 0.500377 for index 438094, 439/1000.
Terminated at swamp 1.
The last entry of errorHistory is 0.999953 for index 438095, 439/1000.
The last entry of errorHistory is 0.500000 for index 438096, 439/1000.
The last entry of errorHistory is 0.500000 for index 438097, 439/1000.
The last entry of errorHistory is 1.000000 for index 438098, 439/1000.
Terminated at swamp 0.5.
The last entry of errorHistory is 0.500410 for index 438099, 439/1000.
The last entry of errorHistory is 0.500000 for index 438100, 439/1000.
Terminated at swamp 0.5.
The last entry of errorHistory is 0.500239 for index 438101, 439/1000.
Terminated at swamp 0.5.
The last entry of errorHistory is 0.500553 for index 438102, 439/1000.
Terminated at swamp 0.5.
The last entry of errorHistory is 0.500887 for index 438103, 439/1000.
The last entry of errorHistory is 0.000345 for index 438104, 439/1000.
The last entry of errorHistory is 0.500000 for index 438105, 439/1000.
Terminated at swamp 1.
The last entry of errorHistory is 1.000263 for index 438106, 439/1000.
The last entry of errorHistory is 1.500000 for index 438107, 439/1000.
The last entry of errorHistory is 0.000043 for index 438108, 439/1000.
Terminated at swamp 0.5.
The last entry of errorHistory is 0.500653 for index 438109, 439/1000.
Terminated at swamp 0.5.
The last entry of errorHistory is 0.500316 for index 438110, 439/1000.
The last entry of errorHistory is 1.000000 for index 438111, 439/1000.
Terminated at swamp 0.5.
The last entry of errorHistory is 0.500260 for index 438112, 439/1000.
Terminated at swamp 1.
The last entry of errorHistory is 1.000394 for index 438113, 439/1000.
The last entry of errorHistory is 1.000000 for index 438114, 439/1000.
Terminated at swamp 0.5.
The last entry of errorHistory is 0.500385 for index 438115, 439/1000.
The last entry of errorHistory is 0.000091 for index 438116, 439/1000.
The last entry of errorHistory is 0.500000 for index 438117, 439/1000.
Terminated at swamp 0.5.
The last entry of errorHistory is 0.500001 for index 438118, 439/1000.
Terminated at swamp 1.
The last entry of errorHistory is 1.000013 for index 438119, 439/1000.
The last entry of errorHistory is 1.000000 for index 438120, 439/1000.
The last entry of errorHistory is 2.000000 for index 438121, 439/1000.
Terminated at swamp 0.5.
The last entry of errorHistory is 0.500639 for index 438122, 439/1000.
The last entry of errorHistory is 1.500000 for index 438123, 439/1000.
Terminated at swamp 0.5.
The last entry of errorHistory is 0.500537 for index 438124, 439/1000.
The last entry of errorHistory is 0.500000 for index 438125, 439/1000.
Terminated at swamp 1.
The last entry of errorHistory is 1.000339 for index 438126, 439/1000.
Terminated at swamp 0.5.
The last entry of errorHistory is 0.500641 for index 438127, 439/1000.
Terminated at swamp 0.5.
The last entry of errorHistory is 0.500051 for index 438128, 439/1000.
The last entry of errorHistory is 0.000051 for index 438129, 439/1000.
Terminated at swamp 0.5.
The last entry of errorHistory is 0.500618 for index 438130, 439/1000.
Terminated at swamp 0.5.
The last entry of errorHistory is 0.500314 for index 438131, 439/1000.
Terminated at swamp 0.5.
The last entry of errorHistory is 0.500004 for index 438132, 439/1000.
Terminated at swamp 0.5.
The last entry of errorHistory is 0.500021 for index 438133, 439/1000.
Terminated at swamp 0.5.
The last entry of errorHistory is 0.500643 for index 438134, 439/1000.
Terminated at swamp 0.5.
The last entry of errorHistory is 0.500015 for index 438135, 439/1000.
Terminated at swamp 0.5.
The last entry of errorHistory is 0.500442 for index 438136, 439/1000.
The last entry of errorHistory is 1.000000 for index 438137, 439/1000.
The last entry of errorHistory is 0.000939 for index 438138, 439/1000.
Terminated at swamp 0.5.
The last entry of errorHistory is 0.500070 for index 438139, 439/1000.
The last entry of errorHistory is 1.000000 for index 438140, 439/1000.
Terminated at swamp 0.5.
The last entry of errorHistory is 0.500127 for index 438141, 439/1000.
Terminated at swamp 0.5.
The last entry of errorHistory is 0.500046 for index 438142, 439/1000.
Terminated at swamp 0.5.
The last entry of errorHistory is 0.500529 for index 438143, 439/1000.
Terminated at swamp 0.5.
The last entry of errorHistory is 0.500408 for index 438144, 439/1000.
Terminated at swamp 1.
The last entry of errorHistory is 1.000423 for index 438145, 439/1000.
Terminated at swamp 1.
The last entry of errorHistory is 1.000281 for index 438146, 439/1000.
Terminated at swamp 1.
The last entry of errorHistory is 1.000034 for index 438147, 439/1000.
Terminated at swamp 0.5.
The last entry of errorHistory is 0.500542 for index 438148, 439/1000.
The last entry of errorHistory is 0.500000 for index 438149, 439/1000.
Terminated at swamp 0.5.
The last entry of errorHistory is 0.500240 for index 438150, 439/1000.
Terminated at swamp 0.5.
The last entry of errorHistory is 0.500668 for index 438151, 439/1000.
Terminated at swamp 0.5.
The last entry of errorHistory is 0.500378 for index 438152, 439/1000.
Terminated at swamp 0.5.
The last entry of errorHistory is 0.500008 for index 438153, 439/1000.
Terminated at swamp 0.5.
The last entry of errorHistory is 0.500074 for index 438154, 439/1000.
Terminated at swamp 0.5.
The last entry of errorHistory is 0.500066 for index 438155, 439/1000.
Terminated at swamp 1.
The last entry of errorHistory is 1.000095 for index 438156, 439/1000.
Terminated at swamp 0.5.
The last entry of errorHistory is 0.500322 for index 438157, 439/1000.
The last entry of errorHistory is 1.000000 for index 438158, 439/1000.
Terminated at swamp 0.5.
The last entry of errorHistory is 0.500434 for index 438159, 439/1000.
Terminated at swamp 0.5.
The last entry of errorHistory is 0.500215 for index 438160, 439/1000.
Terminated at swamp 0.5.
The last entry of errorHistory is 0.500012 for index 438161, 439/1000.
The last entry of errorHistory is 0.000041 for index 438162, 439/1000.
Terminated at swamp 0.5.
The last entry of errorHistory is 0.500532 for index 438163, 439/1000.
Terminated at swamp 0.5.
The last entry of errorHistory is 0.500500 for index 438164, 439/1000.
Terminated at swamp 0.5.
The last entry of errorHistory is 0.500660 for index 438165, 439/1000.
Terminated at swamp 1.
The last entry of errorHistory is 1.000164 for index 438166, 439/1000.
The last entry of errorHistory is 0.000014 for index 438167, 439/1000.
Terminated at swamp 0.5.
The last entry of errorHistory is 0.500398 for index 438168, 439/1000.
Terminated at swamp 0.5.
The last entry of errorHistory is 0.500000 for index 438169, 439/1000.
The last entry of errorHistory is 0.500000 for index 438170, 439/1000.
The last entry of errorHistory is 0.000021 for index 438171, 439/1000.
Terminated at swamp 1.
The last entry of errorHistory is 1.000000 for index 438172, 439/1000.
Terminated at swamp 0.5.
The last entry of errorHistory is 0.500339 for index 438173, 439/1000.
Terminated at swamp 0.5.
The last entry of errorHistory is 0.500011 for index 438174, 439/1000.
Terminated at swamp 1.
The last entry of errorHistory is 1.000325 for index 438175, 439/1000.
Terminated at swamp 0.5.
The last entry of errorHistory is 0.500608 for index 438176, 439/1000.
The last entry of errorHistory is 1.500000 for index 438177, 439/1000.
Terminated at swamp 0.5.
The last entry of errorHistory is 0.500219 for index 438178, 439/1000.
Terminated at swamp 0.5.
The last entry of errorHistory is 0.500064 for index 438179, 439/1000.
The last entry of errorHistory is 0.500000 for index 438180, 439/1000.
Terminated at swamp 1.
The last entry of errorHistory is 1.000461 for index 438181, 439/1000.
Terminated at swamp 0.5.
The last entry of errorHistory is 0.500742 for index 438182, 439/1000.
The last entry of errorHistory is 0.000017 for index 438183, 439/1000.
The last entry of errorHistory is 0.000042 for index 438184, 439/1000.
The last entry of errorHistory is 0.000277 for index 438185, 439/1000.
The last entry of errorHistory is 1.000000 for index 438186, 439/1000.
Terminated at swamp 0.5.
The last entry of errorHistory is 0.500475 for index 438187, 439/1000.
Terminated at swamp 1.
The last entry of errorHistory is 0.999926 for index 438188, 439/1000.
The last entry of errorHistory is 0.500000 for index 438189, 439/1000.
The last entry of errorHistory is 1.500000 for index 438190, 439/1000.
Terminated at swamp 0.5.
The last entry of errorHistory is 0.500132 for index 438191, 439/1000.
The last entry of errorHistory is 1.000000 for index 438192, 439/1000.
Terminated at swamp 0.5.
The last entry of errorHistory is 0.500059 for index 438193, 439/1000.
Terminated at swamp 0.5.
The last entry of errorHistory is 0.500681 for index 438194, 439/1000.
Terminated at swamp 1.
The last entry of errorHistory is 1.000012 for index 438195, 439/1000.
Terminated at swamp 1.
The last entry of errorHistory is 1.000185 for index 438196, 439/1000.
Terminated at swamp 1.
The last entry of errorHistory is 1.000000 for index 438197, 439/1000.
Terminated at swamp 0.5.
The last entry of errorHistory is 0.500502 for index 438198, 439/1000.
Terminated at swamp 1.
The last entry of errorHistory is 1.000690 for index 438199, 439/1000.
Terminated at swamp 0.5.
The last entry of errorHistory is 0.500052 for index 438200, 439/1000.
The last entry of errorHistory is 1.000000 for index 438201, 439/1000.
Terminated at swamp 0.5.
The last entry of errorHistory is 0.500413 for index 438202, 439/1000.
Terminated at swamp 0.5.
The last entry of errorHistory is 0.500356 for index 438203, 439/1000.
The last entry of errorHistory is 0.000453 for index 438204, 439/1000.
The last entry of errorHistory is 0.500000 for index 438205, 439/1000.
Terminated at swamp 0.5.
The last entry of errorHistory is 0.500844 for index 438206, 439/1000.
Terminated at swamp 0.5.
The last entry of errorHistory is 0.500600 for index 438207, 439/1000.
Terminated at swamp 0.5.
The last entry of errorHistory is 0.500496 for index 438208, 439/1000.
Terminated at swamp 0.5.
The last entry of errorHistory is 0.500555 for index 438209, 439/1000.
Terminated at swamp 0.5.
The last entry of errorHistory is 0.500432 for index 438210, 439/1000.
Terminated at swamp 0.5.
The last entry of errorHistory is 0.500319 for index 438211, 439/1000.
Terminated at swamp 0.5.
The last entry of errorHistory is 0.500612 for index 438212, 439/1000.
The last entry of errorHistory is 0.000020 for index 438213, 439/1000.
Terminated at swamp 0.5.
The last entry of errorHistory is 0.500066 for index 438214, 439/1000.
Terminated at swamp 0.5.
The last entry of errorHistory is 0.500236 for index 438215, 439/1000.
Terminated at swamp 1.
The last entry of errorHistory is 1.000000 for index 438216, 439/1000.
Terminated at swamp 0.5.
The last entry of errorHistory is 0.500431 for index 438217, 439/1000.
Terminated at swamp 0.5.
The last entry of errorHistory is 0.500568 for index 438218, 439/1000.
The last entry of errorHistory is 0.000051 for index 438219, 439/1000.
Terminated at swamp 0.5.
The last entry of errorHistory is 0.500723 for index 438220, 439/1000.
Terminated at swamp 1.
The last entry of errorHistory is 1.000039 for index 438221, 439/1000.
Terminated at swamp 1.
The last entry of errorHistory is 1.000245 for index 438222, 439/1000.
Terminated at swamp 1.
The last entry of errorHistory is 1.000071 for index 438223, 439/1000.
Terminated at swamp 0.5.
The last entry of errorHistory is 0.500688 for index 438224, 439/1000.
Terminated at swamp 0.5.
The last entry of errorHistory is 0.500511 for index 438225, 439/1000.
Terminated at swamp 1.
The last entry of errorHistory is 1.000050 for index 438226, 439/1000.
Terminated at swamp 0.5.
The last entry of errorHistory is 0.500489 for index 438227, 439/1000.
The last entry of errorHistory is 1.500000 for index 438228, 439/1000.
The last entry of errorHistory is 1.000000 for index 438229, 439/1000.
Terminated at swamp 0.5.
The last entry of errorHistory is 0.500508 for index 438230, 439/1000.
The last entry of errorHistory is 0.001272 for index 438231, 439/1000.
Terminated at swamp 0.5.
The last entry of errorHistory is 0.500479 for index 438232, 439/1000.
Terminated at swamp 0.5.
The last entry of errorHistory is 0.500069 for index 438233, 439/1000.
Terminated at swamp 0.5.
The last entry of errorHistory is 0.500509 for index 438234, 439/1000.
Terminated at swamp 1.
The last entry of errorHistory is 1.000000 for index 438235, 439/1000.
Terminated at swamp 0.5.
The last entry of errorHistory is 0.500219 for index 438236, 439/1000.
Terminated at swamp 0.5.
The last entry of errorHistory is 0.500325 for index 438237, 439/1000.
Terminated at swamp 0.5.
The last entry of errorHistory is 0.500007 for index 438238, 439/1000.
Terminated at swamp 0.5.
The last entry of errorHistory is 0.500246 for index 438239, 439/1000.
Terminated at swamp 1.
The last entry of errorHistory is 0.999981 for index 438240, 439/1000.
The last entry of errorHistory is 1.000000 for index 438241, 439/1000.
The last entry of errorHistory is 0.500000 for index 438242, 439/1000.
Terminated at swamp 0.5.
The last entry of errorHistory is 0.500606 for index 438243, 439/1000.
Terminated at swamp 0.5.
The last entry of errorHistory is 0.500342 for index 438244, 439/1000.
Terminated at swamp 1.
The last entry of errorHistory is 1.000181 for index 438245, 439/1000.
Terminated at swamp 0.5.
The last entry of errorHistory is 0.500696 for index 438246, 439/1000.
Terminated at swamp 0.5.
The last entry of errorHistory is 0.500498 for index 438247, 439/1000.
The last entry of errorHistory is 0.000509 for index 438248, 439/1000.
Terminated at swamp 0.5.
The last entry of errorHistory is 0.500707 for index 438249, 439/1000.
The last entry of errorHistory is 0.000053 for index 438250, 439/1000.
The last entry of errorHistory is 1.500000 for index 438251, 439/1000.
The last entry of errorHistory is 1.000000 for index 438252, 439/1000.
The last entry of errorHistory is 0.000701 for index 438253, 439/1000.
Terminated at swamp 0.5.
The last entry of errorHistory is 0.500030 for index 438254, 439/1000.
The last entry of errorHistory is 0.000019 for index 438255, 439/1000.
The last entry of errorHistory is 0.000017 for index 438256, 439/1000.
Terminated at swamp 0.5.
The last entry of errorHistory is 0.500558 for index 438257, 439/1000.
The last entry of errorHistory is 1.000000 for index 438258, 439/1000.
The last entry of errorHistory is 0.000011 for index 438259, 439/1000.
Terminated at swamp 0.5.
The last entry of errorHistory is 0.500585 for index 438260, 439/1000.
Terminated at swamp 0.5.
The last entry of errorHistory is 0.500605 for index 438261, 439/1000.
Terminated at swamp 0.5.
The last entry of errorHistory is 0.500438 for index 438262, 439/1000.
The last entry of errorHistory is 0.000023 for index 438263, 439/1000.
Terminated at swamp 1.
The last entry of errorHistory is 0.999047 for index 438264, 439/1000.
Terminated at swamp 0.5.
The last entry of errorHistory is 0.500415 for index 438265, 439/1000.
Terminated at swamp 1.
The last entry of errorHistory is 1.000036 for index 438266, 439/1000.
Terminated at swamp 0.5.
The last entry of errorHistory is 0.500490 for index 438267, 439/1000.
Terminated at swamp 0.5.
The last entry of errorHistory is 0.500315 for index 438268, 439/1000.
Terminated at swamp 1.
The last entry of errorHistory is 1.000001 for index 438269, 439/1000.
The last entry of errorHistory is 1.000000 for index 438270, 439/1000.
Terminated at swamp 0.5.
The last entry of errorHistory is 0.500193 for index 438271, 439/1000.
Terminated at swamp 0.5.
The last entry of errorHistory is 0.500538 for index 438272, 439/1000.
The last entry of errorHistory is 1.000000 for index 438273, 439/1000.
Terminated at swamp 0.5.
The last entry of errorHistory is 0.500647 for index 438274, 439/1000.
Terminated at swamp 0.5.
The last entry of errorHistory is 0.500130 for index 438275, 439/1000.
The last entry of errorHistory is 0.000879 for index 438276, 439/1000.
The last entry of errorHistory is 0.000056 for index 438277, 439/1000.
The last entry of errorHistory is 1.000000 for index 438278, 439/1000.
The last entry of errorHistory is 1.000000 for index 438279, 439/1000.
The last entry of errorHistory is 0.500000 for index 438280, 439/1000.
The last entry of errorHistory is 0.007473 for index 438281, 439/1000.
The last entry of errorHistory is 1.000000 for index 438282, 439/1000.
The last entry of errorHistory is 0.000011 for index 438283, 439/1000.
Terminated at swamp 1.
The last entry of errorHistory is 1.000001 for index 438284, 439/1000.
Terminated at swamp 0.5.
The last entry of errorHistory is 0.500418 for index 438285, 439/1000.
Terminated at swamp 0.5.
The last entry of errorHistory is 0.500344 for index 438286, 439/1000.
Terminated at swamp 1.
The last entry of errorHistory is 1.000254 for index 438287, 439/1000.
The last entry of errorHistory is 1.000000 for index 438288, 439/1000.
The last entry of errorHistory is 1.000000 for index 438289, 439/1000.
The last entry of errorHistory is 0.500000 for index 438290, 439/1000.
Terminated at swamp 0.5.
The last entry of errorHistory is 0.500510 for index 438291, 439/1000.
Terminated at swamp 1.
The last entry of errorHistory is 1.000000 for index 438292, 439/1000.
The last entry of errorHistory is 0.500000 for index 438293, 439/1000.
Terminated at swamp 0.5.
The last entry of errorHistory is 0.500400 for index 438294, 439/1000.
Terminated at swamp 1.
The last entry of errorHistory is 1.000000 for index 438295, 439/1000.
The last entry of errorHistory is 1.000000 for index 438296, 439/1000.
Terminated at swamp 1.
The last entry of errorHistory is 1.000068 for index 438297, 439/1000.
Terminated at swamp 0.5.
The last entry of errorHistory is 0.500662 for index 438298, 439/1000.
Terminated at swamp 0.5.
The last entry of errorHistory is 0.500567 for index 438299, 439/1000.
The last entry of errorHistory is 1.000000 for index 438300, 439/1000.
The last entry of errorHistory is 1.500000 for index 438301, 439/1000.
Terminated at swamp 0.5.
The last entry of errorHistory is 0.500403 for index 438302, 439/1000.
Terminated at swamp 0.5.
The last entry of errorHistory is 0.500519 for index 438303, 439/1000.
The last entry of errorHistory is 0.000009 for index 438304, 439/1000.
Terminated at swamp 1.
The last entry of errorHistory is 1.000191 for index 438305, 439/1000.
Terminated at swamp 0.5.
The last entry of errorHistory is 0.500520 for index 438306, 439/1000.
Terminated at swamp 0.5.
The last entry of errorHistory is 0.500106 for index 438307, 439/1000.
Terminated at swamp 0.5.
The last entry of errorHistory is 0.500430 for index 438308, 439/1000.
Terminated at swamp 0.5.
The last entry of errorHistory is 0.500699 for index 438309, 439/1000.
Terminated at swamp 1.
The last entry of errorHistory is 1.000358 for index 438310, 439/1000.
The last entry of errorHistory is 1.000000 for index 438311, 439/1000.
The last entry of errorHistory is 0.000011 for index 438312, 439/1000.
Terminated at swamp 0.5.
The last entry of errorHistory is 0.500857 for index 438313, 439/1000.
Terminated at swamp 1.
The last entry of errorHistory is 1.000012 for index 438314, 439/1000.
The last entry of errorHistory is 1.000000 for index 438315, 439/1000.
The last entry of errorHistory is 1.000000 for index 438316, 439/1000.
Terminated at swamp 1.
The last entry of errorHistory is 1.000001 for index 438317, 439/1000.
Terminated at swamp 0.5.
The last entry of errorHistory is 0.500204 for index 438318, 439/1000.
Terminated at swamp 0.5.
The last entry of errorHistory is 0.500601 for index 438319, 439/1000.
Terminated at swamp 0.5.
The last entry of errorHistory is 0.500156 for index 438320, 439/1000.
The last entry of errorHistory is 1.000000 for index 438321, 439/1000.
Terminated at swamp 0.5.
The last entry of errorHistory is 0.500499 for index 438322, 439/1000.
Terminated at swamp 1.
The last entry of errorHistory is 1.000000 for index 438323, 439/1000.
Terminated at swamp 0.5.
The last entry of errorHistory is 0.500691 for index 438324, 439/1000.
Terminated at swamp 0.5.
The last entry of errorHistory is 0.500381 for index 438325, 439/1000.
Terminated at swamp 1.
The last entry of errorHistory is 1.000000 for index 438326, 439/1000.
Terminated at swamp 1.
The last entry of errorHistory is 1.000250 for index 438327, 439/1000.
Terminated at swamp 0.5.
The last entry of errorHistory is 0.500542 for index 438328, 439/1000.
Terminated at swamp 0.5.
The last entry of errorHistory is 0.500291 for index 438329, 439/1000.
Terminated at swamp 0.5.
The last entry of errorHistory is 0.500085 for index 438330, 439/1000.
Terminated at swamp 0.5.
The last entry of errorHistory is 0.500220 for index 438331, 439/1000.
Terminated at swamp 0.5.
The last entry of errorHistory is 0.500508 for index 438332, 439/1000.
Terminated at swamp 1.
The last entry of errorHistory is 1.000013 for index 438333, 439/1000.
Terminated at swamp 0.5.
The last entry of errorHistory is 0.500487 for index 438334, 439/1000.
The last entry of errorHistory is 1.000000 for index 438335, 439/1000.
Terminated at swamp 0.5.
The last entry of errorHistory is 0.500085 for index 438336, 439/1000.
The last entry of errorHistory is 0.000012 for index 438337, 439/1000.
Terminated at swamp 1.
The last entry of errorHistory is 1.000088 for index 438338, 439/1000.
Terminated at swamp 0.5.
The last entry of errorHistory is 0.500185 for index 438339, 439/1000.
Terminated at swamp 0.5.
The last entry of errorHistory is 0.500297 for index 438340, 439/1000.
The last entry of errorHistory is 0.500000 for index 438341, 439/1000.
The last entry of errorHistory is 0.000086 for index 438342, 439/1000.
Terminated at swamp 0.5.
The last entry of errorHistory is 0.500383 for index 438343, 439/1000.
The last entry of errorHistory is 0.000029 for index 438344, 439/1000.
Terminated at swamp 0.5.
The last entry of errorHistory is 0.500592 for index 438345, 439/1000.
Terminated at swamp 0.5.
The last entry of errorHistory is 0.500395 for index 438346, 439/1000.
Terminated at swamp 0.5.
The last entry of errorHistory is 0.500121 for index 438347, 439/1000.
The last entry of errorHistory is 0.000016 for index 438348, 439/1000.
Terminated at swamp 0.5.
The last entry of errorHistory is 0.500578 for index 438349, 439/1000.
Terminated at swamp 0.5.
The last entry of errorHistory is 0.500650 for index 438350, 439/1000.
Terminated at swamp 0.5.
The last entry of errorHistory is 0.500000 for index 438351, 439/1000.
Terminated at swamp 1.
The last entry of errorHistory is 1.000239 for index 438352, 439/1000.
Terminated at swamp 0.5.
The last entry of errorHistory is 0.500111 for index 438353, 439/1000.
Terminated at swamp 0.5.
The last entry of errorHistory is 0.500692 for index 438354, 439/1000.
The last entry of errorHistory is 0.000014 for index 438355, 439/1000.
Terminated at swamp 0.5.
The last entry of errorHistory is 0.500581 for index 438356, 439/1000.
Terminated at swamp 0.5.
The last entry of errorHistory is 0.500454 for index 438357, 439/1000.
Terminated at swamp 0.5.
The last entry of errorHistory is 0.500366 for index 438358, 439/1000.
The last entry of errorHistory is 1.500000 for index 438359, 439/1000.
Terminated at swamp 1.
The last entry of errorHistory is 1.000478 for index 438360, 439/1000.
The last entry of errorHistory is 1.000000 for index 438361, 439/1000.
The last entry of errorHistory is 0.500000 for index 438362, 439/1000.
Terminated at swamp 1.
The last entry of errorHistory is 1.000454 for index 438363, 439/1000.
Terminated at swamp 0.5.
The last entry of errorHistory is 0.500528 for index 438364, 439/1000.
The last entry of errorHistory is 0.500000 for index 438365, 439/1000.
Terminated at swamp 1.
The last entry of errorHistory is 1.000000 for index 438366, 439/1000.
The last entry of errorHistory is 0.500000 for index 438367, 439/1000.
Terminated at swamp 1.
The last entry of errorHistory is 1.000000 for index 438368, 439/1000.
Terminated at swamp 0.5.
The last entry of errorHistory is 0.500325 for index 438369, 439/1000.
Terminated at swamp 0.5.
The last entry of errorHistory is 0.500382 for index 438370, 439/1000.
The last entry of errorHistory is 0.000038 for index 438371, 439/1000.
The last entry of errorHistory is 0.000215 for index 438372, 439/1000.
The last entry of errorHistory is 1.000000 for index 438373, 439/1000.
Terminated at swamp 0.5.
The last entry of errorHistory is 0.500000 for index 438374, 439/1000.
Terminated at swamp 0.5.
The last entry of errorHistory is 0.500511 for index 438375, 439/1000.
The last entry of errorHistory is 0.000046 for index 438376, 439/1000.
Terminated at swamp 0.5.
The last entry of errorHistory is 0.500114 for index 438377, 439/1000.
Terminated at swamp 0.5.
The last entry of errorHistory is 0.500560 for index 438378, 439/1000.
The last entry of errorHistory is 0.500000 for index 438379, 439/1000.
Terminated at swamp 0.5.
The last entry of errorHistory is 0.500406 for index 438380, 439/1000.
The last entry of errorHistory is 0.500000 for index 438381, 439/1000.
The last entry of errorHistory is 0.000023 for index 438382, 439/1000.
Terminated at swamp 0.5.
The last entry of errorHistory is 0.500001 for index 438383, 439/1000.
Terminated at swamp 0.5.
The last entry of errorHistory is 0.500534 for index 438384, 439/1000.
Terminated at swamp 0.5.
The last entry of errorHistory is 0.500483 for index 438385, 439/1000.
The last entry of errorHistory is 0.500000 for index 438386, 439/1000.
Terminated at swamp 0.5.
The last entry of errorHistory is 0.500754 for index 438387, 439/1000.
Terminated at swamp 0.5.
The last entry of errorHistory is 0.500674 for index 438388, 439/1000.
Terminated at swamp 0.5.
The last entry of errorHistory is 0.500019 for index 438389, 439/1000.
The last entry of errorHistory is 1.000000 for index 438390, 439/1000.
Terminated at swamp 0.5.
The last entry of errorHistory is 0.500209 for index 438391, 439/1000.
Terminated at swamp 0.5.
The last entry of errorHistory is 0.500309 for index 438392, 439/1000.
Terminated at swamp 1.
The last entry of errorHistory is 1.000369 for index 438393, 439/1000.
Terminated at swamp 1.
The last entry of errorHistory is 1.000296 for index 438394, 439/1000.
Terminated at swamp 0.5.
The last entry of errorHistory is 0.500445 for index 438395, 439/1000.
The last entry of errorHistory is 0.000033 for index 438396, 439/1000.
Terminated at swamp 1.
The last entry of errorHistory is 1.000046 for index 438397, 439/1000.
Terminated at swamp 0.5.
The last entry of errorHistory is 0.500444 for index 438398, 439/1000.
Terminated at swamp 0.5.
The last entry of errorHistory is 0.500000 for index 438399, 439/1000.
Terminated at swamp 0.5.
The last entry of errorHistory is 0.500476 for index 438400, 439/1000.
Terminated at swamp 0.5.
The last entry of errorHistory is 0.500335 for index 438401, 439/1000.
Terminated at swamp 0.5.
The last entry of errorHistory is 0.500224 for index 438402, 439/1000.
Terminated at swamp 0.5.
The last entry of errorHistory is 0.500415 for index 438403, 439/1000.
The last entry of errorHistory is 1.000000 for index 438404, 439/1000.
Terminated at swamp 0.5.
The last entry of errorHistory is 0.500093 for index 438405, 439/1000.
Terminated at swamp 1.
The last entry of errorHistory is 1.000345 for index 438406, 439/1000.
Terminated at swamp 0.5.
The last entry of errorHistory is 0.500408 for index 438407, 439/1000.
Terminated at swamp 1.
The last entry of errorHistory is 1.000517 for index 438408, 439/1000.
Terminated at swamp 0.5.
The last entry of errorHistory is 0.500317 for index 438409, 439/1000.
The last entry of errorHistory is 1.000000 for index 438410, 439/1000.
The last entry of errorHistory is 0.500000 for index 438411, 439/1000.
Terminated at swamp 0.5.
The last entry of errorHistory is 0.500567 for index 438412, 439/1000.
The last entry of errorHistory is 0.000021 for index 438413, 439/1000.
Terminated at swamp 1.
The last entry of errorHistory is 1.000029 for index 438414, 439/1000.
The last entry of errorHistory is 0.000132 for index 438415, 439/1000.
Terminated at swamp 0.5.
The last entry of errorHistory is 0.500277 for index 438416, 439/1000.
The last entry of errorHistory is 0.000063 for index 438417, 439/1000.
The last entry of errorHistory is 0.000017 for index 438418, 439/1000.
Terminated at swamp 0.5.
The last entry of errorHistory is 0.500099 for index 438419, 439/1000.
The last entry of errorHistory is 1.000000 for index 438420, 439/1000.
Terminated at swamp 0.5.
The last entry of errorHistory is 0.500492 for index 438421, 439/1000.
Terminated at swamp 0.5.
The last entry of errorHistory is 0.500272 for index 438422, 439/1000.
Terminated at swamp 1.
The last entry of errorHistory is 1.000000 for index 438423, 439/1000.
Terminated at swamp 0.5.
The last entry of errorHistory is 0.500502 for index 438424, 439/1000.
The last entry of errorHistory is 1.000000 for index 438425, 439/1000.
Terminated at swamp 0.5.
The last entry of errorHistory is 0.500469 for index 438426, 439/1000.
The last entry of errorHistory is 0.000038 for index 438427, 439/1000.
Terminated at swamp 0.5.
The last entry of errorHistory is 0.500267 for index 438428, 439/1000.
Terminated at swamp 0.5.
The last entry of errorHistory is 0.500264 for index 438429, 439/1000.
Terminated at swamp 0.5.
The last entry of errorHistory is 0.500356 for index 438430, 439/1000.
The last entry of errorHistory is 0.000014 for index 438431, 439/1000.
Terminated at swamp 0.5.
The last entry of errorHistory is 0.500158 for index 438432, 439/1000.
The last entry of errorHistory is 1.000000 for index 438433, 439/1000.
The last entry of errorHistory is 0.000012 for index 438434, 439/1000.
Terminated at swamp 0.5.
The last entry of errorHistory is 0.500415 for index 438435, 439/1000.
Terminated at swamp 0.5.
The last entry of errorHistory is 0.500504 for index 438436, 439/1000.
Terminated at swamp 0.5.
The last entry of errorHistory is 0.500038 for index 438437, 439/1000.
Terminated at swamp 0.5.
The last entry of errorHistory is 0.500426 for index 438438, 439/1000.
Terminated at swamp 0.5.
The last entry of errorHistory is 0.500320 for index 438439, 439/1000.
Terminated at swamp 1.
The last entry of errorHistory is 1.000270 for index 438440, 439/1000.
Terminated at swamp 0.5.
The last entry of errorHistory is 0.500303 for index 438441, 439/1000.
Terminated at swamp 1.
The last entry of errorHistory is 1.000047 for index 438442, 439/1000.
Terminated at swamp 0.5.
The last entry of errorHistory is 0.500020 for index 438443, 439/1000.
The last entry of errorHistory is 1.000000 for index 438444, 439/1000.
Terminated at swamp 0.5.
The last entry of errorHistory is 0.500416 for index 438445, 439/1000.
Terminated at swamp 1.
The last entry of errorHistory is 1.000022 for index 438446, 439/1000.
Terminated at swamp 0.5.
The last entry of errorHistory is 0.500121 for index 438447, 439/1000.
The last entry of errorHistory is 0.500000 for index 438448, 439/1000.
The last entry of errorHistory is 0.000015 for index 438449, 439/1000.
Terminated at swamp 0.5.
The last entry of errorHistory is 0.500302 for index 438450, 439/1000.
The last entry of errorHistory is 0.000063 for index 438451, 439/1000.
Terminated at swamp 0.5.
The last entry of errorHistory is 0.500512 for index 438452, 439/1000.
The last entry of errorHistory is 0.000237 for index 438453, 439/1000.
The last entry of errorHistory is 1.000000 for index 438454, 439/1000.
Terminated at swamp 0.5.
The last entry of errorHistory is 0.500288 for index 438455, 439/1000.
The last entry of errorHistory is 1.000000 for index 438456, 439/1000.
The last entry of errorHistory is 0.500000 for index 438457, 439/1000.
The last entry of errorHistory is 0.500000 for index 438458, 439/1000.
Terminated at swamp 0.5.
The last entry of errorHistory is 0.500332 for index 438459, 439/1000.
The last entry of errorHistory is 0.500000 for index 438460, 439/1000.
The last entry of errorHistory is 1.000000 for index 438461, 439/1000.
Terminated at swamp 0.5.
The last entry of errorHistory is 0.500540 for index 438462, 439/1000.
The last entry of errorHistory is 1.000000 for index 438463, 439/1000.
Terminated at swamp 0.5.
The last entry of errorHistory is 0.500078 for index 438464, 439/1000.
Terminated at swamp 0.5.
The last entry of errorHistory is 0.500243 for index 438465, 439/1000.
The last entry of errorHistory is 1.000000 for index 438466, 439/1000.
Terminated at swamp 1.
The last entry of errorHistory is 1.000000 for index 438467, 439/1000.
Terminated at swamp 0.5.
The last entry of errorHistory is 0.500758 for index 438468, 439/1000.
Terminated at swamp 0.5.
The last entry of errorHistory is 0.500276 for index 438469, 439/1000.
The last entry of errorHistory is 0.500000 for index 438470, 439/1000.
Terminated at swamp 1.
The last entry of errorHistory is 1.000449 for index 438471, 439/1000.
Terminated at swamp 0.5.
The last entry of errorHistory is 0.500805 for index 438472, 439/1000.
Terminated at swamp 1.
The last entry of errorHistory is 1.000382 for index 438473, 439/1000.
Terminated at swamp 0.5.
The last entry of errorHistory is 0.500159 for index 438474, 439/1000.
Terminated at swamp 1.
The last entry of errorHistory is 1.000055 for index 438475, 439/1000.
The last entry of errorHistory is 1.000000 for index 438476, 439/1000.
Terminated at swamp 0.5.
The last entry of errorHistory is 0.500128 for index 438477, 439/1000.
Terminated at swamp 1.
The last entry of errorHistory is 1.000231 for index 438478, 439/1000.
Terminated at swamp 0.5.
The last entry of errorHistory is 0.500470 for index 438479, 439/1000.
Terminated at swamp 0.5.
The last entry of errorHistory is 0.500454 for index 438480, 439/1000.
Terminated at swamp 0.5.
The last entry of errorHistory is 0.500502 for index 438481, 439/1000.
Terminated at swamp 0.5.
The last entry of errorHistory is 0.500412 for index 438482, 439/1000.
Terminated at swamp 0.5.
The last entry of errorHistory is 0.500241 for index 438483, 439/1000.
The last entry of errorHistory is 1.000000 for index 438484, 439/1000.
Terminated at swamp 0.5.
The last entry of errorHistory is 0.500924 for index 438485, 439/1000.
The last entry of errorHistory is 1.000000 for index 438486, 439/1000.
Terminated at swamp 0.5.
The last entry of errorHistory is 0.500412 for index 438487, 439/1000.
Terminated at swamp 0.5.
The last entry of errorHistory is 0.500109 for index 438488, 439/1000.
Terminated at swamp 0.5.
The last entry of errorHistory is 0.500401 for index 438489, 439/1000.
The last entry of errorHistory is 0.500000 for index 438490, 439/1000.
Terminated at swamp 0.5.
The last entry of errorHistory is 0.500064 for index 438491, 439/1000.
Terminated at swamp 0.5.
The last entry of errorHistory is 0.500000 for index 438492, 439/1000.
Terminated at swamp 0.5.
The last entry of errorHistory is 0.500244 for index 438493, 439/1000.
Terminated at swamp 0.5.
The last entry of errorHistory is 0.500380 for index 438494, 439/1000.
Terminated at swamp 0.5.
The last entry of errorHistory is 0.500655 for index 438495, 439/1000.
Terminated at swamp 0.5.
The last entry of errorHistory is 0.500464 for index 438496, 439/1000.
Terminated at swamp 0.5.
The last entry of errorHistory is 0.500195 for index 438497, 439/1000.
The last entry of errorHistory is 0.500000 for index 438498, 439/1000.
Terminated at swamp 1.
The last entry of errorHistory is 1.000048 for index 438499, 439/1000.
Terminated at swamp 1.
The last entry of errorHistory is 1.000082 for index 438500, 439/1000.
Terminated at swamp 0.5.
The last entry of errorHistory is 0.500638 for index 438501, 439/1000.
Terminated at swamp 0.5.
The last entry of errorHistory is 0.500425 for index 438502, 439/1000.
Terminated at swamp 1.
The last entry of errorHistory is 1.000000 for index 438503, 439/1000.
The last entry of errorHistory is 0.000014 for index 438504, 439/1000.
Terminated at swamp 0.5.
The last entry of errorHistory is 0.500495 for index 438505, 439/1000.
Terminated at swamp 0.5.
The last entry of errorHistory is 0.500546 for index 438506, 439/1000.
The last entry of errorHistory is 1.000000 for index 438507, 439/1000.
Terminated at swamp 0.5.
The last entry of errorHistory is 0.500604 for index 438508, 439/1000.
The last entry of errorHistory is 0.500000 for index 438509, 439/1000.
Terminated at swamp 0.5.
The last entry of errorHistory is 0.500099 for index 438510, 439/1000.
The last entry of errorHistory is 0.000013 for index 438511, 439/1000.
The last entry of errorHistory is 0.001573 for index 438512, 439/1000.
Terminated at swamp 0.5.
The last entry of errorHistory is 0.500477 for index 438513, 439/1000.
The last entry of errorHistory is 0.000100 for index 438514, 439/1000.
Terminated at swamp 1.
The last entry of errorHistory is 1.000261 for index 438515, 439/1000.
The last entry of errorHistory is 0.500000 for index 438516, 439/1000.
The last entry of errorHistory is 0.000024 for index 438517, 439/1000.
The last entry of errorHistory is 0.000013 for index 438518, 439/1000.
The last entry of errorHistory is 1.000000 for index 438519, 439/1000.
Terminated at swamp 0.5.
The last entry of errorHistory is 0.500136 for index 438520, 439/1000.
Terminated at swamp 0.5.
The last entry of errorHistory is 0.500681 for index 438521, 439/1000.
The last entry of errorHistory is 0.000023 for index 438522, 439/1000.
Terminated at swamp 0.5.
The last entry of errorHistory is 0.500100 for index 438523, 439/1000.
Terminated at swamp 0.5.
The last entry of errorHistory is 0.500098 for index 438524, 439/1000.
The last entry of errorHistory is 0.000009 for index 438525, 439/1000.
Terminated at swamp 0.5.
The last entry of errorHistory is 0.500401 for index 438526, 439/1000.
Terminated at swamp 1.
The last entry of errorHistory is 1.000231 for index 438527, 439/1000.
Terminated at swamp 0.5.
The last entry of errorHistory is 0.500000 for index 438528, 439/1000.
Terminated at swamp 0.5.
The last entry of errorHistory is 0.500568 for index 438529, 439/1000.
Terminated at swamp 0.5.
The last entry of errorHistory is 0.500554 for index 438530, 439/1000.
Terminated at swamp 0.5.
The last entry of errorHistory is 0.500002 for index 438531, 439/1000.
Terminated at swamp 0.5.
The last entry of errorHistory is 0.500311 for index 438532, 439/1000.
The last entry of errorHistory is 0.000034 for index 438533, 439/1000.
Terminated at swamp 0.5.
The last entry of errorHistory is 0.500782 for index 438534, 439/1000.
The last entry of errorHistory is 0.000016 for index 438535, 439/1000.
Terminated at swamp 0.5.
The last entry of errorHistory is 0.500429 for index 438536, 439/1000.
The last entry of errorHistory is 1.000000 for index 438537, 439/1000.
The last entry of errorHistory is 0.000310 for index 438538, 439/1000.
Terminated at swamp 0.5.
The last entry of errorHistory is 0.500661 for index 438539, 439/1000.
Terminated at swamp 0.5.
The last entry of errorHistory is 0.500444 for index 438540, 439/1000.
Terminated at swamp 0.5.
The last entry of errorHistory is 0.500085 for index 438541, 439/1000.
The last entry of errorHistory is 0.000028 for index 438542, 439/1000.
The last entry of errorHistory is 1.000000 for index 438543, 439/1000.
Terminated at swamp 1.
The last entry of errorHistory is 1.000056 for index 438544, 439/1000.
The last entry of errorHistory is 1.000000 for index 438545, 439/1000.
Terminated at swamp 0.5.
The last entry of errorHistory is 0.500254 for index 438546, 439/1000.
Terminated at swamp 1.
The last entry of errorHistory is 1.000196 for index 438547, 439/1000.
Terminated at swamp 0.5.
The last entry of errorHistory is 0.500352 for index 438548, 439/1000.
Terminated at swamp 0.5.
The last entry of errorHistory is 0.500138 for index 438549, 439/1000.
The last entry of errorHistory is 1.000000 for index 438550, 439/1000.
The last entry of errorHistory is 0.000020 for index 438551, 439/1000.
Terminated at swamp 1.
The last entry of errorHistory is 1.000289 for index 438552, 439/1000.
The last entry of errorHistory is 0.500000 for index 438553, 439/1000.
Terminated at swamp 1.
The last entry of errorHistory is 1.000513 for index 438554, 439/1000.
The last entry of errorHistory is 1.000000 for index 438555, 439/1000.
Terminated at swamp 0.5.
The last entry of errorHistory is 0.500536 for index 438556, 439/1000.
Terminated at swamp 0.5.
The last entry of errorHistory is 0.500385 for index 438557, 439/1000.
The last entry of errorHistory is 1.000000 for index 438558, 439/1000.
The last entry of errorHistory is 0.000081 for index 438559, 439/1000.
Terminated at swamp 0.5.
The last entry of errorHistory is 0.499997 for index 438560, 439/1000.
Terminated at swamp 0.5.
The last entry of errorHistory is 0.500222 for index 438561, 439/1000.
The last entry of errorHistory is 0.000080 for index 438562, 439/1000.
Terminated at swamp 1.
The last entry of errorHistory is 1.000001 for index 438563, 439/1000.
The last entry of errorHistory is 1.000000 for index 438564, 439/1000.
Terminated at swamp 1.
The last entry of errorHistory is 1.000126 for index 438565, 439/1000.
Terminated at swamp 0.5.
The last entry of errorHistory is 0.500157 for index 438566, 439/1000.
Terminated at swamp 0.5.
The last entry of errorHistory is 0.500405 for index 438567, 439/1000.
Terminated at swamp 0.5.
The last entry of errorHistory is 0.500210 for index 438568, 439/1000.
The last entry of errorHistory is 0.500000 for index 438569, 439/1000.
Terminated at swamp 0.5.
The last entry of errorHistory is 0.500453 for index 438570, 439/1000.
Terminated at swamp 1.
The last entry of errorHistory is 1.000298 for index 438571, 439/1000.
Terminated at swamp 0.5.
The last entry of errorHistory is 0.500000 for index 438572, 439/1000.
Terminated at swamp 0.5.
The last entry of errorHistory is 0.500199 for index 438573, 439/1000.
Terminated at swamp 0.5.
The last entry of errorHistory is 0.500522 for index 438574, 439/1000.
Terminated at swamp 0.5.
The last entry of errorHistory is 0.500337 for index 438575, 439/1000.
Terminated at swamp 0.5.
The last entry of errorHistory is 0.500388 for index 438576, 439/1000.
The last entry of errorHistory is 0.000012 for index 438577, 439/1000.
Terminated at swamp 0.5.
The last entry of errorHistory is 0.500568 for index 438578, 439/1000.
Terminated at swamp 0.5.
The last entry of errorHistory is 0.500394 for index 438579, 439/1000.
The last entry of errorHistory is 0.000207 for index 438580, 439/1000.
The last entry of errorHistory is 1.500000 for index 438581, 439/1000.
Terminated at swamp 0.5.
The last entry of errorHistory is 0.500503 for index 438582, 439/1000.
Terminated at swamp 0.5.
The last entry of errorHistory is 0.500311 for index 438583, 439/1000.
Terminated at swamp 0.5.
The last entry of errorHistory is 0.500220 for index 438584, 439/1000.
Terminated at swamp 0.5.
The last entry of errorHistory is 0.500455 for index 438585, 439/1000.
The last entry of errorHistory is 0.000010 for index 438586, 439/1000.
Terminated at swamp 0.5.
The last entry of errorHistory is 0.500286 for index 438587, 439/1000.
Terminated at swamp 1.
The last entry of errorHistory is 1.000289 for index 438588, 439/1000.
Terminated at swamp 1.
The last entry of errorHistory is 1.000260 for index 438589, 439/1000.
The last entry of errorHistory is 0.000214 for index 438590, 439/1000.
The last entry of errorHistory is 1.000000 for index 438591, 439/1000.
Terminated at swamp 0.5.
The last entry of errorHistory is 0.500376 for index 438592, 439/1000.
The last entry of errorHistory is 0.000026 for index 438593, 439/1000.
Terminated at swamp 0.5.
The last entry of errorHistory is 0.500597 for index 438594, 439/1000.
Terminated at swamp 0.5.
The last entry of errorHistory is 0.500835 for index 438595, 439/1000.
Terminated at swamp 0.5.
The last entry of errorHistory is 0.500231 for index 438596, 439/1000.
Terminated at swamp 0.5.
The last entry of errorHistory is 0.500409 for index 438597, 439/1000.
Terminated at swamp 0.5.
The last entry of errorHistory is 0.500091 for index 438598, 439/1000.
Terminated at swamp 0.5.
The last entry of errorHistory is 0.500769 for index 438599, 439/1000.
Terminated at swamp 0.5.
The last entry of errorHistory is 0.500455 for index 438600, 439/1000.
The last entry of errorHistory is 0.000065 for index 438601, 439/1000.
The last entry of errorHistory is 1.000000 for index 438602, 439/1000.
The last entry of errorHistory is 0.000046 for index 438603, 439/1000.
Terminated at swamp 0.5.
The last entry of errorHistory is 0.500529 for index 438604, 439/1000.
Terminated at swamp 0.5.
The last entry of errorHistory is 0.500407 for index 438605, 439/1000.
Terminated at swamp 1.
The last entry of errorHistory is 1.000390 for index 438606, 439/1000.
The last entry of errorHistory is 1.000000 for index 438607, 439/1000.
The last entry of errorHistory is 1.500000 for index 438608, 439/1000.
The last entry of errorHistory is 1.000000 for index 438609, 439/1000.
The last entry of errorHistory is 0.000025 for index 438610, 439/1000.
Terminated at swamp 1.
The last entry of errorHistory is 1.000081 for index 438611, 439/1000.
Terminated at swamp 0.5.
The last entry of errorHistory is 0.500019 for index 438612, 439/1000.
The last entry of errorHistory is 1.000000 for index 438613, 439/1000.
Terminated at swamp 0.5.
The last entry of errorHistory is 0.500433 for index 438614, 439/1000.
The last entry of errorHistory is 1.000000 for index 438615, 439/1000.
Terminated at swamp 0.5.
The last entry of errorHistory is 0.500323 for index 438616, 439/1000.
Terminated at swamp 0.5.
The last entry of errorHistory is 0.500140 for index 438617, 439/1000.
Terminated at swamp 0.5.
The last entry of errorHistory is 0.500498 for index 438618, 439/1000.
The last entry of errorHistory is 0.000698 for index 438619, 439/1000.
Terminated at swamp 0.5.
The last entry of errorHistory is 0.500049 for index 438620, 439/1000.
The last entry of errorHistory is 1.000000 for index 438621, 439/1000.
Terminated at swamp 0.5.
The last entry of errorHistory is 0.500154 for index 438622, 439/1000.
Terminated at swamp 0.5.
The last entry of errorHistory is 0.500001 for index 438623, 439/1000.
The last entry of errorHistory is 0.001241 for index 438624, 439/1000.
The last entry of errorHistory is 0.000013 for index 438625, 439/1000.
Terminated at swamp 0.5.
The last entry of errorHistory is 0.500408 for index 438626, 439/1000.
Terminated at swamp 0.5.
The last entry of errorHistory is 0.500397 for index 438627, 439/1000.
Terminated at swamp 0.5.
The last entry of errorHistory is 0.500835 for index 438628, 439/1000.
Terminated at swamp 0.5.
The last entry of errorHistory is 0.500696 for index 438629, 439/1000.
Terminated at swamp 0.5.
The last entry of errorHistory is 0.500363 for index 438630, 439/1000.
Terminated at swamp 0.5.
The last entry of errorHistory is 0.500629 for index 438631, 439/1000.
Terminated at swamp 0.5.
The last entry of errorHistory is 0.500313 for index 438632, 439/1000.
The last entry of errorHistory is 0.500000 for index 438633, 439/1000.
Terminated at swamp 0.5.
The last entry of errorHistory is 0.500447 for index 438634, 439/1000.
Terminated at swamp 0.5.
The last entry of errorHistory is 0.500387 for index 438635, 439/1000.
The last entry of errorHistory is 1.000000 for index 438636, 439/1000.
The last entry of errorHistory is 1.000000 for index 438637, 439/1000.
Terminated at swamp 0.5.
The last entry of errorHistory is 0.500336 for index 438638, 439/1000.
The last entry of errorHistory is 0.000016 for index 438639, 439/1000.
The last entry of errorHistory is 1.000000 for index 438640, 439/1000.
Terminated at swamp 0.5.
The last entry of errorHistory is 0.500475 for index 438641, 439/1000.
The last entry of errorHistory is 1.500000 for index 438642, 439/1000.
The last entry of errorHistory is 1.500000 for index 438643, 439/1000.
Terminated at swamp 1.
The last entry of errorHistory is 1.000163 for index 438644, 439/1000.
Terminated at swamp 1.
The last entry of errorHistory is 1.000339 for index 438645, 439/1000.
The last entry of errorHistory is 1.000000 for index 438646, 439/1000.
Terminated at swamp 1.
The last entry of errorHistory is 1.000269 for index 438647, 439/1000.
The last entry of errorHistory is 1.000000 for index 438648, 439/1000.
The last entry of errorHistory is 1.000000 for index 438649, 439/1000.
Terminated at swamp 1.
The last entry of errorHistory is 1.000001 for index 438650, 439/1000.
Terminated at swamp 1.
The last entry of errorHistory is 1.000000 for index 438651, 439/1000.
Terminated at swamp 0.5.
The last entry of errorHistory is 0.500620 for index 438652, 439/1000.
Terminated at swamp 1.
The last entry of errorHistory is 1.000124 for index 438653, 439/1000.
Terminated at swamp 0.5.
The last entry of errorHistory is 0.500121 for index 438654, 439/1000.
Terminated at swamp 0.5.
The last entry of errorHistory is 0.500520 for index 438655, 439/1000.
Terminated at swamp 0.5.
The last entry of errorHistory is 0.500359 for index 438656, 439/1000.
The last entry of errorHistory is 1.000000 for index 438657, 439/1000.
The last entry of errorHistory is 1.000000 for index 438658, 439/1000.
The last entry of errorHistory is 0.000017 for index 438659, 439/1000.
Terminated at swamp 1.
The last entry of errorHistory is 1.000261 for index 438660, 439/1000.
Terminated at swamp 0.5.
The last entry of errorHistory is 0.500459 for index 438661, 439/1000.
Terminated at swamp 0.5.
The last entry of errorHistory is 0.500404 for index 438662, 439/1000.
Terminated at swamp 0.5.
The last entry of errorHistory is 0.500027 for index 438663, 439/1000.
The last entry of errorHistory is 1.000000 for index 438664, 439/1000.
Terminated at swamp 0.5.
The last entry of errorHistory is 0.500001 for index 438665, 439/1000.
Terminated at swamp 0.5.
The last entry of errorHistory is 0.500662 for index 438666, 439/1000.
Terminated at swamp 0.5.
The last entry of errorHistory is 0.500378 for index 438667, 439/1000.
The last entry of errorHistory is 0.000014 for index 438668, 439/1000.
The last entry of errorHistory is 1.000000 for index 438669, 439/1000.
Terminated at swamp 0.5.
The last entry of errorHistory is 0.500172 for index 438670, 439/1000.
Terminated at swamp 0.5.
The last entry of errorHistory is 0.500451 for index 438671, 439/1000.
The last entry of errorHistory is 0.000018 for index 438672, 439/1000.
Terminated at swamp 0.5.
The last entry of errorHistory is 0.500600 for index 438673, 439/1000.
The last entry of errorHistory is 1.000000 for index 438674, 439/1000.
The last entry of errorHistory is 1.000000 for index 438675, 439/1000.
Terminated at swamp 1.
The last entry of errorHistory is 1.000091 for index 438676, 439/1000.
The last entry of errorHistory is 1.000000 for index 438677, 439/1000.
The last entry of errorHistory is 1.000000 for index 438678, 439/1000.
Terminated at swamp 0.5.
The last entry of errorHistory is 0.500068 for index 438679, 439/1000.
Terminated at swamp 1.
The last entry of errorHistory is 1.000009 for index 438680, 439/1000.
The last entry of errorHistory is 1.000000 for index 438681, 439/1000.
The last entry of errorHistory is 1.000000 for index 438682, 439/1000.
Terminated at swamp 0.5.
The last entry of errorHistory is 0.500146 for index 438683, 439/1000.
Terminated at swamp 0.5.
The last entry of errorHistory is 0.500087 for index 438684, 439/1000.
The last entry of errorHistory is 0.000012 for index 438685, 439/1000.
Terminated at swamp 0.5.
The last entry of errorHistory is 0.500387 for index 438686, 439/1000.
Terminated at swamp 0.5.
The last entry of errorHistory is 0.500006 for index 438687, 439/1000.
Terminated at swamp 0.5.
The last entry of errorHistory is 0.500683 for index 438688, 439/1000.
The last entry of errorHistory is 1.000000 for index 438689, 439/1000.
The last entry of errorHistory is 1.000000 for index 438690, 439/1000.
The last entry of errorHistory is 1.000000 for index 438691, 439/1000.
Terminated at swamp 0.5.
The last entry of errorHistory is 0.500533 for index 438692, 439/1000.
Terminated at swamp 0.5.
The last entry of errorHistory is 0.500312 for index 438693, 439/1000.
Terminated at swamp 0.5.
The last entry of errorHistory is 0.500888 for index 438694, 439/1000.
Terminated at swamp 1.
The last entry of errorHistory is 1.000000 for index 438695, 439/1000.
The last entry of errorHistory is 0.000014 for index 438696, 439/1000.
Terminated at swamp 0.5.
The last entry of errorHistory is 0.500494 for index 438697, 439/1000.
The last entry of errorHistory is 0.000017 for index 438698, 439/1000.
The last entry of errorHistory is 1.000000 for index 438699, 439/1000.
The last entry of errorHistory is 0.500000 for index 438700, 439/1000.
The last entry of errorHistory is 0.000019 for index 438701, 439/1000.
Terminated at swamp 0.5.
The last entry of errorHistory is 0.500492 for index 438702, 439/1000.
Terminated at swamp 1.5.
The last entry of errorHistory is 1.500000 for index 438703, 439/1000.
Terminated at swamp 0.5.
The last entry of errorHistory is 0.500613 for index 438704, 439/1000.
Terminated at swamp 0.5.
The last entry of errorHistory is 0.500672 for index 438705, 439/1000.
The last entry of errorHistory is 1.000000 for index 438706, 439/1000.
The last entry of errorHistory is 0.000010 for index 438707, 439/1000.
Terminated at swamp 1.
The last entry of errorHistory is 1.000556 for index 438708, 439/1000.
Terminated at swamp 0.5.
The last entry of errorHistory is 0.500400 for index 438709, 439/1000.
The last entry of errorHistory is 0.500000 for index 438710, 439/1000.
Terminated at swamp 1.
The last entry of errorHistory is 1.000330 for index 438711, 439/1000.
Terminated at swamp 1.
The last entry of errorHistory is 1.000000 for index 438712, 439/1000.
Terminated at swamp 0.5.
The last entry of errorHistory is 0.500759 for index 438713, 439/1000.
The last entry of errorHistory is 1.000000 for index 438714, 439/1000.
Terminated at swamp 0.5.
The last entry of errorHistory is 0.500099 for index 438715, 439/1000.
Terminated at swamp 0.5.
The last entry of errorHistory is 0.500527 for index 438716, 439/1000.
The last entry of errorHistory is 1.000000 for index 438717, 439/1000.
The last entry of errorHistory is 1.000000 for index 438718, 439/1000.
The last entry of errorHistory is 0.000040 for index 438719, 439/1000.
Terminated at swamp 1.5.
The last entry of errorHistory is 1.500198 for index 438720, 439/1000.
Terminated at swamp 0.5.
The last entry of errorHistory is 0.500114 for index 438721, 439/1000.
The last entry of errorHistory is 1.000000 for index 438722, 439/1000.
Terminated at swamp 0.5.
The last entry of errorHistory is 0.500514 for index 438723, 439/1000.
Terminated at swamp 0.5.
The last entry of errorHistory is 0.500095 for index 438724, 439/1000.
The last entry of errorHistory is 0.000851 for index 438725, 439/1000.
The last entry of errorHistory is 0.500000 for index 438726, 439/1000.
Terminated at swamp 0.5.
The last entry of errorHistory is 0.500004 for index 438727, 439/1000.
The last entry of errorHistory is 0.000063 for index 438728, 439/1000.
Terminated at swamp 0.5.
The last entry of errorHistory is 0.500319 for index 438729, 439/1000.
Terminated at swamp 0.5.
The last entry of errorHistory is 0.500609 for index 438730, 439/1000.
Terminated at swamp 0.5.
The last entry of errorHistory is 0.500039 for index 438731, 439/1000.
Terminated at swamp 0.5.
The last entry of errorHistory is 0.500342 for index 438732, 439/1000.
Terminated at swamp 1.
The last entry of errorHistory is 1.000190 for index 438733, 439/1000.
Terminated at swamp 0.5.
The last entry of errorHistory is 0.500034 for index 438734, 439/1000.
Terminated at swamp 0.5.
The last entry of errorHistory is 0.500057 for index 438735, 439/1000.
Terminated at swamp 1.
The last entry of errorHistory is 1.000114 for index 438736, 439/1000.
Terminated at swamp 1.
The last entry of errorHistory is 1.000396 for index 438737, 439/1000.
Terminated at swamp 0.5.
The last entry of errorHistory is 0.500009 for index 438738, 439/1000.
Terminated at swamp 0.5.
The last entry of errorHistory is 0.500266 for index 438739, 439/1000.
Terminated at swamp 0.5.
The last entry of errorHistory is 0.500347 for index 438740, 439/1000.
Terminated at swamp 0.5.
The last entry of errorHistory is 0.500423 for index 438741, 439/1000.
Terminated at swamp 0.5.
The last entry of errorHistory is 0.500543 for index 438742, 439/1000.
The last entry of errorHistory is 1.000000 for index 438743, 439/1000.
The last entry of errorHistory is 1.000000 for index 438744, 439/1000.
Terminated at swamp 1.
The last entry of errorHistory is 1.000026 for index 438745, 439/1000.
Terminated at swamp 0.5.
The last entry of errorHistory is 0.500551 for index 438746, 439/1000.
The last entry of errorHistory is 1.000000 for index 438747, 439/1000.
Terminated at swamp 0.5.
The last entry of errorHistory is 0.500411 for index 438748, 439/1000.
Terminated at swamp 0.5.
The last entry of errorHistory is 0.500897 for index 438749, 439/1000.
Terminated at swamp 1.
The last entry of errorHistory is 1.000260 for index 438750, 439/1000.
Terminated at swamp 0.5.
The last entry of errorHistory is 0.500089 for index 438751, 439/1000.
Terminated at swamp 0.5.
The last entry of errorHistory is 0.500000 for index 438752, 439/1000.
The last entry of errorHistory is 1.000000 for index 438753, 439/1000.
The last entry of errorHistory is 0.000034 for index 438754, 439/1000.
The last entry of errorHistory is 0.500000 for index 438755, 439/1000.
Terminated at swamp 0.5.
The last entry of errorHistory is 0.500562 for index 438756, 439/1000.
Terminated at swamp 0.5.
The last entry of errorHistory is 0.500453 for index 438757, 439/1000.
Terminated at swamp 1.
The last entry of errorHistory is 1.000125 for index 438758, 439/1000.
Terminated at swamp 0.5.
The last entry of errorHistory is 0.500661 for index 438759, 439/1000.
The last entry of errorHistory is 0.000023 for index 438760, 439/1000.
The last entry of errorHistory is 1.000000 for index 438761, 439/1000.
Terminated at swamp 0.5.
The last entry of errorHistory is 0.500101 for index 438762, 439/1000.
Terminated at swamp 0.5.
The last entry of errorHistory is 0.500238 for index 438763, 439/1000.
Terminated at swamp 0.5.
The last entry of errorHistory is 0.500000 for index 438764, 439/1000.
Terminated at swamp 0.5.
The last entry of errorHistory is 0.500580 for index 438765, 439/1000.
The last entry of errorHistory is 1.000000 for index 438766, 439/1000.
Terminated at swamp 1.
The last entry of errorHistory is 1.000002 for index 438767, 439/1000.
Terminated at swamp 1.
The last entry of errorHistory is 1.000236 for index 438768, 439/1000.
Terminated at swamp 1.
The last entry of errorHistory is 1.000594 for index 438769, 439/1000.
Terminated at swamp 0.5.
The last entry of errorHistory is 0.500466 for index 438770, 439/1000.
Terminated at swamp 1.
The last entry of errorHistory is 1.000000 for index 438771, 439/1000.
The last entry of errorHistory is 0.000016 for index 438772, 439/1000.
Terminated at swamp 0.5.
The last entry of errorHistory is 0.500441 for index 438773, 439/1000.
Terminated at swamp 0.5.
The last entry of errorHistory is 0.500368 for index 438774, 439/1000.
Terminated at swamp 0.5.
The last entry of errorHistory is 0.500265 for index 438775, 439/1000.
Terminated at swamp 0.5.
The last entry of errorHistory is 0.500554 for index 438776, 439/1000.
Terminated at swamp 1.
The last entry of errorHistory is 1.000057 for index 438777, 439/1000.
Terminated at swamp 0.5.
The last entry of errorHistory is 0.500586 for index 438778, 439/1000.
The last entry of errorHistory is 0.000014 for index 438779, 439/1000.
The last entry of errorHistory is 0.000644 for index 438780, 439/1000.
The last entry of errorHistory is 0.000049 for index 438781, 439/1000.
Terminated at swamp 1.
The last entry of errorHistory is 0.999860 for index 438782, 439/1000.
Terminated at swamp 0.5.
The last entry of errorHistory is 0.500000 for index 438783, 439/1000.
Terminated at swamp 1.
The last entry of errorHistory is 1.000240 for index 438784, 439/1000.
The last entry of errorHistory is 1.000000 for index 438785, 439/1000.
Terminated at swamp 1.
The last entry of errorHistory is 1.000000 for index 438786, 439/1000.
Terminated at swamp 0.5.
The last entry of errorHistory is 0.500714 for index 438787, 439/1000.
Terminated at swamp 0.5.
The last entry of errorHistory is 0.500628 for index 438788, 439/1000.
Terminated at swamp 1.
The last entry of errorHistory is 1.000108 for index 438789, 439/1000.
Terminated at swamp 0.5.
The last entry of errorHistory is 0.500372 for index 438790, 439/1000.
The last entry of errorHistory is 1.500000 for index 438791, 439/1000.
Terminated at swamp 0.5.
The last entry of errorHistory is 0.500072 for index 438792, 439/1000.
Terminated at swamp 0.5.
The last entry of errorHistory is 0.500667 for index 438793, 439/1000.
Terminated at swamp 0.5.
The last entry of errorHistory is 0.500020 for index 438794, 439/1000.
Terminated at swamp 0.5.
The last entry of errorHistory is 0.500019 for index 438795, 439/1000.
The last entry of errorHistory is 1.000000 for index 438796, 439/1000.
Terminated at swamp 0.5.
The last entry of errorHistory is 0.500550 for index 438797, 439/1000.
Terminated at swamp 1.
The last entry of errorHistory is 1.000027 for index 438798, 439/1000.
Terminated at swamp 0.5.
The last entry of errorHistory is 0.500406 for index 438799, 439/1000.
The last entry of errorHistory is 0.000048 for index 438800, 439/1000.
Terminated at swamp 1.
The last entry of errorHistory is 1.000505 for index 438801, 439/1000.
The last entry of errorHistory is 0.000009 for index 438802, 439/1000.
The last entry of errorHistory is 1.500000 for index 438803, 439/1000.
The last entry of errorHistory is 0.000401 for index 438804, 439/1000.
The last entry of errorHistory is 0.000789 for index 438805, 439/1000.
Terminated at swamp 0.5.
The last entry of errorHistory is 0.500101 for index 438806, 439/1000.
Terminated at swamp 0.5.
The last entry of errorHistory is 0.500311 for index 438807, 439/1000.
Terminated at swamp 0.5.
The last entry of errorHistory is 0.500626 for index 438808, 439/1000.
The last entry of errorHistory is 0.500000 for index 438809, 439/1000.
Terminated at swamp 1.
The last entry of errorHistory is 1.000011 for index 438810, 439/1000.
Terminated at swamp 1.
The last entry of errorHistory is 1.000014 for index 438811, 439/1000.
The last entry of errorHistory is 1.000000 for index 438812, 439/1000.
Terminated at swamp 0.5.
The last entry of errorHistory is 0.500138 for index 438813, 439/1000.
The last entry of errorHistory is 1.000000 for index 438814, 439/1000.
Terminated at swamp 0.5.
The last entry of errorHistory is 0.500353 for index 438815, 439/1000.
Terminated at swamp 0.5.
The last entry of errorHistory is 0.499961 for index 438816, 439/1000.
Terminated at swamp 0.5.
The last entry of errorHistory is 0.500008 for index 438817, 439/1000.
Terminated at swamp 0.5.
The last entry of errorHistory is 0.500395 for index 438818, 439/1000.
Terminated at swamp 0.5.
The last entry of errorHistory is 0.500048 for index 438819, 439/1000.
Terminated at swamp 0.5.
The last entry of errorHistory is 0.500382 for index 438820, 439/1000.
Terminated at swamp 0.5.
The last entry of errorHistory is 0.500513 for index 438821, 439/1000.
Terminated at swamp 0.5.
The last entry of errorHistory is 0.500084 for index 438822, 439/1000.
The last entry of errorHistory is 0.000022 for index 438823, 439/1000.
Terminated at swamp 0.5.
The last entry of errorHistory is 0.500687 for index 438824, 439/1000.
Terminated at swamp 0.5.
The last entry of errorHistory is 0.500514 for index 438825, 439/1000.
The last entry of errorHistory is 1.000000 for index 438826, 439/1000.
Terminated at swamp 0.5.
The last entry of errorHistory is 0.500263 for index 438827, 439/1000.
Terminated at swamp 0.5.
The last entry of errorHistory is 0.500963 for index 438828, 439/1000.
Terminated at swamp 1.
The last entry of errorHistory is 1.000057 for index 438829, 439/1000.
The last entry of errorHistory is 0.000136 for index 438830, 439/1000.
Terminated at swamp 0.5.
The last entry of errorHistory is 0.500409 for index 438831, 439/1000.
Terminated at swamp 0.5.
The last entry of errorHistory is 0.500676 for index 438832, 439/1000.
Terminated at swamp 1.
The last entry of errorHistory is 1.000025 for index 438833, 439/1000.
The last entry of errorHistory is 0.000103 for index 438834, 439/1000.
Terminated at swamp 1.
The last entry of errorHistory is 1.000405 for index 438835, 439/1000.
The last entry of errorHistory is 1.500000 for index 438836, 439/1000.
The last entry of errorHistory is 0.500000 for index 438837, 439/1000.
Terminated at swamp 0.5.
The last entry of errorHistory is 0.500000 for index 438838, 439/1000.
The last entry of errorHistory is 0.000015 for index 438839, 439/1000.
Terminated at swamp 0.5.
The last entry of errorHistory is 0.500000 for index 438840, 439/1000.
Terminated at swamp 0.5.
The last entry of errorHistory is 0.500616 for index 438841, 439/1000.
Terminated at swamp 1.
The last entry of errorHistory is 1.000000 for index 438842, 439/1000.
Terminated at swamp 0.5.
The last entry of errorHistory is 0.500074 for index 438843, 439/1000.
Terminated at swamp 1.
The last entry of errorHistory is 1.000000 for index 438844, 439/1000.
Terminated at swamp 0.5.
The last entry of errorHistory is 0.500419 for index 438845, 439/1000.
Terminated at swamp 0.5.
The last entry of errorHistory is 0.500655 for index 438846, 439/1000.
Terminated at swamp 0.5.
The last entry of errorHistory is 0.500028 for index 438847, 439/1000.
Terminated at swamp 0.5.
The last entry of errorHistory is 0.500001 for index 438848, 439/1000.
The last entry of errorHistory is 0.500000 for index 438849, 439/1000.
Terminated at swamp 0.5.
The last entry of errorHistory is 0.500028 for index 438850, 439/1000.
The last entry of errorHistory is 1.000000 for index 438851, 439/1000.
Terminated at swamp 0.5.
The last entry of errorHistory is 0.500549 for index 438852, 439/1000.
Terminated at swamp 1.
The last entry of errorHistory is 1.000008 for index 438853, 439/1000.
The last entry of errorHistory is 1.500000 for index 438854, 439/1000.
Terminated at swamp 0.5.
The last entry of errorHistory is 0.500299 for index 438855, 439/1000.
Terminated at swamp 0.5.
The last entry of errorHistory is 0.500073 for index 438856, 439/1000.
Terminated at swamp 0.5.
The last entry of errorHistory is 0.500335 for index 438857, 439/1000.
The last entry of errorHistory is 0.000018 for index 438858, 439/1000.
Terminated at swamp 0.5.
The last entry of errorHistory is 0.500509 for index 438859, 439/1000.
Terminated at swamp 0.5.
The last entry of errorHistory is 0.500000 for index 438860, 439/1000.
Terminated at swamp 0.5.
The last entry of errorHistory is 0.500001 for index 438861, 439/1000.
Terminated at swamp 1.
The last entry of errorHistory is 1.000000 for index 438862, 439/1000.
Terminated at swamp 0.5.
The last entry of errorHistory is 0.500535 for index 438863, 439/1000.
Terminated at swamp 1.
The last entry of errorHistory is 1.000086 for index 438864, 439/1000.
Terminated at swamp 0.5.
The last entry of errorHistory is 0.500217 for index 438865, 439/1000.
The last entry of errorHistory is 0.000408 for index 438866, 439/1000.
Terminated at swamp 0.5.
The last entry of errorHistory is 0.500914 for index 438867, 439/1000.
Terminated at swamp 0.5.
The last entry of errorHistory is 0.500347 for index 438868, 439/1000.
Terminated at swamp 1.
The last entry of errorHistory is 1.000010 for index 438869, 439/1000.
Terminated at swamp 1.
The last entry of errorHistory is 1.000067 for index 438870, 439/1000.
The last entry of errorHistory is 0.000798 for index 438871, 439/1000.
The last entry of errorHistory is 0.500000 for index 438872, 439/1000.
Terminated at swamp 0.5.
The last entry of errorHistory is 0.500422 for index 438873, 439/1000.
The last entry of errorHistory is 1.000000 for index 438874, 439/1000.
Terminated at swamp 0.5.
The last entry of errorHistory is 0.500224 for index 438875, 439/1000.
Terminated at swamp 0.5.
The last entry of errorHistory is 0.500003 for index 438876, 439/1000.
Terminated at swamp 0.5.
The last entry of errorHistory is 0.500071 for index 438877, 439/1000.
Terminated at swamp 0.5.
The last entry of errorHistory is 0.500240 for index 438878, 439/1000.
The last entry of errorHistory is 1.000000 for index 438879, 439/1000.
The last entry of errorHistory is 1.000000 for index 438880, 439/1000.
The last entry of errorHistory is 1.500000 for index 438881, 439/1000.
The last entry of errorHistory is 1.000000 for index 438882, 439/1000.
Terminated at swamp 0.5.
The last entry of errorHistory is 0.500019 for index 438883, 439/1000.
The last entry of errorHistory is 0.000072 for index 438884, 439/1000.
The last entry of errorHistory is 1.000000 for index 438885, 439/1000.
Terminated at swamp 0.5.
The last entry of errorHistory is 0.500489 for index 438886, 439/1000.
The last entry of errorHistory is 1.000000 for index 438887, 439/1000.
Terminated at swamp 0.5.
The last entry of errorHistory is 0.500306 for index 438888, 439/1000.
The last entry of errorHistory is 1.000000 for index 438889, 439/1000.
Terminated at swamp 1.
The last entry of errorHistory is 1.000001 for index 438890, 439/1000.
Terminated at swamp 0.5.
The last entry of errorHistory is 0.499839 for index 438891, 439/1000.
Terminated at swamp 0.5.
The last entry of errorHistory is 0.500116 for index 438892, 439/1000.
Terminated at swamp 0.5.
The last entry of errorHistory is 0.500451 for index 438893, 439/1000.
Terminated at swamp 0.5.
The last entry of errorHistory is 0.500198 for index 438894, 439/1000.
Terminated at swamp 0.5.
The last entry of errorHistory is 0.500322 for index 438895, 439/1000.
The last entry of errorHistory is 0.000044 for index 438896, 439/1000.
The last entry of errorHistory is 0.500000 for index 438897, 439/1000.
Terminated at swamp 0.5.
The last entry of errorHistory is 0.500632 for index 438898, 439/1000.
Terminated at swamp 0.5.
The last entry of errorHistory is 0.500889 for index 438899, 439/1000.
Terminated at swamp 1.
The last entry of errorHistory is 0.999600 for index 438900, 439/1000.
Terminated at swamp 0.5.
The last entry of errorHistory is 0.500628 for index 438901, 439/1000.
Terminated at swamp 0.5.
The last entry of errorHistory is 0.500450 for index 438902, 439/1000.
The last entry of errorHistory is 1.000000 for index 438903, 439/1000.
Terminated at swamp 0.5.
The last entry of errorHistory is 0.500287 for index 438904, 439/1000.
The last entry of errorHistory is 0.000378 for index 438905, 439/1000.
Terminated at swamp 1.
The last entry of errorHistory is 1.000266 for index 438906, 439/1000.
Terminated at swamp 0.5.
The last entry of errorHistory is 0.500000 for index 438907, 439/1000.
Terminated at swamp 0.5.
The last entry of errorHistory is 0.500602 for index 438908, 439/1000.
Terminated at swamp 0.5.
The last entry of errorHistory is 0.500116 for index 438909, 439/1000.
Terminated at swamp 0.5.
The last entry of errorHistory is 0.500556 for index 438910, 439/1000.
Terminated at swamp 0.5.
The last entry of errorHistory is 0.500008 for index 438911, 439/1000.
Terminated at swamp 0.5.
The last entry of errorHistory is 0.500000 for index 438912, 439/1000.
The last entry of errorHistory is 1.000000 for index 438913, 439/1000.
Terminated at swamp 0.5.
The last entry of errorHistory is 0.500214 for index 438914, 439/1000.
Terminated at swamp 0.5.
The last entry of errorHistory is 0.500678 for index 438915, 439/1000.
The last entry of errorHistory is 0.000334 for index 438916, 439/1000.
The last entry of errorHistory is 0.500000 for index 438917, 439/1000.
The last entry of errorHistory is 1.000000 for index 438918, 439/1000.
Terminated at swamp 0.5.
The last entry of errorHistory is 0.500428 for index 438919, 439/1000.
Terminated at swamp 0.5.
The last entry of errorHistory is 0.500276 for index 438920, 439/1000.
Terminated at swamp 1.
The last entry of errorHistory is 1.000129 for index 438921, 439/1000.
Terminated at swamp 1.
The last entry of errorHistory is 1.000390 for index 438922, 439/1000.
Terminated at swamp 0.5.
The last entry of errorHistory is 0.500074 for index 438923, 439/1000.
Terminated at swamp 0.5.
The last entry of errorHistory is 0.500239 for index 438924, 439/1000.
Terminated at swamp 0.5.
The last entry of errorHistory is 0.500395 for index 438925, 439/1000.
The last entry of errorHistory is 1.000000 for index 438926, 439/1000.
Terminated at swamp 0.5.
The last entry of errorHistory is 0.500476 for index 438927, 439/1000.
Terminated at swamp 0.5.
The last entry of errorHistory is 0.500580 for index 438928, 439/1000.
The last entry of errorHistory is 0.500000 for index 438929, 439/1000.
The last entry of errorHistory is 0.500000 for index 438930, 439/1000.
Terminated at swamp 0.5.
The last entry of errorHistory is 0.500575 for index 438931, 439/1000.
Terminated at swamp 1.
The last entry of errorHistory is 1.000387 for index 438932, 439/1000.
Terminated at swamp 0.5.
The last entry of errorHistory is 0.500467 for index 438933, 439/1000.
Terminated at swamp 1.
The last entry of errorHistory is 1.000000 for index 438934, 439/1000.
Terminated at swamp 0.5.
The last entry of errorHistory is 0.500364 for index 438935, 439/1000.
The last entry of errorHistory is 0.000018 for index 438936, 439/1000.
Terminated at swamp 0.5.
The last entry of errorHistory is 0.500355 for index 438937, 439/1000.
Terminated at swamp 0.5.
The last entry of errorHistory is 0.500569 for index 438938, 439/1000.
The last entry of errorHistory is 1.000000 for index 438939, 439/1000.
Terminated at swamp 1.
The last entry of errorHistory is 1.000077 for index 438940, 439/1000.
Terminated at swamp 0.5.
The last entry of errorHistory is 0.500366 for index 438941, 439/1000.
The last entry of errorHistory is 1.000000 for index 438942, 439/1000.
Terminated at swamp 0.5.
The last entry of errorHistory is 0.500499 for index 438943, 439/1000.
The last entry of errorHistory is 0.000022 for index 438944, 439/1000.
Terminated at swamp 0.5.
The last entry of errorHistory is 0.500014 for index 438945, 439/1000.
The last entry of errorHistory is 1.000000 for index 438946, 439/1000.
Terminated at swamp 0.5.
The last entry of errorHistory is 0.500000 for index 438947, 439/1000.
Terminated at swamp 0.5.
The last entry of errorHistory is 0.500258 for index 438948, 439/1000.
Terminated at swamp 0.5.
The last entry of errorHistory is 0.500330 for index 438949, 439/1000.
Terminated at swamp 0.5.
The last entry of errorHistory is 0.500378 for index 438950, 439/1000.
Terminated at swamp 0.5.
The last entry of errorHistory is 0.500404 for index 438951, 439/1000.
Terminated at swamp 1.
The last entry of errorHistory is 1.000000 for index 438952, 439/1000.
The last entry of errorHistory is 0.000025 for index 438953, 439/1000.
Terminated at swamp 0.5.
The last entry of errorHistory is 0.500534 for index 438954, 439/1000.
Terminated at swamp 0.5.
The last entry of errorHistory is 0.500532 for index 438955, 439/1000.
The last entry of errorHistory is 1.000000 for index 438956, 439/1000.
Terminated at swamp 0.5.
The last entry of errorHistory is 0.500311 for index 438957, 439/1000.
Terminated at swamp 0.5.
The last entry of errorHistory is 0.500503 for index 438958, 439/1000.
Terminated at swamp 0.5.
The last entry of errorHistory is 0.500391 for index 438959, 439/1000.
Terminated at swamp 1.
The last entry of errorHistory is 1.000000 for index 438960, 439/1000.
Terminated at swamp 1.
The last entry of errorHistory is 1.000000 for index 438961, 439/1000.
Terminated at swamp 0.5.
The last entry of errorHistory is 0.500570 for index 438962, 439/1000.
The last entry of errorHistory is 0.500000 for index 438963, 439/1000.
Terminated at swamp 0.5.
The last entry of errorHistory is 0.500196 for index 438964, 439/1000.
Terminated at swamp 1.
The last entry of errorHistory is 1.000427 for index 438965, 439/1000.
Terminated at swamp 1.
The last entry of errorHistory is 1.000008 for index 438966, 439/1000.
Terminated at swamp 1.
The last entry of errorHistory is 1.000562 for index 438967, 439/1000.
The last entry of errorHistory is 0.000086 for index 438968, 439/1000.
Terminated at swamp 1.
The last entry of errorHistory is 1.000253 for index 438969, 439/1000.
The last entry of errorHistory is 1.000000 for index 438970, 439/1000.
Terminated at swamp 1.
The last entry of errorHistory is 1.000000 for index 438971, 439/1000.
The last entry of errorHistory is 1.000000 for index 438972, 439/1000.
Terminated at swamp 0.5.
The last entry of errorHistory is 0.500548 for index 438973, 439/1000.
Terminated at swamp 1.
The last entry of errorHistory is 1.000343 for index 438974, 439/1000.
Terminated at swamp 0.5.
The last entry of errorHistory is 0.500409 for index 438975, 439/1000.
Terminated at swamp 0.5.
The last entry of errorHistory is 0.500430 for index 438976, 439/1000.
The last entry of errorHistory is 0.000015 for index 438977, 439/1000.
Terminated at swamp 0.5.
The last entry of errorHistory is 0.500385 for index 438978, 439/1000.
Terminated at swamp 0.5.
The last entry of errorHistory is 0.500068 for index 438979, 439/1000.
Terminated at swamp 0.5.
The last entry of errorHistory is 0.500021 for index 438980, 439/1000.
The last entry of errorHistory is 1.000000 for index 438981, 439/1000.
Terminated at swamp 0.5.
The last entry of errorHistory is 0.500684 for index 438982, 439/1000.
Terminated at swamp 1.
The last entry of errorHistory is 1.000404 for index 438983, 439/1000.
Terminated at swamp 0.5.
The last entry of errorHistory is 0.500363 for index 438984, 439/1000.
Terminated at swamp 0.5.
The last entry of errorHistory is 0.500393 for index 438985, 439/1000.
Terminated at swamp 0.5.
The last entry of errorHistory is 0.500557 for index 438986, 439/1000.
The last entry of errorHistory is 1.000000 for index 438987, 439/1000.
Terminated at swamp 1.
The last entry of errorHistory is 1.000015 for index 438988, 439/1000.
Terminated at swamp 1.
The last entry of errorHistory is 1.000030 for index 438989, 439/1000.
Terminated at swamp 1.
The last entry of errorHistory is 1.000235 for index 438990, 439/1000.
Terminated at swamp 0.5.
The last entry of errorHistory is 0.500159 for index 438991, 439/1000.
The last entry of errorHistory is 0.000563 for index 438992, 439/1000.
Terminated at swamp 1.
The last entry of errorHistory is 1.000003 for index 438993, 439/1000.
Terminated at swamp 0.5.
The last entry of errorHistory is 0.500475 for index 438994, 439/1000.
Terminated at swamp 1.
The last entry of errorHistory is 1.000335 for index 438995, 439/1000.
Terminated at swamp 1.
The last entry of errorHistory is 1.000009 for index 438996, 439/1000.
Terminated at swamp 0.5.
The last entry of errorHistory is 0.500185 for index 438997, 439/1000.
Terminated at swamp 1.
The last entry of errorHistory is 1.000011 for index 438998, 439/1000.
The last entry of errorHistory is 0.000017 for index 438999, 439/1000.
The last entry of errorHistory is 1.000000 for index 439000, 439/1000.
