
                            < M A T L A B (R) >
                  Copyright 1984-2018 The MathWorks, Inc.
                   R2018b (9.5.0.944444) 64-bit (glnxa64)
                              August 28, 2018

 
To get started, type doc.
For product information, visit www.mathworks.com.
 
Terminated at swamp 0.5.
The last entry of errorHistory is 0.500248 for index 458001, 459/1000.
Terminated at swamp 0.5.
The last entry of errorHistory is 0.500054 for index 458002, 459/1000.
Terminated at swamp 0.5.
The last entry of errorHistory is 0.500133 for index 458003, 459/1000.
The last entry of errorHistory is 1.000000 for index 458004, 459/1000.
Terminated at swamp 1.
The last entry of errorHistory is 1.000054 for index 458005, 459/1000.
Terminated at swamp 1.
The last entry of errorHistory is 1.000000 for index 458006, 459/1000.
Terminated at swamp 0.5.
The last entry of errorHistory is 0.500287 for index 458007, 459/1000.
Terminated at swamp 0.5.
The last entry of errorHistory is 0.500173 for index 458008, 459/1000.
Terminated at swamp 1.
The last entry of errorHistory is 1.000277 for index 458009, 459/1000.
The last entry of errorHistory is 0.500000 for index 458010, 459/1000.
The last entry of errorHistory is 0.000085 for index 458011, 459/1000.
The last entry of errorHistory is 0.000273 for index 458012, 459/1000.
The last entry of errorHistory is 1.000000 for index 458013, 459/1000.
The last entry of errorHistory is 1.000000 for index 458014, 459/1000.
Terminated at swamp 0.5.
The last entry of errorHistory is 0.500151 for index 458015, 459/1000.
The last entry of errorHistory is 1.000000 for index 458016, 459/1000.
Terminated at swamp 0.5.
The last entry of errorHistory is 0.500529 for index 458017, 459/1000.
The last entry of errorHistory is 0.000025 for index 458018, 459/1000.
The last entry of errorHistory is 0.000078 for index 458019, 459/1000.
Terminated at swamp 0.5.
The last entry of errorHistory is 0.500355 for index 458020, 459/1000.
Terminated at swamp 0.5.
The last entry of errorHistory is 0.500568 for index 458021, 459/1000.
Terminated at swamp 0.5.
The last entry of errorHistory is 0.500140 for index 458022, 459/1000.
The last entry of errorHistory is 1.000000 for index 458023, 459/1000.
Terminated at swamp 0.5.
The last entry of errorHistory is 0.500431 for index 458024, 459/1000.
The last entry of errorHistory is 0.500000 for index 458025, 459/1000.
The last entry of errorHistory is 1.000000 for index 458026, 459/1000.
The last entry of errorHistory is 1.000000 for index 458027, 459/1000.
Terminated at swamp 1.
The last entry of errorHistory is 1.000415 for index 458028, 459/1000.
Terminated at swamp 0.5.
The last entry of errorHistory is 0.500253 for index 458029, 459/1000.
Terminated at swamp 1.
The last entry of errorHistory is 1.000349 for index 458030, 459/1000.
Terminated at swamp 0.5.
The last entry of errorHistory is 0.500407 for index 458031, 459/1000.
Terminated at swamp 0.5.
The last entry of errorHistory is 0.500626 for index 458032, 459/1000.
The last entry of errorHistory is 0.500000 for index 458033, 459/1000.
Terminated at swamp 0.5.
The last entry of errorHistory is 0.500000 for index 458034, 459/1000.
Terminated at swamp 0.5.
The last entry of errorHistory is 0.500101 for index 458035, 459/1000.
Terminated at swamp 1.
The last entry of errorHistory is 1.000007 for index 458036, 459/1000.
Terminated at swamp 0.5.
The last entry of errorHistory is 0.500506 for index 458037, 459/1000.
Terminated at swamp 0.5.
The last entry of errorHistory is 0.500707 for index 458038, 459/1000.
Terminated at swamp 0.5.
The last entry of errorHistory is 0.500531 for index 458039, 459/1000.
The last entry of errorHistory is 0.500000 for index 458040, 459/1000.
Terminated at swamp 0.5.
The last entry of errorHistory is 0.500398 for index 458041, 459/1000.
Terminated at swamp 0.5.
The last entry of errorHistory is 0.500000 for index 458042, 459/1000.
Terminated at swamp 0.5.
The last entry of errorHistory is 0.500311 for index 458043, 459/1000.
Terminated at swamp 0.5.
The last entry of errorHistory is 0.500671 for index 458044, 459/1000.
Terminated at swamp 0.5.
The last entry of errorHistory is 0.500011 for index 458045, 459/1000.
The last entry of errorHistory is 1.000000 for index 458046, 459/1000.
Terminated at swamp 0.5.
The last entry of errorHistory is 0.500598 for index 458047, 459/1000.
Terminated at swamp 1.
The last entry of errorHistory is 1.000198 for index 458048, 459/1000.
Terminated at swamp 0.5.
The last entry of errorHistory is 0.500000 for index 458049, 459/1000.
The last entry of errorHistory is 1.000000 for index 458050, 459/1000.
Terminated at swamp 1.
The last entry of errorHistory is 1.000086 for index 458051, 459/1000.
Terminated at swamp 0.5.
The last entry of errorHistory is 0.500446 for index 458052, 459/1000.
Terminated at swamp 0.5.
The last entry of errorHistory is 0.500619 for index 458053, 459/1000.
Terminated at swamp 0.5.
The last entry of errorHistory is 0.500417 for index 458054, 459/1000.
The last entry of errorHistory is 0.000279 for index 458055, 459/1000.
Terminated at swamp 0.5.
The last entry of errorHistory is 0.500153 for index 458056, 459/1000.
Terminated at swamp 0.5.
The last entry of errorHistory is 0.500067 for index 458057, 459/1000.
The last entry of errorHistory is 0.000418 for index 458058, 459/1000.
Terminated at swamp 1.
The last entry of errorHistory is 1.000000 for index 458059, 459/1000.
Terminated at swamp 0.5.
The last entry of errorHistory is 0.500575 for index 458060, 459/1000.
Terminated at swamp 1.
The last entry of errorHistory is 1.000066 for index 458061, 459/1000.
Terminated at swamp 0.5.
The last entry of errorHistory is 0.500401 for index 458062, 459/1000.
Terminated at swamp 0.5.
The last entry of errorHistory is 0.500302 for index 458063, 459/1000.
Terminated at swamp 0.5.
The last entry of errorHistory is 0.500014 for index 458064, 459/1000.
Terminated at swamp 0.5.
The last entry of errorHistory is 0.500228 for index 458065, 459/1000.
The last entry of errorHistory is 0.500000 for index 458066, 459/1000.
The last entry of errorHistory is 1.000000 for index 458067, 459/1000.
Terminated at swamp 1.
The last entry of errorHistory is 1.000192 for index 458068, 459/1000.
The last entry of errorHistory is 0.000059 for index 458069, 459/1000.
Terminated at swamp 1.
The last entry of errorHistory is 1.000017 for index 458070, 459/1000.
The last entry of errorHistory is 0.500000 for index 458071, 459/1000.
Terminated at swamp 0.5.
The last entry of errorHistory is 0.500542 for index 458072, 459/1000.
Terminated at swamp 0.5.
The last entry of errorHistory is 0.500324 for index 458073, 459/1000.
Terminated at swamp 0.5.
The last entry of errorHistory is 0.500441 for index 458074, 459/1000.
Terminated at swamp 0.5.
The last entry of errorHistory is 0.500374 for index 458075, 459/1000.
Terminated at swamp 0.5.
The last entry of errorHistory is 0.500287 for index 458076, 459/1000.
Terminated at swamp 0.5.
The last entry of errorHistory is 0.500119 for index 458077, 459/1000.
Terminated at swamp 1.
The last entry of errorHistory is 1.000065 for index 458078, 459/1000.
Terminated at swamp 0.5.
The last entry of errorHistory is 0.500568 for index 458079, 459/1000.
Terminated at swamp 1.
The last entry of errorHistory is 1.000361 for index 458080, 459/1000.
Terminated at swamp 1.
The last entry of errorHistory is 1.000047 for index 458081, 459/1000.
Terminated at swamp 0.5.
The last entry of errorHistory is 0.500000 for index 458082, 459/1000.
Terminated at swamp 0.5.
The last entry of errorHistory is 0.500263 for index 458083, 459/1000.
Terminated at swamp 0.5.
The last entry of errorHistory is 0.500207 for index 458084, 459/1000.
Terminated at swamp 0.5.
The last entry of errorHistory is 0.500471 for index 458085, 459/1000.
Terminated at swamp 0.5.
The last entry of errorHistory is 0.500298 for index 458086, 459/1000.
The last entry of errorHistory is 0.500000 for index 458087, 459/1000.
The last entry of errorHistory is 0.000045 for index 458088, 459/1000.
The last entry of errorHistory is 1.000000 for index 458089, 459/1000.
The last entry of errorHistory is 0.000660 for index 458090, 459/1000.
Terminated at swamp 0.5.
The last entry of errorHistory is 0.500315 for index 458091, 459/1000.
Terminated at swamp 0.5.
The last entry of errorHistory is 0.500032 for index 458092, 459/1000.
Terminated at swamp 0.5.
The last entry of errorHistory is 0.500419 for index 458093, 459/1000.
Terminated at swamp 1.
The last entry of errorHistory is 1.000298 for index 458094, 459/1000.
The last entry of errorHistory is 1.000000 for index 458095, 459/1000.
Terminated at swamp 0.5.
The last entry of errorHistory is 0.500108 for index 458096, 459/1000.
Terminated at swamp 1.
The last entry of errorHistory is 1.000028 for index 458097, 459/1000.
The last entry of errorHistory is 0.500000 for index 458098, 459/1000.
Terminated at swamp 0.5.
The last entry of errorHistory is 0.500305 for index 458099, 459/1000.
Terminated at swamp 0.5.
The last entry of errorHistory is 0.500235 for index 458100, 459/1000.
Terminated at swamp 0.5.
The last entry of errorHistory is 0.500021 for index 458101, 459/1000.
Terminated at swamp 0.5.
The last entry of errorHistory is 0.500339 for index 458102, 459/1000.
Terminated at swamp 0.5.
The last entry of errorHistory is 0.500588 for index 458103, 459/1000.
The last entry of errorHistory is 1.500000 for index 458104, 459/1000.
Terminated at swamp 0.5.
The last entry of errorHistory is 0.500519 for index 458105, 459/1000.
The last entry of errorHistory is 1.000000 for index 458106, 459/1000.
Terminated at swamp 0.5.
The last entry of errorHistory is 0.500537 for index 458107, 459/1000.
The last entry of errorHistory is 1.000000 for index 458108, 459/1000.
Terminated at swamp 1.
The last entry of errorHistory is 1.000158 for index 458109, 459/1000.
The last entry of errorHistory is 1.000000 for index 458110, 459/1000.
Terminated at swamp 0.5.
The last entry of errorHistory is 0.500600 for index 458111, 459/1000.
Terminated at swamp 0.5.
The last entry of errorHistory is 0.500346 for index 458112, 459/1000.
Terminated at swamp 0.5.
The last entry of errorHistory is 0.500056 for index 458113, 459/1000.
Terminated at swamp 0.5.
The last entry of errorHistory is 0.500375 for index 458114, 459/1000.
Terminated at swamp 0.5.
The last entry of errorHistory is 0.500373 for index 458115, 459/1000.
The last entry of errorHistory is 0.001004 for index 458116, 459/1000.
The last entry of errorHistory is 1.000000 for index 458117, 459/1000.
The last entry of errorHistory is 0.000022 for index 458118, 459/1000.
Terminated at swamp 0.5.
The last entry of errorHistory is 0.500311 for index 458119, 459/1000.
The last entry of errorHistory is 0.000737 for index 458120, 459/1000.
Terminated at swamp 1.
The last entry of errorHistory is 1.000000 for index 458121, 459/1000.
Terminated at swamp 0.5.
The last entry of errorHistory is 0.500514 for index 458122, 459/1000.
Terminated at swamp 0.5.
The last entry of errorHistory is 0.500467 for index 458123, 459/1000.
Terminated at swamp 0.5.
The last entry of errorHistory is 0.500288 for index 458124, 459/1000.
The last entry of errorHistory is 1.000000 for index 458125, 459/1000.
Terminated at swamp 0.5.
The last entry of errorHistory is 0.500490 for index 458126, 459/1000.
Terminated at swamp 0.5.
The last entry of errorHistory is 0.500547 for index 458127, 459/1000.
Terminated at swamp 0.5.
The last entry of errorHistory is 0.500042 for index 458128, 459/1000.
The last entry of errorHistory is 1.000000 for index 458129, 459/1000.
Terminated at swamp 0.5.
The last entry of errorHistory is 0.500390 for index 458130, 459/1000.
The last entry of errorHistory is 1.000000 for index 458131, 459/1000.
Terminated at swamp 0.5.
The last entry of errorHistory is 0.500409 for index 458132, 459/1000.
Terminated at swamp 0.5.
The last entry of errorHistory is 0.500493 for index 458133, 459/1000.
The last entry of errorHistory is 0.500000 for index 458134, 459/1000.
Terminated at swamp 0.5.
The last entry of errorHistory is 0.500532 for index 458135, 459/1000.
Terminated at swamp 0.5.
The last entry of errorHistory is 0.500346 for index 458136, 459/1000.
The last entry of errorHistory is 0.000028 for index 458137, 459/1000.
Terminated at swamp 0.5.
The last entry of errorHistory is 0.500561 for index 458138, 459/1000.
The last entry of errorHistory is 0.000028 for index 458139, 459/1000.
The last entry of errorHistory is 1.500000 for index 458140, 459/1000.
The last entry of errorHistory is 0.000211 for index 458141, 459/1000.
Terminated at swamp 1.
The last entry of errorHistory is 1.000403 for index 458142, 459/1000.
Terminated at swamp 1.
The last entry of errorHistory is 1.000091 for index 458143, 459/1000.
The last entry of errorHistory is 1.000000 for index 458144, 459/1000.
Terminated at swamp 0.5.
The last entry of errorHistory is 0.500670 for index 458145, 459/1000.
The last entry of errorHistory is 1.000000 for index 458146, 459/1000.
The last entry of errorHistory is 1.000000 for index 458147, 459/1000.
The last entry of errorHistory is 0.000115 for index 458148, 459/1000.
Terminated at swamp 1.
The last entry of errorHistory is 1.000334 for index 458149, 459/1000.
The last entry of errorHistory is 0.500000 for index 458150, 459/1000.
Terminated at swamp 1.
The last entry of errorHistory is 1.000088 for index 458151, 459/1000.
Terminated at swamp 0.5.
The last entry of errorHistory is 0.500746 for index 458152, 459/1000.
The last entry of errorHistory is 0.000214 for index 458153, 459/1000.
The last entry of errorHistory is 0.000142 for index 458154, 459/1000.
The last entry of errorHistory is 0.000211 for index 458155, 459/1000.
Terminated at swamp 1.
The last entry of errorHistory is 1.000036 for index 458156, 459/1000.
The last entry of errorHistory is 0.500000 for index 458157, 459/1000.
Terminated at swamp 0.5.
The last entry of errorHistory is 0.500481 for index 458158, 459/1000.
Terminated at swamp 0.5.
The last entry of errorHistory is 0.500372 for index 458159, 459/1000.
The last entry of errorHistory is 0.500000 for index 458160, 459/1000.
The last entry of errorHistory is 0.000035 for index 458161, 459/1000.
Terminated at swamp 1.
The last entry of errorHistory is 1.000239 for index 458162, 459/1000.
Terminated at swamp 0.5.
The last entry of errorHistory is 0.500282 for index 458163, 459/1000.
Terminated at swamp 0.5.
The last entry of errorHistory is 0.500306 for index 458164, 459/1000.
The last entry of errorHistory is 0.500000 for index 458165, 459/1000.
The last entry of errorHistory is 0.500000 for index 458166, 459/1000.
The last entry of errorHistory is 1.000000 for index 458167, 459/1000.
The last entry of errorHistory is 0.500000 for index 458168, 459/1000.
Terminated at swamp 1.
The last entry of errorHistory is 1.000125 for index 458169, 459/1000.
Terminated at swamp 0.5.
The last entry of errorHistory is 0.500401 for index 458170, 459/1000.
Terminated at swamp 0.5.
The last entry of errorHistory is 0.500532 for index 458171, 459/1000.
The last entry of errorHistory is 0.000050 for index 458172, 459/1000.
The last entry of errorHistory is 0.500000 for index 458173, 459/1000.
Terminated at swamp 0.5.
The last entry of errorHistory is 0.500057 for index 458174, 459/1000.
Terminated at swamp 0.5.
The last entry of errorHistory is 0.500087 for index 458175, 459/1000.
Terminated at swamp 0.5.
The last entry of errorHistory is 0.500360 for index 458176, 459/1000.
The last entry of errorHistory is 1.000000 for index 458177, 459/1000.
Terminated at swamp 1.
The last entry of errorHistory is 0.999495 for index 458178, 459/1000.
The last entry of errorHistory is 1.500000 for index 458179, 459/1000.
The last entry of errorHistory is 1.000000 for index 458180, 459/1000.
The last entry of errorHistory is 0.500000 for index 458181, 459/1000.
The last entry of errorHistory is 0.000586 for index 458182, 459/1000.
Terminated at swamp 1.
The last entry of errorHistory is 1.000003 for index 458183, 459/1000.
Terminated at swamp 0.5.
The last entry of errorHistory is 0.500121 for index 458184, 459/1000.
Terminated at swamp 0.5.
The last entry of errorHistory is 0.500442 for index 458185, 459/1000.
Terminated at swamp 0.5.
The last entry of errorHistory is 0.500622 for index 458186, 459/1000.
Terminated at swamp 0.5.
The last entry of errorHistory is 0.500315 for index 458187, 459/1000.
Terminated at swamp 1.5.
The last entry of errorHistory is 1.500443 for index 458188, 459/1000.
The last entry of errorHistory is 1.000000 for index 458189, 459/1000.
The last entry of errorHistory is 1.000000 for index 458190, 459/1000.
The last entry of errorHistory is 0.000008 for index 458191, 459/1000.
Terminated at swamp 0.5.
The last entry of errorHistory is 0.500436 for index 458192, 459/1000.
Terminated at swamp 1.
The last entry of errorHistory is 1.000307 for index 458193, 459/1000.
Terminated at swamp 0.5.
The last entry of errorHistory is 0.500355 for index 458194, 459/1000.
Terminated at swamp 1.
The last entry of errorHistory is 1.000011 for index 458195, 459/1000.
Terminated at swamp 0.5.
The last entry of errorHistory is 0.500152 for index 458196, 459/1000.
Terminated at swamp 0.5.
The last entry of errorHistory is 0.500080 for index 458197, 459/1000.
The last entry of errorHistory is 0.000023 for index 458198, 459/1000.
The last entry of errorHistory is 1.000000 for index 458199, 459/1000.
Terminated at swamp 0.5.
The last entry of errorHistory is 0.500001 for index 458200, 459/1000.
Terminated at swamp 0.5.
The last entry of errorHistory is 0.500532 for index 458201, 459/1000.
The last entry of errorHistory is 0.000037 for index 458202, 459/1000.
Terminated at swamp 0.5.
The last entry of errorHistory is 0.500321 for index 458203, 459/1000.
Terminated at swamp 1.
The last entry of errorHistory is 1.000077 for index 458204, 459/1000.
The last entry of errorHistory is 1.000000 for index 458205, 459/1000.
Terminated at swamp 0.5.
The last entry of errorHistory is 0.500553 for index 458206, 459/1000.
Terminated at swamp 0.5.
The last entry of errorHistory is 0.500302 for index 458207, 459/1000.
Terminated at swamp 1.
The last entry of errorHistory is 1.000025 for index 458208, 459/1000.
The last entry of errorHistory is 0.000024 for index 458209, 459/1000.
The last entry of errorHistory is 1.000000 for index 458210, 459/1000.
Terminated at swamp 0.5.
The last entry of errorHistory is 0.500275 for index 458211, 459/1000.
The last entry of errorHistory is 0.000927 for index 458212, 459/1000.
The last entry of errorHistory is 1.000000 for index 458213, 459/1000.
Terminated at swamp 0.5.
The last entry of errorHistory is 0.500636 for index 458214, 459/1000.
The last entry of errorHistory is 0.000011 for index 458215, 459/1000.
Terminated at swamp 0.5.
The last entry of errorHistory is 0.500325 for index 458216, 459/1000.
Terminated at swamp 0.5.
The last entry of errorHistory is 0.500861 for index 458217, 459/1000.
Terminated at swamp 0.5.
The last entry of errorHistory is 0.500553 for index 458218, 459/1000.
The last entry of errorHistory is 1.000000 for index 458219, 459/1000.
The last entry of errorHistory is 1.500000 for index 458220, 459/1000.
Terminated at swamp 0.5.
The last entry of errorHistory is 0.500106 for index 458221, 459/1000.
Terminated at swamp 0.5.
The last entry of errorHistory is 0.500618 for index 458222, 459/1000.
The last entry of errorHistory is 1.000000 for index 458223, 459/1000.
Terminated at swamp 1.
The last entry of errorHistory is 1.000706 for index 458224, 459/1000.
The last entry of errorHistory is 1.000000 for index 458225, 459/1000.
The last entry of errorHistory is 1.000000 for index 458226, 459/1000.
Terminated at swamp 0.5.
The last entry of errorHistory is 0.500355 for index 458227, 459/1000.
Terminated at swamp 1.
The last entry of errorHistory is 1.000450 for index 458228, 459/1000.
The last entry of errorHistory is 0.500000 for index 458229, 459/1000.
Terminated at swamp 0.5.
The last entry of errorHistory is 0.500192 for index 458230, 459/1000.
Terminated at swamp 1.
The last entry of errorHistory is 1.000000 for index 458231, 459/1000.
The last entry of errorHistory is 0.000028 for index 458232, 459/1000.
The last entry of errorHistory is 0.000017 for index 458233, 459/1000.
Terminated at swamp 0.5.
The last entry of errorHistory is 0.500312 for index 458234, 459/1000.
Terminated at swamp 0.5.
The last entry of errorHistory is 0.500463 for index 458235, 459/1000.
Terminated at swamp 0.5.
The last entry of errorHistory is 0.500363 for index 458236, 459/1000.
The last entry of errorHistory is 0.000736 for index 458237, 459/1000.
The last entry of errorHistory is 0.001745 for index 458238, 459/1000.
Terminated at swamp 1.
The last entry of errorHistory is 1.000061 for index 458239, 459/1000.
Terminated at swamp 1.
The last entry of errorHistory is 1.000586 for index 458240, 459/1000.
Terminated at swamp 0.5.
The last entry of errorHistory is 0.500131 for index 458241, 459/1000.
Terminated at swamp 1.
The last entry of errorHistory is 1.000401 for index 458242, 459/1000.
Terminated at swamp 0.5.
The last entry of errorHistory is 0.500063 for index 458243, 459/1000.
Terminated at swamp 1.
The last entry of errorHistory is 1.000025 for index 458244, 459/1000.
Terminated at swamp 0.5.
The last entry of errorHistory is 0.500268 for index 458245, 459/1000.
The last entry of errorHistory is 1.000000 for index 458246, 459/1000.
Terminated at swamp 0.5.
The last entry of errorHistory is 0.500502 for index 458247, 459/1000.
Terminated at swamp 1.
The last entry of errorHistory is 1.000287 for index 458248, 459/1000.
Terminated at swamp 0.5.
The last entry of errorHistory is 0.500849 for index 458249, 459/1000.
The last entry of errorHistory is 1.000000 for index 458250, 459/1000.
Terminated at swamp 0.5.
The last entry of errorHistory is 0.500596 for index 458251, 459/1000.
Terminated at swamp 0.5.
The last entry of errorHistory is 0.500642 for index 458252, 459/1000.
Terminated at swamp 0.5.
The last entry of errorHistory is 0.500241 for index 458253, 459/1000.
The last entry of errorHistory is 1.000000 for index 458254, 459/1000.
Terminated at swamp 0.5.
The last entry of errorHistory is 0.500634 for index 458255, 459/1000.
The last entry of errorHistory is 1.000000 for index 458256, 459/1000.
The last entry of errorHistory is 0.000019 for index 458257, 459/1000.
Terminated at swamp 1.
The last entry of errorHistory is 1.000342 for index 458258, 459/1000.
The last entry of errorHistory is 1.000000 for index 458259, 459/1000.
The last entry of errorHistory is 0.000027 for index 458260, 459/1000.
Terminated at swamp 0.5.
The last entry of errorHistory is 0.500177 for index 458261, 459/1000.
The last entry of errorHistory is 1.000000 for index 458262, 459/1000.
Terminated at swamp 1.
The last entry of errorHistory is 1.000000 for index 458263, 459/1000.
The last entry of errorHistory is 1.000000 for index 458264, 459/1000.
Terminated at swamp 0.5.
The last entry of errorHistory is 0.500613 for index 458265, 459/1000.
Terminated at swamp 0.5.
The last entry of errorHistory is 0.500450 for index 458266, 459/1000.
Terminated at swamp 1.
The last entry of errorHistory is 1.000000 for index 458267, 459/1000.
The last entry of errorHistory is 0.000009 for index 458268, 459/1000.
Terminated at swamp 0.5.
The last entry of errorHistory is 0.500120 for index 458269, 459/1000.
Terminated at swamp 0.5.
The last entry of errorHistory is 0.500495 for index 458270, 459/1000.
The last entry of errorHistory is 0.000020 for index 458271, 459/1000.
The last entry of errorHistory is 0.000018 for index 458272, 459/1000.
Terminated at swamp 0.5.
The last entry of errorHistory is 0.500484 for index 458273, 459/1000.
The last entry of errorHistory is 1.500000 for index 458274, 459/1000.
Terminated at swamp 0.5.
The last entry of errorHistory is 0.500602 for index 458275, 459/1000.
Terminated at swamp 0.5.
The last entry of errorHistory is 0.500575 for index 458276, 459/1000.
Terminated at swamp 0.5.
The last entry of errorHistory is 0.500535 for index 458277, 459/1000.
Terminated at swamp 0.5.
The last entry of errorHistory is 0.500555 for index 458278, 459/1000.
The last entry of errorHistory is 0.500000 for index 458279, 459/1000.
The last entry of errorHistory is 1.000000 for index 458280, 459/1000.
Terminated at swamp 0.5.
The last entry of errorHistory is 0.500474 for index 458281, 459/1000.
Terminated at swamp 1.
The last entry of errorHistory is 1.000377 for index 458282, 459/1000.
Terminated at swamp 0.5.
The last entry of errorHistory is 0.500295 for index 458283, 459/1000.
Terminated at swamp 0.5.
The last entry of errorHistory is 0.500382 for index 458284, 459/1000.
Terminated at swamp 0.5.
The last entry of errorHistory is 0.500810 for index 458285, 459/1000.
Terminated at swamp 0.5.
The last entry of errorHistory is 0.500327 for index 458286, 459/1000.
The last entry of errorHistory is 0.000327 for index 458287, 459/1000.
Terminated at swamp 0.5.
The last entry of errorHistory is 0.500499 for index 458288, 459/1000.
Terminated at swamp 0.5.
The last entry of errorHistory is 0.500440 for index 458289, 459/1000.
The last entry of errorHistory is 1.000000 for index 458290, 459/1000.
The last entry of errorHistory is 1.000000 for index 458291, 459/1000.
Terminated at swamp 0.5.
The last entry of errorHistory is 0.500090 for index 458292, 459/1000.
Terminated at swamp 0.5.
The last entry of errorHistory is 0.500364 for index 458293, 459/1000.
Terminated at swamp 0.5.
The last entry of errorHistory is 0.500368 for index 458294, 459/1000.
Terminated at swamp 0.5.
The last entry of errorHistory is 0.500451 for index 458295, 459/1000.
Terminated at swamp 1.
The last entry of errorHistory is 1.000206 for index 458296, 459/1000.
Terminated at swamp 0.5.
The last entry of errorHistory is 0.500399 for index 458297, 459/1000.
Terminated at swamp 0.5.
The last entry of errorHistory is 0.500264 for index 458298, 459/1000.
Terminated at swamp 0.5.
The last entry of errorHistory is 0.500681 for index 458299, 459/1000.
Terminated at swamp 0.5.
The last entry of errorHistory is 0.500228 for index 458300, 459/1000.
Terminated at swamp 0.5.
The last entry of errorHistory is 0.500076 for index 458301, 459/1000.
The last entry of errorHistory is 1.000000 for index 458302, 459/1000.
The last entry of errorHistory is 0.500000 for index 458303, 459/1000.
Terminated at swamp 0.5.
The last entry of errorHistory is 0.500423 for index 458304, 459/1000.
The last entry of errorHistory is 0.000018 for index 458305, 459/1000.
Terminated at swamp 0.5.
The last entry of errorHistory is 0.500308 for index 458306, 459/1000.
The last entry of errorHistory is 0.000018 for index 458307, 459/1000.
Terminated at swamp 0.5.
The last entry of errorHistory is 0.500139 for index 458308, 459/1000.
The last entry of errorHistory is 0.000017 for index 458309, 459/1000.
The last entry of errorHistory is 0.000233 for index 458310, 459/1000.
Terminated at swamp 0.5.
The last entry of errorHistory is 0.500581 for index 458311, 459/1000.
The last entry of errorHistory is 1.000000 for index 458312, 459/1000.
The last entry of errorHistory is 0.000020 for index 458313, 459/1000.
Terminated at swamp 0.5.
The last entry of errorHistory is 0.500461 for index 458314, 459/1000.
Terminated at swamp 0.5.
The last entry of errorHistory is 0.500000 for index 458315, 459/1000.
Terminated at swamp 1.
The last entry of errorHistory is 1.000013 for index 458316, 459/1000.
Terminated at swamp 0.5.
The last entry of errorHistory is 0.500007 for index 458317, 459/1000.
Terminated at swamp 0.5.
The last entry of errorHistory is 0.500433 for index 458318, 459/1000.
Terminated at swamp 0.5.
The last entry of errorHistory is 0.500339 for index 458319, 459/1000.
The last entry of errorHistory is 0.000083 for index 458320, 459/1000.
The last entry of errorHistory is 0.000011 for index 458321, 459/1000.
Terminated at swamp 1.
The last entry of errorHistory is 1.000045 for index 458322, 459/1000.
Terminated at swamp 0.5.
The last entry of errorHistory is 0.500030 for index 458323, 459/1000.
Terminated at swamp 0.5.
The last entry of errorHistory is 0.500268 for index 458324, 459/1000.
Terminated at swamp 1.
The last entry of errorHistory is 1.000364 for index 458325, 459/1000.
Terminated at swamp 0.5.
The last entry of errorHistory is 0.500919 for index 458326, 459/1000.
The last entry of errorHistory is 1.500000 for index 458327, 459/1000.
The last entry of errorHistory is 1.000000 for index 458328, 459/1000.
Terminated at swamp 0.5.
The last entry of errorHistory is 0.500000 for index 458329, 459/1000.
The last entry of errorHistory is 0.500000 for index 458330, 459/1000.
Terminated at swamp 0.5.
The last entry of errorHistory is 0.500154 for index 458331, 459/1000.
The last entry of errorHistory is 1.500000 for index 458332, 459/1000.
Terminated at swamp 1.
The last entry of errorHistory is 1.000323 for index 458333, 459/1000.
Terminated at swamp 0.5.
The last entry of errorHistory is 0.500264 for index 458334, 459/1000.
Terminated at swamp 0.5.
The last entry of errorHistory is 0.500425 for index 458335, 459/1000.
Terminated at swamp 0.5.
The last entry of errorHistory is 0.500024 for index 458336, 459/1000.
Terminated at swamp 0.5.
The last entry of errorHistory is 0.500075 for index 458337, 459/1000.
Terminated at swamp 0.5.
The last entry of errorHistory is 0.500468 for index 458338, 459/1000.
The last entry of errorHistory is 0.000033 for index 458339, 459/1000.
Terminated at swamp 0.5.
The last entry of errorHistory is 0.500639 for index 458340, 459/1000.
Terminated at swamp 0.5.
The last entry of errorHistory is 0.500603 for index 458341, 459/1000.
Terminated at swamp 1.
The last entry of errorHistory is 1.000103 for index 458342, 459/1000.
Terminated at swamp 0.5.
The last entry of errorHistory is 0.500147 for index 458343, 459/1000.
Terminated at swamp 0.5.
The last entry of errorHistory is 0.500329 for index 458344, 459/1000.
Terminated at swamp 0.5.
The last entry of errorHistory is 0.500382 for index 458345, 459/1000.
Terminated at swamp 1.
The last entry of errorHistory is 1.000369 for index 458346, 459/1000.
Terminated at swamp 0.5.
The last entry of errorHistory is 0.500421 for index 458347, 459/1000.
Terminated at swamp 0.5.
The last entry of errorHistory is 0.500145 for index 458348, 459/1000.
The last entry of errorHistory is 0.000012 for index 458349, 459/1000.
The last entry of errorHistory is 0.500000 for index 458350, 459/1000.
Terminated at swamp 0.5.
The last entry of errorHistory is 0.500288 for index 458351, 459/1000.
The last entry of errorHistory is 0.000406 for index 458352, 459/1000.
Terminated at swamp 0.5.
The last entry of errorHistory is 0.500574 for index 458353, 459/1000.
Terminated at swamp 0.5.
The last entry of errorHistory is 0.500486 for index 458354, 459/1000.
Terminated at swamp 1.
The last entry of errorHistory is 1.000000 for index 458355, 459/1000.
Terminated at swamp 1.
The last entry of errorHistory is 1.000000 for index 458356, 459/1000.
The last entry of errorHistory is 1.000000 for index 458357, 459/1000.
The last entry of errorHistory is 1.500000 for index 458358, 459/1000.
Terminated at swamp 1.
The last entry of errorHistory is 1.000413 for index 458359, 459/1000.
The last entry of errorHistory is 0.000097 for index 458360, 459/1000.
Terminated at swamp 0.5.
The last entry of errorHistory is 0.500226 for index 458361, 459/1000.
Terminated at swamp 0.5.
The last entry of errorHistory is 0.500097 for index 458362, 459/1000.
The last entry of errorHistory is 1.000000 for index 458363, 459/1000.
The last entry of errorHistory is 1.000000 for index 458364, 459/1000.
Terminated at swamp 1.
The last entry of errorHistory is 1.000011 for index 458365, 459/1000.
Terminated at swamp 0.5.
The last entry of errorHistory is 0.500453 for index 458366, 459/1000.
The last entry of errorHistory is 1.000000 for index 458367, 459/1000.
Terminated at swamp 0.5.
The last entry of errorHistory is 0.500230 for index 458368, 459/1000.
Terminated at swamp 0.5.
The last entry of errorHistory is 0.500660 for index 458369, 459/1000.
Terminated at swamp 0.5.
The last entry of errorHistory is 0.500045 for index 458370, 459/1000.
The last entry of errorHistory is 0.000235 for index 458371, 459/1000.
The last entry of errorHistory is 0.500000 for index 458372, 459/1000.
Terminated at swamp 0.5.
The last entry of errorHistory is 0.500479 for index 458373, 459/1000.
The last entry of errorHistory is 0.500000 for index 458374, 459/1000.
Terminated at swamp 0.5.
The last entry of errorHistory is 0.500006 for index 458375, 459/1000.
The last entry of errorHistory is 0.000009 for index 458376, 459/1000.
Terminated at swamp 0.5.
The last entry of errorHistory is 0.500490 for index 458377, 459/1000.
The last entry of errorHistory is 1.500000 for index 458378, 459/1000.
The last entry of errorHistory is 0.000692 for index 458379, 459/1000.
Terminated at swamp 0.5.
The last entry of errorHistory is 0.500401 for index 458380, 459/1000.
Terminated at swamp 0.5.
The last entry of errorHistory is 0.500532 for index 458381, 459/1000.
Terminated at swamp 0.5.
The last entry of errorHistory is 0.500443 for index 458382, 459/1000.
Terminated at swamp 0.5.
The last entry of errorHistory is 0.500338 for index 458383, 459/1000.
Terminated at swamp 1.
The last entry of errorHistory is 1.000000 for index 458384, 459/1000.
The last entry of errorHistory is 0.000008 for index 458385, 459/1000.
The last entry of errorHistory is 0.000986 for index 458386, 459/1000.
Terminated at swamp 0.5.
The last entry of errorHistory is 0.500348 for index 458387, 459/1000.
Terminated at swamp 0.5.
The last entry of errorHistory is 0.500462 for index 458388, 459/1000.
Terminated at swamp 1.
The last entry of errorHistory is 1.000000 for index 458389, 459/1000.
Terminated at swamp 0.5.
The last entry of errorHistory is 0.500474 for index 458390, 459/1000.
The last entry of errorHistory is 0.000026 for index 458391, 459/1000.
Terminated at swamp 0.5.
The last entry of errorHistory is 0.500455 for index 458392, 459/1000.
The last entry of errorHistory is 1.000000 for index 458393, 459/1000.
The last entry of errorHistory is 1.000000 for index 458394, 459/1000.
The last entry of errorHistory is 0.500000 for index 458395, 459/1000.
The last entry of errorHistory is 1.000000 for index 458396, 459/1000.
Terminated at swamp 1.
The last entry of errorHistory is 1.000288 for index 458397, 459/1000.
Terminated at swamp 0.5.
The last entry of errorHistory is 0.500553 for index 458398, 459/1000.
Terminated at swamp 0.5.
The last entry of errorHistory is 0.500000 for index 458399, 459/1000.
Terminated at swamp 0.5.
The last entry of errorHistory is 0.500045 for index 458400, 459/1000.
The last entry of errorHistory is 1.000000 for index 458401, 459/1000.
Terminated at swamp 0.5.
The last entry of errorHistory is 0.500621 for index 458402, 459/1000.
The last entry of errorHistory is 1.500000 for index 458403, 459/1000.
Terminated at swamp 1.
The last entry of errorHistory is 1.000003 for index 458404, 459/1000.
Terminated at swamp 0.5.
The last entry of errorHistory is 0.500495 for index 458405, 459/1000.
Terminated at swamp 1.
The last entry of errorHistory is 1.000236 for index 458406, 459/1000.
Terminated at swamp 1.
The last entry of errorHistory is 1.000125 for index 458407, 459/1000.
Terminated at swamp 0.5.
The last entry of errorHistory is 0.500295 for index 458408, 459/1000.
Terminated at swamp 1.
The last entry of errorHistory is 1.000000 for index 458409, 459/1000.
Terminated at swamp 0.5.
The last entry of errorHistory is 0.500573 for index 458410, 459/1000.
Terminated at swamp 0.5.
The last entry of errorHistory is 0.500000 for index 458411, 459/1000.
Terminated at swamp 1.
The last entry of errorHistory is 1.000091 for index 458412, 459/1000.
The last entry of errorHistory is 1.000000 for index 458413, 459/1000.
Terminated at swamp 0.5.
The last entry of errorHistory is 0.500492 for index 458414, 459/1000.
Terminated at swamp 0.5.
The last entry of errorHistory is 0.500396 for index 458415, 459/1000.
The last entry of errorHistory is 0.000866 for index 458416, 459/1000.
Terminated at swamp 0.5.
The last entry of errorHistory is 0.500128 for index 458417, 459/1000.
Terminated at swamp 0.5.
The last entry of errorHistory is 0.500288 for index 458418, 459/1000.
Terminated at swamp 1.
The last entry of errorHistory is 1.000463 for index 458419, 459/1000.
Terminated at swamp 0.5.
The last entry of errorHistory is 0.500307 for index 458420, 459/1000.
The last entry of errorHistory is 0.500000 for index 458421, 459/1000.
The last entry of errorHistory is 1.000000 for index 458422, 459/1000.
Terminated at swamp 1.
The last entry of errorHistory is 1.000000 for index 458423, 459/1000.
Terminated at swamp 0.5.
The last entry of errorHistory is 0.499929 for index 458424, 459/1000.
Terminated at swamp 0.5.
The last entry of errorHistory is 0.500931 for index 458425, 459/1000.
Terminated at swamp 0.5.
The last entry of errorHistory is 0.500242 for index 458426, 459/1000.
The last entry of errorHistory is 1.000000 for index 458427, 459/1000.
Terminated at swamp 0.5.
The last entry of errorHistory is 0.500618 for index 458428, 459/1000.
The last entry of errorHistory is 1.000000 for index 458429, 459/1000.
The last entry of errorHistory is 0.000010 for index 458430, 459/1000.
Terminated at swamp 1.
The last entry of errorHistory is 1.000104 for index 458431, 459/1000.
Terminated at swamp 1.5.
The last entry of errorHistory is 1.500000 for index 458432, 459/1000.
The last entry of errorHistory is 1.000000 for index 458433, 459/1000.
The last entry of errorHistory is 0.000202 for index 458434, 459/1000.
The last entry of errorHistory is 0.500000 for index 458435, 459/1000.
Terminated at swamp 0.5.
The last entry of errorHistory is 0.500633 for index 458436, 459/1000.
The last entry of errorHistory is 1.000000 for index 458437, 459/1000.
Terminated at swamp 0.5.
The last entry of errorHistory is 0.500031 for index 458438, 459/1000.
Terminated at swamp 0.5.
The last entry of errorHistory is 0.500381 for index 458439, 459/1000.
Terminated at swamp 1.
The last entry of errorHistory is 1.000062 for index 458440, 459/1000.
Terminated at swamp 0.5.
The last entry of errorHistory is 0.500191 for index 458441, 459/1000.
Terminated at swamp 1.
The last entry of errorHistory is 1.000019 for index 458442, 459/1000.
The last entry of errorHistory is 1.000000 for index 458443, 459/1000.
The last entry of errorHistory is 0.000012 for index 458444, 459/1000.
The last entry of errorHistory is 0.000413 for index 458445, 459/1000.
Terminated at swamp 1.
The last entry of errorHistory is 1.000002 for index 458446, 459/1000.
Terminated at swamp 0.5.
The last entry of errorHistory is 0.500346 for index 458447, 459/1000.
The last entry of errorHistory is 1.000000 for index 458448, 459/1000.
The last entry of errorHistory is 0.500000 for index 458449, 459/1000.
Terminated at swamp 0.5.
The last entry of errorHistory is 0.500764 for index 458450, 459/1000.
Terminated at swamp 0.5.
The last entry of errorHistory is 0.500486 for index 458451, 459/1000.
Terminated at swamp 0.5.
The last entry of errorHistory is 0.500520 for index 458452, 459/1000.
The last entry of errorHistory is 1.000000 for index 458453, 459/1000.
The last entry of errorHistory is 1.000000 for index 458454, 459/1000.
The last entry of errorHistory is 1.000000 for index 458455, 459/1000.
Terminated at swamp 0.5.
The last entry of errorHistory is 0.500395 for index 458456, 459/1000.
The last entry of errorHistory is 0.000380 for index 458457, 459/1000.
Terminated at swamp 0.5.
The last entry of errorHistory is 0.500007 for index 458458, 459/1000.
Terminated at swamp 0.5.
The last entry of errorHistory is 0.500262 for index 458459, 459/1000.
Terminated at swamp 0.5.
The last entry of errorHistory is 0.500387 for index 458460, 459/1000.
Terminated at swamp 0.5.
The last entry of errorHistory is 0.500954 for index 458461, 459/1000.
Terminated at swamp 0.5.
The last entry of errorHistory is 0.500412 for index 458462, 459/1000.
The last entry of errorHistory is 0.000027 for index 458463, 459/1000.
Terminated at swamp 0.5.
The last entry of errorHistory is 0.500280 for index 458464, 459/1000.
Terminated at swamp 1.
The last entry of errorHistory is 1.000327 for index 458465, 459/1000.
Terminated at swamp 0.5.
The last entry of errorHistory is 0.500345 for index 458466, 459/1000.
The last entry of errorHistory is 0.000025 for index 458467, 459/1000.
The last entry of errorHistory is 1.000000 for index 458468, 459/1000.
The last entry of errorHistory is 0.000088 for index 458469, 459/1000.
Terminated at swamp 0.5.
The last entry of errorHistory is 0.500493 for index 458470, 459/1000.
The last entry of errorHistory is 0.000009 for index 458471, 459/1000.
Terminated at swamp 1.
The last entry of errorHistory is 1.000022 for index 458472, 459/1000.
Terminated at swamp 1.5.
The last entry of errorHistory is 1.500224 for index 458473, 459/1000.
The last entry of errorHistory is 1.500000 for index 458474, 459/1000.
Terminated at swamp 1.
The last entry of errorHistory is 1.000103 for index 458475, 459/1000.
The last entry of errorHistory is 0.000089 for index 458476, 459/1000.
The last entry of errorHistory is 1.000000 for index 458477, 459/1000.
The last entry of errorHistory is 1.500000 for index 458478, 459/1000.
The last entry of errorHistory is 1.000000 for index 458479, 459/1000.
Terminated at swamp 0.5.
The last entry of errorHistory is 0.500769 for index 458480, 459/1000.
Terminated at swamp 0.5.
The last entry of errorHistory is 0.499971 for index 458481, 459/1000.
The last entry of errorHistory is 1.000000 for index 458482, 459/1000.
Terminated at swamp 0.5.
The last entry of errorHistory is 0.500466 for index 458483, 459/1000.
Terminated at swamp 1.
The last entry of errorHistory is 1.000023 for index 458484, 459/1000.
Terminated at swamp 0.5.
The last entry of errorHistory is 0.500107 for index 458485, 459/1000.
The last entry of errorHistory is 0.000025 for index 458486, 459/1000.
The last entry of errorHistory is 1.000000 for index 458487, 459/1000.
Terminated at swamp 0.5.
The last entry of errorHistory is 0.500146 for index 458488, 459/1000.
The last entry of errorHistory is 1.000000 for index 458489, 459/1000.
Terminated at swamp 1.5.
The last entry of errorHistory is 1.500000 for index 458490, 459/1000.
Terminated at swamp 0.5.
The last entry of errorHistory is 0.500553 for index 458491, 459/1000.
Terminated at swamp 0.5.
The last entry of errorHistory is 0.500438 for index 458492, 459/1000.
The last entry of errorHistory is 1.000000 for index 458493, 459/1000.
The last entry of errorHistory is 1.000000 for index 458494, 459/1000.
Terminated at swamp 0.5.
The last entry of errorHistory is 0.500125 for index 458495, 459/1000.
Terminated at swamp 0.5.
The last entry of errorHistory is 0.500509 for index 458496, 459/1000.
The last entry of errorHistory is 1.000000 for index 458497, 459/1000.
The last entry of errorHistory is 1.000000 for index 458498, 459/1000.
Terminated at swamp 0.5.
The last entry of errorHistory is 0.500102 for index 458499, 459/1000.
Terminated at swamp 0.5.
The last entry of errorHistory is 0.500602 for index 458500, 459/1000.
The last entry of errorHistory is 1.000000 for index 458501, 459/1000.
Terminated at swamp 0.5.
The last entry of errorHistory is 0.500438 for index 458502, 459/1000.
The last entry of errorHistory is 1.000000 for index 458503, 459/1000.
The last entry of errorHistory is 1.500000 for index 458504, 459/1000.
Terminated at swamp 0.5.
The last entry of errorHistory is 0.500115 for index 458505, 459/1000.
The last entry of errorHistory is 1.000000 for index 458506, 459/1000.
The last entry of errorHistory is 0.000010 for index 458507, 459/1000.
Terminated at swamp 1.
The last entry of errorHistory is 1.000131 for index 458508, 459/1000.
Terminated at swamp 0.5.
The last entry of errorHistory is 0.500041 for index 458509, 459/1000.
Terminated at swamp 0.5.
The last entry of errorHistory is 0.500760 for index 458510, 459/1000.
Terminated at swamp 0.5.
The last entry of errorHistory is 0.500099 for index 458511, 459/1000.
The last entry of errorHistory is 0.000018 for index 458512, 459/1000.
Terminated at swamp 0.5.
The last entry of errorHistory is 0.500034 for index 458513, 459/1000.
Terminated at swamp 1.
The last entry of errorHistory is 1.000478 for index 458514, 459/1000.
Terminated at swamp 0.5.
The last entry of errorHistory is 0.500530 for index 458515, 459/1000.
The last entry of errorHistory is 1.000000 for index 458516, 459/1000.
The last entry of errorHistory is 1.000000 for index 458517, 459/1000.
The last entry of errorHistory is 0.000026 for index 458518, 459/1000.
Terminated at swamp 1.
The last entry of errorHistory is 1.000000 for index 458519, 459/1000.
The last entry of errorHistory is 1.000000 for index 458520, 459/1000.
Terminated at swamp 0.5.
The last entry of errorHistory is 0.500067 for index 458521, 459/1000.
Terminated at swamp 0.5.
The last entry of errorHistory is 0.500258 for index 458522, 459/1000.
Terminated at swamp 0.5.
The last entry of errorHistory is 0.500071 for index 458523, 459/1000.
The last entry of errorHistory is 0.000019 for index 458524, 459/1000.
Terminated at swamp 0.5.
The last entry of errorHistory is 0.500208 for index 458525, 459/1000.
Terminated at swamp 0.5.
The last entry of errorHistory is 0.500540 for index 458526, 459/1000.
Terminated at swamp 1.
The last entry of errorHistory is 1.000060 for index 458527, 459/1000.
Terminated at swamp 0.5.
The last entry of errorHistory is 0.500211 for index 458528, 459/1000.
Terminated at swamp 0.5.
The last entry of errorHistory is 0.500283 for index 458529, 459/1000.
Terminated at swamp 1.
The last entry of errorHistory is 1.000561 for index 458530, 459/1000.
Terminated at swamp 1.
The last entry of errorHistory is 1.000000 for index 458531, 459/1000.
Terminated at swamp 0.5.
The last entry of errorHistory is 0.500301 for index 458532, 459/1000.
The last entry of errorHistory is 1.000000 for index 458533, 459/1000.
The last entry of errorHistory is 1.500000 for index 458534, 459/1000.
Terminated at swamp 0.5.
The last entry of errorHistory is 0.500867 for index 458535, 459/1000.
Terminated at swamp 1.
The last entry of errorHistory is 1.000000 for index 458536, 459/1000.
The last entry of errorHistory is 0.001724 for index 458537, 459/1000.
Terminated at swamp 1.
The last entry of errorHistory is 1.000580 for index 458538, 459/1000.
The last entry of errorHistory is 1.000000 for index 458539, 459/1000.
The last entry of errorHistory is 1.000000 for index 458540, 459/1000.
Terminated at swamp 1.
The last entry of errorHistory is 1.000018 for index 458541, 459/1000.
Terminated at swamp 0.5.
The last entry of errorHistory is 0.500184 for index 458542, 459/1000.
Terminated at swamp 0.5.
The last entry of errorHistory is 0.500423 for index 458543, 459/1000.
Terminated at swamp 1.
The last entry of errorHistory is 1.000162 for index 458544, 459/1000.
Terminated at swamp 1.
The last entry of errorHistory is 1.000168 for index 458545, 459/1000.
Terminated at swamp 0.5.
The last entry of errorHistory is 0.500645 for index 458546, 459/1000.
The last entry of errorHistory is 1.000000 for index 458547, 459/1000.
The last entry of errorHistory is 0.000028 for index 458548, 459/1000.
Terminated at swamp 1.
The last entry of errorHistory is 1.000446 for index 458549, 459/1000.
Terminated at swamp 0.5.
The last entry of errorHistory is 0.500584 for index 458550, 459/1000.
Terminated at swamp 0.5.
The last entry of errorHistory is 0.500867 for index 458551, 459/1000.
The last entry of errorHistory is 1.500000 for index 458552, 459/1000.
Terminated at swamp 0.5.
The last entry of errorHistory is 0.500483 for index 458553, 459/1000.
Terminated at swamp 0.5.
The last entry of errorHistory is 0.500692 for index 458554, 459/1000.
Terminated at swamp 0.5.
The last entry of errorHistory is 0.500343 for index 458555, 459/1000.
Terminated at swamp 1.
The last entry of errorHistory is 1.000281 for index 458556, 459/1000.
The last entry of errorHistory is 0.500000 for index 458557, 459/1000.
Terminated at swamp 1.
The last entry of errorHistory is 1.000423 for index 458558, 459/1000.
Terminated at swamp 1.
The last entry of errorHistory is 1.000157 for index 458559, 459/1000.
Terminated at swamp 0.5.
The last entry of errorHistory is 0.500005 for index 458560, 459/1000.
Terminated at swamp 0.5.
The last entry of errorHistory is 0.500679 for index 458561, 459/1000.
Terminated at swamp 0.5.
The last entry of errorHistory is 0.500553 for index 458562, 459/1000.
The last entry of errorHistory is 0.000017 for index 458563, 459/1000.
The last entry of errorHistory is 0.000679 for index 458564, 459/1000.
Terminated at swamp 1.
The last entry of errorHistory is 1.000338 for index 458565, 459/1000.
The last entry of errorHistory is 1.000000 for index 458566, 459/1000.
Terminated at swamp 0.5.
The last entry of errorHistory is 0.500107 for index 458567, 459/1000.
Terminated at swamp 0.5.
The last entry of errorHistory is 0.500578 for index 458568, 459/1000.
The last entry of errorHistory is 0.000301 for index 458569, 459/1000.
Terminated at swamp 0.5.
The last entry of errorHistory is 0.500910 for index 458570, 459/1000.
Terminated at swamp 1.
The last entry of errorHistory is 1.000036 for index 458571, 459/1000.
Terminated at swamp 0.5.
The last entry of errorHistory is 0.500394 for index 458572, 459/1000.
Terminated at swamp 1.
The last entry of errorHistory is 1.000165 for index 458573, 459/1000.
Terminated at swamp 1.
The last entry of errorHistory is 1.000178 for index 458574, 459/1000.
The last entry of errorHistory is 0.000021 for index 458575, 459/1000.
The last entry of errorHistory is 0.500000 for index 458576, 459/1000.
Terminated at swamp 0.5.
The last entry of errorHistory is 0.500283 for index 458577, 459/1000.
The last entry of errorHistory is 0.500000 for index 458578, 459/1000.
Terminated at swamp 1.
The last entry of errorHistory is 1.000509 for index 458579, 459/1000.
Terminated at swamp 0.5.
The last entry of errorHistory is 0.500705 for index 458580, 459/1000.
The last entry of errorHistory is 1.000000 for index 458581, 459/1000.
Terminated at swamp 0.5.
The last entry of errorHistory is 0.500385 for index 458582, 459/1000.
Terminated at swamp 0.5.
The last entry of errorHistory is 0.500149 for index 458583, 459/1000.
Terminated at swamp 1.
The last entry of errorHistory is 1.000010 for index 458584, 459/1000.
The last entry of errorHistory is 1.500000 for index 458585, 459/1000.
Terminated at swamp 1.
The last entry of errorHistory is 1.000003 for index 458586, 459/1000.
Terminated at swamp 0.5.
The last entry of errorHistory is 0.500228 for index 458587, 459/1000.
Terminated at swamp 1.
The last entry of errorHistory is 1.000118 for index 458588, 459/1000.
The last entry of errorHistory is 0.000109 for index 458589, 459/1000.
Terminated at swamp 0.5.
The last entry of errorHistory is 0.500472 for index 458590, 459/1000.
Terminated at swamp 0.5.
The last entry of errorHistory is 0.500511 for index 458591, 459/1000.
The last entry of errorHistory is 1.000000 for index 458592, 459/1000.
The last entry of errorHistory is 0.000263 for index 458593, 459/1000.
Terminated at swamp 1.
The last entry of errorHistory is 1.000000 for index 458594, 459/1000.
The last entry of errorHistory is 1.000000 for index 458595, 459/1000.
Terminated at swamp 0.5.
The last entry of errorHistory is 0.500207 for index 458596, 459/1000.
Terminated at swamp 0.5.
The last entry of errorHistory is 0.500366 for index 458597, 459/1000.
Terminated at swamp 1.
The last entry of errorHistory is 1.000200 for index 458598, 459/1000.
Terminated at swamp 0.5.
The last entry of errorHistory is 0.500407 for index 458599, 459/1000.
The last entry of errorHistory is 1.000000 for index 458600, 459/1000.
Terminated at swamp 0.5.
The last entry of errorHistory is 0.500517 for index 458601, 459/1000.
Terminated at swamp 0.5.
The last entry of errorHistory is 0.500161 for index 458602, 459/1000.
Terminated at swamp 0.5.
The last entry of errorHistory is 0.500562 for index 458603, 459/1000.
Terminated at swamp 1.5.
The last entry of errorHistory is 1.500000 for index 458604, 459/1000.
Terminated at swamp 0.5.
The last entry of errorHistory is 0.500421 for index 458605, 459/1000.
The last entry of errorHistory is 0.000513 for index 458606, 459/1000.
Terminated at swamp 0.5.
The last entry of errorHistory is 0.500017 for index 458607, 459/1000.
Terminated at swamp 1.
The last entry of errorHistory is 1.000026 for index 458608, 459/1000.
Terminated at swamp 0.5.
The last entry of errorHistory is 0.500417 for index 458609, 459/1000.
The last entry of errorHistory is 1.500000 for index 458610, 459/1000.
Terminated at swamp 0.5.
The last entry of errorHistory is 0.500616 for index 458611, 459/1000.
The last entry of errorHistory is 1.000000 for index 458612, 459/1000.
Terminated at swamp 1.
The last entry of errorHistory is 1.000625 for index 458613, 459/1000.
Terminated at swamp 1.
The last entry of errorHistory is 1.000090 for index 458614, 459/1000.
The last entry of errorHistory is 1.000000 for index 458615, 459/1000.
Terminated at swamp 0.5.
The last entry of errorHistory is 0.500074 for index 458616, 459/1000.
Terminated at swamp 0.5.
The last entry of errorHistory is 0.500351 for index 458617, 459/1000.
The last entry of errorHistory is 1.500000 for index 458618, 459/1000.
The last entry of errorHistory is 1.000000 for index 458619, 459/1000.
Terminated at swamp 0.5.
The last entry of errorHistory is 0.500453 for index 458620, 459/1000.
The last entry of errorHistory is 0.500000 for index 458621, 459/1000.
The last entry of errorHistory is 1.000000 for index 458622, 459/1000.
Terminated at swamp 0.5.
The last entry of errorHistory is 0.500347 for index 458623, 459/1000.
The last entry of errorHistory is 1.000000 for index 458624, 459/1000.
The last entry of errorHistory is 0.000019 for index 458625, 459/1000.
Terminated at swamp 1.
The last entry of errorHistory is 1.000191 for index 458626, 459/1000.
Terminated at swamp 0.5.
The last entry of errorHistory is 0.500141 for index 458627, 459/1000.
Terminated at swamp 1.
The last entry of errorHistory is 1.000021 for index 458628, 459/1000.
Terminated at swamp 0.5.
The last entry of errorHistory is 0.500540 for index 458629, 459/1000.
Terminated at swamp 0.5.
The last entry of errorHistory is 0.500407 for index 458630, 459/1000.
The last entry of errorHistory is 1.000000 for index 458631, 459/1000.
Terminated at swamp 1.
The last entry of errorHistory is 1.000427 for index 458632, 459/1000.
Terminated at swamp 0.5.
The last entry of errorHistory is 0.500514 for index 458633, 459/1000.
Terminated at swamp 0.5.
The last entry of errorHistory is 0.500592 for index 458634, 459/1000.
Terminated at swamp 0.5.
The last entry of errorHistory is 0.500360 for index 458635, 459/1000.
Terminated at swamp 0.5.
The last entry of errorHistory is 0.500371 for index 458636, 459/1000.
The last entry of errorHistory is 0.000040 for index 458637, 459/1000.
The last entry of errorHistory is 0.500000 for index 458638, 459/1000.
The last entry of errorHistory is 0.000007 for index 458639, 459/1000.
Terminated at swamp 0.5.
The last entry of errorHistory is 0.500426 for index 458640, 459/1000.
Terminated at swamp 0.5.
The last entry of errorHistory is 0.500040 for index 458641, 459/1000.
Terminated at swamp 0.5.
The last entry of errorHistory is 0.500430 for index 458642, 459/1000.
Terminated at swamp 0.5.
The last entry of errorHistory is 0.500175 for index 458643, 459/1000.
Terminated at swamp 1.
The last entry of errorHistory is 1.000255 for index 458644, 459/1000.
The last entry of errorHistory is 0.500000 for index 458645, 459/1000.
Terminated at swamp 0.5.
The last entry of errorHistory is 0.500339 for index 458646, 459/1000.
The last entry of errorHistory is 0.000035 for index 458647, 459/1000.
Terminated at swamp 0.5.
The last entry of errorHistory is 0.500348 for index 458648, 459/1000.
Terminated at swamp 0.5.
The last entry of errorHistory is 0.500400 for index 458649, 459/1000.
Terminated at swamp 0.5.
The last entry of errorHistory is 0.500498 for index 458650, 459/1000.
Terminated at swamp 0.5.
The last entry of errorHistory is 0.500046 for index 458651, 459/1000.
The last entry of errorHistory is 0.500000 for index 458652, 459/1000.
Terminated at swamp 1.
The last entry of errorHistory is 1.000070 for index 458653, 459/1000.
Terminated at swamp 0.5.
The last entry of errorHistory is 0.500157 for index 458654, 459/1000.
Terminated at swamp 0.5.
The last entry of errorHistory is 0.500195 for index 458655, 459/1000.
The last entry of errorHistory is 1.000000 for index 458656, 459/1000.
Terminated at swamp 0.5.
The last entry of errorHistory is 0.500077 for index 458657, 459/1000.
The last entry of errorHistory is 0.000018 for index 458658, 459/1000.
Terminated at swamp 0.5.
The last entry of errorHistory is 0.500543 for index 458659, 459/1000.
The last entry of errorHistory is 1.000000 for index 458660, 459/1000.
Terminated at swamp 0.5.
The last entry of errorHistory is 0.500387 for index 458661, 459/1000.
The last entry of errorHistory is 1.000000 for index 458662, 459/1000.
Terminated at swamp 0.5.
The last entry of errorHistory is 0.500471 for index 458663, 459/1000.
Terminated at swamp 0.5.
The last entry of errorHistory is 0.500266 for index 458664, 459/1000.
Terminated at swamp 0.5.
The last entry of errorHistory is 0.500395 for index 458665, 459/1000.
Terminated at swamp 1.
The last entry of errorHistory is 1.000000 for index 458666, 459/1000.
Terminated at swamp 1.
The last entry of errorHistory is 1.000174 for index 458667, 459/1000.
Terminated at swamp 0.5.
The last entry of errorHistory is 0.500451 for index 458668, 459/1000.
Terminated at swamp 0.5.
The last entry of errorHistory is 0.500389 for index 458669, 459/1000.
Terminated at swamp 1.
The last entry of errorHistory is 1.000189 for index 458670, 459/1000.
The last entry of errorHistory is 1.000000 for index 458671, 459/1000.
Terminated at swamp 0.5.
The last entry of errorHistory is 0.500340 for index 458672, 459/1000.
Terminated at swamp 0.5.
The last entry of errorHistory is 0.500048 for index 458673, 459/1000.
Terminated at swamp 0.5.
The last entry of errorHistory is 0.500329 for index 458674, 459/1000.
Terminated at swamp 1.
The last entry of errorHistory is 1.000181 for index 458675, 459/1000.
The last entry of errorHistory is 1.000000 for index 458676, 459/1000.
Terminated at swamp 0.5.
The last entry of errorHistory is 0.500625 for index 458677, 459/1000.
Terminated at swamp 0.5.
The last entry of errorHistory is 0.500540 for index 458678, 459/1000.
Terminated at swamp 1.
The last entry of errorHistory is 1.000000 for index 458679, 459/1000.
Terminated at swamp 0.5.
The last entry of errorHistory is 0.500097 for index 458680, 459/1000.
Terminated at swamp 0.5.
The last entry of errorHistory is 0.500399 for index 458681, 459/1000.
Terminated at swamp 0.5.
The last entry of errorHistory is 0.500748 for index 458682, 459/1000.
The last entry of errorHistory is 0.000022 for index 458683, 459/1000.
Terminated at swamp 0.5.
The last entry of errorHistory is 0.500374 for index 458684, 459/1000.
Terminated at swamp 1.
The last entry of errorHistory is 1.000184 for index 458685, 459/1000.
Terminated at swamp 0.5.
The last entry of errorHistory is 0.500046 for index 458686, 459/1000.
Terminated at swamp 1.5.
The last entry of errorHistory is 1.500277 for index 458687, 459/1000.
The last entry of errorHistory is 0.000048 for index 458688, 459/1000.
Terminated at swamp 0.5.
The last entry of errorHistory is 0.500453 for index 458689, 459/1000.
Terminated at swamp 0.5.
The last entry of errorHistory is 0.500175 for index 458690, 459/1000.
Terminated at swamp 1.
The last entry of errorHistory is 1.000585 for index 458691, 459/1000.
Terminated at swamp 0.5.
The last entry of errorHistory is 0.500363 for index 458692, 459/1000.
Terminated at swamp 1.
The last entry of errorHistory is 1.000266 for index 458693, 459/1000.
The last entry of errorHistory is 1.000000 for index 458694, 459/1000.
The last entry of errorHistory is 0.000040 for index 458695, 459/1000.
Terminated at swamp 0.5.
The last entry of errorHistory is 0.500017 for index 458696, 459/1000.
The last entry of errorHistory is 0.001195 for index 458697, 459/1000.
The last entry of errorHistory is 0.000045 for index 458698, 459/1000.
The last entry of errorHistory is 1.000000 for index 458699, 459/1000.
The last entry of errorHistory is 0.000159 for index 458700, 459/1000.
Terminated at swamp 0.5.
The last entry of errorHistory is 0.500473 for index 458701, 459/1000.
The last entry of errorHistory is 1.000000 for index 458702, 459/1000.
The last entry of errorHistory is 0.001548 for index 458703, 459/1000.
Terminated at swamp 0.5.
The last entry of errorHistory is 0.500358 for index 458704, 459/1000.
The last entry of errorHistory is 0.000625 for index 458705, 459/1000.
The last entry of errorHistory is 0.000101 for index 458706, 459/1000.
Terminated at swamp 0.5.
The last entry of errorHistory is 0.500564 for index 458707, 459/1000.
The last entry of errorHistory is 0.000008 for index 458708, 459/1000.
Terminated at swamp 0.5.
The last entry of errorHistory is 0.500152 for index 458709, 459/1000.
Terminated at swamp 0.5.
The last entry of errorHistory is 0.500482 for index 458710, 459/1000.
Terminated at swamp 1.
The last entry of errorHistory is 1.000006 for index 458711, 459/1000.
Terminated at swamp 0.5.
The last entry of errorHistory is 0.500443 for index 458712, 459/1000.
The last entry of errorHistory is 1.000000 for index 458713, 459/1000.
The last entry of errorHistory is 1.000000 for index 458714, 459/1000.
Terminated at swamp 0.5.
The last entry of errorHistory is 0.500685 for index 458715, 459/1000.
Terminated at swamp 0.5.
The last entry of errorHistory is 0.500708 for index 458716, 459/1000.
Terminated at swamp 1.
The last entry of errorHistory is 1.000420 for index 458717, 459/1000.
Terminated at swamp 0.5.
The last entry of errorHistory is 0.500477 for index 458718, 459/1000.
Terminated at swamp 0.5.
The last entry of errorHistory is 0.500012 for index 458719, 459/1000.
Terminated at swamp 0.5.
The last entry of errorHistory is 0.500252 for index 458720, 459/1000.
The last entry of errorHistory is 0.500000 for index 458721, 459/1000.
Terminated at swamp 1.
The last entry of errorHistory is 1.000000 for index 458722, 459/1000.
Terminated at swamp 0.5.
The last entry of errorHistory is 0.500286 for index 458723, 459/1000.
The last entry of errorHistory is 0.000416 for index 458724, 459/1000.
Terminated at swamp 0.5.
The last entry of errorHistory is 0.500082 for index 458725, 459/1000.
Terminated at swamp 1.
The last entry of errorHistory is 1.000580 for index 458726, 459/1000.
Terminated at swamp 0.5.
The last entry of errorHistory is 0.500426 for index 458727, 459/1000.
The last entry of errorHistory is 0.500000 for index 458728, 459/1000.
The last entry of errorHistory is 0.500000 for index 458729, 459/1000.
The last entry of errorHistory is 1.000000 for index 458730, 459/1000.
Terminated at swamp 0.5.
The last entry of errorHistory is 0.500435 for index 458731, 459/1000.
Terminated at swamp 0.5.
The last entry of errorHistory is 0.500014 for index 458732, 459/1000.
Terminated at swamp 0.5.
The last entry of errorHistory is 0.500142 for index 458733, 459/1000.
Terminated at swamp 1.
The last entry of errorHistory is 1.000176 for index 458734, 459/1000.
Terminated at swamp 0.5.
The last entry of errorHistory is 0.500620 for index 458735, 459/1000.
The last entry of errorHistory is 1.000000 for index 458736, 459/1000.
Terminated at swamp 0.5.
The last entry of errorHistory is 0.500860 for index 458737, 459/1000.
The last entry of errorHistory is 0.000024 for index 458738, 459/1000.
Terminated at swamp 0.5.
The last entry of errorHistory is 0.500449 for index 458739, 459/1000.
The last entry of errorHistory is 0.000009 for index 458740, 459/1000.
The last entry of errorHistory is 0.500000 for index 458741, 459/1000.
The last entry of errorHistory is 1.000000 for index 458742, 459/1000.
Terminated at swamp 0.5.
The last entry of errorHistory is 0.500370 for index 458743, 459/1000.
The last entry of errorHistory is 0.500000 for index 458744, 459/1000.
Terminated at swamp 1.
The last entry of errorHistory is 0.999262 for index 458745, 459/1000.
Terminated at swamp 0.5.
The last entry of errorHistory is 0.500053 for index 458746, 459/1000.
The last entry of errorHistory is 0.004446 for index 458747, 459/1000.
Terminated at swamp 0.5.
The last entry of errorHistory is 0.500647 for index 458748, 459/1000.
The last entry of errorHistory is 0.500000 for index 458749, 459/1000.
Terminated at swamp 0.5.
The last entry of errorHistory is 0.500411 for index 458750, 459/1000.
The last entry of errorHistory is 1.000000 for index 458751, 459/1000.
Terminated at swamp 0.5.
The last entry of errorHistory is 0.500180 for index 458752, 459/1000.
The last entry of errorHistory is 0.500000 for index 458753, 459/1000.
The last entry of errorHistory is 0.000066 for index 458754, 459/1000.
Terminated at swamp 0.5.
The last entry of errorHistory is 0.500148 for index 458755, 459/1000.
The last entry of errorHistory is 1.000000 for index 458756, 459/1000.
The last entry of errorHistory is 0.500000 for index 458757, 459/1000.
The last entry of errorHistory is 0.500000 for index 458758, 459/1000.
The last entry of errorHistory is 1.000000 for index 458759, 459/1000.
Terminated at swamp 1.
The last entry of errorHistory is 1.000334 for index 458760, 459/1000.
Terminated at swamp 0.5.
The last entry of errorHistory is 0.500416 for index 458761, 459/1000.
The last entry of errorHistory is 0.500000 for index 458762, 459/1000.
The last entry of errorHistory is 0.500000 for index 458763, 459/1000.
The last entry of errorHistory is 1.000000 for index 458764, 459/1000.
Terminated at swamp 0.5.
The last entry of errorHistory is 0.500173 for index 458765, 459/1000.
Terminated at swamp 0.5.
The last entry of errorHistory is 0.500462 for index 458766, 459/1000.
Terminated at swamp 0.5.
The last entry of errorHistory is 0.500182 for index 458767, 459/1000.
The last entry of errorHistory is 0.000021 for index 458768, 459/1000.
Terminated at swamp 1.
The last entry of errorHistory is 1.000168 for index 458769, 459/1000.
Terminated at swamp 1.
The last entry of errorHistory is 1.000098 for index 458770, 459/1000.
Terminated at swamp 0.5.
The last entry of errorHistory is 0.500447 for index 458771, 459/1000.
The last entry of errorHistory is 0.000831 for index 458772, 459/1000.
Terminated at swamp 0.5.
The last entry of errorHistory is 0.500401 for index 458773, 459/1000.
Terminated at swamp 0.5.
The last entry of errorHistory is 0.500502 for index 458774, 459/1000.
Terminated at swamp 0.5.
The last entry of errorHistory is 0.500416 for index 458775, 459/1000.
The last entry of errorHistory is 1.000000 for index 458776, 459/1000.
The last entry of errorHistory is 0.000016 for index 458777, 459/1000.
The last entry of errorHistory is 0.001856 for index 458778, 459/1000.
Terminated at swamp 1.
The last entry of errorHistory is 1.000060 for index 458779, 459/1000.
Terminated at swamp 0.5.
The last entry of errorHistory is 0.500310 for index 458780, 459/1000.
The last entry of errorHistory is 1.000000 for index 458781, 459/1000.
Terminated at swamp 0.5.
The last entry of errorHistory is 0.500656 for index 458782, 459/1000.
The last entry of errorHistory is 0.500000 for index 458783, 459/1000.
The last entry of errorHistory is 1.500000 for index 458784, 459/1000.
Terminated at swamp 1.
The last entry of errorHistory is 1.000250 for index 458785, 459/1000.
Terminated at swamp 0.5.
The last entry of errorHistory is 0.500414 for index 458786, 459/1000.
Terminated at swamp 0.5.
The last entry of errorHistory is 0.500632 for index 458787, 459/1000.
Terminated at swamp 0.5.
The last entry of errorHistory is 0.500277 for index 458788, 459/1000.
Terminated at swamp 0.5.
The last entry of errorHistory is 0.500363 for index 458789, 459/1000.
Terminated at swamp 0.5.
The last entry of errorHistory is 0.500585 for index 458790, 459/1000.
Terminated at swamp 0.5.
The last entry of errorHistory is 0.500000 for index 458791, 459/1000.
Terminated at swamp 0.5.
The last entry of errorHistory is 0.500561 for index 458792, 459/1000.
Terminated at swamp 0.5.
The last entry of errorHistory is 0.500611 for index 458793, 459/1000.
Terminated at swamp 0.5.
The last entry of errorHistory is 0.500538 for index 458794, 459/1000.
Terminated at swamp 1.
The last entry of errorHistory is 1.000122 for index 458795, 459/1000.
The last entry of errorHistory is 0.000022 for index 458796, 459/1000.
The last entry of errorHistory is 1.000000 for index 458797, 459/1000.
Terminated at swamp 0.5.
The last entry of errorHistory is 0.500146 for index 458798, 459/1000.
Terminated at swamp 0.5.
The last entry of errorHistory is 0.500571 for index 458799, 459/1000.
Terminated at swamp 0.5.
The last entry of errorHistory is 0.500465 for index 458800, 459/1000.
The last entry of errorHistory is 0.000356 for index 458801, 459/1000.
Terminated at swamp 0.5.
The last entry of errorHistory is 0.500164 for index 458802, 459/1000.
Terminated at swamp 0.5.
The last entry of errorHistory is 0.500494 for index 458803, 459/1000.
Terminated at swamp 0.5.
The last entry of errorHistory is 0.500249 for index 458804, 459/1000.
The last entry of errorHistory is 1.000000 for index 458805, 459/1000.
Terminated at swamp 1.
The last entry of errorHistory is 1.000000 for index 458806, 459/1000.
The last entry of errorHistory is 1.000000 for index 458807, 459/1000.
Terminated at swamp 0.5.
The last entry of errorHistory is 0.500035 for index 458808, 459/1000.
The last entry of errorHistory is 0.000017 for index 458809, 459/1000.
Terminated at swamp 0.5.
The last entry of errorHistory is 0.500501 for index 458810, 459/1000.
Terminated at swamp 0.5.
The last entry of errorHistory is 0.500600 for index 458811, 459/1000.
Terminated at swamp 0.5.
The last entry of errorHistory is 0.500053 for index 458812, 459/1000.
Terminated at swamp 1.
The last entry of errorHistory is 1.000005 for index 458813, 459/1000.
The last entry of errorHistory is 0.000022 for index 458814, 459/1000.
Terminated at swamp 0.5.
The last entry of errorHistory is 0.500036 for index 458815, 459/1000.
Terminated at swamp 0.5.
The last entry of errorHistory is 0.500618 for index 458816, 459/1000.
Terminated at swamp 0.5.
The last entry of errorHistory is 0.500497 for index 458817, 459/1000.
Terminated at swamp 0.5.
The last entry of errorHistory is 0.500099 for index 458818, 459/1000.
The last entry of errorHistory is 0.000120 for index 458819, 459/1000.
Terminated at swamp 1.
The last entry of errorHistory is 1.000055 for index 458820, 459/1000.
Terminated at swamp 0.5.
The last entry of errorHistory is 0.500446 for index 458821, 459/1000.
Terminated at swamp 0.5.
The last entry of errorHistory is 0.500316 for index 458822, 459/1000.
The last entry of errorHistory is 0.500000 for index 458823, 459/1000.
Terminated at swamp 0.5.
The last entry of errorHistory is 0.500370 for index 458824, 459/1000.
Terminated at swamp 0.5.
The last entry of errorHistory is 0.500402 for index 458825, 459/1000.
Terminated at swamp 0.5.
The last entry of errorHistory is 0.500468 for index 458826, 459/1000.
Terminated at swamp 1.
The last entry of errorHistory is 1.000396 for index 458827, 459/1000.
Terminated at swamp 0.5.
The last entry of errorHistory is 0.500550 for index 458828, 459/1000.
The last entry of errorHistory is 1.000000 for index 458829, 459/1000.
The last entry of errorHistory is 1.000000 for index 458830, 459/1000.
Terminated at swamp 0.5.
The last entry of errorHistory is 0.500526 for index 458831, 459/1000.
Terminated at swamp 0.5.
The last entry of errorHistory is 0.500928 for index 458832, 459/1000.
Terminated at swamp 0.5.
The last entry of errorHistory is 0.500219 for index 458833, 459/1000.
The last entry of errorHistory is 1.000000 for index 458834, 459/1000.
Terminated at swamp 1.
The last entry of errorHistory is 1.000163 for index 458835, 459/1000.
Terminated at swamp 0.5.
The last entry of errorHistory is 0.500037 for index 458836, 459/1000.
Terminated at swamp 0.5.
The last entry of errorHistory is 0.500179 for index 458837, 459/1000.
Terminated at swamp 0.5.
The last entry of errorHistory is 0.500496 for index 458838, 459/1000.
Terminated at swamp 0.5.
The last entry of errorHistory is 0.500653 for index 458839, 459/1000.
Terminated at swamp 0.5.
The last entry of errorHistory is 0.500483 for index 458840, 459/1000.
Terminated at swamp 1.
The last entry of errorHistory is 1.000442 for index 458841, 459/1000.
The last entry of errorHistory is 1.000000 for index 458842, 459/1000.
The last entry of errorHistory is 0.500000 for index 458843, 459/1000.
Terminated at swamp 0.5.
The last entry of errorHistory is 0.500628 for index 458844, 459/1000.
The last entry of errorHistory is 1.000000 for index 458845, 459/1000.
The last entry of errorHistory is 1.000000 for index 458846, 459/1000.
Terminated at swamp 0.5.
The last entry of errorHistory is 0.500431 for index 458847, 459/1000.
The last entry of errorHistory is 1.000000 for index 458848, 459/1000.
Terminated at swamp 0.5.
The last entry of errorHistory is 0.500071 for index 458849, 459/1000.
Terminated at swamp 0.5.
The last entry of errorHistory is 0.500158 for index 458850, 459/1000.
Terminated at swamp 0.5.
The last entry of errorHistory is 0.500413 for index 458851, 459/1000.
Terminated at swamp 0.5.
The last entry of errorHistory is 0.500540 for index 458852, 459/1000.
The last entry of errorHistory is 0.000016 for index 458853, 459/1000.
Terminated at swamp 0.5.
The last entry of errorHistory is 0.500578 for index 458854, 459/1000.
The last entry of errorHistory is 1.000000 for index 458855, 459/1000.
The last entry of errorHistory is 0.500000 for index 458856, 459/1000.
Terminated at swamp 1.
The last entry of errorHistory is 1.000347 for index 458857, 459/1000.
Terminated at swamp 1.
The last entry of errorHistory is 1.000381 for index 458858, 459/1000.
Terminated at swamp 1.
The last entry of errorHistory is 1.000013 for index 458859, 459/1000.
Terminated at swamp 0.5.
The last entry of errorHistory is 0.500347 for index 458860, 459/1000.
Terminated at swamp 0.5.
The last entry of errorHistory is 0.500079 for index 458861, 459/1000.
Terminated at swamp 0.5.
The last entry of errorHistory is 0.500490 for index 458862, 459/1000.
The last entry of errorHistory is 0.000034 for index 458863, 459/1000.
Terminated at swamp 1.
The last entry of errorHistory is 1.000059 for index 458864, 459/1000.
The last entry of errorHistory is 0.000621 for index 458865, 459/1000.
Terminated at swamp 0.5.
The last entry of errorHistory is 0.500527 for index 458866, 459/1000.
Terminated at swamp 0.5.
The last entry of errorHistory is 0.500239 for index 458867, 459/1000.
Terminated at swamp 0.5.
The last entry of errorHistory is 0.500471 for index 458868, 459/1000.
The last entry of errorHistory is 0.500000 for index 458869, 459/1000.
Terminated at swamp 1.
The last entry of errorHistory is 1.000524 for index 458870, 459/1000.
Terminated at swamp 0.5.
The last entry of errorHistory is 0.500398 for index 458871, 459/1000.
Terminated at swamp 0.5.
The last entry of errorHistory is 0.500466 for index 458872, 459/1000.
Terminated at swamp 1.
The last entry of errorHistory is 1.000000 for index 458873, 459/1000.
Terminated at swamp 0.5.
The last entry of errorHistory is 0.500387 for index 458874, 459/1000.
Terminated at swamp 0.5.
The last entry of errorHistory is 0.500074 for index 458875, 459/1000.
The last entry of errorHistory is 0.000151 for index 458876, 459/1000.
The last entry of errorHistory is 2.000000 for index 458877, 459/1000.
Terminated at swamp 1.
The last entry of errorHistory is 1.000175 for index 458878, 459/1000.
Terminated at swamp 0.5.
The last entry of errorHistory is 0.500363 for index 458879, 459/1000.
Terminated at swamp 0.5.
The last entry of errorHistory is 0.500587 for index 458880, 459/1000.
The last entry of errorHistory is 1.000000 for index 458881, 459/1000.
Terminated at swamp 0.5.
The last entry of errorHistory is 0.500405 for index 458882, 459/1000.
The last entry of errorHistory is 1.000000 for index 458883, 459/1000.
Terminated at swamp 0.5.
The last entry of errorHistory is 0.500114 for index 458884, 459/1000.
Terminated at swamp 1.
The last entry of errorHistory is 1.000099 for index 458885, 459/1000.
Terminated at swamp 0.5.
The last entry of errorHistory is 0.500003 for index 458886, 459/1000.
Terminated at swamp 0.5.
The last entry of errorHistory is 0.500138 for index 458887, 459/1000.
Terminated at swamp 0.5.
The last entry of errorHistory is 0.500061 for index 458888, 459/1000.
The last entry of errorHistory is 0.500000 for index 458889, 459/1000.
Terminated at swamp 0.5.
The last entry of errorHistory is 0.500228 for index 458890, 459/1000.
Terminated at swamp 0.5.
The last entry of errorHistory is 0.500387 for index 458891, 459/1000.
Terminated at swamp 1.
The last entry of errorHistory is 1.000000 for index 458892, 459/1000.
Terminated at swamp 1.
The last entry of errorHistory is 1.000000 for index 458893, 459/1000.
The last entry of errorHistory is 1.000000 for index 458894, 459/1000.
Terminated at swamp 1.
The last entry of errorHistory is 1.000367 for index 458895, 459/1000.
Terminated at swamp 0.5.
The last entry of errorHistory is 0.500428 for index 458896, 459/1000.
Terminated at swamp 0.5.
The last entry of errorHistory is 0.500448 for index 458897, 459/1000.
The last entry of errorHistory is 1.000000 for index 458898, 459/1000.
Terminated at swamp 0.5.
The last entry of errorHistory is 0.500722 for index 458899, 459/1000.
The last entry of errorHistory is 0.500000 for index 458900, 459/1000.
Terminated at swamp 0.5.
The last entry of errorHistory is 0.500339 for index 458901, 459/1000.
The last entry of errorHistory is 1.000000 for index 458902, 459/1000.
The last entry of errorHistory is 1.000000 for index 458903, 459/1000.
The last entry of errorHistory is 0.000022 for index 458904, 459/1000.
The last entry of errorHistory is 1.000000 for index 458905, 459/1000.
The last entry of errorHistory is 1.500000 for index 458906, 459/1000.
The last entry of errorHistory is 0.000020 for index 458907, 459/1000.
Terminated at swamp 0.5.
The last entry of errorHistory is 0.500392 for index 458908, 459/1000.
Terminated at swamp 0.5.
The last entry of errorHistory is 0.500376 for index 458909, 459/1000.
Terminated at swamp 0.5.
The last entry of errorHistory is 0.500616 for index 458910, 459/1000.
Terminated at swamp 0.5.
The last entry of errorHistory is 0.500611 for index 458911, 459/1000.
Terminated at swamp 1.
The last entry of errorHistory is 1.000010 for index 458912, 459/1000.
Terminated at swamp 0.5.
The last entry of errorHistory is 0.500325 for index 458913, 459/1000.
Terminated at swamp 0.5.
The last entry of errorHistory is 0.500287 for index 458914, 459/1000.
Terminated at swamp 0.5.
The last entry of errorHistory is 0.500546 for index 458915, 459/1000.
Terminated at swamp 0.5.
The last entry of errorHistory is 0.500038 for index 458916, 459/1000.
Terminated at swamp 0.5.
The last entry of errorHistory is 0.500408 for index 458917, 459/1000.
Terminated at swamp 1.
The last entry of errorHistory is 1.000000 for index 458918, 459/1000.
The last entry of errorHistory is 1.000000 for index 458919, 459/1000.
Terminated at swamp 1.
The last entry of errorHistory is 1.000000 for index 458920, 459/1000.
Terminated at swamp 1.
The last entry of errorHistory is 1.000000 for index 458921, 459/1000.
Terminated at swamp 1.
The last entry of errorHistory is 1.000328 for index 458922, 459/1000.
Terminated at swamp 0.5.
The last entry of errorHistory is 0.500702 for index 458923, 459/1000.
Terminated at swamp 0.5.
The last entry of errorHistory is 0.500439 for index 458924, 459/1000.
The last entry of errorHistory is 1.000000 for index 458925, 459/1000.
Terminated at swamp 0.5.
The last entry of errorHistory is 0.500676 for index 458926, 459/1000.
Terminated at swamp 0.5.
The last entry of errorHistory is 0.500566 for index 458927, 459/1000.
The last entry of errorHistory is 0.500000 for index 458928, 459/1000.
The last entry of errorHistory is 1.000000 for index 458929, 459/1000.
Terminated at swamp 0.5.
The last entry of errorHistory is 0.500419 for index 458930, 459/1000.
Terminated at swamp 0.5.
The last entry of errorHistory is 0.500341 for index 458931, 459/1000.
The last entry of errorHistory is 0.500000 for index 458932, 459/1000.
Terminated at swamp 0.5.
The last entry of errorHistory is 0.500559 for index 458933, 459/1000.
The last entry of errorHistory is 1.000000 for index 458934, 459/1000.
The last entry of errorHistory is 0.000008 for index 458935, 459/1000.
Terminated at swamp 0.5.
The last entry of errorHistory is 0.500085 for index 458936, 459/1000.
Terminated at swamp 0.5.
The last entry of errorHistory is 0.500411 for index 458937, 459/1000.
The last entry of errorHistory is 0.500000 for index 458938, 459/1000.
The last entry of errorHistory is 0.500000 for index 458939, 459/1000.
The last entry of errorHistory is 1.500000 for index 458940, 459/1000.
Terminated at swamp 0.5.
The last entry of errorHistory is 0.500255 for index 458941, 459/1000.
Terminated at swamp 0.5.
The last entry of errorHistory is 0.500575 for index 458942, 459/1000.
Terminated at swamp 0.5.
The last entry of errorHistory is 0.500324 for index 458943, 459/1000.
The last entry of errorHistory is 0.000258 for index 458944, 459/1000.
The last entry of errorHistory is 1.000000 for index 458945, 459/1000.
The last entry of errorHistory is 1.000000 for index 458946, 459/1000.
Terminated at swamp 0.5.
The last entry of errorHistory is 0.500644 for index 458947, 459/1000.
Terminated at swamp 1.
The last entry of errorHistory is 1.000036 for index 458948, 459/1000.
Terminated at swamp 0.5.
The last entry of errorHistory is 0.500832 for index 458949, 459/1000.
Terminated at swamp 0.5.
The last entry of errorHistory is 0.500420 for index 458950, 459/1000.
Terminated at swamp 1.
The last entry of errorHistory is 1.000143 for index 458951, 459/1000.
Terminated at swamp 1.
The last entry of errorHistory is 1.000082 for index 458952, 459/1000.
The last entry of errorHistory is 1.000000 for index 458953, 459/1000.
The last entry of errorHistory is 1.000000 for index 458954, 459/1000.
Terminated at swamp 0.5.
The last entry of errorHistory is 0.500270 for index 458955, 459/1000.
The last entry of errorHistory is 0.500000 for index 458956, 459/1000.
Terminated at swamp 0.5.
The last entry of errorHistory is 0.500661 for index 458957, 459/1000.
Terminated at swamp 0.5.
The last entry of errorHistory is 0.500543 for index 458958, 459/1000.
Terminated at swamp 0.5.
The last entry of errorHistory is 0.500063 for index 458959, 459/1000.
Terminated at swamp 1.
The last entry of errorHistory is 1.000000 for index 458960, 459/1000.
The last entry of errorHistory is 0.000020 for index 458961, 459/1000.
Terminated at swamp 1.
The last entry of errorHistory is 1.000000 for index 458962, 459/1000.
Terminated at swamp 0.5.
The last entry of errorHistory is 0.500331 for index 458963, 459/1000.
Terminated at swamp 0.5.
The last entry of errorHistory is 0.500479 for index 458964, 459/1000.
Terminated at swamp 0.5.
The last entry of errorHistory is 0.500390 for index 458965, 459/1000.
Terminated at swamp 1.
The last entry of errorHistory is 1.000010 for index 458966, 459/1000.
Terminated at swamp 1.
The last entry of errorHistory is 1.000155 for index 458967, 459/1000.
Terminated at swamp 0.5.
The last entry of errorHistory is 0.500389 for index 458968, 459/1000.
Terminated at swamp 0.5.
The last entry of errorHistory is 0.500279 for index 458969, 459/1000.
Terminated at swamp 1.
The last entry of errorHistory is 1.000001 for index 458970, 459/1000.
Terminated at swamp 0.5.
The last entry of errorHistory is 0.500543 for index 458971, 459/1000.
Terminated at swamp 0.5.
The last entry of errorHistory is 0.500471 for index 458972, 459/1000.
Terminated at swamp 0.5.
The last entry of errorHistory is 0.500056 for index 458973, 459/1000.
The last entry of errorHistory is 0.500000 for index 458974, 459/1000.
Terminated at swamp 0.5.
The last entry of errorHistory is 0.500906 for index 458975, 459/1000.
Terminated at swamp 0.5.
The last entry of errorHistory is 0.500333 for index 458976, 459/1000.
Terminated at swamp 1.
The last entry of errorHistory is 1.000000 for index 458977, 459/1000.
Terminated at swamp 0.5.
The last entry of errorHistory is 0.500059 for index 458978, 459/1000.
Terminated at swamp 1.
The last entry of errorHistory is 1.000001 for index 458979, 459/1000.
Terminated at swamp 0.5.
The last entry of errorHistory is 0.500371 for index 458980, 459/1000.
Terminated at swamp 1.
The last entry of errorHistory is 1.000045 for index 458981, 459/1000.
Terminated at swamp 1.
The last entry of errorHistory is 1.000002 for index 458982, 459/1000.
The last entry of errorHistory is 1.000000 for index 458983, 459/1000.
The last entry of errorHistory is 0.000022 for index 458984, 459/1000.
Terminated at swamp 0.5.
The last entry of errorHistory is 0.500016 for index 458985, 459/1000.
Terminated at swamp 1.
The last entry of errorHistory is 1.000005 for index 458986, 459/1000.
Terminated at swamp 0.5.
The last entry of errorHistory is 0.500471 for index 458987, 459/1000.
The last entry of errorHistory is 0.000015 for index 458988, 459/1000.
Terminated at swamp 1.
The last entry of errorHistory is 1.000454 for index 458989, 459/1000.
The last entry of errorHistory is 1.500000 for index 458990, 459/1000.
The last entry of errorHistory is 1.000000 for index 458991, 459/1000.
Terminated at swamp 1.
The last entry of errorHistory is 1.000093 for index 458992, 459/1000.
The last entry of errorHistory is 1.000000 for index 458993, 459/1000.
The last entry of errorHistory is 1.000000 for index 458994, 459/1000.
Terminated at swamp 1.
The last entry of errorHistory is 1.000318 for index 458995, 459/1000.
Terminated at swamp 1.
The last entry of errorHistory is 1.000000 for index 458996, 459/1000.
The last entry of errorHistory is 0.500000 for index 458997, 459/1000.
Terminated at swamp 1.
The last entry of errorHistory is 1.000000 for index 458998, 459/1000.
Terminated at swamp 0.5.
The last entry of errorHistory is 0.499960 for index 458999, 459/1000.
The last entry of errorHistory is 1.000000 for index 459000, 459/1000.
