
                            < M A T L A B (R) >
                  Copyright 1984-2018 The MathWorks, Inc.
                   R2018b (9.5.0.944444) 64-bit (glnxa64)
                              August 28, 2018

 
To get started, type doc.
For product information, visit www.mathworks.com.
 
The last entry of errorHistory is 0.000012 for index 482001, 483/1000.
Terminated at swamp 0.5.
The last entry of errorHistory is 0.500029 for index 482002, 483/1000.
The last entry of errorHistory is 0.000041 for index 482003, 483/1000.
The last entry of errorHistory is 1.000000 for index 482004, 483/1000.
Terminated at swamp 0.5.
The last entry of errorHistory is 0.500931 for index 482005, 483/1000.
Terminated at swamp 0.5.
The last entry of errorHistory is 0.500625 for index 482006, 483/1000.
Terminated at swamp 1.
The last entry of errorHistory is 1.000217 for index 482007, 483/1000.
The last entry of errorHistory is 0.500000 for index 482008, 483/1000.
The last entry of errorHistory is 0.000027 for index 482009, 483/1000.
The last entry of errorHistory is 1.500000 for index 482010, 483/1000.
The last entry of errorHistory is 1.000000 for index 482011, 483/1000.
The last entry of errorHistory is 0.000041 for index 482012, 483/1000.
The last entry of errorHistory is 1.000000 for index 482013, 483/1000.
The last entry of errorHistory is 1.000000 for index 482014, 483/1000.
Terminated at swamp 1.
The last entry of errorHistory is 1.000039 for index 482015, 483/1000.
Terminated at swamp 0.5.
The last entry of errorHistory is 0.500490 for index 482016, 483/1000.
The last entry of errorHistory is 1.000000 for index 482017, 483/1000.
Terminated at swamp 0.5.
The last entry of errorHistory is 0.500613 for index 482018, 483/1000.
Terminated at swamp 0.5.
The last entry of errorHistory is 0.500430 for index 482019, 483/1000.
Terminated at swamp 1.
The last entry of errorHistory is 1.000298 for index 482020, 483/1000.
Terminated at swamp 1.
The last entry of errorHistory is 1.000051 for index 482021, 483/1000.
Terminated at swamp 0.5.
The last entry of errorHistory is 0.500087 for index 482022, 483/1000.
The last entry of errorHistory is 0.000035 for index 482023, 483/1000.
The last entry of errorHistory is 0.500000 for index 482024, 483/1000.
Terminated at swamp 0.5.
The last entry of errorHistory is 0.500321 for index 482025, 483/1000.
The last entry of errorHistory is 1.000000 for index 482026, 483/1000.
Terminated at swamp 0.5.
The last entry of errorHistory is 0.500012 for index 482027, 483/1000.
The last entry of errorHistory is 1.000000 for index 482028, 483/1000.
Terminated at swamp 1.
The last entry of errorHistory is 1.000121 for index 482029, 483/1000.
Terminated at swamp 0.5.
The last entry of errorHistory is 0.500145 for index 482030, 483/1000.
Terminated at swamp 0.5.
The last entry of errorHistory is 0.500240 for index 482031, 483/1000.
Terminated at swamp 0.5.
The last entry of errorHistory is 0.500416 for index 482032, 483/1000.
Terminated at swamp 0.5.
The last entry of errorHistory is 0.500585 for index 482033, 483/1000.
Terminated at swamp 0.5.
The last entry of errorHistory is 0.500406 for index 482034, 483/1000.
Terminated at swamp 0.5.
The last entry of errorHistory is 0.500003 for index 482035, 483/1000.
Terminated at swamp 0.5.
The last entry of errorHistory is 0.500002 for index 482036, 483/1000.
Terminated at swamp 0.5.
The last entry of errorHistory is 0.500470 for index 482037, 483/1000.
Terminated at swamp 0.5.
The last entry of errorHistory is 0.500293 for index 482038, 483/1000.
The last entry of errorHistory is 1.000000 for index 482039, 483/1000.
Terminated at swamp 0.5.
The last entry of errorHistory is 0.500223 for index 482040, 483/1000.
Terminated at swamp 0.5.
The last entry of errorHistory is 0.500351 for index 482041, 483/1000.
The last entry of errorHistory is 1.000000 for index 482042, 483/1000.
The last entry of errorHistory is 1.000000 for index 482043, 483/1000.
Terminated at swamp 0.5.
The last entry of errorHistory is 0.500561 for index 482044, 483/1000.
Terminated at swamp 0.5.
The last entry of errorHistory is 0.500361 for index 482045, 483/1000.
The last entry of errorHistory is 1.000000 for index 482046, 483/1000.
Terminated at swamp 0.5.
The last entry of errorHistory is 0.500001 for index 482047, 483/1000.
The last entry of errorHistory is 1.000000 for index 482048, 483/1000.
Terminated at swamp 0.5.
The last entry of errorHistory is 0.500709 for index 482049, 483/1000.
Terminated at swamp 1.
The last entry of errorHistory is 1.000006 for index 482050, 483/1000.
Terminated at swamp 1.
The last entry of errorHistory is 1.000309 for index 482051, 483/1000.
The last entry of errorHistory is 0.000087 for index 482052, 483/1000.
The last entry of errorHistory is 0.500000 for index 482053, 483/1000.
Terminated at swamp 1.
The last entry of errorHistory is 1.000145 for index 482054, 483/1000.
Terminated at swamp 0.5.
The last entry of errorHistory is 0.500361 for index 482055, 483/1000.
Terminated at swamp 0.5.
The last entry of errorHistory is 0.500608 for index 482056, 483/1000.
The last entry of errorHistory is 1.000000 for index 482057, 483/1000.
The last entry of errorHistory is 1.000000 for index 482058, 483/1000.
The last entry of errorHistory is 0.500000 for index 482059, 483/1000.
Terminated at swamp 0.5.
The last entry of errorHistory is 0.500177 for index 482060, 483/1000.
Terminated at swamp 1.
The last entry of errorHistory is 1.000000 for index 482061, 483/1000.
Terminated at swamp 0.5.
The last entry of errorHistory is 0.500250 for index 482062, 483/1000.
The last entry of errorHistory is 0.000101 for index 482063, 483/1000.
Terminated at swamp 0.5.
The last entry of errorHistory is 0.500291 for index 482064, 483/1000.
Terminated at swamp 0.5.
The last entry of errorHistory is 0.500547 for index 482065, 483/1000.
Terminated at swamp 0.5.
The last entry of errorHistory is 0.500397 for index 482066, 483/1000.
Terminated at swamp 0.5.
The last entry of errorHistory is 0.500391 for index 482067, 483/1000.
Terminated at swamp 0.5.
The last entry of errorHistory is 0.500550 for index 482068, 483/1000.
Terminated at swamp 0.5.
The last entry of errorHistory is 0.500459 for index 482069, 483/1000.
Terminated at swamp 0.5.
The last entry of errorHistory is 0.500506 for index 482070, 483/1000.
The last entry of errorHistory is 1.000000 for index 482071, 483/1000.
Terminated at swamp 1.
The last entry of errorHistory is 1.000013 for index 482072, 483/1000.
The last entry of errorHistory is 1.500000 for index 482073, 483/1000.
Terminated at swamp 0.5.
The last entry of errorHistory is 0.500221 for index 482074, 483/1000.
Terminated at swamp 0.5.
The last entry of errorHistory is 0.500404 for index 482075, 483/1000.
Terminated at swamp 1.
The last entry of errorHistory is 1.000010 for index 482076, 483/1000.
The last entry of errorHistory is 0.500000 for index 482077, 483/1000.
Terminated at swamp 0.5.
The last entry of errorHistory is 0.500378 for index 482078, 483/1000.
Terminated at swamp 0.5.
The last entry of errorHistory is 0.500087 for index 482079, 483/1000.
The last entry of errorHistory is 1.000000 for index 482080, 483/1000.
Terminated at swamp 0.5.
The last entry of errorHistory is 0.500291 for index 482081, 483/1000.
Terminated at swamp 1.
The last entry of errorHistory is 1.000000 for index 482082, 483/1000.
Terminated at swamp 1.
The last entry of errorHistory is 1.000950 for index 482083, 483/1000.
The last entry of errorHistory is 1.000000 for index 482084, 483/1000.
Terminated at swamp 0.5.
The last entry of errorHistory is 0.500881 for index 482085, 483/1000.
Terminated at swamp 0.5.
The last entry of errorHistory is 0.500031 for index 482086, 483/1000.
Terminated at swamp 0.5.
The last entry of errorHistory is 0.500282 for index 482087, 483/1000.
The last entry of errorHistory is 1.000000 for index 482088, 483/1000.
The last entry of errorHistory is 0.000030 for index 482089, 483/1000.
The last entry of errorHistory is 1.000000 for index 482090, 483/1000.
Terminated at swamp 0.5.
The last entry of errorHistory is 0.500332 for index 482091, 483/1000.
Terminated at swamp 0.5.
The last entry of errorHistory is 0.500532 for index 482092, 483/1000.
The last entry of errorHistory is 0.001017 for index 482093, 483/1000.
Terminated at swamp 0.5.
The last entry of errorHistory is 0.500392 for index 482094, 483/1000.
The last entry of errorHistory is 1.000000 for index 482095, 483/1000.
The last entry of errorHistory is 1.000000 for index 482096, 483/1000.
The last entry of errorHistory is 0.000059 for index 482097, 483/1000.
Terminated at swamp 0.5.
The last entry of errorHistory is 0.500472 for index 482098, 483/1000.
Terminated at swamp 0.5.
The last entry of errorHistory is 0.500625 for index 482099, 483/1000.
Terminated at swamp 0.5.
The last entry of errorHistory is 0.500001 for index 482100, 483/1000.
The last entry of errorHistory is 0.500000 for index 482101, 483/1000.
Terminated at swamp 0.5.
The last entry of errorHistory is 0.500084 for index 482102, 483/1000.
Terminated at swamp 0.5.
The last entry of errorHistory is 0.500938 for index 482103, 483/1000.
The last entry of errorHistory is 1.000000 for index 482104, 483/1000.
Terminated at swamp 0.5.
The last entry of errorHistory is 0.500315 for index 482105, 483/1000.
Terminated at swamp 0.5.
The last entry of errorHistory is 0.500282 for index 482106, 483/1000.
Terminated at swamp 1.5.
The last entry of errorHistory is 1.500010 for index 482107, 483/1000.
The last entry of errorHistory is 1.500000 for index 482108, 483/1000.
Terminated at swamp 1.
The last entry of errorHistory is 1.000036 for index 482109, 483/1000.
The last entry of errorHistory is 1.000000 for index 482110, 483/1000.
The last entry of errorHistory is 0.000029 for index 482111, 483/1000.
Terminated at swamp 0.5.
The last entry of errorHistory is 0.500031 for index 482112, 483/1000.
Terminated at swamp 0.5.
The last entry of errorHistory is 0.500427 for index 482113, 483/1000.
Terminated at swamp 1.
The last entry of errorHistory is 1.000464 for index 482114, 483/1000.
Terminated at swamp 0.5.
The last entry of errorHistory is 0.500102 for index 482115, 483/1000.
Terminated at swamp 0.5.
The last entry of errorHistory is 0.500495 for index 482116, 483/1000.
Terminated at swamp 1.
The last entry of errorHistory is 1.000000 for index 482117, 483/1000.
Terminated at swamp 0.5.
The last entry of errorHistory is 0.500264 for index 482118, 483/1000.
The last entry of errorHistory is 1.000000 for index 482119, 483/1000.
Terminated at swamp 1.
The last entry of errorHistory is 1.000003 for index 482120, 483/1000.
The last entry of errorHistory is 1.000000 for index 482121, 483/1000.
Terminated at swamp 0.5.
The last entry of errorHistory is 0.500434 for index 482122, 483/1000.
Terminated at swamp 0.5.
The last entry of errorHistory is 0.500144 for index 482123, 483/1000.
The last entry of errorHistory is 1.000000 for index 482124, 483/1000.
Terminated at swamp 1.
The last entry of errorHistory is 1.000520 for index 482125, 483/1000.
Terminated at swamp 1.
The last entry of errorHistory is 1.000379 for index 482126, 483/1000.
Terminated at swamp 1.5.
The last entry of errorHistory is 1.500446 for index 482127, 483/1000.
Terminated at swamp 0.5.
The last entry of errorHistory is 0.500506 for index 482128, 483/1000.
The last entry of errorHistory is 1.000000 for index 482129, 483/1000.
The last entry of errorHistory is 1.000000 for index 482130, 483/1000.
Terminated at swamp 0.5.
The last entry of errorHistory is 0.500011 for index 482131, 483/1000.
The last entry of errorHistory is 1.000000 for index 482132, 483/1000.
Terminated at swamp 0.5.
The last entry of errorHistory is 0.500026 for index 482133, 483/1000.
Terminated at swamp 1.
The last entry of errorHistory is 0.999809 for index 482134, 483/1000.
Terminated at swamp 0.5.
The last entry of errorHistory is 0.500304 for index 482135, 483/1000.
Terminated at swamp 0.5.
The last entry of errorHistory is 0.500376 for index 482136, 483/1000.
Terminated at swamp 0.5.
The last entry of errorHistory is 0.500340 for index 482137, 483/1000.
Terminated at swamp 0.5.
The last entry of errorHistory is 0.500446 for index 482138, 483/1000.
Terminated at swamp 0.5.
The last entry of errorHistory is 0.500545 for index 482139, 483/1000.
The last entry of errorHistory is 0.000021 for index 482140, 483/1000.
Terminated at swamp 0.5.
The last entry of errorHistory is 0.500505 for index 482141, 483/1000.
The last entry of errorHistory is 0.000055 for index 482142, 483/1000.
The last entry of errorHistory is 1.000000 for index 482143, 483/1000.
Terminated at swamp 0.5.
The last entry of errorHistory is 0.500200 for index 482144, 483/1000.
Terminated at swamp 0.5.
The last entry of errorHistory is 0.500595 for index 482145, 483/1000.
Terminated at swamp 1.
The last entry of errorHistory is 1.000022 for index 482146, 483/1000.
Terminated at swamp 0.5.
The last entry of errorHistory is 0.500576 for index 482147, 483/1000.
The last entry of errorHistory is 0.000102 for index 482148, 483/1000.
Terminated at swamp 1.
The last entry of errorHistory is 1.000328 for index 482149, 483/1000.
Terminated at swamp 0.5.
The last entry of errorHistory is 0.500451 for index 482150, 483/1000.
Terminated at swamp 0.5.
The last entry of errorHistory is 0.500237 for index 482151, 483/1000.
Terminated at swamp 0.5.
The last entry of errorHistory is 0.500532 for index 482152, 483/1000.
Terminated at swamp 0.5.
The last entry of errorHistory is 0.500150 for index 482153, 483/1000.
The last entry of errorHistory is 0.000600 for index 482154, 483/1000.
The last entry of errorHistory is 0.000035 for index 482155, 483/1000.
The last entry of errorHistory is 0.000018 for index 482156, 483/1000.
Terminated at swamp 0.5.
The last entry of errorHistory is 0.500558 for index 482157, 483/1000.
Terminated at swamp 0.5.
The last entry of errorHistory is 0.500512 for index 482158, 483/1000.
Terminated at swamp 0.5.
The last entry of errorHistory is 0.500001 for index 482159, 483/1000.
Terminated at swamp 0.5.
The last entry of errorHistory is 0.500552 for index 482160, 483/1000.
Terminated at swamp 1.
The last entry of errorHistory is 1.000001 for index 482161, 483/1000.
Terminated at swamp 0.5.
The last entry of errorHistory is 0.500038 for index 482162, 483/1000.
Terminated at swamp 1.
The last entry of errorHistory is 1.000001 for index 482163, 483/1000.
The last entry of errorHistory is 0.000023 for index 482164, 483/1000.
Terminated at swamp 0.5.
The last entry of errorHistory is 0.500518 for index 482165, 483/1000.
Terminated at swamp 0.5.
The last entry of errorHistory is 0.500047 for index 482166, 483/1000.
The last entry of errorHistory is 1.000000 for index 482167, 483/1000.
Terminated at swamp 0.5.
The last entry of errorHistory is 0.500352 for index 482168, 483/1000.
The last entry of errorHistory is 1.000000 for index 482169, 483/1000.
Terminated at swamp 0.5.
The last entry of errorHistory is 0.500196 for index 482170, 483/1000.
The last entry of errorHistory is 1.000000 for index 482171, 483/1000.
Terminated at swamp 1.
The last entry of errorHistory is 1.000028 for index 482172, 483/1000.
Terminated at swamp 0.5.
The last entry of errorHistory is 0.500480 for index 482173, 483/1000.
Terminated at swamp 0.5.
The last entry of errorHistory is 0.500294 for index 482174, 483/1000.
The last entry of errorHistory is 1.000000 for index 482175, 483/1000.
Terminated at swamp 1.
The last entry of errorHistory is 1.000039 for index 482176, 483/1000.
The last entry of errorHistory is 0.000026 for index 482177, 483/1000.
Terminated at swamp 1.
The last entry of errorHistory is 1.000022 for index 482178, 483/1000.
Terminated at swamp 1.
The last entry of errorHistory is 1.000274 for index 482179, 483/1000.
The last entry of errorHistory is 1.000000 for index 482180, 483/1000.
Terminated at swamp 0.5.
The last entry of errorHistory is 0.500048 for index 482181, 483/1000.
The last entry of errorHistory is 1.000000 for index 482182, 483/1000.
Terminated at swamp 0.5.
The last entry of errorHistory is 0.500474 for index 482183, 483/1000.
Terminated at swamp 1.
The last entry of errorHistory is 1.000066 for index 482184, 483/1000.
Terminated at swamp 0.5.
The last entry of errorHistory is 0.500376 for index 482185, 483/1000.
Terminated at swamp 0.5.
The last entry of errorHistory is 0.500811 for index 482186, 483/1000.
The last entry of errorHistory is 1.000000 for index 482187, 483/1000.
Terminated at swamp 0.5.
The last entry of errorHistory is 0.500059 for index 482188, 483/1000.
The last entry of errorHistory is 1.000000 for index 482189, 483/1000.
The last entry of errorHistory is 0.000056 for index 482190, 483/1000.
Terminated at swamp 0.5.
The last entry of errorHistory is 0.500376 for index 482191, 483/1000.
Terminated at swamp 0.5.
The last entry of errorHistory is 0.500436 for index 482192, 483/1000.
Terminated at swamp 0.5.
The last entry of errorHistory is 0.500151 for index 482193, 483/1000.
The last entry of errorHistory is 0.000033 for index 482194, 483/1000.
The last entry of errorHistory is 1.000000 for index 482195, 483/1000.
Terminated at swamp 0.5.
The last entry of errorHistory is 0.500606 for index 482196, 483/1000.
Terminated at swamp 0.5.
The last entry of errorHistory is 0.500642 for index 482197, 483/1000.
Terminated at swamp 0.5.
The last entry of errorHistory is 0.500393 for index 482198, 483/1000.
Terminated at swamp 0.5.
The last entry of errorHistory is 0.500709 for index 482199, 483/1000.
The last entry of errorHistory is 0.000380 for index 482200, 483/1000.
Terminated at swamp 0.5.
The last entry of errorHistory is 0.500008 for index 482201, 483/1000.
Terminated at swamp 0.5.
The last entry of errorHistory is 0.500005 for index 482202, 483/1000.
Terminated at swamp 0.5.
The last entry of errorHistory is 0.500460 for index 482203, 483/1000.
Terminated at swamp 0.5.
The last entry of errorHistory is 0.500528 for index 482204, 483/1000.
Terminated at swamp 0.5.
The last entry of errorHistory is 0.500657 for index 482205, 483/1000.
Terminated at swamp 0.5.
The last entry of errorHistory is 0.500072 for index 482206, 483/1000.
Terminated at swamp 0.5.
The last entry of errorHistory is 0.500346 for index 482207, 483/1000.
Terminated at swamp 0.5.
The last entry of errorHistory is 0.500574 for index 482208, 483/1000.
The last entry of errorHistory is 1.000000 for index 482209, 483/1000.
Terminated at swamp 1.
The last entry of errorHistory is 1.000000 for index 482210, 483/1000.
The last entry of errorHistory is 0.000068 for index 482211, 483/1000.
Terminated at swamp 0.5.
The last entry of errorHistory is 0.500395 for index 482212, 483/1000.
Terminated at swamp 0.5.
The last entry of errorHistory is 0.500001 for index 482213, 483/1000.
The last entry of errorHistory is 1.000000 for index 482214, 483/1000.
The last entry of errorHistory is 0.000012 for index 482215, 483/1000.
Terminated at swamp 0.5.
The last entry of errorHistory is 0.500394 for index 482216, 483/1000.
Terminated at swamp 1.
The last entry of errorHistory is 1.000332 for index 482217, 483/1000.
Terminated at swamp 0.5.
The last entry of errorHistory is 0.500582 for index 482218, 483/1000.
Terminated at swamp 0.5.
The last entry of errorHistory is 0.500271 for index 482219, 483/1000.
The last entry of errorHistory is 0.500000 for index 482220, 483/1000.
Terminated at swamp 0.5.
The last entry of errorHistory is 0.500147 for index 482221, 483/1000.
Terminated at swamp 1.
The last entry of errorHistory is 1.000362 for index 482222, 483/1000.
The last entry of errorHistory is 0.000016 for index 482223, 483/1000.
Terminated at swamp 1.
The last entry of errorHistory is 1.000077 for index 482224, 483/1000.
Terminated at swamp 0.5.
The last entry of errorHistory is 0.500924 for index 482225, 483/1000.
The last entry of errorHistory is 0.500000 for index 482226, 483/1000.
The last entry of errorHistory is 1.000000 for index 482227, 483/1000.
Terminated at swamp 0.5.
The last entry of errorHistory is 0.500230 for index 482228, 483/1000.
The last entry of errorHistory is 1.000000 for index 482229, 483/1000.
Terminated at swamp 0.5.
The last entry of errorHistory is 0.500209 for index 482230, 483/1000.
The last entry of errorHistory is 0.500000 for index 482231, 483/1000.
The last entry of errorHistory is 1.000000 for index 482232, 483/1000.
The last entry of errorHistory is 1.000000 for index 482233, 483/1000.
Terminated at swamp 0.5.
The last entry of errorHistory is 0.500389 for index 482234, 483/1000.
Terminated at swamp 0.5.
The last entry of errorHistory is 0.500288 for index 482235, 483/1000.
Terminated at swamp 1.
The last entry of errorHistory is 1.000022 for index 482236, 483/1000.
Terminated at swamp 0.5.
The last entry of errorHistory is 0.500068 for index 482237, 483/1000.
The last entry of errorHistory is 1.000000 for index 482238, 483/1000.
Terminated at swamp 0.5.
The last entry of errorHistory is 0.500070 for index 482239, 483/1000.
The last entry of errorHistory is 0.000026 for index 482240, 483/1000.
Terminated at swamp 0.5.
The last entry of errorHistory is 0.500195 for index 482241, 483/1000.
The last entry of errorHistory is 0.001712 for index 482242, 483/1000.
Terminated at swamp 1.
The last entry of errorHistory is 1.000038 for index 482243, 483/1000.
The last entry of errorHistory is 1.000000 for index 482244, 483/1000.
The last entry of errorHistory is 0.000011 for index 482245, 483/1000.
The last entry of errorHistory is 1.000000 for index 482246, 483/1000.
Terminated at swamp 1.
The last entry of errorHistory is 1.000034 for index 482247, 483/1000.
Terminated at swamp 0.5.
The last entry of errorHistory is 0.500314 for index 482248, 483/1000.
Terminated at swamp 0.5.
The last entry of errorHistory is 0.500607 for index 482249, 483/1000.
Terminated at swamp 1.
The last entry of errorHistory is 1.000283 for index 482250, 483/1000.
Terminated at swamp 1.
The last entry of errorHistory is 1.000009 for index 482251, 483/1000.
Terminated at swamp 0.5.
The last entry of errorHistory is 0.500009 for index 482252, 483/1000.
Terminated at swamp 0.5.
The last entry of errorHistory is 0.500449 for index 482253, 483/1000.
Terminated at swamp 1.
The last entry of errorHistory is 1.000220 for index 482254, 483/1000.
Terminated at swamp 1.
The last entry of errorHistory is 1.000017 for index 482255, 483/1000.
Terminated at swamp 0.5.
The last entry of errorHistory is 0.500316 for index 482256, 483/1000.
Terminated at swamp 1.
The last entry of errorHistory is 0.999774 for index 482257, 483/1000.
Terminated at swamp 0.5.
The last entry of errorHistory is 0.500431 for index 482258, 483/1000.
The last entry of errorHistory is 1.500000 for index 482259, 483/1000.
The last entry of errorHistory is 1.000000 for index 482260, 483/1000.
Terminated at swamp 0.5.
The last entry of errorHistory is 0.500572 for index 482261, 483/1000.
The last entry of errorHistory is 1.000000 for index 482262, 483/1000.
The last entry of errorHistory is 0.000034 for index 482263, 483/1000.
Terminated at swamp 0.5.
The last entry of errorHistory is 0.500512 for index 482264, 483/1000.
Terminated at swamp 1.
The last entry of errorHistory is 1.000113 for index 482265, 483/1000.
Terminated at swamp 0.5.
The last entry of errorHistory is 0.500000 for index 482266, 483/1000.
Terminated at swamp 1.
The last entry of errorHistory is 1.000139 for index 482267, 483/1000.
The last entry of errorHistory is 1.500000 for index 482268, 483/1000.
Terminated at swamp 1.
The last entry of errorHistory is 1.000000 for index 482269, 483/1000.
Terminated at swamp 1.
The last entry of errorHistory is 1.000132 for index 482270, 483/1000.
Terminated at swamp 0.5.
The last entry of errorHistory is 0.500185 for index 482271, 483/1000.
The last entry of errorHistory is 0.500000 for index 482272, 483/1000.
Terminated at swamp 0.5.
The last entry of errorHistory is 0.500485 for index 482273, 483/1000.
Terminated at swamp 0.5.
The last entry of errorHistory is 0.500043 for index 482274, 483/1000.
The last entry of errorHistory is 1.000000 for index 482275, 483/1000.
The last entry of errorHistory is 0.500000 for index 482276, 483/1000.
Terminated at swamp 0.5.
The last entry of errorHistory is 0.500114 for index 482277, 483/1000.
Terminated at swamp 0.5.
The last entry of errorHistory is 0.500136 for index 482278, 483/1000.
Terminated at swamp 1.
The last entry of errorHistory is 1.000117 for index 482279, 483/1000.
The last entry of errorHistory is 0.000026 for index 482280, 483/1000.
Terminated at swamp 0.5.
The last entry of errorHistory is 0.500401 for index 482281, 483/1000.
The last entry of errorHistory is 1.000000 for index 482282, 483/1000.
Terminated at swamp 0.5.
The last entry of errorHistory is 0.500629 for index 482283, 483/1000.
The last entry of errorHistory is 1.000000 for index 482284, 483/1000.
Terminated at swamp 1.
The last entry of errorHistory is 1.000135 for index 482285, 483/1000.
The last entry of errorHistory is 1.000000 for index 482286, 483/1000.
The last entry of errorHistory is 1.000000 for index 482287, 483/1000.
The last entry of errorHistory is 1.000000 for index 482288, 483/1000.
Terminated at swamp 0.5.
The last entry of errorHistory is 0.500407 for index 482289, 483/1000.
The last entry of errorHistory is 1.000000 for index 482290, 483/1000.
The last entry of errorHistory is 0.000019 for index 482291, 483/1000.
Terminated at swamp 0.5.
The last entry of errorHistory is 0.500046 for index 482292, 483/1000.
The last entry of errorHistory is 1.000000 for index 482293, 483/1000.
Terminated at swamp 0.5.
The last entry of errorHistory is 0.500200 for index 482294, 483/1000.
Terminated at swamp 0.5.
The last entry of errorHistory is 0.499557 for index 482295, 483/1000.
Terminated at swamp 0.5.
The last entry of errorHistory is 0.500465 for index 482296, 483/1000.
Terminated at swamp 1.
The last entry of errorHistory is 1.000068 for index 482297, 483/1000.
Terminated at swamp 0.5.
The last entry of errorHistory is 0.500023 for index 482298, 483/1000.
The last entry of errorHistory is 1.000000 for index 482299, 483/1000.
Terminated at swamp 0.5.
The last entry of errorHistory is 0.500534 for index 482300, 483/1000.
Terminated at swamp 0.5.
The last entry of errorHistory is 0.500630 for index 482301, 483/1000.
The last entry of errorHistory is 0.500000 for index 482302, 483/1000.
Terminated at swamp 0.5.
The last entry of errorHistory is 0.500023 for index 482303, 483/1000.
The last entry of errorHistory is 0.000010 for index 482304, 483/1000.
Terminated at swamp 0.5.
The last entry of errorHistory is 0.500001 for index 482305, 483/1000.
Terminated at swamp 0.5.
The last entry of errorHistory is 0.500525 for index 482306, 483/1000.
Terminated at swamp 1.
The last entry of errorHistory is 1.000241 for index 482307, 483/1000.
The last entry of errorHistory is 0.000010 for index 482308, 483/1000.
Terminated at swamp 1.
The last entry of errorHistory is 1.000081 for index 482309, 483/1000.
Terminated at swamp 0.5.
The last entry of errorHistory is 0.500432 for index 482310, 483/1000.
Terminated at swamp 0.5.
The last entry of errorHistory is 0.500490 for index 482311, 483/1000.
Terminated at swamp 0.5.
The last entry of errorHistory is 0.500497 for index 482312, 483/1000.
Terminated at swamp 0.5.
The last entry of errorHistory is 0.500442 for index 482313, 483/1000.
Terminated at swamp 1.
The last entry of errorHistory is 1.000000 for index 482314, 483/1000.
Terminated at swamp 0.5.
The last entry of errorHistory is 0.500420 for index 482315, 483/1000.
The last entry of errorHistory is 1.000000 for index 482316, 483/1000.
Terminated at swamp 1.
The last entry of errorHistory is 1.000002 for index 482317, 483/1000.
Terminated at swamp 0.5.
The last entry of errorHistory is 0.500060 for index 482318, 483/1000.
The last entry of errorHistory is 1.000000 for index 482319, 483/1000.
Terminated at swamp 0.5.
The last entry of errorHistory is 0.500000 for index 482320, 483/1000.
Terminated at swamp 0.5.
The last entry of errorHistory is 0.500519 for index 482321, 483/1000.
Terminated at swamp 0.5.
The last entry of errorHistory is 0.500054 for index 482322, 483/1000.
Terminated at swamp 1.
The last entry of errorHistory is 1.000021 for index 482323, 483/1000.
Terminated at swamp 1.
The last entry of errorHistory is 1.000311 for index 482324, 483/1000.
Terminated at swamp 0.5.
The last entry of errorHistory is 0.500381 for index 482325, 483/1000.
Terminated at swamp 0.5.
The last entry of errorHistory is 0.500498 for index 482326, 483/1000.
Terminated at swamp 1.
The last entry of errorHistory is 1.000006 for index 482327, 483/1000.
Terminated at swamp 0.5.
The last entry of errorHistory is 0.500004 for index 482328, 483/1000.
Terminated at swamp 1.5.
The last entry of errorHistory is 1.499999 for index 482329, 483/1000.
Terminated at swamp 1.
The last entry of errorHistory is 1.000348 for index 482330, 483/1000.
Terminated at swamp 0.5.
The last entry of errorHistory is 0.500000 for index 482331, 483/1000.
Terminated at swamp 0.5.
The last entry of errorHistory is 0.500017 for index 482332, 483/1000.
Terminated at swamp 0.5.
The last entry of errorHistory is 0.500180 for index 482333, 483/1000.
Terminated at swamp 0.5.
The last entry of errorHistory is 0.500551 for index 482334, 483/1000.
The last entry of errorHistory is 0.000019 for index 482335, 483/1000.
Terminated at swamp 1.
The last entry of errorHistory is 1.000004 for index 482336, 483/1000.
Terminated at swamp 1.
The last entry of errorHistory is 1.000011 for index 482337, 483/1000.
The last entry of errorHistory is 1.000000 for index 482338, 483/1000.
The last entry of errorHistory is 0.000033 for index 482339, 483/1000.
Terminated at swamp 0.5.
The last entry of errorHistory is 0.500499 for index 482340, 483/1000.
Terminated at swamp 0.5.
The last entry of errorHistory is 0.500923 for index 482341, 483/1000.
The last entry of errorHistory is 1.000000 for index 482342, 483/1000.
Terminated at swamp 1.
The last entry of errorHistory is 1.000103 for index 482343, 483/1000.
Terminated at swamp 0.5.
The last entry of errorHistory is 0.500223 for index 482344, 483/1000.
Terminated at swamp 0.5.
The last entry of errorHistory is 0.500626 for index 482345, 483/1000.
Terminated at swamp 0.5.
The last entry of errorHistory is 0.500511 for index 482346, 483/1000.
Terminated at swamp 0.5.
The last entry of errorHistory is 0.500415 for index 482347, 483/1000.
Terminated at swamp 0.5.
The last entry of errorHistory is 0.500457 for index 482348, 483/1000.
Terminated at swamp 0.5.
The last entry of errorHistory is 0.500494 for index 482349, 483/1000.
The last entry of errorHistory is 1.000000 for index 482350, 483/1000.
Terminated at swamp 0.5.
The last entry of errorHistory is 0.500422 for index 482351, 483/1000.
The last entry of errorHistory is 0.000528 for index 482352, 483/1000.
Terminated at swamp 1.
The last entry of errorHistory is 1.000448 for index 482353, 483/1000.
The last entry of errorHistory is 1.000000 for index 482354, 483/1000.
Terminated at swamp 0.5.
The last entry of errorHistory is 0.500615 for index 482355, 483/1000.
The last entry of errorHistory is 0.000028 for index 482356, 483/1000.
Terminated at swamp 0.5.
The last entry of errorHistory is 0.500437 for index 482357, 483/1000.
Terminated at swamp 0.5.
The last entry of errorHistory is 0.500580 for index 482358, 483/1000.
The last entry of errorHistory is 1.000000 for index 482359, 483/1000.
Terminated at swamp 0.5.
The last entry of errorHistory is 0.500320 for index 482360, 483/1000.
The last entry of errorHistory is 1.500000 for index 482361, 483/1000.
The last entry of errorHistory is 0.000731 for index 482362, 483/1000.
Terminated at swamp 0.5.
The last entry of errorHistory is 0.500930 for index 482363, 483/1000.
Terminated at swamp 1.
The last entry of errorHistory is 1.000191 for index 482364, 483/1000.
Terminated at swamp 0.5.
The last entry of errorHistory is 0.500149 for index 482365, 483/1000.
The last entry of errorHistory is 0.500000 for index 482366, 483/1000.
Terminated at swamp 0.5.
The last entry of errorHistory is 0.500668 for index 482367, 483/1000.
The last entry of errorHistory is 0.000030 for index 482368, 483/1000.
Terminated at swamp 0.5.
The last entry of errorHistory is 0.500097 for index 482369, 483/1000.
Terminated at swamp 1.
The last entry of errorHistory is 1.000005 for index 482370, 483/1000.
The last entry of errorHistory is 1.000000 for index 482371, 483/1000.
The last entry of errorHistory is 0.000010 for index 482372, 483/1000.
Terminated at swamp 1.
The last entry of errorHistory is 1.000494 for index 482373, 483/1000.
The last entry of errorHistory is 0.000014 for index 482374, 483/1000.
The last entry of errorHistory is 1.000000 for index 482375, 483/1000.
Terminated at swamp 0.5.
The last entry of errorHistory is 0.500496 for index 482376, 483/1000.
The last entry of errorHistory is 1.500000 for index 482377, 483/1000.
Terminated at swamp 0.5.
The last entry of errorHistory is 0.500066 for index 482378, 483/1000.
The last entry of errorHistory is 0.000014 for index 482379, 483/1000.
Terminated at swamp 0.5.
The last entry of errorHistory is 0.500356 for index 482380, 483/1000.
The last entry of errorHistory is 0.000043 for index 482381, 483/1000.
Terminated at swamp 0.5.
The last entry of errorHistory is 0.500003 for index 482382, 483/1000.
Terminated at swamp 0.5.
The last entry of errorHistory is 0.500267 for index 482383, 483/1000.
Terminated at swamp 0.5.
The last entry of errorHistory is 0.500518 for index 482384, 483/1000.
Terminated at swamp 0.5.
The last entry of errorHistory is 0.500375 for index 482385, 483/1000.
Terminated at swamp 0.5.
The last entry of errorHistory is 0.500443 for index 482386, 483/1000.
Terminated at swamp 0.5.
The last entry of errorHistory is 0.500685 for index 482387, 483/1000.
Terminated at swamp 0.5.
The last entry of errorHistory is 0.500114 for index 482388, 483/1000.
The last entry of errorHistory is 1.500000 for index 482389, 483/1000.
The last entry of errorHistory is 0.500000 for index 482390, 483/1000.
The last entry of errorHistory is 0.000021 for index 482391, 483/1000.
Terminated at swamp 1.
The last entry of errorHistory is 1.000000 for index 482392, 483/1000.
Terminated at swamp 0.5.
The last entry of errorHistory is 0.500708 for index 482393, 483/1000.
Terminated at swamp 0.5.
The last entry of errorHistory is 0.500007 for index 482394, 483/1000.
The last entry of errorHistory is 1.000000 for index 482395, 483/1000.
Terminated at swamp 0.5.
The last entry of errorHistory is 0.500458 for index 482396, 483/1000.
The last entry of errorHistory is 1.000000 for index 482397, 483/1000.
Terminated at swamp 1.
The last entry of errorHistory is 1.000190 for index 482398, 483/1000.
Terminated at swamp 0.5.
The last entry of errorHistory is 0.500141 for index 482399, 483/1000.
Terminated at swamp 0.5.
The last entry of errorHistory is 0.500633 for index 482400, 483/1000.
Terminated at swamp 1.
The last entry of errorHistory is 1.000063 for index 482401, 483/1000.
Terminated at swamp 0.5.
The last entry of errorHistory is 0.500163 for index 482402, 483/1000.
Terminated at swamp 0.5.
The last entry of errorHistory is 0.500502 for index 482403, 483/1000.
Terminated at swamp 1.
The last entry of errorHistory is 1.000387 for index 482404, 483/1000.
Terminated at swamp 0.5.
The last entry of errorHistory is 0.500784 for index 482405, 483/1000.
The last entry of errorHistory is 0.000707 for index 482406, 483/1000.
Terminated at swamp 0.5.
The last entry of errorHistory is 0.500093 for index 482407, 483/1000.
The last entry of errorHistory is 1.000000 for index 482408, 483/1000.
Terminated at swamp 0.5.
The last entry of errorHistory is 0.500619 for index 482409, 483/1000.
The last entry of errorHistory is 0.500000 for index 482410, 483/1000.
The last entry of errorHistory is 1.500000 for index 482411, 483/1000.
Terminated at swamp 0.5.
The last entry of errorHistory is 0.500504 for index 482412, 483/1000.
Terminated at swamp 0.5.
The last entry of errorHistory is 0.500101 for index 482413, 483/1000.
The last entry of errorHistory is 1.000000 for index 482414, 483/1000.
Terminated at swamp 0.5.
The last entry of errorHistory is 0.500301 for index 482415, 483/1000.
Terminated at swamp 1.
The last entry of errorHistory is 1.000374 for index 482416, 483/1000.
The last entry of errorHistory is 0.000052 for index 482417, 483/1000.
Terminated at swamp 0.5.
The last entry of errorHistory is 0.500366 for index 482418, 483/1000.
Terminated at swamp 0.5.
The last entry of errorHistory is 0.500026 for index 482419, 483/1000.
Terminated at swamp 0.5.
The last entry of errorHistory is 0.500591 for index 482420, 483/1000.
The last entry of errorHistory is 1.000000 for index 482421, 483/1000.
Terminated at swamp 0.5.
The last entry of errorHistory is 0.500817 for index 482422, 483/1000.
Terminated at swamp 1.
The last entry of errorHistory is 1.000311 for index 482423, 483/1000.
The last entry of errorHistory is 0.000033 for index 482424, 483/1000.
Terminated at swamp 0.5.
The last entry of errorHistory is 0.500123 for index 482425, 483/1000.
The last entry of errorHistory is 1.500000 for index 482426, 483/1000.
Terminated at swamp 0.5.
The last entry of errorHistory is 0.500464 for index 482427, 483/1000.
Terminated at swamp 0.5.
The last entry of errorHistory is 0.500707 for index 482428, 483/1000.
Terminated at swamp 0.5.
The last entry of errorHistory is 0.500774 for index 482429, 483/1000.
Terminated at swamp 1.
The last entry of errorHistory is 1.000076 for index 482430, 483/1000.
The last entry of errorHistory is 1.000000 for index 482431, 483/1000.
Terminated at swamp 0.5.
The last entry of errorHistory is 0.500565 for index 482432, 483/1000.
Terminated at swamp 0.5.
The last entry of errorHistory is 0.500639 for index 482433, 483/1000.
Terminated at swamp 1.
The last entry of errorHistory is 1.000000 for index 482434, 483/1000.
Terminated at swamp 0.5.
The last entry of errorHistory is 0.500883 for index 482435, 483/1000.
Terminated at swamp 0.5.
The last entry of errorHistory is 0.500314 for index 482436, 483/1000.
Terminated at swamp 0.5.
The last entry of errorHistory is 0.500553 for index 482437, 483/1000.
Terminated at swamp 0.5.
The last entry of errorHistory is 0.500515 for index 482438, 483/1000.
Terminated at swamp 0.5.
The last entry of errorHistory is 0.500374 for index 482439, 483/1000.
Terminated at swamp 1.
The last entry of errorHistory is 1.000058 for index 482440, 483/1000.
Terminated at swamp 0.5.
The last entry of errorHistory is 0.500586 for index 482441, 483/1000.
Terminated at swamp 0.5.
The last entry of errorHistory is 0.500410 for index 482442, 483/1000.
Terminated at swamp 0.5.
The last entry of errorHistory is 0.500472 for index 482443, 483/1000.
Terminated at swamp 1.
The last entry of errorHistory is 1.000000 for index 482444, 483/1000.
Terminated at swamp 1.
The last entry of errorHistory is 1.000116 for index 482445, 483/1000.
Terminated at swamp 0.5.
The last entry of errorHistory is 0.500250 for index 482446, 483/1000.
The last entry of errorHistory is 0.000045 for index 482447, 483/1000.
The last entry of errorHistory is 1.000000 for index 482448, 483/1000.
The last entry of errorHistory is 1.000000 for index 482449, 483/1000.
The last entry of errorHistory is 0.000042 for index 482450, 483/1000.
The last entry of errorHistory is 0.000042 for index 482451, 483/1000.
Terminated at swamp 1.
The last entry of errorHistory is 1.000459 for index 482452, 483/1000.
The last entry of errorHistory is 0.000011 for index 482453, 483/1000.
Terminated at swamp 1.
The last entry of errorHistory is 1.000137 for index 482454, 483/1000.
Terminated at swamp 0.5.
The last entry of errorHistory is 0.500196 for index 482455, 483/1000.
The last entry of errorHistory is 0.000043 for index 482456, 483/1000.
Terminated at swamp 1.
The last entry of errorHistory is 1.000060 for index 482457, 483/1000.
Terminated at swamp 0.5.
The last entry of errorHistory is 0.500247 for index 482458, 483/1000.
The last entry of errorHistory is 0.500000 for index 482459, 483/1000.
Terminated at swamp 0.5.
The last entry of errorHistory is 0.500075 for index 482460, 483/1000.
Terminated at swamp 0.5.
The last entry of errorHistory is 0.500265 for index 482461, 483/1000.
Terminated at swamp 0.5.
The last entry of errorHistory is 0.500449 for index 482462, 483/1000.
The last entry of errorHistory is 1.000000 for index 482463, 483/1000.
The last entry of errorHistory is 0.000352 for index 482464, 483/1000.
Terminated at swamp 0.5.
The last entry of errorHistory is 0.500001 for index 482465, 483/1000.
The last entry of errorHistory is 1.000000 for index 482466, 483/1000.
The last entry of errorHistory is 1.000000 for index 482467, 483/1000.
Terminated at swamp 0.5.
The last entry of errorHistory is 0.500495 for index 482468, 483/1000.
Terminated at swamp 0.5.
The last entry of errorHistory is 0.500647 for index 482469, 483/1000.
Terminated at swamp 0.5.
The last entry of errorHistory is 0.500018 for index 482470, 483/1000.
The last entry of errorHistory is 1.000000 for index 482471, 483/1000.
Terminated at swamp 0.5.
The last entry of errorHistory is 0.500007 for index 482472, 483/1000.
Terminated at swamp 0.5.
The last entry of errorHistory is 0.500330 for index 482473, 483/1000.
The last entry of errorHistory is 1.000000 for index 482474, 483/1000.
The last entry of errorHistory is 1.000000 for index 482475, 483/1000.
The last entry of errorHistory is 1.000000 for index 482476, 483/1000.
The last entry of errorHistory is 1.000000 for index 482477, 483/1000.
The last entry of errorHistory is 0.500000 for index 482478, 483/1000.
Terminated at swamp 1.
The last entry of errorHistory is 1.000011 for index 482479, 483/1000.
Terminated at swamp 0.5.
The last entry of errorHistory is 0.500628 for index 482480, 483/1000.
Terminated at swamp 1.
The last entry of errorHistory is 1.000355 for index 482481, 483/1000.
The last entry of errorHistory is 0.000042 for index 482482, 483/1000.
Terminated at swamp 1.
The last entry of errorHistory is 1.000010 for index 482483, 483/1000.
Terminated at swamp 0.5.
The last entry of errorHistory is 0.500559 for index 482484, 483/1000.
The last entry of errorHistory is 0.000014 for index 482485, 483/1000.
The last entry of errorHistory is 1.000000 for index 482486, 483/1000.
The last entry of errorHistory is 1.000000 for index 482487, 483/1000.
Terminated at swamp 1.
The last entry of errorHistory is 1.000015 for index 482488, 483/1000.
Terminated at swamp 0.5.
The last entry of errorHistory is 0.500437 for index 482489, 483/1000.
The last entry of errorHistory is 1.000000 for index 482490, 483/1000.
Terminated at swamp 0.5.
The last entry of errorHistory is 0.500375 for index 482491, 483/1000.
The last entry of errorHistory is 0.500000 for index 482492, 483/1000.
The last entry of errorHistory is 0.000145 for index 482493, 483/1000.
Terminated at swamp 0.5.
The last entry of errorHistory is 0.500572 for index 482494, 483/1000.
The last entry of errorHistory is 1.000000 for index 482495, 483/1000.
The last entry of errorHistory is 1.000000 for index 482496, 483/1000.
Terminated at swamp 0.5.
The last entry of errorHistory is 0.500469 for index 482497, 483/1000.
Terminated at swamp 0.5.
The last entry of errorHistory is 0.500547 for index 482498, 483/1000.
The last entry of errorHistory is 1.000000 for index 482499, 483/1000.
Terminated at swamp 0.5.
The last entry of errorHistory is 0.500416 for index 482500, 483/1000.
The last entry of errorHistory is 1.000000 for index 482501, 483/1000.
The last entry of errorHistory is 0.000472 for index 482502, 483/1000.
Terminated at swamp 0.5.
The last entry of errorHistory is 0.500505 for index 482503, 483/1000.
Terminated at swamp 0.5.
The last entry of errorHistory is 0.500558 for index 482504, 483/1000.
Terminated at swamp 0.5.
The last entry of errorHistory is 0.500456 for index 482505, 483/1000.
Terminated at swamp 0.5.
The last entry of errorHistory is 0.500381 for index 482506, 483/1000.
The last entry of errorHistory is 1.000000 for index 482507, 483/1000.
Terminated at swamp 0.5.
The last entry of errorHistory is 0.500557 for index 482508, 483/1000.
Terminated at swamp 0.5.
The last entry of errorHistory is 0.500728 for index 482509, 483/1000.
Terminated at swamp 0.5.
The last entry of errorHistory is 0.500384 for index 482510, 483/1000.
The last entry of errorHistory is 1.500000 for index 482511, 483/1000.
The last entry of errorHistory is 1.500000 for index 482512, 483/1000.
Terminated at swamp 0.5.
The last entry of errorHistory is 0.500616 for index 482513, 483/1000.
The last entry of errorHistory is 1.000000 for index 482514, 483/1000.
Terminated at swamp 0.5.
The last entry of errorHistory is 0.500148 for index 482515, 483/1000.
Terminated at swamp 0.5.
The last entry of errorHistory is 0.500309 for index 482516, 483/1000.
Terminated at swamp 0.5.
The last entry of errorHistory is 0.500000 for index 482517, 483/1000.
Terminated at swamp 0.5.
The last entry of errorHistory is 0.500208 for index 482518, 483/1000.
The last entry of errorHistory is 0.000996 for index 482519, 483/1000.
Terminated at swamp 0.5.
The last entry of errorHistory is 0.500179 for index 482520, 483/1000.
The last entry of errorHistory is 0.000427 for index 482521, 483/1000.
The last entry of errorHistory is 0.000207 for index 482522, 483/1000.
Terminated at swamp 0.5.
The last entry of errorHistory is 0.500331 for index 482523, 483/1000.
Terminated at swamp 0.5.
The last entry of errorHistory is 0.500245 for index 482524, 483/1000.
Terminated at swamp 0.5.
The last entry of errorHistory is 0.500717 for index 482525, 483/1000.
Terminated at swamp 0.5.
The last entry of errorHistory is 0.500495 for index 482526, 483/1000.
Terminated at swamp 0.5.
The last entry of errorHistory is 0.500582 for index 482527, 483/1000.
Terminated at swamp 0.5.
The last entry of errorHistory is 0.500634 for index 482528, 483/1000.
Terminated at swamp 0.5.
The last entry of errorHistory is 0.500004 for index 482529, 483/1000.
Terminated at swamp 0.5.
The last entry of errorHistory is 0.500362 for index 482530, 483/1000.
Terminated at swamp 0.5.
The last entry of errorHistory is 0.500340 for index 482531, 483/1000.
Terminated at swamp 0.5.
The last entry of errorHistory is 0.500516 for index 482532, 483/1000.
The last entry of errorHistory is 1.000000 for index 482533, 483/1000.
Terminated at swamp 0.5.
The last entry of errorHistory is 0.500648 for index 482534, 483/1000.
Terminated at swamp 0.5.
The last entry of errorHistory is 0.500811 for index 482535, 483/1000.
The last entry of errorHistory is 0.000735 for index 482536, 483/1000.
The last entry of errorHistory is 0.000028 for index 482537, 483/1000.
The last entry of errorHistory is 0.000015 for index 482538, 483/1000.
Terminated at swamp 0.5.
The last entry of errorHistory is 0.500540 for index 482539, 483/1000.
Terminated at swamp 0.5.
The last entry of errorHistory is 0.500356 for index 482540, 483/1000.
The last entry of errorHistory is 1.000000 for index 482541, 483/1000.
The last entry of errorHistory is 1.000000 for index 482542, 483/1000.
The last entry of errorHistory is 1.000000 for index 482543, 483/1000.
Terminated at swamp 0.5.
The last entry of errorHistory is 0.500629 for index 482544, 483/1000.
Terminated at swamp 1.
The last entry of errorHistory is 1.000000 for index 482545, 483/1000.
Terminated at swamp 1.
The last entry of errorHistory is 1.000178 for index 482546, 483/1000.
The last entry of errorHistory is 1.000000 for index 482547, 483/1000.
Terminated at swamp 1.
The last entry of errorHistory is 1.000112 for index 482548, 483/1000.
The last entry of errorHistory is 1.000000 for index 482549, 483/1000.
Terminated at swamp 0.5.
The last entry of errorHistory is 0.500618 for index 482550, 483/1000.
Terminated at swamp 0.5.
The last entry of errorHistory is 0.500256 for index 482551, 483/1000.
Terminated at swamp 1.
The last entry of errorHistory is 1.000303 for index 482552, 483/1000.
The last entry of errorHistory is 1.000000 for index 482553, 483/1000.
Terminated at swamp 1.
The last entry of errorHistory is 1.000012 for index 482554, 483/1000.
The last entry of errorHistory is 1.000000 for index 482555, 483/1000.
Terminated at swamp 0.5.
The last entry of errorHistory is 0.500574 for index 482556, 483/1000.
Terminated at swamp 1.
The last entry of errorHistory is 1.000312 for index 482557, 483/1000.
Terminated at swamp 0.5.
The last entry of errorHistory is 0.500382 for index 482558, 483/1000.
Terminated at swamp 1.
The last entry of errorHistory is 1.000004 for index 482559, 483/1000.
Terminated at swamp 0.5.
The last entry of errorHistory is 0.500372 for index 482560, 483/1000.
Terminated at swamp 0.5.
The last entry of errorHistory is 0.500211 for index 482561, 483/1000.
The last entry of errorHistory is 1.000000 for index 482562, 483/1000.
Terminated at swamp 0.5.
The last entry of errorHistory is 0.500538 for index 482563, 483/1000.
Terminated at swamp 0.5.
The last entry of errorHistory is 0.500150 for index 482564, 483/1000.
The last entry of errorHistory is 0.500000 for index 482565, 483/1000.
Terminated at swamp 0.5.
The last entry of errorHistory is 0.500327 for index 482566, 483/1000.
Terminated at swamp 1.
The last entry of errorHistory is 1.000000 for index 482567, 483/1000.
Terminated at swamp 1.
The last entry of errorHistory is 1.000000 for index 482568, 483/1000.
Terminated at swamp 0.5.
The last entry of errorHistory is 0.500322 for index 482569, 483/1000.
Terminated at swamp 0.5.
The last entry of errorHistory is 0.500035 for index 482570, 483/1000.
The last entry of errorHistory is 0.000043 for index 482571, 483/1000.
Terminated at swamp 1.
The last entry of errorHistory is 1.000065 for index 482572, 483/1000.
The last entry of errorHistory is 0.000522 for index 482573, 483/1000.
The last entry of errorHistory is 0.000021 for index 482574, 483/1000.
Terminated at swamp 0.5.
The last entry of errorHistory is 0.500469 for index 482575, 483/1000.
The last entry of errorHistory is 0.000020 for index 482576, 483/1000.
Terminated at swamp 0.5.
The last entry of errorHistory is 0.500513 for index 482577, 483/1000.
Terminated at swamp 0.5.
The last entry of errorHistory is 0.500419 for index 482578, 483/1000.
Terminated at swamp 0.5.
The last entry of errorHistory is 0.500571 for index 482579, 483/1000.
Terminated at swamp 0.5.
The last entry of errorHistory is 0.500513 for index 482580, 483/1000.
Terminated at swamp 0.5.
The last entry of errorHistory is 0.500586 for index 482581, 483/1000.
Terminated at swamp 0.5.
The last entry of errorHistory is 0.500599 for index 482582, 483/1000.
Terminated at swamp 0.5.
The last entry of errorHistory is 0.500467 for index 482583, 483/1000.
Terminated at swamp 1.
The last entry of errorHistory is 1.000407 for index 482584, 483/1000.
Terminated at swamp 0.5.
The last entry of errorHistory is 0.500573 for index 482585, 483/1000.
The last entry of errorHistory is 1.000000 for index 482586, 483/1000.
The last entry of errorHistory is 1.500000 for index 482587, 483/1000.
The last entry of errorHistory is 0.000042 for index 482588, 483/1000.
Terminated at swamp 0.5.
The last entry of errorHistory is 0.500186 for index 482589, 483/1000.
Terminated at swamp 0.5.
The last entry of errorHistory is 0.500452 for index 482590, 483/1000.
Terminated at swamp 0.5.
The last entry of errorHistory is 0.500000 for index 482591, 483/1000.
Terminated at swamp 0.5.
The last entry of errorHistory is 0.500314 for index 482592, 483/1000.
The last entry of errorHistory is 1.000000 for index 482593, 483/1000.
Terminated at swamp 0.5.
The last entry of errorHistory is 0.500209 for index 482594, 483/1000.
Terminated at swamp 0.5.
The last entry of errorHistory is 0.500639 for index 482595, 483/1000.
The last entry of errorHistory is 0.000409 for index 482596, 483/1000.
Terminated at swamp 1.
The last entry of errorHistory is 1.000001 for index 482597, 483/1000.
Terminated at swamp 1.
The last entry of errorHistory is 1.000364 for index 482598, 483/1000.
The last entry of errorHistory is 1.000000 for index 482599, 483/1000.
Terminated at swamp 0.5.
The last entry of errorHistory is 0.500021 for index 482600, 483/1000.
Terminated at swamp 0.5.
The last entry of errorHistory is 0.500398 for index 482601, 483/1000.
Terminated at swamp 0.5.
The last entry of errorHistory is 0.500403 for index 482602, 483/1000.
The last entry of errorHistory is 1.000000 for index 482603, 483/1000.
Terminated at swamp 1.5.
The last entry of errorHistory is 1.500000 for index 482604, 483/1000.
Terminated at swamp 0.5.
The last entry of errorHistory is 0.500569 for index 482605, 483/1000.
Terminated at swamp 0.5.
The last entry of errorHistory is 0.500281 for index 482606, 483/1000.
Terminated at swamp 0.5.
The last entry of errorHistory is 0.500377 for index 482607, 483/1000.
The last entry of errorHistory is 0.000020 for index 482608, 483/1000.
Terminated at swamp 1.
The last entry of errorHistory is 1.000126 for index 482609, 483/1000.
Terminated at swamp 0.5.
The last entry of errorHistory is 0.500186 for index 482610, 483/1000.
The last entry of errorHistory is 1.000000 for index 482611, 483/1000.
Terminated at swamp 0.5.
The last entry of errorHistory is 0.500162 for index 482612, 483/1000.
Terminated at swamp 0.5.
The last entry of errorHistory is 0.500160 for index 482613, 483/1000.
Terminated at swamp 0.5.
The last entry of errorHistory is 0.500404 for index 482614, 483/1000.
Terminated at swamp 1.
The last entry of errorHistory is 1.000135 for index 482615, 483/1000.
Terminated at swamp 0.5.
The last entry of errorHistory is 0.500268 for index 482616, 483/1000.
The last entry of errorHistory is 1.000000 for index 482617, 483/1000.
Terminated at swamp 0.5.
The last entry of errorHistory is 0.500001 for index 482618, 483/1000.
Terminated at swamp 0.5.
The last entry of errorHistory is 0.500496 for index 482619, 483/1000.
The last entry of errorHistory is 1.000000 for index 482620, 483/1000.
The last entry of errorHistory is 0.500000 for index 482621, 483/1000.
Terminated at swamp 0.5.
The last entry of errorHistory is 0.500271 for index 482622, 483/1000.
The last entry of errorHistory is 0.000317 for index 482623, 483/1000.
Terminated at swamp 0.5.
The last entry of errorHistory is 0.500625 for index 482624, 483/1000.
Terminated at swamp 1.
The last entry of errorHistory is 1.000338 for index 482625, 483/1000.
Terminated at swamp 0.5.
The last entry of errorHistory is 0.500569 for index 482626, 483/1000.
Terminated at swamp 0.5.
The last entry of errorHistory is 0.500792 for index 482627, 483/1000.
The last entry of errorHistory is 1.000000 for index 482628, 483/1000.
Terminated at swamp 0.5.
The last entry of errorHistory is 0.500382 for index 482629, 483/1000.
Terminated at swamp 0.5.
The last entry of errorHistory is 0.500665 for index 482630, 483/1000.
Terminated at swamp 1.
The last entry of errorHistory is 1.000002 for index 482631, 483/1000.
The last entry of errorHistory is 0.500000 for index 482632, 483/1000.
The last entry of errorHistory is 1.000000 for index 482633, 483/1000.
The last entry of errorHistory is 0.000665 for index 482634, 483/1000.
The last entry of errorHistory is 0.500000 for index 482635, 483/1000.
Terminated at swamp 0.5.
The last entry of errorHistory is 0.500382 for index 482636, 483/1000.
Terminated at swamp 0.5.
The last entry of errorHistory is 0.500062 for index 482637, 483/1000.
Terminated at swamp 0.5.
The last entry of errorHistory is 0.500388 for index 482638, 483/1000.
The last entry of errorHistory is 1.500000 for index 482639, 483/1000.
Terminated at swamp 0.5.
The last entry of errorHistory is 0.500668 for index 482640, 483/1000.
The last entry of errorHistory is 0.000017 for index 482641, 483/1000.
The last entry of errorHistory is 1.000000 for index 482642, 483/1000.
Terminated at swamp 1.
The last entry of errorHistory is 1.000272 for index 482643, 483/1000.
Terminated at swamp 0.5.
The last entry of errorHistory is 0.500755 for index 482644, 483/1000.
The last entry of errorHistory is 0.500000 for index 482645, 483/1000.
Terminated at swamp 0.5.
The last entry of errorHistory is 0.500455 for index 482646, 483/1000.
The last entry of errorHistory is 1.000000 for index 482647, 483/1000.
Terminated at swamp 0.5.
The last entry of errorHistory is 0.500094 for index 482648, 483/1000.
Terminated at swamp 0.5.
The last entry of errorHistory is 0.500534 for index 482649, 483/1000.
The last entry of errorHistory is 0.000302 for index 482650, 483/1000.
Terminated at swamp 0.5.
The last entry of errorHistory is 0.500405 for index 482651, 483/1000.
The last entry of errorHistory is 1.000000 for index 482652, 483/1000.
Terminated at swamp 0.5.
The last entry of errorHistory is 0.500457 for index 482653, 483/1000.
Terminated at swamp 1.
The last entry of errorHistory is 1.000012 for index 482654, 483/1000.
Terminated at swamp 0.5.
The last entry of errorHistory is 0.500416 for index 482655, 483/1000.
The last entry of errorHistory is 0.000038 for index 482656, 483/1000.
Terminated at swamp 0.5.
The last entry of errorHistory is 0.500435 for index 482657, 483/1000.
The last entry of errorHistory is 0.500000 for index 482658, 483/1000.
The last entry of errorHistory is 1.000000 for index 482659, 483/1000.
Terminated at swamp 0.5.
The last entry of errorHistory is 0.500562 for index 482660, 483/1000.
Terminated at swamp 0.5.
The last entry of errorHistory is 0.500215 for index 482661, 483/1000.
Terminated at swamp 0.5.
The last entry of errorHistory is 0.500301 for index 482662, 483/1000.
Terminated at swamp 0.5.
The last entry of errorHistory is 0.500533 for index 482663, 483/1000.
Terminated at swamp 0.5.
The last entry of errorHistory is 0.500088 for index 482664, 483/1000.
Terminated at swamp 1.
The last entry of errorHistory is 1.000045 for index 482665, 483/1000.
The last entry of errorHistory is 0.000040 for index 482666, 483/1000.
Terminated at swamp 0.5.
The last entry of errorHistory is 0.500552 for index 482667, 483/1000.
Terminated at swamp 1.5.
The last entry of errorHistory is 1.500000 for index 482668, 483/1000.
Terminated at swamp 0.5.
The last entry of errorHistory is 0.500490 for index 482669, 483/1000.
Terminated at swamp 0.5.
The last entry of errorHistory is 0.500508 for index 482670, 483/1000.
The last entry of errorHistory is 1.000000 for index 482671, 483/1000.
Terminated at swamp 0.5.
The last entry of errorHistory is 0.500611 for index 482672, 483/1000.
The last entry of errorHistory is 1.000000 for index 482673, 483/1000.
Terminated at swamp 1.
The last entry of errorHistory is 1.000000 for index 482674, 483/1000.
The last entry of errorHistory is 0.500000 for index 482675, 483/1000.
The last entry of errorHistory is 1.000000 for index 482676, 483/1000.
The last entry of errorHistory is 1.000000 for index 482677, 483/1000.
The last entry of errorHistory is 0.000010 for index 482678, 483/1000.
The last entry of errorHistory is 1.000000 for index 482679, 483/1000.
The last entry of errorHistory is 0.500000 for index 482680, 483/1000.
Terminated at swamp 0.5.
The last entry of errorHistory is 0.500605 for index 482681, 483/1000.
The last entry of errorHistory is 1.000000 for index 482682, 483/1000.
The last entry of errorHistory is 0.500000 for index 482683, 483/1000.
Terminated at swamp 0.5.
The last entry of errorHistory is 0.500314 for index 482684, 483/1000.
Terminated at swamp 0.5.
The last entry of errorHistory is 0.500171 for index 482685, 483/1000.
Terminated at swamp 0.5.
The last entry of errorHistory is 0.500491 for index 482686, 483/1000.
Terminated at swamp 0.5.
The last entry of errorHistory is 0.500235 for index 482687, 483/1000.
Terminated at swamp 1.
The last entry of errorHistory is 1.000171 for index 482688, 483/1000.
The last entry of errorHistory is 1.000000 for index 482689, 483/1000.
The last entry of errorHistory is 1.000000 for index 482690, 483/1000.
Terminated at swamp 0.5.
The last entry of errorHistory is 0.500004 for index 482691, 483/1000.
The last entry of errorHistory is 0.000017 for index 482692, 483/1000.
Terminated at swamp 0.5.
The last entry of errorHistory is 0.500165 for index 482693, 483/1000.
Terminated at swamp 0.5.
The last entry of errorHistory is 0.500118 for index 482694, 483/1000.
Terminated at swamp 1.
The last entry of errorHistory is 1.000000 for index 482695, 483/1000.
Terminated at swamp 0.5.
The last entry of errorHistory is 0.500412 for index 482696, 483/1000.
Terminated at swamp 1.
The last entry of errorHistory is 1.000001 for index 482697, 483/1000.
Terminated at swamp 0.5.
The last entry of errorHistory is 0.500228 for index 482698, 483/1000.
Terminated at swamp 1.
The last entry of errorHistory is 1.000057 for index 482699, 483/1000.
Terminated at swamp 0.5.
The last entry of errorHistory is 0.500471 for index 482700, 483/1000.
Terminated at swamp 0.5.
The last entry of errorHistory is 0.500524 for index 482701, 483/1000.
The last entry of errorHistory is 1.000000 for index 482702, 483/1000.
Terminated at swamp 0.5.
The last entry of errorHistory is 0.500285 for index 482703, 483/1000.
The last entry of errorHistory is 1.000000 for index 482704, 483/1000.
Terminated at swamp 1.
The last entry of errorHistory is 1.000425 for index 482705, 483/1000.
Terminated at swamp 0.5.
The last entry of errorHistory is 0.500303 for index 482706, 483/1000.
Terminated at swamp 0.5.
The last entry of errorHistory is 0.500371 for index 482707, 483/1000.
The last entry of errorHistory is 1.000000 for index 482708, 483/1000.
The last entry of errorHistory is 0.500000 for index 482709, 483/1000.
The last entry of errorHistory is 0.000017 for index 482710, 483/1000.
Terminated at swamp 0.5.
The last entry of errorHistory is 0.500675 for index 482711, 483/1000.
Terminated at swamp 0.5.
The last entry of errorHistory is 0.500556 for index 482712, 483/1000.
Terminated at swamp 0.5.
The last entry of errorHistory is 0.500221 for index 482713, 483/1000.
The last entry of errorHistory is 0.000024 for index 482714, 483/1000.
Terminated at swamp 1.
The last entry of errorHistory is 1.000040 for index 482715, 483/1000.
Terminated at swamp 0.5.
The last entry of errorHistory is 0.500117 for index 482716, 483/1000.
Terminated at swamp 1.
The last entry of errorHistory is 1.000258 for index 482717, 483/1000.
The last entry of errorHistory is 0.000052 for index 482718, 483/1000.
Terminated at swamp 1.
The last entry of errorHistory is 1.000002 for index 482719, 483/1000.
Terminated at swamp 0.5.
The last entry of errorHistory is 0.500345 for index 482720, 483/1000.
The last entry of errorHistory is 1.000000 for index 482721, 483/1000.
Terminated at swamp 1.
The last entry of errorHistory is 1.000334 for index 482722, 483/1000.
Terminated at swamp 0.5.
The last entry of errorHistory is 0.500027 for index 482723, 483/1000.
Terminated at swamp 1.
The last entry of errorHistory is 1.000390 for index 482724, 483/1000.
Terminated at swamp 0.5.
The last entry of errorHistory is 0.500100 for index 482725, 483/1000.
Terminated at swamp 0.5.
The last entry of errorHistory is 0.500012 for index 482726, 483/1000.
Terminated at swamp 1.
The last entry of errorHistory is 0.999996 for index 482727, 483/1000.
Terminated at swamp 1.
The last entry of errorHistory is 1.000269 for index 482728, 483/1000.
Terminated at swamp 1.
The last entry of errorHistory is 1.000164 for index 482729, 483/1000.
The last entry of errorHistory is 0.000027 for index 482730, 483/1000.
Terminated at swamp 0.5.
The last entry of errorHistory is 0.500629 for index 482731, 483/1000.
The last entry of errorHistory is 0.500000 for index 482732, 483/1000.
The last entry of errorHistory is 1.500000 for index 482733, 483/1000.
Terminated at swamp 0.5.
The last entry of errorHistory is 0.500170 for index 482734, 483/1000.
Terminated at swamp 0.5.
The last entry of errorHistory is 0.500606 for index 482735, 483/1000.
Terminated at swamp 0.5.
The last entry of errorHistory is 0.500547 for index 482736, 483/1000.
The last entry of errorHistory is 0.500000 for index 482737, 483/1000.
Terminated at swamp 0.5.
The last entry of errorHistory is 0.500315 for index 482738, 483/1000.
Terminated at swamp 0.5.
The last entry of errorHistory is 0.500012 for index 482739, 483/1000.
The last entry of errorHistory is 1.000000 for index 482740, 483/1000.
Terminated at swamp 0.5.
The last entry of errorHistory is 0.500301 for index 482741, 483/1000.
Terminated at swamp 0.5.
The last entry of errorHistory is 0.500120 for index 482742, 483/1000.
Terminated at swamp 0.5.
The last entry of errorHistory is 0.500002 for index 482743, 483/1000.
The last entry of errorHistory is 1.000000 for index 482744, 483/1000.
The last entry of errorHistory is 1.000000 for index 482745, 483/1000.
Terminated at swamp 0.5.
The last entry of errorHistory is 0.500354 for index 482746, 483/1000.
Terminated at swamp 1.
The last entry of errorHistory is 1.000115 for index 482747, 483/1000.
The last entry of errorHistory is 1.000000 for index 482748, 483/1000.
Terminated at swamp 0.5.
The last entry of errorHistory is 0.500548 for index 482749, 483/1000.
Terminated at swamp 1.
The last entry of errorHistory is 1.000000 for index 482750, 483/1000.
The last entry of errorHistory is 0.000019 for index 482751, 483/1000.
Terminated at swamp 0.5.
The last entry of errorHistory is 0.500150 for index 482752, 483/1000.
Terminated at swamp 0.5.
The last entry of errorHistory is 0.500400 for index 482753, 483/1000.
Terminated at swamp 0.5.
The last entry of errorHistory is 0.500328 for index 482754, 483/1000.
The last entry of errorHistory is 0.000044 for index 482755, 483/1000.
Terminated at swamp 1.
The last entry of errorHistory is 0.999237 for index 482756, 483/1000.
Terminated at swamp 0.5.
The last entry of errorHistory is 0.500341 for index 482757, 483/1000.
Terminated at swamp 0.5.
The last entry of errorHistory is 0.500477 for index 482758, 483/1000.
Terminated at swamp 0.5.
The last entry of errorHistory is 0.500553 for index 482759, 483/1000.
The last entry of errorHistory is 1.000000 for index 482760, 483/1000.
The last entry of errorHistory is 0.500000 for index 482761, 483/1000.
Terminated at swamp 0.5.
The last entry of errorHistory is 0.500387 for index 482762, 483/1000.
Terminated at swamp 1.
The last entry of errorHistory is 1.000376 for index 482763, 483/1000.
The last entry of errorHistory is 1.500000 for index 482764, 483/1000.
Terminated at swamp 1.
The last entry of errorHistory is 1.000068 for index 482765, 483/1000.
Terminated at swamp 1.
The last entry of errorHistory is 1.000024 for index 482766, 483/1000.
Terminated at swamp 0.5.
The last entry of errorHistory is 0.500307 for index 482767, 483/1000.
Terminated at swamp 0.5.
The last entry of errorHistory is 0.500208 for index 482768, 483/1000.
The last entry of errorHistory is 0.000032 for index 482769, 483/1000.
Terminated at swamp 0.5.
The last entry of errorHistory is 0.500783 for index 482770, 483/1000.
Terminated at swamp 0.5.
The last entry of errorHistory is 0.500289 for index 482771, 483/1000.
The last entry of errorHistory is 0.000011 for index 482772, 483/1000.
Terminated at swamp 0.5.
The last entry of errorHistory is 0.500381 for index 482773, 483/1000.
The last entry of errorHistory is 1.000000 for index 482774, 483/1000.
Terminated at swamp 1.
The last entry of errorHistory is 1.000044 for index 482775, 483/1000.
Terminated at swamp 0.5.
The last entry of errorHistory is 0.500732 for index 482776, 483/1000.
The last entry of errorHistory is 1.000000 for index 482777, 483/1000.
Terminated at swamp 0.5.
The last entry of errorHistory is 0.500039 for index 482778, 483/1000.
Terminated at swamp 0.5.
The last entry of errorHistory is 0.500430 for index 482779, 483/1000.
Terminated at swamp 0.5.
The last entry of errorHistory is 0.500523 for index 482780, 483/1000.
The last entry of errorHistory is 0.000240 for index 482781, 483/1000.
The last entry of errorHistory is 0.000009 for index 482782, 483/1000.
Terminated at swamp 0.5.
The last entry of errorHistory is 0.500105 for index 482783, 483/1000.
Terminated at swamp 1.
The last entry of errorHistory is 1.000022 for index 482784, 483/1000.
The last entry of errorHistory is 1.000000 for index 482785, 483/1000.
Terminated at swamp 0.5.
The last entry of errorHistory is 0.500206 for index 482786, 483/1000.
Terminated at swamp 0.5.
The last entry of errorHistory is 0.500309 for index 482787, 483/1000.
The last entry of errorHistory is 1.000000 for index 482788, 483/1000.
Terminated at swamp 0.5.
The last entry of errorHistory is 0.500354 for index 482789, 483/1000.
The last entry of errorHistory is 1.000000 for index 482790, 483/1000.
The last entry of errorHistory is 0.000224 for index 482791, 483/1000.
Terminated at swamp 0.5.
The last entry of errorHistory is 0.500223 for index 482792, 483/1000.
Terminated at swamp 0.5.
The last entry of errorHistory is 0.500299 for index 482793, 483/1000.
Terminated at swamp 0.5.
The last entry of errorHistory is 0.500406 for index 482794, 483/1000.
The last entry of errorHistory is 1.000000 for index 482795, 483/1000.
Terminated at swamp 0.5.
The last entry of errorHistory is 0.500481 for index 482796, 483/1000.
The last entry of errorHistory is 1.000000 for index 482797, 483/1000.
Terminated at swamp 0.5.
The last entry of errorHistory is 0.500608 for index 482798, 483/1000.
The last entry of errorHistory is 0.000031 for index 482799, 483/1000.
Terminated at swamp 0.5.
The last entry of errorHistory is 0.500521 for index 482800, 483/1000.
Terminated at swamp 0.5.
The last entry of errorHistory is 0.500557 for index 482801, 483/1000.
Terminated at swamp 1.
The last entry of errorHistory is 1.000397 for index 482802, 483/1000.
Terminated at swamp 1.
The last entry of errorHistory is 1.000000 for index 482803, 483/1000.
Terminated at swamp 1.
The last entry of errorHistory is 1.000341 for index 482804, 483/1000.
Terminated at swamp 0.5.
The last entry of errorHistory is 0.500528 for index 482805, 483/1000.
Terminated at swamp 1.
The last entry of errorHistory is 1.000039 for index 482806, 483/1000.
The last entry of errorHistory is 0.000012 for index 482807, 483/1000.
Terminated at swamp 1.
The last entry of errorHistory is 1.000012 for index 482808, 483/1000.
The last entry of errorHistory is 1.000000 for index 482809, 483/1000.
Terminated at swamp 0.5.
The last entry of errorHistory is 0.500397 for index 482810, 483/1000.
The last entry of errorHistory is 0.000018 for index 482811, 483/1000.
The last entry of errorHistory is 1.000000 for index 482812, 483/1000.
Terminated at swamp 1.
The last entry of errorHistory is 0.999793 for index 482813, 483/1000.
Terminated at swamp 0.5.
The last entry of errorHistory is 0.500525 for index 482814, 483/1000.
Terminated at swamp 0.5.
The last entry of errorHistory is 0.500289 for index 482815, 483/1000.
Terminated at swamp 1.
The last entry of errorHistory is 1.000022 for index 482816, 483/1000.
Terminated at swamp 1.
The last entry of errorHistory is 1.000002 for index 482817, 483/1000.
The last entry of errorHistory is 0.000044 for index 482818, 483/1000.
The last entry of errorHistory is 0.000367 for index 482819, 483/1000.
The last entry of errorHistory is 0.000046 for index 482820, 483/1000.
Terminated at swamp 1.
The last entry of errorHistory is 1.000184 for index 482821, 483/1000.
The last entry of errorHistory is 0.500000 for index 482822, 483/1000.
The last entry of errorHistory is 1.000000 for index 482823, 483/1000.
The last entry of errorHistory is 1.000000 for index 482824, 483/1000.
The last entry of errorHistory is 1.000000 for index 482825, 483/1000.
Terminated at swamp 0.5.
The last entry of errorHistory is 0.500372 for index 482826, 483/1000.
The last entry of errorHistory is 0.500000 for index 482827, 483/1000.
Terminated at swamp 0.5.
The last entry of errorHistory is 0.500591 for index 482828, 483/1000.
Terminated at swamp 0.5.
The last entry of errorHistory is 0.500405 for index 482829, 483/1000.
The last entry of errorHistory is 0.000007 for index 482830, 483/1000.
Terminated at swamp 1.
The last entry of errorHistory is 1.000037 for index 482831, 483/1000.
Terminated at swamp 0.5.
The last entry of errorHistory is 0.500688 for index 482832, 483/1000.
Terminated at swamp 1.
The last entry of errorHistory is 1.000000 for index 482833, 483/1000.
Terminated at swamp 1.
The last entry of errorHistory is 1.000206 for index 482834, 483/1000.
The last entry of errorHistory is 1.000000 for index 482835, 483/1000.
The last entry of errorHistory is 1.000000 for index 482836, 483/1000.
Terminated at swamp 1.
The last entry of errorHistory is 1.000413 for index 482837, 483/1000.
Terminated at swamp 0.5.
The last entry of errorHistory is 0.500540 for index 482838, 483/1000.
Terminated at swamp 0.5.
The last entry of errorHistory is 0.500364 for index 482839, 483/1000.
Terminated at swamp 1.
The last entry of errorHistory is 1.000001 for index 482840, 483/1000.
Terminated at swamp 0.5.
The last entry of errorHistory is 0.500099 for index 482841, 483/1000.
Terminated at swamp 0.5.
The last entry of errorHistory is 0.500503 for index 482842, 483/1000.
Terminated at swamp 1.
The last entry of errorHistory is 1.000002 for index 482843, 483/1000.
Terminated at swamp 0.5.
The last entry of errorHistory is 0.500518 for index 482844, 483/1000.
Terminated at swamp 0.5.
The last entry of errorHistory is 0.500419 for index 482845, 483/1000.
Terminated at swamp 0.5.
The last entry of errorHistory is 0.500572 for index 482846, 483/1000.
Terminated at swamp 0.5.
The last entry of errorHistory is 0.500043 for index 482847, 483/1000.
Terminated at swamp 0.5.
The last entry of errorHistory is 0.500494 for index 482848, 483/1000.
Terminated at swamp 1.
The last entry of errorHistory is 1.000000 for index 482849, 483/1000.
Terminated at swamp 1.5.
The last entry of errorHistory is 1.500000 for index 482850, 483/1000.
Terminated at swamp 0.5.
The last entry of errorHistory is 0.500077 for index 482851, 483/1000.
Terminated at swamp 0.5.
The last entry of errorHistory is 0.500158 for index 482852, 483/1000.
Terminated at swamp 0.5.
The last entry of errorHistory is 0.500291 for index 482853, 483/1000.
The last entry of errorHistory is 1.000000 for index 482854, 483/1000.
Terminated at swamp 0.5.
The last entry of errorHistory is 0.500490 for index 482855, 483/1000.
The last entry of errorHistory is 1.000000 for index 482856, 483/1000.
Terminated at swamp 0.5.
The last entry of errorHistory is 0.500180 for index 482857, 483/1000.
The last entry of errorHistory is 0.000016 for index 482858, 483/1000.
Terminated at swamp 1.
The last entry of errorHistory is 1.000000 for index 482859, 483/1000.
Terminated at swamp 0.5.
The last entry of errorHistory is 0.500370 for index 482860, 483/1000.
The last entry of errorHistory is 1.000000 for index 482861, 483/1000.
Terminated at swamp 1.
The last entry of errorHistory is 1.000028 for index 482862, 483/1000.
Terminated at swamp 1.
The last entry of errorHistory is 1.000000 for index 482863, 483/1000.
Terminated at swamp 0.5.
The last entry of errorHistory is 0.500194 for index 482864, 483/1000.
Terminated at swamp 0.5.
The last entry of errorHistory is 0.500416 for index 482865, 483/1000.
Terminated at swamp 0.5.
The last entry of errorHistory is 0.500475 for index 482866, 483/1000.
Terminated at swamp 1.
The last entry of errorHistory is 1.000045 for index 482867, 483/1000.
Terminated at swamp 1.
The last entry of errorHistory is 1.000387 for index 482868, 483/1000.
The last entry of errorHistory is 0.001067 for index 482869, 483/1000.
The last entry of errorHistory is 1.000000 for index 482870, 483/1000.
Terminated at swamp 0.5.
The last entry of errorHistory is 0.500369 for index 482871, 483/1000.
Terminated at swamp 0.5.
The last entry of errorHistory is 0.500695 for index 482872, 483/1000.
Terminated at swamp 0.5.
The last entry of errorHistory is 0.500109 for index 482873, 483/1000.
Terminated at swamp 0.5.
The last entry of errorHistory is 0.500358 for index 482874, 483/1000.
Terminated at swamp 1.
The last entry of errorHistory is 1.000029 for index 482875, 483/1000.
Terminated at swamp 1.
The last entry of errorHistory is 1.000000 for index 482876, 483/1000.
Terminated at swamp 0.5.
The last entry of errorHistory is 0.500034 for index 482877, 483/1000.
Terminated at swamp 0.5.
The last entry of errorHistory is 0.500013 for index 482878, 483/1000.
Terminated at swamp 0.5.
The last entry of errorHistory is 0.500336 for index 482879, 483/1000.
The last entry of errorHistory is 0.000096 for index 482880, 483/1000.
The last entry of errorHistory is 1.500000 for index 482881, 483/1000.
Terminated at swamp 0.5.
The last entry of errorHistory is 0.500656 for index 482882, 483/1000.
The last entry of errorHistory is 0.000064 for index 482883, 483/1000.
Terminated at swamp 0.5.
The last entry of errorHistory is 0.500536 for index 482884, 483/1000.
Terminated at swamp 1.
The last entry of errorHistory is 1.000013 for index 482885, 483/1000.
Terminated at swamp 0.5.
The last entry of errorHistory is 0.500029 for index 482886, 483/1000.
Terminated at swamp 1.5.
The last entry of errorHistory is 1.500001 for index 482887, 483/1000.
The last entry of errorHistory is 0.500000 for index 482888, 483/1000.
Terminated at swamp 1.
The last entry of errorHistory is 1.000000 for index 482889, 483/1000.
The last entry of errorHistory is 0.001603 for index 482890, 483/1000.
The last entry of errorHistory is 0.000725 for index 482891, 483/1000.
The last entry of errorHistory is 0.000019 for index 482892, 483/1000.
The last entry of errorHistory is 1.500000 for index 482893, 483/1000.
Terminated at swamp 0.5.
The last entry of errorHistory is 0.500227 for index 482894, 483/1000.
Terminated at swamp 0.5.
The last entry of errorHistory is 0.500434 for index 482895, 483/1000.
Terminated at swamp 1.
The last entry of errorHistory is 1.000087 for index 482896, 483/1000.
Terminated at swamp 1.
The last entry of errorHistory is 1.000078 for index 482897, 483/1000.
Terminated at swamp 0.5.
The last entry of errorHistory is 0.500004 for index 482898, 483/1000.
Terminated at swamp 0.5.
The last entry of errorHistory is 0.500553 for index 482899, 483/1000.
The last entry of errorHistory is 1.000000 for index 482900, 483/1000.
Terminated at swamp 0.5.
The last entry of errorHistory is 0.500670 for index 482901, 483/1000.
Terminated at swamp 0.5.
The last entry of errorHistory is 0.500702 for index 482902, 483/1000.
The last entry of errorHistory is 1.000000 for index 482903, 483/1000.
Terminated at swamp 1.
The last entry of errorHistory is 1.000066 for index 482904, 483/1000.
Terminated at swamp 0.5.
The last entry of errorHistory is 0.500494 for index 482905, 483/1000.
The last entry of errorHistory is 0.000121 for index 482906, 483/1000.
Terminated at swamp 1.
The last entry of errorHistory is 1.000295 for index 482907, 483/1000.
Terminated at swamp 1.
The last entry of errorHistory is 1.000349 for index 482908, 483/1000.
Terminated at swamp 0.5.
The last entry of errorHistory is 0.500328 for index 482909, 483/1000.
Terminated at swamp 0.5.
The last entry of errorHistory is 0.500282 for index 482910, 483/1000.
Terminated at swamp 0.5.
The last entry of errorHistory is 0.500260 for index 482911, 483/1000.
Terminated at swamp 0.5.
The last entry of errorHistory is 0.500945 for index 482912, 483/1000.
The last entry of errorHistory is 1.500000 for index 482913, 483/1000.
The last entry of errorHistory is 1.500000 for index 482914, 483/1000.
The last entry of errorHistory is 0.500000 for index 482915, 483/1000.
Terminated at swamp 0.5.
The last entry of errorHistory is 0.500350 for index 482916, 483/1000.
The last entry of errorHistory is 1.000000 for index 482917, 483/1000.
Terminated at swamp 0.5.
The last entry of errorHistory is 0.500529 for index 482918, 483/1000.
Terminated at swamp 0.5.
The last entry of errorHistory is 0.500249 for index 482919, 483/1000.
The last entry of errorHistory is 1.000000 for index 482920, 483/1000.
Terminated at swamp 0.5.
The last entry of errorHistory is 0.500566 for index 482921, 483/1000.
Terminated at swamp 1.
The last entry of errorHistory is 1.000158 for index 482922, 483/1000.
The last entry of errorHistory is 0.500000 for index 482923, 483/1000.
Terminated at swamp 0.5.
The last entry of errorHistory is 0.500352 for index 482924, 483/1000.
The last entry of errorHistory is 1.000000 for index 482925, 483/1000.
The last entry of errorHistory is 1.000000 for index 482926, 483/1000.
Terminated at swamp 0.5.
The last entry of errorHistory is 0.500061 for index 482927, 483/1000.
Terminated at swamp 1.
The last entry of errorHistory is 1.000010 for index 482928, 483/1000.
Terminated at swamp 0.5.
The last entry of errorHistory is 0.500572 for index 482929, 483/1000.
Terminated at swamp 0.5.
The last entry of errorHistory is 0.500114 for index 482930, 483/1000.
Terminated at swamp 0.5.
The last entry of errorHistory is 0.500000 for index 482931, 483/1000.
Terminated at swamp 0.5.
The last entry of errorHistory is 0.500312 for index 482932, 483/1000.
The last entry of errorHistory is 0.000008 for index 482933, 483/1000.
The last entry of errorHistory is 0.000010 for index 482934, 483/1000.
Terminated at swamp 0.5.
The last entry of errorHistory is 0.500100 for index 482935, 483/1000.
The last entry of errorHistory is 0.000302 for index 482936, 483/1000.
Terminated at swamp 0.5.
The last entry of errorHistory is 0.500510 for index 482937, 483/1000.
Terminated at swamp 1.
The last entry of errorHistory is 1.000380 for index 482938, 483/1000.
Terminated at swamp 1.
The last entry of errorHistory is 1.000337 for index 482939, 483/1000.
Terminated at swamp 1.
The last entry of errorHistory is 1.000226 for index 482940, 483/1000.
The last entry of errorHistory is 0.000449 for index 482941, 483/1000.
The last entry of errorHistory is 0.000012 for index 482942, 483/1000.
The last entry of errorHistory is 0.000473 for index 482943, 483/1000.
Terminated at swamp 0.5.
The last entry of errorHistory is 0.500535 for index 482944, 483/1000.
Terminated at swamp 0.5.
The last entry of errorHistory is 0.500149 for index 482945, 483/1000.
Terminated at swamp 0.5.
The last entry of errorHistory is 0.500126 for index 482946, 483/1000.
Terminated at swamp 0.5.
The last entry of errorHistory is 0.500295 for index 482947, 483/1000.
Terminated at swamp 0.5.
The last entry of errorHistory is 0.500569 for index 482948, 483/1000.
The last entry of errorHistory is 0.000027 for index 482949, 483/1000.
The last entry of errorHistory is 0.000012 for index 482950, 483/1000.
Terminated at swamp 0.5.
The last entry of errorHistory is 0.500028 for index 482951, 483/1000.
Terminated at swamp 0.5.
The last entry of errorHistory is 0.500258 for index 482952, 483/1000.
The last entry of errorHistory is 0.000657 for index 482953, 483/1000.
Terminated at swamp 0.5.
The last entry of errorHistory is 0.500263 for index 482954, 483/1000.
Terminated at swamp 0.5.
The last entry of errorHistory is 0.500544 for index 482955, 483/1000.
Terminated at swamp 0.5.
The last entry of errorHistory is 0.500503 for index 482956, 483/1000.
Terminated at swamp 1.
The last entry of errorHistory is 1.000088 for index 482957, 483/1000.
Terminated at swamp 0.5.
The last entry of errorHistory is 0.500436 for index 482958, 483/1000.
Terminated at swamp 0.5.
The last entry of errorHistory is 0.500459 for index 482959, 483/1000.
Terminated at swamp 1.
The last entry of errorHistory is 1.000031 for index 482960, 483/1000.
Terminated at swamp 0.5.
The last entry of errorHistory is 0.500478 for index 482961, 483/1000.
The last entry of errorHistory is 1.000000 for index 482962, 483/1000.
The last entry of errorHistory is 1.000000 for index 482963, 483/1000.
Terminated at swamp 0.5.
The last entry of errorHistory is 0.500547 for index 482964, 483/1000.
Terminated at swamp 0.5.
The last entry of errorHistory is 0.500387 for index 482965, 483/1000.
Terminated at swamp 0.5.
The last entry of errorHistory is 0.500425 for index 482966, 483/1000.
Terminated at swamp 0.5.
The last entry of errorHistory is 0.500478 for index 482967, 483/1000.
Terminated at swamp 0.5.
The last entry of errorHistory is 0.500150 for index 482968, 483/1000.
Terminated at swamp 0.5.
The last entry of errorHistory is 0.500634 for index 482969, 483/1000.
The last entry of errorHistory is 1.000000 for index 482970, 483/1000.
Terminated at swamp 0.5.
The last entry of errorHistory is 0.500461 for index 482971, 483/1000.
Terminated at swamp 0.5.
The last entry of errorHistory is 0.500405 for index 482972, 483/1000.
The last entry of errorHistory is 0.500000 for index 482973, 483/1000.
Terminated at swamp 1.
The last entry of errorHistory is 1.000324 for index 482974, 483/1000.
The last entry of errorHistory is 1.000000 for index 482975, 483/1000.
The last entry of errorHistory is 0.003846 for index 482976, 483/1000.
Terminated at swamp 1.
The last entry of errorHistory is 1.000001 for index 482977, 483/1000.
The last entry of errorHistory is 0.500000 for index 482978, 483/1000.
The last entry of errorHistory is 0.000245 for index 482979, 483/1000.
Terminated at swamp 0.5.
The last entry of errorHistory is 0.500331 for index 482980, 483/1000.
The last entry of errorHistory is 0.005455 for index 482981, 483/1000.
Terminated at swamp 1.
The last entry of errorHistory is 1.000019 for index 482982, 483/1000.
The last entry of errorHistory is 0.000014 for index 482983, 483/1000.
The last entry of errorHistory is 0.000033 for index 482984, 483/1000.
The last entry of errorHistory is 1.500000 for index 482985, 483/1000.
Terminated at swamp 0.5.
The last entry of errorHistory is 0.500571 for index 482986, 483/1000.
Terminated at swamp 0.5.
The last entry of errorHistory is 0.500073 for index 482987, 483/1000.
Terminated at swamp 1.
The last entry of errorHistory is 1.000595 for index 482988, 483/1000.
Terminated at swamp 0.5.
The last entry of errorHistory is 0.500367 for index 482989, 483/1000.
The last entry of errorHistory is 1.000000 for index 482990, 483/1000.
Terminated at swamp 1.
The last entry of errorHistory is 1.000007 for index 482991, 483/1000.
Terminated at swamp 0.5.
The last entry of errorHistory is 0.500437 for index 482992, 483/1000.
Terminated at swamp 0.5.
The last entry of errorHistory is 0.500729 for index 482993, 483/1000.
Terminated at swamp 1.
The last entry of errorHistory is 1.000000 for index 482994, 483/1000.
The last entry of errorHistory is 1.000000 for index 482995, 483/1000.
Terminated at swamp 0.5.
The last entry of errorHistory is 0.500530 for index 482996, 483/1000.
Terminated at swamp 0.5.
The last entry of errorHistory is 0.500562 for index 482997, 483/1000.
Terminated at swamp 0.5.
The last entry of errorHistory is 0.500301 for index 482998, 483/1000.
Terminated at swamp 0.5.
The last entry of errorHistory is 0.500040 for index 482999, 483/1000.
Terminated at swamp 0.5.
The last entry of errorHistory is 0.500815 for index 483000, 483/1000.
