
                            < M A T L A B (R) >
                  Copyright 1984-2018 The MathWorks, Inc.
                   R2018b (9.5.0.944444) 64-bit (glnxa64)
                              August 28, 2018

 
To get started, type doc.
For product information, visit www.mathworks.com.
 
The last entry of errorHistory is 1.000000 for index 500001, 501/1000.
Terminated at swamp 0.5.
The last entry of errorHistory is 0.500388 for index 500002, 501/1000.
Terminated at swamp 1.
The last entry of errorHistory is 1.000362 for index 500003, 501/1000.
Terminated at swamp 0.5.
The last entry of errorHistory is 0.500193 for index 500004, 501/1000.
The last entry of errorHistory is 0.000018 for index 500005, 501/1000.
Terminated at swamp 0.5.
The last entry of errorHistory is 0.500498 for index 500006, 501/1000.
The last entry of errorHistory is 1.500000 for index 500007, 501/1000.
Terminated at swamp 0.5.
The last entry of errorHistory is 0.500181 for index 500008, 501/1000.
Terminated at swamp 0.5.
The last entry of errorHistory is 0.500000 for index 500009, 501/1000.
Terminated at swamp 0.5.
The last entry of errorHistory is 0.500371 for index 500010, 501/1000.
Terminated at swamp 1.
The last entry of errorHistory is 1.000000 for index 500011, 501/1000.
The last entry of errorHistory is 1.500000 for index 500012, 501/1000.
The last entry of errorHistory is 0.000165 for index 500013, 501/1000.
The last entry of errorHistory is 0.500000 for index 500014, 501/1000.
Terminated at swamp 1.
The last entry of errorHistory is 1.000016 for index 500015, 501/1000.
Terminated at swamp 0.5.
The last entry of errorHistory is 0.500033 for index 500016, 501/1000.
Terminated at swamp 0.5.
The last entry of errorHistory is 0.500424 for index 500017, 501/1000.
The last entry of errorHistory is 0.000203 for index 500018, 501/1000.
The last entry of errorHistory is 0.500000 for index 500019, 501/1000.
Terminated at swamp 1.
The last entry of errorHistory is 1.000533 for index 500020, 501/1000.
The last entry of errorHistory is 0.000706 for index 500021, 501/1000.
Terminated at swamp 1.
The last entry of errorHistory is 1.000000 for index 500022, 501/1000.
Terminated at swamp 1.
The last entry of errorHistory is 0.999835 for index 500023, 501/1000.
Terminated at swamp 0.5.
The last entry of errorHistory is 0.500000 for index 500024, 501/1000.
Terminated at swamp 1.
The last entry of errorHistory is 1.000000 for index 500025, 501/1000.
Terminated at swamp 0.5.
The last entry of errorHistory is 0.500214 for index 500026, 501/1000.
The last entry of errorHistory is 1.000000 for index 500027, 501/1000.
Terminated at swamp 0.5.
The last entry of errorHistory is 0.500553 for index 500028, 501/1000.
The last entry of errorHistory is 0.000028 for index 500029, 501/1000.
The last entry of errorHistory is 1.000000 for index 500030, 501/1000.
The last entry of errorHistory is 1.000000 for index 500031, 501/1000.
The last entry of errorHistory is 0.500000 for index 500032, 501/1000.
Terminated at swamp 0.5.
The last entry of errorHistory is 0.500468 for index 500033, 501/1000.
Terminated at swamp 0.5.
The last entry of errorHistory is 0.500350 for index 500034, 501/1000.
The last entry of errorHistory is 1.000000 for index 500035, 501/1000.
The last entry of errorHistory is 1.000000 for index 500036, 501/1000.
The last entry of errorHistory is 0.000037 for index 500037, 501/1000.
Terminated at swamp 1.
The last entry of errorHistory is 1.000000 for index 500038, 501/1000.
The last entry of errorHistory is 1.000000 for index 500039, 501/1000.
Terminated at swamp 1.
The last entry of errorHistory is 1.000180 for index 500040, 501/1000.
Terminated at swamp 1.
The last entry of errorHistory is 1.000126 for index 500041, 501/1000.
Terminated at swamp 0.5.
The last entry of errorHistory is 0.500942 for index 500042, 501/1000.
The last entry of errorHistory is 1.000000 for index 500043, 501/1000.
Terminated at swamp 0.5.
The last entry of errorHistory is 0.500510 for index 500044, 501/1000.
Terminated at swamp 0.5.
The last entry of errorHistory is 0.500612 for index 500045, 501/1000.
Terminated at swamp 0.5.
The last entry of errorHistory is 0.500440 for index 500046, 501/1000.
Terminated at swamp 0.5.
The last entry of errorHistory is 0.500000 for index 500047, 501/1000.
The last entry of errorHistory is 1.000000 for index 500048, 501/1000.
Terminated at swamp 0.5.
The last entry of errorHistory is 0.500375 for index 500049, 501/1000.
Terminated at swamp 1.
The last entry of errorHistory is 1.000096 for index 500050, 501/1000.
Terminated at swamp 1.
The last entry of errorHistory is 1.000088 for index 500051, 501/1000.
The last entry of errorHistory is 0.000034 for index 500052, 501/1000.
The last entry of errorHistory is 0.500000 for index 500053, 501/1000.
Terminated at swamp 1.
The last entry of errorHistory is 1.000332 for index 500054, 501/1000.
The last entry of errorHistory is 1.000000 for index 500055, 501/1000.
Terminated at swamp 0.5.
The last entry of errorHistory is 0.500422 for index 500056, 501/1000.
Terminated at swamp 0.5.
The last entry of errorHistory is 0.500668 for index 500057, 501/1000.
Terminated at swamp 1.
The last entry of errorHistory is 1.000342 for index 500058, 501/1000.
The last entry of errorHistory is 0.000023 for index 500059, 501/1000.
Terminated at swamp 0.5.
The last entry of errorHistory is 0.500362 for index 500060, 501/1000.
Terminated at swamp 0.5.
The last entry of errorHistory is 0.500023 for index 500061, 501/1000.
Terminated at swamp 0.5.
The last entry of errorHistory is 0.500101 for index 500062, 501/1000.
Terminated at swamp 0.5.
The last entry of errorHistory is 0.500032 for index 500063, 501/1000.
Terminated at swamp 0.5.
The last entry of errorHistory is 0.500515 for index 500064, 501/1000.
The last entry of errorHistory is 1.000000 for index 500065, 501/1000.
Terminated at swamp 0.5.
The last entry of errorHistory is 0.500099 for index 500066, 501/1000.
Terminated at swamp 0.5.
The last entry of errorHistory is 0.500600 for index 500067, 501/1000.
The last entry of errorHistory is 0.500000 for index 500068, 501/1000.
Terminated at swamp 0.5.
The last entry of errorHistory is 0.500300 for index 500069, 501/1000.
Terminated at swamp 0.5.
The last entry of errorHistory is 0.500496 for index 500070, 501/1000.
The last entry of errorHistory is 1.000000 for index 500071, 501/1000.
Terminated at swamp 0.5.
The last entry of errorHistory is 0.500037 for index 500072, 501/1000.
Terminated at swamp 0.5.
The last entry of errorHistory is 0.500373 for index 500073, 501/1000.
Terminated at swamp 1.
The last entry of errorHistory is 1.000091 for index 500074, 501/1000.
The last entry of errorHistory is 1.000000 for index 500075, 501/1000.
Terminated at swamp 0.5.
The last entry of errorHistory is 0.500554 for index 500076, 501/1000.
The last entry of errorHistory is 1.000000 for index 500077, 501/1000.
Terminated at swamp 0.5.
The last entry of errorHistory is 0.500164 for index 500078, 501/1000.
Terminated at swamp 0.5.
The last entry of errorHistory is 0.500048 for index 500079, 501/1000.
The last entry of errorHistory is 0.000016 for index 500080, 501/1000.
Terminated at swamp 0.5.
The last entry of errorHistory is 0.500776 for index 500081, 501/1000.
The last entry of errorHistory is 0.000045 for index 500082, 501/1000.
Terminated at swamp 0.5.
The last entry of errorHistory is 0.500553 for index 500083, 501/1000.
The last entry of errorHistory is 0.000058 for index 500084, 501/1000.
Terminated at swamp 1.
The last entry of errorHistory is 1.000343 for index 500085, 501/1000.
Terminated at swamp 0.5.
The last entry of errorHistory is 0.500710 for index 500086, 501/1000.
Terminated at swamp 0.5.
The last entry of errorHistory is 0.500235 for index 500087, 501/1000.
The last entry of errorHistory is 1.000000 for index 500088, 501/1000.
Terminated at swamp 0.5.
The last entry of errorHistory is 0.500225 for index 500089, 501/1000.
Terminated at swamp 0.5.
The last entry of errorHistory is 0.500079 for index 500090, 501/1000.
The last entry of errorHistory is 1.000000 for index 500091, 501/1000.
Terminated at swamp 1.
The last entry of errorHistory is 1.000005 for index 500092, 501/1000.
The last entry of errorHistory is 1.000000 for index 500093, 501/1000.
Terminated at swamp 0.5.
The last entry of errorHistory is 0.500333 for index 500094, 501/1000.
Terminated at swamp 0.5.
The last entry of errorHistory is 0.500306 for index 500095, 501/1000.
Terminated at swamp 0.5.
The last entry of errorHistory is 0.500505 for index 500096, 501/1000.
Terminated at swamp 1.
The last entry of errorHistory is 1.000000 for index 500097, 501/1000.
Terminated at swamp 0.5.
The last entry of errorHistory is 0.500622 for index 500098, 501/1000.
Terminated at swamp 0.5.
The last entry of errorHistory is 0.500094 for index 500099, 501/1000.
Terminated at swamp 0.5.
The last entry of errorHistory is 0.500322 for index 500100, 501/1000.
The last entry of errorHistory is 1.000000 for index 500101, 501/1000.
Terminated at swamp 0.5.
The last entry of errorHistory is 0.500325 for index 500102, 501/1000.
Terminated at swamp 0.5.
The last entry of errorHistory is 0.500348 for index 500103, 501/1000.
The last entry of errorHistory is 1.000000 for index 500104, 501/1000.
The last entry of errorHistory is 0.000277 for index 500105, 501/1000.
Terminated at swamp 0.5.
The last entry of errorHistory is 0.500110 for index 500106, 501/1000.
The last entry of errorHistory is 0.000018 for index 500107, 501/1000.
Terminated at swamp 0.5.
The last entry of errorHistory is 0.500597 for index 500108, 501/1000.
Terminated at swamp 0.5.
The last entry of errorHistory is 0.500536 for index 500109, 501/1000.
Terminated at swamp 0.5.
The last entry of errorHistory is 0.500569 for index 500110, 501/1000.
Terminated at swamp 0.5.
The last entry of errorHistory is 0.500040 for index 500111, 501/1000.
Terminated at swamp 0.5.
The last entry of errorHistory is 0.500380 for index 500112, 501/1000.
Terminated at swamp 1.
The last entry of errorHistory is 1.000249 for index 500113, 501/1000.
Terminated at swamp 0.5.
The last entry of errorHistory is 0.500281 for index 500114, 501/1000.
Terminated at swamp 0.5.
The last entry of errorHistory is 0.500418 for index 500115, 501/1000.
Terminated at swamp 0.5.
The last entry of errorHistory is 0.500102 for index 500116, 501/1000.
Terminated at swamp 1.
The last entry of errorHistory is 1.000000 for index 500117, 501/1000.
The last entry of errorHistory is 0.500000 for index 500118, 501/1000.
The last entry of errorHistory is 1.000000 for index 500119, 501/1000.
Terminated at swamp 0.5.
The last entry of errorHistory is 0.500167 for index 500120, 501/1000.
Terminated at swamp 0.5.
The last entry of errorHistory is 0.500000 for index 500121, 501/1000.
Terminated at swamp 0.5.
The last entry of errorHistory is 0.500185 for index 500122, 501/1000.
Terminated at swamp 0.5.
The last entry of errorHistory is 0.500326 for index 500123, 501/1000.
Terminated at swamp 0.5.
The last entry of errorHistory is 0.500248 for index 500124, 501/1000.
The last entry of errorHistory is 0.000068 for index 500125, 501/1000.
Terminated at swamp 0.5.
The last entry of errorHistory is 0.500063 for index 500126, 501/1000.
Terminated at swamp 0.5.
The last entry of errorHistory is 0.500212 for index 500127, 501/1000.
Terminated at swamp 0.5.
The last entry of errorHistory is 0.500479 for index 500128, 501/1000.
Terminated at swamp 0.5.
The last entry of errorHistory is 0.500522 for index 500129, 501/1000.
Terminated at swamp 0.5.
The last entry of errorHistory is 0.500799 for index 500130, 501/1000.
Terminated at swamp 0.5.
The last entry of errorHistory is 0.500385 for index 500131, 501/1000.
The last entry of errorHistory is 1.000000 for index 500132, 501/1000.
Terminated at swamp 0.5.
The last entry of errorHistory is 0.500425 for index 500133, 501/1000.
Terminated at swamp 0.5.
The last entry of errorHistory is 0.500446 for index 500134, 501/1000.
Terminated at swamp 0.5.
The last entry of errorHistory is 0.500626 for index 500135, 501/1000.
Terminated at swamp 0.5.
The last entry of errorHistory is 0.500371 for index 500136, 501/1000.
The last entry of errorHistory is 1.000000 for index 500137, 501/1000.
Terminated at swamp 0.5.
The last entry of errorHistory is 0.500011 for index 500138, 501/1000.
The last entry of errorHistory is 0.500000 for index 500139, 501/1000.
Terminated at swamp 0.5.
The last entry of errorHistory is 0.500458 for index 500140, 501/1000.
Terminated at swamp 0.5.
The last entry of errorHistory is 0.500426 for index 500141, 501/1000.
Terminated at swamp 0.5.
The last entry of errorHistory is 0.500492 for index 500142, 501/1000.
The last entry of errorHistory is 1.000000 for index 500143, 501/1000.
Terminated at swamp 1.
The last entry of errorHistory is 1.000111 for index 500144, 501/1000.
Terminated at swamp 0.5.
The last entry of errorHistory is 0.500956 for index 500145, 501/1000.
The last entry of errorHistory is 0.000107 for index 500146, 501/1000.
The last entry of errorHistory is 1.000000 for index 500147, 501/1000.
The last entry of errorHistory is 1.000000 for index 500148, 501/1000.
Terminated at swamp 1.
The last entry of errorHistory is 1.000056 for index 500149, 501/1000.
Terminated at swamp 0.5.
The last entry of errorHistory is 0.500182 for index 500150, 501/1000.
Terminated at swamp 1.
The last entry of errorHistory is 1.000000 for index 500151, 501/1000.
The last entry of errorHistory is 1.000000 for index 500152, 501/1000.
Terminated at swamp 1.
The last entry of errorHistory is 1.000459 for index 500153, 501/1000.
Terminated at swamp 1.
The last entry of errorHistory is 1.000000 for index 500154, 501/1000.
The last entry of errorHistory is 1.000000 for index 500155, 501/1000.
Terminated at swamp 0.5.
The last entry of errorHistory is 0.500334 for index 500156, 501/1000.
Terminated at swamp 0.5.
The last entry of errorHistory is 0.500040 for index 500157, 501/1000.
Terminated at swamp 0.5.
The last entry of errorHistory is 0.500054 for index 500158, 501/1000.
Terminated at swamp 0.5.
The last entry of errorHistory is 0.500729 for index 500159, 501/1000.
The last entry of errorHistory is 0.000231 for index 500160, 501/1000.
Terminated at swamp 0.5.
The last entry of errorHistory is 0.500556 for index 500161, 501/1000.
Terminated at swamp 1.
The last entry of errorHistory is 1.000253 for index 500162, 501/1000.
The last entry of errorHistory is 1.000000 for index 500163, 501/1000.
Terminated at swamp 0.5.
The last entry of errorHistory is 0.500582 for index 500164, 501/1000.
The last entry of errorHistory is 1.000000 for index 500165, 501/1000.
Terminated at swamp 0.5.
The last entry of errorHistory is 0.500517 for index 500166, 501/1000.
The last entry of errorHistory is 1.000000 for index 500167, 501/1000.
Terminated at swamp 0.5.
The last entry of errorHistory is 0.500399 for index 500168, 501/1000.
Terminated at swamp 0.5.
The last entry of errorHistory is 0.499764 for index 500169, 501/1000.
Terminated at swamp 0.5.
The last entry of errorHistory is 0.500134 for index 500170, 501/1000.
Terminated at swamp 0.5.
The last entry of errorHistory is 0.500137 for index 500171, 501/1000.
Terminated at swamp 0.5.
The last entry of errorHistory is 0.500356 for index 500172, 501/1000.
Terminated at swamp 1.
The last entry of errorHistory is 1.000366 for index 500173, 501/1000.
Terminated at swamp 0.5.
The last entry of errorHistory is 0.500201 for index 500174, 501/1000.
Terminated at swamp 0.5.
The last entry of errorHistory is 0.500558 for index 500175, 501/1000.
The last entry of errorHistory is 0.000016 for index 500176, 501/1000.
Terminated at swamp 0.5.
The last entry of errorHistory is 0.500580 for index 500177, 501/1000.
Terminated at swamp 1.
The last entry of errorHistory is 1.000117 for index 500178, 501/1000.
Terminated at swamp 0.5.
The last entry of errorHistory is 0.500067 for index 500179, 501/1000.
The last entry of errorHistory is 0.000021 for index 500180, 501/1000.
The last entry of errorHistory is 0.500000 for index 500181, 501/1000.
The last entry of errorHistory is 0.500000 for index 500182, 501/1000.
The last entry of errorHistory is 1.000000 for index 500183, 501/1000.
Terminated at swamp 0.5.
The last entry of errorHistory is 0.500323 for index 500184, 501/1000.
Terminated at swamp 0.5.
The last entry of errorHistory is 0.500931 for index 500185, 501/1000.
Terminated at swamp 0.5.
The last entry of errorHistory is 0.500441 for index 500186, 501/1000.
The last entry of errorHistory is 0.001065 for index 500187, 501/1000.
Terminated at swamp 0.5.
The last entry of errorHistory is 0.500309 for index 500188, 501/1000.
Terminated at swamp 0.5.
The last entry of errorHistory is 0.500945 for index 500189, 501/1000.
Terminated at swamp 1.
The last entry of errorHistory is 1.000078 for index 500190, 501/1000.
Terminated at swamp 0.5.
The last entry of errorHistory is 0.500604 for index 500191, 501/1000.
The last entry of errorHistory is 1.000000 for index 500192, 501/1000.
Terminated at swamp 0.5.
The last entry of errorHistory is 0.500532 for index 500193, 501/1000.
Terminated at swamp 0.5.
The last entry of errorHistory is 0.500007 for index 500194, 501/1000.
The last entry of errorHistory is 0.500000 for index 500195, 501/1000.
Terminated at swamp 0.5.
The last entry of errorHistory is 0.500491 for index 500196, 501/1000.
Terminated at swamp 0.5.
The last entry of errorHistory is 0.500196 for index 500197, 501/1000.
Terminated at swamp 0.5.
The last entry of errorHistory is 0.500461 for index 500198, 501/1000.
The last entry of errorHistory is 1.000000 for index 500199, 501/1000.
Terminated at swamp 0.5.
The last entry of errorHistory is 0.500640 for index 500200, 501/1000.
The last entry of errorHistory is 1.000000 for index 500201, 501/1000.
Terminated at swamp 0.5.
The last entry of errorHistory is 0.500492 for index 500202, 501/1000.
The last entry of errorHistory is 1.000000 for index 500203, 501/1000.
Terminated at swamp 0.5.
The last entry of errorHistory is 0.500461 for index 500204, 501/1000.
Terminated at swamp 1.
The last entry of errorHistory is 1.000052 for index 500205, 501/1000.
The last entry of errorHistory is 0.000056 for index 500206, 501/1000.
Terminated at swamp 0.5.
The last entry of errorHistory is 0.500490 for index 500207, 501/1000.
The last entry of errorHistory is 1.000000 for index 500208, 501/1000.
Terminated at swamp 0.5.
The last entry of errorHistory is 0.500203 for index 500209, 501/1000.
Terminated at swamp 1.
The last entry of errorHistory is 1.000000 for index 500210, 501/1000.
The last entry of errorHistory is 1.500000 for index 500211, 501/1000.
Terminated at swamp 1.
The last entry of errorHistory is 1.000003 for index 500212, 501/1000.
Terminated at swamp 0.5.
The last entry of errorHistory is 0.500368 for index 500213, 501/1000.
The last entry of errorHistory is 1.000000 for index 500214, 501/1000.
Terminated at swamp 0.5.
The last entry of errorHistory is 0.500360 for index 500215, 501/1000.
Terminated at swamp 1.
The last entry of errorHistory is 1.000117 for index 500216, 501/1000.
Terminated at swamp 0.5.
The last entry of errorHistory is 0.500468 for index 500217, 501/1000.
The last entry of errorHistory is 1.000000 for index 500218, 501/1000.
Terminated at swamp 1.
The last entry of errorHistory is 1.000132 for index 500219, 501/1000.
Terminated at swamp 1.
The last entry of errorHistory is 1.000368 for index 500220, 501/1000.
The last entry of errorHistory is 1.500000 for index 500221, 501/1000.
Terminated at swamp 0.5.
The last entry of errorHistory is 0.500631 for index 500222, 501/1000.
Terminated at swamp 0.5.
The last entry of errorHistory is 0.500013 for index 500223, 501/1000.
The last entry of errorHistory is 0.000347 for index 500224, 501/1000.
The last entry of errorHistory is 1.000000 for index 500225, 501/1000.
The last entry of errorHistory is 0.000020 for index 500226, 501/1000.
Terminated at swamp 0.5.
The last entry of errorHistory is 0.500698 for index 500227, 501/1000.
The last entry of errorHistory is 0.000068 for index 500228, 501/1000.
Terminated at swamp 0.5.
The last entry of errorHistory is 0.500138 for index 500229, 501/1000.
The last entry of errorHistory is 0.500000 for index 500230, 501/1000.
Terminated at swamp 0.5.
The last entry of errorHistory is 0.500643 for index 500231, 501/1000.
Terminated at swamp 0.5.
The last entry of errorHistory is 0.500584 for index 500232, 501/1000.
Terminated at swamp 0.5.
The last entry of errorHistory is 0.500273 for index 500233, 501/1000.
The last entry of errorHistory is 1.000000 for index 500234, 501/1000.
Terminated at swamp 1.
The last entry of errorHistory is 1.000000 for index 500235, 501/1000.
Terminated at swamp 0.5.
The last entry of errorHistory is 0.500559 for index 500236, 501/1000.
Terminated at swamp 0.5.
The last entry of errorHistory is 0.500040 for index 500237, 501/1000.
Terminated at swamp 0.5.
The last entry of errorHistory is 0.500486 for index 500238, 501/1000.
Terminated at swamp 0.5.
The last entry of errorHistory is 0.500147 for index 500239, 501/1000.
Terminated at swamp 0.5.
The last entry of errorHistory is 0.500557 for index 500240, 501/1000.
Terminated at swamp 1.
The last entry of errorHistory is 1.000042 for index 500241, 501/1000.
The last entry of errorHistory is 0.000606 for index 500242, 501/1000.
Terminated at swamp 1.
The last entry of errorHistory is 1.000007 for index 500243, 501/1000.
Terminated at swamp 0.5.
The last entry of errorHistory is 0.500308 for index 500244, 501/1000.
The last entry of errorHistory is 1.000000 for index 500245, 501/1000.
The last entry of errorHistory is 1.000000 for index 500246, 501/1000.
Terminated at swamp 1.
The last entry of errorHistory is 1.000019 for index 500247, 501/1000.
Terminated at swamp 0.5.
The last entry of errorHistory is 0.500842 for index 500248, 501/1000.
Terminated at swamp 0.5.
The last entry of errorHistory is 0.500469 for index 500249, 501/1000.
Terminated at swamp 0.5.
The last entry of errorHistory is 0.500468 for index 500250, 501/1000.
Terminated at swamp 0.5.
The last entry of errorHistory is 0.500632 for index 500251, 501/1000.
Terminated at swamp 0.5.
The last entry of errorHistory is 0.500533 for index 500252, 501/1000.
Terminated at swamp 0.5.
The last entry of errorHistory is 0.500039 for index 500253, 501/1000.
The last entry of errorHistory is 0.000012 for index 500254, 501/1000.
Terminated at swamp 0.5.
The last entry of errorHistory is 0.499170 for index 500255, 501/1000.
The last entry of errorHistory is 1.000000 for index 500256, 501/1000.
Terminated at swamp 0.5.
The last entry of errorHistory is 0.500224 for index 500257, 501/1000.
Terminated at swamp 0.5.
The last entry of errorHistory is 0.500477 for index 500258, 501/1000.
Terminated at swamp 1.
The last entry of errorHistory is 1.000421 for index 500259, 501/1000.
The last entry of errorHistory is 1.000000 for index 500260, 501/1000.
Terminated at swamp 0.5.
The last entry of errorHistory is 0.500297 for index 500261, 501/1000.
Terminated at swamp 1.
The last entry of errorHistory is 1.000179 for index 500262, 501/1000.
The last entry of errorHistory is 1.000000 for index 500263, 501/1000.
Terminated at swamp 0.5.
The last entry of errorHistory is 0.500694 for index 500264, 501/1000.
Terminated at swamp 1.
The last entry of errorHistory is 1.000450 for index 500265, 501/1000.
The last entry of errorHistory is 1.000000 for index 500266, 501/1000.
Terminated at swamp 0.5.
The last entry of errorHistory is 0.500589 for index 500267, 501/1000.
The last entry of errorHistory is 0.000278 for index 500268, 501/1000.
The last entry of errorHistory is 1.000000 for index 500269, 501/1000.
The last entry of errorHistory is 1.500000 for index 500270, 501/1000.
Terminated at swamp 1.
The last entry of errorHistory is 1.000039 for index 500271, 501/1000.
Terminated at swamp 0.5.
The last entry of errorHistory is 0.500200 for index 500272, 501/1000.
Terminated at swamp 0.5.
The last entry of errorHistory is 0.500435 for index 500273, 501/1000.
Terminated at swamp 0.5.
The last entry of errorHistory is 0.500100 for index 500274, 501/1000.
The last entry of errorHistory is 0.000010 for index 500275, 501/1000.
Terminated at swamp 0.5.
The last entry of errorHistory is 0.500068 for index 500276, 501/1000.
The last entry of errorHistory is 0.000971 for index 500277, 501/1000.
Terminated at swamp 1.
The last entry of errorHistory is 1.000158 for index 500278, 501/1000.
Terminated at swamp 0.5.
The last entry of errorHistory is 0.500506 for index 500279, 501/1000.
Terminated at swamp 0.5.
The last entry of errorHistory is 0.500010 for index 500280, 501/1000.
Terminated at swamp 1.5.
The last entry of errorHistory is 1.500001 for index 500281, 501/1000.
Terminated at swamp 0.5.
The last entry of errorHistory is 0.500038 for index 500282, 501/1000.
The last entry of errorHistory is 0.000025 for index 500283, 501/1000.
The last entry of errorHistory is 0.000016 for index 500284, 501/1000.
The last entry of errorHistory is 1.000000 for index 500285, 501/1000.
Terminated at swamp 1.
The last entry of errorHistory is 1.000001 for index 500286, 501/1000.
Terminated at swamp 1.
The last entry of errorHistory is 1.000047 for index 500287, 501/1000.
The last entry of errorHistory is 1.500000 for index 500288, 501/1000.
Terminated at swamp 0.5.
The last entry of errorHistory is 0.500354 for index 500289, 501/1000.
Terminated at swamp 0.5.
The last entry of errorHistory is 0.500508 for index 500290, 501/1000.
Terminated at swamp 0.5.
The last entry of errorHistory is 0.500601 for index 500291, 501/1000.
Terminated at swamp 1.
The last entry of errorHistory is 1.000345 for index 500292, 501/1000.
Terminated at swamp 0.5.
The last entry of errorHistory is 0.500350 for index 500293, 501/1000.
Terminated at swamp 0.5.
The last entry of errorHistory is 0.500593 for index 500294, 501/1000.
The last entry of errorHistory is 1.000000 for index 500295, 501/1000.
Terminated at swamp 0.5.
The last entry of errorHistory is 0.500117 for index 500296, 501/1000.
The last entry of errorHistory is 1.500000 for index 500297, 501/1000.
Terminated at swamp 0.5.
The last entry of errorHistory is 0.500106 for index 500298, 501/1000.
Terminated at swamp 0.5.
The last entry of errorHistory is 0.500380 for index 500299, 501/1000.
The last entry of errorHistory is 0.001941 for index 500300, 501/1000.
Terminated at swamp 0.5.
The last entry of errorHistory is 0.500600 for index 500301, 501/1000.
Terminated at swamp 0.5.
The last entry of errorHistory is 0.500085 for index 500302, 501/1000.
Terminated at swamp 0.5.
The last entry of errorHistory is 0.500238 for index 500303, 501/1000.
The last entry of errorHistory is 1.000000 for index 500304, 501/1000.
Terminated at swamp 0.5.
The last entry of errorHistory is 0.500002 for index 500305, 501/1000.
The last entry of errorHistory is 0.500000 for index 500306, 501/1000.
Terminated at swamp 0.5.
The last entry of errorHistory is 0.500007 for index 500307, 501/1000.
Terminated at swamp 0.5.
The last entry of errorHistory is 0.500372 for index 500308, 501/1000.
Terminated at swamp 0.5.
The last entry of errorHistory is 0.500173 for index 500309, 501/1000.
Terminated at swamp 0.5.
The last entry of errorHistory is 0.500299 for index 500310, 501/1000.
The last entry of errorHistory is 1.500000 for index 500311, 501/1000.
The last entry of errorHistory is 0.000008 for index 500312, 501/1000.
The last entry of errorHistory is 1.000000 for index 500313, 501/1000.
The last entry of errorHistory is 1.000000 for index 500314, 501/1000.
The last entry of errorHistory is 0.000106 for index 500315, 501/1000.
Terminated at swamp 0.5.
The last entry of errorHistory is 0.500248 for index 500316, 501/1000.
The last entry of errorHistory is 1.000000 for index 500317, 501/1000.
Terminated at swamp 0.5.
The last entry of errorHistory is 0.500539 for index 500318, 501/1000.
Terminated at swamp 0.5.
The last entry of errorHistory is 0.500239 for index 500319, 501/1000.
The last entry of errorHistory is 1.500000 for index 500320, 501/1000.
Terminated at swamp 0.5.
The last entry of errorHistory is 0.500622 for index 500321, 501/1000.
Terminated at swamp 0.5.
The last entry of errorHistory is 0.500045 for index 500322, 501/1000.
The last entry of errorHistory is 1.000000 for index 500323, 501/1000.
Terminated at swamp 0.5.
The last entry of errorHistory is 0.500572 for index 500324, 501/1000.
Terminated at swamp 0.5.
The last entry of errorHistory is 0.500399 for index 500325, 501/1000.
The last entry of errorHistory is 1.000000 for index 500326, 501/1000.
The last entry of errorHistory is 0.000016 for index 500327, 501/1000.
Terminated at swamp 0.5.
The last entry of errorHistory is 0.500193 for index 500328, 501/1000.
The last entry of errorHistory is 1.000000 for index 500329, 501/1000.
The last entry of errorHistory is 0.000033 for index 500330, 501/1000.
Terminated at swamp 0.5.
The last entry of errorHistory is 0.500558 for index 500331, 501/1000.
The last entry of errorHistory is 0.000548 for index 500332, 501/1000.
Terminated at swamp 0.5.
The last entry of errorHistory is 0.500310 for index 500333, 501/1000.
Terminated at swamp 0.5.
The last entry of errorHistory is 0.500687 for index 500334, 501/1000.
Terminated at swamp 0.5.
The last entry of errorHistory is 0.500000 for index 500335, 501/1000.
The last entry of errorHistory is 0.000017 for index 500336, 501/1000.
Terminated at swamp 0.5.
The last entry of errorHistory is 0.500444 for index 500337, 501/1000.
The last entry of errorHistory is 1.000000 for index 500338, 501/1000.
Terminated at swamp 0.5.
The last entry of errorHistory is 0.500060 for index 500339, 501/1000.
Terminated at swamp 1.5.
The last entry of errorHistory is 1.499109 for index 500340, 501/1000.
The last entry of errorHistory is 1.000000 for index 500341, 501/1000.
Terminated at swamp 0.5.
The last entry of errorHistory is 0.500572 for index 500342, 501/1000.
The last entry of errorHistory is 1.000000 for index 500343, 501/1000.
The last entry of errorHistory is 0.500000 for index 500344, 501/1000.
Terminated at swamp 0.5.
The last entry of errorHistory is 0.500638 for index 500345, 501/1000.
Terminated at swamp 1.
The last entry of errorHistory is 1.000000 for index 500346, 501/1000.
Terminated at swamp 0.5.
The last entry of errorHistory is 0.500072 for index 500347, 501/1000.
The last entry of errorHistory is 1.000000 for index 500348, 501/1000.
The last entry of errorHistory is 1.000000 for index 500349, 501/1000.
Terminated at swamp 0.5.
The last entry of errorHistory is 0.500609 for index 500350, 501/1000.
Terminated at swamp 0.5.
The last entry of errorHistory is 0.500045 for index 500351, 501/1000.
Terminated at swamp 0.5.
The last entry of errorHistory is 0.500715 for index 500352, 501/1000.
Terminated at swamp 1.
The last entry of errorHistory is 1.000001 for index 500353, 501/1000.
Terminated at swamp 0.5.
The last entry of errorHistory is 0.500167 for index 500354, 501/1000.
The last entry of errorHistory is 0.500000 for index 500355, 501/1000.
Terminated at swamp 0.5.
The last entry of errorHistory is 0.500467 for index 500356, 501/1000.
The last entry of errorHistory is 1.000000 for index 500357, 501/1000.
The last entry of errorHistory is 1.500000 for index 500358, 501/1000.
The last entry of errorHistory is 1.500000 for index 500359, 501/1000.
Terminated at swamp 0.5.
The last entry of errorHistory is 0.500468 for index 500360, 501/1000.
The last entry of errorHistory is 0.000020 for index 500361, 501/1000.
Terminated at swamp 1.
The last entry of errorHistory is 1.000259 for index 500362, 501/1000.
Terminated at swamp 1.
The last entry of errorHistory is 1.000389 for index 500363, 501/1000.
Terminated at swamp 0.5.
The last entry of errorHistory is 0.500368 for index 500364, 501/1000.
The last entry of errorHistory is 0.000762 for index 500365, 501/1000.
Terminated at swamp 0.5.
The last entry of errorHistory is 0.500586 for index 500366, 501/1000.
Terminated at swamp 1.
The last entry of errorHistory is 1.000426 for index 500367, 501/1000.
Terminated at swamp 1.
The last entry of errorHistory is 1.000554 for index 500368, 501/1000.
Terminated at swamp 0.5.
The last entry of errorHistory is 0.500220 for index 500369, 501/1000.
Terminated at swamp 0.5.
The last entry of errorHistory is 0.500333 for index 500370, 501/1000.
The last entry of errorHistory is 1.000000 for index 500371, 501/1000.
The last entry of errorHistory is 0.000009 for index 500372, 501/1000.
The last entry of errorHistory is 0.000111 for index 500373, 501/1000.
Terminated at swamp 0.5.
The last entry of errorHistory is 0.500614 for index 500374, 501/1000.
The last entry of errorHistory is 0.500000 for index 500375, 501/1000.
The last entry of errorHistory is 1.000000 for index 500376, 501/1000.
The last entry of errorHistory is 1.500000 for index 500377, 501/1000.
Terminated at swamp 0.5.
The last entry of errorHistory is 0.500496 for index 500378, 501/1000.
Terminated at swamp 1.
The last entry of errorHistory is 1.000000 for index 500379, 501/1000.
Terminated at swamp 1.
The last entry of errorHistory is 1.000488 for index 500380, 501/1000.
The last entry of errorHistory is 1.000000 for index 500381, 501/1000.
The last entry of errorHistory is 1.000000 for index 500382, 501/1000.
The last entry of errorHistory is 0.000004 for index 500383, 501/1000.
The last entry of errorHistory is 1.000000 for index 500384, 501/1000.
Terminated at swamp 0.5.
The last entry of errorHistory is 0.500835 for index 500385, 501/1000.
The last entry of errorHistory is 0.000635 for index 500386, 501/1000.
The last entry of errorHistory is 0.000012 for index 500387, 501/1000.
Terminated at swamp 0.5.
The last entry of errorHistory is 0.500733 for index 500388, 501/1000.
Terminated at swamp 0.5.
The last entry of errorHistory is 0.500083 for index 500389, 501/1000.
Terminated at swamp 0.5.
The last entry of errorHistory is 0.500586 for index 500390, 501/1000.
The last entry of errorHistory is 1.000000 for index 500391, 501/1000.
The last entry of errorHistory is 1.500000 for index 500392, 501/1000.
Terminated at swamp 0.5.
The last entry of errorHistory is 0.500398 for index 500393, 501/1000.
The last entry of errorHistory is 1.500000 for index 500394, 501/1000.
Terminated at swamp 0.5.
The last entry of errorHistory is 0.500101 for index 500395, 501/1000.
Terminated at swamp 0.5.
The last entry of errorHistory is 0.500651 for index 500396, 501/1000.
The last entry of errorHistory is 1.000000 for index 500397, 501/1000.
Terminated at swamp 1.
The last entry of errorHistory is 1.000521 for index 500398, 501/1000.
Terminated at swamp 0.5.
The last entry of errorHistory is 0.500270 for index 500399, 501/1000.
Terminated at swamp 0.5.
The last entry of errorHistory is 0.500508 for index 500400, 501/1000.
Terminated at swamp 0.5.
The last entry of errorHistory is 0.500653 for index 500401, 501/1000.
Terminated at swamp 0.5.
The last entry of errorHistory is 0.500350 for index 500402, 501/1000.
Terminated at swamp 0.5.
The last entry of errorHistory is 0.500055 for index 500403, 501/1000.
Terminated at swamp 1.
The last entry of errorHistory is 1.000411 for index 500404, 501/1000.
Terminated at swamp 0.5.
The last entry of errorHistory is 0.500598 for index 500405, 501/1000.
Terminated at swamp 1.
The last entry of errorHistory is 1.000343 for index 500406, 501/1000.
The last entry of errorHistory is 0.500000 for index 500407, 501/1000.
Terminated at swamp 0.5.
The last entry of errorHistory is 0.500545 for index 500408, 501/1000.
Terminated at swamp 0.5.
The last entry of errorHistory is 0.500527 for index 500409, 501/1000.
The last entry of errorHistory is 1.000000 for index 500410, 501/1000.
Terminated at swamp 0.5.
The last entry of errorHistory is 0.500591 for index 500411, 501/1000.
The last entry of errorHistory is 1.000000 for index 500412, 501/1000.
Terminated at swamp 0.5.
The last entry of errorHistory is 0.500548 for index 500413, 501/1000.
Terminated at swamp 0.5.
The last entry of errorHistory is 0.500168 for index 500414, 501/1000.
Terminated at swamp 1.
The last entry of errorHistory is 1.000239 for index 500415, 501/1000.
Terminated at swamp 0.5.
The last entry of errorHistory is 0.500583 for index 500416, 501/1000.
Terminated at swamp 0.5.
The last entry of errorHistory is 0.500223 for index 500417, 501/1000.
The last entry of errorHistory is 1.000000 for index 500418, 501/1000.
The last entry of errorHistory is 0.000020 for index 500419, 501/1000.
Terminated at swamp 0.5.
The last entry of errorHistory is 0.500292 for index 500420, 501/1000.
The last entry of errorHistory is 1.000000 for index 500421, 501/1000.
Terminated at swamp 0.5.
The last entry of errorHistory is 0.500010 for index 500422, 501/1000.
Terminated at swamp 0.5.
The last entry of errorHistory is 0.500483 for index 500423, 501/1000.
Terminated at swamp 0.5.
The last entry of errorHistory is 0.500341 for index 500424, 501/1000.
Terminated at swamp 0.5.
The last entry of errorHistory is 0.500001 for index 500425, 501/1000.
The last entry of errorHistory is 0.500000 for index 500426, 501/1000.
Terminated at swamp 0.5.
The last entry of errorHistory is 0.500608 for index 500427, 501/1000.
Terminated at swamp 0.5.
The last entry of errorHistory is 0.500495 for index 500428, 501/1000.
The last entry of errorHistory is 0.000035 for index 500429, 501/1000.
Terminated at swamp 1.
The last entry of errorHistory is 1.000175 for index 500430, 501/1000.
The last entry of errorHistory is 1.000000 for index 500431, 501/1000.
Terminated at swamp 0.5.
The last entry of errorHistory is 0.500558 for index 500432, 501/1000.
Terminated at swamp 1.
The last entry of errorHistory is 1.000047 for index 500433, 501/1000.
Terminated at swamp 0.5.
The last entry of errorHistory is 0.500618 for index 500434, 501/1000.
Terminated at swamp 0.5.
The last entry of errorHistory is 0.500522 for index 500435, 501/1000.
The last entry of errorHistory is 1.000000 for index 500436, 501/1000.
Terminated at swamp 0.5.
The last entry of errorHistory is 0.500543 for index 500437, 501/1000.
The last entry of errorHistory is 1.000000 for index 500438, 501/1000.
The last entry of errorHistory is 1.500000 for index 500439, 501/1000.
Terminated at swamp 0.5.
The last entry of errorHistory is 0.500357 for index 500440, 501/1000.
Terminated at swamp 0.5.
The last entry of errorHistory is 0.500689 for index 500441, 501/1000.
The last entry of errorHistory is 0.500000 for index 500442, 501/1000.
Terminated at swamp 0.5.
The last entry of errorHistory is 0.500455 for index 500443, 501/1000.
Terminated at swamp 0.5.
The last entry of errorHistory is 0.500572 for index 500444, 501/1000.
The last entry of errorHistory is 1.000000 for index 500445, 501/1000.
The last entry of errorHistory is 0.000093 for index 500446, 501/1000.
Terminated at swamp 0.5.
The last entry of errorHistory is 0.500174 for index 500447, 501/1000.
Terminated at swamp 0.5.
The last entry of errorHistory is 0.500442 for index 500448, 501/1000.
The last entry of errorHistory is 0.000657 for index 500449, 501/1000.
Terminated at swamp 0.5.
The last entry of errorHistory is 0.500042 for index 500450, 501/1000.
The last entry of errorHistory is 0.500000 for index 500451, 501/1000.
Terminated at swamp 0.5.
The last entry of errorHistory is 0.500468 for index 500452, 501/1000.
Terminated at swamp 0.5.
The last entry of errorHistory is 0.500393 for index 500453, 501/1000.
Terminated at swamp 1.
The last entry of errorHistory is 1.000000 for index 500454, 501/1000.
Terminated at swamp 0.5.
The last entry of errorHistory is 0.500363 for index 500455, 501/1000.
Terminated at swamp 0.5.
The last entry of errorHistory is 0.500428 for index 500456, 501/1000.
Terminated at swamp 0.5.
The last entry of errorHistory is 0.500331 for index 500457, 501/1000.
Terminated at swamp 0.5.
The last entry of errorHistory is 0.500685 for index 500458, 501/1000.
Terminated at swamp 0.5.
The last entry of errorHistory is 0.500454 for index 500459, 501/1000.
The last entry of errorHistory is 0.000038 for index 500460, 501/1000.
The last entry of errorHistory is 1.000000 for index 500461, 501/1000.
Terminated at swamp 0.5.
The last entry of errorHistory is 0.500553 for index 500462, 501/1000.
Terminated at swamp 0.5.
The last entry of errorHistory is 0.500453 for index 500463, 501/1000.
Terminated at swamp 0.5.
The last entry of errorHistory is 0.500542 for index 500464, 501/1000.
Terminated at swamp 0.5.
The last entry of errorHistory is 0.500003 for index 500465, 501/1000.
Terminated at swamp 0.5.
The last entry of errorHistory is 0.500052 for index 500466, 501/1000.
The last entry of errorHistory is 0.000020 for index 500467, 501/1000.
The last entry of errorHistory is 0.500000 for index 500468, 501/1000.
The last entry of errorHistory is 1.000000 for index 500469, 501/1000.
Terminated at swamp 0.5.
The last entry of errorHistory is 0.500000 for index 500470, 501/1000.
The last entry of errorHistory is 0.000056 for index 500471, 501/1000.
The last entry of errorHistory is 0.000022 for index 500472, 501/1000.
Terminated at swamp 1.
The last entry of errorHistory is 1.000001 for index 500473, 501/1000.
The last entry of errorHistory is 0.000043 for index 500474, 501/1000.
The last entry of errorHistory is 0.500000 for index 500475, 501/1000.
The last entry of errorHistory is 0.500000 for index 500476, 501/1000.
Terminated at swamp 0.5.
The last entry of errorHistory is 0.500131 for index 500477, 501/1000.
The last entry of errorHistory is 2.000000 for index 500478, 501/1000.
Terminated at swamp 1.
The last entry of errorHistory is 1.000000 for index 500479, 501/1000.
Terminated at swamp 0.5.
The last entry of errorHistory is 0.500457 for index 500480, 501/1000.
Terminated at swamp 0.5.
The last entry of errorHistory is 0.500368 for index 500481, 501/1000.
Terminated at swamp 0.5.
The last entry of errorHistory is 0.500560 for index 500482, 501/1000.
Terminated at swamp 1.
The last entry of errorHistory is 1.000011 for index 500483, 501/1000.
Terminated at swamp 1.
The last entry of errorHistory is 1.000335 for index 500484, 501/1000.
Terminated at swamp 1.
The last entry of errorHistory is 1.000137 for index 500485, 501/1000.
Terminated at swamp 0.5.
The last entry of errorHistory is 0.500543 for index 500486, 501/1000.
The last entry of errorHistory is 1.000000 for index 500487, 501/1000.
Terminated at swamp 0.5.
The last entry of errorHistory is 0.500503 for index 500488, 501/1000.
The last entry of errorHistory is 1.000000 for index 500489, 501/1000.
Terminated at swamp 1.
The last entry of errorHistory is 1.000095 for index 500490, 501/1000.
Terminated at swamp 0.5.
The last entry of errorHistory is 0.500260 for index 500491, 501/1000.
Terminated at swamp 0.5.
The last entry of errorHistory is 0.500503 for index 500492, 501/1000.
Terminated at swamp 1.
The last entry of errorHistory is 1.000147 for index 500493, 501/1000.
The last entry of errorHistory is 1.000000 for index 500494, 501/1000.
Terminated at swamp 0.5.
The last entry of errorHistory is 0.500129 for index 500495, 501/1000.
Terminated at swamp 0.5.
The last entry of errorHistory is 0.500005 for index 500496, 501/1000.
Terminated at swamp 0.5.
The last entry of errorHistory is 0.500515 for index 500497, 501/1000.
The last entry of errorHistory is 0.000013 for index 500498, 501/1000.
The last entry of errorHistory is 1.000000 for index 500499, 501/1000.
Terminated at swamp 0.5.
The last entry of errorHistory is 0.500549 for index 500500, 501/1000.
The last entry of errorHistory is 0.000027 for index 500501, 501/1000.
Terminated at swamp 0.5.
The last entry of errorHistory is 0.500518 for index 500502, 501/1000.
Terminated at swamp 0.5.
The last entry of errorHistory is 0.500165 for index 500503, 501/1000.
Terminated at swamp 1.
The last entry of errorHistory is 1.000177 for index 500504, 501/1000.
Terminated at swamp 0.5.
The last entry of errorHistory is 0.500126 for index 500505, 501/1000.
Terminated at swamp 0.5.
The last entry of errorHistory is 0.500273 for index 500506, 501/1000.
Terminated at swamp 0.5.
The last entry of errorHistory is 0.500513 for index 500507, 501/1000.
Terminated at swamp 0.5.
The last entry of errorHistory is 0.500568 for index 500508, 501/1000.
Terminated at swamp 0.5.
The last entry of errorHistory is 0.500227 for index 500509, 501/1000.
Terminated at swamp 0.5.
The last entry of errorHistory is 0.500016 for index 500510, 501/1000.
The last entry of errorHistory is 0.000017 for index 500511, 501/1000.
The last entry of errorHistory is 0.000451 for index 500512, 501/1000.
Terminated at swamp 0.5.
The last entry of errorHistory is 0.500123 for index 500513, 501/1000.
Terminated at swamp 0.5.
The last entry of errorHistory is 0.500341 for index 500514, 501/1000.
The last entry of errorHistory is 0.000036 for index 500515, 501/1000.
Terminated at swamp 0.5.
The last entry of errorHistory is 0.500297 for index 500516, 501/1000.
The last entry of errorHistory is 0.000023 for index 500517, 501/1000.
The last entry of errorHistory is 0.000086 for index 500518, 501/1000.
Terminated at swamp 0.5.
The last entry of errorHistory is 0.500118 for index 500519, 501/1000.
The last entry of errorHistory is 0.001032 for index 500520, 501/1000.
Terminated at swamp 0.5.
The last entry of errorHistory is 0.500577 for index 500521, 501/1000.
Terminated at swamp 0.5.
The last entry of errorHistory is 0.500700 for index 500522, 501/1000.
The last entry of errorHistory is 0.500000 for index 500523, 501/1000.
The last entry of errorHistory is 1.500000 for index 500524, 501/1000.
The last entry of errorHistory is 1.500000 for index 500525, 501/1000.
Terminated at swamp 1.
The last entry of errorHistory is 1.000104 for index 500526, 501/1000.
Terminated at swamp 0.5.
The last entry of errorHistory is 0.500002 for index 500527, 501/1000.
The last entry of errorHistory is 1.000000 for index 500528, 501/1000.
Terminated at swamp 0.5.
The last entry of errorHistory is 0.500138 for index 500529, 501/1000.
Terminated at swamp 0.5.
The last entry of errorHistory is 0.500000 for index 500530, 501/1000.
The last entry of errorHistory is 1.000000 for index 500531, 501/1000.
Terminated at swamp 0.5.
The last entry of errorHistory is 0.500302 for index 500532, 501/1000.
Terminated at swamp 0.5.
The last entry of errorHistory is 0.500320 for index 500533, 501/1000.
Terminated at swamp 0.5.
The last entry of errorHistory is 0.500543 for index 500534, 501/1000.
The last entry of errorHistory is 0.506114 for index 500535, 501/1000.
Terminated at swamp 1.
The last entry of errorHistory is 1.000328 for index 500536, 501/1000.
The last entry of errorHistory is 0.000025 for index 500537, 501/1000.
Terminated at swamp 0.5.
The last entry of errorHistory is 0.500045 for index 500538, 501/1000.
Terminated at swamp 0.5.
The last entry of errorHistory is 0.500281 for index 500539, 501/1000.
Terminated at swamp 0.5.
The last entry of errorHistory is 0.500468 for index 500540, 501/1000.
Terminated at swamp 1.
The last entry of errorHistory is 1.000164 for index 500541, 501/1000.
Terminated at swamp 0.5.
The last entry of errorHistory is 0.500470 for index 500542, 501/1000.
The last entry of errorHistory is 1.000000 for index 500543, 501/1000.
The last entry of errorHistory is 0.000593 for index 500544, 501/1000.
The last entry of errorHistory is 1.000000 for index 500545, 501/1000.
Terminated at swamp 0.5.
The last entry of errorHistory is 0.500501 for index 500546, 501/1000.
Terminated at swamp 0.5.
The last entry of errorHistory is 0.500560 for index 500547, 501/1000.
The last entry of errorHistory is 1.000000 for index 500548, 501/1000.
Terminated at swamp 0.5.
The last entry of errorHistory is 0.500181 for index 500549, 501/1000.
Terminated at swamp 0.5.
The last entry of errorHistory is 0.500225 for index 500550, 501/1000.
The last entry of errorHistory is 1.000000 for index 500551, 501/1000.
The last entry of errorHistory is 0.000014 for index 500552, 501/1000.
The last entry of errorHistory is 0.000015 for index 500553, 501/1000.
The last entry of errorHistory is 0.500000 for index 500554, 501/1000.
The last entry of errorHistory is 0.001048 for index 500555, 501/1000.
Terminated at swamp 0.5.
The last entry of errorHistory is 0.500672 for index 500556, 501/1000.
Terminated at swamp 1.
The last entry of errorHistory is 1.000335 for index 500557, 501/1000.
Terminated at swamp 0.5.
The last entry of errorHistory is 0.500606 for index 500558, 501/1000.
Terminated at swamp 0.5.
The last entry of errorHistory is 0.500644 for index 500559, 501/1000.
The last entry of errorHistory is 1.000000 for index 500560, 501/1000.
The last entry of errorHistory is 0.500000 for index 500561, 501/1000.
Terminated at swamp 1.
The last entry of errorHistory is 1.000041 for index 500562, 501/1000.
Terminated at swamp 0.5.
The last entry of errorHistory is 0.500717 for index 500563, 501/1000.
Terminated at swamp 1.
The last entry of errorHistory is 1.000334 for index 500564, 501/1000.
The last entry of errorHistory is 1.000000 for index 500565, 501/1000.
Terminated at swamp 0.5.
The last entry of errorHistory is 0.500430 for index 500566, 501/1000.
Terminated at swamp 1.
The last entry of errorHistory is 1.000000 for index 500567, 501/1000.
The last entry of errorHistory is 1.000000 for index 500568, 501/1000.
Terminated at swamp 0.5.
The last entry of errorHistory is 0.500658 for index 500569, 501/1000.
The last entry of errorHistory is 0.000016 for index 500570, 501/1000.
The last entry of errorHistory is 1.000000 for index 500571, 501/1000.
Terminated at swamp 0.5.
The last entry of errorHistory is 0.500324 for index 500572, 501/1000.
Terminated at swamp 0.5.
The last entry of errorHistory is 0.500581 for index 500573, 501/1000.
Terminated at swamp 0.5.
The last entry of errorHistory is 0.500109 for index 500574, 501/1000.
The last entry of errorHistory is 0.000034 for index 500575, 501/1000.
The last entry of errorHistory is 1.000000 for index 500576, 501/1000.
Terminated at swamp 0.5.
The last entry of errorHistory is 0.500003 for index 500577, 501/1000.
Terminated at swamp 0.5.
The last entry of errorHistory is 0.500051 for index 500578, 501/1000.
The last entry of errorHistory is 0.500000 for index 500579, 501/1000.
The last entry of errorHistory is 1.000000 for index 500580, 501/1000.
Terminated at swamp 0.5.
The last entry of errorHistory is 0.500859 for index 500581, 501/1000.
The last entry of errorHistory is 1.000000 for index 500582, 501/1000.
Terminated at swamp 1.
The last entry of errorHistory is 1.000000 for index 500583, 501/1000.
Terminated at swamp 1.
The last entry of errorHistory is 1.000022 for index 500584, 501/1000.
Terminated at swamp 0.5.
The last entry of errorHistory is 0.500555 for index 500585, 501/1000.
Terminated at swamp 1.
The last entry of errorHistory is 1.000294 for index 500586, 501/1000.
The last entry of errorHistory is 1.500000 for index 500587, 501/1000.
The last entry of errorHistory is 1.500000 for index 500588, 501/1000.
The last entry of errorHistory is 0.000013 for index 500589, 501/1000.
The last entry of errorHistory is 0.500000 for index 500590, 501/1000.
Terminated at swamp 0.5.
The last entry of errorHistory is 0.500392 for index 500591, 501/1000.
Terminated at swamp 0.5.
The last entry of errorHistory is 0.500368 for index 500592, 501/1000.
Terminated at swamp 0.5.
The last entry of errorHistory is 0.500447 for index 500593, 501/1000.
Terminated at swamp 0.5.
The last entry of errorHistory is 0.500443 for index 500594, 501/1000.
Terminated at swamp 0.5.
The last entry of errorHistory is 0.500665 for index 500595, 501/1000.
Terminated at swamp 0.5.
The last entry of errorHistory is 0.500364 for index 500596, 501/1000.
The last entry of errorHistory is 1.000000 for index 500597, 501/1000.
The last entry of errorHistory is 1.000000 for index 500598, 501/1000.
Terminated at swamp 0.5.
The last entry of errorHistory is 0.500528 for index 500599, 501/1000.
Terminated at swamp 1.
The last entry of errorHistory is 1.000309 for index 500600, 501/1000.
Terminated at swamp 0.5.
The last entry of errorHistory is 0.500428 for index 500601, 501/1000.
Terminated at swamp 0.5.
The last entry of errorHistory is 0.500479 for index 500602, 501/1000.
The last entry of errorHistory is 0.000020 for index 500603, 501/1000.
Terminated at swamp 0.5.
The last entry of errorHistory is 0.500614 for index 500604, 501/1000.
The last entry of errorHistory is 0.000437 for index 500605, 501/1000.
The last entry of errorHistory is 1.000000 for index 500606, 501/1000.
Terminated at swamp 0.5.
The last entry of errorHistory is 0.500060 for index 500607, 501/1000.
Terminated at swamp 0.5.
The last entry of errorHistory is 0.500037 for index 500608, 501/1000.
Terminated at swamp 1.
The last entry of errorHistory is 1.000191 for index 500609, 501/1000.
Terminated at swamp 0.5.
The last entry of errorHistory is 0.500394 for index 500610, 501/1000.
The last entry of errorHistory is 1.000000 for index 500611, 501/1000.
Terminated at swamp 0.5.
The last entry of errorHistory is 0.500451 for index 500612, 501/1000.
Terminated at swamp 0.5.
The last entry of errorHistory is 0.500699 for index 500613, 501/1000.
The last entry of errorHistory is 1.000000 for index 500614, 501/1000.
The last entry of errorHistory is 1.000000 for index 500615, 501/1000.
Terminated at swamp 1.
The last entry of errorHistory is 1.000416 for index 500616, 501/1000.
Terminated at swamp 0.5.
The last entry of errorHistory is 0.500057 for index 500617, 501/1000.
Terminated at swamp 0.5.
The last entry of errorHistory is 0.500251 for index 500618, 501/1000.
Terminated at swamp 0.5.
The last entry of errorHistory is 0.500208 for index 500619, 501/1000.
Terminated at swamp 1.
The last entry of errorHistory is 1.000016 for index 500620, 501/1000.
Terminated at swamp 0.5.
The last entry of errorHistory is 0.500277 for index 500621, 501/1000.
Terminated at swamp 0.5.
The last entry of errorHistory is 0.500899 for index 500622, 501/1000.
The last entry of errorHistory is 1.000000 for index 500623, 501/1000.
The last entry of errorHistory is 0.000013 for index 500624, 501/1000.
The last entry of errorHistory is 0.000008 for index 500625, 501/1000.
Terminated at swamp 0.5.
The last entry of errorHistory is 0.500559 for index 500626, 501/1000.
The last entry of errorHistory is 0.500000 for index 500627, 501/1000.
Terminated at swamp 0.5.
The last entry of errorHistory is 0.500477 for index 500628, 501/1000.
Terminated at swamp 0.5.
The last entry of errorHistory is 0.500320 for index 500629, 501/1000.
Terminated at swamp 1.
The last entry of errorHistory is 1.000252 for index 500630, 501/1000.
Terminated at swamp 0.5.
The last entry of errorHistory is 0.500410 for index 500631, 501/1000.
The last entry of errorHistory is 0.000020 for index 500632, 501/1000.
Terminated at swamp 0.5.
The last entry of errorHistory is 0.500342 for index 500633, 501/1000.
Terminated at swamp 0.5.
The last entry of errorHistory is 0.500576 for index 500634, 501/1000.
Terminated at swamp 0.5.
The last entry of errorHistory is 0.500518 for index 500635, 501/1000.
Terminated at swamp 1.
The last entry of errorHistory is 1.000308 for index 500636, 501/1000.
The last entry of errorHistory is 1.500000 for index 500637, 501/1000.
The last entry of errorHistory is 1.500000 for index 500638, 501/1000.
The last entry of errorHistory is 0.000015 for index 500639, 501/1000.
The last entry of errorHistory is 1.000000 for index 500640, 501/1000.
Terminated at swamp 0.5.
The last entry of errorHistory is 0.500227 for index 500641, 501/1000.
The last entry of errorHistory is 1.000000 for index 500642, 501/1000.
The last entry of errorHistory is 1.000000 for index 500643, 501/1000.
The last entry of errorHistory is 1.000000 for index 500644, 501/1000.
Terminated at swamp 0.5.
The last entry of errorHistory is 0.500580 for index 500645, 501/1000.
Terminated at swamp 0.5.
The last entry of errorHistory is 0.500389 for index 500646, 501/1000.
Terminated at swamp 0.5.
The last entry of errorHistory is 0.500219 for index 500647, 501/1000.
Terminated at swamp 1.
The last entry of errorHistory is 1.000004 for index 500648, 501/1000.
Terminated at swamp 1.
The last entry of errorHistory is 1.000058 for index 500649, 501/1000.
The last entry of errorHistory is 1.000000 for index 500650, 501/1000.
Terminated at swamp 0.5.
The last entry of errorHistory is 0.500000 for index 500651, 501/1000.
The last entry of errorHistory is 0.500000 for index 500652, 501/1000.
The last entry of errorHistory is 1.500000 for index 500653, 501/1000.
Terminated at swamp 0.5.
The last entry of errorHistory is 0.500140 for index 500654, 501/1000.
Terminated at swamp 1.
The last entry of errorHistory is 1.000436 for index 500655, 501/1000.
Terminated at swamp 1.
The last entry of errorHistory is 1.000948 for index 500656, 501/1000.
Terminated at swamp 0.5.
The last entry of errorHistory is 0.500065 for index 500657, 501/1000.
Terminated at swamp 0.5.
The last entry of errorHistory is 0.500412 for index 500658, 501/1000.
The last entry of errorHistory is 0.500000 for index 500659, 501/1000.
Terminated at swamp 1.
The last entry of errorHistory is 1.000137 for index 500660, 501/1000.
The last entry of errorHistory is 1.000000 for index 500661, 501/1000.
The last entry of errorHistory is 0.000460 for index 500662, 501/1000.
Terminated at swamp 0.5.
The last entry of errorHistory is 0.500782 for index 500663, 501/1000.
The last entry of errorHistory is 0.500000 for index 500664, 501/1000.
Terminated at swamp 0.5.
The last entry of errorHistory is 0.500064 for index 500665, 501/1000.
The last entry of errorHistory is 1.000000 for index 500666, 501/1000.
Terminated at swamp 1.
The last entry of errorHistory is 1.000002 for index 500667, 501/1000.
The last entry of errorHistory is 1.000000 for index 500668, 501/1000.
Terminated at swamp 0.5.
The last entry of errorHistory is 0.500312 for index 500669, 501/1000.
The last entry of errorHistory is 0.000014 for index 500670, 501/1000.
Terminated at swamp 0.5.
The last entry of errorHistory is 0.500581 for index 500671, 501/1000.
The last entry of errorHistory is 1.000000 for index 500672, 501/1000.
Terminated at swamp 1.
The last entry of errorHistory is 1.000009 for index 500673, 501/1000.
The last entry of errorHistory is 0.000027 for index 500674, 501/1000.
Terminated at swamp 0.5.
The last entry of errorHistory is 0.500225 for index 500675, 501/1000.
Terminated at swamp 0.5.
The last entry of errorHistory is 0.500469 for index 500676, 501/1000.
Terminated at swamp 0.5.
The last entry of errorHistory is 0.500154 for index 500677, 501/1000.
Terminated at swamp 0.5.
The last entry of errorHistory is 0.500080 for index 500678, 501/1000.
Terminated at swamp 1.
The last entry of errorHistory is 1.000062 for index 500679, 501/1000.
The last entry of errorHistory is 0.500000 for index 500680, 501/1000.
The last entry of errorHistory is 1.500000 for index 500681, 501/1000.
The last entry of errorHistory is 0.000320 for index 500682, 501/1000.
Terminated at swamp 1.
The last entry of errorHistory is 1.000001 for index 500683, 501/1000.
Terminated at swamp 0.5.
The last entry of errorHistory is 0.500331 for index 500684, 501/1000.
Terminated at swamp 0.5.
The last entry of errorHistory is 0.500384 for index 500685, 501/1000.
Terminated at swamp 0.5.
The last entry of errorHistory is 0.500466 for index 500686, 501/1000.
Terminated at swamp 0.5.
The last entry of errorHistory is 0.500001 for index 500687, 501/1000.
Terminated at swamp 0.5.
The last entry of errorHistory is 0.500407 for index 500688, 501/1000.
The last entry of errorHistory is 1.500000 for index 500689, 501/1000.
Terminated at swamp 0.5.
The last entry of errorHistory is 0.500327 for index 500690, 501/1000.
The last entry of errorHistory is 1.000000 for index 500691, 501/1000.
Terminated at swamp 0.5.
The last entry of errorHistory is 0.500114 for index 500692, 501/1000.
Terminated at swamp 1.
The last entry of errorHistory is 1.000028 for index 500693, 501/1000.
The last entry of errorHistory is 1.000000 for index 500694, 501/1000.
Terminated at swamp 1.
The last entry of errorHistory is 1.000148 for index 500695, 501/1000.
Terminated at swamp 1.
The last entry of errorHistory is 1.000000 for index 500696, 501/1000.
The last entry of errorHistory is 1.000000 for index 500697, 501/1000.
The last entry of errorHistory is 1.000000 for index 500698, 501/1000.
Terminated at swamp 0.5.
The last entry of errorHistory is 0.500422 for index 500699, 501/1000.
The last entry of errorHistory is 1.000000 for index 500700, 501/1000.
Terminated at swamp 1.
The last entry of errorHistory is 1.000009 for index 500701, 501/1000.
The last entry of errorHistory is 1.000000 for index 500702, 501/1000.
The last entry of errorHistory is 1.500000 for index 500703, 501/1000.
The last entry of errorHistory is 0.000025 for index 500704, 501/1000.
Terminated at swamp 0.5.
The last entry of errorHistory is 0.500485 for index 500705, 501/1000.
Terminated at swamp 0.5.
The last entry of errorHistory is 0.500591 for index 500706, 501/1000.
Terminated at swamp 0.5.
The last entry of errorHistory is 0.500218 for index 500707, 501/1000.
Terminated at swamp 1.
The last entry of errorHistory is 1.000347 for index 500708, 501/1000.
Terminated at swamp 0.5.
The last entry of errorHistory is 0.500000 for index 500709, 501/1000.
Terminated at swamp 0.5.
The last entry of errorHistory is 0.500510 for index 500710, 501/1000.
Terminated at swamp 0.5.
The last entry of errorHistory is 0.500738 for index 500711, 501/1000.
Terminated at swamp 0.5.
The last entry of errorHistory is 0.500529 for index 500712, 501/1000.
Terminated at swamp 0.5.
The last entry of errorHistory is 0.500458 for index 500713, 501/1000.
The last entry of errorHistory is 1.000000 for index 500714, 501/1000.
Terminated at swamp 0.5.
The last entry of errorHistory is 0.500622 for index 500715, 501/1000.
The last entry of errorHistory is 0.000375 for index 500716, 501/1000.
The last entry of errorHistory is 0.500000 for index 500717, 501/1000.
The last entry of errorHistory is 0.000025 for index 500718, 501/1000.
Terminated at swamp 0.5.
The last entry of errorHistory is 0.500517 for index 500719, 501/1000.
Terminated at swamp 0.5.
The last entry of errorHistory is 0.500024 for index 500720, 501/1000.
Terminated at swamp 0.5.
The last entry of errorHistory is 0.500420 for index 500721, 501/1000.
The last entry of errorHistory is 1.000000 for index 500722, 501/1000.
The last entry of errorHistory is 0.000062 for index 500723, 501/1000.
Terminated at swamp 0.5.
The last entry of errorHistory is 0.500634 for index 500724, 501/1000.
Terminated at swamp 0.5.
The last entry of errorHistory is 0.500435 for index 500725, 501/1000.
Terminated at swamp 1.
The last entry of errorHistory is 1.000043 for index 500726, 501/1000.
Terminated at swamp 0.5.
The last entry of errorHistory is 0.500437 for index 500727, 501/1000.
The last entry of errorHistory is 0.500000 for index 500728, 501/1000.
The last entry of errorHistory is 1.000000 for index 500729, 501/1000.
Terminated at swamp 0.5.
The last entry of errorHistory is 0.500910 for index 500730, 501/1000.
Terminated at swamp 0.5.
The last entry of errorHistory is 0.500336 for index 500731, 501/1000.
The last entry of errorHistory is 0.500000 for index 500732, 501/1000.
The last entry of errorHistory is 0.000657 for index 500733, 501/1000.
The last entry of errorHistory is 0.000564 for index 500734, 501/1000.
Terminated at swamp 0.5.
The last entry of errorHistory is 0.500085 for index 500735, 501/1000.
Terminated at swamp 0.5.
The last entry of errorHistory is 0.500449 for index 500736, 501/1000.
The last entry of errorHistory is 0.000027 for index 500737, 501/1000.
Terminated at swamp 0.5.
The last entry of errorHistory is 0.500188 for index 500738, 501/1000.
The last entry of errorHistory is 0.500000 for index 500739, 501/1000.
Terminated at swamp 0.5.
The last entry of errorHistory is 0.500120 for index 500740, 501/1000.
Terminated at swamp 0.5.
The last entry of errorHistory is 0.500209 for index 500741, 501/1000.
Terminated at swamp 1.
The last entry of errorHistory is 1.000153 for index 500742, 501/1000.
Terminated at swamp 0.5.
The last entry of errorHistory is 0.500153 for index 500743, 501/1000.
Terminated at swamp 0.5.
The last entry of errorHistory is 0.500898 for index 500744, 501/1000.
Terminated at swamp 0.5.
The last entry of errorHistory is 0.500395 for index 500745, 501/1000.
The last entry of errorHistory is 0.500000 for index 500746, 501/1000.
Terminated at swamp 0.5.
The last entry of errorHistory is 0.500647 for index 500747, 501/1000.
The last entry of errorHistory is 1.000000 for index 500748, 501/1000.
The last entry of errorHistory is 1.000000 for index 500749, 501/1000.
Terminated at swamp 0.5.
The last entry of errorHistory is 0.500774 for index 500750, 501/1000.
Terminated at swamp 0.5.
The last entry of errorHistory is 0.500671 for index 500751, 501/1000.
The last entry of errorHistory is 1.500000 for index 500752, 501/1000.
The last entry of errorHistory is 1.000000 for index 500753, 501/1000.
Terminated at swamp 0.5.
The last entry of errorHistory is 0.500452 for index 500754, 501/1000.
Terminated at swamp 0.5.
The last entry of errorHistory is 0.500101 for index 500755, 501/1000.
The last entry of errorHistory is 1.000000 for index 500756, 501/1000.
The last entry of errorHistory is 1.000000 for index 500757, 501/1000.
Terminated at swamp 0.5.
The last entry of errorHistory is 0.500000 for index 500758, 501/1000.
Terminated at swamp 1.
The last entry of errorHistory is 1.000045 for index 500759, 501/1000.
The last entry of errorHistory is 1.000000 for index 500760, 501/1000.
Terminated at swamp 1.
The last entry of errorHistory is 1.000000 for index 500761, 501/1000.
The last entry of errorHistory is 1.000000 for index 500762, 501/1000.
Terminated at swamp 0.5.
The last entry of errorHistory is 0.500555 for index 500763, 501/1000.
Terminated at swamp 0.5.
The last entry of errorHistory is 0.500372 for index 500764, 501/1000.
The last entry of errorHistory is 0.000009 for index 500765, 501/1000.
The last entry of errorHistory is 1.000000 for index 500766, 501/1000.
Terminated at swamp 0.5.
The last entry of errorHistory is 0.500599 for index 500767, 501/1000.
Terminated at swamp 0.5.
The last entry of errorHistory is 0.500243 for index 500768, 501/1000.
Terminated at swamp 0.5.
The last entry of errorHistory is 0.500000 for index 500769, 501/1000.
Terminated at swamp 0.5.
The last entry of errorHistory is 0.500439 for index 500770, 501/1000.
Terminated at swamp 0.5.
The last entry of errorHistory is 0.500178 for index 500771, 501/1000.
The last entry of errorHistory is 0.000020 for index 500772, 501/1000.
The last entry of errorHistory is 1.000000 for index 500773, 501/1000.
The last entry of errorHistory is 1.000000 for index 500774, 501/1000.
Terminated at swamp 0.5.
The last entry of errorHistory is 0.500329 for index 500775, 501/1000.
Terminated at swamp 0.5.
The last entry of errorHistory is 0.500655 for index 500776, 501/1000.
Terminated at swamp 1.
The last entry of errorHistory is 1.000085 for index 500777, 501/1000.
The last entry of errorHistory is 1.000000 for index 500778, 501/1000.
Terminated at swamp 1.
The last entry of errorHistory is 1.000133 for index 500779, 501/1000.
Terminated at swamp 0.5.
The last entry of errorHistory is 0.500626 for index 500780, 501/1000.
The last entry of errorHistory is 1.500000 for index 500781, 501/1000.
The last entry of errorHistory is 0.500000 for index 500782, 501/1000.
Terminated at swamp 0.5.
The last entry of errorHistory is 0.500183 for index 500783, 501/1000.
The last entry of errorHistory is 1.000000 for index 500784, 501/1000.
Terminated at swamp 1.
The last entry of errorHistory is 1.000404 for index 500785, 501/1000.
Terminated at swamp 0.5.
The last entry of errorHistory is 0.500522 for index 500786, 501/1000.
The last entry of errorHistory is 0.500000 for index 500787, 501/1000.
The last entry of errorHistory is 1.500000 for index 500788, 501/1000.
The last entry of errorHistory is 1.000000 for index 500789, 501/1000.
Terminated at swamp 1.
The last entry of errorHistory is 1.000000 for index 500790, 501/1000.
Terminated at swamp 0.5.
The last entry of errorHistory is 0.500316 for index 500791, 501/1000.
Terminated at swamp 0.5.
The last entry of errorHistory is 0.500615 for index 500792, 501/1000.
Terminated at swamp 0.5.
The last entry of errorHistory is 0.500403 for index 500793, 501/1000.
The last entry of errorHistory is 0.000033 for index 500794, 501/1000.
The last entry of errorHistory is 0.000024 for index 500795, 501/1000.
Terminated at swamp 1.
The last entry of errorHistory is 1.000433 for index 500796, 501/1000.
Terminated at swamp 0.5.
The last entry of errorHistory is 0.500656 for index 500797, 501/1000.
Terminated at swamp 0.5.
The last entry of errorHistory is 0.500941 for index 500798, 501/1000.
Terminated at swamp 1.
The last entry of errorHistory is 1.000093 for index 500799, 501/1000.
Terminated at swamp 1.
The last entry of errorHistory is 1.000004 for index 500800, 501/1000.
The last entry of errorHistory is 1.000000 for index 500801, 501/1000.
The last entry of errorHistory is 1.000000 for index 500802, 501/1000.
The last entry of errorHistory is 1.000000 for index 500803, 501/1000.
The last entry of errorHistory is 0.000019 for index 500804, 501/1000.
The last entry of errorHistory is 0.500000 for index 500805, 501/1000.
Terminated at swamp 0.5.
The last entry of errorHistory is 0.500465 for index 500806, 501/1000.
The last entry of errorHistory is 0.000013 for index 500807, 501/1000.
Terminated at swamp 0.5.
The last entry of errorHistory is 0.500509 for index 500808, 501/1000.
The last entry of errorHistory is 0.000019 for index 500809, 501/1000.
The last entry of errorHistory is 1.500000 for index 500810, 501/1000.
Terminated at swamp 0.5.
The last entry of errorHistory is 0.500515 for index 500811, 501/1000.
The last entry of errorHistory is 1.000000 for index 500812, 501/1000.
The last entry of errorHistory is 1.000000 for index 500813, 501/1000.
Terminated at swamp 0.5.
The last entry of errorHistory is 0.500451 for index 500814, 501/1000.
The last entry of errorHistory is 0.000026 for index 500815, 501/1000.
The last entry of errorHistory is 0.000263 for index 500816, 501/1000.
Terminated at swamp 1.
The last entry of errorHistory is 1.000000 for index 500817, 501/1000.
The last entry of errorHistory is 1.000000 for index 500818, 501/1000.
Terminated at swamp 0.5.
The last entry of errorHistory is 0.500872 for index 500819, 501/1000.
The last entry of errorHistory is 0.000026 for index 500820, 501/1000.
Terminated at swamp 0.5.
The last entry of errorHistory is 0.500133 for index 500821, 501/1000.
The last entry of errorHistory is 1.000000 for index 500822, 501/1000.
Terminated at swamp 0.5.
The last entry of errorHistory is 0.500156 for index 500823, 501/1000.
Terminated at swamp 0.5.
The last entry of errorHistory is 0.500213 for index 500824, 501/1000.
The last entry of errorHistory is 1.000000 for index 500825, 501/1000.
Terminated at swamp 0.5.
The last entry of errorHistory is 0.500306 for index 500826, 501/1000.
Terminated at swamp 0.5.
The last entry of errorHistory is 0.500176 for index 500827, 501/1000.
The last entry of errorHistory is 0.000040 for index 500828, 501/1000.
Terminated at swamp 1.
The last entry of errorHistory is 1.000000 for index 500829, 501/1000.
The last entry of errorHistory is 0.000059 for index 500830, 501/1000.
The last entry of errorHistory is 0.000040 for index 500831, 501/1000.
The last entry of errorHistory is 0.000012 for index 500832, 501/1000.
Terminated at swamp 1.
The last entry of errorHistory is 1.000258 for index 500833, 501/1000.
The last entry of errorHistory is 0.500000 for index 500834, 501/1000.
Terminated at swamp 0.5.
The last entry of errorHistory is 0.500445 for index 500835, 501/1000.
The last entry of errorHistory is 1.500000 for index 500836, 501/1000.
The last entry of errorHistory is 1.000000 for index 500837, 501/1000.
Terminated at swamp 1.
The last entry of errorHistory is 1.000000 for index 500838, 501/1000.
The last entry of errorHistory is 1.000000 for index 500839, 501/1000.
Terminated at swamp 0.5.
The last entry of errorHistory is 0.500123 for index 500840, 501/1000.
Terminated at swamp 1.
The last entry of errorHistory is 1.000147 for index 500841, 501/1000.
Terminated at swamp 0.5.
The last entry of errorHistory is 0.500552 for index 500842, 501/1000.
Terminated at swamp 1.
The last entry of errorHistory is 1.000123 for index 500843, 501/1000.
Terminated at swamp 0.5.
The last entry of errorHistory is 0.500626 for index 500844, 501/1000.
The last entry of errorHistory is 1.000000 for index 500845, 501/1000.
The last entry of errorHistory is 0.000015 for index 500846, 501/1000.
Terminated at swamp 0.5.
The last entry of errorHistory is 0.500507 for index 500847, 501/1000.
The last entry of errorHistory is 0.500000 for index 500848, 501/1000.
Terminated at swamp 1.
The last entry of errorHistory is 1.000363 for index 500849, 501/1000.
Terminated at swamp 0.5.
The last entry of errorHistory is 0.500491 for index 500850, 501/1000.
Terminated at swamp 1.
The last entry of errorHistory is 1.000472 for index 500851, 501/1000.
Terminated at swamp 0.5.
The last entry of errorHistory is 0.500333 for index 500852, 501/1000.
Terminated at swamp 1.
The last entry of errorHistory is 1.000370 for index 500853, 501/1000.
Terminated at swamp 0.5.
The last entry of errorHistory is 0.500031 for index 500854, 501/1000.
The last entry of errorHistory is 1.500000 for index 500855, 501/1000.
The last entry of errorHistory is 1.000000 for index 500856, 501/1000.
Terminated at swamp 0.5.
The last entry of errorHistory is 0.500023 for index 500857, 501/1000.
Terminated at swamp 0.5.
The last entry of errorHistory is 0.500436 for index 500858, 501/1000.
Terminated at swamp 1.
The last entry of errorHistory is 1.000035 for index 500859, 501/1000.
The last entry of errorHistory is 1.000000 for index 500860, 501/1000.
Terminated at swamp 0.5.
The last entry of errorHistory is 0.500067 for index 500861, 501/1000.
The last entry of errorHistory is 1.000000 for index 500862, 501/1000.
Terminated at swamp 0.5.
The last entry of errorHistory is 0.500327 for index 500863, 501/1000.
Terminated at swamp 0.5.
The last entry of errorHistory is 0.500443 for index 500864, 501/1000.
Terminated at swamp 0.5.
The last entry of errorHistory is 0.500405 for index 500865, 501/1000.
Terminated at swamp 0.5.
The last entry of errorHistory is 0.500117 for index 500866, 501/1000.
The last entry of errorHistory is 0.500000 for index 500867, 501/1000.
The last entry of errorHistory is 1.000000 for index 500868, 501/1000.
Terminated at swamp 1.
The last entry of errorHistory is 1.000001 for index 500869, 501/1000.
Terminated at swamp 0.5.
The last entry of errorHistory is 0.500537 for index 500870, 501/1000.
The last entry of errorHistory is 0.000289 for index 500871, 501/1000.
The last entry of errorHistory is 0.000034 for index 500872, 501/1000.
Terminated at swamp 0.5.
The last entry of errorHistory is 0.500032 for index 500873, 501/1000.
Terminated at swamp 1.
The last entry of errorHistory is 1.000046 for index 500874, 501/1000.
Terminated at swamp 0.5.
The last entry of errorHistory is 0.500094 for index 500875, 501/1000.
Terminated at swamp 0.5.
The last entry of errorHistory is 0.500607 for index 500876, 501/1000.
Terminated at swamp 1.
The last entry of errorHistory is 1.000111 for index 500877, 501/1000.
Terminated at swamp 1.
The last entry of errorHistory is 1.000001 for index 500878, 501/1000.
Terminated at swamp 0.5.
The last entry of errorHistory is 0.500031 for index 500879, 501/1000.
Terminated at swamp 0.5.
The last entry of errorHistory is 0.500066 for index 500880, 501/1000.
Terminated at swamp 0.5.
The last entry of errorHistory is 0.500000 for index 500881, 501/1000.
Terminated at swamp 0.5.
The last entry of errorHistory is 0.500644 for index 500882, 501/1000.
The last entry of errorHistory is 1.000000 for index 500883, 501/1000.
The last entry of errorHistory is 1.000000 for index 500884, 501/1000.
Terminated at swamp 0.5.
The last entry of errorHistory is 0.500293 for index 500885, 501/1000.
Terminated at swamp 0.5.
The last entry of errorHistory is 0.500533 for index 500886, 501/1000.
Terminated at swamp 0.5.
The last entry of errorHistory is 0.500473 for index 500887, 501/1000.
The last entry of errorHistory is 1.000000 for index 500888, 501/1000.
Terminated at swamp 1.
The last entry of errorHistory is 1.000002 for index 500889, 501/1000.
Terminated at swamp 0.5.
The last entry of errorHistory is 0.500578 for index 500890, 501/1000.
Terminated at swamp 0.5.
The last entry of errorHistory is 0.500424 for index 500891, 501/1000.
Terminated at swamp 0.5.
The last entry of errorHistory is 0.500375 for index 500892, 501/1000.
Terminated at swamp 0.5.
The last entry of errorHistory is 0.500441 for index 500893, 501/1000.
Terminated at swamp 1.
The last entry of errorHistory is 1.000397 for index 500894, 501/1000.
Terminated at swamp 0.5.
The last entry of errorHistory is 0.500485 for index 500895, 501/1000.
Terminated at swamp 0.5.
The last entry of errorHistory is 0.500493 for index 500896, 501/1000.
The last entry of errorHistory is 0.500000 for index 500897, 501/1000.
Terminated at swamp 0.5.
The last entry of errorHistory is 0.500299 for index 500898, 501/1000.
The last entry of errorHistory is 1.000000 for index 500899, 501/1000.
Terminated at swamp 0.5.
The last entry of errorHistory is 0.500089 for index 500900, 501/1000.
Terminated at swamp 0.5.
The last entry of errorHistory is 0.500591 for index 500901, 501/1000.
Terminated at swamp 0.5.
The last entry of errorHistory is 0.500323 for index 500902, 501/1000.
Terminated at swamp 0.5.
The last entry of errorHistory is 0.500240 for index 500903, 501/1000.
Terminated at swamp 1.
The last entry of errorHistory is 1.000001 for index 500904, 501/1000.
The last entry of errorHistory is 0.000009 for index 500905, 501/1000.
Terminated at swamp 0.5.
The last entry of errorHistory is 0.500390 for index 500906, 501/1000.
The last entry of errorHistory is 0.000012 for index 500907, 501/1000.
Terminated at swamp 0.5.
The last entry of errorHistory is 0.500009 for index 500908, 501/1000.
The last entry of errorHistory is 0.000033 for index 500909, 501/1000.
Terminated at swamp 0.5.
The last entry of errorHistory is 0.500454 for index 500910, 501/1000.
The last entry of errorHistory is 1.000000 for index 500911, 501/1000.
Terminated at swamp 0.5.
The last entry of errorHistory is 0.500639 for index 500912, 501/1000.
The last entry of errorHistory is 0.500000 for index 500913, 501/1000.
The last entry of errorHistory is 1.000000 for index 500914, 501/1000.
The last entry of errorHistory is 0.500000 for index 500915, 501/1000.
The last entry of errorHistory is 1.000000 for index 500916, 501/1000.
Terminated at swamp 0.5.
The last entry of errorHistory is 0.500435 for index 500917, 501/1000.
Terminated at swamp 0.5.
The last entry of errorHistory is 0.500027 for index 500918, 501/1000.
Terminated at swamp 0.5.
The last entry of errorHistory is 0.500495 for index 500919, 501/1000.
Terminated at swamp 1.
The last entry of errorHistory is 1.000391 for index 500920, 501/1000.
Terminated at swamp 0.5.
The last entry of errorHistory is 0.500190 for index 500921, 501/1000.
Terminated at swamp 0.5.
The last entry of errorHistory is 0.500041 for index 500922, 501/1000.
Terminated at swamp 1.
The last entry of errorHistory is 1.000010 for index 500923, 501/1000.
Terminated at swamp 0.5.
The last entry of errorHistory is 0.500380 for index 500924, 501/1000.
The last entry of errorHistory is 0.000026 for index 500925, 501/1000.
The last entry of errorHistory is 0.000013 for index 500926, 501/1000.
Terminated at swamp 0.5.
The last entry of errorHistory is 0.500474 for index 500927, 501/1000.
Terminated at swamp 0.5.
The last entry of errorHistory is 0.500484 for index 500928, 501/1000.
The last entry of errorHistory is 0.000012 for index 500929, 501/1000.
Terminated at swamp 0.5.
The last entry of errorHistory is 0.500924 for index 500930, 501/1000.
Terminated at swamp 0.5.
The last entry of errorHistory is 0.500610 for index 500931, 501/1000.
Terminated at swamp 0.5.
The last entry of errorHistory is 0.500586 for index 500932, 501/1000.
Terminated at swamp 1.
The last entry of errorHistory is 1.000147 for index 500933, 501/1000.
Terminated at swamp 0.5.
The last entry of errorHistory is 0.500442 for index 500934, 501/1000.
Terminated at swamp 0.5.
The last entry of errorHistory is 0.500081 for index 500935, 501/1000.
Terminated at swamp 1.
The last entry of errorHistory is 1.000106 for index 500936, 501/1000.
The last entry of errorHistory is 1.500000 for index 500937, 501/1000.
Terminated at swamp 1.
The last entry of errorHistory is 1.000201 for index 500938, 501/1000.
Terminated at swamp 1.
The last entry of errorHistory is 1.000027 for index 500939, 501/1000.
Terminated at swamp 0.5.
The last entry of errorHistory is 0.500673 for index 500940, 501/1000.
Terminated at swamp 0.5.
The last entry of errorHistory is 0.500461 for index 500941, 501/1000.
The last entry of errorHistory is 1.000000 for index 500942, 501/1000.
The last entry of errorHistory is 1.000000 for index 500943, 501/1000.
The last entry of errorHistory is 0.500000 for index 500944, 501/1000.
The last entry of errorHistory is 1.000000 for index 500945, 501/1000.
The last entry of errorHistory is 1.000000 for index 500946, 501/1000.
Terminated at swamp 0.5.
The last entry of errorHistory is 0.500452 for index 500947, 501/1000.
The last entry of errorHistory is 1.000000 for index 500948, 501/1000.
The last entry of errorHistory is 0.000035 for index 500949, 501/1000.
The last entry of errorHistory is 0.000461 for index 500950, 501/1000.
Terminated at swamp 1.
The last entry of errorHistory is 1.000001 for index 500951, 501/1000.
Terminated at swamp 0.5.
The last entry of errorHistory is 0.500223 for index 500952, 501/1000.
The last entry of errorHistory is 1.000000 for index 500953, 501/1000.
The last entry of errorHistory is 1.000000 for index 500954, 501/1000.
Terminated at swamp 0.5.
The last entry of errorHistory is 0.500474 for index 500955, 501/1000.
Terminated at swamp 1.
The last entry of errorHistory is 1.000044 for index 500956, 501/1000.
Terminated at swamp 1.
The last entry of errorHistory is 1.000000 for index 500957, 501/1000.
Terminated at swamp 0.5.
The last entry of errorHistory is 0.500031 for index 500958, 501/1000.
Terminated at swamp 1.
The last entry of errorHistory is 1.000009 for index 500959, 501/1000.
The last entry of errorHistory is 1.500000 for index 500960, 501/1000.
The last entry of errorHistory is 0.000839 for index 500961, 501/1000.
Terminated at swamp 0.5.
The last entry of errorHistory is 0.500466 for index 500962, 501/1000.
Terminated at swamp 0.5.
The last entry of errorHistory is 0.500492 for index 500963, 501/1000.
The last entry of errorHistory is 0.500000 for index 500964, 501/1000.
Terminated at swamp 0.5.
The last entry of errorHistory is 0.500517 for index 500965, 501/1000.
Terminated at swamp 0.5.
The last entry of errorHistory is 0.500614 for index 500966, 501/1000.
Terminated at swamp 0.5.
The last entry of errorHistory is 0.500293 for index 500967, 501/1000.
The last entry of errorHistory is 1.000000 for index 500968, 501/1000.
The last entry of errorHistory is 1.000000 for index 500969, 501/1000.
Terminated at swamp 0.5.
The last entry of errorHistory is 0.500651 for index 500970, 501/1000.
The last entry of errorHistory is 1.000000 for index 500971, 501/1000.
Terminated at swamp 0.5.
The last entry of errorHistory is 0.500475 for index 500972, 501/1000.
Terminated at swamp 1.
The last entry of errorHistory is 1.000028 for index 500973, 501/1000.
The last entry of errorHistory is 1.500000 for index 500974, 501/1000.
Terminated at swamp 0.5.
The last entry of errorHistory is 0.500846 for index 500975, 501/1000.
Terminated at swamp 1.
The last entry of errorHistory is 1.000381 for index 500976, 501/1000.
The last entry of errorHistory is 0.000009 for index 500977, 501/1000.
The last entry of errorHistory is 0.000017 for index 500978, 501/1000.
Terminated at swamp 0.5.
The last entry of errorHistory is 0.500938 for index 500979, 501/1000.
Terminated at swamp 1.
The last entry of errorHistory is 1.000027 for index 500980, 501/1000.
The last entry of errorHistory is 0.000266 for index 500981, 501/1000.
Terminated at swamp 0.5.
The last entry of errorHistory is 0.500719 for index 500982, 501/1000.
Terminated at swamp 0.5.
The last entry of errorHistory is 0.500310 for index 500983, 501/1000.
The last entry of errorHistory is 1.000000 for index 500984, 501/1000.
The last entry of errorHistory is 0.000020 for index 500985, 501/1000.
Terminated at swamp 0.5.
The last entry of errorHistory is 0.500642 for index 500986, 501/1000.
Terminated at swamp 0.5.
The last entry of errorHistory is 0.500305 for index 500987, 501/1000.
The last entry of errorHistory is 1.000000 for index 500988, 501/1000.
Terminated at swamp 0.5.
The last entry of errorHistory is 0.500215 for index 500989, 501/1000.
The last entry of errorHistory is 1.000000 for index 500990, 501/1000.
Terminated at swamp 1.
The last entry of errorHistory is 1.000000 for index 500991, 501/1000.
The last entry of errorHistory is 0.000015 for index 500992, 501/1000.
Terminated at swamp 0.5.
The last entry of errorHistory is 0.500638 for index 500993, 501/1000.
Terminated at swamp 0.5.
The last entry of errorHistory is 0.500709 for index 500994, 501/1000.
Terminated at swamp 0.5.
The last entry of errorHistory is 0.500433 for index 500995, 501/1000.
The last entry of errorHistory is 0.000047 for index 500996, 501/1000.
Terminated at swamp 1.
The last entry of errorHistory is 1.000516 for index 500997, 501/1000.
Terminated at swamp 0.5.
The last entry of errorHistory is 0.500004 for index 500998, 501/1000.
Terminated at swamp 0.5.
The last entry of errorHistory is 0.500493 for index 500999, 501/1000.
Terminated at swamp 0.5.
The last entry of errorHistory is 0.500422 for index 501000, 501/1000.
