
                            < M A T L A B (R) >
                  Copyright 1984-2018 The MathWorks, Inc.
                   R2018b (9.5.0.944444) 64-bit (glnxa64)
                              August 28, 2018

 
To get started, type doc.
For product information, visit www.mathworks.com.
 
Terminated at swamp 0.5.
The last entry of errorHistory is 0.500445 for index 536001, 537/1000.
Terminated at swamp 0.5.
The last entry of errorHistory is 0.500677 for index 536002, 537/1000.
The last entry of errorHistory is 1.000000 for index 536003, 537/1000.
Terminated at swamp 0.5.
The last entry of errorHistory is 0.500300 for index 536004, 537/1000.
Terminated at swamp 0.5.
The last entry of errorHistory is 0.500487 for index 536005, 537/1000.
The last entry of errorHistory is 0.500000 for index 536006, 537/1000.
Terminated at swamp 1.5.
The last entry of errorHistory is 1.500312 for index 536007, 537/1000.
The last entry of errorHistory is 1.000000 for index 536008, 537/1000.
Terminated at swamp 0.5.
The last entry of errorHistory is 0.500562 for index 536009, 537/1000.
The last entry of errorHistory is 1.000000 for index 536010, 537/1000.
Terminated at swamp 0.5.
The last entry of errorHistory is 0.500535 for index 536011, 537/1000.
Terminated at swamp 0.5.
The last entry of errorHistory is 0.500482 for index 536012, 537/1000.
The last entry of errorHistory is 1.000000 for index 536013, 537/1000.
The last entry of errorHistory is 0.000020 for index 536014, 537/1000.
The last entry of errorHistory is 1.000000 for index 536015, 537/1000.
The last entry of errorHistory is 1.000000 for index 536016, 537/1000.
The last entry of errorHistory is 0.000054 for index 536017, 537/1000.
The last entry of errorHistory is 0.500000 for index 536018, 537/1000.
Terminated at swamp 0.5.
The last entry of errorHistory is 0.500552 for index 536019, 537/1000.
Terminated at swamp 1.
The last entry of errorHistory is 1.000000 for index 536020, 537/1000.
Terminated at swamp 0.5.
The last entry of errorHistory is 0.500065 for index 536021, 537/1000.
The last entry of errorHistory is 1.000000 for index 536022, 537/1000.
Terminated at swamp 0.5.
The last entry of errorHistory is 0.500002 for index 536023, 537/1000.
Terminated at swamp 0.5.
The last entry of errorHistory is 0.500465 for index 536024, 537/1000.
Terminated at swamp 0.5.
The last entry of errorHistory is 0.500244 for index 536025, 537/1000.
The last entry of errorHistory is 1.000000 for index 536026, 537/1000.
Terminated at swamp 1.
The last entry of errorHistory is 1.000006 for index 536027, 537/1000.
The last entry of errorHistory is 1.000000 for index 536028, 537/1000.
Terminated at swamp 0.5.
The last entry of errorHistory is 0.500169 for index 536029, 537/1000.
Terminated at swamp 0.5.
The last entry of errorHistory is 0.500557 for index 536030, 537/1000.
The last entry of errorHistory is 1.000000 for index 536031, 537/1000.
Terminated at swamp 0.5.
The last entry of errorHistory is 0.500238 for index 536032, 537/1000.
The last entry of errorHistory is 0.500000 for index 536033, 537/1000.
Terminated at swamp 0.5.
The last entry of errorHistory is 0.500214 for index 536034, 537/1000.
Terminated at swamp 0.5.
The last entry of errorHistory is 0.500387 for index 536035, 537/1000.
The last entry of errorHistory is 0.000027 for index 536036, 537/1000.
The last entry of errorHistory is 1.500000 for index 536037, 537/1000.
Terminated at swamp 0.5.
The last entry of errorHistory is 0.500320 for index 536038, 537/1000.
Terminated at swamp 0.5.
The last entry of errorHistory is 0.500227 for index 536039, 537/1000.
Terminated at swamp 0.5.
The last entry of errorHistory is 0.500241 for index 536040, 537/1000.
Terminated at swamp 0.5.
The last entry of errorHistory is 0.500344 for index 536041, 537/1000.
Terminated at swamp 0.5.
The last entry of errorHistory is 0.500324 for index 536042, 537/1000.
The last entry of errorHistory is 0.000030 for index 536043, 537/1000.
Terminated at swamp 0.5.
The last entry of errorHistory is 0.500373 for index 536044, 537/1000.
The last entry of errorHistory is 1.500000 for index 536045, 537/1000.
Terminated at swamp 1.
The last entry of errorHistory is 1.000002 for index 536046, 537/1000.
Terminated at swamp 0.5.
The last entry of errorHistory is 0.500184 for index 536047, 537/1000.
Terminated at swamp 0.5.
The last entry of errorHistory is 0.500269 for index 536048, 537/1000.
Terminated at swamp 0.5.
The last entry of errorHistory is 0.500384 for index 536049, 537/1000.
The last entry of errorHistory is 0.500000 for index 536050, 537/1000.
The last entry of errorHistory is 1.000000 for index 536051, 537/1000.
The last entry of errorHistory is 1.000000 for index 536052, 537/1000.
Terminated at swamp 0.5.
The last entry of errorHistory is 0.500580 for index 536053, 537/1000.
The last entry of errorHistory is 1.000000 for index 536054, 537/1000.
Terminated at swamp 0.5.
The last entry of errorHistory is 0.500240 for index 536055, 537/1000.
Terminated at swamp 1.
The last entry of errorHistory is 1.000203 for index 536056, 537/1000.
Terminated at swamp 0.5.
The last entry of errorHistory is 0.500502 for index 536057, 537/1000.
Terminated at swamp 0.5.
The last entry of errorHistory is 0.500285 for index 536058, 537/1000.
Terminated at swamp 1.
The last entry of errorHistory is 1.000000 for index 536059, 537/1000.
Terminated at swamp 0.5.
The last entry of errorHistory is 0.500179 for index 536060, 537/1000.
The last entry of errorHistory is 0.500000 for index 536061, 537/1000.
The last entry of errorHistory is 0.000664 for index 536062, 537/1000.
Terminated at swamp 1.
The last entry of errorHistory is 1.000024 for index 536063, 537/1000.
Terminated at swamp 0.5.
The last entry of errorHistory is 0.500641 for index 536064, 537/1000.
Terminated at swamp 0.5.
The last entry of errorHistory is 0.500036 for index 536065, 537/1000.
Terminated at swamp 0.5.
The last entry of errorHistory is 0.500612 for index 536066, 537/1000.
Terminated at swamp 0.5.
The last entry of errorHistory is 0.500487 for index 536067, 537/1000.
Terminated at swamp 0.5.
The last entry of errorHistory is 0.500403 for index 536068, 537/1000.
Terminated at swamp 0.5.
The last entry of errorHistory is 0.500527 for index 536069, 537/1000.
The last entry of errorHistory is 0.000050 for index 536070, 537/1000.
Terminated at swamp 0.5.
The last entry of errorHistory is 0.500005 for index 536071, 537/1000.
The last entry of errorHistory is 1.500000 for index 536072, 537/1000.
Terminated at swamp 1.
The last entry of errorHistory is 1.000180 for index 536073, 537/1000.
The last entry of errorHistory is 0.000012 for index 536074, 537/1000.
Terminated at swamp 0.5.
The last entry of errorHistory is 0.500262 for index 536075, 537/1000.
The last entry of errorHistory is 0.002205 for index 536076, 537/1000.
Terminated at swamp 0.5.
The last entry of errorHistory is 0.500378 for index 536077, 537/1000.
Terminated at swamp 0.5.
The last entry of errorHistory is 0.500338 for index 536078, 537/1000.
Terminated at swamp 0.5.
The last entry of errorHistory is 0.500313 for index 536079, 537/1000.
Terminated at swamp 1.
The last entry of errorHistory is 1.000421 for index 536080, 537/1000.
Terminated at swamp 0.5.
The last entry of errorHistory is 0.500589 for index 536081, 537/1000.
Terminated at swamp 0.5.
The last entry of errorHistory is 0.500580 for index 536082, 537/1000.
Terminated at swamp 0.5.
The last entry of errorHistory is 0.500031 for index 536083, 537/1000.
Terminated at swamp 1.
The last entry of errorHistory is 1.000000 for index 536084, 537/1000.
Terminated at swamp 0.5.
The last entry of errorHistory is 0.500064 for index 536085, 537/1000.
The last entry of errorHistory is 0.000013 for index 536086, 537/1000.
Terminated at swamp 0.5.
The last entry of errorHistory is 0.500333 for index 536087, 537/1000.
Terminated at swamp 0.5.
The last entry of errorHistory is 0.500602 for index 536088, 537/1000.
The last entry of errorHistory is 1.000000 for index 536089, 537/1000.
The last entry of errorHistory is 0.500000 for index 536090, 537/1000.
Terminated at swamp 0.5.
The last entry of errorHistory is 0.500595 for index 536091, 537/1000.
Terminated at swamp 0.5.
The last entry of errorHistory is 0.500043 for index 536092, 537/1000.
Terminated at swamp 0.5.
The last entry of errorHistory is 0.500541 for index 536093, 537/1000.
Terminated at swamp 0.5.
The last entry of errorHistory is 0.500074 for index 536094, 537/1000.
Terminated at swamp 0.5.
The last entry of errorHistory is 0.500625 for index 536095, 537/1000.
The last entry of errorHistory is 1.000000 for index 536096, 537/1000.
Terminated at swamp 0.5.
The last entry of errorHistory is 0.500104 for index 536097, 537/1000.
The last entry of errorHistory is 1.000000 for index 536098, 537/1000.
The last entry of errorHistory is 1.000000 for index 536099, 537/1000.
Terminated at swamp 1.
The last entry of errorHistory is 1.000000 for index 536100, 537/1000.
The last entry of errorHistory is 1.000000 for index 536101, 537/1000.
The last entry of errorHistory is 0.500000 for index 536102, 537/1000.
The last entry of errorHistory is 0.000011 for index 536103, 537/1000.
Terminated at swamp 1.
The last entry of errorHistory is 1.000002 for index 536104, 537/1000.
Terminated at swamp 0.5.
The last entry of errorHistory is 0.500195 for index 536105, 537/1000.
The last entry of errorHistory is 0.000025 for index 536106, 537/1000.
Terminated at swamp 1.
The last entry of errorHistory is 1.000000 for index 536107, 537/1000.
Terminated at swamp 0.5.
The last entry of errorHistory is 0.500344 for index 536108, 537/1000.
Terminated at swamp 0.5.
The last entry of errorHistory is 0.500007 for index 536109, 537/1000.
Terminated at swamp 0.5.
The last entry of errorHistory is 0.500595 for index 536110, 537/1000.
Terminated at swamp 0.5.
The last entry of errorHistory is 0.500336 for index 536111, 537/1000.
Terminated at swamp 0.5.
The last entry of errorHistory is 0.500650 for index 536112, 537/1000.
Terminated at swamp 1.
The last entry of errorHistory is 1.000000 for index 536113, 537/1000.
Terminated at swamp 0.5.
The last entry of errorHistory is 0.500499 for index 536114, 537/1000.
The last entry of errorHistory is 1.500000 for index 536115, 537/1000.
Terminated at swamp 0.5.
The last entry of errorHistory is 0.500072 for index 536116, 537/1000.
Terminated at swamp 0.5.
The last entry of errorHistory is 0.500000 for index 536117, 537/1000.
Terminated at swamp 0.5.
The last entry of errorHistory is 0.500104 for index 536118, 537/1000.
Terminated at swamp 0.5.
The last entry of errorHistory is 0.500489 for index 536119, 537/1000.
Terminated at swamp 0.5.
The last entry of errorHistory is 0.500739 for index 536120, 537/1000.
Terminated at swamp 0.5.
The last entry of errorHistory is 0.500465 for index 536121, 537/1000.
Terminated at swamp 0.5.
The last entry of errorHistory is 0.500571 for index 536122, 537/1000.
Terminated at swamp 0.5.
The last entry of errorHistory is 0.500320 for index 536123, 537/1000.
Terminated at swamp 1.
The last entry of errorHistory is 1.000138 for index 536124, 537/1000.
Terminated at swamp 0.5.
The last entry of errorHistory is 0.500223 for index 536125, 537/1000.
Terminated at swamp 0.5.
The last entry of errorHistory is 0.500134 for index 536126, 537/1000.
The last entry of errorHistory is 0.000041 for index 536127, 537/1000.
The last entry of errorHistory is 0.000042 for index 536128, 537/1000.
The last entry of errorHistory is 1.000000 for index 536129, 537/1000.
Terminated at swamp 0.5.
The last entry of errorHistory is 0.500095 for index 536130, 537/1000.
Terminated at swamp 0.5.
The last entry of errorHistory is 0.500464 for index 536131, 537/1000.
Terminated at swamp 0.5.
The last entry of errorHistory is 0.500623 for index 536132, 537/1000.
Terminated at swamp 0.5.
The last entry of errorHistory is 0.500268 for index 536133, 537/1000.
The last entry of errorHistory is 0.500000 for index 536134, 537/1000.
Terminated at swamp 0.5.
The last entry of errorHistory is 0.500000 for index 536135, 537/1000.
The last entry of errorHistory is 1.000000 for index 536136, 537/1000.
Terminated at swamp 0.5.
The last entry of errorHistory is 0.500267 for index 536137, 537/1000.
Terminated at swamp 0.5.
The last entry of errorHistory is 0.500025 for index 536138, 537/1000.
Terminated at swamp 0.5.
The last entry of errorHistory is 0.500372 for index 536139, 537/1000.
Terminated at swamp 0.5.
The last entry of errorHistory is 0.500435 for index 536140, 537/1000.
Terminated at swamp 0.5.
The last entry of errorHistory is 0.500541 for index 536141, 537/1000.
Terminated at swamp 1.
The last entry of errorHistory is 1.000000 for index 536142, 537/1000.
Terminated at swamp 0.5.
The last entry of errorHistory is 0.500411 for index 536143, 537/1000.
The last entry of errorHistory is 0.000017 for index 536144, 537/1000.
Terminated at swamp 0.5.
The last entry of errorHistory is 0.500602 for index 536145, 537/1000.
Terminated at swamp 0.5.
The last entry of errorHistory is 0.500304 for index 536146, 537/1000.
The last entry of errorHistory is 0.500000 for index 536147, 537/1000.
Terminated at swamp 0.5.
The last entry of errorHistory is 0.500910 for index 536148, 537/1000.
Terminated at swamp 0.5.
The last entry of errorHistory is 0.500062 for index 536149, 537/1000.
The last entry of errorHistory is 0.001191 for index 536150, 537/1000.
The last entry of errorHistory is 0.000062 for index 536151, 537/1000.
The last entry of errorHistory is 1.500000 for index 536152, 537/1000.
The last entry of errorHistory is 0.000038 for index 536153, 537/1000.
The last entry of errorHistory is 0.000026 for index 536154, 537/1000.
The last entry of errorHistory is 0.000038 for index 536155, 537/1000.
The last entry of errorHistory is 1.500000 for index 536156, 537/1000.
The last entry of errorHistory is 0.500000 for index 536157, 537/1000.
Terminated at swamp 1.
The last entry of errorHistory is 1.000215 for index 536158, 537/1000.
Terminated at swamp 0.5.
The last entry of errorHistory is 0.500391 for index 536159, 537/1000.
Terminated at swamp 0.5.
The last entry of errorHistory is 0.500000 for index 536160, 537/1000.
Terminated at swamp 0.5.
The last entry of errorHistory is 0.500461 for index 536161, 537/1000.
The last entry of errorHistory is 0.500000 for index 536162, 537/1000.
The last entry of errorHistory is 1.000000 for index 536163, 537/1000.
Terminated at swamp 0.5.
The last entry of errorHistory is 0.500524 for index 536164, 537/1000.
Terminated at swamp 0.5.
The last entry of errorHistory is 0.500504 for index 536165, 537/1000.
Terminated at swamp 1.
The last entry of errorHistory is 1.000314 for index 536166, 537/1000.
The last entry of errorHistory is 1.000000 for index 536167, 537/1000.
The last entry of errorHistory is 0.000020 for index 536168, 537/1000.
Terminated at swamp 0.5.
The last entry of errorHistory is 0.500691 for index 536169, 537/1000.
Terminated at swamp 0.5.
The last entry of errorHistory is 0.500494 for index 536170, 537/1000.
Terminated at swamp 0.5.
The last entry of errorHistory is 0.500155 for index 536171, 537/1000.
Terminated at swamp 0.5.
The last entry of errorHistory is 0.500711 for index 536172, 537/1000.
The last entry of errorHistory is 1.000000 for index 536173, 537/1000.
Terminated at swamp 0.5.
The last entry of errorHistory is 0.500653 for index 536174, 537/1000.
Terminated at swamp 1.
The last entry of errorHistory is 1.000014 for index 536175, 537/1000.
Terminated at swamp 1.
The last entry of errorHistory is 1.000378 for index 536176, 537/1000.
Terminated at swamp 1.
The last entry of errorHistory is 1.000101 for index 536177, 537/1000.
Terminated at swamp 0.5.
The last entry of errorHistory is 0.500082 for index 536178, 537/1000.
The last entry of errorHistory is 0.000032 for index 536179, 537/1000.
Terminated at swamp 0.5.
The last entry of errorHistory is 0.500201 for index 536180, 537/1000.
Terminated at swamp 0.5.
The last entry of errorHistory is 0.500665 for index 536181, 537/1000.
Terminated at swamp 0.5.
The last entry of errorHistory is 0.500229 for index 536182, 537/1000.
The last entry of errorHistory is 0.000748 for index 536183, 537/1000.
The last entry of errorHistory is 1.000000 for index 536184, 537/1000.
The last entry of errorHistory is 0.000938 for index 536185, 537/1000.
The last entry of errorHistory is 1.000000 for index 536186, 537/1000.
Terminated at swamp 0.5.
The last entry of errorHistory is 0.500549 for index 536187, 537/1000.
Terminated at swamp 0.5.
The last entry of errorHistory is 0.500449 for index 536188, 537/1000.
Terminated at swamp 0.5.
The last entry of errorHistory is 0.500079 for index 536189, 537/1000.
Terminated at swamp 0.5.
The last entry of errorHistory is 0.500571 for index 536190, 537/1000.
The last entry of errorHistory is 1.000000 for index 536191, 537/1000.
Terminated at swamp 0.5.
The last entry of errorHistory is 0.500424 for index 536192, 537/1000.
Terminated at swamp 0.5.
The last entry of errorHistory is 0.500193 for index 536193, 537/1000.
Terminated at swamp 0.5.
The last entry of errorHistory is 0.500464 for index 536194, 537/1000.
The last entry of errorHistory is 1.000000 for index 536195, 537/1000.
Terminated at swamp 0.5.
The last entry of errorHistory is 0.500108 for index 536196, 537/1000.
Terminated at swamp 0.5.
The last entry of errorHistory is 0.500521 for index 536197, 537/1000.
Terminated at swamp 0.5.
The last entry of errorHistory is 0.500544 for index 536198, 537/1000.
Terminated at swamp 0.5.
The last entry of errorHistory is 0.500455 for index 536199, 537/1000.
The last entry of errorHistory is 1.000000 for index 536200, 537/1000.
The last entry of errorHistory is 0.500000 for index 536201, 537/1000.
Terminated at swamp 0.5.
The last entry of errorHistory is 0.500000 for index 536202, 537/1000.
Terminated at swamp 0.5.
The last entry of errorHistory is 0.500116 for index 536203, 537/1000.
Terminated at swamp 1.
The last entry of errorHistory is 1.000216 for index 536204, 537/1000.
Terminated at swamp 0.5.
The last entry of errorHistory is 0.500140 for index 536205, 537/1000.
Terminated at swamp 0.5.
The last entry of errorHistory is 0.500488 for index 536206, 537/1000.
Terminated at swamp 1.
The last entry of errorHistory is 1.000002 for index 536207, 537/1000.
The last entry of errorHistory is 1.000000 for index 536208, 537/1000.
Terminated at swamp 0.5.
The last entry of errorHistory is 0.500430 for index 536209, 537/1000.
The last entry of errorHistory is 1.000000 for index 536210, 537/1000.
The last entry of errorHistory is 1.500000 for index 536211, 537/1000.
The last entry of errorHistory is 1.000000 for index 536212, 537/1000.
Terminated at swamp 0.5.
The last entry of errorHistory is 0.500702 for index 536213, 537/1000.
The last entry of errorHistory is 1.000000 for index 536214, 537/1000.
Terminated at swamp 0.5.
The last entry of errorHistory is 0.500357 for index 536215, 537/1000.
The last entry of errorHistory is 0.000050 for index 536216, 537/1000.
Terminated at swamp 1.
The last entry of errorHistory is 1.000071 for index 536217, 537/1000.
The last entry of errorHistory is 0.021168 for index 536218, 537/1000.
The last entry of errorHistory is 0.000020 for index 536219, 537/1000.
The last entry of errorHistory is 1.000000 for index 536220, 537/1000.
Terminated at swamp 0.5.
The last entry of errorHistory is 0.500075 for index 536221, 537/1000.
The last entry of errorHistory is 0.000017 for index 536222, 537/1000.
The last entry of errorHistory is 0.001042 for index 536223, 537/1000.
The last entry of errorHistory is 1.000000 for index 536224, 537/1000.
Terminated at swamp 1.
The last entry of errorHistory is 1.000298 for index 536225, 537/1000.
Terminated at swamp 0.5.
The last entry of errorHistory is 0.500317 for index 536226, 537/1000.
Terminated at swamp 1.
The last entry of errorHistory is 1.000021 for index 536227, 537/1000.
The last entry of errorHistory is 0.500000 for index 536228, 537/1000.
The last entry of errorHistory is 0.500000 for index 536229, 537/1000.
The last entry of errorHistory is 0.000082 for index 536230, 537/1000.
Terminated at swamp 0.5.
The last entry of errorHistory is 0.500040 for index 536231, 537/1000.
Terminated at swamp 0.5.
The last entry of errorHistory is 0.500508 for index 536232, 537/1000.
The last entry of errorHistory is 1.000000 for index 536233, 537/1000.
Terminated at swamp 0.5.
The last entry of errorHistory is 0.500383 for index 536234, 537/1000.
The last entry of errorHistory is 0.000014 for index 536235, 537/1000.
Terminated at swamp 0.5.
The last entry of errorHistory is 0.500357 for index 536236, 537/1000.
The last entry of errorHistory is 0.000014 for index 536237, 537/1000.
The last entry of errorHistory is 0.000753 for index 536238, 537/1000.
Terminated at swamp 0.5.
The last entry of errorHistory is 0.500430 for index 536239, 537/1000.
Terminated at swamp 0.5.
The last entry of errorHistory is 0.500162 for index 536240, 537/1000.
The last entry of errorHistory is 0.500000 for index 536241, 537/1000.
Terminated at swamp 0.5.
The last entry of errorHistory is 0.500399 for index 536242, 537/1000.
Terminated at swamp 1.
The last entry of errorHistory is 1.000388 for index 536243, 537/1000.
The last entry of errorHistory is 0.500000 for index 536244, 537/1000.
Terminated at swamp 1.
The last entry of errorHistory is 1.000625 for index 536245, 537/1000.
Terminated at swamp 0.5.
The last entry of errorHistory is 0.500018 for index 536246, 537/1000.
Terminated at swamp 0.5.
The last entry of errorHistory is 0.500506 for index 536247, 537/1000.
Terminated at swamp 1.
The last entry of errorHistory is 1.000141 for index 536248, 537/1000.
Terminated at swamp 0.5.
The last entry of errorHistory is 0.500319 for index 536249, 537/1000.
The last entry of errorHistory is 1.000000 for index 536250, 537/1000.
The last entry of errorHistory is 1.500000 for index 536251, 537/1000.
The last entry of errorHistory is 0.500000 for index 536252, 537/1000.
The last entry of errorHistory is 1.000000 for index 536253, 537/1000.
The last entry of errorHistory is 1.000000 for index 536254, 537/1000.
Terminated at swamp 0.5.
The last entry of errorHistory is 0.500050 for index 536255, 537/1000.
Terminated at swamp 0.5.
The last entry of errorHistory is 0.500425 for index 536256, 537/1000.
The last entry of errorHistory is 0.500000 for index 536257, 537/1000.
Terminated at swamp 0.5.
The last entry of errorHistory is 0.500548 for index 536258, 537/1000.
Terminated at swamp 0.5.
The last entry of errorHistory is 0.500055 for index 536259, 537/1000.
Terminated at swamp 0.5.
The last entry of errorHistory is 0.499910 for index 536260, 537/1000.
The last entry of errorHistory is 0.000782 for index 536261, 537/1000.
Terminated at swamp 0.5.
The last entry of errorHistory is 0.500436 for index 536262, 537/1000.
Terminated at swamp 0.5.
The last entry of errorHistory is 0.500330 for index 536263, 537/1000.
Terminated at swamp 0.5.
The last entry of errorHistory is 0.500421 for index 536264, 537/1000.
Terminated at swamp 0.5.
The last entry of errorHistory is 0.500478 for index 536265, 537/1000.
Terminated at swamp 0.5.
The last entry of errorHistory is 0.500601 for index 536266, 537/1000.
Terminated at swamp 0.5.
The last entry of errorHistory is 0.500636 for index 536267, 537/1000.
Terminated at swamp 1.
The last entry of errorHistory is 1.000236 for index 536268, 537/1000.
Terminated at swamp 0.5.
The last entry of errorHistory is 0.500283 for index 536269, 537/1000.
Terminated at swamp 0.5.
The last entry of errorHistory is 0.500495 for index 536270, 537/1000.
The last entry of errorHistory is 1.000000 for index 536271, 537/1000.
The last entry of errorHistory is 1.500000 for index 536272, 537/1000.
Terminated at swamp 0.5.
The last entry of errorHistory is 0.500137 for index 536273, 537/1000.
Terminated at swamp 0.5.
The last entry of errorHistory is 0.499443 for index 536274, 537/1000.
Terminated at swamp 1.
The last entry of errorHistory is 1.000092 for index 536275, 537/1000.
The last entry of errorHistory is 0.500000 for index 536276, 537/1000.
Terminated at swamp 0.5.
The last entry of errorHistory is 0.500669 for index 536277, 537/1000.
Terminated at swamp 1.
The last entry of errorHistory is 1.000369 for index 536278, 537/1000.
Terminated at swamp 1.
The last entry of errorHistory is 1.000000 for index 536279, 537/1000.
The last entry of errorHistory is 1.000000 for index 536280, 537/1000.
Terminated at swamp 0.5.
The last entry of errorHistory is 0.500170 for index 536281, 537/1000.
Terminated at swamp 0.5.
The last entry of errorHistory is 0.500224 for index 536282, 537/1000.
Terminated at swamp 0.5.
The last entry of errorHistory is 0.500524 for index 536283, 537/1000.
Terminated at swamp 1.
The last entry of errorHistory is 1.000362 for index 536284, 537/1000.
Terminated at swamp 0.5.
The last entry of errorHistory is 0.500506 for index 536285, 537/1000.
Terminated at swamp 0.5.
The last entry of errorHistory is 0.500001 for index 536286, 537/1000.
The last entry of errorHistory is 1.000000 for index 536287, 537/1000.
The last entry of errorHistory is 1.000000 for index 536288, 537/1000.
Terminated at swamp 0.5.
The last entry of errorHistory is 0.500277 for index 536289, 537/1000.
Terminated at swamp 0.5.
The last entry of errorHistory is 0.500392 for index 536290, 537/1000.
The last entry of errorHistory is 1.000000 for index 536291, 537/1000.
The last entry of errorHistory is 0.500000 for index 536292, 537/1000.
Terminated at swamp 0.5.
The last entry of errorHistory is 0.500361 for index 536293, 537/1000.
Terminated at swamp 0.5.
The last entry of errorHistory is 0.500568 for index 536294, 537/1000.
The last entry of errorHistory is 1.000000 for index 536295, 537/1000.
Terminated at swamp 0.5.
The last entry of errorHistory is 0.500477 for index 536296, 537/1000.
The last entry of errorHistory is 0.500000 for index 536297, 537/1000.
The last entry of errorHistory is 1.000000 for index 536298, 537/1000.
Terminated at swamp 0.5.
The last entry of errorHistory is 0.500371 for index 536299, 537/1000.
Terminated at swamp 0.5.
The last entry of errorHistory is 0.500419 for index 536300, 537/1000.
Terminated at swamp 0.5.
The last entry of errorHistory is 0.500486 for index 536301, 537/1000.
The last entry of errorHistory is 1.500000 for index 536302, 537/1000.
The last entry of errorHistory is 0.000017 for index 536303, 537/1000.
The last entry of errorHistory is 1.000000 for index 536304, 537/1000.
Terminated at swamp 1.
The last entry of errorHistory is 1.000122 for index 536305, 537/1000.
The last entry of errorHistory is 1.000000 for index 536306, 537/1000.
The last entry of errorHistory is 1.000000 for index 536307, 537/1000.
Terminated at swamp 0.5.
The last entry of errorHistory is 0.500427 for index 536308, 537/1000.
Terminated at swamp 1.5.
The last entry of errorHistory is 1.500000 for index 536309, 537/1000.
Terminated at swamp 0.5.
The last entry of errorHistory is 0.500572 for index 536310, 537/1000.
Terminated at swamp 0.5.
The last entry of errorHistory is 0.500624 for index 536311, 537/1000.
Terminated at swamp 0.5.
The last entry of errorHistory is 0.500250 for index 536312, 537/1000.
Terminated at swamp 0.5.
The last entry of errorHistory is 0.500521 for index 536313, 537/1000.
The last entry of errorHistory is 0.500000 for index 536314, 537/1000.
The last entry of errorHistory is 1.000000 for index 536315, 537/1000.
Terminated at swamp 0.5.
The last entry of errorHistory is 0.500472 for index 536316, 537/1000.
The last entry of errorHistory is 0.001014 for index 536317, 537/1000.
Terminated at swamp 0.5.
The last entry of errorHistory is 0.500216 for index 536318, 537/1000.
The last entry of errorHistory is 1.000000 for index 536319, 537/1000.
Terminated at swamp 1.
The last entry of errorHistory is 1.000457 for index 536320, 537/1000.
Terminated at swamp 0.5.
The last entry of errorHistory is 0.500448 for index 536321, 537/1000.
Terminated at swamp 0.5.
The last entry of errorHistory is 0.500498 for index 536322, 537/1000.
The last entry of errorHistory is 1.000000 for index 536323, 537/1000.
The last entry of errorHistory is 0.500000 for index 536324, 537/1000.
The last entry of errorHistory is 0.500000 for index 536325, 537/1000.
Terminated at swamp 0.5.
The last entry of errorHistory is 0.500568 for index 536326, 537/1000.
Terminated at swamp 0.5.
The last entry of errorHistory is 0.500494 for index 536327, 537/1000.
Terminated at swamp 0.5.
The last entry of errorHistory is 0.500358 for index 536328, 537/1000.
Terminated at swamp 1.
The last entry of errorHistory is 1.000008 for index 536329, 537/1000.
Terminated at swamp 0.5.
The last entry of errorHistory is 0.500746 for index 536330, 537/1000.
The last entry of errorHistory is 1.000000 for index 536331, 537/1000.
The last entry of errorHistory is 1.000000 for index 536332, 537/1000.
Terminated at swamp 0.5.
The last entry of errorHistory is 0.500025 for index 536333, 537/1000.
The last entry of errorHistory is 0.500000 for index 536334, 537/1000.
The last entry of errorHistory is 0.000621 for index 536335, 537/1000.
Terminated at swamp 0.5.
The last entry of errorHistory is 0.500342 for index 536336, 537/1000.
The last entry of errorHistory is 1.000000 for index 536337, 537/1000.
Terminated at swamp 0.5.
The last entry of errorHistory is 0.500687 for index 536338, 537/1000.
The last entry of errorHistory is 0.000013 for index 536339, 537/1000.
Terminated at swamp 0.5.
The last entry of errorHistory is 0.500579 for index 536340, 537/1000.
Terminated at swamp 0.5.
The last entry of errorHistory is 0.500056 for index 536341, 537/1000.
Terminated at swamp 0.5.
The last entry of errorHistory is 0.500118 for index 536342, 537/1000.
The last entry of errorHistory is 1.000000 for index 536343, 537/1000.
The last entry of errorHistory is 1.500000 for index 536344, 537/1000.
Terminated at swamp 0.5.
The last entry of errorHistory is 0.500446 for index 536345, 537/1000.
Terminated at swamp 0.5.
The last entry of errorHistory is 0.500627 for index 536346, 537/1000.
Terminated at swamp 0.5.
The last entry of errorHistory is 0.500575 for index 536347, 537/1000.
The last entry of errorHistory is 1.000000 for index 536348, 537/1000.
Terminated at swamp 1.
The last entry of errorHistory is 1.000000 for index 536349, 537/1000.
Terminated at swamp 1.
The last entry of errorHistory is 1.000027 for index 536350, 537/1000.
The last entry of errorHistory is 0.000028 for index 536351, 537/1000.
Terminated at swamp 0.5.
The last entry of errorHistory is 0.500006 for index 536352, 537/1000.
Terminated at swamp 0.5.
The last entry of errorHistory is 0.500130 for index 536353, 537/1000.
Terminated at swamp 0.5.
The last entry of errorHistory is 0.500526 for index 536354, 537/1000.
The last entry of errorHistory is 0.000083 for index 536355, 537/1000.
The last entry of errorHistory is 0.000022 for index 536356, 537/1000.
Terminated at swamp 0.5.
The last entry of errorHistory is 0.500500 for index 536357, 537/1000.
The last entry of errorHistory is 1.000000 for index 536358, 537/1000.
Terminated at swamp 0.5.
The last entry of errorHistory is 0.500312 for index 536359, 537/1000.
The last entry of errorHistory is 1.000000 for index 536360, 537/1000.
Terminated at swamp 0.5.
The last entry of errorHistory is 0.500577 for index 536361, 537/1000.
The last entry of errorHistory is 0.000042 for index 536362, 537/1000.
Terminated at swamp 0.5.
The last entry of errorHistory is 0.500307 for index 536363, 537/1000.
Terminated at swamp 0.5.
The last entry of errorHistory is 0.500279 for index 536364, 537/1000.
Terminated at swamp 0.5.
The last entry of errorHistory is 0.500135 for index 536365, 537/1000.
Terminated at swamp 1.
The last entry of errorHistory is 1.000270 for index 536366, 537/1000.
The last entry of errorHistory is 0.000020 for index 536367, 537/1000.
The last entry of errorHistory is 0.000016 for index 536368, 537/1000.
Terminated at swamp 1.
The last entry of errorHistory is 1.000126 for index 536369, 537/1000.
Terminated at swamp 0.5.
The last entry of errorHistory is 0.500291 for index 536370, 537/1000.
Terminated at swamp 0.5.
The last entry of errorHistory is 0.500321 for index 536371, 537/1000.
Terminated at swamp 1.
The last entry of errorHistory is 1.000049 for index 536372, 537/1000.
Terminated at swamp 0.5.
The last entry of errorHistory is 0.500562 for index 536373, 537/1000.
The last entry of errorHistory is 1.000000 for index 536374, 537/1000.
Terminated at swamp 1.
The last entry of errorHistory is 1.000256 for index 536375, 537/1000.
The last entry of errorHistory is 0.000044 for index 536376, 537/1000.
Terminated at swamp 0.5.
The last entry of errorHistory is 0.500415 for index 536377, 537/1000.
The last entry of errorHistory is 1.000000 for index 536378, 537/1000.
Terminated at swamp 1.
The last entry of errorHistory is 1.000000 for index 536379, 537/1000.
The last entry of errorHistory is 1.000000 for index 536380, 537/1000.
Terminated at swamp 1.
The last entry of errorHistory is 1.000519 for index 536381, 537/1000.
Terminated at swamp 1.
The last entry of errorHistory is 1.000001 for index 536382, 537/1000.
Terminated at swamp 1.
The last entry of errorHistory is 1.000000 for index 536383, 537/1000.
Terminated at swamp 1.
The last entry of errorHistory is 1.000423 for index 536384, 537/1000.
The last entry of errorHistory is 1.000000 for index 536385, 537/1000.
Terminated at swamp 0.5.
The last entry of errorHistory is 0.500189 for index 536386, 537/1000.
The last entry of errorHistory is 0.000014 for index 536387, 537/1000.
Terminated at swamp 0.5.
The last entry of errorHistory is 0.500611 for index 536388, 537/1000.
Terminated at swamp 0.5.
The last entry of errorHistory is 0.500513 for index 536389, 537/1000.
Terminated at swamp 0.5.
The last entry of errorHistory is 0.500565 for index 536390, 537/1000.
Terminated at swamp 1.
The last entry of errorHistory is 1.000426 for index 536391, 537/1000.
The last entry of errorHistory is 1.500000 for index 536392, 537/1000.
Terminated at swamp 0.5.
The last entry of errorHistory is 0.500016 for index 536393, 537/1000.
The last entry of errorHistory is 1.500000 for index 536394, 537/1000.
The last entry of errorHistory is 1.000000 for index 536395, 537/1000.
Terminated at swamp 0.5.
The last entry of errorHistory is 0.500358 for index 536396, 537/1000.
Terminated at swamp 0.5.
The last entry of errorHistory is 0.500404 for index 536397, 537/1000.
Terminated at swamp 0.5.
The last entry of errorHistory is 0.500299 for index 536398, 537/1000.
The last entry of errorHistory is 0.000222 for index 536399, 537/1000.
The last entry of errorHistory is 0.000009 for index 536400, 537/1000.
The last entry of errorHistory is 0.000251 for index 536401, 537/1000.
Terminated at swamp 0.5.
The last entry of errorHistory is 0.500383 for index 536402, 537/1000.
Terminated at swamp 0.5.
The last entry of errorHistory is 0.500434 for index 536403, 537/1000.
Terminated at swamp 0.5.
The last entry of errorHistory is 0.500192 for index 536404, 537/1000.
Terminated at swamp 0.5.
The last entry of errorHistory is 0.500481 for index 536405, 537/1000.
Terminated at swamp 0.5.
The last entry of errorHistory is 0.500552 for index 536406, 537/1000.
Terminated at swamp 1.
The last entry of errorHistory is 1.000000 for index 536407, 537/1000.
Terminated at swamp 0.5.
The last entry of errorHistory is 0.500582 for index 536408, 537/1000.
Terminated at swamp 0.5.
The last entry of errorHistory is 0.500586 for index 536409, 537/1000.
Terminated at swamp 0.5.
The last entry of errorHistory is 0.500419 for index 536410, 537/1000.
Terminated at swamp 1.
The last entry of errorHistory is 1.000000 for index 536411, 537/1000.
Terminated at swamp 0.5.
The last entry of errorHistory is 0.500478 for index 536412, 537/1000.
Terminated at swamp 0.5.
The last entry of errorHistory is 0.500536 for index 536413, 537/1000.
Terminated at swamp 0.5.
The last entry of errorHistory is 0.500382 for index 536414, 537/1000.
Terminated at swamp 0.5.
The last entry of errorHistory is 0.500463 for index 536415, 537/1000.
The last entry of errorHistory is 0.500000 for index 536416, 537/1000.
Terminated at swamp 1.
The last entry of errorHistory is 1.000324 for index 536417, 537/1000.
Terminated at swamp 0.5.
The last entry of errorHistory is 0.500497 for index 536418, 537/1000.
Terminated at swamp 0.5.
The last entry of errorHistory is 0.500246 for index 536419, 537/1000.
The last entry of errorHistory is 1.000000 for index 536420, 537/1000.
Terminated at swamp 0.5.
The last entry of errorHistory is 0.500200 for index 536421, 537/1000.
The last entry of errorHistory is 0.500000 for index 536422, 537/1000.
The last entry of errorHistory is 0.000015 for index 536423, 537/1000.
Terminated at swamp 0.5.
The last entry of errorHistory is 0.500560 for index 536424, 537/1000.
The last entry of errorHistory is 1.000000 for index 536425, 537/1000.
Terminated at swamp 1.
The last entry of errorHistory is 1.000176 for index 536426, 537/1000.
The last entry of errorHistory is 0.500000 for index 536427, 537/1000.
Terminated at swamp 0.5.
The last entry of errorHistory is 0.500527 for index 536428, 537/1000.
Terminated at swamp 0.5.
The last entry of errorHistory is 0.500661 for index 536429, 537/1000.
Terminated at swamp 0.5.
The last entry of errorHistory is 0.500133 for index 536430, 537/1000.
Terminated at swamp 0.5.
The last entry of errorHistory is 0.500450 for index 536431, 537/1000.
Terminated at swamp 0.5.
The last entry of errorHistory is 0.500377 for index 536432, 537/1000.
Terminated at swamp 1.5.
The last entry of errorHistory is 1.500000 for index 536433, 537/1000.
Terminated at swamp 1.
The last entry of errorHistory is 1.000179 for index 536434, 537/1000.
The last entry of errorHistory is 0.000013 for index 536435, 537/1000.
Terminated at swamp 0.5.
The last entry of errorHistory is 0.500534 for index 536436, 537/1000.
The last entry of errorHistory is 1.500000 for index 536437, 537/1000.
Terminated at swamp 0.5.
The last entry of errorHistory is 0.500530 for index 536438, 537/1000.
The last entry of errorHistory is 1.000000 for index 536439, 537/1000.
Terminated at swamp 1.
The last entry of errorHistory is 1.000038 for index 536440, 537/1000.
The last entry of errorHistory is 1.000000 for index 536441, 537/1000.
Terminated at swamp 1.
The last entry of errorHistory is 1.000154 for index 536442, 537/1000.
The last entry of errorHistory is 0.500000 for index 536443, 537/1000.
Terminated at swamp 1.
The last entry of errorHistory is 1.000297 for index 536444, 537/1000.
Terminated at swamp 1.
The last entry of errorHistory is 1.000020 for index 536445, 537/1000.
Terminated at swamp 0.5.
The last entry of errorHistory is 0.500905 for index 536446, 537/1000.
Terminated at swamp 1.5.
The last entry of errorHistory is 1.500000 for index 536447, 537/1000.
The last entry of errorHistory is 0.000013 for index 536448, 537/1000.
The last entry of errorHistory is 1.000000 for index 536449, 537/1000.
Terminated at swamp 0.5.
The last entry of errorHistory is 0.500225 for index 536450, 537/1000.
Terminated at swamp 0.5.
The last entry of errorHistory is 0.500350 for index 536451, 537/1000.
The last entry of errorHistory is 1.000000 for index 536452, 537/1000.
The last entry of errorHistory is 1.000000 for index 536453, 537/1000.
Terminated at swamp 1.
The last entry of errorHistory is 1.000000 for index 536454, 537/1000.
Terminated at swamp 0.5.
The last entry of errorHistory is 0.500480 for index 536455, 537/1000.
Terminated at swamp 0.5.
The last entry of errorHistory is 0.500565 for index 536456, 537/1000.
Terminated at swamp 0.5.
The last entry of errorHistory is 0.500242 for index 536457, 537/1000.
Terminated at swamp 0.5.
The last entry of errorHistory is 0.500607 for index 536458, 537/1000.
Terminated at swamp 0.5.
The last entry of errorHistory is 0.500409 for index 536459, 537/1000.
Terminated at swamp 0.5.
The last entry of errorHistory is 0.500462 for index 536460, 537/1000.
Terminated at swamp 1.
The last entry of errorHistory is 1.000352 for index 536461, 537/1000.
The last entry of errorHistory is 1.000000 for index 536462, 537/1000.
Terminated at swamp 1.
The last entry of errorHistory is 1.000267 for index 536463, 537/1000.
Terminated at swamp 0.5.
The last entry of errorHistory is 0.500541 for index 536464, 537/1000.
Terminated at swamp 0.5.
The last entry of errorHistory is 0.500389 for index 536465, 537/1000.
Terminated at swamp 0.5.
The last entry of errorHistory is 0.500510 for index 536466, 537/1000.
Terminated at swamp 0.5.
The last entry of errorHistory is 0.500476 for index 536467, 537/1000.
The last entry of errorHistory is 1.500000 for index 536468, 537/1000.
The last entry of errorHistory is 0.000688 for index 536469, 537/1000.
Terminated at swamp 1.
The last entry of errorHistory is 1.000350 for index 536470, 537/1000.
Terminated at swamp 1.
The last entry of errorHistory is 1.000000 for index 536471, 537/1000.
The last entry of errorHistory is 1.000000 for index 536472, 537/1000.
Terminated at swamp 1.
The last entry of errorHistory is 1.000440 for index 536473, 537/1000.
The last entry of errorHistory is 0.000044 for index 536474, 537/1000.
Terminated at swamp 1.
The last entry of errorHistory is 1.000274 for index 536475, 537/1000.
The last entry of errorHistory is 0.000439 for index 536476, 537/1000.
The last entry of errorHistory is 1.000000 for index 536477, 537/1000.
Terminated at swamp 0.5.
The last entry of errorHistory is 0.500533 for index 536478, 537/1000.
Terminated at swamp 1.
The last entry of errorHistory is 1.000398 for index 536479, 537/1000.
The last entry of errorHistory is 1.000000 for index 536480, 537/1000.
The last entry of errorHistory is 1.000000 for index 536481, 537/1000.
Terminated at swamp 0.5.
The last entry of errorHistory is 0.500590 for index 536482, 537/1000.
Terminated at swamp 0.5.
The last entry of errorHistory is 0.500328 for index 536483, 537/1000.
Terminated at swamp 0.5.
The last entry of errorHistory is 0.500666 for index 536484, 537/1000.
The last entry of errorHistory is 1.000000 for index 536485, 537/1000.
Terminated at swamp 1.
The last entry of errorHistory is 1.000000 for index 536486, 537/1000.
Terminated at swamp 0.5.
The last entry of errorHistory is 0.500407 for index 536487, 537/1000.
Terminated at swamp 0.5.
The last entry of errorHistory is 0.500543 for index 536488, 537/1000.
Terminated at swamp 0.5.
The last entry of errorHistory is 0.500448 for index 536489, 537/1000.
Terminated at swamp 0.5.
The last entry of errorHistory is 0.500280 for index 536490, 537/1000.
Terminated at swamp 0.5.
The last entry of errorHistory is 0.500122 for index 536491, 537/1000.
The last entry of errorHistory is 0.000022 for index 536492, 537/1000.
The last entry of errorHistory is 1.000000 for index 536493, 537/1000.
Terminated at swamp 0.5.
The last entry of errorHistory is 0.500661 for index 536494, 537/1000.
Terminated at swamp 0.5.
The last entry of errorHistory is 0.500000 for index 536495, 537/1000.
Terminated at swamp 1.
The last entry of errorHistory is 1.000482 for index 536496, 537/1000.
The last entry of errorHistory is 0.000021 for index 536497, 537/1000.
Terminated at swamp 1.
The last entry of errorHistory is 1.000345 for index 536498, 537/1000.
Terminated at swamp 0.5.
The last entry of errorHistory is 0.500229 for index 536499, 537/1000.
Terminated at swamp 0.5.
The last entry of errorHistory is 0.500617 for index 536500, 537/1000.
The last entry of errorHistory is 0.000027 for index 536501, 537/1000.
The last entry of errorHistory is 0.000009 for index 536502, 537/1000.
Terminated at swamp 0.5.
The last entry of errorHistory is 0.500156 for index 536503, 537/1000.
Terminated at swamp 0.5.
The last entry of errorHistory is 0.500574 for index 536504, 537/1000.
The last entry of errorHistory is 1.000000 for index 536505, 537/1000.
The last entry of errorHistory is 0.500000 for index 536506, 537/1000.
Terminated at swamp 0.5.
The last entry of errorHistory is 0.500233 for index 536507, 537/1000.
Terminated at swamp 0.5.
The last entry of errorHistory is 0.500188 for index 536508, 537/1000.
The last entry of errorHistory is 0.000115 for index 536509, 537/1000.
Terminated at swamp 0.5.
The last entry of errorHistory is 0.500032 for index 536510, 537/1000.
Terminated at swamp 0.5.
The last entry of errorHistory is 0.500567 for index 536511, 537/1000.
The last entry of errorHistory is 0.000031 for index 536512, 537/1000.
Terminated at swamp 0.5.
The last entry of errorHistory is 0.500398 for index 536513, 537/1000.
The last entry of errorHistory is 1.000000 for index 536514, 537/1000.
The last entry of errorHistory is 1.000000 for index 536515, 537/1000.
Terminated at swamp 0.5.
The last entry of errorHistory is 0.500681 for index 536516, 537/1000.
Terminated at swamp 0.5.
The last entry of errorHistory is 0.500057 for index 536517, 537/1000.
Terminated at swamp 0.5.
The last entry of errorHistory is 0.500403 for index 536518, 537/1000.
The last entry of errorHistory is 0.000008 for index 536519, 537/1000.
Terminated at swamp 0.5.
The last entry of errorHistory is 0.500822 for index 536520, 537/1000.
Terminated at swamp 0.5.
The last entry of errorHistory is 0.500001 for index 536521, 537/1000.
The last entry of errorHistory is 1.000000 for index 536522, 537/1000.
Terminated at swamp 0.5.
The last entry of errorHistory is 0.500303 for index 536523, 537/1000.
Terminated at swamp 1.
The last entry of errorHistory is 1.000001 for index 536524, 537/1000.
Terminated at swamp 0.5.
The last entry of errorHistory is 0.500437 for index 536525, 537/1000.
The last entry of errorHistory is 0.000032 for index 536526, 537/1000.
The last entry of errorHistory is 1.000000 for index 536527, 537/1000.
The last entry of errorHistory is 0.000010 for index 536528, 537/1000.
Terminated at swamp 0.5.
The last entry of errorHistory is 0.500024 for index 536529, 537/1000.
The last entry of errorHistory is 0.000023 for index 536530, 537/1000.
Terminated at swamp 1.
The last entry of errorHistory is 1.000331 for index 536531, 537/1000.
Terminated at swamp 0.5.
The last entry of errorHistory is 0.500006 for index 536532, 537/1000.
Terminated at swamp 0.5.
The last entry of errorHistory is 0.500408 for index 536533, 537/1000.
Terminated at swamp 0.5.
The last entry of errorHistory is 0.500303 for index 536534, 537/1000.
The last entry of errorHistory is 0.000028 for index 536535, 537/1000.
Terminated at swamp 0.5.
The last entry of errorHistory is 0.500136 for index 536536, 537/1000.
The last entry of errorHistory is 1.000000 for index 536537, 537/1000.
Terminated at swamp 0.5.
The last entry of errorHistory is 0.500737 for index 536538, 537/1000.
Terminated at swamp 1.
The last entry of errorHistory is 1.000055 for index 536539, 537/1000.
The last entry of errorHistory is 1.000000 for index 536540, 537/1000.
Terminated at swamp 0.5.
The last entry of errorHistory is 0.500145 for index 536541, 537/1000.
Terminated at swamp 1.
The last entry of errorHistory is 1.000290 for index 536542, 537/1000.
Terminated at swamp 0.5.
The last entry of errorHistory is 0.500583 for index 536543, 537/1000.
The last entry of errorHistory is 0.500000 for index 536544, 537/1000.
Terminated at swamp 0.5.
The last entry of errorHistory is 0.500624 for index 536545, 537/1000.
Terminated at swamp 0.5.
The last entry of errorHistory is 0.500344 for index 536546, 537/1000.
The last entry of errorHistory is 0.500000 for index 536547, 537/1000.
Terminated at swamp 0.5.
The last entry of errorHistory is 0.500354 for index 536548, 537/1000.
Terminated at swamp 0.5.
The last entry of errorHistory is 0.500050 for index 536549, 537/1000.
Terminated at swamp 0.5.
The last entry of errorHistory is 0.500082 for index 536550, 537/1000.
Terminated at swamp 1.5.
The last entry of errorHistory is 1.500028 for index 536551, 537/1000.
Terminated at swamp 0.5.
The last entry of errorHistory is 0.500535 for index 536552, 537/1000.
The last entry of errorHistory is 1.000000 for index 536553, 537/1000.
Terminated at swamp 0.5.
The last entry of errorHistory is 0.500022 for index 536554, 537/1000.
Terminated at swamp 1.
The last entry of errorHistory is 1.000002 for index 536555, 537/1000.
The last entry of errorHistory is 0.500000 for index 536556, 537/1000.
The last entry of errorHistory is 1.500000 for index 536557, 537/1000.
Terminated at swamp 0.5.
The last entry of errorHistory is 0.500420 for index 536558, 537/1000.
The last entry of errorHistory is 0.000030 for index 536559, 537/1000.
Terminated at swamp 0.5.
The last entry of errorHistory is 0.500330 for index 536560, 537/1000.
The last entry of errorHistory is 1.000000 for index 536561, 537/1000.
Terminated at swamp 0.5.
The last entry of errorHistory is 0.500001 for index 536562, 537/1000.
Terminated at swamp 1.
The last entry of errorHistory is 1.000042 for index 536563, 537/1000.
The last entry of errorHistory is 1.500000 for index 536564, 537/1000.
The last entry of errorHistory is 0.000016 for index 536565, 537/1000.
The last entry of errorHistory is 1.000000 for index 536566, 537/1000.
Terminated at swamp 0.5.
The last entry of errorHistory is 0.500559 for index 536567, 537/1000.
Terminated at swamp 1.
The last entry of errorHistory is 1.000107 for index 536568, 537/1000.
The last entry of errorHistory is 1.000000 for index 536569, 537/1000.
Terminated at swamp 0.5.
The last entry of errorHistory is 0.500424 for index 536570, 537/1000.
Terminated at swamp 1.
The last entry of errorHistory is 1.000000 for index 536571, 537/1000.
Terminated at swamp 1.
The last entry of errorHistory is 1.000000 for index 536572, 537/1000.
Terminated at swamp 0.5.
The last entry of errorHistory is 0.500725 for index 536573, 537/1000.
Terminated at swamp 0.5.
The last entry of errorHistory is 0.500299 for index 536574, 537/1000.
Terminated at swamp 0.5.
The last entry of errorHistory is 0.500230 for index 536575, 537/1000.
The last entry of errorHistory is 1.000000 for index 536576, 537/1000.
Terminated at swamp 0.5.
The last entry of errorHistory is 0.500692 for index 536577, 537/1000.
Terminated at swamp 0.5.
The last entry of errorHistory is 0.500444 for index 536578, 537/1000.
Terminated at swamp 1.
The last entry of errorHistory is 1.000108 for index 536579, 537/1000.
Terminated at swamp 0.5.
The last entry of errorHistory is 0.500240 for index 536580, 537/1000.
Terminated at swamp 0.5.
The last entry of errorHistory is 0.500412 for index 536581, 537/1000.
Terminated at swamp 1.
The last entry of errorHistory is 1.000483 for index 536582, 537/1000.
Terminated at swamp 1.
The last entry of errorHistory is 1.000014 for index 536583, 537/1000.
Terminated at swamp 0.5.
The last entry of errorHistory is 0.500187 for index 536584, 537/1000.
Terminated at swamp 0.5.
The last entry of errorHistory is 0.500463 for index 536585, 537/1000.
The last entry of errorHistory is 1.500000 for index 536586, 537/1000.
Terminated at swamp 0.5.
The last entry of errorHistory is 0.500481 for index 536587, 537/1000.
Terminated at swamp 0.5.
The last entry of errorHistory is 0.500582 for index 536588, 537/1000.
Terminated at swamp 1.
The last entry of errorHistory is 1.000005 for index 536589, 537/1000.
The last entry of errorHistory is 0.000103 for index 536590, 537/1000.
Terminated at swamp 0.5.
The last entry of errorHistory is 0.500536 for index 536591, 537/1000.
Terminated at swamp 0.5.
The last entry of errorHistory is 0.500149 for index 536592, 537/1000.
Terminated at swamp 1.
The last entry of errorHistory is 1.000008 for index 536593, 537/1000.
Terminated at swamp 0.5.
The last entry of errorHistory is 0.500483 for index 536594, 537/1000.
The last entry of errorHistory is 0.500000 for index 536595, 537/1000.
The last entry of errorHistory is 0.000017 for index 536596, 537/1000.
The last entry of errorHistory is 1.000000 for index 536597, 537/1000.
Terminated at swamp 0.5.
The last entry of errorHistory is 0.500382 for index 536598, 537/1000.
Terminated at swamp 0.5.
The last entry of errorHistory is 0.500434 for index 536599, 537/1000.
The last entry of errorHistory is 0.000021 for index 536600, 537/1000.
The last entry of errorHistory is 0.000011 for index 536601, 537/1000.
Terminated at swamp 1.
The last entry of errorHistory is 0.999683 for index 536602, 537/1000.
Terminated at swamp 1.
The last entry of errorHistory is 1.000000 for index 536603, 537/1000.
The last entry of errorHistory is 1.000000 for index 536604, 537/1000.
The last entry of errorHistory is 1.000000 for index 536605, 537/1000.
Terminated at swamp 0.5.
The last entry of errorHistory is 0.500429 for index 536606, 537/1000.
Terminated at swamp 0.5.
The last entry of errorHistory is 0.500172 for index 536607, 537/1000.
Terminated at swamp 0.5.
The last entry of errorHistory is 0.500453 for index 536608, 537/1000.
The last entry of errorHistory is 1.000000 for index 536609, 537/1000.
Terminated at swamp 0.5.
The last entry of errorHistory is 0.500265 for index 536610, 537/1000.
Terminated at swamp 1.
The last entry of errorHistory is 1.000235 for index 536611, 537/1000.
The last entry of errorHistory is 1.000000 for index 536612, 537/1000.
Terminated at swamp 0.5.
The last entry of errorHistory is 0.500181 for index 536613, 537/1000.
Terminated at swamp 1.
The last entry of errorHistory is 1.000071 for index 536614, 537/1000.
Terminated at swamp 0.5.
The last entry of errorHistory is 0.500415 for index 536615, 537/1000.
The last entry of errorHistory is 0.500000 for index 536616, 537/1000.
Terminated at swamp 0.5.
The last entry of errorHistory is 0.500553 for index 536617, 537/1000.
The last entry of errorHistory is 0.000010 for index 536618, 537/1000.
Terminated at swamp 0.5.
The last entry of errorHistory is 0.500412 for index 536619, 537/1000.
Terminated at swamp 0.5.
The last entry of errorHistory is 0.500549 for index 536620, 537/1000.
Terminated at swamp 1.
The last entry of errorHistory is 1.000388 for index 536621, 537/1000.
Terminated at swamp 1.
The last entry of errorHistory is 1.000288 for index 536622, 537/1000.
Terminated at swamp 1.
The last entry of errorHistory is 1.000361 for index 536623, 537/1000.
Terminated at swamp 1.
The last entry of errorHistory is 1.000071 for index 536624, 537/1000.
Terminated at swamp 0.5.
The last entry of errorHistory is 0.500111 for index 536625, 537/1000.
The last entry of errorHistory is 1.000000 for index 536626, 537/1000.
Terminated at swamp 1.
The last entry of errorHistory is 1.000083 for index 536627, 537/1000.
Terminated at swamp 0.5.
The last entry of errorHistory is 0.500222 for index 536628, 537/1000.
Terminated at swamp 1.
The last entry of errorHistory is 1.000058 for index 536629, 537/1000.
Terminated at swamp 0.5.
The last entry of errorHistory is 0.500400 for index 536630, 537/1000.
The last entry of errorHistory is 1.500000 for index 536631, 537/1000.
Terminated at swamp 0.5.
The last entry of errorHistory is 0.500323 for index 536632, 537/1000.
Terminated at swamp 0.5.
The last entry of errorHistory is 0.500236 for index 536633, 537/1000.
The last entry of errorHistory is 0.000038 for index 536634, 537/1000.
Terminated at swamp 0.5.
The last entry of errorHistory is 0.500928 for index 536635, 537/1000.
Terminated at swamp 0.5.
The last entry of errorHistory is 0.500291 for index 536636, 537/1000.
Terminated at swamp 0.5.
The last entry of errorHistory is 0.500147 for index 536637, 537/1000.
Terminated at swamp 0.5.
The last entry of errorHistory is 0.500420 for index 536638, 537/1000.
Terminated at swamp 0.5.
The last entry of errorHistory is 0.500184 for index 536639, 537/1000.
Terminated at swamp 0.5.
The last entry of errorHistory is 0.500328 for index 536640, 537/1000.
Terminated at swamp 0.5.
The last entry of errorHistory is 0.500016 for index 536641, 537/1000.
Terminated at swamp 0.5.
The last entry of errorHistory is 0.500405 for index 536642, 537/1000.
The last entry of errorHistory is 0.500000 for index 536643, 537/1000.
Terminated at swamp 1.5.
The last entry of errorHistory is 1.500002 for index 536644, 537/1000.
Terminated at swamp 0.5.
The last entry of errorHistory is 0.500416 for index 536645, 537/1000.
Terminated at swamp 1.
The last entry of errorHistory is 1.000003 for index 536646, 537/1000.
Terminated at swamp 0.5.
The last entry of errorHistory is 0.500161 for index 536647, 537/1000.
Terminated at swamp 0.5.
The last entry of errorHistory is 0.500273 for index 536648, 537/1000.
Terminated at swamp 0.5.
The last entry of errorHistory is 0.500051 for index 536649, 537/1000.
Terminated at swamp 0.5.
The last entry of errorHistory is 0.500226 for index 536650, 537/1000.
Terminated at swamp 0.5.
The last entry of errorHistory is 0.500379 for index 536651, 537/1000.
Terminated at swamp 0.5.
The last entry of errorHistory is 0.500362 for index 536652, 537/1000.
Terminated at swamp 0.5.
The last entry of errorHistory is 0.500134 for index 536653, 537/1000.
Terminated at swamp 0.5.
The last entry of errorHistory is 0.500668 for index 536654, 537/1000.
Terminated at swamp 0.5.
The last entry of errorHistory is 0.500002 for index 536655, 537/1000.
Terminated at swamp 0.5.
The last entry of errorHistory is 0.500737 for index 536656, 537/1000.
Terminated at swamp 0.5.
The last entry of errorHistory is 0.500866 for index 536657, 537/1000.
Terminated at swamp 0.5.
The last entry of errorHistory is 0.500638 for index 536658, 537/1000.
Terminated at swamp 0.5.
The last entry of errorHistory is 0.500465 for index 536659, 537/1000.
The last entry of errorHistory is 1.000000 for index 536660, 537/1000.
The last entry of errorHistory is 1.000000 for index 536661, 537/1000.
The last entry of errorHistory is 0.000460 for index 536662, 537/1000.
Terminated at swamp 1.
The last entry of errorHistory is 1.000026 for index 536663, 537/1000.
Terminated at swamp 0.5.
The last entry of errorHistory is 0.500554 for index 536664, 537/1000.
The last entry of errorHistory is 0.000019 for index 536665, 537/1000.
Terminated at swamp 0.5.
The last entry of errorHistory is 0.500273 for index 536666, 537/1000.
Terminated at swamp 0.5.
The last entry of errorHistory is 0.500361 for index 536667, 537/1000.
Terminated at swamp 0.5.
The last entry of errorHistory is 0.500492 for index 536668, 537/1000.
Terminated at swamp 0.5.
The last entry of errorHistory is 0.500595 for index 536669, 537/1000.
Terminated at swamp 1.
The last entry of errorHistory is 1.000000 for index 536670, 537/1000.
Terminated at swamp 1.
The last entry of errorHistory is 1.000190 for index 536671, 537/1000.
Terminated at swamp 1.
The last entry of errorHistory is 1.000003 for index 536672, 537/1000.
Terminated at swamp 0.5.
The last entry of errorHistory is 0.500029 for index 536673, 537/1000.
Terminated at swamp 1.
The last entry of errorHistory is 1.000000 for index 536674, 537/1000.
Terminated at swamp 0.5.
The last entry of errorHistory is 0.500027 for index 536675, 537/1000.
Terminated at swamp 0.5.
The last entry of errorHistory is 0.500002 for index 536676, 537/1000.
The last entry of errorHistory is 0.000062 for index 536677, 537/1000.
The last entry of errorHistory is 1.000000 for index 536678, 537/1000.
The last entry of errorHistory is 1.000000 for index 536679, 537/1000.
Terminated at swamp 1.
The last entry of errorHistory is 1.000044 for index 536680, 537/1000.
The last entry of errorHistory is 0.000017 for index 536681, 537/1000.
Terminated at swamp 0.5.
The last entry of errorHistory is 0.500119 for index 536682, 537/1000.
The last entry of errorHistory is 1.000000 for index 536683, 537/1000.
The last entry of errorHistory is 0.500000 for index 536684, 537/1000.
Terminated at swamp 0.5.
The last entry of errorHistory is 0.500339 for index 536685, 537/1000.
Terminated at swamp 0.5.
The last entry of errorHistory is 0.500301 for index 536686, 537/1000.
The last entry of errorHistory is 0.000037 for index 536687, 537/1000.
Terminated at swamp 0.5.
The last entry of errorHistory is 0.500429 for index 536688, 537/1000.
Terminated at swamp 0.5.
The last entry of errorHistory is 0.500339 for index 536689, 537/1000.
The last entry of errorHistory is 1.000000 for index 536690, 537/1000.
Terminated at swamp 0.5.
The last entry of errorHistory is 0.500553 for index 536691, 537/1000.
Terminated at swamp 0.5.
The last entry of errorHistory is 0.500719 for index 536692, 537/1000.
Terminated at swamp 0.5.
The last entry of errorHistory is 0.500230 for index 536693, 537/1000.
Terminated at swamp 0.5.
The last entry of errorHistory is 0.500393 for index 536694, 537/1000.
Terminated at swamp 0.5.
The last entry of errorHistory is 0.500713 for index 536695, 537/1000.
Terminated at swamp 0.5.
The last entry of errorHistory is 0.500787 for index 536696, 537/1000.
Terminated at swamp 0.5.
The last entry of errorHistory is 0.500540 for index 536697, 537/1000.
The last entry of errorHistory is 0.000430 for index 536698, 537/1000.
Terminated at swamp 0.5.
The last entry of errorHistory is 0.500519 for index 536699, 537/1000.
Terminated at swamp 1.
The last entry of errorHistory is 1.000479 for index 536700, 537/1000.
Terminated at swamp 0.5.
The last entry of errorHistory is 0.500499 for index 536701, 537/1000.
Terminated at swamp 0.5.
The last entry of errorHistory is 0.500315 for index 536702, 537/1000.
The last entry of errorHistory is 0.000028 for index 536703, 537/1000.
The last entry of errorHistory is 1.000000 for index 536704, 537/1000.
The last entry of errorHistory is 0.500000 for index 536705, 537/1000.
Terminated at swamp 0.5.
The last entry of errorHistory is 0.500512 for index 536706, 537/1000.
Terminated at swamp 0.5.
The last entry of errorHistory is 0.500567 for index 536707, 537/1000.
Terminated at swamp 0.5.
The last entry of errorHistory is 0.500299 for index 536708, 537/1000.
The last entry of errorHistory is 1.500000 for index 536709, 537/1000.
The last entry of errorHistory is 1.000000 for index 536710, 537/1000.
Terminated at swamp 0.5.
The last entry of errorHistory is 0.500491 for index 536711, 537/1000.
Terminated at swamp 0.5.
The last entry of errorHistory is 0.500000 for index 536712, 537/1000.
Terminated at swamp 1.
The last entry of errorHistory is 1.000000 for index 536713, 537/1000.
Terminated at swamp 0.5.
The last entry of errorHistory is 0.500681 for index 536714, 537/1000.
Terminated at swamp 0.5.
The last entry of errorHistory is 0.500364 for index 536715, 537/1000.
Terminated at swamp 0.5.
The last entry of errorHistory is 0.500470 for index 536716, 537/1000.
Terminated at swamp 1.
The last entry of errorHistory is 1.000001 for index 536717, 537/1000.
Terminated at swamp 1.
The last entry of errorHistory is 1.000177 for index 536718, 537/1000.
The last entry of errorHistory is 1.000000 for index 536719, 537/1000.
The last entry of errorHistory is 1.000000 for index 536720, 537/1000.
The last entry of errorHistory is 1.000000 for index 536721, 537/1000.
The last entry of errorHistory is 0.000013 for index 536722, 537/1000.
The last entry of errorHistory is 0.000899 for index 536723, 537/1000.
The last entry of errorHistory is 1.000000 for index 536724, 537/1000.
The last entry of errorHistory is 0.500000 for index 536725, 537/1000.
Terminated at swamp 0.5.
The last entry of errorHistory is 0.500058 for index 536726, 537/1000.
The last entry of errorHistory is 0.500000 for index 536727, 537/1000.
Terminated at swamp 0.5.
The last entry of errorHistory is 0.500211 for index 536728, 537/1000.
Terminated at swamp 0.5.
The last entry of errorHistory is 0.500059 for index 536729, 537/1000.
Terminated at swamp 0.5.
The last entry of errorHistory is 0.500017 for index 536730, 537/1000.
Terminated at swamp 0.5.
The last entry of errorHistory is 0.500503 for index 536731, 537/1000.
Terminated at swamp 0.5.
The last entry of errorHistory is 0.500435 for index 536732, 537/1000.
Terminated at swamp 0.5.
The last entry of errorHistory is 0.500611 for index 536733, 537/1000.
Terminated at swamp 0.5.
The last entry of errorHistory is 0.500424 for index 536734, 537/1000.
Terminated at swamp 0.5.
The last entry of errorHistory is 0.500671 for index 536735, 537/1000.
Terminated at swamp 0.5.
The last entry of errorHistory is 0.500148 for index 536736, 537/1000.
The last entry of errorHistory is 0.000014 for index 536737, 537/1000.
Terminated at swamp 0.5.
The last entry of errorHistory is 0.500616 for index 536738, 537/1000.
The last entry of errorHistory is 1.000000 for index 536739, 537/1000.
The last entry of errorHistory is 1.000000 for index 536740, 537/1000.
The last entry of errorHistory is 0.000264 for index 536741, 537/1000.
Terminated at swamp 1.
The last entry of errorHistory is 1.000305 for index 536742, 537/1000.
Terminated at swamp 0.5.
The last entry of errorHistory is 0.500049 for index 536743, 537/1000.
Terminated at swamp 0.5.
The last entry of errorHistory is 0.500472 for index 536744, 537/1000.
The last entry of errorHistory is 0.500000 for index 536745, 537/1000.
Terminated at swamp 1.
The last entry of errorHistory is 1.000003 for index 536746, 537/1000.
Terminated at swamp 1.
The last entry of errorHistory is 1.000060 for index 536747, 537/1000.
Terminated at swamp 0.5.
The last entry of errorHistory is 0.500673 for index 536748, 537/1000.
The last entry of errorHistory is 1.000000 for index 536749, 537/1000.
Terminated at swamp 0.5.
The last entry of errorHistory is 0.500201 for index 536750, 537/1000.
The last entry of errorHistory is 0.000012 for index 536751, 537/1000.
Terminated at swamp 0.5.
The last entry of errorHistory is 0.500504 for index 536752, 537/1000.
Terminated at swamp 1.
The last entry of errorHistory is 1.000052 for index 536753, 537/1000.
Terminated at swamp 0.5.
The last entry of errorHistory is 0.500414 for index 536754, 537/1000.
Terminated at swamp 1.
The last entry of errorHistory is 1.000099 for index 536755, 537/1000.
Terminated at swamp 0.5.
The last entry of errorHistory is 0.500582 for index 536756, 537/1000.
Terminated at swamp 1.
The last entry of errorHistory is 1.000000 for index 536757, 537/1000.
The last entry of errorHistory is 1.000000 for index 536758, 537/1000.
The last entry of errorHistory is 1.000000 for index 536759, 537/1000.
Terminated at swamp 0.5.
The last entry of errorHistory is 0.500642 for index 536760, 537/1000.
The last entry of errorHistory is 0.001828 for index 536761, 537/1000.
Terminated at swamp 0.5.
The last entry of errorHistory is 0.500427 for index 536762, 537/1000.
Terminated at swamp 0.5.
The last entry of errorHistory is 0.500396 for index 536763, 537/1000.
The last entry of errorHistory is 1.000000 for index 536764, 537/1000.
Terminated at swamp 0.5.
The last entry of errorHistory is 0.500156 for index 536765, 537/1000.
The last entry of errorHistory is 1.000000 for index 536766, 537/1000.
Terminated at swamp 0.5.
The last entry of errorHistory is 0.500526 for index 536767, 537/1000.
The last entry of errorHistory is 1.000000 for index 536768, 537/1000.
Terminated at swamp 0.5.
The last entry of errorHistory is 0.500389 for index 536769, 537/1000.
Terminated at swamp 0.5.
The last entry of errorHistory is 0.500025 for index 536770, 537/1000.
The last entry of errorHistory is 1.000000 for index 536771, 537/1000.
The last entry of errorHistory is 0.000013 for index 536772, 537/1000.
Terminated at swamp 0.5.
The last entry of errorHistory is 0.500949 for index 536773, 537/1000.
Terminated at swamp 0.5.
The last entry of errorHistory is 0.500513 for index 536774, 537/1000.
The last entry of errorHistory is 0.500000 for index 536775, 537/1000.
The last entry of errorHistory is 0.500000 for index 536776, 537/1000.
Terminated at swamp 0.5.
The last entry of errorHistory is 0.500315 for index 536777, 537/1000.
Terminated at swamp 0.5.
The last entry of errorHistory is 0.500642 for index 536778, 537/1000.
Terminated at swamp 0.5.
The last entry of errorHistory is 0.500454 for index 536779, 537/1000.
Terminated at swamp 1.
The last entry of errorHistory is 1.000324 for index 536780, 537/1000.
Terminated at swamp 0.5.
The last entry of errorHistory is 0.500627 for index 536781, 537/1000.
Terminated at swamp 0.5.
The last entry of errorHistory is 0.500012 for index 536782, 537/1000.
Terminated at swamp 0.5.
The last entry of errorHistory is 0.500254 for index 536783, 537/1000.
The last entry of errorHistory is 0.000568 for index 536784, 537/1000.
Terminated at swamp 1.
The last entry of errorHistory is 1.000002 for index 536785, 537/1000.
The last entry of errorHistory is 0.000008 for index 536786, 537/1000.
Terminated at swamp 0.5.
The last entry of errorHistory is 0.500422 for index 536787, 537/1000.
Terminated at swamp 0.5.
The last entry of errorHistory is 0.500116 for index 536788, 537/1000.
Terminated at swamp 1.
The last entry of errorHistory is 1.000000 for index 536789, 537/1000.
Terminated at swamp 0.5.
The last entry of errorHistory is 0.500473 for index 536790, 537/1000.
Terminated at swamp 0.5.
The last entry of errorHistory is 0.500009 for index 536791, 537/1000.
The last entry of errorHistory is 1.000000 for index 536792, 537/1000.
The last entry of errorHistory is 0.000007 for index 536793, 537/1000.
Terminated at swamp 0.5.
The last entry of errorHistory is 0.500326 for index 536794, 537/1000.
The last entry of errorHistory is 1.000000 for index 536795, 537/1000.
Terminated at swamp 1.
The last entry of errorHistory is 1.000002 for index 536796, 537/1000.
Terminated at swamp 1.
The last entry of errorHistory is 1.000344 for index 536797, 537/1000.
Terminated at swamp 0.5.
The last entry of errorHistory is 0.500280 for index 536798, 537/1000.
Terminated at swamp 0.5.
The last entry of errorHistory is 0.500393 for index 536799, 537/1000.
The last entry of errorHistory is 1.000000 for index 536800, 537/1000.
Terminated at swamp 0.5.
The last entry of errorHistory is 0.500477 for index 536801, 537/1000.
Terminated at swamp 0.5.
The last entry of errorHistory is 0.500502 for index 536802, 537/1000.
Terminated at swamp 0.5.
The last entry of errorHistory is 0.500018 for index 536803, 537/1000.
The last entry of errorHistory is 1.000000 for index 536804, 537/1000.
The last entry of errorHistory is 0.000029 for index 536805, 537/1000.
The last entry of errorHistory is 1.000000 for index 536806, 537/1000.
Terminated at swamp 0.5.
The last entry of errorHistory is 0.500271 for index 536807, 537/1000.
The last entry of errorHistory is 1.000000 for index 536808, 537/1000.
Terminated at swamp 0.5.
The last entry of errorHistory is 0.500172 for index 536809, 537/1000.
Terminated at swamp 0.5.
The last entry of errorHistory is 0.500509 for index 536810, 537/1000.
Terminated at swamp 1.
The last entry of errorHistory is 1.000000 for index 536811, 537/1000.
Terminated at swamp 0.5.
The last entry of errorHistory is 0.500039 for index 536812, 537/1000.
The last entry of errorHistory is 1.000000 for index 536813, 537/1000.
Terminated at swamp 0.5.
The last entry of errorHistory is 0.500449 for index 536814, 537/1000.
Terminated at swamp 0.5.
The last entry of errorHistory is 0.500429 for index 536815, 537/1000.
The last entry of errorHistory is 1.500000 for index 536816, 537/1000.
The last entry of errorHistory is 1.000000 for index 536817, 537/1000.
Terminated at swamp 1.
The last entry of errorHistory is 1.000000 for index 536818, 537/1000.
The last entry of errorHistory is 0.000020 for index 536819, 537/1000.
Terminated at swamp 0.5.
The last entry of errorHistory is 0.500405 for index 536820, 537/1000.
The last entry of errorHistory is 1.000000 for index 536821, 537/1000.
Terminated at swamp 0.5.
The last entry of errorHistory is 0.500407 for index 536822, 537/1000.
The last entry of errorHistory is 1.000000 for index 536823, 537/1000.
The last entry of errorHistory is 1.000000 for index 536824, 537/1000.
Terminated at swamp 0.5.
The last entry of errorHistory is 0.500000 for index 536825, 537/1000.
Terminated at swamp 0.5.
The last entry of errorHistory is 0.500517 for index 536826, 537/1000.
The last entry of errorHistory is 0.000007 for index 536827, 537/1000.
Terminated at swamp 0.5.
The last entry of errorHistory is 0.500576 for index 536828, 537/1000.
The last entry of errorHistory is 1.000000 for index 536829, 537/1000.
Terminated at swamp 0.5.
The last entry of errorHistory is 0.500079 for index 536830, 537/1000.
Terminated at swamp 1.
The last entry of errorHistory is 1.000000 for index 536831, 537/1000.
Terminated at swamp 0.5.
The last entry of errorHistory is 0.500515 for index 536832, 537/1000.
Terminated at swamp 0.5.
The last entry of errorHistory is 0.500317 for index 536833, 537/1000.
The last entry of errorHistory is 0.000042 for index 536834, 537/1000.
The last entry of errorHistory is 0.000327 for index 536835, 537/1000.
Terminated at swamp 0.5.
The last entry of errorHistory is 0.500563 for index 536836, 537/1000.
The last entry of errorHistory is 1.000000 for index 536837, 537/1000.
Terminated at swamp 0.5.
The last entry of errorHistory is 0.500370 for index 536838, 537/1000.
The last entry of errorHistory is 0.000022 for index 536839, 537/1000.
The last entry of errorHistory is 1.000000 for index 536840, 537/1000.
The last entry of errorHistory is 0.000034 for index 536841, 537/1000.
Terminated at swamp 0.5.
The last entry of errorHistory is 0.500533 for index 536842, 537/1000.
Terminated at swamp 0.5.
The last entry of errorHistory is 0.500094 for index 536843, 537/1000.
Terminated at swamp 0.5.
The last entry of errorHistory is 0.500100 for index 536844, 537/1000.
The last entry of errorHistory is 1.000000 for index 536845, 537/1000.
The last entry of errorHistory is 0.001059 for index 536846, 537/1000.
Terminated at swamp 1.
The last entry of errorHistory is 1.000048 for index 536847, 537/1000.
Terminated at swamp 0.5.
The last entry of errorHistory is 0.500562 for index 536848, 537/1000.
Terminated at swamp 0.5.
The last entry of errorHistory is 0.500044 for index 536849, 537/1000.
The last entry of errorHistory is 0.000019 for index 536850, 537/1000.
The last entry of errorHistory is 1.000000 for index 536851, 537/1000.
Terminated at swamp 0.5.
The last entry of errorHistory is 0.500515 for index 536852, 537/1000.
Terminated at swamp 1.
The last entry of errorHistory is 1.000404 for index 536853, 537/1000.
Terminated at swamp 1.
The last entry of errorHistory is 1.000084 for index 536854, 537/1000.
Terminated at swamp 0.5.
The last entry of errorHistory is 0.500537 for index 536855, 537/1000.
Terminated at swamp 0.5.
The last entry of errorHistory is 0.500555 for index 536856, 537/1000.
Terminated at swamp 1.
The last entry of errorHistory is 1.000000 for index 536857, 537/1000.
Terminated at swamp 0.5.
The last entry of errorHistory is 0.500357 for index 536858, 537/1000.
Terminated at swamp 1.
The last entry of errorHistory is 1.000338 for index 536859, 537/1000.
The last entry of errorHistory is 1.000000 for index 536860, 537/1000.
Terminated at swamp 0.5.
The last entry of errorHistory is 0.500529 for index 536861, 537/1000.
Terminated at swamp 1.
The last entry of errorHistory is 1.000310 for index 536862, 537/1000.
Terminated at swamp 0.5.
The last entry of errorHistory is 0.500298 for index 536863, 537/1000.
The last entry of errorHistory is 0.000021 for index 536864, 537/1000.
The last entry of errorHistory is 1.000000 for index 536865, 537/1000.
Terminated at swamp 0.5.
The last entry of errorHistory is 0.500051 for index 536866, 537/1000.
Terminated at swamp 0.5.
The last entry of errorHistory is 0.500064 for index 536867, 537/1000.
The last entry of errorHistory is 1.000000 for index 536868, 537/1000.
The last entry of errorHistory is 1.000000 for index 536869, 537/1000.
Terminated at swamp 0.5.
The last entry of errorHistory is 0.500367 for index 536870, 537/1000.
Terminated at swamp 0.5.
The last entry of errorHistory is 0.500299 for index 536871, 537/1000.
Terminated at swamp 0.5.
The last entry of errorHistory is 0.500002 for index 536872, 537/1000.
The last entry of errorHistory is 0.000073 for index 536873, 537/1000.
The last entry of errorHistory is 1.000000 for index 536874, 537/1000.
Terminated at swamp 1.
The last entry of errorHistory is 1.000490 for index 536875, 537/1000.
Terminated at swamp 0.5.
The last entry of errorHistory is 0.500353 for index 536876, 537/1000.
The last entry of errorHistory is 0.000049 for index 536877, 537/1000.
Terminated at swamp 1.
The last entry of errorHistory is 1.000000 for index 536878, 537/1000.
Terminated at swamp 1.
The last entry of errorHistory is 1.000042 for index 536879, 537/1000.
Terminated at swamp 0.5.
The last entry of errorHistory is 0.500600 for index 536880, 537/1000.
The last entry of errorHistory is 1.000000 for index 536881, 537/1000.
Terminated at swamp 0.5.
The last entry of errorHistory is 0.500514 for index 536882, 537/1000.
Terminated at swamp 0.5.
The last entry of errorHistory is 0.500031 for index 536883, 537/1000.
The last entry of errorHistory is 1.000000 for index 536884, 537/1000.
Terminated at swamp 1.
The last entry of errorHistory is 1.000001 for index 536885, 537/1000.
Terminated at swamp 0.5.
The last entry of errorHistory is 0.500089 for index 536886, 537/1000.
Terminated at swamp 0.5.
The last entry of errorHistory is 0.500040 for index 536887, 537/1000.
Terminated at swamp 0.5.
The last entry of errorHistory is 0.500518 for index 536888, 537/1000.
Terminated at swamp 0.5.
The last entry of errorHistory is 0.500532 for index 536889, 537/1000.
The last entry of errorHistory is 1.000000 for index 536890, 537/1000.
Terminated at swamp 0.5.
The last entry of errorHistory is 0.500438 for index 536891, 537/1000.
The last entry of errorHistory is 0.000011 for index 536892, 537/1000.
The last entry of errorHistory is 1.000000 for index 536893, 537/1000.
Terminated at swamp 0.5.
The last entry of errorHistory is 0.500054 for index 536894, 537/1000.
Terminated at swamp 1.
The last entry of errorHistory is 1.000005 for index 536895, 537/1000.
Terminated at swamp 0.5.
The last entry of errorHistory is 0.500270 for index 536896, 537/1000.
Terminated at swamp 1.
The last entry of errorHistory is 1.000432 for index 536897, 537/1000.
Terminated at swamp 0.5.
The last entry of errorHistory is 0.500196 for index 536898, 537/1000.
The last entry of errorHistory is 1.000000 for index 536899, 537/1000.
The last entry of errorHistory is 0.000017 for index 536900, 537/1000.
Terminated at swamp 0.5.
The last entry of errorHistory is 0.500508 for index 536901, 537/1000.
Terminated at swamp 1.
The last entry of errorHistory is 1.000279 for index 536902, 537/1000.
The last entry of errorHistory is 1.000000 for index 536903, 537/1000.
Terminated at swamp 0.5.
The last entry of errorHistory is 0.500451 for index 536904, 537/1000.
The last entry of errorHistory is 1.000000 for index 536905, 537/1000.
Terminated at swamp 0.5.
The last entry of errorHistory is 0.500193 for index 536906, 537/1000.
Terminated at swamp 0.5.
The last entry of errorHistory is 0.500486 for index 536907, 537/1000.
Terminated at swamp 0.5.
The last entry of errorHistory is 0.500098 for index 536908, 537/1000.
Terminated at swamp 0.5.
The last entry of errorHistory is 0.500262 for index 536909, 537/1000.
The last entry of errorHistory is 0.500000 for index 536910, 537/1000.
Terminated at swamp 0.5.
The last entry of errorHistory is 0.500050 for index 536911, 537/1000.
The last entry of errorHistory is 1.000000 for index 536912, 537/1000.
Terminated at swamp 1.
The last entry of errorHistory is 1.000046 for index 536913, 537/1000.
Terminated at swamp 0.5.
The last entry of errorHistory is 0.500000 for index 536914, 537/1000.
The last entry of errorHistory is 1.000000 for index 536915, 537/1000.
Terminated at swamp 1.5.
The last entry of errorHistory is 1.500000 for index 536916, 537/1000.
The last entry of errorHistory is 0.001116 for index 536917, 537/1000.
The last entry of errorHistory is 1.000000 for index 536918, 537/1000.
Terminated at swamp 0.5.
The last entry of errorHistory is 0.500296 for index 536919, 537/1000.
Terminated at swamp 0.5.
The last entry of errorHistory is 0.500674 for index 536920, 537/1000.
Terminated at swamp 0.5.
The last entry of errorHistory is 0.500446 for index 536921, 537/1000.
The last entry of errorHistory is 0.500000 for index 536922, 537/1000.
Terminated at swamp 0.5.
The last entry of errorHistory is 0.500423 for index 536923, 537/1000.
Terminated at swamp 1.
The last entry of errorHistory is 1.000255 for index 536924, 537/1000.
Terminated at swamp 0.5.
The last entry of errorHistory is 0.500000 for index 536925, 537/1000.
Terminated at swamp 0.5.
The last entry of errorHistory is 0.500199 for index 536926, 537/1000.
Terminated at swamp 0.5.
The last entry of errorHistory is 0.500680 for index 536927, 537/1000.
Terminated at swamp 0.5.
The last entry of errorHistory is 0.500721 for index 536928, 537/1000.
The last entry of errorHistory is 1.500000 for index 536929, 537/1000.
The last entry of errorHistory is 0.500000 for index 536930, 537/1000.
Terminated at swamp 1.
The last entry of errorHistory is 1.000258 for index 536931, 537/1000.
Terminated at swamp 1.
The last entry of errorHistory is 1.000000 for index 536932, 537/1000.
The last entry of errorHistory is 0.500000 for index 536933, 537/1000.
Terminated at swamp 0.5.
The last entry of errorHistory is 0.500155 for index 536934, 537/1000.
The last entry of errorHistory is 0.000030 for index 536935, 537/1000.
Terminated at swamp 1.
The last entry of errorHistory is 1.000067 for index 536936, 537/1000.
Terminated at swamp 1.
The last entry of errorHistory is 1.000062 for index 536937, 537/1000.
Terminated at swamp 0.5.
The last entry of errorHistory is 0.500920 for index 536938, 537/1000.
Terminated at swamp 0.5.
The last entry of errorHistory is 0.500365 for index 536939, 537/1000.
The last entry of errorHistory is 1.000000 for index 536940, 537/1000.
Terminated at swamp 1.
The last entry of errorHistory is 1.000147 for index 536941, 537/1000.
Terminated at swamp 1.
The last entry of errorHistory is 1.000004 for index 536942, 537/1000.
Terminated at swamp 0.5.
The last entry of errorHistory is 0.500441 for index 536943, 537/1000.
Terminated at swamp 0.5.
The last entry of errorHistory is 0.500437 for index 536944, 537/1000.
Terminated at swamp 0.5.
The last entry of errorHistory is 0.500568 for index 536945, 537/1000.
Terminated at swamp 1.
The last entry of errorHistory is 1.000095 for index 536946, 537/1000.
Terminated at swamp 1.
The last entry of errorHistory is 1.000056 for index 536947, 537/1000.
Terminated at swamp 1.
The last entry of errorHistory is 1.000113 for index 536948, 537/1000.
Terminated at swamp 0.5.
The last entry of errorHistory is 0.500227 for index 536949, 537/1000.
Terminated at swamp 0.5.
The last entry of errorHistory is 0.500711 for index 536950, 537/1000.
Terminated at swamp 1.
The last entry of errorHistory is 1.000000 for index 536951, 537/1000.
The last entry of errorHistory is 1.000000 for index 536952, 537/1000.
Terminated at swamp 0.5.
The last entry of errorHistory is 0.500351 for index 536953, 537/1000.
Terminated at swamp 1.
The last entry of errorHistory is 1.000309 for index 536954, 537/1000.
Terminated at swamp 1.
The last entry of errorHistory is 1.000009 for index 536955, 537/1000.
The last entry of errorHistory is 0.000049 for index 536956, 537/1000.
Terminated at swamp 0.5.
The last entry of errorHistory is 0.500329 for index 536957, 537/1000.
Terminated at swamp 0.5.
The last entry of errorHistory is 0.500488 for index 536958, 537/1000.
Terminated at swamp 1.
The last entry of errorHistory is 1.000001 for index 536959, 537/1000.
The last entry of errorHistory is 1.000000 for index 536960, 537/1000.
The last entry of errorHistory is 0.000007 for index 536961, 537/1000.
The last entry of errorHistory is 1.500000 for index 536962, 537/1000.
Terminated at swamp 0.5.
The last entry of errorHistory is 0.500728 for index 536963, 537/1000.
The last entry of errorHistory is 1.000000 for index 536964, 537/1000.
The last entry of errorHistory is 1.000000 for index 536965, 537/1000.
Terminated at swamp 0.5.
The last entry of errorHistory is 0.500467 for index 536966, 537/1000.
The last entry of errorHistory is 0.500000 for index 536967, 537/1000.
Terminated at swamp 1.
The last entry of errorHistory is 1.000001 for index 536968, 537/1000.
The last entry of errorHistory is 0.000039 for index 536969, 537/1000.
Terminated at swamp 1.
The last entry of errorHistory is 1.000000 for index 536970, 537/1000.
Terminated at swamp 0.5.
The last entry of errorHistory is 0.500363 for index 536971, 537/1000.
Terminated at swamp 0.5.
The last entry of errorHistory is 0.500068 for index 536972, 537/1000.
Terminated at swamp 1.
The last entry of errorHistory is 1.000000 for index 536973, 537/1000.
Terminated at swamp 0.5.
The last entry of errorHistory is 0.500207 for index 536974, 537/1000.
Terminated at swamp 0.5.
The last entry of errorHistory is 0.500669 for index 536975, 537/1000.
Terminated at swamp 1.
The last entry of errorHistory is 1.000010 for index 536976, 537/1000.
Terminated at swamp 0.5.
The last entry of errorHistory is 0.500562 for index 536977, 537/1000.
Terminated at swamp 0.5.
The last entry of errorHistory is 0.500621 for index 536978, 537/1000.
The last entry of errorHistory is 1.000000 for index 536979, 537/1000.
Terminated at swamp 1.
The last entry of errorHistory is 1.000000 for index 536980, 537/1000.
The last entry of errorHistory is 1.000000 for index 536981, 537/1000.
Terminated at swamp 0.5.
The last entry of errorHistory is 0.500524 for index 536982, 537/1000.
Terminated at swamp 0.5.
The last entry of errorHistory is 0.500590 for index 536983, 537/1000.
Terminated at swamp 0.5.
The last entry of errorHistory is 0.500432 for index 536984, 537/1000.
Terminated at swamp 0.5.
The last entry of errorHistory is 0.500032 for index 536985, 537/1000.
Terminated at swamp 0.5.
The last entry of errorHistory is 0.500542 for index 536986, 537/1000.
Terminated at swamp 1.
The last entry of errorHistory is 1.000409 for index 536987, 537/1000.
Terminated at swamp 0.5.
The last entry of errorHistory is 0.500414 for index 536988, 537/1000.
Terminated at swamp 0.5.
The last entry of errorHistory is 0.500609 for index 536989, 537/1000.
Terminated at swamp 1.
The last entry of errorHistory is 1.000146 for index 536990, 537/1000.
The last entry of errorHistory is 0.500000 for index 536991, 537/1000.
The last entry of errorHistory is 0.001075 for index 536992, 537/1000.
Terminated at swamp 0.5.
The last entry of errorHistory is 0.500045 for index 536993, 537/1000.
Terminated at swamp 1.
The last entry of errorHistory is 1.000365 for index 536994, 537/1000.
Terminated at swamp 1.
The last entry of errorHistory is 1.000000 for index 536995, 537/1000.
Terminated at swamp 0.5.
The last entry of errorHistory is 0.500428 for index 536996, 537/1000.
The last entry of errorHistory is 1.000000 for index 536997, 537/1000.
Terminated at swamp 0.5.
The last entry of errorHistory is 0.500886 for index 536998, 537/1000.
Terminated at swamp 1.
The last entry of errorHistory is 1.000000 for index 536999, 537/1000.
The last entry of errorHistory is 0.000481 for index 537000, 537/1000.
