
                            < M A T L A B (R) >
                  Copyright 1984-2018 The MathWorks, Inc.
                   R2018b (9.5.0.944444) 64-bit (glnxa64)
                              August 28, 2018

 
To get started, type doc.
For product information, visit www.mathworks.com.
 
Terminated at swamp 0.5.
The last entry of errorHistory is 0.500802 for index 551001, 552/1000.
The last entry of errorHistory is 1.000000 for index 551002, 552/1000.
Terminated at swamp 0.5.
The last entry of errorHistory is 0.500271 for index 551003, 552/1000.
The last entry of errorHistory is 0.000252 for index 551004, 552/1000.
Terminated at swamp 0.5.
The last entry of errorHistory is 0.500521 for index 551005, 552/1000.
Terminated at swamp 0.5.
The last entry of errorHistory is 0.500342 for index 551006, 552/1000.
The last entry of errorHistory is 0.500000 for index 551007, 552/1000.
The last entry of errorHistory is 0.000012 for index 551008, 552/1000.
Terminated at swamp 1.
The last entry of errorHistory is 1.000114 for index 551009, 552/1000.
The last entry of errorHistory is 1.000000 for index 551010, 552/1000.
Terminated at swamp 1.
The last entry of errorHistory is 1.000362 for index 551011, 552/1000.
The last entry of errorHistory is 1.000000 for index 551012, 552/1000.
Terminated at swamp 1.
The last entry of errorHistory is 0.999361 for index 551013, 552/1000.
Terminated at swamp 0.5.
The last entry of errorHistory is 0.500333 for index 551014, 552/1000.
Terminated at swamp 1.
The last entry of errorHistory is 1.000143 for index 551015, 552/1000.
Terminated at swamp 1.
The last entry of errorHistory is 1.000435 for index 551016, 552/1000.
The last entry of errorHistory is 1.000000 for index 551017, 552/1000.
Terminated at swamp 1.
The last entry of errorHistory is 1.000279 for index 551018, 552/1000.
The last entry of errorHistory is 0.000009 for index 551019, 552/1000.
The last entry of errorHistory is 0.000054 for index 551020, 552/1000.
The last entry of errorHistory is 1.000000 for index 551021, 552/1000.
The last entry of errorHistory is 1.000000 for index 551022, 552/1000.
Terminated at swamp 0.5.
The last entry of errorHistory is 0.500638 for index 551023, 552/1000.
Terminated at swamp 0.5.
The last entry of errorHistory is 0.500277 for index 551024, 552/1000.
Terminated at swamp 0.5.
The last entry of errorHistory is 0.500464 for index 551025, 552/1000.
The last entry of errorHistory is 0.000093 for index 551026, 552/1000.
Terminated at swamp 1.
The last entry of errorHistory is 1.000576 for index 551027, 552/1000.
Terminated at swamp 0.5.
The last entry of errorHistory is 0.500344 for index 551028, 552/1000.
The last entry of errorHistory is 0.000565 for index 551029, 552/1000.
Terminated at swamp 1.
The last entry of errorHistory is 1.000000 for index 551030, 552/1000.
Terminated at swamp 0.5.
The last entry of errorHistory is 0.500429 for index 551031, 552/1000.
Terminated at swamp 0.5.
The last entry of errorHistory is 0.500419 for index 551032, 552/1000.
Terminated at swamp 0.5.
The last entry of errorHistory is 0.500000 for index 551033, 552/1000.
Terminated at swamp 1.
The last entry of errorHistory is 1.000000 for index 551034, 552/1000.
Terminated at swamp 0.5.
The last entry of errorHistory is 0.500000 for index 551035, 552/1000.
The last entry of errorHistory is 1.500000 for index 551036, 552/1000.
Terminated at swamp 0.5.
The last entry of errorHistory is 0.500019 for index 551037, 552/1000.
Terminated at swamp 0.5.
The last entry of errorHistory is 0.500043 for index 551038, 552/1000.
Terminated at swamp 0.5.
The last entry of errorHistory is 0.500369 for index 551039, 552/1000.
Terminated at swamp 0.5.
The last entry of errorHistory is 0.500424 for index 551040, 552/1000.
The last entry of errorHistory is 1.500000 for index 551041, 552/1000.
The last entry of errorHistory is 0.000016 for index 551042, 552/1000.
Terminated at swamp 0.5.
The last entry of errorHistory is 0.500615 for index 551043, 552/1000.
Terminated at swamp 1.
The last entry of errorHistory is 1.000002 for index 551044, 552/1000.
Terminated at swamp 1.
The last entry of errorHistory is 1.000081 for index 551045, 552/1000.
The last entry of errorHistory is 1.000000 for index 551046, 552/1000.
Terminated at swamp 0.5.
The last entry of errorHistory is 0.500476 for index 551047, 552/1000.
The last entry of errorHistory is 0.500000 for index 551048, 552/1000.
The last entry of errorHistory is 0.500000 for index 551049, 552/1000.
Terminated at swamp 0.5.
The last entry of errorHistory is 0.500484 for index 551050, 552/1000.
Terminated at swamp 0.5.
The last entry of errorHistory is 0.500560 for index 551051, 552/1000.
Terminated at swamp 0.5.
The last entry of errorHistory is 0.500420 for index 551052, 552/1000.
Terminated at swamp 0.5.
The last entry of errorHistory is 0.500372 for index 551053, 552/1000.
The last entry of errorHistory is 1.000000 for index 551054, 552/1000.
Terminated at swamp 0.5.
The last entry of errorHistory is 0.500488 for index 551055, 552/1000.
Terminated at swamp 0.5.
The last entry of errorHistory is 0.500755 for index 551056, 552/1000.
Terminated at swamp 1.
The last entry of errorHistory is 1.000000 for index 551057, 552/1000.
Terminated at swamp 0.5.
The last entry of errorHistory is 0.500516 for index 551058, 552/1000.
Terminated at swamp 0.5.
The last entry of errorHistory is 0.500143 for index 551059, 552/1000.
The last entry of errorHistory is 0.000017 for index 551060, 552/1000.
Terminated at swamp 0.5.
The last entry of errorHistory is 0.500392 for index 551061, 552/1000.
The last entry of errorHistory is 1.000000 for index 551062, 552/1000.
The last entry of errorHistory is 0.500000 for index 551063, 552/1000.
The last entry of errorHistory is 1.000000 for index 551064, 552/1000.
The last entry of errorHistory is 0.000010 for index 551065, 552/1000.
Terminated at swamp 0.5.
The last entry of errorHistory is 0.500736 for index 551066, 552/1000.
Terminated at swamp 0.5.
The last entry of errorHistory is 0.500478 for index 551067, 552/1000.
Terminated at swamp 0.5.
The last entry of errorHistory is 0.500692 for index 551068, 552/1000.
Terminated at swamp 0.5.
The last entry of errorHistory is 0.500561 for index 551069, 552/1000.
Terminated at swamp 0.5.
The last entry of errorHistory is 0.500558 for index 551070, 552/1000.
Terminated at swamp 0.5.
The last entry of errorHistory is 0.500596 for index 551071, 552/1000.
Terminated at swamp 0.5.
The last entry of errorHistory is 0.500351 for index 551072, 552/1000.
Terminated at swamp 0.5.
The last entry of errorHistory is 0.500037 for index 551073, 552/1000.
Terminated at swamp 0.5.
The last entry of errorHistory is 0.500014 for index 551074, 552/1000.
Terminated at swamp 1.
The last entry of errorHistory is 1.000123 for index 551075, 552/1000.
The last entry of errorHistory is 0.000012 for index 551076, 552/1000.
Terminated at swamp 1.
The last entry of errorHistory is 1.000234 for index 551077, 552/1000.
Terminated at swamp 0.5.
The last entry of errorHistory is 0.500585 for index 551078, 552/1000.
Terminated at swamp 0.5.
The last entry of errorHistory is 0.500273 for index 551079, 552/1000.
Terminated at swamp 0.5.
The last entry of errorHistory is 0.500896 for index 551080, 552/1000.
Terminated at swamp 0.5.
The last entry of errorHistory is 0.500500 for index 551081, 552/1000.
Terminated at swamp 0.5.
The last entry of errorHistory is 0.500259 for index 551082, 552/1000.
The last entry of errorHistory is 0.000023 for index 551083, 552/1000.
The last entry of errorHistory is 0.000014 for index 551084, 552/1000.
Terminated at swamp 0.5.
The last entry of errorHistory is 0.500476 for index 551085, 552/1000.
The last entry of errorHistory is 0.000369 for index 551086, 552/1000.
The last entry of errorHistory is 1.000000 for index 551087, 552/1000.
The last entry of errorHistory is 1.000000 for index 551088, 552/1000.
Terminated at swamp 0.5.
The last entry of errorHistory is 0.500610 for index 551089, 552/1000.
The last entry of errorHistory is 0.000010 for index 551090, 552/1000.
Terminated at swamp 0.5.
The last entry of errorHistory is 0.500659 for index 551091, 552/1000.
Terminated at swamp 0.5.
The last entry of errorHistory is 0.500213 for index 551092, 552/1000.
Terminated at swamp 0.5.
The last entry of errorHistory is 0.500279 for index 551093, 552/1000.
The last entry of errorHistory is 0.000026 for index 551094, 552/1000.
Terminated at swamp 0.5.
The last entry of errorHistory is 0.500031 for index 551095, 552/1000.
The last entry of errorHistory is 1.000000 for index 551096, 552/1000.
Terminated at swamp 0.5.
The last entry of errorHistory is 0.500008 for index 551097, 552/1000.
The last entry of errorHistory is 0.000371 for index 551098, 552/1000.
Terminated at swamp 0.5.
The last entry of errorHistory is 0.500000 for index 551099, 552/1000.
Terminated at swamp 1.
The last entry of errorHistory is 1.000002 for index 551100, 552/1000.
The last entry of errorHistory is 1.000000 for index 551101, 552/1000.
Terminated at swamp 1.
The last entry of errorHistory is 1.000049 for index 551102, 552/1000.
Terminated at swamp 0.5.
The last entry of errorHistory is 0.500400 for index 551103, 552/1000.
The last entry of errorHistory is 0.500000 for index 551104, 552/1000.
The last entry of errorHistory is 1.000000 for index 551105, 552/1000.
The last entry of errorHistory is 1.500000 for index 551106, 552/1000.
Terminated at swamp 0.5.
The last entry of errorHistory is 0.500562 for index 551107, 552/1000.
Terminated at swamp 0.5.
The last entry of errorHistory is 0.500298 for index 551108, 552/1000.
Terminated at swamp 0.5.
The last entry of errorHistory is 0.500713 for index 551109, 552/1000.
The last entry of errorHistory is 0.002478 for index 551110, 552/1000.
Terminated at swamp 0.5.
The last entry of errorHistory is 0.500593 for index 551111, 552/1000.
The last entry of errorHistory is 0.500000 for index 551112, 552/1000.
Terminated at swamp 1.
The last entry of errorHistory is 1.000251 for index 551113, 552/1000.
The last entry of errorHistory is 1.000000 for index 551114, 552/1000.
The last entry of errorHistory is 0.000068 for index 551115, 552/1000.
Terminated at swamp 0.5.
The last entry of errorHistory is 0.500545 for index 551116, 552/1000.
The last entry of errorHistory is 0.000414 for index 551117, 552/1000.
Terminated at swamp 0.5.
The last entry of errorHistory is 0.500573 for index 551118, 552/1000.
Terminated at swamp 0.5.
The last entry of errorHistory is 0.500309 for index 551119, 552/1000.
Terminated at swamp 0.5.
The last entry of errorHistory is 0.500666 for index 551120, 552/1000.
Terminated at swamp 1.
The last entry of errorHistory is 1.000001 for index 551121, 552/1000.
Terminated at swamp 1.
The last entry of errorHistory is 1.000227 for index 551122, 552/1000.
Terminated at swamp 0.5.
The last entry of errorHistory is 0.500677 for index 551123, 552/1000.
Terminated at swamp 0.5.
The last entry of errorHistory is 0.500364 for index 551124, 552/1000.
Terminated at swamp 1.
The last entry of errorHistory is 1.000043 for index 551125, 552/1000.
Terminated at swamp 0.5.
The last entry of errorHistory is 0.500193 for index 551126, 552/1000.
The last entry of errorHistory is 1.000000 for index 551127, 552/1000.
The last entry of errorHistory is 0.000038 for index 551128, 552/1000.
The last entry of errorHistory is 0.000855 for index 551129, 552/1000.
Terminated at swamp 0.5.
The last entry of errorHistory is 0.500383 for index 551130, 552/1000.
Terminated at swamp 0.5.
The last entry of errorHistory is 0.500593 for index 551131, 552/1000.
Terminated at swamp 0.5.
The last entry of errorHistory is 0.500556 for index 551132, 552/1000.
Terminated at swamp 0.5.
The last entry of errorHistory is 0.500073 for index 551133, 552/1000.
The last entry of errorHistory is 1.000000 for index 551134, 552/1000.
The last entry of errorHistory is 0.000049 for index 551135, 552/1000.
Terminated at swamp 0.5.
The last entry of errorHistory is 0.500405 for index 551136, 552/1000.
The last entry of errorHistory is 1.000000 for index 551137, 552/1000.
Terminated at swamp 0.5.
The last entry of errorHistory is 0.500635 for index 551138, 552/1000.
Terminated at swamp 0.5.
The last entry of errorHistory is 0.500519 for index 551139, 552/1000.
Terminated at swamp 0.5.
The last entry of errorHistory is 0.500000 for index 551140, 552/1000.
Terminated at swamp 0.5.
The last entry of errorHistory is 0.500433 for index 551141, 552/1000.
Terminated at swamp 0.5.
The last entry of errorHistory is 0.500489 for index 551142, 552/1000.
The last entry of errorHistory is 1.000000 for index 551143, 552/1000.
The last entry of errorHistory is 0.000006 for index 551144, 552/1000.
Terminated at swamp 0.5.
The last entry of errorHistory is 0.500085 for index 551145, 552/1000.
Terminated at swamp 0.5.
The last entry of errorHistory is 0.500197 for index 551146, 552/1000.
Terminated at swamp 0.5.
The last entry of errorHistory is 0.500419 for index 551147, 552/1000.
Terminated at swamp 0.5.
The last entry of errorHistory is 0.500558 for index 551148, 552/1000.
The last entry of errorHistory is 0.000028 for index 551149, 552/1000.
The last entry of errorHistory is 1.000000 for index 551150, 552/1000.
Terminated at swamp 0.5.
The last entry of errorHistory is 0.500347 for index 551151, 552/1000.
The last entry of errorHistory is 0.000055 for index 551152, 552/1000.
Terminated at swamp 1.
The last entry of errorHistory is 1.000001 for index 551153, 552/1000.
The last entry of errorHistory is 0.000014 for index 551154, 552/1000.
The last entry of errorHistory is 1.000000 for index 551155, 552/1000.
Terminated at swamp 0.5.
The last entry of errorHistory is 0.500000 for index 551156, 552/1000.
Terminated at swamp 0.5.
The last entry of errorHistory is 0.500629 for index 551157, 552/1000.
Terminated at swamp 0.5.
The last entry of errorHistory is 0.500263 for index 551158, 552/1000.
Terminated at swamp 0.5.
The last entry of errorHistory is 0.500626 for index 551159, 552/1000.
Terminated at swamp 0.5.
The last entry of errorHistory is 0.500548 for index 551160, 552/1000.
Terminated at swamp 0.5.
The last entry of errorHistory is 0.500277 for index 551161, 552/1000.
The last entry of errorHistory is 0.000023 for index 551162, 552/1000.
Terminated at swamp 0.5.
The last entry of errorHistory is 0.500423 for index 551163, 552/1000.
The last entry of errorHistory is 0.000044 for index 551164, 552/1000.
Terminated at swamp 1.
The last entry of errorHistory is 1.000171 for index 551165, 552/1000.
Terminated at swamp 1.
The last entry of errorHistory is 1.000269 for index 551166, 552/1000.
Terminated at swamp 0.5.
The last entry of errorHistory is 0.500502 for index 551167, 552/1000.
Terminated at swamp 0.5.
The last entry of errorHistory is 0.500449 for index 551168, 552/1000.
The last entry of errorHistory is 0.000046 for index 551169, 552/1000.
The last entry of errorHistory is 0.000181 for index 551170, 552/1000.
Terminated at swamp 0.5.
The last entry of errorHistory is 0.500485 for index 551171, 552/1000.
Terminated at swamp 1.
The last entry of errorHistory is 1.000118 for index 551172, 552/1000.
Terminated at swamp 0.5.
The last entry of errorHistory is 0.500534 for index 551173, 552/1000.
Terminated at swamp 0.5.
The last entry of errorHistory is 0.500234 for index 551174, 552/1000.
Terminated at swamp 0.5.
The last entry of errorHistory is 0.500292 for index 551175, 552/1000.
The last entry of errorHistory is 0.000048 for index 551176, 552/1000.
Terminated at swamp 1.
The last entry of errorHistory is 1.000009 for index 551177, 552/1000.
The last entry of errorHistory is 1.000000 for index 551178, 552/1000.
Terminated at swamp 1.
The last entry of errorHistory is 1.000285 for index 551179, 552/1000.
Terminated at swamp 1.
The last entry of errorHistory is 1.000006 for index 551180, 552/1000.
The last entry of errorHistory is 0.500000 for index 551181, 552/1000.
Terminated at swamp 0.5.
The last entry of errorHistory is 0.500320 for index 551182, 552/1000.
Terminated at swamp 1.
The last entry of errorHistory is 1.000001 for index 551183, 552/1000.
Terminated at swamp 1.5.
The last entry of errorHistory is 1.500204 for index 551184, 552/1000.
Terminated at swamp 1.
The last entry of errorHistory is 1.000035 for index 551185, 552/1000.
Terminated at swamp 1.
The last entry of errorHistory is 1.000000 for index 551186, 552/1000.
The last entry of errorHistory is 0.000015 for index 551187, 552/1000.
The last entry of errorHistory is 1.000000 for index 551188, 552/1000.
The last entry of errorHistory is 1.500000 for index 551189, 552/1000.
Terminated at swamp 0.5.
The last entry of errorHistory is 0.500305 for index 551190, 552/1000.
Terminated at swamp 1.
The last entry of errorHistory is 1.000248 for index 551191, 552/1000.
The last entry of errorHistory is 0.000127 for index 551192, 552/1000.
Terminated at swamp 0.5.
The last entry of errorHistory is 0.500344 for index 551193, 552/1000.
The last entry of errorHistory is 1.500000 for index 551194, 552/1000.
The last entry of errorHistory is 1.000000 for index 551195, 552/1000.
Terminated at swamp 0.5.
The last entry of errorHistory is 0.500604 for index 551196, 552/1000.
The last entry of errorHistory is 0.000015 for index 551197, 552/1000.
The last entry of errorHistory is 1.000000 for index 551198, 552/1000.
Terminated at swamp 1.
The last entry of errorHistory is 1.000000 for index 551199, 552/1000.
Terminated at swamp 1.
The last entry of errorHistory is 1.000002 for index 551200, 552/1000.
The last entry of errorHistory is 0.000018 for index 551201, 552/1000.
Terminated at swamp 1.
The last entry of errorHistory is 1.000004 for index 551202, 552/1000.
Terminated at swamp 0.5.
The last entry of errorHistory is 0.500017 for index 551203, 552/1000.
Terminated at swamp 0.5.
The last entry of errorHistory is 0.500705 for index 551204, 552/1000.
Terminated at swamp 1.
The last entry of errorHistory is 1.000024 for index 551205, 552/1000.
The last entry of errorHistory is 1.000000 for index 551206, 552/1000.
Terminated at swamp 0.5.
The last entry of errorHistory is 0.500192 for index 551207, 552/1000.
The last entry of errorHistory is 0.500000 for index 551208, 552/1000.
Terminated at swamp 0.5.
The last entry of errorHistory is 0.500526 for index 551209, 552/1000.
The last entry of errorHistory is 1.000000 for index 551210, 552/1000.
Terminated at swamp 0.5.
The last entry of errorHistory is 0.500665 for index 551211, 552/1000.
Terminated at swamp 0.5.
The last entry of errorHistory is 0.500329 for index 551212, 552/1000.
Terminated at swamp 0.5.
The last entry of errorHistory is 0.500207 for index 551213, 552/1000.
Terminated at swamp 0.5.
The last entry of errorHistory is 0.500625 for index 551214, 552/1000.
Terminated at swamp 0.5.
The last entry of errorHistory is 0.500424 for index 551215, 552/1000.
Terminated at swamp 0.5.
The last entry of errorHistory is 0.500173 for index 551216, 552/1000.
Terminated at swamp 0.5.
The last entry of errorHistory is 0.500587 for index 551217, 552/1000.
Terminated at swamp 0.5.
The last entry of errorHistory is 0.500653 for index 551218, 552/1000.
Terminated at swamp 0.5.
The last entry of errorHistory is 0.500452 for index 551219, 552/1000.
Terminated at swamp 0.5.
The last entry of errorHistory is 0.500455 for index 551220, 552/1000.
The last entry of errorHistory is 1.000000 for index 551221, 552/1000.
The last entry of errorHistory is 0.000228 for index 551222, 552/1000.
The last entry of errorHistory is 1.000000 for index 551223, 552/1000.
The last entry of errorHistory is 1.000000 for index 551224, 552/1000.
Terminated at swamp 0.5.
The last entry of errorHistory is 0.500564 for index 551225, 552/1000.
Terminated at swamp 1.
The last entry of errorHistory is 1.000291 for index 551226, 552/1000.
The last entry of errorHistory is 1.000000 for index 551227, 552/1000.
Terminated at swamp 1.
The last entry of errorHistory is 1.000413 for index 551228, 552/1000.
Terminated at swamp 1.
The last entry of errorHistory is 1.000030 for index 551229, 552/1000.
Terminated at swamp 0.5.
The last entry of errorHistory is 0.500021 for index 551230, 552/1000.
Terminated at swamp 0.5.
The last entry of errorHistory is 0.500707 for index 551231, 552/1000.
The last entry of errorHistory is 1.000000 for index 551232, 552/1000.
Terminated at swamp 0.5.
The last entry of errorHistory is 0.500271 for index 551233, 552/1000.
Terminated at swamp 0.5.
The last entry of errorHistory is 0.500393 for index 551234, 552/1000.
Terminated at swamp 0.5.
The last entry of errorHistory is 0.500665 for index 551235, 552/1000.
Terminated at swamp 0.5.
The last entry of errorHistory is 0.500074 for index 551236, 552/1000.
Terminated at swamp 1.
The last entry of errorHistory is 1.000327 for index 551237, 552/1000.
Terminated at swamp 0.5.
The last entry of errorHistory is 0.500647 for index 551238, 552/1000.
Terminated at swamp 0.5.
The last entry of errorHistory is 0.500401 for index 551239, 552/1000.
Terminated at swamp 0.5.
The last entry of errorHistory is 0.500601 for index 551240, 552/1000.
Terminated at swamp 0.5.
The last entry of errorHistory is 0.500541 for index 551241, 552/1000.
Terminated at swamp 0.5.
The last entry of errorHistory is 0.500554 for index 551242, 552/1000.
The last entry of errorHistory is 0.000052 for index 551243, 552/1000.
The last entry of errorHistory is 1.000000 for index 551244, 552/1000.
Terminated at swamp 0.5.
The last entry of errorHistory is 0.500330 for index 551245, 552/1000.
Terminated at swamp 0.5.
The last entry of errorHistory is 0.500635 for index 551246, 552/1000.
Terminated at swamp 0.5.
The last entry of errorHistory is 0.500540 for index 551247, 552/1000.
The last entry of errorHistory is 1.000000 for index 551248, 552/1000.
Terminated at swamp 1.
The last entry of errorHistory is 1.000215 for index 551249, 552/1000.
Terminated at swamp 0.5.
The last entry of errorHistory is 0.500599 for index 551250, 552/1000.
Terminated at swamp 0.5.
The last entry of errorHistory is 0.500321 for index 551251, 552/1000.
Terminated at swamp 0.5.
The last entry of errorHistory is 0.500051 for index 551252, 552/1000.
The last entry of errorHistory is 1.000000 for index 551253, 552/1000.
Terminated at swamp 1.
The last entry of errorHistory is 1.000118 for index 551254, 552/1000.
The last entry of errorHistory is 0.000021 for index 551255, 552/1000.
The last entry of errorHistory is 0.001019 for index 551256, 552/1000.
Terminated at swamp 0.5.
The last entry of errorHistory is 0.500486 for index 551257, 552/1000.
The last entry of errorHistory is 1.000000 for index 551258, 552/1000.
The last entry of errorHistory is 0.000010 for index 551259, 552/1000.
The last entry of errorHistory is 0.000575 for index 551260, 552/1000.
Terminated at swamp 0.5.
The last entry of errorHistory is 0.500321 for index 551261, 552/1000.
The last entry of errorHistory is 0.000028 for index 551262, 552/1000.
Terminated at swamp 0.5.
The last entry of errorHistory is 0.500494 for index 551263, 552/1000.
Terminated at swamp 0.5.
The last entry of errorHistory is 0.500582 for index 551264, 552/1000.
The last entry of errorHistory is 0.000010 for index 551265, 552/1000.
The last entry of errorHistory is 1.000000 for index 551266, 552/1000.
Terminated at swamp 0.5.
The last entry of errorHistory is 0.500372 for index 551267, 552/1000.
The last entry of errorHistory is 0.500000 for index 551268, 552/1000.
Terminated at swamp 0.5.
The last entry of errorHistory is 0.500512 for index 551269, 552/1000.
The last entry of errorHistory is 0.500000 for index 551270, 552/1000.
The last entry of errorHistory is 0.000040 for index 551271, 552/1000.
Terminated at swamp 0.5.
The last entry of errorHistory is 0.500505 for index 551272, 552/1000.
Terminated at swamp 0.5.
The last entry of errorHistory is 0.500556 for index 551273, 552/1000.
Terminated at swamp 0.5.
The last entry of errorHistory is 0.500098 for index 551274, 552/1000.
The last entry of errorHistory is 0.000128 for index 551275, 552/1000.
Terminated at swamp 1.
The last entry of errorHistory is 1.000000 for index 551276, 552/1000.
Terminated at swamp 0.5.
The last entry of errorHistory is 0.500345 for index 551277, 552/1000.
Terminated at swamp 0.5.
The last entry of errorHistory is 0.500869 for index 551278, 552/1000.
Terminated at swamp 0.5.
The last entry of errorHistory is 0.500313 for index 551279, 552/1000.
Terminated at swamp 0.5.
The last entry of errorHistory is 0.500000 for index 551280, 552/1000.
Terminated at swamp 0.5.
The last entry of errorHistory is 0.500409 for index 551281, 552/1000.
Terminated at swamp 0.5.
The last entry of errorHistory is 0.500407 for index 551282, 552/1000.
Terminated at swamp 0.5.
The last entry of errorHistory is 0.500343 for index 551283, 552/1000.
Terminated at swamp 1.
The last entry of errorHistory is 1.000000 for index 551284, 552/1000.
Terminated at swamp 0.5.
The last entry of errorHistory is 0.500003 for index 551285, 552/1000.
Terminated at swamp 1.
The last entry of errorHistory is 1.000000 for index 551286, 552/1000.
Terminated at swamp 0.5.
The last entry of errorHistory is 0.500724 for index 551287, 552/1000.
Terminated at swamp 0.5.
The last entry of errorHistory is 0.500236 for index 551288, 552/1000.
Terminated at swamp 0.5.
The last entry of errorHistory is 0.500320 for index 551289, 552/1000.
The last entry of errorHistory is 0.000016 for index 551290, 552/1000.
Terminated at swamp 0.5.
The last entry of errorHistory is 0.500571 for index 551291, 552/1000.
The last entry of errorHistory is 1.500000 for index 551292, 552/1000.
Terminated at swamp 1.
The last entry of errorHistory is 0.999824 for index 551293, 552/1000.
The last entry of errorHistory is 1.000000 for index 551294, 552/1000.
Terminated at swamp 0.5.
The last entry of errorHistory is 0.500293 for index 551295, 552/1000.
The last entry of errorHistory is 1.000000 for index 551296, 552/1000.
Terminated at swamp 1.
The last entry of errorHistory is 1.000527 for index 551297, 552/1000.
The last entry of errorHistory is 1.500000 for index 551298, 552/1000.
Terminated at swamp 1.
The last entry of errorHistory is 1.000393 for index 551299, 552/1000.
Terminated at swamp 0.5.
The last entry of errorHistory is 0.500396 for index 551300, 552/1000.
Terminated at swamp 0.5.
The last entry of errorHistory is 0.500430 for index 551301, 552/1000.
The last entry of errorHistory is 1.000000 for index 551302, 552/1000.
Terminated at swamp 0.5.
The last entry of errorHistory is 0.500477 for index 551303, 552/1000.
Terminated at swamp 0.5.
The last entry of errorHistory is 0.500475 for index 551304, 552/1000.
The last entry of errorHistory is 0.500000 for index 551305, 552/1000.
The last entry of errorHistory is 0.000019 for index 551306, 552/1000.
Terminated at swamp 0.5.
The last entry of errorHistory is 0.500199 for index 551307, 552/1000.
Terminated at swamp 0.5.
The last entry of errorHistory is 0.500272 for index 551308, 552/1000.
Terminated at swamp 0.5.
The last entry of errorHistory is 0.500289 for index 551309, 552/1000.
The last entry of errorHistory is 0.500000 for index 551310, 552/1000.
Terminated at swamp 0.5.
The last entry of errorHistory is 0.500378 for index 551311, 552/1000.
Terminated at swamp 0.5.
The last entry of errorHistory is 0.500549 for index 551312, 552/1000.
Terminated at swamp 0.5.
The last entry of errorHistory is 0.500230 for index 551313, 552/1000.
The last entry of errorHistory is 0.500000 for index 551314, 552/1000.
The last entry of errorHistory is 0.000268 for index 551315, 552/1000.
The last entry of errorHistory is 1.000000 for index 551316, 552/1000.
Terminated at swamp 0.5.
The last entry of errorHistory is 0.500420 for index 551317, 552/1000.
The last entry of errorHistory is 1.000000 for index 551318, 552/1000.
Terminated at swamp 0.5.
The last entry of errorHistory is 0.500000 for index 551319, 552/1000.
Terminated at swamp 0.5.
The last entry of errorHistory is 0.500025 for index 551320, 552/1000.
Terminated at swamp 1.
The last entry of errorHistory is 1.000035 for index 551321, 552/1000.
Terminated at swamp 0.5.
The last entry of errorHistory is 0.500708 for index 551322, 552/1000.
The last entry of errorHistory is 1.000000 for index 551323, 552/1000.
The last entry of errorHistory is 1.000000 for index 551324, 552/1000.
Terminated at swamp 0.5.
The last entry of errorHistory is 0.500512 for index 551325, 552/1000.
Terminated at swamp 0.5.
The last entry of errorHistory is 0.500730 for index 551326, 552/1000.
Terminated at swamp 1.
The last entry of errorHistory is 1.000112 for index 551327, 552/1000.
The last entry of errorHistory is 0.000018 for index 551328, 552/1000.
Terminated at swamp 1.
The last entry of errorHistory is 1.000000 for index 551329, 552/1000.
Terminated at swamp 1.5.
The last entry of errorHistory is 1.499997 for index 551330, 552/1000.
Terminated at swamp 0.5.
The last entry of errorHistory is 0.500494 for index 551331, 552/1000.
Terminated at swamp 1.
The last entry of errorHistory is 1.000423 for index 551332, 552/1000.
The last entry of errorHistory is 1.000000 for index 551333, 552/1000.
Terminated at swamp 0.5.
The last entry of errorHistory is 0.500475 for index 551334, 552/1000.
Terminated at swamp 1.5.
The last entry of errorHistory is 1.500172 for index 551335, 552/1000.
Terminated at swamp 0.5.
The last entry of errorHistory is 0.500000 for index 551336, 552/1000.
The last entry of errorHistory is 1.000000 for index 551337, 552/1000.
Terminated at swamp 0.5.
The last entry of errorHistory is 0.500563 for index 551338, 552/1000.
The last entry of errorHistory is 0.000032 for index 551339, 552/1000.
Terminated at swamp 0.5.
The last entry of errorHistory is 0.500073 for index 551340, 552/1000.
The last entry of errorHistory is 1.000000 for index 551341, 552/1000.
The last entry of errorHistory is 0.000048 for index 551342, 552/1000.
The last entry of errorHistory is 0.000018 for index 551343, 552/1000.
Terminated at swamp 0.5.
The last entry of errorHistory is 0.500626 for index 551344, 552/1000.
Terminated at swamp 0.5.
The last entry of errorHistory is 0.500311 for index 551345, 552/1000.
The last entry of errorHistory is 1.000000 for index 551346, 552/1000.
Terminated at swamp 0.5.
The last entry of errorHistory is 0.500536 for index 551347, 552/1000.
The last entry of errorHistory is 1.000000 for index 551348, 552/1000.
The last entry of errorHistory is 1.000000 for index 551349, 552/1000.
The last entry of errorHistory is 1.000000 for index 551350, 552/1000.
Terminated at swamp 1.
The last entry of errorHistory is 1.000000 for index 551351, 552/1000.
Terminated at swamp 0.5.
The last entry of errorHistory is 0.500338 for index 551352, 552/1000.
Terminated at swamp 0.5.
The last entry of errorHistory is 0.500458 for index 551353, 552/1000.
The last entry of errorHistory is 1.000000 for index 551354, 552/1000.
Terminated at swamp 0.5.
The last entry of errorHistory is 0.500541 for index 551355, 552/1000.
Terminated at swamp 0.5.
The last entry of errorHistory is 0.500306 for index 551356, 552/1000.
Terminated at swamp 0.5.
The last entry of errorHistory is 0.500202 for index 551357, 552/1000.
The last entry of errorHistory is 1.000000 for index 551358, 552/1000.
Terminated at swamp 0.5.
The last entry of errorHistory is 0.500514 for index 551359, 552/1000.
Terminated at swamp 0.5.
The last entry of errorHistory is 0.500577 for index 551360, 552/1000.
Terminated at swamp 0.5.
The last entry of errorHistory is 0.500034 for index 551361, 552/1000.
The last entry of errorHistory is 1.000000 for index 551362, 552/1000.
Terminated at swamp 0.5.
The last entry of errorHistory is 0.500359 for index 551363, 552/1000.
The last entry of errorHistory is 1.000000 for index 551364, 552/1000.
The last entry of errorHistory is 1.000000 for index 551365, 552/1000.
The last entry of errorHistory is 1.000000 for index 551366, 552/1000.
Terminated at swamp 0.5.
The last entry of errorHistory is 0.500406 for index 551367, 552/1000.
The last entry of errorHistory is 1.000000 for index 551368, 552/1000.
The last entry of errorHistory is 1.000000 for index 551369, 552/1000.
Terminated at swamp 0.5.
The last entry of errorHistory is 0.500652 for index 551370, 552/1000.
The last entry of errorHistory is 0.000023 for index 551371, 552/1000.
Terminated at swamp 1.
The last entry of errorHistory is 1.000459 for index 551372, 552/1000.
Terminated at swamp 0.5.
The last entry of errorHistory is 0.500178 for index 551373, 552/1000.
Terminated at swamp 0.5.
The last entry of errorHistory is 0.500087 for index 551374, 552/1000.
Terminated at swamp 0.5.
The last entry of errorHistory is 0.500322 for index 551375, 552/1000.
The last entry of errorHistory is 0.500000 for index 551376, 552/1000.
Terminated at swamp 0.5.
The last entry of errorHistory is 0.500003 for index 551377, 552/1000.
The last entry of errorHistory is 0.004384 for index 551378, 552/1000.
Terminated at swamp 0.5.
The last entry of errorHistory is 0.500547 for index 551379, 552/1000.
Terminated at swamp 0.5.
The last entry of errorHistory is 0.500031 for index 551380, 552/1000.
Terminated at swamp 1.
The last entry of errorHistory is 1.000013 for index 551381, 552/1000.
The last entry of errorHistory is 1.000000 for index 551382, 552/1000.
The last entry of errorHistory is 0.000020 for index 551383, 552/1000.
The last entry of errorHistory is 1.500000 for index 551384, 552/1000.
Terminated at swamp 1.
The last entry of errorHistory is 1.000008 for index 551385, 552/1000.
Terminated at swamp 1.
The last entry of errorHistory is 1.000083 for index 551386, 552/1000.
Terminated at swamp 0.5.
The last entry of errorHistory is 0.500117 for index 551387, 552/1000.
Terminated at swamp 0.5.
The last entry of errorHistory is 0.500451 for index 551388, 552/1000.
Terminated at swamp 0.5.
The last entry of errorHistory is 0.500000 for index 551389, 552/1000.
The last entry of errorHistory is 0.000012 for index 551390, 552/1000.
The last entry of errorHistory is 1.000000 for index 551391, 552/1000.
Terminated at swamp 0.5.
The last entry of errorHistory is 0.500506 for index 551392, 552/1000.
Terminated at swamp 0.5.
The last entry of errorHistory is 0.500474 for index 551393, 552/1000.
Terminated at swamp 1.5.
The last entry of errorHistory is 1.500000 for index 551394, 552/1000.
Terminated at swamp 1.
The last entry of errorHistory is 1.000003 for index 551395, 552/1000.
Terminated at swamp 1.
The last entry of errorHistory is 1.000286 for index 551396, 552/1000.
Terminated at swamp 0.5.
The last entry of errorHistory is 0.500140 for index 551397, 552/1000.
The last entry of errorHistory is 0.000652 for index 551398, 552/1000.
The last entry of errorHistory is 0.000033 for index 551399, 552/1000.
The last entry of errorHistory is 0.000039 for index 551400, 552/1000.
Terminated at swamp 1.
The last entry of errorHistory is 1.000339 for index 551401, 552/1000.
Terminated at swamp 0.5.
The last entry of errorHistory is 0.500216 for index 551402, 552/1000.
Terminated at swamp 0.5.
The last entry of errorHistory is 0.500368 for index 551403, 552/1000.
The last entry of errorHistory is 0.000023 for index 551404, 552/1000.
Terminated at swamp 0.5.
The last entry of errorHistory is 0.500056 for index 551405, 552/1000.
Terminated at swamp 0.5.
The last entry of errorHistory is 0.500445 for index 551406, 552/1000.
The last entry of errorHistory is 1.000000 for index 551407, 552/1000.
Terminated at swamp 0.5.
The last entry of errorHistory is 0.500000 for index 551408, 552/1000.
Terminated at swamp 0.5.
The last entry of errorHistory is 0.500399 for index 551409, 552/1000.
Terminated at swamp 0.5.
The last entry of errorHistory is 0.500435 for index 551410, 552/1000.
Terminated at swamp 0.5.
The last entry of errorHistory is 0.500106 for index 551411, 552/1000.
Terminated at swamp 0.5.
The last entry of errorHistory is 0.500529 for index 551412, 552/1000.
The last entry of errorHistory is 1.500000 for index 551413, 552/1000.
Terminated at swamp 0.5.
The last entry of errorHistory is 0.500427 for index 551414, 552/1000.
Terminated at swamp 0.5.
The last entry of errorHistory is 0.500390 for index 551415, 552/1000.
Terminated at swamp 0.5.
The last entry of errorHistory is 0.500497 for index 551416, 552/1000.
Terminated at swamp 0.5.
The last entry of errorHistory is 0.500396 for index 551417, 552/1000.
Terminated at swamp 0.5.
The last entry of errorHistory is 0.500158 for index 551418, 552/1000.
Terminated at swamp 0.5.
The last entry of errorHistory is 0.500364 for index 551419, 552/1000.
The last entry of errorHistory is 1.000000 for index 551420, 552/1000.
Terminated at swamp 0.5.
The last entry of errorHistory is 0.500000 for index 551421, 552/1000.
Terminated at swamp 0.5.
The last entry of errorHistory is 0.500331 for index 551422, 552/1000.
Terminated at swamp 0.5.
The last entry of errorHistory is 0.500447 for index 551423, 552/1000.
Terminated at swamp 0.5.
The last entry of errorHistory is 0.500520 for index 551424, 552/1000.
Terminated at swamp 1.
The last entry of errorHistory is 1.000000 for index 551425, 552/1000.
Terminated at swamp 0.5.
The last entry of errorHistory is 0.500267 for index 551426, 552/1000.
Terminated at swamp 0.5.
The last entry of errorHistory is 0.500771 for index 551427, 552/1000.
Terminated at swamp 1.
The last entry of errorHistory is 1.000001 for index 551428, 552/1000.
Terminated at swamp 0.5.
The last entry of errorHistory is 0.500083 for index 551429, 552/1000.
Terminated at swamp 1.5.
The last entry of errorHistory is 1.500000 for index 551430, 552/1000.
Terminated at swamp 0.5.
The last entry of errorHistory is 0.500433 for index 551431, 552/1000.
The last entry of errorHistory is 1.000000 for index 551432, 552/1000.
Terminated at swamp 0.5.
The last entry of errorHistory is 0.500537 for index 551433, 552/1000.
Terminated at swamp 0.5.
The last entry of errorHistory is 0.500075 for index 551434, 552/1000.
Terminated at swamp 1.
The last entry of errorHistory is 1.000032 for index 551435, 552/1000.
The last entry of errorHistory is 1.000000 for index 551436, 552/1000.
Terminated at swamp 0.5.
The last entry of errorHistory is 0.500059 for index 551437, 552/1000.
The last entry of errorHistory is 1.000000 for index 551438, 552/1000.
The last entry of errorHistory is 1.000000 for index 551439, 552/1000.
Terminated at swamp 0.5.
The last entry of errorHistory is 0.500422 for index 551440, 552/1000.
Terminated at swamp 0.5.
The last entry of errorHistory is 0.500237 for index 551441, 552/1000.
The last entry of errorHistory is 0.500000 for index 551442, 552/1000.
Terminated at swamp 0.5.
The last entry of errorHistory is 0.500232 for index 551443, 552/1000.
The last entry of errorHistory is 1.000000 for index 551444, 552/1000.
The last entry of errorHistory is 1.000000 for index 551445, 552/1000.
Terminated at swamp 0.5.
The last entry of errorHistory is 0.500461 for index 551446, 552/1000.
Terminated at swamp 0.5.
The last entry of errorHistory is 0.500599 for index 551447, 552/1000.
The last entry of errorHistory is 0.000101 for index 551448, 552/1000.
Terminated at swamp 0.5.
The last entry of errorHistory is 0.500569 for index 551449, 552/1000.
The last entry of errorHistory is 1.000000 for index 551450, 552/1000.
The last entry of errorHistory is 0.000011 for index 551451, 552/1000.
Terminated at swamp 0.5.
The last entry of errorHistory is 0.500164 for index 551452, 552/1000.
The last entry of errorHistory is 0.000177 for index 551453, 552/1000.
The last entry of errorHistory is 1.000000 for index 551454, 552/1000.
Terminated at swamp 1.
The last entry of errorHistory is 1.000007 for index 551455, 552/1000.
Terminated at swamp 0.5.
The last entry of errorHistory is 0.500214 for index 551456, 552/1000.
The last entry of errorHistory is 0.000039 for index 551457, 552/1000.
Terminated at swamp 0.5.
The last entry of errorHistory is 0.500944 for index 551458, 552/1000.
The last entry of errorHistory is 0.500000 for index 551459, 552/1000.
Terminated at swamp 0.5.
The last entry of errorHistory is 0.500595 for index 551460, 552/1000.
Terminated at swamp 0.5.
The last entry of errorHistory is 0.500457 for index 551461, 552/1000.
The last entry of errorHistory is 1.000000 for index 551462, 552/1000.
Terminated at swamp 0.5.
The last entry of errorHistory is 0.500515 for index 551463, 552/1000.
The last entry of errorHistory is 0.500000 for index 551464, 552/1000.
The last entry of errorHistory is 1.000000 for index 551465, 552/1000.
Terminated at swamp 0.5.
The last entry of errorHistory is 0.500032 for index 551466, 552/1000.
Terminated at swamp 0.5.
The last entry of errorHistory is 0.500134 for index 551467, 552/1000.
Terminated at swamp 0.5.
The last entry of errorHistory is 0.500221 for index 551468, 552/1000.
The last entry of errorHistory is 0.000019 for index 551469, 552/1000.
The last entry of errorHistory is 0.500000 for index 551470, 552/1000.
Terminated at swamp 0.5.
The last entry of errorHistory is 0.500375 for index 551471, 552/1000.
The last entry of errorHistory is 0.500000 for index 551472, 552/1000.
The last entry of errorHistory is 0.000672 for index 551473, 552/1000.
Terminated at swamp 0.5.
The last entry of errorHistory is 0.500416 for index 551474, 552/1000.
Terminated at swamp 1.
The last entry of errorHistory is 1.000000 for index 551475, 552/1000.
Terminated at swamp 1.
The last entry of errorHistory is 1.000000 for index 551476, 552/1000.
The last entry of errorHistory is 1.000000 for index 551477, 552/1000.
Terminated at swamp 0.5.
The last entry of errorHistory is 0.500177 for index 551478, 552/1000.
Terminated at swamp 1.
The last entry of errorHistory is 1.000100 for index 551479, 552/1000.
The last entry of errorHistory is 1.000000 for index 551480, 552/1000.
Terminated at swamp 0.5.
The last entry of errorHistory is 0.500661 for index 551481, 552/1000.
The last entry of errorHistory is 0.500000 for index 551482, 552/1000.
Terminated at swamp 0.5.
The last entry of errorHistory is 0.500489 for index 551483, 552/1000.
The last entry of errorHistory is 1.000000 for index 551484, 552/1000.
The last entry of errorHistory is 0.000039 for index 551485, 552/1000.
Terminated at swamp 0.5.
The last entry of errorHistory is 0.500446 for index 551486, 552/1000.
Terminated at swamp 1.
The last entry of errorHistory is 1.000001 for index 551487, 552/1000.
Terminated at swamp 0.5.
The last entry of errorHistory is 0.500294 for index 551488, 552/1000.
Terminated at swamp 0.5.
The last entry of errorHistory is 0.500003 for index 551489, 552/1000.
The last entry of errorHistory is 0.000059 for index 551490, 552/1000.
Terminated at swamp 1.
The last entry of errorHistory is 1.000123 for index 551491, 552/1000.
The last entry of errorHistory is 0.000613 for index 551492, 552/1000.
Terminated at swamp 1.
The last entry of errorHistory is 1.000024 for index 551493, 552/1000.
Terminated at swamp 0.5.
The last entry of errorHistory is 0.500133 for index 551494, 552/1000.
Terminated at swamp 0.5.
The last entry of errorHistory is 0.500951 for index 551495, 552/1000.
The last entry of errorHistory is 1.000000 for index 551496, 552/1000.
The last entry of errorHistory is 1.000000 for index 551497, 552/1000.
Terminated at swamp 0.5.
The last entry of errorHistory is 0.500554 for index 551498, 552/1000.
The last entry of errorHistory is 0.001155 for index 551499, 552/1000.
Terminated at swamp 0.5.
The last entry of errorHistory is 0.500547 for index 551500, 552/1000.
Terminated at swamp 0.5.
The last entry of errorHistory is 0.500395 for index 551501, 552/1000.
The last entry of errorHistory is 1.000000 for index 551502, 552/1000.
Terminated at swamp 0.5.
The last entry of errorHistory is 0.500141 for index 551503, 552/1000.
Terminated at swamp 1.
The last entry of errorHistory is 1.000186 for index 551504, 552/1000.
Terminated at swamp 0.5.
The last entry of errorHistory is 0.500534 for index 551505, 552/1000.
Terminated at swamp 1.
The last entry of errorHistory is 1.000000 for index 551506, 552/1000.
The last entry of errorHistory is 0.500000 for index 551507, 552/1000.
Terminated at swamp 0.5.
The last entry of errorHistory is 0.500481 for index 551508, 552/1000.
Terminated at swamp 1.
The last entry of errorHistory is 1.000001 for index 551509, 552/1000.
Terminated at swamp 0.5.
The last entry of errorHistory is 0.500476 for index 551510, 552/1000.
Terminated at swamp 0.5.
The last entry of errorHistory is 0.500356 for index 551511, 552/1000.
Terminated at swamp 0.5.
The last entry of errorHistory is 0.500497 for index 551512, 552/1000.
Terminated at swamp 1.
The last entry of errorHistory is 1.000174 for index 551513, 552/1000.
The last entry of errorHistory is 0.500000 for index 551514, 552/1000.
Terminated at swamp 0.5.
The last entry of errorHistory is 0.500373 for index 551515, 552/1000.
Terminated at swamp 0.5.
The last entry of errorHistory is 0.500010 for index 551516, 552/1000.
The last entry of errorHistory is 0.000625 for index 551517, 552/1000.
Terminated at swamp 0.5.
The last entry of errorHistory is 0.500498 for index 551518, 552/1000.
The last entry of errorHistory is 1.000000 for index 551519, 552/1000.
Terminated at swamp 0.5.
The last entry of errorHistory is 0.500491 for index 551520, 552/1000.
The last entry of errorHistory is 0.500000 for index 551521, 552/1000.
Terminated at swamp 0.5.
The last entry of errorHistory is 0.500484 for index 551522, 552/1000.
The last entry of errorHistory is 1.000000 for index 551523, 552/1000.
The last entry of errorHistory is 1.000000 for index 551524, 552/1000.
The last entry of errorHistory is 0.500000 for index 551525, 552/1000.
Terminated at swamp 0.5.
The last entry of errorHistory is 0.500570 for index 551526, 552/1000.
The last entry of errorHistory is 0.000032 for index 551527, 552/1000.
Terminated at swamp 0.5.
The last entry of errorHistory is 0.500526 for index 551528, 552/1000.
Terminated at swamp 0.5.
The last entry of errorHistory is 0.500508 for index 551529, 552/1000.
The last entry of errorHistory is 1.000000 for index 551530, 552/1000.
Terminated at swamp 0.5.
The last entry of errorHistory is 0.500415 for index 551531, 552/1000.
Terminated at swamp 0.5.
The last entry of errorHistory is 0.500433 for index 551532, 552/1000.
Terminated at swamp 0.5.
The last entry of errorHistory is 0.500757 for index 551533, 552/1000.
The last entry of errorHistory is 1.000000 for index 551534, 552/1000.
The last entry of errorHistory is 0.000006 for index 551535, 552/1000.
Terminated at swamp 1.
The last entry of errorHistory is 1.000000 for index 551536, 552/1000.
Terminated at swamp 1.
The last entry of errorHistory is 1.000000 for index 551537, 552/1000.
Terminated at swamp 0.5.
The last entry of errorHistory is 0.500000 for index 551538, 552/1000.
The last entry of errorHistory is 0.500000 for index 551539, 552/1000.
The last entry of errorHistory is 1.000000 for index 551540, 552/1000.
Terminated at swamp 0.5.
The last entry of errorHistory is 0.500388 for index 551541, 552/1000.
The last entry of errorHistory is 1.000000 for index 551542, 552/1000.
Terminated at swamp 0.5.
The last entry of errorHistory is 0.500219 for index 551543, 552/1000.
Terminated at swamp 1.
The last entry of errorHistory is 1.000010 for index 551544, 552/1000.
The last entry of errorHistory is 1.000000 for index 551545, 552/1000.
The last entry of errorHistory is 0.500000 for index 551546, 552/1000.
The last entry of errorHistory is 0.500000 for index 551547, 552/1000.
The last entry of errorHistory is 1.000000 for index 551548, 552/1000.
Terminated at swamp 0.5.
The last entry of errorHistory is 0.500639 for index 551549, 552/1000.
The last entry of errorHistory is 0.000025 for index 551550, 552/1000.
Terminated at swamp 0.5.
The last entry of errorHistory is 0.500265 for index 551551, 552/1000.
Terminated at swamp 0.5.
The last entry of errorHistory is 0.500491 for index 551552, 552/1000.
The last entry of errorHistory is 0.000019 for index 551553, 552/1000.
The last entry of errorHistory is 0.000308 for index 551554, 552/1000.
Terminated at swamp 0.5.
The last entry of errorHistory is 0.500421 for index 551555, 552/1000.
The last entry of errorHistory is 1.000000 for index 551556, 552/1000.
Terminated at swamp 0.5.
The last entry of errorHistory is 0.500670 for index 551557, 552/1000.
Terminated at swamp 0.5.
The last entry of errorHistory is 0.500122 for index 551558, 552/1000.
Terminated at swamp 0.5.
The last entry of errorHistory is 0.500120 for index 551559, 552/1000.
The last entry of errorHistory is 0.001151 for index 551560, 552/1000.
Terminated at swamp 0.5.
The last entry of errorHistory is 0.500532 for index 551561, 552/1000.
Terminated at swamp 0.5.
The last entry of errorHistory is 0.500327 for index 551562, 552/1000.
Terminated at swamp 0.5.
The last entry of errorHistory is 0.500370 for index 551563, 552/1000.
Terminated at swamp 0.5.
The last entry of errorHistory is 0.500580 for index 551564, 552/1000.
Terminated at swamp 0.5.
The last entry of errorHistory is 0.500171 for index 551565, 552/1000.
Terminated at swamp 1.
The last entry of errorHistory is 1.000297 for index 551566, 552/1000.
Terminated at swamp 0.5.
The last entry of errorHistory is 0.500420 for index 551567, 552/1000.
The last entry of errorHistory is 0.000029 for index 551568, 552/1000.
The last entry of errorHistory is 0.500000 for index 551569, 552/1000.
Terminated at swamp 0.5.
The last entry of errorHistory is 0.500046 for index 551570, 552/1000.
Terminated at swamp 0.5.
The last entry of errorHistory is 0.500588 for index 551571, 552/1000.
Terminated at swamp 0.5.
The last entry of errorHistory is 0.500323 for index 551572, 552/1000.
Terminated at swamp 0.5.
The last entry of errorHistory is 0.500009 for index 551573, 552/1000.
Terminated at swamp 0.5.
The last entry of errorHistory is 0.500229 for index 551574, 552/1000.
Terminated at swamp 0.5.
The last entry of errorHistory is 0.500493 for index 551575, 552/1000.
The last entry of errorHistory is 1.000000 for index 551576, 552/1000.
Terminated at swamp 0.5.
The last entry of errorHistory is 0.500730 for index 551577, 552/1000.
The last entry of errorHistory is 1.000000 for index 551578, 552/1000.
Terminated at swamp 0.5.
The last entry of errorHistory is 0.500098 for index 551579, 552/1000.
Terminated at swamp 0.5.
The last entry of errorHistory is 0.500109 for index 551580, 552/1000.
Terminated at swamp 0.5.
The last entry of errorHistory is 0.500435 for index 551581, 552/1000.
The last entry of errorHistory is 1.000000 for index 551582, 552/1000.
Terminated at swamp 0.5.
The last entry of errorHistory is 0.500378 for index 551583, 552/1000.
The last entry of errorHistory is 1.000000 for index 551584, 552/1000.
The last entry of errorHistory is 0.000008 for index 551585, 552/1000.
The last entry of errorHistory is 1.000000 for index 551586, 552/1000.
Terminated at swamp 0.5.
The last entry of errorHistory is 0.500595 for index 551587, 552/1000.
Terminated at swamp 0.5.
The last entry of errorHistory is 0.500765 for index 551588, 552/1000.
The last entry of errorHistory is 0.000032 for index 551589, 552/1000.
Terminated at swamp 1.
The last entry of errorHistory is 1.000437 for index 551590, 552/1000.
Terminated at swamp 0.5.
The last entry of errorHistory is 0.500904 for index 551591, 552/1000.
The last entry of errorHistory is 1.000000 for index 551592, 552/1000.
Terminated at swamp 0.5.
The last entry of errorHistory is 0.500084 for index 551593, 552/1000.
The last entry of errorHistory is 1.000000 for index 551594, 552/1000.
Terminated at swamp 0.5.
The last entry of errorHistory is 0.500623 for index 551595, 552/1000.
The last entry of errorHistory is 1.500000 for index 551596, 552/1000.
Terminated at swamp 1.
The last entry of errorHistory is 1.000288 for index 551597, 552/1000.
Terminated at swamp 0.5.
The last entry of errorHistory is 0.500273 for index 551598, 552/1000.
Terminated at swamp 1.
The last entry of errorHistory is 1.000000 for index 551599, 552/1000.
Terminated at swamp 0.5.
The last entry of errorHistory is 0.500484 for index 551600, 552/1000.
Terminated at swamp 0.5.
The last entry of errorHistory is 0.500170 for index 551601, 552/1000.
The last entry of errorHistory is 0.000022 for index 551602, 552/1000.
Terminated at swamp 0.5.
The last entry of errorHistory is 0.500560 for index 551603, 552/1000.
The last entry of errorHistory is 1.000000 for index 551604, 552/1000.
The last entry of errorHistory is 1.000000 for index 551605, 552/1000.
Terminated at swamp 0.5.
The last entry of errorHistory is 0.500202 for index 551606, 552/1000.
Terminated at swamp 0.5.
The last entry of errorHistory is 0.500257 for index 551607, 552/1000.
The last entry of errorHistory is 1.000000 for index 551608, 552/1000.
The last entry of errorHistory is 1.000000 for index 551609, 552/1000.
Terminated at swamp 0.5.
The last entry of errorHistory is 0.500448 for index 551610, 552/1000.
Terminated at swamp 0.5.
The last entry of errorHistory is 0.500605 for index 551611, 552/1000.
Terminated at swamp 0.5.
The last entry of errorHistory is 0.500689 for index 551612, 552/1000.
Terminated at swamp 0.5.
The last entry of errorHistory is 0.500422 for index 551613, 552/1000.
Terminated at swamp 0.5.
The last entry of errorHistory is 0.500200 for index 551614, 552/1000.
Terminated at swamp 0.5.
The last entry of errorHistory is 0.500504 for index 551615, 552/1000.
The last entry of errorHistory is 0.500000 for index 551616, 552/1000.
The last entry of errorHistory is 0.000036 for index 551617, 552/1000.
Terminated at swamp 0.5.
The last entry of errorHistory is 0.500249 for index 551618, 552/1000.
The last entry of errorHistory is 0.500000 for index 551619, 552/1000.
Terminated at swamp 0.5.
The last entry of errorHistory is 0.500354 for index 551620, 552/1000.
Terminated at swamp 1.
The last entry of errorHistory is 1.000000 for index 551621, 552/1000.
Terminated at swamp 0.5.
The last entry of errorHistory is 0.500112 for index 551622, 552/1000.
Terminated at swamp 0.5.
The last entry of errorHistory is 0.500104 for index 551623, 552/1000.
Terminated at swamp 0.5.
The last entry of errorHistory is 0.500181 for index 551624, 552/1000.
Terminated at swamp 0.5.
The last entry of errorHistory is 0.500532 for index 551625, 552/1000.
The last entry of errorHistory is 0.500000 for index 551626, 552/1000.
Terminated at swamp 1.
The last entry of errorHistory is 1.000063 for index 551627, 552/1000.
Terminated at swamp 0.5.
The last entry of errorHistory is 0.500645 for index 551628, 552/1000.
Terminated at swamp 0.5.
The last entry of errorHistory is 0.500121 for index 551629, 552/1000.
Terminated at swamp 0.5.
The last entry of errorHistory is 0.500300 for index 551630, 552/1000.
The last entry of errorHistory is 1.000000 for index 551631, 552/1000.
Terminated at swamp 0.5.
The last entry of errorHistory is 0.500513 for index 551632, 552/1000.
The last entry of errorHistory is 0.000024 for index 551633, 552/1000.
The last entry of errorHistory is 1.000000 for index 551634, 552/1000.
Terminated at swamp 0.5.
The last entry of errorHistory is 0.500328 for index 551635, 552/1000.
The last entry of errorHistory is 1.000000 for index 551636, 552/1000.
Terminated at swamp 0.5.
The last entry of errorHistory is 0.500235 for index 551637, 552/1000.
Terminated at swamp 0.5.
The last entry of errorHistory is 0.500579 for index 551638, 552/1000.
Terminated at swamp 0.5.
The last entry of errorHistory is 0.500622 for index 551639, 552/1000.
The last entry of errorHistory is 1.500000 for index 551640, 552/1000.
The last entry of errorHistory is 1.000000 for index 551641, 552/1000.
Terminated at swamp 0.5.
The last entry of errorHistory is 0.500122 for index 551642, 552/1000.
Terminated at swamp 0.5.
The last entry of errorHistory is 0.500440 for index 551643, 552/1000.
Terminated at swamp 0.5.
The last entry of errorHistory is 0.500524 for index 551644, 552/1000.
Terminated at swamp 1.
The last entry of errorHistory is 1.000050 for index 551645, 552/1000.
Terminated at swamp 1.5.
The last entry of errorHistory is 1.500000 for index 551646, 552/1000.
The last entry of errorHistory is 0.000026 for index 551647, 552/1000.
Terminated at swamp 0.5.
The last entry of errorHistory is 0.500086 for index 551648, 552/1000.
Terminated at swamp 1.
The last entry of errorHistory is 1.000000 for index 551649, 552/1000.
The last entry of errorHistory is 0.501142 for index 551650, 552/1000.
Terminated at swamp 1.
The last entry of errorHistory is 1.000497 for index 551651, 552/1000.
The last entry of errorHistory is 1.000000 for index 551652, 552/1000.
The last entry of errorHistory is 1.000000 for index 551653, 552/1000.
Terminated at swamp 1.
The last entry of errorHistory is 1.000099 for index 551654, 552/1000.
The last entry of errorHistory is 1.000000 for index 551655, 552/1000.
Terminated at swamp 1.
The last entry of errorHistory is 1.000000 for index 551656, 552/1000.
The last entry of errorHistory is 0.500000 for index 551657, 552/1000.
Terminated at swamp 0.5.
The last entry of errorHistory is 0.500422 for index 551658, 552/1000.
Terminated at swamp 0.5.
The last entry of errorHistory is 0.500202 for index 551659, 552/1000.
Terminated at swamp 0.5.
The last entry of errorHistory is 0.500462 for index 551660, 552/1000.
Terminated at swamp 0.5.
The last entry of errorHistory is 0.500388 for index 551661, 552/1000.
Terminated at swamp 0.5.
The last entry of errorHistory is 0.500444 for index 551662, 552/1000.
The last entry of errorHistory is 0.000020 for index 551663, 552/1000.
Terminated at swamp 0.5.
The last entry of errorHistory is 0.500137 for index 551664, 552/1000.
The last entry of errorHistory is 1.000000 for index 551665, 552/1000.
Terminated at swamp 0.5.
The last entry of errorHistory is 0.500557 for index 551666, 552/1000.
Terminated at swamp 0.5.
The last entry of errorHistory is 0.500510 for index 551667, 552/1000.
Terminated at swamp 0.5.
The last entry of errorHistory is 0.500589 for index 551668, 552/1000.
The last entry of errorHistory is 1.000000 for index 551669, 552/1000.
Terminated at swamp 1.
The last entry of errorHistory is 1.000004 for index 551670, 552/1000.
The last entry of errorHistory is 1.500000 for index 551671, 552/1000.
Terminated at swamp 0.5.
The last entry of errorHistory is 0.500629 for index 551672, 552/1000.
Terminated at swamp 0.5.
The last entry of errorHistory is 0.500496 for index 551673, 552/1000.
The last entry of errorHistory is 1.000000 for index 551674, 552/1000.
Terminated at swamp 0.5.
The last entry of errorHistory is 0.500162 for index 551675, 552/1000.
The last entry of errorHistory is 0.000030 for index 551676, 552/1000.
Terminated at swamp 0.5.
The last entry of errorHistory is 0.500044 for index 551677, 552/1000.
Terminated at swamp 0.5.
The last entry of errorHistory is 0.500043 for index 551678, 552/1000.
Terminated at swamp 0.5.
The last entry of errorHistory is 0.500651 for index 551679, 552/1000.
The last entry of errorHistory is 1.000000 for index 551680, 552/1000.
Terminated at swamp 1.
The last entry of errorHistory is 1.000048 for index 551681, 552/1000.
The last entry of errorHistory is 0.500000 for index 551682, 552/1000.
Terminated at swamp 0.5.
The last entry of errorHistory is 0.500104 for index 551683, 552/1000.
Terminated at swamp 0.5.
The last entry of errorHistory is 0.500633 for index 551684, 552/1000.
Terminated at swamp 0.5.
The last entry of errorHistory is 0.500418 for index 551685, 552/1000.
The last entry of errorHistory is 1.000000 for index 551686, 552/1000.
Terminated at swamp 0.5.
The last entry of errorHistory is 0.500479 for index 551687, 552/1000.
Terminated at swamp 0.5.
The last entry of errorHistory is 0.500464 for index 551688, 552/1000.
The last entry of errorHistory is 0.000020 for index 551689, 552/1000.
The last entry of errorHistory is 0.500000 for index 551690, 552/1000.
Terminated at swamp 0.5.
The last entry of errorHistory is 0.500377 for index 551691, 552/1000.
Terminated at swamp 0.5.
The last entry of errorHistory is 0.500535 for index 551692, 552/1000.
Terminated at swamp 0.5.
The last entry of errorHistory is 0.500336 for index 551693, 552/1000.
Terminated at swamp 0.5.
The last entry of errorHistory is 0.500000 for index 551694, 552/1000.
Terminated at swamp 0.5.
The last entry of errorHistory is 0.500163 for index 551695, 552/1000.
Terminated at swamp 0.5.
The last entry of errorHistory is 0.500577 for index 551696, 552/1000.
Terminated at swamp 0.5.
The last entry of errorHistory is 0.500463 for index 551697, 552/1000.
The last entry of errorHistory is 1.000000 for index 551698, 552/1000.
Terminated at swamp 0.5.
The last entry of errorHistory is 0.500495 for index 551699, 552/1000.
Terminated at swamp 0.5.
The last entry of errorHistory is 0.500588 for index 551700, 552/1000.
Terminated at swamp 0.5.
The last entry of errorHistory is 0.500028 for index 551701, 552/1000.
Terminated at swamp 0.5.
The last entry of errorHistory is 0.500396 for index 551702, 552/1000.
The last entry of errorHistory is 1.000000 for index 551703, 552/1000.
Terminated at swamp 0.5.
The last entry of errorHistory is 0.500363 for index 551704, 552/1000.
Terminated at swamp 1.
The last entry of errorHistory is 1.000045 for index 551705, 552/1000.
Terminated at swamp 1.5.
The last entry of errorHistory is 1.500000 for index 551706, 552/1000.
Terminated at swamp 0.5.
The last entry of errorHistory is 0.500474 for index 551707, 552/1000.
Terminated at swamp 0.5.
The last entry of errorHistory is 0.500575 for index 551708, 552/1000.
The last entry of errorHistory is 0.000022 for index 551709, 552/1000.
The last entry of errorHistory is 1.000000 for index 551710, 552/1000.
Terminated at swamp 0.5.
The last entry of errorHistory is 0.500244 for index 551711, 552/1000.
Terminated at swamp 1.
The last entry of errorHistory is 1.000000 for index 551712, 552/1000.
Terminated at swamp 0.5.
The last entry of errorHistory is 0.500257 for index 551713, 552/1000.
Terminated at swamp 0.5.
The last entry of errorHistory is 0.500200 for index 551714, 552/1000.
Terminated at swamp 0.5.
The last entry of errorHistory is 0.500756 for index 551715, 552/1000.
The last entry of errorHistory is 0.500000 for index 551716, 552/1000.
Terminated at swamp 1.
The last entry of errorHistory is 1.000208 for index 551717, 552/1000.
The last entry of errorHistory is 0.000447 for index 551718, 552/1000.
Terminated at swamp 0.5.
The last entry of errorHistory is 0.500292 for index 551719, 552/1000.
Terminated at swamp 0.5.
The last entry of errorHistory is 0.500214 for index 551720, 552/1000.
Terminated at swamp 0.5.
The last entry of errorHistory is 0.500539 for index 551721, 552/1000.
Terminated at swamp 0.5.
The last entry of errorHistory is 0.500034 for index 551722, 552/1000.
Terminated at swamp 0.5.
The last entry of errorHistory is 0.500089 for index 551723, 552/1000.
The last entry of errorHistory is 0.000050 for index 551724, 552/1000.
Terminated at swamp 0.5.
The last entry of errorHistory is 0.500664 for index 551725, 552/1000.
Terminated at swamp 0.5.
The last entry of errorHistory is 0.500536 for index 551726, 552/1000.
Terminated at swamp 1.
The last entry of errorHistory is 1.000452 for index 551727, 552/1000.
The last entry of errorHistory is 0.500000 for index 551728, 552/1000.
The last entry of errorHistory is 1.000000 for index 551729, 552/1000.
Terminated at swamp 0.5.
The last entry of errorHistory is 0.500475 for index 551730, 552/1000.
The last entry of errorHistory is 0.001164 for index 551731, 552/1000.
The last entry of errorHistory is 0.000093 for index 551732, 552/1000.
Terminated at swamp 1.
The last entry of errorHistory is 1.000029 for index 551733, 552/1000.
Terminated at swamp 0.5.
The last entry of errorHistory is 0.500336 for index 551734, 552/1000.
The last entry of errorHistory is 1.000000 for index 551735, 552/1000.
Terminated at swamp 0.5.
The last entry of errorHistory is 0.500639 for index 551736, 552/1000.
The last entry of errorHistory is 1.000000 for index 551737, 552/1000.
Terminated at swamp 0.5.
The last entry of errorHistory is 0.500706 for index 551738, 552/1000.
The last entry of errorHistory is 1.000000 for index 551739, 552/1000.
The last entry of errorHistory is 1.000000 for index 551740, 552/1000.
Terminated at swamp 0.5.
The last entry of errorHistory is 0.500331 for index 551741, 552/1000.
Terminated at swamp 0.5.
The last entry of errorHistory is 0.500380 for index 551742, 552/1000.
The last entry of errorHistory is 1.000000 for index 551743, 552/1000.
The last entry of errorHistory is 1.000000 for index 551744, 552/1000.
Terminated at swamp 1.
The last entry of errorHistory is 1.000453 for index 551745, 552/1000.
Terminated at swamp 0.5.
The last entry of errorHistory is 0.500563 for index 551746, 552/1000.
The last entry of errorHistory is 1.500000 for index 551747, 552/1000.
The last entry of errorHistory is 0.000042 for index 551748, 552/1000.
The last entry of errorHistory is 1.500000 for index 551749, 552/1000.
The last entry of errorHistory is 0.500000 for index 551750, 552/1000.
The last entry of errorHistory is 0.000356 for index 551751, 552/1000.
The last entry of errorHistory is 0.000017 for index 551752, 552/1000.
Terminated at swamp 0.5.
The last entry of errorHistory is 0.500587 for index 551753, 552/1000.
Terminated at swamp 0.5.
The last entry of errorHistory is 0.500547 for index 551754, 552/1000.
Terminated at swamp 0.5.
The last entry of errorHistory is 0.500001 for index 551755, 552/1000.
The last entry of errorHistory is 0.500000 for index 551756, 552/1000.
Terminated at swamp 0.5.
The last entry of errorHistory is 0.500000 for index 551757, 552/1000.
Terminated at swamp 0.5.
The last entry of errorHistory is 0.500002 for index 551758, 552/1000.
Terminated at swamp 0.5.
The last entry of errorHistory is 0.500656 for index 551759, 552/1000.
Terminated at swamp 0.5.
The last entry of errorHistory is 0.500022 for index 551760, 552/1000.
The last entry of errorHistory is 0.000020 for index 551761, 552/1000.
Terminated at swamp 0.5.
The last entry of errorHistory is 0.500237 for index 551762, 552/1000.
Terminated at swamp 1.
The last entry of errorHistory is 1.000247 for index 551763, 552/1000.
The last entry of errorHistory is 1.500000 for index 551764, 552/1000.
The last entry of errorHistory is 1.000000 for index 551765, 552/1000.
The last entry of errorHistory is 1.000000 for index 551766, 552/1000.
Terminated at swamp 1.
The last entry of errorHistory is 1.000000 for index 551767, 552/1000.
Terminated at swamp 0.5.
The last entry of errorHistory is 0.500463 for index 551768, 552/1000.
Terminated at swamp 1.
The last entry of errorHistory is 1.000362 for index 551769, 552/1000.
Terminated at swamp 1.
The last entry of errorHistory is 1.000000 for index 551770, 552/1000.
Terminated at swamp 1.
The last entry of errorHistory is 1.000089 for index 551771, 552/1000.
The last entry of errorHistory is 0.500000 for index 551772, 552/1000.
Terminated at swamp 1.
The last entry of errorHistory is 1.000150 for index 551773, 552/1000.
The last entry of errorHistory is 1.000000 for index 551774, 552/1000.
Terminated at swamp 0.5.
The last entry of errorHistory is 0.500537 for index 551775, 552/1000.
Terminated at swamp 1.
The last entry of errorHistory is 1.000621 for index 551776, 552/1000.
The last entry of errorHistory is 0.500000 for index 551777, 552/1000.
Terminated at swamp 0.5.
The last entry of errorHistory is 0.500001 for index 551778, 552/1000.
Terminated at swamp 1.
The last entry of errorHistory is 1.000542 for index 551779, 552/1000.
The last entry of errorHistory is 1.500000 for index 551780, 552/1000.
Terminated at swamp 0.5.
The last entry of errorHistory is 0.500377 for index 551781, 552/1000.
Terminated at swamp 0.5.
The last entry of errorHistory is 0.500423 for index 551782, 552/1000.
Terminated at swamp 0.5.
The last entry of errorHistory is 0.500491 for index 551783, 552/1000.
Terminated at swamp 0.5.
The last entry of errorHistory is 0.500015 for index 551784, 552/1000.
Terminated at swamp 1.
The last entry of errorHistory is 1.000049 for index 551785, 552/1000.
The last entry of errorHistory is 0.000069 for index 551786, 552/1000.
Terminated at swamp 0.5.
The last entry of errorHistory is 0.500347 for index 551787, 552/1000.
The last entry of errorHistory is 0.000052 for index 551788, 552/1000.
Terminated at swamp 1.
The last entry of errorHistory is 1.000037 for index 551789, 552/1000.
Terminated at swamp 0.5.
The last entry of errorHistory is 0.500000 for index 551790, 552/1000.
Terminated at swamp 0.5.
The last entry of errorHistory is 0.500215 for index 551791, 552/1000.
Terminated at swamp 1.
The last entry of errorHistory is 1.000130 for index 551792, 552/1000.
The last entry of errorHistory is 0.000014 for index 551793, 552/1000.
Terminated at swamp 0.5.
The last entry of errorHistory is 0.500509 for index 551794, 552/1000.
Terminated at swamp 0.5.
The last entry of errorHistory is 0.500594 for index 551795, 552/1000.
Terminated at swamp 0.5.
The last entry of errorHistory is 0.500620 for index 551796, 552/1000.
The last entry of errorHistory is 0.000012 for index 551797, 552/1000.
Terminated at swamp 0.5.
The last entry of errorHistory is 0.500393 for index 551798, 552/1000.
Terminated at swamp 0.5.
The last entry of errorHistory is 0.500404 for index 551799, 552/1000.
The last entry of errorHistory is 1.000000 for index 551800, 552/1000.
Terminated at swamp 0.5.
The last entry of errorHistory is 0.500206 for index 551801, 552/1000.
Terminated at swamp 0.5.
The last entry of errorHistory is 0.500000 for index 551802, 552/1000.
Terminated at swamp 0.5.
The last entry of errorHistory is 0.500458 for index 551803, 552/1000.
Terminated at swamp 0.5.
The last entry of errorHistory is 0.500485 for index 551804, 552/1000.
The last entry of errorHistory is 1.000000 for index 551805, 552/1000.
Terminated at swamp 0.5.
The last entry of errorHistory is 0.500218 for index 551806, 552/1000.
Terminated at swamp 0.5.
The last entry of errorHistory is 0.500186 for index 551807, 552/1000.
Terminated at swamp 1.
The last entry of errorHistory is 1.000127 for index 551808, 552/1000.
The last entry of errorHistory is 1.500000 for index 551809, 552/1000.
Terminated at swamp 1.
The last entry of errorHistory is 1.000000 for index 551810, 552/1000.
Terminated at swamp 0.5.
The last entry of errorHistory is 0.500348 for index 551811, 552/1000.
Terminated at swamp 0.5.
The last entry of errorHistory is 0.500149 for index 551812, 552/1000.
Terminated at swamp 0.5.
The last entry of errorHistory is 0.500500 for index 551813, 552/1000.
Terminated at swamp 0.5.
The last entry of errorHistory is 0.500289 for index 551814, 552/1000.
Terminated at swamp 1.
The last entry of errorHistory is 1.000074 for index 551815, 552/1000.
The last entry of errorHistory is 1.000000 for index 551816, 552/1000.
Terminated at swamp 0.5.
The last entry of errorHistory is 0.500629 for index 551817, 552/1000.
Terminated at swamp 0.5.
The last entry of errorHistory is 0.500504 for index 551818, 552/1000.
The last entry of errorHistory is 1.500000 for index 551819, 552/1000.
Terminated at swamp 0.5.
The last entry of errorHistory is 0.500547 for index 551820, 552/1000.
Terminated at swamp 0.5.
The last entry of errorHistory is 0.500000 for index 551821, 552/1000.
Terminated at swamp 0.5.
The last entry of errorHistory is 0.500602 for index 551822, 552/1000.
Terminated at swamp 0.5.
The last entry of errorHistory is 0.500557 for index 551823, 552/1000.
Terminated at swamp 0.5.
The last entry of errorHistory is 0.500367 for index 551824, 552/1000.
Terminated at swamp 1.
The last entry of errorHistory is 1.000368 for index 551825, 552/1000.
Terminated at swamp 0.5.
The last entry of errorHistory is 0.500406 for index 551826, 552/1000.
Terminated at swamp 0.5.
The last entry of errorHistory is 0.500536 for index 551827, 552/1000.
The last entry of errorHistory is 1.000000 for index 551828, 552/1000.
The last entry of errorHistory is 1.500000 for index 551829, 552/1000.
Terminated at swamp 0.5.
The last entry of errorHistory is 0.500588 for index 551830, 552/1000.
Terminated at swamp 1.
The last entry of errorHistory is 1.000064 for index 551831, 552/1000.
Terminated at swamp 0.5.
The last entry of errorHistory is 0.500545 for index 551832, 552/1000.
Terminated at swamp 1.
The last entry of errorHistory is 1.000074 for index 551833, 552/1000.
Terminated at swamp 0.5.
The last entry of errorHistory is 0.500056 for index 551834, 552/1000.
Terminated at swamp 0.5.
The last entry of errorHistory is 0.500422 for index 551835, 552/1000.
The last entry of errorHistory is 0.000045 for index 551836, 552/1000.
The last entry of errorHistory is 0.000722 for index 551837, 552/1000.
Terminated at swamp 1.
The last entry of errorHistory is 1.000351 for index 551838, 552/1000.
Terminated at swamp 0.5.
The last entry of errorHistory is 0.500590 for index 551839, 552/1000.
Terminated at swamp 1.
The last entry of errorHistory is 1.000000 for index 551840, 552/1000.
Terminated at swamp 1.
The last entry of errorHistory is 1.000299 for index 551841, 552/1000.
The last entry of errorHistory is 0.000017 for index 551842, 552/1000.
The last entry of errorHistory is 1.500000 for index 551843, 552/1000.
Terminated at swamp 0.5.
The last entry of errorHistory is 0.500476 for index 551844, 552/1000.
Terminated at swamp 1.
The last entry of errorHistory is 1.000071 for index 551845, 552/1000.
Terminated at swamp 0.5.
The last entry of errorHistory is 0.500518 for index 551846, 552/1000.
Terminated at swamp 0.5.
The last entry of errorHistory is 0.500266 for index 551847, 552/1000.
Terminated at swamp 0.5.
The last entry of errorHistory is 0.500416 for index 551848, 552/1000.
Terminated at swamp 1.
The last entry of errorHistory is 1.000036 for index 551849, 552/1000.
Terminated at swamp 0.5.
The last entry of errorHistory is 0.500520 for index 551850, 552/1000.
Terminated at swamp 0.5.
The last entry of errorHistory is 0.500498 for index 551851, 552/1000.
Terminated at swamp 0.5.
The last entry of errorHistory is 0.500296 for index 551852, 552/1000.
Terminated at swamp 0.5.
The last entry of errorHistory is 0.500200 for index 551853, 552/1000.
Terminated at swamp 1.
The last entry of errorHistory is 1.000000 for index 551854, 552/1000.
The last entry of errorHistory is 0.000015 for index 551855, 552/1000.
The last entry of errorHistory is 1.000000 for index 551856, 552/1000.
The last entry of errorHistory is 0.000281 for index 551857, 552/1000.
The last entry of errorHistory is 1.000000 for index 551858, 552/1000.
Terminated at swamp 1.
The last entry of errorHistory is 1.000341 for index 551859, 552/1000.
Terminated at swamp 1.
The last entry of errorHistory is 1.000071 for index 551860, 552/1000.
Terminated at swamp 0.5.
The last entry of errorHistory is 0.500354 for index 551861, 552/1000.
Terminated at swamp 0.5.
The last entry of errorHistory is 0.500199 for index 551862, 552/1000.
Terminated at swamp 1.
The last entry of errorHistory is 1.000128 for index 551863, 552/1000.
The last entry of errorHistory is 1.000000 for index 551864, 552/1000.
Terminated at swamp 1.
The last entry of errorHistory is 1.000005 for index 551865, 552/1000.
The last entry of errorHistory is 1.000000 for index 551866, 552/1000.
Terminated at swamp 0.5.
The last entry of errorHistory is 0.500526 for index 551867, 552/1000.
Terminated at swamp 0.5.
The last entry of errorHistory is 0.500575 for index 551868, 552/1000.
Terminated at swamp 0.5.
The last entry of errorHistory is 0.500635 for index 551869, 552/1000.
Terminated at swamp 0.5.
The last entry of errorHistory is 0.500079 for index 551870, 552/1000.
The last entry of errorHistory is 1.000000 for index 551871, 552/1000.
Terminated at swamp 0.5.
The last entry of errorHistory is 0.500105 for index 551872, 552/1000.
The last entry of errorHistory is 0.000010 for index 551873, 552/1000.
The last entry of errorHistory is 0.500000 for index 551874, 552/1000.
The last entry of errorHistory is 0.000014 for index 551875, 552/1000.
Terminated at swamp 1.
The last entry of errorHistory is 1.000024 for index 551876, 552/1000.
The last entry of errorHistory is 1.000000 for index 551877, 552/1000.
Terminated at swamp 0.5.
The last entry of errorHistory is 0.500647 for index 551878, 552/1000.
Terminated at swamp 1.
The last entry of errorHistory is 1.000137 for index 551879, 552/1000.
Terminated at swamp 0.5.
The last entry of errorHistory is 0.500611 for index 551880, 552/1000.
Terminated at swamp 0.5.
The last entry of errorHistory is 0.500278 for index 551881, 552/1000.
The last entry of errorHistory is 1.000000 for index 551882, 552/1000.
Terminated at swamp 1.
The last entry of errorHistory is 1.000217 for index 551883, 552/1000.
The last entry of errorHistory is 1.000000 for index 551884, 552/1000.
The last entry of errorHistory is 1.000000 for index 551885, 552/1000.
The last entry of errorHistory is 0.500000 for index 551886, 552/1000.
Terminated at swamp 0.5.
The last entry of errorHistory is 0.500598 for index 551887, 552/1000.
Terminated at swamp 0.5.
The last entry of errorHistory is 0.500269 for index 551888, 552/1000.
Terminated at swamp 0.5.
The last entry of errorHistory is 0.500483 for index 551889, 552/1000.
Terminated at swamp 1.
The last entry of errorHistory is 1.000041 for index 551890, 552/1000.
Terminated at swamp 0.5.
The last entry of errorHistory is 0.500134 for index 551891, 552/1000.
Terminated at swamp 0.5.
The last entry of errorHistory is 0.500295 for index 551892, 552/1000.
Terminated at swamp 0.5.
The last entry of errorHistory is 0.500491 for index 551893, 552/1000.
Terminated at swamp 0.5.
The last entry of errorHistory is 0.500444 for index 551894, 552/1000.
The last entry of errorHistory is 1.000000 for index 551895, 552/1000.
Terminated at swamp 0.5.
The last entry of errorHistory is 0.500369 for index 551896, 552/1000.
Terminated at swamp 0.5.
The last entry of errorHistory is 0.500333 for index 551897, 552/1000.
Terminated at swamp 0.5.
The last entry of errorHistory is 0.500605 for index 551898, 552/1000.
The last entry of errorHistory is 0.002465 for index 551899, 552/1000.
The last entry of errorHistory is 0.001179 for index 551900, 552/1000.
The last entry of errorHistory is 0.500000 for index 551901, 552/1000.
Terminated at swamp 0.5.
The last entry of errorHistory is 0.500041 for index 551902, 552/1000.
Terminated at swamp 0.5.
The last entry of errorHistory is 0.500079 for index 551903, 552/1000.
The last entry of errorHistory is 1.000000 for index 551904, 552/1000.
The last entry of errorHistory is 1.000000 for index 551905, 552/1000.
The last entry of errorHistory is 1.000000 for index 551906, 552/1000.
Terminated at swamp 0.5.
The last entry of errorHistory is 0.500346 for index 551907, 552/1000.
Terminated at swamp 0.5.
The last entry of errorHistory is 0.500304 for index 551908, 552/1000.
Terminated at swamp 0.5.
The last entry of errorHistory is 0.500421 for index 551909, 552/1000.
Terminated at swamp 0.5.
The last entry of errorHistory is 0.500549 for index 551910, 552/1000.
Terminated at swamp 0.5.
The last entry of errorHistory is 0.500089 for index 551911, 552/1000.
Terminated at swamp 0.5.
The last entry of errorHistory is 0.500416 for index 551912, 552/1000.
The last entry of errorHistory is 1.000000 for index 551913, 552/1000.
The last entry of errorHistory is 1.000000 for index 551914, 552/1000.
Terminated at swamp 0.5.
The last entry of errorHistory is 0.500663 for index 551915, 552/1000.
Terminated at swamp 0.5.
The last entry of errorHistory is 0.500394 for index 551916, 552/1000.
The last entry of errorHistory is 1.000000 for index 551917, 552/1000.
The last entry of errorHistory is 1.000000 for index 551918, 552/1000.
Terminated at swamp 0.5.
The last entry of errorHistory is 0.500014 for index 551919, 552/1000.
The last entry of errorHistory is 1.000000 for index 551920, 552/1000.
Terminated at swamp 1.
The last entry of errorHistory is 1.000135 for index 551921, 552/1000.
The last entry of errorHistory is 0.500000 for index 551922, 552/1000.
Terminated at swamp 0.5.
The last entry of errorHistory is 0.500643 for index 551923, 552/1000.
The last entry of errorHistory is 1.000000 for index 551924, 552/1000.
Terminated at swamp 0.5.
The last entry of errorHistory is 0.500160 for index 551925, 552/1000.
Terminated at swamp 0.5.
The last entry of errorHistory is 0.500000 for index 551926, 552/1000.
Terminated at swamp 1.
The last entry of errorHistory is 1.000417 for index 551927, 552/1000.
Terminated at swamp 0.5.
The last entry of errorHistory is 0.500541 for index 551928, 552/1000.
Terminated at swamp 0.5.
The last entry of errorHistory is 0.500276 for index 551929, 552/1000.
Terminated at swamp 1.
The last entry of errorHistory is 1.000437 for index 551930, 552/1000.
Terminated at swamp 0.5.
The last entry of errorHistory is 0.500532 for index 551931, 552/1000.
Terminated at swamp 0.5.
The last entry of errorHistory is 0.500346 for index 551932, 552/1000.
The last entry of errorHistory is 0.500000 for index 551933, 552/1000.
Terminated at swamp 0.5.
The last entry of errorHistory is 0.500266 for index 551934, 552/1000.
The last entry of errorHistory is 1.000000 for index 551935, 552/1000.
Terminated at swamp 0.5.
The last entry of errorHistory is 0.500617 for index 551936, 552/1000.
Terminated at swamp 0.5.
The last entry of errorHistory is 0.500590 for index 551937, 552/1000.
Terminated at swamp 0.5.
The last entry of errorHistory is 0.500467 for index 551938, 552/1000.
The last entry of errorHistory is 1.000000 for index 551939, 552/1000.
The last entry of errorHistory is 1.000000 for index 551940, 552/1000.
The last entry of errorHistory is 0.500000 for index 551941, 552/1000.
The last entry of errorHistory is 0.000563 for index 551942, 552/1000.
Terminated at swamp 0.5.
The last entry of errorHistory is 0.500198 for index 551943, 552/1000.
The last entry of errorHistory is 1.000000 for index 551944, 552/1000.
Terminated at swamp 0.5.
The last entry of errorHistory is 0.500576 for index 551945, 552/1000.
Terminated at swamp 0.5.
The last entry of errorHistory is 0.500602 for index 551946, 552/1000.
Terminated at swamp 0.5.
The last entry of errorHistory is 0.500584 for index 551947, 552/1000.
Terminated at swamp 0.5.
The last entry of errorHistory is 0.500143 for index 551948, 552/1000.
The last entry of errorHistory is 1.000000 for index 551949, 552/1000.
Terminated at swamp 0.5.
The last entry of errorHistory is 0.500282 for index 551950, 552/1000.
The last entry of errorHistory is 1.500000 for index 551951, 552/1000.
Terminated at swamp 0.5.
The last entry of errorHistory is 0.500380 for index 551952, 552/1000.
The last entry of errorHistory is 0.000013 for index 551953, 552/1000.
The last entry of errorHistory is 1.000000 for index 551954, 552/1000.
Terminated at swamp 0.5.
The last entry of errorHistory is 0.500073 for index 551955, 552/1000.
Terminated at swamp 0.5.
The last entry of errorHistory is 0.500613 for index 551956, 552/1000.
The last entry of errorHistory is 0.000007 for index 551957, 552/1000.
Terminated at swamp 0.5.
The last entry of errorHistory is 0.500055 for index 551958, 552/1000.
Terminated at swamp 0.5.
The last entry of errorHistory is 0.500497 for index 551959, 552/1000.
Terminated at swamp 0.5.
The last entry of errorHistory is 0.500001 for index 551960, 552/1000.
The last entry of errorHistory is 1.000000 for index 551961, 552/1000.
Terminated at swamp 0.5.
The last entry of errorHistory is 0.500712 for index 551962, 552/1000.
The last entry of errorHistory is 0.000067 for index 551963, 552/1000.
The last entry of errorHistory is 1.000000 for index 551964, 552/1000.
Terminated at swamp 0.5.
The last entry of errorHistory is 0.500558 for index 551965, 552/1000.
Terminated at swamp 0.5.
The last entry of errorHistory is 0.500231 for index 551966, 552/1000.
Terminated at swamp 1.
The last entry of errorHistory is 1.000047 for index 551967, 552/1000.
The last entry of errorHistory is 1.000000 for index 551968, 552/1000.
Terminated at swamp 0.5.
The last entry of errorHistory is 0.500301 for index 551969, 552/1000.
The last entry of errorHistory is 1.000000 for index 551970, 552/1000.
The last entry of errorHistory is 1.000000 for index 551971, 552/1000.
The last entry of errorHistory is 0.000008 for index 551972, 552/1000.
The last entry of errorHistory is 1.000000 for index 551973, 552/1000.
Terminated at swamp 0.5.
The last entry of errorHistory is 0.500495 for index 551974, 552/1000.
Terminated at swamp 0.5.
The last entry of errorHistory is 0.500153 for index 551975, 552/1000.
Terminated at swamp 0.5.
The last entry of errorHistory is 0.500557 for index 551976, 552/1000.
Terminated at swamp 1.
The last entry of errorHistory is 1.000000 for index 551977, 552/1000.
Terminated at swamp 0.5.
The last entry of errorHistory is 0.500161 for index 551978, 552/1000.
Terminated at swamp 0.5.
The last entry of errorHistory is 0.500450 for index 551979, 552/1000.
Terminated at swamp 0.5.
The last entry of errorHistory is 0.500024 for index 551980, 552/1000.
Terminated at swamp 0.5.
The last entry of errorHistory is 0.500683 for index 551981, 552/1000.
Terminated at swamp 0.5.
The last entry of errorHistory is 0.500013 for index 551982, 552/1000.
Terminated at swamp 0.5.
The last entry of errorHistory is 0.500715 for index 551983, 552/1000.
The last entry of errorHistory is 0.000021 for index 551984, 552/1000.
The last entry of errorHistory is 1.000000 for index 551985, 552/1000.
Terminated at swamp 1.
The last entry of errorHistory is 1.000021 for index 551986, 552/1000.
Terminated at swamp 0.5.
The last entry of errorHistory is 0.500257 for index 551987, 552/1000.
The last entry of errorHistory is 1.000000 for index 551988, 552/1000.
The last entry of errorHistory is 0.500000 for index 551989, 552/1000.
Terminated at swamp 0.5.
The last entry of errorHistory is 0.500000 for index 551990, 552/1000.
The last entry of errorHistory is 1.000000 for index 551991, 552/1000.
Terminated at swamp 0.5.
The last entry of errorHistory is 0.500363 for index 551992, 552/1000.
Terminated at swamp 0.5.
The last entry of errorHistory is 0.500071 for index 551993, 552/1000.
Terminated at swamp 0.5.
The last entry of errorHistory is 0.500323 for index 551994, 552/1000.
The last entry of errorHistory is 0.000032 for index 551995, 552/1000.
Terminated at swamp 0.5.
The last entry of errorHistory is 0.500384 for index 551996, 552/1000.
The last entry of errorHistory is 0.000044 for index 551997, 552/1000.
Terminated at swamp 1.5.
The last entry of errorHistory is 1.500000 for index 551998, 552/1000.
The last entry of errorHistory is 1.000000 for index 551999, 552/1000.
The last entry of errorHistory is 0.000413 for index 552000, 552/1000.
