
                            < M A T L A B (R) >
                  Copyright 1984-2018 The MathWorks, Inc.
                   R2018b (9.5.0.944444) 64-bit (glnxa64)
                              August 28, 2018

 
To get started, type doc.
For product information, visit www.mathworks.com.
 
Terminated at swamp 0.5.
The last entry of errorHistory is 0.500125 for index 552001, 553/1000.
Terminated at swamp 0.5.
The last entry of errorHistory is 0.500066 for index 552002, 553/1000.
The last entry of errorHistory is 0.000009 for index 552003, 553/1000.
The last entry of errorHistory is 1.000000 for index 552004, 553/1000.
Terminated at swamp 0.5.
The last entry of errorHistory is 0.500507 for index 552005, 553/1000.
The last entry of errorHistory is 1.000000 for index 552006, 553/1000.
Terminated at swamp 0.5.
The last entry of errorHistory is 0.500554 for index 552007, 553/1000.
Terminated at swamp 1.
The last entry of errorHistory is 1.000006 for index 552008, 553/1000.
Terminated at swamp 0.5.
The last entry of errorHistory is 0.500575 for index 552009, 553/1000.
The last entry of errorHistory is 1.000000 for index 552010, 553/1000.
Terminated at swamp 0.5.
The last entry of errorHistory is 0.500511 for index 552011, 553/1000.
Terminated at swamp 0.5.
The last entry of errorHistory is 0.500014 for index 552012, 553/1000.
The last entry of errorHistory is 0.000051 for index 552013, 553/1000.
Terminated at swamp 0.5.
The last entry of errorHistory is 0.500324 for index 552014, 553/1000.
Terminated at swamp 0.5.
The last entry of errorHistory is 0.500553 for index 552015, 553/1000.
Terminated at swamp 1.
The last entry of errorHistory is 1.000020 for index 552016, 553/1000.
Terminated at swamp 0.5.
The last entry of errorHistory is 0.500510 for index 552017, 553/1000.
Terminated at swamp 1.
The last entry of errorHistory is 1.000009 for index 552018, 553/1000.
Terminated at swamp 0.5.
The last entry of errorHistory is 0.500000 for index 552019, 553/1000.
Terminated at swamp 1.
The last entry of errorHistory is 1.000387 for index 552020, 553/1000.
The last entry of errorHistory is 1.000000 for index 552021, 553/1000.
The last entry of errorHistory is 0.000014 for index 552022, 553/1000.
The last entry of errorHistory is 0.000015 for index 552023, 553/1000.
Terminated at swamp 0.5.
The last entry of errorHistory is 0.500126 for index 552024, 553/1000.
Terminated at swamp 0.5.
The last entry of errorHistory is 0.500016 for index 552025, 553/1000.
The last entry of errorHistory is 1.500000 for index 552026, 553/1000.
The last entry of errorHistory is 0.000056 for index 552027, 553/1000.
The last entry of errorHistory is 1.000000 for index 552028, 553/1000.
The last entry of errorHistory is 0.500000 for index 552029, 553/1000.
Terminated at swamp 0.5.
The last entry of errorHistory is 0.500308 for index 552030, 553/1000.
Terminated at swamp 0.5.
The last entry of errorHistory is 0.500125 for index 552031, 553/1000.
Terminated at swamp 0.5.
The last entry of errorHistory is 0.500532 for index 552032, 553/1000.
Terminated at swamp 0.5.
The last entry of errorHistory is 0.500372 for index 552033, 553/1000.
Terminated at swamp 1.
The last entry of errorHistory is 1.000220 for index 552034, 553/1000.
Terminated at swamp 1.
The last entry of errorHistory is 1.000351 for index 552035, 553/1000.
The last entry of errorHistory is 0.500000 for index 552036, 553/1000.
Terminated at swamp 0.5.
The last entry of errorHistory is 0.500959 for index 552037, 553/1000.
The last entry of errorHistory is 1.500000 for index 552038, 553/1000.
Terminated at swamp 1.
The last entry of errorHistory is 1.000322 for index 552039, 553/1000.
Terminated at swamp 0.5.
The last entry of errorHistory is 0.500115 for index 552040, 553/1000.
The last entry of errorHistory is 1.000000 for index 552041, 553/1000.
Terminated at swamp 1.
The last entry of errorHistory is 1.000108 for index 552042, 553/1000.
Terminated at swamp 0.5.
The last entry of errorHistory is 0.500524 for index 552043, 553/1000.
Terminated at swamp 1.
The last entry of errorHistory is 1.000168 for index 552044, 553/1000.
Terminated at swamp 0.5.
The last entry of errorHistory is 0.500570 for index 552045, 553/1000.
The last entry of errorHistory is 0.000033 for index 552046, 553/1000.
Terminated at swamp 0.5.
The last entry of errorHistory is 0.500437 for index 552047, 553/1000.
The last entry of errorHistory is 1.000000 for index 552048, 553/1000.
Terminated at swamp 1.
The last entry of errorHistory is 1.000060 for index 552049, 553/1000.
Terminated at swamp 0.5.
The last entry of errorHistory is 0.500531 for index 552050, 553/1000.
Terminated at swamp 1.
The last entry of errorHistory is 1.000020 for index 552051, 553/1000.
The last entry of errorHistory is 1.000000 for index 552052, 553/1000.
Terminated at swamp 1.
The last entry of errorHistory is 1.000001 for index 552053, 553/1000.
Terminated at swamp 1.
The last entry of errorHistory is 1.000295 for index 552054, 553/1000.
Terminated at swamp 1.
The last entry of errorHistory is 1.000081 for index 552055, 553/1000.
The last entry of errorHistory is 0.500000 for index 552056, 553/1000.
Terminated at swamp 1.
The last entry of errorHistory is 0.999840 for index 552057, 553/1000.
Terminated at swamp 0.5.
The last entry of errorHistory is 0.500032 for index 552058, 553/1000.
Terminated at swamp 0.5.
The last entry of errorHistory is 0.500435 for index 552059, 553/1000.
Terminated at swamp 1.
The last entry of errorHistory is 1.000415 for index 552060, 553/1000.
Terminated at swamp 0.5.
The last entry of errorHistory is 0.500174 for index 552061, 553/1000.
The last entry of errorHistory is 1.000000 for index 552062, 553/1000.
Terminated at swamp 0.5.
The last entry of errorHistory is 0.500216 for index 552063, 553/1000.
The last entry of errorHistory is 0.000022 for index 552064, 553/1000.
The last entry of errorHistory is 0.000036 for index 552065, 553/1000.
The last entry of errorHistory is 0.000856 for index 552066, 553/1000.
Terminated at swamp 0.5.
The last entry of errorHistory is 0.500048 for index 552067, 553/1000.
Terminated at swamp 0.5.
The last entry of errorHistory is 0.500305 for index 552068, 553/1000.
Terminated at swamp 1.
The last entry of errorHistory is 1.000000 for index 552069, 553/1000.
Terminated at swamp 0.5.
The last entry of errorHistory is 0.500366 for index 552070, 553/1000.
Terminated at swamp 1.
The last entry of errorHistory is 1.000442 for index 552071, 553/1000.
The last entry of errorHistory is 1.000000 for index 552072, 553/1000.
The last entry of errorHistory is 1.000000 for index 552073, 553/1000.
Terminated at swamp 0.5.
The last entry of errorHistory is 0.500023 for index 552074, 553/1000.
Terminated at swamp 0.5.
The last entry of errorHistory is 0.500419 for index 552075, 553/1000.
Terminated at swamp 0.5.
The last entry of errorHistory is 0.500606 for index 552076, 553/1000.
Terminated at swamp 0.5.
The last entry of errorHistory is 0.500241 for index 552077, 553/1000.
Terminated at swamp 0.5.
The last entry of errorHistory is 0.500000 for index 552078, 553/1000.
Terminated at swamp 0.5.
The last entry of errorHistory is 0.500419 for index 552079, 553/1000.
Terminated at swamp 0.5.
The last entry of errorHistory is 0.500329 for index 552080, 553/1000.
Terminated at swamp 1.
The last entry of errorHistory is 1.000000 for index 552081, 553/1000.
Terminated at swamp 0.5.
The last entry of errorHistory is 0.500443 for index 552082, 553/1000.
Terminated at swamp 1.
The last entry of errorHistory is 1.000000 for index 552083, 553/1000.
The last entry of errorHistory is 0.500000 for index 552084, 553/1000.
Terminated at swamp 0.5.
The last entry of errorHistory is 0.500538 for index 552085, 553/1000.
Terminated at swamp 0.5.
The last entry of errorHistory is 0.500556 for index 552086, 553/1000.
Terminated at swamp 1.5.
The last entry of errorHistory is 1.500000 for index 552087, 553/1000.
Terminated at swamp 1.
The last entry of errorHistory is 1.000402 for index 552088, 553/1000.
The last entry of errorHistory is 1.000000 for index 552089, 553/1000.
Terminated at swamp 0.5.
The last entry of errorHistory is 0.500016 for index 552090, 553/1000.
Terminated at swamp 0.5.
The last entry of errorHistory is 0.500634 for index 552091, 553/1000.
Terminated at swamp 1.
The last entry of errorHistory is 1.000250 for index 552092, 553/1000.
Terminated at swamp 1.
The last entry of errorHistory is 1.000201 for index 552093, 553/1000.
The last entry of errorHistory is 1.500000 for index 552094, 553/1000.
Terminated at swamp 0.5.
The last entry of errorHistory is 0.500030 for index 552095, 553/1000.
Terminated at swamp 1.
The last entry of errorHistory is 1.000236 for index 552096, 553/1000.
Terminated at swamp 0.5.
The last entry of errorHistory is 0.500338 for index 552097, 553/1000.
Terminated at swamp 1.
The last entry of errorHistory is 1.000018 for index 552098, 553/1000.
The last entry of errorHistory is 0.000018 for index 552099, 553/1000.
The last entry of errorHistory is 0.000017 for index 552100, 553/1000.
Terminated at swamp 0.5.
The last entry of errorHistory is 0.500628 for index 552101, 553/1000.
Terminated at swamp 0.5.
The last entry of errorHistory is 0.500485 for index 552102, 553/1000.
Terminated at swamp 0.5.
The last entry of errorHistory is 0.500696 for index 552103, 553/1000.
Terminated at swamp 0.5.
The last entry of errorHistory is 0.500000 for index 552104, 553/1000.
The last entry of errorHistory is 0.000015 for index 552105, 553/1000.
The last entry of errorHistory is 1.000000 for index 552106, 553/1000.
Terminated at swamp 0.5.
The last entry of errorHistory is 0.500343 for index 552107, 553/1000.
Terminated at swamp 1.
The last entry of errorHistory is 1.000171 for index 552108, 553/1000.
The last entry of errorHistory is 1.000000 for index 552109, 553/1000.
The last entry of errorHistory is 1.000000 for index 552110, 553/1000.
The last entry of errorHistory is 0.500000 for index 552111, 553/1000.
Terminated at swamp 0.5.
The last entry of errorHistory is 0.500008 for index 552112, 553/1000.
Terminated at swamp 0.5.
The last entry of errorHistory is 0.500568 for index 552113, 553/1000.
The last entry of errorHistory is 1.000000 for index 552114, 553/1000.
The last entry of errorHistory is 0.001635 for index 552115, 553/1000.
The last entry of errorHistory is 1.000000 for index 552116, 553/1000.
Terminated at swamp 0.5.
The last entry of errorHistory is 0.500087 for index 552117, 553/1000.
The last entry of errorHistory is 1.000000 for index 552118, 553/1000.
The last entry of errorHistory is 0.000404 for index 552119, 553/1000.
The last entry of errorHistory is 0.500000 for index 552120, 553/1000.
Terminated at swamp 0.5.
The last entry of errorHistory is 0.500161 for index 552121, 553/1000.
The last entry of errorHistory is 0.000716 for index 552122, 553/1000.
The last entry of errorHistory is 1.000000 for index 552123, 553/1000.
The last entry of errorHistory is 1.500000 for index 552124, 553/1000.
Terminated at swamp 1.
The last entry of errorHistory is 1.000342 for index 552125, 553/1000.
Terminated at swamp 0.5.
The last entry of errorHistory is 0.500035 for index 552126, 553/1000.
Terminated at swamp 1.
The last entry of errorHistory is 1.000000 for index 552127, 553/1000.
Terminated at swamp 1.
The last entry of errorHistory is 1.000000 for index 552128, 553/1000.
The last entry of errorHistory is 1.000000 for index 552129, 553/1000.
Terminated at swamp 0.5.
The last entry of errorHistory is 0.500608 for index 552130, 553/1000.
The last entry of errorHistory is 1.500000 for index 552131, 553/1000.
Terminated at swamp 1.
The last entry of errorHistory is 1.000326 for index 552132, 553/1000.
Terminated at swamp 1.
The last entry of errorHistory is 1.000000 for index 552133, 553/1000.
The last entry of errorHistory is 0.000014 for index 552134, 553/1000.
Terminated at swamp 0.5.
The last entry of errorHistory is 0.500361 for index 552135, 553/1000.
The last entry of errorHistory is 1.500000 for index 552136, 553/1000.
Terminated at swamp 1.
The last entry of errorHistory is 1.000281 for index 552137, 553/1000.
Terminated at swamp 1.
The last entry of errorHistory is 1.000608 for index 552138, 553/1000.
Terminated at swamp 0.5.
The last entry of errorHistory is 0.500236 for index 552139, 553/1000.
Terminated at swamp 0.5.
The last entry of errorHistory is 0.500000 for index 552140, 553/1000.
The last entry of errorHistory is 1.000000 for index 552141, 553/1000.
Terminated at swamp 1.
The last entry of errorHistory is 1.000528 for index 552142, 553/1000.
The last entry of errorHistory is 0.000013 for index 552143, 553/1000.
The last entry of errorHistory is 1.000000 for index 552144, 553/1000.
Terminated at swamp 1.
The last entry of errorHistory is 1.000095 for index 552145, 553/1000.
Terminated at swamp 0.5.
The last entry of errorHistory is 0.500572 for index 552146, 553/1000.
Terminated at swamp 0.5.
The last entry of errorHistory is 0.500460 for index 552147, 553/1000.
Terminated at swamp 0.5.
The last entry of errorHistory is 0.500558 for index 552148, 553/1000.
Terminated at swamp 1.
The last entry of errorHistory is 1.000000 for index 552149, 553/1000.
Terminated at swamp 1.
The last entry of errorHistory is 1.000390 for index 552150, 553/1000.
Terminated at swamp 1.
The last entry of errorHistory is 1.000448 for index 552151, 553/1000.
Terminated at swamp 0.5.
The last entry of errorHistory is 0.500449 for index 552152, 553/1000.
The last entry of errorHistory is 0.000008 for index 552153, 553/1000.
Terminated at swamp 1.
The last entry of errorHistory is 1.000006 for index 552154, 553/1000.
The last entry of errorHistory is 1.000000 for index 552155, 553/1000.
Terminated at swamp 0.5.
The last entry of errorHistory is 0.500633 for index 552156, 553/1000.
The last entry of errorHistory is 0.500000 for index 552157, 553/1000.
Terminated at swamp 1.
The last entry of errorHistory is 1.000000 for index 552158, 553/1000.
Terminated at swamp 0.5.
The last entry of errorHistory is 0.500286 for index 552159, 553/1000.
Terminated at swamp 0.5.
The last entry of errorHistory is 0.500002 for index 552160, 553/1000.
The last entry of errorHistory is 0.000013 for index 552161, 553/1000.
Terminated at swamp 1.
The last entry of errorHistory is 0.999992 for index 552162, 553/1000.
Terminated at swamp 0.5.
The last entry of errorHistory is 0.500504 for index 552163, 553/1000.
Terminated at swamp 1.
The last entry of errorHistory is 1.000023 for index 552164, 553/1000.
The last entry of errorHistory is 0.000022 for index 552165, 553/1000.
Terminated at swamp 0.5.
The last entry of errorHistory is 0.500234 for index 552166, 553/1000.
Terminated at swamp 1.
The last entry of errorHistory is 1.000000 for index 552167, 553/1000.
Terminated at swamp 0.5.
The last entry of errorHistory is 0.500117 for index 552168, 553/1000.
The last entry of errorHistory is 1.000000 for index 552169, 553/1000.
The last entry of errorHistory is 0.000026 for index 552170, 553/1000.
Terminated at swamp 0.5.
The last entry of errorHistory is 0.500567 for index 552171, 553/1000.
Terminated at swamp 1.
The last entry of errorHistory is 1.000014 for index 552172, 553/1000.
Terminated at swamp 0.5.
The last entry of errorHistory is 0.500590 for index 552173, 553/1000.
Terminated at swamp 0.5.
The last entry of errorHistory is 0.500252 for index 552174, 553/1000.
The last entry of errorHistory is 1.000000 for index 552175, 553/1000.
Terminated at swamp 1.
The last entry of errorHistory is 1.000178 for index 552176, 553/1000.
The last entry of errorHistory is 0.000022 for index 552177, 553/1000.
Terminated at swamp 0.5.
The last entry of errorHistory is 0.500479 for index 552178, 553/1000.
The last entry of errorHistory is 1.000000 for index 552179, 553/1000.
The last entry of errorHistory is 0.000040 for index 552180, 553/1000.
The last entry of errorHistory is 0.000029 for index 552181, 553/1000.
Terminated at swamp 1.
The last entry of errorHistory is 1.000029 for index 552182, 553/1000.
Terminated at swamp 0.5.
The last entry of errorHistory is 0.500391 for index 552183, 553/1000.
The last entry of errorHistory is 0.500000 for index 552184, 553/1000.
Terminated at swamp 0.5.
The last entry of errorHistory is 0.500034 for index 552185, 553/1000.
Terminated at swamp 0.5.
The last entry of errorHistory is 0.500508 for index 552186, 553/1000.
Terminated at swamp 0.5.
The last entry of errorHistory is 0.500603 for index 552187, 553/1000.
The last entry of errorHistory is 1.000000 for index 552188, 553/1000.
Terminated at swamp 0.5.
The last entry of errorHistory is 0.500390 for index 552189, 553/1000.
Terminated at swamp 1.
The last entry of errorHistory is 1.000052 for index 552190, 553/1000.
Terminated at swamp 0.5.
The last entry of errorHistory is 0.500187 for index 552191, 553/1000.
Terminated at swamp 0.5.
The last entry of errorHistory is 0.500553 for index 552192, 553/1000.
Terminated at swamp 1.
The last entry of errorHistory is 1.000230 for index 552193, 553/1000.
The last entry of errorHistory is 1.000000 for index 552194, 553/1000.
Terminated at swamp 1.
The last entry of errorHistory is 1.000008 for index 552195, 553/1000.
The last entry of errorHistory is 1.000000 for index 552196, 553/1000.
The last entry of errorHistory is 0.000029 for index 552197, 553/1000.
Terminated at swamp 1.
The last entry of errorHistory is 1.000004 for index 552198, 553/1000.
The last entry of errorHistory is 0.000053 for index 552199, 553/1000.
Terminated at swamp 0.5.
The last entry of errorHistory is 0.500449 for index 552200, 553/1000.
The last entry of errorHistory is 1.500000 for index 552201, 553/1000.
Terminated at swamp 0.5.
The last entry of errorHistory is 0.500144 for index 552202, 553/1000.
Terminated at swamp 1.
The last entry of errorHistory is 1.000052 for index 552203, 553/1000.
Terminated at swamp 0.5.
The last entry of errorHistory is 0.500463 for index 552204, 553/1000.
The last entry of errorHistory is 0.000032 for index 552205, 553/1000.
The last entry of errorHistory is 1.000000 for index 552206, 553/1000.
Terminated at swamp 0.5.
The last entry of errorHistory is 0.500417 for index 552207, 553/1000.
Terminated at swamp 0.5.
The last entry of errorHistory is 0.500377 for index 552208, 553/1000.
Terminated at swamp 1.
The last entry of errorHistory is 1.000311 for index 552209, 553/1000.
The last entry of errorHistory is 1.000000 for index 552210, 553/1000.
Terminated at swamp 0.5.
The last entry of errorHistory is 0.500325 for index 552211, 553/1000.
Terminated at swamp 1.
The last entry of errorHistory is 1.000125 for index 552212, 553/1000.
Terminated at swamp 0.5.
The last entry of errorHistory is 0.500481 for index 552213, 553/1000.
The last entry of errorHistory is 0.500000 for index 552214, 553/1000.
Terminated at swamp 0.5.
The last entry of errorHistory is 0.500904 for index 552215, 553/1000.
The last entry of errorHistory is 0.500000 for index 552216, 553/1000.
Terminated at swamp 1.
The last entry of errorHistory is 1.000001 for index 552217, 553/1000.
Terminated at swamp 0.5.
The last entry of errorHistory is 0.500389 for index 552218, 553/1000.
The last entry of errorHistory is 1.000000 for index 552219, 553/1000.
Terminated at swamp 0.5.
The last entry of errorHistory is 0.500388 for index 552220, 553/1000.
Terminated at swamp 0.5.
The last entry of errorHistory is 0.500608 for index 552221, 553/1000.
Terminated at swamp 0.5.
The last entry of errorHistory is 0.500180 for index 552222, 553/1000.
Terminated at swamp 1.
The last entry of errorHistory is 0.999718 for index 552223, 553/1000.
Terminated at swamp 0.5.
The last entry of errorHistory is 0.500122 for index 552224, 553/1000.
Terminated at swamp 0.5.
The last entry of errorHistory is 0.500340 for index 552225, 553/1000.
The last entry of errorHistory is 1.000000 for index 552226, 553/1000.
Terminated at swamp 0.5.
The last entry of errorHistory is 0.500284 for index 552227, 553/1000.
The last entry of errorHistory is 1.000000 for index 552228, 553/1000.
Terminated at swamp 0.5.
The last entry of errorHistory is 0.500583 for index 552229, 553/1000.
Terminated at swamp 1.
The last entry of errorHistory is 1.000001 for index 552230, 553/1000.
The last entry of errorHistory is 1.000000 for index 552231, 553/1000.
Terminated at swamp 0.5.
The last entry of errorHistory is 0.500431 for index 552232, 553/1000.
The last entry of errorHistory is 1.500000 for index 552233, 553/1000.
Terminated at swamp 0.5.
The last entry of errorHistory is 0.500068 for index 552234, 553/1000.
Terminated at swamp 0.5.
The last entry of errorHistory is 0.500453 for index 552235, 553/1000.
Terminated at swamp 0.5.
The last entry of errorHistory is 0.500231 for index 552236, 553/1000.
Terminated at swamp 0.5.
The last entry of errorHistory is 0.500422 for index 552237, 553/1000.
Terminated at swamp 0.5.
The last entry of errorHistory is 0.500084 for index 552238, 553/1000.
Terminated at swamp 1.
The last entry of errorHistory is 1.000261 for index 552239, 553/1000.
The last entry of errorHistory is 1.500000 for index 552240, 553/1000.
Terminated at swamp 0.5.
The last entry of errorHistory is 0.500610 for index 552241, 553/1000.
Terminated at swamp 1.
The last entry of errorHistory is 1.000000 for index 552242, 553/1000.
Terminated at swamp 0.5.
The last entry of errorHistory is 0.500236 for index 552243, 553/1000.
Terminated at swamp 0.5.
The last entry of errorHistory is 0.500401 for index 552244, 553/1000.
Terminated at swamp 1.
The last entry of errorHistory is 1.000287 for index 552245, 553/1000.
Terminated at swamp 0.5.
The last entry of errorHistory is 0.500498 for index 552246, 553/1000.
Terminated at swamp 0.5.
The last entry of errorHistory is 0.500512 for index 552247, 553/1000.
Terminated at swamp 0.5.
The last entry of errorHistory is 0.499926 for index 552248, 553/1000.
The last entry of errorHistory is 1.000000 for index 552249, 553/1000.
Terminated at swamp 0.5.
The last entry of errorHistory is 0.500674 for index 552250, 553/1000.
The last entry of errorHistory is 0.000032 for index 552251, 553/1000.
The last entry of errorHistory is 0.000069 for index 552252, 553/1000.
Terminated at swamp 0.5.
The last entry of errorHistory is 0.500304 for index 552253, 553/1000.
Terminated at swamp 1.
The last entry of errorHistory is 1.000100 for index 552254, 553/1000.
Terminated at swamp 0.5.
The last entry of errorHistory is 0.500023 for index 552255, 553/1000.
Terminated at swamp 1.5.
The last entry of errorHistory is 1.500000 for index 552256, 553/1000.
The last entry of errorHistory is 1.000000 for index 552257, 553/1000.
Terminated at swamp 0.5.
The last entry of errorHistory is 0.500064 for index 552258, 553/1000.
Terminated at swamp 0.5.
The last entry of errorHistory is 0.500870 for index 552259, 553/1000.
Terminated at swamp 0.5.
The last entry of errorHistory is 0.500437 for index 552260, 553/1000.
The last entry of errorHistory is 1.000000 for index 552261, 553/1000.
The last entry of errorHistory is 1.000000 for index 552262, 553/1000.
Terminated at swamp 1.
The last entry of errorHistory is 1.000001 for index 552263, 553/1000.
The last entry of errorHistory is 1.000000 for index 552264, 553/1000.
Terminated at swamp 0.5.
The last entry of errorHistory is 0.500283 for index 552265, 553/1000.
Terminated at swamp 0.5.
The last entry of errorHistory is 0.500334 for index 552266, 553/1000.
Terminated at swamp 0.5.
The last entry of errorHistory is 0.500345 for index 552267, 553/1000.
The last entry of errorHistory is 0.000016 for index 552268, 553/1000.
The last entry of errorHistory is 1.000000 for index 552269, 553/1000.
The last entry of errorHistory is 1.000000 for index 552270, 553/1000.
Terminated at swamp 1.
The last entry of errorHistory is 1.000002 for index 552271, 553/1000.
The last entry of errorHistory is 1.000000 for index 552272, 553/1000.
Terminated at swamp 1.
The last entry of errorHistory is 1.000000 for index 552273, 553/1000.
Terminated at swamp 0.5.
The last entry of errorHistory is 0.500599 for index 552274, 553/1000.
Terminated at swamp 0.5.
The last entry of errorHistory is 0.500493 for index 552275, 553/1000.
Terminated at swamp 0.5.
The last entry of errorHistory is 0.500361 for index 552276, 553/1000.
Terminated at swamp 0.5.
The last entry of errorHistory is 0.500304 for index 552277, 553/1000.
The last entry of errorHistory is 0.500000 for index 552278, 553/1000.
The last entry of errorHistory is 1.000000 for index 552279, 553/1000.
Terminated at swamp 1.
The last entry of errorHistory is 1.000049 for index 552280, 553/1000.
Terminated at swamp 0.5.
The last entry of errorHistory is 0.500381 for index 552281, 553/1000.
Terminated at swamp 0.5.
The last entry of errorHistory is 0.500090 for index 552282, 553/1000.
The last entry of errorHistory is 0.000035 for index 552283, 553/1000.
Terminated at swamp 0.5.
The last entry of errorHistory is 0.500474 for index 552284, 553/1000.
The last entry of errorHistory is 1.000000 for index 552285, 553/1000.
Terminated at swamp 1.
The last entry of errorHistory is 1.000000 for index 552286, 553/1000.
Terminated at swamp 0.5.
The last entry of errorHistory is 0.500377 for index 552287, 553/1000.
The last entry of errorHistory is 0.000032 for index 552288, 553/1000.
Terminated at swamp 1.
The last entry of errorHistory is 1.000005 for index 552289, 553/1000.
The last entry of errorHistory is 1.000000 for index 552290, 553/1000.
The last entry of errorHistory is 1.000000 for index 552291, 553/1000.
Terminated at swamp 0.5.
The last entry of errorHistory is 0.500597 for index 552292, 553/1000.
The last entry of errorHistory is 1.500000 for index 552293, 553/1000.
Terminated at swamp 0.5.
The last entry of errorHistory is 0.500407 for index 552294, 553/1000.
Terminated at swamp 1.
The last entry of errorHistory is 1.000110 for index 552295, 553/1000.
Terminated at swamp 0.5.
The last entry of errorHistory is 0.500286 for index 552296, 553/1000.
The last entry of errorHistory is 1.000000 for index 552297, 553/1000.
Terminated at swamp 0.5.
The last entry of errorHistory is 0.500444 for index 552298, 553/1000.
The last entry of errorHistory is 0.000023 for index 552299, 553/1000.
The last entry of errorHistory is 1.000000 for index 552300, 553/1000.
Terminated at swamp 1.
The last entry of errorHistory is 1.000239 for index 552301, 553/1000.
Terminated at swamp 0.5.
The last entry of errorHistory is 0.500011 for index 552302, 553/1000.
The last entry of errorHistory is 1.000000 for index 552303, 553/1000.
The last entry of errorHistory is 1.000000 for index 552304, 553/1000.
Terminated at swamp 0.5.
The last entry of errorHistory is 0.500124 for index 552305, 553/1000.
Terminated at swamp 0.5.
The last entry of errorHistory is 0.500419 for index 552306, 553/1000.
The last entry of errorHistory is 1.000000 for index 552307, 553/1000.
The last entry of errorHistory is 0.000018 for index 552308, 553/1000.
Terminated at swamp 0.5.
The last entry of errorHistory is 0.500191 for index 552309, 553/1000.
Terminated at swamp 0.5.
The last entry of errorHistory is 0.500566 for index 552310, 553/1000.
Terminated at swamp 1.
The last entry of errorHistory is 1.000007 for index 552311, 553/1000.
Terminated at swamp 1.
The last entry of errorHistory is 1.000493 for index 552312, 553/1000.
Terminated at swamp 1.
The last entry of errorHistory is 1.000370 for index 552313, 553/1000.
The last entry of errorHistory is 1.000000 for index 552314, 553/1000.
Terminated at swamp 1.
The last entry of errorHistory is 1.000092 for index 552315, 553/1000.
The last entry of errorHistory is 1.000000 for index 552316, 553/1000.
Terminated at swamp 0.5.
The last entry of errorHistory is 0.500659 for index 552317, 553/1000.
The last entry of errorHistory is 0.500000 for index 552318, 553/1000.
The last entry of errorHistory is 1.500000 for index 552319, 553/1000.
The last entry of errorHistory is 1.500000 for index 552320, 553/1000.
Terminated at swamp 0.5.
The last entry of errorHistory is 0.500657 for index 552321, 553/1000.
The last entry of errorHistory is 0.000020 for index 552322, 553/1000.
The last entry of errorHistory is 1.000000 for index 552323, 553/1000.
The last entry of errorHistory is 0.000066 for index 552324, 553/1000.
Terminated at swamp 0.5.
The last entry of errorHistory is 0.500359 for index 552325, 553/1000.
The last entry of errorHistory is 0.000024 for index 552326, 553/1000.
The last entry of errorHistory is 0.000239 for index 552327, 553/1000.
The last entry of errorHistory is 0.500000 for index 552328, 553/1000.
Terminated at swamp 0.5.
The last entry of errorHistory is 0.500020 for index 552329, 553/1000.
Terminated at swamp 0.5.
The last entry of errorHistory is 0.500428 for index 552330, 553/1000.
The last entry of errorHistory is 0.500000 for index 552331, 553/1000.
Terminated at swamp 1.
The last entry of errorHistory is 1.000466 for index 552332, 553/1000.
The last entry of errorHistory is 1.000000 for index 552333, 553/1000.
Terminated at swamp 0.5.
The last entry of errorHistory is 0.500631 for index 552334, 553/1000.
The last entry of errorHistory is 1.000000 for index 552335, 553/1000.
Terminated at swamp 1.
The last entry of errorHistory is 1.000166 for index 552336, 553/1000.
Terminated at swamp 0.5.
The last entry of errorHistory is 0.500694 for index 552337, 553/1000.
Terminated at swamp 1.
The last entry of errorHistory is 1.000050 for index 552338, 553/1000.
Terminated at swamp 1.
The last entry of errorHistory is 1.000048 for index 552339, 553/1000.
Terminated at swamp 0.5.
The last entry of errorHistory is 0.500010 for index 552340, 553/1000.
Terminated at swamp 0.5.
The last entry of errorHistory is 0.500067 for index 552341, 553/1000.
Terminated at swamp 0.5.
The last entry of errorHistory is 0.500435 for index 552342, 553/1000.
Terminated at swamp 0.5.
The last entry of errorHistory is 0.500640 for index 552343, 553/1000.
Terminated at swamp 0.5.
The last entry of errorHistory is 0.500441 for index 552344, 553/1000.
Terminated at swamp 0.5.
The last entry of errorHistory is 0.500111 for index 552345, 553/1000.
Terminated at swamp 1.
The last entry of errorHistory is 1.000024 for index 552346, 553/1000.
Terminated at swamp 0.5.
The last entry of errorHistory is 0.500352 for index 552347, 553/1000.
Terminated at swamp 0.5.
The last entry of errorHistory is 0.500524 for index 552348, 553/1000.
The last entry of errorHistory is 1.000000 for index 552349, 553/1000.
The last entry of errorHistory is 0.000032 for index 552350, 553/1000.
Terminated at swamp 1.
The last entry of errorHistory is 1.000001 for index 552351, 553/1000.
Terminated at swamp 0.5.
The last entry of errorHistory is 0.500516 for index 552352, 553/1000.
The last entry of errorHistory is 0.500000 for index 552353, 553/1000.
Terminated at swamp 0.5.
The last entry of errorHistory is 0.500469 for index 552354, 553/1000.
Terminated at swamp 0.5.
The last entry of errorHistory is 0.500488 for index 552355, 553/1000.
Terminated at swamp 1.
The last entry of errorHistory is 1.000461 for index 552356, 553/1000.
The last entry of errorHistory is 1.000000 for index 552357, 553/1000.
Terminated at swamp 0.5.
The last entry of errorHistory is 0.500035 for index 552358, 553/1000.
Terminated at swamp 1.
The last entry of errorHistory is 1.000241 for index 552359, 553/1000.
The last entry of errorHistory is 0.000107 for index 552360, 553/1000.
Terminated at swamp 1.
The last entry of errorHistory is 1.000001 for index 552361, 553/1000.
Terminated at swamp 0.5.
The last entry of errorHistory is 0.500564 for index 552362, 553/1000.
Terminated at swamp 0.5.
The last entry of errorHistory is 0.500481 for index 552363, 553/1000.
The last entry of errorHistory is 1.000000 for index 552364, 553/1000.
The last entry of errorHistory is 0.000344 for index 552365, 553/1000.
The last entry of errorHistory is 1.000000 for index 552366, 553/1000.
The last entry of errorHistory is 0.000033 for index 552367, 553/1000.
The last entry of errorHistory is 1.000000 for index 552368, 553/1000.
The last entry of errorHistory is 0.000023 for index 552369, 553/1000.
Terminated at swamp 0.5.
The last entry of errorHistory is 0.500067 for index 552370, 553/1000.
Terminated at swamp 0.5.
The last entry of errorHistory is 0.500470 for index 552371, 553/1000.
The last entry of errorHistory is 1.500000 for index 552372, 553/1000.
The last entry of errorHistory is 1.000000 for index 552373, 553/1000.
Terminated at swamp 0.5.
The last entry of errorHistory is 0.500590 for index 552374, 553/1000.
Terminated at swamp 0.5.
The last entry of errorHistory is 0.500572 for index 552375, 553/1000.
Terminated at swamp 1.
The last entry of errorHistory is 1.000002 for index 552376, 553/1000.
The last entry of errorHistory is 1.000000 for index 552377, 553/1000.
Terminated at swamp 0.5.
The last entry of errorHistory is 0.500416 for index 552378, 553/1000.
Terminated at swamp 0.5.
The last entry of errorHistory is 0.500150 for index 552379, 553/1000.
Terminated at swamp 0.5.
The last entry of errorHistory is 0.500449 for index 552380, 553/1000.
Terminated at swamp 0.5.
The last entry of errorHistory is 0.500054 for index 552381, 553/1000.
Terminated at swamp 0.5.
The last entry of errorHistory is 0.500008 for index 552382, 553/1000.
Terminated at swamp 1.
The last entry of errorHistory is 1.000088 for index 552383, 553/1000.
Terminated at swamp 1.
The last entry of errorHistory is 1.000300 for index 552384, 553/1000.
The last entry of errorHistory is 0.000944 for index 552385, 553/1000.
Terminated at swamp 0.5.
The last entry of errorHistory is 0.500364 for index 552386, 553/1000.
Terminated at swamp 0.5.
The last entry of errorHistory is 0.500119 for index 552387, 553/1000.
Terminated at swamp 1.
The last entry of errorHistory is 1.000665 for index 552388, 553/1000.
Terminated at swamp 0.5.
The last entry of errorHistory is 0.500402 for index 552389, 553/1000.
Terminated at swamp 0.5.
The last entry of errorHistory is 0.500630 for index 552390, 553/1000.
Terminated at swamp 0.5.
The last entry of errorHistory is 0.500383 for index 552391, 553/1000.
The last entry of errorHistory is 0.000021 for index 552392, 553/1000.
The last entry of errorHistory is 0.000013 for index 552393, 553/1000.
Terminated at swamp 0.5.
The last entry of errorHistory is 0.500433 for index 552394, 553/1000.
The last entry of errorHistory is 0.500000 for index 552395, 553/1000.
The last entry of errorHistory is 0.500000 for index 552396, 553/1000.
The last entry of errorHistory is 1.000000 for index 552397, 553/1000.
Terminated at swamp 0.5.
The last entry of errorHistory is 0.500204 for index 552398, 553/1000.
The last entry of errorHistory is 0.000020 for index 552399, 553/1000.
Terminated at swamp 0.5.
The last entry of errorHistory is 0.500274 for index 552400, 553/1000.
Terminated at swamp 0.5.
The last entry of errorHistory is 0.500163 for index 552401, 553/1000.
The last entry of errorHistory is 1.000000 for index 552402, 553/1000.
Terminated at swamp 0.5.
The last entry of errorHistory is 0.500486 for index 552403, 553/1000.
Terminated at swamp 1.
The last entry of errorHistory is 1.000052 for index 552404, 553/1000.
The last entry of errorHistory is 1.500000 for index 552405, 553/1000.
Terminated at swamp 1.5.
The last entry of errorHistory is 1.500000 for index 552406, 553/1000.
The last entry of errorHistory is 0.000016 for index 552407, 553/1000.
The last entry of errorHistory is 0.000011 for index 552408, 553/1000.
The last entry of errorHistory is 1.000000 for index 552409, 553/1000.
The last entry of errorHistory is 1.000000 for index 552410, 553/1000.
Terminated at swamp 0.5.
The last entry of errorHistory is 0.500586 for index 552411, 553/1000.
Terminated at swamp 0.5.
The last entry of errorHistory is 0.500674 for index 552412, 553/1000.
Terminated at swamp 0.5.
The last entry of errorHistory is 0.500338 for index 552413, 553/1000.
Terminated at swamp 1.
The last entry of errorHistory is 1.000013 for index 552414, 553/1000.
The last entry of errorHistory is 1.500000 for index 552415, 553/1000.
The last entry of errorHistory is 0.000046 for index 552416, 553/1000.
Terminated at swamp 0.5.
The last entry of errorHistory is 0.500730 for index 552417, 553/1000.
The last entry of errorHistory is 0.000039 for index 552418, 553/1000.
The last entry of errorHistory is 1.000000 for index 552419, 553/1000.
The last entry of errorHistory is 1.000000 for index 552420, 553/1000.
Terminated at swamp 1.
The last entry of errorHistory is 1.000282 for index 552421, 553/1000.
Terminated at swamp 1.
The last entry of errorHistory is 1.000000 for index 552422, 553/1000.
The last entry of errorHistory is 1.000000 for index 552423, 553/1000.
The last entry of errorHistory is 0.000109 for index 552424, 553/1000.
Terminated at swamp 0.5.
The last entry of errorHistory is 0.500496 for index 552425, 553/1000.
Terminated at swamp 1.
The last entry of errorHistory is 1.000000 for index 552426, 553/1000.
Terminated at swamp 1.
The last entry of errorHistory is 1.000265 for index 552427, 553/1000.
Terminated at swamp 1.
The last entry of errorHistory is 1.000084 for index 552428, 553/1000.
The last entry of errorHistory is 1.000000 for index 552429, 553/1000.
Terminated at swamp 0.5.
The last entry of errorHistory is 0.500510 for index 552430, 553/1000.
Terminated at swamp 1.
The last entry of errorHistory is 1.000001 for index 552431, 553/1000.
Terminated at swamp 1.
The last entry of errorHistory is 1.000009 for index 552432, 553/1000.
The last entry of errorHistory is 1.000000 for index 552433, 553/1000.
Terminated at swamp 0.5.
The last entry of errorHistory is 0.500141 for index 552434, 553/1000.
Terminated at swamp 0.5.
The last entry of errorHistory is 0.500610 for index 552435, 553/1000.
The last entry of errorHistory is 0.000030 for index 552436, 553/1000.
The last entry of errorHistory is 0.000035 for index 552437, 553/1000.
Terminated at swamp 0.5.
The last entry of errorHistory is 0.500057 for index 552438, 553/1000.
Terminated at swamp 1.
The last entry of errorHistory is 1.000000 for index 552439, 553/1000.
Terminated at swamp 0.5.
The last entry of errorHistory is 0.500104 for index 552440, 553/1000.
Terminated at swamp 0.5.
The last entry of errorHistory is 0.500474 for index 552441, 553/1000.
Terminated at swamp 0.5.
The last entry of errorHistory is 0.500588 for index 552442, 553/1000.
Terminated at swamp 0.5.
The last entry of errorHistory is 0.500538 for index 552443, 553/1000.
Terminated at swamp 0.5.
The last entry of errorHistory is 0.500654 for index 552444, 553/1000.
Terminated at swamp 1.
The last entry of errorHistory is 1.000000 for index 552445, 553/1000.
Terminated at swamp 0.5.
The last entry of errorHistory is 0.500464 for index 552446, 553/1000.
Terminated at swamp 1.
The last entry of errorHistory is 1.000000 for index 552447, 553/1000.
Terminated at swamp 1.
The last entry of errorHistory is 1.000137 for index 552448, 553/1000.
The last entry of errorHistory is 0.500000 for index 552449, 553/1000.
The last entry of errorHistory is 0.500000 for index 552450, 553/1000.
The last entry of errorHistory is 1.500000 for index 552451, 553/1000.
The last entry of errorHistory is 0.500000 for index 552452, 553/1000.
The last entry of errorHistory is 0.500000 for index 552453, 553/1000.
The last entry of errorHistory is 1.500000 for index 552454, 553/1000.
Terminated at swamp 0.5.
The last entry of errorHistory is 0.500582 for index 552455, 553/1000.
Terminated at swamp 0.5.
The last entry of errorHistory is 0.500523 for index 552456, 553/1000.
Terminated at swamp 1.
The last entry of errorHistory is 1.000357 for index 552457, 553/1000.
Terminated at swamp 0.5.
The last entry of errorHistory is 0.500337 for index 552458, 553/1000.
The last entry of errorHistory is 0.500000 for index 552459, 553/1000.
Terminated at swamp 0.5.
The last entry of errorHistory is 0.500740 for index 552460, 553/1000.
The last entry of errorHistory is 1.000000 for index 552461, 553/1000.
Terminated at swamp 0.5.
The last entry of errorHistory is 0.500481 for index 552462, 553/1000.
The last entry of errorHistory is 0.000014 for index 552463, 553/1000.
The last entry of errorHistory is 0.000060 for index 552464, 553/1000.
Terminated at swamp 1.
The last entry of errorHistory is 1.000147 for index 552465, 553/1000.
Terminated at swamp 1.
The last entry of errorHistory is 1.000000 for index 552466, 553/1000.
The last entry of errorHistory is 0.000024 for index 552467, 553/1000.
Terminated at swamp 1.
The last entry of errorHistory is 1.000068 for index 552468, 553/1000.
Terminated at swamp 0.5.
The last entry of errorHistory is 0.500132 for index 552469, 553/1000.
Terminated at swamp 0.5.
The last entry of errorHistory is 0.500586 for index 552470, 553/1000.
Terminated at swamp 0.5.
The last entry of errorHistory is 0.500445 for index 552471, 553/1000.
Terminated at swamp 0.5.
The last entry of errorHistory is 0.500371 for index 552472, 553/1000.
Terminated at swamp 0.5.
The last entry of errorHistory is 0.500050 for index 552473, 553/1000.
Terminated at swamp 0.5.
The last entry of errorHistory is 0.500622 for index 552474, 553/1000.
Terminated at swamp 0.5.
The last entry of errorHistory is 0.500372 for index 552475, 553/1000.
Terminated at swamp 0.5.
The last entry of errorHistory is 0.500622 for index 552476, 553/1000.
Terminated at swamp 0.5.
The last entry of errorHistory is 0.500301 for index 552477, 553/1000.
Terminated at swamp 0.5.
The last entry of errorHistory is 0.500023 for index 552478, 553/1000.
The last entry of errorHistory is 1.000000 for index 552479, 553/1000.
Terminated at swamp 0.5.
The last entry of errorHistory is 0.500742 for index 552480, 553/1000.
Terminated at swamp 0.5.
The last entry of errorHistory is 0.500256 for index 552481, 553/1000.
Terminated at swamp 0.5.
The last entry of errorHistory is 0.500075 for index 552482, 553/1000.
The last entry of errorHistory is 0.000028 for index 552483, 553/1000.
Terminated at swamp 0.5.
The last entry of errorHistory is 0.500001 for index 552484, 553/1000.
Terminated at swamp 0.5.
The last entry of errorHistory is 0.500493 for index 552485, 553/1000.
Terminated at swamp 1.
The last entry of errorHistory is 0.999241 for index 552486, 553/1000.
The last entry of errorHistory is 0.500000 for index 552487, 553/1000.
Terminated at swamp 0.5.
The last entry of errorHistory is 0.500459 for index 552488, 553/1000.
Terminated at swamp 0.5.
The last entry of errorHistory is 0.500865 for index 552489, 553/1000.
The last entry of errorHistory is 1.000000 for index 552490, 553/1000.
Terminated at swamp 0.5.
The last entry of errorHistory is 0.500583 for index 552491, 553/1000.
Terminated at swamp 0.5.
The last entry of errorHistory is 0.500130 for index 552492, 553/1000.
Terminated at swamp 0.5.
The last entry of errorHistory is 0.500041 for index 552493, 553/1000.
Terminated at swamp 1.
The last entry of errorHistory is 1.000000 for index 552494, 553/1000.
The last entry of errorHistory is 1.000000 for index 552495, 553/1000.
The last entry of errorHistory is 1.000000 for index 552496, 553/1000.
Terminated at swamp 0.5.
The last entry of errorHistory is 0.500104 for index 552497, 553/1000.
The last entry of errorHistory is 0.000050 for index 552498, 553/1000.
The last entry of errorHistory is 0.000033 for index 552499, 553/1000.
Terminated at swamp 1.
The last entry of errorHistory is 1.000344 for index 552500, 553/1000.
Terminated at swamp 1.5.
The last entry of errorHistory is 1.500225 for index 552501, 553/1000.
Terminated at swamp 1.
The last entry of errorHistory is 1.000016 for index 552502, 553/1000.
Terminated at swamp 0.5.
The last entry of errorHistory is 0.500347 for index 552503, 553/1000.
Terminated at swamp 0.5.
The last entry of errorHistory is 0.500385 for index 552504, 553/1000.
The last entry of errorHistory is 1.000000 for index 552505, 553/1000.
Terminated at swamp 1.
The last entry of errorHistory is 1.000000 for index 552506, 553/1000.
The last entry of errorHistory is 0.500000 for index 552507, 553/1000.
Terminated at swamp 0.5.
The last entry of errorHistory is 0.500590 for index 552508, 553/1000.
The last entry of errorHistory is 1.000000 for index 552509, 553/1000.
The last entry of errorHistory is 0.500000 for index 552510, 553/1000.
Terminated at swamp 0.5.
The last entry of errorHistory is 0.500756 for index 552511, 553/1000.
The last entry of errorHistory is 1.000000 for index 552512, 553/1000.
Terminated at swamp 0.5.
The last entry of errorHistory is 0.500373 for index 552513, 553/1000.
The last entry of errorHistory is 1.000000 for index 552514, 553/1000.
The last entry of errorHistory is 0.000012 for index 552515, 553/1000.
The last entry of errorHistory is 1.500000 for index 552516, 553/1000.
Terminated at swamp 0.5.
The last entry of errorHistory is 0.500543 for index 552517, 553/1000.
Terminated at swamp 1.
The last entry of errorHistory is 1.000187 for index 552518, 553/1000.
The last entry of errorHistory is 0.000011 for index 552519, 553/1000.
The last entry of errorHistory is 0.000019 for index 552520, 553/1000.
Terminated at swamp 0.5.
The last entry of errorHistory is 0.500066 for index 552521, 553/1000.
Terminated at swamp 0.5.
The last entry of errorHistory is 0.500424 for index 552522, 553/1000.
The last entry of errorHistory is 1.500000 for index 552523, 553/1000.
Terminated at swamp 0.5.
The last entry of errorHistory is 0.500481 for index 552524, 553/1000.
Terminated at swamp 0.5.
The last entry of errorHistory is 0.500108 for index 552525, 553/1000.
Terminated at swamp 1.
The last entry of errorHistory is 1.000000 for index 552526, 553/1000.
The last entry of errorHistory is 1.000000 for index 552527, 553/1000.
The last entry of errorHistory is 0.000068 for index 552528, 553/1000.
Terminated at swamp 0.5.
The last entry of errorHistory is 0.500403 for index 552529, 553/1000.
Terminated at swamp 0.5.
The last entry of errorHistory is 0.500091 for index 552530, 553/1000.
Terminated at swamp 0.5.
The last entry of errorHistory is 0.500066 for index 552531, 553/1000.
Terminated at swamp 0.5.
The last entry of errorHistory is 0.500104 for index 552532, 553/1000.
Terminated at swamp 0.5.
The last entry of errorHistory is 0.500461 for index 552533, 553/1000.
Terminated at swamp 0.5.
The last entry of errorHistory is 0.500457 for index 552534, 553/1000.
The last entry of errorHistory is 1.000000 for index 552535, 553/1000.
Terminated at swamp 0.5.
The last entry of errorHistory is 0.500054 for index 552536, 553/1000.
Terminated at swamp 0.5.
The last entry of errorHistory is 0.500561 for index 552537, 553/1000.
Terminated at swamp 0.5.
The last entry of errorHistory is 0.500139 for index 552538, 553/1000.
Terminated at swamp 0.5.
The last entry of errorHistory is 0.500122 for index 552539, 553/1000.
The last entry of errorHistory is 0.000839 for index 552540, 553/1000.
Terminated at swamp 0.5.
The last entry of errorHistory is 0.500236 for index 552541, 553/1000.
Terminated at swamp 0.5.
The last entry of errorHistory is 0.500176 for index 552542, 553/1000.
Terminated at swamp 0.5.
The last entry of errorHistory is 0.500566 for index 552543, 553/1000.
Terminated at swamp 0.5.
The last entry of errorHistory is 0.500510 for index 552544, 553/1000.
The last entry of errorHistory is 0.000544 for index 552545, 553/1000.
The last entry of errorHistory is 1.000000 for index 552546, 553/1000.
The last entry of errorHistory is 0.000017 for index 552547, 553/1000.
The last entry of errorHistory is 0.500000 for index 552548, 553/1000.
Terminated at swamp 0.5.
The last entry of errorHistory is 0.500746 for index 552549, 553/1000.
The last entry of errorHistory is 0.000033 for index 552550, 553/1000.
The last entry of errorHistory is 1.000000 for index 552551, 553/1000.
The last entry of errorHistory is 0.000028 for index 552552, 553/1000.
The last entry of errorHistory is 1.000000 for index 552553, 553/1000.
The last entry of errorHistory is 0.000021 for index 552554, 553/1000.
The last entry of errorHistory is 1.000000 for index 552555, 553/1000.
Terminated at swamp 0.5.
The last entry of errorHistory is 0.500590 for index 552556, 553/1000.
Terminated at swamp 1.
The last entry of errorHistory is 1.000000 for index 552557, 553/1000.
The last entry of errorHistory is 1.000000 for index 552558, 553/1000.
The last entry of errorHistory is 1.000000 for index 552559, 553/1000.
Terminated at swamp 0.5.
The last entry of errorHistory is 0.500506 for index 552560, 553/1000.
Terminated at swamp 1.
The last entry of errorHistory is 1.000141 for index 552561, 553/1000.
The last entry of errorHistory is 0.000008 for index 552562, 553/1000.
The last entry of errorHistory is 1.500000 for index 552563, 553/1000.
The last entry of errorHistory is 0.500000 for index 552564, 553/1000.
The last entry of errorHistory is 0.000008 for index 552565, 553/1000.
Terminated at swamp 0.5.
The last entry of errorHistory is 0.500088 for index 552566, 553/1000.
Terminated at swamp 0.5.
The last entry of errorHistory is 0.500009 for index 552567, 553/1000.
Terminated at swamp 1.
The last entry of errorHistory is 1.000214 for index 552568, 553/1000.
The last entry of errorHistory is 0.000017 for index 552569, 553/1000.
Terminated at swamp 1.
The last entry of errorHistory is 1.000015 for index 552570, 553/1000.
Terminated at swamp 0.5.
The last entry of errorHistory is 0.500001 for index 552571, 553/1000.
Terminated at swamp 0.5.
The last entry of errorHistory is 0.500004 for index 552572, 553/1000.
Terminated at swamp 0.5.
The last entry of errorHistory is 0.500532 for index 552573, 553/1000.
The last entry of errorHistory is 1.000000 for index 552574, 553/1000.
Terminated at swamp 0.5.
The last entry of errorHistory is 0.500430 for index 552575, 553/1000.
The last entry of errorHistory is 1.000000 for index 552576, 553/1000.
Terminated at swamp 1.
The last entry of errorHistory is 1.000146 for index 552577, 553/1000.
Terminated at swamp 0.5.
The last entry of errorHistory is 0.500491 for index 552578, 553/1000.
The last entry of errorHistory is 0.000054 for index 552579, 553/1000.
Terminated at swamp 0.5.
The last entry of errorHistory is 0.500326 for index 552580, 553/1000.
Terminated at swamp 1.
The last entry of errorHistory is 1.000484 for index 552581, 553/1000.
Terminated at swamp 0.5.
The last entry of errorHistory is 0.500312 for index 552582, 553/1000.
Terminated at swamp 0.5.
The last entry of errorHistory is 0.500475 for index 552583, 553/1000.
Terminated at swamp 0.5.
The last entry of errorHistory is 0.500476 for index 552584, 553/1000.
Terminated at swamp 0.5.
The last entry of errorHistory is 0.500804 for index 552585, 553/1000.
Terminated at swamp 0.5.
The last entry of errorHistory is 0.500112 for index 552586, 553/1000.
Terminated at swamp 0.5.
The last entry of errorHistory is 0.500268 for index 552587, 553/1000.
Terminated at swamp 0.5.
The last entry of errorHistory is 0.500457 for index 552588, 553/1000.
The last entry of errorHistory is 1.000000 for index 552589, 553/1000.
Terminated at swamp 0.5.
The last entry of errorHistory is 0.500046 for index 552590, 553/1000.
Terminated at swamp 0.5.
The last entry of errorHistory is 0.500897 for index 552591, 553/1000.
Terminated at swamp 1.5.
The last entry of errorHistory is 1.500000 for index 552592, 553/1000.
Terminated at swamp 0.5.
The last entry of errorHistory is 0.500629 for index 552593, 553/1000.
Terminated at swamp 0.5.
The last entry of errorHistory is 0.500450 for index 552594, 553/1000.
The last entry of errorHistory is 1.000000 for index 552595, 553/1000.
Terminated at swamp 0.5.
The last entry of errorHistory is 0.500272 for index 552596, 553/1000.
Terminated at swamp 0.5.
The last entry of errorHistory is 0.500322 for index 552597, 553/1000.
The last entry of errorHistory is 1.000000 for index 552598, 553/1000.
Terminated at swamp 1.
The last entry of errorHistory is 1.000420 for index 552599, 553/1000.
Terminated at swamp 1.
The last entry of errorHistory is 1.000232 for index 552600, 553/1000.
The last entry of errorHistory is 0.000018 for index 552601, 553/1000.
Terminated at swamp 0.5.
The last entry of errorHistory is 0.500194 for index 552602, 553/1000.
Terminated at swamp 0.5.
The last entry of errorHistory is 0.500937 for index 552603, 553/1000.
Terminated at swamp 0.5.
The last entry of errorHistory is 0.500221 for index 552604, 553/1000.
Terminated at swamp 0.5.
The last entry of errorHistory is 0.500640 for index 552605, 553/1000.
Terminated at swamp 0.5.
The last entry of errorHistory is 0.500502 for index 552606, 553/1000.
Terminated at swamp 1.
The last entry of errorHistory is 1.000008 for index 552607, 553/1000.
The last entry of errorHistory is 1.500000 for index 552608, 553/1000.
Terminated at swamp 1.
The last entry of errorHistory is 1.000184 for index 552609, 553/1000.
Terminated at swamp 0.5.
The last entry of errorHistory is 0.500104 for index 552610, 553/1000.
Terminated at swamp 0.5.
The last entry of errorHistory is 0.500408 for index 552611, 553/1000.
Terminated at swamp 0.5.
The last entry of errorHistory is 0.500060 for index 552612, 553/1000.
The last entry of errorHistory is 0.000022 for index 552613, 553/1000.
Terminated at swamp 0.5.
The last entry of errorHistory is 0.500273 for index 552614, 553/1000.
The last entry of errorHistory is 0.500000 for index 552615, 553/1000.
Terminated at swamp 0.5.
The last entry of errorHistory is 0.500097 for index 552616, 553/1000.
Terminated at swamp 1.
The last entry of errorHistory is 1.000340 for index 552617, 553/1000.
Terminated at swamp 0.5.
The last entry of errorHistory is 0.500028 for index 552618, 553/1000.
The last entry of errorHistory is 1.000000 for index 552619, 553/1000.
The last entry of errorHistory is 0.500000 for index 552620, 553/1000.
The last entry of errorHistory is 0.500000 for index 552621, 553/1000.
Terminated at swamp 0.5.
The last entry of errorHistory is 0.500438 for index 552622, 553/1000.
Terminated at swamp 0.5.
The last entry of errorHistory is 0.500191 for index 552623, 553/1000.
Terminated at swamp 0.5.
The last entry of errorHistory is 0.500508 for index 552624, 553/1000.
Terminated at swamp 1.
The last entry of errorHistory is 1.000211 for index 552625, 553/1000.
The last entry of errorHistory is 1.500000 for index 552626, 553/1000.
The last entry of errorHistory is 0.000221 for index 552627, 553/1000.
The last entry of errorHistory is 0.000044 for index 552628, 553/1000.
Terminated at swamp 1.
The last entry of errorHistory is 1.000000 for index 552629, 553/1000.
The last entry of errorHistory is 1.000000 for index 552630, 553/1000.
Terminated at swamp 0.5.
The last entry of errorHistory is 0.500392 for index 552631, 553/1000.
Terminated at swamp 1.
The last entry of errorHistory is 1.000312 for index 552632, 553/1000.
Terminated at swamp 0.5.
The last entry of errorHistory is 0.500121 for index 552633, 553/1000.
Terminated at swamp 0.5.
The last entry of errorHistory is 0.500005 for index 552634, 553/1000.
The last entry of errorHistory is 1.000000 for index 552635, 553/1000.
Terminated at swamp 0.5.
The last entry of errorHistory is 0.500079 for index 552636, 553/1000.
Terminated at swamp 1.
The last entry of errorHistory is 1.000370 for index 552637, 553/1000.
Terminated at swamp 0.5.
The last entry of errorHistory is 0.500477 for index 552638, 553/1000.
Terminated at swamp 1.
The last entry of errorHistory is 1.000062 for index 552639, 553/1000.
Terminated at swamp 0.5.
The last entry of errorHistory is 0.500656 for index 552640, 553/1000.
The last entry of errorHistory is 1.000000 for index 552641, 553/1000.
Terminated at swamp 0.5.
The last entry of errorHistory is 0.500558 for index 552642, 553/1000.
The last entry of errorHistory is 0.000016 for index 552643, 553/1000.
Terminated at swamp 0.5.
The last entry of errorHistory is 0.500020 for index 552644, 553/1000.
Terminated at swamp 0.5.
The last entry of errorHistory is 0.500477 for index 552645, 553/1000.
Terminated at swamp 0.5.
The last entry of errorHistory is 0.500443 for index 552646, 553/1000.
The last entry of errorHistory is 1.000000 for index 552647, 553/1000.
Terminated at swamp 0.5.
The last entry of errorHistory is 0.500294 for index 552648, 553/1000.
Terminated at swamp 0.5.
The last entry of errorHistory is 0.500016 for index 552649, 553/1000.
The last entry of errorHistory is 1.500000 for index 552650, 553/1000.
Terminated at swamp 1.
The last entry of errorHistory is 1.000253 for index 552651, 553/1000.
The last entry of errorHistory is 1.000000 for index 552652, 553/1000.
Terminated at swamp 1.
The last entry of errorHistory is 1.000022 for index 552653, 553/1000.
Terminated at swamp 1.
The last entry of errorHistory is 1.000000 for index 552654, 553/1000.
Terminated at swamp 0.5.
The last entry of errorHistory is 0.500325 for index 552655, 553/1000.
The last entry of errorHistory is 0.001955 for index 552656, 553/1000.
Terminated at swamp 0.5.
The last entry of errorHistory is 0.500151 for index 552657, 553/1000.
Terminated at swamp 0.5.
The last entry of errorHistory is 0.500602 for index 552658, 553/1000.
The last entry of errorHistory is 1.000000 for index 552659, 553/1000.
Terminated at swamp 0.5.
The last entry of errorHistory is 0.500348 for index 552660, 553/1000.
The last entry of errorHistory is 0.000007 for index 552661, 553/1000.
Terminated at swamp 0.5.
The last entry of errorHistory is 0.500417 for index 552662, 553/1000.
Terminated at swamp 1.
The last entry of errorHistory is 1.000001 for index 552663, 553/1000.
The last entry of errorHistory is 1.000000 for index 552664, 553/1000.
The last entry of errorHistory is 0.001111 for index 552665, 553/1000.
Terminated at swamp 0.5.
The last entry of errorHistory is 0.500684 for index 552666, 553/1000.
The last entry of errorHistory is 1.000000 for index 552667, 553/1000.
Terminated at swamp 0.5.
The last entry of errorHistory is 0.500293 for index 552668, 553/1000.
Terminated at swamp 0.5.
The last entry of errorHistory is 0.500374 for index 552669, 553/1000.
Terminated at swamp 1.
The last entry of errorHistory is 1.000259 for index 552670, 553/1000.
Terminated at swamp 1.
The last entry of errorHistory is 1.000000 for index 552671, 553/1000.
The last entry of errorHistory is 1.500000 for index 552672, 553/1000.
The last entry of errorHistory is 0.500000 for index 552673, 553/1000.
The last entry of errorHistory is 1.000000 for index 552674, 553/1000.
The last entry of errorHistory is 0.000020 for index 552675, 553/1000.
Terminated at swamp 0.5.
The last entry of errorHistory is 0.500000 for index 552676, 553/1000.
Terminated at swamp 0.5.
The last entry of errorHistory is 0.500471 for index 552677, 553/1000.
Terminated at swamp 0.5.
The last entry of errorHistory is 0.500032 for index 552678, 553/1000.
Terminated at swamp 0.5.
The last entry of errorHistory is 0.500207 for index 552679, 553/1000.
Terminated at swamp 1.
The last entry of errorHistory is 1.000000 for index 552680, 553/1000.
Terminated at swamp 1.
The last entry of errorHistory is 1.000285 for index 552681, 553/1000.
The last entry of errorHistory is 0.000013 for index 552682, 553/1000.
Terminated at swamp 0.5.
The last entry of errorHistory is 0.500444 for index 552683, 553/1000.
Terminated at swamp 0.5.
The last entry of errorHistory is 0.500795 for index 552684, 553/1000.
Terminated at swamp 0.5.
The last entry of errorHistory is 0.500550 for index 552685, 553/1000.
Terminated at swamp 0.5.
The last entry of errorHistory is 0.500435 for index 552686, 553/1000.
Terminated at swamp 1.
The last entry of errorHistory is 1.000215 for index 552687, 553/1000.
The last entry of errorHistory is 1.500000 for index 552688, 553/1000.
The last entry of errorHistory is 0.000264 for index 552689, 553/1000.
The last entry of errorHistory is 0.500000 for index 552690, 553/1000.
The last entry of errorHistory is 1.000000 for index 552691, 553/1000.
The last entry of errorHistory is 1.500000 for index 552692, 553/1000.
Terminated at swamp 0.5.
The last entry of errorHistory is 0.500441 for index 552693, 553/1000.
Terminated at swamp 0.5.
The last entry of errorHistory is 0.500629 for index 552694, 553/1000.
Terminated at swamp 0.5.
The last entry of errorHistory is 0.500420 for index 552695, 553/1000.
Terminated at swamp 0.5.
The last entry of errorHistory is 0.500275 for index 552696, 553/1000.
Terminated at swamp 0.5.
The last entry of errorHistory is 0.500612 for index 552697, 553/1000.
The last entry of errorHistory is 1.500000 for index 552698, 553/1000.
Terminated at swamp 1.
The last entry of errorHistory is 1.000354 for index 552699, 553/1000.
Terminated at swamp 0.5.
The last entry of errorHistory is 0.500267 for index 552700, 553/1000.
The last entry of errorHistory is 1.000000 for index 552701, 553/1000.
Terminated at swamp 0.5.
The last entry of errorHistory is 0.500378 for index 552702, 553/1000.
Terminated at swamp 0.5.
The last entry of errorHistory is 0.500531 for index 552703, 553/1000.
Terminated at swamp 0.5.
The last entry of errorHistory is 0.500026 for index 552704, 553/1000.
Terminated at swamp 0.5.
The last entry of errorHistory is 0.500612 for index 552705, 553/1000.
Terminated at swamp 0.5.
The last entry of errorHistory is 0.500000 for index 552706, 553/1000.
The last entry of errorHistory is 1.000000 for index 552707, 553/1000.
The last entry of errorHistory is 1.000000 for index 552708, 553/1000.
Terminated at swamp 0.5.
The last entry of errorHistory is 0.500150 for index 552709, 553/1000.
Terminated at swamp 0.5.
The last entry of errorHistory is 0.500286 for index 552710, 553/1000.
The last entry of errorHistory is 0.500000 for index 552711, 553/1000.
The last entry of errorHistory is 0.000038 for index 552712, 553/1000.
Terminated at swamp 0.5.
The last entry of errorHistory is 0.500087 for index 552713, 553/1000.
Terminated at swamp 1.5.
The last entry of errorHistory is 1.500000 for index 552714, 553/1000.
Terminated at swamp 0.5.
The last entry of errorHistory is 0.500402 for index 552715, 553/1000.
Terminated at swamp 0.5.
The last entry of errorHistory is 0.500515 for index 552716, 553/1000.
The last entry of errorHistory is 0.500000 for index 552717, 553/1000.
Terminated at swamp 1.
The last entry of errorHistory is 1.000340 for index 552718, 553/1000.
The last entry of errorHistory is 1.500000 for index 552719, 553/1000.
Terminated at swamp 0.5.
The last entry of errorHistory is 0.500572 for index 552720, 553/1000.
The last entry of errorHistory is 0.000019 for index 552721, 553/1000.
Terminated at swamp 1.
The last entry of errorHistory is 1.000302 for index 552722, 553/1000.
Terminated at swamp 0.5.
The last entry of errorHistory is 0.500336 for index 552723, 553/1000.
Terminated at swamp 0.5.
The last entry of errorHistory is 0.500295 for index 552724, 553/1000.
The last entry of errorHistory is 1.000000 for index 552725, 553/1000.
Terminated at swamp 0.5.
The last entry of errorHistory is 0.500462 for index 552726, 553/1000.
Terminated at swamp 0.5.
The last entry of errorHistory is 0.500031 for index 552727, 553/1000.
Terminated at swamp 0.5.
The last entry of errorHistory is 0.500386 for index 552728, 553/1000.
The last entry of errorHistory is 0.000008 for index 552729, 553/1000.
Terminated at swamp 0.5.
The last entry of errorHistory is 0.500048 for index 552730, 553/1000.
The last entry of errorHistory is 0.500000 for index 552731, 553/1000.
Terminated at swamp 0.5.
The last entry of errorHistory is 0.500465 for index 552732, 553/1000.
Terminated at swamp 0.5.
The last entry of errorHistory is 0.500526 for index 552733, 553/1000.
The last entry of errorHistory is 0.500000 for index 552734, 553/1000.
The last entry of errorHistory is 1.500000 for index 552735, 553/1000.
Terminated at swamp 1.
The last entry of errorHistory is 1.000357 for index 552736, 553/1000.
Terminated at swamp 0.5.
The last entry of errorHistory is 0.500659 for index 552737, 553/1000.
Terminated at swamp 1.
The last entry of errorHistory is 1.000016 for index 552738, 553/1000.
Terminated at swamp 0.5.
The last entry of errorHistory is 0.500558 for index 552739, 553/1000.
The last entry of errorHistory is 0.500000 for index 552740, 553/1000.
Terminated at swamp 0.5.
The last entry of errorHistory is 0.500531 for index 552741, 553/1000.
The last entry of errorHistory is 1.000000 for index 552742, 553/1000.
The last entry of errorHistory is 1.500000 for index 552743, 553/1000.
Terminated at swamp 0.5.
The last entry of errorHistory is 0.500467 for index 552744, 553/1000.
Terminated at swamp 0.5.
The last entry of errorHistory is 0.500004 for index 552745, 553/1000.
Terminated at swamp 1.
The last entry of errorHistory is 1.000000 for index 552746, 553/1000.
The last entry of errorHistory is 0.001985 for index 552747, 553/1000.
Terminated at swamp 0.5.
The last entry of errorHistory is 0.500530 for index 552748, 553/1000.
Terminated at swamp 0.5.
The last entry of errorHistory is 0.500478 for index 552749, 553/1000.
Terminated at swamp 0.5.
The last entry of errorHistory is 0.500366 for index 552750, 553/1000.
Terminated at swamp 0.5.
The last entry of errorHistory is 0.500586 for index 552751, 553/1000.
Terminated at swamp 0.5.
The last entry of errorHistory is 0.500517 for index 552752, 553/1000.
Terminated at swamp 0.5.
The last entry of errorHistory is 0.500375 for index 552753, 553/1000.
The last entry of errorHistory is 0.000189 for index 552754, 553/1000.
The last entry of errorHistory is 0.000024 for index 552755, 553/1000.
The last entry of errorHistory is 0.000063 for index 552756, 553/1000.
Terminated at swamp 0.5.
The last entry of errorHistory is 0.500437 for index 552757, 553/1000.
Terminated at swamp 0.5.
The last entry of errorHistory is 0.500036 for index 552758, 553/1000.
The last entry of errorHistory is 0.000554 for index 552759, 553/1000.
Terminated at swamp 0.5.
The last entry of errorHistory is 0.500646 for index 552760, 553/1000.
Terminated at swamp 0.5.
The last entry of errorHistory is 0.500078 for index 552761, 553/1000.
The last entry of errorHistory is 0.000009 for index 552762, 553/1000.
The last entry of errorHistory is 0.000013 for index 552763, 553/1000.
Terminated at swamp 0.5.
The last entry of errorHistory is 0.500613 for index 552764, 553/1000.
The last entry of errorHistory is 0.500000 for index 552765, 553/1000.
The last entry of errorHistory is 1.000000 for index 552766, 553/1000.
Terminated at swamp 0.5.
The last entry of errorHistory is 0.500331 for index 552767, 553/1000.
Terminated at swamp 0.5.
The last entry of errorHistory is 0.500403 for index 552768, 553/1000.
The last entry of errorHistory is 1.000000 for index 552769, 553/1000.
Terminated at swamp 0.5.
The last entry of errorHistory is 0.500307 for index 552770, 553/1000.
Terminated at swamp 0.5.
The last entry of errorHistory is 0.500213 for index 552771, 553/1000.
Terminated at swamp 0.5.
The last entry of errorHistory is 0.500669 for index 552772, 553/1000.
Terminated at swamp 0.5.
The last entry of errorHistory is 0.500203 for index 552773, 553/1000.
The last entry of errorHistory is 0.000738 for index 552774, 553/1000.
The last entry of errorHistory is 0.500000 for index 552775, 553/1000.
The last entry of errorHistory is 0.500000 for index 552776, 553/1000.
The last entry of errorHistory is 0.500000 for index 552777, 553/1000.
The last entry of errorHistory is 1.000000 for index 552778, 553/1000.
Terminated at swamp 0.5.
The last entry of errorHistory is 0.500729 for index 552779, 553/1000.
Terminated at swamp 0.5.
The last entry of errorHistory is 0.500356 for index 552780, 553/1000.
The last entry of errorHistory is 0.000063 for index 552781, 553/1000.
The last entry of errorHistory is 1.000000 for index 552782, 553/1000.
Terminated at swamp 0.5.
The last entry of errorHistory is 0.500015 for index 552783, 553/1000.
Terminated at swamp 0.5.
The last entry of errorHistory is 0.500268 for index 552784, 553/1000.
The last entry of errorHistory is 1.000000 for index 552785, 553/1000.
Terminated at swamp 0.5.
The last entry of errorHistory is 0.500530 for index 552786, 553/1000.
The last entry of errorHistory is 1.500000 for index 552787, 553/1000.
The last entry of errorHistory is 1.000000 for index 552788, 553/1000.
Terminated at swamp 1.
The last entry of errorHistory is 1.000150 for index 552789, 553/1000.
Terminated at swamp 0.5.
The last entry of errorHistory is 0.500456 for index 552790, 553/1000.
The last entry of errorHistory is 0.503631 for index 552791, 553/1000.
Terminated at swamp 0.5.
The last entry of errorHistory is 0.500518 for index 552792, 553/1000.
Terminated at swamp 0.5.
The last entry of errorHistory is 0.500732 for index 552793, 553/1000.
Terminated at swamp 1.
The last entry of errorHistory is 1.000224 for index 552794, 553/1000.
Terminated at swamp 0.5.
The last entry of errorHistory is 0.500653 for index 552795, 553/1000.
The last entry of errorHistory is 0.500000 for index 552796, 553/1000.
Terminated at swamp 1.
The last entry of errorHistory is 1.000000 for index 552797, 553/1000.
Terminated at swamp 0.5.
The last entry of errorHistory is 0.500388 for index 552798, 553/1000.
Terminated at swamp 0.5.
The last entry of errorHistory is 0.500394 for index 552799, 553/1000.
The last entry of errorHistory is 0.500000 for index 552800, 553/1000.
The last entry of errorHistory is 0.500000 for index 552801, 553/1000.
Terminated at swamp 0.5.
The last entry of errorHistory is 0.500542 for index 552802, 553/1000.
Terminated at swamp 1.
The last entry of errorHistory is 1.000001 for index 552803, 553/1000.
The last entry of errorHistory is 1.000000 for index 552804, 553/1000.
Terminated at swamp 0.5.
The last entry of errorHistory is 0.500061 for index 552805, 553/1000.
The last entry of errorHistory is 1.500000 for index 552806, 553/1000.
Terminated at swamp 0.5.
The last entry of errorHistory is 0.500063 for index 552807, 553/1000.
Terminated at swamp 0.5.
The last entry of errorHistory is 0.500442 for index 552808, 553/1000.
Terminated at swamp 1.
The last entry of errorHistory is 1.000194 for index 552809, 553/1000.
Terminated at swamp 1.
The last entry of errorHistory is 1.000436 for index 552810, 553/1000.
The last entry of errorHistory is 1.000000 for index 552811, 553/1000.
Terminated at swamp 1.
The last entry of errorHistory is 1.000458 for index 552812, 553/1000.
The last entry of errorHistory is 0.000305 for index 552813, 553/1000.
Terminated at swamp 0.5.
The last entry of errorHistory is 0.500149 for index 552814, 553/1000.
Terminated at swamp 0.5.
The last entry of errorHistory is 0.500509 for index 552815, 553/1000.
Terminated at swamp 0.5.
The last entry of errorHistory is 0.500502 for index 552816, 553/1000.
The last entry of errorHistory is 0.001028 for index 552817, 553/1000.
Terminated at swamp 1.
The last entry of errorHistory is 1.000000 for index 552818, 553/1000.
The last entry of errorHistory is 0.000099 for index 552819, 553/1000.
The last entry of errorHistory is 1.500000 for index 552820, 553/1000.
Terminated at swamp 0.5.
The last entry of errorHistory is 0.500061 for index 552821, 553/1000.
Terminated at swamp 0.5.
The last entry of errorHistory is 0.500487 for index 552822, 553/1000.
Terminated at swamp 0.5.
The last entry of errorHistory is 0.500501 for index 552823, 553/1000.
Terminated at swamp 0.5.
The last entry of errorHistory is 0.500429 for index 552824, 553/1000.
Terminated at swamp 1.
The last entry of errorHistory is 1.000103 for index 552825, 553/1000.
Terminated at swamp 0.5.
The last entry of errorHistory is 0.500289 for index 552826, 553/1000.
Terminated at swamp 0.5.
The last entry of errorHistory is 0.500590 for index 552827, 553/1000.
Terminated at swamp 1.
The last entry of errorHistory is 1.000099 for index 552828, 553/1000.
The last entry of errorHistory is 1.500000 for index 552829, 553/1000.
The last entry of errorHistory is 1.000000 for index 552830, 553/1000.
Terminated at swamp 1.
The last entry of errorHistory is 1.000312 for index 552831, 553/1000.
The last entry of errorHistory is 1.000000 for index 552832, 553/1000.
The last entry of errorHistory is 1.000000 for index 552833, 553/1000.
Terminated at swamp 0.5.
The last entry of errorHistory is 0.500534 for index 552834, 553/1000.
The last entry of errorHistory is 1.500000 for index 552835, 553/1000.
The last entry of errorHistory is 1.000000 for index 552836, 553/1000.
Terminated at swamp 1.
The last entry of errorHistory is 1.000330 for index 552837, 553/1000.
Terminated at swamp 0.5.
The last entry of errorHistory is 0.500361 for index 552838, 553/1000.
The last entry of errorHistory is 0.000014 for index 552839, 553/1000.
Terminated at swamp 0.5.
The last entry of errorHistory is 0.500082 for index 552840, 553/1000.
The last entry of errorHistory is 0.500000 for index 552841, 553/1000.
Terminated at swamp 0.5.
The last entry of errorHistory is 0.500403 for index 552842, 553/1000.
Terminated at swamp 0.5.
The last entry of errorHistory is 0.500411 for index 552843, 553/1000.
The last entry of errorHistory is 1.000000 for index 552844, 553/1000.
Terminated at swamp 0.5.
The last entry of errorHistory is 0.500020 for index 552845, 553/1000.
The last entry of errorHistory is 0.000015 for index 552846, 553/1000.
The last entry of errorHistory is 0.000016 for index 552847, 553/1000.
The last entry of errorHistory is 1.000000 for index 552848, 553/1000.
The last entry of errorHistory is 0.000918 for index 552849, 553/1000.
The last entry of errorHistory is 0.000018 for index 552850, 553/1000.
Terminated at swamp 0.5.
The last entry of errorHistory is 0.500044 for index 552851, 553/1000.
Terminated at swamp 0.5.
The last entry of errorHistory is 0.500459 for index 552852, 553/1000.
Terminated at swamp 1.
The last entry of errorHistory is 1.000001 for index 552853, 553/1000.
The last entry of errorHistory is 0.500000 for index 552854, 553/1000.
The last entry of errorHistory is 1.000000 for index 552855, 553/1000.
Terminated at swamp 1.
The last entry of errorHistory is 1.000469 for index 552856, 553/1000.
Terminated at swamp 0.5.
The last entry of errorHistory is 0.500596 for index 552857, 553/1000.
The last entry of errorHistory is 1.000000 for index 552858, 553/1000.
Terminated at swamp 0.5.
The last entry of errorHistory is 0.500459 for index 552859, 553/1000.
Terminated at swamp 1.
The last entry of errorHistory is 1.000354 for index 552860, 553/1000.
Terminated at swamp 0.5.
The last entry of errorHistory is 0.500120 for index 552861, 553/1000.
Terminated at swamp 0.5.
The last entry of errorHistory is 0.500139 for index 552862, 553/1000.
The last entry of errorHistory is 1.000000 for index 552863, 553/1000.
The last entry of errorHistory is 0.000014 for index 552864, 553/1000.
The last entry of errorHistory is 1.000000 for index 552865, 553/1000.
Terminated at swamp 0.5.
The last entry of errorHistory is 0.500310 for index 552866, 553/1000.
Terminated at swamp 1.
The last entry of errorHistory is 1.000002 for index 552867, 553/1000.
Terminated at swamp 1.
The last entry of errorHistory is 1.000046 for index 552868, 553/1000.
The last entry of errorHistory is 1.000000 for index 552869, 553/1000.
The last entry of errorHistory is 0.000047 for index 552870, 553/1000.
The last entry of errorHistory is 1.000000 for index 552871, 553/1000.
The last entry of errorHistory is 0.000036 for index 552872, 553/1000.
Terminated at swamp 1.
The last entry of errorHistory is 1.000129 for index 552873, 553/1000.
Terminated at swamp 1.
The last entry of errorHistory is 1.000000 for index 552874, 553/1000.
Terminated at swamp 0.5.
The last entry of errorHistory is 0.500474 for index 552875, 553/1000.
Terminated at swamp 0.5.
The last entry of errorHistory is 0.500436 for index 552876, 553/1000.
Terminated at swamp 0.5.
The last entry of errorHistory is 0.500748 for index 552877, 553/1000.
Terminated at swamp 1.5.
The last entry of errorHistory is 1.500000 for index 552878, 553/1000.
The last entry of errorHistory is 0.000698 for index 552879, 553/1000.
Terminated at swamp 1.
The last entry of errorHistory is 1.000000 for index 552880, 553/1000.
The last entry of errorHistory is 0.500000 for index 552881, 553/1000.
Terminated at swamp 0.5.
The last entry of errorHistory is 0.500948 for index 552882, 553/1000.
Terminated at swamp 0.5.
The last entry of errorHistory is 0.500587 for index 552883, 553/1000.
Terminated at swamp 0.5.
The last entry of errorHistory is 0.500489 for index 552884, 553/1000.
Terminated at swamp 1.
The last entry of errorHistory is 1.000182 for index 552885, 553/1000.
Terminated at swamp 1.
The last entry of errorHistory is 1.000502 for index 552886, 553/1000.
The last entry of errorHistory is 1.000000 for index 552887, 553/1000.
Terminated at swamp 0.5.
The last entry of errorHistory is 0.500696 for index 552888, 553/1000.
The last entry of errorHistory is 1.000000 for index 552889, 553/1000.
Terminated at swamp 0.5.
The last entry of errorHistory is 0.500175 for index 552890, 553/1000.
The last entry of errorHistory is 0.500000 for index 552891, 553/1000.
Terminated at swamp 0.5.
The last entry of errorHistory is 0.500600 for index 552892, 553/1000.
The last entry of errorHistory is 1.000000 for index 552893, 553/1000.
The last entry of errorHistory is 0.000020 for index 552894, 553/1000.
Terminated at swamp 0.5.
The last entry of errorHistory is 0.500325 for index 552895, 553/1000.
Terminated at swamp 1.
The last entry of errorHistory is 1.000000 for index 552896, 553/1000.
The last entry of errorHistory is 1.000000 for index 552897, 553/1000.
Terminated at swamp 1.
The last entry of errorHistory is 1.000617 for index 552898, 553/1000.
The last entry of errorHistory is 0.500000 for index 552899, 553/1000.
Terminated at swamp 0.5.
The last entry of errorHistory is 0.500103 for index 552900, 553/1000.
Terminated at swamp 0.5.
The last entry of errorHistory is 0.500677 for index 552901, 553/1000.
Terminated at swamp 0.5.
The last entry of errorHistory is 0.500638 for index 552902, 553/1000.
Terminated at swamp 0.5.
The last entry of errorHistory is 0.500358 for index 552903, 553/1000.
Terminated at swamp 0.5.
The last entry of errorHistory is 0.500068 for index 552904, 553/1000.
Terminated at swamp 0.5.
The last entry of errorHistory is 0.500157 for index 552905, 553/1000.
Terminated at swamp 0.5.
The last entry of errorHistory is 0.500719 for index 552906, 553/1000.
The last entry of errorHistory is 0.000016 for index 552907, 553/1000.
Terminated at swamp 1.
The last entry of errorHistory is 1.000061 for index 552908, 553/1000.
Terminated at swamp 0.5.
The last entry of errorHistory is 0.500608 for index 552909, 553/1000.
Terminated at swamp 1.
The last entry of errorHistory is 1.000357 for index 552910, 553/1000.
The last entry of errorHistory is 1.500000 for index 552911, 553/1000.
Terminated at swamp 0.5.
The last entry of errorHistory is 0.500420 for index 552912, 553/1000.
The last entry of errorHistory is 0.500000 for index 552913, 553/1000.
Terminated at swamp 0.5.
The last entry of errorHistory is 0.500368 for index 552914, 553/1000.
Terminated at swamp 0.5.
The last entry of errorHistory is 0.500371 for index 552915, 553/1000.
The last entry of errorHistory is 0.000060 for index 552916, 553/1000.
Terminated at swamp 0.5.
The last entry of errorHistory is 0.500333 for index 552917, 553/1000.
The last entry of errorHistory is 1.000000 for index 552918, 553/1000.
Terminated at swamp 0.5.
The last entry of errorHistory is 0.500613 for index 552919, 553/1000.
Terminated at swamp 1.
The last entry of errorHistory is 1.000491 for index 552920, 553/1000.
Terminated at swamp 0.5.
The last entry of errorHistory is 0.500034 for index 552921, 553/1000.
Terminated at swamp 0.5.
The last entry of errorHistory is 0.499997 for index 552922, 553/1000.
Terminated at swamp 0.5.
The last entry of errorHistory is 0.500257 for index 552923, 553/1000.
Terminated at swamp 1.
The last entry of errorHistory is 1.000452 for index 552924, 553/1000.
Terminated at swamp 1.
The last entry of errorHistory is 1.000359 for index 552925, 553/1000.
Terminated at swamp 0.5.
The last entry of errorHistory is 0.500003 for index 552926, 553/1000.
The last entry of errorHistory is 0.500000 for index 552927, 553/1000.
Terminated at swamp 0.5.
The last entry of errorHistory is 0.500561 for index 552928, 553/1000.
The last entry of errorHistory is 0.500000 for index 552929, 553/1000.
Terminated at swamp 0.5.
The last entry of errorHistory is 0.500360 for index 552930, 553/1000.
Terminated at swamp 0.5.
The last entry of errorHistory is 0.500910 for index 552931, 553/1000.
The last entry of errorHistory is 0.000013 for index 552932, 553/1000.
The last entry of errorHistory is 1.500000 for index 552933, 553/1000.
Terminated at swamp 0.5.
The last entry of errorHistory is 0.500422 for index 552934, 553/1000.
Terminated at swamp 0.5.
The last entry of errorHistory is 0.500445 for index 552935, 553/1000.
Terminated at swamp 0.5.
The last entry of errorHistory is 0.500677 for index 552936, 553/1000.
The last entry of errorHistory is 1.000000 for index 552937, 553/1000.
The last entry of errorHistory is 0.000048 for index 552938, 553/1000.
The last entry of errorHistory is 1.000000 for index 552939, 553/1000.
The last entry of errorHistory is 0.000035 for index 552940, 553/1000.
The last entry of errorHistory is 1.000000 for index 552941, 553/1000.
The last entry of errorHistory is 0.000072 for index 552942, 553/1000.
The last entry of errorHistory is 0.000018 for index 552943, 553/1000.
Terminated at swamp 1.
The last entry of errorHistory is 1.000000 for index 552944, 553/1000.
The last entry of errorHistory is 1.000000 for index 552945, 553/1000.
The last entry of errorHistory is 0.500000 for index 552946, 553/1000.
Terminated at swamp 0.5.
The last entry of errorHistory is 0.500397 for index 552947, 553/1000.
The last entry of errorHistory is 1.000000 for index 552948, 553/1000.
The last entry of errorHistory is 1.500000 for index 552949, 553/1000.
Terminated at swamp 0.5.
The last entry of errorHistory is 0.500733 for index 552950, 553/1000.
The last entry of errorHistory is 0.500000 for index 552951, 553/1000.
Terminated at swamp 0.5.
The last entry of errorHistory is 0.500001 for index 552952, 553/1000.
Terminated at swamp 0.5.
The last entry of errorHistory is 0.500047 for index 552953, 553/1000.
The last entry of errorHistory is 0.503263 for index 552954, 553/1000.
The last entry of errorHistory is 1.000000 for index 552955, 553/1000.
Terminated at swamp 0.5.
The last entry of errorHistory is 0.500199 for index 552956, 553/1000.
Terminated at swamp 0.5.
The last entry of errorHistory is 0.500374 for index 552957, 553/1000.
The last entry of errorHistory is 1.000000 for index 552958, 553/1000.
Terminated at swamp 1.
The last entry of errorHistory is 1.000000 for index 552959, 553/1000.
The last entry of errorHistory is 0.000013 for index 552960, 553/1000.
Terminated at swamp 0.5.
The last entry of errorHistory is 0.500224 for index 552961, 553/1000.
The last entry of errorHistory is 1.000000 for index 552962, 553/1000.
Terminated at swamp 0.5.
The last entry of errorHistory is 0.500112 for index 552963, 553/1000.
The last entry of errorHistory is 1.000000 for index 552964, 553/1000.
The last entry of errorHistory is 0.000048 for index 552965, 553/1000.
Terminated at swamp 1.
The last entry of errorHistory is 1.000317 for index 552966, 553/1000.
Terminated at swamp 1.
The last entry of errorHistory is 1.000457 for index 552967, 553/1000.
The last entry of errorHistory is 0.500000 for index 552968, 553/1000.
The last entry of errorHistory is 1.000000 for index 552969, 553/1000.
Terminated at swamp 0.5.
The last entry of errorHistory is 0.500067 for index 552970, 553/1000.
The last entry of errorHistory is 0.000817 for index 552971, 553/1000.
The last entry of errorHistory is 0.000550 for index 552972, 553/1000.
Terminated at swamp 0.5.
The last entry of errorHistory is 0.500408 for index 552973, 553/1000.
The last entry of errorHistory is 0.002731 for index 552974, 553/1000.
Terminated at swamp 1.
The last entry of errorHistory is 1.000000 for index 552975, 553/1000.
Terminated at swamp 0.5.
The last entry of errorHistory is 0.500637 for index 552976, 553/1000.
Terminated at swamp 1.
The last entry of errorHistory is 1.000449 for index 552977, 553/1000.
Terminated at swamp 1.
The last entry of errorHistory is 1.000385 for index 552978, 553/1000.
Terminated at swamp 1.
The last entry of errorHistory is 1.000003 for index 552979, 553/1000.
Terminated at swamp 0.5.
The last entry of errorHistory is 0.500575 for index 552980, 553/1000.
The last entry of errorHistory is 0.000014 for index 552981, 553/1000.
Terminated at swamp 0.5.
The last entry of errorHistory is 0.500000 for index 552982, 553/1000.
Terminated at swamp 0.5.
The last entry of errorHistory is 0.500542 for index 552983, 553/1000.
Terminated at swamp 0.5.
The last entry of errorHistory is 0.500466 for index 552984, 553/1000.
Terminated at swamp 0.5.
The last entry of errorHistory is 0.500532 for index 552985, 553/1000.
Terminated at swamp 0.5.
The last entry of errorHistory is 0.500083 for index 552986, 553/1000.
Terminated at swamp 0.5.
The last entry of errorHistory is 0.500499 for index 552987, 553/1000.
Terminated at swamp 0.5.
The last entry of errorHistory is 0.500655 for index 552988, 553/1000.
Terminated at swamp 1.
The last entry of errorHistory is 1.000024 for index 552989, 553/1000.
Terminated at swamp 0.5.
The last entry of errorHistory is 0.500314 for index 552990, 553/1000.
The last entry of errorHistory is 0.002824 for index 552991, 553/1000.
Terminated at swamp 0.5.
The last entry of errorHistory is 0.500296 for index 552992, 553/1000.
The last entry of errorHistory is 0.000349 for index 552993, 553/1000.
Terminated at swamp 0.5.
The last entry of errorHistory is 0.500496 for index 552994, 553/1000.
Terminated at swamp 0.5.
The last entry of errorHistory is 0.500001 for index 552995, 553/1000.
The last entry of errorHistory is 1.000000 for index 552996, 553/1000.
Terminated at swamp 0.5.
The last entry of errorHistory is 0.500342 for index 552997, 553/1000.
The last entry of errorHistory is 1.000000 for index 552998, 553/1000.
Terminated at swamp 1.
The last entry of errorHistory is 1.000062 for index 552999, 553/1000.
Terminated at swamp 1.
The last entry of errorHistory is 1.000000 for index 553000, 553/1000.
