
                            < M A T L A B (R) >
                  Copyright 1984-2018 The MathWorks, Inc.
                   R2018b (9.5.0.944444) 64-bit (glnxa64)
                              August 28, 2018

 
To get started, type doc.
For product information, visit www.mathworks.com.
 
The last entry of errorHistory is 1.000000 for index 606001, 607/1000.
Terminated at swamp 0.5.
The last entry of errorHistory is 0.500446 for index 606002, 607/1000.
The last entry of errorHistory is 0.000052 for index 606003, 607/1000.
Terminated at swamp 0.5.
The last entry of errorHistory is 0.500002 for index 606004, 607/1000.
Terminated at swamp 0.5.
The last entry of errorHistory is 0.500003 for index 606005, 607/1000.
Terminated at swamp 0.5.
The last entry of errorHistory is 0.500364 for index 606006, 607/1000.
Terminated at swamp 1.
The last entry of errorHistory is 1.000010 for index 606007, 607/1000.
The last entry of errorHistory is 0.000018 for index 606008, 607/1000.
Terminated at swamp 1.
The last entry of errorHistory is 1.000028 for index 606009, 607/1000.
Terminated at swamp 1.
The last entry of errorHistory is 1.000408 for index 606010, 607/1000.
Terminated at swamp 0.5.
The last entry of errorHistory is 0.500391 for index 606011, 607/1000.
Terminated at swamp 0.5.
The last entry of errorHistory is 0.500651 for index 606012, 607/1000.
Terminated at swamp 0.5.
The last entry of errorHistory is 0.500348 for index 606013, 607/1000.
Terminated at swamp 0.5.
The last entry of errorHistory is 0.500023 for index 606014, 607/1000.
The last entry of errorHistory is 0.000014 for index 606015, 607/1000.
Terminated at swamp 0.5.
The last entry of errorHistory is 0.500356 for index 606016, 607/1000.
Terminated at swamp 0.5.
The last entry of errorHistory is 0.500050 for index 606017, 607/1000.
Terminated at swamp 1.
The last entry of errorHistory is 1.000236 for index 606018, 607/1000.
Terminated at swamp 0.5.
The last entry of errorHistory is 0.500371 for index 606019, 607/1000.
The last entry of errorHistory is 0.000018 for index 606020, 607/1000.
Terminated at swamp 1.
The last entry of errorHistory is 1.000021 for index 606021, 607/1000.
Terminated at swamp 0.5.
The last entry of errorHistory is 0.500259 for index 606022, 607/1000.
Terminated at swamp 0.5.
The last entry of errorHistory is 0.500409 for index 606023, 607/1000.
Terminated at swamp 0.5.
The last entry of errorHistory is 0.500565 for index 606024, 607/1000.
Terminated at swamp 0.5.
The last entry of errorHistory is 0.500068 for index 606025, 607/1000.
Terminated at swamp 0.5.
The last entry of errorHistory is 0.500269 for index 606026, 607/1000.
Terminated at swamp 0.5.
The last entry of errorHistory is 0.500530 for index 606027, 607/1000.
The last entry of errorHistory is 1.000000 for index 606028, 607/1000.
The last entry of errorHistory is 1.000000 for index 606029, 607/1000.
Terminated at swamp 0.5.
The last entry of errorHistory is 0.500133 for index 606030, 607/1000.
Terminated at swamp 0.5.
The last entry of errorHistory is 0.500491 for index 606031, 607/1000.
The last entry of errorHistory is 1.000000 for index 606032, 607/1000.
Terminated at swamp 1.5.
The last entry of errorHistory is 1.500357 for index 606033, 607/1000.
Terminated at swamp 0.5.
The last entry of errorHistory is 0.500539 for index 606034, 607/1000.
Terminated at swamp 0.5.
The last entry of errorHistory is 0.500285 for index 606035, 607/1000.
The last entry of errorHistory is 0.500000 for index 606036, 607/1000.
Terminated at swamp 0.5.
The last entry of errorHistory is 0.500492 for index 606037, 607/1000.
The last entry of errorHistory is 0.000024 for index 606038, 607/1000.
Terminated at swamp 0.5.
The last entry of errorHistory is 0.500573 for index 606039, 607/1000.
The last entry of errorHistory is 0.000012 for index 606040, 607/1000.
Terminated at swamp 0.5.
The last entry of errorHistory is 0.500370 for index 606041, 607/1000.
Terminated at swamp 0.5.
The last entry of errorHistory is 0.499029 for index 606042, 607/1000.
The last entry of errorHistory is 1.000000 for index 606043, 607/1000.
Terminated at swamp 0.5.
The last entry of errorHistory is 0.500600 for index 606044, 607/1000.
The last entry of errorHistory is 0.000868 for index 606045, 607/1000.
Terminated at swamp 0.5.
The last entry of errorHistory is 0.500379 for index 606046, 607/1000.
Terminated at swamp 0.5.
The last entry of errorHistory is 0.500266 for index 606047, 607/1000.
Terminated at swamp 1.
The last entry of errorHistory is 1.000276 for index 606048, 607/1000.
Terminated at swamp 0.5.
The last entry of errorHistory is 0.500376 for index 606049, 607/1000.
The last entry of errorHistory is 1.000000 for index 606050, 607/1000.
Terminated at swamp 1.
The last entry of errorHistory is 1.000015 for index 606051, 607/1000.
Terminated at swamp 0.5.
The last entry of errorHistory is 0.500679 for index 606052, 607/1000.
The last entry of errorHistory is 0.000018 for index 606053, 607/1000.
The last entry of errorHistory is 1.000000 for index 606054, 607/1000.
Terminated at swamp 0.5.
The last entry of errorHistory is 0.500452 for index 606055, 607/1000.
Terminated at swamp 0.5.
The last entry of errorHistory is 0.499967 for index 606056, 607/1000.
Terminated at swamp 0.5.
The last entry of errorHistory is 0.500146 for index 606057, 607/1000.
The last entry of errorHistory is 1.000000 for index 606058, 607/1000.
Terminated at swamp 1.
The last entry of errorHistory is 1.000000 for index 606059, 607/1000.
Terminated at swamp 0.5.
The last entry of errorHistory is 0.500228 for index 606060, 607/1000.
Terminated at swamp 0.5.
The last entry of errorHistory is 0.500375 for index 606061, 607/1000.
Terminated at swamp 0.5.
The last entry of errorHistory is 0.500001 for index 606062, 607/1000.
The last entry of errorHistory is 0.500000 for index 606063, 607/1000.
Terminated at swamp 1.
The last entry of errorHistory is 1.000412 for index 606064, 607/1000.
The last entry of errorHistory is 1.000000 for index 606065, 607/1000.
Terminated at swamp 0.5.
The last entry of errorHistory is 0.500449 for index 606066, 607/1000.
The last entry of errorHistory is 1.000000 for index 606067, 607/1000.
The last entry of errorHistory is 0.500000 for index 606068, 607/1000.
Terminated at swamp 0.5.
The last entry of errorHistory is 0.500329 for index 606069, 607/1000.
The last entry of errorHistory is 1.000000 for index 606070, 607/1000.
Terminated at swamp 0.5.
The last entry of errorHistory is 0.500721 for index 606071, 607/1000.
Terminated at swamp 0.5.
The last entry of errorHistory is 0.500625 for index 606072, 607/1000.
The last entry of errorHistory is 0.000021 for index 606073, 607/1000.
Terminated at swamp 0.5.
The last entry of errorHistory is 0.500352 for index 606074, 607/1000.
Terminated at swamp 0.5.
The last entry of errorHistory is 0.500551 for index 606075, 607/1000.
Terminated at swamp 0.5.
The last entry of errorHistory is 0.500869 for index 606076, 607/1000.
Terminated at swamp 0.5.
The last entry of errorHistory is 0.500504 for index 606077, 607/1000.
Terminated at swamp 0.5.
The last entry of errorHistory is 0.500444 for index 606078, 607/1000.
The last entry of errorHistory is 0.000068 for index 606079, 607/1000.
Terminated at swamp 0.5.
The last entry of errorHistory is 0.500327 for index 606080, 607/1000.
Terminated at swamp 0.5.
The last entry of errorHistory is 0.500364 for index 606081, 607/1000.
Terminated at swamp 0.5.
The last entry of errorHistory is 0.500541 for index 606082, 607/1000.
Terminated at swamp 0.5.
The last entry of errorHistory is 0.500341 for index 606083, 607/1000.
The last entry of errorHistory is 0.500000 for index 606084, 607/1000.
Terminated at swamp 0.5.
The last entry of errorHistory is 0.500464 for index 606085, 607/1000.
The last entry of errorHistory is 1.000000 for index 606086, 607/1000.
Terminated at swamp 0.5.
The last entry of errorHistory is 0.500295 for index 606087, 607/1000.
Terminated at swamp 1.
The last entry of errorHistory is 1.000145 for index 606088, 607/1000.
Terminated at swamp 0.5.
The last entry of errorHistory is 0.500328 for index 606089, 607/1000.
The last entry of errorHistory is 1.000000 for index 606090, 607/1000.
The last entry of errorHistory is 1.000000 for index 606091, 607/1000.
Terminated at swamp 0.5.
The last entry of errorHistory is 0.500059 for index 606092, 607/1000.
Terminated at swamp 0.5.
The last entry of errorHistory is 0.500261 for index 606093, 607/1000.
The last entry of errorHistory is 0.000300 for index 606094, 607/1000.
Terminated at swamp 0.5.
The last entry of errorHistory is 0.500355 for index 606095, 607/1000.
The last entry of errorHistory is 0.000017 for index 606096, 607/1000.
Terminated at swamp 0.5.
The last entry of errorHistory is 0.500298 for index 606097, 607/1000.
Terminated at swamp 1.
The last entry of errorHistory is 1.000085 for index 606098, 607/1000.
Terminated at swamp 1.
The last entry of errorHistory is 1.000085 for index 606099, 607/1000.
The last entry of errorHistory is 0.000016 for index 606100, 607/1000.
The last entry of errorHistory is 1.000000 for index 606101, 607/1000.
The last entry of errorHistory is 0.500000 for index 606102, 607/1000.
Terminated at swamp 0.5.
The last entry of errorHistory is 0.500465 for index 606103, 607/1000.
The last entry of errorHistory is 0.500000 for index 606104, 607/1000.
Terminated at swamp 1.
The last entry of errorHistory is 1.000000 for index 606105, 607/1000.
Terminated at swamp 0.5.
The last entry of errorHistory is 0.500484 for index 606106, 607/1000.
Terminated at swamp 0.5.
The last entry of errorHistory is 0.500626 for index 606107, 607/1000.
Terminated at swamp 0.5.
The last entry of errorHistory is 0.500291 for index 606108, 607/1000.
Terminated at swamp 0.5.
The last entry of errorHistory is 0.500251 for index 606109, 607/1000.
The last entry of errorHistory is 1.000000 for index 606110, 607/1000.
Terminated at swamp 1.
The last entry of errorHistory is 1.000000 for index 606111, 607/1000.
Terminated at swamp 0.5.
The last entry of errorHistory is 0.500459 for index 606112, 607/1000.
Terminated at swamp 0.5.
The last entry of errorHistory is 0.500508 for index 606113, 607/1000.
Terminated at swamp 0.5.
The last entry of errorHistory is 0.500040 for index 606114, 607/1000.
Terminated at swamp 1.
The last entry of errorHistory is 1.000203 for index 606115, 607/1000.
Terminated at swamp 0.5.
The last entry of errorHistory is 0.500506 for index 606116, 607/1000.
Terminated at swamp 0.5.
The last entry of errorHistory is 0.500324 for index 606117, 607/1000.
The last entry of errorHistory is 0.500000 for index 606118, 607/1000.
Terminated at swamp 0.5.
The last entry of errorHistory is 0.500652 for index 606119, 607/1000.
Terminated at swamp 0.5.
The last entry of errorHistory is 0.500001 for index 606120, 607/1000.
Terminated at swamp 0.5.
The last entry of errorHistory is 0.500164 for index 606121, 607/1000.
Terminated at swamp 0.5.
The last entry of errorHistory is 0.500360 for index 606122, 607/1000.
Terminated at swamp 1.
The last entry of errorHistory is 1.000002 for index 606123, 607/1000.
Terminated at swamp 1.
The last entry of errorHistory is 1.000125 for index 606124, 607/1000.
Terminated at swamp 0.5.
The last entry of errorHistory is 0.500044 for index 606125, 607/1000.
Terminated at swamp 1.
The last entry of errorHistory is 1.000320 for index 606126, 607/1000.
The last entry of errorHistory is 0.000147 for index 606127, 607/1000.
The last entry of errorHistory is 1.000000 for index 606128, 607/1000.
The last entry of errorHistory is 1.000000 for index 606129, 607/1000.
The last entry of errorHistory is 1.000000 for index 606130, 607/1000.
Terminated at swamp 0.5.
The last entry of errorHistory is 0.500740 for index 606131, 607/1000.
The last entry of errorHistory is 0.000923 for index 606132, 607/1000.
Terminated at swamp 1.
The last entry of errorHistory is 1.000000 for index 606133, 607/1000.
The last entry of errorHistory is 1.000000 for index 606134, 607/1000.
The last entry of errorHistory is 1.000000 for index 606135, 607/1000.
The last entry of errorHistory is 0.500000 for index 606136, 607/1000.
The last entry of errorHistory is 1.000000 for index 606137, 607/1000.
The last entry of errorHistory is 1.000000 for index 606138, 607/1000.
Terminated at swamp 1.
The last entry of errorHistory is 1.000275 for index 606139, 607/1000.
Terminated at swamp 0.5.
The last entry of errorHistory is 0.500464 for index 606140, 607/1000.
Terminated at swamp 1.
The last entry of errorHistory is 1.000011 for index 606141, 607/1000.
Terminated at swamp 0.5.
The last entry of errorHistory is 0.500540 for index 606142, 607/1000.
Terminated at swamp 1.
The last entry of errorHistory is 1.000346 for index 606143, 607/1000.
Terminated at swamp 0.5.
The last entry of errorHistory is 0.500260 for index 606144, 607/1000.
Terminated at swamp 0.5.
The last entry of errorHistory is 0.500253 for index 606145, 607/1000.
The last entry of errorHistory is 0.000055 for index 606146, 607/1000.
Terminated at swamp 0.5.
The last entry of errorHistory is 0.500032 for index 606147, 607/1000.
Terminated at swamp 0.5.
The last entry of errorHistory is 0.500592 for index 606148, 607/1000.
The last entry of errorHistory is 1.000000 for index 606149, 607/1000.
Terminated at swamp 0.5.
The last entry of errorHistory is 0.500796 for index 606150, 607/1000.
Terminated at swamp 1.
The last entry of errorHistory is 1.000000 for index 606151, 607/1000.
Terminated at swamp 1.
The last entry of errorHistory is 1.000016 for index 606152, 607/1000.
Terminated at swamp 1.
The last entry of errorHistory is 1.000262 for index 606153, 607/1000.
Terminated at swamp 1.
The last entry of errorHistory is 1.000318 for index 606154, 607/1000.
Terminated at swamp 0.5.
The last entry of errorHistory is 0.500301 for index 606155, 607/1000.
Terminated at swamp 1.
The last entry of errorHistory is 1.000432 for index 606156, 607/1000.
The last entry of errorHistory is 1.000000 for index 606157, 607/1000.
Terminated at swamp 0.5.
The last entry of errorHistory is 0.500451 for index 606158, 607/1000.
Terminated at swamp 0.5.
The last entry of errorHistory is 0.500152 for index 606159, 607/1000.
Terminated at swamp 0.5.
The last entry of errorHistory is 0.500403 for index 606160, 607/1000.
Terminated at swamp 0.5.
The last entry of errorHistory is 0.500142 for index 606161, 607/1000.
Terminated at swamp 0.5.
The last entry of errorHistory is 0.500328 for index 606162, 607/1000.
Terminated at swamp 0.5.
The last entry of errorHistory is 0.500569 for index 606163, 607/1000.
Terminated at swamp 0.5.
The last entry of errorHistory is 0.500120 for index 606164, 607/1000.
Terminated at swamp 1.
The last entry of errorHistory is 1.000308 for index 606165, 607/1000.
The last entry of errorHistory is 1.000000 for index 606166, 607/1000.
The last entry of errorHistory is 0.000014 for index 606167, 607/1000.
The last entry of errorHistory is 0.000011 for index 606168, 607/1000.
Terminated at swamp 1.
The last entry of errorHistory is 1.000224 for index 606169, 607/1000.
The last entry of errorHistory is 1.000000 for index 606170, 607/1000.
Terminated at swamp 1.
The last entry of errorHistory is 1.000270 for index 606171, 607/1000.
The last entry of errorHistory is 0.000028 for index 606172, 607/1000.
The last entry of errorHistory is 0.000844 for index 606173, 607/1000.
Terminated at swamp 0.5.
The last entry of errorHistory is 0.500477 for index 606174, 607/1000.
Terminated at swamp 0.5.
The last entry of errorHistory is 0.500001 for index 606175, 607/1000.
Terminated at swamp 0.5.
The last entry of errorHistory is 0.500056 for index 606176, 607/1000.
The last entry of errorHistory is 0.000018 for index 606177, 607/1000.
Terminated at swamp 0.5.
The last entry of errorHistory is 0.500614 for index 606178, 607/1000.
Terminated at swamp 0.5.
The last entry of errorHistory is 0.500293 for index 606179, 607/1000.
Terminated at swamp 0.5.
The last entry of errorHistory is 0.500122 for index 606180, 607/1000.
Terminated at swamp 0.5.
The last entry of errorHistory is 0.500236 for index 606181, 607/1000.
The last entry of errorHistory is 0.000213 for index 606182, 607/1000.
Terminated at swamp 0.5.
The last entry of errorHistory is 0.500207 for index 606183, 607/1000.
Terminated at swamp 0.5.
The last entry of errorHistory is 0.500535 for index 606184, 607/1000.
The last entry of errorHistory is 0.000028 for index 606185, 607/1000.
Terminated at swamp 0.5.
The last entry of errorHistory is 0.500116 for index 606186, 607/1000.
The last entry of errorHistory is 0.500000 for index 606187, 607/1000.
Terminated at swamp 0.5.
The last entry of errorHistory is 0.500383 for index 606188, 607/1000.
The last entry of errorHistory is 0.000017 for index 606189, 607/1000.
The last entry of errorHistory is 1.000000 for index 606190, 607/1000.
Terminated at swamp 0.5.
The last entry of errorHistory is 0.500047 for index 606191, 607/1000.
The last entry of errorHistory is 1.500000 for index 606192, 607/1000.
Terminated at swamp 0.5.
The last entry of errorHistory is 0.500457 for index 606193, 607/1000.
Terminated at swamp 1.
The last entry of errorHistory is 1.000087 for index 606194, 607/1000.
Terminated at swamp 0.5.
The last entry of errorHistory is 0.500306 for index 606195, 607/1000.
The last entry of errorHistory is 1.500000 for index 606196, 607/1000.
Terminated at swamp 0.5.
The last entry of errorHistory is 0.500089 for index 606197, 607/1000.
The last entry of errorHistory is 1.000000 for index 606198, 607/1000.
Terminated at swamp 0.5.
The last entry of errorHistory is 0.500436 for index 606199, 607/1000.
Terminated at swamp 0.5.
The last entry of errorHistory is 0.500403 for index 606200, 607/1000.
Terminated at swamp 0.5.
The last entry of errorHistory is 0.500000 for index 606201, 607/1000.
Terminated at swamp 0.5.
The last entry of errorHistory is 0.500290 for index 606202, 607/1000.
The last entry of errorHistory is 1.000000 for index 606203, 607/1000.
The last entry of errorHistory is 0.000089 for index 606204, 607/1000.
Terminated at swamp 0.5.
The last entry of errorHistory is 0.500365 for index 606205, 607/1000.
Terminated at swamp 1.
The last entry of errorHistory is 1.000292 for index 606206, 607/1000.
Terminated at swamp 0.5.
The last entry of errorHistory is 0.500384 for index 606207, 607/1000.
Terminated at swamp 1.
The last entry of errorHistory is 1.000122 for index 606208, 607/1000.
Terminated at swamp 1.
The last entry of errorHistory is 1.000114 for index 606209, 607/1000.
Terminated at swamp 0.5.
The last entry of errorHistory is 0.500468 for index 606210, 607/1000.
Terminated at swamp 1.
The last entry of errorHistory is 1.000001 for index 606211, 607/1000.
The last entry of errorHistory is 0.001006 for index 606212, 607/1000.
Terminated at swamp 0.5.
The last entry of errorHistory is 0.500517 for index 606213, 607/1000.
Terminated at swamp 1.
The last entry of errorHistory is 1.000105 for index 606214, 607/1000.
Terminated at swamp 1.
The last entry of errorHistory is 1.000019 for index 606215, 607/1000.
Terminated at swamp 0.5.
The last entry of errorHistory is 0.500456 for index 606216, 607/1000.
The last entry of errorHistory is 0.000024 for index 606217, 607/1000.
Terminated at swamp 0.5.
The last entry of errorHistory is 0.500534 for index 606218, 607/1000.
Terminated at swamp 0.5.
The last entry of errorHistory is 0.500381 for index 606219, 607/1000.
The last entry of errorHistory is 0.001201 for index 606220, 607/1000.
Terminated at swamp 0.5.
The last entry of errorHistory is 0.500069 for index 606221, 607/1000.
Terminated at swamp 0.5.
The last entry of errorHistory is 0.500656 for index 606222, 607/1000.
Terminated at swamp 0.5.
The last entry of errorHistory is 0.500000 for index 606223, 607/1000.
The last entry of errorHistory is 0.000188 for index 606224, 607/1000.
Terminated at swamp 0.5.
The last entry of errorHistory is 0.500043 for index 606225, 607/1000.
The last entry of errorHistory is 0.000028 for index 606226, 607/1000.
Terminated at swamp 0.5.
The last entry of errorHistory is 0.500368 for index 606227, 607/1000.
Terminated at swamp 0.5.
The last entry of errorHistory is 0.500370 for index 606228, 607/1000.
The last entry of errorHistory is 0.000597 for index 606229, 607/1000.
The last entry of errorHistory is 1.500000 for index 606230, 607/1000.
The last entry of errorHistory is 0.000043 for index 606231, 607/1000.
The last entry of errorHistory is 1.000000 for index 606232, 607/1000.
The last entry of errorHistory is 1.000000 for index 606233, 607/1000.
Terminated at swamp 0.5.
The last entry of errorHistory is 0.500531 for index 606234, 607/1000.
Terminated at swamp 0.5.
The last entry of errorHistory is 0.500182 for index 606235, 607/1000.
Terminated at swamp 0.5.
The last entry of errorHistory is 0.500727 for index 606236, 607/1000.
The last entry of errorHistory is 0.000006 for index 606237, 607/1000.
Terminated at swamp 1.
The last entry of errorHistory is 1.000385 for index 606238, 607/1000.
The last entry of errorHistory is 1.000000 for index 606239, 607/1000.
The last entry of errorHistory is 0.000019 for index 606240, 607/1000.
Terminated at swamp 0.5.
The last entry of errorHistory is 0.500550 for index 606241, 607/1000.
The last entry of errorHistory is 1.000000 for index 606242, 607/1000.
Terminated at swamp 0.5.
The last entry of errorHistory is 0.500177 for index 606243, 607/1000.
Terminated at swamp 0.5.
The last entry of errorHistory is 0.500058 for index 606244, 607/1000.
Terminated at swamp 0.5.
The last entry of errorHistory is 0.500097 for index 606245, 607/1000.
Terminated at swamp 0.5.
The last entry of errorHistory is 0.500424 for index 606246, 607/1000.
Terminated at swamp 0.5.
The last entry of errorHistory is 0.500360 for index 606247, 607/1000.
Terminated at swamp 0.5.
The last entry of errorHistory is 0.500450 for index 606248, 607/1000.
Terminated at swamp 1.
The last entry of errorHistory is 1.000000 for index 606249, 607/1000.
The last entry of errorHistory is 1.000000 for index 606250, 607/1000.
Terminated at swamp 1.
The last entry of errorHistory is 1.000217 for index 606251, 607/1000.
Terminated at swamp 0.5.
The last entry of errorHistory is 0.500279 for index 606252, 607/1000.
Terminated at swamp 0.5.
The last entry of errorHistory is 0.500565 for index 606253, 607/1000.
Terminated at swamp 1.
The last entry of errorHistory is 1.000002 for index 606254, 607/1000.
The last entry of errorHistory is 1.000000 for index 606255, 607/1000.
Terminated at swamp 0.5.
The last entry of errorHistory is 0.500628 for index 606256, 607/1000.
The last entry of errorHistory is 1.000000 for index 606257, 607/1000.
Terminated at swamp 0.5.
The last entry of errorHistory is 0.500000 for index 606258, 607/1000.
The last entry of errorHistory is 1.000000 for index 606259, 607/1000.
Terminated at swamp 1.
The last entry of errorHistory is 1.000171 for index 606260, 607/1000.
Terminated at swamp 0.5.
The last entry of errorHistory is 0.500001 for index 606261, 607/1000.
The last entry of errorHistory is 1.500000 for index 606262, 607/1000.
Terminated at swamp 0.5.
The last entry of errorHistory is 0.500286 for index 606263, 607/1000.
Terminated at swamp 0.5.
The last entry of errorHistory is 0.500413 for index 606264, 607/1000.
Terminated at swamp 0.5.
The last entry of errorHistory is 0.500525 for index 606265, 607/1000.
The last entry of errorHistory is 0.000017 for index 606266, 607/1000.
The last entry of errorHistory is 1.000000 for index 606267, 607/1000.
Terminated at swamp 0.5.
The last entry of errorHistory is 0.500604 for index 606268, 607/1000.
The last entry of errorHistory is 1.500000 for index 606269, 607/1000.
Terminated at swamp 0.5.
The last entry of errorHistory is 0.500033 for index 606270, 607/1000.
Terminated at swamp 0.5.
The last entry of errorHistory is 0.500462 for index 606271, 607/1000.
The last entry of errorHistory is 1.000000 for index 606272, 607/1000.
Terminated at swamp 0.5.
The last entry of errorHistory is 0.500035 for index 606273, 607/1000.
Terminated at swamp 0.5.
The last entry of errorHistory is 0.500426 for index 606274, 607/1000.
Terminated at swamp 0.5.
The last entry of errorHistory is 0.500463 for index 606275, 607/1000.
Terminated at swamp 0.5.
The last entry of errorHistory is 0.500493 for index 606276, 607/1000.
Terminated at swamp 0.5.
The last entry of errorHistory is 0.500336 for index 606277, 607/1000.
Terminated at swamp 0.5.
The last entry of errorHistory is 0.500588 for index 606278, 607/1000.
Terminated at swamp 0.5.
The last entry of errorHistory is 0.500136 for index 606279, 607/1000.
Terminated at swamp 0.5.
The last entry of errorHistory is 0.500059 for index 606280, 607/1000.
Terminated at swamp 0.5.
The last entry of errorHistory is 0.500789 for index 606281, 607/1000.
Terminated at swamp 0.5.
The last entry of errorHistory is 0.500217 for index 606282, 607/1000.
Terminated at swamp 0.5.
The last entry of errorHistory is 0.500249 for index 606283, 607/1000.
Terminated at swamp 0.5.
The last entry of errorHistory is 0.500244 for index 606284, 607/1000.
Terminated at swamp 0.5.
The last entry of errorHistory is 0.500391 for index 606285, 607/1000.
Terminated at swamp 0.5.
The last entry of errorHistory is 0.500547 for index 606286, 607/1000.
Terminated at swamp 0.5.
The last entry of errorHistory is 0.500605 for index 606287, 607/1000.
The last entry of errorHistory is 1.000000 for index 606288, 607/1000.
The last entry of errorHistory is 0.000041 for index 606289, 607/1000.
Terminated at swamp 1.
The last entry of errorHistory is 1.000371 for index 606290, 607/1000.
Terminated at swamp 0.5.
The last entry of errorHistory is 0.500439 for index 606291, 607/1000.
The last entry of errorHistory is 1.000000 for index 606292, 607/1000.
Terminated at swamp 0.5.
The last entry of errorHistory is 0.500537 for index 606293, 607/1000.
Terminated at swamp 1.
The last entry of errorHistory is 1.000284 for index 606294, 607/1000.
The last entry of errorHistory is 0.000017 for index 606295, 607/1000.
Terminated at swamp 0.5.
The last entry of errorHistory is 0.500175 for index 606296, 607/1000.
The last entry of errorHistory is 1.000000 for index 606297, 607/1000.
Terminated at swamp 0.5.
The last entry of errorHistory is 0.500597 for index 606298, 607/1000.
The last entry of errorHistory is 0.500000 for index 606299, 607/1000.
Terminated at swamp 1.
The last entry of errorHistory is 1.000332 for index 606300, 607/1000.
The last entry of errorHistory is 0.000057 for index 606301, 607/1000.
Terminated at swamp 1.
The last entry of errorHistory is 1.000346 for index 606302, 607/1000.
Terminated at swamp 1.
The last entry of errorHistory is 1.000060 for index 606303, 607/1000.
Terminated at swamp 1.
The last entry of errorHistory is 1.000001 for index 606304, 607/1000.
Terminated at swamp 0.5.
The last entry of errorHistory is 0.500585 for index 606305, 607/1000.
The last entry of errorHistory is 0.000084 for index 606306, 607/1000.
Terminated at swamp 0.5.
The last entry of errorHistory is 0.500313 for index 606307, 607/1000.
Terminated at swamp 0.5.
The last entry of errorHistory is 0.500459 for index 606308, 607/1000.
The last entry of errorHistory is 0.500000 for index 606309, 607/1000.
Terminated at swamp 0.5.
The last entry of errorHistory is 0.500470 for index 606310, 607/1000.
Terminated at swamp 0.5.
The last entry of errorHistory is 0.500315 for index 606311, 607/1000.
Terminated at swamp 0.5.
The last entry of errorHistory is 0.500609 for index 606312, 607/1000.
The last entry of errorHistory is 0.000030 for index 606313, 607/1000.
Terminated at swamp 0.5.
The last entry of errorHistory is 0.500511 for index 606314, 607/1000.
Terminated at swamp 0.5.
The last entry of errorHistory is 0.500439 for index 606315, 607/1000.
Terminated at swamp 0.5.
The last entry of errorHistory is 0.500350 for index 606316, 607/1000.
Terminated at swamp 0.5.
The last entry of errorHistory is 0.500543 for index 606317, 607/1000.
Terminated at swamp 0.5.
The last entry of errorHistory is 0.500473 for index 606318, 607/1000.
The last entry of errorHistory is 1.000000 for index 606319, 607/1000.
The last entry of errorHistory is 0.000010 for index 606320, 607/1000.
Terminated at swamp 1.
The last entry of errorHistory is 1.000129 for index 606321, 607/1000.
Terminated at swamp 0.5.
The last entry of errorHistory is 0.500559 for index 606322, 607/1000.
Terminated at swamp 1.
The last entry of errorHistory is 0.999255 for index 606323, 607/1000.
Terminated at swamp 0.5.
The last entry of errorHistory is 0.500008 for index 606324, 607/1000.
Terminated at swamp 1.
The last entry of errorHistory is 1.000338 for index 606325, 607/1000.
Terminated at swamp 0.5.
The last entry of errorHistory is 0.500422 for index 606326, 607/1000.
The last entry of errorHistory is 0.000029 for index 606327, 607/1000.
Terminated at swamp 0.5.
The last entry of errorHistory is 0.500319 for index 606328, 607/1000.
The last entry of errorHistory is 0.000033 for index 606329, 607/1000.
The last entry of errorHistory is 0.500000 for index 606330, 607/1000.
Terminated at swamp 0.5.
The last entry of errorHistory is 0.500616 for index 606331, 607/1000.
Terminated at swamp 1.
The last entry of errorHistory is 1.000590 for index 606332, 607/1000.
Terminated at swamp 0.5.
The last entry of errorHistory is 0.500184 for index 606333, 607/1000.
The last entry of errorHistory is 0.000024 for index 606334, 607/1000.
Terminated at swamp 0.5.
The last entry of errorHistory is 0.500489 for index 606335, 607/1000.
The last entry of errorHistory is 0.000017 for index 606336, 607/1000.
Terminated at swamp 0.5.
The last entry of errorHistory is 0.500326 for index 606337, 607/1000.
Terminated at swamp 1.
The last entry of errorHistory is 1.000401 for index 606338, 607/1000.
Terminated at swamp 0.5.
The last entry of errorHistory is 0.500154 for index 606339, 607/1000.
The last entry of errorHistory is 0.000056 for index 606340, 607/1000.
Terminated at swamp 0.5.
The last entry of errorHistory is 0.500114 for index 606341, 607/1000.
The last entry of errorHistory is 0.500000 for index 606342, 607/1000.
The last entry of errorHistory is 1.000000 for index 606343, 607/1000.
The last entry of errorHistory is 1.000000 for index 606344, 607/1000.
Terminated at swamp 1.
The last entry of errorHistory is 1.000022 for index 606345, 607/1000.
The last entry of errorHistory is 1.000000 for index 606346, 607/1000.
The last entry of errorHistory is 0.000249 for index 606347, 607/1000.
The last entry of errorHistory is 0.001450 for index 606348, 607/1000.
Terminated at swamp 0.5.
The last entry of errorHistory is 0.500663 for index 606349, 607/1000.
Terminated at swamp 1.
The last entry of errorHistory is 1.000000 for index 606350, 607/1000.
The last entry of errorHistory is 1.500000 for index 606351, 607/1000.
The last entry of errorHistory is 1.500000 for index 606352, 607/1000.
Terminated at swamp 0.5.
The last entry of errorHistory is 0.500100 for index 606353, 607/1000.
The last entry of errorHistory is 1.000000 for index 606354, 607/1000.
Terminated at swamp 0.5.
The last entry of errorHistory is 0.500492 for index 606355, 607/1000.
Terminated at swamp 0.5.
The last entry of errorHistory is 0.500516 for index 606356, 607/1000.
Terminated at swamp 0.5.
The last entry of errorHistory is 0.500496 for index 606357, 607/1000.
Terminated at swamp 1.
The last entry of errorHistory is 1.000021 for index 606358, 607/1000.
The last entry of errorHistory is 0.500000 for index 606359, 607/1000.
Terminated at swamp 1.
The last entry of errorHistory is 1.000022 for index 606360, 607/1000.
Terminated at swamp 0.5.
The last entry of errorHistory is 0.500225 for index 606361, 607/1000.
The last entry of errorHistory is 1.000000 for index 606362, 607/1000.
The last entry of errorHistory is 0.000904 for index 606363, 607/1000.
Terminated at swamp 0.5.
The last entry of errorHistory is 0.500491 for index 606364, 607/1000.
The last entry of errorHistory is 0.500000 for index 606365, 607/1000.
The last entry of errorHistory is 1.000000 for index 606366, 607/1000.
Terminated at swamp 1.
The last entry of errorHistory is 1.000000 for index 606367, 607/1000.
Terminated at swamp 0.5.
The last entry of errorHistory is 0.500455 for index 606368, 607/1000.
Terminated at swamp 0.5.
The last entry of errorHistory is 0.500366 for index 606369, 607/1000.
The last entry of errorHistory is 0.000123 for index 606370, 607/1000.
The last entry of errorHistory is 1.000000 for index 606371, 607/1000.
Terminated at swamp 1.
The last entry of errorHistory is 1.000280 for index 606372, 607/1000.
The last entry of errorHistory is 1.000000 for index 606373, 607/1000.
Terminated at swamp 1.
The last entry of errorHistory is 1.000034 for index 606374, 607/1000.
The last entry of errorHistory is 1.000000 for index 606375, 607/1000.
Terminated at swamp 0.5.
The last entry of errorHistory is 0.500427 for index 606376, 607/1000.
The last entry of errorHistory is 0.500000 for index 606377, 607/1000.
The last entry of errorHistory is 1.000000 for index 606378, 607/1000.
Terminated at swamp 0.5.
The last entry of errorHistory is 0.500062 for index 606379, 607/1000.
Terminated at swamp 0.5.
The last entry of errorHistory is 0.500697 for index 606380, 607/1000.
Terminated at swamp 1.
The last entry of errorHistory is 1.000068 for index 606381, 607/1000.
Terminated at swamp 0.5.
The last entry of errorHistory is 0.500377 for index 606382, 607/1000.
Terminated at swamp 0.5.
The last entry of errorHistory is 0.500871 for index 606383, 607/1000.
Terminated at swamp 1.
The last entry of errorHistory is 1.000133 for index 606384, 607/1000.
The last entry of errorHistory is 0.500000 for index 606385, 607/1000.
The last entry of errorHistory is 0.000018 for index 606386, 607/1000.
The last entry of errorHistory is 1.000000 for index 606387, 607/1000.
The last entry of errorHistory is 1.000000 for index 606388, 607/1000.
Terminated at swamp 0.5.
The last entry of errorHistory is 0.500577 for index 606389, 607/1000.
Terminated at swamp 0.5.
The last entry of errorHistory is 0.500348 for index 606390, 607/1000.
Terminated at swamp 1.
The last entry of errorHistory is 1.000276 for index 606391, 607/1000.
Terminated at swamp 0.5.
The last entry of errorHistory is 0.500406 for index 606392, 607/1000.
Terminated at swamp 1.
The last entry of errorHistory is 1.000316 for index 606393, 607/1000.
Terminated at swamp 0.5.
The last entry of errorHistory is 0.500379 for index 606394, 607/1000.
Terminated at swamp 0.5.
The last entry of errorHistory is 0.500654 for index 606395, 607/1000.
The last entry of errorHistory is 0.000042 for index 606396, 607/1000.
Terminated at swamp 1.
The last entry of errorHistory is 1.000132 for index 606397, 607/1000.
The last entry of errorHistory is 1.000000 for index 606398, 607/1000.
Terminated at swamp 1.
The last entry of errorHistory is 1.000237 for index 606399, 607/1000.
Terminated at swamp 1.
The last entry of errorHistory is 1.000022 for index 606400, 607/1000.
Terminated at swamp 0.5.
The last entry of errorHistory is 0.500491 for index 606401, 607/1000.
The last entry of errorHistory is 0.500000 for index 606402, 607/1000.
Terminated at swamp 0.5.
The last entry of errorHistory is 0.500441 for index 606403, 607/1000.
Terminated at swamp 0.5.
The last entry of errorHistory is 0.500449 for index 606404, 607/1000.
Terminated at swamp 0.5.
The last entry of errorHistory is 0.500472 for index 606405, 607/1000.
Terminated at swamp 0.5.
The last entry of errorHistory is 0.500907 for index 606406, 607/1000.
Terminated at swamp 1.
The last entry of errorHistory is 1.000038 for index 606407, 607/1000.
Terminated at swamp 1.
The last entry of errorHistory is 1.000213 for index 606408, 607/1000.
Terminated at swamp 1.
The last entry of errorHistory is 1.000000 for index 606409, 607/1000.
The last entry of errorHistory is 1.000000 for index 606410, 607/1000.
Terminated at swamp 0.5.
The last entry of errorHistory is 0.500026 for index 606411, 607/1000.
Terminated at swamp 0.5.
The last entry of errorHistory is 0.500346 for index 606412, 607/1000.
The last entry of errorHistory is 1.000000 for index 606413, 607/1000.
The last entry of errorHistory is 0.000075 for index 606414, 607/1000.
Terminated at swamp 0.5.
The last entry of errorHistory is 0.500228 for index 606415, 607/1000.
The last entry of errorHistory is 1.000000 for index 606416, 607/1000.
Terminated at swamp 0.5.
The last entry of errorHistory is 0.500448 for index 606417, 607/1000.
Terminated at swamp 0.5.
The last entry of errorHistory is 0.500583 for index 606418, 607/1000.
The last entry of errorHistory is 0.000375 for index 606419, 607/1000.
The last entry of errorHistory is 0.000411 for index 606420, 607/1000.
Terminated at swamp 1.
The last entry of errorHistory is 1.000391 for index 606421, 607/1000.
Terminated at swamp 0.5.
The last entry of errorHistory is 0.500295 for index 606422, 607/1000.
Terminated at swamp 0.5.
The last entry of errorHistory is 0.500066 for index 606423, 607/1000.
Terminated at swamp 0.5.
The last entry of errorHistory is 0.500447 for index 606424, 607/1000.
The last entry of errorHistory is 0.000024 for index 606425, 607/1000.
Terminated at swamp 0.5.
The last entry of errorHistory is 0.500538 for index 606426, 607/1000.
Terminated at swamp 1.
The last entry of errorHistory is 1.000141 for index 606427, 607/1000.
Terminated at swamp 0.5.
The last entry of errorHistory is 0.500175 for index 606428, 607/1000.
The last entry of errorHistory is 1.000000 for index 606429, 607/1000.
Terminated at swamp 0.5.
The last entry of errorHistory is 0.500458 for index 606430, 607/1000.
The last entry of errorHistory is 0.500000 for index 606431, 607/1000.
The last entry of errorHistory is 0.000090 for index 606432, 607/1000.
Terminated at swamp 0.5.
The last entry of errorHistory is 0.500230 for index 606433, 607/1000.
The last entry of errorHistory is 1.500000 for index 606434, 607/1000.
Terminated at swamp 0.5.
The last entry of errorHistory is 0.500000 for index 606435, 607/1000.
Terminated at swamp 0.5.
The last entry of errorHistory is 0.500280 for index 606436, 607/1000.
Terminated at swamp 1.
The last entry of errorHistory is 1.000036 for index 606437, 607/1000.
Terminated at swamp 0.5.
The last entry of errorHistory is 0.500042 for index 606438, 607/1000.
The last entry of errorHistory is 0.000085 for index 606439, 607/1000.
The last entry of errorHistory is 0.000026 for index 606440, 607/1000.
Terminated at swamp 0.5.
The last entry of errorHistory is 0.500740 for index 606441, 607/1000.
The last entry of errorHistory is 0.000012 for index 606442, 607/1000.
The last entry of errorHistory is 1.000000 for index 606443, 607/1000.
Terminated at swamp 0.5.
The last entry of errorHistory is 0.500490 for index 606444, 607/1000.
The last entry of errorHistory is 1.500000 for index 606445, 607/1000.
The last entry of errorHistory is 0.000060 for index 606446, 607/1000.
The last entry of errorHistory is 1.000000 for index 606447, 607/1000.
Terminated at swamp 0.5.
The last entry of errorHistory is 0.500377 for index 606448, 607/1000.
The last entry of errorHistory is 1.000000 for index 606449, 607/1000.
Terminated at swamp 0.5.
The last entry of errorHistory is 0.500008 for index 606450, 607/1000.
The last entry of errorHistory is 0.500000 for index 606451, 607/1000.
The last entry of errorHistory is 0.500000 for index 606452, 607/1000.
Terminated at swamp 0.5.
The last entry of errorHistory is 0.500145 for index 606453, 607/1000.
Terminated at swamp 1.
The last entry of errorHistory is 1.000000 for index 606454, 607/1000.
Terminated at swamp 1.
The last entry of errorHistory is 1.000000 for index 606455, 607/1000.
Terminated at swamp 0.5.
The last entry of errorHistory is 0.500493 for index 606456, 607/1000.
Terminated at swamp 0.5.
The last entry of errorHistory is 0.500708 for index 606457, 607/1000.
The last entry of errorHistory is 1.000000 for index 606458, 607/1000.
The last entry of errorHistory is 0.000312 for index 606459, 607/1000.
Terminated at swamp 0.5.
The last entry of errorHistory is 0.499993 for index 606460, 607/1000.
The last entry of errorHistory is 0.500000 for index 606461, 607/1000.
The last entry of errorHistory is 1.000000 for index 606462, 607/1000.
Terminated at swamp 0.5.
The last entry of errorHistory is 0.500410 for index 606463, 607/1000.
The last entry of errorHistory is 1.000000 for index 606464, 607/1000.
Terminated at swamp 0.5.
The last entry of errorHistory is 0.500933 for index 606465, 607/1000.
Terminated at swamp 0.5.
The last entry of errorHistory is 0.500305 for index 606466, 607/1000.
The last entry of errorHistory is 1.000000 for index 606467, 607/1000.
The last entry of errorHistory is 0.000010 for index 606468, 607/1000.
The last entry of errorHistory is 1.000000 for index 606469, 607/1000.
Terminated at swamp 0.5.
The last entry of errorHistory is 0.500734 for index 606470, 607/1000.
Terminated at swamp 1.
The last entry of errorHistory is 1.000462 for index 606471, 607/1000.
Terminated at swamp 0.5.
The last entry of errorHistory is 0.500047 for index 606472, 607/1000.
Terminated at swamp 0.5.
The last entry of errorHistory is 0.500468 for index 606473, 607/1000.
Terminated at swamp 0.5.
The last entry of errorHistory is 0.500348 for index 606474, 607/1000.
Terminated at swamp 0.5.
The last entry of errorHistory is 0.500511 for index 606475, 607/1000.
The last entry of errorHistory is 0.000940 for index 606476, 607/1000.
Terminated at swamp 0.5.
The last entry of errorHistory is 0.500711 for index 606477, 607/1000.
Terminated at swamp 0.5.
The last entry of errorHistory is 0.500650 for index 606478, 607/1000.
Terminated at swamp 0.5.
The last entry of errorHistory is 0.499727 for index 606479, 607/1000.
The last entry of errorHistory is 0.000146 for index 606480, 607/1000.
Terminated at swamp 0.5.
The last entry of errorHistory is 0.500456 for index 606481, 607/1000.
The last entry of errorHistory is 1.500000 for index 606482, 607/1000.
Terminated at swamp 1.
The last entry of errorHistory is 1.000267 for index 606483, 607/1000.
The last entry of errorHistory is 1.500000 for index 606484, 607/1000.
Terminated at swamp 0.5.
The last entry of errorHistory is 0.500131 for index 606485, 607/1000.
Terminated at swamp 0.5.
The last entry of errorHistory is 0.500466 for index 606486, 607/1000.
The last entry of errorHistory is 0.000020 for index 606487, 607/1000.
The last entry of errorHistory is 1.500000 for index 606488, 607/1000.
Terminated at swamp 0.5.
The last entry of errorHistory is 0.500025 for index 606489, 607/1000.
The last entry of errorHistory is 1.000000 for index 606490, 607/1000.
Terminated at swamp 0.5.
The last entry of errorHistory is 0.500523 for index 606491, 607/1000.
The last entry of errorHistory is 0.000037 for index 606492, 607/1000.
Terminated at swamp 1.
The last entry of errorHistory is 1.000097 for index 606493, 607/1000.
The last entry of errorHistory is 1.000000 for index 606494, 607/1000.
The last entry of errorHistory is 1.000000 for index 606495, 607/1000.
The last entry of errorHistory is 0.500000 for index 606496, 607/1000.
Terminated at swamp 0.5.
The last entry of errorHistory is 0.500085 for index 606497, 607/1000.
The last entry of errorHistory is 0.000015 for index 606498, 607/1000.
Terminated at swamp 0.5.
The last entry of errorHistory is 0.500011 for index 606499, 607/1000.
The last entry of errorHistory is 0.500000 for index 606500, 607/1000.
Terminated at swamp 0.5.
The last entry of errorHistory is 0.500582 for index 606501, 607/1000.
Terminated at swamp 1.
The last entry of errorHistory is 1.000281 for index 606502, 607/1000.
Terminated at swamp 1.
The last entry of errorHistory is 1.000601 for index 606503, 607/1000.
The last entry of errorHistory is 1.000000 for index 606504, 607/1000.
Terminated at swamp 0.5.
The last entry of errorHistory is 0.500786 for index 606505, 607/1000.
The last entry of errorHistory is 0.000009 for index 606506, 607/1000.
The last entry of errorHistory is 0.000020 for index 606507, 607/1000.
Terminated at swamp 0.5.
The last entry of errorHistory is 0.500417 for index 606508, 607/1000.
The last entry of errorHistory is 1.000000 for index 606509, 607/1000.
The last entry of errorHistory is 1.000000 for index 606510, 607/1000.
Terminated at swamp 0.5.
The last entry of errorHistory is 0.500431 for index 606511, 607/1000.
Terminated at swamp 1.
The last entry of errorHistory is 1.000034 for index 606512, 607/1000.
Terminated at swamp 0.5.
The last entry of errorHistory is 0.500024 for index 606513, 607/1000.
Terminated at swamp 0.5.
The last entry of errorHistory is 0.500722 for index 606514, 607/1000.
The last entry of errorHistory is 1.000000 for index 606515, 607/1000.
Terminated at swamp 0.5.
The last entry of errorHistory is 0.500260 for index 606516, 607/1000.
The last entry of errorHistory is 0.000333 for index 606517, 607/1000.
Terminated at swamp 0.5.
The last entry of errorHistory is 0.500069 for index 606518, 607/1000.
The last entry of errorHistory is 0.000858 for index 606519, 607/1000.
Terminated at swamp 0.5.
The last entry of errorHistory is 0.500461 for index 606520, 607/1000.
The last entry of errorHistory is 0.000120 for index 606521, 607/1000.
Terminated at swamp 1.
The last entry of errorHistory is 1.000000 for index 606522, 607/1000.
Terminated at swamp 0.5.
The last entry of errorHistory is 0.500223 for index 606523, 607/1000.
Terminated at swamp 0.5.
The last entry of errorHistory is 0.500354 for index 606524, 607/1000.
Terminated at swamp 0.5.
The last entry of errorHistory is 0.500059 for index 606525, 607/1000.
Terminated at swamp 0.5.
The last entry of errorHistory is 0.500411 for index 606526, 607/1000.
Terminated at swamp 0.5.
The last entry of errorHistory is 0.500712 for index 606527, 607/1000.
Terminated at swamp 0.5.
The last entry of errorHistory is 0.500103 for index 606528, 607/1000.
Terminated at swamp 0.5.
The last entry of errorHistory is 0.500674 for index 606529, 607/1000.
Terminated at swamp 0.5.
The last entry of errorHistory is 0.500266 for index 606530, 607/1000.
Terminated at swamp 0.5.
The last entry of errorHistory is 0.500887 for index 606531, 607/1000.
Terminated at swamp 1.
The last entry of errorHistory is 1.000215 for index 606532, 607/1000.
Terminated at swamp 0.5.
The last entry of errorHistory is 0.500508 for index 606533, 607/1000.
The last entry of errorHistory is 1.000000 for index 606534, 607/1000.
Terminated at swamp 0.5.
The last entry of errorHistory is 0.500961 for index 606535, 607/1000.
Terminated at swamp 0.5.
The last entry of errorHistory is 0.500272 for index 606536, 607/1000.
Terminated at swamp 1.
The last entry of errorHistory is 1.000287 for index 606537, 607/1000.
Terminated at swamp 0.5.
The last entry of errorHistory is 0.500397 for index 606538, 607/1000.
Terminated at swamp 0.5.
The last entry of errorHistory is 0.500030 for index 606539, 607/1000.
Terminated at swamp 0.5.
The last entry of errorHistory is 0.500027 for index 606540, 607/1000.
Terminated at swamp 0.5.
The last entry of errorHistory is 0.500527 for index 606541, 607/1000.
The last entry of errorHistory is 0.000008 for index 606542, 607/1000.
Terminated at swamp 0.5.
The last entry of errorHistory is 0.500157 for index 606543, 607/1000.
Terminated at swamp 0.5.
The last entry of errorHistory is 0.500417 for index 606544, 607/1000.
The last entry of errorHistory is 1.000000 for index 606545, 607/1000.
The last entry of errorHistory is 0.500000 for index 606546, 607/1000.
Terminated at swamp 0.5.
The last entry of errorHistory is 0.500689 for index 606547, 607/1000.
Terminated at swamp 0.5.
The last entry of errorHistory is 0.500466 for index 606548, 607/1000.
Terminated at swamp 0.5.
The last entry of errorHistory is 0.500498 for index 606549, 607/1000.
Terminated at swamp 1.
The last entry of errorHistory is 1.000185 for index 606550, 607/1000.
The last entry of errorHistory is 1.000000 for index 606551, 607/1000.
The last entry of errorHistory is 1.000000 for index 606552, 607/1000.
Terminated at swamp 0.5.
The last entry of errorHistory is 0.500204 for index 606553, 607/1000.
Terminated at swamp 0.5.
The last entry of errorHistory is 0.500485 for index 606554, 607/1000.
Terminated at swamp 0.5.
The last entry of errorHistory is 0.500396 for index 606555, 607/1000.
The last entry of errorHistory is 1.000000 for index 606556, 607/1000.
Terminated at swamp 1.
The last entry of errorHistory is 1.000350 for index 606557, 607/1000.
The last entry of errorHistory is 1.000000 for index 606558, 607/1000.
Terminated at swamp 0.5.
The last entry of errorHistory is 0.500007 for index 606559, 607/1000.
Terminated at swamp 0.5.
The last entry of errorHistory is 0.500561 for index 606560, 607/1000.
Terminated at swamp 0.5.
The last entry of errorHistory is 0.500451 for index 606561, 607/1000.
The last entry of errorHistory is 0.000757 for index 606562, 607/1000.
The last entry of errorHistory is 0.000084 for index 606563, 607/1000.
The last entry of errorHistory is 1.000000 for index 606564, 607/1000.
Terminated at swamp 1.
The last entry of errorHistory is 1.000084 for index 606565, 607/1000.
Terminated at swamp 0.5.
The last entry of errorHistory is 0.500630 for index 606566, 607/1000.
Terminated at swamp 0.5.
The last entry of errorHistory is 0.500572 for index 606567, 607/1000.
The last entry of errorHistory is 1.000000 for index 606568, 607/1000.
Terminated at swamp 0.5.
The last entry of errorHistory is 0.500425 for index 606569, 607/1000.
Terminated at swamp 0.5.
The last entry of errorHistory is 0.500311 for index 606570, 607/1000.
Terminated at swamp 0.5.
The last entry of errorHistory is 0.500578 for index 606571, 607/1000.
Terminated at swamp 0.5.
The last entry of errorHistory is 0.500513 for index 606572, 607/1000.
The last entry of errorHistory is 0.500000 for index 606573, 607/1000.
Terminated at swamp 0.5.
The last entry of errorHistory is 0.500115 for index 606574, 607/1000.
Terminated at swamp 0.5.
The last entry of errorHistory is 0.500514 for index 606575, 607/1000.
The last entry of errorHistory is 0.500000 for index 606576, 607/1000.
Terminated at swamp 0.5.
The last entry of errorHistory is 0.500008 for index 606577, 607/1000.
The last entry of errorHistory is 0.500000 for index 606578, 607/1000.
Terminated at swamp 0.5.
The last entry of errorHistory is 0.500210 for index 606579, 607/1000.
The last entry of errorHistory is 0.000038 for index 606580, 607/1000.
Terminated at swamp 1.
The last entry of errorHistory is 1.000055 for index 606581, 607/1000.
Terminated at swamp 0.5.
The last entry of errorHistory is 0.500418 for index 606582, 607/1000.
Terminated at swamp 0.5.
The last entry of errorHistory is 0.500049 for index 606583, 607/1000.
Terminated at swamp 0.5.
The last entry of errorHistory is 0.500168 for index 606584, 607/1000.
Terminated at swamp 0.5.
The last entry of errorHistory is 0.500681 for index 606585, 607/1000.
Terminated at swamp 0.5.
The last entry of errorHistory is 0.500215 for index 606586, 607/1000.
Terminated at swamp 0.5.
The last entry of errorHistory is 0.500504 for index 606587, 607/1000.
The last entry of errorHistory is 1.000000 for index 606588, 607/1000.
The last entry of errorHistory is 0.000016 for index 606589, 607/1000.
The last entry of errorHistory is 0.000465 for index 606590, 607/1000.
Terminated at swamp 0.5.
The last entry of errorHistory is 0.500567 for index 606591, 607/1000.
Terminated at swamp 1.
The last entry of errorHistory is 1.000175 for index 606592, 607/1000.
Terminated at swamp 0.5.
The last entry of errorHistory is 0.500104 for index 606593, 607/1000.
The last entry of errorHistory is 0.000048 for index 606594, 607/1000.
The last entry of errorHistory is 1.500000 for index 606595, 607/1000.
Terminated at swamp 1.
The last entry of errorHistory is 1.000015 for index 606596, 607/1000.
Terminated at swamp 0.5.
The last entry of errorHistory is 0.500044 for index 606597, 607/1000.
Terminated at swamp 0.5.
The last entry of errorHistory is 0.500399 for index 606598, 607/1000.
The last entry of errorHistory is 1.000000 for index 606599, 607/1000.
Terminated at swamp 0.5.
The last entry of errorHistory is 0.500000 for index 606600, 607/1000.
Terminated at swamp 0.5.
The last entry of errorHistory is 0.500474 for index 606601, 607/1000.
Terminated at swamp 0.5.
The last entry of errorHistory is 0.500044 for index 606602, 607/1000.
Terminated at swamp 1.
The last entry of errorHistory is 1.000300 for index 606603, 607/1000.
The last entry of errorHistory is 1.000000 for index 606604, 607/1000.
Terminated at swamp 0.5.
The last entry of errorHistory is 0.500603 for index 606605, 607/1000.
Terminated at swamp 0.5.
The last entry of errorHistory is 0.500454 for index 606606, 607/1000.
The last entry of errorHistory is 0.000022 for index 606607, 607/1000.
The last entry of errorHistory is 0.001294 for index 606608, 607/1000.
Terminated at swamp 0.5.
The last entry of errorHistory is 0.500253 for index 606609, 607/1000.
Terminated at swamp 0.5.
The last entry of errorHistory is 0.500314 for index 606610, 607/1000.
Terminated at swamp 0.5.
The last entry of errorHistory is 0.500296 for index 606611, 607/1000.
Terminated at swamp 0.5.
The last entry of errorHistory is 0.500037 for index 606612, 607/1000.
The last entry of errorHistory is 0.000028 for index 606613, 607/1000.
Terminated at swamp 0.5.
The last entry of errorHistory is 0.500306 for index 606614, 607/1000.
Terminated at swamp 0.5.
The last entry of errorHistory is 0.500309 for index 606615, 607/1000.
Terminated at swamp 0.5.
The last entry of errorHistory is 0.500346 for index 606616, 607/1000.
Terminated at swamp 0.5.
The last entry of errorHistory is 0.500000 for index 606617, 607/1000.
Terminated at swamp 0.5.
The last entry of errorHistory is 0.500580 for index 606618, 607/1000.
The last entry of errorHistory is 0.000010 for index 606619, 607/1000.
Terminated at swamp 0.5.
The last entry of errorHistory is 0.500082 for index 606620, 607/1000.
The last entry of errorHistory is 0.000007 for index 606621, 607/1000.
The last entry of errorHistory is 0.000567 for index 606622, 607/1000.
Terminated at swamp 0.5.
The last entry of errorHistory is 0.500393 for index 606623, 607/1000.
The last entry of errorHistory is 0.000023 for index 606624, 607/1000.
Terminated at swamp 1.
The last entry of errorHistory is 1.000337 for index 606625, 607/1000.
Terminated at swamp 0.5.
The last entry of errorHistory is 0.500003 for index 606626, 607/1000.
Terminated at swamp 0.5.
The last entry of errorHistory is 0.500530 for index 606627, 607/1000.
Terminated at swamp 1.
The last entry of errorHistory is 1.000083 for index 606628, 607/1000.
Terminated at swamp 0.5.
The last entry of errorHistory is 0.500458 for index 606629, 607/1000.
Terminated at swamp 0.5.
The last entry of errorHistory is 0.500411 for index 606630, 607/1000.
Terminated at swamp 1.
The last entry of errorHistory is 1.000000 for index 606631, 607/1000.
The last entry of errorHistory is 1.000000 for index 606632, 607/1000.
Terminated at swamp 0.5.
The last entry of errorHistory is 0.500000 for index 606633, 607/1000.
Terminated at swamp 0.5.
The last entry of errorHistory is 0.500513 for index 606634, 607/1000.
The last entry of errorHistory is 1.000000 for index 606635, 607/1000.
Terminated at swamp 0.5.
The last entry of errorHistory is 0.500723 for index 606636, 607/1000.
Terminated at swamp 1.
The last entry of errorHistory is 1.000000 for index 606637, 607/1000.
The last entry of errorHistory is 0.000110 for index 606638, 607/1000.
Terminated at swamp 0.5.
The last entry of errorHistory is 0.500441 for index 606639, 607/1000.
Terminated at swamp 0.5.
The last entry of errorHistory is 0.500339 for index 606640, 607/1000.
The last entry of errorHistory is 1.000000 for index 606641, 607/1000.
Terminated at swamp 0.5.
The last entry of errorHistory is 0.500000 for index 606642, 607/1000.
Terminated at swamp 0.5.
The last entry of errorHistory is 0.500282 for index 606643, 607/1000.
Terminated at swamp 0.5.
The last entry of errorHistory is 0.500660 for index 606644, 607/1000.
Terminated at swamp 0.5.
The last entry of errorHistory is 0.500562 for index 606645, 607/1000.
The last entry of errorHistory is 0.500000 for index 606646, 607/1000.
Terminated at swamp 0.5.
The last entry of errorHistory is 0.500497 for index 606647, 607/1000.
Terminated at swamp 0.5.
The last entry of errorHistory is 0.500514 for index 606648, 607/1000.
Terminated at swamp 0.5.
The last entry of errorHistory is 0.500327 for index 606649, 607/1000.
Terminated at swamp 1.
The last entry of errorHistory is 1.000282 for index 606650, 607/1000.
Terminated at swamp 1.
The last entry of errorHistory is 1.000121 for index 606651, 607/1000.
The last entry of errorHistory is 0.500000 for index 606652, 607/1000.
Terminated at swamp 0.5.
The last entry of errorHistory is 0.500600 for index 606653, 607/1000.
The last entry of errorHistory is 0.000450 for index 606654, 607/1000.
The last entry of errorHistory is 1.000000 for index 606655, 607/1000.
Terminated at swamp 0.5.
The last entry of errorHistory is 0.500330 for index 606656, 607/1000.
Terminated at swamp 0.5.
The last entry of errorHistory is 0.500481 for index 606657, 607/1000.
Terminated at swamp 1.
The last entry of errorHistory is 1.000458 for index 606658, 607/1000.
Terminated at swamp 1.
The last entry of errorHistory is 1.000000 for index 606659, 607/1000.
The last entry of errorHistory is 1.000000 for index 606660, 607/1000.
Terminated at swamp 0.5.
The last entry of errorHistory is 0.500307 for index 606661, 607/1000.
The last entry of errorHistory is 1.500000 for index 606662, 607/1000.
The last entry of errorHistory is 0.004500 for index 606663, 607/1000.
The last entry of errorHistory is 1.000000 for index 606664, 607/1000.
Terminated at swamp 0.5.
The last entry of errorHistory is 0.500563 for index 606665, 607/1000.
The last entry of errorHistory is 0.000016 for index 606666, 607/1000.
Terminated at swamp 0.5.
The last entry of errorHistory is 0.500293 for index 606667, 607/1000.
Terminated at swamp 1.
The last entry of errorHistory is 1.000168 for index 606668, 607/1000.
Terminated at swamp 0.5.
The last entry of errorHistory is 0.500005 for index 606669, 607/1000.
Terminated at swamp 0.5.
The last entry of errorHistory is 0.500085 for index 606670, 607/1000.
Terminated at swamp 0.5.
The last entry of errorHistory is 0.500502 for index 606671, 607/1000.
Terminated at swamp 0.5.
The last entry of errorHistory is 0.500001 for index 606672, 607/1000.
Terminated at swamp 0.5.
The last entry of errorHistory is 0.500155 for index 606673, 607/1000.
The last entry of errorHistory is 0.500000 for index 606674, 607/1000.
Terminated at swamp 1.
The last entry of errorHistory is 1.000005 for index 606675, 607/1000.
The last entry of errorHistory is 1.500000 for index 606676, 607/1000.
Terminated at swamp 0.5.
The last entry of errorHistory is 0.500487 for index 606677, 607/1000.
The last entry of errorHistory is 1.000000 for index 606678, 607/1000.
Terminated at swamp 1.5.
The last entry of errorHistory is 1.500000 for index 606679, 607/1000.
The last entry of errorHistory is 1.500000 for index 606680, 607/1000.
The last entry of errorHistory is 0.000658 for index 606681, 607/1000.
Terminated at swamp 0.5.
The last entry of errorHistory is 0.500028 for index 606682, 607/1000.
The last entry of errorHistory is 1.000000 for index 606683, 607/1000.
The last entry of errorHistory is 0.000038 for index 606684, 607/1000.
Terminated at swamp 0.5.
The last entry of errorHistory is 0.500367 for index 606685, 607/1000.
Terminated at swamp 0.5.
The last entry of errorHistory is 0.500009 for index 606686, 607/1000.
Terminated at swamp 0.5.
The last entry of errorHistory is 0.500158 for index 606687, 607/1000.
Terminated at swamp 0.5.
The last entry of errorHistory is 0.500324 for index 606688, 607/1000.
Terminated at swamp 0.5.
The last entry of errorHistory is 0.500406 for index 606689, 607/1000.
The last entry of errorHistory is 1.000000 for index 606690, 607/1000.
The last entry of errorHistory is 0.500000 for index 606691, 607/1000.
The last entry of errorHistory is 0.000164 for index 606692, 607/1000.
The last entry of errorHistory is 0.000020 for index 606693, 607/1000.
Terminated at swamp 0.5.
The last entry of errorHistory is 0.500030 for index 606694, 607/1000.
Terminated at swamp 0.5.
The last entry of errorHistory is 0.500407 for index 606695, 607/1000.
Terminated at swamp 0.5.
The last entry of errorHistory is 0.500476 for index 606696, 607/1000.
The last entry of errorHistory is 1.000000 for index 606697, 607/1000.
Terminated at swamp 0.5.
The last entry of errorHistory is 0.500030 for index 606698, 607/1000.
Terminated at swamp 0.5.
The last entry of errorHistory is 0.500404 for index 606699, 607/1000.
Terminated at swamp 0.5.
The last entry of errorHistory is 0.500131 for index 606700, 607/1000.
The last entry of errorHistory is 1.000000 for index 606701, 607/1000.
The last entry of errorHistory is 1.500000 for index 606702, 607/1000.
Terminated at swamp 0.5.
The last entry of errorHistory is 0.500623 for index 606703, 607/1000.
The last entry of errorHistory is 1.000000 for index 606704, 607/1000.
The last entry of errorHistory is 1.000000 for index 606705, 607/1000.
Terminated at swamp 1.
The last entry of errorHistory is 1.000203 for index 606706, 607/1000.
The last entry of errorHistory is 1.000000 for index 606707, 607/1000.
Terminated at swamp 0.5.
The last entry of errorHistory is 0.500551 for index 606708, 607/1000.
The last entry of errorHistory is 0.500000 for index 606709, 607/1000.
Terminated at swamp 0.5.
The last entry of errorHistory is 0.500480 for index 606710, 607/1000.
The last entry of errorHistory is 1.000000 for index 606711, 607/1000.
Terminated at swamp 0.5.
The last entry of errorHistory is 0.500016 for index 606712, 607/1000.
Terminated at swamp 0.5.
The last entry of errorHistory is 0.500167 for index 606713, 607/1000.
Terminated at swamp 1.
The last entry of errorHistory is 1.000052 for index 606714, 607/1000.
Terminated at swamp 0.5.
The last entry of errorHistory is 0.500564 for index 606715, 607/1000.
The last entry of errorHistory is 0.000261 for index 606716, 607/1000.
Terminated at swamp 0.5.
The last entry of errorHistory is 0.500276 for index 606717, 607/1000.
Terminated at swamp 0.5.
The last entry of errorHistory is 0.500618 for index 606718, 607/1000.
Terminated at swamp 0.5.
The last entry of errorHistory is 0.500477 for index 606719, 607/1000.
Terminated at swamp 0.5.
The last entry of errorHistory is 0.500360 for index 606720, 607/1000.
Terminated at swamp 0.5.
The last entry of errorHistory is 0.500269 for index 606721, 607/1000.
The last entry of errorHistory is 0.500000 for index 606722, 607/1000.
The last entry of errorHistory is 1.000000 for index 606723, 607/1000.
The last entry of errorHistory is 0.000123 for index 606724, 607/1000.
The last entry of errorHistory is 0.000225 for index 606725, 607/1000.
Terminated at swamp 0.5.
The last entry of errorHistory is 0.500561 for index 606726, 607/1000.
The last entry of errorHistory is 1.000000 for index 606727, 607/1000.
Terminated at swamp 1.5.
The last entry of errorHistory is 1.500023 for index 606728, 607/1000.
Terminated at swamp 0.5.
The last entry of errorHistory is 0.500000 for index 606729, 607/1000.
The last entry of errorHistory is 0.500000 for index 606730, 607/1000.
The last entry of errorHistory is 0.500000 for index 606731, 607/1000.
Terminated at swamp 0.5.
The last entry of errorHistory is 0.500932 for index 606732, 607/1000.
The last entry of errorHistory is 0.000437 for index 606733, 607/1000.
Terminated at swamp 0.5.
The last entry of errorHistory is 0.500654 for index 606734, 607/1000.
The last entry of errorHistory is 1.000000 for index 606735, 607/1000.
The last entry of errorHistory is 0.000075 for index 606736, 607/1000.
Terminated at swamp 0.5.
The last entry of errorHistory is 0.500066 for index 606737, 607/1000.
Terminated at swamp 1.
The last entry of errorHistory is 1.000000 for index 606738, 607/1000.
Terminated at swamp 0.5.
The last entry of errorHistory is 0.500558 for index 606739, 607/1000.
Terminated at swamp 0.5.
The last entry of errorHistory is 0.500500 for index 606740, 607/1000.
Terminated at swamp 0.5.
The last entry of errorHistory is 0.500310 for index 606741, 607/1000.
Terminated at swamp 0.5.
The last entry of errorHistory is 0.500038 for index 606742, 607/1000.
The last entry of errorHistory is 1.000000 for index 606743, 607/1000.
Terminated at swamp 0.5.
The last entry of errorHistory is 0.500003 for index 606744, 607/1000.
Terminated at swamp 0.5.
The last entry of errorHistory is 0.500377 for index 606745, 607/1000.
Terminated at swamp 0.5.
The last entry of errorHistory is 0.500920 for index 606746, 607/1000.
The last entry of errorHistory is 1.000000 for index 606747, 607/1000.
Terminated at swamp 1.
The last entry of errorHistory is 1.000415 for index 606748, 607/1000.
The last entry of errorHistory is 0.500000 for index 606749, 607/1000.
The last entry of errorHistory is 1.000000 for index 606750, 607/1000.
Terminated at swamp 1.
The last entry of errorHistory is 1.000017 for index 606751, 607/1000.
The last entry of errorHistory is 1.000000 for index 606752, 607/1000.
Terminated at swamp 0.5.
The last entry of errorHistory is 0.500062 for index 606753, 607/1000.
Terminated at swamp 0.5.
The last entry of errorHistory is 0.500055 for index 606754, 607/1000.
Terminated at swamp 1.
The last entry of errorHistory is 1.000097 for index 606755, 607/1000.
Terminated at swamp 0.5.
The last entry of errorHistory is 0.500177 for index 606756, 607/1000.
The last entry of errorHistory is 1.500000 for index 606757, 607/1000.
Terminated at swamp 0.5.
The last entry of errorHistory is 0.500363 for index 606758, 607/1000.
The last entry of errorHistory is 1.000000 for index 606759, 607/1000.
Terminated at swamp 0.5.
The last entry of errorHistory is 0.500783 for index 606760, 607/1000.
Terminated at swamp 1.
The last entry of errorHistory is 1.000000 for index 606761, 607/1000.
The last entry of errorHistory is 0.500000 for index 606762, 607/1000.
The last entry of errorHistory is 1.000000 for index 606763, 607/1000.
Terminated at swamp 0.5.
The last entry of errorHistory is 0.500475 for index 606764, 607/1000.
The last entry of errorHistory is 1.000000 for index 606765, 607/1000.
The last entry of errorHistory is 1.000000 for index 606766, 607/1000.
Terminated at swamp 0.5.
The last entry of errorHistory is 0.500431 for index 606767, 607/1000.
The last entry of errorHistory is 0.500000 for index 606768, 607/1000.
Terminated at swamp 0.5.
The last entry of errorHistory is 0.500037 for index 606769, 607/1000.
Terminated at swamp 0.5.
The last entry of errorHistory is 0.500393 for index 606770, 607/1000.
Terminated at swamp 0.5.
The last entry of errorHistory is 0.500651 for index 606771, 607/1000.
The last entry of errorHistory is 0.000018 for index 606772, 607/1000.
Terminated at swamp 0.5.
The last entry of errorHistory is 0.500379 for index 606773, 607/1000.
Terminated at swamp 0.5.
The last entry of errorHistory is 0.500465 for index 606774, 607/1000.
Terminated at swamp 1.
The last entry of errorHistory is 1.000376 for index 606775, 607/1000.
Terminated at swamp 1.
The last entry of errorHistory is 1.000000 for index 606776, 607/1000.
Terminated at swamp 0.5.
The last entry of errorHistory is 0.500567 for index 606777, 607/1000.
Terminated at swamp 0.5.
The last entry of errorHistory is 0.500363 for index 606778, 607/1000.
The last entry of errorHistory is 1.000000 for index 606779, 607/1000.
Terminated at swamp 1.
The last entry of errorHistory is 1.000499 for index 606780, 607/1000.
Terminated at swamp 0.5.
The last entry of errorHistory is 0.500053 for index 606781, 607/1000.
Terminated at swamp 0.5.
The last entry of errorHistory is 0.500038 for index 606782, 607/1000.
Terminated at swamp 0.5.
The last entry of errorHistory is 0.500540 for index 606783, 607/1000.
Terminated at swamp 0.5.
The last entry of errorHistory is 0.500294 for index 606784, 607/1000.
Terminated at swamp 0.5.
The last entry of errorHistory is 0.500176 for index 606785, 607/1000.
The last entry of errorHistory is 1.000000 for index 606786, 607/1000.
Terminated at swamp 0.5.
The last entry of errorHistory is 0.500587 for index 606787, 607/1000.
Terminated at swamp 0.5.
The last entry of errorHistory is 0.500509 for index 606788, 607/1000.
Terminated at swamp 0.5.
The last entry of errorHistory is 0.500004 for index 606789, 607/1000.
Terminated at swamp 1.
The last entry of errorHistory is 1.000075 for index 606790, 607/1000.
Terminated at swamp 0.5.
The last entry of errorHistory is 0.500430 for index 606791, 607/1000.
Terminated at swamp 0.5.
The last entry of errorHistory is 0.500482 for index 606792, 607/1000.
Terminated at swamp 0.5.
The last entry of errorHistory is 0.500323 for index 606793, 607/1000.
Terminated at swamp 0.5.
The last entry of errorHistory is 0.500451 for index 606794, 607/1000.
The last entry of errorHistory is 0.000076 for index 606795, 607/1000.
The last entry of errorHistory is 1.000000 for index 606796, 607/1000.
The last entry of errorHistory is 0.000039 for index 606797, 607/1000.
Terminated at swamp 0.5.
The last entry of errorHistory is 0.500420 for index 606798, 607/1000.
The last entry of errorHistory is 0.000652 for index 606799, 607/1000.
The last entry of errorHistory is 0.000031 for index 606800, 607/1000.
The last entry of errorHistory is 0.500000 for index 606801, 607/1000.
The last entry of errorHistory is 0.000032 for index 606802, 607/1000.
The last entry of errorHistory is 1.500000 for index 606803, 607/1000.
Terminated at swamp 1.
The last entry of errorHistory is 1.000000 for index 606804, 607/1000.
The last entry of errorHistory is 0.000050 for index 606805, 607/1000.
Terminated at swamp 1.
The last entry of errorHistory is 1.000000 for index 606806, 607/1000.
The last entry of errorHistory is 0.500000 for index 606807, 607/1000.
The last entry of errorHistory is 0.000018 for index 606808, 607/1000.
Terminated at swamp 0.5.
The last entry of errorHistory is 0.500612 for index 606809, 607/1000.
Terminated at swamp 0.5.
The last entry of errorHistory is 0.500462 for index 606810, 607/1000.
Terminated at swamp 0.5.
The last entry of errorHistory is 0.500000 for index 606811, 607/1000.
The last entry of errorHistory is 0.000038 for index 606812, 607/1000.
Terminated at swamp 1.
The last entry of errorHistory is 1.000070 for index 606813, 607/1000.
The last entry of errorHistory is 0.000018 for index 606814, 607/1000.
Terminated at swamp 0.5.
The last entry of errorHistory is 0.500558 for index 606815, 607/1000.
Terminated at swamp 0.5.
The last entry of errorHistory is 0.500120 for index 606816, 607/1000.
Terminated at swamp 0.5.
The last entry of errorHistory is 0.500397 for index 606817, 607/1000.
The last entry of errorHistory is 1.000000 for index 606818, 607/1000.
Terminated at swamp 0.5.
The last entry of errorHistory is 0.500429 for index 606819, 607/1000.
Terminated at swamp 0.5.
The last entry of errorHistory is 0.500675 for index 606820, 607/1000.
Terminated at swamp 0.5.
The last entry of errorHistory is 0.500589 for index 606821, 607/1000.
Terminated at swamp 0.5.
The last entry of errorHistory is 0.500459 for index 606822, 607/1000.
Terminated at swamp 1.
The last entry of errorHistory is 1.000000 for index 606823, 607/1000.
Terminated at swamp 0.5.
The last entry of errorHistory is 0.500903 for index 606824, 607/1000.
Terminated at swamp 1.
The last entry of errorHistory is 1.000089 for index 606825, 607/1000.
The last entry of errorHistory is 1.000000 for index 606826, 607/1000.
Terminated at swamp 0.5.
The last entry of errorHistory is 0.500234 for index 606827, 607/1000.
The last entry of errorHistory is 0.000022 for index 606828, 607/1000.
Terminated at swamp 0.5.
The last entry of errorHistory is 0.500377 for index 606829, 607/1000.
The last entry of errorHistory is 0.500000 for index 606830, 607/1000.
Terminated at swamp 0.5.
The last entry of errorHistory is 0.500418 for index 606831, 607/1000.
Terminated at swamp 0.5.
The last entry of errorHistory is 0.500684 for index 606832, 607/1000.
Terminated at swamp 0.5.
The last entry of errorHistory is 0.500085 for index 606833, 607/1000.
Terminated at swamp 1.
The last entry of errorHistory is 1.000027 for index 606834, 607/1000.
Terminated at swamp 0.5.
The last entry of errorHistory is 0.500007 for index 606835, 607/1000.
The last entry of errorHistory is 0.000012 for index 606836, 607/1000.
Terminated at swamp 1.
The last entry of errorHistory is 0.999997 for index 606837, 607/1000.
The last entry of errorHistory is 0.500000 for index 606838, 607/1000.
Terminated at swamp 1.
The last entry of errorHistory is 1.000203 for index 606839, 607/1000.
Terminated at swamp 1.
The last entry of errorHistory is 1.000014 for index 606840, 607/1000.
The last entry of errorHistory is 1.000000 for index 606841, 607/1000.
Terminated at swamp 0.5.
The last entry of errorHistory is 0.500264 for index 606842, 607/1000.
The last entry of errorHistory is 1.000000 for index 606843, 607/1000.
Terminated at swamp 0.5.
The last entry of errorHistory is 0.500233 for index 606844, 607/1000.
Terminated at swamp 0.5.
The last entry of errorHistory is 0.500704 for index 606845, 607/1000.
Terminated at swamp 1.
The last entry of errorHistory is 1.000000 for index 606846, 607/1000.
Terminated at swamp 0.5.
The last entry of errorHistory is 0.500650 for index 606847, 607/1000.
Terminated at swamp 0.5.
The last entry of errorHistory is 0.500098 for index 606848, 607/1000.
Terminated at swamp 0.5.
The last entry of errorHistory is 0.500108 for index 606849, 607/1000.
Terminated at swamp 0.5.
The last entry of errorHistory is 0.500669 for index 606850, 607/1000.
Terminated at swamp 1.
The last entry of errorHistory is 1.000247 for index 606851, 607/1000.
Terminated at swamp 0.5.
The last entry of errorHistory is 0.500484 for index 606852, 607/1000.
Terminated at swamp 0.5.
The last entry of errorHistory is 0.500420 for index 606853, 607/1000.
Terminated at swamp 0.5.
The last entry of errorHistory is 0.500348 for index 606854, 607/1000.
The last entry of errorHistory is 0.000156 for index 606855, 607/1000.
Terminated at swamp 1.
The last entry of errorHistory is 1.000000 for index 606856, 607/1000.
The last entry of errorHistory is 0.000031 for index 606857, 607/1000.
The last entry of errorHistory is 1.500000 for index 606858, 607/1000.
The last entry of errorHistory is 0.000032 for index 606859, 607/1000.
Terminated at swamp 0.5.
The last entry of errorHistory is 0.500619 for index 606860, 607/1000.
Terminated at swamp 0.5.
The last entry of errorHistory is 0.500018 for index 606861, 607/1000.
Terminated at swamp 0.5.
The last entry of errorHistory is 0.500619 for index 606862, 607/1000.
The last entry of errorHistory is 0.000621 for index 606863, 607/1000.
Terminated at swamp 1.
The last entry of errorHistory is 1.000000 for index 606864, 607/1000.
The last entry of errorHistory is 1.000000 for index 606865, 607/1000.
The last entry of errorHistory is 1.000000 for index 606866, 607/1000.
Terminated at swamp 1.
The last entry of errorHistory is 1.000000 for index 606867, 607/1000.
The last entry of errorHistory is 0.000020 for index 606868, 607/1000.
Terminated at swamp 0.5.
The last entry of errorHistory is 0.500250 for index 606869, 607/1000.
Terminated at swamp 1.5.
The last entry of errorHistory is 1.499264 for index 606870, 607/1000.
Terminated at swamp 0.5.
The last entry of errorHistory is 0.500434 for index 606871, 607/1000.
Terminated at swamp 1.
The last entry of errorHistory is 1.000113 for index 606872, 607/1000.
The last entry of errorHistory is 0.500000 for index 606873, 607/1000.
Terminated at swamp 0.5.
The last entry of errorHistory is 0.500443 for index 606874, 607/1000.
Terminated at swamp 1.
The last entry of errorHistory is 1.000309 for index 606875, 607/1000.
Terminated at swamp 1.
The last entry of errorHistory is 1.000124 for index 606876, 607/1000.
The last entry of errorHistory is 0.000035 for index 606877, 607/1000.
The last entry of errorHistory is 0.000810 for index 606878, 607/1000.
The last entry of errorHistory is 1.000000 for index 606879, 607/1000.
The last entry of errorHistory is 0.000022 for index 606880, 607/1000.
Terminated at swamp 0.5.
The last entry of errorHistory is 0.500045 for index 606881, 607/1000.
Terminated at swamp 1.
The last entry of errorHistory is 1.000283 for index 606882, 607/1000.
The last entry of errorHistory is 1.000000 for index 606883, 607/1000.
Terminated at swamp 0.5.
The last entry of errorHistory is 0.500594 for index 606884, 607/1000.
Terminated at swamp 0.5.
The last entry of errorHistory is 0.500079 for index 606885, 607/1000.
Terminated at swamp 1.
The last entry of errorHistory is 1.000000 for index 606886, 607/1000.
Terminated at swamp 0.5.
The last entry of errorHistory is 0.500171 for index 606887, 607/1000.
Terminated at swamp 0.5.
The last entry of errorHistory is 0.500728 for index 606888, 607/1000.
Terminated at swamp 0.5.
The last entry of errorHistory is 0.500617 for index 606889, 607/1000.
The last entry of errorHistory is 1.000000 for index 606890, 607/1000.
Terminated at swamp 1.
The last entry of errorHistory is 1.000208 for index 606891, 607/1000.
Terminated at swamp 0.5.
The last entry of errorHistory is 0.500031 for index 606892, 607/1000.
Terminated at swamp 0.5.
The last entry of errorHistory is 0.500481 for index 606893, 607/1000.
Terminated at swamp 0.5.
The last entry of errorHistory is 0.500408 for index 606894, 607/1000.
The last entry of errorHistory is 0.000009 for index 606895, 607/1000.
Terminated at swamp 0.5.
The last entry of errorHistory is 0.500497 for index 606896, 607/1000.
The last entry of errorHistory is 0.000647 for index 606897, 607/1000.
Terminated at swamp 0.5.
The last entry of errorHistory is 0.500928 for index 606898, 607/1000.
The last entry of errorHistory is 0.000047 for index 606899, 607/1000.
Terminated at swamp 0.5.
The last entry of errorHistory is 0.500712 for index 606900, 607/1000.
Terminated at swamp 1.
The last entry of errorHistory is 1.000051 for index 606901, 607/1000.
Terminated at swamp 1.
The last entry of errorHistory is 1.000049 for index 606902, 607/1000.
The last entry of errorHistory is 1.000000 for index 606903, 607/1000.
Terminated at swamp 1.
The last entry of errorHistory is 1.000005 for index 606904, 607/1000.
Terminated at swamp 0.5.
The last entry of errorHistory is 0.500157 for index 606905, 607/1000.
Terminated at swamp 1.
The last entry of errorHistory is 1.000010 for index 606906, 607/1000.
The last entry of errorHistory is 1.000000 for index 606907, 607/1000.
The last entry of errorHistory is 0.000017 for index 606908, 607/1000.
The last entry of errorHistory is 0.000027 for index 606909, 607/1000.
The last entry of errorHistory is 1.000000 for index 606910, 607/1000.
The last entry of errorHistory is 1.000000 for index 606911, 607/1000.
Terminated at swamp 0.5.
The last entry of errorHistory is 0.500436 for index 606912, 607/1000.
Terminated at swamp 1.
The last entry of errorHistory is 1.000000 for index 606913, 607/1000.
Terminated at swamp 0.5.
The last entry of errorHistory is 0.500209 for index 606914, 607/1000.
Terminated at swamp 1.
The last entry of errorHistory is 1.000073 for index 606915, 607/1000.
The last entry of errorHistory is 1.000000 for index 606916, 607/1000.
Terminated at swamp 1.
The last entry of errorHistory is 1.000013 for index 606917, 607/1000.
Terminated at swamp 1.
The last entry of errorHistory is 1.000001 for index 606918, 607/1000.
Terminated at swamp 0.5.
The last entry of errorHistory is 0.500087 for index 606919, 607/1000.
The last entry of errorHistory is 1.000000 for index 606920, 607/1000.
The last entry of errorHistory is 1.000000 for index 606921, 607/1000.
Terminated at swamp 0.5.
The last entry of errorHistory is 0.500005 for index 606922, 607/1000.
Terminated at swamp 0.5.
The last entry of errorHistory is 0.500681 for index 606923, 607/1000.
The last entry of errorHistory is 1.000000 for index 606924, 607/1000.
The last entry of errorHistory is 1.000000 for index 606925, 607/1000.
Terminated at swamp 1.
The last entry of errorHistory is 1.000306 for index 606926, 607/1000.
The last entry of errorHistory is 0.000026 for index 606927, 607/1000.
Terminated at swamp 1.
The last entry of errorHistory is 1.000468 for index 606928, 607/1000.
Terminated at swamp 1.
The last entry of errorHistory is 1.000001 for index 606929, 607/1000.
Terminated at swamp 1.
The last entry of errorHistory is 1.000283 for index 606930, 607/1000.
Terminated at swamp 1.
The last entry of errorHistory is 1.000053 for index 606931, 607/1000.
Terminated at swamp 0.5.
The last entry of errorHistory is 0.500615 for index 606932, 607/1000.
Terminated at swamp 0.5.
The last entry of errorHistory is 0.500447 for index 606933, 607/1000.
Terminated at swamp 0.5.
The last entry of errorHistory is 0.500507 for index 606934, 607/1000.
Terminated at swamp 0.5.
The last entry of errorHistory is 0.500609 for index 606935, 607/1000.
The last entry of errorHistory is 1.000000 for index 606936, 607/1000.
Terminated at swamp 0.5.
The last entry of errorHistory is 0.500134 for index 606937, 607/1000.
Terminated at swamp 1.
The last entry of errorHistory is 0.999933 for index 606938, 607/1000.
Terminated at swamp 0.5.
The last entry of errorHistory is 0.500275 for index 606939, 607/1000.
Terminated at swamp 1.
The last entry of errorHistory is 1.000000 for index 606940, 607/1000.
The last entry of errorHistory is 0.000010 for index 606941, 607/1000.
Terminated at swamp 1.
The last entry of errorHistory is 1.000205 for index 606942, 607/1000.
Terminated at swamp 1.
The last entry of errorHistory is 1.000000 for index 606943, 607/1000.
Terminated at swamp 1.
The last entry of errorHistory is 1.000024 for index 606944, 607/1000.
The last entry of errorHistory is 0.000271 for index 606945, 607/1000.
Terminated at swamp 0.5.
The last entry of errorHistory is 0.500470 for index 606946, 607/1000.
Terminated at swamp 0.5.
The last entry of errorHistory is 0.500018 for index 606947, 607/1000.
Terminated at swamp 0.5.
The last entry of errorHistory is 0.500081 for index 606948, 607/1000.
The last entry of errorHistory is 1.000000 for index 606949, 607/1000.
Terminated at swamp 0.5.
The last entry of errorHistory is 0.500403 for index 606950, 607/1000.
The last entry of errorHistory is 1.000000 for index 606951, 607/1000.
Terminated at swamp 0.5.
The last entry of errorHistory is 0.500330 for index 606952, 607/1000.
Terminated at swamp 0.5.
The last entry of errorHistory is 0.500473 for index 606953, 607/1000.
Terminated at swamp 0.5.
The last entry of errorHistory is 0.500087 for index 606954, 607/1000.
Terminated at swamp 1.
The last entry of errorHistory is 1.000000 for index 606955, 607/1000.
The last entry of errorHistory is 1.000000 for index 606956, 607/1000.
Terminated at swamp 0.5.
The last entry of errorHistory is 0.500471 for index 606957, 607/1000.
Terminated at swamp 0.5.
The last entry of errorHistory is 0.500043 for index 606958, 607/1000.
Terminated at swamp 0.5.
The last entry of errorHistory is 0.500461 for index 606959, 607/1000.
Terminated at swamp 1.
The last entry of errorHistory is 1.000039 for index 606960, 607/1000.
Terminated at swamp 1.
The last entry of errorHistory is 1.000275 for index 606961, 607/1000.
The last entry of errorHistory is 0.500000 for index 606962, 607/1000.
The last entry of errorHistory is 0.500000 for index 606963, 607/1000.
The last entry of errorHistory is 1.000000 for index 606964, 607/1000.
Terminated at swamp 0.5.
The last entry of errorHistory is 0.500400 for index 606965, 607/1000.
The last entry of errorHistory is 0.500000 for index 606966, 607/1000.
Terminated at swamp 0.5.
The last entry of errorHistory is 0.500468 for index 606967, 607/1000.
The last entry of errorHistory is 1.000000 for index 606968, 607/1000.
Terminated at swamp 1.
The last entry of errorHistory is 0.999994 for index 606969, 607/1000.
The last entry of errorHistory is 1.000000 for index 606970, 607/1000.
The last entry of errorHistory is 1.000000 for index 606971, 607/1000.
Terminated at swamp 0.5.
The last entry of errorHistory is 0.500063 for index 606972, 607/1000.
The last entry of errorHistory is 0.000084 for index 606973, 607/1000.
Terminated at swamp 1.
The last entry of errorHistory is 0.999999 for index 606974, 607/1000.
Terminated at swamp 1.
The last entry of errorHistory is 1.000000 for index 606975, 607/1000.
Terminated at swamp 0.5.
The last entry of errorHistory is 0.500518 for index 606976, 607/1000.
Terminated at swamp 1.
The last entry of errorHistory is 1.000304 for index 606977, 607/1000.
Terminated at swamp 0.5.
The last entry of errorHistory is 0.500694 for index 606978, 607/1000.
The last entry of errorHistory is 1.000000 for index 606979, 607/1000.
Terminated at swamp 1.
The last entry of errorHistory is 1.000641 for index 606980, 607/1000.
Terminated at swamp 0.5.
The last entry of errorHistory is 0.500296 for index 606981, 607/1000.
Terminated at swamp 0.5.
The last entry of errorHistory is 0.500070 for index 606982, 607/1000.
Terminated at swamp 0.5.
The last entry of errorHistory is 0.500661 for index 606983, 607/1000.
Terminated at swamp 0.5.
The last entry of errorHistory is 0.500012 for index 606984, 607/1000.
Terminated at swamp 1.5.
The last entry of errorHistory is 1.500000 for index 606985, 607/1000.
Terminated at swamp 0.5.
The last entry of errorHistory is 0.500474 for index 606986, 607/1000.
Terminated at swamp 0.5.
The last entry of errorHistory is 0.500523 for index 606987, 607/1000.
The last entry of errorHistory is 1.000000 for index 606988, 607/1000.
The last entry of errorHistory is 1.000000 for index 606989, 607/1000.
Terminated at swamp 0.5.
The last entry of errorHistory is 0.500017 for index 606990, 607/1000.
The last entry of errorHistory is 0.000010 for index 606991, 607/1000.
The last entry of errorHistory is 0.000031 for index 606992, 607/1000.
Terminated at swamp 0.5.
The last entry of errorHistory is 0.500925 for index 606993, 607/1000.
Terminated at swamp 0.5.
The last entry of errorHistory is 0.500600 for index 606994, 607/1000.
Terminated at swamp 0.5.
The last entry of errorHistory is 0.500351 for index 606995, 607/1000.
The last entry of errorHistory is 0.000025 for index 606996, 607/1000.
Terminated at swamp 0.5.
The last entry of errorHistory is 0.500028 for index 606997, 607/1000.
The last entry of errorHistory is 1.500000 for index 606998, 607/1000.
The last entry of errorHistory is 1.000000 for index 606999, 607/1000.
The last entry of errorHistory is 1.000000 for index 607000, 607/1000.
