
                            < M A T L A B (R) >
                  Copyright 1984-2018 The MathWorks, Inc.
                   R2018b (9.5.0.944444) 64-bit (glnxa64)
                              August 28, 2018

 
To get started, type doc.
For product information, visit www.mathworks.com.
 
Terminated at swamp 1.
The last entry of errorHistory is 1.000227 for index 618001, 619/1000.
The last entry of errorHistory is 0.500000 for index 618002, 619/1000.
The last entry of errorHistory is 0.000014 for index 618003, 619/1000.
Terminated at swamp 0.5.
The last entry of errorHistory is 0.500278 for index 618004, 619/1000.
Terminated at swamp 0.5.
The last entry of errorHistory is 0.500373 for index 618005, 619/1000.
Terminated at swamp 0.5.
The last entry of errorHistory is 0.500573 for index 618006, 619/1000.
Terminated at swamp 0.5.
The last entry of errorHistory is 0.500107 for index 618007, 619/1000.
Terminated at swamp 0.5.
The last entry of errorHistory is 0.500445 for index 618008, 619/1000.
Terminated at swamp 0.5.
The last entry of errorHistory is 0.500095 for index 618009, 619/1000.
Terminated at swamp 1.
The last entry of errorHistory is 1.000001 for index 618010, 619/1000.
The last entry of errorHistory is 0.500000 for index 618011, 619/1000.
Terminated at swamp 0.5.
The last entry of errorHistory is 0.500700 for index 618012, 619/1000.
Terminated at swamp 1.
The last entry of errorHistory is 1.000288 for index 618013, 619/1000.
The last entry of errorHistory is 1.000000 for index 618014, 619/1000.
Terminated at swamp 0.5.
The last entry of errorHistory is 0.500405 for index 618015, 619/1000.
Terminated at swamp 0.5.
The last entry of errorHistory is 0.500464 for index 618016, 619/1000.
Terminated at swamp 1.
The last entry of errorHistory is 1.000407 for index 618017, 619/1000.
The last entry of errorHistory is 0.000104 for index 618018, 619/1000.
The last entry of errorHistory is 1.000000 for index 618019, 619/1000.
Terminated at swamp 0.5.
The last entry of errorHistory is 0.500630 for index 618020, 619/1000.
Terminated at swamp 1.
The last entry of errorHistory is 1.000245 for index 618021, 619/1000.
The last entry of errorHistory is 0.500000 for index 618022, 619/1000.
Terminated at swamp 0.5.
The last entry of errorHistory is 0.500462 for index 618023, 619/1000.
The last entry of errorHistory is 1.000000 for index 618024, 619/1000.
Terminated at swamp 0.5.
The last entry of errorHistory is 0.500760 for index 618025, 619/1000.
Terminated at swamp 0.5.
The last entry of errorHistory is 0.500591 for index 618026, 619/1000.
The last entry of errorHistory is 0.000269 for index 618027, 619/1000.
The last entry of errorHistory is 0.500000 for index 618028, 619/1000.
Terminated at swamp 1.
The last entry of errorHistory is 1.000227 for index 618029, 619/1000.
Terminated at swamp 0.5.
The last entry of errorHistory is 0.500505 for index 618030, 619/1000.
The last entry of errorHistory is 1.000000 for index 618031, 619/1000.
The last entry of errorHistory is 1.000000 for index 618032, 619/1000.
The last entry of errorHistory is 0.000032 for index 618033, 619/1000.
Terminated at swamp 0.5.
The last entry of errorHistory is 0.500057 for index 618034, 619/1000.
The last entry of errorHistory is 1.000000 for index 618035, 619/1000.
Terminated at swamp 0.5.
The last entry of errorHistory is 0.500490 for index 618036, 619/1000.
The last entry of errorHistory is 0.000036 for index 618037, 619/1000.
The last entry of errorHistory is 1.000000 for index 618038, 619/1000.
The last entry of errorHistory is 0.000028 for index 618039, 619/1000.
Terminated at swamp 0.5.
The last entry of errorHistory is 0.500402 for index 618040, 619/1000.
Terminated at swamp 1.
The last entry of errorHistory is 1.000015 for index 618041, 619/1000.
Terminated at swamp 1.
The last entry of errorHistory is 1.000289 for index 618042, 619/1000.
Terminated at swamp 0.5.
The last entry of errorHistory is 0.500548 for index 618043, 619/1000.
Terminated at swamp 0.5.
The last entry of errorHistory is 0.500741 for index 618044, 619/1000.
The last entry of errorHistory is 0.000009 for index 618045, 619/1000.
Terminated at swamp 0.5.
The last entry of errorHistory is 0.500460 for index 618046, 619/1000.
Terminated at swamp 1.
The last entry of errorHistory is 1.000000 for index 618047, 619/1000.
Terminated at swamp 0.5.
The last entry of errorHistory is 0.500038 for index 618048, 619/1000.
Terminated at swamp 0.5.
The last entry of errorHistory is 0.500456 for index 618049, 619/1000.
Terminated at swamp 0.5.
The last entry of errorHistory is 0.500264 for index 618050, 619/1000.
Terminated at swamp 0.5.
The last entry of errorHistory is 0.500052 for index 618051, 619/1000.
The last entry of errorHistory is 1.000000 for index 618052, 619/1000.
The last entry of errorHistory is 1.000000 for index 618053, 619/1000.
Terminated at swamp 1.
The last entry of errorHistory is 1.000043 for index 618054, 619/1000.
Terminated at swamp 0.5.
The last entry of errorHistory is 0.500131 for index 618055, 619/1000.
Terminated at swamp 0.5.
The last entry of errorHistory is 0.500543 for index 618056, 619/1000.
Terminated at swamp 1.
The last entry of errorHistory is 1.000025 for index 618057, 619/1000.
Terminated at swamp 0.5.
The last entry of errorHistory is 0.500496 for index 618058, 619/1000.
The last entry of errorHistory is 0.000012 for index 618059, 619/1000.
The last entry of errorHistory is 1.500000 for index 618060, 619/1000.
Terminated at swamp 0.5.
The last entry of errorHistory is 0.500000 for index 618061, 619/1000.
Terminated at swamp 0.5.
The last entry of errorHistory is 0.500481 for index 618062, 619/1000.
Terminated at swamp 0.5.
The last entry of errorHistory is 0.500134 for index 618063, 619/1000.
Terminated at swamp 0.5.
The last entry of errorHistory is 0.500422 for index 618064, 619/1000.
Terminated at swamp 0.5.
The last entry of errorHistory is 0.500409 for index 618065, 619/1000.
Terminated at swamp 0.5.
The last entry of errorHistory is 0.500580 for index 618066, 619/1000.
Terminated at swamp 0.5.
The last entry of errorHistory is 0.500436 for index 618067, 619/1000.
Terminated at swamp 0.5.
The last entry of errorHistory is 0.500510 for index 618068, 619/1000.
The last entry of errorHistory is 1.000000 for index 618069, 619/1000.
The last entry of errorHistory is 1.000000 for index 618070, 619/1000.
Terminated at swamp 0.5.
The last entry of errorHistory is 0.500621 for index 618071, 619/1000.
Terminated at swamp 1.
The last entry of errorHistory is 1.000633 for index 618072, 619/1000.
Terminated at swamp 0.5.
The last entry of errorHistory is 0.500263 for index 618073, 619/1000.
Terminated at swamp 0.5.
The last entry of errorHistory is 0.500436 for index 618074, 619/1000.
Terminated at swamp 0.5.
The last entry of errorHistory is 0.500508 for index 618075, 619/1000.
Terminated at swamp 0.5.
The last entry of errorHistory is 0.500284 for index 618076, 619/1000.
Terminated at swamp 0.5.
The last entry of errorHistory is 0.500420 for index 618077, 619/1000.
Terminated at swamp 0.5.
The last entry of errorHistory is 0.500553 for index 618078, 619/1000.
Terminated at swamp 0.5.
The last entry of errorHistory is 0.500261 for index 618079, 619/1000.
The last entry of errorHistory is 1.000000 for index 618080, 619/1000.
The last entry of errorHistory is 1.000000 for index 618081, 619/1000.
The last entry of errorHistory is 0.000016 for index 618082, 619/1000.
The last entry of errorHistory is 0.000022 for index 618083, 619/1000.
Terminated at swamp 1.5.
The last entry of errorHistory is 1.500000 for index 618084, 619/1000.
The last entry of errorHistory is 0.500000 for index 618085, 619/1000.
The last entry of errorHistory is 0.000168 for index 618086, 619/1000.
Terminated at swamp 1.
The last entry of errorHistory is 1.000262 for index 618087, 619/1000.
Terminated at swamp 0.5.
The last entry of errorHistory is 0.500564 for index 618088, 619/1000.
Terminated at swamp 1.
The last entry of errorHistory is 1.000343 for index 618089, 619/1000.
Terminated at swamp 0.5.
The last entry of errorHistory is 0.500363 for index 618090, 619/1000.
The last entry of errorHistory is 0.000030 for index 618091, 619/1000.
Terminated at swamp 1.
The last entry of errorHistory is 1.000141 for index 618092, 619/1000.
Terminated at swamp 0.5.
The last entry of errorHistory is 0.500289 for index 618093, 619/1000.
Terminated at swamp 1.
The last entry of errorHistory is 1.000033 for index 618094, 619/1000.
Terminated at swamp 0.5.
The last entry of errorHistory is 0.500592 for index 618095, 619/1000.
Terminated at swamp 0.5.
The last entry of errorHistory is 0.500218 for index 618096, 619/1000.
Terminated at swamp 0.5.
The last entry of errorHistory is 0.500330 for index 618097, 619/1000.
Terminated at swamp 0.5.
The last entry of errorHistory is 0.500461 for index 618098, 619/1000.
Terminated at swamp 1.
The last entry of errorHistory is 1.000003 for index 618099, 619/1000.
Terminated at swamp 1.
The last entry of errorHistory is 1.000148 for index 618100, 619/1000.
The last entry of errorHistory is 0.000017 for index 618101, 619/1000.
Terminated at swamp 1.
The last entry of errorHistory is 1.000007 for index 618102, 619/1000.
Terminated at swamp 0.5.
The last entry of errorHistory is 0.500321 for index 618103, 619/1000.
The last entry of errorHistory is 1.000000 for index 618104, 619/1000.
The last entry of errorHistory is 0.000073 for index 618105, 619/1000.
The last entry of errorHistory is 0.000013 for index 618106, 619/1000.
The last entry of errorHistory is 1.000000 for index 618107, 619/1000.
The last entry of errorHistory is 0.002579 for index 618108, 619/1000.
The last entry of errorHistory is 1.000000 for index 618109, 619/1000.
The last entry of errorHistory is 1.000000 for index 618110, 619/1000.
The last entry of errorHistory is 0.000018 for index 618111, 619/1000.
Terminated at swamp 0.5.
The last entry of errorHistory is 0.500362 for index 618112, 619/1000.
Terminated at swamp 0.5.
The last entry of errorHistory is 0.500495 for index 618113, 619/1000.
Terminated at swamp 0.5.
The last entry of errorHistory is 0.500046 for index 618114, 619/1000.
The last entry of errorHistory is 0.000015 for index 618115, 619/1000.
The last entry of errorHistory is 1.000000 for index 618116, 619/1000.
Terminated at swamp 0.5.
The last entry of errorHistory is 0.500414 for index 618117, 619/1000.
Terminated at swamp 0.5.
The last entry of errorHistory is 0.500226 for index 618118, 619/1000.
Terminated at swamp 0.5.
The last entry of errorHistory is 0.500056 for index 618119, 619/1000.
Terminated at swamp 1.
The last entry of errorHistory is 1.000204 for index 618120, 619/1000.
The last entry of errorHistory is 1.000000 for index 618121, 619/1000.
Terminated at swamp 1.
The last entry of errorHistory is 1.000002 for index 618122, 619/1000.
Terminated at swamp 1.
The last entry of errorHistory is 1.000001 for index 618123, 619/1000.
The last entry of errorHistory is 0.000015 for index 618124, 619/1000.
Terminated at swamp 1.
The last entry of errorHistory is 1.000084 for index 618125, 619/1000.
Terminated at swamp 0.5.
The last entry of errorHistory is 0.500384 for index 618126, 619/1000.
Terminated at swamp 1.
The last entry of errorHistory is 1.000468 for index 618127, 619/1000.
Terminated at swamp 0.5.
The last entry of errorHistory is 0.500506 for index 618128, 619/1000.
The last entry of errorHistory is 0.000024 for index 618129, 619/1000.
The last entry of errorHistory is 0.000055 for index 618130, 619/1000.
Terminated at swamp 0.5.
The last entry of errorHistory is 0.500530 for index 618131, 619/1000.
Terminated at swamp 1.
The last entry of errorHistory is 1.000000 for index 618132, 619/1000.
Terminated at swamp 0.5.
The last entry of errorHistory is 0.500291 for index 618133, 619/1000.
Terminated at swamp 0.5.
The last entry of errorHistory is 0.500000 for index 618134, 619/1000.
The last entry of errorHistory is 1.500000 for index 618135, 619/1000.
Terminated at swamp 0.5.
The last entry of errorHistory is 0.500549 for index 618136, 619/1000.
Terminated at swamp 0.5.
The last entry of errorHistory is 0.500021 for index 618137, 619/1000.
Terminated at swamp 0.5.
The last entry of errorHistory is 0.500607 for index 618138, 619/1000.
Terminated at swamp 0.5.
The last entry of errorHistory is 0.500374 for index 618139, 619/1000.
The last entry of errorHistory is 0.500000 for index 618140, 619/1000.
Terminated at swamp 0.5.
The last entry of errorHistory is 0.500627 for index 618141, 619/1000.
Terminated at swamp 0.5.
The last entry of errorHistory is 0.500451 for index 618142, 619/1000.
Terminated at swamp 0.5.
The last entry of errorHistory is 0.500030 for index 618143, 619/1000.
Terminated at swamp 0.5.
The last entry of errorHistory is 0.500281 for index 618144, 619/1000.
Terminated at swamp 1.
The last entry of errorHistory is 1.000190 for index 618145, 619/1000.
Terminated at swamp 0.5.
The last entry of errorHistory is 0.500030 for index 618146, 619/1000.
Terminated at swamp 0.5.
The last entry of errorHistory is 0.500513 for index 618147, 619/1000.
Terminated at swamp 0.5.
The last entry of errorHistory is 0.500205 for index 618148, 619/1000.
Terminated at swamp 0.5.
The last entry of errorHistory is 0.500298 for index 618149, 619/1000.
Terminated at swamp 0.5.
The last entry of errorHistory is 0.500395 for index 618150, 619/1000.
Terminated at swamp 0.5.
The last entry of errorHistory is 0.500414 for index 618151, 619/1000.
Terminated at swamp 0.5.
The last entry of errorHistory is 0.500480 for index 618152, 619/1000.
The last entry of errorHistory is 0.000038 for index 618153, 619/1000.
The last entry of errorHistory is 0.500000 for index 618154, 619/1000.
Terminated at swamp 0.5.
The last entry of errorHistory is 0.500228 for index 618155, 619/1000.
The last entry of errorHistory is 1.000000 for index 618156, 619/1000.
Terminated at swamp 0.5.
The last entry of errorHistory is 0.500532 for index 618157, 619/1000.
Terminated at swamp 0.5.
The last entry of errorHistory is 0.500119 for index 618158, 619/1000.
The last entry of errorHistory is 0.000037 for index 618159, 619/1000.
Terminated at swamp 0.5.
The last entry of errorHistory is 0.500419 for index 618160, 619/1000.
Terminated at swamp 0.5.
The last entry of errorHistory is 0.500471 for index 618161, 619/1000.
The last entry of errorHistory is 0.000013 for index 618162, 619/1000.
The last entry of errorHistory is 0.000031 for index 618163, 619/1000.
The last entry of errorHistory is 0.500000 for index 618164, 619/1000.
Terminated at swamp 0.5.
The last entry of errorHistory is 0.500461 for index 618165, 619/1000.
Terminated at swamp 0.5.
The last entry of errorHistory is 0.500353 for index 618166, 619/1000.
The last entry of errorHistory is 1.000000 for index 618167, 619/1000.
Terminated at swamp 0.5.
The last entry of errorHistory is 0.500496 for index 618168, 619/1000.
The last entry of errorHistory is 0.000021 for index 618169, 619/1000.
Terminated at swamp 0.5.
The last entry of errorHistory is 0.500747 for index 618170, 619/1000.
Terminated at swamp 0.5.
The last entry of errorHistory is 0.500512 for index 618171, 619/1000.
Terminated at swamp 0.5.
The last entry of errorHistory is 0.500545 for index 618172, 619/1000.
The last entry of errorHistory is 1.000000 for index 618173, 619/1000.
Terminated at swamp 0.5.
The last entry of errorHistory is 0.500555 for index 618174, 619/1000.
Terminated at swamp 1.
The last entry of errorHistory is 1.000216 for index 618175, 619/1000.
The last entry of errorHistory is 0.000013 for index 618176, 619/1000.
Terminated at swamp 0.5.
The last entry of errorHistory is 0.500137 for index 618177, 619/1000.
Terminated at swamp 0.5.
The last entry of errorHistory is 0.500358 for index 618178, 619/1000.
The last entry of errorHistory is 1.000000 for index 618179, 619/1000.
Terminated at swamp 0.5.
The last entry of errorHistory is 0.500170 for index 618180, 619/1000.
Terminated at swamp 1.
The last entry of errorHistory is 1.000000 for index 618181, 619/1000.
Terminated at swamp 0.5.
The last entry of errorHistory is 0.500620 for index 618182, 619/1000.
The last entry of errorHistory is 0.500000 for index 618183, 619/1000.
The last entry of errorHistory is 1.000000 for index 618184, 619/1000.
Terminated at swamp 0.5.
The last entry of errorHistory is 0.500435 for index 618185, 619/1000.
The last entry of errorHistory is 1.000000 for index 618186, 619/1000.
The last entry of errorHistory is 0.500000 for index 618187, 619/1000.
Terminated at swamp 0.5.
The last entry of errorHistory is 0.500914 for index 618188, 619/1000.
Terminated at swamp 0.5.
The last entry of errorHistory is 0.500443 for index 618189, 619/1000.
The last entry of errorHistory is 0.000081 for index 618190, 619/1000.
The last entry of errorHistory is 0.000014 for index 618191, 619/1000.
The last entry of errorHistory is 1.000000 for index 618192, 619/1000.
The last entry of errorHistory is 0.000030 for index 618193, 619/1000.
Terminated at swamp 1.
The last entry of errorHistory is 1.000273 for index 618194, 619/1000.
The last entry of errorHistory is 1.000000 for index 618195, 619/1000.
Terminated at swamp 0.5.
The last entry of errorHistory is 0.500528 for index 618196, 619/1000.
Terminated at swamp 1.
The last entry of errorHistory is 1.000037 for index 618197, 619/1000.
Terminated at swamp 0.5.
The last entry of errorHistory is 0.500543 for index 618198, 619/1000.
The last entry of errorHistory is 0.000061 for index 618199, 619/1000.
Terminated at swamp 0.5.
The last entry of errorHistory is 0.500018 for index 618200, 619/1000.
The last entry of errorHistory is 1.000000 for index 618201, 619/1000.
Terminated at swamp 0.5.
The last entry of errorHistory is 0.500592 for index 618202, 619/1000.
Terminated at swamp 0.5.
The last entry of errorHistory is 0.500367 for index 618203, 619/1000.
Terminated at swamp 1.
The last entry of errorHistory is 1.000001 for index 618204, 619/1000.
Terminated at swamp 0.5.
The last entry of errorHistory is 0.500161 for index 618205, 619/1000.
The last entry of errorHistory is 1.500000 for index 618206, 619/1000.
The last entry of errorHistory is 1.000000 for index 618207, 619/1000.
Terminated at swamp 1.
The last entry of errorHistory is 1.000016 for index 618208, 619/1000.
Terminated at swamp 0.5.
The last entry of errorHistory is 0.500061 for index 618209, 619/1000.
The last entry of errorHistory is 1.000000 for index 618210, 619/1000.
Terminated at swamp 0.5.
The last entry of errorHistory is 0.500168 for index 618211, 619/1000.
Terminated at swamp 1.
The last entry of errorHistory is 1.000082 for index 618212, 619/1000.
Terminated at swamp 0.5.
The last entry of errorHistory is 0.500277 for index 618213, 619/1000.
The last entry of errorHistory is 0.000014 for index 618214, 619/1000.
The last entry of errorHistory is 0.500000 for index 618215, 619/1000.
Terminated at swamp 0.5.
The last entry of errorHistory is 0.500676 for index 618216, 619/1000.
Terminated at swamp 1.
The last entry of errorHistory is 1.000014 for index 618217, 619/1000.
Terminated at swamp 0.5.
The last entry of errorHistory is 0.500465 for index 618218, 619/1000.
Terminated at swamp 1.
The last entry of errorHistory is 1.000017 for index 618219, 619/1000.
Terminated at swamp 1.
The last entry of errorHistory is 1.000292 for index 618220, 619/1000.
The last entry of errorHistory is 0.000610 for index 618221, 619/1000.
The last entry of errorHistory is 1.000000 for index 618222, 619/1000.
Terminated at swamp 0.5.
The last entry of errorHistory is 0.500307 for index 618223, 619/1000.
Terminated at swamp 0.5.
The last entry of errorHistory is 0.500416 for index 618224, 619/1000.
Terminated at swamp 0.5.
The last entry of errorHistory is 0.500362 for index 618225, 619/1000.
Terminated at swamp 0.5.
The last entry of errorHistory is 0.500346 for index 618226, 619/1000.
The last entry of errorHistory is 0.500000 for index 618227, 619/1000.
The last entry of errorHistory is 0.000143 for index 618228, 619/1000.
Terminated at swamp 1.
The last entry of errorHistory is 1.000000 for index 618229, 619/1000.
Terminated at swamp 0.5.
The last entry of errorHistory is 0.500527 for index 618230, 619/1000.
The last entry of errorHistory is 1.000000 for index 618231, 619/1000.
Terminated at swamp 0.5.
The last entry of errorHistory is 0.500299 for index 618232, 619/1000.
The last entry of errorHistory is 0.000050 for index 618233, 619/1000.
Terminated at swamp 1.
The last entry of errorHistory is 1.000000 for index 618234, 619/1000.
The last entry of errorHistory is 0.500000 for index 618235, 619/1000.
The last entry of errorHistory is 0.000028 for index 618236, 619/1000.
Terminated at swamp 0.5.
The last entry of errorHistory is 0.500923 for index 618237, 619/1000.
Terminated at swamp 0.5.
The last entry of errorHistory is 0.500213 for index 618238, 619/1000.
The last entry of errorHistory is 1.000000 for index 618239, 619/1000.
The last entry of errorHistory is 1.000000 for index 618240, 619/1000.
Terminated at swamp 1.
The last entry of errorHistory is 1.000329 for index 618241, 619/1000.
The last entry of errorHistory is 1.500000 for index 618242, 619/1000.
The last entry of errorHistory is 1.000000 for index 618243, 619/1000.
The last entry of errorHistory is 0.000025 for index 618244, 619/1000.
Terminated at swamp 0.5.
The last entry of errorHistory is 0.500194 for index 618245, 619/1000.
Terminated at swamp 0.5.
The last entry of errorHistory is 0.500016 for index 618246, 619/1000.
Terminated at swamp 0.5.
The last entry of errorHistory is 0.500592 for index 618247, 619/1000.
The last entry of errorHistory is 0.000024 for index 618248, 619/1000.
Terminated at swamp 0.5.
The last entry of errorHistory is 0.500379 for index 618249, 619/1000.
Terminated at swamp 0.5.
The last entry of errorHistory is 0.500446 for index 618250, 619/1000.
Terminated at swamp 1.
The last entry of errorHistory is 1.000000 for index 618251, 619/1000.
The last entry of errorHistory is 0.000024 for index 618252, 619/1000.
The last entry of errorHistory is 0.000076 for index 618253, 619/1000.
Terminated at swamp 1.
The last entry of errorHistory is 1.000313 for index 618254, 619/1000.
Terminated at swamp 0.5.
The last entry of errorHistory is 0.500040 for index 618255, 619/1000.
The last entry of errorHistory is 0.000028 for index 618256, 619/1000.
The last entry of errorHistory is 1.500000 for index 618257, 619/1000.
Terminated at swamp 0.5.
The last entry of errorHistory is 0.500526 for index 618258, 619/1000.
Terminated at swamp 0.5.
The last entry of errorHistory is 0.500369 for index 618259, 619/1000.
Terminated at swamp 1.
The last entry of errorHistory is 1.000000 for index 618260, 619/1000.
The last entry of errorHistory is 0.500000 for index 618261, 619/1000.
Terminated at swamp 1.
The last entry of errorHistory is 1.000215 for index 618262, 619/1000.
Terminated at swamp 0.5.
The last entry of errorHistory is 0.500963 for index 618263, 619/1000.
The last entry of errorHistory is 0.000018 for index 618264, 619/1000.
Terminated at swamp 1.
The last entry of errorHistory is 1.000019 for index 618265, 619/1000.
Terminated at swamp 0.5.
The last entry of errorHistory is 0.500499 for index 618266, 619/1000.
The last entry of errorHistory is 0.000070 for index 618267, 619/1000.
Terminated at swamp 1.
The last entry of errorHistory is 1.000000 for index 618268, 619/1000.
Terminated at swamp 1.
The last entry of errorHistory is 1.000000 for index 618269, 619/1000.
Terminated at swamp 1.5.
The last entry of errorHistory is 1.500000 for index 618270, 619/1000.
The last entry of errorHistory is 1.500000 for index 618271, 619/1000.
Terminated at swamp 0.5.
The last entry of errorHistory is 0.500383 for index 618272, 619/1000.
The last entry of errorHistory is 0.000017 for index 618273, 619/1000.
The last entry of errorHistory is 1.000000 for index 618274, 619/1000.
The last entry of errorHistory is 0.000045 for index 618275, 619/1000.
The last entry of errorHistory is 0.000015 for index 618276, 619/1000.
Terminated at swamp 1.
The last entry of errorHistory is 1.000001 for index 618277, 619/1000.
The last entry of errorHistory is 1.500000 for index 618278, 619/1000.
Terminated at swamp 1.
The last entry of errorHistory is 1.000000 for index 618279, 619/1000.
Terminated at swamp 0.5.
The last entry of errorHistory is 0.500360 for index 618280, 619/1000.
Terminated at swamp 0.5.
The last entry of errorHistory is 0.500548 for index 618281, 619/1000.
Terminated at swamp 1.
The last entry of errorHistory is 1.000362 for index 618282, 619/1000.
The last entry of errorHistory is 1.000000 for index 618283, 619/1000.
The last entry of errorHistory is 0.000017 for index 618284, 619/1000.
The last entry of errorHistory is 1.000000 for index 618285, 619/1000.
The last entry of errorHistory is 0.000015 for index 618286, 619/1000.
Terminated at swamp 1.
The last entry of errorHistory is 1.000297 for index 618287, 619/1000.
Terminated at swamp 0.5.
The last entry of errorHistory is 0.500459 for index 618288, 619/1000.
Terminated at swamp 1.
The last entry of errorHistory is 1.000001 for index 618289, 619/1000.
Terminated at swamp 0.5.
The last entry of errorHistory is 0.499037 for index 618290, 619/1000.
The last entry of errorHistory is 1.000000 for index 618291, 619/1000.
Terminated at swamp 0.5.
The last entry of errorHistory is 0.500112 for index 618292, 619/1000.
Terminated at swamp 0.5.
The last entry of errorHistory is 0.500631 for index 618293, 619/1000.
Terminated at swamp 1.
The last entry of errorHistory is 1.000214 for index 618294, 619/1000.
The last entry of errorHistory is 0.000045 for index 618295, 619/1000.
Terminated at swamp 0.5.
The last entry of errorHistory is 0.500023 for index 618296, 619/1000.
The last entry of errorHistory is 1.000000 for index 618297, 619/1000.
The last entry of errorHistory is 0.000276 for index 618298, 619/1000.
Terminated at swamp 1.
The last entry of errorHistory is 1.000240 for index 618299, 619/1000.
Terminated at swamp 0.5.
The last entry of errorHistory is 0.500044 for index 618300, 619/1000.
The last entry of errorHistory is 0.000665 for index 618301, 619/1000.
The last entry of errorHistory is 1.000000 for index 618302, 619/1000.
Terminated at swamp 0.5.
The last entry of errorHistory is 0.500087 for index 618303, 619/1000.
Terminated at swamp 1.
The last entry of errorHistory is 1.000406 for index 618304, 619/1000.
Terminated at swamp 0.5.
The last entry of errorHistory is 0.500563 for index 618305, 619/1000.
Terminated at swamp 0.5.
The last entry of errorHistory is 0.500644 for index 618306, 619/1000.
The last entry of errorHistory is 0.500000 for index 618307, 619/1000.
The last entry of errorHistory is 0.500000 for index 618308, 619/1000.
Terminated at swamp 1.
The last entry of errorHistory is 1.000049 for index 618309, 619/1000.
Terminated at swamp 0.5.
The last entry of errorHistory is 0.500593 for index 618310, 619/1000.
Terminated at swamp 0.5.
The last entry of errorHistory is 0.500376 for index 618311, 619/1000.
Terminated at swamp 1.
The last entry of errorHistory is 1.000000 for index 618312, 619/1000.
The last entry of errorHistory is 1.000000 for index 618313, 619/1000.
The last entry of errorHistory is 0.500000 for index 618314, 619/1000.
Terminated at swamp 0.5.
The last entry of errorHistory is 0.500197 for index 618315, 619/1000.
The last entry of errorHistory is 1.000000 for index 618316, 619/1000.
The last entry of errorHistory is 0.000015 for index 618317, 619/1000.
Terminated at swamp 0.5.
The last entry of errorHistory is 0.500571 for index 618318, 619/1000.
Terminated at swamp 0.5.
The last entry of errorHistory is 0.500569 for index 618319, 619/1000.
The last entry of errorHistory is 0.500000 for index 618320, 619/1000.
Terminated at swamp 0.5.
The last entry of errorHistory is 0.500144 for index 618321, 619/1000.
Terminated at swamp 0.5.
The last entry of errorHistory is 0.500524 for index 618322, 619/1000.
Terminated at swamp 0.5.
The last entry of errorHistory is 0.500361 for index 618323, 619/1000.
The last entry of errorHistory is 0.500000 for index 618324, 619/1000.
The last entry of errorHistory is 0.500000 for index 618325, 619/1000.
Terminated at swamp 0.5.
The last entry of errorHistory is 0.500004 for index 618326, 619/1000.
The last entry of errorHistory is 1.000000 for index 618327, 619/1000.
Terminated at swamp 0.5.
The last entry of errorHistory is 0.500351 for index 618328, 619/1000.
Terminated at swamp 0.5.
The last entry of errorHistory is 0.500801 for index 618329, 619/1000.
The last entry of errorHistory is 0.000027 for index 618330, 619/1000.
Terminated at swamp 0.5.
The last entry of errorHistory is 0.500180 for index 618331, 619/1000.
Terminated at swamp 0.5.
The last entry of errorHistory is 0.500441 for index 618332, 619/1000.
The last entry of errorHistory is 1.000000 for index 618333, 619/1000.
Terminated at swamp 0.5.
The last entry of errorHistory is 0.500573 for index 618334, 619/1000.
The last entry of errorHistory is 0.500000 for index 618335, 619/1000.
Terminated at swamp 1.
The last entry of errorHistory is 1.000326 for index 618336, 619/1000.
The last entry of errorHistory is 1.000000 for index 618337, 619/1000.
Terminated at swamp 1.
The last entry of errorHistory is 1.000181 for index 618338, 619/1000.
Terminated at swamp 0.5.
The last entry of errorHistory is 0.500323 for index 618339, 619/1000.
Terminated at swamp 1.
The last entry of errorHistory is 1.000000 for index 618340, 619/1000.
The last entry of errorHistory is 1.000000 for index 618341, 619/1000.
Terminated at swamp 0.5.
The last entry of errorHistory is 0.500553 for index 618342, 619/1000.
Terminated at swamp 0.5.
The last entry of errorHistory is 0.500425 for index 618343, 619/1000.
The last entry of errorHistory is 0.500000 for index 618344, 619/1000.
Terminated at swamp 0.5.
The last entry of errorHistory is 0.500423 for index 618345, 619/1000.
Terminated at swamp 0.5.
The last entry of errorHistory is 0.500056 for index 618346, 619/1000.
The last entry of errorHistory is 0.000803 for index 618347, 619/1000.
Terminated at swamp 0.5.
The last entry of errorHistory is 0.500300 for index 618348, 619/1000.
Terminated at swamp 0.5.
The last entry of errorHistory is 0.500589 for index 618349, 619/1000.
The last entry of errorHistory is 0.000928 for index 618350, 619/1000.
Terminated at swamp 1.5.
The last entry of errorHistory is 1.500005 for index 618351, 619/1000.
The last entry of errorHistory is 0.000097 for index 618352, 619/1000.
Terminated at swamp 0.5.
The last entry of errorHistory is 0.500367 for index 618353, 619/1000.
Terminated at swamp 0.5.
The last entry of errorHistory is 0.500160 for index 618354, 619/1000.
Terminated at swamp 0.5.
The last entry of errorHistory is 0.500487 for index 618355, 619/1000.
Terminated at swamp 0.5.
The last entry of errorHistory is 0.500330 for index 618356, 619/1000.
Terminated at swamp 1.
The last entry of errorHistory is 1.000000 for index 618357, 619/1000.
Terminated at swamp 0.5.
The last entry of errorHistory is 0.500001 for index 618358, 619/1000.
The last entry of errorHistory is 0.500000 for index 618359, 619/1000.
The last entry of errorHistory is 1.000000 for index 618360, 619/1000.
Terminated at swamp 0.5.
The last entry of errorHistory is 0.500549 for index 618361, 619/1000.
The last entry of errorHistory is 1.000000 for index 618362, 619/1000.
Terminated at swamp 0.5.
The last entry of errorHistory is 0.500443 for index 618363, 619/1000.
Terminated at swamp 0.5.
The last entry of errorHistory is 0.500654 for index 618364, 619/1000.
Terminated at swamp 0.5.
The last entry of errorHistory is 0.500720 for index 618365, 619/1000.
The last entry of errorHistory is 1.000000 for index 618366, 619/1000.
The last entry of errorHistory is 1.000000 for index 618367, 619/1000.
Terminated at swamp 0.5.
The last entry of errorHistory is 0.500245 for index 618368, 619/1000.
Terminated at swamp 1.
The last entry of errorHistory is 1.000000 for index 618369, 619/1000.
The last entry of errorHistory is 1.000000 for index 618370, 619/1000.
Terminated at swamp 1.
The last entry of errorHistory is 1.000121 for index 618371, 619/1000.
Terminated at swamp 0.5.
The last entry of errorHistory is 0.500408 for index 618372, 619/1000.
Terminated at swamp 0.5.
The last entry of errorHistory is 0.500137 for index 618373, 619/1000.
The last entry of errorHistory is 1.500000 for index 618374, 619/1000.
Terminated at swamp 1.
The last entry of errorHistory is 1.000509 for index 618375, 619/1000.
The last entry of errorHistory is 0.500000 for index 618376, 619/1000.
The last entry of errorHistory is 1.000000 for index 618377, 619/1000.
The last entry of errorHistory is 1.000000 for index 618378, 619/1000.
The last entry of errorHistory is 0.000078 for index 618379, 619/1000.
Terminated at swamp 1.
The last entry of errorHistory is 1.000104 for index 618380, 619/1000.
Terminated at swamp 0.5.
The last entry of errorHistory is 0.500379 for index 618381, 619/1000.
The last entry of errorHistory is 1.000000 for index 618382, 619/1000.
The last entry of errorHistory is 0.000022 for index 618383, 619/1000.
The last entry of errorHistory is 1.500000 for index 618384, 619/1000.
Terminated at swamp 0.5.
The last entry of errorHistory is 0.500868 for index 618385, 619/1000.
The last entry of errorHistory is 0.000057 for index 618386, 619/1000.
Terminated at swamp 0.5.
The last entry of errorHistory is 0.500481 for index 618387, 619/1000.
Terminated at swamp 1.5.
The last entry of errorHistory is 1.500332 for index 618388, 619/1000.
Terminated at swamp 1.
The last entry of errorHistory is 1.000037 for index 618389, 619/1000.
Terminated at swamp 1.
The last entry of errorHistory is 1.000059 for index 618390, 619/1000.
The last entry of errorHistory is 1.500000 for index 618391, 619/1000.
Terminated at swamp 1.
The last entry of errorHistory is 1.000123 for index 618392, 619/1000.
The last entry of errorHistory is 0.000032 for index 618393, 619/1000.
Terminated at swamp 1.
The last entry of errorHistory is 1.000432 for index 618394, 619/1000.
Terminated at swamp 0.5.
The last entry of errorHistory is 0.500611 for index 618395, 619/1000.
Terminated at swamp 1.
The last entry of errorHistory is 1.000841 for index 618396, 619/1000.
Terminated at swamp 1.
The last entry of errorHistory is 1.000436 for index 618397, 619/1000.
The last entry of errorHistory is 0.000010 for index 618398, 619/1000.
Terminated at swamp 0.5.
The last entry of errorHistory is 0.500679 for index 618399, 619/1000.
The last entry of errorHistory is 1.000000 for index 618400, 619/1000.
The last entry of errorHistory is 1.000000 for index 618401, 619/1000.
Terminated at swamp 0.5.
The last entry of errorHistory is 0.500546 for index 618402, 619/1000.
Terminated at swamp 0.5.
The last entry of errorHistory is 0.500097 for index 618403, 619/1000.
The last entry of errorHistory is 0.000086 for index 618404, 619/1000.
Terminated at swamp 0.5.
The last entry of errorHistory is 0.500653 for index 618405, 619/1000.
Terminated at swamp 0.5.
The last entry of errorHistory is 0.500801 for index 618406, 619/1000.
Terminated at swamp 0.5.
The last entry of errorHistory is 0.500753 for index 618407, 619/1000.
Terminated at swamp 0.5.
The last entry of errorHistory is 0.500139 for index 618408, 619/1000.
Terminated at swamp 1.
The last entry of errorHistory is 1.000000 for index 618409, 619/1000.
Terminated at swamp 1.
The last entry of errorHistory is 1.000298 for index 618410, 619/1000.
Terminated at swamp 0.5.
The last entry of errorHistory is 0.500325 for index 618411, 619/1000.
The last entry of errorHistory is 0.000360 for index 618412, 619/1000.
The last entry of errorHistory is 0.000014 for index 618413, 619/1000.
Terminated at swamp 0.5.
The last entry of errorHistory is 0.500365 for index 618414, 619/1000.
The last entry of errorHistory is 0.000045 for index 618415, 619/1000.
The last entry of errorHistory is 1.000000 for index 618416, 619/1000.
The last entry of errorHistory is 1.000000 for index 618417, 619/1000.
Terminated at swamp 0.5.
The last entry of errorHistory is 0.500148 for index 618418, 619/1000.
The last entry of errorHistory is 0.000694 for index 618419, 619/1000.
Terminated at swamp 0.5.
The last entry of errorHistory is 0.500762 for index 618420, 619/1000.
Terminated at swamp 1.
The last entry of errorHistory is 1.000031 for index 618421, 619/1000.
Terminated at swamp 0.5.
The last entry of errorHistory is 0.500670 for index 618422, 619/1000.
The last entry of errorHistory is 0.500000 for index 618423, 619/1000.
Terminated at swamp 0.5.
The last entry of errorHistory is 0.500361 for index 618424, 619/1000.
Terminated at swamp 0.5.
The last entry of errorHistory is 0.500430 for index 618425, 619/1000.
Terminated at swamp 0.5.
The last entry of errorHistory is 0.500345 for index 618426, 619/1000.
Terminated at swamp 1.5.
The last entry of errorHistory is 1.500000 for index 618427, 619/1000.
Terminated at swamp 0.5.
The last entry of errorHistory is 0.500001 for index 618428, 619/1000.
Terminated at swamp 0.5.
The last entry of errorHistory is 0.500297 for index 618429, 619/1000.
The last entry of errorHistory is 1.000000 for index 618430, 619/1000.
Terminated at swamp 0.5.
The last entry of errorHistory is 0.500256 for index 618431, 619/1000.
Terminated at swamp 0.5.
The last entry of errorHistory is 0.500487 for index 618432, 619/1000.
Terminated at swamp 0.5.
The last entry of errorHistory is 0.500479 for index 618433, 619/1000.
Terminated at swamp 0.5.
The last entry of errorHistory is 0.500035 for index 618434, 619/1000.
Terminated at swamp 0.5.
The last entry of errorHistory is 0.500487 for index 618435, 619/1000.
The last entry of errorHistory is 1.000000 for index 618436, 619/1000.
The last entry of errorHistory is 0.500000 for index 618437, 619/1000.
The last entry of errorHistory is 0.000061 for index 618438, 619/1000.
Terminated at swamp 1.
The last entry of errorHistory is 1.000881 for index 618439, 619/1000.
The last entry of errorHistory is 1.000000 for index 618440, 619/1000.
Terminated at swamp 0.5.
The last entry of errorHistory is 0.500188 for index 618441, 619/1000.
The last entry of errorHistory is 0.000036 for index 618442, 619/1000.
The last entry of errorHistory is 0.000014 for index 618443, 619/1000.
Terminated at swamp 1.
The last entry of errorHistory is 1.000013 for index 618444, 619/1000.
The last entry of errorHistory is 0.000038 for index 618445, 619/1000.
Terminated at swamp 0.5.
The last entry of errorHistory is 0.500603 for index 618446, 619/1000.
The last entry of errorHistory is 1.000000 for index 618447, 619/1000.
Terminated at swamp 0.5.
The last entry of errorHistory is 0.500594 for index 618448, 619/1000.
The last entry of errorHistory is 0.000011 for index 618449, 619/1000.
Terminated at swamp 0.5.
The last entry of errorHistory is 0.500892 for index 618450, 619/1000.
Terminated at swamp 0.5.
The last entry of errorHistory is 0.500230 for index 618451, 619/1000.
The last entry of errorHistory is 0.500000 for index 618452, 619/1000.
Terminated at swamp 0.5.
The last entry of errorHistory is 0.500264 for index 618453, 619/1000.
The last entry of errorHistory is 0.000011 for index 618454, 619/1000.
Terminated at swamp 0.5.
The last entry of errorHistory is 0.500417 for index 618455, 619/1000.
Terminated at swamp 0.5.
The last entry of errorHistory is 0.500245 for index 618456, 619/1000.
Terminated at swamp 1.
The last entry of errorHistory is 1.000079 for index 618457, 619/1000.
Terminated at swamp 1.
The last entry of errorHistory is 1.000033 for index 618458, 619/1000.
Terminated at swamp 1.
The last entry of errorHistory is 1.000220 for index 618459, 619/1000.
Terminated at swamp 0.5.
The last entry of errorHistory is 0.500504 for index 618460, 619/1000.
The last entry of errorHistory is 0.000052 for index 618461, 619/1000.
The last entry of errorHistory is 1.000000 for index 618462, 619/1000.
The last entry of errorHistory is 0.500000 for index 618463, 619/1000.
Terminated at swamp 0.5.
The last entry of errorHistory is 0.500552 for index 618464, 619/1000.
Terminated at swamp 1.
The last entry of errorHistory is 1.000127 for index 618465, 619/1000.
The last entry of errorHistory is 0.500000 for index 618466, 619/1000.
The last entry of errorHistory is 0.000028 for index 618467, 619/1000.
Terminated at swamp 0.5.
The last entry of errorHistory is 0.500000 for index 618468, 619/1000.
The last entry of errorHistory is 1.000000 for index 618469, 619/1000.
Terminated at swamp 1.
The last entry of errorHistory is 1.000275 for index 618470, 619/1000.
The last entry of errorHistory is 1.500000 for index 618471, 619/1000.
The last entry of errorHistory is 0.500000 for index 618472, 619/1000.
Terminated at swamp 0.5.
The last entry of errorHistory is 0.500484 for index 618473, 619/1000.
Terminated at swamp 0.5.
The last entry of errorHistory is 0.500679 for index 618474, 619/1000.
Terminated at swamp 0.5.
The last entry of errorHistory is 0.500506 for index 618475, 619/1000.
Terminated at swamp 0.5.
The last entry of errorHistory is 0.500350 for index 618476, 619/1000.
The last entry of errorHistory is 1.000000 for index 618477, 619/1000.
The last entry of errorHistory is 0.000022 for index 618478, 619/1000.
Terminated at swamp 0.5.
The last entry of errorHistory is 0.500485 for index 618479, 619/1000.
The last entry of errorHistory is 0.500000 for index 618480, 619/1000.
Terminated at swamp 1.
The last entry of errorHistory is 1.000295 for index 618481, 619/1000.
The last entry of errorHistory is 0.001150 for index 618482, 619/1000.
The last entry of errorHistory is 0.000248 for index 618483, 619/1000.
Terminated at swamp 1.5.
The last entry of errorHistory is 1.500000 for index 618484, 619/1000.
Terminated at swamp 0.5.
The last entry of errorHistory is 0.500116 for index 618485, 619/1000.
Terminated at swamp 0.5.
The last entry of errorHistory is 0.500324 for index 618486, 619/1000.
Terminated at swamp 0.5.
The last entry of errorHistory is 0.500164 for index 618487, 619/1000.
Terminated at swamp 0.5.
The last entry of errorHistory is 0.500850 for index 618488, 619/1000.
Terminated at swamp 0.5.
The last entry of errorHistory is 0.500439 for index 618489, 619/1000.
Terminated at swamp 0.5.
The last entry of errorHistory is 0.500494 for index 618490, 619/1000.
Terminated at swamp 0.5.
The last entry of errorHistory is 0.500503 for index 618491, 619/1000.
The last entry of errorHistory is 1.000000 for index 618492, 619/1000.
Terminated at swamp 1.
The last entry of errorHistory is 1.000336 for index 618493, 619/1000.
Terminated at swamp 0.5.
The last entry of errorHistory is 0.500447 for index 618494, 619/1000.
Terminated at swamp 0.5.
The last entry of errorHistory is 0.500513 for index 618495, 619/1000.
The last entry of errorHistory is 0.500000 for index 618496, 619/1000.
Terminated at swamp 0.5.
The last entry of errorHistory is 0.500041 for index 618497, 619/1000.
Terminated at swamp 1.
The last entry of errorHistory is 1.000009 for index 618498, 619/1000.
Terminated at swamp 0.5.
The last entry of errorHistory is 0.500325 for index 618499, 619/1000.
The last entry of errorHistory is 0.500000 for index 618500, 619/1000.
The last entry of errorHistory is 0.000016 for index 618501, 619/1000.
Terminated at swamp 1.
The last entry of errorHistory is 1.000423 for index 618502, 619/1000.
Terminated at swamp 0.5.
The last entry of errorHistory is 0.500435 for index 618503, 619/1000.
The last entry of errorHistory is 1.500000 for index 618504, 619/1000.
The last entry of errorHistory is 1.000000 for index 618505, 619/1000.
The last entry of errorHistory is 0.500000 for index 618506, 619/1000.
The last entry of errorHistory is 1.000000 for index 618507, 619/1000.
Terminated at swamp 1.
The last entry of errorHistory is 1.000000 for index 618508, 619/1000.
Terminated at swamp 1.
The last entry of errorHistory is 1.000353 for index 618509, 619/1000.
Terminated at swamp 0.5.
The last entry of errorHistory is 0.500000 for index 618510, 619/1000.
Terminated at swamp 1.
The last entry of errorHistory is 1.000483 for index 618511, 619/1000.
The last entry of errorHistory is 1.000000 for index 618512, 619/1000.
The last entry of errorHistory is 0.000022 for index 618513, 619/1000.
The last entry of errorHistory is 0.000029 for index 618514, 619/1000.
The last entry of errorHistory is 1.000000 for index 618515, 619/1000.
Terminated at swamp 1.
The last entry of errorHistory is 1.000036 for index 618516, 619/1000.
Terminated at swamp 0.5.
The last entry of errorHistory is 0.500440 for index 618517, 619/1000.
Terminated at swamp 1.
The last entry of errorHistory is 1.000002 for index 618518, 619/1000.
The last entry of errorHistory is 0.500000 for index 618519, 619/1000.
Terminated at swamp 0.5.
The last entry of errorHistory is 0.500410 for index 618520, 619/1000.
Terminated at swamp 0.5.
The last entry of errorHistory is 0.500461 for index 618521, 619/1000.
Terminated at swamp 0.5.
The last entry of errorHistory is 0.500006 for index 618522, 619/1000.
The last entry of errorHistory is 1.000000 for index 618523, 619/1000.
Terminated at swamp 0.5.
The last entry of errorHistory is 0.500691 for index 618524, 619/1000.
The last entry of errorHistory is 0.500000 for index 618525, 619/1000.
Terminated at swamp 1.5.
The last entry of errorHistory is 1.500000 for index 618526, 619/1000.
The last entry of errorHistory is 0.000016 for index 618527, 619/1000.
Terminated at swamp 0.5.
The last entry of errorHistory is 0.500454 for index 618528, 619/1000.
Terminated at swamp 0.5.
The last entry of errorHistory is 0.500278 for index 618529, 619/1000.
Terminated at swamp 0.5.
The last entry of errorHistory is 0.500363 for index 618530, 619/1000.
Terminated at swamp 1.
The last entry of errorHistory is 1.000339 for index 618531, 619/1000.
Terminated at swamp 0.5.
The last entry of errorHistory is 0.500555 for index 618532, 619/1000.
The last entry of errorHistory is 0.500000 for index 618533, 619/1000.
Terminated at swamp 0.5.
The last entry of errorHistory is 0.500509 for index 618534, 619/1000.
The last entry of errorHistory is 1.000000 for index 618535, 619/1000.
The last entry of errorHistory is 1.000000 for index 618536, 619/1000.
Terminated at swamp 1.
The last entry of errorHistory is 1.000020 for index 618537, 619/1000.
The last entry of errorHistory is 1.000000 for index 618538, 619/1000.
The last entry of errorHistory is 0.000057 for index 618539, 619/1000.
The last entry of errorHistory is 0.000019 for index 618540, 619/1000.
The last entry of errorHistory is 1.000000 for index 618541, 619/1000.
The last entry of errorHistory is 0.500000 for index 618542, 619/1000.
Terminated at swamp 0.5.
The last entry of errorHistory is 0.500701 for index 618543, 619/1000.
Terminated at swamp 0.5.
The last entry of errorHistory is 0.500287 for index 618544, 619/1000.
Terminated at swamp 0.5.
The last entry of errorHistory is 0.500020 for index 618545, 619/1000.
Terminated at swamp 0.5.
The last entry of errorHistory is 0.500355 for index 618546, 619/1000.
Terminated at swamp 0.5.
The last entry of errorHistory is 0.500319 for index 618547, 619/1000.
The last entry of errorHistory is 0.000009 for index 618548, 619/1000.
Terminated at swamp 0.5.
The last entry of errorHistory is 0.500596 for index 618549, 619/1000.
The last entry of errorHistory is 1.000000 for index 618550, 619/1000.
The last entry of errorHistory is 0.000019 for index 618551, 619/1000.
Terminated at swamp 0.5.
The last entry of errorHistory is 0.500383 for index 618552, 619/1000.
Terminated at swamp 0.5.
The last entry of errorHistory is 0.500668 for index 618553, 619/1000.
Terminated at swamp 0.5.
The last entry of errorHistory is 0.500478 for index 618554, 619/1000.
Terminated at swamp 0.5.
The last entry of errorHistory is 0.500352 for index 618555, 619/1000.
Terminated at swamp 0.5.
The last entry of errorHistory is 0.500644 for index 618556, 619/1000.
Terminated at swamp 0.5.
The last entry of errorHistory is 0.500516 for index 618557, 619/1000.
The last entry of errorHistory is 1.000000 for index 618558, 619/1000.
The last entry of errorHistory is 0.000051 for index 618559, 619/1000.
The last entry of errorHistory is 0.000040 for index 618560, 619/1000.
Terminated at swamp 0.5.
The last entry of errorHistory is 0.500056 for index 618561, 619/1000.
The last entry of errorHistory is 0.000029 for index 618562, 619/1000.
Terminated at swamp 0.5.
The last entry of errorHistory is 0.500442 for index 618563, 619/1000.
The last entry of errorHistory is 1.000000 for index 618564, 619/1000.
The last entry of errorHistory is 0.000026 for index 618565, 619/1000.
Terminated at swamp 0.5.
The last entry of errorHistory is 0.500584 for index 618566, 619/1000.
Terminated at swamp 0.5.
The last entry of errorHistory is 0.500398 for index 618567, 619/1000.
Terminated at swamp 0.5.
The last entry of errorHistory is 0.500000 for index 618568, 619/1000.
Terminated at swamp 1.
The last entry of errorHistory is 1.000376 for index 618569, 619/1000.
Terminated at swamp 0.5.
The last entry of errorHistory is 0.500678 for index 618570, 619/1000.
The last entry of errorHistory is 1.000000 for index 618571, 619/1000.
Terminated at swamp 0.5.
The last entry of errorHistory is 0.500000 for index 618572, 619/1000.
The last entry of errorHistory is 1.500000 for index 618573, 619/1000.
The last entry of errorHistory is 1.000000 for index 618574, 619/1000.
Terminated at swamp 0.5.
The last entry of errorHistory is 0.500578 for index 618575, 619/1000.
Terminated at swamp 0.5.
The last entry of errorHistory is 0.500497 for index 618576, 619/1000.
Terminated at swamp 0.5.
The last entry of errorHistory is 0.500466 for index 618577, 619/1000.
Terminated at swamp 0.5.
The last entry of errorHistory is 0.500341 for index 618578, 619/1000.
Terminated at swamp 0.5.
The last entry of errorHistory is 0.500297 for index 618579, 619/1000.
The last entry of errorHistory is 0.002705 for index 618580, 619/1000.
Terminated at swamp 0.5.
The last entry of errorHistory is 0.500046 for index 618581, 619/1000.
Terminated at swamp 0.5.
The last entry of errorHistory is 0.500362 for index 618582, 619/1000.
Terminated at swamp 0.5.
The last entry of errorHistory is 0.500494 for index 618583, 619/1000.
Terminated at swamp 1.
The last entry of errorHistory is 1.000007 for index 618584, 619/1000.
Terminated at swamp 0.5.
The last entry of errorHistory is 0.500398 for index 618585, 619/1000.
The last entry of errorHistory is 0.000016 for index 618586, 619/1000.
Terminated at swamp 0.5.
The last entry of errorHistory is 0.500145 for index 618587, 619/1000.
Terminated at swamp 0.5.
The last entry of errorHistory is 0.500513 for index 618588, 619/1000.
Terminated at swamp 1.
The last entry of errorHistory is 1.000000 for index 618589, 619/1000.
The last entry of errorHistory is 0.000041 for index 618590, 619/1000.
Terminated at swamp 0.5.
The last entry of errorHistory is 0.500370 for index 618591, 619/1000.
Terminated at swamp 0.5.
The last entry of errorHistory is 0.500467 for index 618592, 619/1000.
Terminated at swamp 0.5.
The last entry of errorHistory is 0.500370 for index 618593, 619/1000.
Terminated at swamp 1.
The last entry of errorHistory is 1.000049 for index 618594, 619/1000.
Terminated at swamp 0.5.
The last entry of errorHistory is 0.500253 for index 618595, 619/1000.
The last entry of errorHistory is 0.000007 for index 618596, 619/1000.
The last entry of errorHistory is 1.500000 for index 618597, 619/1000.
The last entry of errorHistory is 0.000021 for index 618598, 619/1000.
The last entry of errorHistory is 1.000000 for index 618599, 619/1000.
The last entry of errorHistory is 0.000075 for index 618600, 619/1000.
Terminated at swamp 0.5.
The last entry of errorHistory is 0.500498 for index 618601, 619/1000.
The last entry of errorHistory is 1.000000 for index 618602, 619/1000.
Terminated at swamp 0.5.
The last entry of errorHistory is 0.500649 for index 618603, 619/1000.
The last entry of errorHistory is 1.000000 for index 618604, 619/1000.
Terminated at swamp 1.
The last entry of errorHistory is 1.000008 for index 618605, 619/1000.
Terminated at swamp 0.5.
The last entry of errorHistory is 0.500656 for index 618606, 619/1000.
Terminated at swamp 0.5.
The last entry of errorHistory is 0.500022 for index 618607, 619/1000.
Terminated at swamp 1.
The last entry of errorHistory is 1.000354 for index 618608, 619/1000.
The last entry of errorHistory is 0.500000 for index 618609, 619/1000.
Terminated at swamp 1.
The last entry of errorHistory is 1.000244 for index 618610, 619/1000.
Terminated at swamp 0.5.
The last entry of errorHistory is 0.500937 for index 618611, 619/1000.
Terminated at swamp 0.5.
The last entry of errorHistory is 0.500387 for index 618612, 619/1000.
Terminated at swamp 1.
The last entry of errorHistory is 1.000539 for index 618613, 619/1000.
Terminated at swamp 0.5.
The last entry of errorHistory is 0.500299 for index 618614, 619/1000.
Terminated at swamp 1.
The last entry of errorHistory is 1.000057 for index 618615, 619/1000.
Terminated at swamp 1.
The last entry of errorHistory is 1.000002 for index 618616, 619/1000.
Terminated at swamp 0.5.
The last entry of errorHistory is 0.500541 for index 618617, 619/1000.
The last entry of errorHistory is 0.000048 for index 618618, 619/1000.
Terminated at swamp 0.5.
The last entry of errorHistory is 0.500004 for index 618619, 619/1000.
Terminated at swamp 0.5.
The last entry of errorHistory is 0.500388 for index 618620, 619/1000.
Terminated at swamp 0.5.
The last entry of errorHistory is 0.500617 for index 618621, 619/1000.
The last entry of errorHistory is 1.000000 for index 618622, 619/1000.
Terminated at swamp 0.5.
The last entry of errorHistory is 0.500271 for index 618623, 619/1000.
The last entry of errorHistory is 0.000037 for index 618624, 619/1000.
The last entry of errorHistory is 0.500000 for index 618625, 619/1000.
Terminated at swamp 0.5.
The last entry of errorHistory is 0.500585 for index 618626, 619/1000.
The last entry of errorHistory is 0.000089 for index 618627, 619/1000.
The last entry of errorHistory is 0.000826 for index 618628, 619/1000.
The last entry of errorHistory is 1.000000 for index 618629, 619/1000.
The last entry of errorHistory is 1.000000 for index 618630, 619/1000.
Terminated at swamp 0.5.
The last entry of errorHistory is 0.500705 for index 618631, 619/1000.
Terminated at swamp 1.
The last entry of errorHistory is 1.000062 for index 618632, 619/1000.
The last entry of errorHistory is 1.000000 for index 618633, 619/1000.
Terminated at swamp 0.5.
The last entry of errorHistory is 0.500002 for index 618634, 619/1000.
Terminated at swamp 0.5.
The last entry of errorHistory is 0.500304 for index 618635, 619/1000.
Terminated at swamp 1.
The last entry of errorHistory is 1.000080 for index 618636, 619/1000.
Terminated at swamp 1.
The last entry of errorHistory is 1.000266 for index 618637, 619/1000.
Terminated at swamp 0.5.
The last entry of errorHistory is 0.500410 for index 618638, 619/1000.
The last entry of errorHistory is 0.000037 for index 618639, 619/1000.
Terminated at swamp 0.5.
The last entry of errorHistory is 0.500902 for index 618640, 619/1000.
Terminated at swamp 1.
The last entry of errorHistory is 1.000187 for index 618641, 619/1000.
Terminated at swamp 0.5.
The last entry of errorHistory is 0.500141 for index 618642, 619/1000.
The last entry of errorHistory is 1.000000 for index 618643, 619/1000.
The last entry of errorHistory is 0.500000 for index 618644, 619/1000.
Terminated at swamp 1.
The last entry of errorHistory is 1.000020 for index 618645, 619/1000.
Terminated at swamp 1.
The last entry of errorHistory is 1.000002 for index 618646, 619/1000.
The last entry of errorHistory is 1.000000 for index 618647, 619/1000.
The last entry of errorHistory is 0.000055 for index 618648, 619/1000.
The last entry of errorHistory is 0.500000 for index 618649, 619/1000.
Terminated at swamp 0.5.
The last entry of errorHistory is 0.500254 for index 618650, 619/1000.
Terminated at swamp 0.5.
The last entry of errorHistory is 0.500362 for index 618651, 619/1000.
Terminated at swamp 0.5.
The last entry of errorHistory is 0.500629 for index 618652, 619/1000.
Terminated at swamp 0.5.
The last entry of errorHistory is 0.500000 for index 618653, 619/1000.
Terminated at swamp 0.5.
The last entry of errorHistory is 0.500451 for index 618654, 619/1000.
Terminated at swamp 0.5.
The last entry of errorHistory is 0.500474 for index 618655, 619/1000.
Terminated at swamp 0.5.
The last entry of errorHistory is 0.500560 for index 618656, 619/1000.
Terminated at swamp 0.5.
The last entry of errorHistory is 0.500155 for index 618657, 619/1000.
The last entry of errorHistory is 0.000037 for index 618658, 619/1000.
Terminated at swamp 0.5.
The last entry of errorHistory is 0.500623 for index 618659, 619/1000.
Terminated at swamp 1.
The last entry of errorHistory is 1.000062 for index 618660, 619/1000.
The last entry of errorHistory is 0.500000 for index 618661, 619/1000.
Terminated at swamp 1.
The last entry of errorHistory is 1.000310 for index 618662, 619/1000.
The last entry of errorHistory is 1.000000 for index 618663, 619/1000.
Terminated at swamp 0.5.
The last entry of errorHistory is 0.500662 for index 618664, 619/1000.
Terminated at swamp 0.5.
The last entry of errorHistory is 0.500022 for index 618665, 619/1000.
The last entry of errorHistory is 0.500000 for index 618666, 619/1000.
Terminated at swamp 0.5.
The last entry of errorHistory is 0.500108 for index 618667, 619/1000.
Terminated at swamp 0.5.
The last entry of errorHistory is 0.500610 for index 618668, 619/1000.
Terminated at swamp 0.5.
The last entry of errorHistory is 0.500307 for index 618669, 619/1000.
The last entry of errorHistory is 1.500000 for index 618670, 619/1000.
The last entry of errorHistory is 1.000000 for index 618671, 619/1000.
Terminated at swamp 0.5.
The last entry of errorHistory is 0.500592 for index 618672, 619/1000.
The last entry of errorHistory is 1.000000 for index 618673, 619/1000.
Terminated at swamp 0.5.
The last entry of errorHistory is 0.500463 for index 618674, 619/1000.
Terminated at swamp 1.
The last entry of errorHistory is 1.000319 for index 618675, 619/1000.
Terminated at swamp 0.5.
The last entry of errorHistory is 0.500675 for index 618676, 619/1000.
Terminated at swamp 0.5.
The last entry of errorHistory is 0.500444 for index 618677, 619/1000.
Terminated at swamp 0.5.
The last entry of errorHistory is 0.500347 for index 618678, 619/1000.
Terminated at swamp 1.
The last entry of errorHistory is 0.999961 for index 618679, 619/1000.
Terminated at swamp 1.
The last entry of errorHistory is 1.000015 for index 618680, 619/1000.
The last entry of errorHistory is 1.000000 for index 618681, 619/1000.
The last entry of errorHistory is 0.001290 for index 618682, 619/1000.
Terminated at swamp 0.5.
The last entry of errorHistory is 0.500005 for index 618683, 619/1000.
The last entry of errorHistory is 0.000021 for index 618684, 619/1000.
The last entry of errorHistory is 0.000009 for index 618685, 619/1000.
Terminated at swamp 1.
The last entry of errorHistory is 1.000002 for index 618686, 619/1000.
Terminated at swamp 1.
The last entry of errorHistory is 1.000156 for index 618687, 619/1000.
Terminated at swamp 1.
The last entry of errorHistory is 1.000298 for index 618688, 619/1000.
Terminated at swamp 0.5.
The last entry of errorHistory is 0.500212 for index 618689, 619/1000.
The last entry of errorHistory is 0.500000 for index 618690, 619/1000.
Terminated at swamp 1.
The last entry of errorHistory is 1.000016 for index 618691, 619/1000.
Terminated at swamp 0.5.
The last entry of errorHistory is 0.500177 for index 618692, 619/1000.
Terminated at swamp 1.
The last entry of errorHistory is 1.000074 for index 618693, 619/1000.
Terminated at swamp 0.5.
The last entry of errorHistory is 0.500485 for index 618694, 619/1000.
The last entry of errorHistory is 0.500000 for index 618695, 619/1000.
Terminated at swamp 0.5.
The last entry of errorHistory is 0.500574 for index 618696, 619/1000.
Terminated at swamp 0.5.
The last entry of errorHistory is 0.500009 for index 618697, 619/1000.
Terminated at swamp 0.5.
The last entry of errorHistory is 0.500654 for index 618698, 619/1000.
Terminated at swamp 0.5.
The last entry of errorHistory is 0.500436 for index 618699, 619/1000.
Terminated at swamp 1.
The last entry of errorHistory is 1.000300 for index 618700, 619/1000.
The last entry of errorHistory is 0.000013 for index 618701, 619/1000.
Terminated at swamp 0.5.
The last entry of errorHistory is 0.500242 for index 618702, 619/1000.
Terminated at swamp 1.
The last entry of errorHistory is 1.000029 for index 618703, 619/1000.
The last entry of errorHistory is 0.500000 for index 618704, 619/1000.
The last entry of errorHistory is 0.500000 for index 618705, 619/1000.
Terminated at swamp 0.5.
The last entry of errorHistory is 0.500929 for index 618706, 619/1000.
The last entry of errorHistory is 1.000000 for index 618707, 619/1000.
Terminated at swamp 0.5.
The last entry of errorHistory is 0.500292 for index 618708, 619/1000.
The last entry of errorHistory is 1.000000 for index 618709, 619/1000.
Terminated at swamp 0.5.
The last entry of errorHistory is 0.500151 for index 618710, 619/1000.
Terminated at swamp 0.5.
The last entry of errorHistory is 0.500133 for index 618711, 619/1000.
Terminated at swamp 0.5.
The last entry of errorHistory is 0.500574 for index 618712, 619/1000.
Terminated at swamp 0.5.
The last entry of errorHistory is 0.500066 for index 618713, 619/1000.
Terminated at swamp 1.
The last entry of errorHistory is 1.000319 for index 618714, 619/1000.
The last entry of errorHistory is 1.000000 for index 618715, 619/1000.
The last entry of errorHistory is 1.000000 for index 618716, 619/1000.
Terminated at swamp 1.
The last entry of errorHistory is 1.000348 for index 618717, 619/1000.
The last entry of errorHistory is 1.000000 for index 618718, 619/1000.
Terminated at swamp 0.5.
The last entry of errorHistory is 0.500442 for index 618719, 619/1000.
Terminated at swamp 0.5.
The last entry of errorHistory is 0.500380 for index 618720, 619/1000.
The last entry of errorHistory is 1.000000 for index 618721, 619/1000.
Terminated at swamp 0.5.
The last entry of errorHistory is 0.500427 for index 618722, 619/1000.
Terminated at swamp 0.5.
The last entry of errorHistory is 0.500303 for index 618723, 619/1000.
Terminated at swamp 0.5.
The last entry of errorHistory is 0.500751 for index 618724, 619/1000.
The last entry of errorHistory is 0.000013 for index 618725, 619/1000.
Terminated at swamp 1.
The last entry of errorHistory is 1.000000 for index 618726, 619/1000.
The last entry of errorHistory is 0.500000 for index 618727, 619/1000.
Terminated at swamp 0.5.
The last entry of errorHistory is 0.500435 for index 618728, 619/1000.
Terminated at swamp 0.5.
The last entry of errorHistory is 0.500409 for index 618729, 619/1000.
Terminated at swamp 0.5.
The last entry of errorHistory is 0.500483 for index 618730, 619/1000.
Terminated at swamp 0.5.
The last entry of errorHistory is 0.500390 for index 618731, 619/1000.
The last entry of errorHistory is 0.000048 for index 618732, 619/1000.
Terminated at swamp 0.5.
The last entry of errorHistory is 0.500035 for index 618733, 619/1000.
The last entry of errorHistory is 1.000000 for index 618734, 619/1000.
Terminated at swamp 0.5.
The last entry of errorHistory is 0.500536 for index 618735, 619/1000.
The last entry of errorHistory is 1.000000 for index 618736, 619/1000.
Terminated at swamp 1.
The last entry of errorHistory is 1.000224 for index 618737, 619/1000.
Terminated at swamp 1.
The last entry of errorHistory is 1.000014 for index 618738, 619/1000.
Terminated at swamp 0.5.
The last entry of errorHistory is 0.500406 for index 618739, 619/1000.
The last entry of errorHistory is 0.500000 for index 618740, 619/1000.
The last entry of errorHistory is 1.000000 for index 618741, 619/1000.
Terminated at swamp 1.
The last entry of errorHistory is 1.000061 for index 618742, 619/1000.
Terminated at swamp 1.
The last entry of errorHistory is 1.000194 for index 618743, 619/1000.
Terminated at swamp 0.5.
The last entry of errorHistory is 0.500164 for index 618744, 619/1000.
The last entry of errorHistory is 0.000018 for index 618745, 619/1000.
Terminated at swamp 1.
The last entry of errorHistory is 1.000389 for index 618746, 619/1000.
Terminated at swamp 0.5.
The last entry of errorHistory is 0.500005 for index 618747, 619/1000.
The last entry of errorHistory is 1.000000 for index 618748, 619/1000.
The last entry of errorHistory is 0.000009 for index 618749, 619/1000.
Terminated at swamp 0.5.
The last entry of errorHistory is 0.500869 for index 618750, 619/1000.
Terminated at swamp 1.
The last entry of errorHistory is 1.000001 for index 618751, 619/1000.
The last entry of errorHistory is 0.500000 for index 618752, 619/1000.
The last entry of errorHistory is 1.000000 for index 618753, 619/1000.
The last entry of errorHistory is 1.000000 for index 618754, 619/1000.
The last entry of errorHistory is 0.500000 for index 618755, 619/1000.
Terminated at swamp 0.5.
The last entry of errorHistory is 0.500073 for index 618756, 619/1000.
Terminated at swamp 0.5.
The last entry of errorHistory is 0.500669 for index 618757, 619/1000.
Terminated at swamp 0.5.
The last entry of errorHistory is 0.500371 for index 618758, 619/1000.
The last entry of errorHistory is 1.000000 for index 618759, 619/1000.
The last entry of errorHistory is 1.000000 for index 618760, 619/1000.
Terminated at swamp 0.5.
The last entry of errorHistory is 0.500932 for index 618761, 619/1000.
The last entry of errorHistory is 0.000020 for index 618762, 619/1000.
The last entry of errorHistory is 0.000230 for index 618763, 619/1000.
Terminated at swamp 0.5.
The last entry of errorHistory is 0.500047 for index 618764, 619/1000.
Terminated at swamp 0.5.
The last entry of errorHistory is 0.500285 for index 618765, 619/1000.
The last entry of errorHistory is 0.000177 for index 618766, 619/1000.
The last entry of errorHistory is 0.500000 for index 618767, 619/1000.
Terminated at swamp 0.5.
The last entry of errorHistory is 0.500382 for index 618768, 619/1000.
Terminated at swamp 0.5.
The last entry of errorHistory is 0.500075 for index 618769, 619/1000.
Terminated at swamp 0.5.
The last entry of errorHistory is 0.500313 for index 618770, 619/1000.
The last entry of errorHistory is 0.000014 for index 618771, 619/1000.
Terminated at swamp 0.5.
The last entry of errorHistory is 0.500501 for index 618772, 619/1000.
Terminated at swamp 0.5.
The last entry of errorHistory is 0.500269 for index 618773, 619/1000.
Terminated at swamp 0.5.
The last entry of errorHistory is 0.500063 for index 618774, 619/1000.
Terminated at swamp 0.5.
The last entry of errorHistory is 0.500429 for index 618775, 619/1000.
The last entry of errorHistory is 0.500000 for index 618776, 619/1000.
Terminated at swamp 0.5.
The last entry of errorHistory is 0.500284 for index 618777, 619/1000.
Terminated at swamp 0.5.
The last entry of errorHistory is 0.500489 for index 618778, 619/1000.
The last entry of errorHistory is 1.000000 for index 618779, 619/1000.
Terminated at swamp 1.
The last entry of errorHistory is 1.000167 for index 618780, 619/1000.
The last entry of errorHistory is 1.000000 for index 618781, 619/1000.
The last entry of errorHistory is 1.000000 for index 618782, 619/1000.
Terminated at swamp 0.5.
The last entry of errorHistory is 0.500409 for index 618783, 619/1000.
The last entry of errorHistory is 1.000000 for index 618784, 619/1000.
Terminated at swamp 1.
The last entry of errorHistory is 1.000165 for index 618785, 619/1000.
Terminated at swamp 0.5.
The last entry of errorHistory is 0.500441 for index 618786, 619/1000.
Terminated at swamp 1.
The last entry of errorHistory is 1.000220 for index 618787, 619/1000.
The last entry of errorHistory is 1.000000 for index 618788, 619/1000.
Terminated at swamp 0.5.
The last entry of errorHistory is 0.500311 for index 618789, 619/1000.
The last entry of errorHistory is 0.500000 for index 618790, 619/1000.
The last entry of errorHistory is 1.000000 for index 618791, 619/1000.
Terminated at swamp 0.5.
The last entry of errorHistory is 0.500775 for index 618792, 619/1000.
Terminated at swamp 0.5.
The last entry of errorHistory is 0.500209 for index 618793, 619/1000.
The last entry of errorHistory is 1.000000 for index 618794, 619/1000.
Terminated at swamp 0.5.
The last entry of errorHistory is 0.500301 for index 618795, 619/1000.
The last entry of errorHistory is 1.000000 for index 618796, 619/1000.
Terminated at swamp 0.5.
The last entry of errorHistory is 0.500198 for index 618797, 619/1000.
Terminated at swamp 0.5.
The last entry of errorHistory is 0.500432 for index 618798, 619/1000.
The last entry of errorHistory is 0.000022 for index 618799, 619/1000.
Terminated at swamp 0.5.
The last entry of errorHistory is 0.500737 for index 618800, 619/1000.
The last entry of errorHistory is 1.000000 for index 618801, 619/1000.
The last entry of errorHistory is 1.000000 for index 618802, 619/1000.
Terminated at swamp 0.5.
The last entry of errorHistory is 0.500314 for index 618803, 619/1000.
Terminated at swamp 0.5.
The last entry of errorHistory is 0.500136 for index 618804, 619/1000.
Terminated at swamp 0.5.
The last entry of errorHistory is 0.500408 for index 618805, 619/1000.
The last entry of errorHistory is 1.000000 for index 618806, 619/1000.
The last entry of errorHistory is 0.500000 for index 618807, 619/1000.
The last entry of errorHistory is 0.000009 for index 618808, 619/1000.
The last entry of errorHistory is 0.000425 for index 618809, 619/1000.
The last entry of errorHistory is 0.000013 for index 618810, 619/1000.
Terminated at swamp 0.5.
The last entry of errorHistory is 0.500466 for index 618811, 619/1000.
Terminated at swamp 0.5.
The last entry of errorHistory is 0.500330 for index 618812, 619/1000.
The last entry of errorHistory is 1.000000 for index 618813, 619/1000.
Terminated at swamp 0.5.
The last entry of errorHistory is 0.500456 for index 618814, 619/1000.
Terminated at swamp 1.
The last entry of errorHistory is 1.000275 for index 618815, 619/1000.
The last entry of errorHistory is 1.000000 for index 618816, 619/1000.
Terminated at swamp 1.
The last entry of errorHistory is 1.000048 for index 618817, 619/1000.
Terminated at swamp 0.5.
The last entry of errorHistory is 0.500437 for index 618818, 619/1000.
Terminated at swamp 0.5.
The last entry of errorHistory is 0.500479 for index 618819, 619/1000.
Terminated at swamp 0.5.
The last entry of errorHistory is 0.500270 for index 618820, 619/1000.
The last entry of errorHistory is 1.000000 for index 618821, 619/1000.
Terminated at swamp 1.
The last entry of errorHistory is 1.000323 for index 618822, 619/1000.
The last entry of errorHistory is 0.000633 for index 618823, 619/1000.
Terminated at swamp 0.5.
The last entry of errorHistory is 0.500354 for index 618824, 619/1000.
Terminated at swamp 0.5.
The last entry of errorHistory is 0.500427 for index 618825, 619/1000.
The last entry of errorHistory is 0.000025 for index 618826, 619/1000.
The last entry of errorHistory is 1.500000 for index 618827, 619/1000.
The last entry of errorHistory is 0.500000 for index 618828, 619/1000.
The last entry of errorHistory is 0.000018 for index 618829, 619/1000.
The last entry of errorHistory is 1.500000 for index 618830, 619/1000.
The last entry of errorHistory is 0.000149 for index 618831, 619/1000.
Terminated at swamp 0.5.
The last entry of errorHistory is 0.500034 for index 618832, 619/1000.
The last entry of errorHistory is 0.500000 for index 618833, 619/1000.
The last entry of errorHistory is 0.001384 for index 618834, 619/1000.
Terminated at swamp 1.
The last entry of errorHistory is 1.000005 for index 618835, 619/1000.
Terminated at swamp 0.5.
The last entry of errorHistory is 0.500135 for index 618836, 619/1000.
Terminated at swamp 0.5.
The last entry of errorHistory is 0.500376 for index 618837, 619/1000.
The last entry of errorHistory is 1.000000 for index 618838, 619/1000.
Terminated at swamp 0.5.
The last entry of errorHistory is 0.500456 for index 618839, 619/1000.
The last entry of errorHistory is 1.000000 for index 618840, 619/1000.
Terminated at swamp 0.5.
The last entry of errorHistory is 0.500405 for index 618841, 619/1000.
Terminated at swamp 0.5.
The last entry of errorHistory is 0.500213 for index 618842, 619/1000.
The last entry of errorHistory is 0.000048 for index 618843, 619/1000.
The last entry of errorHistory is 0.500000 for index 618844, 619/1000.
Terminated at swamp 1.
The last entry of errorHistory is 1.000000 for index 618845, 619/1000.
Terminated at swamp 0.5.
The last entry of errorHistory is 0.500353 for index 618846, 619/1000.
The last entry of errorHistory is 0.000035 for index 618847, 619/1000.
Terminated at swamp 0.5.
The last entry of errorHistory is 0.500608 for index 618848, 619/1000.
The last entry of errorHistory is 1.000000 for index 618849, 619/1000.
Terminated at swamp 0.5.
The last entry of errorHistory is 0.500627 for index 618850, 619/1000.
Terminated at swamp 0.5.
The last entry of errorHistory is 0.500121 for index 618851, 619/1000.
Terminated at swamp 0.5.
The last entry of errorHistory is 0.500524 for index 618852, 619/1000.
The last entry of errorHistory is 0.000021 for index 618853, 619/1000.
Terminated at swamp 1.
The last entry of errorHistory is 1.000270 for index 618854, 619/1000.
The last entry of errorHistory is 0.500000 for index 618855, 619/1000.
Terminated at swamp 1.
The last entry of errorHistory is 1.000005 for index 618856, 619/1000.
Terminated at swamp 1.
The last entry of errorHistory is 1.000060 for index 618857, 619/1000.
Terminated at swamp 1.5.
The last entry of errorHistory is 1.500001 for index 618858, 619/1000.
Terminated at swamp 0.5.
The last entry of errorHistory is 0.500372 for index 618859, 619/1000.
The last entry of errorHistory is 0.000053 for index 618860, 619/1000.
Terminated at swamp 0.5.
The last entry of errorHistory is 0.500677 for index 618861, 619/1000.
Terminated at swamp 0.5.
The last entry of errorHistory is 0.500235 for index 618862, 619/1000.
Terminated at swamp 0.5.
The last entry of errorHistory is 0.500443 for index 618863, 619/1000.
Terminated at swamp 1.
The last entry of errorHistory is 1.000232 for index 618864, 619/1000.
Terminated at swamp 0.5.
The last entry of errorHistory is 0.500575 for index 618865, 619/1000.
Terminated at swamp 1.
The last entry of errorHistory is 1.000002 for index 618866, 619/1000.
Terminated at swamp 1.
The last entry of errorHistory is 1.000507 for index 618867, 619/1000.
The last entry of errorHistory is 1.000000 for index 618868, 619/1000.
Terminated at swamp 0.5.
The last entry of errorHistory is 0.500521 for index 618869, 619/1000.
Terminated at swamp 1.
The last entry of errorHistory is 1.000007 for index 618870, 619/1000.
Terminated at swamp 1.
The last entry of errorHistory is 1.000374 for index 618871, 619/1000.
Terminated at swamp 0.5.
The last entry of errorHistory is 0.500091 for index 618872, 619/1000.
Terminated at swamp 0.5.
The last entry of errorHistory is 0.500291 for index 618873, 619/1000.
Terminated at swamp 0.5.
The last entry of errorHistory is 0.500438 for index 618874, 619/1000.
Terminated at swamp 1.
The last entry of errorHistory is 1.000000 for index 618875, 619/1000.
The last entry of errorHistory is 0.000345 for index 618876, 619/1000.
The last entry of errorHistory is 0.000027 for index 618877, 619/1000.
Terminated at swamp 0.5.
The last entry of errorHistory is 0.500116 for index 618878, 619/1000.
The last entry of errorHistory is 1.500000 for index 618879, 619/1000.
Terminated at swamp 0.5.
The last entry of errorHistory is 0.500431 for index 618880, 619/1000.
Terminated at swamp 0.5.
The last entry of errorHistory is 0.500400 for index 618881, 619/1000.
Terminated at swamp 0.5.
The last entry of errorHistory is 0.500758 for index 618882, 619/1000.
Terminated at swamp 0.5.
The last entry of errorHistory is 0.500266 for index 618883, 619/1000.
The last entry of errorHistory is 0.000036 for index 618884, 619/1000.
Terminated at swamp 0.5.
The last entry of errorHistory is 0.500522 for index 618885, 619/1000.
Terminated at swamp 0.5.
The last entry of errorHistory is 0.500321 for index 618886, 619/1000.
Terminated at swamp 0.5.
The last entry of errorHistory is 0.500495 for index 618887, 619/1000.
Terminated at swamp 0.5.
The last entry of errorHistory is 0.500513 for index 618888, 619/1000.
The last entry of errorHistory is 0.000096 for index 618889, 619/1000.
The last entry of errorHistory is 1.000000 for index 618890, 619/1000.
The last entry of errorHistory is 0.500000 for index 618891, 619/1000.
Terminated at swamp 0.5.
The last entry of errorHistory is 0.500000 for index 618892, 619/1000.
Terminated at swamp 1.
The last entry of errorHistory is 1.000010 for index 618893, 619/1000.
Terminated at swamp 1.
The last entry of errorHistory is 1.000000 for index 618894, 619/1000.
Terminated at swamp 0.5.
The last entry of errorHistory is 0.500414 for index 618895, 619/1000.
Terminated at swamp 1.
The last entry of errorHistory is 1.000896 for index 618896, 619/1000.
The last entry of errorHistory is 0.000110 for index 618897, 619/1000.
Terminated at swamp 0.5.
The last entry of errorHistory is 0.500472 for index 618898, 619/1000.
Terminated at swamp 0.5.
The last entry of errorHistory is 0.500205 for index 618899, 619/1000.
The last entry of errorHistory is 0.000038 for index 618900, 619/1000.
Terminated at swamp 0.5.
The last entry of errorHistory is 0.500041 for index 618901, 619/1000.
The last entry of errorHistory is 1.000000 for index 618902, 619/1000.
Terminated at swamp 1.
The last entry of errorHistory is 1.000145 for index 618903, 619/1000.
The last entry of errorHistory is 0.500000 for index 618904, 619/1000.
Terminated at swamp 0.5.
The last entry of errorHistory is 0.500452 for index 618905, 619/1000.
The last entry of errorHistory is 0.000012 for index 618906, 619/1000.
The last entry of errorHistory is 1.000000 for index 618907, 619/1000.
Terminated at swamp 0.5.
The last entry of errorHistory is 0.500383 for index 618908, 619/1000.
Terminated at swamp 1.
The last entry of errorHistory is 1.000000 for index 618909, 619/1000.
Terminated at swamp 0.5.
The last entry of errorHistory is 0.500073 for index 618910, 619/1000.
The last entry of errorHistory is 1.000000 for index 618911, 619/1000.
Terminated at swamp 0.5.
The last entry of errorHistory is 0.500293 for index 618912, 619/1000.
Terminated at swamp 0.5.
The last entry of errorHistory is 0.500517 for index 618913, 619/1000.
The last entry of errorHistory is 1.000000 for index 618914, 619/1000.
The last entry of errorHistory is 1.000000 for index 618915, 619/1000.
The last entry of errorHistory is 0.000143 for index 618916, 619/1000.
Terminated at swamp 0.5.
The last entry of errorHistory is 0.500914 for index 618917, 619/1000.
The last entry of errorHistory is 1.000000 for index 618918, 619/1000.
Terminated at swamp 0.5.
The last entry of errorHistory is 0.500318 for index 618919, 619/1000.
Terminated at swamp 0.5.
The last entry of errorHistory is 0.500453 for index 618920, 619/1000.
The last entry of errorHistory is 0.000052 for index 618921, 619/1000.
Terminated at swamp 0.5.
The last entry of errorHistory is 0.500022 for index 618922, 619/1000.
The last entry of errorHistory is 1.000000 for index 618923, 619/1000.
Terminated at swamp 0.5.
The last entry of errorHistory is 0.500639 for index 618924, 619/1000.
The last entry of errorHistory is 1.000000 for index 618925, 619/1000.
The last entry of errorHistory is 0.000068 for index 618926, 619/1000.
The last entry of errorHistory is 0.000013 for index 618927, 619/1000.
Terminated at swamp 0.5.
The last entry of errorHistory is 0.500450 for index 618928, 619/1000.
The last entry of errorHistory is 0.000011 for index 618929, 619/1000.
Terminated at swamp 1.
The last entry of errorHistory is 1.000086 for index 618930, 619/1000.
Terminated at swamp 0.5.
The last entry of errorHistory is 0.500365 for index 618931, 619/1000.
The last entry of errorHistory is 0.000012 for index 618932, 619/1000.
The last entry of errorHistory is 1.000000 for index 618933, 619/1000.
The last entry of errorHistory is 0.000010 for index 618934, 619/1000.
The last entry of errorHistory is 0.000063 for index 618935, 619/1000.
The last entry of errorHistory is 0.000017 for index 618936, 619/1000.
Terminated at swamp 0.5.
The last entry of errorHistory is 0.499798 for index 618937, 619/1000.
Terminated at swamp 1.
The last entry of errorHistory is 1.000001 for index 618938, 619/1000.
The last entry of errorHistory is 0.000035 for index 618939, 619/1000.
The last entry of errorHistory is 1.000000 for index 618940, 619/1000.
The last entry of errorHistory is 1.500000 for index 618941, 619/1000.
Terminated at swamp 1.
The last entry of errorHistory is 1.000134 for index 618942, 619/1000.
The last entry of errorHistory is 0.000021 for index 618943, 619/1000.
Terminated at swamp 0.5.
The last entry of errorHistory is 0.500000 for index 618944, 619/1000.
Terminated at swamp 0.5.
The last entry of errorHistory is 0.500508 for index 618945, 619/1000.
The last entry of errorHistory is 1.000000 for index 618946, 619/1000.
Terminated at swamp 0.5.
The last entry of errorHistory is 0.500586 for index 618947, 619/1000.
The last entry of errorHistory is 1.000000 for index 618948, 619/1000.
Terminated at swamp 0.5.
The last entry of errorHistory is 0.500184 for index 618949, 619/1000.
The last entry of errorHistory is 0.000796 for index 618950, 619/1000.
Terminated at swamp 1.
The last entry of errorHistory is 1.000000 for index 618951, 619/1000.
The last entry of errorHistory is 0.500000 for index 618952, 619/1000.
The last entry of errorHistory is 0.001739 for index 618953, 619/1000.
Terminated at swamp 1.
The last entry of errorHistory is 1.000029 for index 618954, 619/1000.
The last entry of errorHistory is 0.000033 for index 618955, 619/1000.
Terminated at swamp 0.5.
The last entry of errorHistory is 0.500051 for index 618956, 619/1000.
Terminated at swamp 1.
The last entry of errorHistory is 1.000014 for index 618957, 619/1000.
The last entry of errorHistory is 0.000010 for index 618958, 619/1000.
Terminated at swamp 0.5.
The last entry of errorHistory is 0.500186 for index 618959, 619/1000.
The last entry of errorHistory is 0.000038 for index 618960, 619/1000.
Terminated at swamp 1.5.
The last entry of errorHistory is 1.500192 for index 618961, 619/1000.
The last entry of errorHistory is 1.000000 for index 618962, 619/1000.
Terminated at swamp 0.5.
The last entry of errorHistory is 0.500376 for index 618963, 619/1000.
Terminated at swamp 0.5.
The last entry of errorHistory is 0.500280 for index 618964, 619/1000.
Terminated at swamp 0.5.
The last entry of errorHistory is 0.500011 for index 618965, 619/1000.
Terminated at swamp 0.5.
The last entry of errorHistory is 0.500380 for index 618966, 619/1000.
The last entry of errorHistory is 0.500000 for index 618967, 619/1000.
Terminated at swamp 0.5.
The last entry of errorHistory is 0.500581 for index 618968, 619/1000.
The last entry of errorHistory is 1.000000 for index 618969, 619/1000.
Terminated at swamp 1.
The last entry of errorHistory is 1.000000 for index 618970, 619/1000.
The last entry of errorHistory is 1.000000 for index 618971, 619/1000.
Terminated at swamp 1.
The last entry of errorHistory is 1.000262 for index 618972, 619/1000.
Terminated at swamp 0.5.
The last entry of errorHistory is 0.500436 for index 618973, 619/1000.
The last entry of errorHistory is 0.000045 for index 618974, 619/1000.
Terminated at swamp 0.5.
The last entry of errorHistory is 0.500563 for index 618975, 619/1000.
The last entry of errorHistory is 1.000000 for index 618976, 619/1000.
Terminated at swamp 0.5.
The last entry of errorHistory is 0.500327 for index 618977, 619/1000.
Terminated at swamp 0.5.
The last entry of errorHistory is 0.500095 for index 618978, 619/1000.
Terminated at swamp 1.
The last entry of errorHistory is 1.000317 for index 618979, 619/1000.
Terminated at swamp 1.
The last entry of errorHistory is 1.000000 for index 618980, 619/1000.
The last entry of errorHistory is 0.000019 for index 618981, 619/1000.
The last entry of errorHistory is 0.500000 for index 618982, 619/1000.
The last entry of errorHistory is 0.500000 for index 618983, 619/1000.
Terminated at swamp 1.
The last entry of errorHistory is 1.000081 for index 618984, 619/1000.
Terminated at swamp 0.5.
The last entry of errorHistory is 0.500071 for index 618985, 619/1000.
Terminated at swamp 0.5.
The last entry of errorHistory is 0.500318 for index 618986, 619/1000.
Terminated at swamp 0.5.
The last entry of errorHistory is 0.500581 for index 618987, 619/1000.
The last entry of errorHistory is 0.000369 for index 618988, 619/1000.
The last entry of errorHistory is 0.000030 for index 618989, 619/1000.
Terminated at swamp 0.5.
The last entry of errorHistory is 0.500540 for index 618990, 619/1000.
Terminated at swamp 1.
The last entry of errorHistory is 1.000466 for index 618991, 619/1000.
The last entry of errorHistory is 1.000000 for index 618992, 619/1000.
The last entry of errorHistory is 1.500000 for index 618993, 619/1000.
Terminated at swamp 1.
The last entry of errorHistory is 1.000000 for index 618994, 619/1000.
Terminated at swamp 1.
The last entry of errorHistory is 1.000113 for index 618995, 619/1000.
The last entry of errorHistory is 1.000000 for index 618996, 619/1000.
Terminated at swamp 0.5.
The last entry of errorHistory is 0.500131 for index 618997, 619/1000.
The last entry of errorHistory is 1.000000 for index 618998, 619/1000.
Terminated at swamp 0.5.
The last entry of errorHistory is 0.500533 for index 618999, 619/1000.
The last entry of errorHistory is 1.000000 for index 619000, 619/1000.
