
                            < M A T L A B (R) >
                  Copyright 1984-2018 The MathWorks, Inc.
                   R2018b (9.5.0.944444) 64-bit (glnxa64)
                              August 28, 2018

 
To get started, type doc.
For product information, visit www.mathworks.com.
 
Terminated at swamp 0.5.
The last entry of errorHistory is 0.500442 for index 634001, 635/1000.
The last entry of errorHistory is 1.000000 for index 634002, 635/1000.
The last entry of errorHistory is 0.000519 for index 634003, 635/1000.
Terminated at swamp 0.5.
The last entry of errorHistory is 0.500832 for index 634004, 635/1000.
Terminated at swamp 0.5.
The last entry of errorHistory is 0.500113 for index 634005, 635/1000.
The last entry of errorHistory is 1.000000 for index 634006, 635/1000.
Terminated at swamp 0.5.
The last entry of errorHistory is 0.500455 for index 634007, 635/1000.
Terminated at swamp 1.
The last entry of errorHistory is 1.000008 for index 634008, 635/1000.
Terminated at swamp 0.5.
The last entry of errorHistory is 0.500138 for index 634009, 635/1000.
Terminated at swamp 0.5.
The last entry of errorHistory is 0.500569 for index 634010, 635/1000.
The last entry of errorHistory is 1.000000 for index 634011, 635/1000.
Terminated at swamp 0.5.
The last entry of errorHistory is 0.500242 for index 634012, 635/1000.
Terminated at swamp 0.5.
The last entry of errorHistory is 0.500308 for index 634013, 635/1000.
Terminated at swamp 0.5.
The last entry of errorHistory is 0.500014 for index 634014, 635/1000.
Terminated at swamp 0.5.
The last entry of errorHistory is 0.500380 for index 634015, 635/1000.
Terminated at swamp 0.5.
The last entry of errorHistory is 0.500428 for index 634016, 635/1000.
Terminated at swamp 0.5.
The last entry of errorHistory is 0.500194 for index 634017, 635/1000.
Terminated at swamp 0.5.
The last entry of errorHistory is 0.500115 for index 634018, 635/1000.
Terminated at swamp 1.
The last entry of errorHistory is 1.000002 for index 634019, 635/1000.
Terminated at swamp 0.5.
The last entry of errorHistory is 0.500501 for index 634020, 635/1000.
The last entry of errorHistory is 1.000000 for index 634021, 635/1000.
The last entry of errorHistory is 1.000000 for index 634022, 635/1000.
Terminated at swamp 1.
The last entry of errorHistory is 1.000063 for index 634023, 635/1000.
Terminated at swamp 0.5.
The last entry of errorHistory is 0.500329 for index 634024, 635/1000.
Terminated at swamp 0.5.
The last entry of errorHistory is 0.500282 for index 634025, 635/1000.
Terminated at swamp 0.5.
The last entry of errorHistory is 0.500053 for index 634026, 635/1000.
Terminated at swamp 1.
The last entry of errorHistory is 1.000000 for index 634027, 635/1000.
Terminated at swamp 0.5.
The last entry of errorHistory is 0.500493 for index 634028, 635/1000.
Terminated at swamp 1.
The last entry of errorHistory is 1.000000 for index 634029, 635/1000.
The last entry of errorHistory is 0.000021 for index 634030, 635/1000.
Terminated at swamp 0.5.
The last entry of errorHistory is 0.500421 for index 634031, 635/1000.
Terminated at swamp 0.5.
The last entry of errorHistory is 0.500520 for index 634032, 635/1000.
Terminated at swamp 0.5.
The last entry of errorHistory is 0.500000 for index 634033, 635/1000.
The last entry of errorHistory is 0.500000 for index 634034, 635/1000.
Terminated at swamp 0.5.
The last entry of errorHistory is 0.500535 for index 634035, 635/1000.
Terminated at swamp 1.
The last entry of errorHistory is 1.000197 for index 634036, 635/1000.
Terminated at swamp 0.5.
The last entry of errorHistory is 0.500538 for index 634037, 635/1000.
Terminated at swamp 0.5.
The last entry of errorHistory is 0.500643 for index 634038, 635/1000.
Terminated at swamp 0.5.
The last entry of errorHistory is 0.500596 for index 634039, 635/1000.
The last entry of errorHistory is 0.500000 for index 634040, 635/1000.
Terminated at swamp 0.5.
The last entry of errorHistory is 0.500560 for index 634041, 635/1000.
Terminated at swamp 0.5.
The last entry of errorHistory is 0.500471 for index 634042, 635/1000.
Terminated at swamp 0.5.
The last entry of errorHistory is 0.500662 for index 634043, 635/1000.
Terminated at swamp 1.
The last entry of errorHistory is 1.000000 for index 634044, 635/1000.
The last entry of errorHistory is 1.000000 for index 634045, 635/1000.
Terminated at swamp 1.
The last entry of errorHistory is 1.000387 for index 634046, 635/1000.
Terminated at swamp 0.5.
The last entry of errorHistory is 0.500901 for index 634047, 635/1000.
Terminated at swamp 0.5.
The last entry of errorHistory is 0.500378 for index 634048, 635/1000.
Terminated at swamp 0.5.
The last entry of errorHistory is 0.500413 for index 634049, 635/1000.
Terminated at swamp 0.5.
The last entry of errorHistory is 0.500064 for index 634050, 635/1000.
Terminated at swamp 1.
The last entry of errorHistory is 1.000057 for index 634051, 635/1000.
Terminated at swamp 1.
The last entry of errorHistory is 1.000121 for index 634052, 635/1000.
The last entry of errorHistory is 0.000040 for index 634053, 635/1000.
Terminated at swamp 0.5.
The last entry of errorHistory is 0.500497 for index 634054, 635/1000.
The last entry of errorHistory is 1.000000 for index 634055, 635/1000.
Terminated at swamp 0.5.
The last entry of errorHistory is 0.500343 for index 634056, 635/1000.
Terminated at swamp 1.
The last entry of errorHistory is 1.000001 for index 634057, 635/1000.
Terminated at swamp 1.
The last entry of errorHistory is 1.000162 for index 634058, 635/1000.
The last entry of errorHistory is 1.000000 for index 634059, 635/1000.
Terminated at swamp 0.5.
The last entry of errorHistory is 0.500453 for index 634060, 635/1000.
The last entry of errorHistory is 0.000041 for index 634061, 635/1000.
Terminated at swamp 1.
The last entry of errorHistory is 1.000000 for index 634062, 635/1000.
The last entry of errorHistory is 0.500000 for index 634063, 635/1000.
Terminated at swamp 0.5.
The last entry of errorHistory is 0.500033 for index 634064, 635/1000.
The last entry of errorHistory is 0.000076 for index 634065, 635/1000.
Terminated at swamp 1.
The last entry of errorHistory is 1.000196 for index 634066, 635/1000.
Terminated at swamp 0.5.
The last entry of errorHistory is 0.500115 for index 634067, 635/1000.
The last entry of errorHistory is 0.000280 for index 634068, 635/1000.
Terminated at swamp 0.5.
The last entry of errorHistory is 0.500577 for index 634069, 635/1000.
Terminated at swamp 0.5.
The last entry of errorHistory is 0.500359 for index 634070, 635/1000.
The last entry of errorHistory is 0.000155 for index 634071, 635/1000.
Terminated at swamp 0.5.
The last entry of errorHistory is 0.500410 for index 634072, 635/1000.
Terminated at swamp 0.5.
The last entry of errorHistory is 0.500128 for index 634073, 635/1000.
The last entry of errorHistory is 0.000018 for index 634074, 635/1000.
The last entry of errorHistory is 1.000000 for index 634075, 635/1000.
Terminated at swamp 0.5.
The last entry of errorHistory is 0.500175 for index 634076, 635/1000.
Terminated at swamp 0.5.
The last entry of errorHistory is 0.500511 for index 634077, 635/1000.
The last entry of errorHistory is 0.500000 for index 634078, 635/1000.
Terminated at swamp 0.5.
The last entry of errorHistory is 0.500667 for index 634079, 635/1000.
Terminated at swamp 1.
The last entry of errorHistory is 1.000222 for index 634080, 635/1000.
Terminated at swamp 1.
The last entry of errorHistory is 1.000020 for index 634081, 635/1000.
Terminated at swamp 0.5.
The last entry of errorHistory is 0.500518 for index 634082, 635/1000.
The last entry of errorHistory is 1.500000 for index 634083, 635/1000.
The last entry of errorHistory is 1.000000 for index 634084, 635/1000.
Terminated at swamp 1.
The last entry of errorHistory is 1.000462 for index 634085, 635/1000.
Terminated at swamp 0.5.
The last entry of errorHistory is 0.500951 for index 634086, 635/1000.
The last entry of errorHistory is 0.500000 for index 634087, 635/1000.
Terminated at swamp 0.5.
The last entry of errorHistory is 0.500078 for index 634088, 635/1000.
Terminated at swamp 0.5.
The last entry of errorHistory is 0.500669 for index 634089, 635/1000.
Terminated at swamp 1.
The last entry of errorHistory is 1.000009 for index 634090, 635/1000.
Terminated at swamp 1.
The last entry of errorHistory is 1.000000 for index 634091, 635/1000.
Terminated at swamp 0.5.
The last entry of errorHistory is 0.500088 for index 634092, 635/1000.
Terminated at swamp 0.5.
The last entry of errorHistory is 0.500691 for index 634093, 635/1000.
Terminated at swamp 0.5.
The last entry of errorHistory is 0.500048 for index 634094, 635/1000.
Terminated at swamp 0.5.
The last entry of errorHistory is 0.500588 for index 634095, 635/1000.
Terminated at swamp 0.5.
The last entry of errorHistory is 0.500039 for index 634096, 635/1000.
The last entry of errorHistory is 0.000065 for index 634097, 635/1000.
Terminated at swamp 0.5.
The last entry of errorHistory is 0.500213 for index 634098, 635/1000.
The last entry of errorHistory is 0.000025 for index 634099, 635/1000.
The last entry of errorHistory is 1.000000 for index 634100, 635/1000.
Terminated at swamp 0.5.
The last entry of errorHistory is 0.500387 for index 634101, 635/1000.
Terminated at swamp 0.5.
The last entry of errorHistory is 0.500624 for index 634102, 635/1000.
Terminated at swamp 0.5.
The last entry of errorHistory is 0.500424 for index 634103, 635/1000.
Terminated at swamp 0.5.
The last entry of errorHistory is 0.500212 for index 634104, 635/1000.
Terminated at swamp 1.
The last entry of errorHistory is 1.000005 for index 634105, 635/1000.
Terminated at swamp 0.5.
The last entry of errorHistory is 0.500569 for index 634106, 635/1000.
The last entry of errorHistory is 0.000015 for index 634107, 635/1000.
Terminated at swamp 0.5.
The last entry of errorHistory is 0.500100 for index 634108, 635/1000.
The last entry of errorHistory is 0.000131 for index 634109, 635/1000.
The last entry of errorHistory is 1.000000 for index 634110, 635/1000.
The last entry of errorHistory is 1.000000 for index 634111, 635/1000.
Terminated at swamp 0.5.
The last entry of errorHistory is 0.500486 for index 634112, 635/1000.
Terminated at swamp 0.5.
The last entry of errorHistory is 0.500372 for index 634113, 635/1000.
Terminated at swamp 1.
The last entry of errorHistory is 1.000000 for index 634114, 635/1000.
Terminated at swamp 0.5.
The last entry of errorHistory is 0.500211 for index 634115, 635/1000.
Terminated at swamp 1.
The last entry of errorHistory is 1.000266 for index 634116, 635/1000.
Terminated at swamp 0.5.
The last entry of errorHistory is 0.500235 for index 634117, 635/1000.
The last entry of errorHistory is 0.002923 for index 634118, 635/1000.
Terminated at swamp 0.5.
The last entry of errorHistory is 0.500055 for index 634119, 635/1000.
Terminated at swamp 0.5.
The last entry of errorHistory is 0.500492 for index 634120, 635/1000.
Terminated at swamp 0.5.
The last entry of errorHistory is 0.500340 for index 634121, 635/1000.
Terminated at swamp 0.5.
The last entry of errorHistory is 0.500537 for index 634122, 635/1000.
Terminated at swamp 0.5.
The last entry of errorHistory is 0.500008 for index 634123, 635/1000.
Terminated at swamp 0.5.
The last entry of errorHistory is 0.500415 for index 634124, 635/1000.
Terminated at swamp 1.
The last entry of errorHistory is 1.000063 for index 634125, 635/1000.
Terminated at swamp 0.5.
The last entry of errorHistory is 0.500762 for index 634126, 635/1000.
Terminated at swamp 0.5.
The last entry of errorHistory is 0.500398 for index 634127, 635/1000.
The last entry of errorHistory is 0.000015 for index 634128, 635/1000.
Terminated at swamp 0.5.
The last entry of errorHistory is 0.500564 for index 634129, 635/1000.
Terminated at swamp 0.5.
The last entry of errorHistory is 0.500560 for index 634130, 635/1000.
Terminated at swamp 1.
The last entry of errorHistory is 1.000061 for index 634131, 635/1000.
The last entry of errorHistory is 1.000000 for index 634132, 635/1000.
Terminated at swamp 0.5.
The last entry of errorHistory is 0.500228 for index 634133, 635/1000.
The last entry of errorHistory is 1.000000 for index 634134, 635/1000.
Terminated at swamp 0.5.
The last entry of errorHistory is 0.500331 for index 634135, 635/1000.
Terminated at swamp 0.5.
The last entry of errorHistory is 0.500056 for index 634136, 635/1000.
Terminated at swamp 0.5.
The last entry of errorHistory is 0.500373 for index 634137, 635/1000.
Terminated at swamp 0.5.
The last entry of errorHistory is 0.500028 for index 634138, 635/1000.
The last entry of errorHistory is 0.000006 for index 634139, 635/1000.
Terminated at swamp 1.
The last entry of errorHistory is 1.000316 for index 634140, 635/1000.
Terminated at swamp 1.
The last entry of errorHistory is 1.000000 for index 634141, 635/1000.
The last entry of errorHistory is 1.000000 for index 634142, 635/1000.
Terminated at swamp 0.5.
The last entry of errorHistory is 0.500689 for index 634143, 635/1000.
The last entry of errorHistory is 0.000023 for index 634144, 635/1000.
Terminated at swamp 0.5.
The last entry of errorHistory is 0.500375 for index 634145, 635/1000.
Terminated at swamp 0.5.
The last entry of errorHistory is 0.500545 for index 634146, 635/1000.
The last entry of errorHistory is 0.500000 for index 634147, 635/1000.
Terminated at swamp 0.5.
The last entry of errorHistory is 0.500066 for index 634148, 635/1000.
Terminated at swamp 0.5.
The last entry of errorHistory is 0.500123 for index 634149, 635/1000.
Terminated at swamp 0.5.
The last entry of errorHistory is 0.500134 for index 634150, 635/1000.
Terminated at swamp 0.5.
The last entry of errorHistory is 0.500432 for index 634151, 635/1000.
The last entry of errorHistory is 0.500000 for index 634152, 635/1000.
Terminated at swamp 0.5.
The last entry of errorHistory is 0.500346 for index 634153, 635/1000.
Terminated at swamp 0.5.
The last entry of errorHistory is 0.500651 for index 634154, 635/1000.
The last entry of errorHistory is 1.000000 for index 634155, 635/1000.
Terminated at swamp 1.
The last entry of errorHistory is 1.000413 for index 634156, 635/1000.
The last entry of errorHistory is 0.000160 for index 634157, 635/1000.
The last entry of errorHistory is 0.000106 for index 634158, 635/1000.
The last entry of errorHistory is 0.000984 for index 634159, 635/1000.
The last entry of errorHistory is 1.000000 for index 634160, 635/1000.
Terminated at swamp 0.5.
The last entry of errorHistory is 0.500482 for index 634161, 635/1000.
Terminated at swamp 0.5.
The last entry of errorHistory is 0.500408 for index 634162, 635/1000.
Terminated at swamp 0.5.
The last entry of errorHistory is 0.500488 for index 634163, 635/1000.
Terminated at swamp 1.
The last entry of errorHistory is 1.000000 for index 634164, 635/1000.
Terminated at swamp 0.5.
The last entry of errorHistory is 0.500354 for index 634165, 635/1000.
Terminated at swamp 0.5.
The last entry of errorHistory is 0.500308 for index 634166, 635/1000.
The last entry of errorHistory is 1.000000 for index 634167, 635/1000.
Terminated at swamp 1.
The last entry of errorHistory is 1.000438 for index 634168, 635/1000.
The last entry of errorHistory is 1.000000 for index 634169, 635/1000.
The last entry of errorHistory is 1.000000 for index 634170, 635/1000.
The last entry of errorHistory is 1.000000 for index 634171, 635/1000.
The last entry of errorHistory is 0.000035 for index 634172, 635/1000.
Terminated at swamp 0.5.
The last entry of errorHistory is 0.500414 for index 634173, 635/1000.
Terminated at swamp 0.5.
The last entry of errorHistory is 0.500426 for index 634174, 635/1000.
Terminated at swamp 0.5.
The last entry of errorHistory is 0.500445 for index 634175, 635/1000.
Terminated at swamp 0.5.
The last entry of errorHistory is 0.500474 for index 634176, 635/1000.
Terminated at swamp 1.
The last entry of errorHistory is 1.000334 for index 634177, 635/1000.
Terminated at swamp 0.5.
The last entry of errorHistory is 0.500084 for index 634178, 635/1000.
The last entry of errorHistory is 1.000000 for index 634179, 635/1000.
Terminated at swamp 0.5.
The last entry of errorHistory is 0.500289 for index 634180, 635/1000.
Terminated at swamp 0.5.
The last entry of errorHistory is 0.500297 for index 634181, 635/1000.
Terminated at swamp 0.5.
The last entry of errorHistory is 0.500090 for index 634182, 635/1000.
Terminated at swamp 0.5.
The last entry of errorHistory is 0.500244 for index 634183, 635/1000.
Terminated at swamp 0.5.
The last entry of errorHistory is 0.500372 for index 634184, 635/1000.
The last entry of errorHistory is 0.000755 for index 634185, 635/1000.
Terminated at swamp 0.5.
The last entry of errorHistory is 0.500220 for index 634186, 635/1000.
Terminated at swamp 0.5.
The last entry of errorHistory is 0.500008 for index 634187, 635/1000.
Terminated at swamp 0.5.
The last entry of errorHistory is 0.500061 for index 634188, 635/1000.
Terminated at swamp 0.5.
The last entry of errorHistory is 0.500114 for index 634189, 635/1000.
Terminated at swamp 0.5.
The last entry of errorHistory is 0.500276 for index 634190, 635/1000.
Terminated at swamp 1.
The last entry of errorHistory is 1.000058 for index 634191, 635/1000.
The last entry of errorHistory is 0.000144 for index 634192, 635/1000.
Terminated at swamp 0.5.
The last entry of errorHistory is 0.500544 for index 634193, 635/1000.
Terminated at swamp 1.
The last entry of errorHistory is 1.000072 for index 634194, 635/1000.
Terminated at swamp 0.5.
The last entry of errorHistory is 0.500492 for index 634195, 635/1000.
Terminated at swamp 0.5.
The last entry of errorHistory is 0.500537 for index 634196, 635/1000.
The last entry of errorHistory is 1.000000 for index 634197, 635/1000.
Terminated at swamp 0.5.
The last entry of errorHistory is 0.500025 for index 634198, 635/1000.
Terminated at swamp 0.5.
The last entry of errorHistory is 0.500006 for index 634199, 635/1000.
Terminated at swamp 0.5.
The last entry of errorHistory is 0.500587 for index 634200, 635/1000.
Terminated at swamp 0.5.
The last entry of errorHistory is 0.500125 for index 634201, 635/1000.
Terminated at swamp 0.5.
The last entry of errorHistory is 0.500371 for index 634202, 635/1000.
The last entry of errorHistory is 1.000000 for index 634203, 635/1000.
Terminated at swamp 0.5.
The last entry of errorHistory is 0.500886 for index 634204, 635/1000.
The last entry of errorHistory is 0.500000 for index 634205, 635/1000.
The last entry of errorHistory is 1.000000 for index 634206, 635/1000.
Terminated at swamp 0.5.
The last entry of errorHistory is 0.500043 for index 634207, 635/1000.
The last entry of errorHistory is 0.000016 for index 634208, 635/1000.
Terminated at swamp 1.
The last entry of errorHistory is 1.000043 for index 634209, 635/1000.
Terminated at swamp 1.
The last entry of errorHistory is 1.000000 for index 634210, 635/1000.
Terminated at swamp 0.5.
The last entry of errorHistory is 0.500644 for index 634211, 635/1000.
Terminated at swamp 1.
The last entry of errorHistory is 1.000003 for index 634212, 635/1000.
Terminated at swamp 0.5.
The last entry of errorHistory is 0.500330 for index 634213, 635/1000.
Terminated at swamp 0.5.
The last entry of errorHistory is 0.500353 for index 634214, 635/1000.
The last entry of errorHistory is 1.000000 for index 634215, 635/1000.
Terminated at swamp 0.5.
The last entry of errorHistory is 0.500363 for index 634216, 635/1000.
The last entry of errorHistory is 1.000000 for index 634217, 635/1000.
The last entry of errorHistory is 0.500000 for index 634218, 635/1000.
Terminated at swamp 1.
The last entry of errorHistory is 1.000000 for index 634219, 635/1000.
Terminated at swamp 1.
The last entry of errorHistory is 1.000296 for index 634220, 635/1000.
The last entry of errorHistory is 1.000000 for index 634221, 635/1000.
The last entry of errorHistory is 0.000024 for index 634222, 635/1000.
Terminated at swamp 0.5.
The last entry of errorHistory is 0.500460 for index 634223, 635/1000.
The last entry of errorHistory is 0.000133 for index 634224, 635/1000.
Terminated at swamp 0.5.
The last entry of errorHistory is 0.500056 for index 634225, 635/1000.
Terminated at swamp 0.5.
The last entry of errorHistory is 0.500434 for index 634226, 635/1000.
The last entry of errorHistory is 0.500000 for index 634227, 635/1000.
Terminated at swamp 0.5.
The last entry of errorHistory is 0.500223 for index 634228, 635/1000.
The last entry of errorHistory is 0.500000 for index 634229, 635/1000.
The last entry of errorHistory is 0.000022 for index 634230, 635/1000.
Terminated at swamp 0.5.
The last entry of errorHistory is 0.500294 for index 634231, 635/1000.
Terminated at swamp 1.
The last entry of errorHistory is 1.000039 for index 634232, 635/1000.
Terminated at swamp 1.
The last entry of errorHistory is 1.000453 for index 634233, 635/1000.
Terminated at swamp 0.5.
The last entry of errorHistory is 0.500554 for index 634234, 635/1000.
Terminated at swamp 1.
The last entry of errorHistory is 1.000297 for index 634235, 635/1000.
Terminated at swamp 0.5.
The last entry of errorHistory is 0.500007 for index 634236, 635/1000.
Terminated at swamp 0.5.
The last entry of errorHistory is 0.500053 for index 634237, 635/1000.
Terminated at swamp 0.5.
The last entry of errorHistory is 0.500501 for index 634238, 635/1000.
Terminated at swamp 0.5.
The last entry of errorHistory is 0.500367 for index 634239, 635/1000.
Terminated at swamp 1.5.
The last entry of errorHistory is 1.500000 for index 634240, 635/1000.
Terminated at swamp 0.5.
The last entry of errorHistory is 0.500667 for index 634241, 635/1000.
Terminated at swamp 0.5.
The last entry of errorHistory is 0.500000 for index 634242, 635/1000.
The last entry of errorHistory is 0.000030 for index 634243, 635/1000.
The last entry of errorHistory is 0.000020 for index 634244, 635/1000.
The last entry of errorHistory is 1.000000 for index 634245, 635/1000.
The last entry of errorHistory is 0.500000 for index 634246, 635/1000.
The last entry of errorHistory is 0.000634 for index 634247, 635/1000.
Terminated at swamp 0.5.
The last entry of errorHistory is 0.500364 for index 634248, 635/1000.
The last entry of errorHistory is 1.000000 for index 634249, 635/1000.
The last entry of errorHistory is 1.000000 for index 634250, 635/1000.
Terminated at swamp 0.5.
The last entry of errorHistory is 0.500350 for index 634251, 635/1000.
Terminated at swamp 1.
The last entry of errorHistory is 1.000029 for index 634252, 635/1000.
Terminated at swamp 0.5.
The last entry of errorHistory is 0.500427 for index 634253, 635/1000.
The last entry of errorHistory is 0.000023 for index 634254, 635/1000.
The last entry of errorHistory is 1.000000 for index 634255, 635/1000.
Terminated at swamp 0.5.
The last entry of errorHistory is 0.500002 for index 634256, 635/1000.
Terminated at swamp 1.
The last entry of errorHistory is 1.000000 for index 634257, 635/1000.
Terminated at swamp 0.5.
The last entry of errorHistory is 0.500000 for index 634258, 635/1000.
The last entry of errorHistory is 1.000000 for index 634259, 635/1000.
Terminated at swamp 0.5.
The last entry of errorHistory is 0.500379 for index 634260, 635/1000.
Terminated at swamp 0.5.
The last entry of errorHistory is 0.500000 for index 634261, 635/1000.
Terminated at swamp 1.
The last entry of errorHistory is 1.000000 for index 634262, 635/1000.
The last entry of errorHistory is 1.000000 for index 634263, 635/1000.
Terminated at swamp 0.5.
The last entry of errorHistory is 0.500250 for index 634264, 635/1000.
Terminated at swamp 0.5.
The last entry of errorHistory is 0.500405 for index 634265, 635/1000.
Terminated at swamp 0.5.
The last entry of errorHistory is 0.500614 for index 634266, 635/1000.
Terminated at swamp 0.5.
The last entry of errorHistory is 0.500206 for index 634267, 635/1000.
Terminated at swamp 0.5.
The last entry of errorHistory is 0.499642 for index 634268, 635/1000.
Terminated at swamp 1.
The last entry of errorHistory is 1.000290 for index 634269, 635/1000.
Terminated at swamp 1.
The last entry of errorHistory is 1.000449 for index 634270, 635/1000.
The last entry of errorHistory is 0.000598 for index 634271, 635/1000.
Terminated at swamp 0.5.
The last entry of errorHistory is 0.500047 for index 634272, 635/1000.
Terminated at swamp 0.5.
The last entry of errorHistory is 0.500445 for index 634273, 635/1000.
Terminated at swamp 0.5.
The last entry of errorHistory is 0.500555 for index 634274, 635/1000.
Terminated at swamp 0.5.
The last entry of errorHistory is 0.500533 for index 634275, 635/1000.
The last entry of errorHistory is 0.500000 for index 634276, 635/1000.
Terminated at swamp 0.5.
The last entry of errorHistory is 0.500407 for index 634277, 635/1000.
Terminated at swamp 0.5.
The last entry of errorHistory is 0.500369 for index 634278, 635/1000.
Terminated at swamp 0.5.
The last entry of errorHistory is 0.500085 for index 634279, 635/1000.
Terminated at swamp 1.
The last entry of errorHistory is 1.000378 for index 634280, 635/1000.
Terminated at swamp 0.5.
The last entry of errorHistory is 0.500435 for index 634281, 635/1000.
The last entry of errorHistory is 0.000012 for index 634282, 635/1000.
Terminated at swamp 0.5.
The last entry of errorHistory is 0.500526 for index 634283, 635/1000.
The last entry of errorHistory is 0.500000 for index 634284, 635/1000.
Terminated at swamp 0.5.
The last entry of errorHistory is 0.500479 for index 634285, 635/1000.
Terminated at swamp 0.5.
The last entry of errorHistory is 0.500874 for index 634286, 635/1000.
The last entry of errorHistory is 0.000015 for index 634287, 635/1000.
Terminated at swamp 0.5.
The last entry of errorHistory is 0.500034 for index 634288, 635/1000.
Terminated at swamp 0.5.
The last entry of errorHistory is 0.500600 for index 634289, 635/1000.
Terminated at swamp 1.
The last entry of errorHistory is 1.000009 for index 634290, 635/1000.
Terminated at swamp 0.5.
The last entry of errorHistory is 0.500376 for index 634291, 635/1000.
Terminated at swamp 0.5.
The last entry of errorHistory is 0.500354 for index 634292, 635/1000.
The last entry of errorHistory is 0.000023 for index 634293, 635/1000.
Terminated at swamp 0.5.
The last entry of errorHistory is 0.500711 for index 634294, 635/1000.
Terminated at swamp 1.5.
The last entry of errorHistory is 1.500005 for index 634295, 635/1000.
The last entry of errorHistory is 0.500000 for index 634296, 635/1000.
Terminated at swamp 0.5.
The last entry of errorHistory is 0.500358 for index 634297, 635/1000.
Terminated at swamp 0.5.
The last entry of errorHistory is 0.500063 for index 634298, 635/1000.
Terminated at swamp 0.5.
The last entry of errorHistory is 0.500320 for index 634299, 635/1000.
Terminated at swamp 1.
The last entry of errorHistory is 1.000200 for index 634300, 635/1000.
The last entry of errorHistory is 1.000000 for index 634301, 635/1000.
Terminated at swamp 1.
The last entry of errorHistory is 1.000083 for index 634302, 635/1000.
Terminated at swamp 0.5.
The last entry of errorHistory is 0.500571 for index 634303, 635/1000.
Terminated at swamp 0.5.
The last entry of errorHistory is 0.500314 for index 634304, 635/1000.
Terminated at swamp 0.5.
The last entry of errorHistory is 0.500675 for index 634305, 635/1000.
The last entry of errorHistory is 0.000013 for index 634306, 635/1000.
The last entry of errorHistory is 0.000017 for index 634307, 635/1000.
The last entry of errorHistory is 0.500000 for index 634308, 635/1000.
The last entry of errorHistory is 0.000525 for index 634309, 635/1000.
Terminated at swamp 0.5.
The last entry of errorHistory is 0.500545 for index 634310, 635/1000.
Terminated at swamp 1.
The last entry of errorHistory is 1.000000 for index 634311, 635/1000.
Terminated at swamp 0.5.
The last entry of errorHistory is 0.500328 for index 634312, 635/1000.
Terminated at swamp 1.
The last entry of errorHistory is 1.000075 for index 634313, 635/1000.
Terminated at swamp 0.5.
The last entry of errorHistory is 0.500054 for index 634314, 635/1000.
Terminated at swamp 0.5.
The last entry of errorHistory is 0.500339 for index 634315, 635/1000.
The last entry of errorHistory is 0.000060 for index 634316, 635/1000.
Terminated at swamp 1.
The last entry of errorHistory is 1.000262 for index 634317, 635/1000.
Terminated at swamp 1.
The last entry of errorHistory is 1.000205 for index 634318, 635/1000.
Terminated at swamp 0.5.
The last entry of errorHistory is 0.500070 for index 634319, 635/1000.
The last entry of errorHistory is 0.500000 for index 634320, 635/1000.
Terminated at swamp 0.5.
The last entry of errorHistory is 0.500147 for index 634321, 635/1000.
Terminated at swamp 0.5.
The last entry of errorHistory is 0.500542 for index 634322, 635/1000.
Terminated at swamp 0.5.
The last entry of errorHistory is 0.500888 for index 634323, 635/1000.
Terminated at swamp 1.
The last entry of errorHistory is 1.000001 for index 634324, 635/1000.
Terminated at swamp 0.5.
The last entry of errorHistory is 0.500469 for index 634325, 635/1000.
The last entry of errorHistory is 1.000000 for index 634326, 635/1000.
Terminated at swamp 0.5.
The last entry of errorHistory is 0.500319 for index 634327, 635/1000.
Terminated at swamp 0.5.
The last entry of errorHistory is 0.500396 for index 634328, 635/1000.
Terminated at swamp 0.5.
The last entry of errorHistory is 0.500556 for index 634329, 635/1000.
Terminated at swamp 0.5.
The last entry of errorHistory is 0.500508 for index 634330, 635/1000.
Terminated at swamp 0.5.
The last entry of errorHistory is 0.500408 for index 634331, 635/1000.
The last entry of errorHistory is 1.000000 for index 634332, 635/1000.
Terminated at swamp 1.
The last entry of errorHistory is 1.000000 for index 634333, 635/1000.
Terminated at swamp 0.5.
The last entry of errorHistory is 0.500502 for index 634334, 635/1000.
The last entry of errorHistory is 0.501192 for index 634335, 635/1000.
The last entry of errorHistory is 1.000000 for index 634336, 635/1000.
Terminated at swamp 0.5.
The last entry of errorHistory is 0.500491 for index 634337, 635/1000.
Terminated at swamp 0.5.
The last entry of errorHistory is 0.500514 for index 634338, 635/1000.
The last entry of errorHistory is 1.000000 for index 634339, 635/1000.
The last entry of errorHistory is 0.500000 for index 634340, 635/1000.
Terminated at swamp 1.
The last entry of errorHistory is 0.999848 for index 634341, 635/1000.
The last entry of errorHistory is 0.500000 for index 634342, 635/1000.
Terminated at swamp 0.5.
The last entry of errorHistory is 0.500499 for index 634343, 635/1000.
The last entry of errorHistory is 0.000057 for index 634344, 635/1000.
Terminated at swamp 0.5.
The last entry of errorHistory is 0.500543 for index 634345, 635/1000.
Terminated at swamp 0.5.
The last entry of errorHistory is 0.500406 for index 634346, 635/1000.
The last entry of errorHistory is 1.000000 for index 634347, 635/1000.
Terminated at swamp 1.
The last entry of errorHistory is 1.000109 for index 634348, 635/1000.
Terminated at swamp 0.5.
The last entry of errorHistory is 0.500196 for index 634349, 635/1000.
The last entry of errorHistory is 1.000000 for index 634350, 635/1000.
The last entry of errorHistory is 0.500000 for index 634351, 635/1000.
Terminated at swamp 0.5.
The last entry of errorHistory is 0.500384 for index 634352, 635/1000.
The last entry of errorHistory is 1.000000 for index 634353, 635/1000.
Terminated at swamp 0.5.
The last entry of errorHistory is 0.500144 for index 634354, 635/1000.
The last entry of errorHistory is 0.000010 for index 634355, 635/1000.
Terminated at swamp 0.5.
The last entry of errorHistory is 0.500415 for index 634356, 635/1000.
Terminated at swamp 0.5.
The last entry of errorHistory is 0.500444 for index 634357, 635/1000.
The last entry of errorHistory is 0.000012 for index 634358, 635/1000.
Terminated at swamp 0.5.
The last entry of errorHistory is 0.500511 for index 634359, 635/1000.
Terminated at swamp 1.5.
The last entry of errorHistory is 1.500000 for index 634360, 635/1000.
Terminated at swamp 1.
The last entry of errorHistory is 1.000001 for index 634361, 635/1000.
Terminated at swamp 0.5.
The last entry of errorHistory is 0.500080 for index 634362, 635/1000.
The last entry of errorHistory is 1.000000 for index 634363, 635/1000.
Terminated at swamp 1.
The last entry of errorHistory is 1.000000 for index 634364, 635/1000.
Terminated at swamp 0.5.
The last entry of errorHistory is 0.500345 for index 634365, 635/1000.
Terminated at swamp 1.
The last entry of errorHistory is 1.000387 for index 634366, 635/1000.
The last entry of errorHistory is 1.500000 for index 634367, 635/1000.
Terminated at swamp 0.5.
The last entry of errorHistory is 0.500782 for index 634368, 635/1000.
Terminated at swamp 0.5.
The last entry of errorHistory is 0.500382 for index 634369, 635/1000.
Terminated at swamp 0.5.
The last entry of errorHistory is 0.500018 for index 634370, 635/1000.
Terminated at swamp 0.5.
The last entry of errorHistory is 0.500529 for index 634371, 635/1000.
Terminated at swamp 0.5.
The last entry of errorHistory is 0.500375 for index 634372, 635/1000.
Terminated at swamp 0.5.
The last entry of errorHistory is 0.500318 for index 634373, 635/1000.
The last entry of errorHistory is 1.000000 for index 634374, 635/1000.
Terminated at swamp 1.
The last entry of errorHistory is 1.000335 for index 634375, 635/1000.
Terminated at swamp 0.5.
The last entry of errorHistory is 0.500534 for index 634376, 635/1000.
Terminated at swamp 0.5.
The last entry of errorHistory is 0.500058 for index 634377, 635/1000.
The last entry of errorHistory is 0.500000 for index 634378, 635/1000.
Terminated at swamp 0.5.
The last entry of errorHistory is 0.500469 for index 634379, 635/1000.
Terminated at swamp 0.5.
The last entry of errorHistory is 0.500524 for index 634380, 635/1000.
Terminated at swamp 0.5.
The last entry of errorHistory is 0.500558 for index 634381, 635/1000.
Terminated at swamp 0.5.
The last entry of errorHistory is 0.500513 for index 634382, 635/1000.
The last entry of errorHistory is 1.000000 for index 634383, 635/1000.
Terminated at swamp 1.
The last entry of errorHistory is 1.000172 for index 634384, 635/1000.
The last entry of errorHistory is 1.000000 for index 634385, 635/1000.
Terminated at swamp 0.5.
The last entry of errorHistory is 0.500416 for index 634386, 635/1000.
Terminated at swamp 0.5.
The last entry of errorHistory is 0.500351 for index 634387, 635/1000.
Terminated at swamp 0.5.
The last entry of errorHistory is 0.500005 for index 634388, 635/1000.
The last entry of errorHistory is 1.000000 for index 634389, 635/1000.
The last entry of errorHistory is 1.500000 for index 634390, 635/1000.
Terminated at swamp 0.5.
The last entry of errorHistory is 0.500520 for index 634391, 635/1000.
The last entry of errorHistory is 0.002063 for index 634392, 635/1000.
Terminated at swamp 1.
The last entry of errorHistory is 1.000000 for index 634393, 635/1000.
Terminated at swamp 1.
The last entry of errorHistory is 1.000000 for index 634394, 635/1000.
The last entry of errorHistory is 0.000021 for index 634395, 635/1000.
Terminated at swamp 0.5.
The last entry of errorHistory is 0.500032 for index 634396, 635/1000.
The last entry of errorHistory is 0.500000 for index 634397, 635/1000.
The last entry of errorHistory is 1.500000 for index 634398, 635/1000.
Terminated at swamp 0.5.
The last entry of errorHistory is 0.500057 for index 634399, 635/1000.
The last entry of errorHistory is 1.000000 for index 634400, 635/1000.
The last entry of errorHistory is 1.000000 for index 634401, 635/1000.
Terminated at swamp 1.
The last entry of errorHistory is 1.000373 for index 634402, 635/1000.
The last entry of errorHistory is 0.000025 for index 634403, 635/1000.
The last entry of errorHistory is 0.000019 for index 634404, 635/1000.
The last entry of errorHistory is 0.000020 for index 634405, 635/1000.
The last entry of errorHistory is 1.000000 for index 634406, 635/1000.
The last entry of errorHistory is 1.000000 for index 634407, 635/1000.
Terminated at swamp 0.5.
The last entry of errorHistory is 0.500477 for index 634408, 635/1000.
The last entry of errorHistory is 1.500000 for index 634409, 635/1000.
Terminated at swamp 0.5.
The last entry of errorHistory is 0.500519 for index 634410, 635/1000.
Terminated at swamp 0.5.
The last entry of errorHistory is 0.500528 for index 634411, 635/1000.
Terminated at swamp 1.
The last entry of errorHistory is 1.000000 for index 634412, 635/1000.
Terminated at swamp 1.
The last entry of errorHistory is 1.000017 for index 634413, 635/1000.
The last entry of errorHistory is 0.500000 for index 634414, 635/1000.
Terminated at swamp 0.5.
The last entry of errorHistory is 0.500121 for index 634415, 635/1000.
Terminated at swamp 1.
The last entry of errorHistory is 1.000001 for index 634416, 635/1000.
The last entry of errorHistory is 0.500000 for index 634417, 635/1000.
The last entry of errorHistory is 1.000000 for index 634418, 635/1000.
Terminated at swamp 0.5.
The last entry of errorHistory is 0.500518 for index 634419, 635/1000.
Terminated at swamp 1.
The last entry of errorHistory is 1.000301 for index 634420, 635/1000.
Terminated at swamp 0.5.
The last entry of errorHistory is 0.500090 for index 634421, 635/1000.
Terminated at swamp 0.5.
The last entry of errorHistory is 0.500083 for index 634422, 635/1000.
Terminated at swamp 0.5.
The last entry of errorHistory is 0.500072 for index 634423, 635/1000.
Terminated at swamp 0.5.
The last entry of errorHistory is 0.500240 for index 634424, 635/1000.
Terminated at swamp 0.5.
The last entry of errorHistory is 0.500524 for index 634425, 635/1000.
The last entry of errorHistory is 1.000000 for index 634426, 635/1000.
Terminated at swamp 1.
The last entry of errorHistory is 1.000225 for index 634427, 635/1000.
Terminated at swamp 0.5.
The last entry of errorHistory is 0.500506 for index 634428, 635/1000.
The last entry of errorHistory is 0.000009 for index 634429, 635/1000.
The last entry of errorHistory is 1.000000 for index 634430, 635/1000.
Terminated at swamp 1.
The last entry of errorHistory is 1.000250 for index 634431, 635/1000.
Terminated at swamp 0.5.
The last entry of errorHistory is 0.500067 for index 634432, 635/1000.
Terminated at swamp 0.5.
The last entry of errorHistory is 0.500243 for index 634433, 635/1000.
Terminated at swamp 1.
The last entry of errorHistory is 1.000002 for index 634434, 635/1000.
Terminated at swamp 1.
The last entry of errorHistory is 1.000100 for index 634435, 635/1000.
The last entry of errorHistory is 1.000000 for index 634436, 635/1000.
Terminated at swamp 0.5.
The last entry of errorHistory is 0.500566 for index 634437, 635/1000.
Terminated at swamp 1.
The last entry of errorHistory is 1.000000 for index 634438, 635/1000.
Terminated at swamp 0.5.
The last entry of errorHistory is 0.500270 for index 634439, 635/1000.
Terminated at swamp 0.5.
The last entry of errorHistory is 0.500295 for index 634440, 635/1000.
Terminated at swamp 0.5.
The last entry of errorHistory is 0.500136 for index 634441, 635/1000.
Terminated at swamp 0.5.
The last entry of errorHistory is 0.500633 for index 634442, 635/1000.
The last entry of errorHistory is 1.000000 for index 634443, 635/1000.
Terminated at swamp 0.5.
The last entry of errorHistory is 0.500269 for index 634444, 635/1000.
Terminated at swamp 1.
The last entry of errorHistory is 1.000000 for index 634445, 635/1000.
Terminated at swamp 0.5.
The last entry of errorHistory is 0.500532 for index 634446, 635/1000.
Terminated at swamp 0.5.
The last entry of errorHistory is 0.500477 for index 634447, 635/1000.
Terminated at swamp 1.
The last entry of errorHistory is 1.000068 for index 634448, 635/1000.
Terminated at swamp 0.5.
The last entry of errorHistory is 0.500573 for index 634449, 635/1000.
Terminated at swamp 0.5.
The last entry of errorHistory is 0.500323 for index 634450, 635/1000.
Terminated at swamp 0.5.
The last entry of errorHistory is 0.500189 for index 634451, 635/1000.
The last entry of errorHistory is 0.000028 for index 634452, 635/1000.
Terminated at swamp 0.5.
The last entry of errorHistory is 0.500412 for index 634453, 635/1000.
The last entry of errorHistory is 0.500000 for index 634454, 635/1000.
Terminated at swamp 0.5.
The last entry of errorHistory is 0.500373 for index 634455, 635/1000.
Terminated at swamp 0.5.
The last entry of errorHistory is 0.500585 for index 634456, 635/1000.
Terminated at swamp 1.5.
The last entry of errorHistory is 1.500266 for index 634457, 635/1000.
Terminated at swamp 1.
The last entry of errorHistory is 1.000126 for index 634458, 635/1000.
Terminated at swamp 0.5.
The last entry of errorHistory is 0.500004 for index 634459, 635/1000.
Terminated at swamp 0.5.
The last entry of errorHistory is 0.500231 for index 634460, 635/1000.
Terminated at swamp 0.5.
The last entry of errorHistory is 0.500742 for index 634461, 635/1000.
Terminated at swamp 1.
The last entry of errorHistory is 1.000126 for index 634462, 635/1000.
The last entry of errorHistory is 0.500000 for index 634463, 635/1000.
The last entry of errorHistory is 1.000000 for index 634464, 635/1000.
The last entry of errorHistory is 1.000000 for index 634465, 635/1000.
The last entry of errorHistory is 0.000182 for index 634466, 635/1000.
Terminated at swamp 0.5.
The last entry of errorHistory is 0.500207 for index 634467, 635/1000.
The last entry of errorHistory is 0.000183 for index 634468, 635/1000.
Terminated at swamp 1.
The last entry of errorHistory is 1.000285 for index 634469, 635/1000.
Terminated at swamp 1.
The last entry of errorHistory is 1.000002 for index 634470, 635/1000.
Terminated at swamp 1.
The last entry of errorHistory is 1.000001 for index 634471, 635/1000.
The last entry of errorHistory is 0.500000 for index 634472, 635/1000.
Terminated at swamp 1.
The last entry of errorHistory is 1.000000 for index 634473, 635/1000.
The last entry of errorHistory is 0.500000 for index 634474, 635/1000.
Terminated at swamp 0.5.
The last entry of errorHistory is 0.500381 for index 634475, 635/1000.
Terminated at swamp 0.5.
The last entry of errorHistory is 0.500533 for index 634476, 635/1000.
Terminated at swamp 0.5.
The last entry of errorHistory is 0.500485 for index 634477, 635/1000.
The last entry of errorHistory is 1.000000 for index 634478, 635/1000.
Terminated at swamp 0.5.
The last entry of errorHistory is 0.500567 for index 634479, 635/1000.
Terminated at swamp 0.5.
The last entry of errorHistory is 0.500354 for index 634480, 635/1000.
Terminated at swamp 0.5.
The last entry of errorHistory is 0.500576 for index 634481, 635/1000.
Terminated at swamp 0.5.
The last entry of errorHistory is 0.500060 for index 634482, 635/1000.
Terminated at swamp 1.
The last entry of errorHistory is 1.000015 for index 634483, 635/1000.
Terminated at swamp 0.5.
The last entry of errorHistory is 0.500733 for index 634484, 635/1000.
Terminated at swamp 0.5.
The last entry of errorHistory is 0.500454 for index 634485, 635/1000.
Terminated at swamp 0.5.
The last entry of errorHistory is 0.500557 for index 634486, 635/1000.
Terminated at swamp 1.
The last entry of errorHistory is 1.000017 for index 634487, 635/1000.
The last entry of errorHistory is 1.000000 for index 634488, 635/1000.
The last entry of errorHistory is 0.500000 for index 634489, 635/1000.
The last entry of errorHistory is 1.000000 for index 634490, 635/1000.
Terminated at swamp 0.5.
The last entry of errorHistory is 0.500368 for index 634491, 635/1000.
The last entry of errorHistory is 1.500000 for index 634492, 635/1000.
Terminated at swamp 0.5.
The last entry of errorHistory is 0.500624 for index 634493, 635/1000.
The last entry of errorHistory is 1.000000 for index 634494, 635/1000.
The last entry of errorHistory is 1.000000 for index 634495, 635/1000.
The last entry of errorHistory is 0.500000 for index 634496, 635/1000.
Terminated at swamp 1.
The last entry of errorHistory is 1.000349 for index 634497, 635/1000.
The last entry of errorHistory is 0.000200 for index 634498, 635/1000.
Terminated at swamp 0.5.
The last entry of errorHistory is 0.500063 for index 634499, 635/1000.
The last entry of errorHistory is 1.000000 for index 634500, 635/1000.
Terminated at swamp 0.5.
The last entry of errorHistory is 0.500022 for index 634501, 635/1000.
The last entry of errorHistory is 1.500000 for index 634502, 635/1000.
The last entry of errorHistory is 0.000026 for index 634503, 635/1000.
Terminated at swamp 0.5.
The last entry of errorHistory is 0.500378 for index 634504, 635/1000.
Terminated at swamp 0.5.
The last entry of errorHistory is 0.500126 for index 634505, 635/1000.
Terminated at swamp 1.5.
The last entry of errorHistory is 1.500000 for index 634506, 635/1000.
Terminated at swamp 1.
The last entry of errorHistory is 1.000027 for index 634507, 635/1000.
The last entry of errorHistory is 1.000000 for index 634508, 635/1000.
Terminated at swamp 1.
The last entry of errorHistory is 1.000001 for index 634509, 635/1000.
Terminated at swamp 0.5.
The last entry of errorHistory is 0.500360 for index 634510, 635/1000.
The last entry of errorHistory is 1.000000 for index 634511, 635/1000.
The last entry of errorHistory is 0.000032 for index 634512, 635/1000.
Terminated at swamp 0.5.
The last entry of errorHistory is 0.500580 for index 634513, 635/1000.
Terminated at swamp 0.5.
The last entry of errorHistory is 0.500143 for index 634514, 635/1000.
Terminated at swamp 0.5.
The last entry of errorHistory is 0.500333 for index 634515, 635/1000.
Terminated at swamp 1.
The last entry of errorHistory is 1.000000 for index 634516, 635/1000.
Terminated at swamp 1.
The last entry of errorHistory is 1.000221 for index 634517, 635/1000.
Terminated at swamp 0.5.
The last entry of errorHistory is 0.500240 for index 634518, 635/1000.
Terminated at swamp 0.5.
The last entry of errorHistory is 0.500464 for index 634519, 635/1000.
Terminated at swamp 1.
The last entry of errorHistory is 1.000002 for index 634520, 635/1000.
Terminated at swamp 1.
The last entry of errorHistory is 1.000004 for index 634521, 635/1000.
The last entry of errorHistory is 0.000017 for index 634522, 635/1000.
Terminated at swamp 1.
The last entry of errorHistory is 1.000016 for index 634523, 635/1000.
Terminated at swamp 0.5.
The last entry of errorHistory is 0.500336 for index 634524, 635/1000.
The last entry of errorHistory is 1.000000 for index 634525, 635/1000.
Terminated at swamp 1.
The last entry of errorHistory is 1.000182 for index 634526, 635/1000.
Terminated at swamp 1.
The last entry of errorHistory is 1.000025 for index 634527, 635/1000.
The last entry of errorHistory is 1.000000 for index 634528, 635/1000.
The last entry of errorHistory is 1.000000 for index 634529, 635/1000.
Terminated at swamp 0.5.
The last entry of errorHistory is 0.500680 for index 634530, 635/1000.
The last entry of errorHistory is 1.000000 for index 634531, 635/1000.
Terminated at swamp 0.5.
The last entry of errorHistory is 0.500537 for index 634532, 635/1000.
Terminated at swamp 0.5.
The last entry of errorHistory is 0.500000 for index 634533, 635/1000.
Terminated at swamp 0.5.
The last entry of errorHistory is 0.500731 for index 634534, 635/1000.
Terminated at swamp 0.5.
The last entry of errorHistory is 0.500557 for index 634535, 635/1000.
Terminated at swamp 0.5.
The last entry of errorHistory is 0.500535 for index 634536, 635/1000.
Terminated at swamp 0.5.
The last entry of errorHistory is 0.500045 for index 634537, 635/1000.
The last entry of errorHistory is 1.000000 for index 634538, 635/1000.
Terminated at swamp 0.5.
The last entry of errorHistory is 0.500386 for index 634539, 635/1000.
Terminated at swamp 1.
The last entry of errorHistory is 1.000113 for index 634540, 635/1000.
The last entry of errorHistory is 1.000000 for index 634541, 635/1000.
Terminated at swamp 1.5.
The last entry of errorHistory is 1.500001 for index 634542, 635/1000.
The last entry of errorHistory is 1.000000 for index 634543, 635/1000.
Terminated at swamp 0.5.
The last entry of errorHistory is 0.500388 for index 634544, 635/1000.
Terminated at swamp 0.5.
The last entry of errorHistory is 0.500092 for index 634545, 635/1000.
The last entry of errorHistory is 0.500000 for index 634546, 635/1000.
The last entry of errorHistory is 0.500000 for index 634547, 635/1000.
The last entry of errorHistory is 0.000031 for index 634548, 635/1000.
The last entry of errorHistory is 1.000000 for index 634549, 635/1000.
The last entry of errorHistory is 0.000051 for index 634550, 635/1000.
The last entry of errorHistory is 1.000000 for index 634551, 635/1000.
Terminated at swamp 1.
The last entry of errorHistory is 1.000138 for index 634552, 635/1000.
Terminated at swamp 0.5.
The last entry of errorHistory is 0.500083 for index 634553, 635/1000.
Terminated at swamp 0.5.
The last entry of errorHistory is 0.500034 for index 634554, 635/1000.
Terminated at swamp 0.5.
The last entry of errorHistory is 0.500200 for index 634555, 635/1000.
The last entry of errorHistory is 1.000000 for index 634556, 635/1000.
The last entry of errorHistory is 2.000000 for index 634557, 635/1000.
Terminated at swamp 0.5.
The last entry of errorHistory is 0.500482 for index 634558, 635/1000.
Terminated at swamp 0.5.
The last entry of errorHistory is 0.500211 for index 634559, 635/1000.
Terminated at swamp 0.5.
The last entry of errorHistory is 0.500234 for index 634560, 635/1000.
The last entry of errorHistory is 0.000009 for index 634561, 635/1000.
Terminated at swamp 0.5.
The last entry of errorHistory is 0.500127 for index 634562, 635/1000.
Terminated at swamp 0.5.
The last entry of errorHistory is 0.500355 for index 634563, 635/1000.
Terminated at swamp 0.5.
The last entry of errorHistory is 0.500270 for index 634564, 635/1000.
The last entry of errorHistory is 0.000008 for index 634565, 635/1000.
Terminated at swamp 0.5.
The last entry of errorHistory is 0.500310 for index 634566, 635/1000.
Terminated at swamp 0.5.
The last entry of errorHistory is 0.500408 for index 634567, 635/1000.
Terminated at swamp 0.5.
The last entry of errorHistory is 0.500852 for index 634568, 635/1000.
Terminated at swamp 0.5.
The last entry of errorHistory is 0.500661 for index 634569, 635/1000.
Terminated at swamp 1.
The last entry of errorHistory is 1.000060 for index 634570, 635/1000.
The last entry of errorHistory is 0.000006 for index 634571, 635/1000.
Terminated at swamp 0.5.
The last entry of errorHistory is 0.500502 for index 634572, 635/1000.
Terminated at swamp 1.5.
The last entry of errorHistory is 1.500012 for index 634573, 635/1000.
Terminated at swamp 0.5.
The last entry of errorHistory is 0.500364 for index 634574, 635/1000.
Terminated at swamp 0.5.
The last entry of errorHistory is 0.500588 for index 634575, 635/1000.
The last entry of errorHistory is 0.500000 for index 634576, 635/1000.
Terminated at swamp 1.
The last entry of errorHistory is 1.000000 for index 634577, 635/1000.
Terminated at swamp 0.5.
The last entry of errorHistory is 0.500266 for index 634578, 635/1000.
Terminated at swamp 0.5.
The last entry of errorHistory is 0.500309 for index 634579, 635/1000.
The last entry of errorHistory is 0.000023 for index 634580, 635/1000.
Terminated at swamp 1.
The last entry of errorHistory is 1.000072 for index 634581, 635/1000.
Terminated at swamp 0.5.
The last entry of errorHistory is 0.500055 for index 634582, 635/1000.
Terminated at swamp 0.5.
The last entry of errorHistory is 0.500433 for index 634583, 635/1000.
The last entry of errorHistory is 0.000022 for index 634584, 635/1000.
Terminated at swamp 1.
The last entry of errorHistory is 1.000040 for index 634585, 635/1000.
Terminated at swamp 1.
The last entry of errorHistory is 1.000062 for index 634586, 635/1000.
Terminated at swamp 0.5.
The last entry of errorHistory is 0.500000 for index 634587, 635/1000.
Terminated at swamp 0.5.
The last entry of errorHistory is 0.500031 for index 634588, 635/1000.
Terminated at swamp 0.5.
The last entry of errorHistory is 0.500022 for index 634589, 635/1000.
The last entry of errorHistory is 1.000000 for index 634590, 635/1000.
Terminated at swamp 0.5.
The last entry of errorHistory is 0.500113 for index 634591, 635/1000.
The last entry of errorHistory is 1.000000 for index 634592, 635/1000.
Terminated at swamp 0.5.
The last entry of errorHistory is 0.500070 for index 634593, 635/1000.
Terminated at swamp 1.
The last entry of errorHistory is 1.000029 for index 634594, 635/1000.
The last entry of errorHistory is 1.000000 for index 634595, 635/1000.
The last entry of errorHistory is 0.000049 for index 634596, 635/1000.
The last entry of errorHistory is 0.500000 for index 634597, 635/1000.
Terminated at swamp 0.5.
The last entry of errorHistory is 0.500343 for index 634598, 635/1000.
The last entry of errorHistory is 1.500000 for index 634599, 635/1000.
Terminated at swamp 1.
The last entry of errorHistory is 1.000000 for index 634600, 635/1000.
Terminated at swamp 1.
The last entry of errorHistory is 1.000340 for index 634601, 635/1000.
The last entry of errorHistory is 1.000000 for index 634602, 635/1000.
Terminated at swamp 0.5.
The last entry of errorHistory is 0.500546 for index 634603, 635/1000.
The last entry of errorHistory is 1.000000 for index 634604, 635/1000.
The last entry of errorHistory is 0.000255 for index 634605, 635/1000.
Terminated at swamp 0.5.
The last entry of errorHistory is 0.500409 for index 634606, 635/1000.
The last entry of errorHistory is 1.000000 for index 634607, 635/1000.
Terminated at swamp 0.5.
The last entry of errorHistory is 0.500772 for index 634608, 635/1000.
Terminated at swamp 0.5.
The last entry of errorHistory is 0.500234 for index 634609, 635/1000.
Terminated at swamp 0.5.
The last entry of errorHistory is 0.500116 for index 634610, 635/1000.
Terminated at swamp 0.5.
The last entry of errorHistory is 0.500084 for index 634611, 635/1000.
Terminated at swamp 0.5.
The last entry of errorHistory is 0.500127 for index 634612, 635/1000.
Terminated at swamp 0.5.
The last entry of errorHistory is 0.500227 for index 634613, 635/1000.
Terminated at swamp 1.
The last entry of errorHistory is 1.000038 for index 634614, 635/1000.
The last entry of errorHistory is 0.000011 for index 634615, 635/1000.
Terminated at swamp 0.5.
The last entry of errorHistory is 0.500064 for index 634616, 635/1000.
The last entry of errorHistory is 1.000000 for index 634617, 635/1000.
Terminated at swamp 0.5.
The last entry of errorHistory is 0.500160 for index 634618, 635/1000.
The last entry of errorHistory is 0.000011 for index 634619, 635/1000.
Terminated at swamp 1.
The last entry of errorHistory is 1.000285 for index 634620, 635/1000.
Terminated at swamp 0.5.
The last entry of errorHistory is 0.500642 for index 634621, 635/1000.
Terminated at swamp 0.5.
The last entry of errorHistory is 0.500696 for index 634622, 635/1000.
The last entry of errorHistory is 1.000000 for index 634623, 635/1000.
Terminated at swamp 1.
The last entry of errorHistory is 1.000110 for index 634624, 635/1000.
Terminated at swamp 0.5.
The last entry of errorHistory is 0.500411 for index 634625, 635/1000.
Terminated at swamp 0.5.
The last entry of errorHistory is 0.500530 for index 634626, 635/1000.
The last entry of errorHistory is 0.500000 for index 634627, 635/1000.
Terminated at swamp 0.5.
The last entry of errorHistory is 0.500428 for index 634628, 635/1000.
The last entry of errorHistory is 1.000000 for index 634629, 635/1000.
The last entry of errorHistory is 1.000000 for index 634630, 635/1000.
Terminated at swamp 1.
The last entry of errorHistory is 1.000058 for index 634631, 635/1000.
Terminated at swamp 0.5.
The last entry of errorHistory is 0.500651 for index 634632, 635/1000.
Terminated at swamp 0.5.
The last entry of errorHistory is 0.500457 for index 634633, 635/1000.
The last entry of errorHistory is 1.000000 for index 634634, 635/1000.
Terminated at swamp 0.5.
The last entry of errorHistory is 0.500609 for index 634635, 635/1000.
Terminated at swamp 0.5.
The last entry of errorHistory is 0.500121 for index 634636, 635/1000.
The last entry of errorHistory is 0.500000 for index 634637, 635/1000.
Terminated at swamp 1.
The last entry of errorHistory is 1.000058 for index 634638, 635/1000.
Terminated at swamp 1.
The last entry of errorHistory is 1.000200 for index 634639, 635/1000.
Terminated at swamp 0.5.
The last entry of errorHistory is 0.500610 for index 634640, 635/1000.
Terminated at swamp 1.
The last entry of errorHistory is 1.000000 for index 634641, 635/1000.
The last entry of errorHistory is 1.000000 for index 634642, 635/1000.
Terminated at swamp 0.5.
The last entry of errorHistory is 0.500259 for index 634643, 635/1000.
Terminated at swamp 1.
The last entry of errorHistory is 1.000421 for index 634644, 635/1000.
Terminated at swamp 0.5.
The last entry of errorHistory is 0.500388 for index 634645, 635/1000.
Terminated at swamp 0.5.
The last entry of errorHistory is 0.500549 for index 634646, 635/1000.
Terminated at swamp 1.
The last entry of errorHistory is 1.000152 for index 634647, 635/1000.
Terminated at swamp 0.5.
The last entry of errorHistory is 0.500092 for index 634648, 635/1000.
Terminated at swamp 0.5.
The last entry of errorHistory is 0.500150 for index 634649, 635/1000.
The last entry of errorHistory is 1.000000 for index 634650, 635/1000.
Terminated at swamp 0.5.
The last entry of errorHistory is 0.500480 for index 634651, 635/1000.
Terminated at swamp 1.
The last entry of errorHistory is 1.000001 for index 634652, 635/1000.
Terminated at swamp 0.5.
The last entry of errorHistory is 0.500555 for index 634653, 635/1000.
Terminated at swamp 0.5.
The last entry of errorHistory is 0.500434 for index 634654, 635/1000.
The last entry of errorHistory is 0.500000 for index 634655, 635/1000.
The last entry of errorHistory is 1.000000 for index 634656, 635/1000.
The last entry of errorHistory is 0.000467 for index 634657, 635/1000.
The last entry of errorHistory is 1.000000 for index 634658, 635/1000.
Terminated at swamp 1.
The last entry of errorHistory is 1.000413 for index 634659, 635/1000.
The last entry of errorHistory is 1.500000 for index 634660, 635/1000.
Terminated at swamp 0.5.
The last entry of errorHistory is 0.500259 for index 634661, 635/1000.
Terminated at swamp 1.
The last entry of errorHistory is 1.000063 for index 634662, 635/1000.
Terminated at swamp 0.5.
The last entry of errorHistory is 0.500068 for index 634663, 635/1000.
Terminated at swamp 0.5.
The last entry of errorHistory is 0.500461 for index 634664, 635/1000.
Terminated at swamp 0.5.
The last entry of errorHistory is 0.500529 for index 634665, 635/1000.
Terminated at swamp 1.
The last entry of errorHistory is 1.000291 for index 634666, 635/1000.
The last entry of errorHistory is 1.000000 for index 634667, 635/1000.
Terminated at swamp 1.
The last entry of errorHistory is 1.000140 for index 634668, 635/1000.
Terminated at swamp 1.
The last entry of errorHistory is 1.000291 for index 634669, 635/1000.
The last entry of errorHistory is 0.500000 for index 634670, 635/1000.
Terminated at swamp 0.5.
The last entry of errorHistory is 0.500389 for index 634671, 635/1000.
Terminated at swamp 0.5.
The last entry of errorHistory is 0.500063 for index 634672, 635/1000.
Terminated at swamp 1.
The last entry of errorHistory is 1.000000 for index 634673, 635/1000.
The last entry of errorHistory is 1.000000 for index 634674, 635/1000.
The last entry of errorHistory is 0.500000 for index 634675, 635/1000.
The last entry of errorHistory is 0.000080 for index 634676, 635/1000.
Terminated at swamp 0.5.
The last entry of errorHistory is 0.500276 for index 634677, 635/1000.
Terminated at swamp 0.5.
The last entry of errorHistory is 0.500003 for index 634678, 635/1000.
Terminated at swamp 0.5.
The last entry of errorHistory is 0.500278 for index 634679, 635/1000.
The last entry of errorHistory is 0.000065 for index 634680, 635/1000.
Terminated at swamp 0.5.
The last entry of errorHistory is 0.500381 for index 634681, 635/1000.
The last entry of errorHistory is 0.000111 for index 634682, 635/1000.
The last entry of errorHistory is 1.000000 for index 634683, 635/1000.
The last entry of errorHistory is 0.000681 for index 634684, 635/1000.
Terminated at swamp 0.5.
The last entry of errorHistory is 0.500108 for index 634685, 635/1000.
Terminated at swamp 0.5.
The last entry of errorHistory is 0.500003 for index 634686, 635/1000.
The last entry of errorHistory is 0.000016 for index 634687, 635/1000.
Terminated at swamp 0.5.
The last entry of errorHistory is 0.500456 for index 634688, 635/1000.
Terminated at swamp 0.5.
The last entry of errorHistory is 0.500051 for index 634689, 635/1000.
Terminated at swamp 1.
The last entry of errorHistory is 1.000000 for index 634690, 635/1000.
Terminated at swamp 0.5.
The last entry of errorHistory is 0.500436 for index 634691, 635/1000.
The last entry of errorHistory is 1.000000 for index 634692, 635/1000.
Terminated at swamp 0.5.
The last entry of errorHistory is 0.500585 for index 634693, 635/1000.
Terminated at swamp 0.5.
The last entry of errorHistory is 0.500244 for index 634694, 635/1000.
Terminated at swamp 1.
The last entry of errorHistory is 1.000012 for index 634695, 635/1000.
Terminated at swamp 0.5.
The last entry of errorHistory is 0.500006 for index 634696, 635/1000.
The last entry of errorHistory is 1.000000 for index 634697, 635/1000.
Terminated at swamp 0.5.
The last entry of errorHistory is 0.500371 for index 634698, 635/1000.
The last entry of errorHistory is 1.000000 for index 634699, 635/1000.
Terminated at swamp 0.5.
The last entry of errorHistory is 0.500546 for index 634700, 635/1000.
Terminated at swamp 0.5.
The last entry of errorHistory is 0.500294 for index 634701, 635/1000.
Terminated at swamp 0.5.
The last entry of errorHistory is 0.500443 for index 634702, 635/1000.
The last entry of errorHistory is 0.000012 for index 634703, 635/1000.
Terminated at swamp 0.5.
The last entry of errorHistory is 0.500331 for index 634704, 635/1000.
Terminated at swamp 0.5.
The last entry of errorHistory is 0.500334 for index 634705, 635/1000.
Terminated at swamp 1.
The last entry of errorHistory is 1.000284 for index 634706, 635/1000.
The last entry of errorHistory is 0.000026 for index 634707, 635/1000.
The last entry of errorHistory is 0.000023 for index 634708, 635/1000.
Terminated at swamp 0.5.
The last entry of errorHistory is 0.500458 for index 634709, 635/1000.
Terminated at swamp 0.5.
The last entry of errorHistory is 0.500653 for index 634710, 635/1000.
Terminated at swamp 1.
The last entry of errorHistory is 1.000006 for index 634711, 635/1000.
Terminated at swamp 0.5.
The last entry of errorHistory is 0.500361 for index 634712, 635/1000.
Terminated at swamp 0.5.
The last entry of errorHistory is 0.500719 for index 634713, 635/1000.
Terminated at swamp 0.5.
The last entry of errorHistory is 0.500351 for index 634714, 635/1000.
The last entry of errorHistory is 0.000038 for index 634715, 635/1000.
Terminated at swamp 1.
The last entry of errorHistory is 1.000213 for index 634716, 635/1000.
The last entry of errorHistory is 0.000113 for index 634717, 635/1000.
Terminated at swamp 1.
The last entry of errorHistory is 1.000001 for index 634718, 635/1000.
Terminated at swamp 0.5.
The last entry of errorHistory is 0.500437 for index 634719, 635/1000.
Terminated at swamp 0.5.
The last entry of errorHistory is 0.500631 for index 634720, 635/1000.
Terminated at swamp 0.5.
The last entry of errorHistory is 0.500260 for index 634721, 635/1000.
The last entry of errorHistory is 0.500000 for index 634722, 635/1000.
Terminated at swamp 0.5.
The last entry of errorHistory is 0.500336 for index 634723, 635/1000.
Terminated at swamp 1.
The last entry of errorHistory is 1.000092 for index 634724, 635/1000.
Terminated at swamp 0.5.
The last entry of errorHistory is 0.500438 for index 634725, 635/1000.
Terminated at swamp 1.
The last entry of errorHistory is 1.000110 for index 634726, 635/1000.
Terminated at swamp 0.5.
The last entry of errorHistory is 0.500530 for index 634727, 635/1000.
The last entry of errorHistory is 1.000000 for index 634728, 635/1000.
The last entry of errorHistory is 1.000000 for index 634729, 635/1000.
The last entry of errorHistory is 0.500000 for index 634730, 635/1000.
The last entry of errorHistory is 0.000014 for index 634731, 635/1000.
Terminated at swamp 1.5.
The last entry of errorHistory is 1.500000 for index 634732, 635/1000.
Terminated at swamp 0.5.
The last entry of errorHistory is 0.500641 for index 634733, 635/1000.
The last entry of errorHistory is 1.000000 for index 634734, 635/1000.
The last entry of errorHistory is 0.000062 for index 634735, 635/1000.
Terminated at swamp 1.
The last entry of errorHistory is 1.000059 for index 634736, 635/1000.
The last entry of errorHistory is 0.500000 for index 634737, 635/1000.
Terminated at swamp 0.5.
The last entry of errorHistory is 0.500782 for index 634738, 635/1000.
Terminated at swamp 0.5.
The last entry of errorHistory is 0.500003 for index 634739, 635/1000.
Terminated at swamp 1.
The last entry of errorHistory is 1.000023 for index 634740, 635/1000.
The last entry of errorHistory is 0.000331 for index 634741, 635/1000.
Terminated at swamp 0.5.
The last entry of errorHistory is 0.500475 for index 634742, 635/1000.
Terminated at swamp 0.5.
The last entry of errorHistory is 0.500297 for index 634743, 635/1000.
Terminated at swamp 0.5.
The last entry of errorHistory is 0.500388 for index 634744, 635/1000.
The last entry of errorHistory is 0.000063 for index 634745, 635/1000.
The last entry of errorHistory is 0.500000 for index 634746, 635/1000.
The last entry of errorHistory is 1.000000 for index 634747, 635/1000.
Terminated at swamp 0.5.
The last entry of errorHistory is 0.500389 for index 634748, 635/1000.
Terminated at swamp 1.
The last entry of errorHistory is 1.000007 for index 634749, 635/1000.
The last entry of errorHistory is 1.000000 for index 634750, 635/1000.
Terminated at swamp 0.5.
The last entry of errorHistory is 0.500435 for index 634751, 635/1000.
Terminated at swamp 0.5.
The last entry of errorHistory is 0.500337 for index 634752, 635/1000.
The last entry of errorHistory is 0.000015 for index 634753, 635/1000.
Terminated at swamp 0.5.
The last entry of errorHistory is 0.500554 for index 634754, 635/1000.
Terminated at swamp 0.5.
The last entry of errorHistory is 0.500340 for index 634755, 635/1000.
Terminated at swamp 0.5.
The last entry of errorHistory is 0.500092 for index 634756, 635/1000.
Terminated at swamp 0.5.
The last entry of errorHistory is 0.500323 for index 634757, 635/1000.
Terminated at swamp 1.5.
The last entry of errorHistory is 1.500000 for index 634758, 635/1000.
The last entry of errorHistory is 1.000000 for index 634759, 635/1000.
Terminated at swamp 1.
The last entry of errorHistory is 1.000148 for index 634760, 635/1000.
The last entry of errorHistory is 1.500000 for index 634761, 635/1000.
Terminated at swamp 0.5.
The last entry of errorHistory is 0.500743 for index 634762, 635/1000.
Terminated at swamp 1.
The last entry of errorHistory is 1.000250 for index 634763, 635/1000.
Terminated at swamp 0.5.
The last entry of errorHistory is 0.500707 for index 634764, 635/1000.
Terminated at swamp 0.5.
The last entry of errorHistory is 0.500692 for index 634765, 635/1000.
The last entry of errorHistory is 0.000034 for index 634766, 635/1000.
Terminated at swamp 0.5.
The last entry of errorHistory is 0.500568 for index 634767, 635/1000.
The last entry of errorHistory is 0.000018 for index 634768, 635/1000.
Terminated at swamp 1.
The last entry of errorHistory is 1.000023 for index 634769, 635/1000.
Terminated at swamp 0.5.
The last entry of errorHistory is 0.500359 for index 634770, 635/1000.
The last entry of errorHistory is 1.000000 for index 634771, 635/1000.
Terminated at swamp 0.5.
The last entry of errorHistory is 0.500035 for index 634772, 635/1000.
Terminated at swamp 1.
The last entry of errorHistory is 1.000002 for index 634773, 635/1000.
Terminated at swamp 0.5.
The last entry of errorHistory is 0.500448 for index 634774, 635/1000.
Terminated at swamp 0.5.
The last entry of errorHistory is 0.500433 for index 634775, 635/1000.
Terminated at swamp 0.5.
The last entry of errorHistory is 0.500347 for index 634776, 635/1000.
Terminated at swamp 0.5.
The last entry of errorHistory is 0.500858 for index 634777, 635/1000.
Terminated at swamp 0.5.
The last entry of errorHistory is 0.500647 for index 634778, 635/1000.
The last entry of errorHistory is 0.500000 for index 634779, 635/1000.
Terminated at swamp 0.5.
The last entry of errorHistory is 0.500333 for index 634780, 635/1000.
Terminated at swamp 0.5.
The last entry of errorHistory is 0.500252 for index 634781, 635/1000.
Terminated at swamp 0.5.
The last entry of errorHistory is 0.500371 for index 634782, 635/1000.
Terminated at swamp 0.5.
The last entry of errorHistory is 0.500403 for index 634783, 635/1000.
The last entry of errorHistory is 0.001488 for index 634784, 635/1000.
The last entry of errorHistory is 1.500000 for index 634785, 635/1000.
The last entry of errorHistory is 1.500000 for index 634786, 635/1000.
The last entry of errorHistory is 1.000000 for index 634787, 635/1000.
Terminated at swamp 0.5.
The last entry of errorHistory is 0.500822 for index 634788, 635/1000.
Terminated at swamp 0.5.
The last entry of errorHistory is 0.500296 for index 634789, 635/1000.
The last entry of errorHistory is 0.000159 for index 634790, 635/1000.
The last entry of errorHistory is 1.000000 for index 634791, 635/1000.
Terminated at swamp 0.5.
The last entry of errorHistory is 0.500411 for index 634792, 635/1000.
The last entry of errorHistory is 1.000000 for index 634793, 635/1000.
Terminated at swamp 0.5.
The last entry of errorHistory is 0.500431 for index 634794, 635/1000.
Terminated at swamp 0.5.
The last entry of errorHistory is 0.500534 for index 634795, 635/1000.
Terminated at swamp 0.5.
The last entry of errorHistory is 0.500933 for index 634796, 635/1000.
Terminated at swamp 1.
The last entry of errorHistory is 1.000394 for index 634797, 635/1000.
The last entry of errorHistory is 0.000099 for index 634798, 635/1000.
Terminated at swamp 0.5.
The last entry of errorHistory is 0.500374 for index 634799, 635/1000.
The last entry of errorHistory is 0.000012 for index 634800, 635/1000.
Terminated at swamp 1.
The last entry of errorHistory is 1.000286 for index 634801, 635/1000.
The last entry of errorHistory is 1.000000 for index 634802, 635/1000.
Terminated at swamp 1.
The last entry of errorHistory is 1.000000 for index 634803, 635/1000.
The last entry of errorHistory is 0.500000 for index 634804, 635/1000.
The last entry of errorHistory is 1.500000 for index 634805, 635/1000.
Terminated at swamp 1.
The last entry of errorHistory is 1.000043 for index 634806, 635/1000.
Terminated at swamp 0.5.
The last entry of errorHistory is 0.500386 for index 634807, 635/1000.
Terminated at swamp 0.5.
The last entry of errorHistory is 0.500873 for index 634808, 635/1000.
The last entry of errorHistory is 0.000016 for index 634809, 635/1000.
Terminated at swamp 0.5.
The last entry of errorHistory is 0.500493 for index 634810, 635/1000.
The last entry of errorHistory is 1.000000 for index 634811, 635/1000.
Terminated at swamp 0.5.
The last entry of errorHistory is 0.500709 for index 634812, 635/1000.
The last entry of errorHistory is 0.000013 for index 634813, 635/1000.
The last entry of errorHistory is 0.000022 for index 634814, 635/1000.
The last entry of errorHistory is 0.000024 for index 634815, 635/1000.
Terminated at swamp 0.5.
The last entry of errorHistory is 0.500487 for index 634816, 635/1000.
Terminated at swamp 0.5.
The last entry of errorHistory is 0.500052 for index 634817, 635/1000.
Terminated at swamp 0.5.
The last entry of errorHistory is 0.500013 for index 634818, 635/1000.
The last entry of errorHistory is 0.500000 for index 634819, 635/1000.
Terminated at swamp 0.5.
The last entry of errorHistory is 0.500265 for index 634820, 635/1000.
Terminated at swamp 0.5.
The last entry of errorHistory is 0.500007 for index 634821, 635/1000.
Terminated at swamp 1.
The last entry of errorHistory is 1.000225 for index 634822, 635/1000.
The last entry of errorHistory is 1.000000 for index 634823, 635/1000.
The last entry of errorHistory is 0.000017 for index 634824, 635/1000.
The last entry of errorHistory is 1.000000 for index 634825, 635/1000.
Terminated at swamp 0.5.
The last entry of errorHistory is 0.500637 for index 634826, 635/1000.
Terminated at swamp 1.
The last entry of errorHistory is 1.000282 for index 634827, 635/1000.
Terminated at swamp 0.5.
The last entry of errorHistory is 0.500099 for index 634828, 635/1000.
Terminated at swamp 0.5.
The last entry of errorHistory is 0.500612 for index 634829, 635/1000.
The last entry of errorHistory is 0.500000 for index 634830, 635/1000.
The last entry of errorHistory is 0.000018 for index 634831, 635/1000.
Terminated at swamp 1.
The last entry of errorHistory is 1.000007 for index 634832, 635/1000.
Terminated at swamp 0.5.
The last entry of errorHistory is 0.500467 for index 634833, 635/1000.
The last entry of errorHistory is 0.000010 for index 634834, 635/1000.
The last entry of errorHistory is 1.000000 for index 634835, 635/1000.
Terminated at swamp 0.5.
The last entry of errorHistory is 0.500351 for index 634836, 635/1000.
Terminated at swamp 0.5.
The last entry of errorHistory is 0.500230 for index 634837, 635/1000.
Terminated at swamp 0.5.
The last entry of errorHistory is 0.500423 for index 634838, 635/1000.
The last entry of errorHistory is 1.000000 for index 634839, 635/1000.
The last entry of errorHistory is 0.000065 for index 634840, 635/1000.
Terminated at swamp 0.5.
The last entry of errorHistory is 0.500211 for index 634841, 635/1000.
Terminated at swamp 0.5.
The last entry of errorHistory is 0.500058 for index 634842, 635/1000.
Terminated at swamp 0.5.
The last entry of errorHistory is 0.500420 for index 634843, 635/1000.
Terminated at swamp 0.5.
The last entry of errorHistory is 0.500323 for index 634844, 635/1000.
The last entry of errorHistory is 1.000000 for index 634845, 635/1000.
The last entry of errorHistory is 0.000016 for index 634846, 635/1000.
Terminated at swamp 0.5.
The last entry of errorHistory is 0.500477 for index 634847, 635/1000.
Terminated at swamp 1.
The last entry of errorHistory is 1.000017 for index 634848, 635/1000.
The last entry of errorHistory is 1.000000 for index 634849, 635/1000.
Terminated at swamp 0.5.
The last entry of errorHistory is 0.500236 for index 634850, 635/1000.
Terminated at swamp 0.5.
The last entry of errorHistory is 0.500193 for index 634851, 635/1000.
Terminated at swamp 0.5.
The last entry of errorHistory is 0.500302 for index 634852, 635/1000.
Terminated at swamp 1.
The last entry of errorHistory is 0.999959 for index 634853, 635/1000.
Terminated at swamp 1.
The last entry of errorHistory is 1.000107 for index 634854, 635/1000.
Terminated at swamp 1.
The last entry of errorHistory is 1.000001 for index 634855, 635/1000.
Terminated at swamp 1.
The last entry of errorHistory is 1.000257 for index 634856, 635/1000.
The last entry of errorHistory is 1.000000 for index 634857, 635/1000.
The last entry of errorHistory is 1.500000 for index 634858, 635/1000.
Terminated at swamp 0.5.
The last entry of errorHistory is 0.500623 for index 634859, 635/1000.
Terminated at swamp 1.
The last entry of errorHistory is 1.000024 for index 634860, 635/1000.
Terminated at swamp 0.5.
The last entry of errorHistory is 0.500301 for index 634861, 635/1000.
The last entry of errorHistory is 1.000000 for index 634862, 635/1000.
The last entry of errorHistory is 0.000429 for index 634863, 635/1000.
Terminated at swamp 0.5.
The last entry of errorHistory is 0.500613 for index 634864, 635/1000.
Terminated at swamp 1.
The last entry of errorHistory is 1.000465 for index 634865, 635/1000.
Terminated at swamp 1.
The last entry of errorHistory is 1.000107 for index 634866, 635/1000.
The last entry of errorHistory is 0.000017 for index 634867, 635/1000.
The last entry of errorHistory is 0.000513 for index 634868, 635/1000.
The last entry of errorHistory is 0.000026 for index 634869, 635/1000.
Terminated at swamp 0.5.
The last entry of errorHistory is 0.500412 for index 634870, 635/1000.
The last entry of errorHistory is 0.000047 for index 634871, 635/1000.
The last entry of errorHistory is 0.000015 for index 634872, 635/1000.
Terminated at swamp 0.5.
The last entry of errorHistory is 0.500311 for index 634873, 635/1000.
The last entry of errorHistory is 1.000000 for index 634874, 635/1000.
The last entry of errorHistory is 0.000010 for index 634875, 635/1000.
Terminated at swamp 0.5.
The last entry of errorHistory is 0.500370 for index 634876, 635/1000.
The last entry of errorHistory is 1.000000 for index 634877, 635/1000.
The last entry of errorHistory is 1.000000 for index 634878, 635/1000.
The last entry of errorHistory is 1.000000 for index 634879, 635/1000.
Terminated at swamp 1.
The last entry of errorHistory is 1.000356 for index 634880, 635/1000.
The last entry of errorHistory is 1.000000 for index 634881, 635/1000.
Terminated at swamp 1.5.
The last entry of errorHistory is 1.500458 for index 634882, 635/1000.
Terminated at swamp 1.
The last entry of errorHistory is 0.999949 for index 634883, 635/1000.
Terminated at swamp 0.5.
The last entry of errorHistory is 0.500145 for index 634884, 635/1000.
The last entry of errorHistory is 0.500000 for index 634885, 635/1000.
Terminated at swamp 0.5.
The last entry of errorHistory is 0.500432 for index 634886, 635/1000.
Terminated at swamp 0.5.
The last entry of errorHistory is 0.500350 for index 634887, 635/1000.
Terminated at swamp 1.
The last entry of errorHistory is 1.000115 for index 634888, 635/1000.
Terminated at swamp 0.5.
The last entry of errorHistory is 0.500241 for index 634889, 635/1000.
Terminated at swamp 0.5.
The last entry of errorHistory is 0.500368 for index 634890, 635/1000.
Terminated at swamp 0.5.
The last entry of errorHistory is 0.500475 for index 634891, 635/1000.
Terminated at swamp 0.5.
The last entry of errorHistory is 0.500284 for index 634892, 635/1000.
The last entry of errorHistory is 1.500000 for index 634893, 635/1000.
Terminated at swamp 0.5.
The last entry of errorHistory is 0.500000 for index 634894, 635/1000.
Terminated at swamp 1.
The last entry of errorHistory is 1.000388 for index 634895, 635/1000.
Terminated at swamp 0.5.
The last entry of errorHistory is 0.500001 for index 634896, 635/1000.
Terminated at swamp 0.5.
The last entry of errorHistory is 0.500565 for index 634897, 635/1000.
The last entry of errorHistory is 0.500000 for index 634898, 635/1000.
Terminated at swamp 0.5.
The last entry of errorHistory is 0.500477 for index 634899, 635/1000.
Terminated at swamp 1.
The last entry of errorHistory is 1.000090 for index 634900, 635/1000.
Terminated at swamp 0.5.
The last entry of errorHistory is 0.500485 for index 634901, 635/1000.
The last entry of errorHistory is 1.000000 for index 634902, 635/1000.
Terminated at swamp 1.
The last entry of errorHistory is 1.000292 for index 634903, 635/1000.
Terminated at swamp 0.5.
The last entry of errorHistory is 0.500123 for index 634904, 635/1000.
Terminated at swamp 0.5.
The last entry of errorHistory is 0.500866 for index 634905, 635/1000.
The last entry of errorHistory is 1.000000 for index 634906, 635/1000.
Terminated at swamp 1.
The last entry of errorHistory is 1.000192 for index 634907, 635/1000.
The last entry of errorHistory is 1.000000 for index 634908, 635/1000.
Terminated at swamp 0.5.
The last entry of errorHistory is 0.500040 for index 634909, 635/1000.
Terminated at swamp 1.
The last entry of errorHistory is 1.000011 for index 634910, 635/1000.
Terminated at swamp 0.5.
The last entry of errorHistory is 0.500565 for index 634911, 635/1000.
Terminated at swamp 0.5.
The last entry of errorHistory is 0.500128 for index 634912, 635/1000.
The last entry of errorHistory is 1.000000 for index 634913, 635/1000.
The last entry of errorHistory is 1.000000 for index 634914, 635/1000.
The last entry of errorHistory is 1.500000 for index 634915, 635/1000.
Terminated at swamp 0.5.
The last entry of errorHistory is 0.500110 for index 634916, 635/1000.
The last entry of errorHistory is 1.500000 for index 634917, 635/1000.
Terminated at swamp 1.
The last entry of errorHistory is 1.000325 for index 634918, 635/1000.
Terminated at swamp 0.5.
The last entry of errorHistory is 0.500362 for index 634919, 635/1000.
Terminated at swamp 0.5.
The last entry of errorHistory is 0.500337 for index 634920, 635/1000.
Terminated at swamp 0.5.
The last entry of errorHistory is 0.500263 for index 634921, 635/1000.
The last entry of errorHistory is 1.000000 for index 634922, 635/1000.
Terminated at swamp 0.5.
The last entry of errorHistory is 0.500665 for index 634923, 635/1000.
Terminated at swamp 1.
The last entry of errorHistory is 1.000223 for index 634924, 635/1000.
The last entry of errorHistory is 1.000000 for index 634925, 635/1000.
The last entry of errorHistory is 1.000000 for index 634926, 635/1000.
Terminated at swamp 0.5.
The last entry of errorHistory is 0.500000 for index 634927, 635/1000.
The last entry of errorHistory is 1.000000 for index 634928, 635/1000.
Terminated at swamp 0.5.
The last entry of errorHistory is 0.500627 for index 634929, 635/1000.
Terminated at swamp 0.5.
The last entry of errorHistory is 0.500152 for index 634930, 635/1000.
The last entry of errorHistory is 0.000021 for index 634931, 635/1000.
Terminated at swamp 1.
The last entry of errorHistory is 1.000000 for index 634932, 635/1000.
Terminated at swamp 1.
The last entry of errorHistory is 1.000000 for index 634933, 635/1000.
Terminated at swamp 0.5.
The last entry of errorHistory is 0.500423 for index 634934, 635/1000.
The last entry of errorHistory is 0.000036 for index 634935, 635/1000.
The last entry of errorHistory is 1.000000 for index 634936, 635/1000.
Terminated at swamp 1.
The last entry of errorHistory is 1.000000 for index 634937, 635/1000.
Terminated at swamp 0.5.
The last entry of errorHistory is 0.500402 for index 634938, 635/1000.
The last entry of errorHistory is 1.000000 for index 634939, 635/1000.
Terminated at swamp 0.5.
The last entry of errorHistory is 0.500115 for index 634940, 635/1000.
Terminated at swamp 1.
The last entry of errorHistory is 0.999736 for index 634941, 635/1000.
Terminated at swamp 1.
The last entry of errorHistory is 1.000061 for index 634942, 635/1000.
The last entry of errorHistory is 0.500000 for index 634943, 635/1000.
Terminated at swamp 0.5.
The last entry of errorHistory is 0.500202 for index 634944, 635/1000.
The last entry of errorHistory is 1.000000 for index 634945, 635/1000.
Terminated at swamp 0.5.
The last entry of errorHistory is 0.500627 for index 634946, 635/1000.
Terminated at swamp 0.5.
The last entry of errorHistory is 0.500194 for index 634947, 635/1000.
The last entry of errorHistory is 0.000077 for index 634948, 635/1000.
Terminated at swamp 1.
The last entry of errorHistory is 1.000096 for index 634949, 635/1000.
Terminated at swamp 0.5.
The last entry of errorHistory is 0.500067 for index 634950, 635/1000.
The last entry of errorHistory is 0.000045 for index 634951, 635/1000.
Terminated at swamp 1.
The last entry of errorHistory is 1.000304 for index 634952, 635/1000.
Terminated at swamp 0.5.
The last entry of errorHistory is 0.500635 for index 634953, 635/1000.
Terminated at swamp 0.5.
The last entry of errorHistory is 0.500080 for index 634954, 635/1000.
Terminated at swamp 0.5.
The last entry of errorHistory is 0.500434 for index 634955, 635/1000.
Terminated at swamp 1.
The last entry of errorHistory is 1.000042 for index 634956, 635/1000.
The last entry of errorHistory is 1.000000 for index 634957, 635/1000.
Terminated at swamp 0.5.
The last entry of errorHistory is 0.500022 for index 634958, 635/1000.
Terminated at swamp 0.5.
The last entry of errorHistory is 0.500368 for index 634959, 635/1000.
Terminated at swamp 0.5.
The last entry of errorHistory is 0.500364 for index 634960, 635/1000.
Terminated at swamp 0.5.
The last entry of errorHistory is 0.500713 for index 634961, 635/1000.
The last entry of errorHistory is 1.500000 for index 634962, 635/1000.
Terminated at swamp 1.
The last entry of errorHistory is 1.000016 for index 634963, 635/1000.
Terminated at swamp 0.5.
The last entry of errorHistory is 0.500457 for index 634964, 635/1000.
The last entry of errorHistory is 0.000035 for index 634965, 635/1000.
Terminated at swamp 0.5.
The last entry of errorHistory is 0.500073 for index 634966, 635/1000.
The last entry of errorHistory is 1.500000 for index 634967, 635/1000.
Terminated at swamp 0.5.
The last entry of errorHistory is 0.500250 for index 634968, 635/1000.
The last entry of errorHistory is 0.500000 for index 634969, 635/1000.
Terminated at swamp 1.
The last entry of errorHistory is 1.000479 for index 634970, 635/1000.
Terminated at swamp 0.5.
The last entry of errorHistory is 0.500198 for index 634971, 635/1000.
Terminated at swamp 0.5.
The last entry of errorHistory is 0.500634 for index 634972, 635/1000.
The last entry of errorHistory is 1.000000 for index 634973, 635/1000.
Terminated at swamp 0.5.
The last entry of errorHistory is 0.500337 for index 634974, 635/1000.
Terminated at swamp 1.
The last entry of errorHistory is 1.000013 for index 634975, 635/1000.
Terminated at swamp 0.5.
The last entry of errorHistory is 0.500372 for index 634976, 635/1000.
Terminated at swamp 0.5.
The last entry of errorHistory is 0.500694 for index 634977, 635/1000.
Terminated at swamp 1.
The last entry of errorHistory is 1.000272 for index 634978, 635/1000.
Terminated at swamp 1.
The last entry of errorHistory is 1.000069 for index 634979, 635/1000.
Terminated at swamp 0.5.
The last entry of errorHistory is 0.500518 for index 634980, 635/1000.
Terminated at swamp 0.5.
The last entry of errorHistory is 0.500721 for index 634981, 635/1000.
Terminated at swamp 0.5.
The last entry of errorHistory is 0.500495 for index 634982, 635/1000.
Terminated at swamp 0.5.
The last entry of errorHistory is 0.500270 for index 634983, 635/1000.
Terminated at swamp 0.5.
The last entry of errorHistory is 0.500502 for index 634984, 635/1000.
The last entry of errorHistory is 1.500000 for index 634985, 635/1000.
The last entry of errorHistory is 0.500000 for index 634986, 635/1000.
Terminated at swamp 1.
The last entry of errorHistory is 1.000187 for index 634987, 635/1000.
Terminated at swamp 0.5.
The last entry of errorHistory is 0.500478 for index 634988, 635/1000.
Terminated at swamp 1.
The last entry of errorHistory is 1.000017 for index 634989, 635/1000.
Terminated at swamp 0.5.
The last entry of errorHistory is 0.500017 for index 634990, 635/1000.
Terminated at swamp 0.5.
The last entry of errorHistory is 0.500400 for index 634991, 635/1000.
Terminated at swamp 0.5.
The last entry of errorHistory is 0.500300 for index 634992, 635/1000.
The last entry of errorHistory is 1.000000 for index 634993, 635/1000.
The last entry of errorHistory is 0.000466 for index 634994, 635/1000.
Terminated at swamp 1.
The last entry of errorHistory is 1.000318 for index 634995, 635/1000.
Terminated at swamp 0.5.
The last entry of errorHistory is 0.500118 for index 634996, 635/1000.
Terminated at swamp 1.
The last entry of errorHistory is 1.000016 for index 634997, 635/1000.
Terminated at swamp 0.5.
The last entry of errorHistory is 0.500651 for index 634998, 635/1000.
Terminated at swamp 0.5.
The last entry of errorHistory is 0.500192 for index 634999, 635/1000.
Terminated at swamp 0.5.
The last entry of errorHistory is 0.500458 for index 635000, 635/1000.
