
                            < M A T L A B (R) >
                  Copyright 1984-2018 The MathWorks, Inc.
                   R2018b (9.5.0.944444) 64-bit (glnxa64)
                              August 28, 2018

 
To get started, type doc.
For product information, visit www.mathworks.com.
 
The last entry of errorHistory is 1.000000 for index 636001, 637/1000.
Terminated at swamp 0.5.
The last entry of errorHistory is 0.500340 for index 636002, 637/1000.
The last entry of errorHistory is 1.000000 for index 636003, 637/1000.
Terminated at swamp 0.5.
The last entry of errorHistory is 0.500011 for index 636004, 637/1000.
The last entry of errorHistory is 0.500000 for index 636005, 637/1000.
The last entry of errorHistory is 0.000348 for index 636006, 637/1000.
Terminated at swamp 1.
The last entry of errorHistory is 1.000213 for index 636007, 637/1000.
The last entry of errorHistory is 0.000008 for index 636008, 637/1000.
The last entry of errorHistory is 0.000238 for index 636009, 637/1000.
The last entry of errorHistory is 1.000000 for index 636010, 637/1000.
Terminated at swamp 1.
The last entry of errorHistory is 1.000000 for index 636011, 637/1000.
Terminated at swamp 0.5.
The last entry of errorHistory is 0.500373 for index 636012, 637/1000.
Terminated at swamp 1.
The last entry of errorHistory is 1.000318 for index 636013, 637/1000.
Terminated at swamp 0.5.
The last entry of errorHistory is 0.500007 for index 636014, 637/1000.
Terminated at swamp 1.
The last entry of errorHistory is 1.000036 for index 636015, 637/1000.
Terminated at swamp 0.5.
The last entry of errorHistory is 0.500055 for index 636016, 637/1000.
Terminated at swamp 0.5.
The last entry of errorHistory is 0.500447 for index 636017, 637/1000.
Terminated at swamp 0.5.
The last entry of errorHistory is 0.500231 for index 636018, 637/1000.
The last entry of errorHistory is 0.000015 for index 636019, 637/1000.
Terminated at swamp 0.5.
The last entry of errorHistory is 0.500530 for index 636020, 637/1000.
Terminated at swamp 0.5.
The last entry of errorHistory is 0.500188 for index 636021, 637/1000.
Terminated at swamp 1.
The last entry of errorHistory is 1.000441 for index 636022, 637/1000.
Terminated at swamp 0.5.
The last entry of errorHistory is 0.500513 for index 636023, 637/1000.
Terminated at swamp 0.5.
The last entry of errorHistory is 0.500485 for index 636024, 637/1000.
The last entry of errorHistory is 1.500000 for index 636025, 637/1000.
Terminated at swamp 0.5.
The last entry of errorHistory is 0.500404 for index 636026, 637/1000.
Terminated at swamp 0.5.
The last entry of errorHistory is 0.500585 for index 636027, 637/1000.
The last entry of errorHistory is 1.000000 for index 636028, 637/1000.
Terminated at swamp 0.5.
The last entry of errorHistory is 0.500384 for index 636029, 637/1000.
Terminated at swamp 0.5.
The last entry of errorHistory is 0.500045 for index 636030, 637/1000.
The last entry of errorHistory is 1.000000 for index 636031, 637/1000.
The last entry of errorHistory is 0.500000 for index 636032, 637/1000.
Terminated at swamp 0.5.
The last entry of errorHistory is 0.500310 for index 636033, 637/1000.
Terminated at swamp 0.5.
The last entry of errorHistory is 0.500065 for index 636034, 637/1000.
The last entry of errorHistory is 0.000013 for index 636035, 637/1000.
The last entry of errorHistory is 1.000000 for index 636036, 637/1000.
Terminated at swamp 0.5.
The last entry of errorHistory is 0.500399 for index 636037, 637/1000.
Terminated at swamp 1.
The last entry of errorHistory is 0.999996 for index 636038, 637/1000.
Terminated at swamp 0.5.
The last entry of errorHistory is 0.500313 for index 636039, 637/1000.
Terminated at swamp 1.
The last entry of errorHistory is 0.999985 for index 636040, 637/1000.
The last entry of errorHistory is 0.500000 for index 636041, 637/1000.
The last entry of errorHistory is 0.000128 for index 636042, 637/1000.
The last entry of errorHistory is 0.500000 for index 636043, 637/1000.
Terminated at swamp 1.
The last entry of errorHistory is 1.000150 for index 636044, 637/1000.
Terminated at swamp 0.5.
The last entry of errorHistory is 0.500588 for index 636045, 637/1000.
Terminated at swamp 0.5.
The last entry of errorHistory is 0.500166 for index 636046, 637/1000.
The last entry of errorHistory is 1.000000 for index 636047, 637/1000.
Terminated at swamp 1.
The last entry of errorHistory is 1.000339 for index 636048, 637/1000.
The last entry of errorHistory is 0.000043 for index 636049, 637/1000.
Terminated at swamp 0.5.
The last entry of errorHistory is 0.500115 for index 636050, 637/1000.
The last entry of errorHistory is 0.000013 for index 636051, 637/1000.
Terminated at swamp 0.5.
The last entry of errorHistory is 0.500424 for index 636052, 637/1000.
Terminated at swamp 1.
The last entry of errorHistory is 1.000409 for index 636053, 637/1000.
Terminated at swamp 0.5.
The last entry of errorHistory is 0.500514 for index 636054, 637/1000.
The last entry of errorHistory is 1.500000 for index 636055, 637/1000.
The last entry of errorHistory is 0.000976 for index 636056, 637/1000.
The last entry of errorHistory is 1.000000 for index 636057, 637/1000.
Terminated at swamp 0.5.
The last entry of errorHistory is 0.500662 for index 636058, 637/1000.
Terminated at swamp 0.5.
The last entry of errorHistory is 0.500292 for index 636059, 637/1000.
Terminated at swamp 0.5.
The last entry of errorHistory is 0.500504 for index 636060, 637/1000.
The last entry of errorHistory is 0.500000 for index 636061, 637/1000.
The last entry of errorHistory is 0.001081 for index 636062, 637/1000.
The last entry of errorHistory is 1.500000 for index 636063, 637/1000.
Terminated at swamp 0.5.
The last entry of errorHistory is 0.500004 for index 636064, 637/1000.
Terminated at swamp 0.5.
The last entry of errorHistory is 0.499995 for index 636065, 637/1000.
Terminated at swamp 0.5.
The last entry of errorHistory is 0.500665 for index 636066, 637/1000.
Terminated at swamp 0.5.
The last entry of errorHistory is 0.500421 for index 636067, 637/1000.
Terminated at swamp 0.5.
The last entry of errorHistory is 0.500005 for index 636068, 637/1000.
Terminated at swamp 1.
The last entry of errorHistory is 1.000118 for index 636069, 637/1000.
The last entry of errorHistory is 0.000882 for index 636070, 637/1000.
Terminated at swamp 1.
The last entry of errorHistory is 1.000009 for index 636071, 637/1000.
Terminated at swamp 1.
The last entry of errorHistory is 1.000279 for index 636072, 637/1000.
Terminated at swamp 0.5.
The last entry of errorHistory is 0.500617 for index 636073, 637/1000.
Terminated at swamp 0.5.
The last entry of errorHistory is 0.500406 for index 636074, 637/1000.
Terminated at swamp 0.5.
The last entry of errorHistory is 0.500442 for index 636075, 637/1000.
Terminated at swamp 0.5.
The last entry of errorHistory is 0.500406 for index 636076, 637/1000.
Terminated at swamp 0.5.
The last entry of errorHistory is 0.500327 for index 636077, 637/1000.
The last entry of errorHistory is 0.000292 for index 636078, 637/1000.
The last entry of errorHistory is 0.000036 for index 636079, 637/1000.
The last entry of errorHistory is 0.000018 for index 636080, 637/1000.
Terminated at swamp 1.
The last entry of errorHistory is 1.000337 for index 636081, 637/1000.
The last entry of errorHistory is 1.000000 for index 636082, 637/1000.
The last entry of errorHistory is 1.000000 for index 636083, 637/1000.
The last entry of errorHistory is 0.000423 for index 636084, 637/1000.
Terminated at swamp 0.5.
The last entry of errorHistory is 0.500562 for index 636085, 637/1000.
The last entry of errorHistory is 1.000000 for index 636086, 637/1000.
Terminated at swamp 0.5.
The last entry of errorHistory is 0.500009 for index 636087, 637/1000.
Terminated at swamp 0.5.
The last entry of errorHistory is 0.500347 for index 636088, 637/1000.
The last entry of errorHistory is 0.000021 for index 636089, 637/1000.
The last entry of errorHistory is 1.000000 for index 636090, 637/1000.
Terminated at swamp 1.
The last entry of errorHistory is 1.000000 for index 636091, 637/1000.
Terminated at swamp 1.
The last entry of errorHistory is 1.000193 for index 636092, 637/1000.
Terminated at swamp 0.5.
The last entry of errorHistory is 0.500274 for index 636093, 637/1000.
Terminated at swamp 0.5.
The last entry of errorHistory is 0.500028 for index 636094, 637/1000.
Terminated at swamp 0.5.
The last entry of errorHistory is 0.500047 for index 636095, 637/1000.
The last entry of errorHistory is 1.000000 for index 636096, 637/1000.
Terminated at swamp 0.5.
The last entry of errorHistory is 0.500365 for index 636097, 637/1000.
The last entry of errorHistory is 1.500000 for index 636098, 637/1000.
Terminated at swamp 0.5.
The last entry of errorHistory is 0.500060 for index 636099, 637/1000.
The last entry of errorHistory is 1.000000 for index 636100, 637/1000.
Terminated at swamp 0.5.
The last entry of errorHistory is 0.500372 for index 636101, 637/1000.
Terminated at swamp 0.5.
The last entry of errorHistory is 0.500342 for index 636102, 637/1000.
Terminated at swamp 1.
The last entry of errorHistory is 1.000044 for index 636103, 637/1000.
The last entry of errorHistory is 0.500000 for index 636104, 637/1000.
Terminated at swamp 0.5.
The last entry of errorHistory is 0.500365 for index 636105, 637/1000.
Terminated at swamp 0.5.
The last entry of errorHistory is 0.500668 for index 636106, 637/1000.
Terminated at swamp 1.
The last entry of errorHistory is 1.000232 for index 636107, 637/1000.
The last entry of errorHistory is 1.000000 for index 636108, 637/1000.
Terminated at swamp 0.5.
The last entry of errorHistory is 0.500512 for index 636109, 637/1000.
The last entry of errorHistory is 1.000000 for index 636110, 637/1000.
The last entry of errorHistory is 0.000087 for index 636111, 637/1000.
Terminated at swamp 0.5.
The last entry of errorHistory is 0.500863 for index 636112, 637/1000.
Terminated at swamp 0.5.
The last entry of errorHistory is 0.500041 for index 636113, 637/1000.
Terminated at swamp 0.5.
The last entry of errorHistory is 0.500326 for index 636114, 637/1000.
Terminated at swamp 0.5.
The last entry of errorHistory is 0.500462 for index 636115, 637/1000.
Terminated at swamp 0.5.
The last entry of errorHistory is 0.500077 for index 636116, 637/1000.
Terminated at swamp 0.5.
The last entry of errorHistory is 0.500089 for index 636117, 637/1000.
Terminated at swamp 0.5.
The last entry of errorHistory is 0.500405 for index 636118, 637/1000.
The last entry of errorHistory is 0.000070 for index 636119, 637/1000.
Terminated at swamp 1.
The last entry of errorHistory is 1.000013 for index 636120, 637/1000.
The last entry of errorHistory is 1.000000 for index 636121, 637/1000.
The last entry of errorHistory is 0.000652 for index 636122, 637/1000.
Terminated at swamp 0.5.
The last entry of errorHistory is 0.500456 for index 636123, 637/1000.
Terminated at swamp 0.5.
The last entry of errorHistory is 0.500310 for index 636124, 637/1000.
Terminated at swamp 0.5.
The last entry of errorHistory is 0.500000 for index 636125, 637/1000.
The last entry of errorHistory is 0.500000 for index 636126, 637/1000.
Terminated at swamp 1.
The last entry of errorHistory is 1.000000 for index 636127, 637/1000.
Terminated at swamp 0.5.
The last entry of errorHistory is 0.500742 for index 636128, 637/1000.
Terminated at swamp 0.5.
The last entry of errorHistory is 0.500677 for index 636129, 637/1000.
Terminated at swamp 1.
The last entry of errorHistory is 1.000068 for index 636130, 637/1000.
Terminated at swamp 1.
The last entry of errorHistory is 1.000031 for index 636131, 637/1000.
The last entry of errorHistory is 1.000000 for index 636132, 637/1000.
Terminated at swamp 1.
The last entry of errorHistory is 1.000242 for index 636133, 637/1000.
The last entry of errorHistory is 0.000423 for index 636134, 637/1000.
The last entry of errorHistory is 0.000013 for index 636135, 637/1000.
Terminated at swamp 0.5.
The last entry of errorHistory is 0.500335 for index 636136, 637/1000.
Terminated at swamp 1.
The last entry of errorHistory is 1.000000 for index 636137, 637/1000.
Terminated at swamp 0.5.
The last entry of errorHistory is 0.500042 for index 636138, 637/1000.
Terminated at swamp 0.5.
The last entry of errorHistory is 0.500462 for index 636139, 637/1000.
Terminated at swamp 0.5.
The last entry of errorHistory is 0.500100 for index 636140, 637/1000.
Terminated at swamp 0.5.
The last entry of errorHistory is 0.500280 for index 636141, 637/1000.
Terminated at swamp 0.5.
The last entry of errorHistory is 0.500418 for index 636142, 637/1000.
Terminated at swamp 1.
The last entry of errorHistory is 1.000001 for index 636143, 637/1000.
Terminated at swamp 0.5.
The last entry of errorHistory is 0.500328 for index 636144, 637/1000.
Terminated at swamp 0.5.
The last entry of errorHistory is 0.500525 for index 636145, 637/1000.
Terminated at swamp 0.5.
The last entry of errorHistory is 0.500467 for index 636146, 637/1000.
Terminated at swamp 0.5.
The last entry of errorHistory is 0.500574 for index 636147, 637/1000.
The last entry of errorHistory is 0.000021 for index 636148, 637/1000.
Terminated at swamp 0.5.
The last entry of errorHistory is 0.500366 for index 636149, 637/1000.
The last entry of errorHistory is 0.000022 for index 636150, 637/1000.
Terminated at swamp 0.5.
The last entry of errorHistory is 0.500003 for index 636151, 637/1000.
The last entry of errorHistory is 0.500000 for index 636152, 637/1000.
Terminated at swamp 1.
The last entry of errorHistory is 1.000000 for index 636153, 637/1000.
Terminated at swamp 0.5.
The last entry of errorHistory is 0.500030 for index 636154, 637/1000.
The last entry of errorHistory is 0.000300 for index 636155, 637/1000.
Terminated at swamp 0.5.
The last entry of errorHistory is 0.500302 for index 636156, 637/1000.
Terminated at swamp 0.5.
The last entry of errorHistory is 0.500660 for index 636157, 637/1000.
Terminated at swamp 0.5.
The last entry of errorHistory is 0.500364 for index 636158, 637/1000.
Terminated at swamp 1.
The last entry of errorHistory is 1.000165 for index 636159, 637/1000.
Terminated at swamp 0.5.
The last entry of errorHistory is 0.500609 for index 636160, 637/1000.
Terminated at swamp 1.
The last entry of errorHistory is 1.000019 for index 636161, 637/1000.
Terminated at swamp 0.5.
The last entry of errorHistory is 0.500300 for index 636162, 637/1000.
Terminated at swamp 1.
The last entry of errorHistory is 1.000378 for index 636163, 637/1000.
Terminated at swamp 0.5.
The last entry of errorHistory is 0.500537 for index 636164, 637/1000.
The last entry of errorHistory is 0.000087 for index 636165, 637/1000.
Terminated at swamp 0.5.
The last entry of errorHistory is 0.500663 for index 636166, 637/1000.
The last entry of errorHistory is 0.000048 for index 636167, 637/1000.
Terminated at swamp 0.5.
The last entry of errorHistory is 0.500228 for index 636168, 637/1000.
Terminated at swamp 0.5.
The last entry of errorHistory is 0.500422 for index 636169, 637/1000.
The last entry of errorHistory is 1.000000 for index 636170, 637/1000.
Terminated at swamp 0.5.
The last entry of errorHistory is 0.500582 for index 636171, 637/1000.
Terminated at swamp 0.5.
The last entry of errorHistory is 0.500459 for index 636172, 637/1000.
Terminated at swamp 0.5.
The last entry of errorHistory is 0.500450 for index 636173, 637/1000.
The last entry of errorHistory is 0.000045 for index 636174, 637/1000.
Terminated at swamp 0.5.
The last entry of errorHistory is 0.500080 for index 636175, 637/1000.
The last entry of errorHistory is 0.500000 for index 636176, 637/1000.
Terminated at swamp 0.5.
The last entry of errorHistory is 0.500555 for index 636177, 637/1000.
Terminated at swamp 0.5.
The last entry of errorHistory is 0.500576 for index 636178, 637/1000.
Terminated at swamp 1.
The last entry of errorHistory is 1.000024 for index 636179, 637/1000.
Terminated at swamp 0.5.
The last entry of errorHistory is 0.500361 for index 636180, 637/1000.
The last entry of errorHistory is 1.000000 for index 636181, 637/1000.
Terminated at swamp 0.5.
The last entry of errorHistory is 0.500024 for index 636182, 637/1000.
Terminated at swamp 1.
The last entry of errorHistory is 1.000251 for index 636183, 637/1000.
Terminated at swamp 0.5.
The last entry of errorHistory is 0.500588 for index 636184, 637/1000.
Terminated at swamp 0.5.
The last entry of errorHistory is 0.500000 for index 636185, 637/1000.
Terminated at swamp 0.5.
The last entry of errorHistory is 0.500000 for index 636186, 637/1000.
Terminated at swamp 0.5.
The last entry of errorHistory is 0.500391 for index 636187, 637/1000.
The last entry of errorHistory is 0.000007 for index 636188, 637/1000.
The last entry of errorHistory is 1.000000 for index 636189, 637/1000.
Terminated at swamp 0.5.
The last entry of errorHistory is 0.500118 for index 636190, 637/1000.
Terminated at swamp 0.5.
The last entry of errorHistory is 0.500017 for index 636191, 637/1000.
Terminated at swamp 0.5.
The last entry of errorHistory is 0.500394 for index 636192, 637/1000.
Terminated at swamp 0.5.
The last entry of errorHistory is 0.500242 for index 636193, 637/1000.
The last entry of errorHistory is 0.000013 for index 636194, 637/1000.
Terminated at swamp 0.5.
The last entry of errorHistory is 0.500216 for index 636195, 637/1000.
The last entry of errorHistory is 0.000693 for index 636196, 637/1000.
The last entry of errorHistory is 0.500000 for index 636197, 637/1000.
Terminated at swamp 0.5.
The last entry of errorHistory is 0.500504 for index 636198, 637/1000.
Terminated at swamp 0.5.
The last entry of errorHistory is 0.500606 for index 636199, 637/1000.
Terminated at swamp 0.5.
The last entry of errorHistory is 0.500640 for index 636200, 637/1000.
Terminated at swamp 0.5.
The last entry of errorHistory is 0.500100 for index 636201, 637/1000.
Terminated at swamp 0.5.
The last entry of errorHistory is 0.500126 for index 636202, 637/1000.
The last entry of errorHistory is 1.500000 for index 636203, 637/1000.
The last entry of errorHistory is 0.500000 for index 636204, 637/1000.
The last entry of errorHistory is 0.000020 for index 636205, 637/1000.
Terminated at swamp 0.5.
The last entry of errorHistory is 0.500596 for index 636206, 637/1000.
Terminated at swamp 0.5.
The last entry of errorHistory is 0.500514 for index 636207, 637/1000.
Terminated at swamp 0.5.
The last entry of errorHistory is 0.500048 for index 636208, 637/1000.
Terminated at swamp 0.5.
The last entry of errorHistory is 0.500478 for index 636209, 637/1000.
Terminated at swamp 0.5.
The last entry of errorHistory is 0.500243 for index 636210, 637/1000.
The last entry of errorHistory is 0.000016 for index 636211, 637/1000.
Terminated at swamp 0.5.
The last entry of errorHistory is 0.500182 for index 636212, 637/1000.
The last entry of errorHistory is 0.500000 for index 636213, 637/1000.
Terminated at swamp 0.5.
The last entry of errorHistory is 0.500000 for index 636214, 637/1000.
The last entry of errorHistory is 1.500000 for index 636215, 637/1000.
The last entry of errorHistory is 0.500000 for index 636216, 637/1000.
Terminated at swamp 0.5.
The last entry of errorHistory is 0.500268 for index 636217, 637/1000.
Terminated at swamp 0.5.
The last entry of errorHistory is 0.500099 for index 636218, 637/1000.
Terminated at swamp 0.5.
The last entry of errorHistory is 0.500626 for index 636219, 637/1000.
Terminated at swamp 0.5.
The last entry of errorHistory is 0.500357 for index 636220, 637/1000.
Terminated at swamp 1.
The last entry of errorHistory is 1.000131 for index 636221, 637/1000.
The last entry of errorHistory is 0.000041 for index 636222, 637/1000.
Terminated at swamp 0.5.
The last entry of errorHistory is 0.500321 for index 636223, 637/1000.
Terminated at swamp 0.5.
The last entry of errorHistory is 0.500396 for index 636224, 637/1000.
Terminated at swamp 0.5.
The last entry of errorHistory is 0.500300 for index 636225, 637/1000.
Terminated at swamp 0.5.
The last entry of errorHistory is 0.500553 for index 636226, 637/1000.
Terminated at swamp 1.
The last entry of errorHistory is 1.000324 for index 636227, 637/1000.
Terminated at swamp 0.5.
The last entry of errorHistory is 0.500295 for index 636228, 637/1000.
Terminated at swamp 1.
The last entry of errorHistory is 1.000001 for index 636229, 637/1000.
The last entry of errorHistory is 1.000000 for index 636230, 637/1000.
Terminated at swamp 0.5.
The last entry of errorHistory is 0.500548 for index 636231, 637/1000.
Terminated at swamp 0.5.
The last entry of errorHistory is 0.500494 for index 636232, 637/1000.
Terminated at swamp 0.5.
The last entry of errorHistory is 0.500399 for index 636233, 637/1000.
Terminated at swamp 0.5.
The last entry of errorHistory is 0.500009 for index 636234, 637/1000.
The last entry of errorHistory is 0.000021 for index 636235, 637/1000.
The last entry of errorHistory is 1.000000 for index 636236, 637/1000.
Terminated at swamp 0.5.
The last entry of errorHistory is 0.500382 for index 636237, 637/1000.
Terminated at swamp 1.
The last entry of errorHistory is 1.000007 for index 636238, 637/1000.
The last entry of errorHistory is 0.000042 for index 636239, 637/1000.
Terminated at swamp 0.5.
The last entry of errorHistory is 0.500302 for index 636240, 637/1000.
Terminated at swamp 0.5.
The last entry of errorHistory is 0.500517 for index 636241, 637/1000.
Terminated at swamp 0.5.
The last entry of errorHistory is 0.500104 for index 636242, 637/1000.
The last entry of errorHistory is 1.500000 for index 636243, 637/1000.
Terminated at swamp 0.5.
The last entry of errorHistory is 0.500000 for index 636244, 637/1000.
The last entry of errorHistory is 1.500000 for index 636245, 637/1000.
The last entry of errorHistory is 1.000000 for index 636246, 637/1000.
Terminated at swamp 0.5.
The last entry of errorHistory is 0.500636 for index 636247, 637/1000.
Terminated at swamp 0.5.
The last entry of errorHistory is 0.500785 for index 636248, 637/1000.
Terminated at swamp 1.
The last entry of errorHistory is 1.000358 for index 636249, 637/1000.
Terminated at swamp 0.5.
The last entry of errorHistory is 0.500279 for index 636250, 637/1000.
Terminated at swamp 1.
The last entry of errorHistory is 1.000001 for index 636251, 637/1000.
The last entry of errorHistory is 0.000100 for index 636252, 637/1000.
Terminated at swamp 1.
The last entry of errorHistory is 1.000100 for index 636253, 637/1000.
The last entry of errorHistory is 1.000000 for index 636254, 637/1000.
The last entry of errorHistory is 1.000000 for index 636255, 637/1000.
The last entry of errorHistory is 1.500000 for index 636256, 637/1000.
The last entry of errorHistory is 1.000000 for index 636257, 637/1000.
The last entry of errorHistory is 1.500000 for index 636258, 637/1000.
The last entry of errorHistory is 0.000054 for index 636259, 637/1000.
Terminated at swamp 1.
The last entry of errorHistory is 1.000037 for index 636260, 637/1000.
Terminated at swamp 1.
The last entry of errorHistory is 1.000064 for index 636261, 637/1000.
Terminated at swamp 1.
The last entry of errorHistory is 1.000000 for index 636262, 637/1000.
The last entry of errorHistory is 0.000026 for index 636263, 637/1000.
The last entry of errorHistory is 0.000054 for index 636264, 637/1000.
Terminated at swamp 0.5.
The last entry of errorHistory is 0.500569 for index 636265, 637/1000.
Terminated at swamp 0.5.
The last entry of errorHistory is 0.500291 for index 636266, 637/1000.
The last entry of errorHistory is 0.500000 for index 636267, 637/1000.
The last entry of errorHistory is 1.000000 for index 636268, 637/1000.
Terminated at swamp 0.5.
The last entry of errorHistory is 0.500092 for index 636269, 637/1000.
The last entry of errorHistory is 0.500000 for index 636270, 637/1000.
Terminated at swamp 1.
The last entry of errorHistory is 1.000333 for index 636271, 637/1000.
Terminated at swamp 1.
The last entry of errorHistory is 1.000400 for index 636272, 637/1000.
The last entry of errorHistory is 0.000011 for index 636273, 637/1000.
Terminated at swamp 0.5.
The last entry of errorHistory is 0.500276 for index 636274, 637/1000.
Terminated at swamp 0.5.
The last entry of errorHistory is 0.500051 for index 636275, 637/1000.
Terminated at swamp 0.5.
The last entry of errorHistory is 0.500047 for index 636276, 637/1000.
Terminated at swamp 0.5.
The last entry of errorHistory is 0.500476 for index 636277, 637/1000.
The last entry of errorHistory is 1.000000 for index 636278, 637/1000.
Terminated at swamp 0.5.
The last entry of errorHistory is 0.500331 for index 636279, 637/1000.
Terminated at swamp 1.
The last entry of errorHistory is 1.000000 for index 636280, 637/1000.
The last entry of errorHistory is 0.000027 for index 636281, 637/1000.
Terminated at swamp 0.5.
The last entry of errorHistory is 0.500338 for index 636282, 637/1000.
Terminated at swamp 1.
The last entry of errorHistory is 1.000328 for index 636283, 637/1000.
The last entry of errorHistory is 0.000478 for index 636284, 637/1000.
Terminated at swamp 0.5.
The last entry of errorHistory is 0.500224 for index 636285, 637/1000.
The last entry of errorHistory is 0.500000 for index 636286, 637/1000.
Terminated at swamp 0.5.
The last entry of errorHistory is 0.500439 for index 636287, 637/1000.
Terminated at swamp 0.5.
The last entry of errorHistory is 0.500546 for index 636288, 637/1000.
Terminated at swamp 0.5.
The last entry of errorHistory is 0.500273 for index 636289, 637/1000.
Terminated at swamp 0.5.
The last entry of errorHistory is 0.500449 for index 636290, 637/1000.
Terminated at swamp 0.5.
The last entry of errorHistory is 0.500426 for index 636291, 637/1000.
The last entry of errorHistory is 1.500000 for index 636292, 637/1000.
Terminated at swamp 0.5.
The last entry of errorHistory is 0.500582 for index 636293, 637/1000.
Terminated at swamp 0.5.
The last entry of errorHistory is 0.500367 for index 636294, 637/1000.
Terminated at swamp 0.5.
The last entry of errorHistory is 0.500611 for index 636295, 637/1000.
The last entry of errorHistory is 0.000658 for index 636296, 637/1000.
Terminated at swamp 0.5.
The last entry of errorHistory is 0.500902 for index 636297, 637/1000.
Terminated at swamp 0.5.
The last entry of errorHistory is 0.500300 for index 636298, 637/1000.
Terminated at swamp 0.5.
The last entry of errorHistory is 0.500465 for index 636299, 637/1000.
Terminated at swamp 0.5.
The last entry of errorHistory is 0.500069 for index 636300, 637/1000.
The last entry of errorHistory is 0.000017 for index 636301, 637/1000.
The last entry of errorHistory is 1.000000 for index 636302, 637/1000.
Terminated at swamp 0.5.
The last entry of errorHistory is 0.500512 for index 636303, 637/1000.
Terminated at swamp 0.5.
The last entry of errorHistory is 0.500001 for index 636304, 637/1000.
The last entry of errorHistory is 1.000000 for index 636305, 637/1000.
Terminated at swamp 0.5.
The last entry of errorHistory is 0.500055 for index 636306, 637/1000.
The last entry of errorHistory is 1.000000 for index 636307, 637/1000.
The last entry of errorHistory is 0.000820 for index 636308, 637/1000.
Terminated at swamp 0.5.
The last entry of errorHistory is 0.500670 for index 636309, 637/1000.
Terminated at swamp 0.5.
The last entry of errorHistory is 0.500325 for index 636310, 637/1000.
The last entry of errorHistory is 0.500000 for index 636311, 637/1000.
The last entry of errorHistory is 1.000000 for index 636312, 637/1000.
Terminated at swamp 1.
The last entry of errorHistory is 1.000190 for index 636313, 637/1000.
The last entry of errorHistory is 1.000000 for index 636314, 637/1000.
Terminated at swamp 0.5.
The last entry of errorHistory is 0.500198 for index 636315, 637/1000.
Terminated at swamp 1.
The last entry of errorHistory is 1.000135 for index 636316, 637/1000.
Terminated at swamp 1.
The last entry of errorHistory is 1.000083 for index 636317, 637/1000.
The last entry of errorHistory is 0.500000 for index 636318, 637/1000.
Terminated at swamp 1.
The last entry of errorHistory is 1.000000 for index 636319, 637/1000.
Terminated at swamp 1.
The last entry of errorHistory is 1.000100 for index 636320, 637/1000.
Terminated at swamp 0.5.
The last entry of errorHistory is 0.500139 for index 636321, 637/1000.
Terminated at swamp 0.5.
The last entry of errorHistory is 0.500487 for index 636322, 637/1000.
Terminated at swamp 0.5.
The last entry of errorHistory is 0.500493 for index 636323, 637/1000.
The last entry of errorHistory is 0.500000 for index 636324, 637/1000.
Terminated at swamp 0.5.
The last entry of errorHistory is 0.500648 for index 636325, 637/1000.
Terminated at swamp 0.5.
The last entry of errorHistory is 0.500410 for index 636326, 637/1000.
Terminated at swamp 0.5.
The last entry of errorHistory is 0.500713 for index 636327, 637/1000.
Terminated at swamp 0.5.
The last entry of errorHistory is 0.500393 for index 636328, 637/1000.
Terminated at swamp 0.5.
The last entry of errorHistory is 0.500722 for index 636329, 637/1000.
Terminated at swamp 1.
The last entry of errorHistory is 1.000395 for index 636330, 637/1000.
The last entry of errorHistory is 1.000000 for index 636331, 637/1000.
Terminated at swamp 0.5.
The last entry of errorHistory is 0.500648 for index 636332, 637/1000.
Terminated at swamp 1.
The last entry of errorHistory is 1.000307 for index 636333, 637/1000.
Terminated at swamp 0.5.
The last entry of errorHistory is 0.500936 for index 636334, 637/1000.
The last entry of errorHistory is 1.000000 for index 636335, 637/1000.
Terminated at swamp 0.5.
The last entry of errorHistory is 0.500307 for index 636336, 637/1000.
The last entry of errorHistory is 0.000069 for index 636337, 637/1000.
Terminated at swamp 0.5.
The last entry of errorHistory is 0.500756 for index 636338, 637/1000.
The last entry of errorHistory is 1.000000 for index 636339, 637/1000.
Terminated at swamp 1.
The last entry of errorHistory is 1.000306 for index 636340, 637/1000.
Terminated at swamp 1.5.
The last entry of errorHistory is 1.500000 for index 636341, 637/1000.
Terminated at swamp 1.
The last entry of errorHistory is 1.000026 for index 636342, 637/1000.
The last entry of errorHistory is 1.000000 for index 636343, 637/1000.
Terminated at swamp 1.
The last entry of errorHistory is 1.000303 for index 636344, 637/1000.
Terminated at swamp 0.5.
The last entry of errorHistory is 0.500247 for index 636345, 637/1000.
Terminated at swamp 1.
The last entry of errorHistory is 1.000042 for index 636346, 637/1000.
The last entry of errorHistory is 1.000000 for index 636347, 637/1000.
Terminated at swamp 0.5.
The last entry of errorHistory is 0.500870 for index 636348, 637/1000.
The last entry of errorHistory is 1.000000 for index 636349, 637/1000.
Terminated at swamp 1.
The last entry of errorHistory is 0.999726 for index 636350, 637/1000.
The last entry of errorHistory is 1.000000 for index 636351, 637/1000.
Terminated at swamp 1.
The last entry of errorHistory is 1.000007 for index 636352, 637/1000.
Terminated at swamp 0.5.
The last entry of errorHistory is 0.500494 for index 636353, 637/1000.
Terminated at swamp 0.5.
The last entry of errorHistory is 0.500162 for index 636354, 637/1000.
The last entry of errorHistory is 0.000018 for index 636355, 637/1000.
Terminated at swamp 0.5.
The last entry of errorHistory is 0.500077 for index 636356, 637/1000.
The last entry of errorHistory is 0.000024 for index 636357, 637/1000.
The last entry of errorHistory is 1.000000 for index 636358, 637/1000.
Terminated at swamp 1.
The last entry of errorHistory is 1.000389 for index 636359, 637/1000.
The last entry of errorHistory is 1.000000 for index 636360, 637/1000.
The last entry of errorHistory is 1.000000 for index 636361, 637/1000.
The last entry of errorHistory is 0.500000 for index 636362, 637/1000.
Terminated at swamp 0.5.
The last entry of errorHistory is 0.500601 for index 636363, 637/1000.
The last entry of errorHistory is 0.500000 for index 636364, 637/1000.
Terminated at swamp 0.5.
The last entry of errorHistory is 0.500527 for index 636365, 637/1000.
Terminated at swamp 0.5.
The last entry of errorHistory is 0.500089 for index 636366, 637/1000.
The last entry of errorHistory is 1.000000 for index 636367, 637/1000.
Terminated at swamp 0.5.
The last entry of errorHistory is 0.500071 for index 636368, 637/1000.
Terminated at swamp 0.5.
The last entry of errorHistory is 0.500351 for index 636369, 637/1000.
Terminated at swamp 1.
The last entry of errorHistory is 1.000099 for index 636370, 637/1000.
Terminated at swamp 0.5.
The last entry of errorHistory is 0.500869 for index 636371, 637/1000.
The last entry of errorHistory is 0.500000 for index 636372, 637/1000.
Terminated at swamp 0.5.
The last entry of errorHistory is 0.500430 for index 636373, 637/1000.
The last entry of errorHistory is 0.500000 for index 636374, 637/1000.
Terminated at swamp 1.
The last entry of errorHistory is 1.000283 for index 636375, 637/1000.
The last entry of errorHistory is 0.000014 for index 636376, 637/1000.
Terminated at swamp 0.5.
The last entry of errorHistory is 0.500225 for index 636377, 637/1000.
Terminated at swamp 0.5.
The last entry of errorHistory is 0.500038 for index 636378, 637/1000.
Terminated at swamp 0.5.
The last entry of errorHistory is 0.500536 for index 636379, 637/1000.
The last entry of errorHistory is 0.000026 for index 636380, 637/1000.
Terminated at swamp 0.5.
The last entry of errorHistory is 0.500000 for index 636381, 637/1000.
Terminated at swamp 1.
The last entry of errorHistory is 1.000278 for index 636382, 637/1000.
The last entry of errorHistory is 0.500000 for index 636383, 637/1000.
Terminated at swamp 0.5.
The last entry of errorHistory is 0.500205 for index 636384, 637/1000.
The last entry of errorHistory is 1.000000 for index 636385, 637/1000.
The last entry of errorHistory is 0.500000 for index 636386, 637/1000.
Terminated at swamp 0.5.
The last entry of errorHistory is 0.500349 for index 636387, 637/1000.
The last entry of errorHistory is 0.500000 for index 636388, 637/1000.
The last entry of errorHistory is 1.000000 for index 636389, 637/1000.
Terminated at swamp 1.
The last entry of errorHistory is 1.000610 for index 636390, 637/1000.
Terminated at swamp 1.
The last entry of errorHistory is 1.000438 for index 636391, 637/1000.
Terminated at swamp 0.5.
The last entry of errorHistory is 0.500486 for index 636392, 637/1000.
Terminated at swamp 0.5.
The last entry of errorHistory is 0.500226 for index 636393, 637/1000.
The last entry of errorHistory is 0.000045 for index 636394, 637/1000.
Terminated at swamp 0.5.
The last entry of errorHistory is 0.500231 for index 636395, 637/1000.
Terminated at swamp 0.5.
The last entry of errorHistory is 0.500593 for index 636396, 637/1000.
Terminated at swamp 0.5.
The last entry of errorHistory is 0.500270 for index 636397, 637/1000.
Terminated at swamp 1.
The last entry of errorHistory is 1.000001 for index 636398, 637/1000.
Terminated at swamp 1.
The last entry of errorHistory is 1.000287 for index 636399, 637/1000.
Terminated at swamp 0.5.
The last entry of errorHistory is 0.500296 for index 636400, 637/1000.
Terminated at swamp 0.5.
The last entry of errorHistory is 0.500593 for index 636401, 637/1000.
Terminated at swamp 0.5.
The last entry of errorHistory is 0.500203 for index 636402, 637/1000.
The last entry of errorHistory is 1.500000 for index 636403, 637/1000.
The last entry of errorHistory is 0.000016 for index 636404, 637/1000.
Terminated at swamp 1.
The last entry of errorHistory is 1.000304 for index 636405, 637/1000.
Terminated at swamp 0.5.
The last entry of errorHistory is 0.500178 for index 636406, 637/1000.
Terminated at swamp 1.
The last entry of errorHistory is 1.000024 for index 636407, 637/1000.
The last entry of errorHistory is 0.000013 for index 636408, 637/1000.
Terminated at swamp 0.5.
The last entry of errorHistory is 0.500691 for index 636409, 637/1000.
Terminated at swamp 0.5.
The last entry of errorHistory is 0.500403 for index 636410, 637/1000.
Terminated at swamp 0.5.
The last entry of errorHistory is 0.500329 for index 636411, 637/1000.
Terminated at swamp 1.
The last entry of errorHistory is 1.000544 for index 636412, 637/1000.
The last entry of errorHistory is 0.000011 for index 636413, 637/1000.
The last entry of errorHistory is 0.000027 for index 636414, 637/1000.
Terminated at swamp 0.5.
The last entry of errorHistory is 0.500671 for index 636415, 637/1000.
Terminated at swamp 1.
The last entry of errorHistory is 1.000357 for index 636416, 637/1000.
Terminated at swamp 0.5.
The last entry of errorHistory is 0.500501 for index 636417, 637/1000.
Terminated at swamp 0.5.
The last entry of errorHistory is 0.500136 for index 636418, 637/1000.
Terminated at swamp 0.5.
The last entry of errorHistory is 0.500035 for index 636419, 637/1000.
Terminated at swamp 0.5.
The last entry of errorHistory is 0.500248 for index 636420, 637/1000.
The last entry of errorHistory is 1.000000 for index 636421, 637/1000.
The last entry of errorHistory is 0.500000 for index 636422, 637/1000.
Terminated at swamp 0.5.
The last entry of errorHistory is 0.500615 for index 636423, 637/1000.
Terminated at swamp 1.
The last entry of errorHistory is 1.000076 for index 636424, 637/1000.
The last entry of errorHistory is 0.000112 for index 636425, 637/1000.
Terminated at swamp 1.5.
The last entry of errorHistory is 1.500106 for index 636426, 637/1000.
Terminated at swamp 0.5.
The last entry of errorHistory is 0.500663 for index 636427, 637/1000.
The last entry of errorHistory is 1.000000 for index 636428, 637/1000.
The last entry of errorHistory is 1.000000 for index 636429, 637/1000.
The last entry of errorHistory is 1.000000 for index 636430, 637/1000.
Terminated at swamp 0.5.
The last entry of errorHistory is 0.500001 for index 636431, 637/1000.
The last entry of errorHistory is 0.500000 for index 636432, 637/1000.
Terminated at swamp 0.5.
The last entry of errorHistory is 0.500608 for index 636433, 637/1000.
Terminated at swamp 0.5.
The last entry of errorHistory is 0.500485 for index 636434, 637/1000.
Terminated at swamp 1.
The last entry of errorHistory is 1.000000 for index 636435, 637/1000.
Terminated at swamp 0.5.
The last entry of errorHistory is 0.500179 for index 636436, 637/1000.
The last entry of errorHistory is 1.500000 for index 636437, 637/1000.
Terminated at swamp 0.5.
The last entry of errorHistory is 0.500000 for index 636438, 637/1000.
Terminated at swamp 0.5.
The last entry of errorHistory is 0.500396 for index 636439, 637/1000.
Terminated at swamp 0.5.
The last entry of errorHistory is 0.500109 for index 636440, 637/1000.
Terminated at swamp 0.5.
The last entry of errorHistory is 0.500320 for index 636441, 637/1000.
Terminated at swamp 0.5.
The last entry of errorHistory is 0.500596 for index 636442, 637/1000.
The last entry of errorHistory is 1.000000 for index 636443, 637/1000.
The last entry of errorHistory is 0.500000 for index 636444, 637/1000.
Terminated at swamp 1.
The last entry of errorHistory is 1.000232 for index 636445, 637/1000.
Terminated at swamp 0.5.
The last entry of errorHistory is 0.500531 for index 636446, 637/1000.
Terminated at swamp 1.
The last entry of errorHistory is 1.000104 for index 636447, 637/1000.
Terminated at swamp 1.
The last entry of errorHistory is 1.000000 for index 636448, 637/1000.
Terminated at swamp 0.5.
The last entry of errorHistory is 0.500486 for index 636449, 637/1000.
The last entry of errorHistory is 1.500000 for index 636450, 637/1000.
Terminated at swamp 1.
The last entry of errorHistory is 1.000111 for index 636451, 637/1000.
Terminated at swamp 0.5.
The last entry of errorHistory is 0.500497 for index 636452, 637/1000.
Terminated at swamp 0.5.
The last entry of errorHistory is 0.500140 for index 636453, 637/1000.
The last entry of errorHistory is 0.500000 for index 636454, 637/1000.
The last entry of errorHistory is 1.000000 for index 636455, 637/1000.
The last entry of errorHistory is 0.000013 for index 636456, 637/1000.
The last entry of errorHistory is 1.500000 for index 636457, 637/1000.
The last entry of errorHistory is 1.000000 for index 636458, 637/1000.
Terminated at swamp 0.5.
The last entry of errorHistory is 0.500310 for index 636459, 637/1000.
Terminated at swamp 0.5.
The last entry of errorHistory is 0.500575 for index 636460, 637/1000.
Terminated at swamp 1.
The last entry of errorHistory is 1.000192 for index 636461, 637/1000.
Terminated at swamp 0.5.
The last entry of errorHistory is 0.500374 for index 636462, 637/1000.
Terminated at swamp 1.
The last entry of errorHistory is 1.000295 for index 636463, 637/1000.
Terminated at swamp 0.5.
The last entry of errorHistory is 0.500303 for index 636464, 637/1000.
Terminated at swamp 0.5.
The last entry of errorHistory is 0.500477 for index 636465, 637/1000.
Terminated at swamp 0.5.
The last entry of errorHistory is 0.500536 for index 636466, 637/1000.
Terminated at swamp 1.
The last entry of errorHistory is 1.000326 for index 636467, 637/1000.
The last entry of errorHistory is 0.000015 for index 636468, 637/1000.
Terminated at swamp 1.
The last entry of errorHistory is 1.000000 for index 636469, 637/1000.
Terminated at swamp 1.
The last entry of errorHistory is 1.000077 for index 636470, 637/1000.
The last entry of errorHistory is 0.000026 for index 636471, 637/1000.
The last entry of errorHistory is 0.000052 for index 636472, 637/1000.
Terminated at swamp 0.5.
The last entry of errorHistory is 0.500275 for index 636473, 637/1000.
The last entry of errorHistory is 0.000017 for index 636474, 637/1000.
The last entry of errorHistory is 1.000000 for index 636475, 637/1000.
Terminated at swamp 1.
The last entry of errorHistory is 1.000079 for index 636476, 637/1000.
Terminated at swamp 0.5.
The last entry of errorHistory is 0.500427 for index 636477, 637/1000.
Terminated at swamp 1.5.
The last entry of errorHistory is 1.500359 for index 636478, 637/1000.
Terminated at swamp 0.5.
The last entry of errorHistory is 0.500200 for index 636479, 637/1000.
Terminated at swamp 0.5.
The last entry of errorHistory is 0.500464 for index 636480, 637/1000.
The last entry of errorHistory is 0.500000 for index 636481, 637/1000.
The last entry of errorHistory is 1.000000 for index 636482, 637/1000.
The last entry of errorHistory is 1.000000 for index 636483, 637/1000.
Terminated at swamp 0.5.
The last entry of errorHistory is 0.500385 for index 636484, 637/1000.
Terminated at swamp 0.5.
The last entry of errorHistory is 0.500529 for index 636485, 637/1000.
Terminated at swamp 0.5.
The last entry of errorHistory is 0.500040 for index 636486, 637/1000.
Terminated at swamp 0.5.
The last entry of errorHistory is 0.500607 for index 636487, 637/1000.
The last entry of errorHistory is 1.000000 for index 636488, 637/1000.
Terminated at swamp 0.5.
The last entry of errorHistory is 0.500497 for index 636489, 637/1000.
The last entry of errorHistory is 1.500000 for index 636490, 637/1000.
The last entry of errorHistory is 1.500000 for index 636491, 637/1000.
Terminated at swamp 0.5.
The last entry of errorHistory is 0.500424 for index 636492, 637/1000.
Terminated at swamp 0.5.
The last entry of errorHistory is 0.500255 for index 636493, 637/1000.
Terminated at swamp 0.5.
The last entry of errorHistory is 0.500492 for index 636494, 637/1000.
Terminated at swamp 1.
The last entry of errorHistory is 1.000435 for index 636495, 637/1000.
Terminated at swamp 0.5.
The last entry of errorHistory is 0.500508 for index 636496, 637/1000.
The last entry of errorHistory is 1.000000 for index 636497, 637/1000.
Terminated at swamp 1.
The last entry of errorHistory is 1.000031 for index 636498, 637/1000.
Terminated at swamp 0.5.
The last entry of errorHistory is 0.500474 for index 636499, 637/1000.
The last entry of errorHistory is 1.000000 for index 636500, 637/1000.
Terminated at swamp 1.
The last entry of errorHistory is 1.000343 for index 636501, 637/1000.
The last entry of errorHistory is 0.000041 for index 636502, 637/1000.
Terminated at swamp 1.
The last entry of errorHistory is 1.000434 for index 636503, 637/1000.
The last entry of errorHistory is 1.000000 for index 636504, 637/1000.
The last entry of errorHistory is 0.000027 for index 636505, 637/1000.
Terminated at swamp 0.5.
The last entry of errorHistory is 0.500601 for index 636506, 637/1000.
The last entry of errorHistory is 1.000000 for index 636507, 637/1000.
The last entry of errorHistory is 1.000000 for index 636508, 637/1000.
Terminated at swamp 0.5.
The last entry of errorHistory is 0.500011 for index 636509, 637/1000.
The last entry of errorHistory is 1.000000 for index 636510, 637/1000.
The last entry of errorHistory is 0.500000 for index 636511, 637/1000.
The last entry of errorHistory is 1.000000 for index 636512, 637/1000.
The last entry of errorHistory is 1.000000 for index 636513, 637/1000.
Terminated at swamp 0.5.
The last entry of errorHistory is 0.500376 for index 636514, 637/1000.
Terminated at swamp 0.5.
The last entry of errorHistory is 0.500533 for index 636515, 637/1000.
Terminated at swamp 0.5.
The last entry of errorHistory is 0.500582 for index 636516, 637/1000.
Terminated at swamp 0.5.
The last entry of errorHistory is 0.500523 for index 636517, 637/1000.
The last entry of errorHistory is 1.000000 for index 636518, 637/1000.
The last entry of errorHistory is 0.000010 for index 636519, 637/1000.
The last entry of errorHistory is 0.000042 for index 636520, 637/1000.
Terminated at swamp 0.5.
The last entry of errorHistory is 0.500354 for index 636521, 637/1000.
The last entry of errorHistory is 1.000000 for index 636522, 637/1000.
Terminated at swamp 0.5.
The last entry of errorHistory is 0.500558 for index 636523, 637/1000.
Terminated at swamp 0.5.
The last entry of errorHistory is 0.500251 for index 636524, 637/1000.
The last entry of errorHistory is 0.000008 for index 636525, 637/1000.
The last entry of errorHistory is 1.000000 for index 636526, 637/1000.
Terminated at swamp 1.
The last entry of errorHistory is 1.000049 for index 636527, 637/1000.
Terminated at swamp 1.
The last entry of errorHistory is 1.000103 for index 636528, 637/1000.
The last entry of errorHistory is 0.000140 for index 636529, 637/1000.
Terminated at swamp 0.5.
The last entry of errorHistory is 0.500000 for index 636530, 637/1000.
Terminated at swamp 0.5.
The last entry of errorHistory is 0.500324 for index 636531, 637/1000.
Terminated at swamp 1.
The last entry of errorHistory is 1.000000 for index 636532, 637/1000.
Terminated at swamp 0.5.
The last entry of errorHistory is 0.500176 for index 636533, 637/1000.
Terminated at swamp 0.5.
The last entry of errorHistory is 0.500149 for index 636534, 637/1000.
Terminated at swamp 1.
The last entry of errorHistory is 1.000553 for index 636535, 637/1000.
Terminated at swamp 1.
The last entry of errorHistory is 1.000308 for index 636536, 637/1000.
Terminated at swamp 0.5.
The last entry of errorHistory is 0.500064 for index 636537, 637/1000.
Terminated at swamp 0.5.
The last entry of errorHistory is 0.500540 for index 636538, 637/1000.
The last entry of errorHistory is 1.000000 for index 636539, 637/1000.
Terminated at swamp 0.5.
The last entry of errorHistory is 0.500357 for index 636540, 637/1000.
The last entry of errorHistory is 0.000016 for index 636541, 637/1000.
Terminated at swamp 0.5.
The last entry of errorHistory is 0.500853 for index 636542, 637/1000.
Terminated at swamp 0.5.
The last entry of errorHistory is 0.500885 for index 636543, 637/1000.
Terminated at swamp 1.
The last entry of errorHistory is 1.000000 for index 636544, 637/1000.
Terminated at swamp 0.5.
The last entry of errorHistory is 0.500609 for index 636545, 637/1000.
Terminated at swamp 0.5.
The last entry of errorHistory is 0.500216 for index 636546, 637/1000.
Terminated at swamp 0.5.
The last entry of errorHistory is 0.500318 for index 636547, 637/1000.
Terminated at swamp 0.5.
The last entry of errorHistory is 0.500231 for index 636548, 637/1000.
The last entry of errorHistory is 1.000000 for index 636549, 637/1000.
Terminated at swamp 0.5.
The last entry of errorHistory is 0.500540 for index 636550, 637/1000.
Terminated at swamp 0.5.
The last entry of errorHistory is 0.500089 for index 636551, 637/1000.
Terminated at swamp 1.
The last entry of errorHistory is 1.000158 for index 636552, 637/1000.
Terminated at swamp 1.
The last entry of errorHistory is 1.000001 for index 636553, 637/1000.
Terminated at swamp 1.
The last entry of errorHistory is 1.000000 for index 636554, 637/1000.
Terminated at swamp 0.5.
The last entry of errorHistory is 0.500631 for index 636555, 637/1000.
Terminated at swamp 0.5.
The last entry of errorHistory is 0.500388 for index 636556, 637/1000.
Terminated at swamp 0.5.
The last entry of errorHistory is 0.500268 for index 636557, 637/1000.
Terminated at swamp 0.5.
The last entry of errorHistory is 0.500075 for index 636558, 637/1000.
Terminated at swamp 0.5.
The last entry of errorHistory is 0.500009 for index 636559, 637/1000.
The last entry of errorHistory is 1.000000 for index 636560, 637/1000.
Terminated at swamp 1.
The last entry of errorHistory is 1.000130 for index 636561, 637/1000.
Terminated at swamp 0.5.
The last entry of errorHistory is 0.500492 for index 636562, 637/1000.
The last entry of errorHistory is 0.000940 for index 636563, 637/1000.
The last entry of errorHistory is 1.000000 for index 636564, 637/1000.
Terminated at swamp 1.
The last entry of errorHistory is 1.000000 for index 636565, 637/1000.
The last entry of errorHistory is 1.000000 for index 636566, 637/1000.
Terminated at swamp 0.5.
The last entry of errorHistory is 0.500323 for index 636567, 637/1000.
The last entry of errorHistory is 0.500000 for index 636568, 637/1000.
Terminated at swamp 0.5.
The last entry of errorHistory is 0.500632 for index 636569, 637/1000.
Terminated at swamp 0.5.
The last entry of errorHistory is 0.500883 for index 636570, 637/1000.
The last entry of errorHistory is 0.004088 for index 636571, 637/1000.
Terminated at swamp 0.5.
The last entry of errorHistory is 0.500821 for index 636572, 637/1000.
Terminated at swamp 1.
The last entry of errorHistory is 1.000001 for index 636573, 637/1000.
The last entry of errorHistory is 0.500000 for index 636574, 637/1000.
Terminated at swamp 0.5.
The last entry of errorHistory is 0.500214 for index 636575, 637/1000.
The last entry of errorHistory is 0.500000 for index 636576, 637/1000.
Terminated at swamp 0.5.
The last entry of errorHistory is 0.500402 for index 636577, 637/1000.
Terminated at swamp 0.5.
The last entry of errorHistory is 0.500031 for index 636578, 637/1000.
Terminated at swamp 1.
The last entry of errorHistory is 0.999965 for index 636579, 637/1000.
Terminated at swamp 1.
The last entry of errorHistory is 1.000103 for index 636580, 637/1000.
Terminated at swamp 1.
The last entry of errorHistory is 1.000010 for index 636581, 637/1000.
Terminated at swamp 0.5.
The last entry of errorHistory is 0.500002 for index 636582, 637/1000.
Terminated at swamp 0.5.
The last entry of errorHistory is 0.500531 for index 636583, 637/1000.
Terminated at swamp 0.5.
The last entry of errorHistory is 0.500051 for index 636584, 637/1000.
Terminated at swamp 0.5.
The last entry of errorHistory is 0.500098 for index 636585, 637/1000.
The last entry of errorHistory is 1.000000 for index 636586, 637/1000.
The last entry of errorHistory is 1.000000 for index 636587, 637/1000.
The last entry of errorHistory is 0.000232 for index 636588, 637/1000.
Terminated at swamp 0.5.
The last entry of errorHistory is 0.500439 for index 636589, 637/1000.
Terminated at swamp 0.5.
The last entry of errorHistory is 0.500229 for index 636590, 637/1000.
Terminated at swamp 0.5.
The last entry of errorHistory is 0.500619 for index 636591, 637/1000.
Terminated at swamp 0.5.
The last entry of errorHistory is 0.500204 for index 636592, 637/1000.
The last entry of errorHistory is 1.000000 for index 636593, 637/1000.
The last entry of errorHistory is 1.500000 for index 636594, 637/1000.
Terminated at swamp 0.5.
The last entry of errorHistory is 0.500323 for index 636595, 637/1000.
Terminated at swamp 1.
The last entry of errorHistory is 1.000264 for index 636596, 637/1000.
The last entry of errorHistory is 0.000007 for index 636597, 637/1000.
Terminated at swamp 0.5.
The last entry of errorHistory is 0.500191 for index 636598, 637/1000.
Terminated at swamp 0.5.
The last entry of errorHistory is 0.500054 for index 636599, 637/1000.
Terminated at swamp 0.5.
The last entry of errorHistory is 0.500665 for index 636600, 637/1000.
Terminated at swamp 0.5.
The last entry of errorHistory is 0.500871 for index 636601, 637/1000.
Terminated at swamp 0.5.
The last entry of errorHistory is 0.500258 for index 636602, 637/1000.
The last entry of errorHistory is 1.000000 for index 636603, 637/1000.
The last entry of errorHistory is 0.500000 for index 636604, 637/1000.
The last entry of errorHistory is 0.000009 for index 636605, 637/1000.
Terminated at swamp 0.5.
The last entry of errorHistory is 0.500102 for index 636606, 637/1000.
Terminated at swamp 0.5.
The last entry of errorHistory is 0.500529 for index 636607, 637/1000.
Terminated at swamp 1.
The last entry of errorHistory is 1.000000 for index 636608, 637/1000.
The last entry of errorHistory is 0.500000 for index 636609, 637/1000.
The last entry of errorHistory is 0.000079 for index 636610, 637/1000.
Terminated at swamp 0.5.
The last entry of errorHistory is 0.500407 for index 636611, 637/1000.
The last entry of errorHistory is 1.000000 for index 636612, 637/1000.
The last entry of errorHistory is 1.000000 for index 636613, 637/1000.
Terminated at swamp 0.5.
The last entry of errorHistory is 0.500466 for index 636614, 637/1000.
Terminated at swamp 0.5.
The last entry of errorHistory is 0.500431 for index 636615, 637/1000.
Terminated at swamp 0.5.
The last entry of errorHistory is 0.500539 for index 636616, 637/1000.
Terminated at swamp 0.5.
The last entry of errorHistory is 0.500303 for index 636617, 637/1000.
Terminated at swamp 0.5.
The last entry of errorHistory is 0.500285 for index 636618, 637/1000.
Terminated at swamp 0.5.
The last entry of errorHistory is 0.500506 for index 636619, 637/1000.
Terminated at swamp 0.5.
The last entry of errorHistory is 0.500808 for index 636620, 637/1000.
The last entry of errorHistory is 1.000000 for index 636621, 637/1000.
Terminated at swamp 1.
The last entry of errorHistory is 1.000000 for index 636622, 637/1000.
Terminated at swamp 0.5.
The last entry of errorHistory is 0.500373 for index 636623, 637/1000.
Terminated at swamp 0.5.
The last entry of errorHistory is 0.500018 for index 636624, 637/1000.
The last entry of errorHistory is 1.000000 for index 636625, 637/1000.
Terminated at swamp 1.5.
The last entry of errorHistory is 1.500000 for index 636626, 637/1000.
Terminated at swamp 0.5.
The last entry of errorHistory is 0.500000 for index 636627, 637/1000.
The last entry of errorHistory is 1.000000 for index 636628, 637/1000.
Terminated at swamp 0.5.
The last entry of errorHistory is 0.500465 for index 636629, 637/1000.
Terminated at swamp 0.5.
The last entry of errorHistory is 0.500657 for index 636630, 637/1000.
Terminated at swamp 0.5.
The last entry of errorHistory is 0.500933 for index 636631, 637/1000.
Terminated at swamp 0.5.
The last entry of errorHistory is 0.500752 for index 636632, 637/1000.
The last entry of errorHistory is 1.000000 for index 636633, 637/1000.
Terminated at swamp 0.5.
The last entry of errorHistory is 0.500449 for index 636634, 637/1000.
Terminated at swamp 0.5.
The last entry of errorHistory is 0.500360 for index 636635, 637/1000.
Terminated at swamp 0.5.
The last entry of errorHistory is 0.500520 for index 636636, 637/1000.
Terminated at swamp 0.5.
The last entry of errorHistory is 0.500614 for index 636637, 637/1000.
Terminated at swamp 0.5.
The last entry of errorHistory is 0.500023 for index 636638, 637/1000.
The last entry of errorHistory is 0.000014 for index 636639, 637/1000.
Terminated at swamp 0.5.
The last entry of errorHistory is 0.500591 for index 636640, 637/1000.
Terminated at swamp 1.
The last entry of errorHistory is 1.000453 for index 636641, 637/1000.
Terminated at swamp 1.
The last entry of errorHistory is 1.000083 for index 636642, 637/1000.
The last entry of errorHistory is 0.500000 for index 636643, 637/1000.
Terminated at swamp 0.5.
The last entry of errorHistory is 0.500272 for index 636644, 637/1000.
The last entry of errorHistory is 1.500000 for index 636645, 637/1000.
Terminated at swamp 1.5.
The last entry of errorHistory is 1.500013 for index 636646, 637/1000.
The last entry of errorHistory is 1.000000 for index 636647, 637/1000.
Terminated at swamp 0.5.
The last entry of errorHistory is 0.500139 for index 636648, 637/1000.
The last entry of errorHistory is 1.000000 for index 636649, 637/1000.
Terminated at swamp 0.5.
The last entry of errorHistory is 0.500678 for index 636650, 637/1000.
Terminated at swamp 1.
The last entry of errorHistory is 1.000314 for index 636651, 637/1000.
The last entry of errorHistory is 0.000295 for index 636652, 637/1000.
Terminated at swamp 0.5.
The last entry of errorHistory is 0.500067 for index 636653, 637/1000.
The last entry of errorHistory is 0.000018 for index 636654, 637/1000.
Terminated at swamp 0.5.
The last entry of errorHistory is 0.500331 for index 636655, 637/1000.
The last entry of errorHistory is 0.500000 for index 636656, 637/1000.
The last entry of errorHistory is 1.000000 for index 636657, 637/1000.
Terminated at swamp 0.5.
The last entry of errorHistory is 0.500258 for index 636658, 637/1000.
Terminated at swamp 1.5.
The last entry of errorHistory is 1.500000 for index 636659, 637/1000.
Terminated at swamp 0.5.
The last entry of errorHistory is 0.500112 for index 636660, 637/1000.
The last entry of errorHistory is 1.000000 for index 636661, 637/1000.
Terminated at swamp 0.5.
The last entry of errorHistory is 0.500498 for index 636662, 637/1000.
The last entry of errorHistory is 1.000000 for index 636663, 637/1000.
The last entry of errorHistory is 1.500000 for index 636664, 637/1000.
Terminated at swamp 0.5.
The last entry of errorHistory is 0.500521 for index 636665, 637/1000.
The last entry of errorHistory is 1.000000 for index 636666, 637/1000.
Terminated at swamp 0.5.
The last entry of errorHistory is 0.500307 for index 636667, 637/1000.
Terminated at swamp 0.5.
The last entry of errorHistory is 0.500344 for index 636668, 637/1000.
Terminated at swamp 1.
The last entry of errorHistory is 1.000000 for index 636669, 637/1000.
Terminated at swamp 0.5.
The last entry of errorHistory is 0.500543 for index 636670, 637/1000.
Terminated at swamp 1.
The last entry of errorHistory is 1.000401 for index 636671, 637/1000.
Terminated at swamp 1.
The last entry of errorHistory is 1.000000 for index 636672, 637/1000.
The last entry of errorHistory is 0.001316 for index 636673, 637/1000.
Terminated at swamp 0.5.
The last entry of errorHistory is 0.500289 for index 636674, 637/1000.
Terminated at swamp 0.5.
The last entry of errorHistory is 0.500347 for index 636675, 637/1000.
Terminated at swamp 0.5.
The last entry of errorHistory is 0.500084 for index 636676, 637/1000.
Terminated at swamp 1.
The last entry of errorHistory is 1.000352 for index 636677, 637/1000.
Terminated at swamp 0.5.
The last entry of errorHistory is 0.500558 for index 636678, 637/1000.
Terminated at swamp 0.5.
The last entry of errorHistory is 0.500010 for index 636679, 637/1000.
Terminated at swamp 0.5.
The last entry of errorHistory is 0.500524 for index 636680, 637/1000.
Terminated at swamp 0.5.
The last entry of errorHistory is 0.500415 for index 636681, 637/1000.
Terminated at swamp 1.
The last entry of errorHistory is 1.000000 for index 636682, 637/1000.
The last entry of errorHistory is 0.000015 for index 636683, 637/1000.
Terminated at swamp 0.5.
The last entry of errorHistory is 0.500376 for index 636684, 637/1000.
Terminated at swamp 0.5.
The last entry of errorHistory is 0.500087 for index 636685, 637/1000.
Terminated at swamp 1.
The last entry of errorHistory is 1.000943 for index 636686, 637/1000.
Terminated at swamp 0.5.
The last entry of errorHistory is 0.500303 for index 636687, 637/1000.
Terminated at swamp 0.5.
The last entry of errorHistory is 0.500666 for index 636688, 637/1000.
Terminated at swamp 1.
The last entry of errorHistory is 1.000223 for index 636689, 637/1000.
Terminated at swamp 0.5.
The last entry of errorHistory is 0.500032 for index 636690, 637/1000.
Terminated at swamp 1.
The last entry of errorHistory is 1.000008 for index 636691, 637/1000.
The last entry of errorHistory is 0.000020 for index 636692, 637/1000.
Terminated at swamp 0.5.
The last entry of errorHistory is 0.500839 for index 636693, 637/1000.
Terminated at swamp 1.
The last entry of errorHistory is 1.000062 for index 636694, 637/1000.
Terminated at swamp 0.5.
The last entry of errorHistory is 0.500195 for index 636695, 637/1000.
Terminated at swamp 0.5.
The last entry of errorHistory is 0.500519 for index 636696, 637/1000.
Terminated at swamp 0.5.
The last entry of errorHistory is 0.500340 for index 636697, 637/1000.
Terminated at swamp 1.
The last entry of errorHistory is 1.000282 for index 636698, 637/1000.
Terminated at swamp 0.5.
The last entry of errorHistory is 0.500497 for index 636699, 637/1000.
The last entry of errorHistory is 0.500000 for index 636700, 637/1000.
Terminated at swamp 0.5.
The last entry of errorHistory is 0.500176 for index 636701, 637/1000.
Terminated at swamp 0.5.
The last entry of errorHistory is 0.500411 for index 636702, 637/1000.
Terminated at swamp 0.5.
The last entry of errorHistory is 0.500333 for index 636703, 637/1000.
Terminated at swamp 0.5.
The last entry of errorHistory is 0.500048 for index 636704, 637/1000.
Terminated at swamp 0.5.
The last entry of errorHistory is 0.500267 for index 636705, 637/1000.
Terminated at swamp 0.5.
The last entry of errorHistory is 0.500516 for index 636706, 637/1000.
Terminated at swamp 0.5.
The last entry of errorHistory is 0.500705 for index 636707, 637/1000.
Terminated at swamp 0.5.
The last entry of errorHistory is 0.500348 for index 636708, 637/1000.
Terminated at swamp 0.5.
The last entry of errorHistory is 0.500465 for index 636709, 637/1000.
Terminated at swamp 0.5.
The last entry of errorHistory is 0.500345 for index 636710, 637/1000.
The last entry of errorHistory is 0.500000 for index 636711, 637/1000.
Terminated at swamp 0.5.
The last entry of errorHistory is 0.500470 for index 636712, 637/1000.
The last entry of errorHistory is 1.000000 for index 636713, 637/1000.
The last entry of errorHistory is 1.000000 for index 636714, 637/1000.
The last entry of errorHistory is 1.000000 for index 636715, 637/1000.
Terminated at swamp 0.5.
The last entry of errorHistory is 0.500556 for index 636716, 637/1000.
Terminated at swamp 0.5.
The last entry of errorHistory is 0.500239 for index 636717, 637/1000.
The last entry of errorHistory is 0.000015 for index 636718, 637/1000.
Terminated at swamp 0.5.
The last entry of errorHistory is 0.500524 for index 636719, 637/1000.
Terminated at swamp 0.5.
The last entry of errorHistory is 0.500558 for index 636720, 637/1000.
Terminated at swamp 0.5.
The last entry of errorHistory is 0.500377 for index 636721, 637/1000.
Terminated at swamp 1.
The last entry of errorHistory is 1.000076 for index 636722, 637/1000.
Terminated at swamp 1.
The last entry of errorHistory is 1.000434 for index 636723, 637/1000.
Terminated at swamp 0.5.
The last entry of errorHistory is 0.500413 for index 636724, 637/1000.
The last entry of errorHistory is 0.500000 for index 636725, 637/1000.
Terminated at swamp 0.5.
The last entry of errorHistory is 0.500461 for index 636726, 637/1000.
Terminated at swamp 0.5.
The last entry of errorHistory is 0.500402 for index 636727, 637/1000.
The last entry of errorHistory is 1.000000 for index 636728, 637/1000.
Terminated at swamp 0.5.
The last entry of errorHistory is 0.500511 for index 636729, 637/1000.
Terminated at swamp 0.5.
The last entry of errorHistory is 0.500512 for index 636730, 637/1000.
Terminated at swamp 0.5.
The last entry of errorHistory is 0.500606 for index 636731, 637/1000.
Terminated at swamp 0.5.
The last entry of errorHistory is 0.500411 for index 636732, 637/1000.
The last entry of errorHistory is 1.000000 for index 636733, 637/1000.
The last entry of errorHistory is 0.000008 for index 636734, 637/1000.
Terminated at swamp 0.5.
The last entry of errorHistory is 0.500269 for index 636735, 637/1000.
Terminated at swamp 0.5.
The last entry of errorHistory is 0.500111 for index 636736, 637/1000.
Terminated at swamp 0.5.
The last entry of errorHistory is 0.500215 for index 636737, 637/1000.
Terminated at swamp 0.5.
The last entry of errorHistory is 0.500928 for index 636738, 637/1000.
Terminated at swamp 1.
The last entry of errorHistory is 1.000269 for index 636739, 637/1000.
Terminated at swamp 1.
The last entry of errorHistory is 1.000321 for index 636740, 637/1000.
Terminated at swamp 0.5.
The last entry of errorHistory is 0.500892 for index 636741, 637/1000.
Terminated at swamp 0.5.
The last entry of errorHistory is 0.500360 for index 636742, 637/1000.
Terminated at swamp 0.5.
The last entry of errorHistory is 0.500429 for index 636743, 637/1000.
Terminated at swamp 0.5.
The last entry of errorHistory is 0.500337 for index 636744, 637/1000.
Terminated at swamp 0.5.
The last entry of errorHistory is 0.500532 for index 636745, 637/1000.
Terminated at swamp 0.5.
The last entry of errorHistory is 0.500609 for index 636746, 637/1000.
Terminated at swamp 0.5.
The last entry of errorHistory is 0.500193 for index 636747, 637/1000.
The last entry of errorHistory is 0.500000 for index 636748, 637/1000.
The last entry of errorHistory is 1.000000 for index 636749, 637/1000.
The last entry of errorHistory is 0.500000 for index 636750, 637/1000.
Terminated at swamp 0.5.
The last entry of errorHistory is 0.500340 for index 636751, 637/1000.
Terminated at swamp 0.5.
The last entry of errorHistory is 0.500000 for index 636752, 637/1000.
Terminated at swamp 0.5.
The last entry of errorHistory is 0.500469 for index 636753, 637/1000.
The last entry of errorHistory is 1.000000 for index 636754, 637/1000.
The last entry of errorHistory is 0.500000 for index 636755, 637/1000.
The last entry of errorHistory is 0.000188 for index 636756, 637/1000.
Terminated at swamp 1.
The last entry of errorHistory is 1.000441 for index 636757, 637/1000.
Terminated at swamp 0.5.
The last entry of errorHistory is 0.500507 for index 636758, 637/1000.
Terminated at swamp 0.5.
The last entry of errorHistory is 0.500237 for index 636759, 637/1000.
The last entry of errorHistory is 1.000000 for index 636760, 637/1000.
Terminated at swamp 0.5.
The last entry of errorHistory is 0.500400 for index 636761, 637/1000.
The last entry of errorHistory is 0.000072 for index 636762, 637/1000.
Terminated at swamp 0.5.
The last entry of errorHistory is 0.500663 for index 636763, 637/1000.
The last entry of errorHistory is 0.000030 for index 636764, 637/1000.
The last entry of errorHistory is 1.000000 for index 636765, 637/1000.
Terminated at swamp 1.
The last entry of errorHistory is 1.000008 for index 636766, 637/1000.
Terminated at swamp 0.5.
The last entry of errorHistory is 0.500504 for index 636767, 637/1000.
Terminated at swamp 0.5.
The last entry of errorHistory is 0.500624 for index 636768, 637/1000.
The last entry of errorHistory is 0.000193 for index 636769, 637/1000.
Terminated at swamp 1.
The last entry of errorHistory is 1.000073 for index 636770, 637/1000.
Terminated at swamp 0.5.
The last entry of errorHistory is 0.500006 for index 636771, 637/1000.
Terminated at swamp 0.5.
The last entry of errorHistory is 0.500274 for index 636772, 637/1000.
Terminated at swamp 0.5.
The last entry of errorHistory is 0.500699 for index 636773, 637/1000.
Terminated at swamp 1.
The last entry of errorHistory is 1.000068 for index 636774, 637/1000.
The last entry of errorHistory is 0.000010 for index 636775, 637/1000.
Terminated at swamp 1.
The last entry of errorHistory is 1.000004 for index 636776, 637/1000.
Terminated at swamp 0.5.
The last entry of errorHistory is 0.500593 for index 636777, 637/1000.
Terminated at swamp 0.5.
The last entry of errorHistory is 0.500577 for index 636778, 637/1000.
The last entry of errorHistory is 0.000051 for index 636779, 637/1000.
Terminated at swamp 1.
The last entry of errorHistory is 1.000022 for index 636780, 637/1000.
Terminated at swamp 1.
The last entry of errorHistory is 1.000000 for index 636781, 637/1000.
Terminated at swamp 0.5.
The last entry of errorHistory is 0.500675 for index 636782, 637/1000.
The last entry of errorHistory is 1.000000 for index 636783, 637/1000.
The last entry of errorHistory is 0.000016 for index 636784, 637/1000.
Terminated at swamp 0.5.
The last entry of errorHistory is 0.500501 for index 636785, 637/1000.
The last entry of errorHistory is 1.000000 for index 636786, 637/1000.
Terminated at swamp 0.5.
The last entry of errorHistory is 0.500094 for index 636787, 637/1000.
Terminated at swamp 1.
The last entry of errorHistory is 1.000000 for index 636788, 637/1000.
The last entry of errorHistory is 1.000000 for index 636789, 637/1000.
Terminated at swamp 0.5.
The last entry of errorHistory is 0.500002 for index 636790, 637/1000.
Terminated at swamp 0.5.
The last entry of errorHistory is 0.500134 for index 636791, 637/1000.
The last entry of errorHistory is 1.000000 for index 636792, 637/1000.
The last entry of errorHistory is 1.000000 for index 636793, 637/1000.
Terminated at swamp 0.5.
The last entry of errorHistory is 0.500467 for index 636794, 637/1000.
Terminated at swamp 1.
The last entry of errorHistory is 1.000000 for index 636795, 637/1000.
The last entry of errorHistory is 1.000000 for index 636796, 637/1000.
The last entry of errorHistory is 1.500000 for index 636797, 637/1000.
Terminated at swamp 1.
The last entry of errorHistory is 0.999729 for index 636798, 637/1000.
Terminated at swamp 0.5.
The last entry of errorHistory is 0.500498 for index 636799, 637/1000.
Terminated at swamp 1.
The last entry of errorHistory is 1.000021 for index 636800, 637/1000.
The last entry of errorHistory is 0.000011 for index 636801, 637/1000.
The last entry of errorHistory is 0.500000 for index 636802, 637/1000.
Terminated at swamp 0.5.
The last entry of errorHistory is 0.500388 for index 636803, 637/1000.
Terminated at swamp 0.5.
The last entry of errorHistory is 0.500395 for index 636804, 637/1000.
Terminated at swamp 1.
The last entry of errorHistory is 1.000000 for index 636805, 637/1000.
Terminated at swamp 0.5.
The last entry of errorHistory is 0.500410 for index 636806, 637/1000.
Terminated at swamp 0.5.
The last entry of errorHistory is 0.500055 for index 636807, 637/1000.
The last entry of errorHistory is 1.000000 for index 636808, 637/1000.
Terminated at swamp 0.5.
The last entry of errorHistory is 0.500497 for index 636809, 637/1000.
The last entry of errorHistory is 0.000452 for index 636810, 637/1000.
The last entry of errorHistory is 1.000000 for index 636811, 637/1000.
The last entry of errorHistory is 1.000000 for index 636812, 637/1000.
The last entry of errorHistory is 1.000000 for index 636813, 637/1000.
Terminated at swamp 0.5.
The last entry of errorHistory is 0.500336 for index 636814, 637/1000.
The last entry of errorHistory is 0.500000 for index 636815, 637/1000.
The last entry of errorHistory is 1.000000 for index 636816, 637/1000.
The last entry of errorHistory is 1.000000 for index 636817, 637/1000.
Terminated at swamp 0.5.
The last entry of errorHistory is 0.500284 for index 636818, 637/1000.
Terminated at swamp 0.5.
The last entry of errorHistory is 0.500037 for index 636819, 637/1000.
Terminated at swamp 0.5.
The last entry of errorHistory is 0.500673 for index 636820, 637/1000.
Terminated at swamp 0.5.
The last entry of errorHistory is 0.500503 for index 636821, 637/1000.
Terminated at swamp 0.5.
The last entry of errorHistory is 0.500248 for index 636822, 637/1000.
Terminated at swamp 0.5.
The last entry of errorHistory is 0.500622 for index 636823, 637/1000.
Terminated at swamp 1.
The last entry of errorHistory is 1.000371 for index 636824, 637/1000.
The last entry of errorHistory is 1.000000 for index 636825, 637/1000.
The last entry of errorHistory is 0.000019 for index 636826, 637/1000.
Terminated at swamp 0.5.
The last entry of errorHistory is 0.500273 for index 636827, 637/1000.
Terminated at swamp 0.5.
The last entry of errorHistory is 0.500085 for index 636828, 637/1000.
Terminated at swamp 0.5.
The last entry of errorHistory is 0.500580 for index 636829, 637/1000.
The last entry of errorHistory is 1.000000 for index 636830, 637/1000.
Terminated at swamp 0.5.
The last entry of errorHistory is 0.500045 for index 636831, 637/1000.
Terminated at swamp 0.5.
The last entry of errorHistory is 0.500587 for index 636832, 637/1000.
Terminated at swamp 1.
The last entry of errorHistory is 1.000000 for index 636833, 637/1000.
The last entry of errorHistory is 0.000065 for index 636834, 637/1000.
The last entry of errorHistory is 1.000000 for index 636835, 637/1000.
Terminated at swamp 0.5.
The last entry of errorHistory is 0.500228 for index 636836, 637/1000.
Terminated at swamp 1.
The last entry of errorHistory is 1.000112 for index 636837, 637/1000.
Terminated at swamp 0.5.
The last entry of errorHistory is 0.500339 for index 636838, 637/1000.
The last entry of errorHistory is 0.500000 for index 636839, 637/1000.
The last entry of errorHistory is 0.500000 for index 636840, 637/1000.
Terminated at swamp 1.
The last entry of errorHistory is 1.000663 for index 636841, 637/1000.
The last entry of errorHistory is 0.500000 for index 636842, 637/1000.
Terminated at swamp 0.5.
The last entry of errorHistory is 0.500553 for index 636843, 637/1000.
The last entry of errorHistory is 0.000020 for index 636844, 637/1000.
Terminated at swamp 1.
The last entry of errorHistory is 1.000060 for index 636845, 637/1000.
Terminated at swamp 0.5.
The last entry of errorHistory is 0.500268 for index 636846, 637/1000.
Terminated at swamp 0.5.
The last entry of errorHistory is 0.500000 for index 636847, 637/1000.
Terminated at swamp 1.
The last entry of errorHistory is 1.000000 for index 636848, 637/1000.
Terminated at swamp 0.5.
The last entry of errorHistory is 0.500339 for index 636849, 637/1000.
The last entry of errorHistory is 1.000000 for index 636850, 637/1000.
Terminated at swamp 0.5.
The last entry of errorHistory is 0.500398 for index 636851, 637/1000.
Terminated at swamp 0.5.
The last entry of errorHistory is 0.500539 for index 636852, 637/1000.
The last entry of errorHistory is 1.000000 for index 636853, 637/1000.
Terminated at swamp 0.5.
The last entry of errorHistory is 0.500417 for index 636854, 637/1000.
Terminated at swamp 0.5.
The last entry of errorHistory is 0.500645 for index 636855, 637/1000.
Terminated at swamp 0.5.
The last entry of errorHistory is 0.500257 for index 636856, 637/1000.
The last entry of errorHistory is 0.000018 for index 636857, 637/1000.
The last entry of errorHistory is 1.000000 for index 636858, 637/1000.
Terminated at swamp 1.
The last entry of errorHistory is 1.000100 for index 636859, 637/1000.
Terminated at swamp 0.5.
The last entry of errorHistory is 0.500597 for index 636860, 637/1000.
The last entry of errorHistory is 1.000000 for index 636861, 637/1000.
Terminated at swamp 0.5.
The last entry of errorHistory is 0.500318 for index 636862, 637/1000.
Terminated at swamp 0.5.
The last entry of errorHistory is 0.500057 for index 636863, 637/1000.
Terminated at swamp 0.5.
The last entry of errorHistory is 0.500518 for index 636864, 637/1000.
The last entry of errorHistory is 1.000000 for index 636865, 637/1000.
The last entry of errorHistory is 0.500000 for index 636866, 637/1000.
The last entry of errorHistory is 1.000000 for index 636867, 637/1000.
Terminated at swamp 0.5.
The last entry of errorHistory is 0.500016 for index 636868, 637/1000.
The last entry of errorHistory is 0.000016 for index 636869, 637/1000.
The last entry of errorHistory is 1.000000 for index 636870, 637/1000.
Terminated at swamp 0.5.
The last entry of errorHistory is 0.500374 for index 636871, 637/1000.
Terminated at swamp 1.
The last entry of errorHistory is 1.000261 for index 636872, 637/1000.
Terminated at swamp 0.5.
The last entry of errorHistory is 0.500603 for index 636873, 637/1000.
Terminated at swamp 0.5.
The last entry of errorHistory is 0.500021 for index 636874, 637/1000.
Terminated at swamp 1.
The last entry of errorHistory is 1.000347 for index 636875, 637/1000.
Terminated at swamp 1.
The last entry of errorHistory is 1.000101 for index 636876, 637/1000.
The last entry of errorHistory is 0.500000 for index 636877, 637/1000.
Terminated at swamp 1.
The last entry of errorHistory is 1.000000 for index 636878, 637/1000.
Terminated at swamp 0.5.
The last entry of errorHistory is 0.500020 for index 636879, 637/1000.
Terminated at swamp 0.5.
The last entry of errorHistory is 0.500532 for index 636880, 637/1000.
The last entry of errorHistory is 0.000027 for index 636881, 637/1000.
Terminated at swamp 0.5.
The last entry of errorHistory is 0.500077 for index 636882, 637/1000.
The last entry of errorHistory is 0.000119 for index 636883, 637/1000.
Terminated at swamp 0.5.
The last entry of errorHistory is 0.500576 for index 636884, 637/1000.
Terminated at swamp 0.5.
The last entry of errorHistory is 0.500440 for index 636885, 637/1000.
Terminated at swamp 0.5.
The last entry of errorHistory is 0.500367 for index 636886, 637/1000.
Terminated at swamp 0.5.
The last entry of errorHistory is 0.500712 for index 636887, 637/1000.
Terminated at swamp 1.
The last entry of errorHistory is 1.000005 for index 636888, 637/1000.
Terminated at swamp 0.5.
The last entry of errorHistory is 0.500642 for index 636889, 637/1000.
Terminated at swamp 0.5.
The last entry of errorHistory is 0.500494 for index 636890, 637/1000.
Terminated at swamp 1.
The last entry of errorHistory is 1.000335 for index 636891, 637/1000.
Terminated at swamp 0.5.
The last entry of errorHistory is 0.500368 for index 636892, 637/1000.
Terminated at swamp 1.
The last entry of errorHistory is 1.000000 for index 636893, 637/1000.
Terminated at swamp 0.5.
The last entry of errorHistory is 0.500495 for index 636894, 637/1000.
Terminated at swamp 0.5.
The last entry of errorHistory is 0.500783 for index 636895, 637/1000.
Terminated at swamp 0.5.
The last entry of errorHistory is 0.500466 for index 636896, 637/1000.
Terminated at swamp 0.5.
The last entry of errorHistory is 0.500502 for index 636897, 637/1000.
Terminated at swamp 0.5.
The last entry of errorHistory is 0.500761 for index 636898, 637/1000.
Terminated at swamp 0.5.
The last entry of errorHistory is 0.500381 for index 636899, 637/1000.
Terminated at swamp 0.5.
The last entry of errorHistory is 0.500139 for index 636900, 637/1000.
Terminated at swamp 0.5.
The last entry of errorHistory is 0.500444 for index 636901, 637/1000.
Terminated at swamp 0.5.
The last entry of errorHistory is 0.500295 for index 636902, 637/1000.
The last entry of errorHistory is 1.000000 for index 636903, 637/1000.
Terminated at swamp 0.5.
The last entry of errorHistory is 0.500479 for index 636904, 637/1000.
Terminated at swamp 1.
The last entry of errorHistory is 1.000000 for index 636905, 637/1000.
The last entry of errorHistory is 1.000000 for index 636906, 637/1000.
Terminated at swamp 0.5.
The last entry of errorHistory is 0.500603 for index 636907, 637/1000.
Terminated at swamp 0.5.
The last entry of errorHistory is 0.500017 for index 636908, 637/1000.
The last entry of errorHistory is 0.000047 for index 636909, 637/1000.
Terminated at swamp 0.5.
The last entry of errorHistory is 0.500220 for index 636910, 637/1000.
Terminated at swamp 0.5.
The last entry of errorHistory is 0.500137 for index 636911, 637/1000.
Terminated at swamp 0.5.
The last entry of errorHistory is 0.500004 for index 636912, 637/1000.
Terminated at swamp 0.5.
The last entry of errorHistory is 0.500136 for index 636913, 637/1000.
Terminated at swamp 0.5.
The last entry of errorHistory is 0.500328 for index 636914, 637/1000.
Terminated at swamp 1.
The last entry of errorHistory is 1.000281 for index 636915, 637/1000.
The last entry of errorHistory is 1.000000 for index 636916, 637/1000.
Terminated at swamp 1.
The last entry of errorHistory is 1.000216 for index 636917, 637/1000.
Terminated at swamp 1.
The last entry of errorHistory is 1.000324 for index 636918, 637/1000.
The last entry of errorHistory is 1.000000 for index 636919, 637/1000.
Terminated at swamp 0.5.
The last entry of errorHistory is 0.500391 for index 636920, 637/1000.
Terminated at swamp 0.5.
The last entry of errorHistory is 0.500310 for index 636921, 637/1000.
Terminated at swamp 1.
The last entry of errorHistory is 1.000057 for index 636922, 637/1000.
Terminated at swamp 1.
The last entry of errorHistory is 1.000330 for index 636923, 637/1000.
The last entry of errorHistory is 0.000046 for index 636924, 637/1000.
The last entry of errorHistory is 1.000000 for index 636925, 637/1000.
The last entry of errorHistory is 1.000000 for index 636926, 637/1000.
The last entry of errorHistory is 0.000012 for index 636927, 637/1000.
Terminated at swamp 0.5.
The last entry of errorHistory is 0.500230 for index 636928, 637/1000.
Terminated at swamp 1.
The last entry of errorHistory is 1.000003 for index 636929, 637/1000.
Terminated at swamp 0.5.
The last entry of errorHistory is 0.500932 for index 636930, 637/1000.
Terminated at swamp 0.5.
The last entry of errorHistory is 0.500582 for index 636931, 637/1000.
Terminated at swamp 0.5.
The last entry of errorHistory is 0.500445 for index 636932, 637/1000.
The last entry of errorHistory is 1.000000 for index 636933, 637/1000.
Terminated at swamp 1.
The last entry of errorHistory is 1.000297 for index 636934, 637/1000.
Terminated at swamp 1.
The last entry of errorHistory is 1.000000 for index 636935, 637/1000.
Terminated at swamp 1.
The last entry of errorHistory is 1.000112 for index 636936, 637/1000.
The last entry of errorHistory is 0.500000 for index 636937, 637/1000.
The last entry of errorHistory is 1.000000 for index 636938, 637/1000.
Terminated at swamp 0.5.
The last entry of errorHistory is 0.500463 for index 636939, 637/1000.
Terminated at swamp 0.5.
The last entry of errorHistory is 0.500266 for index 636940, 637/1000.
The last entry of errorHistory is 0.500000 for index 636941, 637/1000.
Terminated at swamp 0.5.
The last entry of errorHistory is 0.500491 for index 636942, 637/1000.
Terminated at swamp 1.
The last entry of errorHistory is 1.000017 for index 636943, 637/1000.
Terminated at swamp 0.5.
The last entry of errorHistory is 0.500386 for index 636944, 637/1000.
Terminated at swamp 0.5.
The last entry of errorHistory is 0.500281 for index 636945, 637/1000.
Terminated at swamp 0.5.
The last entry of errorHistory is 0.500762 for index 636946, 637/1000.
Terminated at swamp 0.5.
The last entry of errorHistory is 0.500238 for index 636947, 637/1000.
The last entry of errorHistory is 1.000000 for index 636948, 637/1000.
The last entry of errorHistory is 0.500000 for index 636949, 637/1000.
Terminated at swamp 0.5.
The last entry of errorHistory is 0.500237 for index 636950, 637/1000.
The last entry of errorHistory is 1.000000 for index 636951, 637/1000.
The last entry of errorHistory is 1.000000 for index 636952, 637/1000.
Terminated at swamp 0.5.
The last entry of errorHistory is 0.500528 for index 636953, 637/1000.
Terminated at swamp 0.5.
The last entry of errorHistory is 0.500000 for index 636954, 637/1000.
Terminated at swamp 0.5.
The last entry of errorHistory is 0.500196 for index 636955, 637/1000.
The last entry of errorHistory is 0.500000 for index 636956, 637/1000.
Terminated at swamp 0.5.
The last entry of errorHistory is 0.500377 for index 636957, 637/1000.
Terminated at swamp 1.
The last entry of errorHistory is 1.000002 for index 636958, 637/1000.
Terminated at swamp 0.5.
The last entry of errorHistory is 0.500733 for index 636959, 637/1000.
Terminated at swamp 1.
The last entry of errorHistory is 1.000008 for index 636960, 637/1000.
The last entry of errorHistory is 0.500000 for index 636961, 637/1000.
The last entry of errorHistory is 0.000016 for index 636962, 637/1000.
Terminated at swamp 0.5.
The last entry of errorHistory is 0.500031 for index 636963, 637/1000.
Terminated at swamp 0.5.
The last entry of errorHistory is 0.500593 for index 636964, 637/1000.
The last entry of errorHistory is 1.000000 for index 636965, 637/1000.
Terminated at swamp 0.5.
The last entry of errorHistory is 0.500036 for index 636966, 637/1000.
The last entry of errorHistory is 0.500000 for index 636967, 637/1000.
Terminated at swamp 0.5.
The last entry of errorHistory is 0.500701 for index 636968, 637/1000.
Terminated at swamp 0.5.
The last entry of errorHistory is 0.500330 for index 636969, 637/1000.
Terminated at swamp 0.5.
The last entry of errorHistory is 0.500373 for index 636970, 637/1000.
The last entry of errorHistory is 1.000000 for index 636971, 637/1000.
The last entry of errorHistory is 1.000000 for index 636972, 637/1000.
Terminated at swamp 0.5.
The last entry of errorHistory is 0.500102 for index 636973, 637/1000.
Terminated at swamp 0.5.
The last entry of errorHistory is 0.500199 for index 636974, 637/1000.
The last entry of errorHistory is 0.000023 for index 636975, 637/1000.
Terminated at swamp 1.
The last entry of errorHistory is 1.000152 for index 636976, 637/1000.
Terminated at swamp 0.5.
The last entry of errorHistory is 0.500508 for index 636977, 637/1000.
Terminated at swamp 0.5.
The last entry of errorHistory is 0.500541 for index 636978, 637/1000.
The last entry of errorHistory is 1.000000 for index 636979, 637/1000.
Terminated at swamp 0.5.
The last entry of errorHistory is 0.500139 for index 636980, 637/1000.
Terminated at swamp 1.
The last entry of errorHistory is 1.000104 for index 636981, 637/1000.
The last entry of errorHistory is 1.500000 for index 636982, 637/1000.
Terminated at swamp 0.5.
The last entry of errorHistory is 0.500680 for index 636983, 637/1000.
Terminated at swamp 0.5.
The last entry of errorHistory is 0.500396 for index 636984, 637/1000.
Terminated at swamp 0.5.
The last entry of errorHistory is 0.500317 for index 636985, 637/1000.
The last entry of errorHistory is 0.000020 for index 636986, 637/1000.
The last entry of errorHistory is 1.000000 for index 636987, 637/1000.
The last entry of errorHistory is 0.500000 for index 636988, 637/1000.
Terminated at swamp 0.5.
The last entry of errorHistory is 0.500545 for index 636989, 637/1000.
The last entry of errorHistory is 1.000000 for index 636990, 637/1000.
Terminated at swamp 0.5.
The last entry of errorHistory is 0.500380 for index 636991, 637/1000.
Terminated at swamp 1.
The last entry of errorHistory is 1.000012 for index 636992, 637/1000.
The last entry of errorHistory is 0.000057 for index 636993, 637/1000.
Terminated at swamp 0.5.
The last entry of errorHistory is 0.500054 for index 636994, 637/1000.
Terminated at swamp 0.5.
The last entry of errorHistory is 0.500323 for index 636995, 637/1000.
Terminated at swamp 0.5.
The last entry of errorHistory is 0.500278 for index 636996, 637/1000.
The last entry of errorHistory is 1.500000 for index 636997, 637/1000.
The last entry of errorHistory is 1.000000 for index 636998, 637/1000.
Terminated at swamp 1.
The last entry of errorHistory is 1.000006 for index 636999, 637/1000.
Terminated at swamp 1.
The last entry of errorHistory is 1.000227 for index 637000, 637/1000.
