
                            < M A T L A B (R) >
                  Copyright 1984-2018 The MathWorks, Inc.
                   R2018b (9.5.0.944444) 64-bit (glnxa64)
                              August 28, 2018

 
To get started, type doc.
For product information, visit www.mathworks.com.
 
The last entry of errorHistory is 1.000000 for index 674001, 675/1000.
The last entry of errorHistory is 0.000007 for index 674002, 675/1000.
Terminated at swamp 0.5.
The last entry of errorHistory is 0.500372 for index 674003, 675/1000.
The last entry of errorHistory is 0.000047 for index 674004, 675/1000.
The last entry of errorHistory is 0.501037 for index 674005, 675/1000.
Terminated at swamp 1.
The last entry of errorHistory is 1.000000 for index 674006, 675/1000.
Terminated at swamp 1.
The last entry of errorHistory is 1.000034 for index 674007, 675/1000.
Terminated at swamp 0.5.
The last entry of errorHistory is 0.500537 for index 674008, 675/1000.
The last entry of errorHistory is 0.000018 for index 674009, 675/1000.
Terminated at swamp 1.
The last entry of errorHistory is 1.000065 for index 674010, 675/1000.
The last entry of errorHistory is 0.000034 for index 674011, 675/1000.
Terminated at swamp 0.5.
The last entry of errorHistory is 0.500714 for index 674012, 675/1000.
Terminated at swamp 0.5.
The last entry of errorHistory is 0.500477 for index 674013, 675/1000.
Terminated at swamp 0.5.
The last entry of errorHistory is 0.500016 for index 674014, 675/1000.
Terminated at swamp 1.
The last entry of errorHistory is 1.000351 for index 674015, 675/1000.
Terminated at swamp 0.5.
The last entry of errorHistory is 0.500039 for index 674016, 675/1000.
The last entry of errorHistory is 0.001940 for index 674017, 675/1000.
The last entry of errorHistory is 0.500000 for index 674018, 675/1000.
Terminated at swamp 1.
The last entry of errorHistory is 1.000066 for index 674019, 675/1000.
Terminated at swamp 0.5.
The last entry of errorHistory is 0.500554 for index 674020, 675/1000.
The last entry of errorHistory is 1.500000 for index 674021, 675/1000.
The last entry of errorHistory is 0.000096 for index 674022, 675/1000.
Terminated at swamp 0.5.
The last entry of errorHistory is 0.500585 for index 674023, 675/1000.
Terminated at swamp 0.5.
The last entry of errorHistory is 0.500756 for index 674024, 675/1000.
Terminated at swamp 0.5.
The last entry of errorHistory is 0.500030 for index 674025, 675/1000.
The last entry of errorHistory is 1.000000 for index 674026, 675/1000.
Terminated at swamp 0.5.
The last entry of errorHistory is 0.500086 for index 674027, 675/1000.
The last entry of errorHistory is 1.000000 for index 674028, 675/1000.
Terminated at swamp 0.5.
The last entry of errorHistory is 0.500054 for index 674029, 675/1000.
Terminated at swamp 1.
The last entry of errorHistory is 1.000000 for index 674030, 675/1000.
Terminated at swamp 1.
The last entry of errorHistory is 1.000187 for index 674031, 675/1000.
Terminated at swamp 0.5.
The last entry of errorHistory is 0.500118 for index 674032, 675/1000.
The last entry of errorHistory is 1.000000 for index 674033, 675/1000.
The last entry of errorHistory is 1.000000 for index 674034, 675/1000.
Terminated at swamp 0.5.
The last entry of errorHistory is 0.500503 for index 674035, 675/1000.
Terminated at swamp 0.5.
The last entry of errorHistory is 0.500343 for index 674036, 675/1000.
Terminated at swamp 1.
The last entry of errorHistory is 1.000018 for index 674037, 675/1000.
Terminated at swamp 0.5.
The last entry of errorHistory is 0.500121 for index 674038, 675/1000.
Terminated at swamp 0.5.
The last entry of errorHistory is 0.500021 for index 674039, 675/1000.
Terminated at swamp 0.5.
The last entry of errorHistory is 0.500213 for index 674040, 675/1000.
Terminated at swamp 0.5.
The last entry of errorHistory is 0.500965 for index 674041, 675/1000.
Terminated at swamp 0.5.
The last entry of errorHistory is 0.500552 for index 674042, 675/1000.
Terminated at swamp 1.
The last entry of errorHistory is 1.000377 for index 674043, 675/1000.
Terminated at swamp 0.5.
The last entry of errorHistory is 0.500199 for index 674044, 675/1000.
Terminated at swamp 0.5.
The last entry of errorHistory is 0.500257 for index 674045, 675/1000.
The last entry of errorHistory is 0.000691 for index 674046, 675/1000.
Terminated at swamp 0.5.
The last entry of errorHistory is 0.500339 for index 674047, 675/1000.
Terminated at swamp 0.5.
The last entry of errorHistory is 0.500479 for index 674048, 675/1000.
Terminated at swamp 1.
The last entry of errorHistory is 1.000000 for index 674049, 675/1000.
The last entry of errorHistory is 0.000011 for index 674050, 675/1000.
Terminated at swamp 0.5.
The last entry of errorHistory is 0.500596 for index 674051, 675/1000.
Terminated at swamp 0.5.
The last entry of errorHistory is 0.500481 for index 674052, 675/1000.
The last entry of errorHistory is 1.500000 for index 674053, 675/1000.
The last entry of errorHistory is 1.000000 for index 674054, 675/1000.
Terminated at swamp 0.5.
The last entry of errorHistory is 0.500303 for index 674055, 675/1000.
Terminated at swamp 1.
The last entry of errorHistory is 1.000000 for index 674056, 675/1000.
Terminated at swamp 0.5.
The last entry of errorHistory is 0.500274 for index 674057, 675/1000.
Terminated at swamp 1.
The last entry of errorHistory is 1.000027 for index 674058, 675/1000.
Terminated at swamp 0.5.
The last entry of errorHistory is 0.500435 for index 674059, 675/1000.
Terminated at swamp 0.5.
The last entry of errorHistory is 0.500447 for index 674060, 675/1000.
Terminated at swamp 0.5.
The last entry of errorHistory is 0.500121 for index 674061, 675/1000.
Terminated at swamp 1.
The last entry of errorHistory is 1.000381 for index 674062, 675/1000.
The last entry of errorHistory is 0.000271 for index 674063, 675/1000.
The last entry of errorHistory is 0.000041 for index 674064, 675/1000.
Terminated at swamp 0.5.
The last entry of errorHistory is 0.500311 for index 674065, 675/1000.
Terminated at swamp 0.5.
The last entry of errorHistory is 0.500107 for index 674066, 675/1000.
Terminated at swamp 0.5.
The last entry of errorHistory is 0.500000 for index 674067, 675/1000.
The last entry of errorHistory is 1.000000 for index 674068, 675/1000.
Terminated at swamp 0.5.
The last entry of errorHistory is 0.500335 for index 674069, 675/1000.
Terminated at swamp 0.5.
The last entry of errorHistory is 0.500450 for index 674070, 675/1000.
Terminated at swamp 0.5.
The last entry of errorHistory is 0.500403 for index 674071, 675/1000.
Terminated at swamp 0.5.
The last entry of errorHistory is 0.500436 for index 674072, 675/1000.
The last entry of errorHistory is 0.500000 for index 674073, 675/1000.
Terminated at swamp 0.5.
The last entry of errorHistory is 0.500251 for index 674074, 675/1000.
Terminated at swamp 1.
The last entry of errorHistory is 1.000484 for index 674075, 675/1000.
Terminated at swamp 0.5.
The last entry of errorHistory is 0.500326 for index 674076, 675/1000.
Terminated at swamp 0.5.
The last entry of errorHistory is 0.500300 for index 674077, 675/1000.
The last entry of errorHistory is 1.000000 for index 674078, 675/1000.
The last entry of errorHistory is 1.000000 for index 674079, 675/1000.
Terminated at swamp 0.5.
The last entry of errorHistory is 0.500125 for index 674080, 675/1000.
The last entry of errorHistory is 0.000199 for index 674081, 675/1000.
Terminated at swamp 0.5.
The last entry of errorHistory is 0.500780 for index 674082, 675/1000.
The last entry of errorHistory is 0.500000 for index 674083, 675/1000.
Terminated at swamp 0.5.
The last entry of errorHistory is 0.500426 for index 674084, 675/1000.
Terminated at swamp 0.5.
The last entry of errorHistory is 0.500173 for index 674085, 675/1000.
Terminated at swamp 0.5.
The last entry of errorHistory is 0.500294 for index 674086, 675/1000.
Terminated at swamp 1.
The last entry of errorHistory is 1.000289 for index 674087, 675/1000.
Terminated at swamp 0.5.
The last entry of errorHistory is 0.500478 for index 674088, 675/1000.
The last entry of errorHistory is 0.000019 for index 674089, 675/1000.
Terminated at swamp 0.5.
The last entry of errorHistory is 0.500376 for index 674090, 675/1000.
Terminated at swamp 0.5.
The last entry of errorHistory is 0.500001 for index 674091, 675/1000.
The last entry of errorHistory is 1.000000 for index 674092, 675/1000.
Terminated at swamp 0.5.
The last entry of errorHistory is 0.500218 for index 674093, 675/1000.
Terminated at swamp 0.5.
The last entry of errorHistory is 0.500473 for index 674094, 675/1000.
Terminated at swamp 1.
The last entry of errorHistory is 1.000351 for index 674095, 675/1000.
The last entry of errorHistory is 0.000023 for index 674096, 675/1000.
Terminated at swamp 0.5.
The last entry of errorHistory is 0.500361 for index 674097, 675/1000.
Terminated at swamp 1.
The last entry of errorHistory is 1.000300 for index 674098, 675/1000.
Terminated at swamp 1.
The last entry of errorHistory is 1.000570 for index 674099, 675/1000.
Terminated at swamp 1.
The last entry of errorHistory is 1.000017 for index 674100, 675/1000.
Terminated at swamp 0.5.
The last entry of errorHistory is 0.500319 for index 674101, 675/1000.
Terminated at swamp 0.5.
The last entry of errorHistory is 0.500325 for index 674102, 675/1000.
The last entry of errorHistory is 1.000000 for index 674103, 675/1000.
Terminated at swamp 0.5.
The last entry of errorHistory is 0.500487 for index 674104, 675/1000.
Terminated at swamp 0.5.
The last entry of errorHistory is 0.500425 for index 674105, 675/1000.
Terminated at swamp 0.5.
The last entry of errorHistory is 0.500531 for index 674106, 675/1000.
Terminated at swamp 0.5.
The last entry of errorHistory is 0.500459 for index 674107, 675/1000.
The last entry of errorHistory is 0.000025 for index 674108, 675/1000.
The last entry of errorHistory is 1.000000 for index 674109, 675/1000.
Terminated at swamp 0.5.
The last entry of errorHistory is 0.500580 for index 674110, 675/1000.
The last entry of errorHistory is 1.000000 for index 674111, 675/1000.
The last entry of errorHistory is 1.000000 for index 674112, 675/1000.
Terminated at swamp 0.5.
The last entry of errorHistory is 0.500536 for index 674113, 675/1000.
The last entry of errorHistory is 0.000022 for index 674114, 675/1000.
Terminated at swamp 0.5.
The last entry of errorHistory is 0.500497 for index 674115, 675/1000.
Terminated at swamp 0.5.
The last entry of errorHistory is 0.500630 for index 674116, 675/1000.
The last entry of errorHistory is 0.500000 for index 674117, 675/1000.
Terminated at swamp 0.5.
The last entry of errorHistory is 0.500355 for index 674118, 675/1000.
Terminated at swamp 0.5.
The last entry of errorHistory is 0.500368 for index 674119, 675/1000.
Terminated at swamp 1.
The last entry of errorHistory is 1.000120 for index 674120, 675/1000.
The last entry of errorHistory is 0.001213 for index 674121, 675/1000.
Terminated at swamp 0.5.
The last entry of errorHistory is 0.500605 for index 674122, 675/1000.
The last entry of errorHistory is 1.000000 for index 674123, 675/1000.
Terminated at swamp 0.5.
The last entry of errorHistory is 0.500529 for index 674124, 675/1000.
The last entry of errorHistory is 1.000000 for index 674125, 675/1000.
Terminated at swamp 1.
The last entry of errorHistory is 1.000324 for index 674126, 675/1000.
Terminated at swamp 1.5.
The last entry of errorHistory is 1.500085 for index 674127, 675/1000.
Terminated at swamp 1.
The last entry of errorHistory is 1.000047 for index 674128, 675/1000.
The last entry of errorHistory is 1.000000 for index 674129, 675/1000.
The last entry of errorHistory is 1.000000 for index 674130, 675/1000.
Terminated at swamp 0.5.
The last entry of errorHistory is 0.500230 for index 674131, 675/1000.
Terminated at swamp 0.5.
The last entry of errorHistory is 0.500293 for index 674132, 675/1000.
The last entry of errorHistory is 1.000000 for index 674133, 675/1000.
The last entry of errorHistory is 0.000010 for index 674134, 675/1000.
The last entry of errorHistory is 0.500000 for index 674135, 675/1000.
The last entry of errorHistory is 1.000000 for index 674136, 675/1000.
Terminated at swamp 0.5.
The last entry of errorHistory is 0.500000 for index 674137, 675/1000.
Terminated at swamp 1.
The last entry of errorHistory is 1.000451 for index 674138, 675/1000.
Terminated at swamp 0.5.
The last entry of errorHistory is 0.500000 for index 674139, 675/1000.
Terminated at swamp 0.5.
The last entry of errorHistory is 0.500908 for index 674140, 675/1000.
Terminated at swamp 0.5.
The last entry of errorHistory is 0.500705 for index 674141, 675/1000.
The last entry of errorHistory is 1.000000 for index 674142, 675/1000.
The last entry of errorHistory is 0.000090 for index 674143, 675/1000.
Terminated at swamp 0.5.
The last entry of errorHistory is 0.500102 for index 674144, 675/1000.
Terminated at swamp 0.5.
The last entry of errorHistory is 0.500346 for index 674145, 675/1000.
The last entry of errorHistory is 1.000000 for index 674146, 675/1000.
Terminated at swamp 1.
The last entry of errorHistory is 1.000000 for index 674147, 675/1000.
Terminated at swamp 0.5.
The last entry of errorHistory is 0.500078 for index 674148, 675/1000.
The last entry of errorHistory is 0.500000 for index 674149, 675/1000.
Terminated at swamp 0.5.
The last entry of errorHistory is 0.500288 for index 674150, 675/1000.
The last entry of errorHistory is 2.000000 for index 674151, 675/1000.
Terminated at swamp 0.5.
The last entry of errorHistory is 0.500469 for index 674152, 675/1000.
Terminated at swamp 0.5.
The last entry of errorHistory is 0.500564 for index 674153, 675/1000.
Terminated at swamp 0.5.
The last entry of errorHistory is 0.500437 for index 674154, 675/1000.
The last entry of errorHistory is 1.000000 for index 674155, 675/1000.
Terminated at swamp 0.5.
The last entry of errorHistory is 0.500002 for index 674156, 675/1000.
Terminated at swamp 0.5.
The last entry of errorHistory is 0.500108 for index 674157, 675/1000.
The last entry of errorHistory is 0.500000 for index 674158, 675/1000.
The last entry of errorHistory is 0.000041 for index 674159, 675/1000.
Terminated at swamp 0.5.
The last entry of errorHistory is 0.500492 for index 674160, 675/1000.
Terminated at swamp 1.5.
The last entry of errorHistory is 1.500362 for index 674161, 675/1000.
The last entry of errorHistory is 0.000020 for index 674162, 675/1000.
Terminated at swamp 0.5.
The last entry of errorHistory is 0.500086 for index 674163, 675/1000.
Terminated at swamp 1.
The last entry of errorHistory is 1.000002 for index 674164, 675/1000.
Terminated at swamp 0.5.
The last entry of errorHistory is 0.500364 for index 674165, 675/1000.
Terminated at swamp 0.5.
The last entry of errorHistory is 0.500264 for index 674166, 675/1000.
The last entry of errorHistory is 1.000000 for index 674167, 675/1000.
The last entry of errorHistory is 1.000000 for index 674168, 675/1000.
Terminated at swamp 0.5.
The last entry of errorHistory is 0.500531 for index 674169, 675/1000.
The last entry of errorHistory is 1.000000 for index 674170, 675/1000.
Terminated at swamp 0.5.
The last entry of errorHistory is 0.500285 for index 674171, 675/1000.
The last entry of errorHistory is 1.000000 for index 674172, 675/1000.
Terminated at swamp 0.5.
The last entry of errorHistory is 0.500541 for index 674173, 675/1000.
Terminated at swamp 0.5.
The last entry of errorHistory is 0.500036 for index 674174, 675/1000.
Terminated at swamp 0.5.
The last entry of errorHistory is 0.500863 for index 674175, 675/1000.
Terminated at swamp 1.
The last entry of errorHistory is 1.000026 for index 674176, 675/1000.
Terminated at swamp 1.
The last entry of errorHistory is 1.000000 for index 674177, 675/1000.
Terminated at swamp 0.5.
The last entry of errorHistory is 0.500368 for index 674178, 675/1000.
Terminated at swamp 0.5.
The last entry of errorHistory is 0.500586 for index 674179, 675/1000.
The last entry of errorHistory is 0.000275 for index 674180, 675/1000.
Terminated at swamp 0.5.
The last entry of errorHistory is 0.500516 for index 674181, 675/1000.
Terminated at swamp 0.5.
The last entry of errorHistory is 0.500322 for index 674182, 675/1000.
Terminated at swamp 0.5.
The last entry of errorHistory is 0.500607 for index 674183, 675/1000.
Terminated at swamp 0.5.
The last entry of errorHistory is 0.500328 for index 674184, 675/1000.
Terminated at swamp 1.
The last entry of errorHistory is 1.000018 for index 674185, 675/1000.
Terminated at swamp 1.
The last entry of errorHistory is 1.000153 for index 674186, 675/1000.
Terminated at swamp 0.5.
The last entry of errorHistory is 0.500385 for index 674187, 675/1000.
Terminated at swamp 1.
The last entry of errorHistory is 1.000000 for index 674188, 675/1000.
Terminated at swamp 1.
The last entry of errorHistory is 1.000385 for index 674189, 675/1000.
Terminated at swamp 0.5.
The last entry of errorHistory is 0.500579 for index 674190, 675/1000.
The last entry of errorHistory is 1.000000 for index 674191, 675/1000.
Terminated at swamp 1.
The last entry of errorHistory is 1.000015 for index 674192, 675/1000.
Terminated at swamp 1.
The last entry of errorHistory is 1.000000 for index 674193, 675/1000.
Terminated at swamp 0.5.
The last entry of errorHistory is 0.500631 for index 674194, 675/1000.
The last entry of errorHistory is 1.000000 for index 674195, 675/1000.
The last entry of errorHistory is 0.000016 for index 674196, 675/1000.
Terminated at swamp 0.5.
The last entry of errorHistory is 0.500502 for index 674197, 675/1000.
The last entry of errorHistory is 1.500000 for index 674198, 675/1000.
Terminated at swamp 0.5.
The last entry of errorHistory is 0.500400 for index 674199, 675/1000.
Terminated at swamp 0.5.
The last entry of errorHistory is 0.500396 for index 674200, 675/1000.
Terminated at swamp 0.5.
The last entry of errorHistory is 0.500530 for index 674201, 675/1000.
Terminated at swamp 1.
The last entry of errorHistory is 1.000397 for index 674202, 675/1000.
The last entry of errorHistory is 1.000000 for index 674203, 675/1000.
Terminated at swamp 0.5.
The last entry of errorHistory is 0.500477 for index 674204, 675/1000.
Terminated at swamp 1.
The last entry of errorHistory is 1.000356 for index 674205, 675/1000.
Terminated at swamp 0.5.
The last entry of errorHistory is 0.500444 for index 674206, 675/1000.
Terminated at swamp 0.5.
The last entry of errorHistory is 0.500395 for index 674207, 675/1000.
Terminated at swamp 0.5.
The last entry of errorHistory is 0.500005 for index 674208, 675/1000.
The last entry of errorHistory is 1.000000 for index 674209, 675/1000.
Terminated at swamp 0.5.
The last entry of errorHistory is 0.500224 for index 674210, 675/1000.
The last entry of errorHistory is 1.000000 for index 674211, 675/1000.
Terminated at swamp 0.5.
The last entry of errorHistory is 0.500651 for index 674212, 675/1000.
Terminated at swamp 0.5.
The last entry of errorHistory is 0.500485 for index 674213, 675/1000.
The last entry of errorHistory is 1.000000 for index 674214, 675/1000.
Terminated at swamp 0.5.
The last entry of errorHistory is 0.500498 for index 674215, 675/1000.
Terminated at swamp 0.5.
The last entry of errorHistory is 0.500011 for index 674216, 675/1000.
Terminated at swamp 0.5.
The last entry of errorHistory is 0.500481 for index 674217, 675/1000.
Terminated at swamp 1.
The last entry of errorHistory is 1.000000 for index 674218, 675/1000.
Terminated at swamp 1.
The last entry of errorHistory is 1.000105 for index 674219, 675/1000.
Terminated at swamp 1.
The last entry of errorHistory is 1.000290 for index 674220, 675/1000.
The last entry of errorHistory is 1.000000 for index 674221, 675/1000.
Terminated at swamp 0.5.
The last entry of errorHistory is 0.500698 for index 674222, 675/1000.
Terminated at swamp 0.5.
The last entry of errorHistory is 0.500637 for index 674223, 675/1000.
Terminated at swamp 1.
The last entry of errorHistory is 1.000451 for index 674224, 675/1000.
The last entry of errorHistory is 0.000014 for index 674225, 675/1000.
The last entry of errorHistory is 1.000000 for index 674226, 675/1000.
Terminated at swamp 0.5.
The last entry of errorHistory is 0.500323 for index 674227, 675/1000.
Terminated at swamp 0.5.
The last entry of errorHistory is 0.500311 for index 674228, 675/1000.
Terminated at swamp 0.5.
The last entry of errorHistory is 0.500033 for index 674229, 675/1000.
Terminated at swamp 0.5.
The last entry of errorHistory is 0.500081 for index 674230, 675/1000.
The last entry of errorHistory is 0.000014 for index 674231, 675/1000.
The last entry of errorHistory is 1.000000 for index 674232, 675/1000.
Terminated at swamp 0.5.
The last entry of errorHistory is 0.500111 for index 674233, 675/1000.
Terminated at swamp 0.5.
The last entry of errorHistory is 0.500519 for index 674234, 675/1000.
The last entry of errorHistory is 0.000017 for index 674235, 675/1000.
Terminated at swamp 0.5.
The last entry of errorHistory is 0.500512 for index 674236, 675/1000.
Terminated at swamp 0.5.
The last entry of errorHistory is 0.500093 for index 674237, 675/1000.
Terminated at swamp 0.5.
The last entry of errorHistory is 0.500939 for index 674238, 675/1000.
Terminated at swamp 1.
The last entry of errorHistory is 1.000058 for index 674239, 675/1000.
The last entry of errorHistory is 1.000000 for index 674240, 675/1000.
The last entry of errorHistory is 1.000000 for index 674241, 675/1000.
Terminated at swamp 0.5.
The last entry of errorHistory is 0.500530 for index 674242, 675/1000.
Terminated at swamp 0.5.
The last entry of errorHistory is 0.499220 for index 674243, 675/1000.
Terminated at swamp 0.5.
The last entry of errorHistory is 0.500598 for index 674244, 675/1000.
The last entry of errorHistory is 1.000000 for index 674245, 675/1000.
Terminated at swamp 0.5.
The last entry of errorHistory is 0.500462 for index 674246, 675/1000.
Terminated at swamp 0.5.
The last entry of errorHistory is 0.500565 for index 674247, 675/1000.
Terminated at swamp 0.5.
The last entry of errorHistory is 0.500265 for index 674248, 675/1000.
Terminated at swamp 0.5.
The last entry of errorHistory is 0.500278 for index 674249, 675/1000.
Terminated at swamp 1.
The last entry of errorHistory is 1.000198 for index 674250, 675/1000.
Terminated at swamp 1.
The last entry of errorHistory is 1.000000 for index 674251, 675/1000.
Terminated at swamp 0.5.
The last entry of errorHistory is 0.500292 for index 674252, 675/1000.
Terminated at swamp 1.
The last entry of errorHistory is 1.000000 for index 674253, 675/1000.
Terminated at swamp 0.5.
The last entry of errorHistory is 0.500326 for index 674254, 675/1000.
The last entry of errorHistory is 0.000021 for index 674255, 675/1000.
Terminated at swamp 1.
The last entry of errorHistory is 1.000164 for index 674256, 675/1000.
The last entry of errorHistory is 1.000000 for index 674257, 675/1000.
Terminated at swamp 0.5.
The last entry of errorHistory is 0.500072 for index 674258, 675/1000.
The last entry of errorHistory is 1.000000 for index 674259, 675/1000.
Terminated at swamp 0.5.
The last entry of errorHistory is 0.500446 for index 674260, 675/1000.
Terminated at swamp 0.5.
The last entry of errorHistory is 0.500028 for index 674261, 675/1000.
The last entry of errorHistory is 0.500000 for index 674262, 675/1000.
Terminated at swamp 1.
The last entry of errorHistory is 1.000000 for index 674263, 675/1000.
The last entry of errorHistory is 1.000000 for index 674264, 675/1000.
Terminated at swamp 0.5.
The last entry of errorHistory is 0.500321 for index 674265, 675/1000.
Terminated at swamp 0.5.
The last entry of errorHistory is 0.500153 for index 674266, 675/1000.
The last entry of errorHistory is 0.000023 for index 674267, 675/1000.
Terminated at swamp 0.5.
The last entry of errorHistory is 0.500050 for index 674268, 675/1000.
Terminated at swamp 0.5.
The last entry of errorHistory is 0.500394 for index 674269, 675/1000.
Terminated at swamp 1.
The last entry of errorHistory is 1.000001 for index 674270, 675/1000.
The last entry of errorHistory is 1.500000 for index 674271, 675/1000.
Terminated at swamp 1.
The last entry of errorHistory is 1.000151 for index 674272, 675/1000.
Terminated at swamp 1.5.
The last entry of errorHistory is 1.500000 for index 674273, 675/1000.
Terminated at swamp 1.
The last entry of errorHistory is 1.000475 for index 674274, 675/1000.
Terminated at swamp 1.
The last entry of errorHistory is 1.000000 for index 674275, 675/1000.
Terminated at swamp 0.5.
The last entry of errorHistory is 0.500635 for index 674276, 675/1000.
The last entry of errorHistory is 0.000047 for index 674277, 675/1000.
Terminated at swamp 0.5.
The last entry of errorHistory is 0.500550 for index 674278, 675/1000.
Terminated at swamp 0.5.
The last entry of errorHistory is 0.500019 for index 674279, 675/1000.
Terminated at swamp 0.5.
The last entry of errorHistory is 0.500083 for index 674280, 675/1000.
Terminated at swamp 0.5.
The last entry of errorHistory is 0.500012 for index 674281, 675/1000.
Terminated at swamp 1.
The last entry of errorHistory is 1.000029 for index 674282, 675/1000.
The last entry of errorHistory is 0.000652 for index 674283, 675/1000.
Terminated at swamp 0.5.
The last entry of errorHistory is 0.500122 for index 674284, 675/1000.
Terminated at swamp 0.5.
The last entry of errorHistory is 0.500340 for index 674285, 675/1000.
Terminated at swamp 0.5.
The last entry of errorHistory is 0.500441 for index 674286, 675/1000.
Terminated at swamp 0.5.
The last entry of errorHistory is 0.500366 for index 674287, 675/1000.
Terminated at swamp 0.5.
The last entry of errorHistory is 0.500563 for index 674288, 675/1000.
Terminated at swamp 0.5.
The last entry of errorHistory is 0.500643 for index 674289, 675/1000.
Terminated at swamp 1.
The last entry of errorHistory is 1.000328 for index 674290, 675/1000.
The last entry of errorHistory is 1.000000 for index 674291, 675/1000.
Terminated at swamp 0.5.
The last entry of errorHistory is 0.500516 for index 674292, 675/1000.
The last entry of errorHistory is 1.000000 for index 674293, 675/1000.
The last entry of errorHistory is 0.000031 for index 674294, 675/1000.
The last entry of errorHistory is 0.500000 for index 674295, 675/1000.
Terminated at swamp 0.5.
The last entry of errorHistory is 0.500025 for index 674296, 675/1000.
Terminated at swamp 0.5.
The last entry of errorHistory is 0.500502 for index 674297, 675/1000.
Terminated at swamp 0.5.
The last entry of errorHistory is 0.500588 for index 674298, 675/1000.
Terminated at swamp 1.
The last entry of errorHistory is 1.000361 for index 674299, 675/1000.
The last entry of errorHistory is 0.000012 for index 674300, 675/1000.
Terminated at swamp 1.
The last entry of errorHistory is 1.000190 for index 674301, 675/1000.
Terminated at swamp 0.5.
The last entry of errorHistory is 0.500497 for index 674302, 675/1000.
The last entry of errorHistory is 0.500000 for index 674303, 675/1000.
Terminated at swamp 0.5.
The last entry of errorHistory is 0.500560 for index 674304, 675/1000.
The last entry of errorHistory is 1.500000 for index 674305, 675/1000.
Terminated at swamp 0.5.
The last entry of errorHistory is 0.500594 for index 674306, 675/1000.
Terminated at swamp 0.5.
The last entry of errorHistory is 0.500356 for index 674307, 675/1000.
The last entry of errorHistory is 1.000000 for index 674308, 675/1000.
Terminated at swamp 0.5.
The last entry of errorHistory is 0.500504 for index 674309, 675/1000.
Terminated at swamp 0.5.
The last entry of errorHistory is 0.500457 for index 674310, 675/1000.
The last entry of errorHistory is 0.000030 for index 674311, 675/1000.
Terminated at swamp 0.5.
The last entry of errorHistory is 0.500099 for index 674312, 675/1000.
Terminated at swamp 0.5.
The last entry of errorHistory is 0.500000 for index 674313, 675/1000.
Terminated at swamp 1.
The last entry of errorHistory is 1.000158 for index 674314, 675/1000.
Terminated at swamp 0.5.
The last entry of errorHistory is 0.500621 for index 674315, 675/1000.
The last entry of errorHistory is 0.000536 for index 674316, 675/1000.
The last entry of errorHistory is 0.500000 for index 674317, 675/1000.
Terminated at swamp 0.5.
The last entry of errorHistory is 0.500295 for index 674318, 675/1000.
Terminated at swamp 0.5.
The last entry of errorHistory is 0.500567 for index 674319, 675/1000.
Terminated at swamp 1.5.
The last entry of errorHistory is 1.500000 for index 674320, 675/1000.
Terminated at swamp 1.
The last entry of errorHistory is 1.000025 for index 674321, 675/1000.
Terminated at swamp 0.5.
The last entry of errorHistory is 0.500097 for index 674322, 675/1000.
The last entry of errorHistory is 0.000013 for index 674323, 675/1000.
The last entry of errorHistory is 0.000044 for index 674324, 675/1000.
The last entry of errorHistory is 0.000015 for index 674325, 675/1000.
Terminated at swamp 0.5.
The last entry of errorHistory is 0.500063 for index 674326, 675/1000.
The last entry of errorHistory is 0.500000 for index 674327, 675/1000.
Terminated at swamp 0.5.
The last entry of errorHistory is 0.500476 for index 674328, 675/1000.
Terminated at swamp 0.5.
The last entry of errorHistory is 0.500937 for index 674329, 675/1000.
The last entry of errorHistory is 0.500000 for index 674330, 675/1000.
Terminated at swamp 0.5.
The last entry of errorHistory is 0.500279 for index 674331, 675/1000.
Terminated at swamp 0.5.
The last entry of errorHistory is 0.500485 for index 674332, 675/1000.
Terminated at swamp 1.
The last entry of errorHistory is 1.000102 for index 674333, 675/1000.
Terminated at swamp 1.
The last entry of errorHistory is 1.000061 for index 674334, 675/1000.
Terminated at swamp 0.5.
The last entry of errorHistory is 0.500231 for index 674335, 675/1000.
Terminated at swamp 0.5.
The last entry of errorHistory is 0.500113 for index 674336, 675/1000.
Terminated at swamp 0.5.
The last entry of errorHistory is 0.500483 for index 674337, 675/1000.
Terminated at swamp 0.5.
The last entry of errorHistory is 0.500226 for index 674338, 675/1000.
Terminated at swamp 0.5.
The last entry of errorHistory is 0.500115 for index 674339, 675/1000.
Terminated at swamp 0.5.
The last entry of errorHistory is 0.500321 for index 674340, 675/1000.
Terminated at swamp 0.5.
The last entry of errorHistory is 0.500313 for index 674341, 675/1000.
Terminated at swamp 0.5.
The last entry of errorHistory is 0.500613 for index 674342, 675/1000.
Terminated at swamp 1.
The last entry of errorHistory is 1.000225 for index 674343, 675/1000.
The last entry of errorHistory is 1.000000 for index 674344, 675/1000.
Terminated at swamp 0.5.
The last entry of errorHistory is 0.500000 for index 674345, 675/1000.
Terminated at swamp 1.
The last entry of errorHistory is 1.000323 for index 674346, 675/1000.
Terminated at swamp 0.5.
The last entry of errorHistory is 0.500028 for index 674347, 675/1000.
Terminated at swamp 0.5.
The last entry of errorHistory is 0.500671 for index 674348, 675/1000.
Terminated at swamp 0.5.
The last entry of errorHistory is 0.500499 for index 674349, 675/1000.
Terminated at swamp 1.
The last entry of errorHistory is 1.000000 for index 674350, 675/1000.
The last entry of errorHistory is 1.000000 for index 674351, 675/1000.
Terminated at swamp 1.
The last entry of errorHistory is 1.000392 for index 674352, 675/1000.
Terminated at swamp 0.5.
The last entry of errorHistory is 0.500561 for index 674353, 675/1000.
Terminated at swamp 0.5.
The last entry of errorHistory is 0.500532 for index 674354, 675/1000.
Terminated at swamp 1.
The last entry of errorHistory is 1.000337 for index 674355, 675/1000.
Terminated at swamp 1.
The last entry of errorHistory is 1.000343 for index 674356, 675/1000.
The last entry of errorHistory is 0.000076 for index 674357, 675/1000.
Terminated at swamp 1.
The last entry of errorHistory is 1.000000 for index 674358, 675/1000.
Terminated at swamp 0.5.
The last entry of errorHistory is 0.500273 for index 674359, 675/1000.
Terminated at swamp 0.5.
The last entry of errorHistory is 0.500055 for index 674360, 675/1000.
Terminated at swamp 0.5.
The last entry of errorHistory is 0.500589 for index 674361, 675/1000.
The last entry of errorHistory is 0.000009 for index 674362, 675/1000.
The last entry of errorHistory is 0.000054 for index 674363, 675/1000.
Terminated at swamp 0.5.
The last entry of errorHistory is 0.500164 for index 674364, 675/1000.
The last entry of errorHistory is 1.000000 for index 674365, 675/1000.
The last entry of errorHistory is 1.000000 for index 674366, 675/1000.
Terminated at swamp 1.
The last entry of errorHistory is 1.000002 for index 674367, 675/1000.
The last entry of errorHistory is 0.500000 for index 674368, 675/1000.
Terminated at swamp 0.5.
The last entry of errorHistory is 0.500677 for index 674369, 675/1000.
Terminated at swamp 0.5.
The last entry of errorHistory is 0.500245 for index 674370, 675/1000.
Terminated at swamp 1.
The last entry of errorHistory is 1.000008 for index 674371, 675/1000.
Terminated at swamp 0.5.
The last entry of errorHistory is 0.500400 for index 674372, 675/1000.
Terminated at swamp 0.5.
The last entry of errorHistory is 0.500480 for index 674373, 675/1000.
Terminated at swamp 0.5.
The last entry of errorHistory is 0.500079 for index 674374, 675/1000.
The last entry of errorHistory is 0.500000 for index 674375, 675/1000.
Terminated at swamp 0.5.
The last entry of errorHistory is 0.500776 for index 674376, 675/1000.
Terminated at swamp 0.5.
The last entry of errorHistory is 0.500174 for index 674377, 675/1000.
The last entry of errorHistory is 1.000000 for index 674378, 675/1000.
Terminated at swamp 1.
The last entry of errorHistory is 1.000455 for index 674379, 675/1000.
The last entry of errorHistory is 0.000057 for index 674380, 675/1000.
The last entry of errorHistory is 1.500000 for index 674381, 675/1000.
Terminated at swamp 0.5.
The last entry of errorHistory is 0.500383 for index 674382, 675/1000.
The last entry of errorHistory is 0.500000 for index 674383, 675/1000.
Terminated at swamp 0.5.
The last entry of errorHistory is 0.500365 for index 674384, 675/1000.
The last entry of errorHistory is 1.000000 for index 674385, 675/1000.
The last entry of errorHistory is 1.500000 for index 674386, 675/1000.
Terminated at swamp 0.5.
The last entry of errorHistory is 0.500270 for index 674387, 675/1000.
The last entry of errorHistory is 1.000000 for index 674388, 675/1000.
The last entry of errorHistory is 1.500000 for index 674389, 675/1000.
Terminated at swamp 0.5.
The last entry of errorHistory is 0.500019 for index 674390, 675/1000.
The last entry of errorHistory is 1.000000 for index 674391, 675/1000.
Terminated at swamp 0.5.
The last entry of errorHistory is 0.500503 for index 674392, 675/1000.
Terminated at swamp 1.
The last entry of errorHistory is 1.000099 for index 674393, 675/1000.
Terminated at swamp 1.
The last entry of errorHistory is 1.000072 for index 674394, 675/1000.
The last entry of errorHistory is 0.000011 for index 674395, 675/1000.
The last entry of errorHistory is 0.500000 for index 674396, 675/1000.
Terminated at swamp 0.5.
The last entry of errorHistory is 0.500007 for index 674397, 675/1000.
The last entry of errorHistory is 1.000000 for index 674398, 675/1000.
The last entry of errorHistory is 1.000000 for index 674399, 675/1000.
Terminated at swamp 0.5.
The last entry of errorHistory is 0.500515 for index 674400, 675/1000.
Terminated at swamp 0.5.
The last entry of errorHistory is 0.500465 for index 674401, 675/1000.
The last entry of errorHistory is 1.000000 for index 674402, 675/1000.
Terminated at swamp 0.5.
The last entry of errorHistory is 0.500762 for index 674403, 675/1000.
The last entry of errorHistory is 1.000000 for index 674404, 675/1000.
Terminated at swamp 0.5.
The last entry of errorHistory is 0.500584 for index 674405, 675/1000.
The last entry of errorHistory is 0.000686 for index 674406, 675/1000.
Terminated at swamp 0.5.
The last entry of errorHistory is 0.500000 for index 674407, 675/1000.
The last entry of errorHistory is 1.000000 for index 674408, 675/1000.
Terminated at swamp 0.5.
The last entry of errorHistory is 0.500079 for index 674409, 675/1000.
The last entry of errorHistory is 1.000000 for index 674410, 675/1000.
The last entry of errorHistory is 0.000011 for index 674411, 675/1000.
Terminated at swamp 1.
The last entry of errorHistory is 1.000000 for index 674412, 675/1000.
Terminated at swamp 0.5.
The last entry of errorHistory is 0.500390 for index 674413, 675/1000.
The last entry of errorHistory is 1.000000 for index 674414, 675/1000.
The last entry of errorHistory is 1.000000 for index 674415, 675/1000.
The last entry of errorHistory is 0.500000 for index 674416, 675/1000.
Terminated at swamp 0.5.
The last entry of errorHistory is 0.500113 for index 674417, 675/1000.
The last entry of errorHistory is 0.000022 for index 674418, 675/1000.
The last entry of errorHistory is 1.500000 for index 674419, 675/1000.
The last entry of errorHistory is 1.000000 for index 674420, 675/1000.
Terminated at swamp 1.
The last entry of errorHistory is 1.000348 for index 674421, 675/1000.
The last entry of errorHistory is 1.000000 for index 674422, 675/1000.
Terminated at swamp 0.5.
The last entry of errorHistory is 0.500145 for index 674423, 675/1000.
Terminated at swamp 0.5.
The last entry of errorHistory is 0.500901 for index 674424, 675/1000.
Terminated at swamp 0.5.
The last entry of errorHistory is 0.500245 for index 674425, 675/1000.
Terminated at swamp 0.5.
The last entry of errorHistory is 0.500343 for index 674426, 675/1000.
Terminated at swamp 1.
The last entry of errorHistory is 1.000151 for index 674427, 675/1000.
The last entry of errorHistory is 1.000000 for index 674428, 675/1000.
Terminated at swamp 0.5.
The last entry of errorHistory is 0.500015 for index 674429, 675/1000.
Terminated at swamp 0.5.
The last entry of errorHistory is 0.500599 for index 674430, 675/1000.
The last entry of errorHistory is 1.500000 for index 674431, 675/1000.
The last entry of errorHistory is 1.000000 for index 674432, 675/1000.
Terminated at swamp 0.5.
The last entry of errorHistory is 0.500273 for index 674433, 675/1000.
Terminated at swamp 0.5.
The last entry of errorHistory is 0.500568 for index 674434, 675/1000.
Terminated at swamp 0.5.
The last entry of errorHistory is 0.500610 for index 674435, 675/1000.
The last entry of errorHistory is 1.000000 for index 674436, 675/1000.
Terminated at swamp 1.
The last entry of errorHistory is 1.000299 for index 674437, 675/1000.
Terminated at swamp 0.5.
The last entry of errorHistory is 0.500064 for index 674438, 675/1000.
Terminated at swamp 0.5.
The last entry of errorHistory is 0.500433 for index 674439, 675/1000.
The last entry of errorHistory is 1.000000 for index 674440, 675/1000.
Terminated at swamp 0.5.
The last entry of errorHistory is 0.500293 for index 674441, 675/1000.
Terminated at swamp 0.5.
The last entry of errorHistory is 0.500060 for index 674442, 675/1000.
Terminated at swamp 0.5.
The last entry of errorHistory is 0.500488 for index 674443, 675/1000.
Terminated at swamp 0.5.
The last entry of errorHistory is 0.500300 for index 674444, 675/1000.
Terminated at swamp 0.5.
The last entry of errorHistory is 0.500297 for index 674445, 675/1000.
The last entry of errorHistory is 0.000351 for index 674446, 675/1000.
The last entry of errorHistory is 1.000000 for index 674447, 675/1000.
Terminated at swamp 1.
The last entry of errorHistory is 1.000008 for index 674448, 675/1000.
The last entry of errorHistory is 0.000012 for index 674449, 675/1000.
The last entry of errorHistory is 1.000000 for index 674450, 675/1000.
Terminated at swamp 1.
The last entry of errorHistory is 1.000021 for index 674451, 675/1000.
Terminated at swamp 0.5.
The last entry of errorHistory is 0.500653 for index 674452, 675/1000.
The last entry of errorHistory is 0.000224 for index 674453, 675/1000.
The last entry of errorHistory is 1.000000 for index 674454, 675/1000.
The last entry of errorHistory is 0.001688 for index 674455, 675/1000.
The last entry of errorHistory is 0.000048 for index 674456, 675/1000.
Terminated at swamp 0.5.
The last entry of errorHistory is 0.500486 for index 674457, 675/1000.
Terminated at swamp 0.5.
The last entry of errorHistory is 0.500425 for index 674458, 675/1000.
Terminated at swamp 0.5.
The last entry of errorHistory is 0.500601 for index 674459, 675/1000.
Terminated at swamp 1.
The last entry of errorHistory is 0.999929 for index 674460, 675/1000.
Terminated at swamp 0.5.
The last entry of errorHistory is 0.500327 for index 674461, 675/1000.
Terminated at swamp 0.5.
The last entry of errorHistory is 0.500559 for index 674462, 675/1000.
Terminated at swamp 1.
The last entry of errorHistory is 1.000226 for index 674463, 675/1000.
Terminated at swamp 0.5.
The last entry of errorHistory is 0.500151 for index 674464, 675/1000.
The last entry of errorHistory is 0.000091 for index 674465, 675/1000.
Terminated at swamp 1.
The last entry of errorHistory is 1.000502 for index 674466, 675/1000.
The last entry of errorHistory is 0.000115 for index 674467, 675/1000.
Terminated at swamp 0.5.
The last entry of errorHistory is 0.500490 for index 674468, 675/1000.
Terminated at swamp 1.
The last entry of errorHistory is 1.000216 for index 674469, 675/1000.
Terminated at swamp 1.
The last entry of errorHistory is 1.000000 for index 674470, 675/1000.
Terminated at swamp 0.5.
The last entry of errorHistory is 0.500542 for index 674471, 675/1000.
Terminated at swamp 0.5.
The last entry of errorHistory is 0.500879 for index 674472, 675/1000.
Terminated at swamp 0.5.
The last entry of errorHistory is 0.500734 for index 674473, 675/1000.
Terminated at swamp 0.5.
The last entry of errorHistory is 0.500159 for index 674474, 675/1000.
Terminated at swamp 0.5.
The last entry of errorHistory is 0.500508 for index 674475, 675/1000.
Terminated at swamp 1.
The last entry of errorHistory is 1.000000 for index 674476, 675/1000.
The last entry of errorHistory is 1.000000 for index 674477, 675/1000.
Terminated at swamp 0.5.
The last entry of errorHistory is 0.500477 for index 674478, 675/1000.
Terminated at swamp 0.5.
The last entry of errorHistory is 0.500498 for index 674479, 675/1000.
The last entry of errorHistory is 1.000000 for index 674480, 675/1000.
Terminated at swamp 1.
The last entry of errorHistory is 1.000000 for index 674481, 675/1000.
Terminated at swamp 1.
The last entry of errorHistory is 1.000011 for index 674482, 675/1000.
The last entry of errorHistory is 0.000069 for index 674483, 675/1000.
Terminated at swamp 0.5.
The last entry of errorHistory is 0.500938 for index 674484, 675/1000.
Terminated at swamp 0.5.
The last entry of errorHistory is 0.500462 for index 674485, 675/1000.
Terminated at swamp 0.5.
The last entry of errorHistory is 0.500365 for index 674486, 675/1000.
Terminated at swamp 0.5.
The last entry of errorHistory is 0.500645 for index 674487, 675/1000.
The last entry of errorHistory is 1.000000 for index 674488, 675/1000.
Terminated at swamp 0.5.
The last entry of errorHistory is 0.500389 for index 674489, 675/1000.
Terminated at swamp 0.5.
The last entry of errorHistory is 0.500480 for index 674490, 675/1000.
The last entry of errorHistory is 1.000000 for index 674491, 675/1000.
Terminated at swamp 0.5.
The last entry of errorHistory is 0.500625 for index 674492, 675/1000.
Terminated at swamp 0.5.
The last entry of errorHistory is 0.500500 for index 674493, 675/1000.
The last entry of errorHistory is 0.500000 for index 674494, 675/1000.
Terminated at swamp 0.5.
The last entry of errorHistory is 0.500684 for index 674495, 675/1000.
Terminated at swamp 0.5.
The last entry of errorHistory is 0.500362 for index 674496, 675/1000.
The last entry of errorHistory is 1.000000 for index 674497, 675/1000.
The last entry of errorHistory is 1.000000 for index 674498, 675/1000.
Terminated at swamp 1.
The last entry of errorHistory is 1.000093 for index 674499, 675/1000.
The last entry of errorHistory is 0.000017 for index 674500, 675/1000.
The last entry of errorHistory is 1.000000 for index 674501, 675/1000.
Terminated at swamp 0.5.
The last entry of errorHistory is 0.500248 for index 674502, 675/1000.
Terminated at swamp 0.5.
The last entry of errorHistory is 0.500339 for index 674503, 675/1000.
Terminated at swamp 0.5.
The last entry of errorHistory is 0.500319 for index 674504, 675/1000.
Terminated at swamp 1.
The last entry of errorHistory is 1.000496 for index 674505, 675/1000.
Terminated at swamp 0.5.
The last entry of errorHistory is 0.500329 for index 674506, 675/1000.
The last entry of errorHistory is 0.000082 for index 674507, 675/1000.
Terminated at swamp 1.5.
The last entry of errorHistory is 1.500037 for index 674508, 675/1000.
Terminated at swamp 1.
The last entry of errorHistory is 1.000267 for index 674509, 675/1000.
Terminated at swamp 1.
The last entry of errorHistory is 1.000259 for index 674510, 675/1000.
Terminated at swamp 0.5.
The last entry of errorHistory is 0.500526 for index 674511, 675/1000.
Terminated at swamp 1.
The last entry of errorHistory is 1.000099 for index 674512, 675/1000.
Terminated at swamp 0.5.
The last entry of errorHistory is 0.500009 for index 674513, 675/1000.
Terminated at swamp 1.
The last entry of errorHistory is 1.000467 for index 674514, 675/1000.
The last entry of errorHistory is 1.000000 for index 674515, 675/1000.
Terminated at swamp 0.5.
The last entry of errorHistory is 0.500452 for index 674516, 675/1000.
Terminated at swamp 1.
The last entry of errorHistory is 1.000079 for index 674517, 675/1000.
Terminated at swamp 0.5.
The last entry of errorHistory is 0.500507 for index 674518, 675/1000.
Terminated at swamp 1.
The last entry of errorHistory is 1.000271 for index 674519, 675/1000.
The last entry of errorHistory is 1.000000 for index 674520, 675/1000.
Terminated at swamp 0.5.
The last entry of errorHistory is 0.500093 for index 674521, 675/1000.
The last entry of errorHistory is 1.000000 for index 674522, 675/1000.
Terminated at swamp 0.5.
The last entry of errorHistory is 0.500560 for index 674523, 675/1000.
Terminated at swamp 0.5.
The last entry of errorHistory is 0.500187 for index 674524, 675/1000.
Terminated at swamp 0.5.
The last entry of errorHistory is 0.500629 for index 674525, 675/1000.
The last entry of errorHistory is 1.000000 for index 674526, 675/1000.
Terminated at swamp 1.
The last entry of errorHistory is 1.000055 for index 674527, 675/1000.
Terminated at swamp 1.
The last entry of errorHistory is 1.000002 for index 674528, 675/1000.
The last entry of errorHistory is 0.000011 for index 674529, 675/1000.
Terminated at swamp 1.
The last entry of errorHistory is 1.000494 for index 674530, 675/1000.
The last entry of errorHistory is 0.000037 for index 674531, 675/1000.
Terminated at swamp 0.5.
The last entry of errorHistory is 0.500072 for index 674532, 675/1000.
The last entry of errorHistory is 1.000000 for index 674533, 675/1000.
The last entry of errorHistory is 0.000036 for index 674534, 675/1000.
Terminated at swamp 0.5.
The last entry of errorHistory is 0.500351 for index 674535, 675/1000.
Terminated at swamp 1.
The last entry of errorHistory is 1.000001 for index 674536, 675/1000.
Terminated at swamp 0.5.
The last entry of errorHistory is 0.500415 for index 674537, 675/1000.
Terminated at swamp 1.
The last entry of errorHistory is 1.000000 for index 674538, 675/1000.
Terminated at swamp 1.
The last entry of errorHistory is 1.000374 for index 674539, 675/1000.
Terminated at swamp 0.5.
The last entry of errorHistory is 0.500917 for index 674540, 675/1000.
Terminated at swamp 0.5.
The last entry of errorHistory is 0.500619 for index 674541, 675/1000.
Terminated at swamp 0.5.
The last entry of errorHistory is 0.500614 for index 674542, 675/1000.
The last entry of errorHistory is 0.000031 for index 674543, 675/1000.
The last entry of errorHistory is 1.000000 for index 674544, 675/1000.
Terminated at swamp 0.5.
The last entry of errorHistory is 0.500442 for index 674545, 675/1000.
The last entry of errorHistory is 1.000000 for index 674546, 675/1000.
The last entry of errorHistory is 1.000000 for index 674547, 675/1000.
Terminated at swamp 0.5.
The last entry of errorHistory is 0.500523 for index 674548, 675/1000.
Terminated at swamp 1.5.
The last entry of errorHistory is 1.500000 for index 674549, 675/1000.
Terminated at swamp 0.5.
The last entry of errorHistory is 0.500156 for index 674550, 675/1000.
Terminated at swamp 1.
The last entry of errorHistory is 1.000000 for index 674551, 675/1000.
Terminated at swamp 0.5.
The last entry of errorHistory is 0.500542 for index 674552, 675/1000.
The last entry of errorHistory is 1.000000 for index 674553, 675/1000.
Terminated at swamp 0.5.
The last entry of errorHistory is 0.500684 for index 674554, 675/1000.
Terminated at swamp 1.
The last entry of errorHistory is 1.000200 for index 674555, 675/1000.
Terminated at swamp 0.5.
The last entry of errorHistory is 0.500342 for index 674556, 675/1000.
The last entry of errorHistory is 0.500000 for index 674557, 675/1000.
The last entry of errorHistory is 0.000018 for index 674558, 675/1000.
The last entry of errorHistory is 0.000028 for index 674559, 675/1000.
Terminated at swamp 0.5.
The last entry of errorHistory is 0.500382 for index 674560, 675/1000.
Terminated at swamp 0.5.
The last entry of errorHistory is 0.500315 for index 674561, 675/1000.
The last entry of errorHistory is 1.000000 for index 674562, 675/1000.
The last entry of errorHistory is 0.000031 for index 674563, 675/1000.
Terminated at swamp 0.5.
The last entry of errorHistory is 0.500208 for index 674564, 675/1000.
Terminated at swamp 0.5.
The last entry of errorHistory is 0.500285 for index 674565, 675/1000.
The last entry of errorHistory is 1.500000 for index 674566, 675/1000.
The last entry of errorHistory is 0.500000 for index 674567, 675/1000.
Terminated at swamp 1.
The last entry of errorHistory is 1.000000 for index 674568, 675/1000.
Terminated at swamp 0.5.
The last entry of errorHistory is 0.500000 for index 674569, 675/1000.
Terminated at swamp 0.5.
The last entry of errorHistory is 0.500086 for index 674570, 675/1000.
Terminated at swamp 0.5.
The last entry of errorHistory is 0.500463 for index 674571, 675/1000.
Terminated at swamp 0.5.
The last entry of errorHistory is 0.500239 for index 674572, 675/1000.
Terminated at swamp 1.
The last entry of errorHistory is 1.000298 for index 674573, 675/1000.
The last entry of errorHistory is 1.500000 for index 674574, 675/1000.
The last entry of errorHistory is 0.500000 for index 674575, 675/1000.
Terminated at swamp 0.5.
The last entry of errorHistory is 0.500515 for index 674576, 675/1000.
The last entry of errorHistory is 0.500000 for index 674577, 675/1000.
The last entry of errorHistory is 0.500000 for index 674578, 675/1000.
Terminated at swamp 0.5.
The last entry of errorHistory is 0.500469 for index 674579, 675/1000.
The last entry of errorHistory is 1.000000 for index 674580, 675/1000.
The last entry of errorHistory is 1.000000 for index 674581, 675/1000.
Terminated at swamp 0.5.
The last entry of errorHistory is 0.500471 for index 674582, 675/1000.
The last entry of errorHistory is 1.000000 for index 674583, 675/1000.
Terminated at swamp 0.5.
The last entry of errorHistory is 0.500051 for index 674584, 675/1000.
Terminated at swamp 0.5.
The last entry of errorHistory is 0.500368 for index 674585, 675/1000.
The last entry of errorHistory is 0.000100 for index 674586, 675/1000.
The last entry of errorHistory is 1.000000 for index 674587, 675/1000.
Terminated at swamp 0.5.
The last entry of errorHistory is 0.500203 for index 674588, 675/1000.
Terminated at swamp 0.5.
The last entry of errorHistory is 0.500494 for index 674589, 675/1000.
Terminated at swamp 0.5.
The last entry of errorHistory is 0.500502 for index 674590, 675/1000.
Terminated at swamp 0.5.
The last entry of errorHistory is 0.500399 for index 674591, 675/1000.
The last entry of errorHistory is 0.500000 for index 674592, 675/1000.
The last entry of errorHistory is 1.000000 for index 674593, 675/1000.
The last entry of errorHistory is 0.000018 for index 674594, 675/1000.
Terminated at swamp 0.5.
The last entry of errorHistory is 0.500360 for index 674595, 675/1000.
Terminated at swamp 0.5.
The last entry of errorHistory is 0.500025 for index 674596, 675/1000.
Terminated at swamp 1.
The last entry of errorHistory is 1.000017 for index 674597, 675/1000.
Terminated at swamp 0.5.
The last entry of errorHistory is 0.500553 for index 674598, 675/1000.
Terminated at swamp 0.5.
The last entry of errorHistory is 0.500366 for index 674599, 675/1000.
Terminated at swamp 0.5.
The last entry of errorHistory is 0.500586 for index 674600, 675/1000.
Terminated at swamp 0.5.
The last entry of errorHistory is 0.500001 for index 674601, 675/1000.
Terminated at swamp 0.5.
The last entry of errorHistory is 0.500500 for index 674602, 675/1000.
Terminated at swamp 0.5.
The last entry of errorHistory is 0.500611 for index 674603, 675/1000.
Terminated at swamp 0.5.
The last entry of errorHistory is 0.500323 for index 674604, 675/1000.
Terminated at swamp 0.5.
The last entry of errorHistory is 0.500173 for index 674605, 675/1000.
Terminated at swamp 0.5.
The last entry of errorHistory is 0.499882 for index 674606, 675/1000.
Terminated at swamp 0.5.
The last entry of errorHistory is 0.500372 for index 674607, 675/1000.
The last entry of errorHistory is 0.000026 for index 674608, 675/1000.
Terminated at swamp 1.
The last entry of errorHistory is 1.000416 for index 674609, 675/1000.
Terminated at swamp 0.5.
The last entry of errorHistory is 0.500505 for index 674610, 675/1000.
Terminated at swamp 1.5.
The last entry of errorHistory is 1.500001 for index 674611, 675/1000.
Terminated at swamp 0.5.
The last entry of errorHistory is 0.500080 for index 674612, 675/1000.
Terminated at swamp 1.
The last entry of errorHistory is 1.000065 for index 674613, 675/1000.
The last entry of errorHistory is 0.000551 for index 674614, 675/1000.
Terminated at swamp 0.5.
The last entry of errorHistory is 0.500597 for index 674615, 675/1000.
The last entry of errorHistory is 1.000000 for index 674616, 675/1000.
The last entry of errorHistory is 0.500000 for index 674617, 675/1000.
The last entry of errorHistory is 0.000009 for index 674618, 675/1000.
Terminated at swamp 0.5.
The last entry of errorHistory is 0.500171 for index 674619, 675/1000.
The last entry of errorHistory is 1.000000 for index 674620, 675/1000.
Terminated at swamp 0.5.
The last entry of errorHistory is 0.500570 for index 674621, 675/1000.
Terminated at swamp 0.5.
The last entry of errorHistory is 0.500371 for index 674622, 675/1000.
The last entry of errorHistory is 1.000000 for index 674623, 675/1000.
The last entry of errorHistory is 1.000000 for index 674624, 675/1000.
Terminated at swamp 0.5.
The last entry of errorHistory is 0.500625 for index 674625, 675/1000.
Terminated at swamp 0.5.
The last entry of errorHistory is 0.500483 for index 674626, 675/1000.
The last entry of errorHistory is 1.000000 for index 674627, 675/1000.
Terminated at swamp 0.5.
The last entry of errorHistory is 0.500415 for index 674628, 675/1000.
The last entry of errorHistory is 1.000000 for index 674629, 675/1000.
Terminated at swamp 0.5.
The last entry of errorHistory is 0.500572 for index 674630, 675/1000.
Terminated at swamp 1.
The last entry of errorHistory is 1.000021 for index 674631, 675/1000.
Terminated at swamp 0.5.
The last entry of errorHistory is 0.500082 for index 674632, 675/1000.
The last entry of errorHistory is 1.000000 for index 674633, 675/1000.
Terminated at swamp 0.5.
The last entry of errorHistory is 0.500479 for index 674634, 675/1000.
Terminated at swamp 0.5.
The last entry of errorHistory is 0.500499 for index 674635, 675/1000.
Terminated at swamp 0.5.
The last entry of errorHistory is 0.500367 for index 674636, 675/1000.
Terminated at swamp 0.5.
The last entry of errorHistory is 0.500465 for index 674637, 675/1000.
Terminated at swamp 0.5.
The last entry of errorHistory is 0.500275 for index 674638, 675/1000.
The last entry of errorHistory is 0.000094 for index 674639, 675/1000.
The last entry of errorHistory is 0.500000 for index 674640, 675/1000.
The last entry of errorHistory is 0.000013 for index 674641, 675/1000.
The last entry of errorHistory is 0.000012 for index 674642, 675/1000.
Terminated at swamp 0.5.
The last entry of errorHistory is 0.500179 for index 674643, 675/1000.
Terminated at swamp 0.5.
The last entry of errorHistory is 0.500492 for index 674644, 675/1000.
Terminated at swamp 0.5.
The last entry of errorHistory is 0.500362 for index 674645, 675/1000.
The last entry of errorHistory is 0.000656 for index 674646, 675/1000.
Terminated at swamp 0.5.
The last entry of errorHistory is 0.500364 for index 674647, 675/1000.
Terminated at swamp 0.5.
The last entry of errorHistory is 0.500476 for index 674648, 675/1000.
Terminated at swamp 0.5.
The last entry of errorHistory is 0.500089 for index 674649, 675/1000.
The last entry of errorHistory is 0.000099 for index 674650, 675/1000.
The last entry of errorHistory is 0.000006 for index 674651, 675/1000.
Terminated at swamp 0.5.
The last entry of errorHistory is 0.500060 for index 674652, 675/1000.
The last entry of errorHistory is 1.000000 for index 674653, 675/1000.
Terminated at swamp 0.5.
The last entry of errorHistory is 0.500614 for index 674654, 675/1000.
The last entry of errorHistory is 0.000085 for index 674655, 675/1000.
The last entry of errorHistory is 1.000000 for index 674656, 675/1000.
The last entry of errorHistory is 1.000000 for index 674657, 675/1000.
Terminated at swamp 1.
The last entry of errorHistory is 1.000004 for index 674658, 675/1000.
Terminated at swamp 0.5.
The last entry of errorHistory is 0.500333 for index 674659, 675/1000.
The last entry of errorHistory is 1.000000 for index 674660, 675/1000.
Terminated at swamp 1.
The last entry of errorHistory is 1.000147 for index 674661, 675/1000.
Terminated at swamp 0.5.
The last entry of errorHistory is 0.500205 for index 674662, 675/1000.
The last entry of errorHistory is 0.000016 for index 674663, 675/1000.
Terminated at swamp 0.5.
The last entry of errorHistory is 0.500467 for index 674664, 675/1000.
Terminated at swamp 0.5.
The last entry of errorHistory is 0.500224 for index 674665, 675/1000.
Terminated at swamp 0.5.
The last entry of errorHistory is 0.500075 for index 674666, 675/1000.
The last entry of errorHistory is 1.000000 for index 674667, 675/1000.
Terminated at swamp 1.
The last entry of errorHistory is 1.000360 for index 674668, 675/1000.
The last entry of errorHistory is 0.000093 for index 674669, 675/1000.
Terminated at swamp 0.5.
The last entry of errorHistory is 0.500041 for index 674670, 675/1000.
Terminated at swamp 0.5.
The last entry of errorHistory is 0.500402 for index 674671, 675/1000.
The last entry of errorHistory is 1.500000 for index 674672, 675/1000.
Terminated at swamp 0.5.
The last entry of errorHistory is 0.500441 for index 674673, 675/1000.
Terminated at swamp 0.5.
The last entry of errorHistory is 0.500243 for index 674674, 675/1000.
The last entry of errorHistory is 0.000022 for index 674675, 675/1000.
Terminated at swamp 0.5.
The last entry of errorHistory is 0.500198 for index 674676, 675/1000.
Terminated at swamp 0.5.
The last entry of errorHistory is 0.500000 for index 674677, 675/1000.
Terminated at swamp 0.5.
The last entry of errorHistory is 0.500128 for index 674678, 675/1000.
The last entry of errorHistory is 0.000020 for index 674679, 675/1000.
Terminated at swamp 0.5.
The last entry of errorHistory is 0.500246 for index 674680, 675/1000.
The last entry of errorHistory is 0.000369 for index 674681, 675/1000.
The last entry of errorHistory is 0.000056 for index 674682, 675/1000.
Terminated at swamp 0.5.
The last entry of errorHistory is 0.500264 for index 674683, 675/1000.
Terminated at swamp 1.
The last entry of errorHistory is 1.000006 for index 674684, 675/1000.
The last entry of errorHistory is 1.000000 for index 674685, 675/1000.
The last entry of errorHistory is 1.000000 for index 674686, 675/1000.
Terminated at swamp 0.5.
The last entry of errorHistory is 0.500377 for index 674687, 675/1000.
Terminated at swamp 0.5.
The last entry of errorHistory is 0.500514 for index 674688, 675/1000.
The last entry of errorHistory is 0.000007 for index 674689, 675/1000.
The last entry of errorHistory is 0.500000 for index 674690, 675/1000.
Terminated at swamp 0.5.
The last entry of errorHistory is 0.500558 for index 674691, 675/1000.
The last entry of errorHistory is 1.000000 for index 674692, 675/1000.
Terminated at swamp 0.5.
The last entry of errorHistory is 0.500547 for index 674693, 675/1000.
The last entry of errorHistory is 0.000017 for index 674694, 675/1000.
Terminated at swamp 1.
The last entry of errorHistory is 1.000233 for index 674695, 675/1000.
The last entry of errorHistory is 1.500000 for index 674696, 675/1000.
Terminated at swamp 0.5.
The last entry of errorHistory is 0.500540 for index 674697, 675/1000.
Terminated at swamp 1.
The last entry of errorHistory is 1.000342 for index 674698, 675/1000.
Terminated at swamp 0.5.
The last entry of errorHistory is 0.500319 for index 674699, 675/1000.
Terminated at swamp 0.5.
The last entry of errorHistory is 0.500048 for index 674700, 675/1000.
Terminated at swamp 1.
The last entry of errorHistory is 1.000146 for index 674701, 675/1000.
Terminated at swamp 0.5.
The last entry of errorHistory is 0.500001 for index 674702, 675/1000.
Terminated at swamp 0.5.
The last entry of errorHistory is 0.500262 for index 674703, 675/1000.
Terminated at swamp 0.5.
The last entry of errorHistory is 0.500588 for index 674704, 675/1000.
The last entry of errorHistory is 0.000087 for index 674705, 675/1000.
Terminated at swamp 0.5.
The last entry of errorHistory is 0.500176 for index 674706, 675/1000.
Terminated at swamp 0.5.
The last entry of errorHistory is 0.500553 for index 674707, 675/1000.
Terminated at swamp 0.5.
The last entry of errorHistory is 0.500511 for index 674708, 675/1000.
Terminated at swamp 0.5.
The last entry of errorHistory is 0.500456 for index 674709, 675/1000.
The last entry of errorHistory is 1.000000 for index 674710, 675/1000.
Terminated at swamp 0.5.
The last entry of errorHistory is 0.500203 for index 674711, 675/1000.
Terminated at swamp 0.5.
The last entry of errorHistory is 0.500700 for index 674712, 675/1000.
Terminated at swamp 1.
The last entry of errorHistory is 1.000338 for index 674713, 675/1000.
The last entry of errorHistory is 0.500000 for index 674714, 675/1000.
Terminated at swamp 1.
The last entry of errorHistory is 1.000013 for index 674715, 675/1000.
Terminated at swamp 0.5.
The last entry of errorHistory is 0.500563 for index 674716, 675/1000.
Terminated at swamp 1.
The last entry of errorHistory is 1.000333 for index 674717, 675/1000.
Terminated at swamp 0.5.
The last entry of errorHistory is 0.500810 for index 674718, 675/1000.
Terminated at swamp 0.5.
The last entry of errorHistory is 0.500160 for index 674719, 675/1000.
Terminated at swamp 0.5.
The last entry of errorHistory is 0.500542 for index 674720, 675/1000.
Terminated at swamp 0.5.
The last entry of errorHistory is 0.500350 for index 674721, 675/1000.
The last entry of errorHistory is 1.000000 for index 674722, 675/1000.
The last entry of errorHistory is 0.500000 for index 674723, 675/1000.
Terminated at swamp 0.5.
The last entry of errorHistory is 0.500486 for index 674724, 675/1000.
Terminated at swamp 0.5.
The last entry of errorHistory is 0.500348 for index 674725, 675/1000.
Terminated at swamp 0.5.
The last entry of errorHistory is 0.500092 for index 674726, 675/1000.
Terminated at swamp 0.5.
The last entry of errorHistory is 0.500429 for index 674727, 675/1000.
Terminated at swamp 0.5.
The last entry of errorHistory is 0.500454 for index 674728, 675/1000.
Terminated at swamp 0.5.
The last entry of errorHistory is 0.500591 for index 674729, 675/1000.
Terminated at swamp 0.5.
The last entry of errorHistory is 0.500377 for index 674730, 675/1000.
The last entry of errorHistory is 0.000414 for index 674731, 675/1000.
The last entry of errorHistory is 0.000551 for index 674732, 675/1000.
Terminated at swamp 0.5.
The last entry of errorHistory is 0.500619 for index 674733, 675/1000.
Terminated at swamp 0.5.
The last entry of errorHistory is 0.500448 for index 674734, 675/1000.
Terminated at swamp 0.5.
The last entry of errorHistory is 0.500423 for index 674735, 675/1000.
Terminated at swamp 0.5.
The last entry of errorHistory is 0.500504 for index 674736, 675/1000.
The last entry of errorHistory is 1.000000 for index 674737, 675/1000.
The last entry of errorHistory is 0.000040 for index 674738, 675/1000.
Terminated at swamp 0.5.
The last entry of errorHistory is 0.500280 for index 674739, 675/1000.
Terminated at swamp 0.5.
The last entry of errorHistory is 0.500612 for index 674740, 675/1000.
Terminated at swamp 0.5.
The last entry of errorHistory is 0.500084 for index 674741, 675/1000.
Terminated at swamp 1.
The last entry of errorHistory is 1.000025 for index 674742, 675/1000.
Terminated at swamp 0.5.
The last entry of errorHistory is 0.500467 for index 674743, 675/1000.
Terminated at swamp 0.5.
The last entry of errorHistory is 0.500372 for index 674744, 675/1000.
Terminated at swamp 0.5.
The last entry of errorHistory is 0.500334 for index 674745, 675/1000.
Terminated at swamp 0.5.
The last entry of errorHistory is 0.500372 for index 674746, 675/1000.
The last entry of errorHistory is 1.000000 for index 674747, 675/1000.
Terminated at swamp 0.5.
The last entry of errorHistory is 0.500291 for index 674748, 675/1000.
The last entry of errorHistory is 1.000000 for index 674749, 675/1000.
Terminated at swamp 0.5.
The last entry of errorHistory is 0.500609 for index 674750, 675/1000.
Terminated at swamp 0.5.
The last entry of errorHistory is 0.500320 for index 674751, 675/1000.
The last entry of errorHistory is 0.000228 for index 674752, 675/1000.
The last entry of errorHistory is 1.000000 for index 674753, 675/1000.
The last entry of errorHistory is 0.500000 for index 674754, 675/1000.
The last entry of errorHistory is 0.000049 for index 674755, 675/1000.
Terminated at swamp 1.
The last entry of errorHistory is 1.000358 for index 674756, 675/1000.
Terminated at swamp 0.5.
The last entry of errorHistory is 0.500009 for index 674757, 675/1000.
Terminated at swamp 1.
The last entry of errorHistory is 1.000003 for index 674758, 675/1000.
Terminated at swamp 0.5.
The last entry of errorHistory is 0.500598 for index 674759, 675/1000.
Terminated at swamp 1.
The last entry of errorHistory is 1.000370 for index 674760, 675/1000.
Terminated at swamp 0.5.
The last entry of errorHistory is 0.500062 for index 674761, 675/1000.
Terminated at swamp 0.5.
The last entry of errorHistory is 0.500390 for index 674762, 675/1000.
Terminated at swamp 0.5.
The last entry of errorHistory is 0.500304 for index 674763, 675/1000.
The last entry of errorHistory is 0.000328 for index 674764, 675/1000.
Terminated at swamp 0.5.
The last entry of errorHistory is 0.500351 for index 674765, 675/1000.
Terminated at swamp 0.5.
The last entry of errorHistory is 0.500537 for index 674766, 675/1000.
Terminated at swamp 0.5.
The last entry of errorHistory is 0.500609 for index 674767, 675/1000.
Terminated at swamp 0.5.
The last entry of errorHistory is 0.500234 for index 674768, 675/1000.
Terminated at swamp 0.5.
The last entry of errorHistory is 0.500535 for index 674769, 675/1000.
Terminated at swamp 0.5.
The last entry of errorHistory is 0.500668 for index 674770, 675/1000.
Terminated at swamp 0.5.
The last entry of errorHistory is 0.500048 for index 674771, 675/1000.
Terminated at swamp 1.
The last entry of errorHistory is 1.000245 for index 674772, 675/1000.
Terminated at swamp 0.5.
The last entry of errorHistory is 0.500424 for index 674773, 675/1000.
Terminated at swamp 0.5.
The last entry of errorHistory is 0.500081 for index 674774, 675/1000.
Terminated at swamp 0.5.
The last entry of errorHistory is 0.500611 for index 674775, 675/1000.
Terminated at swamp 0.5.
The last entry of errorHistory is 0.500443 for index 674776, 675/1000.
The last entry of errorHistory is 0.000014 for index 674777, 675/1000.
The last entry of errorHistory is 1.000000 for index 674778, 675/1000.
Terminated at swamp 1.
The last entry of errorHistory is 1.000000 for index 674779, 675/1000.
Terminated at swamp 0.5.
The last entry of errorHistory is 0.500611 for index 674780, 675/1000.
Terminated at swamp 1.
The last entry of errorHistory is 1.000000 for index 674781, 675/1000.
The last entry of errorHistory is 0.000041 for index 674782, 675/1000.
The last entry of errorHistory is 1.000000 for index 674783, 675/1000.
The last entry of errorHistory is 1.000000 for index 674784, 675/1000.
The last entry of errorHistory is 0.500000 for index 674785, 675/1000.
The last entry of errorHistory is 0.000140 for index 674786, 675/1000.
Terminated at swamp 1.
The last entry of errorHistory is 1.000000 for index 674787, 675/1000.
Terminated at swamp 0.5.
The last entry of errorHistory is 0.500528 for index 674788, 675/1000.
Terminated at swamp 0.5.
The last entry of errorHistory is 0.500553 for index 674789, 675/1000.
Terminated at swamp 0.5.
The last entry of errorHistory is 0.500328 for index 674790, 675/1000.
Terminated at swamp 0.5.
The last entry of errorHistory is 0.500491 for index 674791, 675/1000.
The last entry of errorHistory is 1.000000 for index 674792, 675/1000.
The last entry of errorHistory is 1.500000 for index 674793, 675/1000.
Terminated at swamp 0.5.
The last entry of errorHistory is 0.500527 for index 674794, 675/1000.
The last entry of errorHistory is 1.000000 for index 674795, 675/1000.
Terminated at swamp 0.5.
The last entry of errorHistory is 0.500203 for index 674796, 675/1000.
The last entry of errorHistory is 1.000000 for index 674797, 675/1000.
Terminated at swamp 0.5.
The last entry of errorHistory is 0.500342 for index 674798, 675/1000.
Terminated at swamp 0.5.
The last entry of errorHistory is 0.500394 for index 674799, 675/1000.
Terminated at swamp 1.
The last entry of errorHistory is 1.000000 for index 674800, 675/1000.
Terminated at swamp 0.5.
The last entry of errorHistory is 0.500356 for index 674801, 675/1000.
The last entry of errorHistory is 0.000004 for index 674802, 675/1000.
Terminated at swamp 0.5.
The last entry of errorHistory is 0.500440 for index 674803, 675/1000.
Terminated at swamp 0.5.
The last entry of errorHistory is 0.500143 for index 674804, 675/1000.
The last entry of errorHistory is 0.000015 for index 674805, 675/1000.
Terminated at swamp 0.5.
The last entry of errorHistory is 0.500715 for index 674806, 675/1000.
The last entry of errorHistory is 1.000000 for index 674807, 675/1000.
Terminated at swamp 1.
The last entry of errorHistory is 1.000135 for index 674808, 675/1000.
Terminated at swamp 0.5.
The last entry of errorHistory is 0.500126 for index 674809, 675/1000.
Terminated at swamp 1.
The last entry of errorHistory is 1.000365 for index 674810, 675/1000.
Terminated at swamp 0.5.
The last entry of errorHistory is 0.500595 for index 674811, 675/1000.
Terminated at swamp 1.
The last entry of errorHistory is 1.000263 for index 674812, 675/1000.
Terminated at swamp 0.5.
The last entry of errorHistory is 0.500180 for index 674813, 675/1000.
Terminated at swamp 0.5.
The last entry of errorHistory is 0.500107 for index 674814, 675/1000.
Terminated at swamp 0.5.
The last entry of errorHistory is 0.500481 for index 674815, 675/1000.
Terminated at swamp 0.5.
The last entry of errorHistory is 0.500340 for index 674816, 675/1000.
Terminated at swamp 1.
The last entry of errorHistory is 1.000263 for index 674817, 675/1000.
The last entry of errorHistory is 0.001701 for index 674818, 675/1000.
The last entry of errorHistory is 1.000000 for index 674819, 675/1000.
Terminated at swamp 0.5.
The last entry of errorHistory is 0.500612 for index 674820, 675/1000.
Terminated at swamp 1.
The last entry of errorHistory is 1.000249 for index 674821, 675/1000.
Terminated at swamp 0.5.
The last entry of errorHistory is 0.500721 for index 674822, 675/1000.
The last entry of errorHistory is 0.000017 for index 674823, 675/1000.
Terminated at swamp 0.5.
The last entry of errorHistory is 0.500513 for index 674824, 675/1000.
Terminated at swamp 1.
The last entry of errorHistory is 1.000000 for index 674825, 675/1000.
Terminated at swamp 1.
The last entry of errorHistory is 1.000343 for index 674826, 675/1000.
Terminated at swamp 0.5.
The last entry of errorHistory is 0.500364 for index 674827, 675/1000.
The last entry of errorHistory is 1.000000 for index 674828, 675/1000.
Terminated at swamp 1.
The last entry of errorHistory is 1.000249 for index 674829, 675/1000.
The last entry of errorHistory is 1.000000 for index 674830, 675/1000.
The last entry of errorHistory is 1.000000 for index 674831, 675/1000.
Terminated at swamp 0.5.
The last entry of errorHistory is 0.500015 for index 674832, 675/1000.
The last entry of errorHistory is 1.000000 for index 674833, 675/1000.
Terminated at swamp 0.5.
The last entry of errorHistory is 0.500259 for index 674834, 675/1000.
Terminated at swamp 0.5.
The last entry of errorHistory is 0.500358 for index 674835, 675/1000.
Terminated at swamp 1.
The last entry of errorHistory is 1.000000 for index 674836, 675/1000.
The last entry of errorHistory is 1.000000 for index 674837, 675/1000.
Terminated at swamp 0.5.
The last entry of errorHistory is 0.500180 for index 674838, 675/1000.
The last entry of errorHistory is 1.000000 for index 674839, 675/1000.
Terminated at swamp 0.5.
The last entry of errorHistory is 0.500061 for index 674840, 675/1000.
The last entry of errorHistory is 0.000014 for index 674841, 675/1000.
The last entry of errorHistory is 1.000000 for index 674842, 675/1000.
Terminated at swamp 0.5.
The last entry of errorHistory is 0.500649 for index 674843, 675/1000.
Terminated at swamp 0.5.
The last entry of errorHistory is 0.500469 for index 674844, 675/1000.
Terminated at swamp 0.5.
The last entry of errorHistory is 0.500024 for index 674845, 675/1000.
Terminated at swamp 1.
The last entry of errorHistory is 1.000387 for index 674846, 675/1000.
Terminated at swamp 1.
The last entry of errorHistory is 1.000001 for index 674847, 675/1000.
Terminated at swamp 0.5.
The last entry of errorHistory is 0.500295 for index 674848, 675/1000.
Terminated at swamp 1.
The last entry of errorHistory is 1.000380 for index 674849, 675/1000.
The last entry of errorHistory is 0.000027 for index 674850, 675/1000.
The last entry of errorHistory is 0.000025 for index 674851, 675/1000.
Terminated at swamp 0.5.
The last entry of errorHistory is 0.500315 for index 674852, 675/1000.
The last entry of errorHistory is 1.500000 for index 674853, 675/1000.
The last entry of errorHistory is 0.000272 for index 674854, 675/1000.
Terminated at swamp 0.5.
The last entry of errorHistory is 0.500567 for index 674855, 675/1000.
Terminated at swamp 0.5.
The last entry of errorHistory is 0.500480 for index 674856, 675/1000.
Terminated at swamp 0.5.
The last entry of errorHistory is 0.500643 for index 674857, 675/1000.
The last entry of errorHistory is 0.000259 for index 674858, 675/1000.
Terminated at swamp 0.5.
The last entry of errorHistory is 0.500257 for index 674859, 675/1000.
Terminated at swamp 0.5.
The last entry of errorHistory is 0.500117 for index 674860, 675/1000.
Terminated at swamp 1.
The last entry of errorHistory is 1.000355 for index 674861, 675/1000.
Terminated at swamp 1.
The last entry of errorHistory is 1.000133 for index 674862, 675/1000.
Terminated at swamp 1.5.
The last entry of errorHistory is 1.500000 for index 674863, 675/1000.
The last entry of errorHistory is 0.500000 for index 674864, 675/1000.
The last entry of errorHistory is 1.000000 for index 674865, 675/1000.
The last entry of errorHistory is 1.000000 for index 674866, 675/1000.
The last entry of errorHistory is 0.000255 for index 674867, 675/1000.
The last entry of errorHistory is 0.000016 for index 674868, 675/1000.
The last entry of errorHistory is 1.000000 for index 674869, 675/1000.
The last entry of errorHistory is 0.000098 for index 674870, 675/1000.
The last entry of errorHistory is 0.000038 for index 674871, 675/1000.
Terminated at swamp 0.5.
The last entry of errorHistory is 0.500465 for index 674872, 675/1000.
Terminated at swamp 0.5.
The last entry of errorHistory is 0.500476 for index 674873, 675/1000.
Terminated at swamp 1.
The last entry of errorHistory is 1.000000 for index 674874, 675/1000.
The last entry of errorHistory is 0.000016 for index 674875, 675/1000.
Terminated at swamp 0.5.
The last entry of errorHistory is 0.500582 for index 674876, 675/1000.
Terminated at swamp 1.
The last entry of errorHistory is 1.000028 for index 674877, 675/1000.
Terminated at swamp 0.5.
The last entry of errorHistory is 0.500040 for index 674878, 675/1000.
The last entry of errorHistory is 1.000000 for index 674879, 675/1000.
The last entry of errorHistory is 1.000000 for index 674880, 675/1000.
Terminated at swamp 0.5.
The last entry of errorHistory is 0.500351 for index 674881, 675/1000.
Terminated at swamp 0.5.
The last entry of errorHistory is 0.500420 for index 674882, 675/1000.
Terminated at swamp 1.
The last entry of errorHistory is 1.000243 for index 674883, 675/1000.
The last entry of errorHistory is 1.000000 for index 674884, 675/1000.
Terminated at swamp 1.
The last entry of errorHistory is 1.000000 for index 674885, 675/1000.
The last entry of errorHistory is 1.000000 for index 674886, 675/1000.
Terminated at swamp 0.5.
The last entry of errorHistory is 0.500090 for index 674887, 675/1000.
Terminated at swamp 0.5.
The last entry of errorHistory is 0.500254 for index 674888, 675/1000.
Terminated at swamp 1.
The last entry of errorHistory is 1.000029 for index 674889, 675/1000.
Terminated at swamp 1.
The last entry of errorHistory is 1.000006 for index 674890, 675/1000.
Terminated at swamp 0.5.
The last entry of errorHistory is 0.500010 for index 674891, 675/1000.
Terminated at swamp 1.
The last entry of errorHistory is 1.000008 for index 674892, 675/1000.
The last entry of errorHistory is 0.000018 for index 674893, 675/1000.
Terminated at swamp 0.5.
The last entry of errorHistory is 0.500285 for index 674894, 675/1000.
Terminated at swamp 1.
The last entry of errorHistory is 1.000002 for index 674895, 675/1000.
Terminated at swamp 0.5.
The last entry of errorHistory is 0.500599 for index 674896, 675/1000.
Terminated at swamp 0.5.
The last entry of errorHistory is 0.500671 for index 674897, 675/1000.
Terminated at swamp 1.
The last entry of errorHistory is 1.000386 for index 674898, 675/1000.
Terminated at swamp 1.
The last entry of errorHistory is 1.000003 for index 674899, 675/1000.
Terminated at swamp 0.5.
The last entry of errorHistory is 0.500518 for index 674900, 675/1000.
Terminated at swamp 1.
The last entry of errorHistory is 1.000016 for index 674901, 675/1000.
Terminated at swamp 0.5.
The last entry of errorHistory is 0.500551 for index 674902, 675/1000.
The last entry of errorHistory is 1.500000 for index 674903, 675/1000.
The last entry of errorHistory is 0.500000 for index 674904, 675/1000.
Terminated at swamp 0.5.
The last entry of errorHistory is 0.500323 for index 674905, 675/1000.
Terminated at swamp 0.5.
The last entry of errorHistory is 0.500269 for index 674906, 675/1000.
The last entry of errorHistory is 1.000000 for index 674907, 675/1000.
Terminated at swamp 0.5.
The last entry of errorHistory is 0.500419 for index 674908, 675/1000.
The last entry of errorHistory is 0.000059 for index 674909, 675/1000.
The last entry of errorHistory is 0.000234 for index 674910, 675/1000.
Terminated at swamp 0.5.
The last entry of errorHistory is 0.500521 for index 674911, 675/1000.
Terminated at swamp 0.5.
The last entry of errorHistory is 0.500492 for index 674912, 675/1000.
Terminated at swamp 1.
The last entry of errorHistory is 1.000343 for index 674913, 675/1000.
Terminated at swamp 0.5.
The last entry of errorHistory is 0.500696 for index 674914, 675/1000.
The last entry of errorHistory is 1.000000 for index 674915, 675/1000.
Terminated at swamp 0.5.
The last entry of errorHistory is 0.500868 for index 674916, 675/1000.
The last entry of errorHistory is 1.000000 for index 674917, 675/1000.
Terminated at swamp 0.5.
The last entry of errorHistory is 0.500463 for index 674918, 675/1000.
Terminated at swamp 0.5.
The last entry of errorHistory is 0.500096 for index 674919, 675/1000.
Terminated at swamp 0.5.
The last entry of errorHistory is 0.500280 for index 674920, 675/1000.
Terminated at swamp 1.
The last entry of errorHistory is 1.000378 for index 674921, 675/1000.
The last entry of errorHistory is 1.000000 for index 674922, 675/1000.
Terminated at swamp 0.5.
The last entry of errorHistory is 0.500492 for index 674923, 675/1000.
Terminated at swamp 0.5.
The last entry of errorHistory is 0.500367 for index 674924, 675/1000.
Terminated at swamp 0.5.
The last entry of errorHistory is 0.500384 for index 674925, 675/1000.
Terminated at swamp 0.5.
The last entry of errorHistory is 0.500293 for index 674926, 675/1000.
The last entry of errorHistory is 1.000000 for index 674927, 675/1000.
Terminated at swamp 0.5.
The last entry of errorHistory is 0.500573 for index 674928, 675/1000.
Terminated at swamp 0.5.
The last entry of errorHistory is 0.500350 for index 674929, 675/1000.
The last entry of errorHistory is 0.500000 for index 674930, 675/1000.
Terminated at swamp 0.5.
The last entry of errorHistory is 0.500899 for index 674931, 675/1000.
The last entry of errorHistory is 0.000149 for index 674932, 675/1000.
The last entry of errorHistory is 0.000026 for index 674933, 675/1000.
Terminated at swamp 0.5.
The last entry of errorHistory is 0.500920 for index 674934, 675/1000.
The last entry of errorHistory is 0.500000 for index 674935, 675/1000.
Terminated at swamp 1.
The last entry of errorHistory is 1.000303 for index 674936, 675/1000.
Terminated at swamp 0.5.
The last entry of errorHistory is 0.500671 for index 674937, 675/1000.
The last entry of errorHistory is 1.000000 for index 674938, 675/1000.
The last entry of errorHistory is 1.000000 for index 674939, 675/1000.
Terminated at swamp 0.5.
The last entry of errorHistory is 0.500509 for index 674940, 675/1000.
Terminated at swamp 1.
The last entry of errorHistory is 1.000287 for index 674941, 675/1000.
Terminated at swamp 0.5.
The last entry of errorHistory is 0.500629 for index 674942, 675/1000.
Terminated at swamp 1.
The last entry of errorHistory is 1.000000 for index 674943, 675/1000.
Terminated at swamp 0.5.
The last entry of errorHistory is 0.499737 for index 674944, 675/1000.
The last entry of errorHistory is 1.000000 for index 674945, 675/1000.
Terminated at swamp 0.5.
The last entry of errorHistory is 0.500209 for index 674946, 675/1000.
The last entry of errorHistory is 0.000985 for index 674947, 675/1000.
Terminated at swamp 0.5.
The last entry of errorHistory is 0.500621 for index 674948, 675/1000.
Terminated at swamp 0.5.
The last entry of errorHistory is 0.500483 for index 674949, 675/1000.
The last entry of errorHistory is 0.500000 for index 674950, 675/1000.
The last entry of errorHistory is 1.000000 for index 674951, 675/1000.
Terminated at swamp 0.5.
The last entry of errorHistory is 0.500010 for index 674952, 675/1000.
The last entry of errorHistory is 1.000000 for index 674953, 675/1000.
The last entry of errorHistory is 0.500000 for index 674954, 675/1000.
Terminated at swamp 0.5.
The last entry of errorHistory is 0.500543 for index 674955, 675/1000.
Terminated at swamp 1.
The last entry of errorHistory is 1.000399 for index 674956, 675/1000.
Terminated at swamp 0.5.
The last entry of errorHistory is 0.500663 for index 674957, 675/1000.
The last entry of errorHistory is 0.000090 for index 674958, 675/1000.
The last entry of errorHistory is 1.000000 for index 674959, 675/1000.
Terminated at swamp 0.5.
The last entry of errorHistory is 0.500561 for index 674960, 675/1000.
The last entry of errorHistory is 0.000146 for index 674961, 675/1000.
Terminated at swamp 0.5.
The last entry of errorHistory is 0.500039 for index 674962, 675/1000.
Terminated at swamp 0.5.
The last entry of errorHistory is 0.500169 for index 674963, 675/1000.
The last entry of errorHistory is 0.000074 for index 674964, 675/1000.
Terminated at swamp 0.5.
The last entry of errorHistory is 0.500486 for index 674965, 675/1000.
Terminated at swamp 0.5.
The last entry of errorHistory is 0.500096 for index 674966, 675/1000.
The last entry of errorHistory is 0.000470 for index 674967, 675/1000.
Terminated at swamp 0.5.
The last entry of errorHistory is 0.500379 for index 674968, 675/1000.
Terminated at swamp 0.5.
The last entry of errorHistory is 0.500147 for index 674969, 675/1000.
Terminated at swamp 0.5.
The last entry of errorHistory is 0.500174 for index 674970, 675/1000.
Terminated at swamp 0.5.
The last entry of errorHistory is 0.500408 for index 674971, 675/1000.
The last entry of errorHistory is 0.000046 for index 674972, 675/1000.
The last entry of errorHistory is 0.000041 for index 674973, 675/1000.
The last entry of errorHistory is 1.000000 for index 674974, 675/1000.
Terminated at swamp 0.5.
The last entry of errorHistory is 0.500624 for index 674975, 675/1000.
Terminated at swamp 1.
The last entry of errorHistory is 1.000196 for index 674976, 675/1000.
Terminated at swamp 0.5.
The last entry of errorHistory is 0.500957 for index 674977, 675/1000.
Terminated at swamp 0.5.
The last entry of errorHistory is 0.500371 for index 674978, 675/1000.
The last entry of errorHistory is 0.000034 for index 674979, 675/1000.
The last entry of errorHistory is 0.500000 for index 674980, 675/1000.
The last entry of errorHistory is 1.000000 for index 674981, 675/1000.
Terminated at swamp 0.5.
The last entry of errorHistory is 0.500000 for index 674982, 675/1000.
Terminated at swamp 0.5.
The last entry of errorHistory is 0.500409 for index 674983, 675/1000.
Terminated at swamp 1.
The last entry of errorHistory is 1.000231 for index 674984, 675/1000.
Terminated at swamp 0.5.
The last entry of errorHistory is 0.500297 for index 674985, 675/1000.
Terminated at swamp 0.5.
The last entry of errorHistory is 0.500500 for index 674986, 675/1000.
The last entry of errorHistory is 1.000000 for index 674987, 675/1000.
Terminated at swamp 0.5.
The last entry of errorHistory is 0.500407 for index 674988, 675/1000.
Terminated at swamp 0.5.
The last entry of errorHistory is 0.500680 for index 674989, 675/1000.
Terminated at swamp 0.5.
The last entry of errorHistory is 0.500103 for index 674990, 675/1000.
Terminated at swamp 0.5.
The last entry of errorHistory is 0.500349 for index 674991, 675/1000.
The last entry of errorHistory is 0.000013 for index 674992, 675/1000.
Terminated at swamp 0.5.
The last entry of errorHistory is 0.500362 for index 674993, 675/1000.
Terminated at swamp 0.5.
The last entry of errorHistory is 0.500136 for index 674994, 675/1000.
The last entry of errorHistory is 0.000086 for index 674995, 675/1000.
Terminated at swamp 0.5.
The last entry of errorHistory is 0.500295 for index 674996, 675/1000.
Terminated at swamp 1.
The last entry of errorHistory is 1.000010 for index 674997, 675/1000.
The last entry of errorHistory is 1.000000 for index 674998, 675/1000.
Terminated at swamp 0.5.
The last entry of errorHistory is 0.500008 for index 674999, 675/1000.
Terminated at swamp 0.5.
The last entry of errorHistory is 0.500138 for index 675000, 675/1000.
