
                            < M A T L A B (R) >
                  Copyright 1984-2018 The MathWorks, Inc.
                   R2018b (9.5.0.944444) 64-bit (glnxa64)
                              August 28, 2018

 
To get started, type doc.
For product information, visit www.mathworks.com.
 
Terminated at swamp 1.
The last entry of errorHistory is 1.000029 for index 67001, 68/1000.
Terminated at swamp 1.
The last entry of errorHistory is 1.000009 for index 67002, 68/1000.
The last entry of errorHistory is 1.500000 for index 67003, 68/1000.
Terminated at swamp 0.5.
The last entry of errorHistory is 0.500745 for index 67004, 68/1000.
Terminated at swamp 0.5.
The last entry of errorHistory is 0.500512 for index 67005, 68/1000.
The last entry of errorHistory is 0.000017 for index 67006, 68/1000.
Terminated at swamp 0.5.
The last entry of errorHistory is 0.500174 for index 67007, 68/1000.
The last entry of errorHistory is 0.000055 for index 67008, 68/1000.
Terminated at swamp 0.5.
The last entry of errorHistory is 0.500610 for index 67009, 68/1000.
Terminated at swamp 1.
The last entry of errorHistory is 1.000000 for index 67010, 68/1000.
Terminated at swamp 1.
The last entry of errorHistory is 1.000000 for index 67011, 68/1000.
The last entry of errorHistory is 0.000022 for index 67012, 68/1000.
The last entry of errorHistory is 1.000000 for index 67013, 68/1000.
Terminated at swamp 0.5.
The last entry of errorHistory is 0.500467 for index 67014, 68/1000.
Terminated at swamp 0.5.
The last entry of errorHistory is 0.500455 for index 67015, 68/1000.
The last entry of errorHistory is 1.500000 for index 67016, 68/1000.
The last entry of errorHistory is 0.000148 for index 67017, 68/1000.
Terminated at swamp 0.5.
The last entry of errorHistory is 0.500208 for index 67018, 68/1000.
The last entry of errorHistory is 0.000049 for index 67019, 68/1000.
Terminated at swamp 0.5.
The last entry of errorHistory is 0.500398 for index 67020, 68/1000.
Terminated at swamp 0.5.
The last entry of errorHistory is 0.500257 for index 67021, 68/1000.
The last entry of errorHistory is 0.500000 for index 67022, 68/1000.
The last entry of errorHistory is 0.500000 for index 67023, 68/1000.
Terminated at swamp 0.5.
The last entry of errorHistory is 0.500000 for index 67024, 68/1000.
Terminated at swamp 0.5.
The last entry of errorHistory is 0.500363 for index 67025, 68/1000.
The last entry of errorHistory is 0.500000 for index 67026, 68/1000.
Terminated at swamp 1.
The last entry of errorHistory is 1.000111 for index 67027, 68/1000.
Terminated at swamp 0.5.
The last entry of errorHistory is 0.500633 for index 67028, 68/1000.
The last entry of errorHistory is 1.000000 for index 67029, 68/1000.
Terminated at swamp 0.5.
The last entry of errorHistory is 0.500565 for index 67030, 68/1000.
Terminated at swamp 0.5.
The last entry of errorHistory is 0.500605 for index 67031, 68/1000.
Terminated at swamp 0.5.
The last entry of errorHistory is 0.500640 for index 67032, 68/1000.
The last entry of errorHistory is 0.500000 for index 67033, 68/1000.
The last entry of errorHistory is 1.000000 for index 67034, 68/1000.
Terminated at swamp 0.5.
The last entry of errorHistory is 0.500003 for index 67035, 68/1000.
Terminated at swamp 0.5.
The last entry of errorHistory is 0.500337 for index 67036, 68/1000.
The last entry of errorHistory is 0.000012 for index 67037, 68/1000.
Terminated at swamp 0.5.
The last entry of errorHistory is 0.500590 for index 67038, 68/1000.
The last entry of errorHistory is 1.000000 for index 67039, 68/1000.
Terminated at swamp 0.5.
The last entry of errorHistory is 0.500566 for index 67040, 68/1000.
Terminated at swamp 0.5.
The last entry of errorHistory is 0.500110 for index 67041, 68/1000.
Terminated at swamp 0.5.
The last entry of errorHistory is 0.500001 for index 67042, 68/1000.
Terminated at swamp 0.5.
The last entry of errorHistory is 0.500324 for index 67043, 68/1000.
Terminated at swamp 0.5.
The last entry of errorHistory is 0.500013 for index 67044, 68/1000.
Terminated at swamp 1.
The last entry of errorHistory is 1.000002 for index 67045, 68/1000.
Terminated at swamp 0.5.
The last entry of errorHistory is 0.500206 for index 67046, 68/1000.
The last entry of errorHistory is 1.000000 for index 67047, 68/1000.
The last entry of errorHistory is 1.000000 for index 67048, 68/1000.
The last entry of errorHistory is 1.500000 for index 67049, 68/1000.
Terminated at swamp 0.5.
The last entry of errorHistory is 0.500026 for index 67050, 68/1000.
The last entry of errorHistory is 1.000000 for index 67051, 68/1000.
Terminated at swamp 0.5.
The last entry of errorHistory is 0.500253 for index 67052, 68/1000.
Terminated at swamp 0.5.
The last entry of errorHistory is 0.500106 for index 67053, 68/1000.
Terminated at swamp 1.
The last entry of errorHistory is 1.000000 for index 67054, 68/1000.
Terminated at swamp 0.5.
The last entry of errorHistory is 0.500632 for index 67055, 68/1000.
Terminated at swamp 1.
The last entry of errorHistory is 1.000031 for index 67056, 68/1000.
Terminated at swamp 0.5.
The last entry of errorHistory is 0.500000 for index 67057, 68/1000.
Terminated at swamp 0.5.
The last entry of errorHistory is 0.500374 for index 67058, 68/1000.
Terminated at swamp 0.5.
The last entry of errorHistory is 0.500554 for index 67059, 68/1000.
Terminated at swamp 1.
The last entry of errorHistory is 1.000342 for index 67060, 68/1000.
Terminated at swamp 1.
The last entry of errorHistory is 1.000083 for index 67061, 68/1000.
Terminated at swamp 0.5.
The last entry of errorHistory is 0.500581 for index 67062, 68/1000.
Terminated at swamp 1.
The last entry of errorHistory is 1.000350 for index 67063, 68/1000.
Terminated at swamp 1.
The last entry of errorHistory is 1.000062 for index 67064, 68/1000.
Terminated at swamp 0.5.
The last entry of errorHistory is 0.500058 for index 67065, 68/1000.
Terminated at swamp 1.
The last entry of errorHistory is 1.000325 for index 67066, 68/1000.
Terminated at swamp 0.5.
The last entry of errorHistory is 0.500901 for index 67067, 68/1000.
Terminated at swamp 1.
The last entry of errorHistory is 1.000000 for index 67068, 68/1000.
Terminated at swamp 1.
The last entry of errorHistory is 1.000135 for index 67069, 68/1000.
Terminated at swamp 0.5.
The last entry of errorHistory is 0.500004 for index 67070, 68/1000.
Terminated at swamp 0.5.
The last entry of errorHistory is 0.500340 for index 67071, 68/1000.
Terminated at swamp 0.5.
The last entry of errorHistory is 0.500458 for index 67072, 68/1000.
Terminated at swamp 0.5.
The last entry of errorHistory is 0.500353 for index 67073, 68/1000.
Terminated at swamp 0.5.
The last entry of errorHistory is 0.500079 for index 67074, 68/1000.
Terminated at swamp 0.5.
The last entry of errorHistory is 0.500116 for index 67075, 68/1000.
The last entry of errorHistory is 0.500000 for index 67076, 68/1000.
Terminated at swamp 0.5.
The last entry of errorHistory is 0.500416 for index 67077, 68/1000.
The last entry of errorHistory is 0.500000 for index 67078, 68/1000.
The last entry of errorHistory is 0.000018 for index 67079, 68/1000.
Terminated at swamp 0.5.
The last entry of errorHistory is 0.500525 for index 67080, 68/1000.
Terminated at swamp 0.5.
The last entry of errorHistory is 0.500378 for index 67081, 68/1000.
Terminated at swamp 1.5.
The last entry of errorHistory is 1.500000 for index 67082, 68/1000.
The last entry of errorHistory is 0.000869 for index 67083, 68/1000.
Terminated at swamp 0.5.
The last entry of errorHistory is 0.500144 for index 67084, 68/1000.
The last entry of errorHistory is 0.500000 for index 67085, 68/1000.
Terminated at swamp 0.5.
The last entry of errorHistory is 0.500559 for index 67086, 68/1000.
Terminated at swamp 0.5.
The last entry of errorHistory is 0.500371 for index 67087, 68/1000.
The last entry of errorHistory is 0.000022 for index 67088, 68/1000.
Terminated at swamp 1.
The last entry of errorHistory is 0.999866 for index 67089, 68/1000.
The last entry of errorHistory is 1.000000 for index 67090, 68/1000.
Terminated at swamp 1.
The last entry of errorHistory is 1.000255 for index 67091, 68/1000.
Terminated at swamp 0.5.
The last entry of errorHistory is 0.500528 for index 67092, 68/1000.
The last entry of errorHistory is 0.500000 for index 67093, 68/1000.
Terminated at swamp 0.5.
The last entry of errorHistory is 0.500420 for index 67094, 68/1000.
Terminated at swamp 1.
The last entry of errorHistory is 1.000063 for index 67095, 68/1000.
Terminated at swamp 0.5.
The last entry of errorHistory is 0.500097 for index 67096, 68/1000.
Terminated at swamp 1.
The last entry of errorHistory is 1.000001 for index 67097, 68/1000.
Terminated at swamp 0.5.
The last entry of errorHistory is 0.500525 for index 67098, 68/1000.
Terminated at swamp 1.
The last entry of errorHistory is 1.000489 for index 67099, 68/1000.
Terminated at swamp 0.5.
The last entry of errorHistory is 0.500000 for index 67100, 68/1000.
Terminated at swamp 0.5.
The last entry of errorHistory is 0.500443 for index 67101, 68/1000.
Terminated at swamp 0.5.
The last entry of errorHistory is 0.500452 for index 67102, 68/1000.
Terminated at swamp 0.5.
The last entry of errorHistory is 0.500000 for index 67103, 68/1000.
Terminated at swamp 0.5.
The last entry of errorHistory is 0.500445 for index 67104, 68/1000.
Terminated at swamp 0.5.
The last entry of errorHistory is 0.500601 for index 67105, 68/1000.
Terminated at swamp 0.5.
The last entry of errorHistory is 0.500406 for index 67106, 68/1000.
Terminated at swamp 0.5.
The last entry of errorHistory is 0.500525 for index 67107, 68/1000.
The last entry of errorHistory is 0.000730 for index 67108, 68/1000.
The last entry of errorHistory is 0.000095 for index 67109, 68/1000.
Terminated at swamp 0.5.
The last entry of errorHistory is 0.500248 for index 67110, 68/1000.
Terminated at swamp 0.5.
The last entry of errorHistory is 0.500474 for index 67111, 68/1000.
Terminated at swamp 1.
The last entry of errorHistory is 1.000000 for index 67112, 68/1000.
The last entry of errorHistory is 1.000000 for index 67113, 68/1000.
Terminated at swamp 0.5.
The last entry of errorHistory is 0.500566 for index 67114, 68/1000.
Terminated at swamp 1.
The last entry of errorHistory is 1.000332 for index 67115, 68/1000.
Terminated at swamp 0.5.
The last entry of errorHistory is 0.500612 for index 67116, 68/1000.
Terminated at swamp 0.5.
The last entry of errorHistory is 0.500087 for index 67117, 68/1000.
Terminated at swamp 1.
The last entry of errorHistory is 1.000014 for index 67118, 68/1000.
Terminated at swamp 0.5.
The last entry of errorHistory is 0.500363 for index 67119, 68/1000.
Terminated at swamp 0.5.
The last entry of errorHistory is 0.500693 for index 67120, 68/1000.
Terminated at swamp 0.5.
The last entry of errorHistory is 0.500424 for index 67121, 68/1000.
Terminated at swamp 0.5.
The last entry of errorHistory is 0.500456 for index 67122, 68/1000.
Terminated at swamp 0.5.
The last entry of errorHistory is 0.500067 for index 67123, 68/1000.
The last entry of errorHistory is 1.000000 for index 67124, 68/1000.
The last entry of errorHistory is 1.000000 for index 67125, 68/1000.
Terminated at swamp 0.5.
The last entry of errorHistory is 0.500103 for index 67126, 68/1000.
Terminated at swamp 0.5.
The last entry of errorHistory is 0.500002 for index 67127, 68/1000.
Terminated at swamp 1.
The last entry of errorHistory is 1.000085 for index 67128, 68/1000.
Terminated at swamp 0.5.
The last entry of errorHistory is 0.500001 for index 67129, 68/1000.
Terminated at swamp 1.
The last entry of errorHistory is 1.000396 for index 67130, 68/1000.
Terminated at swamp 1.
The last entry of errorHistory is 1.000010 for index 67131, 68/1000.
Terminated at swamp 0.5.
The last entry of errorHistory is 0.500474 for index 67132, 68/1000.
Terminated at swamp 0.5.
The last entry of errorHistory is 0.500669 for index 67133, 68/1000.
Terminated at swamp 0.5.
The last entry of errorHistory is 0.500768 for index 67134, 68/1000.
The last entry of errorHistory is 0.000060 for index 67135, 68/1000.
Terminated at swamp 1.
The last entry of errorHistory is 1.000433 for index 67136, 68/1000.
Terminated at swamp 0.5.
The last entry of errorHistory is 0.500297 for index 67137, 68/1000.
Terminated at swamp 0.5.
The last entry of errorHistory is 0.500419 for index 67138, 68/1000.
Terminated at swamp 0.5.
The last entry of errorHistory is 0.500129 for index 67139, 68/1000.
Terminated at swamp 0.5.
The last entry of errorHistory is 0.500001 for index 67140, 68/1000.
The last entry of errorHistory is 1.000000 for index 67141, 68/1000.
Terminated at swamp 0.5.
The last entry of errorHistory is 0.500115 for index 67142, 68/1000.
Terminated at swamp 1.
The last entry of errorHistory is 1.000061 for index 67143, 68/1000.
Terminated at swamp 0.5.
The last entry of errorHistory is 0.500556 for index 67144, 68/1000.
Terminated at swamp 1.
The last entry of errorHistory is 1.000000 for index 67145, 68/1000.
The last entry of errorHistory is 1.000000 for index 67146, 68/1000.
Terminated at swamp 0.5.
The last entry of errorHistory is 0.500542 for index 67147, 68/1000.
Terminated at swamp 1.
The last entry of errorHistory is 1.000028 for index 67148, 68/1000.
Terminated at swamp 0.5.
The last entry of errorHistory is 0.500396 for index 67149, 68/1000.
Terminated at swamp 1.
The last entry of errorHistory is 0.999997 for index 67150, 68/1000.
The last entry of errorHistory is 1.000000 for index 67151, 68/1000.
Terminated at swamp 1.
The last entry of errorHistory is 1.000000 for index 67152, 68/1000.
Terminated at swamp 0.5.
The last entry of errorHistory is 0.500213 for index 67153, 68/1000.
Terminated at swamp 0.5.
The last entry of errorHistory is 0.500243 for index 67154, 68/1000.
The last entry of errorHistory is 0.000021 for index 67155, 68/1000.
Terminated at swamp 0.5.
The last entry of errorHistory is 0.500536 for index 67156, 68/1000.
Terminated at swamp 0.5.
The last entry of errorHistory is 0.500367 for index 67157, 68/1000.
The last entry of errorHistory is 1.000000 for index 67158, 68/1000.
Terminated at swamp 1.
The last entry of errorHistory is 1.000204 for index 67159, 68/1000.
The last entry of errorHistory is 0.500000 for index 67160, 68/1000.
The last entry of errorHistory is 1.000000 for index 67161, 68/1000.
Terminated at swamp 0.5.
The last entry of errorHistory is 0.500382 for index 67162, 68/1000.
Terminated at swamp 0.5.
The last entry of errorHistory is 0.500388 for index 67163, 68/1000.
The last entry of errorHistory is 1.000000 for index 67164, 68/1000.
The last entry of errorHistory is 0.000016 for index 67165, 68/1000.
Terminated at swamp 0.5.
The last entry of errorHistory is 0.500304 for index 67166, 68/1000.
Terminated at swamp 0.5.
The last entry of errorHistory is 0.500664 for index 67167, 68/1000.
The last entry of errorHistory is 1.000000 for index 67168, 68/1000.
Terminated at swamp 0.5.
The last entry of errorHistory is 0.500084 for index 67169, 68/1000.
Terminated at swamp 0.5.
The last entry of errorHistory is 0.500039 for index 67170, 68/1000.
Terminated at swamp 1.
The last entry of errorHistory is 1.000056 for index 67171, 68/1000.
The last entry of errorHistory is 0.000023 for index 67172, 68/1000.
The last entry of errorHistory is 0.000155 for index 67173, 68/1000.
Terminated at swamp 0.5.
The last entry of errorHistory is 0.500437 for index 67174, 68/1000.
The last entry of errorHistory is 0.000912 for index 67175, 68/1000.
Terminated at swamp 0.5.
The last entry of errorHistory is 0.500303 for index 67176, 68/1000.
The last entry of errorHistory is 0.000118 for index 67177, 68/1000.
The last entry of errorHistory is 1.000000 for index 67178, 68/1000.
The last entry of errorHistory is 0.000019 for index 67179, 68/1000.
The last entry of errorHistory is 1.000000 for index 67180, 68/1000.
Terminated at swamp 0.5.
The last entry of errorHistory is 0.500595 for index 67181, 68/1000.
Terminated at swamp 0.5.
The last entry of errorHistory is 0.500283 for index 67182, 68/1000.
Terminated at swamp 0.5.
The last entry of errorHistory is 0.500193 for index 67183, 68/1000.
The last entry of errorHistory is 1.000000 for index 67184, 68/1000.
Terminated at swamp 1.
The last entry of errorHistory is 1.000032 for index 67185, 68/1000.
The last entry of errorHistory is 0.000021 for index 67186, 68/1000.
Terminated at swamp 0.5.
The last entry of errorHistory is 0.500485 for index 67187, 68/1000.
Terminated at swamp 0.5.
The last entry of errorHistory is 0.500517 for index 67188, 68/1000.
Terminated at swamp 0.5.
The last entry of errorHistory is 0.500744 for index 67189, 68/1000.
Terminated at swamp 0.5.
The last entry of errorHistory is 0.500147 for index 67190, 68/1000.
Terminated at swamp 1.
The last entry of errorHistory is 1.000323 for index 67191, 68/1000.
Terminated at swamp 1.
The last entry of errorHistory is 1.000009 for index 67192, 68/1000.
Terminated at swamp 0.5.
The last entry of errorHistory is 0.500401 for index 67193, 68/1000.
Terminated at swamp 1.
The last entry of errorHistory is 1.000033 for index 67194, 68/1000.
The last entry of errorHistory is 1.500000 for index 67195, 68/1000.
Terminated at swamp 0.5.
The last entry of errorHistory is 0.500020 for index 67196, 68/1000.
The last entry of errorHistory is 1.500000 for index 67197, 68/1000.
Terminated at swamp 0.5.
The last entry of errorHistory is 0.500014 for index 67198, 68/1000.
The last entry of errorHistory is 1.000000 for index 67199, 68/1000.
Terminated at swamp 1.
The last entry of errorHistory is 1.000255 for index 67200, 68/1000.
Terminated at swamp 1.
The last entry of errorHistory is 1.000051 for index 67201, 68/1000.
Terminated at swamp 0.5.
The last entry of errorHistory is 0.500273 for index 67202, 68/1000.
Terminated at swamp 0.5.
The last entry of errorHistory is 0.500515 for index 67203, 68/1000.
Terminated at swamp 0.5.
The last entry of errorHistory is 0.500300 for index 67204, 68/1000.
Terminated at swamp 1.
The last entry of errorHistory is 1.000095 for index 67205, 68/1000.
Terminated at swamp 0.5.
The last entry of errorHistory is 0.500387 for index 67206, 68/1000.
Terminated at swamp 0.5.
The last entry of errorHistory is 0.500510 for index 67207, 68/1000.
Terminated at swamp 0.5.
The last entry of errorHistory is 0.500422 for index 67208, 68/1000.
Terminated at swamp 1.
The last entry of errorHistory is 1.000000 for index 67209, 68/1000.
Terminated at swamp 0.5.
The last entry of errorHistory is 0.500231 for index 67210, 68/1000.
Terminated at swamp 0.5.
The last entry of errorHistory is 0.500545 for index 67211, 68/1000.
Terminated at swamp 0.5.
The last entry of errorHistory is 0.500510 for index 67212, 68/1000.
Terminated at swamp 0.5.
The last entry of errorHistory is 0.500508 for index 67213, 68/1000.
The last entry of errorHistory is 0.500000 for index 67214, 68/1000.
Terminated at swamp 1.
The last entry of errorHistory is 1.000236 for index 67215, 68/1000.
The last entry of errorHistory is 1.000000 for index 67216, 68/1000.
Terminated at swamp 0.5.
The last entry of errorHistory is 0.500159 for index 67217, 68/1000.
Terminated at swamp 0.5.
The last entry of errorHistory is 0.500330 for index 67218, 68/1000.
Terminated at swamp 0.5.
The last entry of errorHistory is 0.500377 for index 67219, 68/1000.
Terminated at swamp 0.5.
The last entry of errorHistory is 0.500376 for index 67220, 68/1000.
Terminated at swamp 0.5.
The last entry of errorHistory is 0.500316 for index 67221, 68/1000.
Terminated at swamp 1.
The last entry of errorHistory is 1.000004 for index 67222, 68/1000.
The last entry of errorHistory is 1.000000 for index 67223, 68/1000.
The last entry of errorHistory is 1.500000 for index 67224, 68/1000.
Terminated at swamp 0.5.
The last entry of errorHistory is 0.500656 for index 67225, 68/1000.
Terminated at swamp 0.5.
The last entry of errorHistory is 0.500597 for index 67226, 68/1000.
The last entry of errorHistory is 1.500000 for index 67227, 68/1000.
Terminated at swamp 0.5.
The last entry of errorHistory is 0.500573 for index 67228, 68/1000.
The last entry of errorHistory is 0.000023 for index 67229, 68/1000.
Terminated at swamp 0.5.
The last entry of errorHistory is 0.500437 for index 67230, 68/1000.
Terminated at swamp 0.5.
The last entry of errorHistory is 0.500579 for index 67231, 68/1000.
The last entry of errorHistory is 0.000305 for index 67232, 68/1000.
The last entry of errorHistory is 1.000000 for index 67233, 68/1000.
Terminated at swamp 0.5.
The last entry of errorHistory is 0.500511 for index 67234, 68/1000.
Terminated at swamp 0.5.
The last entry of errorHistory is 0.500426 for index 67235, 68/1000.
The last entry of errorHistory is 0.000029 for index 67236, 68/1000.
Terminated at swamp 1.
The last entry of errorHistory is 1.000064 for index 67237, 68/1000.
The last entry of errorHistory is 0.000613 for index 67238, 68/1000.
Terminated at swamp 0.5.
The last entry of errorHistory is 0.500579 for index 67239, 68/1000.
The last entry of errorHistory is 1.000000 for index 67240, 68/1000.
Terminated at swamp 0.5.
The last entry of errorHistory is 0.500005 for index 67241, 68/1000.
The last entry of errorHistory is 1.000000 for index 67242, 68/1000.
Terminated at swamp 0.5.
The last entry of errorHistory is 0.500630 for index 67243, 68/1000.
Terminated at swamp 0.5.
The last entry of errorHistory is 0.500509 for index 67244, 68/1000.
Terminated at swamp 0.5.
The last entry of errorHistory is 0.500943 for index 67245, 68/1000.
Terminated at swamp 0.5.
The last entry of errorHistory is 0.500162 for index 67246, 68/1000.
Terminated at swamp 0.5.
The last entry of errorHistory is 0.500048 for index 67247, 68/1000.
Terminated at swamp 0.5.
The last entry of errorHistory is 0.500190 for index 67248, 68/1000.
Terminated at swamp 0.5.
The last entry of errorHistory is 0.500467 for index 67249, 68/1000.
Terminated at swamp 0.5.
The last entry of errorHistory is 0.500130 for index 67250, 68/1000.
The last entry of errorHistory is 0.000018 for index 67251, 68/1000.
Terminated at swamp 0.5.
The last entry of errorHistory is 0.500110 for index 67252, 68/1000.
The last entry of errorHistory is 0.000009 for index 67253, 68/1000.
Terminated at swamp 0.5.
The last entry of errorHistory is 0.500439 for index 67254, 68/1000.
Terminated at swamp 1.
The last entry of errorHistory is 1.000007 for index 67255, 68/1000.
Terminated at swamp 0.5.
The last entry of errorHistory is 0.500273 for index 67256, 68/1000.
The last entry of errorHistory is 0.000712 for index 67257, 68/1000.
Terminated at swamp 0.5.
The last entry of errorHistory is 0.500496 for index 67258, 68/1000.
Terminated at swamp 0.5.
The last entry of errorHistory is 0.500687 for index 67259, 68/1000.
The last entry of errorHistory is 0.500000 for index 67260, 68/1000.
Terminated at swamp 0.5.
The last entry of errorHistory is 0.500235 for index 67261, 68/1000.
Terminated at swamp 0.5.
The last entry of errorHistory is 0.500151 for index 67262, 68/1000.
Terminated at swamp 1.
The last entry of errorHistory is 1.000000 for index 67263, 68/1000.
Terminated at swamp 0.5.
The last entry of errorHistory is 0.500289 for index 67264, 68/1000.
The last entry of errorHistory is 1.000000 for index 67265, 68/1000.
Terminated at swamp 0.5.
The last entry of errorHistory is 0.500052 for index 67266, 68/1000.
Terminated at swamp 0.5.
The last entry of errorHistory is 0.500475 for index 67267, 68/1000.
Terminated at swamp 0.5.
The last entry of errorHistory is 0.500361 for index 67268, 68/1000.
Terminated at swamp 1.
The last entry of errorHistory is 1.000106 for index 67269, 68/1000.
Terminated at swamp 1.
The last entry of errorHistory is 1.000025 for index 67270, 68/1000.
The last entry of errorHistory is 1.000000 for index 67271, 68/1000.
The last entry of errorHistory is 0.000037 for index 67272, 68/1000.
The last entry of errorHistory is 1.000000 for index 67273, 68/1000.
Terminated at swamp 0.5.
The last entry of errorHistory is 0.500028 for index 67274, 68/1000.
Terminated at swamp 0.5.
The last entry of errorHistory is 0.500237 for index 67275, 68/1000.
The last entry of errorHistory is 0.000016 for index 67276, 68/1000.
Terminated at swamp 1.
The last entry of errorHistory is 1.000406 for index 67277, 68/1000.
Terminated at swamp 0.5.
The last entry of errorHistory is 0.500036 for index 67278, 68/1000.
Terminated at swamp 0.5.
The last entry of errorHistory is 0.500082 for index 67279, 68/1000.
Terminated at swamp 0.5.
The last entry of errorHistory is 0.500541 for index 67280, 68/1000.
The last entry of errorHistory is 0.000010 for index 67281, 68/1000.
The last entry of errorHistory is 0.500000 for index 67282, 68/1000.
The last entry of errorHistory is 0.000067 for index 67283, 68/1000.
Terminated at swamp 0.5.
The last entry of errorHistory is 0.500898 for index 67284, 68/1000.
Terminated at swamp 0.5.
The last entry of errorHistory is 0.500348 for index 67285, 68/1000.
The last entry of errorHistory is 0.000053 for index 67286, 68/1000.
Terminated at swamp 0.5.
The last entry of errorHistory is 0.500508 for index 67287, 68/1000.
Terminated at swamp 0.5.
The last entry of errorHistory is 0.500277 for index 67288, 68/1000.
The last entry of errorHistory is 0.000022 for index 67289, 68/1000.
Terminated at swamp 0.5.
The last entry of errorHistory is 0.500216 for index 67290, 68/1000.
Terminated at swamp 0.5.
The last entry of errorHistory is 0.500554 for index 67291, 68/1000.
The last entry of errorHistory is 1.000000 for index 67292, 68/1000.
Terminated at swamp 1.
The last entry of errorHistory is 1.000382 for index 67293, 68/1000.
Terminated at swamp 0.5.
The last entry of errorHistory is 0.500485 for index 67294, 68/1000.
The last entry of errorHistory is 1.500000 for index 67295, 68/1000.
Terminated at swamp 0.5.
The last entry of errorHistory is 0.500091 for index 67296, 68/1000.
Terminated at swamp 0.5.
The last entry of errorHistory is 0.500565 for index 67297, 68/1000.
Terminated at swamp 0.5.
The last entry of errorHistory is 0.500334 for index 67298, 68/1000.
The last entry of errorHistory is 1.000000 for index 67299, 68/1000.
The last entry of errorHistory is 0.500000 for index 67300, 68/1000.
Terminated at swamp 0.5.
The last entry of errorHistory is 0.500000 for index 67301, 68/1000.
Terminated at swamp 0.5.
The last entry of errorHistory is 0.500125 for index 67302, 68/1000.
Terminated at swamp 0.5.
The last entry of errorHistory is 0.500321 for index 67303, 68/1000.
The last entry of errorHistory is 1.000000 for index 67304, 68/1000.
Terminated at swamp 1.
The last entry of errorHistory is 1.000002 for index 67305, 68/1000.
Terminated at swamp 0.5.
The last entry of errorHistory is 0.500164 for index 67306, 68/1000.
The last entry of errorHistory is 0.500000 for index 67307, 68/1000.
Terminated at swamp 1.
The last entry of errorHistory is 1.000000 for index 67308, 68/1000.
Terminated at swamp 0.5.
The last entry of errorHistory is 0.500401 for index 67309, 68/1000.
Terminated at swamp 0.5.
The last entry of errorHistory is 0.500528 for index 67310, 68/1000.
Terminated at swamp 1.
The last entry of errorHistory is 1.000054 for index 67311, 68/1000.
The last entry of errorHistory is 0.000089 for index 67312, 68/1000.
Terminated at swamp 1.
The last entry of errorHistory is 1.000002 for index 67313, 68/1000.
Terminated at swamp 1.
The last entry of errorHistory is 1.000351 for index 67314, 68/1000.
Terminated at swamp 0.5.
The last entry of errorHistory is 0.500112 for index 67315, 68/1000.
Terminated at swamp 0.5.
The last entry of errorHistory is 0.499180 for index 67316, 68/1000.
Terminated at swamp 1.
The last entry of errorHistory is 1.000174 for index 67317, 68/1000.
Terminated at swamp 0.5.
The last entry of errorHistory is 0.500418 for index 67318, 68/1000.
Terminated at swamp 1.
The last entry of errorHistory is 1.000310 for index 67319, 68/1000.
The last entry of errorHistory is 0.000119 for index 67320, 68/1000.
Terminated at swamp 0.5.
The last entry of errorHistory is 0.500423 for index 67321, 68/1000.
Terminated at swamp 0.5.
The last entry of errorHistory is 0.500212 for index 67322, 68/1000.
The last entry of errorHistory is 0.000026 for index 67323, 68/1000.
Terminated at swamp 0.5.
The last entry of errorHistory is 0.500244 for index 67324, 68/1000.
Terminated at swamp 0.5.
The last entry of errorHistory is 0.500520 for index 67325, 68/1000.
The last entry of errorHistory is 1.000000 for index 67326, 68/1000.
Terminated at swamp 0.5.
The last entry of errorHistory is 0.500000 for index 67327, 68/1000.
The last entry of errorHistory is 1.000000 for index 67328, 68/1000.
The last entry of errorHistory is 0.000043 for index 67329, 68/1000.
Terminated at swamp 0.5.
The last entry of errorHistory is 0.500741 for index 67330, 68/1000.
Terminated at swamp 0.5.
The last entry of errorHistory is 0.500414 for index 67331, 68/1000.
Terminated at swamp 1.
The last entry of errorHistory is 1.000001 for index 67332, 68/1000.
Terminated at swamp 1.
The last entry of errorHistory is 1.000071 for index 67333, 68/1000.
The last entry of errorHistory is 1.000000 for index 67334, 68/1000.
Terminated at swamp 0.5.
The last entry of errorHistory is 0.500507 for index 67335, 68/1000.
Terminated at swamp 0.5.
The last entry of errorHistory is 0.500159 for index 67336, 68/1000.
Terminated at swamp 0.5.
The last entry of errorHistory is 0.500146 for index 67337, 68/1000.
The last entry of errorHistory is 1.000000 for index 67338, 68/1000.
Terminated at swamp 0.5.
The last entry of errorHistory is 0.500457 for index 67339, 68/1000.
Terminated at swamp 0.5.
The last entry of errorHistory is 0.500569 for index 67340, 68/1000.
Terminated at swamp 0.5.
The last entry of errorHistory is 0.500282 for index 67341, 68/1000.
The last entry of errorHistory is 1.000000 for index 67342, 68/1000.
Terminated at swamp 0.5.
The last entry of errorHistory is 0.500665 for index 67343, 68/1000.
Terminated at swamp 1.
The last entry of errorHistory is 1.000349 for index 67344, 68/1000.
The last entry of errorHistory is 0.500000 for index 67345, 68/1000.
The last entry of errorHistory is 0.500000 for index 67346, 68/1000.
The last entry of errorHistory is 1.500000 for index 67347, 68/1000.
The last entry of errorHistory is 0.000053 for index 67348, 68/1000.
The last entry of errorHistory is 0.500000 for index 67349, 68/1000.
Terminated at swamp 0.5.
The last entry of errorHistory is 0.500762 for index 67350, 68/1000.
Terminated at swamp 0.5.
The last entry of errorHistory is 0.500410 for index 67351, 68/1000.
Terminated at swamp 0.5.
The last entry of errorHistory is 0.500286 for index 67352, 68/1000.
Terminated at swamp 0.5.
The last entry of errorHistory is 0.500507 for index 67353, 68/1000.
Terminated at swamp 0.5.
The last entry of errorHistory is 0.500141 for index 67354, 68/1000.
Terminated at swamp 0.5.
The last entry of errorHistory is 0.500415 for index 67355, 68/1000.
The last entry of errorHistory is 1.000000 for index 67356, 68/1000.
The last entry of errorHistory is 1.000000 for index 67357, 68/1000.
The last entry of errorHistory is 0.000547 for index 67358, 68/1000.
Terminated at swamp 0.5.
The last entry of errorHistory is 0.500565 for index 67359, 68/1000.
The last entry of errorHistory is 1.000000 for index 67360, 68/1000.
Terminated at swamp 0.5.
The last entry of errorHistory is 0.500376 for index 67361, 68/1000.
Terminated at swamp 0.5.
The last entry of errorHistory is 0.500678 for index 67362, 68/1000.
Terminated at swamp 0.5.
The last entry of errorHistory is 0.500475 for index 67363, 68/1000.
Terminated at swamp 0.5.
The last entry of errorHistory is 0.500535 for index 67364, 68/1000.
Terminated at swamp 0.5.
The last entry of errorHistory is 0.500307 for index 67365, 68/1000.
Terminated at swamp 0.5.
The last entry of errorHistory is 0.500503 for index 67366, 68/1000.
Terminated at swamp 0.5.
The last entry of errorHistory is 0.500031 for index 67367, 68/1000.
Terminated at swamp 0.5.
The last entry of errorHistory is 0.500405 for index 67368, 68/1000.
Terminated at swamp 0.5.
The last entry of errorHistory is 0.500412 for index 67369, 68/1000.
The last entry of errorHistory is 0.000027 for index 67370, 68/1000.
Terminated at swamp 0.5.
The last entry of errorHistory is 0.500387 for index 67371, 68/1000.
The last entry of errorHistory is 0.500000 for index 67372, 68/1000.
Terminated at swamp 0.5.
The last entry of errorHistory is 0.500062 for index 67373, 68/1000.
The last entry of errorHistory is 0.000038 for index 67374, 68/1000.
Terminated at swamp 1.
The last entry of errorHistory is 1.000016 for index 67375, 68/1000.
Terminated at swamp 0.5.
The last entry of errorHistory is 0.500123 for index 67376, 68/1000.
Terminated at swamp 1.
The last entry of errorHistory is 1.000000 for index 67377, 68/1000.
Terminated at swamp 0.5.
The last entry of errorHistory is 0.500395 for index 67378, 68/1000.
Terminated at swamp 0.5.
The last entry of errorHistory is 0.500180 for index 67379, 68/1000.
Terminated at swamp 0.5.
The last entry of errorHistory is 0.500403 for index 67380, 68/1000.
Terminated at swamp 0.5.
The last entry of errorHistory is 0.500447 for index 67381, 68/1000.
Terminated at swamp 0.5.
The last entry of errorHistory is 0.500574 for index 67382, 68/1000.
The last entry of errorHistory is 1.000000 for index 67383, 68/1000.
The last entry of errorHistory is 0.000011 for index 67384, 68/1000.
The last entry of errorHistory is 0.000072 for index 67385, 68/1000.
Terminated at swamp 0.5.
The last entry of errorHistory is 0.500119 for index 67386, 68/1000.
Terminated at swamp 1.
The last entry of errorHistory is 1.000364 for index 67387, 68/1000.
The last entry of errorHistory is 1.000000 for index 67388, 68/1000.
Terminated at swamp 0.5.
The last entry of errorHistory is 0.500109 for index 67389, 68/1000.
The last entry of errorHistory is 0.500000 for index 67390, 68/1000.
The last entry of errorHistory is 0.000050 for index 67391, 68/1000.
Terminated at swamp 0.5.
The last entry of errorHistory is 0.500184 for index 67392, 68/1000.
The last entry of errorHistory is 1.000000 for index 67393, 68/1000.
Terminated at swamp 0.5.
The last entry of errorHistory is 0.500047 for index 67394, 68/1000.
Terminated at swamp 1.
The last entry of errorHistory is 1.000064 for index 67395, 68/1000.
Terminated at swamp 1.
The last entry of errorHistory is 1.000229 for index 67396, 68/1000.
Terminated at swamp 1.
The last entry of errorHistory is 1.000504 for index 67397, 68/1000.
The last entry of errorHistory is 0.000764 for index 67398, 68/1000.
Terminated at swamp 0.5.
The last entry of errorHistory is 0.500661 for index 67399, 68/1000.
Terminated at swamp 0.5.
The last entry of errorHistory is 0.500049 for index 67400, 68/1000.
Terminated at swamp 0.5.
The last entry of errorHistory is 0.500038 for index 67401, 68/1000.
Terminated at swamp 0.5.
The last entry of errorHistory is 0.500615 for index 67402, 68/1000.
Terminated at swamp 1.
The last entry of errorHistory is 1.000428 for index 67403, 68/1000.
Terminated at swamp 0.5.
The last entry of errorHistory is 0.500162 for index 67404, 68/1000.
Terminated at swamp 0.5.
The last entry of errorHistory is 0.500044 for index 67405, 68/1000.
The last entry of errorHistory is 0.000055 for index 67406, 68/1000.
Terminated at swamp 1.
The last entry of errorHistory is 1.000020 for index 67407, 68/1000.
Terminated at swamp 0.5.
The last entry of errorHistory is 0.500001 for index 67408, 68/1000.
The last entry of errorHistory is 1.000000 for index 67409, 68/1000.
Terminated at swamp 0.5.
The last entry of errorHistory is 0.500221 for index 67410, 68/1000.
The last entry of errorHistory is 1.000000 for index 67411, 68/1000.
Terminated at swamp 0.5.
The last entry of errorHistory is 0.500392 for index 67412, 68/1000.
Terminated at swamp 1.
The last entry of errorHistory is 1.000040 for index 67413, 68/1000.
Terminated at swamp 0.5.
The last entry of errorHistory is 0.500533 for index 67414, 68/1000.
Terminated at swamp 0.5.
The last entry of errorHistory is 0.500000 for index 67415, 68/1000.
The last entry of errorHistory is 1.000000 for index 67416, 68/1000.
Terminated at swamp 1.
The last entry of errorHistory is 1.000020 for index 67417, 68/1000.
The last entry of errorHistory is 0.000014 for index 67418, 68/1000.
The last entry of errorHistory is 0.000019 for index 67419, 68/1000.
Terminated at swamp 1.
The last entry of errorHistory is 1.000001 for index 67420, 68/1000.
The last entry of errorHistory is 1.000000 for index 67421, 68/1000.
Terminated at swamp 0.5.
The last entry of errorHistory is 0.500001 for index 67422, 68/1000.
Terminated at swamp 1.
The last entry of errorHistory is 1.000000 for index 67423, 68/1000.
Terminated at swamp 1.
The last entry of errorHistory is 1.000293 for index 67424, 68/1000.
Terminated at swamp 0.5.
The last entry of errorHistory is 0.500663 for index 67425, 68/1000.
Terminated at swamp 0.5.
The last entry of errorHistory is 0.500411 for index 67426, 68/1000.
Terminated at swamp 0.5.
The last entry of errorHistory is 0.500251 for index 67427, 68/1000.
The last entry of errorHistory is 0.000081 for index 67428, 68/1000.
Terminated at swamp 0.5.
The last entry of errorHistory is 0.500598 for index 67429, 68/1000.
The last entry of errorHistory is 0.000021 for index 67430, 68/1000.
Terminated at swamp 1.
The last entry of errorHistory is 1.000038 for index 67431, 68/1000.
Terminated at swamp 0.5.
The last entry of errorHistory is 0.500487 for index 67432, 68/1000.
Terminated at swamp 0.5.
The last entry of errorHistory is 0.500316 for index 67433, 68/1000.
The last entry of errorHistory is 0.000014 for index 67434, 68/1000.
Terminated at swamp 0.5.
The last entry of errorHistory is 0.500796 for index 67435, 68/1000.
Terminated at swamp 0.5.
The last entry of errorHistory is 0.500048 for index 67436, 68/1000.
Terminated at swamp 1.
The last entry of errorHistory is 1.000003 for index 67437, 68/1000.
Terminated at swamp 0.5.
The last entry of errorHistory is 0.500018 for index 67438, 68/1000.
The last entry of errorHistory is 0.000040 for index 67439, 68/1000.
Terminated at swamp 1.
The last entry of errorHistory is 1.000293 for index 67440, 68/1000.
Terminated at swamp 0.5.
The last entry of errorHistory is 0.500287 for index 67441, 68/1000.
The last entry of errorHistory is 1.000000 for index 67442, 68/1000.
The last entry of errorHistory is 0.000013 for index 67443, 68/1000.
The last entry of errorHistory is 1.000000 for index 67444, 68/1000.
The last entry of errorHistory is 1.000000 for index 67445, 68/1000.
Terminated at swamp 0.5.
The last entry of errorHistory is 0.500519 for index 67446, 68/1000.
Terminated at swamp 0.5.
The last entry of errorHistory is 0.500451 for index 67447, 68/1000.
Terminated at swamp 0.5.
The last entry of errorHistory is 0.500058 for index 67448, 68/1000.
Terminated at swamp 0.5.
The last entry of errorHistory is 0.500586 for index 67449, 68/1000.
The last entry of errorHistory is 1.000000 for index 67450, 68/1000.
Terminated at swamp 1.
The last entry of errorHistory is 1.000011 for index 67451, 68/1000.
Terminated at swamp 0.5.
The last entry of errorHistory is 0.500174 for index 67452, 68/1000.
Terminated at swamp 1.
The last entry of errorHistory is 1.000027 for index 67453, 68/1000.
The last entry of errorHistory is 0.000632 for index 67454, 68/1000.
The last entry of errorHistory is 1.000000 for index 67455, 68/1000.
Terminated at swamp 0.5.
The last entry of errorHistory is 0.500353 for index 67456, 68/1000.
The last entry of errorHistory is 1.000000 for index 67457, 68/1000.
Terminated at swamp 0.5.
The last entry of errorHistory is 0.500363 for index 67458, 68/1000.
Terminated at swamp 0.5.
The last entry of errorHistory is 0.500147 for index 67459, 68/1000.
Terminated at swamp 0.5.
The last entry of errorHistory is 0.500480 for index 67460, 68/1000.
The last entry of errorHistory is 1.000000 for index 67461, 68/1000.
Terminated at swamp 0.5.
The last entry of errorHistory is 0.500442 for index 67462, 68/1000.
Terminated at swamp 0.5.
The last entry of errorHistory is 0.500044 for index 67463, 68/1000.
The last entry of errorHistory is 1.000000 for index 67464, 68/1000.
The last entry of errorHistory is 1.000000 for index 67465, 68/1000.
Terminated at swamp 0.5.
The last entry of errorHistory is 0.500357 for index 67466, 68/1000.
The last entry of errorHistory is 0.500000 for index 67467, 68/1000.
Terminated at swamp 0.5.
The last entry of errorHistory is 0.500625 for index 67468, 68/1000.
Terminated at swamp 0.5.
The last entry of errorHistory is 0.500631 for index 67469, 68/1000.
Terminated at swamp 0.5.
The last entry of errorHistory is 0.500137 for index 67470, 68/1000.
Terminated at swamp 1.
The last entry of errorHistory is 1.000322 for index 67471, 68/1000.
The last entry of errorHistory is 1.500000 for index 67472, 68/1000.
Terminated at swamp 1.
The last entry of errorHistory is 1.000045 for index 67473, 68/1000.
Terminated at swamp 0.5.
The last entry of errorHistory is 0.500510 for index 67474, 68/1000.
Terminated at swamp 0.5.
The last entry of errorHistory is 0.500328 for index 67475, 68/1000.
Terminated at swamp 1.
The last entry of errorHistory is 1.000110 for index 67476, 68/1000.
Terminated at swamp 0.5.
The last entry of errorHistory is 0.500245 for index 67477, 68/1000.
The last entry of errorHistory is 1.500000 for index 67478, 68/1000.
The last entry of errorHistory is 0.500000 for index 67479, 68/1000.
The last entry of errorHistory is 1.000000 for index 67480, 68/1000.
The last entry of errorHistory is 0.500000 for index 67481, 68/1000.
Terminated at swamp 0.5.
The last entry of errorHistory is 0.500614 for index 67482, 68/1000.
Terminated at swamp 0.5.
The last entry of errorHistory is 0.500389 for index 67483, 68/1000.
Terminated at swamp 0.5.
The last entry of errorHistory is 0.500325 for index 67484, 68/1000.
Terminated at swamp 0.5.
The last entry of errorHistory is 0.500474 for index 67485, 68/1000.
Terminated at swamp 0.5.
The last entry of errorHistory is 0.500570 for index 67486, 68/1000.
Terminated at swamp 0.5.
The last entry of errorHistory is 0.500350 for index 67487, 68/1000.
Terminated at swamp 1.
The last entry of errorHistory is 1.000290 for index 67488, 68/1000.
Terminated at swamp 0.5.
The last entry of errorHistory is 0.500420 for index 67489, 68/1000.
Terminated at swamp 0.5.
The last entry of errorHistory is 0.500608 for index 67490, 68/1000.
Terminated at swamp 1.
The last entry of errorHistory is 1.000000 for index 67491, 68/1000.
The last entry of errorHistory is 0.000473 for index 67492, 68/1000.
Terminated at swamp 1.
The last entry of errorHistory is 1.000010 for index 67493, 68/1000.
Terminated at swamp 0.5.
The last entry of errorHistory is 0.500059 for index 67494, 68/1000.
Terminated at swamp 0.5.
The last entry of errorHistory is 0.500575 for index 67495, 68/1000.
Terminated at swamp 0.5.
The last entry of errorHistory is 0.500359 for index 67496, 68/1000.
The last entry of errorHistory is 0.000008 for index 67497, 68/1000.
Terminated at swamp 0.5.
The last entry of errorHistory is 0.500307 for index 67498, 68/1000.
The last entry of errorHistory is 0.000019 for index 67499, 68/1000.
Terminated at swamp 0.5.
The last entry of errorHistory is 0.500386 for index 67500, 68/1000.
The last entry of errorHistory is 0.001041 for index 67501, 68/1000.
Terminated at swamp 1.
The last entry of errorHistory is 1.000065 for index 67502, 68/1000.
The last entry of errorHistory is 0.000012 for index 67503, 68/1000.
Terminated at swamp 1.
The last entry of errorHistory is 1.000066 for index 67504, 68/1000.
Terminated at swamp 0.5.
The last entry of errorHistory is 0.500214 for index 67505, 68/1000.
Terminated at swamp 0.5.
The last entry of errorHistory is 0.500268 for index 67506, 68/1000.
Terminated at swamp 0.5.
The last entry of errorHistory is 0.500379 for index 67507, 68/1000.
Terminated at swamp 1.
The last entry of errorHistory is 1.000000 for index 67508, 68/1000.
Terminated at swamp 0.5.
The last entry of errorHistory is 0.500551 for index 67509, 68/1000.
The last entry of errorHistory is 0.500000 for index 67510, 68/1000.
The last entry of errorHistory is 0.000129 for index 67511, 68/1000.
Terminated at swamp 0.5.
The last entry of errorHistory is 0.500319 for index 67512, 68/1000.
Terminated at swamp 0.5.
The last entry of errorHistory is 0.500402 for index 67513, 68/1000.
Terminated at swamp 1.
The last entry of errorHistory is 1.000300 for index 67514, 68/1000.
Terminated at swamp 0.5.
The last entry of errorHistory is 0.500472 for index 67515, 68/1000.
Terminated at swamp 1.
The last entry of errorHistory is 1.000118 for index 67516, 68/1000.
Terminated at swamp 0.5.
The last entry of errorHistory is 0.500331 for index 67517, 68/1000.
The last entry of errorHistory is 1.000000 for index 67518, 68/1000.
Terminated at swamp 0.5.
The last entry of errorHistory is 0.500329 for index 67519, 68/1000.
The last entry of errorHistory is 0.500000 for index 67520, 68/1000.
Terminated at swamp 0.5.
The last entry of errorHistory is 0.500462 for index 67521, 68/1000.
Terminated at swamp 0.5.
The last entry of errorHistory is 0.500617 for index 67522, 68/1000.
Terminated at swamp 0.5.
The last entry of errorHistory is 0.500472 for index 67523, 68/1000.
The last entry of errorHistory is 1.000000 for index 67524, 68/1000.
Terminated at swamp 1.
The last entry of errorHistory is 1.000003 for index 67525, 68/1000.
Terminated at swamp 0.5.
The last entry of errorHistory is 0.500412 for index 67526, 68/1000.
The last entry of errorHistory is 1.000000 for index 67527, 68/1000.
The last entry of errorHistory is 1.500000 for index 67528, 68/1000.
The last entry of errorHistory is 0.000012 for index 67529, 68/1000.
Terminated at swamp 1.
The last entry of errorHistory is 1.000455 for index 67530, 68/1000.
Terminated at swamp 0.5.
The last entry of errorHistory is 0.500500 for index 67531, 68/1000.
Terminated at swamp 0.5.
The last entry of errorHistory is 0.500280 for index 67532, 68/1000.
Terminated at swamp 0.5.
The last entry of errorHistory is 0.500626 for index 67533, 68/1000.
Terminated at swamp 0.5.
The last entry of errorHistory is 0.500353 for index 67534, 68/1000.
Terminated at swamp 0.5.
The last entry of errorHistory is 0.500506 for index 67535, 68/1000.
The last entry of errorHistory is 1.000000 for index 67536, 68/1000.
Terminated at swamp 0.5.
The last entry of errorHistory is 0.500433 for index 67537, 68/1000.
Terminated at swamp 0.5.
The last entry of errorHistory is 0.500397 for index 67538, 68/1000.
The last entry of errorHistory is 0.000547 for index 67539, 68/1000.
Terminated at swamp 0.5.
The last entry of errorHistory is 0.500243 for index 67540, 68/1000.
The last entry of errorHistory is 1.000000 for index 67541, 68/1000.
The last entry of errorHistory is 1.000000 for index 67542, 68/1000.
Terminated at swamp 1.
The last entry of errorHistory is 1.000436 for index 67543, 68/1000.
Terminated at swamp 0.5.
The last entry of errorHistory is 0.500403 for index 67544, 68/1000.
Terminated at swamp 0.5.
The last entry of errorHistory is 0.500557 for index 67545, 68/1000.
The last entry of errorHistory is 1.000000 for index 67546, 68/1000.
Terminated at swamp 0.5.
The last entry of errorHistory is 0.500534 for index 67547, 68/1000.
Terminated at swamp 0.5.
The last entry of errorHistory is 0.500556 for index 67548, 68/1000.
Terminated at swamp 1.
The last entry of errorHistory is 1.000030 for index 67549, 68/1000.
The last entry of errorHistory is 0.000143 for index 67550, 68/1000.
The last entry of errorHistory is 0.500000 for index 67551, 68/1000.
The last entry of errorHistory is 0.500000 for index 67552, 68/1000.
Terminated at swamp 1.
The last entry of errorHistory is 1.000005 for index 67553, 68/1000.
Terminated at swamp 1.
The last entry of errorHistory is 1.000200 for index 67554, 68/1000.
Terminated at swamp 0.5.
The last entry of errorHistory is 0.500252 for index 67555, 68/1000.
Terminated at swamp 0.5.
The last entry of errorHistory is 0.500416 for index 67556, 68/1000.
The last entry of errorHistory is 1.000000 for index 67557, 68/1000.
Terminated at swamp 0.5.
The last entry of errorHistory is 0.500307 for index 67558, 68/1000.
Terminated at swamp 0.5.
The last entry of errorHistory is 0.500013 for index 67559, 68/1000.
Terminated at swamp 0.5.
The last entry of errorHistory is 0.500102 for index 67560, 68/1000.
Terminated at swamp 0.5.
The last entry of errorHistory is 0.500470 for index 67561, 68/1000.
Terminated at swamp 1.
The last entry of errorHistory is 1.000000 for index 67562, 68/1000.
Terminated at swamp 0.5.
The last entry of errorHistory is 0.500494 for index 67563, 68/1000.
Terminated at swamp 0.5.
The last entry of errorHistory is 0.500588 for index 67564, 68/1000.
Terminated at swamp 0.5.
The last entry of errorHistory is 0.500492 for index 67565, 68/1000.
Terminated at swamp 1.
The last entry of errorHistory is 1.000000 for index 67566, 68/1000.
Terminated at swamp 1.
The last entry of errorHistory is 1.000017 for index 67567, 68/1000.
Terminated at swamp 0.5.
The last entry of errorHistory is 0.500589 for index 67568, 68/1000.
Terminated at swamp 1.
The last entry of errorHistory is 1.000003 for index 67569, 68/1000.
Terminated at swamp 0.5.
The last entry of errorHistory is 0.500435 for index 67570, 68/1000.
Terminated at swamp 0.5.
The last entry of errorHistory is 0.500920 for index 67571, 68/1000.
Terminated at swamp 1.
The last entry of errorHistory is 1.000000 for index 67572, 68/1000.
Terminated at swamp 0.5.
The last entry of errorHistory is 0.500125 for index 67573, 68/1000.
Terminated at swamp 0.5.
The last entry of errorHistory is 0.500251 for index 67574, 68/1000.
Terminated at swamp 1.
The last entry of errorHistory is 1.000012 for index 67575, 68/1000.
Terminated at swamp 0.5.
The last entry of errorHistory is 0.500502 for index 67576, 68/1000.
Terminated at swamp 0.5.
The last entry of errorHistory is 0.500154 for index 67577, 68/1000.
The last entry of errorHistory is 0.500000 for index 67578, 68/1000.
The last entry of errorHistory is 0.000845 for index 67579, 68/1000.
Terminated at swamp 0.5.
The last entry of errorHistory is 0.500674 for index 67580, 68/1000.
Terminated at swamp 1.
The last entry of errorHistory is 1.000424 for index 67581, 68/1000.
Terminated at swamp 1.
The last entry of errorHistory is 1.000036 for index 67582, 68/1000.
Terminated at swamp 0.5.
The last entry of errorHistory is 0.500350 for index 67583, 68/1000.
Terminated at swamp 0.5.
The last entry of errorHistory is 0.500483 for index 67584, 68/1000.
Terminated at swamp 1.
The last entry of errorHistory is 1.000000 for index 67585, 68/1000.
The last entry of errorHistory is 0.000022 for index 67586, 68/1000.
The last entry of errorHistory is 0.500000 for index 67587, 68/1000.
Terminated at swamp 1.
The last entry of errorHistory is 1.000000 for index 67588, 68/1000.
The last entry of errorHistory is 0.003018 for index 67589, 68/1000.
The last entry of errorHistory is 0.000037 for index 67590, 68/1000.
Terminated at swamp 0.5.
The last entry of errorHistory is 0.500726 for index 67591, 68/1000.
Terminated at swamp 0.5.
The last entry of errorHistory is 0.500428 for index 67592, 68/1000.
The last entry of errorHistory is 1.000000 for index 67593, 68/1000.
Terminated at swamp 0.5.
The last entry of errorHistory is 0.500151 for index 67594, 68/1000.
Terminated at swamp 1.
The last entry of errorHistory is 1.000099 for index 67595, 68/1000.
Terminated at swamp 1.
The last entry of errorHistory is 1.000358 for index 67596, 68/1000.
The last entry of errorHistory is 0.000028 for index 67597, 68/1000.
Terminated at swamp 1.
The last entry of errorHistory is 1.000005 for index 67598, 68/1000.
The last entry of errorHistory is 0.000014 for index 67599, 68/1000.
Terminated at swamp 0.5.
The last entry of errorHistory is 0.500430 for index 67600, 68/1000.
The last entry of errorHistory is 0.500000 for index 67601, 68/1000.
Terminated at swamp 0.5.
The last entry of errorHistory is 0.500243 for index 67602, 68/1000.
The last entry of errorHistory is 0.000050 for index 67603, 68/1000.
Terminated at swamp 1.
The last entry of errorHistory is 1.000046 for index 67604, 68/1000.
Terminated at swamp 0.5.
The last entry of errorHistory is 0.500538 for index 67605, 68/1000.
The last entry of errorHistory is 0.500000 for index 67606, 68/1000.
Terminated at swamp 0.5.
The last entry of errorHistory is 0.500027 for index 67607, 68/1000.
The last entry of errorHistory is 0.000028 for index 67608, 68/1000.
Terminated at swamp 0.5.
The last entry of errorHistory is 0.500486 for index 67609, 68/1000.
Terminated at swamp 0.5.
The last entry of errorHistory is 0.500267 for index 67610, 68/1000.
The last entry of errorHistory is 0.000021 for index 67611, 68/1000.
Terminated at swamp 0.5.
The last entry of errorHistory is 0.500512 for index 67612, 68/1000.
Terminated at swamp 1.
The last entry of errorHistory is 1.000068 for index 67613, 68/1000.
Terminated at swamp 0.5.
The last entry of errorHistory is 0.500475 for index 67614, 68/1000.
The last entry of errorHistory is 0.500000 for index 67615, 68/1000.
The last entry of errorHistory is 1.000000 for index 67616, 68/1000.
Terminated at swamp 0.5.
The last entry of errorHistory is 0.500660 for index 67617, 68/1000.
Terminated at swamp 0.5.
The last entry of errorHistory is 0.500324 for index 67618, 68/1000.
Terminated at swamp 1.
The last entry of errorHistory is 1.000064 for index 67619, 68/1000.
Terminated at swamp 0.5.
The last entry of errorHistory is 0.500043 for index 67620, 68/1000.
Terminated at swamp 0.5.
The last entry of errorHistory is 0.500597 for index 67621, 68/1000.
Terminated at swamp 0.5.
The last entry of errorHistory is 0.500003 for index 67622, 68/1000.
Terminated at swamp 0.5.
The last entry of errorHistory is 0.500653 for index 67623, 68/1000.
Terminated at swamp 0.5.
The last entry of errorHistory is 0.500608 for index 67624, 68/1000.
Terminated at swamp 0.5.
The last entry of errorHistory is 0.500423 for index 67625, 68/1000.
Terminated at swamp 0.5.
The last entry of errorHistory is 0.500387 for index 67626, 68/1000.
Terminated at swamp 0.5.
The last entry of errorHistory is 0.500952 for index 67627, 68/1000.
The last entry of errorHistory is 1.000000 for index 67628, 68/1000.
The last entry of errorHistory is 0.000014 for index 67629, 68/1000.
The last entry of errorHistory is 1.000000 for index 67630, 68/1000.
The last entry of errorHistory is 0.500000 for index 67631, 68/1000.
The last entry of errorHistory is 1.000000 for index 67632, 68/1000.
The last entry of errorHistory is 0.000058 for index 67633, 68/1000.
Terminated at swamp 0.5.
The last entry of errorHistory is 0.500047 for index 67634, 68/1000.
The last entry of errorHistory is 0.500000 for index 67635, 68/1000.
Terminated at swamp 0.5.
The last entry of errorHistory is 0.500349 for index 67636, 68/1000.
The last entry of errorHistory is 1.000000 for index 67637, 68/1000.
The last entry of errorHistory is 1.500000 for index 67638, 68/1000.
Terminated at swamp 0.5.
The last entry of errorHistory is 0.500791 for index 67639, 68/1000.
The last entry of errorHistory is 0.000009 for index 67640, 68/1000.
Terminated at swamp 0.5.
The last entry of errorHistory is 0.500822 for index 67641, 68/1000.
The last entry of errorHistory is 0.500000 for index 67642, 68/1000.
The last entry of errorHistory is 1.000000 for index 67643, 68/1000.
Terminated at swamp 0.5.
The last entry of errorHistory is 0.500318 for index 67644, 68/1000.
Terminated at swamp 1.
The last entry of errorHistory is 1.000552 for index 67645, 68/1000.
The last entry of errorHistory is 0.000130 for index 67646, 68/1000.
Terminated at swamp 1.
The last entry of errorHistory is 1.000042 for index 67647, 68/1000.
Terminated at swamp 0.5.
The last entry of errorHistory is 0.500317 for index 67648, 68/1000.
Terminated at swamp 0.5.
The last entry of errorHistory is 0.500436 for index 67649, 68/1000.
Terminated at swamp 1.
The last entry of errorHistory is 1.000000 for index 67650, 68/1000.
Terminated at swamp 0.5.
The last entry of errorHistory is 0.500457 for index 67651, 68/1000.
Terminated at swamp 0.5.
The last entry of errorHistory is 0.500252 for index 67652, 68/1000.
Terminated at swamp 1.
The last entry of errorHistory is 1.000367 for index 67653, 68/1000.
Terminated at swamp 0.5.
The last entry of errorHistory is 0.500136 for index 67654, 68/1000.
Terminated at swamp 1.
The last entry of errorHistory is 1.000001 for index 67655, 68/1000.
Terminated at swamp 0.5.
The last entry of errorHistory is 0.500588 for index 67656, 68/1000.
Terminated at swamp 0.5.
The last entry of errorHistory is 0.500052 for index 67657, 68/1000.
Terminated at swamp 0.5.
The last entry of errorHistory is 0.500240 for index 67658, 68/1000.
Terminated at swamp 0.5.
The last entry of errorHistory is 0.500112 for index 67659, 68/1000.
Terminated at swamp 0.5.
The last entry of errorHistory is 0.500493 for index 67660, 68/1000.
Terminated at swamp 0.5.
The last entry of errorHistory is 0.500552 for index 67661, 68/1000.
The last entry of errorHistory is 0.000016 for index 67662, 68/1000.
The last entry of errorHistory is 1.000000 for index 67663, 68/1000.
Terminated at swamp 0.5.
The last entry of errorHistory is 0.500005 for index 67664, 68/1000.
Terminated at swamp 0.5.
The last entry of errorHistory is 0.500065 for index 67665, 68/1000.
The last entry of errorHistory is 0.000015 for index 67666, 68/1000.
Terminated at swamp 0.5.
The last entry of errorHistory is 0.500000 for index 67667, 68/1000.
Terminated at swamp 1.
The last entry of errorHistory is 1.000121 for index 67668, 68/1000.
The last entry of errorHistory is 0.000434 for index 67669, 68/1000.
Terminated at swamp 0.5.
The last entry of errorHistory is 0.500524 for index 67670, 68/1000.
Terminated at swamp 1.
The last entry of errorHistory is 1.000218 for index 67671, 68/1000.
The last entry of errorHistory is 1.000000 for index 67672, 68/1000.
The last entry of errorHistory is 1.000000 for index 67673, 68/1000.
Terminated at swamp 0.5.
The last entry of errorHistory is 0.500468 for index 67674, 68/1000.
Terminated at swamp 0.5.
The last entry of errorHistory is 0.500443 for index 67675, 68/1000.
Terminated at swamp 0.5.
The last entry of errorHistory is 0.500209 for index 67676, 68/1000.
Terminated at swamp 0.5.
The last entry of errorHistory is 0.500540 for index 67677, 68/1000.
Terminated at swamp 1.
The last entry of errorHistory is 1.000000 for index 67678, 68/1000.
Terminated at swamp 0.5.
The last entry of errorHistory is 0.500028 for index 67679, 68/1000.
Terminated at swamp 0.5.
The last entry of errorHistory is 0.500414 for index 67680, 68/1000.
Terminated at swamp 0.5.
The last entry of errorHistory is 0.500413 for index 67681, 68/1000.
Terminated at swamp 1.
The last entry of errorHistory is 1.000139 for index 67682, 68/1000.
Terminated at swamp 1.
The last entry of errorHistory is 1.000175 for index 67683, 68/1000.
The last entry of errorHistory is 0.000477 for index 67684, 68/1000.
The last entry of errorHistory is 0.500000 for index 67685, 68/1000.
The last entry of errorHistory is 0.000116 for index 67686, 68/1000.
The last entry of errorHistory is 0.500000 for index 67687, 68/1000.
Terminated at swamp 0.5.
The last entry of errorHistory is 0.500281 for index 67688, 68/1000.
The last entry of errorHistory is 1.000000 for index 67689, 68/1000.
Terminated at swamp 0.5.
The last entry of errorHistory is 0.500220 for index 67690, 68/1000.
The last entry of errorHistory is 0.500000 for index 67691, 68/1000.
The last entry of errorHistory is 0.000468 for index 67692, 68/1000.
Terminated at swamp 1.
The last entry of errorHistory is 1.000000 for index 67693, 68/1000.
Terminated at swamp 0.5.
The last entry of errorHistory is 0.500589 for index 67694, 68/1000.
The last entry of errorHistory is 1.000000 for index 67695, 68/1000.
Terminated at swamp 0.5.
The last entry of errorHistory is 0.500560 for index 67696, 68/1000.
The last entry of errorHistory is 1.000000 for index 67697, 68/1000.
Terminated at swamp 0.5.
The last entry of errorHistory is 0.500346 for index 67698, 68/1000.
Terminated at swamp 0.5.
The last entry of errorHistory is 0.500636 for index 67699, 68/1000.
Terminated at swamp 1.
The last entry of errorHistory is 1.000481 for index 67700, 68/1000.
Terminated at swamp 1.
The last entry of errorHistory is 1.000135 for index 67701, 68/1000.
Terminated at swamp 0.5.
The last entry of errorHistory is 0.500096 for index 67702, 68/1000.
Terminated at swamp 1.
The last entry of errorHistory is 1.000202 for index 67703, 68/1000.
The last entry of errorHistory is 0.000884 for index 67704, 68/1000.
Terminated at swamp 0.5.
The last entry of errorHistory is 0.500622 for index 67705, 68/1000.
Terminated at swamp 0.5.
The last entry of errorHistory is 0.500770 for index 67706, 68/1000.
Terminated at swamp 0.5.
The last entry of errorHistory is 0.500638 for index 67707, 68/1000.
Terminated at swamp 0.5.
The last entry of errorHistory is 0.500315 for index 67708, 68/1000.
Terminated at swamp 0.5.
The last entry of errorHistory is 0.500602 for index 67709, 68/1000.
The last entry of errorHistory is 1.000000 for index 67710, 68/1000.
Terminated at swamp 0.5.
The last entry of errorHistory is 0.500554 for index 67711, 68/1000.
Terminated at swamp 0.5.
The last entry of errorHistory is 0.500417 for index 67712, 68/1000.
Terminated at swamp 0.5.
The last entry of errorHistory is 0.500588 for index 67713, 68/1000.
Terminated at swamp 1.
The last entry of errorHistory is 1.000000 for index 67714, 68/1000.
Terminated at swamp 0.5.
The last entry of errorHistory is 0.500279 for index 67715, 68/1000.
The last entry of errorHistory is 0.000014 for index 67716, 68/1000.
Terminated at swamp 1.
The last entry of errorHistory is 1.000271 for index 67717, 68/1000.
The last entry of errorHistory is 1.500000 for index 67718, 68/1000.
The last entry of errorHistory is 0.000021 for index 67719, 68/1000.
The last entry of errorHistory is 0.000041 for index 67720, 68/1000.
Terminated at swamp 0.5.
The last entry of errorHistory is 0.500289 for index 67721, 68/1000.
The last entry of errorHistory is 1.500000 for index 67722, 68/1000.
The last entry of errorHistory is 1.500000 for index 67723, 68/1000.
Terminated at swamp 0.5.
The last entry of errorHistory is 0.500125 for index 67724, 68/1000.
Terminated at swamp 0.5.
The last entry of errorHistory is 0.500396 for index 67725, 68/1000.
Terminated at swamp 0.5.
The last entry of errorHistory is 0.500175 for index 67726, 68/1000.
Terminated at swamp 0.5.
The last entry of errorHistory is 0.500247 for index 67727, 68/1000.
Terminated at swamp 0.5.
The last entry of errorHistory is 0.500440 for index 67728, 68/1000.
Terminated at swamp 1.
The last entry of errorHistory is 1.000245 for index 67729, 68/1000.
Terminated at swamp 1.
The last entry of errorHistory is 1.000322 for index 67730, 68/1000.
The last entry of errorHistory is 1.500000 for index 67731, 68/1000.
Terminated at swamp 1.
The last entry of errorHistory is 1.000042 for index 67732, 68/1000.
The last entry of errorHistory is 0.500000 for index 67733, 68/1000.
Terminated at swamp 0.5.
The last entry of errorHistory is 0.500410 for index 67734, 68/1000.
Terminated at swamp 0.5.
The last entry of errorHistory is 0.500446 for index 67735, 68/1000.
The last entry of errorHistory is 0.500000 for index 67736, 68/1000.
Terminated at swamp 0.5.
The last entry of errorHistory is 0.500479 for index 67737, 68/1000.
The last entry of errorHistory is 1.000000 for index 67738, 68/1000.
The last entry of errorHistory is 1.000000 for index 67739, 68/1000.
The last entry of errorHistory is 1.000000 for index 67740, 68/1000.
Terminated at swamp 0.5.
The last entry of errorHistory is 0.500688 for index 67741, 68/1000.
Terminated at swamp 0.5.
The last entry of errorHistory is 0.500556 for index 67742, 68/1000.
Terminated at swamp 0.5.
The last entry of errorHistory is 0.500240 for index 67743, 68/1000.
The last entry of errorHistory is 1.000000 for index 67744, 68/1000.
The last entry of errorHistory is 1.000000 for index 67745, 68/1000.
The last entry of errorHistory is 0.500000 for index 67746, 68/1000.
Terminated at swamp 0.5.
The last entry of errorHistory is 0.500164 for index 67747, 68/1000.
Terminated at swamp 0.5.
The last entry of errorHistory is 0.500370 for index 67748, 68/1000.
The last entry of errorHistory is 1.000000 for index 67749, 68/1000.
The last entry of errorHistory is 0.000107 for index 67750, 68/1000.
Terminated at swamp 0.5.
The last entry of errorHistory is 0.500413 for index 67751, 68/1000.
The last entry of errorHistory is 1.000000 for index 67752, 68/1000.
The last entry of errorHistory is 1.000000 for index 67753, 68/1000.
Terminated at swamp 0.5.
The last entry of errorHistory is 0.500557 for index 67754, 68/1000.
Terminated at swamp 1.
The last entry of errorHistory is 1.000038 for index 67755, 68/1000.
Terminated at swamp 0.5.
The last entry of errorHistory is 0.500003 for index 67756, 68/1000.
Terminated at swamp 0.5.
The last entry of errorHistory is 0.500393 for index 67757, 68/1000.
The last entry of errorHistory is 0.500000 for index 67758, 68/1000.
Terminated at swamp 1.
The last entry of errorHistory is 1.000047 for index 67759, 68/1000.
Terminated at swamp 0.5.
The last entry of errorHistory is 0.500601 for index 67760, 68/1000.
The last entry of errorHistory is 0.000004 for index 67761, 68/1000.
Terminated at swamp 1.
The last entry of errorHistory is 1.000000 for index 67762, 68/1000.
Terminated at swamp 0.5.
The last entry of errorHistory is 0.500034 for index 67763, 68/1000.
The last entry of errorHistory is 0.500000 for index 67764, 68/1000.
Terminated at swamp 0.5.
The last entry of errorHistory is 0.500000 for index 67765, 68/1000.
The last entry of errorHistory is 0.002927 for index 67766, 68/1000.
Terminated at swamp 0.5.
The last entry of errorHistory is 0.500371 for index 67767, 68/1000.
The last entry of errorHistory is 0.000018 for index 67768, 68/1000.
Terminated at swamp 0.5.
The last entry of errorHistory is 0.500842 for index 67769, 68/1000.
Terminated at swamp 0.5.
The last entry of errorHistory is 0.500249 for index 67770, 68/1000.
The last entry of errorHistory is 0.500000 for index 67771, 68/1000.
The last entry of errorHistory is 1.000000 for index 67772, 68/1000.
The last entry of errorHistory is 0.500000 for index 67773, 68/1000.
Terminated at swamp 0.5.
The last entry of errorHistory is 0.500535 for index 67774, 68/1000.
The last entry of errorHistory is 1.000000 for index 67775, 68/1000.
Terminated at swamp 0.5.
The last entry of errorHistory is 0.500260 for index 67776, 68/1000.
Terminated at swamp 1.
The last entry of errorHistory is 1.000410 for index 67777, 68/1000.
Terminated at swamp 1.
The last entry of errorHistory is 1.000134 for index 67778, 68/1000.
The last entry of errorHistory is 1.000000 for index 67779, 68/1000.
Terminated at swamp 1.
The last entry of errorHistory is 1.000205 for index 67780, 68/1000.
Terminated at swamp 1.
The last entry of errorHistory is 1.000060 for index 67781, 68/1000.
Terminated at swamp 1.
The last entry of errorHistory is 1.000095 for index 67782, 68/1000.
Terminated at swamp 0.5.
The last entry of errorHistory is 0.500345 for index 67783, 68/1000.
The last entry of errorHistory is 1.000000 for index 67784, 68/1000.
The last entry of errorHistory is 1.000000 for index 67785, 68/1000.
The last entry of errorHistory is 1.000000 for index 67786, 68/1000.
Terminated at swamp 0.5.
The last entry of errorHistory is 0.500907 for index 67787, 68/1000.
The last entry of errorHistory is 1.000000 for index 67788, 68/1000.
Terminated at swamp 1.
The last entry of errorHistory is 1.000077 for index 67789, 68/1000.
Terminated at swamp 0.5.
The last entry of errorHistory is 0.500465 for index 67790, 68/1000.
Terminated at swamp 0.5.
The last entry of errorHistory is 0.500102 for index 67791, 68/1000.
The last entry of errorHistory is 1.500000 for index 67792, 68/1000.
The last entry of errorHistory is 1.000000 for index 67793, 68/1000.
Terminated at swamp 0.5.
The last entry of errorHistory is 0.500556 for index 67794, 68/1000.
The last entry of errorHistory is 1.000000 for index 67795, 68/1000.
The last entry of errorHistory is 0.000021 for index 67796, 68/1000.
Terminated at swamp 0.5.
The last entry of errorHistory is 0.500192 for index 67797, 68/1000.
The last entry of errorHistory is 1.000000 for index 67798, 68/1000.
Terminated at swamp 0.5.
The last entry of errorHistory is 0.500805 for index 67799, 68/1000.
The last entry of errorHistory is 0.000012 for index 67800, 68/1000.
Terminated at swamp 0.5.
The last entry of errorHistory is 0.500277 for index 67801, 68/1000.
Terminated at swamp 0.5.
The last entry of errorHistory is 0.500158 for index 67802, 68/1000.
Terminated at swamp 0.5.
The last entry of errorHistory is 0.500444 for index 67803, 68/1000.
Terminated at swamp 0.5.
The last entry of errorHistory is 0.500202 for index 67804, 68/1000.
Terminated at swamp 0.5.
The last entry of errorHistory is 0.500218 for index 67805, 68/1000.
Terminated at swamp 0.5.
The last entry of errorHistory is 0.500599 for index 67806, 68/1000.
The last entry of errorHistory is 0.000222 for index 67807, 68/1000.
The last entry of errorHistory is 0.000012 for index 67808, 68/1000.
Terminated at swamp 0.5.
The last entry of errorHistory is 0.500210 for index 67809, 68/1000.
The last entry of errorHistory is 1.000000 for index 67810, 68/1000.
Terminated at swamp 0.5.
The last entry of errorHistory is 0.500124 for index 67811, 68/1000.
The last entry of errorHistory is 1.000000 for index 67812, 68/1000.
Terminated at swamp 0.5.
The last entry of errorHistory is 0.500234 for index 67813, 68/1000.
Terminated at swamp 1.
The last entry of errorHistory is 1.000297 for index 67814, 68/1000.
Terminated at swamp 1.
The last entry of errorHistory is 1.000059 for index 67815, 68/1000.
Terminated at swamp 1.
The last entry of errorHistory is 1.000150 for index 67816, 68/1000.
Terminated at swamp 1.
The last entry of errorHistory is 1.000234 for index 67817, 68/1000.
Terminated at swamp 1.
The last entry of errorHistory is 1.000352 for index 67818, 68/1000.
Terminated at swamp 1.
The last entry of errorHistory is 1.000225 for index 67819, 68/1000.
The last entry of errorHistory is 1.500000 for index 67820, 68/1000.
Terminated at swamp 0.5.
The last entry of errorHistory is 0.500027 for index 67821, 68/1000.
The last entry of errorHistory is 1.000000 for index 67822, 68/1000.
Terminated at swamp 0.5.
The last entry of errorHistory is 0.500649 for index 67823, 68/1000.
Terminated at swamp 1.
The last entry of errorHistory is 1.000153 for index 67824, 68/1000.
The last entry of errorHistory is 1.500000 for index 67825, 68/1000.
The last entry of errorHistory is 1.000000 for index 67826, 68/1000.
Terminated at swamp 0.5.
The last entry of errorHistory is 0.500378 for index 67827, 68/1000.
Terminated at swamp 0.5.
The last entry of errorHistory is 0.500550 for index 67828, 68/1000.
The last entry of errorHistory is 0.000010 for index 67829, 68/1000.
Terminated at swamp 1.
The last entry of errorHistory is 1.000352 for index 67830, 68/1000.
Terminated at swamp 0.5.
The last entry of errorHistory is 0.500314 for index 67831, 68/1000.
Terminated at swamp 1.
The last entry of errorHistory is 1.000002 for index 67832, 68/1000.
Terminated at swamp 0.5.
The last entry of errorHistory is 0.500493 for index 67833, 68/1000.
Terminated at swamp 0.5.
The last entry of errorHistory is 0.500164 for index 67834, 68/1000.
Terminated at swamp 0.5.
The last entry of errorHistory is 0.500358 for index 67835, 68/1000.
Terminated at swamp 0.5.
The last entry of errorHistory is 0.500573 for index 67836, 68/1000.
The last entry of errorHistory is 0.500000 for index 67837, 68/1000.
The last entry of errorHistory is 1.000000 for index 67838, 68/1000.
Terminated at swamp 0.5.
The last entry of errorHistory is 0.500055 for index 67839, 68/1000.
Terminated at swamp 0.5.
The last entry of errorHistory is 0.500358 for index 67840, 68/1000.
Terminated at swamp 0.5.
The last entry of errorHistory is 0.500470 for index 67841, 68/1000.
The last entry of errorHistory is 1.000000 for index 67842, 68/1000.
Terminated at swamp 0.5.
The last entry of errorHistory is 0.500174 for index 67843, 68/1000.
Terminated at swamp 0.5.
The last entry of errorHistory is 0.500643 for index 67844, 68/1000.
Terminated at swamp 0.5.
The last entry of errorHistory is 0.500392 for index 67845, 68/1000.
Terminated at swamp 1.
The last entry of errorHistory is 1.000000 for index 67846, 68/1000.
Terminated at swamp 1.
The last entry of errorHistory is 1.000456 for index 67847, 68/1000.
Terminated at swamp 0.5.
The last entry of errorHistory is 0.500540 for index 67848, 68/1000.
Terminated at swamp 1.
The last entry of errorHistory is 1.000004 for index 67849, 68/1000.
Terminated at swamp 1.
The last entry of errorHistory is 1.000005 for index 67850, 68/1000.
The last entry of errorHistory is 1.500000 for index 67851, 68/1000.
Terminated at swamp 0.5.
The last entry of errorHistory is 0.500375 for index 67852, 68/1000.
Terminated at swamp 0.5.
The last entry of errorHistory is 0.500069 for index 67853, 68/1000.
Terminated at swamp 0.5.
The last entry of errorHistory is 0.500295 for index 67854, 68/1000.
The last entry of errorHistory is 0.500000 for index 67855, 68/1000.
Terminated at swamp 1.
The last entry of errorHistory is 1.000000 for index 67856, 68/1000.
The last entry of errorHistory is 1.000000 for index 67857, 68/1000.
Terminated at swamp 0.5.
The last entry of errorHistory is 0.500521 for index 67858, 68/1000.
The last entry of errorHistory is 1.000000 for index 67859, 68/1000.
Terminated at swamp 1.
The last entry of errorHistory is 1.000001 for index 67860, 68/1000.
The last entry of errorHistory is 1.000000 for index 67861, 68/1000.
Terminated at swamp 0.5.
The last entry of errorHistory is 0.500435 for index 67862, 68/1000.
Terminated at swamp 1.5.
The last entry of errorHistory is 1.500005 for index 67863, 68/1000.
Terminated at swamp 0.5.
The last entry of errorHistory is 0.500714 for index 67864, 68/1000.
Terminated at swamp 0.5.
The last entry of errorHistory is 0.500018 for index 67865, 68/1000.
Terminated at swamp 0.5.
The last entry of errorHistory is 0.499885 for index 67866, 68/1000.
Terminated at swamp 1.
The last entry of errorHistory is 1.000318 for index 67867, 68/1000.
Terminated at swamp 0.5.
The last entry of errorHistory is 0.500546 for index 67868, 68/1000.
Terminated at swamp 1.
The last entry of errorHistory is 1.000032 for index 67869, 68/1000.
Terminated at swamp 0.5.
The last entry of errorHistory is 0.500859 for index 67870, 68/1000.
Terminated at swamp 0.5.
The last entry of errorHistory is 0.500030 for index 67871, 68/1000.
Terminated at swamp 0.5.
The last entry of errorHistory is 0.500287 for index 67872, 68/1000.
The last entry of errorHistory is 0.000444 for index 67873, 68/1000.
Terminated at swamp 0.5.
The last entry of errorHistory is 0.500369 for index 67874, 68/1000.
Terminated at swamp 0.5.
The last entry of errorHistory is 0.500183 for index 67875, 68/1000.
The last entry of errorHistory is 1.000000 for index 67876, 68/1000.
The last entry of errorHistory is 0.000013 for index 67877, 68/1000.
Terminated at swamp 0.5.
The last entry of errorHistory is 0.500159 for index 67878, 68/1000.
Terminated at swamp 0.5.
The last entry of errorHistory is 0.500481 for index 67879, 68/1000.
The last entry of errorHistory is 1.500000 for index 67880, 68/1000.
Terminated at swamp 0.5.
The last entry of errorHistory is 0.500429 for index 67881, 68/1000.
Terminated at swamp 1.
The last entry of errorHistory is 1.000140 for index 67882, 68/1000.
Terminated at swamp 0.5.
The last entry of errorHistory is 0.500061 for index 67883, 68/1000.
Terminated at swamp 0.5.
The last entry of errorHistory is 0.500377 for index 67884, 68/1000.
The last entry of errorHistory is 0.500000 for index 67885, 68/1000.
The last entry of errorHistory is 0.500000 for index 67886, 68/1000.
Terminated at swamp 1.5.
The last entry of errorHistory is 1.500000 for index 67887, 68/1000.
Terminated at swamp 1.
The last entry of errorHistory is 1.000396 for index 67888, 68/1000.
The last entry of errorHistory is 0.500000 for index 67889, 68/1000.
Terminated at swamp 0.5.
The last entry of errorHistory is 0.500580 for index 67890, 68/1000.
Terminated at swamp 1.
The last entry of errorHistory is 1.000000 for index 67891, 68/1000.
The last entry of errorHistory is 1.500000 for index 67892, 68/1000.
Terminated at swamp 0.5.
The last entry of errorHistory is 0.500284 for index 67893, 68/1000.
The last entry of errorHistory is 0.000021 for index 67894, 68/1000.
Terminated at swamp 0.5.
The last entry of errorHistory is 0.500370 for index 67895, 68/1000.
Terminated at swamp 0.5.
The last entry of errorHistory is 0.500513 for index 67896, 68/1000.
Terminated at swamp 0.5.
The last entry of errorHistory is 0.500408 for index 67897, 68/1000.
Terminated at swamp 0.5.
The last entry of errorHistory is 0.500397 for index 67898, 68/1000.
Terminated at swamp 0.5.
The last entry of errorHistory is 0.500447 for index 67899, 68/1000.
Terminated at swamp 0.5.
The last entry of errorHistory is 0.500560 for index 67900, 68/1000.
Terminated at swamp 1.
The last entry of errorHistory is 1.000000 for index 67901, 68/1000.
Terminated at swamp 0.5.
The last entry of errorHistory is 0.499988 for index 67902, 68/1000.
Terminated at swamp 1.
The last entry of errorHistory is 1.000006 for index 67903, 68/1000.
The last entry of errorHistory is 1.000000 for index 67904, 68/1000.
Terminated at swamp 0.5.
The last entry of errorHistory is 0.500468 for index 67905, 68/1000.
Terminated at swamp 0.5.
The last entry of errorHistory is 0.500704 for index 67906, 68/1000.
Terminated at swamp 1.
The last entry of errorHistory is 1.000054 for index 67907, 68/1000.
Terminated at swamp 0.5.
The last entry of errorHistory is 0.500490 for index 67908, 68/1000.
The last entry of errorHistory is 0.000013 for index 67909, 68/1000.
Terminated at swamp 0.5.
The last entry of errorHistory is 0.500492 for index 67910, 68/1000.
Terminated at swamp 0.5.
The last entry of errorHistory is 0.500416 for index 67911, 68/1000.
Terminated at swamp 0.5.
The last entry of errorHistory is 0.500523 for index 67912, 68/1000.
The last entry of errorHistory is 0.500000 for index 67913, 68/1000.
Terminated at swamp 1.
The last entry of errorHistory is 1.000090 for index 67914, 68/1000.
The last entry of errorHistory is 0.000445 for index 67915, 68/1000.
Terminated at swamp 1.
The last entry of errorHistory is 1.000001 for index 67916, 68/1000.
Terminated at swamp 0.5.
The last entry of errorHistory is 0.500309 for index 67917, 68/1000.
Terminated at swamp 0.5.
The last entry of errorHistory is 0.500149 for index 67918, 68/1000.
Terminated at swamp 1.
The last entry of errorHistory is 1.000321 for index 67919, 68/1000.
Terminated at swamp 0.5.
The last entry of errorHistory is 0.500348 for index 67920, 68/1000.
Terminated at swamp 0.5.
The last entry of errorHistory is 0.500003 for index 67921, 68/1000.
Terminated at swamp 0.5.
The last entry of errorHistory is 0.500496 for index 67922, 68/1000.
The last entry of errorHistory is 1.000000 for index 67923, 68/1000.
Terminated at swamp 1.5.
The last entry of errorHistory is 1.500000 for index 67924, 68/1000.
Terminated at swamp 0.5.
The last entry of errorHistory is 0.500001 for index 67925, 68/1000.
Terminated at swamp 0.5.
The last entry of errorHistory is 0.500399 for index 67926, 68/1000.
Terminated at swamp 0.5.
The last entry of errorHistory is 0.500123 for index 67927, 68/1000.
Terminated at swamp 0.5.
The last entry of errorHistory is 0.500956 for index 67928, 68/1000.
Terminated at swamp 0.5.
The last entry of errorHistory is 0.500578 for index 67929, 68/1000.
The last entry of errorHistory is 1.000000 for index 67930, 68/1000.
Terminated at swamp 0.5.
The last entry of errorHistory is 0.500125 for index 67931, 68/1000.
The last entry of errorHistory is 1.500000 for index 67932, 68/1000.
The last entry of errorHistory is 1.000000 for index 67933, 68/1000.
Terminated at swamp 0.5.
The last entry of errorHistory is 0.500894 for index 67934, 68/1000.
Terminated at swamp 0.5.
The last entry of errorHistory is 0.500000 for index 67935, 68/1000.
The last entry of errorHistory is 0.500000 for index 67936, 68/1000.
Terminated at swamp 1.
The last entry of errorHistory is 1.000390 for index 67937, 68/1000.
Terminated at swamp 1.
The last entry of errorHistory is 1.000240 for index 67938, 68/1000.
The last entry of errorHistory is 1.000000 for index 67939, 68/1000.
Terminated at swamp 1.
The last entry of errorHistory is 1.000233 for index 67940, 68/1000.
Terminated at swamp 1.
The last entry of errorHistory is 1.000404 for index 67941, 68/1000.
The last entry of errorHistory is 0.000015 for index 67942, 68/1000.
The last entry of errorHistory is 1.500000 for index 67943, 68/1000.
Terminated at swamp 1.
The last entry of errorHistory is 1.000022 for index 67944, 68/1000.
Terminated at swamp 0.5.
The last entry of errorHistory is 0.500338 for index 67945, 68/1000.
Terminated at swamp 1.
The last entry of errorHistory is 1.000021 for index 67946, 68/1000.
Terminated at swamp 0.5.
The last entry of errorHistory is 0.500317 for index 67947, 68/1000.
Terminated at swamp 1.
The last entry of errorHistory is 1.000344 for index 67948, 68/1000.
The last entry of errorHistory is 0.500000 for index 67949, 68/1000.
Terminated at swamp 0.5.
The last entry of errorHistory is 0.500439 for index 67950, 68/1000.
Terminated at swamp 0.5.
The last entry of errorHistory is 0.500198 for index 67951, 68/1000.
The last entry of errorHistory is 0.000107 for index 67952, 68/1000.
The last entry of errorHistory is 1.000000 for index 67953, 68/1000.
Terminated at swamp 0.5.
The last entry of errorHistory is 0.500598 for index 67954, 68/1000.
The last entry of errorHistory is 1.500000 for index 67955, 68/1000.
Terminated at swamp 0.5.
The last entry of errorHistory is 0.500323 for index 67956, 68/1000.
Terminated at swamp 1.
The last entry of errorHistory is 1.000045 for index 67957, 68/1000.
Terminated at swamp 0.5.
The last entry of errorHistory is 0.500195 for index 67958, 68/1000.
Terminated at swamp 1.
The last entry of errorHistory is 1.000069 for index 67959, 68/1000.
Terminated at swamp 0.5.
The last entry of errorHistory is 0.500595 for index 67960, 68/1000.
Terminated at swamp 0.5.
The last entry of errorHistory is 0.500128 for index 67961, 68/1000.
Terminated at swamp 0.5.
The last entry of errorHistory is 0.500504 for index 67962, 68/1000.
Terminated at swamp 0.5.
The last entry of errorHistory is 0.500615 for index 67963, 68/1000.
Terminated at swamp 0.5.
The last entry of errorHistory is 0.500416 for index 67964, 68/1000.
Terminated at swamp 0.5.
The last entry of errorHistory is 0.500228 for index 67965, 68/1000.
Terminated at swamp 0.5.
The last entry of errorHistory is 0.500099 for index 67966, 68/1000.
Terminated at swamp 0.5.
The last entry of errorHistory is 0.500080 for index 67967, 68/1000.
The last entry of errorHistory is 0.000175 for index 67968, 68/1000.
Terminated at swamp 0.5.
The last entry of errorHistory is 0.500744 for index 67969, 68/1000.
Terminated at swamp 0.5.
The last entry of errorHistory is 0.500441 for index 67970, 68/1000.
The last entry of errorHistory is 0.500000 for index 67971, 68/1000.
Terminated at swamp 0.5.
The last entry of errorHistory is 0.500524 for index 67972, 68/1000.
Terminated at swamp 1.
The last entry of errorHistory is 1.000338 for index 67973, 68/1000.
Terminated at swamp 0.5.
The last entry of errorHistory is 0.500643 for index 67974, 68/1000.
The last entry of errorHistory is 0.000041 for index 67975, 68/1000.
Terminated at swamp 0.5.
The last entry of errorHistory is 0.500047 for index 67976, 68/1000.
The last entry of errorHistory is 1.000000 for index 67977, 68/1000.
Terminated at swamp 0.5.
The last entry of errorHistory is 0.500571 for index 67978, 68/1000.
Terminated at swamp 0.5.
The last entry of errorHistory is 0.500010 for index 67979, 68/1000.
The last entry of errorHistory is 1.000000 for index 67980, 68/1000.
Terminated at swamp 0.5.
The last entry of errorHistory is 0.500210 for index 67981, 68/1000.
Terminated at swamp 0.5.
The last entry of errorHistory is 0.500537 for index 67982, 68/1000.
Terminated at swamp 0.5.
The last entry of errorHistory is 0.500038 for index 67983, 68/1000.
The last entry of errorHistory is 0.000008 for index 67984, 68/1000.
Terminated at swamp 0.5.
The last entry of errorHistory is 0.500357 for index 67985, 68/1000.
Terminated at swamp 1.
The last entry of errorHistory is 1.000015 for index 67986, 68/1000.
Terminated at swamp 0.5.
The last entry of errorHistory is 0.500669 for index 67987, 68/1000.
Terminated at swamp 0.5.
The last entry of errorHistory is 0.500402 for index 67988, 68/1000.
Terminated at swamp 0.5.
The last entry of errorHistory is 0.500161 for index 67989, 68/1000.
The last entry of errorHistory is 0.000051 for index 67990, 68/1000.
The last entry of errorHistory is 0.500000 for index 67991, 68/1000.
Terminated at swamp 0.5.
The last entry of errorHistory is 0.500504 for index 67992, 68/1000.
The last entry of errorHistory is 1.000000 for index 67993, 68/1000.
Terminated at swamp 1.
The last entry of errorHistory is 1.000395 for index 67994, 68/1000.
Terminated at swamp 1.
The last entry of errorHistory is 1.000000 for index 67995, 68/1000.
The last entry of errorHistory is 0.001242 for index 67996, 68/1000.
Terminated at swamp 0.5.
The last entry of errorHistory is 0.500493 for index 67997, 68/1000.
The last entry of errorHistory is 1.000000 for index 67998, 68/1000.
The last entry of errorHistory is 1.000000 for index 67999, 68/1000.
Terminated at swamp 0.5.
The last entry of errorHistory is 0.500363 for index 68000, 68/1000.
