
                            < M A T L A B (R) >
                  Copyright 1984-2018 The MathWorks, Inc.
                   R2018b (9.5.0.944444) 64-bit (glnxa64)
                              August 28, 2018

 
To get started, type doc.
For product information, visit www.mathworks.com.
 
Terminated at swamp 0.5.
The last entry of errorHistory is 0.500479 for index 751001, 752/1000.
The last entry of errorHistory is 0.001180 for index 751002, 752/1000.
Terminated at swamp 1.
The last entry of errorHistory is 1.000072 for index 751003, 752/1000.
The last entry of errorHistory is 0.000023 for index 751004, 752/1000.
Terminated at swamp 0.5.
The last entry of errorHistory is 0.500618 for index 751005, 752/1000.
The last entry of errorHistory is 0.000577 for index 751006, 752/1000.
The last entry of errorHistory is 0.000108 for index 751007, 752/1000.
Terminated at swamp 0.5.
The last entry of errorHistory is 0.500161 for index 751008, 752/1000.
Terminated at swamp 0.5.
The last entry of errorHistory is 0.500375 for index 751009, 752/1000.
The last entry of errorHistory is 0.500000 for index 751010, 752/1000.
Terminated at swamp 1.
The last entry of errorHistory is 1.000086 for index 751011, 752/1000.
Terminated at swamp 0.5.
The last entry of errorHistory is 0.500534 for index 751012, 752/1000.
Terminated at swamp 0.5.
The last entry of errorHistory is 0.500029 for index 751013, 752/1000.
Terminated at swamp 0.5.
The last entry of errorHistory is 0.500003 for index 751014, 752/1000.
The last entry of errorHistory is 0.000083 for index 751015, 752/1000.
Terminated at swamp 0.5.
The last entry of errorHistory is 0.500665 for index 751016, 752/1000.
The last entry of errorHistory is 1.000000 for index 751017, 752/1000.
Terminated at swamp 0.5.
The last entry of errorHistory is 0.500139 for index 751018, 752/1000.
The last entry of errorHistory is 1.500000 for index 751019, 752/1000.
Terminated at swamp 0.5.
The last entry of errorHistory is 0.500267 for index 751020, 752/1000.
Terminated at swamp 0.5.
The last entry of errorHistory is 0.500056 for index 751021, 752/1000.
The last entry of errorHistory is 1.000000 for index 751022, 752/1000.
The last entry of errorHistory is 1.000000 for index 751023, 752/1000.
The last entry of errorHistory is 0.000015 for index 751024, 752/1000.
The last entry of errorHistory is 0.000024 for index 751025, 752/1000.
The last entry of errorHistory is 0.000012 for index 751026, 752/1000.
The last entry of errorHistory is 1.000000 for index 751027, 752/1000.
Terminated at swamp 1.
The last entry of errorHistory is 1.000383 for index 751028, 752/1000.
Terminated at swamp 0.5.
The last entry of errorHistory is 0.500174 for index 751029, 752/1000.
Terminated at swamp 0.5.
The last entry of errorHistory is 0.500237 for index 751030, 752/1000.
Terminated at swamp 0.5.
The last entry of errorHistory is 0.500145 for index 751031, 752/1000.
The last entry of errorHistory is 0.000055 for index 751032, 752/1000.
Terminated at swamp 0.5.
The last entry of errorHistory is 0.500001 for index 751033, 752/1000.
Terminated at swamp 0.5.
The last entry of errorHistory is 0.500170 for index 751034, 752/1000.
The last entry of errorHistory is 1.000000 for index 751035, 752/1000.
The last entry of errorHistory is 1.000000 for index 751036, 752/1000.
Terminated at swamp 0.5.
The last entry of errorHistory is 0.500530 for index 751037, 752/1000.
Terminated at swamp 1.
The last entry of errorHistory is 1.000077 for index 751038, 752/1000.
The last entry of errorHistory is 0.000014 for index 751039, 752/1000.
Terminated at swamp 0.5.
The last entry of errorHistory is 0.500194 for index 751040, 752/1000.
The last entry of errorHistory is 0.000034 for index 751041, 752/1000.
The last entry of errorHistory is 0.000013 for index 751042, 752/1000.
The last entry of errorHistory is 0.000330 for index 751043, 752/1000.
Terminated at swamp 1.
The last entry of errorHistory is 1.000169 for index 751044, 752/1000.
Terminated at swamp 0.5.
The last entry of errorHistory is 0.500616 for index 751045, 752/1000.
The last entry of errorHistory is 0.000021 for index 751046, 752/1000.
The last entry of errorHistory is 0.000029 for index 751047, 752/1000.
The last entry of errorHistory is 1.000000 for index 751048, 752/1000.
The last entry of errorHistory is 1.500000 for index 751049, 752/1000.
Terminated at swamp 0.5.
The last entry of errorHistory is 0.500470 for index 751050, 752/1000.
Terminated at swamp 0.5.
The last entry of errorHistory is 0.500555 for index 751051, 752/1000.
The last entry of errorHistory is 1.000000 for index 751052, 752/1000.
The last entry of errorHistory is 0.000021 for index 751053, 752/1000.
Terminated at swamp 1.
The last entry of errorHistory is 1.000000 for index 751054, 752/1000.
Terminated at swamp 0.5.
The last entry of errorHistory is 0.500599 for index 751055, 752/1000.
The last entry of errorHistory is 1.000000 for index 751056, 752/1000.
Terminated at swamp 0.5.
The last entry of errorHistory is 0.500344 for index 751057, 752/1000.
Terminated at swamp 1.
The last entry of errorHistory is 1.000086 for index 751058, 752/1000.
The last entry of errorHistory is 0.000018 for index 751059, 752/1000.
Terminated at swamp 0.5.
The last entry of errorHistory is 0.500400 for index 751060, 752/1000.
Terminated at swamp 0.5.
The last entry of errorHistory is 0.500177 for index 751061, 752/1000.
The last entry of errorHistory is 1.000000 for index 751062, 752/1000.
The last entry of errorHistory is 1.000000 for index 751063, 752/1000.
Terminated at swamp 0.5.
The last entry of errorHistory is 0.500620 for index 751064, 752/1000.
The last entry of errorHistory is 1.000000 for index 751065, 752/1000.
The last entry of errorHistory is 1.000000 for index 751066, 752/1000.
The last entry of errorHistory is 0.000073 for index 751067, 752/1000.
Terminated at swamp 0.5.
The last entry of errorHistory is 0.500524 for index 751068, 752/1000.
Terminated at swamp 1.
The last entry of errorHistory is 1.000419 for index 751069, 752/1000.
Terminated at swamp 0.5.
The last entry of errorHistory is 0.500654 for index 751070, 752/1000.
Terminated at swamp 0.5.
The last entry of errorHistory is 0.500032 for index 751071, 752/1000.
Terminated at swamp 0.5.
The last entry of errorHistory is 0.500553 for index 751072, 752/1000.
The last entry of errorHistory is 1.000000 for index 751073, 752/1000.
Terminated at swamp 1.
The last entry of errorHistory is 1.000000 for index 751074, 752/1000.
Terminated at swamp 0.5.
The last entry of errorHistory is 0.500437 for index 751075, 752/1000.
The last entry of errorHistory is 1.500000 for index 751076, 752/1000.
Terminated at swamp 1.
The last entry of errorHistory is 1.000918 for index 751077, 752/1000.
Terminated at swamp 0.5.
The last entry of errorHistory is 0.500486 for index 751078, 752/1000.
The last entry of errorHistory is 0.500000 for index 751079, 752/1000.
Terminated at swamp 1.
The last entry of errorHistory is 1.000001 for index 751080, 752/1000.
Terminated at swamp 0.5.
The last entry of errorHistory is 0.500055 for index 751081, 752/1000.
The last entry of errorHistory is 1.000000 for index 751082, 752/1000.
Terminated at swamp 0.5.
The last entry of errorHistory is 0.500063 for index 751083, 752/1000.
Terminated at swamp 0.5.
The last entry of errorHistory is 0.500141 for index 751084, 752/1000.
Terminated at swamp 1.
The last entry of errorHistory is 1.000170 for index 751085, 752/1000.
Terminated at swamp 0.5.
The last entry of errorHistory is 0.500430 for index 751086, 752/1000.
Terminated at swamp 0.5.
The last entry of errorHistory is 0.500542 for index 751087, 752/1000.
Terminated at swamp 0.5.
The last entry of errorHistory is 0.500464 for index 751088, 752/1000.
Terminated at swamp 0.5.
The last entry of errorHistory is 0.500433 for index 751089, 752/1000.
Terminated at swamp 1.
The last entry of errorHistory is 1.000015 for index 751090, 752/1000.
Terminated at swamp 0.5.
The last entry of errorHistory is 0.500315 for index 751091, 752/1000.
Terminated at swamp 0.5.
The last entry of errorHistory is 0.500614 for index 751092, 752/1000.
The last entry of errorHistory is 0.000396 for index 751093, 752/1000.
Terminated at swamp 0.5.
The last entry of errorHistory is 0.500635 for index 751094, 752/1000.
Terminated at swamp 0.5.
The last entry of errorHistory is 0.500697 for index 751095, 752/1000.
Terminated at swamp 0.5.
The last entry of errorHistory is 0.500006 for index 751096, 752/1000.
Terminated at swamp 0.5.
The last entry of errorHistory is 0.500678 for index 751097, 752/1000.
Terminated at swamp 0.5.
The last entry of errorHistory is 0.500286 for index 751098, 752/1000.
Terminated at swamp 0.5.
The last entry of errorHistory is 0.500549 for index 751099, 752/1000.
The last entry of errorHistory is 0.000058 for index 751100, 752/1000.
Terminated at swamp 1.
The last entry of errorHistory is 1.000154 for index 751101, 752/1000.
Terminated at swamp 0.5.
The last entry of errorHistory is 0.500193 for index 751102, 752/1000.
The last entry of errorHistory is 0.502312 for index 751103, 752/1000.
The last entry of errorHistory is 1.000000 for index 751104, 752/1000.
Terminated at swamp 0.5.
The last entry of errorHistory is 0.500030 for index 751105, 752/1000.
Terminated at swamp 1.
The last entry of errorHistory is 1.000401 for index 751106, 752/1000.
Terminated at swamp 0.5.
The last entry of errorHistory is 0.500115 for index 751107, 752/1000.
The last entry of errorHistory is 1.000000 for index 751108, 752/1000.
Terminated at swamp 1.
The last entry of errorHistory is 1.000117 for index 751109, 752/1000.
Terminated at swamp 1.
The last entry of errorHistory is 1.000001 for index 751110, 752/1000.
Terminated at swamp 1.
The last entry of errorHistory is 1.000414 for index 751111, 752/1000.
Terminated at swamp 0.5.
The last entry of errorHistory is 0.500000 for index 751112, 752/1000.
Terminated at swamp 1.
The last entry of errorHistory is 1.000034 for index 751113, 752/1000.
The last entry of errorHistory is 1.000000 for index 751114, 752/1000.
The last entry of errorHistory is 1.000000 for index 751115, 752/1000.
Terminated at swamp 0.5.
The last entry of errorHistory is 0.500132 for index 751116, 752/1000.
Terminated at swamp 1.
The last entry of errorHistory is 1.000131 for index 751117, 752/1000.
Terminated at swamp 0.5.
The last entry of errorHistory is 0.500080 for index 751118, 752/1000.
Terminated at swamp 1.
The last entry of errorHistory is 1.000385 for index 751119, 752/1000.
Terminated at swamp 0.5.
The last entry of errorHistory is 0.500666 for index 751120, 752/1000.
Terminated at swamp 0.5.
The last entry of errorHistory is 0.500002 for index 751121, 752/1000.
The last entry of errorHistory is 1.000000 for index 751122, 752/1000.
The last entry of errorHistory is 0.500000 for index 751123, 752/1000.
Terminated at swamp 0.5.
The last entry of errorHistory is 0.500466 for index 751124, 752/1000.
The last entry of errorHistory is 1.000000 for index 751125, 752/1000.
Terminated at swamp 1.
The last entry of errorHistory is 1.000258 for index 751126, 752/1000.
Terminated at swamp 0.5.
The last entry of errorHistory is 0.500000 for index 751127, 752/1000.
Terminated at swamp 0.5.
The last entry of errorHistory is 0.500114 for index 751128, 752/1000.
Terminated at swamp 0.5.
The last entry of errorHistory is 0.500511 for index 751129, 752/1000.
Terminated at swamp 0.5.
The last entry of errorHistory is 0.500097 for index 751130, 752/1000.
The last entry of errorHistory is 0.000031 for index 751131, 752/1000.
The last entry of errorHistory is 1.000000 for index 751132, 752/1000.
Terminated at swamp 0.5.
The last entry of errorHistory is 0.500200 for index 751133, 752/1000.
Terminated at swamp 1.
The last entry of errorHistory is 1.000355 for index 751134, 752/1000.
Terminated at swamp 0.5.
The last entry of errorHistory is 0.500696 for index 751135, 752/1000.
Terminated at swamp 0.5.
The last entry of errorHistory is 0.500000 for index 751136, 752/1000.
Terminated at swamp 0.5.
The last entry of errorHistory is 0.500310 for index 751137, 752/1000.
The last entry of errorHistory is 0.500000 for index 751138, 752/1000.
Terminated at swamp 0.5.
The last entry of errorHistory is 0.500371 for index 751139, 752/1000.
The last entry of errorHistory is 0.000017 for index 751140, 752/1000.
Terminated at swamp 0.5.
The last entry of errorHistory is 0.500424 for index 751141, 752/1000.
The last entry of errorHistory is 0.000026 for index 751142, 752/1000.
Terminated at swamp 0.5.
The last entry of errorHistory is 0.500039 for index 751143, 752/1000.
Terminated at swamp 0.5.
The last entry of errorHistory is 0.500510 for index 751144, 752/1000.
Terminated at swamp 1.5.
The last entry of errorHistory is 1.500022 for index 751145, 752/1000.
Terminated at swamp 0.5.
The last entry of errorHistory is 0.500632 for index 751146, 752/1000.
The last entry of errorHistory is 1.000000 for index 751147, 752/1000.
Terminated at swamp 0.5.
The last entry of errorHistory is 0.500490 for index 751148, 752/1000.
Terminated at swamp 0.5.
The last entry of errorHistory is 0.500610 for index 751149, 752/1000.
Terminated at swamp 0.5.
The last entry of errorHistory is 0.500395 for index 751150, 752/1000.
Terminated at swamp 0.5.
The last entry of errorHistory is 0.500161 for index 751151, 752/1000.
The last entry of errorHistory is 0.000019 for index 751152, 752/1000.
Terminated at swamp 0.5.
The last entry of errorHistory is 0.500523 for index 751153, 752/1000.
The last entry of errorHistory is 0.500000 for index 751154, 752/1000.
The last entry of errorHistory is 0.500000 for index 751155, 752/1000.
Terminated at swamp 0.5.
The last entry of errorHistory is 0.500083 for index 751156, 752/1000.
Terminated at swamp 0.5.
The last entry of errorHistory is 0.500285 for index 751157, 752/1000.
The last entry of errorHistory is 0.000013 for index 751158, 752/1000.
Terminated at swamp 0.5.
The last entry of errorHistory is 0.500112 for index 751159, 752/1000.
The last entry of errorHistory is 0.000038 for index 751160, 752/1000.
Terminated at swamp 0.5.
The last entry of errorHistory is 0.500351 for index 751161, 752/1000.
The last entry of errorHistory is 1.000000 for index 751162, 752/1000.
The last entry of errorHistory is 1.000000 for index 751163, 752/1000.
The last entry of errorHistory is 0.000019 for index 751164, 752/1000.
Terminated at swamp 0.5.
The last entry of errorHistory is 0.500613 for index 751165, 752/1000.
The last entry of errorHistory is 0.500000 for index 751166, 752/1000.
Terminated at swamp 0.5.
The last entry of errorHistory is 0.500203 for index 751167, 752/1000.
Terminated at swamp 0.5.
The last entry of errorHistory is 0.500481 for index 751168, 752/1000.
The last entry of errorHistory is 1.000000 for index 751169, 752/1000.
Terminated at swamp 0.5.
The last entry of errorHistory is 0.500209 for index 751170, 752/1000.
Terminated at swamp 1.
The last entry of errorHistory is 1.000076 for index 751171, 752/1000.
Terminated at swamp 0.5.
The last entry of errorHistory is 0.500630 for index 751172, 752/1000.
Terminated at swamp 1.
The last entry of errorHistory is 1.000000 for index 751173, 752/1000.
The last entry of errorHistory is 1.500000 for index 751174, 752/1000.
Terminated at swamp 0.5.
The last entry of errorHistory is 0.500076 for index 751175, 752/1000.
Terminated at swamp 0.5.
The last entry of errorHistory is 0.500857 for index 751176, 752/1000.
The last entry of errorHistory is 1.500000 for index 751177, 752/1000.
Terminated at swamp 1.
The last entry of errorHistory is 1.000000 for index 751178, 752/1000.
The last entry of errorHistory is 0.000016 for index 751179, 752/1000.
Terminated at swamp 0.5.
The last entry of errorHistory is 0.500039 for index 751180, 752/1000.
Terminated at swamp 0.5.
The last entry of errorHistory is 0.500560 for index 751181, 752/1000.
Terminated at swamp 1.
The last entry of errorHistory is 1.000277 for index 751182, 752/1000.
Terminated at swamp 0.5.
The last entry of errorHistory is 0.500166 for index 751183, 752/1000.
Terminated at swamp 0.5.
The last entry of errorHistory is 0.500301 for index 751184, 752/1000.
Terminated at swamp 0.5.
The last entry of errorHistory is 0.500501 for index 751185, 752/1000.
Terminated at swamp 0.5.
The last entry of errorHistory is 0.500064 for index 751186, 752/1000.
Terminated at swamp 0.5.
The last entry of errorHistory is 0.500241 for index 751187, 752/1000.
Terminated at swamp 0.5.
The last entry of errorHistory is 0.500115 for index 751188, 752/1000.
Terminated at swamp 0.5.
The last entry of errorHistory is 0.500660 for index 751189, 752/1000.
Terminated at swamp 0.5.
The last entry of errorHistory is 0.500306 for index 751190, 752/1000.
Terminated at swamp 0.5.
The last entry of errorHistory is 0.500498 for index 751191, 752/1000.
Terminated at swamp 0.5.
The last entry of errorHistory is 0.500320 for index 751192, 752/1000.
Terminated at swamp 0.5.
The last entry of errorHistory is 0.500153 for index 751193, 752/1000.
Terminated at swamp 0.5.
The last entry of errorHistory is 0.500601 for index 751194, 752/1000.
Terminated at swamp 0.5.
The last entry of errorHistory is 0.500008 for index 751195, 752/1000.
Terminated at swamp 0.5.
The last entry of errorHistory is 0.500261 for index 751196, 752/1000.
Terminated at swamp 0.5.
The last entry of errorHistory is 0.500364 for index 751197, 752/1000.
The last entry of errorHistory is 0.000742 for index 751198, 752/1000.
Terminated at swamp 0.5.
The last entry of errorHistory is 0.500597 for index 751199, 752/1000.
The last entry of errorHistory is 0.500000 for index 751200, 752/1000.
Terminated at swamp 0.5.
The last entry of errorHistory is 0.500443 for index 751201, 752/1000.
Terminated at swamp 0.5.
The last entry of errorHistory is 0.500290 for index 751202, 752/1000.
Terminated at swamp 0.5.
The last entry of errorHistory is 0.500527 for index 751203, 752/1000.
Terminated at swamp 0.5.
The last entry of errorHistory is 0.500548 for index 751204, 752/1000.
The last entry of errorHistory is 0.000181 for index 751205, 752/1000.
Terminated at swamp 0.5.
The last entry of errorHistory is 0.500392 for index 751206, 752/1000.
Terminated at swamp 1.
The last entry of errorHistory is 1.000000 for index 751207, 752/1000.
Terminated at swamp 0.5.
The last entry of errorHistory is 0.500399 for index 751208, 752/1000.
Terminated at swamp 0.5.
The last entry of errorHistory is 0.500534 for index 751209, 752/1000.
The last entry of errorHistory is 0.000051 for index 751210, 752/1000.
The last entry of errorHistory is 1.000000 for index 751211, 752/1000.
Terminated at swamp 0.5.
The last entry of errorHistory is 0.500226 for index 751212, 752/1000.
The last entry of errorHistory is 0.500000 for index 751213, 752/1000.
Terminated at swamp 0.5.
The last entry of errorHistory is 0.500403 for index 751214, 752/1000.
The last entry of errorHistory is 0.000027 for index 751215, 752/1000.
Terminated at swamp 0.5.
The last entry of errorHistory is 0.500083 for index 751216, 752/1000.
Terminated at swamp 0.5.
The last entry of errorHistory is 0.500616 for index 751217, 752/1000.
Terminated at swamp 1.
The last entry of errorHistory is 1.000006 for index 751218, 752/1000.
Terminated at swamp 0.5.
The last entry of errorHistory is 0.500433 for index 751219, 752/1000.
Terminated at swamp 1.
The last entry of errorHistory is 1.000337 for index 751220, 752/1000.
Terminated at swamp 0.5.
The last entry of errorHistory is 0.500668 for index 751221, 752/1000.
Terminated at swamp 0.5.
The last entry of errorHistory is 0.500498 for index 751222, 752/1000.
The last entry of errorHistory is 0.000119 for index 751223, 752/1000.
The last entry of errorHistory is 1.000000 for index 751224, 752/1000.
Terminated at swamp 0.5.
The last entry of errorHistory is 0.500339 for index 751225, 752/1000.
The last entry of errorHistory is 0.500000 for index 751226, 752/1000.
The last entry of errorHistory is 1.000000 for index 751227, 752/1000.
Terminated at swamp 0.5.
The last entry of errorHistory is 0.500581 for index 751228, 752/1000.
The last entry of errorHistory is 1.000000 for index 751229, 752/1000.
Terminated at swamp 0.5.
The last entry of errorHistory is 0.500309 for index 751230, 752/1000.
Terminated at swamp 0.5.
The last entry of errorHistory is 0.500254 for index 751231, 752/1000.
Terminated at swamp 1.
The last entry of errorHistory is 1.000034 for index 751232, 752/1000.
Terminated at swamp 0.5.
The last entry of errorHistory is 0.500430 for index 751233, 752/1000.
The last entry of errorHistory is 1.000000 for index 751234, 752/1000.
Terminated at swamp 0.5.
The last entry of errorHistory is 0.500429 for index 751235, 752/1000.
The last entry of errorHistory is 0.004126 for index 751236, 752/1000.
Terminated at swamp 0.5.
The last entry of errorHistory is 0.500645 for index 751237, 752/1000.
Terminated at swamp 0.5.
The last entry of errorHistory is 0.500352 for index 751238, 752/1000.
Terminated at swamp 0.5.
The last entry of errorHistory is 0.500314 for index 751239, 752/1000.
Terminated at swamp 0.5.
The last entry of errorHistory is 0.500306 for index 751240, 752/1000.
Terminated at swamp 0.5.
The last entry of errorHistory is 0.500464 for index 751241, 752/1000.
The last entry of errorHistory is 0.000462 for index 751242, 752/1000.
The last entry of errorHistory is 1.000000 for index 751243, 752/1000.
Terminated at swamp 1.
The last entry of errorHistory is 1.000386 for index 751244, 752/1000.
Terminated at swamp 0.5.
The last entry of errorHistory is 0.500598 for index 751245, 752/1000.
The last entry of errorHistory is 0.000083 for index 751246, 752/1000.
Terminated at swamp 1.5.
The last entry of errorHistory is 1.500001 for index 751247, 752/1000.
The last entry of errorHistory is 0.000106 for index 751248, 752/1000.
Terminated at swamp 0.5.
The last entry of errorHistory is 0.500707 for index 751249, 752/1000.
The last entry of errorHistory is 0.000030 for index 751250, 752/1000.
Terminated at swamp 1.
The last entry of errorHistory is 1.000108 for index 751251, 752/1000.
The last entry of errorHistory is 1.000000 for index 751252, 752/1000.
Terminated at swamp 1.
The last entry of errorHistory is 1.000272 for index 751253, 752/1000.
The last entry of errorHistory is 1.000000 for index 751254, 752/1000.
Terminated at swamp 0.5.
The last entry of errorHistory is 0.500284 for index 751255, 752/1000.
Terminated at swamp 1.
The last entry of errorHistory is 1.000388 for index 751256, 752/1000.
The last entry of errorHistory is 1.000000 for index 751257, 752/1000.
Terminated at swamp 1.
The last entry of errorHistory is 1.000020 for index 751258, 752/1000.
Terminated at swamp 0.5.
The last entry of errorHistory is 0.500175 for index 751259, 752/1000.
Terminated at swamp 0.5.
The last entry of errorHistory is 0.500000 for index 751260, 752/1000.
The last entry of errorHistory is 1.000000 for index 751261, 752/1000.
The last entry of errorHistory is 0.500000 for index 751262, 752/1000.
Terminated at swamp 0.5.
The last entry of errorHistory is 0.500285 for index 751263, 752/1000.
Terminated at swamp 1.
The last entry of errorHistory is 1.000103 for index 751264, 752/1000.
Terminated at swamp 1.
The last entry of errorHistory is 0.999829 for index 751265, 752/1000.
The last entry of errorHistory is 0.000015 for index 751266, 752/1000.
Terminated at swamp 0.5.
The last entry of errorHistory is 0.500032 for index 751267, 752/1000.
Terminated at swamp 0.5.
The last entry of errorHistory is 0.500705 for index 751268, 752/1000.
Terminated at swamp 0.5.
The last entry of errorHistory is 0.500158 for index 751269, 752/1000.
Terminated at swamp 0.5.
The last entry of errorHistory is 0.499855 for index 751270, 752/1000.
The last entry of errorHistory is 0.000611 for index 751271, 752/1000.
Terminated at swamp 0.5.
The last entry of errorHistory is 0.500029 for index 751272, 752/1000.
The last entry of errorHistory is 0.000047 for index 751273, 752/1000.
Terminated at swamp 0.5.
The last entry of errorHistory is 0.500337 for index 751274, 752/1000.
Terminated at swamp 0.5.
The last entry of errorHistory is 0.500625 for index 751275, 752/1000.
Terminated at swamp 1.
The last entry of errorHistory is 1.000167 for index 751276, 752/1000.
Terminated at swamp 0.5.
The last entry of errorHistory is 0.500018 for index 751277, 752/1000.
Terminated at swamp 0.5.
The last entry of errorHistory is 0.500396 for index 751278, 752/1000.
The last entry of errorHistory is 0.000087 for index 751279, 752/1000.
The last entry of errorHistory is 1.000000 for index 751280, 752/1000.
The last entry of errorHistory is 1.000000 for index 751281, 752/1000.
Terminated at swamp 0.5.
The last entry of errorHistory is 0.500536 for index 751282, 752/1000.
The last entry of errorHistory is 0.000473 for index 751283, 752/1000.
Terminated at swamp 0.5.
The last entry of errorHistory is 0.500495 for index 751284, 752/1000.
Terminated at swamp 0.5.
The last entry of errorHistory is 0.500475 for index 751285, 752/1000.
The last entry of errorHistory is 0.000307 for index 751286, 752/1000.
Terminated at swamp 0.5.
The last entry of errorHistory is 0.500888 for index 751287, 752/1000.
Terminated at swamp 0.5.
The last entry of errorHistory is 0.500541 for index 751288, 752/1000.
Terminated at swamp 0.5.
The last entry of errorHistory is 0.500717 for index 751289, 752/1000.
The last entry of errorHistory is 0.000016 for index 751290, 752/1000.
Terminated at swamp 0.5.
The last entry of errorHistory is 0.500503 for index 751291, 752/1000.
Terminated at swamp 0.5.
The last entry of errorHistory is 0.500216 for index 751292, 752/1000.
Terminated at swamp 0.5.
The last entry of errorHistory is 0.500405 for index 751293, 752/1000.
The last entry of errorHistory is 0.000039 for index 751294, 752/1000.
The last entry of errorHistory is 1.000000 for index 751295, 752/1000.
Terminated at swamp 0.5.
The last entry of errorHistory is 0.500666 for index 751296, 752/1000.
Terminated at swamp 0.5.
The last entry of errorHistory is 0.500516 for index 751297, 752/1000.
Terminated at swamp 0.5.
The last entry of errorHistory is 0.500725 for index 751298, 752/1000.
Terminated at swamp 0.5.
The last entry of errorHistory is 0.500527 for index 751299, 752/1000.
Terminated at swamp 0.5.
The last entry of errorHistory is 0.500699 for index 751300, 752/1000.
Terminated at swamp 0.5.
The last entry of errorHistory is 0.500470 for index 751301, 752/1000.
Terminated at swamp 0.5.
The last entry of errorHistory is 0.500050 for index 751302, 752/1000.
Terminated at swamp 0.5.
The last entry of errorHistory is 0.500573 for index 751303, 752/1000.
Terminated at swamp 1.
The last entry of errorHistory is 1.000442 for index 751304, 752/1000.
Terminated at swamp 0.5.
The last entry of errorHistory is 0.500468 for index 751305, 752/1000.
The last entry of errorHistory is 0.500000 for index 751306, 752/1000.
The last entry of errorHistory is 1.000000 for index 751307, 752/1000.
The last entry of errorHistory is 1.000000 for index 751308, 752/1000.
Terminated at swamp 0.5.
The last entry of errorHistory is 0.500466 for index 751309, 752/1000.
Terminated at swamp 1.
The last entry of errorHistory is 1.000243 for index 751310, 752/1000.
Terminated at swamp 0.5.
The last entry of errorHistory is 0.500481 for index 751311, 752/1000.
The last entry of errorHistory is 0.003426 for index 751312, 752/1000.
Terminated at swamp 1.
The last entry of errorHistory is 1.000000 for index 751313, 752/1000.
Terminated at swamp 1.
The last entry of errorHistory is 1.000248 for index 751314, 752/1000.
The last entry of errorHistory is 0.000683 for index 751315, 752/1000.
Terminated at swamp 0.5.
The last entry of errorHistory is 0.500258 for index 751316, 752/1000.
Terminated at swamp 0.5.
The last entry of errorHistory is 0.500472 for index 751317, 752/1000.
The last entry of errorHistory is 0.000027 for index 751318, 752/1000.
Terminated at swamp 1.
The last entry of errorHistory is 1.000135 for index 751319, 752/1000.
Terminated at swamp 1.
The last entry of errorHistory is 1.000622 for index 751320, 752/1000.
Terminated at swamp 0.5.
The last entry of errorHistory is 0.500385 for index 751321, 752/1000.
Terminated at swamp 0.5.
The last entry of errorHistory is 0.500568 for index 751322, 752/1000.
The last entry of errorHistory is 1.000000 for index 751323, 752/1000.
The last entry of errorHistory is 1.500000 for index 751324, 752/1000.
Terminated at swamp 0.5.
The last entry of errorHistory is 0.500334 for index 751325, 752/1000.
The last entry of errorHistory is 0.000013 for index 751326, 752/1000.
The last entry of errorHistory is 1.000000 for index 751327, 752/1000.
Terminated at swamp 0.5.
The last entry of errorHistory is 0.500019 for index 751328, 752/1000.
Terminated at swamp 0.5.
The last entry of errorHistory is 0.500092 for index 751329, 752/1000.
Terminated at swamp 1.
The last entry of errorHistory is 1.000422 for index 751330, 752/1000.
Terminated at swamp 1.
The last entry of errorHistory is 1.000049 for index 751331, 752/1000.
Terminated at swamp 1.
The last entry of errorHistory is 1.000232 for index 751332, 752/1000.
Terminated at swamp 0.5.
The last entry of errorHistory is 0.500064 for index 751333, 752/1000.
The last entry of errorHistory is 1.000000 for index 751334, 752/1000.
The last entry of errorHistory is 1.000000 for index 751335, 752/1000.
The last entry of errorHistory is 1.500000 for index 751336, 752/1000.
The last entry of errorHistory is 1.000000 for index 751337, 752/1000.
The last entry of errorHistory is 0.000009 for index 751338, 752/1000.
Terminated at swamp 0.5.
The last entry of errorHistory is 0.500562 for index 751339, 752/1000.
Terminated at swamp 0.5.
The last entry of errorHistory is 0.500061 for index 751340, 752/1000.
The last entry of errorHistory is 1.000000 for index 751341, 752/1000.
Terminated at swamp 0.5.
The last entry of errorHistory is 0.500527 for index 751342, 752/1000.
The last entry of errorHistory is 1.000000 for index 751343, 752/1000.
The last entry of errorHistory is 1.000000 for index 751344, 752/1000.
The last entry of errorHistory is 0.000016 for index 751345, 752/1000.
The last entry of errorHistory is 0.000021 for index 751346, 752/1000.
The last entry of errorHistory is 1.000000 for index 751347, 752/1000.
Terminated at swamp 0.5.
The last entry of errorHistory is 0.500000 for index 751348, 752/1000.
Terminated at swamp 0.5.
The last entry of errorHistory is 0.500480 for index 751349, 752/1000.
The last entry of errorHistory is 1.000000 for index 751350, 752/1000.
The last entry of errorHistory is 1.000000 for index 751351, 752/1000.
Terminated at swamp 1.
The last entry of errorHistory is 1.000096 for index 751352, 752/1000.
Terminated at swamp 0.5.
The last entry of errorHistory is 0.500470 for index 751353, 752/1000.
Terminated at swamp 1.
The last entry of errorHistory is 1.000280 for index 751354, 752/1000.
Terminated at swamp 0.5.
The last entry of errorHistory is 0.500510 for index 751355, 752/1000.
Terminated at swamp 0.5.
The last entry of errorHistory is 0.500321 for index 751356, 752/1000.
Terminated at swamp 0.5.
The last entry of errorHistory is 0.500737 for index 751357, 752/1000.
Terminated at swamp 0.5.
The last entry of errorHistory is 0.500479 for index 751358, 752/1000.
Terminated at swamp 1.
The last entry of errorHistory is 1.000422 for index 751359, 752/1000.
The last entry of errorHistory is 0.000112 for index 751360, 752/1000.
The last entry of errorHistory is 0.000290 for index 751361, 752/1000.
The last entry of errorHistory is 1.000000 for index 751362, 752/1000.
The last entry of errorHistory is 1.000000 for index 751363, 752/1000.
The last entry of errorHistory is 0.500000 for index 751364, 752/1000.
Terminated at swamp 0.5.
The last entry of errorHistory is 0.500384 for index 751365, 752/1000.
Terminated at swamp 1.
The last entry of errorHistory is 1.000047 for index 751366, 752/1000.
Terminated at swamp 1.
The last entry of errorHistory is 1.000000 for index 751367, 752/1000.
The last entry of errorHistory is 1.000000 for index 751368, 752/1000.
The last entry of errorHistory is 1.000000 for index 751369, 752/1000.
The last entry of errorHistory is 0.000030 for index 751370, 752/1000.
Terminated at swamp 0.5.
The last entry of errorHistory is 0.500021 for index 751371, 752/1000.
Terminated at swamp 0.5.
The last entry of errorHistory is 0.500000 for index 751372, 752/1000.
Terminated at swamp 0.5.
The last entry of errorHistory is 0.500506 for index 751373, 752/1000.
Terminated at swamp 0.5.
The last entry of errorHistory is 0.500113 for index 751374, 752/1000.
The last entry of errorHistory is 1.000000 for index 751375, 752/1000.
Terminated at swamp 0.5.
The last entry of errorHistory is 0.500105 for index 751376, 752/1000.
Terminated at swamp 0.5.
The last entry of errorHistory is 0.500167 for index 751377, 752/1000.
Terminated at swamp 0.5.
The last entry of errorHistory is 0.500001 for index 751378, 752/1000.
Terminated at swamp 0.5.
The last entry of errorHistory is 0.500414 for index 751379, 752/1000.
The last entry of errorHistory is 0.500000 for index 751380, 752/1000.
The last entry of errorHistory is 1.000000 for index 751381, 752/1000.
The last entry of errorHistory is 1.000000 for index 751382, 752/1000.
Terminated at swamp 1.
The last entry of errorHistory is 1.000020 for index 751383, 752/1000.
The last entry of errorHistory is 1.000000 for index 751384, 752/1000.
Terminated at swamp 0.5.
The last entry of errorHistory is 0.500495 for index 751385, 752/1000.
Terminated at swamp 0.5.
The last entry of errorHistory is 0.500284 for index 751386, 752/1000.
The last entry of errorHistory is 1.000000 for index 751387, 752/1000.
Terminated at swamp 0.5.
The last entry of errorHistory is 0.500571 for index 751388, 752/1000.
Terminated at swamp 0.5.
The last entry of errorHistory is 0.500272 for index 751389, 752/1000.
The last entry of errorHistory is 0.500000 for index 751390, 752/1000.
Terminated at swamp 0.5.
The last entry of errorHistory is 0.500380 for index 751391, 752/1000.
Terminated at swamp 0.5.
The last entry of errorHistory is 0.500615 for index 751392, 752/1000.
Terminated at swamp 0.5.
The last entry of errorHistory is 0.500265 for index 751393, 752/1000.
Terminated at swamp 0.5.
The last entry of errorHistory is 0.500417 for index 751394, 752/1000.
The last entry of errorHistory is 1.000000 for index 751395, 752/1000.
Terminated at swamp 0.5.
The last entry of errorHistory is 0.500588 for index 751396, 752/1000.
Terminated at swamp 1.
The last entry of errorHistory is 0.999459 for index 751397, 752/1000.
Terminated at swamp 0.5.
The last entry of errorHistory is 0.500300 for index 751398, 752/1000.
Terminated at swamp 0.5.
The last entry of errorHistory is 0.500105 for index 751399, 752/1000.
The last entry of errorHistory is 1.000000 for index 751400, 752/1000.
Terminated at swamp 1.
The last entry of errorHistory is 1.000101 for index 751401, 752/1000.
Terminated at swamp 0.5.
The last entry of errorHistory is 0.500529 for index 751402, 752/1000.
The last entry of errorHistory is 0.000150 for index 751403, 752/1000.
The last entry of errorHistory is 1.000000 for index 751404, 752/1000.
Terminated at swamp 1.
The last entry of errorHistory is 1.000000 for index 751405, 752/1000.
The last entry of errorHistory is 1.000000 for index 751406, 752/1000.
Terminated at swamp 1.
The last entry of errorHistory is 1.000010 for index 751407, 752/1000.
Terminated at swamp 0.5.
The last entry of errorHistory is 0.500493 for index 751408, 752/1000.
Terminated at swamp 0.5.
The last entry of errorHistory is 0.500280 for index 751409, 752/1000.
Terminated at swamp 1.
The last entry of errorHistory is 1.000182 for index 751410, 752/1000.
Terminated at swamp 1.
The last entry of errorHistory is 1.000002 for index 751411, 752/1000.
Terminated at swamp 0.5.
The last entry of errorHistory is 0.500509 for index 751412, 752/1000.
Terminated at swamp 0.5.
The last entry of errorHistory is 0.500134 for index 751413, 752/1000.
Terminated at swamp 0.5.
The last entry of errorHistory is 0.500422 for index 751414, 752/1000.
The last entry of errorHistory is 1.000000 for index 751415, 752/1000.
Terminated at swamp 0.5.
The last entry of errorHistory is 0.500513 for index 751416, 752/1000.
The last entry of errorHistory is 0.000116 for index 751417, 752/1000.
The last entry of errorHistory is 0.500000 for index 751418, 752/1000.
Terminated at swamp 0.5.
The last entry of errorHistory is 0.500056 for index 751419, 752/1000.
Terminated at swamp 0.5.
The last entry of errorHistory is 0.500529 for index 751420, 752/1000.
Terminated at swamp 0.5.
The last entry of errorHistory is 0.500418 for index 751421, 752/1000.
Terminated at swamp 0.5.
The last entry of errorHistory is 0.500414 for index 751422, 752/1000.
Terminated at swamp 0.5.
The last entry of errorHistory is 0.500299 for index 751423, 752/1000.
Terminated at swamp 0.5.
The last entry of errorHistory is 0.500429 for index 751424, 752/1000.
The last entry of errorHistory is 0.003758 for index 751425, 752/1000.
Terminated at swamp 0.5.
The last entry of errorHistory is 0.500086 for index 751426, 752/1000.
The last entry of errorHistory is 1.000000 for index 751427, 752/1000.
The last entry of errorHistory is 1.000000 for index 751428, 752/1000.
The last entry of errorHistory is 0.500000 for index 751429, 752/1000.
Terminated at swamp 1.
The last entry of errorHistory is 1.000000 for index 751430, 752/1000.
Terminated at swamp 1.
The last entry of errorHistory is 1.000196 for index 751431, 752/1000.
The last entry of errorHistory is 0.000020 for index 751432, 752/1000.
The last entry of errorHistory is 1.000000 for index 751433, 752/1000.
The last entry of errorHistory is 1.000000 for index 751434, 752/1000.
Terminated at swamp 0.5.
The last entry of errorHistory is 0.500582 for index 751435, 752/1000.
The last entry of errorHistory is 1.000000 for index 751436, 752/1000.
Terminated at swamp 0.5.
The last entry of errorHistory is 0.500155 for index 751437, 752/1000.
Terminated at swamp 0.5.
The last entry of errorHistory is 0.500358 for index 751438, 752/1000.
The last entry of errorHistory is 1.000000 for index 751439, 752/1000.
Terminated at swamp 1.
The last entry of errorHistory is 1.000000 for index 751440, 752/1000.
Terminated at swamp 0.5.
The last entry of errorHistory is 0.500038 for index 751441, 752/1000.
Terminated at swamp 0.5.
The last entry of errorHistory is 0.500000 for index 751442, 752/1000.
Terminated at swamp 0.5.
The last entry of errorHistory is 0.500400 for index 751443, 752/1000.
The last entry of errorHistory is 1.000000 for index 751444, 752/1000.
Terminated at swamp 0.5.
The last entry of errorHistory is 0.500656 for index 751445, 752/1000.
Terminated at swamp 0.5.
The last entry of errorHistory is 0.500493 for index 751446, 752/1000.
The last entry of errorHistory is 0.000013 for index 751447, 752/1000.
The last entry of errorHistory is 1.500000 for index 751448, 752/1000.
Terminated at swamp 0.5.
The last entry of errorHistory is 0.500371 for index 751449, 752/1000.
Terminated at swamp 0.5.
The last entry of errorHistory is 0.500223 for index 751450, 752/1000.
Terminated at swamp 1.
The last entry of errorHistory is 1.000234 for index 751451, 752/1000.
The last entry of errorHistory is 1.000000 for index 751452, 752/1000.
The last entry of errorHistory is 1.000000 for index 751453, 752/1000.
The last entry of errorHistory is 1.000000 for index 751454, 752/1000.
Terminated at swamp 0.5.
The last entry of errorHistory is 0.500523 for index 751455, 752/1000.
The last entry of errorHistory is 1.000000 for index 751456, 752/1000.
Terminated at swamp 0.5.
The last entry of errorHistory is 0.500663 for index 751457, 752/1000.
The last entry of errorHistory is 1.000000 for index 751458, 752/1000.
Terminated at swamp 0.5.
The last entry of errorHistory is 0.500406 for index 751459, 752/1000.
Terminated at swamp 0.5.
The last entry of errorHistory is 0.500634 for index 751460, 752/1000.
The last entry of errorHistory is 1.500000 for index 751461, 752/1000.
Terminated at swamp 1.
The last entry of errorHistory is 1.000117 for index 751462, 752/1000.
The last entry of errorHistory is 2.000000 for index 751463, 752/1000.
The last entry of errorHistory is 0.000152 for index 751464, 752/1000.
Terminated at swamp 0.5.
The last entry of errorHistory is 0.500628 for index 751465, 752/1000.
The last entry of errorHistory is 1.000000 for index 751466, 752/1000.
The last entry of errorHistory is 1.000000 for index 751467, 752/1000.
Terminated at swamp 0.5.
The last entry of errorHistory is 0.500262 for index 751468, 752/1000.
Terminated at swamp 0.5.
The last entry of errorHistory is 0.500398 for index 751469, 752/1000.
The last entry of errorHistory is 1.000000 for index 751470, 752/1000.
The last entry of errorHistory is 0.000013 for index 751471, 752/1000.
The last entry of errorHistory is 1.000000 for index 751472, 752/1000.
Terminated at swamp 0.5.
The last entry of errorHistory is 0.500096 for index 751473, 752/1000.
Terminated at swamp 0.5.
The last entry of errorHistory is 0.500420 for index 751474, 752/1000.
The last entry of errorHistory is 0.000011 for index 751475, 752/1000.
The last entry of errorHistory is 1.000000 for index 751476, 752/1000.
Terminated at swamp 1.
The last entry of errorHistory is 1.000015 for index 751477, 752/1000.
Terminated at swamp 1.
The last entry of errorHistory is 1.000264 for index 751478, 752/1000.
The last entry of errorHistory is 0.500000 for index 751479, 752/1000.
Terminated at swamp 0.5.
The last entry of errorHistory is 0.500603 for index 751480, 752/1000.
Terminated at swamp 0.5.
The last entry of errorHistory is 0.500363 for index 751481, 752/1000.
Terminated at swamp 0.5.
The last entry of errorHistory is 0.500266 for index 751482, 752/1000.
Terminated at swamp 0.5.
The last entry of errorHistory is 0.500172 for index 751483, 752/1000.
Terminated at swamp 0.5.
The last entry of errorHistory is 0.500236 for index 751484, 752/1000.
Terminated at swamp 0.5.
The last entry of errorHistory is 0.500404 for index 751485, 752/1000.
Terminated at swamp 0.5.
The last entry of errorHistory is 0.500451 for index 751486, 752/1000.
Terminated at swamp 0.5.
The last entry of errorHistory is 0.500101 for index 751487, 752/1000.
The last entry of errorHistory is 0.000048 for index 751488, 752/1000.
Terminated at swamp 1.
The last entry of errorHistory is 1.000060 for index 751489, 752/1000.
Terminated at swamp 0.5.
The last entry of errorHistory is 0.500607 for index 751490, 752/1000.
Terminated at swamp 0.5.
The last entry of errorHistory is 0.500126 for index 751491, 752/1000.
Terminated at swamp 0.5.
The last entry of errorHistory is 0.500646 for index 751492, 752/1000.
The last entry of errorHistory is 0.500000 for index 751493, 752/1000.
Terminated at swamp 0.5.
The last entry of errorHistory is 0.500764 for index 751494, 752/1000.
Terminated at swamp 0.5.
The last entry of errorHistory is 0.500378 for index 751495, 752/1000.
Terminated at swamp 1.
The last entry of errorHistory is 1.000000 for index 751496, 752/1000.
Terminated at swamp 0.5.
The last entry of errorHistory is 0.500443 for index 751497, 752/1000.
Terminated at swamp 1.
The last entry of errorHistory is 1.000204 for index 751498, 752/1000.
Terminated at swamp 0.5.
The last entry of errorHistory is 0.500227 for index 751499, 752/1000.
Terminated at swamp 1.
The last entry of errorHistory is 1.000125 for index 751500, 752/1000.
Terminated at swamp 1.
The last entry of errorHistory is 1.000005 for index 751501, 752/1000.
The last entry of errorHistory is 1.000000 for index 751502, 752/1000.
Terminated at swamp 0.5.
The last entry of errorHistory is 0.500955 for index 751503, 752/1000.
The last entry of errorHistory is 1.000000 for index 751504, 752/1000.
Terminated at swamp 1.
The last entry of errorHistory is 1.000000 for index 751505, 752/1000.
Terminated at swamp 1.
The last entry of errorHistory is 1.000189 for index 751506, 752/1000.
Terminated at swamp 1.
The last entry of errorHistory is 1.000239 for index 751507, 752/1000.
The last entry of errorHistory is 0.500000 for index 751508, 752/1000.
The last entry of errorHistory is 1.000000 for index 751509, 752/1000.
Terminated at swamp 0.5.
The last entry of errorHistory is 0.500360 for index 751510, 752/1000.
Terminated at swamp 0.5.
The last entry of errorHistory is 0.500712 for index 751511, 752/1000.
Terminated at swamp 1.
The last entry of errorHistory is 1.000161 for index 751512, 752/1000.
Terminated at swamp 0.5.
The last entry of errorHistory is 0.500470 for index 751513, 752/1000.
Terminated at swamp 0.5.
The last entry of errorHistory is 0.500327 for index 751514, 752/1000.
Terminated at swamp 0.5.
The last entry of errorHistory is 0.500562 for index 751515, 752/1000.
Terminated at swamp 0.5.
The last entry of errorHistory is 0.500553 for index 751516, 752/1000.
The last entry of errorHistory is 0.000016 for index 751517, 752/1000.
The last entry of errorHistory is 1.000000 for index 751518, 752/1000.
Terminated at swamp 1.
The last entry of errorHistory is 1.000401 for index 751519, 752/1000.
Terminated at swamp 1.
The last entry of errorHistory is 1.000057 for index 751520, 752/1000.
Terminated at swamp 0.5.
The last entry of errorHistory is 0.500887 for index 751521, 752/1000.
The last entry of errorHistory is 1.000000 for index 751522, 752/1000.
Terminated at swamp 1.
The last entry of errorHistory is 1.000372 for index 751523, 752/1000.
The last entry of errorHistory is 0.000021 for index 751524, 752/1000.
Terminated at swamp 0.5.
The last entry of errorHistory is 0.500169 for index 751525, 752/1000.
Terminated at swamp 1.
The last entry of errorHistory is 1.000000 for index 751526, 752/1000.
Terminated at swamp 0.5.
The last entry of errorHistory is 0.500156 for index 751527, 752/1000.
The last entry of errorHistory is 1.000000 for index 751528, 752/1000.
Terminated at swamp 0.5.
The last entry of errorHistory is 0.500014 for index 751529, 752/1000.
The last entry of errorHistory is 0.500000 for index 751530, 752/1000.
Terminated at swamp 1.
The last entry of errorHistory is 1.000001 for index 751531, 752/1000.
Terminated at swamp 1.
The last entry of errorHistory is 1.000229 for index 751532, 752/1000.
Terminated at swamp 0.5.
The last entry of errorHistory is 0.500426 for index 751533, 752/1000.
Terminated at swamp 0.5.
The last entry of errorHistory is 0.500109 for index 751534, 752/1000.
Terminated at swamp 0.5.
The last entry of errorHistory is 0.500584 for index 751535, 752/1000.
Terminated at swamp 0.5.
The last entry of errorHistory is 0.500630 for index 751536, 752/1000.
Terminated at swamp 1.
The last entry of errorHistory is 1.000006 for index 751537, 752/1000.
Terminated at swamp 0.5.
The last entry of errorHistory is 0.500402 for index 751538, 752/1000.
Terminated at swamp 1.
The last entry of errorHistory is 1.000000 for index 751539, 752/1000.
The last entry of errorHistory is 0.501322 for index 751540, 752/1000.
The last entry of errorHistory is 0.000008 for index 751541, 752/1000.
The last entry of errorHistory is 1.000000 for index 751542, 752/1000.
Terminated at swamp 0.5.
The last entry of errorHistory is 0.500489 for index 751543, 752/1000.
Terminated at swamp 0.5.
The last entry of errorHistory is 0.500153 for index 751544, 752/1000.
Terminated at swamp 1.
The last entry of errorHistory is 1.000081 for index 751545, 752/1000.
Terminated at swamp 0.5.
The last entry of errorHistory is 0.500218 for index 751546, 752/1000.
The last entry of errorHistory is 1.000000 for index 751547, 752/1000.
The last entry of errorHistory is 1.000000 for index 751548, 752/1000.
Terminated at swamp 0.5.
The last entry of errorHistory is 0.500422 for index 751549, 752/1000.
Terminated at swamp 1.
The last entry of errorHistory is 1.000192 for index 751550, 752/1000.
Terminated at swamp 1.
The last entry of errorHistory is 1.000005 for index 751551, 752/1000.
The last entry of errorHistory is 0.500000 for index 751552, 752/1000.
Terminated at swamp 0.5.
The last entry of errorHistory is 0.500453 for index 751553, 752/1000.
Terminated at swamp 0.5.
The last entry of errorHistory is 0.500416 for index 751554, 752/1000.
The last entry of errorHistory is 1.000000 for index 751555, 752/1000.
The last entry of errorHistory is 1.000000 for index 751556, 752/1000.
Terminated at swamp 1.
The last entry of errorHistory is 1.000220 for index 751557, 752/1000.
Terminated at swamp 1.
The last entry of errorHistory is 1.000061 for index 751558, 752/1000.
Terminated at swamp 0.5.
The last entry of errorHistory is 0.500027 for index 751559, 752/1000.
Terminated at swamp 0.5.
The last entry of errorHistory is 0.500401 for index 751560, 752/1000.
The last entry of errorHistory is 0.001022 for index 751561, 752/1000.
Terminated at swamp 1.
The last entry of errorHistory is 1.000030 for index 751562, 752/1000.
Terminated at swamp 0.5.
The last entry of errorHistory is 0.500172 for index 751563, 752/1000.
The last entry of errorHistory is 1.000000 for index 751564, 752/1000.
Terminated at swamp 0.5.
The last entry of errorHistory is 0.500512 for index 751565, 752/1000.
Terminated at swamp 1.
The last entry of errorHistory is 1.000464 for index 751566, 752/1000.
Terminated at swamp 0.5.
The last entry of errorHistory is 0.500282 for index 751567, 752/1000.
The last entry of errorHistory is 0.000015 for index 751568, 752/1000.
Terminated at swamp 0.5.
The last entry of errorHistory is 0.500437 for index 751569, 752/1000.
The last entry of errorHistory is 1.500000 for index 751570, 752/1000.
Terminated at swamp 0.5.
The last entry of errorHistory is 0.500114 for index 751571, 752/1000.
Terminated at swamp 1.
The last entry of errorHistory is 1.000393 for index 751572, 752/1000.
The last entry of errorHistory is 0.000341 for index 751573, 752/1000.
Terminated at swamp 0.5.
The last entry of errorHistory is 0.500569 for index 751574, 752/1000.
The last entry of errorHistory is 0.500000 for index 751575, 752/1000.
Terminated at swamp 1.
The last entry of errorHistory is 1.000000 for index 751576, 752/1000.
The last entry of errorHistory is 0.000017 for index 751577, 752/1000.
The last entry of errorHistory is 0.500000 for index 751578, 752/1000.
The last entry of errorHistory is 0.000030 for index 751579, 752/1000.
Terminated at swamp 0.5.
The last entry of errorHistory is 0.500133 for index 751580, 752/1000.
The last entry of errorHistory is 0.000014 for index 751581, 752/1000.
Terminated at swamp 0.5.
The last entry of errorHistory is 0.500672 for index 751582, 752/1000.
The last entry of errorHistory is 1.500000 for index 751583, 752/1000.
The last entry of errorHistory is 1.000000 for index 751584, 752/1000.
The last entry of errorHistory is 1.000000 for index 751585, 752/1000.
The last entry of errorHistory is 0.000019 for index 751586, 752/1000.
Terminated at swamp 0.5.
The last entry of errorHistory is 0.500000 for index 751587, 752/1000.
Terminated at swamp 0.5.
The last entry of errorHistory is 0.500262 for index 751588, 752/1000.
Terminated at swamp 0.5.
The last entry of errorHistory is 0.500455 for index 751589, 752/1000.
Terminated at swamp 0.5.
The last entry of errorHistory is 0.500427 for index 751590, 752/1000.
The last entry of errorHistory is 1.000000 for index 751591, 752/1000.
Terminated at swamp 0.5.
The last entry of errorHistory is 0.500554 for index 751592, 752/1000.
Terminated at swamp 0.5.
The last entry of errorHistory is 0.500000 for index 751593, 752/1000.
The last entry of errorHistory is 1.000000 for index 751594, 752/1000.
Terminated at swamp 0.5.
The last entry of errorHistory is 0.500060 for index 751595, 752/1000.
Terminated at swamp 0.5.
The last entry of errorHistory is 0.500611 for index 751596, 752/1000.
Terminated at swamp 0.5.
The last entry of errorHistory is 0.500162 for index 751597, 752/1000.
The last entry of errorHistory is 1.000000 for index 751598, 752/1000.
Terminated at swamp 0.5.
The last entry of errorHistory is 0.500113 for index 751599, 752/1000.
The last entry of errorHistory is 1.500000 for index 751600, 752/1000.
Terminated at swamp 0.5.
The last entry of errorHistory is 0.500523 for index 751601, 752/1000.
The last entry of errorHistory is 1.000000 for index 751602, 752/1000.
The last entry of errorHistory is 0.000017 for index 751603, 752/1000.
The last entry of errorHistory is 0.000048 for index 751604, 752/1000.
Terminated at swamp 0.5.
The last entry of errorHistory is 0.500608 for index 751605, 752/1000.
Terminated at swamp 0.5.
The last entry of errorHistory is 0.500409 for index 751606, 752/1000.
Terminated at swamp 0.5.
The last entry of errorHistory is 0.500355 for index 751607, 752/1000.
The last entry of errorHistory is 0.000017 for index 751608, 752/1000.
The last entry of errorHistory is 1.000000 for index 751609, 752/1000.
The last entry of errorHistory is 0.000010 for index 751610, 752/1000.
Terminated at swamp 0.5.
The last entry of errorHistory is 0.500527 for index 751611, 752/1000.
Terminated at swamp 1.
The last entry of errorHistory is 1.000482 for index 751612, 752/1000.
Terminated at swamp 0.5.
The last entry of errorHistory is 0.500444 for index 751613, 752/1000.
Terminated at swamp 0.5.
The last entry of errorHistory is 0.500379 for index 751614, 752/1000.
Terminated at swamp 0.5.
The last entry of errorHistory is 0.500213 for index 751615, 752/1000.
Terminated at swamp 0.5.
The last entry of errorHistory is 0.500006 for index 751616, 752/1000.
The last entry of errorHistory is 1.000000 for index 751617, 752/1000.
The last entry of errorHistory is 1.000000 for index 751618, 752/1000.
The last entry of errorHistory is 1.000000 for index 751619, 752/1000.
The last entry of errorHistory is 1.000000 for index 751620, 752/1000.
Terminated at swamp 1.
The last entry of errorHistory is 1.000018 for index 751621, 752/1000.
Terminated at swamp 0.5.
The last entry of errorHistory is 0.500370 for index 751622, 752/1000.
Terminated at swamp 1.
The last entry of errorHistory is 1.000082 for index 751623, 752/1000.
The last entry of errorHistory is 0.000058 for index 751624, 752/1000.
The last entry of errorHistory is 1.500000 for index 751625, 752/1000.
The last entry of errorHistory is 0.500000 for index 751626, 752/1000.
The last entry of errorHistory is 0.000015 for index 751627, 752/1000.
Terminated at swamp 0.5.
The last entry of errorHistory is 0.500142 for index 751628, 752/1000.
Terminated at swamp 0.5.
The last entry of errorHistory is 0.500381 for index 751629, 752/1000.
Terminated at swamp 0.5.
The last entry of errorHistory is 0.500113 for index 751630, 752/1000.
Terminated at swamp 0.5.
The last entry of errorHistory is 0.500383 for index 751631, 752/1000.
The last entry of errorHistory is 1.000000 for index 751632, 752/1000.
Terminated at swamp 0.5.
The last entry of errorHistory is 0.500474 for index 751633, 752/1000.
Terminated at swamp 0.5.
The last entry of errorHistory is 0.500332 for index 751634, 752/1000.
Terminated at swamp 1.
The last entry of errorHistory is 1.000403 for index 751635, 752/1000.
Terminated at swamp 0.5.
The last entry of errorHistory is 0.500364 for index 751636, 752/1000.
Terminated at swamp 0.5.
The last entry of errorHistory is 0.500505 for index 751637, 752/1000.
Terminated at swamp 0.5.
The last entry of errorHistory is 0.500147 for index 751638, 752/1000.
Terminated at swamp 0.5.
The last entry of errorHistory is 0.500059 for index 751639, 752/1000.
Terminated at swamp 1.
The last entry of errorHistory is 1.000267 for index 751640, 752/1000.
Terminated at swamp 0.5.
The last entry of errorHistory is 0.500400 for index 751641, 752/1000.
The last entry of errorHistory is 0.000012 for index 751642, 752/1000.
Terminated at swamp 0.5.
The last entry of errorHistory is 0.500304 for index 751643, 752/1000.
Terminated at swamp 0.5.
The last entry of errorHistory is 0.500549 for index 751644, 752/1000.
Terminated at swamp 1.
The last entry of errorHistory is 1.000001 for index 751645, 752/1000.
Terminated at swamp 1.
The last entry of errorHistory is 1.000148 for index 751646, 752/1000.
The last entry of errorHistory is 1.000000 for index 751647, 752/1000.
Terminated at swamp 0.5.
The last entry of errorHistory is 0.500553 for index 751648, 752/1000.
Terminated at swamp 0.5.
The last entry of errorHistory is 0.500327 for index 751649, 752/1000.
Terminated at swamp 0.5.
The last entry of errorHistory is 0.500361 for index 751650, 752/1000.
Terminated at swamp 0.5.
The last entry of errorHistory is 0.500107 for index 751651, 752/1000.
Terminated at swamp 0.5.
The last entry of errorHistory is 0.500144 for index 751652, 752/1000.
Terminated at swamp 1.
The last entry of errorHistory is 1.000000 for index 751653, 752/1000.
Terminated at swamp 0.5.
The last entry of errorHistory is 0.500520 for index 751654, 752/1000.
The last entry of errorHistory is 0.500000 for index 751655, 752/1000.
The last entry of errorHistory is 0.001231 for index 751656, 752/1000.
Terminated at swamp 0.5.
The last entry of errorHistory is 0.500539 for index 751657, 752/1000.
The last entry of errorHistory is 0.500000 for index 751658, 752/1000.
The last entry of errorHistory is 0.500000 for index 751659, 752/1000.
Terminated at swamp 0.5.
The last entry of errorHistory is 0.500144 for index 751660, 752/1000.
The last entry of errorHistory is 1.000000 for index 751661, 752/1000.
The last entry of errorHistory is 1.000000 for index 751662, 752/1000.
Terminated at swamp 0.5.
The last entry of errorHistory is 0.500189 for index 751663, 752/1000.
Terminated at swamp 0.5.
The last entry of errorHistory is 0.500150 for index 751664, 752/1000.
Terminated at swamp 0.5.
The last entry of errorHistory is 0.500531 for index 751665, 752/1000.
Terminated at swamp 0.5.
The last entry of errorHistory is 0.500581 for index 751666, 752/1000.
Terminated at swamp 1.
The last entry of errorHistory is 1.000354 for index 751667, 752/1000.
Terminated at swamp 1.
The last entry of errorHistory is 1.000000 for index 751668, 752/1000.
The last entry of errorHistory is 0.500000 for index 751669, 752/1000.
Terminated at swamp 1.
The last entry of errorHistory is 1.000043 for index 751670, 752/1000.
Terminated at swamp 0.5.
The last entry of errorHistory is 0.500169 for index 751671, 752/1000.
Terminated at swamp 0.5.
The last entry of errorHistory is 0.500274 for index 751672, 752/1000.
Terminated at swamp 0.5.
The last entry of errorHistory is 0.500378 for index 751673, 752/1000.
Terminated at swamp 0.5.
The last entry of errorHistory is 0.500254 for index 751674, 752/1000.
The last entry of errorHistory is 0.002070 for index 751675, 752/1000.
Terminated at swamp 1.
The last entry of errorHistory is 1.000177 for index 751676, 752/1000.
The last entry of errorHistory is 0.000021 for index 751677, 752/1000.
The last entry of errorHistory is 1.500000 for index 751678, 752/1000.
The last entry of errorHistory is 1.000000 for index 751679, 752/1000.
Terminated at swamp 0.5.
The last entry of errorHistory is 0.500004 for index 751680, 752/1000.
The last entry of errorHistory is 0.000049 for index 751681, 752/1000.
The last entry of errorHistory is 0.001143 for index 751682, 752/1000.
Terminated at swamp 0.5.
The last entry of errorHistory is 0.500295 for index 751683, 752/1000.
Terminated at swamp 0.5.
The last entry of errorHistory is 0.500310 for index 751684, 752/1000.
The last entry of errorHistory is 1.000000 for index 751685, 752/1000.
Terminated at swamp 1.
The last entry of errorHistory is 1.000000 for index 751686, 752/1000.
Terminated at swamp 0.5.
The last entry of errorHistory is 0.500570 for index 751687, 752/1000.
Terminated at swamp 0.5.
The last entry of errorHistory is 0.500663 for index 751688, 752/1000.
Terminated at swamp 1.
The last entry of errorHistory is 1.000454 for index 751689, 752/1000.
Terminated at swamp 1.
The last entry of errorHistory is 1.000000 for index 751690, 752/1000.
Terminated at swamp 0.5.
The last entry of errorHistory is 0.500571 for index 751691, 752/1000.
Terminated at swamp 0.5.
The last entry of errorHistory is 0.500500 for index 751692, 752/1000.
Terminated at swamp 0.5.
The last entry of errorHistory is 0.500577 for index 751693, 752/1000.
Terminated at swamp 0.5.
The last entry of errorHistory is 0.500002 for index 751694, 752/1000.
The last entry of errorHistory is 0.000016 for index 751695, 752/1000.
The last entry of errorHistory is 0.000013 for index 751696, 752/1000.
Terminated at swamp 0.5.
The last entry of errorHistory is 0.500425 for index 751697, 752/1000.
Terminated at swamp 0.5.
The last entry of errorHistory is 0.500218 for index 751698, 752/1000.
Terminated at swamp 0.5.
The last entry of errorHistory is 0.500375 for index 751699, 752/1000.
The last entry of errorHistory is 0.000837 for index 751700, 752/1000.
The last entry of errorHistory is 1.000000 for index 751701, 752/1000.
Terminated at swamp 1.
The last entry of errorHistory is 1.000008 for index 751702, 752/1000.
Terminated at swamp 0.5.
The last entry of errorHistory is 0.500199 for index 751703, 752/1000.
Terminated at swamp 0.5.
The last entry of errorHistory is 0.500396 for index 751704, 752/1000.
The last entry of errorHistory is 1.000000 for index 751705, 752/1000.
The last entry of errorHistory is 0.000017 for index 751706, 752/1000.
The last entry of errorHistory is 1.000000 for index 751707, 752/1000.
Terminated at swamp 0.5.
The last entry of errorHistory is 0.500535 for index 751708, 752/1000.
The last entry of errorHistory is 1.000000 for index 751709, 752/1000.
Terminated at swamp 0.5.
The last entry of errorHistory is 0.500418 for index 751710, 752/1000.
The last entry of errorHistory is 1.000000 for index 751711, 752/1000.
The last entry of errorHistory is 0.500000 for index 751712, 752/1000.
Terminated at swamp 0.5.
The last entry of errorHistory is 0.500050 for index 751713, 752/1000.
Terminated at swamp 1.
The last entry of errorHistory is 1.000375 for index 751714, 752/1000.
The last entry of errorHistory is 1.500000 for index 751715, 752/1000.
Terminated at swamp 0.5.
The last entry of errorHistory is 0.500584 for index 751716, 752/1000.
Terminated at swamp 0.5.
The last entry of errorHistory is 0.500402 for index 751717, 752/1000.
Terminated at swamp 0.5.
The last entry of errorHistory is 0.500610 for index 751718, 752/1000.
The last entry of errorHistory is 1.000000 for index 751719, 752/1000.
Terminated at swamp 0.5.
The last entry of errorHistory is 0.500526 for index 751720, 752/1000.
Terminated at swamp 1.
The last entry of errorHistory is 1.000000 for index 751721, 752/1000.
Terminated at swamp 0.5.
The last entry of errorHistory is 0.500635 for index 751722, 752/1000.
Terminated at swamp 0.5.
The last entry of errorHistory is 0.500389 for index 751723, 752/1000.
The last entry of errorHistory is 1.000000 for index 751724, 752/1000.
Terminated at swamp 1.
The last entry of errorHistory is 1.000264 for index 751725, 752/1000.
Terminated at swamp 0.5.
The last entry of errorHistory is 0.500114 for index 751726, 752/1000.
Terminated at swamp 0.5.
The last entry of errorHistory is 0.500477 for index 751727, 752/1000.
Terminated at swamp 0.5.
The last entry of errorHistory is 0.500332 for index 751728, 752/1000.
The last entry of errorHistory is 1.000000 for index 751729, 752/1000.
Terminated at swamp 0.5.
The last entry of errorHistory is 0.500410 for index 751730, 752/1000.
Terminated at swamp 0.5.
The last entry of errorHistory is 0.500374 for index 751731, 752/1000.
The last entry of errorHistory is 0.000010 for index 751732, 752/1000.
The last entry of errorHistory is 0.000311 for index 751733, 752/1000.
Terminated at swamp 0.5.
The last entry of errorHistory is 0.500152 for index 751734, 752/1000.
The last entry of errorHistory is 1.000000 for index 751735, 752/1000.
Terminated at swamp 0.5.
The last entry of errorHistory is 0.500127 for index 751736, 752/1000.
The last entry of errorHistory is 1.000000 for index 751737, 752/1000.
The last entry of errorHistory is 0.500000 for index 751738, 752/1000.
Terminated at swamp 1.
The last entry of errorHistory is 1.000369 for index 751739, 752/1000.
Terminated at swamp 1.
The last entry of errorHistory is 1.000368 for index 751740, 752/1000.
The last entry of errorHistory is 1.500000 for index 751741, 752/1000.
Terminated at swamp 1.
The last entry of errorHistory is 1.000000 for index 751742, 752/1000.
Terminated at swamp 0.5.
The last entry of errorHistory is 0.500461 for index 751743, 752/1000.
Terminated at swamp 0.5.
The last entry of errorHistory is 0.500153 for index 751744, 752/1000.
Terminated at swamp 0.5.
The last entry of errorHistory is 0.500016 for index 751745, 752/1000.
Terminated at swamp 0.5.
The last entry of errorHistory is 0.500539 for index 751746, 752/1000.
The last entry of errorHistory is 0.000014 for index 751747, 752/1000.
Terminated at swamp 0.5.
The last entry of errorHistory is 0.500293 for index 751748, 752/1000.
Terminated at swamp 0.5.
The last entry of errorHistory is 0.500394 for index 751749, 752/1000.
The last entry of errorHistory is 1.000000 for index 751750, 752/1000.
The last entry of errorHistory is 0.500000 for index 751751, 752/1000.
Terminated at swamp 1.
The last entry of errorHistory is 1.000019 for index 751752, 752/1000.
Terminated at swamp 0.5.
The last entry of errorHistory is 0.500466 for index 751753, 752/1000.
Terminated at swamp 0.5.
The last entry of errorHistory is 0.500335 for index 751754, 752/1000.
Terminated at swamp 1.
The last entry of errorHistory is 1.000054 for index 751755, 752/1000.
Terminated at swamp 0.5.
The last entry of errorHistory is 0.500016 for index 751756, 752/1000.
The last entry of errorHistory is 1.000000 for index 751757, 752/1000.
Terminated at swamp 0.5.
The last entry of errorHistory is 0.500638 for index 751758, 752/1000.
Terminated at swamp 0.5.
The last entry of errorHistory is 0.500451 for index 751759, 752/1000.
Terminated at swamp 0.5.
The last entry of errorHistory is 0.500518 for index 751760, 752/1000.
Terminated at swamp 0.5.
The last entry of errorHistory is 0.500350 for index 751761, 752/1000.
The last entry of errorHistory is 1.000000 for index 751762, 752/1000.
Terminated at swamp 0.5.
The last entry of errorHistory is 0.500463 for index 751763, 752/1000.
Terminated at swamp 0.5.
The last entry of errorHistory is 0.500497 for index 751764, 752/1000.
Terminated at swamp 1.
The last entry of errorHistory is 1.000000 for index 751765, 752/1000.
Terminated at swamp 1.
The last entry of errorHistory is 1.000081 for index 751766, 752/1000.
Terminated at swamp 0.5.
The last entry of errorHistory is 0.500301 for index 751767, 752/1000.
Terminated at swamp 0.5.
The last entry of errorHistory is 0.500139 for index 751768, 752/1000.
Terminated at swamp 1.
The last entry of errorHistory is 1.000160 for index 751769, 752/1000.
Terminated at swamp 0.5.
The last entry of errorHistory is 0.500204 for index 751770, 752/1000.
Terminated at swamp 0.5.
The last entry of errorHistory is 0.500441 for index 751771, 752/1000.
Terminated at swamp 1.
The last entry of errorHistory is 1.000000 for index 751772, 752/1000.
Terminated at swamp 1.
The last entry of errorHistory is 1.000439 for index 751773, 752/1000.
Terminated at swamp 0.5.
The last entry of errorHistory is 0.500624 for index 751774, 752/1000.
Terminated at swamp 1.
The last entry of errorHistory is 1.000357 for index 751775, 752/1000.
Terminated at swamp 0.5.
The last entry of errorHistory is 0.500343 for index 751776, 752/1000.
Terminated at swamp 1.
The last entry of errorHistory is 1.000040 for index 751777, 752/1000.
Terminated at swamp 0.5.
The last entry of errorHistory is 0.500563 for index 751778, 752/1000.
Terminated at swamp 0.5.
The last entry of errorHistory is 0.500068 for index 751779, 752/1000.
The last entry of errorHistory is 0.000032 for index 751780, 752/1000.
Terminated at swamp 1.
The last entry of errorHistory is 1.000099 for index 751781, 752/1000.
The last entry of errorHistory is 0.000191 for index 751782, 752/1000.
Terminated at swamp 1.
The last entry of errorHistory is 1.000134 for index 751783, 752/1000.
Terminated at swamp 0.5.
The last entry of errorHistory is 0.500341 for index 751784, 752/1000.
Terminated at swamp 0.5.
The last entry of errorHistory is 0.500475 for index 751785, 752/1000.
Terminated at swamp 0.5.
The last entry of errorHistory is 0.500194 for index 751786, 752/1000.
Terminated at swamp 0.5.
The last entry of errorHistory is 0.500067 for index 751787, 752/1000.
The last entry of errorHistory is 1.000000 for index 751788, 752/1000.
Terminated at swamp 1.
The last entry of errorHistory is 1.000000 for index 751789, 752/1000.
Terminated at swamp 1.
The last entry of errorHistory is 1.000000 for index 751790, 752/1000.
Terminated at swamp 0.5.
The last entry of errorHistory is 0.500000 for index 751791, 752/1000.
Terminated at swamp 0.5.
The last entry of errorHistory is 0.500052 for index 751792, 752/1000.
Terminated at swamp 0.5.
The last entry of errorHistory is 0.500134 for index 751793, 752/1000.
The last entry of errorHistory is 1.000000 for index 751794, 752/1000.
Terminated at swamp 1.
The last entry of errorHistory is 1.000000 for index 751795, 752/1000.
Terminated at swamp 0.5.
The last entry of errorHistory is 0.500368 for index 751796, 752/1000.
Terminated at swamp 0.5.
The last entry of errorHistory is 0.500335 for index 751797, 752/1000.
Terminated at swamp 0.5.
The last entry of errorHistory is 0.500034 for index 751798, 752/1000.
Terminated at swamp 0.5.
The last entry of errorHistory is 0.500111 for index 751799, 752/1000.
The last entry of errorHistory is 0.500000 for index 751800, 752/1000.
Terminated at swamp 0.5.
The last entry of errorHistory is 0.500239 for index 751801, 752/1000.
The last entry of errorHistory is 0.000014 for index 751802, 752/1000.
Terminated at swamp 0.5.
The last entry of errorHistory is 0.500378 for index 751803, 752/1000.
The last entry of errorHistory is 1.000000 for index 751804, 752/1000.
Terminated at swamp 0.5.
The last entry of errorHistory is 0.500481 for index 751805, 752/1000.
The last entry of errorHistory is 1.000000 for index 751806, 752/1000.
Terminated at swamp 0.5.
The last entry of errorHistory is 0.500640 for index 751807, 752/1000.
The last entry of errorHistory is 0.000010 for index 751808, 752/1000.
Terminated at swamp 0.5.
The last entry of errorHistory is 0.500267 for index 751809, 752/1000.
Terminated at swamp 1.
The last entry of errorHistory is 1.000218 for index 751810, 752/1000.
The last entry of errorHistory is 0.500000 for index 751811, 752/1000.
Terminated at swamp 0.5.
The last entry of errorHistory is 0.500365 for index 751812, 752/1000.
Terminated at swamp 0.5.
The last entry of errorHistory is 0.500346 for index 751813, 752/1000.
Terminated at swamp 0.5.
The last entry of errorHistory is 0.500145 for index 751814, 752/1000.
Terminated at swamp 1.
The last entry of errorHistory is 1.000003 for index 751815, 752/1000.
Terminated at swamp 0.5.
The last entry of errorHistory is 0.500569 for index 751816, 752/1000.
The last entry of errorHistory is 0.000300 for index 751817, 752/1000.
Terminated at swamp 1.
The last entry of errorHistory is 1.000096 for index 751818, 752/1000.
Terminated at swamp 0.5.
The last entry of errorHistory is 0.500000 for index 751819, 752/1000.
The last entry of errorHistory is 0.000083 for index 751820, 752/1000.
The last entry of errorHistory is 0.000075 for index 751821, 752/1000.
The last entry of errorHistory is 1.000000 for index 751822, 752/1000.
Terminated at swamp 0.5.
The last entry of errorHistory is 0.500580 for index 751823, 752/1000.
Terminated at swamp 0.5.
The last entry of errorHistory is 0.500223 for index 751824, 752/1000.
Terminated at swamp 1.
The last entry of errorHistory is 1.000240 for index 751825, 752/1000.
Terminated at swamp 0.5.
The last entry of errorHistory is 0.500641 for index 751826, 752/1000.
The last entry of errorHistory is 0.500000 for index 751827, 752/1000.
The last entry of errorHistory is 1.000000 for index 751828, 752/1000.
Terminated at swamp 1.
The last entry of errorHistory is 1.000418 for index 751829, 752/1000.
Terminated at swamp 0.5.
The last entry of errorHistory is 0.500361 for index 751830, 752/1000.
The last entry of errorHistory is 1.000000 for index 751831, 752/1000.
Terminated at swamp 0.5.
The last entry of errorHistory is 0.500339 for index 751832, 752/1000.
Terminated at swamp 0.5.
The last entry of errorHistory is 0.500397 for index 751833, 752/1000.
Terminated at swamp 1.
The last entry of errorHistory is 1.000294 for index 751834, 752/1000.
Terminated at swamp 0.5.
The last entry of errorHistory is 0.500651 for index 751835, 752/1000.
Terminated at swamp 1.
The last entry of errorHistory is 1.000009 for index 751836, 752/1000.
The last entry of errorHistory is 1.000000 for index 751837, 752/1000.
Terminated at swamp 1.
The last entry of errorHistory is 1.000395 for index 751838, 752/1000.
The last entry of errorHistory is 1.000000 for index 751839, 752/1000.
The last entry of errorHistory is 1.000000 for index 751840, 752/1000.
Terminated at swamp 0.5.
The last entry of errorHistory is 0.500436 for index 751841, 752/1000.
The last entry of errorHistory is 0.000010 for index 751842, 752/1000.
The last entry of errorHistory is 2.000000 for index 751843, 752/1000.
Terminated at swamp 1.
The last entry of errorHistory is 1.000196 for index 751844, 752/1000.
Terminated at swamp 0.5.
The last entry of errorHistory is 0.500155 for index 751845, 752/1000.
Terminated at swamp 0.5.
The last entry of errorHistory is 0.500002 for index 751846, 752/1000.
The last entry of errorHistory is 1.000000 for index 751847, 752/1000.
Terminated at swamp 0.5.
The last entry of errorHistory is 0.500081 for index 751848, 752/1000.
The last entry of errorHistory is 1.000000 for index 751849, 752/1000.
The last entry of errorHistory is 1.000000 for index 751850, 752/1000.
Terminated at swamp 0.5.
The last entry of errorHistory is 0.500105 for index 751851, 752/1000.
Terminated at swamp 1.
The last entry of errorHistory is 1.000093 for index 751852, 752/1000.
Terminated at swamp 0.5.
The last entry of errorHistory is 0.500367 for index 751853, 752/1000.
Terminated at swamp 1.
The last entry of errorHistory is 1.000003 for index 751854, 752/1000.
The last entry of errorHistory is 1.000000 for index 751855, 752/1000.
Terminated at swamp 0.5.
The last entry of errorHistory is 0.500307 for index 751856, 752/1000.
Terminated at swamp 0.5.
The last entry of errorHistory is 0.500000 for index 751857, 752/1000.
Terminated at swamp 0.5.
The last entry of errorHistory is 0.500126 for index 751858, 752/1000.
Terminated at swamp 0.5.
The last entry of errorHistory is 0.500487 for index 751859, 752/1000.
The last entry of errorHistory is 1.000000 for index 751860, 752/1000.
Terminated at swamp 0.5.
The last entry of errorHistory is 0.500433 for index 751861, 752/1000.
Terminated at swamp 0.5.
The last entry of errorHistory is 0.500076 for index 751862, 752/1000.
Terminated at swamp 0.5.
The last entry of errorHistory is 0.500527 for index 751863, 752/1000.
Terminated at swamp 0.5.
The last entry of errorHistory is 0.500523 for index 751864, 752/1000.
Terminated at swamp 0.5.
The last entry of errorHistory is 0.500926 for index 751865, 752/1000.
Terminated at swamp 0.5.
The last entry of errorHistory is 0.500157 for index 751866, 752/1000.
The last entry of errorHistory is 1.000000 for index 751867, 752/1000.
The last entry of errorHistory is 0.000699 for index 751868, 752/1000.
Terminated at swamp 1.
The last entry of errorHistory is 1.000275 for index 751869, 752/1000.
The last entry of errorHistory is 0.500000 for index 751870, 752/1000.
The last entry of errorHistory is 1.500000 for index 751871, 752/1000.
The last entry of errorHistory is 0.500000 for index 751872, 752/1000.
Terminated at swamp 0.5.
The last entry of errorHistory is 0.500638 for index 751873, 752/1000.
The last entry of errorHistory is 1.000000 for index 751874, 752/1000.
Terminated at swamp 0.5.
The last entry of errorHistory is 0.500943 for index 751875, 752/1000.
The last entry of errorHistory is 0.000735 for index 751876, 752/1000.
The last entry of errorHistory is 0.000012 for index 751877, 752/1000.
Terminated at swamp 0.5.
The last entry of errorHistory is 0.500442 for index 751878, 752/1000.
Terminated at swamp 0.5.
The last entry of errorHistory is 0.500024 for index 751879, 752/1000.
Terminated at swamp 0.5.
The last entry of errorHistory is 0.500373 for index 751880, 752/1000.
Terminated at swamp 0.5.
The last entry of errorHistory is 0.500439 for index 751881, 752/1000.
The last entry of errorHistory is 0.000103 for index 751882, 752/1000.
Terminated at swamp 0.5.
The last entry of errorHistory is 0.500580 for index 751883, 752/1000.
Terminated at swamp 0.5.
The last entry of errorHistory is 0.500484 for index 751884, 752/1000.
The last entry of errorHistory is 0.002033 for index 751885, 752/1000.
Terminated at swamp 0.5.
The last entry of errorHistory is 0.500594 for index 751886, 752/1000.
The last entry of errorHistory is 1.000000 for index 751887, 752/1000.
The last entry of errorHistory is 0.000046 for index 751888, 752/1000.
The last entry of errorHistory is 1.000000 for index 751889, 752/1000.
Terminated at swamp 1.
The last entry of errorHistory is 1.000384 for index 751890, 752/1000.
Terminated at swamp 0.5.
The last entry of errorHistory is 0.500583 for index 751891, 752/1000.
The last entry of errorHistory is 1.000000 for index 751892, 752/1000.
Terminated at swamp 0.5.
The last entry of errorHistory is 0.500615 for index 751893, 752/1000.
Terminated at swamp 1.
The last entry of errorHistory is 1.000002 for index 751894, 752/1000.
Terminated at swamp 0.5.
The last entry of errorHistory is 0.500467 for index 751895, 752/1000.
Terminated at swamp 0.5.
The last entry of errorHistory is 0.500446 for index 751896, 752/1000.
The last entry of errorHistory is 0.500000 for index 751897, 752/1000.
The last entry of errorHistory is 0.000015 for index 751898, 752/1000.
Terminated at swamp 0.5.
The last entry of errorHistory is 0.500287 for index 751899, 752/1000.
Terminated at swamp 0.5.
The last entry of errorHistory is 0.500495 for index 751900, 752/1000.
Terminated at swamp 1.
The last entry of errorHistory is 1.000013 for index 751901, 752/1000.
The last entry of errorHistory is 1.500000 for index 751902, 752/1000.
Terminated at swamp 0.5.
The last entry of errorHistory is 0.500208 for index 751903, 752/1000.
The last entry of errorHistory is 1.000000 for index 751904, 752/1000.
Terminated at swamp 0.5.
The last entry of errorHistory is 0.500533 for index 751905, 752/1000.
Terminated at swamp 1.
The last entry of errorHistory is 1.000000 for index 751906, 752/1000.
The last entry of errorHistory is 1.000000 for index 751907, 752/1000.
The last entry of errorHistory is 1.000000 for index 751908, 752/1000.
Terminated at swamp 1.
The last entry of errorHistory is 1.000077 for index 751909, 752/1000.
Terminated at swamp 1.
The last entry of errorHistory is 1.000231 for index 751910, 752/1000.
The last entry of errorHistory is 0.000009 for index 751911, 752/1000.
Terminated at swamp 1.
The last entry of errorHistory is 1.000078 for index 751912, 752/1000.
Terminated at swamp 0.5.
The last entry of errorHistory is 0.500092 for index 751913, 752/1000.
Terminated at swamp 0.5.
The last entry of errorHistory is 0.500569 for index 751914, 752/1000.
Terminated at swamp 0.5.
The last entry of errorHistory is 0.500627 for index 751915, 752/1000.
Terminated at swamp 1.
The last entry of errorHistory is 1.000279 for index 751916, 752/1000.
Terminated at swamp 0.5.
The last entry of errorHistory is 0.500483 for index 751917, 752/1000.
The last entry of errorHistory is 0.000051 for index 751918, 752/1000.
Terminated at swamp 1.
The last entry of errorHistory is 1.000010 for index 751919, 752/1000.
Terminated at swamp 0.5.
The last entry of errorHistory is 0.500052 for index 751920, 752/1000.
Terminated at swamp 0.5.
The last entry of errorHistory is 0.500352 for index 751921, 752/1000.
Terminated at swamp 1.
The last entry of errorHistory is 1.000026 for index 751922, 752/1000.
The last entry of errorHistory is 1.500000 for index 751923, 752/1000.
Terminated at swamp 1.
The last entry of errorHistory is 1.000000 for index 751924, 752/1000.
The last entry of errorHistory is 0.500000 for index 751925, 752/1000.
Terminated at swamp 0.5.
The last entry of errorHistory is 0.500626 for index 751926, 752/1000.
Terminated at swamp 0.5.
The last entry of errorHistory is 0.500233 for index 751927, 752/1000.
Terminated at swamp 1.
The last entry of errorHistory is 1.000006 for index 751928, 752/1000.
The last entry of errorHistory is 0.500000 for index 751929, 752/1000.
The last entry of errorHistory is 1.000000 for index 751930, 752/1000.
The last entry of errorHistory is 1.000000 for index 751931, 752/1000.
Terminated at swamp 0.5.
The last entry of errorHistory is 0.500517 for index 751932, 752/1000.
Terminated at swamp 0.5.
The last entry of errorHistory is 0.500383 for index 751933, 752/1000.
Terminated at swamp 0.5.
The last entry of errorHistory is 0.500533 for index 751934, 752/1000.
The last entry of errorHistory is 1.000000 for index 751935, 752/1000.
Terminated at swamp 0.5.
The last entry of errorHistory is 0.500673 for index 751936, 752/1000.
The last entry of errorHistory is 1.500000 for index 751937, 752/1000.
The last entry of errorHistory is 1.000000 for index 751938, 752/1000.
The last entry of errorHistory is 0.500000 for index 751939, 752/1000.
Terminated at swamp 1.
The last entry of errorHistory is 1.000000 for index 751940, 752/1000.
Terminated at swamp 0.5.
The last entry of errorHistory is 0.500520 for index 751941, 752/1000.
Terminated at swamp 1.
The last entry of errorHistory is 1.000009 for index 751942, 752/1000.
Terminated at swamp 0.5.
The last entry of errorHistory is 0.500285 for index 751943, 752/1000.
Terminated at swamp 0.5.
The last entry of errorHistory is 0.500421 for index 751944, 752/1000.
Terminated at swamp 1.
The last entry of errorHistory is 1.000540 for index 751945, 752/1000.
The last entry of errorHistory is 1.000000 for index 751946, 752/1000.
Terminated at swamp 0.5.
The last entry of errorHistory is 0.500042 for index 751947, 752/1000.
Terminated at swamp 0.5.
The last entry of errorHistory is 0.500600 for index 751948, 752/1000.
Terminated at swamp 0.5.
The last entry of errorHistory is 0.500353 for index 751949, 752/1000.
Terminated at swamp 0.5.
The last entry of errorHistory is 0.500478 for index 751950, 752/1000.
Terminated at swamp 0.5.
The last entry of errorHistory is 0.500375 for index 751951, 752/1000.
The last entry of errorHistory is 1.500000 for index 751952, 752/1000.
The last entry of errorHistory is 0.500000 for index 751953, 752/1000.
Terminated at swamp 1.
The last entry of errorHistory is 1.000020 for index 751954, 752/1000.
Terminated at swamp 0.5.
The last entry of errorHistory is 0.500441 for index 751955, 752/1000.
The last entry of errorHistory is 0.000009 for index 751956, 752/1000.
Terminated at swamp 0.5.
The last entry of errorHistory is 0.500375 for index 751957, 752/1000.
Terminated at swamp 0.5.
The last entry of errorHistory is 0.500503 for index 751958, 752/1000.
Terminated at swamp 0.5.
The last entry of errorHistory is 0.500550 for index 751959, 752/1000.
The last entry of errorHistory is 1.000000 for index 751960, 752/1000.
The last entry of errorHistory is 0.000016 for index 751961, 752/1000.
The last entry of errorHistory is 1.000000 for index 751962, 752/1000.
Terminated at swamp 1.
The last entry of errorHistory is 1.000117 for index 751963, 752/1000.
The last entry of errorHistory is 1.000000 for index 751964, 752/1000.
The last entry of errorHistory is 0.000679 for index 751965, 752/1000.
Terminated at swamp 0.5.
The last entry of errorHistory is 0.500000 for index 751966, 752/1000.
The last entry of errorHistory is 0.000032 for index 751967, 752/1000.
Terminated at swamp 0.5.
The last entry of errorHistory is 0.500477 for index 751968, 752/1000.
Terminated at swamp 0.5.
The last entry of errorHistory is 0.500106 for index 751969, 752/1000.
Terminated at swamp 0.5.
The last entry of errorHistory is 0.500349 for index 751970, 752/1000.
Terminated at swamp 1.
The last entry of errorHistory is 1.000247 for index 751971, 752/1000.
Terminated at swamp 1.
The last entry of errorHistory is 1.000282 for index 751972, 752/1000.
Terminated at swamp 0.5.
The last entry of errorHistory is 0.500153 for index 751973, 752/1000.
Terminated at swamp 1.
The last entry of errorHistory is 1.000495 for index 751974, 752/1000.
Terminated at swamp 0.5.
The last entry of errorHistory is 0.500029 for index 751975, 752/1000.
The last entry of errorHistory is 0.000054 for index 751976, 752/1000.
The last entry of errorHistory is 1.000000 for index 751977, 752/1000.
The last entry of errorHistory is 1.500000 for index 751978, 752/1000.
The last entry of errorHistory is 0.502094 for index 751979, 752/1000.
The last entry of errorHistory is 0.000032 for index 751980, 752/1000.
Terminated at swamp 0.5.
The last entry of errorHistory is 0.500468 for index 751981, 752/1000.
Terminated at swamp 0.5.
The last entry of errorHistory is 0.500646 for index 751982, 752/1000.
Terminated at swamp 0.5.
The last entry of errorHistory is 0.500288 for index 751983, 752/1000.
Terminated at swamp 0.5.
The last entry of errorHistory is 0.500604 for index 751984, 752/1000.
The last entry of errorHistory is 1.000000 for index 751985, 752/1000.
The last entry of errorHistory is 1.000000 for index 751986, 752/1000.
Terminated at swamp 1.
The last entry of errorHistory is 1.000183 for index 751987, 752/1000.
Terminated at swamp 0.5.
The last entry of errorHistory is 0.500029 for index 751988, 752/1000.
The last entry of errorHistory is 1.000000 for index 751989, 752/1000.
Terminated at swamp 1.
The last entry of errorHistory is 1.000262 for index 751990, 752/1000.
The last entry of errorHistory is 0.500000 for index 751991, 752/1000.
The last entry of errorHistory is 0.500000 for index 751992, 752/1000.
The last entry of errorHistory is 0.500000 for index 751993, 752/1000.
Terminated at swamp 0.5.
The last entry of errorHistory is 0.500286 for index 751994, 752/1000.
Terminated at swamp 0.5.
The last entry of errorHistory is 0.500206 for index 751995, 752/1000.
Terminated at swamp 0.5.
The last entry of errorHistory is 0.500088 for index 751996, 752/1000.
The last entry of errorHistory is 0.000104 for index 751997, 752/1000.
The last entry of errorHistory is 1.000000 for index 751998, 752/1000.
The last entry of errorHistory is 1.000000 for index 751999, 752/1000.
Terminated at swamp 0.5.
The last entry of errorHistory is 0.500423 for index 752000, 752/1000.
