
                            < M A T L A B (R) >
                  Copyright 1984-2018 The MathWorks, Inc.
                   R2018b (9.5.0.944444) 64-bit (glnxa64)
                              August 28, 2018

 
To get started, type doc.
For product information, visit www.mathworks.com.
 
The last entry of errorHistory is 1.000000 for index 787001, 788/1000.
Terminated at swamp 0.5.
The last entry of errorHistory is 0.500509 for index 787002, 788/1000.
The last entry of errorHistory is 1.000000 for index 787003, 788/1000.
Terminated at swamp 1.
The last entry of errorHistory is 1.000439 for index 787004, 788/1000.
Terminated at swamp 0.5.
The last entry of errorHistory is 0.500180 for index 787005, 788/1000.
Terminated at swamp 0.5.
The last entry of errorHistory is 0.500392 for index 787006, 788/1000.
The last entry of errorHistory is 1.000000 for index 787007, 788/1000.
Terminated at swamp 0.5.
The last entry of errorHistory is 0.500258 for index 787008, 788/1000.
The last entry of errorHistory is 1.000000 for index 787009, 788/1000.
Terminated at swamp 0.5.
The last entry of errorHistory is 0.500351 for index 787010, 788/1000.
Terminated at swamp 0.5.
The last entry of errorHistory is 0.500456 for index 787011, 788/1000.
Terminated at swamp 0.5.
The last entry of errorHistory is 0.500012 for index 787012, 788/1000.
The last entry of errorHistory is 0.000078 for index 787013, 788/1000.
Terminated at swamp 0.5.
The last entry of errorHistory is 0.500362 for index 787014, 788/1000.
Terminated at swamp 1.
The last entry of errorHistory is 1.000077 for index 787015, 788/1000.
Terminated at swamp 1.
The last entry of errorHistory is 1.000050 for index 787016, 788/1000.
The last entry of errorHistory is 1.000000 for index 787017, 788/1000.
The last entry of errorHistory is 0.000018 for index 787018, 788/1000.
The last entry of errorHistory is 1.000000 for index 787019, 788/1000.
Terminated at swamp 1.
The last entry of errorHistory is 1.000255 for index 787020, 788/1000.
Terminated at swamp 0.5.
The last entry of errorHistory is 0.500307 for index 787021, 788/1000.
The last entry of errorHistory is 1.000000 for index 787022, 788/1000.
Terminated at swamp 1.
The last entry of errorHistory is 1.000354 for index 787023, 788/1000.
The last entry of errorHistory is 0.500000 for index 787024, 788/1000.
Terminated at swamp 0.5.
The last entry of errorHistory is 0.500325 for index 787025, 788/1000.
Terminated at swamp 0.5.
The last entry of errorHistory is 0.500468 for index 787026, 788/1000.
Terminated at swamp 1.
The last entry of errorHistory is 1.000053 for index 787027, 788/1000.
Terminated at swamp 0.5.
The last entry of errorHistory is 0.500329 for index 787028, 788/1000.
Terminated at swamp 0.5.
The last entry of errorHistory is 0.500614 for index 787029, 788/1000.
Terminated at swamp 0.5.
The last entry of errorHistory is 0.500332 for index 787030, 788/1000.
Terminated at swamp 0.5.
The last entry of errorHistory is 0.500110 for index 787031, 788/1000.
Terminated at swamp 0.5.
The last entry of errorHistory is 0.500310 for index 787032, 788/1000.
Terminated at swamp 0.5.
The last entry of errorHistory is 0.500354 for index 787033, 788/1000.
The last entry of errorHistory is 1.000000 for index 787034, 788/1000.
Terminated at swamp 0.5.
The last entry of errorHistory is 0.500355 for index 787035, 788/1000.
The last entry of errorHistory is 1.000000 for index 787036, 788/1000.
The last entry of errorHistory is 0.000012 for index 787037, 788/1000.
Terminated at swamp 0.5.
The last entry of errorHistory is 0.500497 for index 787038, 788/1000.
Terminated at swamp 0.5.
The last entry of errorHistory is 0.500000 for index 787039, 788/1000.
Terminated at swamp 0.5.
The last entry of errorHistory is 0.500247 for index 787040, 788/1000.
Terminated at swamp 0.5.
The last entry of errorHistory is 0.500249 for index 787041, 788/1000.
Terminated at swamp 0.5.
The last entry of errorHistory is 0.500518 for index 787042, 788/1000.
Terminated at swamp 1.
The last entry of errorHistory is 1.000002 for index 787043, 788/1000.
Terminated at swamp 0.5.
The last entry of errorHistory is 0.500280 for index 787044, 788/1000.
Terminated at swamp 0.5.
The last entry of errorHistory is 0.500399 for index 787045, 788/1000.
Terminated at swamp 0.5.
The last entry of errorHistory is 0.500273 for index 787046, 788/1000.
Terminated at swamp 1.
The last entry of errorHistory is 1.000256 for index 787047, 788/1000.
The last entry of errorHistory is 1.000000 for index 787048, 788/1000.
Terminated at swamp 1.
The last entry of errorHistory is 1.000000 for index 787049, 788/1000.
Terminated at swamp 0.5.
The last entry of errorHistory is 0.500103 for index 787050, 788/1000.
Terminated at swamp 1.
The last entry of errorHistory is 1.000000 for index 787051, 788/1000.
Terminated at swamp 0.5.
The last entry of errorHistory is 0.500310 for index 787052, 788/1000.
Terminated at swamp 0.5.
The last entry of errorHistory is 0.500561 for index 787053, 788/1000.
Terminated at swamp 0.5.
The last entry of errorHistory is 0.500065 for index 787054, 788/1000.
Terminated at swamp 0.5.
The last entry of errorHistory is 0.500227 for index 787055, 788/1000.
Terminated at swamp 1.
The last entry of errorHistory is 0.999977 for index 787056, 788/1000.
The last entry of errorHistory is 0.000064 for index 787057, 788/1000.
The last entry of errorHistory is 0.000213 for index 787058, 788/1000.
Terminated at swamp 0.5.
The last entry of errorHistory is 0.500426 for index 787059, 788/1000.
Terminated at swamp 1.
The last entry of errorHistory is 1.000588 for index 787060, 788/1000.
The last entry of errorHistory is 1.500000 for index 787061, 788/1000.
Terminated at swamp 0.5.
The last entry of errorHistory is 0.500419 for index 787062, 788/1000.
Terminated at swamp 1.
The last entry of errorHistory is 1.000467 for index 787063, 788/1000.
The last entry of errorHistory is 0.500000 for index 787064, 788/1000.
Terminated at swamp 1.
The last entry of errorHistory is 1.000258 for index 787065, 788/1000.
The last entry of errorHistory is 1.000000 for index 787066, 788/1000.
The last entry of errorHistory is 1.000000 for index 787067, 788/1000.
The last entry of errorHistory is 0.500000 for index 787068, 788/1000.
Terminated at swamp 0.5.
The last entry of errorHistory is 0.500163 for index 787069, 788/1000.
Terminated at swamp 0.5.
The last entry of errorHistory is 0.500000 for index 787070, 788/1000.
The last entry of errorHistory is 0.500000 for index 787071, 788/1000.
The last entry of errorHistory is 0.500000 for index 787072, 788/1000.
Terminated at swamp 0.5.
The last entry of errorHistory is 0.500510 for index 787073, 788/1000.
The last entry of errorHistory is 1.000000 for index 787074, 788/1000.
Terminated at swamp 0.5.
The last entry of errorHistory is 0.500169 for index 787075, 788/1000.
Terminated at swamp 0.5.
The last entry of errorHistory is 0.500482 for index 787076, 788/1000.
The last entry of errorHistory is 0.500000 for index 787077, 788/1000.
Terminated at swamp 0.5.
The last entry of errorHistory is 0.500245 for index 787078, 788/1000.
The last entry of errorHistory is 0.000247 for index 787079, 788/1000.
The last entry of errorHistory is 0.000010 for index 787080, 788/1000.
Terminated at swamp 1.
The last entry of errorHistory is 1.000000 for index 787081, 788/1000.
Terminated at swamp 0.5.
The last entry of errorHistory is 0.500356 for index 787082, 788/1000.
The last entry of errorHistory is 0.500000 for index 787083, 788/1000.
Terminated at swamp 1.
The last entry of errorHistory is 1.000054 for index 787084, 788/1000.
Terminated at swamp 0.5.
The last entry of errorHistory is 0.500619 for index 787085, 788/1000.
The last entry of errorHistory is 0.000019 for index 787086, 788/1000.
The last entry of errorHistory is 0.500000 for index 787087, 788/1000.
The last entry of errorHistory is 0.500000 for index 787088, 788/1000.
Terminated at swamp 0.5.
The last entry of errorHistory is 0.500330 for index 787089, 788/1000.
Terminated at swamp 0.5.
The last entry of errorHistory is 0.500526 for index 787090, 788/1000.
The last entry of errorHistory is 1.500000 for index 787091, 788/1000.
Terminated at swamp 1.
The last entry of errorHistory is 1.000278 for index 787092, 788/1000.
Terminated at swamp 1.
The last entry of errorHistory is 1.000000 for index 787093, 788/1000.
Terminated at swamp 0.5.
The last entry of errorHistory is 0.500110 for index 787094, 788/1000.
Terminated at swamp 0.5.
The last entry of errorHistory is 0.500254 for index 787095, 788/1000.
Terminated at swamp 1.
The last entry of errorHistory is 1.000117 for index 787096, 788/1000.
Terminated at swamp 0.5.
The last entry of errorHistory is 0.500008 for index 787097, 788/1000.
Terminated at swamp 0.5.
The last entry of errorHistory is 0.500224 for index 787098, 788/1000.
Terminated at swamp 0.5.
The last entry of errorHistory is 0.500041 for index 787099, 788/1000.
Terminated at swamp 1.
The last entry of errorHistory is 1.000004 for index 787100, 788/1000.
Terminated at swamp 0.5.
The last entry of errorHistory is 0.500539 for index 787101, 788/1000.
Terminated at swamp 0.5.
The last entry of errorHistory is 0.500488 for index 787102, 788/1000.
The last entry of errorHistory is 1.000000 for index 787103, 788/1000.
Terminated at swamp 0.5.
The last entry of errorHistory is 0.500595 for index 787104, 788/1000.
The last entry of errorHistory is 0.000022 for index 787105, 788/1000.
Terminated at swamp 1.
The last entry of errorHistory is 1.000053 for index 787106, 788/1000.
Terminated at swamp 1.
The last entry of errorHistory is 0.999985 for index 787107, 788/1000.
The last entry of errorHistory is 1.000000 for index 787108, 788/1000.
Terminated at swamp 1.
The last entry of errorHistory is 0.999514 for index 787109, 788/1000.
Terminated at swamp 0.5.
The last entry of errorHistory is 0.500366 for index 787110, 788/1000.
Terminated at swamp 0.5.
The last entry of errorHistory is 0.500000 for index 787111, 788/1000.
Terminated at swamp 1.
The last entry of errorHistory is 1.000189 for index 787112, 788/1000.
Terminated at swamp 0.5.
The last entry of errorHistory is 0.500504 for index 787113, 788/1000.
Terminated at swamp 1.
The last entry of errorHistory is 1.000000 for index 787114, 788/1000.
The last entry of errorHistory is 1.500000 for index 787115, 788/1000.
The last entry of errorHistory is 1.000000 for index 787116, 788/1000.
Terminated at swamp 0.5.
The last entry of errorHistory is 0.500477 for index 787117, 788/1000.
Terminated at swamp 0.5.
The last entry of errorHistory is 0.500122 for index 787118, 788/1000.
The last entry of errorHistory is 0.500000 for index 787119, 788/1000.
The last entry of errorHistory is 0.000011 for index 787120, 788/1000.
Terminated at swamp 0.5.
The last entry of errorHistory is 0.500049 for index 787121, 788/1000.
The last entry of errorHistory is 1.000000 for index 787122, 788/1000.
The last entry of errorHistory is 0.000044 for index 787123, 788/1000.
Terminated at swamp 0.5.
The last entry of errorHistory is 0.500386 for index 787124, 788/1000.
Terminated at swamp 0.5.
The last entry of errorHistory is 0.500588 for index 787125, 788/1000.
The last entry of errorHistory is 1.000000 for index 787126, 788/1000.
The last entry of errorHistory is 0.500000 for index 787127, 788/1000.
Terminated at swamp 1.
The last entry of errorHistory is 1.000000 for index 787128, 788/1000.
Terminated at swamp 1.
The last entry of errorHistory is 1.000000 for index 787129, 788/1000.
Terminated at swamp 0.5.
The last entry of errorHistory is 0.500085 for index 787130, 788/1000.
The last entry of errorHistory is 0.000019 for index 787131, 788/1000.
The last entry of errorHistory is 0.500000 for index 787132, 788/1000.
Terminated at swamp 0.5.
The last entry of errorHistory is 0.500000 for index 787133, 788/1000.
Terminated at swamp 1.
The last entry of errorHistory is 1.000003 for index 787134, 788/1000.
Terminated at swamp 0.5.
The last entry of errorHistory is 0.500371 for index 787135, 788/1000.
The last entry of errorHistory is 1.000000 for index 787136, 788/1000.
Terminated at swamp 0.5.
The last entry of errorHistory is 0.500021 for index 787137, 788/1000.
Terminated at swamp 1.
The last entry of errorHistory is 1.000043 for index 787138, 788/1000.
Terminated at swamp 0.5.
The last entry of errorHistory is 0.500581 for index 787139, 788/1000.
Terminated at swamp 0.5.
The last entry of errorHistory is 0.500720 for index 787140, 788/1000.
The last entry of errorHistory is 0.000874 for index 787141, 788/1000.
The last entry of errorHistory is 1.500000 for index 787142, 788/1000.
Terminated at swamp 0.5.
The last entry of errorHistory is 0.500352 for index 787143, 788/1000.
Terminated at swamp 0.5.
The last entry of errorHistory is 0.500451 for index 787144, 788/1000.
Terminated at swamp 0.5.
The last entry of errorHistory is 0.500359 for index 787145, 788/1000.
Terminated at swamp 0.5.
The last entry of errorHistory is 0.500399 for index 787146, 788/1000.
The last entry of errorHistory is 0.000015 for index 787147, 788/1000.
Terminated at swamp 0.5.
The last entry of errorHistory is 0.500079 for index 787148, 788/1000.
Terminated at swamp 0.5.
The last entry of errorHistory is 0.500517 for index 787149, 788/1000.
Terminated at swamp 0.5.
The last entry of errorHistory is 0.500522 for index 787150, 788/1000.
Terminated at swamp 0.5.
The last entry of errorHistory is 0.500365 for index 787151, 788/1000.
Terminated at swamp 0.5.
The last entry of errorHistory is 0.500319 for index 787152, 788/1000.
Terminated at swamp 0.5.
The last entry of errorHistory is 0.500487 for index 787153, 788/1000.
The last entry of errorHistory is 1.000000 for index 787154, 788/1000.
Terminated at swamp 1.
The last entry of errorHistory is 1.000002 for index 787155, 788/1000.
Terminated at swamp 0.5.
The last entry of errorHistory is 0.500566 for index 787156, 788/1000.
The last entry of errorHistory is 1.000000 for index 787157, 788/1000.
Terminated at swamp 0.5.
The last entry of errorHistory is 0.500525 for index 787158, 788/1000.
The last entry of errorHistory is 1.000000 for index 787159, 788/1000.
Terminated at swamp 1.
The last entry of errorHistory is 1.000130 for index 787160, 788/1000.
Terminated at swamp 0.5.
The last entry of errorHistory is 0.500000 for index 787161, 788/1000.
The last entry of errorHistory is 1.000000 for index 787162, 788/1000.
The last entry of errorHistory is 0.000015 for index 787163, 788/1000.
Terminated at swamp 0.5.
The last entry of errorHistory is 0.500585 for index 787164, 788/1000.
Terminated at swamp 0.5.
The last entry of errorHistory is 0.500000 for index 787165, 788/1000.
Terminated at swamp 1.
The last entry of errorHistory is 1.000196 for index 787166, 788/1000.
The last entry of errorHistory is 1.000000 for index 787167, 788/1000.
The last entry of errorHistory is 0.500000 for index 787168, 788/1000.
Terminated at swamp 0.5.
The last entry of errorHistory is 0.500549 for index 787169, 788/1000.
The last entry of errorHistory is 0.500000 for index 787170, 788/1000.
The last entry of errorHistory is 1.000000 for index 787171, 788/1000.
Terminated at swamp 1.
The last entry of errorHistory is 1.000489 for index 787172, 788/1000.
The last entry of errorHistory is 0.500000 for index 787173, 788/1000.
Terminated at swamp 0.5.
The last entry of errorHistory is 0.500353 for index 787174, 788/1000.
Terminated at swamp 1.
The last entry of errorHistory is 1.000007 for index 787175, 788/1000.
The last entry of errorHistory is 0.000036 for index 787176, 788/1000.
The last entry of errorHistory is 1.000000 for index 787177, 788/1000.
Terminated at swamp 0.5.
The last entry of errorHistory is 0.500545 for index 787178, 788/1000.
Terminated at swamp 0.5.
The last entry of errorHistory is 0.500469 for index 787179, 788/1000.
Terminated at swamp 0.5.
The last entry of errorHistory is 0.500105 for index 787180, 788/1000.
Terminated at swamp 0.5.
The last entry of errorHistory is 0.500075 for index 787181, 788/1000.
Terminated at swamp 0.5.
The last entry of errorHistory is 0.500613 for index 787182, 788/1000.
Terminated at swamp 0.5.
The last entry of errorHistory is 0.500635 for index 787183, 788/1000.
Terminated at swamp 0.5.
The last entry of errorHistory is 0.500426 for index 787184, 788/1000.
Terminated at swamp 0.5.
The last entry of errorHistory is 0.500144 for index 787185, 788/1000.
Terminated at swamp 0.5.
The last entry of errorHistory is 0.500594 for index 787186, 788/1000.
Terminated at swamp 0.5.
The last entry of errorHistory is 0.500530 for index 787187, 788/1000.
Terminated at swamp 0.5.
The last entry of errorHistory is 0.500402 for index 787188, 788/1000.
Terminated at swamp 0.5.
The last entry of errorHistory is 0.500531 for index 787189, 788/1000.
Terminated at swamp 0.5.
The last entry of errorHistory is 0.500572 for index 787190, 788/1000.
The last entry of errorHistory is 0.000346 for index 787191, 788/1000.
Terminated at swamp 0.5.
The last entry of errorHistory is 0.500710 for index 787192, 788/1000.
Terminated at swamp 0.5.
The last entry of errorHistory is 0.500855 for index 787193, 788/1000.
Terminated at swamp 1.
The last entry of errorHistory is 1.000001 for index 787194, 788/1000.
The last entry of errorHistory is 1.000000 for index 787195, 788/1000.
Terminated at swamp 0.5.
The last entry of errorHistory is 0.500576 for index 787196, 788/1000.
Terminated at swamp 0.5.
The last entry of errorHistory is 0.500564 for index 787197, 788/1000.
Terminated at swamp 0.5.
The last entry of errorHistory is 0.500622 for index 787198, 788/1000.
Terminated at swamp 1.
The last entry of errorHistory is 1.000008 for index 787199, 788/1000.
The last entry of errorHistory is 0.500000 for index 787200, 788/1000.
Terminated at swamp 0.5.
The last entry of errorHistory is 0.500419 for index 787201, 788/1000.
Terminated at swamp 1.
The last entry of errorHistory is 1.000163 for index 787202, 788/1000.
Terminated at swamp 0.5.
The last entry of errorHistory is 0.500449 for index 787203, 788/1000.
The last entry of errorHistory is 1.000000 for index 787204, 788/1000.
The last entry of errorHistory is 1.000000 for index 787205, 788/1000.
Terminated at swamp 0.5.
The last entry of errorHistory is 0.500187 for index 787206, 788/1000.
Terminated at swamp 0.5.
The last entry of errorHistory is 0.500507 for index 787207, 788/1000.
The last entry of errorHistory is 0.000053 for index 787208, 788/1000.
The last entry of errorHistory is 0.000678 for index 787209, 788/1000.
Terminated at swamp 0.5.
The last entry of errorHistory is 0.500591 for index 787210, 788/1000.
The last entry of errorHistory is 0.000020 for index 787211, 788/1000.
Terminated at swamp 1.
The last entry of errorHistory is 1.000000 for index 787212, 788/1000.
Terminated at swamp 0.5.
The last entry of errorHistory is 0.500930 for index 787213, 788/1000.
Terminated at swamp 0.5.
The last entry of errorHistory is 0.500407 for index 787214, 788/1000.
The last entry of errorHistory is 1.000000 for index 787215, 788/1000.
Terminated at swamp 1.
The last entry of errorHistory is 1.000000 for index 787216, 788/1000.
Terminated at swamp 0.5.
The last entry of errorHistory is 0.500104 for index 787217, 788/1000.
Terminated at swamp 0.5.
The last entry of errorHistory is 0.500538 for index 787218, 788/1000.
Terminated at swamp 0.5.
The last entry of errorHistory is 0.500490 for index 787219, 788/1000.
The last entry of errorHistory is 0.000119 for index 787220, 788/1000.
The last entry of errorHistory is 1.000000 for index 787221, 788/1000.
Terminated at swamp 1.
The last entry of errorHistory is 1.000029 for index 787222, 788/1000.
Terminated at swamp 0.5.
The last entry of errorHistory is 0.500187 for index 787223, 788/1000.
Terminated at swamp 0.5.
The last entry of errorHistory is 0.500156 for index 787224, 788/1000.
Terminated at swamp 0.5.
The last entry of errorHistory is 0.500136 for index 787225, 788/1000.
Terminated at swamp 0.5.
The last entry of errorHistory is 0.500305 for index 787226, 788/1000.
The last entry of errorHistory is 0.500000 for index 787227, 788/1000.
Terminated at swamp 1.
The last entry of errorHistory is 1.000000 for index 787228, 788/1000.
The last entry of errorHistory is 1.000000 for index 787229, 788/1000.
Terminated at swamp 0.5.
The last entry of errorHistory is 0.500365 for index 787230, 788/1000.
Terminated at swamp 0.5.
The last entry of errorHistory is 0.500429 for index 787231, 788/1000.
The last entry of errorHistory is 1.000000 for index 787232, 788/1000.
Terminated at swamp 0.5.
The last entry of errorHistory is 0.500091 for index 787233, 788/1000.
Terminated at swamp 0.5.
The last entry of errorHistory is 0.500621 for index 787234, 788/1000.
The last entry of errorHistory is 1.000000 for index 787235, 788/1000.
Terminated at swamp 0.5.
The last entry of errorHistory is 0.500438 for index 787236, 788/1000.
Terminated at swamp 0.5.
The last entry of errorHistory is 0.500088 for index 787237, 788/1000.
The last entry of errorHistory is 1.000000 for index 787238, 788/1000.
Terminated at swamp 1.
The last entry of errorHistory is 1.000051 for index 787239, 788/1000.
The last entry of errorHistory is 1.000000 for index 787240, 788/1000.
The last entry of errorHistory is 0.000017 for index 787241, 788/1000.
The last entry of errorHistory is 1.500000 for index 787242, 788/1000.
Terminated at swamp 0.5.
The last entry of errorHistory is 0.500134 for index 787243, 788/1000.
The last entry of errorHistory is 1.000000 for index 787244, 788/1000.
Terminated at swamp 0.5.
The last entry of errorHistory is 0.500950 for index 787245, 788/1000.
Terminated at swamp 1.
The last entry of errorHistory is 1.000000 for index 787246, 788/1000.
The last entry of errorHistory is 1.000000 for index 787247, 788/1000.
Terminated at swamp 1.
The last entry of errorHistory is 1.000311 for index 787248, 788/1000.
The last entry of errorHistory is 1.000000 for index 787249, 788/1000.
Terminated at swamp 0.5.
The last entry of errorHistory is 0.500392 for index 787250, 788/1000.
Terminated at swamp 1.
The last entry of errorHistory is 1.000000 for index 787251, 788/1000.
Terminated at swamp 0.5.
The last entry of errorHistory is 0.500400 for index 787252, 788/1000.
Terminated at swamp 1.
The last entry of errorHistory is 1.000003 for index 787253, 788/1000.
Terminated at swamp 0.5.
The last entry of errorHistory is 0.500015 for index 787254, 788/1000.
Terminated at swamp 0.5.
The last entry of errorHistory is 0.500587 for index 787255, 788/1000.
The last entry of errorHistory is 0.500000 for index 787256, 788/1000.
The last entry of errorHistory is 0.000012 for index 787257, 788/1000.
The last entry of errorHistory is 1.000000 for index 787258, 788/1000.
Terminated at swamp 1.
The last entry of errorHistory is 1.000217 for index 787259, 788/1000.
Terminated at swamp 0.5.
The last entry of errorHistory is 0.500109 for index 787260, 788/1000.
Terminated at swamp 0.5.
The last entry of errorHistory is 0.500751 for index 787261, 788/1000.
Terminated at swamp 0.5.
The last entry of errorHistory is 0.500101 for index 787262, 788/1000.
Terminated at swamp 0.5.
The last entry of errorHistory is 0.500289 for index 787263, 788/1000.
Terminated at swamp 0.5.
The last entry of errorHistory is 0.500012 for index 787264, 788/1000.
Terminated at swamp 0.5.
The last entry of errorHistory is 0.500481 for index 787265, 788/1000.
Terminated at swamp 0.5.
The last entry of errorHistory is 0.500439 for index 787266, 788/1000.
Terminated at swamp 0.5.
The last entry of errorHistory is 0.500453 for index 787267, 788/1000.
The last entry of errorHistory is 1.500000 for index 787268, 788/1000.
Terminated at swamp 0.5.
The last entry of errorHistory is 0.500236 for index 787269, 788/1000.
Terminated at swamp 1.
The last entry of errorHistory is 1.000206 for index 787270, 788/1000.
The last entry of errorHistory is 1.000000 for index 787271, 788/1000.
Terminated at swamp 1.
The last entry of errorHistory is 1.000000 for index 787272, 788/1000.
Terminated at swamp 0.5.
The last entry of errorHistory is 0.500615 for index 787273, 788/1000.
Terminated at swamp 0.5.
The last entry of errorHistory is 0.500351 for index 787274, 788/1000.
Terminated at swamp 0.5.
The last entry of errorHistory is 0.500032 for index 787275, 788/1000.
The last entry of errorHistory is 0.000040 for index 787276, 788/1000.
Terminated at swamp 0.5.
The last entry of errorHistory is 0.500852 for index 787277, 788/1000.
Terminated at swamp 0.5.
The last entry of errorHistory is 0.500057 for index 787278, 788/1000.
Terminated at swamp 0.5.
The last entry of errorHistory is 0.500565 for index 787279, 788/1000.
Terminated at swamp 0.5.
The last entry of errorHistory is 0.500593 for index 787280, 788/1000.
Terminated at swamp 0.5.
The last entry of errorHistory is 0.500779 for index 787281, 788/1000.
The last entry of errorHistory is 0.500000 for index 787282, 788/1000.
Terminated at swamp 0.5.
The last entry of errorHistory is 0.500489 for index 787283, 788/1000.
Terminated at swamp 0.5.
The last entry of errorHistory is 0.500368 for index 787284, 788/1000.
The last entry of errorHistory is 0.500000 for index 787285, 788/1000.
Terminated at swamp 1.
The last entry of errorHistory is 1.000466 for index 787286, 788/1000.
Terminated at swamp 0.5.
The last entry of errorHistory is 0.500060 for index 787287, 788/1000.
Terminated at swamp 0.5.
The last entry of errorHistory is 0.500343 for index 787288, 788/1000.
The last entry of errorHistory is 1.000000 for index 787289, 788/1000.
Terminated at swamp 0.5.
The last entry of errorHistory is 0.500332 for index 787290, 788/1000.
Terminated at swamp 0.5.
The last entry of errorHistory is 0.500074 for index 787291, 788/1000.
Terminated at swamp 0.5.
The last entry of errorHistory is 0.500446 for index 787292, 788/1000.
The last entry of errorHistory is 1.000000 for index 787293, 788/1000.
The last entry of errorHistory is 1.000000 for index 787294, 788/1000.
Terminated at swamp 1.
The last entry of errorHistory is 1.000423 for index 787295, 788/1000.
Terminated at swamp 1.
The last entry of errorHistory is 1.000315 for index 787296, 788/1000.
The last entry of errorHistory is 0.500000 for index 787297, 788/1000.
The last entry of errorHistory is 0.000077 for index 787298, 788/1000.
The last entry of errorHistory is 1.000000 for index 787299, 788/1000.
Terminated at swamp 0.5.
The last entry of errorHistory is 0.500565 for index 787300, 788/1000.
Terminated at swamp 1.
The last entry of errorHistory is 1.000000 for index 787301, 788/1000.
Terminated at swamp 1.
The last entry of errorHistory is 1.000000 for index 787302, 788/1000.
Terminated at swamp 1.
The last entry of errorHistory is 1.000033 for index 787303, 788/1000.
Terminated at swamp 0.5.
The last entry of errorHistory is 0.500319 for index 787304, 788/1000.
Terminated at swamp 0.5.
The last entry of errorHistory is 0.500098 for index 787305, 788/1000.
Terminated at swamp 1.
The last entry of errorHistory is 1.000037 for index 787306, 788/1000.
The last entry of errorHistory is 0.000015 for index 787307, 788/1000.
Terminated at swamp 0.5.
The last entry of errorHistory is 0.500635 for index 787308, 788/1000.
The last entry of errorHistory is 0.000202 for index 787309, 788/1000.
Terminated at swamp 0.5.
The last entry of errorHistory is 0.500293 for index 787310, 788/1000.
Terminated at swamp 1.
The last entry of errorHistory is 1.000119 for index 787311, 788/1000.
Terminated at swamp 1.
The last entry of errorHistory is 1.000227 for index 787312, 788/1000.
Terminated at swamp 0.5.
The last entry of errorHistory is 0.500000 for index 787313, 788/1000.
Terminated at swamp 0.5.
The last entry of errorHistory is 0.500519 for index 787314, 788/1000.
Terminated at swamp 1.
The last entry of errorHistory is 1.000288 for index 787315, 788/1000.
Terminated at swamp 0.5.
The last entry of errorHistory is 0.500235 for index 787316, 788/1000.
The last entry of errorHistory is 1.000000 for index 787317, 788/1000.
Terminated at swamp 1.
The last entry of errorHistory is 1.000000 for index 787318, 788/1000.
The last entry of errorHistory is 0.000020 for index 787319, 788/1000.
Terminated at swamp 0.5.
The last entry of errorHistory is 0.500525 for index 787320, 788/1000.
Terminated at swamp 0.5.
The last entry of errorHistory is 0.500014 for index 787321, 788/1000.
Terminated at swamp 0.5.
The last entry of errorHistory is 0.500055 for index 787322, 788/1000.
The last entry of errorHistory is 0.000233 for index 787323, 788/1000.
Terminated at swamp 0.5.
The last entry of errorHistory is 0.500013 for index 787324, 788/1000.
The last entry of errorHistory is 0.500000 for index 787325, 788/1000.
The last entry of errorHistory is 0.500000 for index 787326, 788/1000.
Terminated at swamp 0.5.
The last entry of errorHistory is 0.500426 for index 787327, 788/1000.
Terminated at swamp 0.5.
The last entry of errorHistory is 0.500063 for index 787328, 788/1000.
Terminated at swamp 1.
The last entry of errorHistory is 1.000312 for index 787329, 788/1000.
The last entry of errorHistory is 1.000000 for index 787330, 788/1000.
Terminated at swamp 0.5.
The last entry of errorHistory is 0.500519 for index 787331, 788/1000.
Terminated at swamp 0.5.
The last entry of errorHistory is 0.500342 for index 787332, 788/1000.
Terminated at swamp 0.5.
The last entry of errorHistory is 0.500064 for index 787333, 788/1000.
Terminated at swamp 0.5.
The last entry of errorHistory is 0.500321 for index 787334, 788/1000.
Terminated at swamp 0.5.
The last entry of errorHistory is 0.500056 for index 787335, 788/1000.
Terminated at swamp 1.
The last entry of errorHistory is 1.000001 for index 787336, 788/1000.
Terminated at swamp 0.5.
The last entry of errorHistory is 0.500474 for index 787337, 788/1000.
Terminated at swamp 0.5.
The last entry of errorHistory is 0.500012 for index 787338, 788/1000.
The last entry of errorHistory is 1.000000 for index 787339, 788/1000.
Terminated at swamp 0.5.
The last entry of errorHistory is 0.500827 for index 787340, 788/1000.
Terminated at swamp 0.5.
The last entry of errorHistory is 0.500002 for index 787341, 788/1000.
The last entry of errorHistory is 0.000056 for index 787342, 788/1000.
Terminated at swamp 1.
The last entry of errorHistory is 1.000000 for index 787343, 788/1000.
The last entry of errorHistory is 0.000024 for index 787344, 788/1000.
Terminated at swamp 1.
The last entry of errorHistory is 1.000170 for index 787345, 788/1000.
Terminated at swamp 0.5.
The last entry of errorHistory is 0.500036 for index 787346, 788/1000.
Terminated at swamp 0.5.
The last entry of errorHistory is 0.500549 for index 787347, 788/1000.
Terminated at swamp 1.
The last entry of errorHistory is 1.000218 for index 787348, 788/1000.
The last entry of errorHistory is 0.000161 for index 787349, 788/1000.
Terminated at swamp 0.5.
The last entry of errorHistory is 0.500163 for index 787350, 788/1000.
Terminated at swamp 1.
The last entry of errorHistory is 1.000138 for index 787351, 788/1000.
Terminated at swamp 0.5.
The last entry of errorHistory is 0.500415 for index 787352, 788/1000.
Terminated at swamp 0.5.
The last entry of errorHistory is 0.500577 for index 787353, 788/1000.
The last entry of errorHistory is 1.000000 for index 787354, 788/1000.
Terminated at swamp 0.5.
The last entry of errorHistory is 0.500208 for index 787355, 788/1000.
Terminated at swamp 0.5.
The last entry of errorHistory is 0.500515 for index 787356, 788/1000.
The last entry of errorHistory is 1.000000 for index 787357, 788/1000.
Terminated at swamp 0.5.
The last entry of errorHistory is 0.500022 for index 787358, 788/1000.
Terminated at swamp 0.5.
The last entry of errorHistory is 0.500266 for index 787359, 788/1000.
Terminated at swamp 0.5.
The last entry of errorHistory is 0.500192 for index 787360, 788/1000.
Terminated at swamp 1.
The last entry of errorHistory is 1.000366 for index 787361, 788/1000.
Terminated at swamp 0.5.
The last entry of errorHistory is 0.500423 for index 787362, 788/1000.
Terminated at swamp 0.5.
The last entry of errorHistory is 0.500559 for index 787363, 788/1000.
The last entry of errorHistory is 0.000008 for index 787364, 788/1000.
Terminated at swamp 0.5.
The last entry of errorHistory is 0.500549 for index 787365, 788/1000.
Terminated at swamp 1.
The last entry of errorHistory is 1.000000 for index 787366, 788/1000.
Terminated at swamp 0.5.
The last entry of errorHistory is 0.500606 for index 787367, 788/1000.
The last entry of errorHistory is 1.000000 for index 787368, 788/1000.
Terminated at swamp 0.5.
The last entry of errorHistory is 0.500641 for index 787369, 788/1000.
Terminated at swamp 0.5.
The last entry of errorHistory is 0.500007 for index 787370, 788/1000.
Terminated at swamp 0.5.
The last entry of errorHistory is 0.500701 for index 787371, 788/1000.
Terminated at swamp 0.5.
The last entry of errorHistory is 0.500024 for index 787372, 788/1000.
Terminated at swamp 0.5.
The last entry of errorHistory is 0.500029 for index 787373, 788/1000.
Terminated at swamp 1.
The last entry of errorHistory is 1.000000 for index 787374, 788/1000.
The last entry of errorHistory is 1.000000 for index 787375, 788/1000.
The last entry of errorHistory is 1.500000 for index 787376, 788/1000.
Terminated at swamp 1.
The last entry of errorHistory is 1.000077 for index 787377, 788/1000.
The last entry of errorHistory is 1.000000 for index 787378, 788/1000.
Terminated at swamp 0.5.
The last entry of errorHistory is 0.500129 for index 787379, 788/1000.
The last entry of errorHistory is 1.500000 for index 787380, 788/1000.
The last entry of errorHistory is 1.000000 for index 787381, 788/1000.
Terminated at swamp 1.
The last entry of errorHistory is 1.000115 for index 787382, 788/1000.
The last entry of errorHistory is 1.500000 for index 787383, 788/1000.
Terminated at swamp 0.5.
The last entry of errorHistory is 0.500580 for index 787384, 788/1000.
The last entry of errorHistory is 0.000204 for index 787385, 788/1000.
Terminated at swamp 0.5.
The last entry of errorHistory is 0.500547 for index 787386, 788/1000.
Terminated at swamp 0.5.
The last entry of errorHistory is 0.500259 for index 787387, 788/1000.
The last entry of errorHistory is 1.000000 for index 787388, 788/1000.
Terminated at swamp 0.5.
The last entry of errorHistory is 0.500392 for index 787389, 788/1000.
Terminated at swamp 1.
The last entry of errorHistory is 1.000056 for index 787390, 788/1000.
Terminated at swamp 0.5.
The last entry of errorHistory is 0.500430 for index 787391, 788/1000.
Terminated at swamp 0.5.
The last entry of errorHistory is 0.500545 for index 787392, 788/1000.
Terminated at swamp 0.5.
The last entry of errorHistory is 0.500161 for index 787393, 788/1000.
Terminated at swamp 0.5.
The last entry of errorHistory is 0.500036 for index 787394, 788/1000.
Terminated at swamp 1.
The last entry of errorHistory is 1.000368 for index 787395, 788/1000.
Terminated at swamp 1.
The last entry of errorHistory is 1.000000 for index 787396, 788/1000.
Terminated at swamp 1.
The last entry of errorHistory is 1.000039 for index 787397, 788/1000.
Terminated at swamp 0.5.
The last entry of errorHistory is 0.500031 for index 787398, 788/1000.
Terminated at swamp 0.5.
The last entry of errorHistory is 0.500716 for index 787399, 788/1000.
Terminated at swamp 0.5.
The last entry of errorHistory is 0.500183 for index 787400, 788/1000.
The last entry of errorHistory is 1.000000 for index 787401, 788/1000.
The last entry of errorHistory is 1.000000 for index 787402, 788/1000.
The last entry of errorHistory is 1.000000 for index 787403, 788/1000.
The last entry of errorHistory is 1.000000 for index 787404, 788/1000.
Terminated at swamp 0.5.
The last entry of errorHistory is 0.500318 for index 787405, 788/1000.
The last entry of errorHistory is 0.000017 for index 787406, 788/1000.
Terminated at swamp 1.
The last entry of errorHistory is 1.000405 for index 787407, 788/1000.
Terminated at swamp 1.
The last entry of errorHistory is 1.000000 for index 787408, 788/1000.
Terminated at swamp 0.5.
The last entry of errorHistory is 0.500125 for index 787409, 788/1000.
Terminated at swamp 0.5.
The last entry of errorHistory is 0.500049 for index 787410, 788/1000.
The last entry of errorHistory is 1.000000 for index 787411, 788/1000.
The last entry of errorHistory is 0.500000 for index 787412, 788/1000.
Terminated at swamp 0.5.
The last entry of errorHistory is 0.500453 for index 787413, 788/1000.
Terminated at swamp 0.5.
The last entry of errorHistory is 0.500338 for index 787414, 788/1000.
Terminated at swamp 0.5.
The last entry of errorHistory is 0.500338 for index 787415, 788/1000.
Terminated at swamp 1.
The last entry of errorHistory is 1.000000 for index 787416, 788/1000.
Terminated at swamp 0.5.
The last entry of errorHistory is 0.500147 for index 787417, 788/1000.
Terminated at swamp 0.5.
The last entry of errorHistory is 0.500092 for index 787418, 788/1000.
Terminated at swamp 1.
The last entry of errorHistory is 1.000066 for index 787419, 788/1000.
Terminated at swamp 0.5.
The last entry of errorHistory is 0.500538 for index 787420, 788/1000.
Terminated at swamp 1.
The last entry of errorHistory is 1.000119 for index 787421, 788/1000.
Terminated at swamp 0.5.
The last entry of errorHistory is 0.500122 for index 787422, 788/1000.
Terminated at swamp 1.
The last entry of errorHistory is 1.000337 for index 787423, 788/1000.
The last entry of errorHistory is 0.000013 for index 787424, 788/1000.
Terminated at swamp 0.5.
The last entry of errorHistory is 0.500030 for index 787425, 788/1000.
Terminated at swamp 0.5.
The last entry of errorHistory is 0.500751 for index 787426, 788/1000.
The last entry of errorHistory is 1.000000 for index 787427, 788/1000.
The last entry of errorHistory is 1.000000 for index 787428, 788/1000.
Terminated at swamp 0.5.
The last entry of errorHistory is 0.500077 for index 787429, 788/1000.
Terminated at swamp 0.5.
The last entry of errorHistory is 0.500006 for index 787430, 788/1000.
The last entry of errorHistory is 1.000000 for index 787431, 788/1000.
Terminated at swamp 0.5.
The last entry of errorHistory is 0.500132 for index 787432, 788/1000.
Terminated at swamp 1.
The last entry of errorHistory is 1.000043 for index 787433, 788/1000.
Terminated at swamp 0.5.
The last entry of errorHistory is 0.500255 for index 787434, 788/1000.
The last entry of errorHistory is 1.000000 for index 787435, 788/1000.
Terminated at swamp 0.5.
The last entry of errorHistory is 0.500447 for index 787436, 788/1000.
Terminated at swamp 0.5.
The last entry of errorHistory is 0.500338 for index 787437, 788/1000.
Terminated at swamp 1.
The last entry of errorHistory is 1.000366 for index 787438, 788/1000.
The last entry of errorHistory is 1.000000 for index 787439, 788/1000.
The last entry of errorHistory is 0.002831 for index 787440, 788/1000.
Terminated at swamp 1.
The last entry of errorHistory is 1.000423 for index 787441, 788/1000.
Terminated at swamp 0.5.
The last entry of errorHistory is 0.500533 for index 787442, 788/1000.
Terminated at swamp 0.5.
The last entry of errorHistory is 0.500050 for index 787443, 788/1000.
Terminated at swamp 0.5.
The last entry of errorHistory is 0.500876 for index 787444, 788/1000.
The last entry of errorHistory is 1.000000 for index 787445, 788/1000.
Terminated at swamp 0.5.
The last entry of errorHistory is 0.500628 for index 787446, 788/1000.
Terminated at swamp 0.5.
The last entry of errorHistory is 0.500748 for index 787447, 788/1000.
Terminated at swamp 0.5.
The last entry of errorHistory is 0.500223 for index 787448, 788/1000.
Terminated at swamp 1.
The last entry of errorHistory is 1.000197 for index 787449, 788/1000.
Terminated at swamp 0.5.
The last entry of errorHistory is 0.500000 for index 787450, 788/1000.
The last entry of errorHistory is 1.000000 for index 787451, 788/1000.
The last entry of errorHistory is 1.000000 for index 787452, 788/1000.
Terminated at swamp 0.5.
The last entry of errorHistory is 0.500519 for index 787453, 788/1000.
The last entry of errorHistory is 0.000655 for index 787454, 788/1000.
The last entry of errorHistory is 0.000111 for index 787455, 788/1000.
Terminated at swamp 0.5.
The last entry of errorHistory is 0.500670 for index 787456, 788/1000.
Terminated at swamp 0.5.
The last entry of errorHistory is 0.500158 for index 787457, 788/1000.
The last entry of errorHistory is 0.000142 for index 787458, 788/1000.
The last entry of errorHistory is 1.000000 for index 787459, 788/1000.
Terminated at swamp 0.5.
The last entry of errorHistory is 0.500363 for index 787460, 788/1000.
The last entry of errorHistory is 0.500000 for index 787461, 788/1000.
The last entry of errorHistory is 1.000000 for index 787462, 788/1000.
Terminated at swamp 0.5.
The last entry of errorHistory is 0.500476 for index 787463, 788/1000.
Terminated at swamp 0.5.
The last entry of errorHistory is 0.500360 for index 787464, 788/1000.
Terminated at swamp 0.5.
The last entry of errorHistory is 0.500026 for index 787465, 788/1000.
Terminated at swamp 0.5.
The last entry of errorHistory is 0.500318 for index 787466, 788/1000.
Terminated at swamp 1.
The last entry of errorHistory is 1.000374 for index 787467, 788/1000.
The last entry of errorHistory is 0.010443 for index 787468, 788/1000.
Terminated at swamp 0.5.
The last entry of errorHistory is 0.500529 for index 787469, 788/1000.
Terminated at swamp 0.5.
The last entry of errorHistory is 0.500319 for index 787470, 788/1000.
The last entry of errorHistory is 0.000020 for index 787471, 788/1000.
Terminated at swamp 0.5.
The last entry of errorHistory is 0.500603 for index 787472, 788/1000.
The last entry of errorHistory is 0.000492 for index 787473, 788/1000.
Terminated at swamp 0.5.
The last entry of errorHistory is 0.500239 for index 787474, 788/1000.
The last entry of errorHistory is 1.000000 for index 787475, 788/1000.
The last entry of errorHistory is 0.000010 for index 787476, 788/1000.
Terminated at swamp 0.5.
The last entry of errorHistory is 0.500451 for index 787477, 788/1000.
The last entry of errorHistory is 1.000000 for index 787478, 788/1000.
Terminated at swamp 0.5.
The last entry of errorHistory is 0.500475 for index 787479, 788/1000.
The last entry of errorHistory is 1.000000 for index 787480, 788/1000.
Terminated at swamp 1.
The last entry of errorHistory is 1.000356 for index 787481, 788/1000.
The last entry of errorHistory is 1.000000 for index 787482, 788/1000.
Terminated at swamp 1.
The last entry of errorHistory is 1.000201 for index 787483, 788/1000.
Terminated at swamp 0.5.
The last entry of errorHistory is 0.500007 for index 787484, 788/1000.
Terminated at swamp 0.5.
The last entry of errorHistory is 0.500104 for index 787485, 788/1000.
The last entry of errorHistory is 1.000000 for index 787486, 788/1000.
Terminated at swamp 1.
The last entry of errorHistory is 1.000035 for index 787487, 788/1000.
Terminated at swamp 0.5.
The last entry of errorHistory is 0.500795 for index 787488, 788/1000.
Terminated at swamp 1.
The last entry of errorHistory is 1.000001 for index 787489, 788/1000.
The last entry of errorHistory is 0.500000 for index 787490, 788/1000.
Terminated at swamp 1.
The last entry of errorHistory is 1.000115 for index 787491, 788/1000.
Terminated at swamp 0.5.
The last entry of errorHistory is 0.500161 for index 787492, 788/1000.
Terminated at swamp 0.5.
The last entry of errorHistory is 0.500464 for index 787493, 788/1000.
The last entry of errorHistory is 0.000018 for index 787494, 788/1000.
The last entry of errorHistory is 0.000021 for index 787495, 788/1000.
Terminated at swamp 0.5.
The last entry of errorHistory is 0.500561 for index 787496, 788/1000.
Terminated at swamp 0.5.
The last entry of errorHistory is 0.500576 for index 787497, 788/1000.
The last entry of errorHistory is 0.500000 for index 787498, 788/1000.
Terminated at swamp 0.5.
The last entry of errorHistory is 0.500236 for index 787499, 788/1000.
Terminated at swamp 0.5.
The last entry of errorHistory is 0.500131 for index 787500, 788/1000.
The last entry of errorHistory is 1.000000 for index 787501, 788/1000.
The last entry of errorHistory is 1.000000 for index 787502, 788/1000.
The last entry of errorHistory is 1.000000 for index 787503, 788/1000.
Terminated at swamp 0.5.
The last entry of errorHistory is 0.500545 for index 787504, 788/1000.
Terminated at swamp 0.5.
The last entry of errorHistory is 0.500464 for index 787505, 788/1000.
The last entry of errorHistory is 0.000017 for index 787506, 788/1000.
Terminated at swamp 0.5.
The last entry of errorHistory is 0.500355 for index 787507, 788/1000.
The last entry of errorHistory is 0.000524 for index 787508, 788/1000.
Terminated at swamp 0.5.
The last entry of errorHistory is 0.500624 for index 787509, 788/1000.
Terminated at swamp 0.5.
The last entry of errorHistory is 0.500111 for index 787510, 788/1000.
Terminated at swamp 0.5.
The last entry of errorHistory is 0.500541 for index 787511, 788/1000.
Terminated at swamp 0.5.
The last entry of errorHistory is 0.500101 for index 787512, 788/1000.
Terminated at swamp 1.
The last entry of errorHistory is 1.000027 for index 787513, 788/1000.
Terminated at swamp 1.
The last entry of errorHistory is 1.000001 for index 787514, 788/1000.
The last entry of errorHistory is 1.000000 for index 787515, 788/1000.
Terminated at swamp 0.5.
The last entry of errorHistory is 0.500418 for index 787516, 788/1000.
The last entry of errorHistory is 1.000000 for index 787517, 788/1000.
The last entry of errorHistory is 0.500000 for index 787518, 788/1000.
Terminated at swamp 0.5.
The last entry of errorHistory is 0.500286 for index 787519, 788/1000.
Terminated at swamp 1.
The last entry of errorHistory is 1.000001 for index 787520, 788/1000.
Terminated at swamp 0.5.
The last entry of errorHistory is 0.500170 for index 787521, 788/1000.
The last entry of errorHistory is 0.000042 for index 787522, 788/1000.
Terminated at swamp 1.
The last entry of errorHistory is 1.000488 for index 787523, 788/1000.
The last entry of errorHistory is 0.000018 for index 787524, 788/1000.
Terminated at swamp 0.5.
The last entry of errorHistory is 0.500043 for index 787525, 788/1000.
The last entry of errorHistory is 0.000017 for index 787526, 788/1000.
Terminated at swamp 0.5.
The last entry of errorHistory is 0.500572 for index 787527, 788/1000.
Terminated at swamp 0.5.
The last entry of errorHistory is 0.500416 for index 787528, 788/1000.
The last entry of errorHistory is 1.000000 for index 787529, 788/1000.
Terminated at swamp 0.5.
The last entry of errorHistory is 0.500486 for index 787530, 788/1000.
Terminated at swamp 0.5.
The last entry of errorHistory is 0.500092 for index 787531, 788/1000.
Terminated at swamp 0.5.
The last entry of errorHistory is 0.500667 for index 787532, 788/1000.
The last entry of errorHistory is 1.000000 for index 787533, 788/1000.
The last entry of errorHistory is 1.000000 for index 787534, 788/1000.
Terminated at swamp 0.5.
The last entry of errorHistory is 0.500280 for index 787535, 788/1000.
The last entry of errorHistory is 0.500000 for index 787536, 788/1000.
Terminated at swamp 0.5.
The last entry of errorHistory is 0.500326 for index 787537, 788/1000.
Terminated at swamp 0.5.
The last entry of errorHistory is 0.500909 for index 787538, 788/1000.
Terminated at swamp 0.5.
The last entry of errorHistory is 0.500222 for index 787539, 788/1000.
Terminated at swamp 1.
The last entry of errorHistory is 1.000108 for index 787540, 788/1000.
The last entry of errorHistory is 0.000133 for index 787541, 788/1000.
The last entry of errorHistory is 1.000000 for index 787542, 788/1000.
The last entry of errorHistory is 1.000000 for index 787543, 788/1000.
Terminated at swamp 0.5.
The last entry of errorHistory is 0.500020 for index 787544, 788/1000.
Terminated at swamp 1.
The last entry of errorHistory is 1.000091 for index 787545, 788/1000.
Terminated at swamp 0.5.
The last entry of errorHistory is 0.500021 for index 787546, 788/1000.
Terminated at swamp 0.5.
The last entry of errorHistory is 0.500713 for index 787547, 788/1000.
Terminated at swamp 0.5.
The last entry of errorHistory is 0.500372 for index 787548, 788/1000.
Terminated at swamp 1.
The last entry of errorHistory is 1.000000 for index 787549, 788/1000.
Terminated at swamp 0.5.
The last entry of errorHistory is 0.500513 for index 787550, 788/1000.
Terminated at swamp 0.5.
The last entry of errorHistory is 0.500016 for index 787551, 788/1000.
Terminated at swamp 0.5.
The last entry of errorHistory is 0.500482 for index 787552, 788/1000.
Terminated at swamp 0.5.
The last entry of errorHistory is 0.500022 for index 787553, 788/1000.
Terminated at swamp 0.5.
The last entry of errorHistory is 0.500534 for index 787554, 788/1000.
The last entry of errorHistory is 0.500000 for index 787555, 788/1000.
Terminated at swamp 1.
The last entry of errorHistory is 1.000363 for index 787556, 788/1000.
Terminated at swamp 0.5.
The last entry of errorHistory is 0.500152 for index 787557, 788/1000.
Terminated at swamp 0.5.
The last entry of errorHistory is 0.500686 for index 787558, 788/1000.
The last entry of errorHistory is 1.000000 for index 787559, 788/1000.
The last entry of errorHistory is 0.002072 for index 787560, 788/1000.
The last entry of errorHistory is 1.000000 for index 787561, 788/1000.
Terminated at swamp 1.
The last entry of errorHistory is 1.000112 for index 787562, 788/1000.
Terminated at swamp 0.5.
The last entry of errorHistory is 0.500014 for index 787563, 788/1000.
The last entry of errorHistory is 0.500000 for index 787564, 788/1000.
Terminated at swamp 0.5.
The last entry of errorHistory is 0.500359 for index 787565, 788/1000.
Terminated at swamp 0.5.
The last entry of errorHistory is 0.500126 for index 787566, 788/1000.
Terminated at swamp 0.5.
The last entry of errorHistory is 0.500000 for index 787567, 788/1000.
Terminated at swamp 0.5.
The last entry of errorHistory is 0.500025 for index 787568, 788/1000.
The last entry of errorHistory is 0.000336 for index 787569, 788/1000.
Terminated at swamp 0.5.
The last entry of errorHistory is 0.500525 for index 787570, 788/1000.
Terminated at swamp 1.
The last entry of errorHistory is 1.000208 for index 787571, 788/1000.
Terminated at swamp 0.5.
The last entry of errorHistory is 0.500057 for index 787572, 788/1000.
Terminated at swamp 0.5.
The last entry of errorHistory is 0.500699 for index 787573, 788/1000.
Terminated at swamp 0.5.
The last entry of errorHistory is 0.500576 for index 787574, 788/1000.
Terminated at swamp 0.5.
The last entry of errorHistory is 0.500368 for index 787575, 788/1000.
The last entry of errorHistory is 1.000000 for index 787576, 788/1000.
The last entry of errorHistory is 0.000230 for index 787577, 788/1000.
Terminated at swamp 0.5.
The last entry of errorHistory is 0.500143 for index 787578, 788/1000.
Terminated at swamp 0.5.
The last entry of errorHistory is 0.500905 for index 787579, 788/1000.
Terminated at swamp 0.5.
The last entry of errorHistory is 0.500114 for index 787580, 788/1000.
Terminated at swamp 0.5.
The last entry of errorHistory is 0.500609 for index 787581, 788/1000.
Terminated at swamp 1.
The last entry of errorHistory is 1.000272 for index 787582, 788/1000.
Terminated at swamp 0.5.
The last entry of errorHistory is 0.500214 for index 787583, 788/1000.
Terminated at swamp 1.
The last entry of errorHistory is 1.000000 for index 787584, 788/1000.
Terminated at swamp 0.5.
The last entry of errorHistory is 0.500407 for index 787585, 788/1000.
Terminated at swamp 0.5.
The last entry of errorHistory is 0.500660 for index 787586, 788/1000.
Terminated at swamp 0.5.
The last entry of errorHistory is 0.500634 for index 787587, 788/1000.
Terminated at swamp 0.5.
The last entry of errorHistory is 0.500153 for index 787588, 788/1000.
Terminated at swamp 0.5.
The last entry of errorHistory is 0.500558 for index 787589, 788/1000.
The last entry of errorHistory is 1.000000 for index 787590, 788/1000.
Terminated at swamp 0.5.
The last entry of errorHistory is 0.500052 for index 787591, 788/1000.
Terminated at swamp 0.5.
The last entry of errorHistory is 0.500009 for index 787592, 788/1000.
Terminated at swamp 0.5.
The last entry of errorHistory is 0.500693 for index 787593, 788/1000.
Terminated at swamp 0.5.
The last entry of errorHistory is 0.500148 for index 787594, 788/1000.
Terminated at swamp 1.
The last entry of errorHistory is 1.000001 for index 787595, 788/1000.
Terminated at swamp 1.5.
The last entry of errorHistory is 1.500010 for index 787596, 788/1000.
The last entry of errorHistory is 0.000009 for index 787597, 788/1000.
Terminated at swamp 0.5.
The last entry of errorHistory is 0.500327 for index 787598, 788/1000.
The last entry of errorHistory is 1.000000 for index 787599, 788/1000.
Terminated at swamp 0.5.
The last entry of errorHistory is 0.500495 for index 787600, 788/1000.
Terminated at swamp 1.
The last entry of errorHistory is 1.000072 for index 787601, 788/1000.
Terminated at swamp 1.
The last entry of errorHistory is 1.000407 for index 787602, 788/1000.
Terminated at swamp 0.5.
The last entry of errorHistory is 0.500191 for index 787603, 788/1000.
Terminated at swamp 0.5.
The last entry of errorHistory is 0.500445 for index 787604, 788/1000.
Terminated at swamp 0.5.
The last entry of errorHistory is 0.500207 for index 787605, 788/1000.
The last entry of errorHistory is 1.000000 for index 787606, 788/1000.
Terminated at swamp 1.
The last entry of errorHistory is 1.000000 for index 787607, 788/1000.
Terminated at swamp 0.5.
The last entry of errorHistory is 0.500031 for index 787608, 788/1000.
Terminated at swamp 0.5.
The last entry of errorHistory is 0.500456 for index 787609, 788/1000.
Terminated at swamp 0.5.
The last entry of errorHistory is 0.500000 for index 787610, 788/1000.
Terminated at swamp 0.5.
The last entry of errorHistory is 0.500852 for index 787611, 788/1000.
Terminated at swamp 0.5.
The last entry of errorHistory is 0.500195 for index 787612, 788/1000.
Terminated at swamp 1.
The last entry of errorHistory is 1.000000 for index 787613, 788/1000.
Terminated at swamp 1.
The last entry of errorHistory is 1.000326 for index 787614, 788/1000.
The last entry of errorHistory is 0.500000 for index 787615, 788/1000.
Terminated at swamp 1.
The last entry of errorHistory is 1.000000 for index 787616, 788/1000.
The last entry of errorHistory is 1.000000 for index 787617, 788/1000.
The last entry of errorHistory is 0.000021 for index 787618, 788/1000.
The last entry of errorHistory is 0.001483 for index 787619, 788/1000.
Terminated at swamp 1.
The last entry of errorHistory is 1.000103 for index 787620, 788/1000.
Terminated at swamp 0.5.
The last entry of errorHistory is 0.500416 for index 787621, 788/1000.
The last entry of errorHistory is 0.000011 for index 787622, 788/1000.
Terminated at swamp 0.5.
The last entry of errorHistory is 0.500521 for index 787623, 788/1000.
Terminated at swamp 0.5.
The last entry of errorHistory is 0.500525 for index 787624, 788/1000.
The last entry of errorHistory is 1.500000 for index 787625, 788/1000.
Terminated at swamp 0.5.
The last entry of errorHistory is 0.500236 for index 787626, 788/1000.
The last entry of errorHistory is 0.000013 for index 787627, 788/1000.
The last entry of errorHistory is 1.000000 for index 787628, 788/1000.
The last entry of errorHistory is 1.000000 for index 787629, 788/1000.
Terminated at swamp 0.5.
The last entry of errorHistory is 0.500586 for index 787630, 788/1000.
Terminated at swamp 0.5.
The last entry of errorHistory is 0.500163 for index 787631, 788/1000.
Terminated at swamp 1.
The last entry of errorHistory is 1.000403 for index 787632, 788/1000.
The last entry of errorHistory is 1.000000 for index 787633, 788/1000.
Terminated at swamp 1.
The last entry of errorHistory is 1.000035 for index 787634, 788/1000.
The last entry of errorHistory is 0.000023 for index 787635, 788/1000.
The last entry of errorHistory is 1.000000 for index 787636, 788/1000.
Terminated at swamp 0.5.
The last entry of errorHistory is 0.500528 for index 787637, 788/1000.
Terminated at swamp 1.
The last entry of errorHistory is 1.000000 for index 787638, 788/1000.
Terminated at swamp 1.
The last entry of errorHistory is 1.000000 for index 787639, 788/1000.
The last entry of errorHistory is 1.000000 for index 787640, 788/1000.
The last entry of errorHistory is 1.000000 for index 787641, 788/1000.
The last entry of errorHistory is 1.500000 for index 787642, 788/1000.
Terminated at swamp 0.5.
The last entry of errorHistory is 0.500100 for index 787643, 788/1000.
The last entry of errorHistory is 1.500000 for index 787644, 788/1000.
Terminated at swamp 0.5.
The last entry of errorHistory is 0.500087 for index 787645, 788/1000.
Terminated at swamp 1.
The last entry of errorHistory is 1.000425 for index 787646, 788/1000.
Terminated at swamp 0.5.
The last entry of errorHistory is 0.500604 for index 787647, 788/1000.
The last entry of errorHistory is 1.000000 for index 787648, 788/1000.
Terminated at swamp 0.5.
The last entry of errorHistory is 0.500088 for index 787649, 788/1000.
The last entry of errorHistory is 1.000000 for index 787650, 788/1000.
The last entry of errorHistory is 1.000000 for index 787651, 788/1000.
Terminated at swamp 0.5.
The last entry of errorHistory is 0.500665 for index 787652, 788/1000.
The last entry of errorHistory is 0.000009 for index 787653, 788/1000.
Terminated at swamp 0.5.
The last entry of errorHistory is 0.500000 for index 787654, 788/1000.
The last entry of errorHistory is 1.000000 for index 787655, 788/1000.
The last entry of errorHistory is 1.000000 for index 787656, 788/1000.
Terminated at swamp 0.5.
The last entry of errorHistory is 0.500061 for index 787657, 788/1000.
Terminated at swamp 1.
The last entry of errorHistory is 1.000000 for index 787658, 788/1000.
Terminated at swamp 1.
The last entry of errorHistory is 1.000211 for index 787659, 788/1000.
The last entry of errorHistory is 1.000000 for index 787660, 788/1000.
Terminated at swamp 0.5.
The last entry of errorHistory is 0.500661 for index 787661, 788/1000.
Terminated at swamp 0.5.
The last entry of errorHistory is 0.500606 for index 787662, 788/1000.
Terminated at swamp 0.5.
The last entry of errorHistory is 0.500688 for index 787663, 788/1000.
The last entry of errorHistory is 1.000000 for index 787664, 788/1000.
Terminated at swamp 1.
The last entry of errorHistory is 1.000227 for index 787665, 788/1000.
Terminated at swamp 0.5.
The last entry of errorHistory is 0.500077 for index 787666, 788/1000.
Terminated at swamp 1.
The last entry of errorHistory is 1.000175 for index 787667, 788/1000.
Terminated at swamp 1.
The last entry of errorHistory is 1.000020 for index 787668, 788/1000.
The last entry of errorHistory is 1.000000 for index 787669, 788/1000.
Terminated at swamp 0.5.
The last entry of errorHistory is 0.500108 for index 787670, 788/1000.
Terminated at swamp 0.5.
The last entry of errorHistory is 0.500541 for index 787671, 788/1000.
Terminated at swamp 0.5.
The last entry of errorHistory is 0.500924 for index 787672, 788/1000.
Terminated at swamp 0.5.
The last entry of errorHistory is 0.500057 for index 787673, 788/1000.
Terminated at swamp 0.5.
The last entry of errorHistory is 0.500156 for index 787674, 788/1000.
Terminated at swamp 0.5.
The last entry of errorHistory is 0.500639 for index 787675, 788/1000.
Terminated at swamp 0.5.
The last entry of errorHistory is 0.500022 for index 787676, 788/1000.
The last entry of errorHistory is 0.500000 for index 787677, 788/1000.
Terminated at swamp 1.5.
The last entry of errorHistory is 1.500000 for index 787678, 788/1000.
Terminated at swamp 0.5.
The last entry of errorHistory is 0.500097 for index 787679, 788/1000.
Terminated at swamp 0.5.
The last entry of errorHistory is 0.500407 for index 787680, 788/1000.
Terminated at swamp 1.
The last entry of errorHistory is 1.000000 for index 787681, 788/1000.
The last entry of errorHistory is 0.000061 for index 787682, 788/1000.
The last entry of errorHistory is 1.000000 for index 787683, 788/1000.
Terminated at swamp 0.5.
The last entry of errorHistory is 0.500386 for index 787684, 788/1000.
Terminated at swamp 0.5.
The last entry of errorHistory is 0.500355 for index 787685, 788/1000.
Terminated at swamp 0.5.
The last entry of errorHistory is 0.500161 for index 787686, 788/1000.
The last entry of errorHistory is 0.000009 for index 787687, 788/1000.
Terminated at swamp 1.
The last entry of errorHistory is 1.000357 for index 787688, 788/1000.
Terminated at swamp 1.
The last entry of errorHistory is 0.999021 for index 787689, 788/1000.
The last entry of errorHistory is 1.000000 for index 787690, 788/1000.
The last entry of errorHistory is 1.000000 for index 787691, 788/1000.
Terminated at swamp 0.5.
The last entry of errorHistory is 0.500391 for index 787692, 788/1000.
The last entry of errorHistory is 0.500000 for index 787693, 788/1000.
The last entry of errorHistory is 1.000000 for index 787694, 788/1000.
Terminated at swamp 0.5.
The last entry of errorHistory is 0.500344 for index 787695, 788/1000.
The last entry of errorHistory is 1.000000 for index 787696, 788/1000.
Terminated at swamp 1.
The last entry of errorHistory is 1.000418 for index 787697, 788/1000.
Terminated at swamp 0.5.
The last entry of errorHistory is 0.500435 for index 787698, 788/1000.
Terminated at swamp 0.5.
The last entry of errorHistory is 0.500379 for index 787699, 788/1000.
The last entry of errorHistory is 1.000000 for index 787700, 788/1000.
Terminated at swamp 0.5.
The last entry of errorHistory is 0.500358 for index 787701, 788/1000.
Terminated at swamp 0.5.
The last entry of errorHistory is 0.500416 for index 787702, 788/1000.
Terminated at swamp 0.5.
The last entry of errorHistory is 0.500349 for index 787703, 788/1000.
The last entry of errorHistory is 1.000000 for index 787704, 788/1000.
Terminated at swamp 0.5.
The last entry of errorHistory is 0.500328 for index 787705, 788/1000.
The last entry of errorHistory is 0.000831 for index 787706, 788/1000.
The last entry of errorHistory is 0.000965 for index 787707, 788/1000.
The last entry of errorHistory is 1.000000 for index 787708, 788/1000.
Terminated at swamp 0.5.
The last entry of errorHistory is 0.500727 for index 787709, 788/1000.
The last entry of errorHistory is 0.000395 for index 787710, 788/1000.
Terminated at swamp 0.5.
The last entry of errorHistory is 0.500482 for index 787711, 788/1000.
The last entry of errorHistory is 0.000023 for index 787712, 788/1000.
Terminated at swamp 0.5.
The last entry of errorHistory is 0.500065 for index 787713, 788/1000.
Terminated at swamp 0.5.
The last entry of errorHistory is 0.500454 for index 787714, 788/1000.
Terminated at swamp 1.
The last entry of errorHistory is 0.999999 for index 787715, 788/1000.
The last entry of errorHistory is 0.500000 for index 787716, 788/1000.
Terminated at swamp 1.
The last entry of errorHistory is 1.000008 for index 787717, 788/1000.
Terminated at swamp 0.5.
The last entry of errorHistory is 0.500136 for index 787718, 788/1000.
The last entry of errorHistory is 0.000024 for index 787719, 788/1000.
Terminated at swamp 0.5.
The last entry of errorHistory is 0.500307 for index 787720, 788/1000.
Terminated at swamp 0.5.
The last entry of errorHistory is 0.500424 for index 787721, 788/1000.
Terminated at swamp 1.
The last entry of errorHistory is 1.000253 for index 787722, 788/1000.
Terminated at swamp 1.
The last entry of errorHistory is 1.000019 for index 787723, 788/1000.
Terminated at swamp 1.
The last entry of errorHistory is 1.000007 for index 787724, 788/1000.
Terminated at swamp 1.
The last entry of errorHistory is 1.000111 for index 787725, 788/1000.
The last entry of errorHistory is 0.000032 for index 787726, 788/1000.
The last entry of errorHistory is 1.000000 for index 787727, 788/1000.
Terminated at swamp 0.5.
The last entry of errorHistory is 0.500266 for index 787728, 788/1000.
Terminated at swamp 0.5.
The last entry of errorHistory is 0.500647 for index 787729, 788/1000.
Terminated at swamp 0.5.
The last entry of errorHistory is 0.500732 for index 787730, 788/1000.
Terminated at swamp 1.
The last entry of errorHistory is 1.000000 for index 787731, 788/1000.
Terminated at swamp 0.5.
The last entry of errorHistory is 0.500549 for index 787732, 788/1000.
Terminated at swamp 0.5.
The last entry of errorHistory is 0.500462 for index 787733, 788/1000.
The last entry of errorHistory is 0.500000 for index 787734, 788/1000.
Terminated at swamp 0.5.
The last entry of errorHistory is 0.500538 for index 787735, 788/1000.
The last entry of errorHistory is 0.000831 for index 787736, 788/1000.
Terminated at swamp 0.5.
The last entry of errorHistory is 0.500109 for index 787737, 788/1000.
Terminated at swamp 0.5.
The last entry of errorHistory is 0.500427 for index 787738, 788/1000.
Terminated at swamp 1.
The last entry of errorHistory is 1.000046 for index 787739, 788/1000.
The last entry of errorHistory is 1.000000 for index 787740, 788/1000.
The last entry of errorHistory is 0.500000 for index 787741, 788/1000.
Terminated at swamp 0.5.
The last entry of errorHistory is 0.500515 for index 787742, 788/1000.
Terminated at swamp 1.
The last entry of errorHistory is 1.000028 for index 787743, 788/1000.
Terminated at swamp 0.5.
The last entry of errorHistory is 0.500664 for index 787744, 788/1000.
Terminated at swamp 0.5.
The last entry of errorHistory is 0.500139 for index 787745, 788/1000.
The last entry of errorHistory is 1.000000 for index 787746, 788/1000.
The last entry of errorHistory is 0.500000 for index 787747, 788/1000.
The last entry of errorHistory is 1.000000 for index 787748, 788/1000.
Terminated at swamp 0.5.
The last entry of errorHistory is 0.500439 for index 787749, 788/1000.
Terminated at swamp 1.
The last entry of errorHistory is 1.000089 for index 787750, 788/1000.
The last entry of errorHistory is 0.000016 for index 787751, 788/1000.
The last entry of errorHistory is 0.000017 for index 787752, 788/1000.
The last entry of errorHistory is 0.000507 for index 787753, 788/1000.
Terminated at swamp 0.5.
The last entry of errorHistory is 0.500024 for index 787754, 788/1000.
Terminated at swamp 0.5.
The last entry of errorHistory is 0.500574 for index 787755, 788/1000.
Terminated at swamp 0.5.
The last entry of errorHistory is 0.500267 for index 787756, 788/1000.
Terminated at swamp 1.
The last entry of errorHistory is 1.000051 for index 787757, 788/1000.
Terminated at swamp 1.
The last entry of errorHistory is 1.000093 for index 787758, 788/1000.
Terminated at swamp 0.5.
The last entry of errorHistory is 0.500803 for index 787759, 788/1000.
Terminated at swamp 0.5.
The last entry of errorHistory is 0.500753 for index 787760, 788/1000.
The last entry of errorHistory is 0.000084 for index 787761, 788/1000.
Terminated at swamp 0.5.
The last entry of errorHistory is 0.500135 for index 787762, 788/1000.
Terminated at swamp 0.5.
The last entry of errorHistory is 0.500002 for index 787763, 788/1000.
The last entry of errorHistory is 1.000000 for index 787764, 788/1000.
Terminated at swamp 0.5.
The last entry of errorHistory is 0.500548 for index 787765, 788/1000.
Terminated at swamp 0.5.
The last entry of errorHistory is 0.500004 for index 787766, 788/1000.
The last entry of errorHistory is 1.000000 for index 787767, 788/1000.
Terminated at swamp 1.
The last entry of errorHistory is 1.000121 for index 787768, 788/1000.
Terminated at swamp 0.5.
The last entry of errorHistory is 0.500236 for index 787769, 788/1000.
The last entry of errorHistory is 0.000026 for index 787770, 788/1000.
Terminated at swamp 0.5.
The last entry of errorHistory is 0.500375 for index 787771, 788/1000.
The last entry of errorHistory is 0.001881 for index 787772, 788/1000.
The last entry of errorHistory is 0.000032 for index 787773, 788/1000.
The last entry of errorHistory is 1.000000 for index 787774, 788/1000.
Terminated at swamp 0.5.
The last entry of errorHistory is 0.500581 for index 787775, 788/1000.
The last entry of errorHistory is 0.500000 for index 787776, 788/1000.
Terminated at swamp 0.5.
The last entry of errorHistory is 0.500163 for index 787777, 788/1000.
The last entry of errorHistory is 0.000687 for index 787778, 788/1000.
The last entry of errorHistory is 0.000014 for index 787779, 788/1000.
Terminated at swamp 0.5.
The last entry of errorHistory is 0.500505 for index 787780, 788/1000.
Terminated at swamp 1.
The last entry of errorHistory is 1.000000 for index 787781, 788/1000.
Terminated at swamp 0.5.
The last entry of errorHistory is 0.500619 for index 787782, 788/1000.
The last entry of errorHistory is 1.500000 for index 787783, 788/1000.
Terminated at swamp 0.5.
The last entry of errorHistory is 0.500195 for index 787784, 788/1000.
Terminated at swamp 0.5.
The last entry of errorHistory is 0.500687 for index 787785, 788/1000.
The last entry of errorHistory is 0.500000 for index 787786, 788/1000.
Terminated at swamp 0.5.
The last entry of errorHistory is 0.500499 for index 787787, 788/1000.
Terminated at swamp 0.5.
The last entry of errorHistory is 0.500366 for index 787788, 788/1000.
Terminated at swamp 0.5.
The last entry of errorHistory is 0.500413 for index 787789, 788/1000.
The last entry of errorHistory is 0.000020 for index 787790, 788/1000.
The last entry of errorHistory is 1.000000 for index 787791, 788/1000.
Terminated at swamp 0.5.
The last entry of errorHistory is 0.500692 for index 787792, 788/1000.
Terminated at swamp 0.5.
The last entry of errorHistory is 0.500382 for index 787793, 788/1000.
Terminated at swamp 0.5.
The last entry of errorHistory is 0.500702 for index 787794, 788/1000.
The last entry of errorHistory is 1.000000 for index 787795, 788/1000.
The last entry of errorHistory is 0.000016 for index 787796, 788/1000.
The last entry of errorHistory is 0.000692 for index 787797, 788/1000.
Terminated at swamp 0.5.
The last entry of errorHistory is 0.500094 for index 787798, 788/1000.
The last entry of errorHistory is 0.000013 for index 787799, 788/1000.
Terminated at swamp 0.5.
The last entry of errorHistory is 0.500313 for index 787800, 788/1000.
Terminated at swamp 0.5.
The last entry of errorHistory is 0.500621 for index 787801, 788/1000.
Terminated at swamp 0.5.
The last entry of errorHistory is 0.500178 for index 787802, 788/1000.
The last entry of errorHistory is 0.000007 for index 787803, 788/1000.
Terminated at swamp 0.5.
The last entry of errorHistory is 0.500333 for index 787804, 788/1000.
The last entry of errorHistory is 1.000000 for index 787805, 788/1000.
Terminated at swamp 1.
The last entry of errorHistory is 1.000161 for index 787806, 788/1000.
The last entry of errorHistory is 0.000012 for index 787807, 788/1000.
Terminated at swamp 0.5.
The last entry of errorHistory is 0.500191 for index 787808, 788/1000.
Terminated at swamp 1.
The last entry of errorHistory is 1.000009 for index 787809, 788/1000.
The last entry of errorHistory is 0.000035 for index 787810, 788/1000.
The last entry of errorHistory is 1.000000 for index 787811, 788/1000.
The last entry of errorHistory is 0.500000 for index 787812, 788/1000.
Terminated at swamp 0.5.
The last entry of errorHistory is 0.500258 for index 787813, 788/1000.
The last entry of errorHistory is 0.000019 for index 787814, 788/1000.
Terminated at swamp 0.5.
The last entry of errorHistory is 0.500589 for index 787815, 788/1000.
Terminated at swamp 0.5.
The last entry of errorHistory is 0.500492 for index 787816, 788/1000.
The last entry of errorHistory is 1.000000 for index 787817, 788/1000.
Terminated at swamp 1.
The last entry of errorHistory is 1.000412 for index 787818, 788/1000.
Terminated at swamp 0.5.
The last entry of errorHistory is 0.500752 for index 787819, 788/1000.
Terminated at swamp 0.5.
The last entry of errorHistory is 0.500453 for index 787820, 788/1000.
Terminated at swamp 0.5.
The last entry of errorHistory is 0.500000 for index 787821, 788/1000.
Terminated at swamp 0.5.
The last entry of errorHistory is 0.500315 for index 787822, 788/1000.
Terminated at swamp 0.5.
The last entry of errorHistory is 0.500331 for index 787823, 788/1000.
Terminated at swamp 0.5.
The last entry of errorHistory is 0.500485 for index 787824, 788/1000.
Terminated at swamp 1.
The last entry of errorHistory is 1.000132 for index 787825, 788/1000.
The last entry of errorHistory is 1.000000 for index 787826, 788/1000.
Terminated at swamp 1.
The last entry of errorHistory is 1.000328 for index 787827, 788/1000.
Terminated at swamp 1.
The last entry of errorHistory is 1.000453 for index 787828, 788/1000.
Terminated at swamp 0.5.
The last entry of errorHistory is 0.500190 for index 787829, 788/1000.
Terminated at swamp 0.5.
The last entry of errorHistory is 0.500049 for index 787830, 788/1000.
The last entry of errorHistory is 1.000000 for index 787831, 788/1000.
Terminated at swamp 0.5.
The last entry of errorHistory is 0.500375 for index 787832, 788/1000.
Terminated at swamp 1.
The last entry of errorHistory is 1.000236 for index 787833, 788/1000.
The last entry of errorHistory is 0.000063 for index 787834, 788/1000.
Terminated at swamp 1.
The last entry of errorHistory is 1.000425 for index 787835, 788/1000.
Terminated at swamp 1.
The last entry of errorHistory is 1.000030 for index 787836, 788/1000.
Terminated at swamp 0.5.
The last entry of errorHistory is 0.500449 for index 787837, 788/1000.
Terminated at swamp 0.5.
The last entry of errorHistory is 0.500184 for index 787838, 788/1000.
The last entry of errorHistory is 0.500000 for index 787839, 788/1000.
Terminated at swamp 0.5.
The last entry of errorHistory is 0.499991 for index 787840, 788/1000.
Terminated at swamp 0.5.
The last entry of errorHistory is 0.500277 for index 787841, 788/1000.
Terminated at swamp 1.
The last entry of errorHistory is 1.000217 for index 787842, 788/1000.
Terminated at swamp 0.5.
The last entry of errorHistory is 0.500010 for index 787843, 788/1000.
Terminated at swamp 0.5.
The last entry of errorHistory is 0.500338 for index 787844, 788/1000.
The last entry of errorHistory is 0.000626 for index 787845, 788/1000.
The last entry of errorHistory is 0.000032 for index 787846, 788/1000.
Terminated at swamp 1.
The last entry of errorHistory is 1.000208 for index 787847, 788/1000.
Terminated at swamp 0.5.
The last entry of errorHistory is 0.500178 for index 787848, 788/1000.
The last entry of errorHistory is 1.000000 for index 787849, 788/1000.
Terminated at swamp 0.5.
The last entry of errorHistory is 0.500387 for index 787850, 788/1000.
Terminated at swamp 0.5.
The last entry of errorHistory is 0.500453 for index 787851, 788/1000.
Terminated at swamp 1.
The last entry of errorHistory is 1.000972 for index 787852, 788/1000.
Terminated at swamp 0.5.
The last entry of errorHistory is 0.500411 for index 787853, 788/1000.
The last entry of errorHistory is 0.000118 for index 787854, 788/1000.
Terminated at swamp 0.5.
The last entry of errorHistory is 0.500102 for index 787855, 788/1000.
Terminated at swamp 0.5.
The last entry of errorHistory is 0.500127 for index 787856, 788/1000.
The last entry of errorHistory is 0.000124 for index 787857, 788/1000.
Terminated at swamp 1.
The last entry of errorHistory is 1.000402 for index 787858, 788/1000.
Terminated at swamp 0.5.
The last entry of errorHistory is 0.500506 for index 787859, 788/1000.
Terminated at swamp 1.
The last entry of errorHistory is 1.000000 for index 787860, 788/1000.
Terminated at swamp 0.5.
The last entry of errorHistory is 0.500325 for index 787861, 788/1000.
Terminated at swamp 0.5.
The last entry of errorHistory is 0.500321 for index 787862, 788/1000.
Terminated at swamp 0.5.
The last entry of errorHistory is 0.500469 for index 787863, 788/1000.
The last entry of errorHistory is 1.000000 for index 787864, 788/1000.
Terminated at swamp 0.5.
The last entry of errorHistory is 0.500362 for index 787865, 788/1000.
The last entry of errorHistory is 1.000000 for index 787866, 788/1000.
Terminated at swamp 0.5.
The last entry of errorHistory is 0.500495 for index 787867, 788/1000.
Terminated at swamp 0.5.
The last entry of errorHistory is 0.500396 for index 787868, 788/1000.
The last entry of errorHistory is 0.500000 for index 787869, 788/1000.
Terminated at swamp 0.5.
The last entry of errorHistory is 0.500416 for index 787870, 788/1000.
Terminated at swamp 1.
The last entry of errorHistory is 1.000029 for index 787871, 788/1000.
Terminated at swamp 0.5.
The last entry of errorHistory is 0.500558 for index 787872, 788/1000.
Terminated at swamp 0.5.
The last entry of errorHistory is 0.500123 for index 787873, 788/1000.
Terminated at swamp 1.
The last entry of errorHistory is 1.000000 for index 787874, 788/1000.
Terminated at swamp 1.
The last entry of errorHistory is 1.000000 for index 787875, 788/1000.
Terminated at swamp 0.5.
The last entry of errorHistory is 0.500614 for index 787876, 788/1000.
The last entry of errorHistory is 1.000000 for index 787877, 788/1000.
Terminated at swamp 0.5.
The last entry of errorHistory is 0.500385 for index 787878, 788/1000.
Terminated at swamp 0.5.
The last entry of errorHistory is 0.500124 for index 787879, 788/1000.
Terminated at swamp 0.5.
The last entry of errorHistory is 0.500511 for index 787880, 788/1000.
Terminated at swamp 0.5.
The last entry of errorHistory is 0.500231 for index 787881, 788/1000.
The last entry of errorHistory is 1.000000 for index 787882, 788/1000.
The last entry of errorHistory is 0.500000 for index 787883, 788/1000.
Terminated at swamp 0.5.
The last entry of errorHistory is 0.500600 for index 787884, 788/1000.
Terminated at swamp 0.5.
The last entry of errorHistory is 0.500494 for index 787885, 788/1000.
Terminated at swamp 0.5.
The last entry of errorHistory is 0.500299 for index 787886, 788/1000.
Terminated at swamp 0.5.
The last entry of errorHistory is 0.500876 for index 787887, 788/1000.
Terminated at swamp 0.5.
The last entry of errorHistory is 0.500375 for index 787888, 788/1000.
The last entry of errorHistory is 1.000000 for index 787889, 788/1000.
Terminated at swamp 0.5.
The last entry of errorHistory is 0.500065 for index 787890, 788/1000.
Terminated at swamp 0.5.
The last entry of errorHistory is 0.500414 for index 787891, 788/1000.
The last entry of errorHistory is 0.500000 for index 787892, 788/1000.
Terminated at swamp 1.
The last entry of errorHistory is 1.000279 for index 787893, 788/1000.
Terminated at swamp 1.
The last entry of errorHistory is 1.000135 for index 787894, 788/1000.
Terminated at swamp 0.5.
The last entry of errorHistory is 0.500497 for index 787895, 788/1000.
Terminated at swamp 1.
The last entry of errorHistory is 1.000001 for index 787896, 788/1000.
Terminated at swamp 0.5.
The last entry of errorHistory is 0.500412 for index 787897, 788/1000.
The last entry of errorHistory is 0.500000 for index 787898, 788/1000.
Terminated at swamp 0.5.
The last entry of errorHistory is 0.500402 for index 787899, 788/1000.
Terminated at swamp 0.5.
The last entry of errorHistory is 0.500425 for index 787900, 788/1000.
Terminated at swamp 1.
The last entry of errorHistory is 1.000036 for index 787901, 788/1000.
Terminated at swamp 0.5.
The last entry of errorHistory is 0.500294 for index 787902, 788/1000.
The last entry of errorHistory is 0.000066 for index 787903, 788/1000.
Terminated at swamp 0.5.
The last entry of errorHistory is 0.500001 for index 787904, 788/1000.
Terminated at swamp 0.5.
The last entry of errorHistory is 0.500564 for index 787905, 788/1000.
The last entry of errorHistory is 0.000012 for index 787906, 788/1000.
The last entry of errorHistory is 1.000000 for index 787907, 788/1000.
The last entry of errorHistory is 0.500000 for index 787908, 788/1000.
The last entry of errorHistory is 1.000000 for index 787909, 788/1000.
Terminated at swamp 0.5.
The last entry of errorHistory is 0.500252 for index 787910, 788/1000.
Terminated at swamp 0.5.
The last entry of errorHistory is 0.500038 for index 787911, 788/1000.
The last entry of errorHistory is 1.000000 for index 787912, 788/1000.
Terminated at swamp 0.5.
The last entry of errorHistory is 0.500417 for index 787913, 788/1000.
Terminated at swamp 0.5.
The last entry of errorHistory is 0.500419 for index 787914, 788/1000.
Terminated at swamp 0.5.
The last entry of errorHistory is 0.500545 for index 787915, 788/1000.
Terminated at swamp 0.5.
The last entry of errorHistory is 0.500346 for index 787916, 788/1000.
Terminated at swamp 0.5.
The last entry of errorHistory is 0.500608 for index 787917, 788/1000.
Terminated at swamp 0.5.
The last entry of errorHistory is 0.500132 for index 787918, 788/1000.
The last entry of errorHistory is 0.000016 for index 787919, 788/1000.
The last entry of errorHistory is 1.500000 for index 787920, 788/1000.
Terminated at swamp 0.5.
The last entry of errorHistory is 0.500392 for index 787921, 788/1000.
The last entry of errorHistory is 0.500000 for index 787922, 788/1000.
Terminated at swamp 0.5.
The last entry of errorHistory is 0.500382 for index 787923, 788/1000.
Terminated at swamp 0.5.
The last entry of errorHistory is 0.500415 for index 787924, 788/1000.
The last entry of errorHistory is 0.000017 for index 787925, 788/1000.
The last entry of errorHistory is 1.000000 for index 787926, 788/1000.
Terminated at swamp 0.5.
The last entry of errorHistory is 0.500669 for index 787927, 788/1000.
The last entry of errorHistory is 0.000061 for index 787928, 788/1000.
Terminated at swamp 0.5.
The last entry of errorHistory is 0.500524 for index 787929, 788/1000.
The last entry of errorHistory is 1.000000 for index 787930, 788/1000.
Terminated at swamp 0.5.
The last entry of errorHistory is 0.500079 for index 787931, 788/1000.
Terminated at swamp 0.5.
The last entry of errorHistory is 0.500200 for index 787932, 788/1000.
Terminated at swamp 0.5.
The last entry of errorHistory is 0.500496 for index 787933, 788/1000.
Terminated at swamp 1.
The last entry of errorHistory is 1.000668 for index 787934, 788/1000.
Terminated at swamp 0.5.
The last entry of errorHistory is 0.500150 for index 787935, 788/1000.
Terminated at swamp 0.5.
The last entry of errorHistory is 0.500506 for index 787936, 788/1000.
Terminated at swamp 1.
The last entry of errorHistory is 1.000333 for index 787937, 788/1000.
The last entry of errorHistory is 0.000038 for index 787938, 788/1000.
The last entry of errorHistory is 0.000511 for index 787939, 788/1000.
The last entry of errorHistory is 1.000000 for index 787940, 788/1000.
Terminated at swamp 0.5.
The last entry of errorHistory is 0.500084 for index 787941, 788/1000.
Terminated at swamp 1.
The last entry of errorHistory is 1.000090 for index 787942, 788/1000.
Terminated at swamp 0.5.
The last entry of errorHistory is 0.500013 for index 787943, 788/1000.
Terminated at swamp 0.5.
The last entry of errorHistory is 0.500121 for index 787944, 788/1000.
Terminated at swamp 0.5.
The last entry of errorHistory is 0.500288 for index 787945, 788/1000.
The last entry of errorHistory is 0.000028 for index 787946, 788/1000.
Terminated at swamp 0.5.
The last entry of errorHistory is 0.500375 for index 787947, 788/1000.
Terminated at swamp 0.5.
The last entry of errorHistory is 0.500529 for index 787948, 788/1000.
Terminated at swamp 0.5.
The last entry of errorHistory is 0.500256 for index 787949, 788/1000.
The last entry of errorHistory is 0.500000 for index 787950, 788/1000.
Terminated at swamp 1.
The last entry of errorHistory is 1.000276 for index 787951, 788/1000.
The last entry of errorHistory is 0.000412 for index 787952, 788/1000.
The last entry of errorHistory is 0.500000 for index 787953, 788/1000.
Terminated at swamp 0.5.
The last entry of errorHistory is 0.500604 for index 787954, 788/1000.
Terminated at swamp 1.
The last entry of errorHistory is 1.000251 for index 787955, 788/1000.
The last entry of errorHistory is 0.500000 for index 787956, 788/1000.
The last entry of errorHistory is 0.000016 for index 787957, 788/1000.
The last entry of errorHistory is 1.500000 for index 787958, 788/1000.
The last entry of errorHistory is 0.000017 for index 787959, 788/1000.
The last entry of errorHistory is 1.000000 for index 787960, 788/1000.
Terminated at swamp 0.5.
The last entry of errorHistory is 0.500590 for index 787961, 788/1000.
Terminated at swamp 1.
The last entry of errorHistory is 1.000389 for index 787962, 788/1000.
Terminated at swamp 0.5.
The last entry of errorHistory is 0.500427 for index 787963, 788/1000.
The last entry of errorHistory is 1.000000 for index 787964, 788/1000.
Terminated at swamp 0.5.
The last entry of errorHistory is 0.500669 for index 787965, 788/1000.
Terminated at swamp 0.5.
The last entry of errorHistory is 0.500710 for index 787966, 788/1000.
Terminated at swamp 0.5.
The last entry of errorHistory is 0.500310 for index 787967, 788/1000.
Terminated at swamp 1.
The last entry of errorHistory is 1.000084 for index 787968, 788/1000.
The last entry of errorHistory is 1.000000 for index 787969, 788/1000.
Terminated at swamp 0.5.
The last entry of errorHistory is 0.500434 for index 787970, 788/1000.
Terminated at swamp 0.5.
The last entry of errorHistory is 0.500000 for index 787971, 788/1000.
Terminated at swamp 0.5.
The last entry of errorHistory is 0.500342 for index 787972, 788/1000.
The last entry of errorHistory is 1.000000 for index 787973, 788/1000.
Terminated at swamp 0.5.
The last entry of errorHistory is 0.500062 for index 787974, 788/1000.
The last entry of errorHistory is 0.000017 for index 787975, 788/1000.
Terminated at swamp 0.5.
The last entry of errorHistory is 0.500480 for index 787976, 788/1000.
Terminated at swamp 0.5.
The last entry of errorHistory is 0.500478 for index 787977, 788/1000.
Terminated at swamp 0.5.
The last entry of errorHistory is 0.500114 for index 787978, 788/1000.
Terminated at swamp 0.5.
The last entry of errorHistory is 0.500462 for index 787979, 788/1000.
Terminated at swamp 0.5.
The last entry of errorHistory is 0.500000 for index 787980, 788/1000.
The last entry of errorHistory is 1.000000 for index 787981, 788/1000.
The last entry of errorHistory is 1.000000 for index 787982, 788/1000.
Terminated at swamp 1.
The last entry of errorHistory is 1.000281 for index 787983, 788/1000.
Terminated at swamp 0.5.
The last entry of errorHistory is 0.500066 for index 787984, 788/1000.
Terminated at swamp 0.5.
The last entry of errorHistory is 0.500756 for index 787985, 788/1000.
Terminated at swamp 1.
The last entry of errorHistory is 1.000590 for index 787986, 788/1000.
The last entry of errorHistory is 1.000000 for index 787987, 788/1000.
Terminated at swamp 0.5.
The last entry of errorHistory is 0.500339 for index 787988, 788/1000.
Terminated at swamp 0.5.
The last entry of errorHistory is 0.500273 for index 787989, 788/1000.
Terminated at swamp 1.
The last entry of errorHistory is 1.000008 for index 787990, 788/1000.
The last entry of errorHistory is 1.000000 for index 787991, 788/1000.
The last entry of errorHistory is 1.500000 for index 787992, 788/1000.
Terminated at swamp 0.5.
The last entry of errorHistory is 0.500487 for index 787993, 788/1000.
Terminated at swamp 1.
The last entry of errorHistory is 1.000304 for index 787994, 788/1000.
Terminated at swamp 0.5.
The last entry of errorHistory is 0.500443 for index 787995, 788/1000.
Terminated at swamp 0.5.
The last entry of errorHistory is 0.500256 for index 787996, 788/1000.
Terminated at swamp 0.5.
The last entry of errorHistory is 0.500603 for index 787997, 788/1000.
Terminated at swamp 0.5.
The last entry of errorHistory is 0.500578 for index 787998, 788/1000.
Terminated at swamp 0.5.
The last entry of errorHistory is 0.500426 for index 787999, 788/1000.
Terminated at swamp 1.
The last entry of errorHistory is 1.000017 for index 788000, 788/1000.
