
                            < M A T L A B (R) >
                  Copyright 1984-2018 The MathWorks, Inc.
                   R2018b (9.5.0.944444) 64-bit (glnxa64)
                              August 28, 2018

 
To get started, type doc.
For product information, visit www.mathworks.com.
 
Terminated at swamp 0.5.
The last entry of errorHistory is 0.500035 for index 792001, 793/1000.
Terminated at swamp 1.
The last entry of errorHistory is 1.000391 for index 792002, 793/1000.
Terminated at swamp 1.
The last entry of errorHistory is 1.000495 for index 792003, 793/1000.
The last entry of errorHistory is 0.000017 for index 792004, 793/1000.
Terminated at swamp 0.5.
The last entry of errorHistory is 0.500001 for index 792005, 793/1000.
Terminated at swamp 0.5.
The last entry of errorHistory is 0.500945 for index 792006, 793/1000.
Terminated at swamp 0.5.
The last entry of errorHistory is 0.500402 for index 792007, 793/1000.
The last entry of errorHistory is 0.500000 for index 792008, 793/1000.
Terminated at swamp 1.
The last entry of errorHistory is 1.000095 for index 792009, 793/1000.
The last entry of errorHistory is 1.000000 for index 792010, 793/1000.
Terminated at swamp 0.5.
The last entry of errorHistory is 0.500632 for index 792011, 793/1000.
Terminated at swamp 0.5.
The last entry of errorHistory is 0.500001 for index 792012, 793/1000.
The last entry of errorHistory is 1.000000 for index 792013, 793/1000.
Terminated at swamp 0.5.
The last entry of errorHistory is 0.500570 for index 792014, 793/1000.
Terminated at swamp 0.5.
The last entry of errorHistory is 0.500365 for index 792015, 793/1000.
The last entry of errorHistory is 0.500000 for index 792016, 793/1000.
The last entry of errorHistory is 1.000000 for index 792017, 793/1000.
Terminated at swamp 0.5.
The last entry of errorHistory is 0.500572 for index 792018, 793/1000.
Terminated at swamp 0.5.
The last entry of errorHistory is 0.500625 for index 792019, 793/1000.
Terminated at swamp 1.
The last entry of errorHistory is 1.000059 for index 792020, 793/1000.
Terminated at swamp 0.5.
The last entry of errorHistory is 0.500359 for index 792021, 793/1000.
Terminated at swamp 0.5.
The last entry of errorHistory is 0.500240 for index 792022, 793/1000.
The last entry of errorHistory is 0.000012 for index 792023, 793/1000.
Terminated at swamp 1.
The last entry of errorHistory is 1.000541 for index 792024, 793/1000.
Terminated at swamp 0.5.
The last entry of errorHistory is 0.500440 for index 792025, 793/1000.
Terminated at swamp 0.5.
The last entry of errorHistory is 0.500311 for index 792026, 793/1000.
Terminated at swamp 0.5.
The last entry of errorHistory is 0.500317 for index 792027, 793/1000.
Terminated at swamp 1.
The last entry of errorHistory is 1.000000 for index 792028, 793/1000.
Terminated at swamp 0.5.
The last entry of errorHistory is 0.500620 for index 792029, 793/1000.
The last entry of errorHistory is 0.500000 for index 792030, 793/1000.
Terminated at swamp 1.
The last entry of errorHistory is 0.999936 for index 792031, 793/1000.
The last entry of errorHistory is 1.500000 for index 792032, 793/1000.
Terminated at swamp 0.5.
The last entry of errorHistory is 0.500651 for index 792033, 793/1000.
Terminated at swamp 1.
The last entry of errorHistory is 1.000291 for index 792034, 793/1000.
Terminated at swamp 1.
The last entry of errorHistory is 1.000351 for index 792035, 793/1000.
The last entry of errorHistory is 0.000028 for index 792036, 793/1000.
Terminated at swamp 0.5.
The last entry of errorHistory is 0.500416 for index 792037, 793/1000.
Terminated at swamp 0.5.
The last entry of errorHistory is 0.500018 for index 792038, 793/1000.
Terminated at swamp 0.5.
The last entry of errorHistory is 0.500329 for index 792039, 793/1000.
Terminated at swamp 1.
The last entry of errorHistory is 1.000000 for index 792040, 793/1000.
Terminated at swamp 1.
The last entry of errorHistory is 1.000000 for index 792041, 793/1000.
The last entry of errorHistory is 0.000025 for index 792042, 793/1000.
Terminated at swamp 0.5.
The last entry of errorHistory is 0.500488 for index 792043, 793/1000.
The last entry of errorHistory is 0.000110 for index 792044, 793/1000.
Terminated at swamp 0.5.
The last entry of errorHistory is 0.500891 for index 792045, 793/1000.
The last entry of errorHistory is 0.000149 for index 792046, 793/1000.
Terminated at swamp 0.5.
The last entry of errorHistory is 0.500009 for index 792047, 793/1000.
Terminated at swamp 1.
The last entry of errorHistory is 1.000055 for index 792048, 793/1000.
Terminated at swamp 0.5.
The last entry of errorHistory is 0.500429 for index 792049, 793/1000.
The last entry of errorHistory is 0.000012 for index 792050, 793/1000.
The last entry of errorHistory is 0.000125 for index 792051, 793/1000.
Terminated at swamp 1.
The last entry of errorHistory is 1.000000 for index 792052, 793/1000.
Terminated at swamp 1.
The last entry of errorHistory is 1.000309 for index 792053, 793/1000.
Terminated at swamp 0.5.
The last entry of errorHistory is 0.500014 for index 792054, 793/1000.
The last entry of errorHistory is 1.000000 for index 792055, 793/1000.
Terminated at swamp 0.5.
The last entry of errorHistory is 0.500264 for index 792056, 793/1000.
The last entry of errorHistory is 0.000014 for index 792057, 793/1000.
Terminated at swamp 1.
The last entry of errorHistory is 1.000357 for index 792058, 793/1000.
Terminated at swamp 1.
The last entry of errorHistory is 1.000000 for index 792059, 793/1000.
Terminated at swamp 0.5.
The last entry of errorHistory is 0.500587 for index 792060, 793/1000.
Terminated at swamp 0.5.
The last entry of errorHistory is 0.500328 for index 792061, 793/1000.
Terminated at swamp 0.5.
The last entry of errorHistory is 0.500123 for index 792062, 793/1000.
The last entry of errorHistory is 0.500000 for index 792063, 793/1000.
Terminated at swamp 1.
The last entry of errorHistory is 1.000439 for index 792064, 793/1000.
Terminated at swamp 0.5.
The last entry of errorHistory is 0.500288 for index 792065, 793/1000.
The last entry of errorHistory is 0.500000 for index 792066, 793/1000.
Terminated at swamp 1.
The last entry of errorHistory is 1.000000 for index 792067, 793/1000.
The last entry of errorHistory is 0.000029 for index 792068, 793/1000.
Terminated at swamp 0.5.
The last entry of errorHistory is 0.500000 for index 792069, 793/1000.
The last entry of errorHistory is 1.000000 for index 792070, 793/1000.
Terminated at swamp 1.
The last entry of errorHistory is 1.000007 for index 792071, 793/1000.
The last entry of errorHistory is 0.000013 for index 792072, 793/1000.
The last entry of errorHistory is 1.000000 for index 792073, 793/1000.
Terminated at swamp 0.5.
The last entry of errorHistory is 0.500584 for index 792074, 793/1000.
Terminated at swamp 0.5.
The last entry of errorHistory is 0.500364 for index 792075, 793/1000.
Terminated at swamp 0.5.
The last entry of errorHistory is 0.500591 for index 792076, 793/1000.
The last entry of errorHistory is 1.500000 for index 792077, 793/1000.
The last entry of errorHistory is 1.000000 for index 792078, 793/1000.
The last entry of errorHistory is 1.000000 for index 792079, 793/1000.
The last entry of errorHistory is 0.000059 for index 792080, 793/1000.
Terminated at swamp 0.5.
The last entry of errorHistory is 0.500057 for index 792081, 793/1000.
Terminated at swamp 1.
The last entry of errorHistory is 1.000070 for index 792082, 793/1000.
Terminated at swamp 1.
The last entry of errorHistory is 1.000169 for index 792083, 793/1000.
Terminated at swamp 0.5.
The last entry of errorHistory is 0.500283 for index 792084, 793/1000.
The last entry of errorHistory is 1.000000 for index 792085, 793/1000.
Terminated at swamp 1.
The last entry of errorHistory is 1.000225 for index 792086, 793/1000.
Terminated at swamp 0.5.
The last entry of errorHistory is 0.500667 for index 792087, 793/1000.
Terminated at swamp 1.
The last entry of errorHistory is 1.000057 for index 792088, 793/1000.
The last entry of errorHistory is 1.000000 for index 792089, 793/1000.
The last entry of errorHistory is 1.000000 for index 792090, 793/1000.
The last entry of errorHistory is 1.000000 for index 792091, 793/1000.
The last entry of errorHistory is 0.500000 for index 792092, 793/1000.
Terminated at swamp 0.5.
The last entry of errorHistory is 0.500756 for index 792093, 793/1000.
The last entry of errorHistory is 1.000000 for index 792094, 793/1000.
Terminated at swamp 0.5.
The last entry of errorHistory is 0.500345 for index 792095, 793/1000.
Terminated at swamp 1.
The last entry of errorHistory is 1.000418 for index 792096, 793/1000.
The last entry of errorHistory is 1.000000 for index 792097, 793/1000.
Terminated at swamp 0.5.
The last entry of errorHistory is 0.500346 for index 792098, 793/1000.
The last entry of errorHistory is 1.000000 for index 792099, 793/1000.
Terminated at swamp 0.5.
The last entry of errorHistory is 0.500545 for index 792100, 793/1000.
Terminated at swamp 0.5.
The last entry of errorHistory is 0.500482 for index 792101, 793/1000.
Terminated at swamp 0.5.
The last entry of errorHistory is 0.500912 for index 792102, 793/1000.
Terminated at swamp 1.
The last entry of errorHistory is 1.000305 for index 792103, 793/1000.
The last entry of errorHistory is 0.000018 for index 792104, 793/1000.
Terminated at swamp 1.
The last entry of errorHistory is 1.000000 for index 792105, 793/1000.
Terminated at swamp 0.5.
The last entry of errorHistory is 0.500645 for index 792106, 793/1000.
The last entry of errorHistory is 0.500000 for index 792107, 793/1000.
Terminated at swamp 0.5.
The last entry of errorHistory is 0.500504 for index 792108, 793/1000.
Terminated at swamp 0.5.
The last entry of errorHistory is 0.500646 for index 792109, 793/1000.
Terminated at swamp 1.
The last entry of errorHistory is 1.000152 for index 792110, 793/1000.
The last entry of errorHistory is 0.000009 for index 792111, 793/1000.
The last entry of errorHistory is 0.000013 for index 792112, 793/1000.
Terminated at swamp 1.
The last entry of errorHistory is 1.000021 for index 792113, 793/1000.
Terminated at swamp 0.5.
The last entry of errorHistory is 0.500010 for index 792114, 793/1000.
Terminated at swamp 0.5.
The last entry of errorHistory is 0.500141 for index 792115, 793/1000.
Terminated at swamp 0.5.
The last entry of errorHistory is 0.500273 for index 792116, 793/1000.
Terminated at swamp 0.5.
The last entry of errorHistory is 0.500051 for index 792117, 793/1000.
Terminated at swamp 0.5.
The last entry of errorHistory is 0.500665 for index 792118, 793/1000.
The last entry of errorHistory is 0.000019 for index 792119, 793/1000.
Terminated at swamp 1.
The last entry of errorHistory is 1.000457 for index 792120, 793/1000.
Terminated at swamp 1.
The last entry of errorHistory is 1.000118 for index 792121, 793/1000.
Terminated at swamp 0.5.
The last entry of errorHistory is 0.500098 for index 792122, 793/1000.
Terminated at swamp 0.5.
The last entry of errorHistory is 0.500263 for index 792123, 793/1000.
Terminated at swamp 1.
The last entry of errorHistory is 1.000001 for index 792124, 793/1000.
The last entry of errorHistory is 0.001374 for index 792125, 793/1000.
Terminated at swamp 1.
The last entry of errorHistory is 1.000220 for index 792126, 793/1000.
The last entry of errorHistory is 1.000000 for index 792127, 793/1000.
The last entry of errorHistory is 1.000000 for index 792128, 793/1000.
The last entry of errorHistory is 1.000000 for index 792129, 793/1000.
The last entry of errorHistory is 0.000009 for index 792130, 793/1000.
Terminated at swamp 0.5.
The last entry of errorHistory is 0.500258 for index 792131, 793/1000.
The last entry of errorHistory is 0.500000 for index 792132, 793/1000.
The last entry of errorHistory is 0.000008 for index 792133, 793/1000.
The last entry of errorHistory is 1.000000 for index 792134, 793/1000.
Terminated at swamp 0.5.
The last entry of errorHistory is 0.500487 for index 792135, 793/1000.
The last entry of errorHistory is 1.000000 for index 792136, 793/1000.
The last entry of errorHistory is 0.500000 for index 792137, 793/1000.
Terminated at swamp 0.5.
The last entry of errorHistory is 0.500355 for index 792138, 793/1000.
Terminated at swamp 1.
The last entry of errorHistory is 1.000565 for index 792139, 793/1000.
Terminated at swamp 0.5.
The last entry of errorHistory is 0.500687 for index 792140, 793/1000.
Terminated at swamp 1.
The last entry of errorHistory is 1.000286 for index 792141, 793/1000.
Terminated at swamp 0.5.
The last entry of errorHistory is 0.500005 for index 792142, 793/1000.
Terminated at swamp 0.5.
The last entry of errorHistory is 0.500484 for index 792143, 793/1000.
Terminated at swamp 0.5.
The last entry of errorHistory is 0.500490 for index 792144, 793/1000.
The last entry of errorHistory is 1.000000 for index 792145, 793/1000.
Terminated at swamp 0.5.
The last entry of errorHistory is 0.500336 for index 792146, 793/1000.
The last entry of errorHistory is 0.000011 for index 792147, 793/1000.
Terminated at swamp 1.
The last entry of errorHistory is 1.000278 for index 792148, 793/1000.
The last entry of errorHistory is 0.500000 for index 792149, 793/1000.
Terminated at swamp 0.5.
The last entry of errorHistory is 0.500398 for index 792150, 793/1000.
The last entry of errorHistory is 0.000107 for index 792151, 793/1000.
Terminated at swamp 0.5.
The last entry of errorHistory is 0.500084 for index 792152, 793/1000.
Terminated at swamp 0.5.
The last entry of errorHistory is 0.500789 for index 792153, 793/1000.
Terminated at swamp 0.5.
The last entry of errorHistory is 0.500000 for index 792154, 793/1000.
Terminated at swamp 1.
The last entry of errorHistory is 1.000350 for index 792155, 793/1000.
The last entry of errorHistory is 0.500000 for index 792156, 793/1000.
The last entry of errorHistory is 0.503124 for index 792157, 793/1000.
The last entry of errorHistory is 0.500000 for index 792158, 793/1000.
Terminated at swamp 0.5.
The last entry of errorHistory is 0.500582 for index 792159, 793/1000.
The last entry of errorHistory is 1.000000 for index 792160, 793/1000.
Terminated at swamp 0.5.
The last entry of errorHistory is 0.500596 for index 792161, 793/1000.
Terminated at swamp 1.
The last entry of errorHistory is 1.000271 for index 792162, 793/1000.
Terminated at swamp 0.5.
The last entry of errorHistory is 0.500687 for index 792163, 793/1000.
Terminated at swamp 1.
The last entry of errorHistory is 1.000034 for index 792164, 793/1000.
Terminated at swamp 0.5.
The last entry of errorHistory is 0.500419 for index 792165, 793/1000.
The last entry of errorHistory is 1.000000 for index 792166, 793/1000.
Terminated at swamp 1.
The last entry of errorHistory is 1.000020 for index 792167, 793/1000.
Terminated at swamp 0.5.
The last entry of errorHistory is 0.500329 for index 792168, 793/1000.
The last entry of errorHistory is 0.500000 for index 792169, 793/1000.
Terminated at swamp 0.5.
The last entry of errorHistory is 0.500505 for index 792170, 793/1000.
The last entry of errorHistory is 1.000000 for index 792171, 793/1000.
Terminated at swamp 0.5.
The last entry of errorHistory is 0.500706 for index 792172, 793/1000.
Terminated at swamp 0.5.
The last entry of errorHistory is 0.500142 for index 792173, 793/1000.
The last entry of errorHistory is 0.500000 for index 792174, 793/1000.
Terminated at swamp 0.5.
The last entry of errorHistory is 0.500151 for index 792175, 793/1000.
Terminated at swamp 0.5.
The last entry of errorHistory is 0.500001 for index 792176, 793/1000.
Terminated at swamp 0.5.
The last entry of errorHistory is 0.500472 for index 792177, 793/1000.
Terminated at swamp 1.
The last entry of errorHistory is 1.000008 for index 792178, 793/1000.
Terminated at swamp 0.5.
The last entry of errorHistory is 0.500527 for index 792179, 793/1000.
The last entry of errorHistory is 1.000000 for index 792180, 793/1000.
The last entry of errorHistory is 0.500000 for index 792181, 793/1000.
Terminated at swamp 1.
The last entry of errorHistory is 1.000000 for index 792182, 793/1000.
Terminated at swamp 1.
The last entry of errorHistory is 1.000347 for index 792183, 793/1000.
Terminated at swamp 0.5.
The last entry of errorHistory is 0.500863 for index 792184, 793/1000.
Terminated at swamp 0.5.
The last entry of errorHistory is 0.500570 for index 792185, 793/1000.
Terminated at swamp 0.5.
The last entry of errorHistory is 0.500525 for index 792186, 793/1000.
The last entry of errorHistory is 0.500000 for index 792187, 793/1000.
The last entry of errorHistory is 1.000000 for index 792188, 793/1000.
Terminated at swamp 1.
The last entry of errorHistory is 1.000244 for index 792189, 793/1000.
Terminated at swamp 1.
The last entry of errorHistory is 1.000369 for index 792190, 793/1000.
The last entry of errorHistory is 1.000000 for index 792191, 793/1000.
Terminated at swamp 1.
The last entry of errorHistory is 1.000372 for index 792192, 793/1000.
The last entry of errorHistory is 0.000014 for index 792193, 793/1000.
Terminated at swamp 0.5.
The last entry of errorHistory is 0.500523 for index 792194, 793/1000.
Terminated at swamp 0.5.
The last entry of errorHistory is 0.500516 for index 792195, 793/1000.
The last entry of errorHistory is 1.000000 for index 792196, 793/1000.
Terminated at swamp 1.
The last entry of errorHistory is 0.999378 for index 792197, 793/1000.
The last entry of errorHistory is 1.000000 for index 792198, 793/1000.
The last entry of errorHistory is 0.000077 for index 792199, 793/1000.
The last entry of errorHistory is 1.000000 for index 792200, 793/1000.
The last entry of errorHistory is 1.000000 for index 792201, 793/1000.
The last entry of errorHistory is 1.000000 for index 792202, 793/1000.
Terminated at swamp 0.5.
The last entry of errorHistory is 0.500367 for index 792203, 793/1000.
Terminated at swamp 0.5.
The last entry of errorHistory is 0.500583 for index 792204, 793/1000.
The last entry of errorHistory is 1.000000 for index 792205, 793/1000.
The last entry of errorHistory is 0.000009 for index 792206, 793/1000.
Terminated at swamp 0.5.
The last entry of errorHistory is 0.500582 for index 792207, 793/1000.
The last entry of errorHistory is 1.000000 for index 792208, 793/1000.
The last entry of errorHistory is 1.000000 for index 792209, 793/1000.
Terminated at swamp 1.
The last entry of errorHistory is 1.000006 for index 792210, 793/1000.
Terminated at swamp 0.5.
The last entry of errorHistory is 0.500524 for index 792211, 793/1000.
Terminated at swamp 0.5.
The last entry of errorHistory is 0.500284 for index 792212, 793/1000.
Terminated at swamp 0.5.
The last entry of errorHistory is 0.500607 for index 792213, 793/1000.
The last entry of errorHistory is 0.500000 for index 792214, 793/1000.
Terminated at swamp 1.
The last entry of errorHistory is 1.000000 for index 792215, 793/1000.
The last entry of errorHistory is 1.000000 for index 792216, 793/1000.
Terminated at swamp 0.5.
The last entry of errorHistory is 0.500357 for index 792217, 793/1000.
Terminated at swamp 1.5.
The last entry of errorHistory is 1.500000 for index 792218, 793/1000.
Terminated at swamp 0.5.
The last entry of errorHistory is 0.500383 for index 792219, 793/1000.
The last entry of errorHistory is 0.500000 for index 792220, 793/1000.
Terminated at swamp 0.5.
The last entry of errorHistory is 0.500296 for index 792221, 793/1000.
Terminated at swamp 0.5.
The last entry of errorHistory is 0.500402 for index 792222, 793/1000.
Terminated at swamp 0.5.
The last entry of errorHistory is 0.500494 for index 792223, 793/1000.
The last entry of errorHistory is 0.000040 for index 792224, 793/1000.
Terminated at swamp 0.5.
The last entry of errorHistory is 0.500520 for index 792225, 793/1000.
Terminated at swamp 0.5.
The last entry of errorHistory is 0.500039 for index 792226, 793/1000.
The last entry of errorHistory is 1.000000 for index 792227, 793/1000.
Terminated at swamp 0.5.
The last entry of errorHistory is 0.500318 for index 792228, 793/1000.
Terminated at swamp 0.5.
The last entry of errorHistory is 0.500559 for index 792229, 793/1000.
Terminated at swamp 0.5.
The last entry of errorHistory is 0.500423 for index 792230, 793/1000.
Terminated at swamp 0.5.
The last entry of errorHistory is 0.500593 for index 792231, 793/1000.
Terminated at swamp 0.5.
The last entry of errorHistory is 0.500159 for index 792232, 793/1000.
Terminated at swamp 1.
The last entry of errorHistory is 1.000189 for index 792233, 793/1000.
Terminated at swamp 0.5.
The last entry of errorHistory is 0.500632 for index 792234, 793/1000.
Terminated at swamp 0.5.
The last entry of errorHistory is 0.500001 for index 792235, 793/1000.
Terminated at swamp 1.5.
The last entry of errorHistory is 1.500501 for index 792236, 793/1000.
Terminated at swamp 0.5.
The last entry of errorHistory is 0.500556 for index 792237, 793/1000.
Terminated at swamp 0.5.
The last entry of errorHistory is 0.500323 for index 792238, 793/1000.
Terminated at swamp 0.5.
The last entry of errorHistory is 0.500372 for index 792239, 793/1000.
Terminated at swamp 0.5.
The last entry of errorHistory is 0.500018 for index 792240, 793/1000.
Terminated at swamp 1.
The last entry of errorHistory is 1.000035 for index 792241, 793/1000.
Terminated at swamp 1.
The last entry of errorHistory is 1.000031 for index 792242, 793/1000.
The last entry of errorHistory is 0.500000 for index 792243, 793/1000.
Terminated at swamp 1.
The last entry of errorHistory is 1.000166 for index 792244, 793/1000.
Terminated at swamp 1.
The last entry of errorHistory is 1.000134 for index 792245, 793/1000.
Terminated at swamp 1.
The last entry of errorHistory is 1.000117 for index 792246, 793/1000.
Terminated at swamp 0.5.
The last entry of errorHistory is 0.500593 for index 792247, 793/1000.
Terminated at swamp 0.5.
The last entry of errorHistory is 0.500422 for index 792248, 793/1000.
The last entry of errorHistory is 1.000000 for index 792249, 793/1000.
Terminated at swamp 0.5.
The last entry of errorHistory is 0.500354 for index 792250, 793/1000.
The last entry of errorHistory is 1.000000 for index 792251, 793/1000.
The last entry of errorHistory is 0.000031 for index 792252, 793/1000.
Terminated at swamp 0.5.
The last entry of errorHistory is 0.500577 for index 792253, 793/1000.
Terminated at swamp 0.5.
The last entry of errorHistory is 0.500572 for index 792254, 793/1000.
The last entry of errorHistory is 1.000000 for index 792255, 793/1000.
Terminated at swamp 0.5.
The last entry of errorHistory is 0.500276 for index 792256, 793/1000.
The last entry of errorHistory is 1.000000 for index 792257, 793/1000.
The last entry of errorHistory is 1.000000 for index 792258, 793/1000.
Terminated at swamp 1.
The last entry of errorHistory is 1.000000 for index 792259, 793/1000.
Terminated at swamp 0.5.
The last entry of errorHistory is 0.500641 for index 792260, 793/1000.
Terminated at swamp 0.5.
The last entry of errorHistory is 0.500639 for index 792261, 793/1000.
Terminated at swamp 1.
The last entry of errorHistory is 1.000000 for index 792262, 793/1000.
Terminated at swamp 1.
The last entry of errorHistory is 1.000000 for index 792263, 793/1000.
Terminated at swamp 0.5.
The last entry of errorHistory is 0.500144 for index 792264, 793/1000.
Terminated at swamp 0.5.
The last entry of errorHistory is 0.500159 for index 792265, 793/1000.
Terminated at swamp 0.5.
The last entry of errorHistory is 0.500387 for index 792266, 793/1000.
Terminated at swamp 0.5.
The last entry of errorHistory is 0.500565 for index 792267, 793/1000.
Terminated at swamp 0.5.
The last entry of errorHistory is 0.500321 for index 792268, 793/1000.
The last entry of errorHistory is 1.500000 for index 792269, 793/1000.
Terminated at swamp 0.5.
The last entry of errorHistory is 0.500712 for index 792270, 793/1000.
The last entry of errorHistory is 0.000024 for index 792271, 793/1000.
Terminated at swamp 0.5.
The last entry of errorHistory is 0.500473 for index 792272, 793/1000.
Terminated at swamp 0.5.
The last entry of errorHistory is 0.500564 for index 792273, 793/1000.
The last entry of errorHistory is 0.000050 for index 792274, 793/1000.
Terminated at swamp 0.5.
The last entry of errorHistory is 0.500357 for index 792275, 793/1000.
Terminated at swamp 0.5.
The last entry of errorHistory is 0.500329 for index 792276, 793/1000.
Terminated at swamp 0.5.
The last entry of errorHistory is 0.500519 for index 792277, 793/1000.
Terminated at swamp 0.5.
The last entry of errorHistory is 0.500607 for index 792278, 793/1000.
Terminated at swamp 0.5.
The last entry of errorHistory is 0.500451 for index 792279, 793/1000.
Terminated at swamp 0.5.
The last entry of errorHistory is 0.500260 for index 792280, 793/1000.
Terminated at swamp 0.5.
The last entry of errorHistory is 0.500023 for index 792281, 793/1000.
Terminated at swamp 1.
The last entry of errorHistory is 1.000058 for index 792282, 793/1000.
The last entry of errorHistory is 1.000000 for index 792283, 793/1000.
Terminated at swamp 1.
The last entry of errorHistory is 1.000126 for index 792284, 793/1000.
Terminated at swamp 0.5.
The last entry of errorHistory is 0.500199 for index 792285, 793/1000.
Terminated at swamp 0.5.
The last entry of errorHistory is 0.500121 for index 792286, 793/1000.
The last entry of errorHistory is 0.500000 for index 792287, 793/1000.
The last entry of errorHistory is 1.000000 for index 792288, 793/1000.
The last entry of errorHistory is 0.500000 for index 792289, 793/1000.
Terminated at swamp 1.
The last entry of errorHistory is 1.000000 for index 792290, 793/1000.
Terminated at swamp 0.5.
The last entry of errorHistory is 0.500812 for index 792291, 793/1000.
Terminated at swamp 1.
The last entry of errorHistory is 1.000000 for index 792292, 793/1000.
The last entry of errorHistory is 0.000026 for index 792293, 793/1000.
Terminated at swamp 0.5.
The last entry of errorHistory is 0.500541 for index 792294, 793/1000.
The last entry of errorHistory is 1.500000 for index 792295, 793/1000.
The last entry of errorHistory is 1.000000 for index 792296, 793/1000.
The last entry of errorHistory is 0.000048 for index 792297, 793/1000.
Terminated at swamp 0.5.
The last entry of errorHistory is 0.500504 for index 792298, 793/1000.
The last entry of errorHistory is 1.000000 for index 792299, 793/1000.
Terminated at swamp 0.5.
The last entry of errorHistory is 0.500000 for index 792300, 793/1000.
The last entry of errorHistory is 1.000000 for index 792301, 793/1000.
The last entry of errorHistory is 0.000013 for index 792302, 793/1000.
Terminated at swamp 1.
The last entry of errorHistory is 1.000451 for index 792303, 793/1000.
The last entry of errorHistory is 0.000029 for index 792304, 793/1000.
The last entry of errorHistory is 1.500000 for index 792305, 793/1000.
The last entry of errorHistory is 1.500000 for index 792306, 793/1000.
The last entry of errorHistory is 1.000000 for index 792307, 793/1000.
The last entry of errorHistory is 0.500000 for index 792308, 793/1000.
The last entry of errorHistory is 0.000019 for index 792309, 793/1000.
Terminated at swamp 0.5.
The last entry of errorHistory is 0.500189 for index 792310, 793/1000.
The last entry of errorHistory is 0.000044 for index 792311, 793/1000.
The last entry of errorHistory is 0.500000 for index 792312, 793/1000.
Terminated at swamp 0.5.
The last entry of errorHistory is 0.500409 for index 792313, 793/1000.
The last entry of errorHistory is 1.500000 for index 792314, 793/1000.
Terminated at swamp 0.5.
The last entry of errorHistory is 0.500375 for index 792315, 793/1000.
Terminated at swamp 0.5.
The last entry of errorHistory is 0.500533 for index 792316, 793/1000.
Terminated at swamp 0.5.
The last entry of errorHistory is 0.500478 for index 792317, 793/1000.
Terminated at swamp 0.5.
The last entry of errorHistory is 0.500937 for index 792318, 793/1000.
The last entry of errorHistory is 1.000000 for index 792319, 793/1000.
Terminated at swamp 1.
The last entry of errorHistory is 1.000278 for index 792320, 793/1000.
The last entry of errorHistory is 0.000055 for index 792321, 793/1000.
Terminated at swamp 0.5.
The last entry of errorHistory is 0.500416 for index 792322, 793/1000.
Terminated at swamp 1.
The last entry of errorHistory is 1.000000 for index 792323, 793/1000.
Terminated at swamp 1.
The last entry of errorHistory is 1.000001 for index 792324, 793/1000.
Terminated at swamp 0.5.
The last entry of errorHistory is 0.500000 for index 792325, 793/1000.
Terminated at swamp 0.5.
The last entry of errorHistory is 0.500486 for index 792326, 793/1000.
Terminated at swamp 0.5.
The last entry of errorHistory is 0.500107 for index 792327, 793/1000.
Terminated at swamp 0.5.
The last entry of errorHistory is 0.500026 for index 792328, 793/1000.
The last entry of errorHistory is 0.000363 for index 792329, 793/1000.
Terminated at swamp 0.5.
The last entry of errorHistory is 0.500185 for index 792330, 793/1000.
Terminated at swamp 1.
The last entry of errorHistory is 1.000075 for index 792331, 793/1000.
Terminated at swamp 0.5.
The last entry of errorHistory is 0.500579 for index 792332, 793/1000.
Terminated at swamp 1.
The last entry of errorHistory is 1.000483 for index 792333, 793/1000.
The last entry of errorHistory is 0.000036 for index 792334, 793/1000.
Terminated at swamp 0.5.
The last entry of errorHistory is 0.500689 for index 792335, 793/1000.
The last entry of errorHistory is 1.000000 for index 792336, 793/1000.
Terminated at swamp 1.
The last entry of errorHistory is 1.000904 for index 792337, 793/1000.
The last entry of errorHistory is 1.000000 for index 792338, 793/1000.
Terminated at swamp 0.5.
The last entry of errorHistory is 0.500467 for index 792339, 793/1000.
Terminated at swamp 0.5.
The last entry of errorHistory is 0.500404 for index 792340, 793/1000.
The last entry of errorHistory is 0.000058 for index 792341, 793/1000.
The last entry of errorHistory is 1.000000 for index 792342, 793/1000.
The last entry of errorHistory is 0.500000 for index 792343, 793/1000.
The last entry of errorHistory is 1.000000 for index 792344, 793/1000.
The last entry of errorHistory is 1.000000 for index 792345, 793/1000.
The last entry of errorHistory is 0.500000 for index 792346, 793/1000.
The last entry of errorHistory is 0.500000 for index 792347, 793/1000.
Terminated at swamp 0.5.
The last entry of errorHistory is 0.500675 for index 792348, 793/1000.
Terminated at swamp 1.
The last entry of errorHistory is 1.000011 for index 792349, 793/1000.
Terminated at swamp 0.5.
The last entry of errorHistory is 0.500398 for index 792350, 793/1000.
Terminated at swamp 0.5.
The last entry of errorHistory is 0.500370 for index 792351, 793/1000.
Terminated at swamp 0.5.
The last entry of errorHistory is 0.500000 for index 792352, 793/1000.
The last entry of errorHistory is 0.000014 for index 792353, 793/1000.
Terminated at swamp 0.5.
The last entry of errorHistory is 0.500352 for index 792354, 793/1000.
Terminated at swamp 0.5.
The last entry of errorHistory is 0.500514 for index 792355, 793/1000.
Terminated at swamp 1.
The last entry of errorHistory is 1.000000 for index 792356, 793/1000.
Terminated at swamp 0.5.
The last entry of errorHistory is 0.500599 for index 792357, 793/1000.
Terminated at swamp 0.5.
The last entry of errorHistory is 0.500616 for index 792358, 793/1000.
The last entry of errorHistory is 0.000865 for index 792359, 793/1000.
Terminated at swamp 0.5.
The last entry of errorHistory is 0.500321 for index 792360, 793/1000.
Terminated at swamp 1.
The last entry of errorHistory is 1.000010 for index 792361, 793/1000.
Terminated at swamp 0.5.
The last entry of errorHistory is 0.500003 for index 792362, 793/1000.
Terminated at swamp 0.5.
The last entry of errorHistory is 0.500459 for index 792363, 793/1000.
Terminated at swamp 0.5.
The last entry of errorHistory is 0.500783 for index 792364, 793/1000.
Terminated at swamp 0.5.
The last entry of errorHistory is 0.500548 for index 792365, 793/1000.
Terminated at swamp 0.5.
The last entry of errorHistory is 0.500140 for index 792366, 793/1000.
The last entry of errorHistory is 1.000000 for index 792367, 793/1000.
The last entry of errorHistory is 1.000000 for index 792368, 793/1000.
Terminated at swamp 0.5.
The last entry of errorHistory is 0.500476 for index 792369, 793/1000.
Terminated at swamp 0.5.
The last entry of errorHistory is 0.500606 for index 792370, 793/1000.
Terminated at swamp 1.
The last entry of errorHistory is 1.000299 for index 792371, 793/1000.
Terminated at swamp 1.
The last entry of errorHistory is 1.000279 for index 792372, 793/1000.
Terminated at swamp 0.5.
The last entry of errorHistory is 0.500521 for index 792373, 793/1000.
Terminated at swamp 1.
The last entry of errorHistory is 1.000001 for index 792374, 793/1000.
Terminated at swamp 1.
The last entry of errorHistory is 1.000327 for index 792375, 793/1000.
Terminated at swamp 0.5.
The last entry of errorHistory is 0.500596 for index 792376, 793/1000.
Terminated at swamp 1.
The last entry of errorHistory is 1.000457 for index 792377, 793/1000.
Terminated at swamp 0.5.
The last entry of errorHistory is 0.500416 for index 792378, 793/1000.
The last entry of errorHistory is 1.500000 for index 792379, 793/1000.
The last entry of errorHistory is 0.000056 for index 792380, 793/1000.
Terminated at swamp 0.5.
The last entry of errorHistory is 0.500061 for index 792381, 793/1000.
The last entry of errorHistory is 1.000000 for index 792382, 793/1000.
Terminated at swamp 0.5.
The last entry of errorHistory is 0.500474 for index 792383, 793/1000.
The last entry of errorHistory is 0.000017 for index 792384, 793/1000.
Terminated at swamp 0.5.
The last entry of errorHistory is 0.500212 for index 792385, 793/1000.
The last entry of errorHistory is 1.000000 for index 792386, 793/1000.
Terminated at swamp 1.
The last entry of errorHistory is 1.000044 for index 792387, 793/1000.
Terminated at swamp 0.5.
The last entry of errorHistory is 0.500145 for index 792388, 793/1000.
The last entry of errorHistory is 0.000095 for index 792389, 793/1000.
The last entry of errorHistory is 0.000043 for index 792390, 793/1000.
Terminated at swamp 1.
The last entry of errorHistory is 1.000031 for index 792391, 793/1000.
The last entry of errorHistory is 1.000000 for index 792392, 793/1000.
Terminated at swamp 0.5.
The last entry of errorHistory is 0.500435 for index 792393, 793/1000.
Terminated at swamp 0.5.
The last entry of errorHistory is 0.500458 for index 792394, 793/1000.
Terminated at swamp 1.
The last entry of errorHistory is 1.000323 for index 792395, 793/1000.
The last entry of errorHistory is 0.001190 for index 792396, 793/1000.
Terminated at swamp 0.5.
The last entry of errorHistory is 0.500286 for index 792397, 793/1000.
Terminated at swamp 1.
The last entry of errorHistory is 1.000308 for index 792398, 793/1000.
Terminated at swamp 0.5.
The last entry of errorHistory is 0.500001 for index 792399, 793/1000.
The last entry of errorHistory is 0.004088 for index 792400, 793/1000.
Terminated at swamp 0.5.
The last entry of errorHistory is 0.500562 for index 792401, 793/1000.
The last entry of errorHistory is 1.000000 for index 792402, 793/1000.
Terminated at swamp 1.
The last entry of errorHistory is 1.000077 for index 792403, 793/1000.
The last entry of errorHistory is 1.000000 for index 792404, 793/1000.
Terminated at swamp 0.5.
The last entry of errorHistory is 0.500238 for index 792405, 793/1000.
Terminated at swamp 0.5.
The last entry of errorHistory is 0.500385 for index 792406, 793/1000.
The last entry of errorHistory is 0.500000 for index 792407, 793/1000.
Terminated at swamp 0.5.
The last entry of errorHistory is 0.500589 for index 792408, 793/1000.
Terminated at swamp 0.5.
The last entry of errorHistory is 0.500316 for index 792409, 793/1000.
Terminated at swamp 0.5.
The last entry of errorHistory is 0.500159 for index 792410, 793/1000.
The last entry of errorHistory is 0.000016 for index 792411, 793/1000.
The last entry of errorHistory is 1.500000 for index 792412, 793/1000.
The last entry of errorHistory is 0.500000 for index 792413, 793/1000.
The last entry of errorHistory is 0.000045 for index 792414, 793/1000.
The last entry of errorHistory is 0.506472 for index 792415, 793/1000.
Terminated at swamp 0.5.
The last entry of errorHistory is 0.500538 for index 792416, 793/1000.
The last entry of errorHistory is 0.000063 for index 792417, 793/1000.
Terminated at swamp 0.5.
The last entry of errorHistory is 0.500567 for index 792418, 793/1000.
Terminated at swamp 0.5.
The last entry of errorHistory is 0.500949 for index 792419, 793/1000.
Terminated at swamp 0.5.
The last entry of errorHistory is 0.500343 for index 792420, 793/1000.
Terminated at swamp 0.5.
The last entry of errorHistory is 0.500331 for index 792421, 793/1000.
The last entry of errorHistory is 0.000023 for index 792422, 793/1000.
Terminated at swamp 0.5.
The last entry of errorHistory is 0.500072 for index 792423, 793/1000.
Terminated at swamp 0.5.
The last entry of errorHistory is 0.500511 for index 792424, 793/1000.
The last entry of errorHistory is 1.000000 for index 792425, 793/1000.
Terminated at swamp 0.5.
The last entry of errorHistory is 0.500045 for index 792426, 793/1000.
Terminated at swamp 0.5.
The last entry of errorHistory is 0.500588 for index 792427, 793/1000.
Terminated at swamp 0.5.
The last entry of errorHistory is 0.500617 for index 792428, 793/1000.
Terminated at swamp 1.
The last entry of errorHistory is 1.000049 for index 792429, 793/1000.
The last entry of errorHistory is 1.000000 for index 792430, 793/1000.
Terminated at swamp 1.
The last entry of errorHistory is 1.000028 for index 792431, 793/1000.
The last entry of errorHistory is 1.500000 for index 792432, 793/1000.
The last entry of errorHistory is 1.500000 for index 792433, 793/1000.
Terminated at swamp 0.5.
The last entry of errorHistory is 0.500340 for index 792434, 793/1000.
Terminated at swamp 0.5.
The last entry of errorHistory is 0.500555 for index 792435, 793/1000.
Terminated at swamp 0.5.
The last entry of errorHistory is 0.500466 for index 792436, 793/1000.
Terminated at swamp 1.5.
The last entry of errorHistory is 1.500000 for index 792437, 793/1000.
The last entry of errorHistory is 1.000000 for index 792438, 793/1000.
The last entry of errorHistory is 0.500000 for index 792439, 793/1000.
Terminated at swamp 0.5.
The last entry of errorHistory is 0.500442 for index 792440, 793/1000.
Terminated at swamp 1.
The last entry of errorHistory is 1.000407 for index 792441, 793/1000.
Terminated at swamp 0.5.
The last entry of errorHistory is 0.500507 for index 792442, 793/1000.
Terminated at swamp 1.
The last entry of errorHistory is 1.000000 for index 792443, 793/1000.
Terminated at swamp 0.5.
The last entry of errorHistory is 0.500575 for index 792444, 793/1000.
Terminated at swamp 0.5.
The last entry of errorHistory is 0.500122 for index 792445, 793/1000.
Terminated at swamp 1.
The last entry of errorHistory is 1.000187 for index 792446, 793/1000.
Terminated at swamp 0.5.
The last entry of errorHistory is 0.500919 for index 792447, 793/1000.
The last entry of errorHistory is 1.000000 for index 792448, 793/1000.
Terminated at swamp 0.5.
The last entry of errorHistory is 0.500336 for index 792449, 793/1000.
Terminated at swamp 0.5.
The last entry of errorHistory is 0.500361 for index 792450, 793/1000.
Terminated at swamp 1.
The last entry of errorHistory is 1.000003 for index 792451, 793/1000.
Terminated at swamp 0.5.
The last entry of errorHistory is 0.500488 for index 792452, 793/1000.
Terminated at swamp 0.5.
The last entry of errorHistory is 0.500425 for index 792453, 793/1000.
Terminated at swamp 1.
The last entry of errorHistory is 1.000000 for index 792454, 793/1000.
The last entry of errorHistory is 1.000000 for index 792455, 793/1000.
Terminated at swamp 0.5.
The last entry of errorHistory is 0.500537 for index 792456, 793/1000.
The last entry of errorHistory is 1.000000 for index 792457, 793/1000.
The last entry of errorHistory is 0.000028 for index 792458, 793/1000.
Terminated at swamp 0.5.
The last entry of errorHistory is 0.500043 for index 792459, 793/1000.
The last entry of errorHistory is 0.500000 for index 792460, 793/1000.
Terminated at swamp 0.5.
The last entry of errorHistory is 0.500236 for index 792461, 793/1000.
The last entry of errorHistory is 0.500000 for index 792462, 793/1000.
The last entry of errorHistory is 1.500000 for index 792463, 793/1000.
Terminated at swamp 0.5.
The last entry of errorHistory is 0.500242 for index 792464, 793/1000.
Terminated at swamp 1.
The last entry of errorHistory is 1.000001 for index 792465, 793/1000.
Terminated at swamp 0.5.
The last entry of errorHistory is 0.500527 for index 792466, 793/1000.
Terminated at swamp 0.5.
The last entry of errorHistory is 0.500415 for index 792467, 793/1000.
Terminated at swamp 0.5.
The last entry of errorHistory is 0.500038 for index 792468, 793/1000.
Terminated at swamp 0.5.
The last entry of errorHistory is 0.500555 for index 792469, 793/1000.
Terminated at swamp 0.5.
The last entry of errorHistory is 0.500365 for index 792470, 793/1000.
The last entry of errorHistory is 1.000000 for index 792471, 793/1000.
Terminated at swamp 0.5.
The last entry of errorHistory is 0.500522 for index 792472, 793/1000.
The last entry of errorHistory is 0.500000 for index 792473, 793/1000.
Terminated at swamp 0.5.
The last entry of errorHistory is 0.500445 for index 792474, 793/1000.
The last entry of errorHistory is 1.000000 for index 792475, 793/1000.
Terminated at swamp 1.
The last entry of errorHistory is 1.000338 for index 792476, 793/1000.
The last entry of errorHistory is 0.500000 for index 792477, 793/1000.
Terminated at swamp 0.5.
The last entry of errorHistory is 0.500483 for index 792478, 793/1000.
The last entry of errorHistory is 1.000000 for index 792479, 793/1000.
Terminated at swamp 1.
The last entry of errorHistory is 1.000000 for index 792480, 793/1000.
The last entry of errorHistory is 0.000022 for index 792481, 793/1000.
Terminated at swamp 1.
The last entry of errorHistory is 1.000263 for index 792482, 793/1000.
The last entry of errorHistory is 1.000000 for index 792483, 793/1000.
Terminated at swamp 1.
The last entry of errorHistory is 1.000324 for index 792484, 793/1000.
The last entry of errorHistory is 0.500000 for index 792485, 793/1000.
The last entry of errorHistory is 1.000000 for index 792486, 793/1000.
Terminated at swamp 0.5.
The last entry of errorHistory is 0.500391 for index 792487, 793/1000.
Terminated at swamp 0.5.
The last entry of errorHistory is 0.500613 for index 792488, 793/1000.
Terminated at swamp 0.5.
The last entry of errorHistory is 0.500232 for index 792489, 793/1000.
Terminated at swamp 0.5.
The last entry of errorHistory is 0.500305 for index 792490, 793/1000.
Terminated at swamp 1.
The last entry of errorHistory is 1.000315 for index 792491, 793/1000.
Terminated at swamp 1.
The last entry of errorHistory is 0.999991 for index 792492, 793/1000.
Terminated at swamp 0.5.
The last entry of errorHistory is 0.500493 for index 792493, 793/1000.
Terminated at swamp 0.5.
The last entry of errorHistory is 0.500540 for index 792494, 793/1000.
Terminated at swamp 0.5.
The last entry of errorHistory is 0.500521 for index 792495, 793/1000.
Terminated at swamp 0.5.
The last entry of errorHistory is 0.500583 for index 792496, 793/1000.
Terminated at swamp 1.
The last entry of errorHistory is 1.000146 for index 792497, 793/1000.
The last entry of errorHistory is 1.000000 for index 792498, 793/1000.
Terminated at swamp 0.5.
The last entry of errorHistory is 0.500352 for index 792499, 793/1000.
Terminated at swamp 0.5.
The last entry of errorHistory is 0.500261 for index 792500, 793/1000.
The last entry of errorHistory is 0.500000 for index 792501, 793/1000.
Terminated at swamp 0.5.
The last entry of errorHistory is 0.500050 for index 792502, 793/1000.
Terminated at swamp 0.5.
The last entry of errorHistory is 0.500583 for index 792503, 793/1000.
Terminated at swamp 0.5.
The last entry of errorHistory is 0.500451 for index 792504, 793/1000.
Terminated at swamp 1.
The last entry of errorHistory is 1.000002 for index 792505, 793/1000.
Terminated at swamp 0.5.
The last entry of errorHistory is 0.500482 for index 792506, 793/1000.
Terminated at swamp 0.5.
The last entry of errorHistory is 0.500569 for index 792507, 793/1000.
Terminated at swamp 0.5.
The last entry of errorHistory is 0.500558 for index 792508, 793/1000.
The last entry of errorHistory is 1.000000 for index 792509, 793/1000.
Terminated at swamp 1.
The last entry of errorHistory is 1.000000 for index 792510, 793/1000.
Terminated at swamp 0.5.
The last entry of errorHistory is 0.500431 for index 792511, 793/1000.
The last entry of errorHistory is 1.000000 for index 792512, 793/1000.
Terminated at swamp 0.5.
The last entry of errorHistory is 0.500522 for index 792513, 793/1000.
Terminated at swamp 1.
The last entry of errorHistory is 1.000000 for index 792514, 793/1000.
The last entry of errorHistory is 1.000000 for index 792515, 793/1000.
The last entry of errorHistory is 0.500000 for index 792516, 793/1000.
Terminated at swamp 0.5.
The last entry of errorHistory is 0.500368 for index 792517, 793/1000.
The last entry of errorHistory is 0.500000 for index 792518, 793/1000.
Terminated at swamp 0.5.
The last entry of errorHistory is 0.500483 for index 792519, 793/1000.
The last entry of errorHistory is 1.000000 for index 792520, 793/1000.
Terminated at swamp 0.5.
The last entry of errorHistory is 0.500529 for index 792521, 793/1000.
Terminated at swamp 0.5.
The last entry of errorHistory is 0.500163 for index 792522, 793/1000.
Terminated at swamp 0.5.
The last entry of errorHistory is 0.500039 for index 792523, 793/1000.
Terminated at swamp 1.
The last entry of errorHistory is 1.000006 for index 792524, 793/1000.
The last entry of errorHistory is 0.000830 for index 792525, 793/1000.
The last entry of errorHistory is 1.500000 for index 792526, 793/1000.
The last entry of errorHistory is 1.000000 for index 792527, 793/1000.
Terminated at swamp 0.5.
The last entry of errorHistory is 0.500564 for index 792528, 793/1000.
The last entry of errorHistory is 1.000000 for index 792529, 793/1000.
The last entry of errorHistory is 1.000000 for index 792530, 793/1000.
Terminated at swamp 0.5.
The last entry of errorHistory is 0.500394 for index 792531, 793/1000.
Terminated at swamp 1.
The last entry of errorHistory is 1.000381 for index 792532, 793/1000.
Terminated at swamp 0.5.
The last entry of errorHistory is 0.500493 for index 792533, 793/1000.
Terminated at swamp 0.5.
The last entry of errorHistory is 0.500158 for index 792534, 793/1000.
Terminated at swamp 0.5.
The last entry of errorHistory is 0.500502 for index 792535, 793/1000.
The last entry of errorHistory is 1.500000 for index 792536, 793/1000.
Terminated at swamp 0.5.
The last entry of errorHistory is 0.500595 for index 792537, 793/1000.
Terminated at swamp 0.5.
The last entry of errorHistory is 0.500174 for index 792538, 793/1000.
The last entry of errorHistory is 0.000250 for index 792539, 793/1000.
Terminated at swamp 0.5.
The last entry of errorHistory is 0.500940 for index 792540, 793/1000.
Terminated at swamp 1.
The last entry of errorHistory is 1.000000 for index 792541, 793/1000.
Terminated at swamp 0.5.
The last entry of errorHistory is 0.500421 for index 792542, 793/1000.
The last entry of errorHistory is 0.000019 for index 792543, 793/1000.
Terminated at swamp 0.5.
The last entry of errorHistory is 0.500673 for index 792544, 793/1000.
The last entry of errorHistory is 1.000000 for index 792545, 793/1000.
Terminated at swamp 0.5.
The last entry of errorHistory is 0.500485 for index 792546, 793/1000.
Terminated at swamp 0.5.
The last entry of errorHistory is 0.500561 for index 792547, 793/1000.
The last entry of errorHistory is 0.500000 for index 792548, 793/1000.
Terminated at swamp 0.5.
The last entry of errorHistory is 0.500647 for index 792549, 793/1000.
Terminated at swamp 0.5.
The last entry of errorHistory is 0.500446 for index 792550, 793/1000.
Terminated at swamp 0.5.
The last entry of errorHistory is 0.500620 for index 792551, 793/1000.
Terminated at swamp 1.
The last entry of errorHistory is 1.000000 for index 792552, 793/1000.
The last entry of errorHistory is 1.500000 for index 792553, 793/1000.
Terminated at swamp 0.5.
The last entry of errorHistory is 0.500492 for index 792554, 793/1000.
Terminated at swamp 0.5.
The last entry of errorHistory is 0.500030 for index 792555, 793/1000.
Terminated at swamp 0.5.
The last entry of errorHistory is 0.500358 for index 792556, 793/1000.
Terminated at swamp 0.5.
The last entry of errorHistory is 0.500455 for index 792557, 793/1000.
Terminated at swamp 0.5.
The last entry of errorHistory is 0.500010 for index 792558, 793/1000.
Terminated at swamp 0.5.
The last entry of errorHistory is 0.500663 for index 792559, 793/1000.
The last entry of errorHistory is 0.000027 for index 792560, 793/1000.
Terminated at swamp 0.5.
The last entry of errorHistory is 0.500635 for index 792561, 793/1000.
Terminated at swamp 0.5.
The last entry of errorHistory is 0.500454 for index 792562, 793/1000.
The last entry of errorHistory is 0.000017 for index 792563, 793/1000.
The last entry of errorHistory is 0.000054 for index 792564, 793/1000.
Terminated at swamp 1.
The last entry of errorHistory is 1.000746 for index 792565, 793/1000.
The last entry of errorHistory is 0.000499 for index 792566, 793/1000.
Terminated at swamp 0.5.
The last entry of errorHistory is 0.500566 for index 792567, 793/1000.
Terminated at swamp 0.5.
The last entry of errorHistory is 0.500001 for index 792568, 793/1000.
The last entry of errorHistory is 0.000184 for index 792569, 793/1000.
Terminated at swamp 0.5.
The last entry of errorHistory is 0.500475 for index 792570, 793/1000.
Terminated at swamp 0.5.
The last entry of errorHistory is 0.500133 for index 792571, 793/1000.
Terminated at swamp 0.5.
The last entry of errorHistory is 0.500494 for index 792572, 793/1000.
Terminated at swamp 0.5.
The last entry of errorHistory is 0.500644 for index 792573, 793/1000.
The last entry of errorHistory is 0.000249 for index 792574, 793/1000.
The last entry of errorHistory is 0.000013 for index 792575, 793/1000.
Terminated at swamp 1.
The last entry of errorHistory is 1.000010 for index 792576, 793/1000.
Terminated at swamp 0.5.
The last entry of errorHistory is 0.500496 for index 792577, 793/1000.
The last entry of errorHistory is 1.000000 for index 792578, 793/1000.
Terminated at swamp 0.5.
The last entry of errorHistory is 0.500064 for index 792579, 793/1000.
Terminated at swamp 0.5.
The last entry of errorHistory is 0.500637 for index 792580, 793/1000.
Terminated at swamp 0.5.
The last entry of errorHistory is 0.500553 for index 792581, 793/1000.
Terminated at swamp 1.
The last entry of errorHistory is 1.000302 for index 792582, 793/1000.
The last entry of errorHistory is 0.000014 for index 792583, 793/1000.
The last entry of errorHistory is 0.000068 for index 792584, 793/1000.
The last entry of errorHistory is 1.000000 for index 792585, 793/1000.
Terminated at swamp 1.
The last entry of errorHistory is 1.000000 for index 792586, 793/1000.
Terminated at swamp 1.
The last entry of errorHistory is 1.000071 for index 792587, 793/1000.
Terminated at swamp 0.5.
The last entry of errorHistory is 0.500306 for index 792588, 793/1000.
Terminated at swamp 0.5.
The last entry of errorHistory is 0.500314 for index 792589, 793/1000.
The last entry of errorHistory is 1.000000 for index 792590, 793/1000.
The last entry of errorHistory is 0.000121 for index 792591, 793/1000.
The last entry of errorHistory is 1.000000 for index 792592, 793/1000.
Terminated at swamp 1.
The last entry of errorHistory is 1.000192 for index 792593, 793/1000.
Terminated at swamp 1.
The last entry of errorHistory is 1.000935 for index 792594, 793/1000.
Terminated at swamp 0.5.
The last entry of errorHistory is 0.500421 for index 792595, 793/1000.
The last entry of errorHistory is 1.000000 for index 792596, 793/1000.
Terminated at swamp 0.5.
The last entry of errorHistory is 0.500332 for index 792597, 793/1000.
Terminated at swamp 0.5.
The last entry of errorHistory is 0.500245 for index 792598, 793/1000.
Terminated at swamp 0.5.
The last entry of errorHistory is 0.500308 for index 792599, 793/1000.
Terminated at swamp 0.5.
The last entry of errorHistory is 0.500640 for index 792600, 793/1000.
The last entry of errorHistory is 0.500000 for index 792601, 793/1000.
The last entry of errorHistory is 1.000000 for index 792602, 793/1000.
Terminated at swamp 1.
The last entry of errorHistory is 1.000019 for index 792603, 793/1000.
Terminated at swamp 0.5.
The last entry of errorHistory is 0.500000 for index 792604, 793/1000.
Terminated at swamp 0.5.
The last entry of errorHistory is 0.500609 for index 792605, 793/1000.
The last entry of errorHistory is 1.000000 for index 792606, 793/1000.
Terminated at swamp 0.5.
The last entry of errorHistory is 0.500761 for index 792607, 793/1000.
Terminated at swamp 0.5.
The last entry of errorHistory is 0.500344 for index 792608, 793/1000.
Terminated at swamp 0.5.
The last entry of errorHistory is 0.500387 for index 792609, 793/1000.
Terminated at swamp 1.
The last entry of errorHistory is 1.000343 for index 792610, 793/1000.
The last entry of errorHistory is 0.000018 for index 792611, 793/1000.
Terminated at swamp 0.5.
The last entry of errorHistory is 0.500377 for index 792612, 793/1000.
Terminated at swamp 0.5.
The last entry of errorHistory is 0.500478 for index 792613, 793/1000.
Terminated at swamp 0.5.
The last entry of errorHistory is 0.500345 for index 792614, 793/1000.
The last entry of errorHistory is 0.500000 for index 792615, 793/1000.
Terminated at swamp 0.5.
The last entry of errorHistory is 0.500906 for index 792616, 793/1000.
Terminated at swamp 0.5.
The last entry of errorHistory is 0.500000 for index 792617, 793/1000.
Terminated at swamp 0.5.
The last entry of errorHistory is 0.500053 for index 792618, 793/1000.
Terminated at swamp 1.
The last entry of errorHistory is 1.000198 for index 792619, 793/1000.
Terminated at swamp 0.5.
The last entry of errorHistory is 0.500109 for index 792620, 793/1000.
Terminated at swamp 1.
The last entry of errorHistory is 1.000239 for index 792621, 793/1000.
The last entry of errorHistory is 1.500000 for index 792622, 793/1000.
The last entry of errorHistory is 1.000000 for index 792623, 793/1000.
Terminated at swamp 0.5.
The last entry of errorHistory is 0.500450 for index 792624, 793/1000.
Terminated at swamp 1.
The last entry of errorHistory is 1.000100 for index 792625, 793/1000.
Terminated at swamp 0.5.
The last entry of errorHistory is 0.500430 for index 792626, 793/1000.
Terminated at swamp 0.5.
The last entry of errorHistory is 0.500494 for index 792627, 793/1000.
Terminated at swamp 0.5.
The last entry of errorHistory is 0.500016 for index 792628, 793/1000.
Terminated at swamp 0.5.
The last entry of errorHistory is 0.500209 for index 792629, 793/1000.
Terminated at swamp 0.5.
The last entry of errorHistory is 0.500279 for index 792630, 793/1000.
Terminated at swamp 0.5.
The last entry of errorHistory is 0.500182 for index 792631, 793/1000.
Terminated at swamp 0.5.
The last entry of errorHistory is 0.500404 for index 792632, 793/1000.
The last entry of errorHistory is 0.000017 for index 792633, 793/1000.
The last entry of errorHistory is 1.000000 for index 792634, 793/1000.
Terminated at swamp 1.
The last entry of errorHistory is 1.000000 for index 792635, 793/1000.
The last entry of errorHistory is 0.500000 for index 792636, 793/1000.
The last entry of errorHistory is 0.000024 for index 792637, 793/1000.
Terminated at swamp 1.
The last entry of errorHistory is 1.000001 for index 792638, 793/1000.
Terminated at swamp 0.5.
The last entry of errorHistory is 0.500465 for index 792639, 793/1000.
The last entry of errorHistory is 1.000000 for index 792640, 793/1000.
Terminated at swamp 1.
The last entry of errorHistory is 1.000000 for index 792641, 793/1000.
The last entry of errorHistory is 1.000000 for index 792642, 793/1000.
The last entry of errorHistory is 0.000367 for index 792643, 793/1000.
The last entry of errorHistory is 1.000000 for index 792644, 793/1000.
The last entry of errorHistory is 0.000012 for index 792645, 793/1000.
The last entry of errorHistory is 1.000000 for index 792646, 793/1000.
The last entry of errorHistory is 0.500000 for index 792647, 793/1000.
Terminated at swamp 0.5.
The last entry of errorHistory is 0.500335 for index 792648, 793/1000.
Terminated at swamp 0.5.
The last entry of errorHistory is 0.500395 for index 792649, 793/1000.
Terminated at swamp 0.5.
The last entry of errorHistory is 0.500013 for index 792650, 793/1000.
The last entry of errorHistory is 1.000000 for index 792651, 793/1000.
The last entry of errorHistory is 1.000000 for index 792652, 793/1000.
Terminated at swamp 1.
The last entry of errorHistory is 1.000126 for index 792653, 793/1000.
Terminated at swamp 0.5.
The last entry of errorHistory is 0.500450 for index 792654, 793/1000.
Terminated at swamp 1.
The last entry of errorHistory is 1.000144 for index 792655, 793/1000.
The last entry of errorHistory is 0.000427 for index 792656, 793/1000.
The last entry of errorHistory is 1.000000 for index 792657, 793/1000.
The last entry of errorHistory is 1.000000 for index 792658, 793/1000.
Terminated at swamp 1.
The last entry of errorHistory is 1.000414 for index 792659, 793/1000.
Terminated at swamp 0.5.
The last entry of errorHistory is 0.500032 for index 792660, 793/1000.
Terminated at swamp 0.5.
The last entry of errorHistory is 0.500473 for index 792661, 793/1000.
Terminated at swamp 0.5.
The last entry of errorHistory is 0.500449 for index 792662, 793/1000.
The last entry of errorHistory is 1.000000 for index 792663, 793/1000.
The last entry of errorHistory is 0.000482 for index 792664, 793/1000.
The last entry of errorHistory is 0.000010 for index 792665, 793/1000.
Terminated at swamp 0.5.
The last entry of errorHistory is 0.500940 for index 792666, 793/1000.
Terminated at swamp 0.5.
The last entry of errorHistory is 0.500310 for index 792667, 793/1000.
Terminated at swamp 0.5.
The last entry of errorHistory is 0.500276 for index 792668, 793/1000.
Terminated at swamp 0.5.
The last entry of errorHistory is 0.500059 for index 792669, 793/1000.
The last entry of errorHistory is 1.000000 for index 792670, 793/1000.
The last entry of errorHistory is 1.000000 for index 792671, 793/1000.
The last entry of errorHistory is 0.000064 for index 792672, 793/1000.
Terminated at swamp 1.
The last entry of errorHistory is 1.000269 for index 792673, 793/1000.
The last entry of errorHistory is 1.000000 for index 792674, 793/1000.
The last entry of errorHistory is 1.000000 for index 792675, 793/1000.
Terminated at swamp 0.5.
The last entry of errorHistory is 0.500501 for index 792676, 793/1000.
Terminated at swamp 0.5.
The last entry of errorHistory is 0.500360 for index 792677, 793/1000.
Terminated at swamp 0.5.
The last entry of errorHistory is 0.500659 for index 792678, 793/1000.
Terminated at swamp 1.
The last entry of errorHistory is 1.000269 for index 792679, 793/1000.
The last entry of errorHistory is 0.000625 for index 792680, 793/1000.
Terminated at swamp 0.5.
The last entry of errorHistory is 0.500396 for index 792681, 793/1000.
Terminated at swamp 1.
The last entry of errorHistory is 1.000531 for index 792682, 793/1000.
Terminated at swamp 1.5.
The last entry of errorHistory is 1.500000 for index 792683, 793/1000.
The last entry of errorHistory is 0.500000 for index 792684, 793/1000.
The last entry of errorHistory is 0.000065 for index 792685, 793/1000.
Terminated at swamp 0.5.
The last entry of errorHistory is 0.500305 for index 792686, 793/1000.
The last entry of errorHistory is 0.500000 for index 792687, 793/1000.
The last entry of errorHistory is 1.000000 for index 792688, 793/1000.
Terminated at swamp 1.
The last entry of errorHistory is 1.000066 for index 792689, 793/1000.
Terminated at swamp 0.5.
The last entry of errorHistory is 0.500233 for index 792690, 793/1000.
Terminated at swamp 0.5.
The last entry of errorHistory is 0.500338 for index 792691, 793/1000.
The last entry of errorHistory is 1.000000 for index 792692, 793/1000.
Terminated at swamp 1.
The last entry of errorHistory is 1.000398 for index 792693, 793/1000.
Terminated at swamp 0.5.
The last entry of errorHistory is 0.500727 for index 792694, 793/1000.
Terminated at swamp 0.5.
The last entry of errorHistory is 0.500469 for index 792695, 793/1000.
Terminated at swamp 0.5.
The last entry of errorHistory is 0.500659 for index 792696, 793/1000.
The last entry of errorHistory is 1.000000 for index 792697, 793/1000.
Terminated at swamp 1.
The last entry of errorHistory is 1.000000 for index 792698, 793/1000.
Terminated at swamp 0.5.
The last entry of errorHistory is 0.500091 for index 792699, 793/1000.
Terminated at swamp 0.5.
The last entry of errorHistory is 0.500767 for index 792700, 793/1000.
Terminated at swamp 1.
The last entry of errorHistory is 1.000121 for index 792701, 793/1000.
Terminated at swamp 1.
The last entry of errorHistory is 1.000387 for index 792702, 793/1000.
Terminated at swamp 0.5.
The last entry of errorHistory is 0.500474 for index 792703, 793/1000.
Terminated at swamp 0.5.
The last entry of errorHistory is 0.500244 for index 792704, 793/1000.
Terminated at swamp 0.5.
The last entry of errorHistory is 0.500069 for index 792705, 793/1000.
The last entry of errorHistory is 0.000113 for index 792706, 793/1000.
Terminated at swamp 0.5.
The last entry of errorHistory is 0.500558 for index 792707, 793/1000.
The last entry of errorHistory is 0.500000 for index 792708, 793/1000.
Terminated at swamp 0.5.
The last entry of errorHistory is 0.500557 for index 792709, 793/1000.
Terminated at swamp 0.5.
The last entry of errorHistory is 0.500073 for index 792710, 793/1000.
Terminated at swamp 0.5.
The last entry of errorHistory is 0.500576 for index 792711, 793/1000.
Terminated at swamp 0.5.
The last entry of errorHistory is 0.500033 for index 792712, 793/1000.
Terminated at swamp 0.5.
The last entry of errorHistory is 0.500346 for index 792713, 793/1000.
The last entry of errorHistory is 0.001092 for index 792714, 793/1000.
The last entry of errorHistory is 0.500000 for index 792715, 793/1000.
Terminated at swamp 0.5.
The last entry of errorHistory is 0.500542 for index 792716, 793/1000.
Terminated at swamp 1.
The last entry of errorHistory is 1.000062 for index 792717, 793/1000.
The last entry of errorHistory is 1.000000 for index 792718, 793/1000.
Terminated at swamp 1.
The last entry of errorHistory is 1.000050 for index 792719, 793/1000.
Terminated at swamp 0.5.
The last entry of errorHistory is 0.500095 for index 792720, 793/1000.
Terminated at swamp 0.5.
The last entry of errorHistory is 0.500000 for index 792721, 793/1000.
Terminated at swamp 1.
The last entry of errorHistory is 1.000258 for index 792722, 793/1000.
Terminated at swamp 0.5.
The last entry of errorHistory is 0.500151 for index 792723, 793/1000.
Terminated at swamp 0.5.
The last entry of errorHistory is 0.500016 for index 792724, 793/1000.
Terminated at swamp 0.5.
The last entry of errorHistory is 0.500403 for index 792725, 793/1000.
Terminated at swamp 1.
The last entry of errorHistory is 1.000000 for index 792726, 793/1000.
The last entry of errorHistory is 1.000000 for index 792727, 793/1000.
Terminated at swamp 1.
The last entry of errorHistory is 1.000000 for index 792728, 793/1000.
Terminated at swamp 0.5.
The last entry of errorHistory is 0.500400 for index 792729, 793/1000.
The last entry of errorHistory is 1.000000 for index 792730, 793/1000.
Terminated at swamp 0.5.
The last entry of errorHistory is 0.500370 for index 792731, 793/1000.
The last entry of errorHistory is 0.500000 for index 792732, 793/1000.
The last entry of errorHistory is 1.500000 for index 792733, 793/1000.
The last entry of errorHistory is 1.000000 for index 792734, 793/1000.
Terminated at swamp 0.5.
The last entry of errorHistory is 0.500708 for index 792735, 793/1000.
Terminated at swamp 0.5.
The last entry of errorHistory is 0.500189 for index 792736, 793/1000.
The last entry of errorHistory is 0.000347 for index 792737, 793/1000.
Terminated at swamp 0.5.
The last entry of errorHistory is 0.500607 for index 792738, 793/1000.
Terminated at swamp 0.5.
The last entry of errorHistory is 0.500291 for index 792739, 793/1000.
Terminated at swamp 1.
The last entry of errorHistory is 1.000182 for index 792740, 793/1000.
Terminated at swamp 0.5.
The last entry of errorHistory is 0.500479 for index 792741, 793/1000.
The last entry of errorHistory is 0.000294 for index 792742, 793/1000.
Terminated at swamp 0.5.
The last entry of errorHistory is 0.500307 for index 792743, 793/1000.
Terminated at swamp 0.5.
The last entry of errorHistory is 0.500247 for index 792744, 793/1000.
Terminated at swamp 1.
The last entry of errorHistory is 1.000413 for index 792745, 793/1000.
Terminated at swamp 0.5.
The last entry of errorHistory is 0.500645 for index 792746, 793/1000.
Terminated at swamp 0.5.
The last entry of errorHistory is 0.500343 for index 792747, 793/1000.
Terminated at swamp 0.5.
The last entry of errorHistory is 0.500282 for index 792748, 793/1000.
Terminated at swamp 0.5.
The last entry of errorHistory is 0.500688 for index 792749, 793/1000.
Terminated at swamp 1.
The last entry of errorHistory is 1.000157 for index 792750, 793/1000.
Terminated at swamp 1.
The last entry of errorHistory is 1.000004 for index 792751, 793/1000.
Terminated at swamp 0.5.
The last entry of errorHistory is 0.500871 for index 792752, 793/1000.
Terminated at swamp 0.5.
The last entry of errorHistory is 0.500106 for index 792753, 793/1000.
The last entry of errorHistory is 1.500000 for index 792754, 793/1000.
The last entry of errorHistory is 0.000025 for index 792755, 793/1000.
Terminated at swamp 0.5.
The last entry of errorHistory is 0.500246 for index 792756, 793/1000.
The last entry of errorHistory is 0.500000 for index 792757, 793/1000.
Terminated at swamp 0.5.
The last entry of errorHistory is 0.500531 for index 792758, 793/1000.
Terminated at swamp 1.
The last entry of errorHistory is 1.000247 for index 792759, 793/1000.
Terminated at swamp 0.5.
The last entry of errorHistory is 0.500457 for index 792760, 793/1000.
The last entry of errorHistory is 1.000000 for index 792761, 793/1000.
Terminated at swamp 0.5.
The last entry of errorHistory is 0.500588 for index 792762, 793/1000.
Terminated at swamp 0.5.
The last entry of errorHistory is 0.500248 for index 792763, 793/1000.
The last entry of errorHistory is 1.500000 for index 792764, 793/1000.
The last entry of errorHistory is 0.000025 for index 792765, 793/1000.
Terminated at swamp 0.5.
The last entry of errorHistory is 0.500502 for index 792766, 793/1000.
The last entry of errorHistory is 0.500000 for index 792767, 793/1000.
The last entry of errorHistory is 0.000013 for index 792768, 793/1000.
Terminated at swamp 0.5.
The last entry of errorHistory is 0.500304 for index 792769, 793/1000.
The last entry of errorHistory is 0.000016 for index 792770, 793/1000.
Terminated at swamp 1.
The last entry of errorHistory is 1.000000 for index 792771, 793/1000.
The last entry of errorHistory is 1.000000 for index 792772, 793/1000.
Terminated at swamp 0.5.
The last entry of errorHistory is 0.500192 for index 792773, 793/1000.
The last entry of errorHistory is 0.000021 for index 792774, 793/1000.
Terminated at swamp 1.
The last entry of errorHistory is 1.000441 for index 792775, 793/1000.
Terminated at swamp 0.5.
The last entry of errorHistory is 0.500558 for index 792776, 793/1000.
The last entry of errorHistory is 0.000842 for index 792777, 793/1000.
The last entry of errorHistory is 1.000000 for index 792778, 793/1000.
Terminated at swamp 0.5.
The last entry of errorHistory is 0.500426 for index 792779, 793/1000.
The last entry of errorHistory is 0.000158 for index 792780, 793/1000.
The last entry of errorHistory is 0.005595 for index 792781, 793/1000.
Terminated at swamp 0.5.
The last entry of errorHistory is 0.500589 for index 792782, 793/1000.
Terminated at swamp 0.5.
The last entry of errorHistory is 0.500072 for index 792783, 793/1000.
The last entry of errorHistory is 0.000027 for index 792784, 793/1000.
Terminated at swamp 1.
The last entry of errorHistory is 1.000065 for index 792785, 793/1000.
The last entry of errorHistory is 1.000000 for index 792786, 793/1000.
The last entry of errorHistory is 0.500000 for index 792787, 793/1000.
Terminated at swamp 1.
The last entry of errorHistory is 1.000000 for index 792788, 793/1000.
Terminated at swamp 0.5.
The last entry of errorHistory is 0.500298 for index 792789, 793/1000.
The last entry of errorHistory is 1.000000 for index 792790, 793/1000.
Terminated at swamp 0.5.
The last entry of errorHistory is 0.500615 for index 792791, 793/1000.
Terminated at swamp 0.5.
The last entry of errorHistory is 0.500586 for index 792792, 793/1000.
The last entry of errorHistory is 0.000068 for index 792793, 793/1000.
Terminated at swamp 0.5.
The last entry of errorHistory is 0.500505 for index 792794, 793/1000.
The last entry of errorHistory is 1.000000 for index 792795, 793/1000.
Terminated at swamp 1.
The last entry of errorHistory is 1.000396 for index 792796, 793/1000.
Terminated at swamp 0.5.
The last entry of errorHistory is 0.500034 for index 792797, 793/1000.
Terminated at swamp 1.
The last entry of errorHistory is 1.000139 for index 792798, 793/1000.
Terminated at swamp 0.5.
The last entry of errorHistory is 0.500584 for index 792799, 793/1000.
The last entry of errorHistory is 0.000022 for index 792800, 793/1000.
Terminated at swamp 0.5.
The last entry of errorHistory is 0.500698 for index 792801, 793/1000.
Terminated at swamp 1.
The last entry of errorHistory is 1.000005 for index 792802, 793/1000.
Terminated at swamp 0.5.
The last entry of errorHistory is 0.500312 for index 792803, 793/1000.
The last entry of errorHistory is 1.000000 for index 792804, 793/1000.
Terminated at swamp 0.5.
The last entry of errorHistory is 0.500555 for index 792805, 793/1000.
Terminated at swamp 0.5.
The last entry of errorHistory is 0.500333 for index 792806, 793/1000.
The last entry of errorHistory is 1.000000 for index 792807, 793/1000.
The last entry of errorHistory is 0.000046 for index 792808, 793/1000.
Terminated at swamp 0.5.
The last entry of errorHistory is 0.500549 for index 792809, 793/1000.
The last entry of errorHistory is 0.500000 for index 792810, 793/1000.
Terminated at swamp 0.5.
The last entry of errorHistory is 0.500014 for index 792811, 793/1000.
The last entry of errorHistory is 0.500000 for index 792812, 793/1000.
Terminated at swamp 1.
The last entry of errorHistory is 1.000000 for index 792813, 793/1000.
Terminated at swamp 1.
The last entry of errorHistory is 1.000000 for index 792814, 793/1000.
The last entry of errorHistory is 1.000000 for index 792815, 793/1000.
Terminated at swamp 0.5.
The last entry of errorHistory is 0.500493 for index 792816, 793/1000.
Terminated at swamp 0.5.
The last entry of errorHistory is 0.500584 for index 792817, 793/1000.
Terminated at swamp 0.5.
The last entry of errorHistory is 0.500308 for index 792818, 793/1000.
Terminated at swamp 1.
The last entry of errorHistory is 1.000049 for index 792819, 793/1000.
Terminated at swamp 0.5.
The last entry of errorHistory is 0.500121 for index 792820, 793/1000.
Terminated at swamp 0.5.
The last entry of errorHistory is 0.500591 for index 792821, 793/1000.
Terminated at swamp 0.5.
The last entry of errorHistory is 0.500520 for index 792822, 793/1000.
Terminated at swamp 0.5.
The last entry of errorHistory is 0.500347 for index 792823, 793/1000.
Terminated at swamp 1.
The last entry of errorHistory is 0.999986 for index 792824, 793/1000.
Terminated at swamp 0.5.
The last entry of errorHistory is 0.500199 for index 792825, 793/1000.
Terminated at swamp 0.5.
The last entry of errorHistory is 0.500147 for index 792826, 793/1000.
The last entry of errorHistory is 1.000000 for index 792827, 793/1000.
Terminated at swamp 1.
The last entry of errorHistory is 1.000297 for index 792828, 793/1000.
Terminated at swamp 0.5.
The last entry of errorHistory is 0.500237 for index 792829, 793/1000.
The last entry of errorHistory is 0.000016 for index 792830, 793/1000.
Terminated at swamp 0.5.
The last entry of errorHistory is 0.500430 for index 792831, 793/1000.
The last entry of errorHistory is 0.000023 for index 792832, 793/1000.
Terminated at swamp 1.
The last entry of errorHistory is 1.000245 for index 792833, 793/1000.
Terminated at swamp 0.5.
The last entry of errorHistory is 0.500207 for index 792834, 793/1000.
Terminated at swamp 1.
The last entry of errorHistory is 1.000345 for index 792835, 793/1000.
Terminated at swamp 1.
The last entry of errorHistory is 1.000048 for index 792836, 793/1000.
Terminated at swamp 0.5.
The last entry of errorHistory is 0.500149 for index 792837, 793/1000.
Terminated at swamp 0.5.
The last entry of errorHistory is 0.500484 for index 792838, 793/1000.
The last entry of errorHistory is 1.000000 for index 792839, 793/1000.
Terminated at swamp 0.5.
The last entry of errorHistory is 0.500617 for index 792840, 793/1000.
Terminated at swamp 1.
The last entry of errorHistory is 1.000001 for index 792841, 793/1000.
Terminated at swamp 0.5.
The last entry of errorHistory is 0.500000 for index 792842, 793/1000.
The last entry of errorHistory is 1.000000 for index 792843, 793/1000.
The last entry of errorHistory is 0.500000 for index 792844, 793/1000.
The last entry of errorHistory is 1.500000 for index 792845, 793/1000.
Terminated at swamp 1.
The last entry of errorHistory is 1.000323 for index 792846, 793/1000.
Terminated at swamp 0.5.
The last entry of errorHistory is 0.500207 for index 792847, 793/1000.
Terminated at swamp 0.5.
The last entry of errorHistory is 0.500570 for index 792848, 793/1000.
The last entry of errorHistory is 0.500000 for index 792849, 793/1000.
Terminated at swamp 0.5.
The last entry of errorHistory is 0.500564 for index 792850, 793/1000.
Terminated at swamp 1.
The last entry of errorHistory is 1.000114 for index 792851, 793/1000.
The last entry of errorHistory is 0.500000 for index 792852, 793/1000.
Terminated at swamp 0.5.
The last entry of errorHistory is 0.500571 for index 792853, 793/1000.
Terminated at swamp 0.5.
The last entry of errorHistory is 0.500141 for index 792854, 793/1000.
The last entry of errorHistory is 0.000248 for index 792855, 793/1000.
The last entry of errorHistory is 0.000150 for index 792856, 793/1000.
Terminated at swamp 1.
The last entry of errorHistory is 1.000000 for index 792857, 793/1000.
The last entry of errorHistory is 1.000000 for index 792858, 793/1000.
Terminated at swamp 0.5.
The last entry of errorHistory is 0.500069 for index 792859, 793/1000.
Terminated at swamp 0.5.
The last entry of errorHistory is 0.500054 for index 792860, 793/1000.
Terminated at swamp 0.5.
The last entry of errorHistory is 0.500411 for index 792861, 793/1000.
The last entry of errorHistory is 0.000792 for index 792862, 793/1000.
The last entry of errorHistory is 0.500000 for index 792863, 793/1000.
The last entry of errorHistory is 1.000000 for index 792864, 793/1000.
Terminated at swamp 1.
The last entry of errorHistory is 1.000356 for index 792865, 793/1000.
The last entry of errorHistory is 0.000221 for index 792866, 793/1000.
Terminated at swamp 0.5.
The last entry of errorHistory is 0.500568 for index 792867, 793/1000.
The last entry of errorHistory is 1.000000 for index 792868, 793/1000.
Terminated at swamp 0.5.
The last entry of errorHistory is 0.500543 for index 792869, 793/1000.
Terminated at swamp 1.
The last entry of errorHistory is 1.000173 for index 792870, 793/1000.
Terminated at swamp 0.5.
The last entry of errorHistory is 0.500014 for index 792871, 793/1000.
Terminated at swamp 1.
The last entry of errorHistory is 1.000134 for index 792872, 793/1000.
Terminated at swamp 1.
The last entry of errorHistory is 1.000000 for index 792873, 793/1000.
Terminated at swamp 0.5.
The last entry of errorHistory is 0.500615 for index 792874, 793/1000.
Terminated at swamp 0.5.
The last entry of errorHistory is 0.500389 for index 792875, 793/1000.
Terminated at swamp 1.
The last entry of errorHistory is 1.000266 for index 792876, 793/1000.
Terminated at swamp 0.5.
The last entry of errorHistory is 0.500439 for index 792877, 793/1000.
The last entry of errorHistory is 1.000000 for index 792878, 793/1000.
Terminated at swamp 0.5.
The last entry of errorHistory is 0.500311 for index 792879, 793/1000.
Terminated at swamp 0.5.
The last entry of errorHistory is 0.500269 for index 792880, 793/1000.
Terminated at swamp 0.5.
The last entry of errorHistory is 0.500797 for index 792881, 793/1000.
Terminated at swamp 0.5.
The last entry of errorHistory is 0.500625 for index 792882, 793/1000.
Terminated at swamp 0.5.
The last entry of errorHistory is 0.500075 for index 792883, 793/1000.
Terminated at swamp 0.5.
The last entry of errorHistory is 0.500341 for index 792884, 793/1000.
Terminated at swamp 0.5.
The last entry of errorHistory is 0.500427 for index 792885, 793/1000.
The last entry of errorHistory is 0.000013 for index 792886, 793/1000.
Terminated at swamp 1.
The last entry of errorHistory is 1.000000 for index 792887, 793/1000.
The last entry of errorHistory is 1.000000 for index 792888, 793/1000.
Terminated at swamp 0.5.
The last entry of errorHistory is 0.500278 for index 792889, 793/1000.
Terminated at swamp 1.5.
The last entry of errorHistory is 1.500195 for index 792890, 793/1000.
Terminated at swamp 0.5.
The last entry of errorHistory is 0.500652 for index 792891, 793/1000.
Terminated at swamp 0.5.
The last entry of errorHistory is 0.500421 for index 792892, 793/1000.
Terminated at swamp 0.5.
The last entry of errorHistory is 0.500470 for index 792893, 793/1000.
Terminated at swamp 0.5.
The last entry of errorHistory is 0.500586 for index 792894, 793/1000.
The last entry of errorHistory is 0.000068 for index 792895, 793/1000.
Terminated at swamp 0.5.
The last entry of errorHistory is 0.500570 for index 792896, 793/1000.
The last entry of errorHistory is 0.000020 for index 792897, 793/1000.
The last entry of errorHistory is 1.000000 for index 792898, 793/1000.
Terminated at swamp 0.5.
The last entry of errorHistory is 0.500581 for index 792899, 793/1000.
Terminated at swamp 0.5.
The last entry of errorHistory is 0.500541 for index 792900, 793/1000.
The last entry of errorHistory is 0.000011 for index 792901, 793/1000.
Terminated at swamp 0.5.
The last entry of errorHistory is 0.500472 for index 792902, 793/1000.
Terminated at swamp 0.5.
The last entry of errorHistory is 0.500413 for index 792903, 793/1000.
Terminated at swamp 0.5.
The last entry of errorHistory is 0.500647 for index 792904, 793/1000.
Terminated at swamp 0.5.
The last entry of errorHistory is 0.500438 for index 792905, 793/1000.
Terminated at swamp 0.5.
The last entry of errorHistory is 0.500561 for index 792906, 793/1000.
Terminated at swamp 0.5.
The last entry of errorHistory is 0.500618 for index 792907, 793/1000.
The last entry of errorHistory is 0.500000 for index 792908, 793/1000.
Terminated at swamp 0.5.
The last entry of errorHistory is 0.500820 for index 792909, 793/1000.
Terminated at swamp 0.5.
The last entry of errorHistory is 0.500500 for index 792910, 793/1000.
The last entry of errorHistory is 0.000012 for index 792911, 793/1000.
Terminated at swamp 0.5.
The last entry of errorHistory is 0.500291 for index 792912, 793/1000.
Terminated at swamp 0.5.
The last entry of errorHistory is 0.500530 for index 792913, 793/1000.
The last entry of errorHistory is 1.000000 for index 792914, 793/1000.
The last entry of errorHistory is 1.000000 for index 792915, 793/1000.
The last entry of errorHistory is 0.000018 for index 792916, 793/1000.
Terminated at swamp 0.5.
The last entry of errorHistory is 0.500128 for index 792917, 793/1000.
The last entry of errorHistory is 1.000000 for index 792918, 793/1000.
Terminated at swamp 0.5.
The last entry of errorHistory is 0.500674 for index 792919, 793/1000.
Terminated at swamp 0.5.
The last entry of errorHistory is 0.500686 for index 792920, 793/1000.
The last entry of errorHistory is 0.000013 for index 792921, 793/1000.
The last entry of errorHistory is 1.000000 for index 792922, 793/1000.
The last entry of errorHistory is 0.000030 for index 792923, 793/1000.
Terminated at swamp 1.
The last entry of errorHistory is 1.000013 for index 792924, 793/1000.
The last entry of errorHistory is 1.000000 for index 792925, 793/1000.
Terminated at swamp 0.5.
The last entry of errorHistory is 0.500019 for index 792926, 793/1000.
The last entry of errorHistory is 0.500000 for index 792927, 793/1000.
Terminated at swamp 0.5.
The last entry of errorHistory is 0.500677 for index 792928, 793/1000.
Terminated at swamp 1.
The last entry of errorHistory is 1.000005 for index 792929, 793/1000.
Terminated at swamp 0.5.
The last entry of errorHistory is 0.500672 for index 792930, 793/1000.
The last entry of errorHistory is 0.000060 for index 792931, 793/1000.
The last entry of errorHistory is 1.000000 for index 792932, 793/1000.
Terminated at swamp 1.
The last entry of errorHistory is 1.000000 for index 792933, 793/1000.
Terminated at swamp 0.5.
The last entry of errorHistory is 0.500722 for index 792934, 793/1000.
Terminated at swamp 1.
The last entry of errorHistory is 1.000391 for index 792935, 793/1000.
Terminated at swamp 1.
The last entry of errorHistory is 1.000059 for index 792936, 793/1000.
Terminated at swamp 0.5.
The last entry of errorHistory is 0.500499 for index 792937, 793/1000.
Terminated at swamp 1.
The last entry of errorHistory is 1.000486 for index 792938, 793/1000.
The last entry of errorHistory is 0.500000 for index 792939, 793/1000.
Terminated at swamp 0.5.
The last entry of errorHistory is 0.500451 for index 792940, 793/1000.
The last entry of errorHistory is 0.000012 for index 792941, 793/1000.
The last entry of errorHistory is 1.000000 for index 792942, 793/1000.
Terminated at swamp 1.
The last entry of errorHistory is 1.000263 for index 792943, 793/1000.
The last entry of errorHistory is 0.000729 for index 792944, 793/1000.
The last entry of errorHistory is 1.000000 for index 792945, 793/1000.
Terminated at swamp 0.5.
The last entry of errorHistory is 0.500378 for index 792946, 793/1000.
Terminated at swamp 1.
The last entry of errorHistory is 1.000000 for index 792947, 793/1000.
The last entry of errorHistory is 0.500000 for index 792948, 793/1000.
Terminated at swamp 0.5.
The last entry of errorHistory is 0.500214 for index 792949, 793/1000.
The last entry of errorHistory is 1.000000 for index 792950, 793/1000.
Terminated at swamp 0.5.
The last entry of errorHistory is 0.500593 for index 792951, 793/1000.
Terminated at swamp 0.5.
The last entry of errorHistory is 0.500480 for index 792952, 793/1000.
Terminated at swamp 0.5.
The last entry of errorHistory is 0.500238 for index 792953, 793/1000.
Terminated at swamp 0.5.
The last entry of errorHistory is 0.500546 for index 792954, 793/1000.
Terminated at swamp 1.
The last entry of errorHistory is 1.000080 for index 792955, 793/1000.
Terminated at swamp 0.5.
The last entry of errorHistory is 0.500012 for index 792956, 793/1000.
Terminated at swamp 0.5.
The last entry of errorHistory is 0.500232 for index 792957, 793/1000.
Terminated at swamp 0.5.
The last entry of errorHistory is 0.500881 for index 792958, 793/1000.
Terminated at swamp 1.
The last entry of errorHistory is 1.000002 for index 792959, 793/1000.
Terminated at swamp 1.
The last entry of errorHistory is 1.000035 for index 792960, 793/1000.
Terminated at swamp 0.5.
The last entry of errorHistory is 0.500367 for index 792961, 793/1000.
The last entry of errorHistory is 1.000000 for index 792962, 793/1000.
The last entry of errorHistory is 1.500000 for index 792963, 793/1000.
Terminated at swamp 0.5.
The last entry of errorHistory is 0.500070 for index 792964, 793/1000.
Terminated at swamp 0.5.
The last entry of errorHistory is 0.500298 for index 792965, 793/1000.
Terminated at swamp 0.5.
The last entry of errorHistory is 0.500422 for index 792966, 793/1000.
Terminated at swamp 1.
The last entry of errorHistory is 1.000162 for index 792967, 793/1000.
Terminated at swamp 0.5.
The last entry of errorHistory is 0.500352 for index 792968, 793/1000.
Terminated at swamp 0.5.
The last entry of errorHistory is 0.500208 for index 792969, 793/1000.
The last entry of errorHistory is 0.500000 for index 792970, 793/1000.
The last entry of errorHistory is 0.000016 for index 792971, 793/1000.
Terminated at swamp 0.5.
The last entry of errorHistory is 0.500089 for index 792972, 793/1000.
Terminated at swamp 0.5.
The last entry of errorHistory is 0.500115 for index 792973, 793/1000.
Terminated at swamp 1.
The last entry of errorHistory is 1.000452 for index 792974, 793/1000.
Terminated at swamp 0.5.
The last entry of errorHistory is 0.500624 for index 792975, 793/1000.
The last entry of errorHistory is 1.000000 for index 792976, 793/1000.
The last entry of errorHistory is 0.000020 for index 792977, 793/1000.
Terminated at swamp 0.5.
The last entry of errorHistory is 0.500318 for index 792978, 793/1000.
The last entry of errorHistory is 0.000060 for index 792979, 793/1000.
The last entry of errorHistory is 0.000507 for index 792980, 793/1000.
The last entry of errorHistory is 0.500000 for index 792981, 793/1000.
The last entry of errorHistory is 0.000158 for index 792982, 793/1000.
Terminated at swamp 0.5.
The last entry of errorHistory is 0.500560 for index 792983, 793/1000.
The last entry of errorHistory is 1.000000 for index 792984, 793/1000.
The last entry of errorHistory is 1.000000 for index 792985, 793/1000.
Terminated at swamp 0.5.
The last entry of errorHistory is 0.500188 for index 792986, 793/1000.
Terminated at swamp 0.5.
The last entry of errorHistory is 0.500326 for index 792987, 793/1000.
Terminated at swamp 0.5.
The last entry of errorHistory is 0.500301 for index 792988, 793/1000.
Terminated at swamp 0.5.
The last entry of errorHistory is 0.500434 for index 792989, 793/1000.
Terminated at swamp 0.5.
The last entry of errorHistory is 0.500528 for index 792990, 793/1000.
Terminated at swamp 0.5.
The last entry of errorHistory is 0.500313 for index 792991, 793/1000.
Terminated at swamp 0.5.
The last entry of errorHistory is 0.500550 for index 792992, 793/1000.
The last entry of errorHistory is 1.000000 for index 792993, 793/1000.
The last entry of errorHistory is 0.000017 for index 792994, 793/1000.
Terminated at swamp 1.
The last entry of errorHistory is 1.000004 for index 792995, 793/1000.
The last entry of errorHistory is 0.000026 for index 792996, 793/1000.
The last entry of errorHistory is 0.500000 for index 792997, 793/1000.
Terminated at swamp 0.5.
The last entry of errorHistory is 0.500567 for index 792998, 793/1000.
Terminated at swamp 0.5.
The last entry of errorHistory is 0.500002 for index 792999, 793/1000.
Terminated at swamp 0.5.
The last entry of errorHistory is 0.500383 for index 793000, 793/1000.
