
                            < M A T L A B (R) >
                  Copyright 1984-2018 The MathWorks, Inc.
                   R2018b (9.5.0.944444) 64-bit (glnxa64)
                              August 28, 2018

 
To get started, type doc.
For product information, visit www.mathworks.com.
 
The last entry of errorHistory is 1.000000 for index 819001, 820/1000.
The last entry of errorHistory is 1.000000 for index 819002, 820/1000.
Terminated at swamp 0.5.
The last entry of errorHistory is 0.500148 for index 819003, 820/1000.
Terminated at swamp 0.5.
The last entry of errorHistory is 0.500416 for index 819004, 820/1000.
Terminated at swamp 0.5.
The last entry of errorHistory is 0.500147 for index 819005, 820/1000.
Terminated at swamp 0.5.
The last entry of errorHistory is 0.500350 for index 819006, 820/1000.
The last entry of errorHistory is 0.000026 for index 819007, 820/1000.
The last entry of errorHistory is 1.000000 for index 819008, 820/1000.
Terminated at swamp 1.
The last entry of errorHistory is 1.000000 for index 819009, 820/1000.
Terminated at swamp 0.5.
The last entry of errorHistory is 0.500397 for index 819010, 820/1000.
Terminated at swamp 0.5.
The last entry of errorHistory is 0.500170 for index 819011, 820/1000.
Terminated at swamp 0.5.
The last entry of errorHistory is 0.500470 for index 819012, 820/1000.
The last entry of errorHistory is 0.000057 for index 819013, 820/1000.
Terminated at swamp 1.
The last entry of errorHistory is 1.000000 for index 819014, 820/1000.
The last entry of errorHistory is 0.000030 for index 819015, 820/1000.
The last entry of errorHistory is 0.000011 for index 819016, 820/1000.
Terminated at swamp 0.5.
The last entry of errorHistory is 0.500418 for index 819017, 820/1000.
The last entry of errorHistory is 0.000077 for index 819018, 820/1000.
Terminated at swamp 0.5.
The last entry of errorHistory is 0.500047 for index 819019, 820/1000.
The last entry of errorHistory is 1.000000 for index 819020, 820/1000.
The last entry of errorHistory is 1.000000 for index 819021, 820/1000.
Terminated at swamp 0.5.
The last entry of errorHistory is 0.500198 for index 819022, 820/1000.
Terminated at swamp 0.5.
The last entry of errorHistory is 0.500520 for index 819023, 820/1000.
The last entry of errorHistory is 1.000000 for index 819024, 820/1000.
The last entry of errorHistory is 1.000000 for index 819025, 820/1000.
The last entry of errorHistory is 0.000014 for index 819026, 820/1000.
Terminated at swamp 0.5.
The last entry of errorHistory is 0.500006 for index 819027, 820/1000.
Terminated at swamp 0.5.
The last entry of errorHistory is 0.500000 for index 819028, 820/1000.
Terminated at swamp 0.5.
The last entry of errorHistory is 0.500326 for index 819029, 820/1000.
The last entry of errorHistory is 1.500000 for index 819030, 820/1000.
Terminated at swamp 0.5.
The last entry of errorHistory is 0.500081 for index 819031, 820/1000.
Terminated at swamp 0.5.
The last entry of errorHistory is 0.500454 for index 819032, 820/1000.
The last entry of errorHistory is 0.000906 for index 819033, 820/1000.
Terminated at swamp 0.5.
The last entry of errorHistory is 0.500433 for index 819034, 820/1000.
Terminated at swamp 0.5.
The last entry of errorHistory is 0.500689 for index 819035, 820/1000.
The last entry of errorHistory is 0.500000 for index 819036, 820/1000.
The last entry of errorHistory is 0.000598 for index 819037, 820/1000.
The last entry of errorHistory is 1.000000 for index 819038, 820/1000.
Terminated at swamp 0.5.
The last entry of errorHistory is 0.500661 for index 819039, 820/1000.
The last entry of errorHistory is 0.500000 for index 819040, 820/1000.
Terminated at swamp 0.5.
The last entry of errorHistory is 0.500265 for index 819041, 820/1000.
Terminated at swamp 0.5.
The last entry of errorHistory is 0.500560 for index 819042, 820/1000.
Terminated at swamp 0.5.
The last entry of errorHistory is 0.500709 for index 819043, 820/1000.
The last entry of errorHistory is 1.000000 for index 819044, 820/1000.
Terminated at swamp 0.5.
The last entry of errorHistory is 0.500340 for index 819045, 820/1000.
The last entry of errorHistory is 0.500000 for index 819046, 820/1000.
The last entry of errorHistory is 1.000000 for index 819047, 820/1000.
Terminated at swamp 1.
The last entry of errorHistory is 1.000235 for index 819048, 820/1000.
Terminated at swamp 0.5.
The last entry of errorHistory is 0.500659 for index 819049, 820/1000.
Terminated at swamp 0.5.
The last entry of errorHistory is 0.500302 for index 819050, 820/1000.
Terminated at swamp 1.
The last entry of errorHistory is 1.000019 for index 819051, 820/1000.
The last entry of errorHistory is 1.000000 for index 819052, 820/1000.
Terminated at swamp 0.5.
The last entry of errorHistory is 0.500376 for index 819053, 820/1000.
Terminated at swamp 1.5.
The last entry of errorHistory is 1.500000 for index 819054, 820/1000.
The last entry of errorHistory is 1.000000 for index 819055, 820/1000.
Terminated at swamp 0.5.
The last entry of errorHistory is 0.500059 for index 819056, 820/1000.
The last entry of errorHistory is 0.500000 for index 819057, 820/1000.
Terminated at swamp 0.5.
The last entry of errorHistory is 0.500534 for index 819058, 820/1000.
Terminated at swamp 0.5.
The last entry of errorHistory is 0.500585 for index 819059, 820/1000.
The last entry of errorHistory is 0.000009 for index 819060, 820/1000.
Terminated at swamp 0.5.
The last entry of errorHistory is 0.500654 for index 819061, 820/1000.
Terminated at swamp 0.5.
The last entry of errorHistory is 0.500319 for index 819062, 820/1000.
Terminated at swamp 0.5.
The last entry of errorHistory is 0.500356 for index 819063, 820/1000.
The last entry of errorHistory is 0.000022 for index 819064, 820/1000.
The last entry of errorHistory is 0.000024 for index 819065, 820/1000.
Terminated at swamp 1.
The last entry of errorHistory is 1.000088 for index 819066, 820/1000.
Terminated at swamp 0.5.
The last entry of errorHistory is 0.500000 for index 819067, 820/1000.
Terminated at swamp 0.5.
The last entry of errorHistory is 0.500000 for index 819068, 820/1000.
Terminated at swamp 1.
The last entry of errorHistory is 1.000149 for index 819069, 820/1000.
Terminated at swamp 0.5.
The last entry of errorHistory is 0.500623 for index 819070, 820/1000.
Terminated at swamp 0.5.
The last entry of errorHistory is 0.500073 for index 819071, 820/1000.
Terminated at swamp 1.
The last entry of errorHistory is 1.000129 for index 819072, 820/1000.
The last entry of errorHistory is 1.000000 for index 819073, 820/1000.
Terminated at swamp 0.5.
The last entry of errorHistory is 0.500426 for index 819074, 820/1000.
Terminated at swamp 0.5.
The last entry of errorHistory is 0.500020 for index 819075, 820/1000.
The last entry of errorHistory is 1.000000 for index 819076, 820/1000.
The last entry of errorHistory is 1.000000 for index 819077, 820/1000.
Terminated at swamp 1.
The last entry of errorHistory is 1.000367 for index 819078, 820/1000.
Terminated at swamp 0.5.
The last entry of errorHistory is 0.500673 for index 819079, 820/1000.
Terminated at swamp 1.
The last entry of errorHistory is 1.000472 for index 819080, 820/1000.
Terminated at swamp 1.
The last entry of errorHistory is 1.000000 for index 819081, 820/1000.
The last entry of errorHistory is 0.500000 for index 819082, 820/1000.
Terminated at swamp 0.5.
The last entry of errorHistory is 0.500521 for index 819083, 820/1000.
Terminated at swamp 0.5.
The last entry of errorHistory is 0.500000 for index 819084, 820/1000.
The last entry of errorHistory is 0.500000 for index 819085, 820/1000.
Terminated at swamp 0.5.
The last entry of errorHistory is 0.499895 for index 819086, 820/1000.
Terminated at swamp 0.5.
The last entry of errorHistory is 0.500374 for index 819087, 820/1000.
Terminated at swamp 0.5.
The last entry of errorHistory is 0.500450 for index 819088, 820/1000.
The last entry of errorHistory is 0.000018 for index 819089, 820/1000.
Terminated at swamp 0.5.
The last entry of errorHistory is 0.500311 for index 819090, 820/1000.
Terminated at swamp 0.5.
The last entry of errorHistory is 0.500016 for index 819091, 820/1000.
Terminated at swamp 1.5.
The last entry of errorHistory is 1.500002 for index 819092, 820/1000.
Terminated at swamp 0.5.
The last entry of errorHistory is 0.500535 for index 819093, 820/1000.
The last entry of errorHistory is 1.000000 for index 819094, 820/1000.
The last entry of errorHistory is 1.000000 for index 819095, 820/1000.
Terminated at swamp 0.5.
The last entry of errorHistory is 0.500376 for index 819096, 820/1000.
The last entry of errorHistory is 1.000000 for index 819097, 820/1000.
Terminated at swamp 0.5.
The last entry of errorHistory is 0.500436 for index 819098, 820/1000.
Terminated at swamp 0.5.
The last entry of errorHistory is 0.500471 for index 819099, 820/1000.
Terminated at swamp 0.5.
The last entry of errorHistory is 0.500407 for index 819100, 820/1000.
Terminated at swamp 0.5.
The last entry of errorHistory is 0.500223 for index 819101, 820/1000.
Terminated at swamp 1.
The last entry of errorHistory is 1.000091 for index 819102, 820/1000.
The last entry of errorHistory is 0.000010 for index 819103, 820/1000.
Terminated at swamp 0.5.
The last entry of errorHistory is 0.500105 for index 819104, 820/1000.
The last entry of errorHistory is 1.000000 for index 819105, 820/1000.
Terminated at swamp 1.
The last entry of errorHistory is 1.000112 for index 819106, 820/1000.
Terminated at swamp 0.5.
The last entry of errorHistory is 0.500068 for index 819107, 820/1000.
The last entry of errorHistory is 0.500000 for index 819108, 820/1000.
The last entry of errorHistory is 1.000000 for index 819109, 820/1000.
Terminated at swamp 0.5.
The last entry of errorHistory is 0.500488 for index 819110, 820/1000.
Terminated at swamp 0.5.
The last entry of errorHistory is 0.500127 for index 819111, 820/1000.
Terminated at swamp 0.5.
The last entry of errorHistory is 0.500168 for index 819112, 820/1000.
The last entry of errorHistory is 0.000017 for index 819113, 820/1000.
Terminated at swamp 0.5.
The last entry of errorHistory is 0.500713 for index 819114, 820/1000.
Terminated at swamp 1.
The last entry of errorHistory is 1.000465 for index 819115, 820/1000.
The last entry of errorHistory is 0.000126 for index 819116, 820/1000.
The last entry of errorHistory is 0.500000 for index 819117, 820/1000.
The last entry of errorHistory is 0.000019 for index 819118, 820/1000.
The last entry of errorHistory is 0.500000 for index 819119, 820/1000.
Terminated at swamp 1.
The last entry of errorHistory is 1.000000 for index 819120, 820/1000.
Terminated at swamp 0.5.
The last entry of errorHistory is 0.500138 for index 819121, 820/1000.
Terminated at swamp 0.5.
The last entry of errorHistory is 0.500000 for index 819122, 820/1000.
Terminated at swamp 0.5.
The last entry of errorHistory is 0.500453 for index 819123, 820/1000.
The last entry of errorHistory is 0.000013 for index 819124, 820/1000.
Terminated at swamp 0.5.
The last entry of errorHistory is 0.500351 for index 819125, 820/1000.
The last entry of errorHistory is 0.000032 for index 819126, 820/1000.
The last entry of errorHistory is 1.000000 for index 819127, 820/1000.
Terminated at swamp 1.
The last entry of errorHistory is 1.000082 for index 819128, 820/1000.
The last entry of errorHistory is 0.000057 for index 819129, 820/1000.
Terminated at swamp 0.5.
The last entry of errorHistory is 0.500002 for index 819130, 820/1000.
The last entry of errorHistory is 1.000000 for index 819131, 820/1000.
Terminated at swamp 0.5.
The last entry of errorHistory is 0.500000 for index 819132, 820/1000.
Terminated at swamp 0.5.
The last entry of errorHistory is 0.500377 for index 819133, 820/1000.
The last entry of errorHistory is 0.000183 for index 819134, 820/1000.
Terminated at swamp 0.5.
The last entry of errorHistory is 0.500262 for index 819135, 820/1000.
Terminated at swamp 0.5.
The last entry of errorHistory is 0.500030 for index 819136, 820/1000.
The last entry of errorHistory is 0.000028 for index 819137, 820/1000.
Terminated at swamp 0.5.
The last entry of errorHistory is 0.500289 for index 819138, 820/1000.
The last entry of errorHistory is 0.000070 for index 819139, 820/1000.
Terminated at swamp 0.5.
The last entry of errorHistory is 0.500769 for index 819140, 820/1000.
Terminated at swamp 1.
The last entry of errorHistory is 1.000000 for index 819141, 820/1000.
Terminated at swamp 1.
The last entry of errorHistory is 1.000329 for index 819142, 820/1000.
The last entry of errorHistory is 0.000020 for index 819143, 820/1000.
Terminated at swamp 0.5.
The last entry of errorHistory is 0.500430 for index 819144, 820/1000.
Terminated at swamp 0.5.
The last entry of errorHistory is 0.500352 for index 819145, 820/1000.
The last entry of errorHistory is 1.000000 for index 819146, 820/1000.
The last entry of errorHistory is 1.000000 for index 819147, 820/1000.
The last entry of errorHistory is 0.000008 for index 819148, 820/1000.
Terminated at swamp 0.5.
The last entry of errorHistory is 0.500630 for index 819149, 820/1000.
Terminated at swamp 0.5.
The last entry of errorHistory is 0.500387 for index 819150, 820/1000.
The last entry of errorHistory is 0.000018 for index 819151, 820/1000.
Terminated at swamp 1.
The last entry of errorHistory is 1.000170 for index 819152, 820/1000.
The last entry of errorHistory is 1.000000 for index 819153, 820/1000.
The last entry of errorHistory is 0.000010 for index 819154, 820/1000.
Terminated at swamp 1.
The last entry of errorHistory is 1.000098 for index 819155, 820/1000.
Terminated at swamp 0.5.
The last entry of errorHistory is 0.500267 for index 819156, 820/1000.
Terminated at swamp 0.5.
The last entry of errorHistory is 0.500344 for index 819157, 820/1000.
Terminated at swamp 0.5.
The last entry of errorHistory is 0.500375 for index 819158, 820/1000.
Terminated at swamp 0.5.
The last entry of errorHistory is 0.500792 for index 819159, 820/1000.
Terminated at swamp 0.5.
The last entry of errorHistory is 0.500150 for index 819160, 820/1000.
Terminated at swamp 0.5.
The last entry of errorHistory is 0.500455 for index 819161, 820/1000.
The last entry of errorHistory is 1.000000 for index 819162, 820/1000.
Terminated at swamp 0.5.
The last entry of errorHistory is 0.500472 for index 819163, 820/1000.
Terminated at swamp 0.5.
The last entry of errorHistory is 0.500228 for index 819164, 820/1000.
Terminated at swamp 0.5.
The last entry of errorHistory is 0.500157 for index 819165, 820/1000.
Terminated at swamp 1.
The last entry of errorHistory is 1.000230 for index 819166, 820/1000.
The last entry of errorHistory is 1.000000 for index 819167, 820/1000.
The last entry of errorHistory is 0.500000 for index 819168, 820/1000.
Terminated at swamp 0.5.
The last entry of errorHistory is 0.500402 for index 819169, 820/1000.
The last entry of errorHistory is 1.000000 for index 819170, 820/1000.
Terminated at swamp 0.5.
The last entry of errorHistory is 0.500610 for index 819171, 820/1000.
Terminated at swamp 0.5.
The last entry of errorHistory is 0.500413 for index 819172, 820/1000.
Terminated at swamp 0.5.
The last entry of errorHistory is 0.500053 for index 819173, 820/1000.
Terminated at swamp 0.5.
The last entry of errorHistory is 0.500289 for index 819174, 820/1000.
Terminated at swamp 0.5.
The last entry of errorHistory is 0.500141 for index 819175, 820/1000.
The last entry of errorHistory is 1.000000 for index 819176, 820/1000.
The last entry of errorHistory is 0.500000 for index 819177, 820/1000.
Terminated at swamp 0.5.
The last entry of errorHistory is 0.500387 for index 819178, 820/1000.
Terminated at swamp 1.
The last entry of errorHistory is 1.000000 for index 819179, 820/1000.
Terminated at swamp 1.
The last entry of errorHistory is 1.000000 for index 819180, 820/1000.
Terminated at swamp 0.5.
The last entry of errorHistory is 0.500384 for index 819181, 820/1000.
Terminated at swamp 0.5.
The last entry of errorHistory is 0.500259 for index 819182, 820/1000.
Terminated at swamp 0.5.
The last entry of errorHistory is 0.500440 for index 819183, 820/1000.
The last entry of errorHistory is 0.000015 for index 819184, 820/1000.
Terminated at swamp 0.5.
The last entry of errorHistory is 0.500578 for index 819185, 820/1000.
Terminated at swamp 0.5.
The last entry of errorHistory is 0.500204 for index 819186, 820/1000.
Terminated at swamp 0.5.
The last entry of errorHistory is 0.500500 for index 819187, 820/1000.
The last entry of errorHistory is 1.000000 for index 819188, 820/1000.
Terminated at swamp 0.5.
The last entry of errorHistory is 0.500188 for index 819189, 820/1000.
The last entry of errorHistory is 1.500000 for index 819190, 820/1000.
Terminated at swamp 0.5.
The last entry of errorHistory is 0.500537 for index 819191, 820/1000.
The last entry of errorHistory is 0.000027 for index 819192, 820/1000.
Terminated at swamp 0.5.
The last entry of errorHistory is 0.500025 for index 819193, 820/1000.
Terminated at swamp 0.5.
The last entry of errorHistory is 0.500368 for index 819194, 820/1000.
Terminated at swamp 0.5.
The last entry of errorHistory is 0.500519 for index 819195, 820/1000.
Terminated at swamp 0.5.
The last entry of errorHistory is 0.500305 for index 819196, 820/1000.
Terminated at swamp 0.5.
The last entry of errorHistory is 0.500459 for index 819197, 820/1000.
Terminated at swamp 0.5.
The last entry of errorHistory is 0.500561 for index 819198, 820/1000.
Terminated at swamp 0.5.
The last entry of errorHistory is 0.500459 for index 819199, 820/1000.
Terminated at swamp 0.5.
The last entry of errorHistory is 0.500529 for index 819200, 820/1000.
The last entry of errorHistory is 1.000000 for index 819201, 820/1000.
Terminated at swamp 1.
The last entry of errorHistory is 1.000012 for index 819202, 820/1000.
Terminated at swamp 0.5.
The last entry of errorHistory is 0.500407 for index 819203, 820/1000.
Terminated at swamp 0.5.
The last entry of errorHistory is 0.500164 for index 819204, 820/1000.
Terminated at swamp 1.
The last entry of errorHistory is 1.000076 for index 819205, 820/1000.
Terminated at swamp 0.5.
The last entry of errorHistory is 0.500406 for index 819206, 820/1000.
Terminated at swamp 0.5.
The last entry of errorHistory is 0.500510 for index 819207, 820/1000.
Terminated at swamp 1.
The last entry of errorHistory is 1.000000 for index 819208, 820/1000.
The last entry of errorHistory is 1.000000 for index 819209, 820/1000.
The last entry of errorHistory is 0.000035 for index 819210, 820/1000.
Terminated at swamp 0.5.
The last entry of errorHistory is 0.500734 for index 819211, 820/1000.
Terminated at swamp 0.5.
The last entry of errorHistory is 0.500533 for index 819212, 820/1000.
The last entry of errorHistory is 1.500000 for index 819213, 820/1000.
Terminated at swamp 0.5.
The last entry of errorHistory is 0.500033 for index 819214, 820/1000.
The last entry of errorHistory is 1.000000 for index 819215, 820/1000.
Terminated at swamp 1.
The last entry of errorHistory is 1.000000 for index 819216, 820/1000.
The last entry of errorHistory is 0.500000 for index 819217, 820/1000.
Terminated at swamp 0.5.
The last entry of errorHistory is 0.500652 for index 819218, 820/1000.
Terminated at swamp 0.5.
The last entry of errorHistory is 0.500552 for index 819219, 820/1000.
Terminated at swamp 0.5.
The last entry of errorHistory is 0.500596 for index 819220, 820/1000.
Terminated at swamp 0.5.
The last entry of errorHistory is 0.500000 for index 819221, 820/1000.
The last entry of errorHistory is 1.000000 for index 819222, 820/1000.
Terminated at swamp 0.5.
The last entry of errorHistory is 0.500461 for index 819223, 820/1000.
Terminated at swamp 0.5.
The last entry of errorHistory is 0.500685 for index 819224, 820/1000.
The last entry of errorHistory is 1.000000 for index 819225, 820/1000.
The last entry of errorHistory is 1.000000 for index 819226, 820/1000.
Terminated at swamp 0.5.
The last entry of errorHistory is 0.500672 for index 819227, 820/1000.
The last entry of errorHistory is 0.000025 for index 819228, 820/1000.
The last entry of errorHistory is 1.000000 for index 819229, 820/1000.
The last entry of errorHistory is 1.000000 for index 819230, 820/1000.
Terminated at swamp 0.5.
The last entry of errorHistory is 0.500054 for index 819231, 820/1000.
Terminated at swamp 1.
The last entry of errorHistory is 1.000378 for index 819232, 820/1000.
Terminated at swamp 0.5.
The last entry of errorHistory is 0.500466 for index 819233, 820/1000.
Terminated at swamp 0.5.
The last entry of errorHistory is 0.500586 for index 819234, 820/1000.
Terminated at swamp 0.5.
The last entry of errorHistory is 0.500020 for index 819235, 820/1000.
Terminated at swamp 1.
The last entry of errorHistory is 1.000012 for index 819236, 820/1000.
Terminated at swamp 0.5.
The last entry of errorHistory is 0.500045 for index 819237, 820/1000.
The last entry of errorHistory is 1.500000 for index 819238, 820/1000.
Terminated at swamp 0.5.
The last entry of errorHistory is 0.500383 for index 819239, 820/1000.
Terminated at swamp 0.5.
The last entry of errorHistory is 0.500235 for index 819240, 820/1000.
Terminated at swamp 0.5.
The last entry of errorHistory is 0.500083 for index 819241, 820/1000.
The last entry of errorHistory is 0.000029 for index 819242, 820/1000.
The last entry of errorHistory is 0.000372 for index 819243, 820/1000.
Terminated at swamp 0.5.
The last entry of errorHistory is 0.500594 for index 819244, 820/1000.
Terminated at swamp 0.5.
The last entry of errorHistory is 0.500495 for index 819245, 820/1000.
Terminated at swamp 0.5.
The last entry of errorHistory is 0.500017 for index 819246, 820/1000.
Terminated at swamp 0.5.
The last entry of errorHistory is 0.500527 for index 819247, 820/1000.
The last entry of errorHistory is 1.000000 for index 819248, 820/1000.
Terminated at swamp 0.5.
The last entry of errorHistory is 0.500205 for index 819249, 820/1000.
Terminated at swamp 1.
The last entry of errorHistory is 1.000100 for index 819250, 820/1000.
Terminated at swamp 0.5.
The last entry of errorHistory is 0.500487 for index 819251, 820/1000.
Terminated at swamp 0.5.
The last entry of errorHistory is 0.500769 for index 819252, 820/1000.
Terminated at swamp 0.5.
The last entry of errorHistory is 0.500630 for index 819253, 820/1000.
Terminated at swamp 0.5.
The last entry of errorHistory is 0.500555 for index 819254, 820/1000.
Terminated at swamp 1.
The last entry of errorHistory is 1.000112 for index 819255, 820/1000.
The last entry of errorHistory is 1.000000 for index 819256, 820/1000.
Terminated at swamp 0.5.
The last entry of errorHistory is 0.500499 for index 819257, 820/1000.
Terminated at swamp 0.5.
The last entry of errorHistory is 0.500412 for index 819258, 820/1000.
Terminated at swamp 0.5.
The last entry of errorHistory is 0.500548 for index 819259, 820/1000.
Terminated at swamp 0.5.
The last entry of errorHistory is 0.500603 for index 819260, 820/1000.
Terminated at swamp 0.5.
The last entry of errorHistory is 0.500530 for index 819261, 820/1000.
Terminated at swamp 0.5.
The last entry of errorHistory is 0.500096 for index 819262, 820/1000.
Terminated at swamp 1.
The last entry of errorHistory is 1.000423 for index 819263, 820/1000.
Terminated at swamp 1.
The last entry of errorHistory is 1.000236 for index 819264, 820/1000.
Terminated at swamp 1.
The last entry of errorHistory is 1.000000 for index 819265, 820/1000.
The last entry of errorHistory is 0.007654 for index 819266, 820/1000.
Terminated at swamp 0.5.
The last entry of errorHistory is 0.500675 for index 819267, 820/1000.
Terminated at swamp 1.
The last entry of errorHistory is 1.000106 for index 819268, 820/1000.
The last entry of errorHistory is 1.000000 for index 819269, 820/1000.
Terminated at swamp 0.5.
The last entry of errorHistory is 0.500511 for index 819270, 820/1000.
The last entry of errorHistory is 0.000584 for index 819271, 820/1000.
The last entry of errorHistory is 0.500000 for index 819272, 820/1000.
The last entry of errorHistory is 0.500000 for index 819273, 820/1000.
Terminated at swamp 0.5.
The last entry of errorHistory is 0.500172 for index 819274, 820/1000.
Terminated at swamp 0.5.
The last entry of errorHistory is 0.500001 for index 819275, 820/1000.
The last entry of errorHistory is 0.000018 for index 819276, 820/1000.
Terminated at swamp 1.
The last entry of errorHistory is 1.000332 for index 819277, 820/1000.
Terminated at swamp 0.5.
The last entry of errorHistory is 0.500430 for index 819278, 820/1000.
The last entry of errorHistory is 0.000015 for index 819279, 820/1000.
Terminated at swamp 0.5.
The last entry of errorHistory is 0.500081 for index 819280, 820/1000.
Terminated at swamp 0.5.
The last entry of errorHistory is 0.500034 for index 819281, 820/1000.
The last entry of errorHistory is 0.500000 for index 819282, 820/1000.
Terminated at swamp 1.
The last entry of errorHistory is 1.000253 for index 819283, 820/1000.
The last entry of errorHistory is 1.000000 for index 819284, 820/1000.
Terminated at swamp 0.5.
The last entry of errorHistory is 0.500416 for index 819285, 820/1000.
Terminated at swamp 1.
The last entry of errorHistory is 1.000002 for index 819286, 820/1000.
Terminated at swamp 1.
The last entry of errorHistory is 1.000418 for index 819287, 820/1000.
Terminated at swamp 1.
The last entry of errorHistory is 1.000361 for index 819288, 820/1000.
Terminated at swamp 0.5.
The last entry of errorHistory is 0.500451 for index 819289, 820/1000.
Terminated at swamp 1.
The last entry of errorHistory is 1.000207 for index 819290, 820/1000.
The last entry of errorHistory is 1.000000 for index 819291, 820/1000.
Terminated at swamp 0.5.
The last entry of errorHistory is 0.500561 for index 819292, 820/1000.
Terminated at swamp 0.5.
The last entry of errorHistory is 0.500000 for index 819293, 820/1000.
Terminated at swamp 0.5.
The last entry of errorHistory is 0.500474 for index 819294, 820/1000.
Terminated at swamp 1.
The last entry of errorHistory is 1.000382 for index 819295, 820/1000.
The last entry of errorHistory is 1.000000 for index 819296, 820/1000.
The last entry of errorHistory is 1.000000 for index 819297, 820/1000.
Terminated at swamp 0.5.
The last entry of errorHistory is 0.500629 for index 819298, 820/1000.
Terminated at swamp 0.5.
The last entry of errorHistory is 0.500239 for index 819299, 820/1000.
Terminated at swamp 0.5.
The last entry of errorHistory is 0.500562 for index 819300, 820/1000.
The last entry of errorHistory is 1.000000 for index 819301, 820/1000.
Terminated at swamp 0.5.
The last entry of errorHistory is 0.500341 for index 819302, 820/1000.
Terminated at swamp 0.5.
The last entry of errorHistory is 0.500355 for index 819303, 820/1000.
Terminated at swamp 0.5.
The last entry of errorHistory is 0.500245 for index 819304, 820/1000.
Terminated at swamp 1.
The last entry of errorHistory is 1.000292 for index 819305, 820/1000.
Terminated at swamp 0.5.
The last entry of errorHistory is 0.500627 for index 819306, 820/1000.
Terminated at swamp 0.5.
The last entry of errorHistory is 0.500076 for index 819307, 820/1000.
The last entry of errorHistory is 1.000000 for index 819308, 820/1000.
Terminated at swamp 0.5.
The last entry of errorHistory is 0.500190 for index 819309, 820/1000.
The last entry of errorHistory is 0.500000 for index 819310, 820/1000.
The last entry of errorHistory is 1.000000 for index 819311, 820/1000.
Terminated at swamp 0.5.
The last entry of errorHistory is 0.500326 for index 819312, 820/1000.
Terminated at swamp 0.5.
The last entry of errorHistory is 0.500496 for index 819313, 820/1000.
Terminated at swamp 0.5.
The last entry of errorHistory is 0.500391 for index 819314, 820/1000.
Terminated at swamp 0.5.
The last entry of errorHistory is 0.500466 for index 819315, 820/1000.
The last entry of errorHistory is 1.000000 for index 819316, 820/1000.
The last entry of errorHistory is 1.000000 for index 819317, 820/1000.
Terminated at swamp 0.5.
The last entry of errorHistory is 0.500207 for index 819318, 820/1000.
The last entry of errorHistory is 0.500000 for index 819319, 820/1000.
Terminated at swamp 1.
The last entry of errorHistory is 1.000005 for index 819320, 820/1000.
The last entry of errorHistory is 1.000000 for index 819321, 820/1000.
The last entry of errorHistory is 0.000039 for index 819322, 820/1000.
Terminated at swamp 1.
The last entry of errorHistory is 1.000003 for index 819323, 820/1000.
Terminated at swamp 0.5.
The last entry of errorHistory is 0.500503 for index 819324, 820/1000.
Terminated at swamp 0.5.
The last entry of errorHistory is 0.500520 for index 819325, 820/1000.
Terminated at swamp 0.5.
The last entry of errorHistory is 0.500001 for index 819326, 820/1000.
The last entry of errorHistory is 0.500000 for index 819327, 820/1000.
Terminated at swamp 0.5.
The last entry of errorHistory is 0.500075 for index 819328, 820/1000.
The last entry of errorHistory is 0.500000 for index 819329, 820/1000.
The last entry of errorHistory is 1.000000 for index 819330, 820/1000.
Terminated at swamp 0.5.
The last entry of errorHistory is 0.500035 for index 819331, 820/1000.
Terminated at swamp 0.5.
The last entry of errorHistory is 0.500061 for index 819332, 820/1000.
Terminated at swamp 0.5.
The last entry of errorHistory is 0.500036 for index 819333, 820/1000.
Terminated at swamp 0.5.
The last entry of errorHistory is 0.500647 for index 819334, 820/1000.
The last entry of errorHistory is 0.000021 for index 819335, 820/1000.
The last entry of errorHistory is 0.000004 for index 819336, 820/1000.
Terminated at swamp 0.5.
The last entry of errorHistory is 0.500077 for index 819337, 820/1000.
Terminated at swamp 1.
The last entry of errorHistory is 1.000910 for index 819338, 820/1000.
The last entry of errorHistory is 0.000505 for index 819339, 820/1000.
Terminated at swamp 0.5.
The last entry of errorHistory is 0.500461 for index 819340, 820/1000.
Terminated at swamp 1.
The last entry of errorHistory is 1.000307 for index 819341, 820/1000.
The last entry of errorHistory is 1.000000 for index 819342, 820/1000.
Terminated at swamp 0.5.
The last entry of errorHistory is 0.500649 for index 819343, 820/1000.
Terminated at swamp 0.5.
The last entry of errorHistory is 0.500527 for index 819344, 820/1000.
Terminated at swamp 0.5.
The last entry of errorHistory is 0.500547 for index 819345, 820/1000.
The last entry of errorHistory is 0.000034 for index 819346, 820/1000.
The last entry of errorHistory is 0.000018 for index 819347, 820/1000.
Terminated at swamp 0.5.
The last entry of errorHistory is 0.500389 for index 819348, 820/1000.
Terminated at swamp 1.
The last entry of errorHistory is 1.000132 for index 819349, 820/1000.
Terminated at swamp 0.5.
The last entry of errorHistory is 0.500577 for index 819350, 820/1000.
The last entry of errorHistory is 0.500000 for index 819351, 820/1000.
Terminated at swamp 1.
The last entry of errorHistory is 1.000101 for index 819352, 820/1000.
Terminated at swamp 0.5.
The last entry of errorHistory is 0.500551 for index 819353, 820/1000.
Terminated at swamp 0.5.
The last entry of errorHistory is 0.500547 for index 819354, 820/1000.
The last entry of errorHistory is 1.000000 for index 819355, 820/1000.
The last entry of errorHistory is 0.000013 for index 819356, 820/1000.
The last entry of errorHistory is 0.000011 for index 819357, 820/1000.
Terminated at swamp 0.5.
The last entry of errorHistory is 0.500313 for index 819358, 820/1000.
The last entry of errorHistory is 1.000000 for index 819359, 820/1000.
The last entry of errorHistory is 1.000000 for index 819360, 820/1000.
Terminated at swamp 1.
The last entry of errorHistory is 1.000000 for index 819361, 820/1000.
The last entry of errorHistory is 0.000074 for index 819362, 820/1000.
Terminated at swamp 1.
The last entry of errorHistory is 1.000466 for index 819363, 820/1000.
The last entry of errorHistory is 1.000000 for index 819364, 820/1000.
The last entry of errorHistory is 1.000000 for index 819365, 820/1000.
Terminated at swamp 1.
The last entry of errorHistory is 1.000489 for index 819366, 820/1000.
Terminated at swamp 1.
The last entry of errorHistory is 1.000013 for index 819367, 820/1000.
Terminated at swamp 0.5.
The last entry of errorHistory is 0.500536 for index 819368, 820/1000.
The last entry of errorHistory is 1.000000 for index 819369, 820/1000.
The last entry of errorHistory is 1.000000 for index 819370, 820/1000.
The last entry of errorHistory is 1.000000 for index 819371, 820/1000.
Terminated at swamp 1.
The last entry of errorHistory is 1.000070 for index 819372, 820/1000.
Terminated at swamp 0.5.
The last entry of errorHistory is 0.500491 for index 819373, 820/1000.
The last entry of errorHistory is 1.000000 for index 819374, 820/1000.
The last entry of errorHistory is 0.500000 for index 819375, 820/1000.
The last entry of errorHistory is 1.000000 for index 819376, 820/1000.
The last entry of errorHistory is 1.000000 for index 819377, 820/1000.
Terminated at swamp 1.
The last entry of errorHistory is 1.000072 for index 819378, 820/1000.
Terminated at swamp 1.
The last entry of errorHistory is 1.000000 for index 819379, 820/1000.
Terminated at swamp 0.5.
The last entry of errorHistory is 0.500001 for index 819380, 820/1000.
Terminated at swamp 0.5.
The last entry of errorHistory is 0.500010 for index 819381, 820/1000.
Terminated at swamp 0.5.
The last entry of errorHistory is 0.500181 for index 819382, 820/1000.
The last entry of errorHistory is 0.500000 for index 819383, 820/1000.
The last entry of errorHistory is 1.000000 for index 819384, 820/1000.
Terminated at swamp 1.
The last entry of errorHistory is 1.000226 for index 819385, 820/1000.
Terminated at swamp 1.
The last entry of errorHistory is 1.000208 for index 819386, 820/1000.
Terminated at swamp 0.5.
The last entry of errorHistory is 0.500145 for index 819387, 820/1000.
Terminated at swamp 1.
The last entry of errorHistory is 1.000386 for index 819388, 820/1000.
Terminated at swamp 0.5.
The last entry of errorHistory is 0.500685 for index 819389, 820/1000.
Terminated at swamp 0.5.
The last entry of errorHistory is 0.500039 for index 819390, 820/1000.
Terminated at swamp 0.5.
The last entry of errorHistory is 0.500415 for index 819391, 820/1000.
Terminated at swamp 1.
The last entry of errorHistory is 1.000000 for index 819392, 820/1000.
The last entry of errorHistory is 0.000077 for index 819393, 820/1000.
Terminated at swamp 0.5.
The last entry of errorHistory is 0.500000 for index 819394, 820/1000.
Terminated at swamp 0.5.
The last entry of errorHistory is 0.500534 for index 819395, 820/1000.
The last entry of errorHistory is 0.500000 for index 819396, 820/1000.
The last entry of errorHistory is 0.500000 for index 819397, 820/1000.
Terminated at swamp 1.
The last entry of errorHistory is 1.000000 for index 819398, 820/1000.
Terminated at swamp 0.5.
The last entry of errorHistory is 0.500562 for index 819399, 820/1000.
Terminated at swamp 0.5.
The last entry of errorHistory is 0.500399 for index 819400, 820/1000.
The last entry of errorHistory is 0.000039 for index 819401, 820/1000.
Terminated at swamp 0.5.
The last entry of errorHistory is 0.500041 for index 819402, 820/1000.
Terminated at swamp 0.5.
The last entry of errorHistory is 0.500122 for index 819403, 820/1000.
The last entry of errorHistory is 0.500000 for index 819404, 820/1000.
Terminated at swamp 0.5.
The last entry of errorHistory is 0.500031 for index 819405, 820/1000.
The last entry of errorHistory is 1.000000 for index 819406, 820/1000.
The last entry of errorHistory is 0.000015 for index 819407, 820/1000.
The last entry of errorHistory is 1.500000 for index 819408, 820/1000.
Terminated at swamp 0.5.
The last entry of errorHistory is 0.500247 for index 819409, 820/1000.
The last entry of errorHistory is 1.000000 for index 819410, 820/1000.
Terminated at swamp 0.5.
The last entry of errorHistory is 0.500290 for index 819411, 820/1000.
The last entry of errorHistory is 1.000000 for index 819412, 820/1000.
Terminated at swamp 1.
The last entry of errorHistory is 1.000008 for index 819413, 820/1000.
Terminated at swamp 0.5.
The last entry of errorHistory is 0.500641 for index 819414, 820/1000.
Terminated at swamp 0.5.
The last entry of errorHistory is 0.500265 for index 819415, 820/1000.
Terminated at swamp 0.5.
The last entry of errorHistory is 0.500000 for index 819416, 820/1000.
Terminated at swamp 1.
The last entry of errorHistory is 1.000000 for index 819417, 820/1000.
Terminated at swamp 0.5.
The last entry of errorHistory is 0.500137 for index 819418, 820/1000.
Terminated at swamp 1.
The last entry of errorHistory is 1.000036 for index 819419, 820/1000.
The last entry of errorHistory is 1.000000 for index 819420, 820/1000.
The last entry of errorHistory is 0.000022 for index 819421, 820/1000.
Terminated at swamp 0.5.
The last entry of errorHistory is 0.500584 for index 819422, 820/1000.
The last entry of errorHistory is 1.000000 for index 819423, 820/1000.
Terminated at swamp 0.5.
The last entry of errorHistory is 0.500407 for index 819424, 820/1000.
The last entry of errorHistory is 1.000000 for index 819425, 820/1000.
Terminated at swamp 1.
The last entry of errorHistory is 1.000598 for index 819426, 820/1000.
Terminated at swamp 0.5.
The last entry of errorHistory is 0.500463 for index 819427, 820/1000.
Terminated at swamp 1.
The last entry of errorHistory is 1.000075 for index 819428, 820/1000.
Terminated at swamp 0.5.
The last entry of errorHistory is 0.500205 for index 819429, 820/1000.
The last entry of errorHistory is 0.501686 for index 819430, 820/1000.
The last entry of errorHistory is 1.000000 for index 819431, 820/1000.
The last entry of errorHistory is 0.500000 for index 819432, 820/1000.
Terminated at swamp 0.5.
The last entry of errorHistory is 0.500168 for index 819433, 820/1000.
The last entry of errorHistory is 0.000015 for index 819434, 820/1000.
Terminated at swamp 0.5.
The last entry of errorHistory is 0.500571 for index 819435, 820/1000.
Terminated at swamp 0.5.
The last entry of errorHistory is 0.500572 for index 819436, 820/1000.
The last entry of errorHistory is 1.000000 for index 819437, 820/1000.
Terminated at swamp 1.
The last entry of errorHistory is 1.000358 for index 819438, 820/1000.
The last entry of errorHistory is 0.500000 for index 819439, 820/1000.
Terminated at swamp 0.5.
The last entry of errorHistory is 0.500378 for index 819440, 820/1000.
Terminated at swamp 1.
The last entry of errorHistory is 1.000130 for index 819441, 820/1000.
The last entry of errorHistory is 1.000000 for index 819442, 820/1000.
The last entry of errorHistory is 0.500000 for index 819443, 820/1000.
The last entry of errorHistory is 1.000000 for index 819444, 820/1000.
The last entry of errorHistory is 1.000000 for index 819445, 820/1000.
Terminated at swamp 0.5.
The last entry of errorHistory is 0.500369 for index 819446, 820/1000.
The last entry of errorHistory is 1.000000 for index 819447, 820/1000.
The last entry of errorHistory is 0.500000 for index 819448, 820/1000.
The last entry of errorHistory is 1.000000 for index 819449, 820/1000.
The last entry of errorHistory is 1.000000 for index 819450, 820/1000.
Terminated at swamp 0.5.
The last entry of errorHistory is 0.500152 for index 819451, 820/1000.
Terminated at swamp 0.5.
The last entry of errorHistory is 0.500423 for index 819452, 820/1000.
Terminated at swamp 1.
The last entry of errorHistory is 1.000067 for index 819453, 820/1000.
Terminated at swamp 0.5.
The last entry of errorHistory is 0.500442 for index 819454, 820/1000.
Terminated at swamp 0.5.
The last entry of errorHistory is 0.500617 for index 819455, 820/1000.
The last entry of errorHistory is 1.000000 for index 819456, 820/1000.
Terminated at swamp 0.5.
The last entry of errorHistory is 0.500275 for index 819457, 820/1000.
Terminated at swamp 1.
The last entry of errorHistory is 1.000226 for index 819458, 820/1000.
Terminated at swamp 1.
The last entry of errorHistory is 1.000000 for index 819459, 820/1000.
Terminated at swamp 0.5.
The last entry of errorHistory is 0.500437 for index 819460, 820/1000.
The last entry of errorHistory is 0.000016 for index 819461, 820/1000.
Terminated at swamp 1.
The last entry of errorHistory is 1.000000 for index 819462, 820/1000.
Terminated at swamp 0.5.
The last entry of errorHistory is 0.500718 for index 819463, 820/1000.
Terminated at swamp 1.
The last entry of errorHistory is 1.000018 for index 819464, 820/1000.
Terminated at swamp 0.5.
The last entry of errorHistory is 0.500021 for index 819465, 820/1000.
Terminated at swamp 0.5.
The last entry of errorHistory is 0.500312 for index 819466, 820/1000.
Terminated at swamp 0.5.
The last entry of errorHistory is 0.500004 for index 819467, 820/1000.
The last entry of errorHistory is 0.000016 for index 819468, 820/1000.
Terminated at swamp 0.5.
The last entry of errorHistory is 0.500535 for index 819469, 820/1000.
Terminated at swamp 0.5.
The last entry of errorHistory is 0.500528 for index 819470, 820/1000.
The last entry of errorHistory is 1.000000 for index 819471, 820/1000.
The last entry of errorHistory is 0.000273 for index 819472, 820/1000.
Terminated at swamp 0.5.
The last entry of errorHistory is 0.500158 for index 819473, 820/1000.
Terminated at swamp 1.
The last entry of errorHistory is 1.000004 for index 819474, 820/1000.
Terminated at swamp 0.5.
The last entry of errorHistory is 0.500000 for index 819475, 820/1000.
Terminated at swamp 0.5.
The last entry of errorHistory is 0.500001 for index 819476, 820/1000.
The last entry of errorHistory is 0.000022 for index 819477, 820/1000.
Terminated at swamp 1.
The last entry of errorHistory is 1.000000 for index 819478, 820/1000.
Terminated at swamp 0.5.
The last entry of errorHistory is 0.500015 for index 819479, 820/1000.
Terminated at swamp 1.
The last entry of errorHistory is 1.000155 for index 819480, 820/1000.
Terminated at swamp 0.5.
The last entry of errorHistory is 0.500007 for index 819481, 820/1000.
Terminated at swamp 0.5.
The last entry of errorHistory is 0.500018 for index 819482, 820/1000.
Terminated at swamp 1.
The last entry of errorHistory is 1.000405 for index 819483, 820/1000.
Terminated at swamp 0.5.
The last entry of errorHistory is 0.500397 for index 819484, 820/1000.
Terminated at swamp 0.5.
The last entry of errorHistory is 0.500250 for index 819485, 820/1000.
The last entry of errorHistory is 0.500000 for index 819486, 820/1000.
The last entry of errorHistory is 1.000000 for index 819487, 820/1000.
Terminated at swamp 0.5.
The last entry of errorHistory is 0.500000 for index 819488, 820/1000.
Terminated at swamp 0.5.
The last entry of errorHistory is 0.500324 for index 819489, 820/1000.
The last entry of errorHistory is 0.500000 for index 819490, 820/1000.
Terminated at swamp 0.5.
The last entry of errorHistory is 0.500362 for index 819491, 820/1000.
The last entry of errorHistory is 0.000015 for index 819492, 820/1000.
Terminated at swamp 0.5.
The last entry of errorHistory is 0.500702 for index 819493, 820/1000.
Terminated at swamp 0.5.
The last entry of errorHistory is 0.500331 for index 819494, 820/1000.
Terminated at swamp 0.5.
The last entry of errorHistory is 0.500412 for index 819495, 820/1000.
Terminated at swamp 0.5.
The last entry of errorHistory is 0.500000 for index 819496, 820/1000.
The last entry of errorHistory is 0.500000 for index 819497, 820/1000.
Terminated at swamp 1.
The last entry of errorHistory is 1.000031 for index 819498, 820/1000.
Terminated at swamp 1.
The last entry of errorHistory is 1.000537 for index 819499, 820/1000.
The last entry of errorHistory is 0.000027 for index 819500, 820/1000.
The last entry of errorHistory is 1.500000 for index 819501, 820/1000.
Terminated at swamp 0.5.
The last entry of errorHistory is 0.500084 for index 819502, 820/1000.
The last entry of errorHistory is 0.000010 for index 819503, 820/1000.
The last entry of errorHistory is 1.000000 for index 819504, 820/1000.
Terminated at swamp 1.
The last entry of errorHistory is 1.000308 for index 819505, 820/1000.
The last entry of errorHistory is 1.500000 for index 819506, 820/1000.
Terminated at swamp 0.5.
The last entry of errorHistory is 0.500569 for index 819507, 820/1000.
The last entry of errorHistory is 1.000000 for index 819508, 820/1000.
Terminated at swamp 1.5.
The last entry of errorHistory is 1.500350 for index 819509, 820/1000.
The last entry of errorHistory is 1.000000 for index 819510, 820/1000.
Terminated at swamp 0.5.
The last entry of errorHistory is 0.500366 for index 819511, 820/1000.
Terminated at swamp 1.
The last entry of errorHistory is 1.000198 for index 819512, 820/1000.
The last entry of errorHistory is 1.000000 for index 819513, 820/1000.
Terminated at swamp 0.5.
The last entry of errorHistory is 0.500448 for index 819514, 820/1000.
The last entry of errorHistory is 1.000000 for index 819515, 820/1000.
Terminated at swamp 0.5.
The last entry of errorHistory is 0.500144 for index 819516, 820/1000.
Terminated at swamp 0.5.
The last entry of errorHistory is 0.500930 for index 819517, 820/1000.
Terminated at swamp 1.
The last entry of errorHistory is 1.000000 for index 819518, 820/1000.
Terminated at swamp 0.5.
The last entry of errorHistory is 0.500016 for index 819519, 820/1000.
Terminated at swamp 0.5.
The last entry of errorHistory is 0.500754 for index 819520, 820/1000.
Terminated at swamp 1.
The last entry of errorHistory is 1.000418 for index 819521, 820/1000.
Terminated at swamp 1.
The last entry of errorHistory is 1.000056 for index 819522, 820/1000.
Terminated at swamp 1.
The last entry of errorHistory is 1.000000 for index 819523, 820/1000.
Terminated at swamp 0.5.
The last entry of errorHistory is 0.500044 for index 819524, 820/1000.
The last entry of errorHistory is 1.000000 for index 819525, 820/1000.
The last entry of errorHistory is 1.500000 for index 819526, 820/1000.
Terminated at swamp 1.
The last entry of errorHistory is 1.000052 for index 819527, 820/1000.
The last entry of errorHistory is 0.500000 for index 819528, 820/1000.
Terminated at swamp 0.5.
The last entry of errorHistory is 0.500887 for index 819529, 820/1000.
Terminated at swamp 1.
The last entry of errorHistory is 1.000000 for index 819530, 820/1000.
Terminated at swamp 0.5.
The last entry of errorHistory is 0.500378 for index 819531, 820/1000.
The last entry of errorHistory is 0.500000 for index 819532, 820/1000.
Terminated at swamp 0.5.
The last entry of errorHistory is 0.500154 for index 819533, 820/1000.
Terminated at swamp 0.5.
The last entry of errorHistory is 0.500616 for index 819534, 820/1000.
The last entry of errorHistory is 1.000000 for index 819535, 820/1000.
Terminated at swamp 0.5.
The last entry of errorHistory is 0.500372 for index 819536, 820/1000.
Terminated at swamp 0.5.
The last entry of errorHistory is 0.500023 for index 819537, 820/1000.
Terminated at swamp 1.
The last entry of errorHistory is 1.000293 for index 819538, 820/1000.
Terminated at swamp 1.
The last entry of errorHistory is 1.000358 for index 819539, 820/1000.
The last entry of errorHistory is 0.000018 for index 819540, 820/1000.
Terminated at swamp 1.
The last entry of errorHistory is 1.000264 for index 819541, 820/1000.
Terminated at swamp 0.5.
The last entry of errorHistory is 0.500136 for index 819542, 820/1000.
Terminated at swamp 0.5.
The last entry of errorHistory is 0.500379 for index 819543, 820/1000.
Terminated at swamp 1.
The last entry of errorHistory is 1.000262 for index 819544, 820/1000.
The last entry of errorHistory is 1.000000 for index 819545, 820/1000.
Terminated at swamp 0.5.
The last entry of errorHistory is 0.500533 for index 819546, 820/1000.
The last entry of errorHistory is 0.000026 for index 819547, 820/1000.
The last entry of errorHistory is 1.500000 for index 819548, 820/1000.
The last entry of errorHistory is 1.000000 for index 819549, 820/1000.
The last entry of errorHistory is 1.000000 for index 819550, 820/1000.
Terminated at swamp 1.
The last entry of errorHistory is 1.000256 for index 819551, 820/1000.
Terminated at swamp 1.
The last entry of errorHistory is 1.000252 for index 819552, 820/1000.
Terminated at swamp 0.5.
The last entry of errorHistory is 0.500282 for index 819553, 820/1000.
Terminated at swamp 0.5.
The last entry of errorHistory is 0.500103 for index 819554, 820/1000.
Terminated at swamp 0.5.
The last entry of errorHistory is 0.500285 for index 819555, 820/1000.
The last entry of errorHistory is 0.500000 for index 819556, 820/1000.
The last entry of errorHistory is 1.000000 for index 819557, 820/1000.
Terminated at swamp 1.
The last entry of errorHistory is 1.000006 for index 819558, 820/1000.
Terminated at swamp 0.5.
The last entry of errorHistory is 0.500398 for index 819559, 820/1000.
Terminated at swamp 0.5.
The last entry of errorHistory is 0.500311 for index 819560, 820/1000.
The last entry of errorHistory is 1.000000 for index 819561, 820/1000.
Terminated at swamp 0.5.
The last entry of errorHistory is 0.500317 for index 819562, 820/1000.
Terminated at swamp 0.5.
The last entry of errorHistory is 0.500164 for index 819563, 820/1000.
Terminated at swamp 0.5.
The last entry of errorHistory is 0.500465 for index 819564, 820/1000.
Terminated at swamp 1.
The last entry of errorHistory is 1.000554 for index 819565, 820/1000.
Terminated at swamp 0.5.
The last entry of errorHistory is 0.500039 for index 819566, 820/1000.
Terminated at swamp 0.5.
The last entry of errorHistory is 0.500075 for index 819567, 820/1000.
The last entry of errorHistory is 1.000000 for index 819568, 820/1000.
The last entry of errorHistory is 1.000000 for index 819569, 820/1000.
The last entry of errorHistory is 0.500000 for index 819570, 820/1000.
Terminated at swamp 0.5.
The last entry of errorHistory is 0.500241 for index 819571, 820/1000.
Terminated at swamp 1.
The last entry of errorHistory is 1.000311 for index 819572, 820/1000.
Terminated at swamp 0.5.
The last entry of errorHistory is 0.500153 for index 819573, 820/1000.
Terminated at swamp 0.5.
The last entry of errorHistory is 0.500329 for index 819574, 820/1000.
Terminated at swamp 1.
The last entry of errorHistory is 0.999980 for index 819575, 820/1000.
The last entry of errorHistory is 0.500000 for index 819576, 820/1000.
Terminated at swamp 0.5.
The last entry of errorHistory is 0.500047 for index 819577, 820/1000.
Terminated at swamp 1.
The last entry of errorHistory is 1.000001 for index 819578, 820/1000.
The last entry of errorHistory is 0.000299 for index 819579, 820/1000.
The last entry of errorHistory is 0.000015 for index 819580, 820/1000.
Terminated at swamp 0.5.
The last entry of errorHistory is 0.500684 for index 819581, 820/1000.
Terminated at swamp 0.5.
The last entry of errorHistory is 0.500387 for index 819582, 820/1000.
The last entry of errorHistory is 1.000000 for index 819583, 820/1000.
Terminated at swamp 0.5.
The last entry of errorHistory is 0.500476 for index 819584, 820/1000.
Terminated at swamp 0.5.
The last entry of errorHistory is 0.500510 for index 819585, 820/1000.
The last entry of errorHistory is 1.000000 for index 819586, 820/1000.
Terminated at swamp 0.5.
The last entry of errorHistory is 0.500602 for index 819587, 820/1000.
Terminated at swamp 0.5.
The last entry of errorHistory is 0.500342 for index 819588, 820/1000.
Terminated at swamp 0.5.
The last entry of errorHistory is 0.500493 for index 819589, 820/1000.
Terminated at swamp 0.5.
The last entry of errorHistory is 0.500250 for index 819590, 820/1000.
Terminated at swamp 0.5.
The last entry of errorHistory is 0.500095 for index 819591, 820/1000.
Terminated at swamp 1.
The last entry of errorHistory is 1.000006 for index 819592, 820/1000.
The last entry of errorHistory is 1.500000 for index 819593, 820/1000.
The last entry of errorHistory is 0.000013 for index 819594, 820/1000.
Terminated at swamp 1.
The last entry of errorHistory is 1.000079 for index 819595, 820/1000.
The last entry of errorHistory is 0.000014 for index 819596, 820/1000.
Terminated at swamp 1.
The last entry of errorHistory is 1.000017 for index 819597, 820/1000.
The last entry of errorHistory is 0.000040 for index 819598, 820/1000.
Terminated at swamp 0.5.
The last entry of errorHistory is 0.500316 for index 819599, 820/1000.
Terminated at swamp 0.5.
The last entry of errorHistory is 0.500924 for index 819600, 820/1000.
Terminated at swamp 0.5.
The last entry of errorHistory is 0.500645 for index 819601, 820/1000.
Terminated at swamp 1.
The last entry of errorHistory is 1.000081 for index 819602, 820/1000.
Terminated at swamp 0.5.
The last entry of errorHistory is 0.500631 for index 819603, 820/1000.
The last entry of errorHistory is 0.000014 for index 819604, 820/1000.
Terminated at swamp 0.5.
The last entry of errorHistory is 0.500012 for index 819605, 820/1000.
Terminated at swamp 1.
The last entry of errorHistory is 1.000004 for index 819606, 820/1000.
The last entry of errorHistory is 0.000017 for index 819607, 820/1000.
The last entry of errorHistory is 1.000000 for index 819608, 820/1000.
Terminated at swamp 1.
The last entry of errorHistory is 1.000000 for index 819609, 820/1000.
Terminated at swamp 1.
The last entry of errorHistory is 1.000389 for index 819610, 820/1000.
Terminated at swamp 0.5.
The last entry of errorHistory is 0.500435 for index 819611, 820/1000.
The last entry of errorHistory is 1.000000 for index 819612, 820/1000.
Terminated at swamp 0.5.
The last entry of errorHistory is 0.500832 for index 819613, 820/1000.
The last entry of errorHistory is 1.000000 for index 819614, 820/1000.
Terminated at swamp 0.5.
The last entry of errorHistory is 0.500413 for index 819615, 820/1000.
The last entry of errorHistory is 0.000012 for index 819616, 820/1000.
Terminated at swamp 0.5.
The last entry of errorHistory is 0.500088 for index 819617, 820/1000.
The last entry of errorHistory is 0.000032 for index 819618, 820/1000.
Terminated at swamp 0.5.
The last entry of errorHistory is 0.500046 for index 819619, 820/1000.
Terminated at swamp 0.5.
The last entry of errorHistory is 0.500112 for index 819620, 820/1000.
Terminated at swamp 1.
The last entry of errorHistory is 1.000002 for index 819621, 820/1000.
Terminated at swamp 0.5.
The last entry of errorHistory is 0.500411 for index 819622, 820/1000.
Terminated at swamp 1.
The last entry of errorHistory is 1.000204 for index 819623, 820/1000.
Terminated at swamp 0.5.
The last entry of errorHistory is 0.500365 for index 819624, 820/1000.
Terminated at swamp 0.5.
The last entry of errorHistory is 0.500024 for index 819625, 820/1000.
Terminated at swamp 0.5.
The last entry of errorHistory is 0.500402 for index 819626, 820/1000.
The last entry of errorHistory is 1.000000 for index 819627, 820/1000.
Terminated at swamp 1.
The last entry of errorHistory is 1.000000 for index 819628, 820/1000.
Terminated at swamp 0.5.
The last entry of errorHistory is 0.500460 for index 819629, 820/1000.
Terminated at swamp 0.5.
The last entry of errorHistory is 0.500474 for index 819630, 820/1000.
The last entry of errorHistory is 1.500000 for index 819631, 820/1000.
The last entry of errorHistory is 0.000009 for index 819632, 820/1000.
Terminated at swamp 0.5.
The last entry of errorHistory is 0.500336 for index 819633, 820/1000.
Terminated at swamp 1.
The last entry of errorHistory is 1.000336 for index 819634, 820/1000.
Terminated at swamp 0.5.
The last entry of errorHistory is 0.500399 for index 819635, 820/1000.
The last entry of errorHistory is 0.000015 for index 819636, 820/1000.
Terminated at swamp 0.5.
The last entry of errorHistory is 0.500473 for index 819637, 820/1000.
Terminated at swamp 0.5.
The last entry of errorHistory is 0.500238 for index 819638, 820/1000.
The last entry of errorHistory is 0.000920 for index 819639, 820/1000.
Terminated at swamp 1.
The last entry of errorHistory is 1.000000 for index 819640, 820/1000.
Terminated at swamp 0.5.
The last entry of errorHistory is 0.500358 for index 819641, 820/1000.
Terminated at swamp 0.5.
The last entry of errorHistory is 0.500609 for index 819642, 820/1000.
Terminated at swamp 0.5.
The last entry of errorHistory is 0.500648 for index 819643, 820/1000.
Terminated at swamp 0.5.
The last entry of errorHistory is 0.500582 for index 819644, 820/1000.
The last entry of errorHistory is 0.500000 for index 819645, 820/1000.
Terminated at swamp 1.
The last entry of errorHistory is 1.000316 for index 819646, 820/1000.
The last entry of errorHistory is 0.000045 for index 819647, 820/1000.
Terminated at swamp 0.5.
The last entry of errorHistory is 0.500585 for index 819648, 820/1000.
Terminated at swamp 0.5.
The last entry of errorHistory is 0.500236 for index 819649, 820/1000.
Terminated at swamp 0.5.
The last entry of errorHistory is 0.500296 for index 819650, 820/1000.
The last entry of errorHistory is 0.000017 for index 819651, 820/1000.
The last entry of errorHistory is 0.500000 for index 819652, 820/1000.
Terminated at swamp 0.5.
The last entry of errorHistory is 0.500250 for index 819653, 820/1000.
The last entry of errorHistory is 1.000000 for index 819654, 820/1000.
Terminated at swamp 1.
The last entry of errorHistory is 1.000135 for index 819655, 820/1000.
The last entry of errorHistory is 1.000000 for index 819656, 820/1000.
The last entry of errorHistory is 1.000000 for index 819657, 820/1000.
Terminated at swamp 0.5.
The last entry of errorHistory is 0.500339 for index 819658, 820/1000.
Terminated at swamp 1.
The last entry of errorHistory is 1.000137 for index 819659, 820/1000.
The last entry of errorHistory is 0.000240 for index 819660, 820/1000.
The last entry of errorHistory is 0.000445 for index 819661, 820/1000.
Terminated at swamp 1.
The last entry of errorHistory is 1.000001 for index 819662, 820/1000.
The last entry of errorHistory is 1.000000 for index 819663, 820/1000.
Terminated at swamp 0.5.
The last entry of errorHistory is 0.500587 for index 819664, 820/1000.
Terminated at swamp 1.
The last entry of errorHistory is 1.000019 for index 819665, 820/1000.
The last entry of errorHistory is 0.000015 for index 819666, 820/1000.
The last entry of errorHistory is 1.000000 for index 819667, 820/1000.
Terminated at swamp 1.
The last entry of errorHistory is 1.000317 for index 819668, 820/1000.
The last entry of errorHistory is 1.000000 for index 819669, 820/1000.
Terminated at swamp 1.
The last entry of errorHistory is 1.000000 for index 819670, 820/1000.
Terminated at swamp 0.5.
The last entry of errorHistory is 0.500000 for index 819671, 820/1000.
Terminated at swamp 0.5.
The last entry of errorHistory is 0.500136 for index 819672, 820/1000.
The last entry of errorHistory is 1.000000 for index 819673, 820/1000.
The last entry of errorHistory is 1.000000 for index 819674, 820/1000.
Terminated at swamp 0.5.
The last entry of errorHistory is 0.500327 for index 819675, 820/1000.
The last entry of errorHistory is 0.500000 for index 819676, 820/1000.
Terminated at swamp 0.5.
The last entry of errorHistory is 0.500022 for index 819677, 820/1000.
Terminated at swamp 0.5.
The last entry of errorHistory is 0.500514 for index 819678, 820/1000.
Terminated at swamp 1.
The last entry of errorHistory is 1.000338 for index 819679, 820/1000.
Terminated at swamp 0.5.
The last entry of errorHistory is 0.500282 for index 819680, 820/1000.
The last entry of errorHistory is 0.000690 for index 819681, 820/1000.
Terminated at swamp 1.
The last entry of errorHistory is 1.000001 for index 819682, 820/1000.
The last entry of errorHistory is 0.000015 for index 819683, 820/1000.
The last entry of errorHistory is 0.000024 for index 819684, 820/1000.
Terminated at swamp 0.5.
The last entry of errorHistory is 0.500306 for index 819685, 820/1000.
The last entry of errorHistory is 0.000035 for index 819686, 820/1000.
Terminated at swamp 1.
The last entry of errorHistory is 1.000227 for index 819687, 820/1000.
The last entry of errorHistory is 0.000087 for index 819688, 820/1000.
Terminated at swamp 0.5.
The last entry of errorHistory is 0.500568 for index 819689, 820/1000.
The last entry of errorHistory is 1.000000 for index 819690, 820/1000.
Terminated at swamp 0.5.
The last entry of errorHistory is 0.500240 for index 819691, 820/1000.
Terminated at swamp 1.
The last entry of errorHistory is 1.000872 for index 819692, 820/1000.
The last entry of errorHistory is 1.000000 for index 819693, 820/1000.
Terminated at swamp 0.5.
The last entry of errorHistory is 0.500128 for index 819694, 820/1000.
Terminated at swamp 1.
The last entry of errorHistory is 1.000402 for index 819695, 820/1000.
The last entry of errorHistory is 0.000083 for index 819696, 820/1000.
Terminated at swamp 1.
The last entry of errorHistory is 1.000236 for index 819697, 820/1000.
Terminated at swamp 1.
The last entry of errorHistory is 1.000409 for index 819698, 820/1000.
Terminated at swamp 0.5.
The last entry of errorHistory is 0.500648 for index 819699, 820/1000.
Terminated at swamp 0.5.
The last entry of errorHistory is 0.500541 for index 819700, 820/1000.
Terminated at swamp 0.5.
The last entry of errorHistory is 0.500417 for index 819701, 820/1000.
Terminated at swamp 0.5.
The last entry of errorHistory is 0.500297 for index 819702, 820/1000.
Terminated at swamp 0.5.
The last entry of errorHistory is 0.500633 for index 819703, 820/1000.
Terminated at swamp 0.5.
The last entry of errorHistory is 0.500513 for index 819704, 820/1000.
Terminated at swamp 0.5.
The last entry of errorHistory is 0.500421 for index 819705, 820/1000.
Terminated at swamp 1.
The last entry of errorHistory is 1.000220 for index 819706, 820/1000.
The last entry of errorHistory is 1.000000 for index 819707, 820/1000.
The last entry of errorHistory is 0.500000 for index 819708, 820/1000.
Terminated at swamp 0.5.
The last entry of errorHistory is 0.500367 for index 819709, 820/1000.
Terminated at swamp 0.5.
The last entry of errorHistory is 0.500208 for index 819710, 820/1000.
Terminated at swamp 0.5.
The last entry of errorHistory is 0.500574 for index 819711, 820/1000.
Terminated at swamp 0.5.
The last entry of errorHistory is 0.500439 for index 819712, 820/1000.
Terminated at swamp 0.5.
The last entry of errorHistory is 0.500272 for index 819713, 820/1000.
Terminated at swamp 0.5.
The last entry of errorHistory is 0.500636 for index 819714, 820/1000.
The last entry of errorHistory is 0.000027 for index 819715, 820/1000.
Terminated at swamp 1.
The last entry of errorHistory is 1.000116 for index 819716, 820/1000.
The last entry of errorHistory is 1.000000 for index 819717, 820/1000.
Terminated at swamp 0.5.
The last entry of errorHistory is 0.500584 for index 819718, 820/1000.
The last entry of errorHistory is 1.000000 for index 819719, 820/1000.
Terminated at swamp 0.5.
The last entry of errorHistory is 0.500565 for index 819720, 820/1000.
Terminated at swamp 1.
The last entry of errorHistory is 1.000000 for index 819721, 820/1000.
The last entry of errorHistory is 0.000017 for index 819722, 820/1000.
The last entry of errorHistory is 0.000023 for index 819723, 820/1000.
Terminated at swamp 0.5.
The last entry of errorHistory is 0.500892 for index 819724, 820/1000.
The last entry of errorHistory is 1.000000 for index 819725, 820/1000.
Terminated at swamp 0.5.
The last entry of errorHistory is 0.500364 for index 819726, 820/1000.
Terminated at swamp 0.5.
The last entry of errorHistory is 0.500399 for index 819727, 820/1000.
Terminated at swamp 0.5.
The last entry of errorHistory is 0.500373 for index 819728, 820/1000.
Terminated at swamp 1.
The last entry of errorHistory is 1.000113 for index 819729, 820/1000.
The last entry of errorHistory is 1.000000 for index 819730, 820/1000.
The last entry of errorHistory is 0.500000 for index 819731, 820/1000.
The last entry of errorHistory is 1.000000 for index 819732, 820/1000.
Terminated at swamp 0.5.
The last entry of errorHistory is 0.500412 for index 819733, 820/1000.
Terminated at swamp 0.5.
The last entry of errorHistory is 0.500002 for index 819734, 820/1000.
Terminated at swamp 0.5.
The last entry of errorHistory is 0.500613 for index 819735, 820/1000.
Terminated at swamp 0.5.
The last entry of errorHistory is 0.500714 for index 819736, 820/1000.
The last entry of errorHistory is 0.000035 for index 819737, 820/1000.
Terminated at swamp 0.5.
The last entry of errorHistory is 0.500348 for index 819738, 820/1000.
The last entry of errorHistory is 1.000000 for index 819739, 820/1000.
Terminated at swamp 0.5.
The last entry of errorHistory is 0.500002 for index 819740, 820/1000.
The last entry of errorHistory is 1.000000 for index 819741, 820/1000.
Terminated at swamp 0.5.
The last entry of errorHistory is 0.500000 for index 819742, 820/1000.
Terminated at swamp 0.5.
The last entry of errorHistory is 0.500000 for index 819743, 820/1000.
The last entry of errorHistory is 1.000000 for index 819744, 820/1000.
The last entry of errorHistory is 0.001726 for index 819745, 820/1000.
The last entry of errorHistory is 0.000759 for index 819746, 820/1000.
Terminated at swamp 0.5.
The last entry of errorHistory is 0.500542 for index 819747, 820/1000.
The last entry of errorHistory is 1.000000 for index 819748, 820/1000.
Terminated at swamp 1.
The last entry of errorHistory is 1.000223 for index 819749, 820/1000.
Terminated at swamp 0.5.
The last entry of errorHistory is 0.500536 for index 819750, 820/1000.
Terminated at swamp 0.5.
The last entry of errorHistory is 0.500123 for index 819751, 820/1000.
Terminated at swamp 1.
The last entry of errorHistory is 0.999975 for index 819752, 820/1000.
Terminated at swamp 1.
The last entry of errorHistory is 1.000223 for index 819753, 820/1000.
The last entry of errorHistory is 1.000000 for index 819754, 820/1000.
The last entry of errorHistory is 1.000000 for index 819755, 820/1000.
The last entry of errorHistory is 1.000000 for index 819756, 820/1000.
Terminated at swamp 0.5.
The last entry of errorHistory is 0.500091 for index 819757, 820/1000.
The last entry of errorHistory is 0.500000 for index 819758, 820/1000.
Terminated at swamp 0.5.
The last entry of errorHistory is 0.500202 for index 819759, 820/1000.
Terminated at swamp 0.5.
The last entry of errorHistory is 0.500133 for index 819760, 820/1000.
The last entry of errorHistory is 0.000020 for index 819761, 820/1000.
Terminated at swamp 0.5.
The last entry of errorHistory is 0.500064 for index 819762, 820/1000.
The last entry of errorHistory is 1.000000 for index 819763, 820/1000.
The last entry of errorHistory is 1.000000 for index 819764, 820/1000.
Terminated at swamp 0.5.
The last entry of errorHistory is 0.500483 for index 819765, 820/1000.
Terminated at swamp 1.
The last entry of errorHistory is 1.000000 for index 819766, 820/1000.
Terminated at swamp 0.5.
The last entry of errorHistory is 0.500156 for index 819767, 820/1000.
Terminated at swamp 0.5.
The last entry of errorHistory is 0.500563 for index 819768, 820/1000.
The last entry of errorHistory is 0.000015 for index 819769, 820/1000.
The last entry of errorHistory is 1.500000 for index 819770, 820/1000.
Terminated at swamp 0.5.
The last entry of errorHistory is 0.500592 for index 819771, 820/1000.
The last entry of errorHistory is 1.000000 for index 819772, 820/1000.
The last entry of errorHistory is 1.000000 for index 819773, 820/1000.
Terminated at swamp 0.5.
The last entry of errorHistory is 0.500573 for index 819774, 820/1000.
Terminated at swamp 0.5.
The last entry of errorHistory is 0.500380 for index 819775, 820/1000.
The last entry of errorHistory is 1.000000 for index 819776, 820/1000.
The last entry of errorHistory is 1.000000 for index 819777, 820/1000.
Terminated at swamp 0.5.
The last entry of errorHistory is 0.500513 for index 819778, 820/1000.
The last entry of errorHistory is 0.000029 for index 819779, 820/1000.
The last entry of errorHistory is 0.500000 for index 819780, 820/1000.
Terminated at swamp 1.
The last entry of errorHistory is 1.000000 for index 819781, 820/1000.
The last entry of errorHistory is 1.000000 for index 819782, 820/1000.
The last entry of errorHistory is 0.000011 for index 819783, 820/1000.
Terminated at swamp 0.5.
The last entry of errorHistory is 0.500151 for index 819784, 820/1000.
Terminated at swamp 1.
The last entry of errorHistory is 1.000000 for index 819785, 820/1000.
The last entry of errorHistory is 1.500000 for index 819786, 820/1000.
Terminated at swamp 0.5.
The last entry of errorHistory is 0.500002 for index 819787, 820/1000.
The last entry of errorHistory is 1.000000 for index 819788, 820/1000.
The last entry of errorHistory is 0.500000 for index 819789, 820/1000.
The last entry of errorHistory is 0.500000 for index 819790, 820/1000.
Terminated at swamp 0.5.
The last entry of errorHistory is 0.500094 for index 819791, 820/1000.
The last entry of errorHistory is 0.000016 for index 819792, 820/1000.
Terminated at swamp 0.5.
The last entry of errorHistory is 0.500000 for index 819793, 820/1000.
The last entry of errorHistory is 1.000000 for index 819794, 820/1000.
Terminated at swamp 0.5.
The last entry of errorHistory is 0.500177 for index 819795, 820/1000.
Terminated at swamp 1.
The last entry of errorHistory is 1.000344 for index 819796, 820/1000.
Terminated at swamp 0.5.
The last entry of errorHistory is 0.500263 for index 819797, 820/1000.
The last entry of errorHistory is 1.500000 for index 819798, 820/1000.
The last entry of errorHistory is 0.500000 for index 819799, 820/1000.
Terminated at swamp 0.5.
The last entry of errorHistory is 0.500558 for index 819800, 820/1000.
Terminated at swamp 0.5.
The last entry of errorHistory is 0.500957 for index 819801, 820/1000.
Terminated at swamp 0.5.
The last entry of errorHistory is 0.500280 for index 819802, 820/1000.
Terminated at swamp 0.5.
The last entry of errorHistory is 0.500550 for index 819803, 820/1000.
Terminated at swamp 0.5.
The last entry of errorHistory is 0.500066 for index 819804, 820/1000.
The last entry of errorHistory is 0.000011 for index 819805, 820/1000.
Terminated at swamp 1.
The last entry of errorHistory is 1.000126 for index 819806, 820/1000.
Terminated at swamp 0.5.
The last entry of errorHistory is 0.500488 for index 819807, 820/1000.
Terminated at swamp 1.
The last entry of errorHistory is 1.000000 for index 819808, 820/1000.
The last entry of errorHistory is 1.500000 for index 819809, 820/1000.
Terminated at swamp 0.5.
The last entry of errorHistory is 0.500185 for index 819810, 820/1000.
The last entry of errorHistory is 0.000009 for index 819811, 820/1000.
Terminated at swamp 0.5.
The last entry of errorHistory is 0.500435 for index 819812, 820/1000.
Terminated at swamp 0.5.
The last entry of errorHistory is 0.500242 for index 819813, 820/1000.
The last entry of errorHistory is 1.000000 for index 819814, 820/1000.
The last entry of errorHistory is 0.000052 for index 819815, 820/1000.
Terminated at swamp 0.5.
The last entry of errorHistory is 0.500622 for index 819816, 820/1000.
Terminated at swamp 0.5.
The last entry of errorHistory is 0.500509 for index 819817, 820/1000.
Terminated at swamp 1.
The last entry of errorHistory is 1.000042 for index 819818, 820/1000.
Terminated at swamp 0.5.
The last entry of errorHistory is 0.500000 for index 819819, 820/1000.
Terminated at swamp 0.5.
The last entry of errorHistory is 0.500566 for index 819820, 820/1000.
Terminated at swamp 0.5.
The last entry of errorHistory is 0.500706 for index 819821, 820/1000.
Terminated at swamp 0.5.
The last entry of errorHistory is 0.500489 for index 819822, 820/1000.
The last entry of errorHistory is 1.000000 for index 819823, 820/1000.
The last entry of errorHistory is 0.500000 for index 819824, 820/1000.
Terminated at swamp 1.
The last entry of errorHistory is 1.000161 for index 819825, 820/1000.
The last entry of errorHistory is 1.000000 for index 819826, 820/1000.
Terminated at swamp 0.5.
The last entry of errorHistory is 0.500348 for index 819827, 820/1000.
Terminated at swamp 0.5.
The last entry of errorHistory is 0.500465 for index 819828, 820/1000.
Terminated at swamp 1.
The last entry of errorHistory is 1.000465 for index 819829, 820/1000.
Terminated at swamp 0.5.
The last entry of errorHistory is 0.500156 for index 819830, 820/1000.
The last entry of errorHistory is 0.000064 for index 819831, 820/1000.
Terminated at swamp 0.5.
The last entry of errorHistory is 0.500556 for index 819832, 820/1000.
Terminated at swamp 0.5.
The last entry of errorHistory is 0.500339 for index 819833, 820/1000.
Terminated at swamp 0.5.
The last entry of errorHistory is 0.500428 for index 819834, 820/1000.
The last entry of errorHistory is 0.500000 for index 819835, 820/1000.
The last entry of errorHistory is 1.000000 for index 819836, 820/1000.
Terminated at swamp 1.
The last entry of errorHistory is 1.000366 for index 819837, 820/1000.
The last entry of errorHistory is 0.500000 for index 819838, 820/1000.
Terminated at swamp 0.5.
The last entry of errorHistory is 0.500432 for index 819839, 820/1000.
Terminated at swamp 0.5.
The last entry of errorHistory is 0.500936 for index 819840, 820/1000.
Terminated at swamp 0.5.
The last entry of errorHistory is 0.500225 for index 819841, 820/1000.
Terminated at swamp 0.5.
The last entry of errorHistory is 0.500156 for index 819842, 820/1000.
The last entry of errorHistory is 1.000000 for index 819843, 820/1000.
Terminated at swamp 0.5.
The last entry of errorHistory is 0.500443 for index 819844, 820/1000.
The last entry of errorHistory is 0.000039 for index 819845, 820/1000.
Terminated at swamp 0.5.
The last entry of errorHistory is 0.500180 for index 819846, 820/1000.
Terminated at swamp 0.5.
The last entry of errorHistory is 0.500394 for index 819847, 820/1000.
Terminated at swamp 0.5.
The last entry of errorHistory is 0.500075 for index 819848, 820/1000.
The last entry of errorHistory is 0.000199 for index 819849, 820/1000.
The last entry of errorHistory is 1.500000 for index 819850, 820/1000.
Terminated at swamp 0.5.
The last entry of errorHistory is 0.500451 for index 819851, 820/1000.
The last entry of errorHistory is 0.000970 for index 819852, 820/1000.
The last entry of errorHistory is 1.000000 for index 819853, 820/1000.
The last entry of errorHistory is 0.000040 for index 819854, 820/1000.
The last entry of errorHistory is 0.500000 for index 819855, 820/1000.
The last entry of errorHistory is 1.000000 for index 819856, 820/1000.
The last entry of errorHistory is 0.000013 for index 819857, 820/1000.
Terminated at swamp 1.
The last entry of errorHistory is 1.000003 for index 819858, 820/1000.
The last entry of errorHistory is 1.000000 for index 819859, 820/1000.
The last entry of errorHistory is 1.000000 for index 819860, 820/1000.
Terminated at swamp 0.5.
The last entry of errorHistory is 0.500570 for index 819861, 820/1000.
Terminated at swamp 0.5.
The last entry of errorHistory is 0.500504 for index 819862, 820/1000.
The last entry of errorHistory is 1.000000 for index 819863, 820/1000.
Terminated at swamp 0.5.
The last entry of errorHistory is 0.500000 for index 819864, 820/1000.
The last entry of errorHistory is 1.000000 for index 819865, 820/1000.
The last entry of errorHistory is 0.000040 for index 819866, 820/1000.
Terminated at swamp 1.
The last entry of errorHistory is 1.000054 for index 819867, 820/1000.
Terminated at swamp 1.
The last entry of errorHistory is 1.000041 for index 819868, 820/1000.
The last entry of errorHistory is 0.000074 for index 819869, 820/1000.
Terminated at swamp 0.5.
The last entry of errorHistory is 0.500577 for index 819870, 820/1000.
Terminated at swamp 0.5.
The last entry of errorHistory is 0.500525 for index 819871, 820/1000.
The last entry of errorHistory is 1.000000 for index 819872, 820/1000.
The last entry of errorHistory is 1.500000 for index 819873, 820/1000.
The last entry of errorHistory is 0.000526 for index 819874, 820/1000.
Terminated at swamp 0.5.
The last entry of errorHistory is 0.500107 for index 819875, 820/1000.
The last entry of errorHistory is 0.000010 for index 819876, 820/1000.
Terminated at swamp 1.
The last entry of errorHistory is 1.000059 for index 819877, 820/1000.
Terminated at swamp 1.
The last entry of errorHistory is 1.000531 for index 819878, 820/1000.
The last entry of errorHistory is 0.000008 for index 819879, 820/1000.
The last entry of errorHistory is 0.000203 for index 819880, 820/1000.
Terminated at swamp 0.5.
The last entry of errorHistory is 0.500196 for index 819881, 820/1000.
Terminated at swamp 1.
The last entry of errorHistory is 1.000000 for index 819882, 820/1000.
The last entry of errorHistory is 1.000000 for index 819883, 820/1000.
Terminated at swamp 1.
The last entry of errorHistory is 1.000008 for index 819884, 820/1000.
Terminated at swamp 0.5.
The last entry of errorHistory is 0.500344 for index 819885, 820/1000.
Terminated at swamp 1.
The last entry of errorHistory is 1.000000 for index 819886, 820/1000.
Terminated at swamp 0.5.
The last entry of errorHistory is 0.500655 for index 819887, 820/1000.
Terminated at swamp 0.5.
The last entry of errorHistory is 0.500390 for index 819888, 820/1000.
Terminated at swamp 1.
The last entry of errorHistory is 1.000001 for index 819889, 820/1000.
Terminated at swamp 0.5.
The last entry of errorHistory is 0.500290 for index 819890, 820/1000.
Terminated at swamp 1.
The last entry of errorHistory is 1.000000 for index 819891, 820/1000.
Terminated at swamp 0.5.
The last entry of errorHistory is 0.500072 for index 819892, 820/1000.
Terminated at swamp 0.5.
The last entry of errorHistory is 0.500145 for index 819893, 820/1000.
The last entry of errorHistory is 1.500000 for index 819894, 820/1000.
The last entry of errorHistory is 1.000000 for index 819895, 820/1000.
Terminated at swamp 0.5.
The last entry of errorHistory is 0.500385 for index 819896, 820/1000.
Terminated at swamp 0.5.
The last entry of errorHistory is 0.500450 for index 819897, 820/1000.
Terminated at swamp 1.
The last entry of errorHistory is 1.000001 for index 819898, 820/1000.
Terminated at swamp 0.5.
The last entry of errorHistory is 0.500332 for index 819899, 820/1000.
The last entry of errorHistory is 1.000000 for index 819900, 820/1000.
Terminated at swamp 0.5.
The last entry of errorHistory is 0.500274 for index 819901, 820/1000.
Terminated at swamp 0.5.
The last entry of errorHistory is 0.500070 for index 819902, 820/1000.
The last entry of errorHistory is 0.000033 for index 819903, 820/1000.
Terminated at swamp 0.5.
The last entry of errorHistory is 0.500596 for index 819904, 820/1000.
The last entry of errorHistory is 1.000000 for index 819905, 820/1000.
The last entry of errorHistory is 0.500000 for index 819906, 820/1000.
The last entry of errorHistory is 1.500000 for index 819907, 820/1000.
Terminated at swamp 0.5.
The last entry of errorHistory is 0.500379 for index 819908, 820/1000.
The last entry of errorHistory is 1.000000 for index 819909, 820/1000.
The last entry of errorHistory is 1.000000 for index 819910, 820/1000.
The last entry of errorHistory is 1.000000 for index 819911, 820/1000.
Terminated at swamp 0.5.
The last entry of errorHistory is 0.500576 for index 819912, 820/1000.
Terminated at swamp 1.
The last entry of errorHistory is 1.000444 for index 819913, 820/1000.
Terminated at swamp 0.5.
The last entry of errorHistory is 0.500539 for index 819914, 820/1000.
Terminated at swamp 0.5.
The last entry of errorHistory is 0.500487 for index 819915, 820/1000.
Terminated at swamp 0.5.
The last entry of errorHistory is 0.500403 for index 819916, 820/1000.
Terminated at swamp 0.5.
The last entry of errorHistory is 0.500354 for index 819917, 820/1000.
The last entry of errorHistory is 0.000427 for index 819918, 820/1000.
Terminated at swamp 1.
The last entry of errorHistory is 1.000000 for index 819919, 820/1000.
The last entry of errorHistory is 1.000000 for index 819920, 820/1000.
Terminated at swamp 1.
The last entry of errorHistory is 1.000228 for index 819921, 820/1000.
Terminated at swamp 0.5.
The last entry of errorHistory is 0.500336 for index 819922, 820/1000.
Terminated at swamp 0.5.
The last entry of errorHistory is 0.500569 for index 819923, 820/1000.
Terminated at swamp 0.5.
The last entry of errorHistory is 0.500559 for index 819924, 820/1000.
Terminated at swamp 1.
The last entry of errorHistory is 1.000051 for index 819925, 820/1000.
The last entry of errorHistory is 1.000000 for index 819926, 820/1000.
The last entry of errorHistory is 0.500000 for index 819927, 820/1000.
The last entry of errorHistory is 1.000000 for index 819928, 820/1000.
Terminated at swamp 0.5.
The last entry of errorHistory is 0.500613 for index 819929, 820/1000.
The last entry of errorHistory is 0.000016 for index 819930, 820/1000.
The last entry of errorHistory is 1.000000 for index 819931, 820/1000.
The last entry of errorHistory is 1.000000 for index 819932, 820/1000.
The last entry of errorHistory is 0.500000 for index 819933, 820/1000.
Terminated at swamp 0.5.
The last entry of errorHistory is 0.500042 for index 819934, 820/1000.
Terminated at swamp 0.5.
The last entry of errorHistory is 0.500052 for index 819935, 820/1000.
The last entry of errorHistory is 1.000000 for index 819936, 820/1000.
The last entry of errorHistory is 1.000000 for index 819937, 820/1000.
The last entry of errorHistory is 0.000766 for index 819938, 820/1000.
The last entry of errorHistory is 0.000008 for index 819939, 820/1000.
The last entry of errorHistory is 1.000000 for index 819940, 820/1000.
Terminated at swamp 0.5.
The last entry of errorHistory is 0.500358 for index 819941, 820/1000.
The last entry of errorHistory is 0.500000 for index 819942, 820/1000.
The last entry of errorHistory is 1.000000 for index 819943, 820/1000.
Terminated at swamp 1.
The last entry of errorHistory is 1.000312 for index 819944, 820/1000.
Terminated at swamp 0.5.
The last entry of errorHistory is 0.500007 for index 819945, 820/1000.
The last entry of errorHistory is 1.000000 for index 819946, 820/1000.
Terminated at swamp 0.5.
The last entry of errorHistory is 0.500620 for index 819947, 820/1000.
Terminated at swamp 0.5.
The last entry of errorHistory is 0.500420 for index 819948, 820/1000.
The last entry of errorHistory is 1.000000 for index 819949, 820/1000.
Terminated at swamp 1.
The last entry of errorHistory is 1.000135 for index 819950, 820/1000.
The last entry of errorHistory is 0.500000 for index 819951, 820/1000.
The last entry of errorHistory is 0.000290 for index 819952, 820/1000.
Terminated at swamp 1.
The last entry of errorHistory is 0.999355 for index 819953, 820/1000.
The last entry of errorHistory is 0.500000 for index 819954, 820/1000.
The last entry of errorHistory is 0.000010 for index 819955, 820/1000.
The last entry of errorHistory is 1.500000 for index 819956, 820/1000.
Terminated at swamp 0.5.
The last entry of errorHistory is 0.500283 for index 819957, 820/1000.
Terminated at swamp 0.5.
The last entry of errorHistory is 0.500356 for index 819958, 820/1000.
Terminated at swamp 0.5.
The last entry of errorHistory is 0.500382 for index 819959, 820/1000.
Terminated at swamp 0.5.
The last entry of errorHistory is 0.500619 for index 819960, 820/1000.
Terminated at swamp 0.5.
The last entry of errorHistory is 0.500900 for index 819961, 820/1000.
Terminated at swamp 1.
The last entry of errorHistory is 1.000369 for index 819962, 820/1000.
Terminated at swamp 0.5.
The last entry of errorHistory is 0.500709 for index 819963, 820/1000.
Terminated at swamp 0.5.
The last entry of errorHistory is 0.499332 for index 819964, 820/1000.
The last entry of errorHistory is 0.000008 for index 819965, 820/1000.
The last entry of errorHistory is 1.000000 for index 819966, 820/1000.
Terminated at swamp 0.5.
The last entry of errorHistory is 0.500593 for index 819967, 820/1000.
The last entry of errorHistory is 0.000009 for index 819968, 820/1000.
Terminated at swamp 0.5.
The last entry of errorHistory is 0.500680 for index 819969, 820/1000.
Terminated at swamp 1.
The last entry of errorHistory is 1.000048 for index 819970, 820/1000.
Terminated at swamp 1.
The last entry of errorHistory is 1.000329 for index 819971, 820/1000.
Terminated at swamp 0.5.
The last entry of errorHistory is 0.500104 for index 819972, 820/1000.
Terminated at swamp 0.5.
The last entry of errorHistory is 0.500886 for index 819973, 820/1000.
Terminated at swamp 0.5.
The last entry of errorHistory is 0.500320 for index 819974, 820/1000.
Terminated at swamp 1.
The last entry of errorHistory is 1.000000 for index 819975, 820/1000.
Terminated at swamp 0.5.
The last entry of errorHistory is 0.500529 for index 819976, 820/1000.
Terminated at swamp 1.
The last entry of errorHistory is 1.000046 for index 819977, 820/1000.
The last entry of errorHistory is 1.000000 for index 819978, 820/1000.
Terminated at swamp 1.
The last entry of errorHistory is 1.000034 for index 819979, 820/1000.
Terminated at swamp 0.5.
The last entry of errorHistory is 0.500273 for index 819980, 820/1000.
Terminated at swamp 0.5.
The last entry of errorHistory is 0.500588 for index 819981, 820/1000.
Terminated at swamp 1.
The last entry of errorHistory is 1.000048 for index 819982, 820/1000.
Terminated at swamp 1.
The last entry of errorHistory is 1.000079 for index 819983, 820/1000.
Terminated at swamp 0.5.
The last entry of errorHistory is 0.500036 for index 819984, 820/1000.
Terminated at swamp 1.
The last entry of errorHistory is 1.000178 for index 819985, 820/1000.
The last entry of errorHistory is 0.000007 for index 819986, 820/1000.
The last entry of errorHistory is 0.500000 for index 819987, 820/1000.
Terminated at swamp 0.5.
The last entry of errorHistory is 0.500366 for index 819988, 820/1000.
Terminated at swamp 0.5.
The last entry of errorHistory is 0.500171 for index 819989, 820/1000.
The last entry of errorHistory is 0.000503 for index 819990, 820/1000.
Terminated at swamp 1.
The last entry of errorHistory is 1.000326 for index 819991, 820/1000.
Terminated at swamp 1.
The last entry of errorHistory is 1.000000 for index 819992, 820/1000.
Terminated at swamp 0.5.
The last entry of errorHistory is 0.500554 for index 819993, 820/1000.
The last entry of errorHistory is 0.000024 for index 819994, 820/1000.
Terminated at swamp 0.5.
The last entry of errorHistory is 0.500059 for index 819995, 820/1000.
Terminated at swamp 1.
The last entry of errorHistory is 1.000000 for index 819996, 820/1000.
Terminated at swamp 0.5.
The last entry of errorHistory is 0.500285 for index 819997, 820/1000.
The last entry of errorHistory is 0.500000 for index 819998, 820/1000.
Terminated at swamp 0.5.
The last entry of errorHistory is 0.500527 for index 819999, 820/1000.
Terminated at swamp 0.5.
The last entry of errorHistory is 0.500343 for index 820000, 820/1000.
