
                            < M A T L A B (R) >
                  Copyright 1984-2018 The MathWorks, Inc.
                   R2018b (9.5.0.944444) 64-bit (glnxa64)
                              August 28, 2018

 
To get started, type doc.
For product information, visit www.mathworks.com.
 
Terminated at swamp 0.5.
The last entry of errorHistory is 0.500517 for index 824001, 825/1000.
The last entry of errorHistory is 0.000330 for index 824002, 825/1000.
Terminated at swamp 0.5.
The last entry of errorHistory is 0.500406 for index 824003, 825/1000.
Terminated at swamp 0.5.
The last entry of errorHistory is 0.500467 for index 824004, 825/1000.
Terminated at swamp 0.5.
The last entry of errorHistory is 0.500449 for index 824005, 825/1000.
Terminated at swamp 0.5.
The last entry of errorHistory is 0.500410 for index 824006, 825/1000.
Terminated at swamp 0.5.
The last entry of errorHistory is 0.500416 for index 824007, 825/1000.
Terminated at swamp 0.5.
The last entry of errorHistory is 0.500335 for index 824008, 825/1000.
Terminated at swamp 0.5.
The last entry of errorHistory is 0.500270 for index 824009, 825/1000.
The last entry of errorHistory is 1.000000 for index 824010, 825/1000.
Terminated at swamp 1.
The last entry of errorHistory is 1.000276 for index 824011, 825/1000.
Terminated at swamp 0.5.
The last entry of errorHistory is 0.500337 for index 824012, 825/1000.
Terminated at swamp 0.5.
The last entry of errorHistory is 0.500591 for index 824013, 825/1000.
Terminated at swamp 0.5.
The last entry of errorHistory is 0.500469 for index 824014, 825/1000.
Terminated at swamp 1.
The last entry of errorHistory is 1.000272 for index 824015, 825/1000.
Terminated at swamp 1.
The last entry of errorHistory is 1.000000 for index 824016, 825/1000.
Terminated at swamp 0.5.
The last entry of errorHistory is 0.500502 for index 824017, 825/1000.
The last entry of errorHistory is 0.000147 for index 824018, 825/1000.
Terminated at swamp 0.5.
The last entry of errorHistory is 0.500537 for index 824019, 825/1000.
Terminated at swamp 0.5.
The last entry of errorHistory is 0.500415 for index 824020, 825/1000.
Terminated at swamp 0.5.
The last entry of errorHistory is 0.500031 for index 824021, 825/1000.
The last entry of errorHistory is 0.000688 for index 824022, 825/1000.
Terminated at swamp 0.5.
The last entry of errorHistory is 0.500400 for index 824023, 825/1000.
The last entry of errorHistory is 0.500000 for index 824024, 825/1000.
The last entry of errorHistory is 1.000000 for index 824025, 825/1000.
Terminated at swamp 0.5.
The last entry of errorHistory is 0.500276 for index 824026, 825/1000.
Terminated at swamp 0.5.
The last entry of errorHistory is 0.500309 for index 824027, 825/1000.
Terminated at swamp 1.
The last entry of errorHistory is 1.000110 for index 824028, 825/1000.
Terminated at swamp 0.5.
The last entry of errorHistory is 0.500100 for index 824029, 825/1000.
The last entry of errorHistory is 0.500000 for index 824030, 825/1000.
Terminated at swamp 0.5.
The last entry of errorHistory is 0.500473 for index 824031, 825/1000.
Terminated at swamp 1.
The last entry of errorHistory is 1.000000 for index 824032, 825/1000.
Terminated at swamp 1.
The last entry of errorHistory is 1.000000 for index 824033, 825/1000.
Terminated at swamp 0.5.
The last entry of errorHistory is 0.500281 for index 824034, 825/1000.
The last entry of errorHistory is 0.000017 for index 824035, 825/1000.
The last entry of errorHistory is 1.000000 for index 824036, 825/1000.
Terminated at swamp 0.5.
The last entry of errorHistory is 0.500443 for index 824037, 825/1000.
The last entry of errorHistory is 0.000003 for index 824038, 825/1000.
Terminated at swamp 1.
The last entry of errorHistory is 1.000328 for index 824039, 825/1000.
The last entry of errorHistory is 1.000000 for index 824040, 825/1000.
Terminated at swamp 0.5.
The last entry of errorHistory is 0.500229 for index 824041, 825/1000.
Terminated at swamp 0.5.
The last entry of errorHistory is 0.500704 for index 824042, 825/1000.
Terminated at swamp 1.
The last entry of errorHistory is 1.000003 for index 824043, 825/1000.
Terminated at swamp 0.5.
The last entry of errorHistory is 0.500325 for index 824044, 825/1000.
Terminated at swamp 1.
The last entry of errorHistory is 1.000128 for index 824045, 825/1000.
The last entry of errorHistory is 1.000000 for index 824046, 825/1000.
The last entry of errorHistory is 1.000000 for index 824047, 825/1000.
The last entry of errorHistory is 0.000467 for index 824048, 825/1000.
The last entry of errorHistory is 0.000021 for index 824049, 825/1000.
The last entry of errorHistory is 0.500000 for index 824050, 825/1000.
Terminated at swamp 0.5.
The last entry of errorHistory is 0.500173 for index 824051, 825/1000.
Terminated at swamp 0.5.
The last entry of errorHistory is 0.500329 for index 824052, 825/1000.
Terminated at swamp 0.5.
The last entry of errorHistory is 0.500041 for index 824053, 825/1000.
The last entry of errorHistory is 1.000000 for index 824054, 825/1000.
The last entry of errorHistory is 0.000307 for index 824055, 825/1000.
The last entry of errorHistory is 1.000000 for index 824056, 825/1000.
Terminated at swamp 1.
The last entry of errorHistory is 1.000058 for index 824057, 825/1000.
Terminated at swamp 0.5.
The last entry of errorHistory is 0.500497 for index 824058, 825/1000.
Terminated at swamp 0.5.
The last entry of errorHistory is 0.500365 for index 824059, 825/1000.
The last entry of errorHistory is 1.000000 for index 824060, 825/1000.
Terminated at swamp 0.5.
The last entry of errorHistory is 0.500480 for index 824061, 825/1000.
The last entry of errorHistory is 0.000041 for index 824062, 825/1000.
Terminated at swamp 0.5.
The last entry of errorHistory is 0.500581 for index 824063, 825/1000.
The last entry of errorHistory is 1.000000 for index 824064, 825/1000.
Terminated at swamp 1.
The last entry of errorHistory is 0.999844 for index 824065, 825/1000.
Terminated at swamp 1.
The last entry of errorHistory is 1.000000 for index 824066, 825/1000.
Terminated at swamp 0.5.
The last entry of errorHistory is 0.500180 for index 824067, 825/1000.
Terminated at swamp 0.5.
The last entry of errorHistory is 0.500559 for index 824068, 825/1000.
Terminated at swamp 0.5.
The last entry of errorHistory is 0.500369 for index 824069, 825/1000.
Terminated at swamp 0.5.
The last entry of errorHistory is 0.500442 for index 824070, 825/1000.
Terminated at swamp 0.5.
The last entry of errorHistory is 0.500623 for index 824071, 825/1000.
The last entry of errorHistory is 1.000000 for index 824072, 825/1000.
Terminated at swamp 0.5.
The last entry of errorHistory is 0.500399 for index 824073, 825/1000.
The last entry of errorHistory is 0.500000 for index 824074, 825/1000.
Terminated at swamp 0.5.
The last entry of errorHistory is 0.500219 for index 824075, 825/1000.
Terminated at swamp 0.5.
The last entry of errorHistory is 0.500399 for index 824076, 825/1000.
Terminated at swamp 0.5.
The last entry of errorHistory is 0.500061 for index 824077, 825/1000.
The last entry of errorHistory is 1.500000 for index 824078, 825/1000.
The last entry of errorHistory is 1.000000 for index 824079, 825/1000.
The last entry of errorHistory is 0.000057 for index 824080, 825/1000.
Terminated at swamp 0.5.
The last entry of errorHistory is 0.500463 for index 824081, 825/1000.
Terminated at swamp 1.
The last entry of errorHistory is 1.000227 for index 824082, 825/1000.
Terminated at swamp 0.5.
The last entry of errorHistory is 0.500246 for index 824083, 825/1000.
Terminated at swamp 0.5.
The last entry of errorHistory is 0.500409 for index 824084, 825/1000.
Terminated at swamp 0.5.
The last entry of errorHistory is 0.500612 for index 824085, 825/1000.
Terminated at swamp 0.5.
The last entry of errorHistory is 0.500393 for index 824086, 825/1000.
Terminated at swamp 0.5.
The last entry of errorHistory is 0.500000 for index 824087, 825/1000.
The last entry of errorHistory is 1.500000 for index 824088, 825/1000.
Terminated at swamp 0.5.
The last entry of errorHistory is 0.500644 for index 824089, 825/1000.
The last entry of errorHistory is 1.000000 for index 824090, 825/1000.
The last entry of errorHistory is 1.000000 for index 824091, 825/1000.
Terminated at swamp 0.5.
The last entry of errorHistory is 0.500691 for index 824092, 825/1000.
Terminated at swamp 1.
The last entry of errorHistory is 1.000045 for index 824093, 825/1000.
Terminated at swamp 0.5.
The last entry of errorHistory is 0.500187 for index 824094, 825/1000.
Terminated at swamp 0.5.
The last entry of errorHistory is 0.500079 for index 824095, 825/1000.
Terminated at swamp 0.5.
The last entry of errorHistory is 0.500934 for index 824096, 825/1000.
Terminated at swamp 0.5.
The last entry of errorHistory is 0.500057 for index 824097, 825/1000.
The last entry of errorHistory is 0.000023 for index 824098, 825/1000.
The last entry of errorHistory is 0.000031 for index 824099, 825/1000.
Terminated at swamp 0.5.
The last entry of errorHistory is 0.500418 for index 824100, 825/1000.
The last entry of errorHistory is 1.000000 for index 824101, 825/1000.
Terminated at swamp 0.5.
The last entry of errorHistory is 0.500521 for index 824102, 825/1000.
The last entry of errorHistory is 1.000000 for index 824103, 825/1000.
Terminated at swamp 0.5.
The last entry of errorHistory is 0.500059 for index 824104, 825/1000.
Terminated at swamp 1.
The last entry of errorHistory is 1.000025 for index 824105, 825/1000.
Terminated at swamp 0.5.
The last entry of errorHistory is 0.500065 for index 824106, 825/1000.
Terminated at swamp 1.
The last entry of errorHistory is 1.000000 for index 824107, 825/1000.
Terminated at swamp 1.
The last entry of errorHistory is 1.000000 for index 824108, 825/1000.
The last entry of errorHistory is 0.000329 for index 824109, 825/1000.
Terminated at swamp 0.5.
The last entry of errorHistory is 0.500046 for index 824110, 825/1000.
Terminated at swamp 0.5.
The last entry of errorHistory is 0.500011 for index 824111, 825/1000.
The last entry of errorHistory is 1.500000 for index 824112, 825/1000.
The last entry of errorHistory is 1.000000 for index 824113, 825/1000.
The last entry of errorHistory is 1.000000 for index 824114, 825/1000.
Terminated at swamp 0.5.
The last entry of errorHistory is 0.500052 for index 824115, 825/1000.
The last entry of errorHistory is 1.000000 for index 824116, 825/1000.
Terminated at swamp 0.5.
The last entry of errorHistory is 0.500231 for index 824117, 825/1000.
Terminated at swamp 0.5.
The last entry of errorHistory is 0.500067 for index 824118, 825/1000.
The last entry of errorHistory is 0.504780 for index 824119, 825/1000.
Terminated at swamp 0.5.
The last entry of errorHistory is 0.500376 for index 824120, 825/1000.
The last entry of errorHistory is 1.000000 for index 824121, 825/1000.
Terminated at swamp 0.5.
The last entry of errorHistory is 0.500609 for index 824122, 825/1000.
The last entry of errorHistory is 0.000621 for index 824123, 825/1000.
Terminated at swamp 0.5.
The last entry of errorHistory is 0.500427 for index 824124, 825/1000.
Terminated at swamp 0.5.
The last entry of errorHistory is 0.500306 for index 824125, 825/1000.
Terminated at swamp 0.5.
The last entry of errorHistory is 0.500398 for index 824126, 825/1000.
The last entry of errorHistory is 0.500000 for index 824127, 825/1000.
Terminated at swamp 0.5.
The last entry of errorHistory is 0.500510 for index 824128, 825/1000.
Terminated at swamp 1.
The last entry of errorHistory is 1.000082 for index 824129, 825/1000.
The last entry of errorHistory is 0.000676 for index 824130, 825/1000.
Terminated at swamp 1.
The last entry of errorHistory is 1.000353 for index 824131, 825/1000.
Terminated at swamp 0.5.
The last entry of errorHistory is 0.500222 for index 824132, 825/1000.
Terminated at swamp 0.5.
The last entry of errorHistory is 0.500643 for index 824133, 825/1000.
Terminated at swamp 0.5.
The last entry of errorHistory is 0.500607 for index 824134, 825/1000.
Terminated at swamp 0.5.
The last entry of errorHistory is 0.500000 for index 824135, 825/1000.
Terminated at swamp 0.5.
The last entry of errorHistory is 0.500418 for index 824136, 825/1000.
The last entry of errorHistory is 0.500000 for index 824137, 825/1000.
The last entry of errorHistory is 0.500000 for index 824138, 825/1000.
The last entry of errorHistory is 0.000022 for index 824139, 825/1000.
Terminated at swamp 0.5.
The last entry of errorHistory is 0.500497 for index 824140, 825/1000.
Terminated at swamp 0.5.
The last entry of errorHistory is 0.500346 for index 824141, 825/1000.
Terminated at swamp 1.
The last entry of errorHistory is 1.000002 for index 824142, 825/1000.
Terminated at swamp 0.5.
The last entry of errorHistory is 0.500000 for index 824143, 825/1000.
Terminated at swamp 0.5.
The last entry of errorHistory is 0.500408 for index 824144, 825/1000.
Terminated at swamp 0.5.
The last entry of errorHistory is 0.500016 for index 824145, 825/1000.
Terminated at swamp 0.5.
The last entry of errorHistory is 0.500363 for index 824146, 825/1000.
The last entry of errorHistory is 0.000128 for index 824147, 825/1000.
The last entry of errorHistory is 0.500000 for index 824148, 825/1000.
Terminated at swamp 1.5.
The last entry of errorHistory is 1.500000 for index 824149, 825/1000.
Terminated at swamp 0.5.
The last entry of errorHistory is 0.500305 for index 824150, 825/1000.
Terminated at swamp 0.5.
The last entry of errorHistory is 0.500488 for index 824151, 825/1000.
Terminated at swamp 0.5.
The last entry of errorHistory is 0.500389 for index 824152, 825/1000.
Terminated at swamp 0.5.
The last entry of errorHistory is 0.500161 for index 824153, 825/1000.
Terminated at swamp 0.5.
The last entry of errorHistory is 0.500038 for index 824154, 825/1000.
Terminated at swamp 0.5.
The last entry of errorHistory is 0.500520 for index 824155, 825/1000.
Terminated at swamp 0.5.
The last entry of errorHistory is 0.500539 for index 824156, 825/1000.
Terminated at swamp 0.5.
The last entry of errorHistory is 0.500761 for index 824157, 825/1000.
Terminated at swamp 0.5.
The last entry of errorHistory is 0.500682 for index 824158, 825/1000.
The last entry of errorHistory is 1.000000 for index 824159, 825/1000.
Terminated at swamp 0.5.
The last entry of errorHistory is 0.500510 for index 824160, 825/1000.
Terminated at swamp 0.5.
The last entry of errorHistory is 0.500000 for index 824161, 825/1000.
Terminated at swamp 0.5.
The last entry of errorHistory is 0.500325 for index 824162, 825/1000.
Terminated at swamp 1.
The last entry of errorHistory is 1.000086 for index 824163, 825/1000.
Terminated at swamp 0.5.
The last entry of errorHistory is 0.500491 for index 824164, 825/1000.
The last entry of errorHistory is 1.000000 for index 824165, 825/1000.
The last entry of errorHistory is 1.000000 for index 824166, 825/1000.
The last entry of errorHistory is 0.000018 for index 824167, 825/1000.
The last entry of errorHistory is 0.000019 for index 824168, 825/1000.
Terminated at swamp 0.5.
The last entry of errorHistory is 0.500387 for index 824169, 825/1000.
Terminated at swamp 1.
The last entry of errorHistory is 1.000000 for index 824170, 825/1000.
The last entry of errorHistory is 1.000000 for index 824171, 825/1000.
The last entry of errorHistory is 1.000000 for index 824172, 825/1000.
The last entry of errorHistory is 0.000021 for index 824173, 825/1000.
Terminated at swamp 1.
The last entry of errorHistory is 1.000017 for index 824174, 825/1000.
The last entry of errorHistory is 0.500000 for index 824175, 825/1000.
The last entry of errorHistory is 0.500000 for index 824176, 825/1000.
Terminated at swamp 0.5.
The last entry of errorHistory is 0.500764 for index 824177, 825/1000.
The last entry of errorHistory is 0.000528 for index 824178, 825/1000.
The last entry of errorHistory is 0.000103 for index 824179, 825/1000.
The last entry of errorHistory is 0.000024 for index 824180, 825/1000.
Terminated at swamp 0.5.
The last entry of errorHistory is 0.500501 for index 824181, 825/1000.
The last entry of errorHistory is 0.000024 for index 824182, 825/1000.
Terminated at swamp 1.
The last entry of errorHistory is 1.000328 for index 824183, 825/1000.
Terminated at swamp 1.
The last entry of errorHistory is 1.000481 for index 824184, 825/1000.
The last entry of errorHistory is 1.000000 for index 824185, 825/1000.
Terminated at swamp 0.5.
The last entry of errorHistory is 0.500522 for index 824186, 825/1000.
Terminated at swamp 0.5.
The last entry of errorHistory is 0.500439 for index 824187, 825/1000.
The last entry of errorHistory is 1.500000 for index 824188, 825/1000.
Terminated at swamp 0.5.
The last entry of errorHistory is 0.500713 for index 824189, 825/1000.
Terminated at swamp 1.
The last entry of errorHistory is 1.000538 for index 824190, 825/1000.
Terminated at swamp 0.5.
The last entry of errorHistory is 0.500478 for index 824191, 825/1000.
The last entry of errorHistory is 1.500000 for index 824192, 825/1000.
Terminated at swamp 1.
The last entry of errorHistory is 1.000000 for index 824193, 825/1000.
Terminated at swamp 0.5.
The last entry of errorHistory is 0.500552 for index 824194, 825/1000.
Terminated at swamp 0.5.
The last entry of errorHistory is 0.500539 for index 824195, 825/1000.
The last entry of errorHistory is 0.000010 for index 824196, 825/1000.
Terminated at swamp 1.
The last entry of errorHistory is 1.000295 for index 824197, 825/1000.
Terminated at swamp 0.5.
The last entry of errorHistory is 0.500411 for index 824198, 825/1000.
Terminated at swamp 0.5.
The last entry of errorHistory is 0.500256 for index 824199, 825/1000.
Terminated at swamp 0.5.
The last entry of errorHistory is 0.500466 for index 824200, 825/1000.
Terminated at swamp 0.5.
The last entry of errorHistory is 0.500416 for index 824201, 825/1000.
Terminated at swamp 0.5.
The last entry of errorHistory is 0.500318 for index 824202, 825/1000.
The last entry of errorHistory is 1.000000 for index 824203, 825/1000.
The last entry of errorHistory is 1.500000 for index 824204, 825/1000.
The last entry of errorHistory is 1.000000 for index 824205, 825/1000.
Terminated at swamp 0.5.
The last entry of errorHistory is 0.500092 for index 824206, 825/1000.
Terminated at swamp 0.5.
The last entry of errorHistory is 0.500059 for index 824207, 825/1000.
The last entry of errorHistory is 1.000000 for index 824208, 825/1000.
Terminated at swamp 0.5.
The last entry of errorHistory is 0.500529 for index 824209, 825/1000.
The last entry of errorHistory is 0.000091 for index 824210, 825/1000.
Terminated at swamp 0.5.
The last entry of errorHistory is 0.500424 for index 824211, 825/1000.
The last entry of errorHistory is 1.000000 for index 824212, 825/1000.
Terminated at swamp 1.
The last entry of errorHistory is 1.000237 for index 824213, 825/1000.
Terminated at swamp 0.5.
The last entry of errorHistory is 0.500210 for index 824214, 825/1000.
Terminated at swamp 1.
The last entry of errorHistory is 1.000442 for index 824215, 825/1000.
Terminated at swamp 0.5.
The last entry of errorHistory is 0.500008 for index 824216, 825/1000.
The last entry of errorHistory is 0.500000 for index 824217, 825/1000.
The last entry of errorHistory is 1.000000 for index 824218, 825/1000.
The last entry of errorHistory is 0.000016 for index 824219, 825/1000.
Terminated at swamp 0.5.
The last entry of errorHistory is 0.500382 for index 824220, 825/1000.
Terminated at swamp 0.5.
The last entry of errorHistory is 0.500759 for index 824221, 825/1000.
The last entry of errorHistory is 0.500000 for index 824222, 825/1000.
Terminated at swamp 0.5.
The last entry of errorHistory is 0.500098 for index 824223, 825/1000.
Terminated at swamp 0.5.
The last entry of errorHistory is 0.500060 for index 824224, 825/1000.
Terminated at swamp 0.5.
The last entry of errorHistory is 0.500569 for index 824225, 825/1000.
Terminated at swamp 0.5.
The last entry of errorHistory is 0.500035 for index 824226, 825/1000.
Terminated at swamp 0.5.
The last entry of errorHistory is 0.500300 for index 824227, 825/1000.
The last entry of errorHistory is 1.000000 for index 824228, 825/1000.
Terminated at swamp 0.5.
The last entry of errorHistory is 0.500577 for index 824229, 825/1000.
The last entry of errorHistory is 1.000000 for index 824230, 825/1000.
Terminated at swamp 0.5.
The last entry of errorHistory is 0.500047 for index 824231, 825/1000.
The last entry of errorHistory is 1.000000 for index 824232, 825/1000.
Terminated at swamp 0.5.
The last entry of errorHistory is 0.500622 for index 824233, 825/1000.
Terminated at swamp 0.5.
The last entry of errorHistory is 0.500018 for index 824234, 825/1000.
The last entry of errorHistory is 1.000000 for index 824235, 825/1000.
The last entry of errorHistory is 0.500000 for index 824236, 825/1000.
The last entry of errorHistory is 1.000000 for index 824237, 825/1000.
Terminated at swamp 0.5.
The last entry of errorHistory is 0.500452 for index 824238, 825/1000.
Terminated at swamp 0.5.
The last entry of errorHistory is 0.500389 for index 824239, 825/1000.
Terminated at swamp 1.
The last entry of errorHistory is 1.000128 for index 824240, 825/1000.
Terminated at swamp 0.5.
The last entry of errorHistory is 0.500581 for index 824241, 825/1000.
The last entry of errorHistory is 0.500000 for index 824242, 825/1000.
Terminated at swamp 0.5.
The last entry of errorHistory is 0.500519 for index 824243, 825/1000.
Terminated at swamp 0.5.
The last entry of errorHistory is 0.500373 for index 824244, 825/1000.
Terminated at swamp 0.5.
The last entry of errorHistory is 0.500368 for index 824245, 825/1000.
Terminated at swamp 0.5.
The last entry of errorHistory is 0.500498 for index 824246, 825/1000.
Terminated at swamp 0.5.
The last entry of errorHistory is 0.500009 for index 824247, 825/1000.
The last entry of errorHistory is 0.500000 for index 824248, 825/1000.
The last entry of errorHistory is 1.000000 for index 824249, 825/1000.
The last entry of errorHistory is 1.000000 for index 824250, 825/1000.
The last entry of errorHistory is 1.000000 for index 824251, 825/1000.
The last entry of errorHistory is 0.000013 for index 824252, 825/1000.
Terminated at swamp 0.5.
The last entry of errorHistory is 0.500026 for index 824253, 825/1000.
The last entry of errorHistory is 1.500000 for index 824254, 825/1000.
The last entry of errorHistory is 1.000000 for index 824255, 825/1000.
Terminated at swamp 0.5.
The last entry of errorHistory is 0.500088 for index 824256, 825/1000.
Terminated at swamp 0.5.
The last entry of errorHistory is 0.500462 for index 824257, 825/1000.
Terminated at swamp 0.5.
The last entry of errorHistory is 0.500155 for index 824258, 825/1000.
Terminated at swamp 1.
The last entry of errorHistory is 1.000001 for index 824259, 825/1000.
The last entry of errorHistory is 0.000646 for index 824260, 825/1000.
Terminated at swamp 0.5.
The last entry of errorHistory is 0.500657 for index 824261, 825/1000.
Terminated at swamp 1.
The last entry of errorHistory is 1.000151 for index 824262, 825/1000.
Terminated at swamp 0.5.
The last entry of errorHistory is 0.500879 for index 824263, 825/1000.
The last entry of errorHistory is 1.000000 for index 824264, 825/1000.
Terminated at swamp 0.5.
The last entry of errorHistory is 0.500638 for index 824265, 825/1000.
The last entry of errorHistory is 0.000419 for index 824266, 825/1000.
The last entry of errorHistory is 0.000157 for index 824267, 825/1000.
The last entry of errorHistory is 1.500000 for index 824268, 825/1000.
The last entry of errorHistory is 0.000889 for index 824269, 825/1000.
Terminated at swamp 0.5.
The last entry of errorHistory is 0.500554 for index 824270, 825/1000.
Terminated at swamp 0.5.
The last entry of errorHistory is 0.500360 for index 824271, 825/1000.
The last entry of errorHistory is 1.000000 for index 824272, 825/1000.
Terminated at swamp 1.
The last entry of errorHistory is 1.000182 for index 824273, 825/1000.
The last entry of errorHistory is 1.000000 for index 824274, 825/1000.
Terminated at swamp 1.
The last entry of errorHistory is 1.000189 for index 824275, 825/1000.
The last entry of errorHistory is 0.000019 for index 824276, 825/1000.
Terminated at swamp 0.5.
The last entry of errorHistory is 0.500241 for index 824277, 825/1000.
Terminated at swamp 0.5.
The last entry of errorHistory is 0.500154 for index 824278, 825/1000.
The last entry of errorHistory is 0.000043 for index 824279, 825/1000.
Terminated at swamp 0.5.
The last entry of errorHistory is 0.500055 for index 824280, 825/1000.
Terminated at swamp 0.5.
The last entry of errorHistory is 0.500550 for index 824281, 825/1000.
The last entry of errorHistory is 1.000000 for index 824282, 825/1000.
Terminated at swamp 0.5.
The last entry of errorHistory is 0.500221 for index 824283, 825/1000.
The last entry of errorHistory is 0.000022 for index 824284, 825/1000.
Terminated at swamp 0.5.
The last entry of errorHistory is 0.500079 for index 824285, 825/1000.
The last entry of errorHistory is 0.000031 for index 824286, 825/1000.
The last entry of errorHistory is 0.000054 for index 824287, 825/1000.
Terminated at swamp 0.5.
The last entry of errorHistory is 0.500613 for index 824288, 825/1000.
Terminated at swamp 0.5.
The last entry of errorHistory is 0.500563 for index 824289, 825/1000.
Terminated at swamp 1.
The last entry of errorHistory is 1.000000 for index 824290, 825/1000.
Terminated at swamp 0.5.
The last entry of errorHistory is 0.500695 for index 824291, 825/1000.
Terminated at swamp 0.5.
The last entry of errorHistory is 0.500626 for index 824292, 825/1000.
Terminated at swamp 0.5.
The last entry of errorHistory is 0.500318 for index 824293, 825/1000.
Terminated at swamp 0.5.
The last entry of errorHistory is 0.500537 for index 824294, 825/1000.
Terminated at swamp 0.5.
The last entry of errorHistory is 0.500422 for index 824295, 825/1000.
Terminated at swamp 0.5.
The last entry of errorHistory is 0.500657 for index 824296, 825/1000.
The last entry of errorHistory is 0.000025 for index 824297, 825/1000.
The last entry of errorHistory is 0.000061 for index 824298, 825/1000.
Terminated at swamp 0.5.
The last entry of errorHistory is 0.500548 for index 824299, 825/1000.
Terminated at swamp 1.
The last entry of errorHistory is 1.000014 for index 824300, 825/1000.
Terminated at swamp 0.5.
The last entry of errorHistory is 0.500431 for index 824301, 825/1000.
The last entry of errorHistory is 0.000026 for index 824302, 825/1000.
Terminated at swamp 0.5.
The last entry of errorHistory is 0.500412 for index 824303, 825/1000.
Terminated at swamp 0.5.
The last entry of errorHistory is 0.500675 for index 824304, 825/1000.
The last entry of errorHistory is 0.500000 for index 824305, 825/1000.
Terminated at swamp 0.5.
The last entry of errorHistory is 0.500452 for index 824306, 825/1000.
The last entry of errorHistory is 1.000000 for index 824307, 825/1000.
The last entry of errorHistory is 1.000000 for index 824308, 825/1000.
Terminated at swamp 0.5.
The last entry of errorHistory is 0.500575 for index 824309, 825/1000.
Terminated at swamp 1.
The last entry of errorHistory is 1.000254 for index 824310, 825/1000.
Terminated at swamp 0.5.
The last entry of errorHistory is 0.500583 for index 824311, 825/1000.
The last entry of errorHistory is 0.000075 for index 824312, 825/1000.
The last entry of errorHistory is 0.000096 for index 824313, 825/1000.
Terminated at swamp 0.5.
The last entry of errorHistory is 0.500405 for index 824314, 825/1000.
Terminated at swamp 0.5.
The last entry of errorHistory is 0.500539 for index 824315, 825/1000.
Terminated at swamp 0.5.
The last entry of errorHistory is 0.500551 for index 824316, 825/1000.
Terminated at swamp 0.5.
The last entry of errorHistory is 0.500327 for index 824317, 825/1000.
Terminated at swamp 0.5.
The last entry of errorHistory is 0.500021 for index 824318, 825/1000.
Terminated at swamp 0.5.
The last entry of errorHistory is 0.500486 for index 824319, 825/1000.
The last entry of errorHistory is 0.000042 for index 824320, 825/1000.
Terminated at swamp 0.5.
The last entry of errorHistory is 0.500430 for index 824321, 825/1000.
Terminated at swamp 0.5.
The last entry of errorHistory is 0.500597 for index 824322, 825/1000.
Terminated at swamp 0.5.
The last entry of errorHistory is 0.500561 for index 824323, 825/1000.
Terminated at swamp 1.
The last entry of errorHistory is 1.000408 for index 824324, 825/1000.
Terminated at swamp 1.
The last entry of errorHistory is 1.000000 for index 824325, 825/1000.
The last entry of errorHistory is 1.000000 for index 824326, 825/1000.
Terminated at swamp 0.5.
The last entry of errorHistory is 0.500656 for index 824327, 825/1000.
The last entry of errorHistory is 1.500000 for index 824328, 825/1000.
Terminated at swamp 1.
The last entry of errorHistory is 1.000532 for index 824329, 825/1000.
Terminated at swamp 1.
The last entry of errorHistory is 1.000236 for index 824330, 825/1000.
The last entry of errorHistory is 1.000000 for index 824331, 825/1000.
Terminated at swamp 0.5.
The last entry of errorHistory is 0.500728 for index 824332, 825/1000.
The last entry of errorHistory is 0.000052 for index 824333, 825/1000.
The last entry of errorHistory is 0.004556 for index 824334, 825/1000.
Terminated at swamp 0.5.
The last entry of errorHistory is 0.500253 for index 824335, 825/1000.
The last entry of errorHistory is 1.500000 for index 824336, 825/1000.
Terminated at swamp 1.
The last entry of errorHistory is 1.000001 for index 824337, 825/1000.
Terminated at swamp 0.5.
The last entry of errorHistory is 0.500068 for index 824338, 825/1000.
Terminated at swamp 0.5.
The last entry of errorHistory is 0.500403 for index 824339, 825/1000.
Terminated at swamp 1.
The last entry of errorHistory is 1.000000 for index 824340, 825/1000.
Terminated at swamp 0.5.
The last entry of errorHistory is 0.500356 for index 824341, 825/1000.
The last entry of errorHistory is 0.500000 for index 824342, 825/1000.
The last entry of errorHistory is 1.000000 for index 824343, 825/1000.
Terminated at swamp 1.
The last entry of errorHistory is 1.000000 for index 824344, 825/1000.
Terminated at swamp 1.
The last entry of errorHistory is 1.000016 for index 824345, 825/1000.
The last entry of errorHistory is 1.500000 for index 824346, 825/1000.
The last entry of errorHistory is 0.500000 for index 824347, 825/1000.
Terminated at swamp 0.5.
The last entry of errorHistory is 0.500387 for index 824348, 825/1000.
Terminated at swamp 0.5.
The last entry of errorHistory is 0.500516 for index 824349, 825/1000.
The last entry of errorHistory is 0.000020 for index 824350, 825/1000.
Terminated at swamp 1.
The last entry of errorHistory is 1.000086 for index 824351, 825/1000.
The last entry of errorHistory is 1.000000 for index 824352, 825/1000.
The last entry of errorHistory is 0.000012 for index 824353, 825/1000.
The last entry of errorHistory is 1.000000 for index 824354, 825/1000.
Terminated at swamp 1.
The last entry of errorHistory is 1.000375 for index 824355, 825/1000.
Terminated at swamp 0.5.
The last entry of errorHistory is 0.500370 for index 824356, 825/1000.
Terminated at swamp 0.5.
The last entry of errorHistory is 0.500429 for index 824357, 825/1000.
Terminated at swamp 1.
The last entry of errorHistory is 1.000000 for index 824358, 825/1000.
The last entry of errorHistory is 0.000043 for index 824359, 825/1000.
Terminated at swamp 1.
The last entry of errorHistory is 1.000000 for index 824360, 825/1000.
Terminated at swamp 0.5.
The last entry of errorHistory is 0.500589 for index 824361, 825/1000.
Terminated at swamp 0.5.
The last entry of errorHistory is 0.500075 for index 824362, 825/1000.
Terminated at swamp 1.
The last entry of errorHistory is 1.000413 for index 824363, 825/1000.
Terminated at swamp 0.5.
The last entry of errorHistory is 0.500750 for index 824364, 825/1000.
Terminated at swamp 0.5.
The last entry of errorHistory is 0.500558 for index 824365, 825/1000.
The last entry of errorHistory is 1.000000 for index 824366, 825/1000.
The last entry of errorHistory is 1.000000 for index 824367, 825/1000.
Terminated at swamp 0.5.
The last entry of errorHistory is 0.500517 for index 824368, 825/1000.
The last entry of errorHistory is 0.000064 for index 824369, 825/1000.
Terminated at swamp 0.5.
The last entry of errorHistory is 0.500168 for index 824370, 825/1000.
Terminated at swamp 0.5.
The last entry of errorHistory is 0.500478 for index 824371, 825/1000.
Terminated at swamp 0.5.
The last entry of errorHistory is 0.500415 for index 824372, 825/1000.
Terminated at swamp 1.
The last entry of errorHistory is 1.000001 for index 824373, 825/1000.
Terminated at swamp 0.5.
The last entry of errorHistory is 0.500551 for index 824374, 825/1000.
Terminated at swamp 1.
The last entry of errorHistory is 1.000497 for index 824375, 825/1000.
The last entry of errorHistory is 0.000082 for index 824376, 825/1000.
Terminated at swamp 0.5.
The last entry of errorHistory is 0.500363 for index 824377, 825/1000.
The last entry of errorHistory is 0.000039 for index 824378, 825/1000.
Terminated at swamp 0.5.
The last entry of errorHistory is 0.500608 for index 824379, 825/1000.
The last entry of errorHistory is 1.000000 for index 824380, 825/1000.
Terminated at swamp 0.5.
The last entry of errorHistory is 0.500642 for index 824381, 825/1000.
The last entry of errorHistory is 0.000517 for index 824382, 825/1000.
Terminated at swamp 0.5.
The last entry of errorHistory is 0.500594 for index 824383, 825/1000.
Terminated at swamp 0.5.
The last entry of errorHistory is 0.500439 for index 824384, 825/1000.
The last entry of errorHistory is 1.000000 for index 824385, 825/1000.
Terminated at swamp 0.5.
The last entry of errorHistory is 0.500173 for index 824386, 825/1000.
Terminated at swamp 0.5.
The last entry of errorHistory is 0.500159 for index 824387, 825/1000.
Terminated at swamp 1.
The last entry of errorHistory is 1.000000 for index 824388, 825/1000.
Terminated at swamp 0.5.
The last entry of errorHistory is 0.500037 for index 824389, 825/1000.
Terminated at swamp 0.5.
The last entry of errorHistory is 0.500572 for index 824390, 825/1000.
Terminated at swamp 1.
The last entry of errorHistory is 1.000000 for index 824391, 825/1000.
The last entry of errorHistory is 1.000000 for index 824392, 825/1000.
Terminated at swamp 1.
The last entry of errorHistory is 1.000100 for index 824393, 825/1000.
The last entry of errorHistory is 1.000000 for index 824394, 825/1000.
Terminated at swamp 0.5.
The last entry of errorHistory is 0.500006 for index 824395, 825/1000.
Terminated at swamp 0.5.
The last entry of errorHistory is 0.500523 for index 824396, 825/1000.
The last entry of errorHistory is 0.500000 for index 824397, 825/1000.
The last entry of errorHistory is 0.500000 for index 824398, 825/1000.
Terminated at swamp 0.5.
The last entry of errorHistory is 0.500093 for index 824399, 825/1000.
Terminated at swamp 0.5.
The last entry of errorHistory is 0.500083 for index 824400, 825/1000.
Terminated at swamp 0.5.
The last entry of errorHistory is 0.500264 for index 824401, 825/1000.
Terminated at swamp 0.5.
The last entry of errorHistory is 0.500008 for index 824402, 825/1000.
The last entry of errorHistory is 0.000756 for index 824403, 825/1000.
Terminated at swamp 0.5.
The last entry of errorHistory is 0.500560 for index 824404, 825/1000.
Terminated at swamp 0.5.
The last entry of errorHistory is 0.500532 for index 824405, 825/1000.
Terminated at swamp 0.5.
The last entry of errorHistory is 0.500140 for index 824406, 825/1000.
Terminated at swamp 1.
The last entry of errorHistory is 1.000428 for index 824407, 825/1000.
The last entry of errorHistory is 0.000053 for index 824408, 825/1000.
Terminated at swamp 0.5.
The last entry of errorHistory is 0.500043 for index 824409, 825/1000.
Terminated at swamp 0.5.
The last entry of errorHistory is 0.500668 for index 824410, 825/1000.
The last entry of errorHistory is 1.000000 for index 824411, 825/1000.
Terminated at swamp 0.5.
The last entry of errorHistory is 0.500634 for index 824412, 825/1000.
The last entry of errorHistory is 0.500000 for index 824413, 825/1000.
The last entry of errorHistory is 0.000026 for index 824414, 825/1000.
Terminated at swamp 0.5.
The last entry of errorHistory is 0.500600 for index 824415, 825/1000.
Terminated at swamp 0.5.
The last entry of errorHistory is 0.500223 for index 824416, 825/1000.
Terminated at swamp 1.
The last entry of errorHistory is 1.000000 for index 824417, 825/1000.
Terminated at swamp 0.5.
The last entry of errorHistory is 0.500488 for index 824418, 825/1000.
The last entry of errorHistory is 0.000025 for index 824419, 825/1000.
Terminated at swamp 0.5.
The last entry of errorHistory is 0.500057 for index 824420, 825/1000.
The last entry of errorHistory is 0.000058 for index 824421, 825/1000.
The last entry of errorHistory is 0.500000 for index 824422, 825/1000.
Terminated at swamp 0.5.
The last entry of errorHistory is 0.500000 for index 824423, 825/1000.
The last entry of errorHistory is 1.500000 for index 824424, 825/1000.
Terminated at swamp 1.
The last entry of errorHistory is 1.000481 for index 824425, 825/1000.
Terminated at swamp 0.5.
The last entry of errorHistory is 0.500662 for index 824426, 825/1000.
Terminated at swamp 1.
The last entry of errorHistory is 1.000000 for index 824427, 825/1000.
The last entry of errorHistory is 0.000028 for index 824428, 825/1000.
Terminated at swamp 0.5.
The last entry of errorHistory is 0.500371 for index 824429, 825/1000.
Terminated at swamp 1.
The last entry of errorHistory is 1.000006 for index 824430, 825/1000.
The last entry of errorHistory is 1.000000 for index 824431, 825/1000.
Terminated at swamp 0.5.
The last entry of errorHistory is 0.500414 for index 824432, 825/1000.
Terminated at swamp 0.5.
The last entry of errorHistory is 0.500570 for index 824433, 825/1000.
The last entry of errorHistory is 1.000000 for index 824434, 825/1000.
Terminated at swamp 0.5.
The last entry of errorHistory is 0.500239 for index 824435, 825/1000.
Terminated at swamp 0.5.
The last entry of errorHistory is 0.500428 for index 824436, 825/1000.
The last entry of errorHistory is 0.000024 for index 824437, 825/1000.
Terminated at swamp 0.5.
The last entry of errorHistory is 0.500532 for index 824438, 825/1000.
Terminated at swamp 0.5.
The last entry of errorHistory is 0.500602 for index 824439, 825/1000.
Terminated at swamp 0.5.
The last entry of errorHistory is 0.500671 for index 824440, 825/1000.
Terminated at swamp 0.5.
The last entry of errorHistory is 0.500002 for index 824441, 825/1000.
Terminated at swamp 0.5.
The last entry of errorHistory is 0.500497 for index 824442, 825/1000.
Terminated at swamp 0.5.
The last entry of errorHistory is 0.500508 for index 824443, 825/1000.
The last entry of errorHistory is 1.000000 for index 824444, 825/1000.
Terminated at swamp 1.
The last entry of errorHistory is 1.000010 for index 824445, 825/1000.
The last entry of errorHistory is 1.000000 for index 824446, 825/1000.
The last entry of errorHistory is 1.000000 for index 824447, 825/1000.
Terminated at swamp 0.5.
The last entry of errorHistory is 0.500004 for index 824448, 825/1000.
The last entry of errorHistory is 0.000024 for index 824449, 825/1000.
Terminated at swamp 0.5.
The last entry of errorHistory is 0.500216 for index 824450, 825/1000.
The last entry of errorHistory is 0.500000 for index 824451, 825/1000.
Terminated at swamp 0.5.
The last entry of errorHistory is 0.500712 for index 824452, 825/1000.
Terminated at swamp 0.5.
The last entry of errorHistory is 0.500464 for index 824453, 825/1000.
Terminated at swamp 0.5.
The last entry of errorHistory is 0.500354 for index 824454, 825/1000.
The last entry of errorHistory is 1.000000 for index 824455, 825/1000.
The last entry of errorHistory is 1.000000 for index 824456, 825/1000.
Terminated at swamp 1.
The last entry of errorHistory is 1.000357 for index 824457, 825/1000.
Terminated at swamp 0.5.
The last entry of errorHistory is 0.500034 for index 824458, 825/1000.
Terminated at swamp 1.
The last entry of errorHistory is 1.000318 for index 824459, 825/1000.
Terminated at swamp 0.5.
The last entry of errorHistory is 0.500353 for index 824460, 825/1000.
The last entry of errorHistory is 0.500000 for index 824461, 825/1000.
Terminated at swamp 0.5.
The last entry of errorHistory is 0.500547 for index 824462, 825/1000.
Terminated at swamp 0.5.
The last entry of errorHistory is 0.500418 for index 824463, 825/1000.
Terminated at swamp 0.5.
The last entry of errorHistory is 0.500210 for index 824464, 825/1000.
Terminated at swamp 0.5.
The last entry of errorHistory is 0.500222 for index 824465, 825/1000.
The last entry of errorHistory is 0.500000 for index 824466, 825/1000.
Terminated at swamp 0.5.
The last entry of errorHistory is 0.500051 for index 824467, 825/1000.
Terminated at swamp 1.
The last entry of errorHistory is 0.999912 for index 824468, 825/1000.
The last entry of errorHistory is 1.500000 for index 824469, 825/1000.
Terminated at swamp 1.
The last entry of errorHistory is 1.000043 for index 824470, 825/1000.
The last entry of errorHistory is 1.000000 for index 824471, 825/1000.
Terminated at swamp 0.5.
The last entry of errorHistory is 0.500233 for index 824472, 825/1000.
Terminated at swamp 1.
The last entry of errorHistory is 1.000000 for index 824473, 825/1000.
Terminated at swamp 0.5.
The last entry of errorHistory is 0.500267 for index 824474, 825/1000.
Terminated at swamp 0.5.
The last entry of errorHistory is 0.500098 for index 824475, 825/1000.
The last entry of errorHistory is 0.000011 for index 824476, 825/1000.
Terminated at swamp 0.5.
The last entry of errorHistory is 0.500014 for index 824477, 825/1000.
The last entry of errorHistory is 0.000028 for index 824478, 825/1000.
Terminated at swamp 0.5.
The last entry of errorHistory is 0.500206 for index 824479, 825/1000.
Terminated at swamp 0.5.
The last entry of errorHistory is 0.500484 for index 824480, 825/1000.
The last entry of errorHistory is 0.500000 for index 824481, 825/1000.
The last entry of errorHistory is 1.000000 for index 824482, 825/1000.
The last entry of errorHistory is 0.000172 for index 824483, 825/1000.
The last entry of errorHistory is 1.500000 for index 824484, 825/1000.
Terminated at swamp 1.
The last entry of errorHistory is 1.000435 for index 824485, 825/1000.
Terminated at swamp 0.5.
The last entry of errorHistory is 0.500542 for index 824486, 825/1000.
Terminated at swamp 0.5.
The last entry of errorHistory is 0.500228 for index 824487, 825/1000.
Terminated at swamp 0.5.
The last entry of errorHistory is 0.500000 for index 824488, 825/1000.
Terminated at swamp 0.5.
The last entry of errorHistory is 0.500488 for index 824489, 825/1000.
Terminated at swamp 0.5.
The last entry of errorHistory is 0.500391 for index 824490, 825/1000.
Terminated at swamp 0.5.
The last entry of errorHistory is 0.500253 for index 824491, 825/1000.
Terminated at swamp 0.5.
The last entry of errorHistory is 0.500194 for index 824492, 825/1000.
Terminated at swamp 0.5.
The last entry of errorHistory is 0.500422 for index 824493, 825/1000.
Terminated at swamp 1.
The last entry of errorHistory is 1.000377 for index 824494, 825/1000.
The last entry of errorHistory is 0.500000 for index 824495, 825/1000.
Terminated at swamp 0.5.
The last entry of errorHistory is 0.500026 for index 824496, 825/1000.
Terminated at swamp 0.5.
The last entry of errorHistory is 0.500586 for index 824497, 825/1000.
Terminated at swamp 0.5.
The last entry of errorHistory is 0.500518 for index 824498, 825/1000.
Terminated at swamp 0.5.
The last entry of errorHistory is 0.500320 for index 824499, 825/1000.
The last entry of errorHistory is 0.000021 for index 824500, 825/1000.
Terminated at swamp 0.5.
The last entry of errorHistory is 0.500367 for index 824501, 825/1000.
Terminated at swamp 0.5.
The last entry of errorHistory is 0.500599 for index 824502, 825/1000.
The last entry of errorHistory is 1.000000 for index 824503, 825/1000.
Terminated at swamp 0.5.
The last entry of errorHistory is 0.500095 for index 824504, 825/1000.
Terminated at swamp 0.5.
The last entry of errorHistory is 0.500431 for index 824505, 825/1000.
Terminated at swamp 0.5.
The last entry of errorHistory is 0.500423 for index 824506, 825/1000.
Terminated at swamp 1.
The last entry of errorHistory is 1.000003 for index 824507, 825/1000.
The last entry of errorHistory is 0.000030 for index 824508, 825/1000.
Terminated at swamp 1.
The last entry of errorHistory is 1.000000 for index 824509, 825/1000.
Terminated at swamp 0.5.
The last entry of errorHistory is 0.500310 for index 824510, 825/1000.
The last entry of errorHistory is 0.000014 for index 824511, 825/1000.
The last entry of errorHistory is 0.000015 for index 824512, 825/1000.
The last entry of errorHistory is 1.000000 for index 824513, 825/1000.
Terminated at swamp 0.5.
The last entry of errorHistory is 0.500629 for index 824514, 825/1000.
Terminated at swamp 0.5.
The last entry of errorHistory is 0.500149 for index 824515, 825/1000.
Terminated at swamp 0.5.
The last entry of errorHistory is 0.500315 for index 824516, 825/1000.
The last entry of errorHistory is 0.000020 for index 824517, 825/1000.
The last entry of errorHistory is 1.000000 for index 824518, 825/1000.
The last entry of errorHistory is 0.500000 for index 824519, 825/1000.
Terminated at swamp 0.5.
The last entry of errorHistory is 0.500526 for index 824520, 825/1000.
The last entry of errorHistory is 0.000833 for index 824521, 825/1000.
Terminated at swamp 0.5.
The last entry of errorHistory is 0.500675 for index 824522, 825/1000.
Terminated at swamp 0.5.
The last entry of errorHistory is 0.500000 for index 824523, 825/1000.
The last entry of errorHistory is 0.001424 for index 824524, 825/1000.
Terminated at swamp 0.5.
The last entry of errorHistory is 0.500607 for index 824525, 825/1000.
The last entry of errorHistory is 1.000000 for index 824526, 825/1000.
The last entry of errorHistory is 1.000000 for index 824527, 825/1000.
Terminated at swamp 1.
The last entry of errorHistory is 1.000009 for index 824528, 825/1000.
Terminated at swamp 0.5.
The last entry of errorHistory is 0.500563 for index 824529, 825/1000.
Terminated at swamp 0.5.
The last entry of errorHistory is 0.500215 for index 824530, 825/1000.
Terminated at swamp 0.5.
The last entry of errorHistory is 0.500343 for index 824531, 825/1000.
The last entry of errorHistory is 1.000000 for index 824532, 825/1000.
Terminated at swamp 0.5.
The last entry of errorHistory is 0.500246 for index 824533, 825/1000.
Terminated at swamp 1.
The last entry of errorHistory is 1.000132 for index 824534, 825/1000.
The last entry of errorHistory is 0.500000 for index 824535, 825/1000.
The last entry of errorHistory is 0.500000 for index 824536, 825/1000.
The last entry of errorHistory is 1.000000 for index 824537, 825/1000.
Terminated at swamp 0.5.
The last entry of errorHistory is 0.500431 for index 824538, 825/1000.
Terminated at swamp 1.
The last entry of errorHistory is 1.000048 for index 824539, 825/1000.
Terminated at swamp 1.
The last entry of errorHistory is 1.000000 for index 824540, 825/1000.
Terminated at swamp 0.5.
The last entry of errorHistory is 0.500481 for index 824541, 825/1000.
Terminated at swamp 0.5.
The last entry of errorHistory is 0.500277 for index 824542, 825/1000.
Terminated at swamp 0.5.
The last entry of errorHistory is 0.500712 for index 824543, 825/1000.
Terminated at swamp 0.5.
The last entry of errorHistory is 0.500452 for index 824544, 825/1000.
Terminated at swamp 0.5.
The last entry of errorHistory is 0.500645 for index 824545, 825/1000.
Terminated at swamp 0.5.
The last entry of errorHistory is 0.500520 for index 824546, 825/1000.
The last entry of errorHistory is 1.000000 for index 824547, 825/1000.
The last entry of errorHistory is 1.000000 for index 824548, 825/1000.
Terminated at swamp 1.
The last entry of errorHistory is 1.000007 for index 824549, 825/1000.
Terminated at swamp 0.5.
The last entry of errorHistory is 0.500047 for index 824550, 825/1000.
Terminated at swamp 0.5.
The last entry of errorHistory is 0.500082 for index 824551, 825/1000.
Terminated at swamp 0.5.
The last entry of errorHistory is 0.500547 for index 824552, 825/1000.
Terminated at swamp 0.5.
The last entry of errorHistory is 0.500403 for index 824553, 825/1000.
The last entry of errorHistory is 1.500000 for index 824554, 825/1000.
Terminated at swamp 0.5.
The last entry of errorHistory is 0.500010 for index 824555, 825/1000.
Terminated at swamp 0.5.
The last entry of errorHistory is 0.500008 for index 824556, 825/1000.
Terminated at swamp 0.5.
The last entry of errorHistory is 0.500198 for index 824557, 825/1000.
Terminated at swamp 1.
The last entry of errorHistory is 1.000359 for index 824558, 825/1000.
The last entry of errorHistory is 1.000000 for index 824559, 825/1000.
The last entry of errorHistory is 1.500000 for index 824560, 825/1000.
Terminated at swamp 0.5.
The last entry of errorHistory is 0.500685 for index 824561, 825/1000.
Terminated at swamp 1.
The last entry of errorHistory is 1.000000 for index 824562, 825/1000.
Terminated at swamp 0.5.
The last entry of errorHistory is 0.500272 for index 824563, 825/1000.
Terminated at swamp 0.5.
The last entry of errorHistory is 0.500213 for index 824564, 825/1000.
The last entry of errorHistory is 1.000000 for index 824565, 825/1000.
The last entry of errorHistory is 0.000296 for index 824566, 825/1000.
The last entry of errorHistory is 0.500000 for index 824567, 825/1000.
Terminated at swamp 0.5.
The last entry of errorHistory is 0.500372 for index 824568, 825/1000.
The last entry of errorHistory is 0.000019 for index 824569, 825/1000.
Terminated at swamp 1.
The last entry of errorHistory is 1.000002 for index 824570, 825/1000.
Terminated at swamp 0.5.
The last entry of errorHistory is 0.500444 for index 824571, 825/1000.
The last entry of errorHistory is 0.500000 for index 824572, 825/1000.
The last entry of errorHistory is 1.000000 for index 824573, 825/1000.
The last entry of errorHistory is 0.001027 for index 824574, 825/1000.
Terminated at swamp 0.5.
The last entry of errorHistory is 0.500524 for index 824575, 825/1000.
Terminated at swamp 0.5.
The last entry of errorHistory is 0.500455 for index 824576, 825/1000.
The last entry of errorHistory is 0.500000 for index 824577, 825/1000.
Terminated at swamp 1.
The last entry of errorHistory is 1.000358 for index 824578, 825/1000.
Terminated at swamp 0.5.
The last entry of errorHistory is 0.500103 for index 824579, 825/1000.
The last entry of errorHistory is 0.000275 for index 824580, 825/1000.
Terminated at swamp 0.5.
The last entry of errorHistory is 0.500423 for index 824581, 825/1000.
Terminated at swamp 1.
The last entry of errorHistory is 1.000498 for index 824582, 825/1000.
Terminated at swamp 0.5.
The last entry of errorHistory is 0.500047 for index 824583, 825/1000.
Terminated at swamp 0.5.
The last entry of errorHistory is 0.500069 for index 824584, 825/1000.
Terminated at swamp 0.5.
The last entry of errorHistory is 0.500549 for index 824585, 825/1000.
Terminated at swamp 1.
The last entry of errorHistory is 1.000000 for index 824586, 825/1000.
The last entry of errorHistory is 0.000009 for index 824587, 825/1000.
The last entry of errorHistory is 0.500000 for index 824588, 825/1000.
Terminated at swamp 0.5.
The last entry of errorHistory is 0.500313 for index 824589, 825/1000.
Terminated at swamp 0.5.
The last entry of errorHistory is 0.500350 for index 824590, 825/1000.
The last entry of errorHistory is 0.500000 for index 824591, 825/1000.
Terminated at swamp 0.5.
The last entry of errorHistory is 0.500003 for index 824592, 825/1000.
Terminated at swamp 0.5.
The last entry of errorHistory is 0.500456 for index 824593, 825/1000.
Terminated at swamp 0.5.
The last entry of errorHistory is 0.500012 for index 824594, 825/1000.
The last entry of errorHistory is 1.500000 for index 824595, 825/1000.
The last entry of errorHistory is 0.000010 for index 824596, 825/1000.
Terminated at swamp 0.5.
The last entry of errorHistory is 0.500481 for index 824597, 825/1000.
Terminated at swamp 0.5.
The last entry of errorHistory is 0.500012 for index 824598, 825/1000.
Terminated at swamp 0.5.
The last entry of errorHistory is 0.500306 for index 824599, 825/1000.
Terminated at swamp 0.5.
The last entry of errorHistory is 0.500647 for index 824600, 825/1000.
Terminated at swamp 0.5.
The last entry of errorHistory is 0.500419 for index 824601, 825/1000.
The last entry of errorHistory is 0.001361 for index 824602, 825/1000.
The last entry of errorHistory is 1.000000 for index 824603, 825/1000.
Terminated at swamp 1.
The last entry of errorHistory is 1.000108 for index 824604, 825/1000.
The last entry of errorHistory is 1.000000 for index 824605, 825/1000.
Terminated at swamp 1.
The last entry of errorHistory is 1.000000 for index 824606, 825/1000.
Terminated at swamp 1.
The last entry of errorHistory is 1.000034 for index 824607, 825/1000.
The last entry of errorHistory is 0.000014 for index 824608, 825/1000.
The last entry of errorHistory is 1.000000 for index 824609, 825/1000.
Terminated at swamp 0.5.
The last entry of errorHistory is 0.500505 for index 824610, 825/1000.
The last entry of errorHistory is 0.000053 for index 824611, 825/1000.
The last entry of errorHistory is 0.500000 for index 824612, 825/1000.
The last entry of errorHistory is 1.000000 for index 824613, 825/1000.
Terminated at swamp 1.
The last entry of errorHistory is 1.000068 for index 824614, 825/1000.
Terminated at swamp 1.
The last entry of errorHistory is 1.000002 for index 824615, 825/1000.
Terminated at swamp 0.5.
The last entry of errorHistory is 0.500636 for index 824616, 825/1000.
Terminated at swamp 0.5.
The last entry of errorHistory is 0.500590 for index 824617, 825/1000.
Terminated at swamp 0.5.
The last entry of errorHistory is 0.500481 for index 824618, 825/1000.
The last entry of errorHistory is 1.000000 for index 824619, 825/1000.
The last entry of errorHistory is 1.000000 for index 824620, 825/1000.
The last entry of errorHistory is 1.000000 for index 824621, 825/1000.
The last entry of errorHistory is 1.000000 for index 824622, 825/1000.
Terminated at swamp 1.
The last entry of errorHistory is 1.000000 for index 824623, 825/1000.
Terminated at swamp 0.5.
The last entry of errorHistory is 0.500514 for index 824624, 825/1000.
The last entry of errorHistory is 1.500000 for index 824625, 825/1000.
Terminated at swamp 0.5.
The last entry of errorHistory is 0.500503 for index 824626, 825/1000.
Terminated at swamp 0.5.
The last entry of errorHistory is 0.500386 for index 824627, 825/1000.
Terminated at swamp 0.5.
The last entry of errorHistory is 0.500558 for index 824628, 825/1000.
Terminated at swamp 1.
The last entry of errorHistory is 1.000012 for index 824629, 825/1000.
Terminated at swamp 0.5.
The last entry of errorHistory is 0.500277 for index 824630, 825/1000.
Terminated at swamp 1.5.
The last entry of errorHistory is 1.500092 for index 824631, 825/1000.
Terminated at swamp 0.5.
The last entry of errorHistory is 0.500141 for index 824632, 825/1000.
Terminated at swamp 0.5.
The last entry of errorHistory is 0.500000 for index 824633, 825/1000.
The last entry of errorHistory is 0.000055 for index 824634, 825/1000.
Terminated at swamp 1.
The last entry of errorHistory is 1.000118 for index 824635, 825/1000.
Terminated at swamp 0.5.
The last entry of errorHistory is 0.500668 for index 824636, 825/1000.
Terminated at swamp 1.
The last entry of errorHistory is 1.000019 for index 824637, 825/1000.
Terminated at swamp 0.5.
The last entry of errorHistory is 0.500000 for index 824638, 825/1000.
Terminated at swamp 0.5.
The last entry of errorHistory is 0.500133 for index 824639, 825/1000.
The last entry of errorHistory is 0.001160 for index 824640, 825/1000.
The last entry of errorHistory is 1.000000 for index 824641, 825/1000.
The last entry of errorHistory is 1.000000 for index 824642, 825/1000.
Terminated at swamp 1.
The last entry of errorHistory is 1.000007 for index 824643, 825/1000.
Terminated at swamp 0.5.
The last entry of errorHistory is 0.500315 for index 824644, 825/1000.
Terminated at swamp 1.
The last entry of errorHistory is 1.000034 for index 824645, 825/1000.
Terminated at swamp 0.5.
The last entry of errorHistory is 0.500676 for index 824646, 825/1000.
Terminated at swamp 0.5.
The last entry of errorHistory is 0.500505 for index 824647, 825/1000.
Terminated at swamp 1.
The last entry of errorHistory is 0.999976 for index 824648, 825/1000.
Terminated at swamp 0.5.
The last entry of errorHistory is 0.500564 for index 824649, 825/1000.
The last entry of errorHistory is 0.000306 for index 824650, 825/1000.
Terminated at swamp 1.
The last entry of errorHistory is 1.000078 for index 824651, 825/1000.
The last entry of errorHistory is 0.000440 for index 824652, 825/1000.
Terminated at swamp 0.5.
The last entry of errorHistory is 0.500568 for index 824653, 825/1000.
Terminated at swamp 0.5.
The last entry of errorHistory is 0.500371 for index 824654, 825/1000.
The last entry of errorHistory is 0.000023 for index 824655, 825/1000.
Terminated at swamp 1.5.
The last entry of errorHistory is 1.500000 for index 824656, 825/1000.
Terminated at swamp 0.5.
The last entry of errorHistory is 0.500588 for index 824657, 825/1000.
The last entry of errorHistory is 1.000000 for index 824658, 825/1000.
Terminated at swamp 0.5.
The last entry of errorHistory is 0.500173 for index 824659, 825/1000.
Terminated at swamp 0.5.
The last entry of errorHistory is 0.500308 for index 824660, 825/1000.
Terminated at swamp 0.5.
The last entry of errorHistory is 0.500138 for index 824661, 825/1000.
The last entry of errorHistory is 1.000000 for index 824662, 825/1000.
Terminated at swamp 0.5.
The last entry of errorHistory is 0.500234 for index 824663, 825/1000.
The last entry of errorHistory is 1.000000 for index 824664, 825/1000.
Terminated at swamp 0.5.
The last entry of errorHistory is 0.500362 for index 824665, 825/1000.
Terminated at swamp 1.
The last entry of errorHistory is 1.000060 for index 824666, 825/1000.
The last entry of errorHistory is 0.500000 for index 824667, 825/1000.
The last entry of errorHistory is 1.000000 for index 824668, 825/1000.
The last entry of errorHistory is 1.000000 for index 824669, 825/1000.
The last entry of errorHistory is 0.500000 for index 824670, 825/1000.
The last entry of errorHistory is 0.000687 for index 824671, 825/1000.
Terminated at swamp 0.5.
The last entry of errorHistory is 0.500620 for index 824672, 825/1000.
Terminated at swamp 0.5.
The last entry of errorHistory is 0.500340 for index 824673, 825/1000.
Terminated at swamp 1.
The last entry of errorHistory is 1.000549 for index 824674, 825/1000.
The last entry of errorHistory is 0.001811 for index 824675, 825/1000.
Terminated at swamp 0.5.
The last entry of errorHistory is 0.500281 for index 824676, 825/1000.
Terminated at swamp 0.5.
The last entry of errorHistory is 0.500619 for index 824677, 825/1000.
Terminated at swamp 0.5.
The last entry of errorHistory is 0.500373 for index 824678, 825/1000.
The last entry of errorHistory is 0.000018 for index 824679, 825/1000.
Terminated at swamp 0.5.
The last entry of errorHistory is 0.500410 for index 824680, 825/1000.
Terminated at swamp 0.5.
The last entry of errorHistory is 0.500945 for index 824681, 825/1000.
Terminated at swamp 1.
The last entry of errorHistory is 1.000001 for index 824682, 825/1000.
The last entry of errorHistory is 0.500000 for index 824683, 825/1000.
Terminated at swamp 0.5.
The last entry of errorHistory is 0.500528 for index 824684, 825/1000.
The last entry of errorHistory is 1.000000 for index 824685, 825/1000.
The last entry of errorHistory is 1.000000 for index 824686, 825/1000.
The last entry of errorHistory is 1.000000 for index 824687, 825/1000.
Terminated at swamp 1.
The last entry of errorHistory is 1.000213 for index 824688, 825/1000.
The last entry of errorHistory is 0.000624 for index 824689, 825/1000.
Terminated at swamp 0.5.
The last entry of errorHistory is 0.500161 for index 824690, 825/1000.
The last entry of errorHistory is 1.000000 for index 824691, 825/1000.
The last entry of errorHistory is 0.000022 for index 824692, 825/1000.
The last entry of errorHistory is 1.000000 for index 824693, 825/1000.
The last entry of errorHistory is 0.000594 for index 824694, 825/1000.
The last entry of errorHistory is 1.000000 for index 824695, 825/1000.
Terminated at swamp 0.5.
The last entry of errorHistory is 0.500425 for index 824696, 825/1000.
The last entry of errorHistory is 0.000028 for index 824697, 825/1000.
Terminated at swamp 1.
The last entry of errorHistory is 1.000521 for index 824698, 825/1000.
Terminated at swamp 0.5.
The last entry of errorHistory is 0.500486 for index 824699, 825/1000.
The last entry of errorHistory is 1.000000 for index 824700, 825/1000.
Terminated at swamp 1.5.
The last entry of errorHistory is 1.500000 for index 824701, 825/1000.
The last entry of errorHistory is 1.000000 for index 824702, 825/1000.
Terminated at swamp 0.5.
The last entry of errorHistory is 0.500544 for index 824703, 825/1000.
Terminated at swamp 1.
The last entry of errorHistory is 1.000000 for index 824704, 825/1000.
The last entry of errorHistory is 0.500000 for index 824705, 825/1000.
Terminated at swamp 0.5.
The last entry of errorHistory is 0.500000 for index 824706, 825/1000.
Terminated at swamp 0.5.
The last entry of errorHistory is 0.500589 for index 824707, 825/1000.
Terminated at swamp 1.
The last entry of errorHistory is 0.999735 for index 824708, 825/1000.
Terminated at swamp 1.
The last entry of errorHistory is 1.000183 for index 824709, 825/1000.
Terminated at swamp 0.5.
The last entry of errorHistory is 0.500375 for index 824710, 825/1000.
Terminated at swamp 0.5.
The last entry of errorHistory is 0.500398 for index 824711, 825/1000.
The last entry of errorHistory is 0.000035 for index 824712, 825/1000.
Terminated at swamp 0.5.
The last entry of errorHistory is 0.500394 for index 824713, 825/1000.
Terminated at swamp 0.5.
The last entry of errorHistory is 0.500394 for index 824714, 825/1000.
The last entry of errorHistory is 1.000000 for index 824715, 825/1000.
The last entry of errorHistory is 0.500000 for index 824716, 825/1000.
Terminated at swamp 0.5.
The last entry of errorHistory is 0.500683 for index 824717, 825/1000.
Terminated at swamp 0.5.
The last entry of errorHistory is 0.500557 for index 824718, 825/1000.
Terminated at swamp 0.5.
The last entry of errorHistory is 0.500476 for index 824719, 825/1000.
Terminated at swamp 0.5.
The last entry of errorHistory is 0.500946 for index 824720, 825/1000.
Terminated at swamp 0.5.
The last entry of errorHistory is 0.500918 for index 824721, 825/1000.
Terminated at swamp 1.
The last entry of errorHistory is 1.000173 for index 824722, 825/1000.
The last entry of errorHistory is 0.000020 for index 824723, 825/1000.
Terminated at swamp 0.5.
The last entry of errorHistory is 0.500276 for index 824724, 825/1000.
Terminated at swamp 0.5.
The last entry of errorHistory is 0.500072 for index 824725, 825/1000.
Terminated at swamp 1.
The last entry of errorHistory is 1.000251 for index 824726, 825/1000.
Terminated at swamp 0.5.
The last entry of errorHistory is 0.500478 for index 824727, 825/1000.
The last entry of errorHistory is 1.000000 for index 824728, 825/1000.
The last entry of errorHistory is 0.500000 for index 824729, 825/1000.
Terminated at swamp 1.
The last entry of errorHistory is 1.000020 for index 824730, 825/1000.
Terminated at swamp 0.5.
The last entry of errorHistory is 0.500000 for index 824731, 825/1000.
Terminated at swamp 0.5.
The last entry of errorHistory is 0.500292 for index 824732, 825/1000.
The last entry of errorHistory is 0.500000 for index 824733, 825/1000.
The last entry of errorHistory is 1.500000 for index 824734, 825/1000.
Terminated at swamp 0.5.
The last entry of errorHistory is 0.500365 for index 824735, 825/1000.
The last entry of errorHistory is 0.000029 for index 824736, 825/1000.
Terminated at swamp 1.
The last entry of errorHistory is 1.000233 for index 824737, 825/1000.
Terminated at swamp 1.
The last entry of errorHistory is 1.000128 for index 824738, 825/1000.
Terminated at swamp 0.5.
The last entry of errorHistory is 0.500379 for index 824739, 825/1000.
Terminated at swamp 0.5.
The last entry of errorHistory is 0.500299 for index 824740, 825/1000.
Terminated at swamp 0.5.
The last entry of errorHistory is 0.500246 for index 824741, 825/1000.
Terminated at swamp 0.5.
The last entry of errorHistory is 0.500706 for index 824742, 825/1000.
Terminated at swamp 0.5.
The last entry of errorHistory is 0.500486 for index 824743, 825/1000.
The last entry of errorHistory is 1.000000 for index 824744, 825/1000.
The last entry of errorHistory is 1.000000 for index 824745, 825/1000.
Terminated at swamp 0.5.
The last entry of errorHistory is 0.500267 for index 824746, 825/1000.
Terminated at swamp 0.5.
The last entry of errorHistory is 0.500596 for index 824747, 825/1000.
The last entry of errorHistory is 1.000000 for index 824748, 825/1000.
Terminated at swamp 0.5.
The last entry of errorHistory is 0.500294 for index 824749, 825/1000.
Terminated at swamp 0.5.
The last entry of errorHistory is 0.500360 for index 824750, 825/1000.
The last entry of errorHistory is 0.000011 for index 824751, 825/1000.
Terminated at swamp 0.5.
The last entry of errorHistory is 0.500338 for index 824752, 825/1000.
The last entry of errorHistory is 1.000000 for index 824753, 825/1000.
Terminated at swamp 1.
The last entry of errorHistory is 1.000491 for index 824754, 825/1000.
Terminated at swamp 0.5.
The last entry of errorHistory is 0.500672 for index 824755, 825/1000.
The last entry of errorHistory is 1.500000 for index 824756, 825/1000.
Terminated at swamp 1.
The last entry of errorHistory is 1.000060 for index 824757, 825/1000.
Terminated at swamp 1.
The last entry of errorHistory is 0.999653 for index 824758, 825/1000.
The last entry of errorHistory is 1.000000 for index 824759, 825/1000.
Terminated at swamp 0.5.
The last entry of errorHistory is 0.500462 for index 824760, 825/1000.
The last entry of errorHistory is 0.500000 for index 824761, 825/1000.
Terminated at swamp 0.5.
The last entry of errorHistory is 0.500638 for index 824762, 825/1000.
The last entry of errorHistory is 0.000022 for index 824763, 825/1000.
The last entry of errorHistory is 1.000000 for index 824764, 825/1000.
Terminated at swamp 0.5.
The last entry of errorHistory is 0.500000 for index 824765, 825/1000.
The last entry of errorHistory is 0.000042 for index 824766, 825/1000.
Terminated at swamp 1.
The last entry of errorHistory is 1.000204 for index 824767, 825/1000.
Terminated at swamp 0.5.
The last entry of errorHistory is 0.500353 for index 824768, 825/1000.
Terminated at swamp 0.5.
The last entry of errorHistory is 0.500332 for index 824769, 825/1000.
Terminated at swamp 0.5.
The last entry of errorHistory is 0.500070 for index 824770, 825/1000.
Terminated at swamp 0.5.
The last entry of errorHistory is 0.500476 for index 824771, 825/1000.
The last entry of errorHistory is 1.000000 for index 824772, 825/1000.
Terminated at swamp 0.5.
The last entry of errorHistory is 0.500582 for index 824773, 825/1000.
Terminated at swamp 1.
The last entry of errorHistory is 1.000217 for index 824774, 825/1000.
Terminated at swamp 0.5.
The last entry of errorHistory is 0.500271 for index 824775, 825/1000.
Terminated at swamp 0.5.
The last entry of errorHistory is 0.500478 for index 824776, 825/1000.
Terminated at swamp 0.5.
The last entry of errorHistory is 0.500543 for index 824777, 825/1000.
Terminated at swamp 1.
The last entry of errorHistory is 1.000204 for index 824778, 825/1000.
Terminated at swamp 0.5.
The last entry of errorHistory is 0.500061 for index 824779, 825/1000.
Terminated at swamp 0.5.
The last entry of errorHistory is 0.500191 for index 824780, 825/1000.
Terminated at swamp 0.5.
The last entry of errorHistory is 0.500397 for index 824781, 825/1000.
Terminated at swamp 0.5.
The last entry of errorHistory is 0.500541 for index 824782, 825/1000.
Terminated at swamp 0.5.
The last entry of errorHistory is 0.500107 for index 824783, 825/1000.
Terminated at swamp 0.5.
The last entry of errorHistory is 0.500314 for index 824784, 825/1000.
Terminated at swamp 1.
The last entry of errorHistory is 1.000085 for index 824785, 825/1000.
Terminated at swamp 1.
The last entry of errorHistory is 1.000050 for index 824786, 825/1000.
The last entry of errorHistory is 0.501237 for index 824787, 825/1000.
Terminated at swamp 0.5.
The last entry of errorHistory is 0.500024 for index 824788, 825/1000.
The last entry of errorHistory is 0.000391 for index 824789, 825/1000.
Terminated at swamp 1.
The last entry of errorHistory is 1.000057 for index 824790, 825/1000.
The last entry of errorHistory is 1.000000 for index 824791, 825/1000.
The last entry of errorHistory is 1.000000 for index 824792, 825/1000.
The last entry of errorHistory is 1.500000 for index 824793, 825/1000.
Terminated at swamp 0.5.
The last entry of errorHistory is 0.500000 for index 824794, 825/1000.
Terminated at swamp 0.5.
The last entry of errorHistory is 0.500529 for index 824795, 825/1000.
The last entry of errorHistory is 1.000000 for index 824796, 825/1000.
Terminated at swamp 1.
The last entry of errorHistory is 1.000264 for index 824797, 825/1000.
Terminated at swamp 0.5.
The last entry of errorHistory is 0.500317 for index 824798, 825/1000.
The last entry of errorHistory is 1.000000 for index 824799, 825/1000.
Terminated at swamp 0.5.
The last entry of errorHistory is 0.500070 for index 824800, 825/1000.
The last entry of errorHistory is 1.500000 for index 824801, 825/1000.
The last entry of errorHistory is 1.000000 for index 824802, 825/1000.
Terminated at swamp 0.5.
The last entry of errorHistory is 0.500490 for index 824803, 825/1000.
Terminated at swamp 0.5.
The last entry of errorHistory is 0.500197 for index 824804, 825/1000.
Terminated at swamp 1.
The last entry of errorHistory is 1.000046 for index 824805, 825/1000.
The last entry of errorHistory is 1.000000 for index 824806, 825/1000.
Terminated at swamp 0.5.
The last entry of errorHistory is 0.500209 for index 824807, 825/1000.
Terminated at swamp 0.5.
The last entry of errorHistory is 0.500519 for index 824808, 825/1000.
Terminated at swamp 0.5.
The last entry of errorHistory is 0.500444 for index 824809, 825/1000.
Terminated at swamp 0.5.
The last entry of errorHistory is 0.500436 for index 824810, 825/1000.
The last entry of errorHistory is 1.000000 for index 824811, 825/1000.
Terminated at swamp 0.5.
The last entry of errorHistory is 0.500548 for index 824812, 825/1000.
Terminated at swamp 0.5.
The last entry of errorHistory is 0.500016 for index 824813, 825/1000.
Terminated at swamp 0.5.
The last entry of errorHistory is 0.500391 for index 824814, 825/1000.
Terminated at swamp 0.5.
The last entry of errorHistory is 0.500525 for index 824815, 825/1000.
Terminated at swamp 0.5.
The last entry of errorHistory is 0.500400 for index 824816, 825/1000.
Terminated at swamp 0.5.
The last entry of errorHistory is 0.500488 for index 824817, 825/1000.
Terminated at swamp 1.
The last entry of errorHistory is 1.000172 for index 824818, 825/1000.
Terminated at swamp 0.5.
The last entry of errorHistory is 0.500392 for index 824819, 825/1000.
Terminated at swamp 0.5.
The last entry of errorHistory is 0.500176 for index 824820, 825/1000.
Terminated at swamp 0.5.
The last entry of errorHistory is 0.500466 for index 824821, 825/1000.
Terminated at swamp 0.5.
The last entry of errorHistory is 0.500255 for index 824822, 825/1000.
Terminated at swamp 0.5.
The last entry of errorHistory is 0.500205 for index 824823, 825/1000.
The last entry of errorHistory is 0.000210 for index 824824, 825/1000.
Terminated at swamp 0.5.
The last entry of errorHistory is 0.500505 for index 824825, 825/1000.
Terminated at swamp 0.5.
The last entry of errorHistory is 0.500509 for index 824826, 825/1000.
Terminated at swamp 0.5.
The last entry of errorHistory is 0.500668 for index 824827, 825/1000.
Terminated at swamp 0.5.
The last entry of errorHistory is 0.500949 for index 824828, 825/1000.
The last entry of errorHistory is 0.500000 for index 824829, 825/1000.
The last entry of errorHistory is 0.000011 for index 824830, 825/1000.
The last entry of errorHistory is 1.000000 for index 824831, 825/1000.
Terminated at swamp 0.5.
The last entry of errorHistory is 0.500355 for index 824832, 825/1000.
Terminated at swamp 0.5.
The last entry of errorHistory is 0.500586 for index 824833, 825/1000.
The last entry of errorHistory is 0.000014 for index 824834, 825/1000.
The last entry of errorHistory is 1.000000 for index 824835, 825/1000.
Terminated at swamp 0.5.
The last entry of errorHistory is 0.500466 for index 824836, 825/1000.
Terminated at swamp 1.
The last entry of errorHistory is 1.000012 for index 824837, 825/1000.
The last entry of errorHistory is 1.000000 for index 824838, 825/1000.
Terminated at swamp 1.
The last entry of errorHistory is 1.000001 for index 824839, 825/1000.
The last entry of errorHistory is 0.000013 for index 824840, 825/1000.
The last entry of errorHistory is 0.000619 for index 824841, 825/1000.
Terminated at swamp 1.
The last entry of errorHistory is 1.000329 for index 824842, 825/1000.
The last entry of errorHistory is 1.000000 for index 824843, 825/1000.
Terminated at swamp 0.5.
The last entry of errorHistory is 0.500517 for index 824844, 825/1000.
Terminated at swamp 0.5.
The last entry of errorHistory is 0.500320 for index 824845, 825/1000.
Terminated at swamp 0.5.
The last entry of errorHistory is 0.500347 for index 824846, 825/1000.
The last entry of errorHistory is 0.006607 for index 824847, 825/1000.
Terminated at swamp 0.5.
The last entry of errorHistory is 0.500396 for index 824848, 825/1000.
Terminated at swamp 0.5.
The last entry of errorHistory is 0.500435 for index 824849, 825/1000.
Terminated at swamp 1.
The last entry of errorHistory is 1.000000 for index 824850, 825/1000.
Terminated at swamp 0.5.
The last entry of errorHistory is 0.500610 for index 824851, 825/1000.
Terminated at swamp 0.5.
The last entry of errorHistory is 0.500289 for index 824852, 825/1000.
The last entry of errorHistory is 0.000014 for index 824853, 825/1000.
Terminated at swamp 0.5.
The last entry of errorHistory is 0.500296 for index 824854, 825/1000.
Terminated at swamp 1.
The last entry of errorHistory is 1.000028 for index 824855, 825/1000.
The last entry of errorHistory is 1.000000 for index 824856, 825/1000.
Terminated at swamp 0.5.
The last entry of errorHistory is 0.500212 for index 824857, 825/1000.
The last entry of errorHistory is 0.000008 for index 824858, 825/1000.
Terminated at swamp 0.5.
The last entry of errorHistory is 0.500119 for index 824859, 825/1000.
The last entry of errorHistory is 1.000000 for index 824860, 825/1000.
Terminated at swamp 0.5.
The last entry of errorHistory is 0.500596 for index 824861, 825/1000.
Terminated at swamp 0.5.
The last entry of errorHistory is 0.500220 for index 824862, 825/1000.
Terminated at swamp 1.
The last entry of errorHistory is 1.000309 for index 824863, 825/1000.
Terminated at swamp 0.5.
The last entry of errorHistory is 0.500442 for index 824864, 825/1000.
Terminated at swamp 0.5.
The last entry of errorHistory is 0.500063 for index 824865, 825/1000.
The last entry of errorHistory is 1.000000 for index 824866, 825/1000.
Terminated at swamp 0.5.
The last entry of errorHistory is 0.500423 for index 824867, 825/1000.
The last entry of errorHistory is 0.000912 for index 824868, 825/1000.
Terminated at swamp 0.5.
The last entry of errorHistory is 0.500343 for index 824869, 825/1000.
The last entry of errorHistory is 0.000011 for index 824870, 825/1000.
The last entry of errorHistory is 1.000000 for index 824871, 825/1000.
The last entry of errorHistory is 0.500000 for index 824872, 825/1000.
The last entry of errorHistory is 0.500000 for index 824873, 825/1000.
Terminated at swamp 0.5.
The last entry of errorHistory is 0.500004 for index 824874, 825/1000.
The last entry of errorHistory is 0.000099 for index 824875, 825/1000.
Terminated at swamp 0.5.
The last entry of errorHistory is 0.500116 for index 824876, 825/1000.
Terminated at swamp 0.5.
The last entry of errorHistory is 0.500006 for index 824877, 825/1000.
Terminated at swamp 0.5.
The last entry of errorHistory is 0.500308 for index 824878, 825/1000.
The last entry of errorHistory is 0.000059 for index 824879, 825/1000.
Terminated at swamp 0.5.
The last entry of errorHistory is 0.500018 for index 824880, 825/1000.
Terminated at swamp 1.
The last entry of errorHistory is 1.000511 for index 824881, 825/1000.
Terminated at swamp 1.
The last entry of errorHistory is 1.000415 for index 824882, 825/1000.
Terminated at swamp 1.
The last entry of errorHistory is 1.000116 for index 824883, 825/1000.
The last entry of errorHistory is 1.000000 for index 824884, 825/1000.
Terminated at swamp 0.5.
The last entry of errorHistory is 0.500305 for index 824885, 825/1000.
Terminated at swamp 0.5.
The last entry of errorHistory is 0.500006 for index 824886, 825/1000.
Terminated at swamp 0.5.
The last entry of errorHistory is 0.500732 for index 824887, 825/1000.
The last entry of errorHistory is 1.000000 for index 824888, 825/1000.
Terminated at swamp 0.5.
The last entry of errorHistory is 0.500081 for index 824889, 825/1000.
The last entry of errorHistory is 1.000000 for index 824890, 825/1000.
Terminated at swamp 0.5.
The last entry of errorHistory is 0.500402 for index 824891, 825/1000.
Terminated at swamp 0.5.
The last entry of errorHistory is 0.500440 for index 824892, 825/1000.
The last entry of errorHistory is 1.000000 for index 824893, 825/1000.
Terminated at swamp 1.
The last entry of errorHistory is 1.000330 for index 824894, 825/1000.
Terminated at swamp 1.
The last entry of errorHistory is 1.000175 for index 824895, 825/1000.
Terminated at swamp 0.5.
The last entry of errorHistory is 0.500479 for index 824896, 825/1000.
The last entry of errorHistory is 0.000019 for index 824897, 825/1000.
The last entry of errorHistory is 0.000260 for index 824898, 825/1000.
Terminated at swamp 0.5.
The last entry of errorHistory is 0.500574 for index 824899, 825/1000.
Terminated at swamp 0.5.
The last entry of errorHistory is 0.500275 for index 824900, 825/1000.
The last entry of errorHistory is 1.000000 for index 824901, 825/1000.
Terminated at swamp 1.
The last entry of errorHistory is 1.000057 for index 824902, 825/1000.
Terminated at swamp 0.5.
The last entry of errorHistory is 0.500024 for index 824903, 825/1000.
Terminated at swamp 0.5.
The last entry of errorHistory is 0.500048 for index 824904, 825/1000.
Terminated at swamp 0.5.
The last entry of errorHistory is 0.500585 for index 824905, 825/1000.
The last entry of errorHistory is 1.000000 for index 824906, 825/1000.
Terminated at swamp 0.5.
The last entry of errorHistory is 0.500240 for index 824907, 825/1000.
The last entry of errorHistory is 1.500000 for index 824908, 825/1000.
Terminated at swamp 0.5.
The last entry of errorHistory is 0.500480 for index 824909, 825/1000.
The last entry of errorHistory is 1.000000 for index 824910, 825/1000.
Terminated at swamp 0.5.
The last entry of errorHistory is 0.500060 for index 824911, 825/1000.
Terminated at swamp 1.
The last entry of errorHistory is 1.000040 for index 824912, 825/1000.
The last entry of errorHistory is 0.000052 for index 824913, 825/1000.
Terminated at swamp 0.5.
The last entry of errorHistory is 0.500089 for index 824914, 825/1000.
Terminated at swamp 0.5.
The last entry of errorHistory is 0.500458 for index 824915, 825/1000.
Terminated at swamp 1.
The last entry of errorHistory is 1.000000 for index 824916, 825/1000.
The last entry of errorHistory is 1.000000 for index 824917, 825/1000.
Terminated at swamp 1.
The last entry of errorHistory is 1.000000 for index 824918, 825/1000.
Terminated at swamp 0.5.
The last entry of errorHistory is 0.500767 for index 824919, 825/1000.
The last entry of errorHistory is 0.001038 for index 824920, 825/1000.
Terminated at swamp 0.5.
The last entry of errorHistory is 0.500558 for index 824921, 825/1000.
Terminated at swamp 0.5.
The last entry of errorHistory is 0.500409 for index 824922, 825/1000.
Terminated at swamp 1.
The last entry of errorHistory is 1.000000 for index 824923, 825/1000.
Terminated at swamp 0.5.
The last entry of errorHistory is 0.500457 for index 824924, 825/1000.
Terminated at swamp 1.
The last entry of errorHistory is 1.000351 for index 824925, 825/1000.
Terminated at swamp 0.5.
The last entry of errorHistory is 0.500534 for index 824926, 825/1000.
Terminated at swamp 1.
The last entry of errorHistory is 1.000003 for index 824927, 825/1000.
Terminated at swamp 0.5.
The last entry of errorHistory is 0.500251 for index 824928, 825/1000.
Terminated at swamp 0.5.
The last entry of errorHistory is 0.500437 for index 824929, 825/1000.
Terminated at swamp 0.5.
The last entry of errorHistory is 0.500154 for index 824930, 825/1000.
Terminated at swamp 1.
The last entry of errorHistory is 1.000064 for index 824931, 825/1000.
Terminated at swamp 0.5.
The last entry of errorHistory is 0.500124 for index 824932, 825/1000.
Terminated at swamp 0.5.
The last entry of errorHistory is 0.500340 for index 824933, 825/1000.
The last entry of errorHistory is 0.000117 for index 824934, 825/1000.
Terminated at swamp 1.
The last entry of errorHistory is 1.000001 for index 824935, 825/1000.
Terminated at swamp 0.5.
The last entry of errorHistory is 0.500372 for index 824936, 825/1000.
The last entry of errorHistory is 0.500000 for index 824937, 825/1000.
Terminated at swamp 1.
The last entry of errorHistory is 1.000015 for index 824938, 825/1000.
Terminated at swamp 0.5.
The last entry of errorHistory is 0.500124 for index 824939, 825/1000.
Terminated at swamp 1.
The last entry of errorHistory is 1.000052 for index 824940, 825/1000.
The last entry of errorHistory is 1.000000 for index 824941, 825/1000.
The last entry of errorHistory is 1.000000 for index 824942, 825/1000.
The last entry of errorHistory is 1.000000 for index 824943, 825/1000.
Terminated at swamp 0.5.
The last entry of errorHistory is 0.500455 for index 824944, 825/1000.
Terminated at swamp 0.5.
The last entry of errorHistory is 0.500101 for index 824945, 825/1000.
The last entry of errorHistory is 0.000362 for index 824946, 825/1000.
Terminated at swamp 0.5.
The last entry of errorHistory is 0.500504 for index 824947, 825/1000.
Terminated at swamp 1.
The last entry of errorHistory is 1.000000 for index 824948, 825/1000.
Terminated at swamp 1.
The last entry of errorHistory is 1.000269 for index 824949, 825/1000.
The last entry of errorHistory is 0.000017 for index 824950, 825/1000.
The last entry of errorHistory is 1.000000 for index 824951, 825/1000.
The last entry of errorHistory is 1.000000 for index 824952, 825/1000.
The last entry of errorHistory is 0.500000 for index 824953, 825/1000.
Terminated at swamp 0.5.
The last entry of errorHistory is 0.500332 for index 824954, 825/1000.
Terminated at swamp 0.5.
The last entry of errorHistory is 0.500189 for index 824955, 825/1000.
The last entry of errorHistory is 0.500000 for index 824956, 825/1000.
Terminated at swamp 0.5.
The last entry of errorHistory is 0.500013 for index 824957, 825/1000.
Terminated at swamp 0.5.
The last entry of errorHistory is 0.500496 for index 824958, 825/1000.
Terminated at swamp 0.5.
The last entry of errorHistory is 0.500346 for index 824959, 825/1000.
The last entry of errorHistory is 1.000000 for index 824960, 825/1000.
The last entry of errorHistory is 0.500000 for index 824961, 825/1000.
Terminated at swamp 0.5.
The last entry of errorHistory is 0.500466 for index 824962, 825/1000.
The last entry of errorHistory is 0.000017 for index 824963, 825/1000.
Terminated at swamp 0.5.
The last entry of errorHistory is 0.500213 for index 824964, 825/1000.
Terminated at swamp 0.5.
The last entry of errorHistory is 0.500098 for index 824965, 825/1000.
The last entry of errorHistory is 0.500000 for index 824966, 825/1000.
Terminated at swamp 1.
The last entry of errorHistory is 1.000000 for index 824967, 825/1000.
The last entry of errorHistory is 1.000000 for index 824968, 825/1000.
Terminated at swamp 1.
The last entry of errorHistory is 1.000230 for index 824969, 825/1000.
The last entry of errorHistory is 0.000009 for index 824970, 825/1000.
The last entry of errorHistory is 0.000086 for index 824971, 825/1000.
Terminated at swamp 0.5.
The last entry of errorHistory is 0.500398 for index 824972, 825/1000.
Terminated at swamp 1.
The last entry of errorHistory is 1.000127 for index 824973, 825/1000.
Terminated at swamp 0.5.
The last entry of errorHistory is 0.500493 for index 824974, 825/1000.
Terminated at swamp 1.
The last entry of errorHistory is 1.000253 for index 824975, 825/1000.
Terminated at swamp 0.5.
The last entry of errorHistory is 0.500413 for index 824976, 825/1000.
Terminated at swamp 0.5.
The last entry of errorHistory is 0.500399 for index 824977, 825/1000.
Terminated at swamp 0.5.
The last entry of errorHistory is 0.500254 for index 824978, 825/1000.
Terminated at swamp 1.
The last entry of errorHistory is 1.000010 for index 824979, 825/1000.
Terminated at swamp 1.
The last entry of errorHistory is 1.000013 for index 824980, 825/1000.
Terminated at swamp 1.
The last entry of errorHistory is 1.000270 for index 824981, 825/1000.
The last entry of errorHistory is 1.000000 for index 824982, 825/1000.
The last entry of errorHistory is 1.000000 for index 824983, 825/1000.
The last entry of errorHistory is 0.000415 for index 824984, 825/1000.
The last entry of errorHistory is 1.000000 for index 824985, 825/1000.
The last entry of errorHistory is 0.000107 for index 824986, 825/1000.
Terminated at swamp 1.
The last entry of errorHistory is 1.000000 for index 824987, 825/1000.
Terminated at swamp 0.5.
The last entry of errorHistory is 0.500436 for index 824988, 825/1000.
The last entry of errorHistory is 0.000008 for index 824989, 825/1000.
Terminated at swamp 0.5.
The last entry of errorHistory is 0.500571 for index 824990, 825/1000.
The last entry of errorHistory is 0.000021 for index 824991, 825/1000.
Terminated at swamp 0.5.
The last entry of errorHistory is 0.500530 for index 824992, 825/1000.
Terminated at swamp 0.5.
The last entry of errorHistory is 0.500407 for index 824993, 825/1000.
Terminated at swamp 1.
The last entry of errorHistory is 1.000033 for index 824994, 825/1000.
The last entry of errorHistory is 0.001234 for index 824995, 825/1000.
The last entry of errorHistory is 0.000090 for index 824996, 825/1000.
Terminated at swamp 1.
The last entry of errorHistory is 1.000131 for index 824997, 825/1000.
The last entry of errorHistory is 0.000010 for index 824998, 825/1000.
The last entry of errorHistory is 1.000000 for index 824999, 825/1000.
The last entry of errorHistory is 1.000000 for index 825000, 825/1000.
