
                            < M A T L A B (R) >
                  Copyright 1984-2018 The MathWorks, Inc.
                   R2018b (9.5.0.944444) 64-bit (glnxa64)
                              August 28, 2018

 
To get started, type doc.
For product information, visit www.mathworks.com.
 
Terminated at swamp 0.5.
The last entry of errorHistory is 0.500173 for index 832001, 833/1000.
The last entry of errorHistory is 0.000050 for index 832002, 833/1000.
Terminated at swamp 0.5.
The last entry of errorHistory is 0.500253 for index 832003, 833/1000.
Terminated at swamp 0.5.
The last entry of errorHistory is 0.500544 for index 832004, 833/1000.
The last entry of errorHistory is 1.000000 for index 832005, 833/1000.
Terminated at swamp 0.5.
The last entry of errorHistory is 0.500498 for index 832006, 833/1000.
Terminated at swamp 0.5.
The last entry of errorHistory is 0.500767 for index 832007, 833/1000.
Terminated at swamp 0.5.
The last entry of errorHistory is 0.500569 for index 832008, 833/1000.
Terminated at swamp 0.5.
The last entry of errorHistory is 0.500070 for index 832009, 833/1000.
The last entry of errorHistory is 1.000000 for index 832010, 833/1000.
Terminated at swamp 0.5.
The last entry of errorHistory is 0.500362 for index 832011, 833/1000.
Terminated at swamp 0.5.
The last entry of errorHistory is 0.500589 for index 832012, 833/1000.
Terminated at swamp 0.5.
The last entry of errorHistory is 0.500226 for index 832013, 833/1000.
Terminated at swamp 0.5.
The last entry of errorHistory is 0.500362 for index 832014, 833/1000.
Terminated at swamp 1.
The last entry of errorHistory is 1.000486 for index 832015, 833/1000.
The last entry of errorHistory is 0.500000 for index 832016, 833/1000.
The last entry of errorHistory is 0.002675 for index 832017, 833/1000.
Terminated at swamp 0.5.
The last entry of errorHistory is 0.500201 for index 832018, 833/1000.
Terminated at swamp 0.5.
The last entry of errorHistory is 0.500013 for index 832019, 833/1000.
The last entry of errorHistory is 1.000000 for index 832020, 833/1000.
Terminated at swamp 0.5.
The last entry of errorHistory is 0.500409 for index 832021, 833/1000.
Terminated at swamp 0.5.
The last entry of errorHistory is 0.500431 for index 832022, 833/1000.
Terminated at swamp 0.5.
The last entry of errorHistory is 0.500223 for index 832023, 833/1000.
Terminated at swamp 0.5.
The last entry of errorHistory is 0.500490 for index 832024, 833/1000.
Terminated at swamp 1.
The last entry of errorHistory is 1.000007 for index 832025, 833/1000.
Terminated at swamp 0.5.
The last entry of errorHistory is 0.500636 for index 832026, 833/1000.
The last entry of errorHistory is 1.500000 for index 832027, 833/1000.
The last entry of errorHistory is 0.000038 for index 832028, 833/1000.
Terminated at swamp 0.5.
The last entry of errorHistory is 0.500617 for index 832029, 833/1000.
The last entry of errorHistory is 1.000000 for index 832030, 833/1000.
Terminated at swamp 0.5.
The last entry of errorHistory is 0.500261 for index 832031, 833/1000.
The last entry of errorHistory is 1.000000 for index 832032, 833/1000.
Terminated at swamp 0.5.
The last entry of errorHistory is 0.500277 for index 832033, 833/1000.
The last entry of errorHistory is 1.000000 for index 832034, 833/1000.
The last entry of errorHistory is 0.000020 for index 832035, 833/1000.
The last entry of errorHistory is 0.000036 for index 832036, 833/1000.
Terminated at swamp 0.5.
The last entry of errorHistory is 0.500343 for index 832037, 833/1000.
Terminated at swamp 0.5.
The last entry of errorHistory is 0.500684 for index 832038, 833/1000.
The last entry of errorHistory is 1.000000 for index 832039, 833/1000.
Terminated at swamp 1.
The last entry of errorHistory is 1.000302 for index 832040, 833/1000.
The last entry of errorHistory is 0.000083 for index 832041, 833/1000.
Terminated at swamp 0.5.
The last entry of errorHistory is 0.500696 for index 832042, 833/1000.
Terminated at swamp 0.5.
The last entry of errorHistory is 0.500170 for index 832043, 833/1000.
Terminated at swamp 0.5.
The last entry of errorHistory is 0.500015 for index 832044, 833/1000.
Terminated at swamp 1.
The last entry of errorHistory is 1.000064 for index 832045, 833/1000.
The last entry of errorHistory is 0.000019 for index 832046, 833/1000.
Terminated at swamp 0.5.
The last entry of errorHistory is 0.500185 for index 832047, 833/1000.
Terminated at swamp 0.5.
The last entry of errorHistory is 0.500342 for index 832048, 833/1000.
The last entry of errorHistory is 1.000000 for index 832049, 833/1000.
Terminated at swamp 1.
The last entry of errorHistory is 1.000001 for index 832050, 833/1000.
The last entry of errorHistory is 1.000000 for index 832051, 833/1000.
Terminated at swamp 0.5.
The last entry of errorHistory is 0.500635 for index 832052, 833/1000.
Terminated at swamp 0.5.
The last entry of errorHistory is 0.500626 for index 832053, 833/1000.
Terminated at swamp 0.5.
The last entry of errorHistory is 0.500319 for index 832054, 833/1000.
Terminated at swamp 1.
The last entry of errorHistory is 1.000012 for index 832055, 833/1000.
The last entry of errorHistory is 1.000000 for index 832056, 833/1000.
Terminated at swamp 1.
The last entry of errorHistory is 1.000001 for index 832057, 833/1000.
Terminated at swamp 0.5.
The last entry of errorHistory is 0.500508 for index 832058, 833/1000.
Terminated at swamp 0.5.
The last entry of errorHistory is 0.500480 for index 832059, 833/1000.
The last entry of errorHistory is 0.000007 for index 832060, 833/1000.
The last entry of errorHistory is 0.000019 for index 832061, 833/1000.
The last entry of errorHistory is 1.000000 for index 832062, 833/1000.
The last entry of errorHistory is 1.000000 for index 832063, 833/1000.
The last entry of errorHistory is 0.000080 for index 832064, 833/1000.
The last entry of errorHistory is 0.000054 for index 832065, 833/1000.
Terminated at swamp 1.
The last entry of errorHistory is 1.000357 for index 832066, 833/1000.
The last entry of errorHistory is 0.000012 for index 832067, 833/1000.
Terminated at swamp 0.5.
The last entry of errorHistory is 0.500163 for index 832068, 833/1000.
The last entry of errorHistory is 0.000392 for index 832069, 833/1000.
Terminated at swamp 0.5.
The last entry of errorHistory is 0.500564 for index 832070, 833/1000.
The last entry of errorHistory is 0.000034 for index 832071, 833/1000.
The last entry of errorHistory is 0.500000 for index 832072, 833/1000.
Terminated at swamp 0.5.
The last entry of errorHistory is 0.500076 for index 832073, 833/1000.
Terminated at swamp 0.5.
The last entry of errorHistory is 0.500407 for index 832074, 833/1000.
The last entry of errorHistory is 0.000046 for index 832075, 833/1000.
Terminated at swamp 1.
The last entry of errorHistory is 1.000002 for index 832076, 833/1000.
Terminated at swamp 1.
The last entry of errorHistory is 1.000000 for index 832077, 833/1000.
Terminated at swamp 0.5.
The last entry of errorHistory is 0.500192 for index 832078, 833/1000.
Terminated at swamp 0.5.
The last entry of errorHistory is 0.500270 for index 832079, 833/1000.
The last entry of errorHistory is 1.000000 for index 832080, 833/1000.
Terminated at swamp 0.5.
The last entry of errorHistory is 0.500585 for index 832081, 833/1000.
Terminated at swamp 0.5.
The last entry of errorHistory is 0.500018 for index 832082, 833/1000.
Terminated at swamp 0.5.
The last entry of errorHistory is 0.500361 for index 832083, 833/1000.
The last entry of errorHistory is 1.500000 for index 832084, 833/1000.
The last entry of errorHistory is 0.500000 for index 832085, 833/1000.
Terminated at swamp 1.
The last entry of errorHistory is 1.000000 for index 832086, 833/1000.
Terminated at swamp 0.5.
The last entry of errorHistory is 0.500525 for index 832087, 833/1000.
The last entry of errorHistory is 0.500000 for index 832088, 833/1000.
Terminated at swamp 0.5.
The last entry of errorHistory is 0.500000 for index 832089, 833/1000.
The last entry of errorHistory is 0.501491 for index 832090, 833/1000.
Terminated at swamp 1.
The last entry of errorHistory is 1.000000 for index 832091, 833/1000.
The last entry of errorHistory is 0.000023 for index 832092, 833/1000.
The last entry of errorHistory is 1.000000 for index 832093, 833/1000.
Terminated at swamp 0.5.
The last entry of errorHistory is 0.500019 for index 832094, 833/1000.
The last entry of errorHistory is 0.500000 for index 832095, 833/1000.
The last entry of errorHistory is 0.000009 for index 832096, 833/1000.
Terminated at swamp 0.5.
The last entry of errorHistory is 0.500597 for index 832097, 833/1000.
Terminated at swamp 0.5.
The last entry of errorHistory is 0.500091 for index 832098, 833/1000.
Terminated at swamp 1.
The last entry of errorHistory is 1.000000 for index 832099, 833/1000.
Terminated at swamp 0.5.
The last entry of errorHistory is 0.500632 for index 832100, 833/1000.
Terminated at swamp 0.5.
The last entry of errorHistory is 0.500488 for index 832101, 833/1000.
Terminated at swamp 0.5.
The last entry of errorHistory is 0.500923 for index 832102, 833/1000.
Terminated at swamp 0.5.
The last entry of errorHistory is 0.500338 for index 832103, 833/1000.
The last entry of errorHistory is 1.000000 for index 832104, 833/1000.
Terminated at swamp 0.5.
The last entry of errorHistory is 0.500391 for index 832105, 833/1000.
The last entry of errorHistory is 0.000037 for index 832106, 833/1000.
Terminated at swamp 0.5.
The last entry of errorHistory is 0.500573 for index 832107, 833/1000.
Terminated at swamp 0.5.
The last entry of errorHistory is 0.500363 for index 832108, 833/1000.
Terminated at swamp 0.5.
The last entry of errorHistory is 0.500076 for index 832109, 833/1000.
The last entry of errorHistory is 1.000000 for index 832110, 833/1000.
The last entry of errorHistory is 0.000857 for index 832111, 833/1000.
Terminated at swamp 0.5.
The last entry of errorHistory is 0.500610 for index 832112, 833/1000.
Terminated at swamp 0.5.
The last entry of errorHistory is 0.500607 for index 832113, 833/1000.
Terminated at swamp 0.5.
The last entry of errorHistory is 0.500000 for index 832114, 833/1000.
The last entry of errorHistory is 0.000295 for index 832115, 833/1000.
The last entry of errorHistory is 1.000000 for index 832116, 833/1000.
The last entry of errorHistory is 0.000626 for index 832117, 833/1000.
The last entry of errorHistory is 0.000644 for index 832118, 833/1000.
Terminated at swamp 0.5.
The last entry of errorHistory is 0.500496 for index 832119, 833/1000.
Terminated at swamp 0.5.
The last entry of errorHistory is 0.500283 for index 832120, 833/1000.
Terminated at swamp 0.5.
The last entry of errorHistory is 0.500423 for index 832121, 833/1000.
Terminated at swamp 0.5.
The last entry of errorHistory is 0.500739 for index 832122, 833/1000.
The last entry of errorHistory is 1.500000 for index 832123, 833/1000.
Terminated at swamp 1.
The last entry of errorHistory is 1.000000 for index 832124, 833/1000.
Terminated at swamp 0.5.
The last entry of errorHistory is 0.500461 for index 832125, 833/1000.
The last entry of errorHistory is 1.000000 for index 832126, 833/1000.
The last entry of errorHistory is 1.000000 for index 832127, 833/1000.
The last entry of errorHistory is 1.000000 for index 832128, 833/1000.
Terminated at swamp 1.
The last entry of errorHistory is 1.000109 for index 832129, 833/1000.
The last entry of errorHistory is 1.000000 for index 832130, 833/1000.
Terminated at swamp 0.5.
The last entry of errorHistory is 0.500053 for index 832131, 833/1000.
Terminated at swamp 0.5.
The last entry of errorHistory is 0.500188 for index 832132, 833/1000.
Terminated at swamp 1.
The last entry of errorHistory is 1.000002 for index 832133, 833/1000.
Terminated at swamp 0.5.
The last entry of errorHistory is 0.500440 for index 832134, 833/1000.
Terminated at swamp 0.5.
The last entry of errorHistory is 0.500408 for index 832135, 833/1000.
Terminated at swamp 0.5.
The last entry of errorHistory is 0.500618 for index 832136, 833/1000.
The last entry of errorHistory is 1.000000 for index 832137, 833/1000.
Terminated at swamp 0.5.
The last entry of errorHistory is 0.500303 for index 832138, 833/1000.
Terminated at swamp 1.
The last entry of errorHistory is 1.000210 for index 832139, 833/1000.
Terminated at swamp 0.5.
The last entry of errorHistory is 0.500557 for index 832140, 833/1000.
Terminated at swamp 0.5.
The last entry of errorHistory is 0.500152 for index 832141, 833/1000.
The last entry of errorHistory is 0.500000 for index 832142, 833/1000.
The last entry of errorHistory is 0.000777 for index 832143, 833/1000.
The last entry of errorHistory is 0.000011 for index 832144, 833/1000.
Terminated at swamp 0.5.
The last entry of errorHistory is 0.500517 for index 832145, 833/1000.
Terminated at swamp 0.5.
The last entry of errorHistory is 0.500078 for index 832146, 833/1000.
Terminated at swamp 1.
The last entry of errorHistory is 1.000001 for index 832147, 833/1000.
Terminated at swamp 1.
The last entry of errorHistory is 1.000200 for index 832148, 833/1000.
The last entry of errorHistory is 0.500000 for index 832149, 833/1000.
Terminated at swamp 1.
The last entry of errorHistory is 1.000022 for index 832150, 833/1000.
The last entry of errorHistory is 1.000000 for index 832151, 833/1000.
Terminated at swamp 1.
The last entry of errorHistory is 1.000012 for index 832152, 833/1000.
Terminated at swamp 0.5.
The last entry of errorHistory is 0.500585 for index 832153, 833/1000.
Terminated at swamp 0.5.
The last entry of errorHistory is 0.500265 for index 832154, 833/1000.
Terminated at swamp 1.
The last entry of errorHistory is 1.000000 for index 832155, 833/1000.
The last entry of errorHistory is 0.500000 for index 832156, 833/1000.
Terminated at swamp 0.5.
The last entry of errorHistory is 0.500375 for index 832157, 833/1000.
Terminated at swamp 0.5.
The last entry of errorHistory is 0.500221 for index 832158, 833/1000.
The last entry of errorHistory is 1.000000 for index 832159, 833/1000.
Terminated at swamp 0.5.
The last entry of errorHistory is 0.500444 for index 832160, 833/1000.
Terminated at swamp 0.5.
The last entry of errorHistory is 0.500783 for index 832161, 833/1000.
Terminated at swamp 0.5.
The last entry of errorHistory is 0.500526 for index 832162, 833/1000.
Terminated at swamp 0.5.
The last entry of errorHistory is 0.500460 for index 832163, 833/1000.
The last entry of errorHistory is 1.000000 for index 832164, 833/1000.
Terminated at swamp 1.
The last entry of errorHistory is 1.000018 for index 832165, 833/1000.
Terminated at swamp 1.
The last entry of errorHistory is 1.000000 for index 832166, 833/1000.
Terminated at swamp 0.5.
The last entry of errorHistory is 0.500423 for index 832167, 833/1000.
Terminated at swamp 0.5.
The last entry of errorHistory is 0.500247 for index 832168, 833/1000.
Terminated at swamp 0.5.
The last entry of errorHistory is 0.500261 for index 832169, 833/1000.
Terminated at swamp 0.5.
The last entry of errorHistory is 0.500463 for index 832170, 833/1000.
Terminated at swamp 0.5.
The last entry of errorHistory is 0.500096 for index 832171, 833/1000.
Terminated at swamp 0.5.
The last entry of errorHistory is 0.500222 for index 832172, 833/1000.
The last entry of errorHistory is 0.000012 for index 832173, 833/1000.
The last entry of errorHistory is 0.000021 for index 832174, 833/1000.
Terminated at swamp 1.
The last entry of errorHistory is 1.000113 for index 832175, 833/1000.
Terminated at swamp 0.5.
The last entry of errorHistory is 0.500455 for index 832176, 833/1000.
The last entry of errorHistory is 0.500000 for index 832177, 833/1000.
The last entry of errorHistory is 0.500000 for index 832178, 833/1000.
The last entry of errorHistory is 1.000000 for index 832179, 833/1000.
Terminated at swamp 0.5.
The last entry of errorHistory is 0.500410 for index 832180, 833/1000.
Terminated at swamp 0.5.
The last entry of errorHistory is 0.500075 for index 832181, 833/1000.
Terminated at swamp 0.5.
The last entry of errorHistory is 0.500007 for index 832182, 833/1000.
Terminated at swamp 0.5.
The last entry of errorHistory is 0.500518 for index 832183, 833/1000.
The last entry of errorHistory is 1.000000 for index 832184, 833/1000.
The last entry of errorHistory is 1.000000 for index 832185, 833/1000.
Terminated at swamp 0.5.
The last entry of errorHistory is 0.500631 for index 832186, 833/1000.
Terminated at swamp 0.5.
The last entry of errorHistory is 0.500653 for index 832187, 833/1000.
Terminated at swamp 0.5.
The last entry of errorHistory is 0.500562 for index 832188, 833/1000.
The last entry of errorHistory is 1.500000 for index 832189, 833/1000.
Terminated at swamp 0.5.
The last entry of errorHistory is 0.500323 for index 832190, 833/1000.
The last entry of errorHistory is 0.000057 for index 832191, 833/1000.
Terminated at swamp 0.5.
The last entry of errorHistory is 0.500445 for index 832192, 833/1000.
Terminated at swamp 0.5.
The last entry of errorHistory is 0.500530 for index 832193, 833/1000.
Terminated at swamp 0.5.
The last entry of errorHistory is 0.500343 for index 832194, 833/1000.
Terminated at swamp 0.5.
The last entry of errorHistory is 0.500652 for index 832195, 833/1000.
The last entry of errorHistory is 1.000000 for index 832196, 833/1000.
Terminated at swamp 0.5.
The last entry of errorHistory is 0.500388 for index 832197, 833/1000.
Terminated at swamp 1.
The last entry of errorHistory is 1.000303 for index 832198, 833/1000.
Terminated at swamp 0.5.
The last entry of errorHistory is 0.500132 for index 832199, 833/1000.
Terminated at swamp 0.5.
The last entry of errorHistory is 0.500551 for index 832200, 833/1000.
Terminated at swamp 1.
The last entry of errorHistory is 1.000193 for index 832201, 833/1000.
The last entry of errorHistory is 0.001078 for index 832202, 833/1000.
Terminated at swamp 0.5.
The last entry of errorHistory is 0.500438 for index 832203, 833/1000.
Terminated at swamp 1.
The last entry of errorHistory is 1.000007 for index 832204, 833/1000.
Terminated at swamp 0.5.
The last entry of errorHistory is 0.500502 for index 832205, 833/1000.
The last entry of errorHistory is 1.000000 for index 832206, 833/1000.
The last entry of errorHistory is 0.500000 for index 832207, 833/1000.
Terminated at swamp 0.5.
The last entry of errorHistory is 0.500314 for index 832208, 833/1000.
Terminated at swamp 0.5.
The last entry of errorHistory is 0.500484 for index 832209, 833/1000.
Terminated at swamp 0.5.
The last entry of errorHistory is 0.500534 for index 832210, 833/1000.
Terminated at swamp 0.5.
The last entry of errorHistory is 0.500272 for index 832211, 833/1000.
Terminated at swamp 0.5.
The last entry of errorHistory is 0.500753 for index 832212, 833/1000.
Terminated at swamp 0.5.
The last entry of errorHistory is 0.500032 for index 832213, 833/1000.
The last entry of errorHistory is 0.000338 for index 832214, 833/1000.
Terminated at swamp 0.5.
The last entry of errorHistory is 0.500274 for index 832215, 833/1000.
The last entry of errorHistory is 1.000000 for index 832216, 833/1000.
Terminated at swamp 0.5.
The last entry of errorHistory is 0.500585 for index 832217, 833/1000.
Terminated at swamp 0.5.
The last entry of errorHistory is 0.500027 for index 832218, 833/1000.
Terminated at swamp 1.
The last entry of errorHistory is 1.000394 for index 832219, 833/1000.
The last entry of errorHistory is 0.000255 for index 832220, 833/1000.
The last entry of errorHistory is 1.000000 for index 832221, 833/1000.
Terminated at swamp 1.
The last entry of errorHistory is 1.000476 for index 832222, 833/1000.
Terminated at swamp 1.
The last entry of errorHistory is 1.000213 for index 832223, 833/1000.
The last entry of errorHistory is 1.000000 for index 832224, 833/1000.
The last entry of errorHistory is 1.000000 for index 832225, 833/1000.
The last entry of errorHistory is 0.500000 for index 832226, 833/1000.
Terminated at swamp 0.5.
The last entry of errorHistory is 0.500371 for index 832227, 833/1000.
Terminated at swamp 1.
The last entry of errorHistory is 1.000000 for index 832228, 833/1000.
Terminated at swamp 1.
The last entry of errorHistory is 1.000202 for index 832229, 833/1000.
Terminated at swamp 0.5.
The last entry of errorHistory is 0.500441 for index 832230, 833/1000.
The last entry of errorHistory is 0.500000 for index 832231, 833/1000.
Terminated at swamp 0.5.
The last entry of errorHistory is 0.500264 for index 832232, 833/1000.
Terminated at swamp 0.5.
The last entry of errorHistory is 0.500360 for index 832233, 833/1000.
Terminated at swamp 0.5.
The last entry of errorHistory is 0.500655 for index 832234, 833/1000.
Terminated at swamp 0.5.
The last entry of errorHistory is 0.500554 for index 832235, 833/1000.
Terminated at swamp 0.5.
The last entry of errorHistory is 0.500309 for index 832236, 833/1000.
The last entry of errorHistory is 1.000000 for index 832237, 833/1000.
The last entry of errorHistory is 1.000000 for index 832238, 833/1000.
The last entry of errorHistory is 0.500000 for index 832239, 833/1000.
Terminated at swamp 0.5.
The last entry of errorHistory is 0.500362 for index 832240, 833/1000.
Terminated at swamp 0.5.
The last entry of errorHistory is 0.500142 for index 832241, 833/1000.
Terminated at swamp 0.5.
The last entry of errorHistory is 0.500192 for index 832242, 833/1000.
Terminated at swamp 1.
The last entry of errorHistory is 1.000552 for index 832243, 833/1000.
The last entry of errorHistory is 0.000088 for index 832244, 833/1000.
The last entry of errorHistory is 1.500000 for index 832245, 833/1000.
Terminated at swamp 1.
The last entry of errorHistory is 1.000045 for index 832246, 833/1000.
Terminated at swamp 0.5.
The last entry of errorHistory is 0.500320 for index 832247, 833/1000.
Terminated at swamp 0.5.
The last entry of errorHistory is 0.500090 for index 832248, 833/1000.
Terminated at swamp 1.
The last entry of errorHistory is 1.000273 for index 832249, 833/1000.
Terminated at swamp 0.5.
The last entry of errorHistory is 0.500034 for index 832250, 833/1000.
The last entry of errorHistory is 0.000015 for index 832251, 833/1000.
Terminated at swamp 0.5.
The last entry of errorHistory is 0.500009 for index 832252, 833/1000.
The last entry of errorHistory is 1.500000 for index 832253, 833/1000.
Terminated at swamp 0.5.
The last entry of errorHistory is 0.500513 for index 832254, 833/1000.
Terminated at swamp 0.5.
The last entry of errorHistory is 0.500457 for index 832255, 833/1000.
Terminated at swamp 0.5.
The last entry of errorHistory is 0.500001 for index 832256, 833/1000.
Terminated at swamp 0.5.
The last entry of errorHistory is 0.500207 for index 832257, 833/1000.
The last entry of errorHistory is 1.000000 for index 832258, 833/1000.
The last entry of errorHistory is 0.000010 for index 832259, 833/1000.
Terminated at swamp 0.5.
The last entry of errorHistory is 0.500095 for index 832260, 833/1000.
Terminated at swamp 0.5.
The last entry of errorHistory is 0.500711 for index 832261, 833/1000.
The last entry of errorHistory is 0.500000 for index 832262, 833/1000.
Terminated at swamp 1.
The last entry of errorHistory is 1.000000 for index 832263, 833/1000.
The last entry of errorHistory is 0.500000 for index 832264, 833/1000.
Terminated at swamp 0.5.
The last entry of errorHistory is 0.500000 for index 832265, 833/1000.
The last entry of errorHistory is 1.500000 for index 832266, 833/1000.
Terminated at swamp 0.5.
The last entry of errorHistory is 0.500583 for index 832267, 833/1000.
Terminated at swamp 0.5.
The last entry of errorHistory is 0.500302 for index 832268, 833/1000.
Terminated at swamp 0.5.
The last entry of errorHistory is 0.500240 for index 832269, 833/1000.
The last entry of errorHistory is 0.000033 for index 832270, 833/1000.
Terminated at swamp 1.
The last entry of errorHistory is 1.000275 for index 832271, 833/1000.
Terminated at swamp 0.5.
The last entry of errorHistory is 0.500251 for index 832272, 833/1000.
Terminated at swamp 0.5.
The last entry of errorHistory is 0.500604 for index 832273, 833/1000.
The last entry of errorHistory is 0.000012 for index 832274, 833/1000.
The last entry of errorHistory is 1.000000 for index 832275, 833/1000.
The last entry of errorHistory is 1.000000 for index 832276, 833/1000.
The last entry of errorHistory is 1.000000 for index 832277, 833/1000.
The last entry of errorHistory is 0.000052 for index 832278, 833/1000.
Terminated at swamp 1.
The last entry of errorHistory is 1.000002 for index 832279, 833/1000.
The last entry of errorHistory is 0.000033 for index 832280, 833/1000.
Terminated at swamp 1.
The last entry of errorHistory is 1.000000 for index 832281, 833/1000.
The last entry of errorHistory is 0.000017 for index 832282, 833/1000.
The last entry of errorHistory is 0.000012 for index 832283, 833/1000.
The last entry of errorHistory is 1.000000 for index 832284, 833/1000.
The last entry of errorHistory is 1.000000 for index 832285, 833/1000.
Terminated at swamp 0.5.
The last entry of errorHistory is 0.500615 for index 832286, 833/1000.
Terminated at swamp 0.5.
The last entry of errorHistory is 0.500513 for index 832287, 833/1000.
Terminated at swamp 1.
The last entry of errorHistory is 1.000000 for index 832288, 833/1000.
Terminated at swamp 0.5.
The last entry of errorHistory is 0.500742 for index 832289, 833/1000.
The last entry of errorHistory is 0.000392 for index 832290, 833/1000.
The last entry of errorHistory is 1.500000 for index 832291, 833/1000.
Terminated at swamp 0.5.
The last entry of errorHistory is 0.500206 for index 832292, 833/1000.
The last entry of errorHistory is 0.500000 for index 832293, 833/1000.
Terminated at swamp 0.5.
The last entry of errorHistory is 0.500344 for index 832294, 833/1000.
The last entry of errorHistory is 0.000025 for index 832295, 833/1000.
Terminated at swamp 0.5.
The last entry of errorHistory is 0.500909 for index 832296, 833/1000.
The last entry of errorHistory is 1.500000 for index 832297, 833/1000.
The last entry of errorHistory is 0.000060 for index 832298, 833/1000.
The last entry of errorHistory is 1.000000 for index 832299, 833/1000.
Terminated at swamp 1.
The last entry of errorHistory is 1.000006 for index 832300, 833/1000.
The last entry of errorHistory is 1.000000 for index 832301, 833/1000.
Terminated at swamp 0.5.
The last entry of errorHistory is 0.500599 for index 832302, 833/1000.
The last entry of errorHistory is 1.000000 for index 832303, 833/1000.
Terminated at swamp 1.
The last entry of errorHistory is 1.000000 for index 832304, 833/1000.
Terminated at swamp 0.5.
The last entry of errorHistory is 0.500001 for index 832305, 833/1000.
Terminated at swamp 0.5.
The last entry of errorHistory is 0.500437 for index 832306, 833/1000.
The last entry of errorHistory is 0.500000 for index 832307, 833/1000.
The last entry of errorHistory is 1.000000 for index 832308, 833/1000.
The last entry of errorHistory is 1.000000 for index 832309, 833/1000.
Terminated at swamp 0.5.
The last entry of errorHistory is 0.500602 for index 832310, 833/1000.
Terminated at swamp 0.5.
The last entry of errorHistory is 0.500272 for index 832311, 833/1000.
Terminated at swamp 0.5.
The last entry of errorHistory is 0.500096 for index 832312, 833/1000.
The last entry of errorHistory is 1.000000 for index 832313, 833/1000.
Terminated at swamp 0.5.
The last entry of errorHistory is 0.500540 for index 832314, 833/1000.
The last entry of errorHistory is 0.000028 for index 832315, 833/1000.
Terminated at swamp 0.5.
The last entry of errorHistory is 0.500389 for index 832316, 833/1000.
Terminated at swamp 0.5.
The last entry of errorHistory is 0.500070 for index 832317, 833/1000.
Terminated at swamp 0.5.
The last entry of errorHistory is 0.500343 for index 832318, 833/1000.
The last entry of errorHistory is 0.500000 for index 832319, 833/1000.
Terminated at swamp 1.
The last entry of errorHistory is 1.000048 for index 832320, 833/1000.
Terminated at swamp 0.5.
The last entry of errorHistory is 0.500450 for index 832321, 833/1000.
Terminated at swamp 0.5.
The last entry of errorHistory is 0.500513 for index 832322, 833/1000.
The last entry of errorHistory is 1.000000 for index 832323, 833/1000.
Terminated at swamp 1.
The last entry of errorHistory is 1.000094 for index 832324, 833/1000.
Terminated at swamp 0.5.
The last entry of errorHistory is 0.500413 for index 832325, 833/1000.
Terminated at swamp 0.5.
The last entry of errorHistory is 0.500373 for index 832326, 833/1000.
Terminated at swamp 0.5.
The last entry of errorHistory is 0.500015 for index 832327, 833/1000.
Terminated at swamp 0.5.
The last entry of errorHistory is 0.500130 for index 832328, 833/1000.
Terminated at swamp 0.5.
The last entry of errorHistory is 0.499872 for index 832329, 833/1000.
The last entry of errorHistory is 1.000000 for index 832330, 833/1000.
The last entry of errorHistory is 1.000000 for index 832331, 833/1000.
The last entry of errorHistory is 0.000092 for index 832332, 833/1000.
Terminated at swamp 0.5.
The last entry of errorHistory is 0.500579 for index 832333, 833/1000.
Terminated at swamp 0.5.
The last entry of errorHistory is 0.500071 for index 832334, 833/1000.
Terminated at swamp 0.5.
The last entry of errorHistory is 0.500621 for index 832335, 833/1000.
The last entry of errorHistory is 0.000017 for index 832336, 833/1000.
The last entry of errorHistory is 0.000028 for index 832337, 833/1000.
Terminated at swamp 0.5.
The last entry of errorHistory is 0.500334 for index 832338, 833/1000.
Terminated at swamp 0.5.
The last entry of errorHistory is 0.500563 for index 832339, 833/1000.
Terminated at swamp 0.5.
The last entry of errorHistory is 0.500411 for index 832340, 833/1000.
Terminated at swamp 0.5.
The last entry of errorHistory is 0.500689 for index 832341, 833/1000.
Terminated at swamp 1.
The last entry of errorHistory is 1.000308 for index 832342, 833/1000.
Terminated at swamp 0.5.
The last entry of errorHistory is 0.500148 for index 832343, 833/1000.
The last entry of errorHistory is 0.000012 for index 832344, 833/1000.
Terminated at swamp 0.5.
The last entry of errorHistory is 0.500083 for index 832345, 833/1000.
Terminated at swamp 0.5.
The last entry of errorHistory is 0.500350 for index 832346, 833/1000.
The last entry of errorHistory is 0.000012 for index 832347, 833/1000.
The last entry of errorHistory is 0.500000 for index 832348, 833/1000.
The last entry of errorHistory is 0.000045 for index 832349, 833/1000.
The last entry of errorHistory is 0.000017 for index 832350, 833/1000.
Terminated at swamp 0.5.
The last entry of errorHistory is 0.500079 for index 832351, 833/1000.
Terminated at swamp 0.5.
The last entry of errorHistory is 0.500479 for index 832352, 833/1000.
Terminated at swamp 1.
The last entry of errorHistory is 1.000031 for index 832353, 833/1000.
Terminated at swamp 1.
The last entry of errorHistory is 1.000074 for index 832354, 833/1000.
The last entry of errorHistory is 1.000000 for index 832355, 833/1000.
Terminated at swamp 0.5.
The last entry of errorHistory is 0.500236 for index 832356, 833/1000.
Terminated at swamp 0.5.
The last entry of errorHistory is 0.500366 for index 832357, 833/1000.
Terminated at swamp 0.5.
The last entry of errorHistory is 0.500494 for index 832358, 833/1000.
Terminated at swamp 0.5.
The last entry of errorHistory is 0.500512 for index 832359, 833/1000.
Terminated at swamp 1.
The last entry of errorHistory is 1.000008 for index 832360, 833/1000.
Terminated at swamp 0.5.
The last entry of errorHistory is 0.500080 for index 832361, 833/1000.
Terminated at swamp 1.
The last entry of errorHistory is 0.999940 for index 832362, 833/1000.
Terminated at swamp 0.5.
The last entry of errorHistory is 0.500000 for index 832363, 833/1000.
The last entry of errorHistory is 1.000000 for index 832364, 833/1000.
Terminated at swamp 0.5.
The last entry of errorHistory is 0.500494 for index 832365, 833/1000.
Terminated at swamp 0.5.
The last entry of errorHistory is 0.500646 for index 832366, 833/1000.
Terminated at swamp 0.5.
The last entry of errorHistory is 0.500294 for index 832367, 833/1000.
Terminated at swamp 0.5.
The last entry of errorHistory is 0.500833 for index 832368, 833/1000.
Terminated at swamp 0.5.
The last entry of errorHistory is 0.500397 for index 832369, 833/1000.
Terminated at swamp 0.5.
The last entry of errorHistory is 0.500587 for index 832370, 833/1000.
Terminated at swamp 0.5.
The last entry of errorHistory is 0.500398 for index 832371, 833/1000.
Terminated at swamp 1.
The last entry of errorHistory is 1.000000 for index 832372, 833/1000.
Terminated at swamp 0.5.
The last entry of errorHistory is 0.500000 for index 832373, 833/1000.
Terminated at swamp 0.5.
The last entry of errorHistory is 0.500406 for index 832374, 833/1000.
Terminated at swamp 0.5.
The last entry of errorHistory is 0.500687 for index 832375, 833/1000.
Terminated at swamp 1.
The last entry of errorHistory is 1.000002 for index 832376, 833/1000.
Terminated at swamp 0.5.
The last entry of errorHistory is 0.500595 for index 832377, 833/1000.
Terminated at swamp 1.
The last entry of errorHistory is 1.000016 for index 832378, 833/1000.
The last entry of errorHistory is 0.000030 for index 832379, 833/1000.
Terminated at swamp 0.5.
The last entry of errorHistory is 0.500108 for index 832380, 833/1000.
The last entry of errorHistory is 0.500000 for index 832381, 833/1000.
The last entry of errorHistory is 0.000024 for index 832382, 833/1000.
Terminated at swamp 0.5.
The last entry of errorHistory is 0.500359 for index 832383, 833/1000.
The last entry of errorHistory is 0.500000 for index 832384, 833/1000.
Terminated at swamp 0.5.
The last entry of errorHistory is 0.500498 for index 832385, 833/1000.
The last entry of errorHistory is 1.000000 for index 832386, 833/1000.
The last entry of errorHistory is 1.000000 for index 832387, 833/1000.
Terminated at swamp 0.5.
The last entry of errorHistory is 0.500621 for index 832388, 833/1000.
Terminated at swamp 1.
The last entry of errorHistory is 1.000075 for index 832389, 833/1000.
The last entry of errorHistory is 1.000000 for index 832390, 833/1000.
The last entry of errorHistory is 0.500000 for index 832391, 833/1000.
Terminated at swamp 0.5.
The last entry of errorHistory is 0.500453 for index 832392, 833/1000.
The last entry of errorHistory is 1.000000 for index 832393, 833/1000.
The last entry of errorHistory is 0.001832 for index 832394, 833/1000.
The last entry of errorHistory is 0.000021 for index 832395, 833/1000.
Terminated at swamp 0.5.
The last entry of errorHistory is 0.500480 for index 832396, 833/1000.
Terminated at swamp 0.5.
The last entry of errorHistory is 0.500004 for index 832397, 833/1000.
Terminated at swamp 0.5.
The last entry of errorHistory is 0.500391 for index 832398, 833/1000.
Terminated at swamp 0.5.
The last entry of errorHistory is 0.500386 for index 832399, 833/1000.
The last entry of errorHistory is 0.000016 for index 832400, 833/1000.
Terminated at swamp 0.5.
The last entry of errorHistory is 0.500883 for index 832401, 833/1000.
The last entry of errorHistory is 0.000108 for index 832402, 833/1000.
Terminated at swamp 0.5.
The last entry of errorHistory is 0.500451 for index 832403, 833/1000.
Terminated at swamp 0.5.
The last entry of errorHistory is 0.500312 for index 832404, 833/1000.
The last entry of errorHistory is 0.004587 for index 832405, 833/1000.
Terminated at swamp 0.5.
The last entry of errorHistory is 0.500322 for index 832406, 833/1000.
Terminated at swamp 0.5.
The last entry of errorHistory is 0.500174 for index 832407, 833/1000.
Terminated at swamp 1.
The last entry of errorHistory is 1.000003 for index 832408, 833/1000.
Terminated at swamp 0.5.
The last entry of errorHistory is 0.500270 for index 832409, 833/1000.
Terminated at swamp 0.5.
The last entry of errorHistory is 0.500448 for index 832410, 833/1000.
The last entry of errorHistory is 0.000362 for index 832411, 833/1000.
Terminated at swamp 0.5.
The last entry of errorHistory is 0.500137 for index 832412, 833/1000.
The last entry of errorHistory is 0.003632 for index 832413, 833/1000.
The last entry of errorHistory is 0.000061 for index 832414, 833/1000.
The last entry of errorHistory is 0.500000 for index 832415, 833/1000.
Terminated at swamp 0.5.
The last entry of errorHistory is 0.500016 for index 832416, 833/1000.
Terminated at swamp 0.5.
The last entry of errorHistory is 0.500239 for index 832417, 833/1000.
Terminated at swamp 0.5.
The last entry of errorHistory is 0.500940 for index 832418, 833/1000.
Terminated at swamp 1.
The last entry of errorHistory is 1.000011 for index 832419, 833/1000.
Terminated at swamp 1.
The last entry of errorHistory is 1.000018 for index 832420, 833/1000.
The last entry of errorHistory is 1.000000 for index 832421, 833/1000.
The last entry of errorHistory is 0.000020 for index 832422, 833/1000.
Terminated at swamp 1.
The last entry of errorHistory is 1.000126 for index 832423, 833/1000.
Terminated at swamp 0.5.
The last entry of errorHistory is 0.500456 for index 832424, 833/1000.
Terminated at swamp 0.5.
The last entry of errorHistory is 0.500174 for index 832425, 833/1000.
Terminated at swamp 0.5.
The last entry of errorHistory is 0.500782 for index 832426, 833/1000.
The last entry of errorHistory is 0.500000 for index 832427, 833/1000.
The last entry of errorHistory is 1.000000 for index 832428, 833/1000.
Terminated at swamp 0.5.
The last entry of errorHistory is 0.500159 for index 832429, 833/1000.
The last entry of errorHistory is 1.000000 for index 832430, 833/1000.
The last entry of errorHistory is 0.000937 for index 832431, 833/1000.
Terminated at swamp 0.5.
The last entry of errorHistory is 0.500264 for index 832432, 833/1000.
The last entry of errorHistory is 1.000000 for index 832433, 833/1000.
The last entry of errorHistory is 1.000000 for index 832434, 833/1000.
The last entry of errorHistory is 0.000024 for index 832435, 833/1000.
Terminated at swamp 0.5.
The last entry of errorHistory is 0.500164 for index 832436, 833/1000.
Terminated at swamp 0.5.
The last entry of errorHistory is 0.500509 for index 832437, 833/1000.
The last entry of errorHistory is 0.000498 for index 832438, 833/1000.
Terminated at swamp 0.5.
The last entry of errorHistory is 0.500193 for index 832439, 833/1000.
Terminated at swamp 0.5.
The last entry of errorHistory is 0.500696 for index 832440, 833/1000.
Terminated at swamp 1.
The last entry of errorHistory is 1.000000 for index 832441, 833/1000.
Terminated at swamp 1.
The last entry of errorHistory is 1.000044 for index 832442, 833/1000.
Terminated at swamp 0.5.
The last entry of errorHistory is 0.500382 for index 832443, 833/1000.
Terminated at swamp 0.5.
The last entry of errorHistory is 0.500347 for index 832444, 833/1000.
The last entry of errorHistory is 1.000000 for index 832445, 833/1000.
The last entry of errorHistory is 0.000849 for index 832446, 833/1000.
Terminated at swamp 0.5.
The last entry of errorHistory is 0.500156 for index 832447, 833/1000.
The last entry of errorHistory is 0.500000 for index 832448, 833/1000.
Terminated at swamp 0.5.
The last entry of errorHistory is 0.500444 for index 832449, 833/1000.
The last entry of errorHistory is 0.000015 for index 832450, 833/1000.
The last entry of errorHistory is 0.000461 for index 832451, 833/1000.
Terminated at swamp 0.5.
The last entry of errorHistory is 0.500013 for index 832452, 833/1000.
Terminated at swamp 0.5.
The last entry of errorHistory is 0.500556 for index 832453, 833/1000.
The last entry of errorHistory is 1.000000 for index 832454, 833/1000.
Terminated at swamp 0.5.
The last entry of errorHistory is 0.500302 for index 832455, 833/1000.
Terminated at swamp 1.
The last entry of errorHistory is 1.000009 for index 832456, 833/1000.
Terminated at swamp 0.5.
The last entry of errorHistory is 0.500336 for index 832457, 833/1000.
Terminated at swamp 1.
The last entry of errorHistory is 1.000399 for index 832458, 833/1000.
Terminated at swamp 0.5.
The last entry of errorHistory is 0.500257 for index 832459, 833/1000.
Terminated at swamp 0.5.
The last entry of errorHistory is 0.500667 for index 832460, 833/1000.
Terminated at swamp 0.5.
The last entry of errorHistory is 0.500001 for index 832461, 833/1000.
Terminated at swamp 0.5.
The last entry of errorHistory is 0.500602 for index 832462, 833/1000.
The last entry of errorHistory is 1.000000 for index 832463, 833/1000.
The last entry of errorHistory is 0.000118 for index 832464, 833/1000.
Terminated at swamp 0.5.
The last entry of errorHistory is 0.500478 for index 832465, 833/1000.
The last entry of errorHistory is 1.000000 for index 832466, 833/1000.
Terminated at swamp 0.5.
The last entry of errorHistory is 0.500079 for index 832467, 833/1000.
Terminated at swamp 0.5.
The last entry of errorHistory is 0.500010 for index 832468, 833/1000.
Terminated at swamp 0.5.
The last entry of errorHistory is 0.500654 for index 832469, 833/1000.
Terminated at swamp 0.5.
The last entry of errorHistory is 0.500581 for index 832470, 833/1000.
Terminated at swamp 0.5.
The last entry of errorHistory is 0.500170 for index 832471, 833/1000.
The last entry of errorHistory is 1.000000 for index 832472, 833/1000.
The last entry of errorHistory is 0.000020 for index 832473, 833/1000.
Terminated at swamp 0.5.
The last entry of errorHistory is 0.500051 for index 832474, 833/1000.
Terminated at swamp 0.5.
The last entry of errorHistory is 0.500630 for index 832475, 833/1000.
Terminated at swamp 1.
The last entry of errorHistory is 1.000004 for index 832476, 833/1000.
Terminated at swamp 0.5.
The last entry of errorHistory is 0.500466 for index 832477, 833/1000.
The last entry of errorHistory is 1.500000 for index 832478, 833/1000.
Terminated at swamp 1.
The last entry of errorHistory is 1.000009 for index 832479, 833/1000.
Terminated at swamp 0.5.
The last entry of errorHistory is 0.500504 for index 832480, 833/1000.
Terminated at swamp 0.5.
The last entry of errorHistory is 0.500410 for index 832481, 833/1000.
The last entry of errorHistory is 1.000000 for index 832482, 833/1000.
Terminated at swamp 0.5.
The last entry of errorHistory is 0.500630 for index 832483, 833/1000.
Terminated at swamp 1.
The last entry of errorHistory is 1.000081 for index 832484, 833/1000.
The last entry of errorHistory is 0.000043 for index 832485, 833/1000.
The last entry of errorHistory is 1.000000 for index 832486, 833/1000.
Terminated at swamp 0.5.
The last entry of errorHistory is 0.500584 for index 832487, 833/1000.
Terminated at swamp 0.5.
The last entry of errorHistory is 0.500378 for index 832488, 833/1000.
Terminated at swamp 0.5.
The last entry of errorHistory is 0.500347 for index 832489, 833/1000.
Terminated at swamp 1.
The last entry of errorHistory is 1.000162 for index 832490, 833/1000.
Terminated at swamp 0.5.
The last entry of errorHistory is 0.500008 for index 832491, 833/1000.
Terminated at swamp 0.5.
The last entry of errorHistory is 0.500424 for index 832492, 833/1000.
The last entry of errorHistory is 0.000018 for index 832493, 833/1000.
Terminated at swamp 1.5.
The last entry of errorHistory is 1.500001 for index 832494, 833/1000.
Terminated at swamp 0.5.
The last entry of errorHistory is 0.500406 for index 832495, 833/1000.
Terminated at swamp 0.5.
The last entry of errorHistory is 0.500562 for index 832496, 833/1000.
The last entry of errorHistory is 1.000000 for index 832497, 833/1000.
Terminated at swamp 0.5.
The last entry of errorHistory is 0.500450 for index 832498, 833/1000.
The last entry of errorHistory is 1.000000 for index 832499, 833/1000.
Terminated at swamp 0.5.
The last entry of errorHistory is 0.500281 for index 832500, 833/1000.
The last entry of errorHistory is 1.000000 for index 832501, 833/1000.
The last entry of errorHistory is 0.000582 for index 832502, 833/1000.
The last entry of errorHistory is 0.000021 for index 832503, 833/1000.
Terminated at swamp 0.5.
The last entry of errorHistory is 0.500406 for index 832504, 833/1000.
Terminated at swamp 0.5.
The last entry of errorHistory is 0.500071 for index 832505, 833/1000.
The last entry of errorHistory is 0.000028 for index 832506, 833/1000.
Terminated at swamp 0.5.
The last entry of errorHistory is 0.500424 for index 832507, 833/1000.
The last entry of errorHistory is 0.500000 for index 832508, 833/1000.
Terminated at swamp 0.5.
The last entry of errorHistory is 0.500512 for index 832509, 833/1000.
The last entry of errorHistory is 1.000000 for index 832510, 833/1000.
The last entry of errorHistory is 1.500000 for index 832511, 833/1000.
The last entry of errorHistory is 1.000000 for index 832512, 833/1000.
Terminated at swamp 0.5.
The last entry of errorHistory is 0.500590 for index 832513, 833/1000.
Terminated at swamp 0.5.
The last entry of errorHistory is 0.500248 for index 832514, 833/1000.
Terminated at swamp 1.
The last entry of errorHistory is 1.000295 for index 832515, 833/1000.
The last entry of errorHistory is 0.500000 for index 832516, 833/1000.
The last entry of errorHistory is 1.000000 for index 832517, 833/1000.
Terminated at swamp 0.5.
The last entry of errorHistory is 0.500105 for index 832518, 833/1000.
Terminated at swamp 0.5.
The last entry of errorHistory is 0.500407 for index 832519, 833/1000.
The last entry of errorHistory is 1.000000 for index 832520, 833/1000.
The last entry of errorHistory is 1.000000 for index 832521, 833/1000.
The last entry of errorHistory is 0.000017 for index 832522, 833/1000.
Terminated at swamp 0.5.
The last entry of errorHistory is 0.500015 for index 832523, 833/1000.
Terminated at swamp 0.5.
The last entry of errorHistory is 0.500381 for index 832524, 833/1000.
The last entry of errorHistory is 1.000000 for index 832525, 833/1000.
The last entry of errorHistory is 1.500000 for index 832526, 833/1000.
The last entry of errorHistory is 1.000000 for index 832527, 833/1000.
Terminated at swamp 1.
The last entry of errorHistory is 1.000362 for index 832528, 833/1000.
The last entry of errorHistory is 0.500000 for index 832529, 833/1000.
The last entry of errorHistory is 1.000000 for index 832530, 833/1000.
Terminated at swamp 0.5.
The last entry of errorHistory is 0.500003 for index 832531, 833/1000.
The last entry of errorHistory is 0.000034 for index 832532, 833/1000.
The last entry of errorHistory is 0.500000 for index 832533, 833/1000.
Terminated at swamp 0.5.
The last entry of errorHistory is 0.500298 for index 832534, 833/1000.
Terminated at swamp 0.5.
The last entry of errorHistory is 0.500508 for index 832535, 833/1000.
Terminated at swamp 1.
The last entry of errorHistory is 1.000000 for index 832536, 833/1000.
Terminated at swamp 1.
The last entry of errorHistory is 1.000000 for index 832537, 833/1000.
Terminated at swamp 0.5.
The last entry of errorHistory is 0.500242 for index 832538, 833/1000.
Terminated at swamp 0.5.
The last entry of errorHistory is 0.500550 for index 832539, 833/1000.
Terminated at swamp 0.5.
The last entry of errorHistory is 0.500307 for index 832540, 833/1000.
Terminated at swamp 0.5.
The last entry of errorHistory is 0.500185 for index 832541, 833/1000.
Terminated at swamp 0.5.
The last entry of errorHistory is 0.500140 for index 832542, 833/1000.
Terminated at swamp 0.5.
The last entry of errorHistory is 0.500495 for index 832543, 833/1000.
The last entry of errorHistory is 0.000013 for index 832544, 833/1000.
The last entry of errorHistory is 1.000000 for index 832545, 833/1000.
The last entry of errorHistory is 0.000022 for index 832546, 833/1000.
Terminated at swamp 1.
The last entry of errorHistory is 1.000313 for index 832547, 833/1000.
Terminated at swamp 0.5.
The last entry of errorHistory is 0.500051 for index 832548, 833/1000.
Terminated at swamp 1.
The last entry of errorHistory is 1.000270 for index 832549, 833/1000.
The last entry of errorHistory is 0.500000 for index 832550, 833/1000.
Terminated at swamp 0.5.
The last entry of errorHistory is 0.500296 for index 832551, 833/1000.
The last entry of errorHistory is 1.000000 for index 832552, 833/1000.
Terminated at swamp 1.
The last entry of errorHistory is 1.000077 for index 832553, 833/1000.
Terminated at swamp 1.
The last entry of errorHistory is 1.000111 for index 832554, 833/1000.
The last entry of errorHistory is 1.000000 for index 832555, 833/1000.
The last entry of errorHistory is 0.000072 for index 832556, 833/1000.
Terminated at swamp 1.
The last entry of errorHistory is 0.999887 for index 832557, 833/1000.
Terminated at swamp 0.5.
The last entry of errorHistory is 0.500264 for index 832558, 833/1000.
The last entry of errorHistory is 0.000008 for index 832559, 833/1000.
Terminated at swamp 1.
The last entry of errorHistory is 1.000005 for index 832560, 833/1000.
The last entry of errorHistory is 0.000037 for index 832561, 833/1000.
Terminated at swamp 0.5.
The last entry of errorHistory is 0.500334 for index 832562, 833/1000.
Terminated at swamp 0.5.
The last entry of errorHistory is 0.500233 for index 832563, 833/1000.
Terminated at swamp 0.5.
The last entry of errorHistory is 0.500155 for index 832564, 833/1000.
Terminated at swamp 0.5.
The last entry of errorHistory is 0.500540 for index 832565, 833/1000.
The last entry of errorHistory is 1.000000 for index 832566, 833/1000.
Terminated at swamp 0.5.
The last entry of errorHistory is 0.500354 for index 832567, 833/1000.
The last entry of errorHistory is 1.000000 for index 832568, 833/1000.
The last entry of errorHistory is 1.000000 for index 832569, 833/1000.
The last entry of errorHistory is 0.000355 for index 832570, 833/1000.
Terminated at swamp 0.5.
The last entry of errorHistory is 0.500457 for index 832571, 833/1000.
Terminated at swamp 1.5.
The last entry of errorHistory is 1.500000 for index 832572, 833/1000.
Terminated at swamp 1.
The last entry of errorHistory is 1.000000 for index 832573, 833/1000.
The last entry of errorHistory is 0.000041 for index 832574, 833/1000.
The last entry of errorHistory is 0.000011 for index 832575, 833/1000.
Terminated at swamp 1.
The last entry of errorHistory is 1.000362 for index 832576, 833/1000.
The last entry of errorHistory is 0.500000 for index 832577, 833/1000.
Terminated at swamp 0.5.
The last entry of errorHistory is 0.500699 for index 832578, 833/1000.
The last entry of errorHistory is 0.500000 for index 832579, 833/1000.
Terminated at swamp 0.5.
The last entry of errorHistory is 0.500517 for index 832580, 833/1000.
Terminated at swamp 1.
The last entry of errorHistory is 1.000356 for index 832581, 833/1000.
The last entry of errorHistory is 0.500000 for index 832582, 833/1000.
Terminated at swamp 0.5.
The last entry of errorHistory is 0.500523 for index 832583, 833/1000.
The last entry of errorHistory is 0.000075 for index 832584, 833/1000.
Terminated at swamp 0.5.
The last entry of errorHistory is 0.500423 for index 832585, 833/1000.
The last entry of errorHistory is 0.000024 for index 832586, 833/1000.
The last entry of errorHistory is 1.000000 for index 832587, 833/1000.
The last entry of errorHistory is 0.000022 for index 832588, 833/1000.
The last entry of errorHistory is 0.000021 for index 832589, 833/1000.
The last entry of errorHistory is 0.500000 for index 832590, 833/1000.
Terminated at swamp 0.5.
The last entry of errorHistory is 0.500536 for index 832591, 833/1000.
The last entry of errorHistory is 0.000011 for index 832592, 833/1000.
The last entry of errorHistory is 0.000034 for index 832593, 833/1000.
Terminated at swamp 0.5.
The last entry of errorHistory is 0.500401 for index 832594, 833/1000.
The last entry of errorHistory is 0.500000 for index 832595, 833/1000.
Terminated at swamp 1.
The last entry of errorHistory is 1.000426 for index 832596, 833/1000.
Terminated at swamp 0.5.
The last entry of errorHistory is 0.500877 for index 832597, 833/1000.
The last entry of errorHistory is 0.000022 for index 832598, 833/1000.
Terminated at swamp 0.5.
The last entry of errorHistory is 0.500646 for index 832599, 833/1000.
Terminated at swamp 0.5.
The last entry of errorHistory is 0.500245 for index 832600, 833/1000.
Terminated at swamp 1.
The last entry of errorHistory is 1.000027 for index 832601, 833/1000.
Terminated at swamp 0.5.
The last entry of errorHistory is 0.500620 for index 832602, 833/1000.
Terminated at swamp 1.
The last entry of errorHistory is 1.000235 for index 832603, 833/1000.
Terminated at swamp 0.5.
The last entry of errorHistory is 0.500113 for index 832604, 833/1000.
Terminated at swamp 1.
The last entry of errorHistory is 1.000530 for index 832605, 833/1000.
Terminated at swamp 0.5.
The last entry of errorHistory is 0.500355 for index 832606, 833/1000.
Terminated at swamp 0.5.
The last entry of errorHistory is 0.500592 for index 832607, 833/1000.
Terminated at swamp 0.5.
The last entry of errorHistory is 0.500053 for index 832608, 833/1000.
Terminated at swamp 1.
The last entry of errorHistory is 1.000063 for index 832609, 833/1000.
Terminated at swamp 0.5.
The last entry of errorHistory is 0.500337 for index 832610, 833/1000.
Terminated at swamp 0.5.
The last entry of errorHistory is 0.500439 for index 832611, 833/1000.
Terminated at swamp 1.
The last entry of errorHistory is 1.000235 for index 832612, 833/1000.
Terminated at swamp 0.5.
The last entry of errorHistory is 0.500498 for index 832613, 833/1000.
The last entry of errorHistory is 1.000000 for index 832614, 833/1000.
Terminated at swamp 0.5.
The last entry of errorHistory is 0.500512 for index 832615, 833/1000.
The last entry of errorHistory is 1.000000 for index 832616, 833/1000.
Terminated at swamp 0.5.
The last entry of errorHistory is 0.500122 for index 832617, 833/1000.
Terminated at swamp 0.5.
The last entry of errorHistory is 0.500000 for index 832618, 833/1000.
Terminated at swamp 0.5.
The last entry of errorHistory is 0.500276 for index 832619, 833/1000.
Terminated at swamp 0.5.
The last entry of errorHistory is 0.500630 for index 832620, 833/1000.
Terminated at swamp 0.5.
The last entry of errorHistory is 0.500486 for index 832621, 833/1000.
Terminated at swamp 0.5.
The last entry of errorHistory is 0.500654 for index 832622, 833/1000.
Terminated at swamp 0.5.
The last entry of errorHistory is 0.500328 for index 832623, 833/1000.
Terminated at swamp 0.5.
The last entry of errorHistory is 0.500320 for index 832624, 833/1000.
The last entry of errorHistory is 1.500000 for index 832625, 833/1000.
Terminated at swamp 0.5.
The last entry of errorHistory is 0.500246 for index 832626, 833/1000.
Terminated at swamp 1.
The last entry of errorHistory is 1.000600 for index 832627, 833/1000.
Terminated at swamp 1.
The last entry of errorHistory is 1.000029 for index 832628, 833/1000.
Terminated at swamp 1.
The last entry of errorHistory is 1.000408 for index 832629, 833/1000.
Terminated at swamp 1.5.
The last entry of errorHistory is 1.500000 for index 832630, 833/1000.
The last entry of errorHistory is 0.000016 for index 832631, 833/1000.
Terminated at swamp 0.5.
The last entry of errorHistory is 0.500619 for index 832632, 833/1000.
Terminated at swamp 0.5.
The last entry of errorHistory is 0.500628 for index 832633, 833/1000.
Terminated at swamp 0.5.
The last entry of errorHistory is 0.500204 for index 832634, 833/1000.
Terminated at swamp 0.5.
The last entry of errorHistory is 0.500361 for index 832635, 833/1000.
The last entry of errorHistory is 1.000000 for index 832636, 833/1000.
Terminated at swamp 1.
The last entry of errorHistory is 1.000204 for index 832637, 833/1000.
The last entry of errorHistory is 1.000000 for index 832638, 833/1000.
The last entry of errorHistory is 1.500000 for index 832639, 833/1000.
The last entry of errorHistory is 1.000000 for index 832640, 833/1000.
Terminated at swamp 0.5.
The last entry of errorHistory is 0.500428 for index 832641, 833/1000.
The last entry of errorHistory is 0.000463 for index 832642, 833/1000.
Terminated at swamp 1.
The last entry of errorHistory is 1.000339 for index 832643, 833/1000.
The last entry of errorHistory is 1.000000 for index 832644, 833/1000.
Terminated at swamp 0.5.
The last entry of errorHistory is 0.500606 for index 832645, 833/1000.
The last entry of errorHistory is 1.000000 for index 832646, 833/1000.
Terminated at swamp 1.
The last entry of errorHistory is 1.000000 for index 832647, 833/1000.
Terminated at swamp 0.5.
The last entry of errorHistory is 0.500133 for index 832648, 833/1000.
The last entry of errorHistory is 0.500000 for index 832649, 833/1000.
Terminated at swamp 1.
The last entry of errorHistory is 1.000060 for index 832650, 833/1000.
Terminated at swamp 1.
The last entry of errorHistory is 1.000121 for index 832651, 833/1000.
The last entry of errorHistory is 1.000000 for index 832652, 833/1000.
Terminated at swamp 0.5.
The last entry of errorHistory is 0.500331 for index 832653, 833/1000.
Terminated at swamp 0.5.
The last entry of errorHistory is 0.500283 for index 832654, 833/1000.
The last entry of errorHistory is 1.500000 for index 832655, 833/1000.
The last entry of errorHistory is 1.000000 for index 832656, 833/1000.
The last entry of errorHistory is 0.500000 for index 832657, 833/1000.
Terminated at swamp 0.5.
The last entry of errorHistory is 0.500580 for index 832658, 833/1000.
Terminated at swamp 0.5.
The last entry of errorHistory is 0.500347 for index 832659, 833/1000.
Terminated at swamp 0.5.
The last entry of errorHistory is 0.500745 for index 832660, 833/1000.
Terminated at swamp 0.5.
The last entry of errorHistory is 0.500000 for index 832661, 833/1000.
Terminated at swamp 0.5.
The last entry of errorHistory is 0.500161 for index 832662, 833/1000.
Terminated at swamp 0.5.
The last entry of errorHistory is 0.500415 for index 832663, 833/1000.
The last entry of errorHistory is 1.000000 for index 832664, 833/1000.
The last entry of errorHistory is 0.500000 for index 832665, 833/1000.
Terminated at swamp 0.5.
The last entry of errorHistory is 0.500362 for index 832666, 833/1000.
The last entry of errorHistory is 1.000000 for index 832667, 833/1000.
Terminated at swamp 0.5.
The last entry of errorHistory is 0.500516 for index 832668, 833/1000.
Terminated at swamp 0.5.
The last entry of errorHistory is 0.500335 for index 832669, 833/1000.
Terminated at swamp 0.5.
The last entry of errorHistory is 0.500114 for index 832670, 833/1000.
Terminated at swamp 1.
The last entry of errorHistory is 1.000000 for index 832671, 833/1000.
Terminated at swamp 0.5.
The last entry of errorHistory is 0.500676 for index 832672, 833/1000.
Terminated at swamp 1.
The last entry of errorHistory is 1.000004 for index 832673, 833/1000.
Terminated at swamp 0.5.
The last entry of errorHistory is 0.500814 for index 832674, 833/1000.
Terminated at swamp 0.5.
The last entry of errorHistory is 0.500362 for index 832675, 833/1000.
The last entry of errorHistory is 0.000011 for index 832676, 833/1000.
Terminated at swamp 1.
The last entry of errorHistory is 1.000004 for index 832677, 833/1000.
Terminated at swamp 0.5.
The last entry of errorHistory is 0.500141 for index 832678, 833/1000.
Terminated at swamp 0.5.
The last entry of errorHistory is 0.500700 for index 832679, 833/1000.
The last entry of errorHistory is 1.000000 for index 832680, 833/1000.
Terminated at swamp 0.5.
The last entry of errorHistory is 0.500896 for index 832681, 833/1000.
Terminated at swamp 0.5.
The last entry of errorHistory is 0.500336 for index 832682, 833/1000.
Terminated at swamp 0.5.
The last entry of errorHistory is 0.500428 for index 832683, 833/1000.
Terminated at swamp 1.
The last entry of errorHistory is 1.000481 for index 832684, 833/1000.
Terminated at swamp 1.
The last entry of errorHistory is 1.000094 for index 832685, 833/1000.
Terminated at swamp 0.5.
The last entry of errorHistory is 0.500485 for index 832686, 833/1000.
Terminated at swamp 0.5.
The last entry of errorHistory is 0.500103 for index 832687, 833/1000.
Terminated at swamp 0.5.
The last entry of errorHistory is 0.500340 for index 832688, 833/1000.
Terminated at swamp 0.5.
The last entry of errorHistory is 0.500013 for index 832689, 833/1000.
Terminated at swamp 1.
The last entry of errorHistory is 1.000000 for index 832690, 833/1000.
Terminated at swamp 0.5.
The last entry of errorHistory is 0.500046 for index 832691, 833/1000.
Terminated at swamp 0.5.
The last entry of errorHistory is 0.500001 for index 832692, 833/1000.
Terminated at swamp 0.5.
The last entry of errorHistory is 0.500307 for index 832693, 833/1000.
Terminated at swamp 0.5.
The last entry of errorHistory is 0.500580 for index 832694, 833/1000.
Terminated at swamp 1.
The last entry of errorHistory is 1.000076 for index 832695, 833/1000.
The last entry of errorHistory is 0.000966 for index 832696, 833/1000.
The last entry of errorHistory is 0.000037 for index 832697, 833/1000.
The last entry of errorHistory is 1.000000 for index 832698, 833/1000.
Terminated at swamp 1.
The last entry of errorHistory is 1.000009 for index 832699, 833/1000.
Terminated at swamp 0.5.
The last entry of errorHistory is 0.500635 for index 832700, 833/1000.
Terminated at swamp 0.5.
The last entry of errorHistory is 0.500104 for index 832701, 833/1000.
The last entry of errorHistory is 0.500000 for index 832702, 833/1000.
Terminated at swamp 0.5.
The last entry of errorHistory is 0.500649 for index 832703, 833/1000.
Terminated at swamp 0.5.
The last entry of errorHistory is 0.500275 for index 832704, 833/1000.
The last entry of errorHistory is 1.000000 for index 832705, 833/1000.
The last entry of errorHistory is 0.500000 for index 832706, 833/1000.
Terminated at swamp 0.5.
The last entry of errorHistory is 0.500578 for index 832707, 833/1000.
Terminated at swamp 1.
The last entry of errorHistory is 1.000128 for index 832708, 833/1000.
Terminated at swamp 0.5.
The last entry of errorHistory is 0.500430 for index 832709, 833/1000.
Terminated at swamp 0.5.
The last entry of errorHistory is 0.500570 for index 832710, 833/1000.
Terminated at swamp 1.
The last entry of errorHistory is 1.000004 for index 832711, 833/1000.
Terminated at swamp 1.
The last entry of errorHistory is 1.000347 for index 832712, 833/1000.
Terminated at swamp 0.5.
The last entry of errorHistory is 0.500372 for index 832713, 833/1000.
Terminated at swamp 1.
The last entry of errorHistory is 1.000004 for index 832714, 833/1000.
The last entry of errorHistory is 0.000013 for index 832715, 833/1000.
The last entry of errorHistory is 1.500000 for index 832716, 833/1000.
The last entry of errorHistory is 0.000125 for index 832717, 833/1000.
The last entry of errorHistory is 1.000000 for index 832718, 833/1000.
The last entry of errorHistory is 0.000007 for index 832719, 833/1000.
The last entry of errorHistory is 0.000042 for index 832720, 833/1000.
Terminated at swamp 0.5.
The last entry of errorHistory is 0.500399 for index 832721, 833/1000.
Terminated at swamp 1.
The last entry of errorHistory is 1.000342 for index 832722, 833/1000.
Terminated at swamp 0.5.
The last entry of errorHistory is 0.500158 for index 832723, 833/1000.
The last entry of errorHistory is 1.000000 for index 832724, 833/1000.
The last entry of errorHistory is 1.500000 for index 832725, 833/1000.
The last entry of errorHistory is 1.000000 for index 832726, 833/1000.
The last entry of errorHistory is 1.000000 for index 832727, 833/1000.
Terminated at swamp 0.5.
The last entry of errorHistory is 0.500063 for index 832728, 833/1000.
Terminated at swamp 1.
The last entry of errorHistory is 1.000340 for index 832729, 833/1000.
Terminated at swamp 0.5.
The last entry of errorHistory is 0.500518 for index 832730, 833/1000.
Terminated at swamp 0.5.
The last entry of errorHistory is 0.500384 for index 832731, 833/1000.
Terminated at swamp 0.5.
The last entry of errorHistory is 0.500571 for index 832732, 833/1000.
Terminated at swamp 0.5.
The last entry of errorHistory is 0.500476 for index 832733, 833/1000.
The last entry of errorHistory is 0.000015 for index 832734, 833/1000.
Terminated at swamp 0.5.
The last entry of errorHistory is 0.500419 for index 832735, 833/1000.
Terminated at swamp 0.5.
The last entry of errorHistory is 0.500217 for index 832736, 833/1000.
The last entry of errorHistory is 0.500000 for index 832737, 833/1000.
Terminated at swamp 0.5.
The last entry of errorHistory is 0.500583 for index 832738, 833/1000.
The last entry of errorHistory is 1.000000 for index 832739, 833/1000.
Terminated at swamp 0.5.
The last entry of errorHistory is 0.500136 for index 832740, 833/1000.
Terminated at swamp 0.5.
The last entry of errorHistory is 0.500311 for index 832741, 833/1000.
The last entry of errorHistory is 0.000039 for index 832742, 833/1000.
Terminated at swamp 0.5.
The last entry of errorHistory is 0.500480 for index 832743, 833/1000.
The last entry of errorHistory is 0.500000 for index 832744, 833/1000.
Terminated at swamp 0.5.
The last entry of errorHistory is 0.500256 for index 832745, 833/1000.
Terminated at swamp 0.5.
The last entry of errorHistory is 0.500477 for index 832746, 833/1000.
Terminated at swamp 0.5.
The last entry of errorHistory is 0.500289 for index 832747, 833/1000.
Terminated at swamp 1.
The last entry of errorHistory is 1.000000 for index 832748, 833/1000.
Terminated at swamp 0.5.
The last entry of errorHistory is 0.500417 for index 832749, 833/1000.
Terminated at swamp 0.5.
The last entry of errorHistory is 0.500129 for index 832750, 833/1000.
The last entry of errorHistory is 0.500000 for index 832751, 833/1000.
Terminated at swamp 0.5.
The last entry of errorHistory is 0.500622 for index 832752, 833/1000.
The last entry of errorHistory is 0.000028 for index 832753, 833/1000.
The last entry of errorHistory is 0.000060 for index 832754, 833/1000.
Terminated at swamp 0.5.
The last entry of errorHistory is 0.500638 for index 832755, 833/1000.
Terminated at swamp 0.5.
The last entry of errorHistory is 0.500714 for index 832756, 833/1000.
Terminated at swamp 0.5.
The last entry of errorHistory is 0.500485 for index 832757, 833/1000.
Terminated at swamp 0.5.
The last entry of errorHistory is 0.500364 for index 832758, 833/1000.
Terminated at swamp 0.5.
The last entry of errorHistory is 0.500573 for index 832759, 833/1000.
Terminated at swamp 0.5.
The last entry of errorHistory is 0.500074 for index 832760, 833/1000.
The last entry of errorHistory is 1.000000 for index 832761, 833/1000.
The last entry of errorHistory is 1.000000 for index 832762, 833/1000.
Terminated at swamp 1.
The last entry of errorHistory is 1.000444 for index 832763, 833/1000.
The last entry of errorHistory is 1.000000 for index 832764, 833/1000.
Terminated at swamp 1.
The last entry of errorHistory is 1.000000 for index 832765, 833/1000.
The last entry of errorHistory is 0.000705 for index 832766, 833/1000.
The last entry of errorHistory is 1.000000 for index 832767, 833/1000.
Terminated at swamp 0.5.
The last entry of errorHistory is 0.500184 for index 832768, 833/1000.
Terminated at swamp 0.5.
The last entry of errorHistory is 0.500214 for index 832769, 833/1000.
Terminated at swamp 0.5.
The last entry of errorHistory is 0.500361 for index 832770, 833/1000.
The last entry of errorHistory is 1.000000 for index 832771, 833/1000.
The last entry of errorHistory is 1.000000 for index 832772, 833/1000.
Terminated at swamp 0.5.
The last entry of errorHistory is 0.500000 for index 832773, 833/1000.
The last entry of errorHistory is 0.500000 for index 832774, 833/1000.
The last entry of errorHistory is 1.000000 for index 832775, 833/1000.
The last entry of errorHistory is 1.000000 for index 832776, 833/1000.
Terminated at swamp 1.
The last entry of errorHistory is 1.000000 for index 832777, 833/1000.
Terminated at swamp 0.5.
The last entry of errorHistory is 0.500294 for index 832778, 833/1000.
The last entry of errorHistory is 1.000000 for index 832779, 833/1000.
Terminated at swamp 0.5.
The last entry of errorHistory is 0.500366 for index 832780, 833/1000.
The last entry of errorHistory is 0.000073 for index 832781, 833/1000.
The last entry of errorHistory is 0.500000 for index 832782, 833/1000.
The last entry of errorHistory is 0.000012 for index 832783, 833/1000.
Terminated at swamp 1.
The last entry of errorHistory is 1.000299 for index 832784, 833/1000.
The last entry of errorHistory is 0.001381 for index 832785, 833/1000.
Terminated at swamp 0.5.
The last entry of errorHistory is 0.500528 for index 832786, 833/1000.
Terminated at swamp 0.5.
The last entry of errorHistory is 0.500001 for index 832787, 833/1000.
Terminated at swamp 0.5.
The last entry of errorHistory is 0.500699 for index 832788, 833/1000.
The last entry of errorHistory is 1.000000 for index 832789, 833/1000.
Terminated at swamp 1.
The last entry of errorHistory is 1.000229 for index 832790, 833/1000.
Terminated at swamp 0.5.
The last entry of errorHistory is 0.500587 for index 832791, 833/1000.
The last entry of errorHistory is 1.000000 for index 832792, 833/1000.
The last entry of errorHistory is 1.000000 for index 832793, 833/1000.
Terminated at swamp 0.5.
The last entry of errorHistory is 0.500797 for index 832794, 833/1000.
Terminated at swamp 1.
The last entry of errorHistory is 1.000064 for index 832795, 833/1000.
Terminated at swamp 1.
The last entry of errorHistory is 1.000297 for index 832796, 833/1000.
The last entry of errorHistory is 0.500000 for index 832797, 833/1000.
The last entry of errorHistory is 0.500000 for index 832798, 833/1000.
The last entry of errorHistory is 0.000127 for index 832799, 833/1000.
Terminated at swamp 1.
The last entry of errorHistory is 1.000177 for index 832800, 833/1000.
Terminated at swamp 1.
The last entry of errorHistory is 1.000000 for index 832801, 833/1000.
Terminated at swamp 0.5.
The last entry of errorHistory is 0.500473 for index 832802, 833/1000.
Terminated at swamp 1.5.
The last entry of errorHistory is 1.500000 for index 832803, 833/1000.
Terminated at swamp 1.
The last entry of errorHistory is 0.999998 for index 832804, 833/1000.
Terminated at swamp 0.5.
The last entry of errorHistory is 0.500538 for index 832805, 833/1000.
Terminated at swamp 0.5.
The last entry of errorHistory is 0.500210 for index 832806, 833/1000.
Terminated at swamp 0.5.
The last entry of errorHistory is 0.500437 for index 832807, 833/1000.
Terminated at swamp 0.5.
The last entry of errorHistory is 0.500398 for index 832808, 833/1000.
The last entry of errorHistory is 1.000000 for index 832809, 833/1000.
Terminated at swamp 0.5.
The last entry of errorHistory is 0.500616 for index 832810, 833/1000.
Terminated at swamp 0.5.
The last entry of errorHistory is 0.500517 for index 832811, 833/1000.
Terminated at swamp 0.5.
The last entry of errorHistory is 0.500373 for index 832812, 833/1000.
Terminated at swamp 1.
The last entry of errorHistory is 1.000448 for index 832813, 833/1000.
The last entry of errorHistory is 0.000129 for index 832814, 833/1000.
The last entry of errorHistory is 0.000106 for index 832815, 833/1000.
The last entry of errorHistory is 0.500000 for index 832816, 833/1000.
The last entry of errorHistory is 1.000000 for index 832817, 833/1000.
The last entry of errorHistory is 1.000000 for index 832818, 833/1000.
Terminated at swamp 1.
The last entry of errorHistory is 1.000414 for index 832819, 833/1000.
The last entry of errorHistory is 0.000228 for index 832820, 833/1000.
Terminated at swamp 0.5.
The last entry of errorHistory is 0.500155 for index 832821, 833/1000.
Terminated at swamp 1.
The last entry of errorHistory is 1.000012 for index 832822, 833/1000.
Terminated at swamp 0.5.
The last entry of errorHistory is 0.500680 for index 832823, 833/1000.
Terminated at swamp 0.5.
The last entry of errorHistory is 0.500040 for index 832824, 833/1000.
Terminated at swamp 0.5.
The last entry of errorHistory is 0.500457 for index 832825, 833/1000.
Terminated at swamp 0.5.
The last entry of errorHistory is 0.500149 for index 832826, 833/1000.
Terminated at swamp 0.5.
The last entry of errorHistory is 0.500553 for index 832827, 833/1000.
Terminated at swamp 0.5.
The last entry of errorHistory is 0.500000 for index 832828, 833/1000.
Terminated at swamp 0.5.
The last entry of errorHistory is 0.500429 for index 832829, 833/1000.
Terminated at swamp 1.
The last entry of errorHistory is 1.000126 for index 832830, 833/1000.
The last entry of errorHistory is 1.000000 for index 832831, 833/1000.
Terminated at swamp 1.
The last entry of errorHistory is 1.000000 for index 832832, 833/1000.
Terminated at swamp 0.5.
The last entry of errorHistory is 0.500642 for index 832833, 833/1000.
Terminated at swamp 1.
The last entry of errorHistory is 1.000080 for index 832834, 833/1000.
Terminated at swamp 0.5.
The last entry of errorHistory is 0.500490 for index 832835, 833/1000.
Terminated at swamp 0.5.
The last entry of errorHistory is 0.500190 for index 832836, 833/1000.
Terminated at swamp 0.5.
The last entry of errorHistory is 0.500110 for index 832837, 833/1000.
The last entry of errorHistory is 0.000053 for index 832838, 833/1000.
The last entry of errorHistory is 0.500000 for index 832839, 833/1000.
Terminated at swamp 0.5.
The last entry of errorHistory is 0.499987 for index 832840, 833/1000.
Terminated at swamp 1.
The last entry of errorHistory is 1.000324 for index 832841, 833/1000.
The last entry of errorHistory is 1.000000 for index 832842, 833/1000.
The last entry of errorHistory is 1.000000 for index 832843, 833/1000.
Terminated at swamp 0.5.
The last entry of errorHistory is 0.500478 for index 832844, 833/1000.
Terminated at swamp 0.5.
The last entry of errorHistory is 0.500688 for index 832845, 833/1000.
The last entry of errorHistory is 0.000025 for index 832846, 833/1000.
The last entry of errorHistory is 1.000000 for index 832847, 833/1000.
Terminated at swamp 1.
The last entry of errorHistory is 1.000138 for index 832848, 833/1000.
Terminated at swamp 0.5.
The last entry of errorHistory is 0.500568 for index 832849, 833/1000.
The last entry of errorHistory is 1.000000 for index 832850, 833/1000.
Terminated at swamp 0.5.
The last entry of errorHistory is 0.500384 for index 832851, 833/1000.
Terminated at swamp 0.5.
The last entry of errorHistory is 0.500842 for index 832852, 833/1000.
Terminated at swamp 0.5.
The last entry of errorHistory is 0.500343 for index 832853, 833/1000.
Terminated at swamp 1.
The last entry of errorHistory is 1.000375 for index 832854, 833/1000.
Terminated at swamp 0.5.
The last entry of errorHistory is 0.500507 for index 832855, 833/1000.
The last entry of errorHistory is 1.000000 for index 832856, 833/1000.
Terminated at swamp 0.5.
The last entry of errorHistory is 0.500559 for index 832857, 833/1000.
Terminated at swamp 0.5.
The last entry of errorHistory is 0.500235 for index 832858, 833/1000.
The last entry of errorHistory is 1.000000 for index 832859, 833/1000.
Terminated at swamp 0.5.
The last entry of errorHistory is 0.500431 for index 832860, 833/1000.
Terminated at swamp 0.5.
The last entry of errorHistory is 0.500255 for index 832861, 833/1000.
Terminated at swamp 0.5.
The last entry of errorHistory is 0.500664 for index 832862, 833/1000.
Terminated at swamp 0.5.
The last entry of errorHistory is 0.500416 for index 832863, 833/1000.
The last entry of errorHistory is 1.500000 for index 832864, 833/1000.
Terminated at swamp 0.5.
The last entry of errorHistory is 0.500224 for index 832865, 833/1000.
Terminated at swamp 0.5.
The last entry of errorHistory is 0.500429 for index 832866, 833/1000.
Terminated at swamp 1.
The last entry of errorHistory is 1.000063 for index 832867, 833/1000.
The last entry of errorHistory is 1.000000 for index 832868, 833/1000.
The last entry of errorHistory is 1.000000 for index 832869, 833/1000.
Terminated at swamp 1.
The last entry of errorHistory is 1.000002 for index 832870, 833/1000.
The last entry of errorHistory is 1.000000 for index 832871, 833/1000.
Terminated at swamp 0.5.
The last entry of errorHistory is 0.500650 for index 832872, 833/1000.
The last entry of errorHistory is 1.500000 for index 832873, 833/1000.
Terminated at swamp 0.5.
The last entry of errorHistory is 0.500499 for index 832874, 833/1000.
The last entry of errorHistory is 0.500000 for index 832875, 833/1000.
Terminated at swamp 0.5.
The last entry of errorHistory is 0.500715 for index 832876, 833/1000.
The last entry of errorHistory is 1.000000 for index 832877, 833/1000.
Terminated at swamp 0.5.
The last entry of errorHistory is 0.500675 for index 832878, 833/1000.
The last entry of errorHistory is 0.500000 for index 832879, 833/1000.
The last entry of errorHistory is 0.000005 for index 832880, 833/1000.
Terminated at swamp 0.5.
The last entry of errorHistory is 0.500034 for index 832881, 833/1000.
The last entry of errorHistory is 1.000000 for index 832882, 833/1000.
Terminated at swamp 0.5.
The last entry of errorHistory is 0.500422 for index 832883, 833/1000.
Terminated at swamp 1.
The last entry of errorHistory is 1.000315 for index 832884, 833/1000.
Terminated at swamp 0.5.
The last entry of errorHistory is 0.500046 for index 832885, 833/1000.
The last entry of errorHistory is 1.000000 for index 832886, 833/1000.
Terminated at swamp 0.5.
The last entry of errorHistory is 0.500685 for index 832887, 833/1000.
Terminated at swamp 0.5.
The last entry of errorHistory is 0.500170 for index 832888, 833/1000.
Terminated at swamp 0.5.
The last entry of errorHistory is 0.500076 for index 832889, 833/1000.
Terminated at swamp 1.
The last entry of errorHistory is 1.000297 for index 832890, 833/1000.
Terminated at swamp 0.5.
The last entry of errorHistory is 0.500509 for index 832891, 833/1000.
Terminated at swamp 0.5.
The last entry of errorHistory is 0.500161 for index 832892, 833/1000.
Terminated at swamp 0.5.
The last entry of errorHistory is 0.500536 for index 832893, 833/1000.
Terminated at swamp 0.5.
The last entry of errorHistory is 0.500454 for index 832894, 833/1000.
Terminated at swamp 0.5.
The last entry of errorHistory is 0.500609 for index 832895, 833/1000.
Terminated at swamp 0.5.
The last entry of errorHistory is 0.500304 for index 832896, 833/1000.
The last entry of errorHistory is 1.000000 for index 832897, 833/1000.
Terminated at swamp 0.5.
The last entry of errorHistory is 0.500438 for index 832898, 833/1000.
The last entry of errorHistory is 1.000000 for index 832899, 833/1000.
The last entry of errorHistory is 0.500000 for index 832900, 833/1000.
Terminated at swamp 1.
The last entry of errorHistory is 1.000001 for index 832901, 833/1000.
The last entry of errorHistory is 0.000017 for index 832902, 833/1000.
Terminated at swamp 1.
The last entry of errorHistory is 1.000143 for index 832903, 833/1000.
Terminated at swamp 0.5.
The last entry of errorHistory is 0.500627 for index 832904, 833/1000.
Terminated at swamp 0.5.
The last entry of errorHistory is 0.500420 for index 832905, 833/1000.
The last entry of errorHistory is 0.000021 for index 832906, 833/1000.
Terminated at swamp 0.5.
The last entry of errorHistory is 0.500753 for index 832907, 833/1000.
Terminated at swamp 1.
The last entry of errorHistory is 1.000053 for index 832908, 833/1000.
The last entry of errorHistory is 0.000033 for index 832909, 833/1000.
Terminated at swamp 0.5.
The last entry of errorHistory is 0.500493 for index 832910, 833/1000.
The last entry of errorHistory is 1.000000 for index 832911, 833/1000.
Terminated at swamp 1.
The last entry of errorHistory is 1.000000 for index 832912, 833/1000.
The last entry of errorHistory is 1.000000 for index 832913, 833/1000.
Terminated at swamp 0.5.
The last entry of errorHistory is 0.500252 for index 832914, 833/1000.
Terminated at swamp 1.
The last entry of errorHistory is 1.000100 for index 832915, 833/1000.
The last entry of errorHistory is 0.000035 for index 832916, 833/1000.
Terminated at swamp 0.5.
The last entry of errorHistory is 0.500571 for index 832917, 833/1000.
Terminated at swamp 0.5.
The last entry of errorHistory is 0.500044 for index 832918, 833/1000.
Terminated at swamp 0.5.
The last entry of errorHistory is 0.500419 for index 832919, 833/1000.
The last entry of errorHistory is 1.000000 for index 832920, 833/1000.
Terminated at swamp 1.
The last entry of errorHistory is 1.000900 for index 832921, 833/1000.
The last entry of errorHistory is 1.000000 for index 832922, 833/1000.
Terminated at swamp 0.5.
The last entry of errorHistory is 0.500419 for index 832923, 833/1000.
Terminated at swamp 1.
The last entry of errorHistory is 1.000129 for index 832924, 833/1000.
Terminated at swamp 1.
The last entry of errorHistory is 1.000030 for index 832925, 833/1000.
The last entry of errorHistory is 0.500000 for index 832926, 833/1000.
The last entry of errorHistory is 1.000000 for index 832927, 833/1000.
The last entry of errorHistory is 1.000000 for index 832928, 833/1000.
The last entry of errorHistory is 0.000050 for index 832929, 833/1000.
Terminated at swamp 0.5.
The last entry of errorHistory is 0.500386 for index 832930, 833/1000.
Terminated at swamp 0.5.
The last entry of errorHistory is 0.500243 for index 832931, 833/1000.
The last entry of errorHistory is 1.000953 for index 832932, 833/1000.
The last entry of errorHistory is 1.000000 for index 832933, 833/1000.
Terminated at swamp 0.5.
The last entry of errorHistory is 0.500210 for index 832934, 833/1000.
Terminated at swamp 0.5.
The last entry of errorHistory is 0.500396 for index 832935, 833/1000.
Terminated at swamp 1.
The last entry of errorHistory is 1.000429 for index 832936, 833/1000.
Terminated at swamp 0.5.
The last entry of errorHistory is 0.500328 for index 832937, 833/1000.
Terminated at swamp 0.5.
The last entry of errorHistory is 0.500455 for index 832938, 833/1000.
Terminated at swamp 1.
The last entry of errorHistory is 1.000239 for index 832939, 833/1000.
Terminated at swamp 1.
The last entry of errorHistory is 1.000000 for index 832940, 833/1000.
The last entry of errorHistory is 0.000036 for index 832941, 833/1000.
The last entry of errorHistory is 0.000189 for index 832942, 833/1000.
The last entry of errorHistory is 0.000203 for index 832943, 833/1000.
The last entry of errorHistory is 1.000000 for index 832944, 833/1000.
Terminated at swamp 0.5.
The last entry of errorHistory is 0.500488 for index 832945, 833/1000.
Terminated at swamp 1.5.
The last entry of errorHistory is 1.500000 for index 832946, 833/1000.
Terminated at swamp 0.5.
The last entry of errorHistory is 0.500530 for index 832947, 833/1000.
Terminated at swamp 0.5.
The last entry of errorHistory is 0.500526 for index 832948, 833/1000.
Terminated at swamp 1.
The last entry of errorHistory is 1.000095 for index 832949, 833/1000.
Terminated at swamp 0.5.
The last entry of errorHistory is 0.500448 for index 832950, 833/1000.
Terminated at swamp 1.
The last entry of errorHistory is 1.000034 for index 832951, 833/1000.
The last entry of errorHistory is 0.500000 for index 832952, 833/1000.
Terminated at swamp 0.5.
The last entry of errorHistory is 0.500735 for index 832953, 833/1000.
The last entry of errorHistory is 1.000000 for index 832954, 833/1000.
Terminated at swamp 0.5.
The last entry of errorHistory is 0.500464 for index 832955, 833/1000.
Terminated at swamp 0.5.
The last entry of errorHistory is 0.500000 for index 832956, 833/1000.
The last entry of errorHistory is 1.000000 for index 832957, 833/1000.
The last entry of errorHistory is 1.000000 for index 832958, 833/1000.
Terminated at swamp 0.5.
The last entry of errorHistory is 0.500318 for index 832959, 833/1000.
Terminated at swamp 0.5.
The last entry of errorHistory is 0.500386 for index 832960, 833/1000.
The last entry of errorHistory is 0.000024 for index 832961, 833/1000.
Terminated at swamp 0.5.
The last entry of errorHistory is 0.500554 for index 832962, 833/1000.
Terminated at swamp 0.5.
The last entry of errorHistory is 0.500438 for index 832963, 833/1000.
The last entry of errorHistory is 1.000000 for index 832964, 833/1000.
Terminated at swamp 1.
The last entry of errorHistory is 1.000056 for index 832965, 833/1000.
The last entry of errorHistory is 1.000000 for index 832966, 833/1000.
Terminated at swamp 0.5.
The last entry of errorHistory is 0.500387 for index 832967, 833/1000.
The last entry of errorHistory is 1.000000 for index 832968, 833/1000.
Terminated at swamp 0.5.
The last entry of errorHistory is 0.500017 for index 832969, 833/1000.
Terminated at swamp 0.5.
The last entry of errorHistory is 0.500451 for index 832970, 833/1000.
The last entry of errorHistory is 0.500000 for index 832971, 833/1000.
The last entry of errorHistory is 0.000413 for index 832972, 833/1000.
The last entry of errorHistory is 1.000000 for index 832973, 833/1000.
Terminated at swamp 1.
The last entry of errorHistory is 1.000197 for index 832974, 833/1000.
The last entry of errorHistory is 1.000000 for index 832975, 833/1000.
Terminated at swamp 0.5.
The last entry of errorHistory is 0.500519 for index 832976, 833/1000.
Terminated at swamp 1.
The last entry of errorHistory is 1.000000 for index 832977, 833/1000.
Terminated at swamp 0.5.
The last entry of errorHistory is 0.500207 for index 832978, 833/1000.
Terminated at swamp 0.5.
The last entry of errorHistory is 0.500931 for index 832979, 833/1000.
The last entry of errorHistory is 1.000000 for index 832980, 833/1000.
The last entry of errorHistory is 1.500000 for index 832981, 833/1000.
Terminated at swamp 0.5.
The last entry of errorHistory is 0.500566 for index 832982, 833/1000.
The last entry of errorHistory is 1.500000 for index 832983, 833/1000.
Terminated at swamp 0.5.
The last entry of errorHistory is 0.500358 for index 832984, 833/1000.
The last entry of errorHistory is 1.000000 for index 832985, 833/1000.
Terminated at swamp 0.5.
The last entry of errorHistory is 0.500013 for index 832986, 833/1000.
Terminated at swamp 0.5.
The last entry of errorHistory is 0.500486 for index 832987, 833/1000.
The last entry of errorHistory is 0.500000 for index 832988, 833/1000.
Terminated at swamp 0.5.
The last entry of errorHistory is 0.500328 for index 832989, 833/1000.
The last entry of errorHistory is 1.000000 for index 832990, 833/1000.
The last entry of errorHistory is 1.500000 for index 832991, 833/1000.
Terminated at swamp 0.5.
The last entry of errorHistory is 0.500526 for index 832992, 833/1000.
Terminated at swamp 0.5.
The last entry of errorHistory is 0.500321 for index 832993, 833/1000.
Terminated at swamp 0.5.
The last entry of errorHistory is 0.500334 for index 832994, 833/1000.
Terminated at swamp 0.5.
The last entry of errorHistory is 0.500646 for index 832995, 833/1000.
Terminated at swamp 0.5.
The last entry of errorHistory is 0.500003 for index 832996, 833/1000.
The last entry of errorHistory is 0.500000 for index 832997, 833/1000.
Terminated at swamp 0.5.
The last entry of errorHistory is 0.500168 for index 832998, 833/1000.
The last entry of errorHistory is 0.000022 for index 832999, 833/1000.
The last entry of errorHistory is 1.500000 for index 833000, 833/1000.
