
                            < M A T L A B (R) >
                  Copyright 1984-2018 The MathWorks, Inc.
                   R2018b (9.5.0.944444) 64-bit (glnxa64)
                              August 28, 2018

 
To get started, type doc.
For product information, visit www.mathworks.com.
 
Terminated at swamp 0.5.
The last entry of errorHistory is 0.500452 for index 877001, 878/1000.
The last entry of errorHistory is 0.500000 for index 877002, 878/1000.
Terminated at swamp 0.5.
The last entry of errorHistory is 0.500502 for index 877003, 878/1000.
Terminated at swamp 0.5.
The last entry of errorHistory is 0.500484 for index 877004, 878/1000.
The last entry of errorHistory is 1.000000 for index 877005, 878/1000.
The last entry of errorHistory is 1.000000 for index 877006, 878/1000.
Terminated at swamp 0.5.
The last entry of errorHistory is 0.500302 for index 877007, 878/1000.
Terminated at swamp 1.
The last entry of errorHistory is 0.999895 for index 877008, 878/1000.
Terminated at swamp 1.
The last entry of errorHistory is 1.000242 for index 877009, 878/1000.
Terminated at swamp 0.5.
The last entry of errorHistory is 0.500366 for index 877010, 878/1000.
Terminated at swamp 0.5.
The last entry of errorHistory is 0.500455 for index 877011, 878/1000.
Terminated at swamp 0.5.
The last entry of errorHistory is 0.500092 for index 877012, 878/1000.
Terminated at swamp 0.5.
The last entry of errorHistory is 0.500358 for index 877013, 878/1000.
Terminated at swamp 0.5.
The last entry of errorHistory is 0.500508 for index 877014, 878/1000.
Terminated at swamp 0.5.
The last entry of errorHistory is 0.500229 for index 877015, 878/1000.
Terminated at swamp 0.5.
The last entry of errorHistory is 0.500339 for index 877016, 878/1000.
The last entry of errorHistory is 1.000000 for index 877017, 878/1000.
Terminated at swamp 0.5.
The last entry of errorHistory is 0.500489 for index 877018, 878/1000.
The last entry of errorHistory is 1.000000 for index 877019, 878/1000.
Terminated at swamp 0.5.
The last entry of errorHistory is 0.500198 for index 877020, 878/1000.
The last entry of errorHistory is 1.000000 for index 877021, 878/1000.
Terminated at swamp 1.
The last entry of errorHistory is 1.000005 for index 877022, 878/1000.
Terminated at swamp 1.
The last entry of errorHistory is 1.000000 for index 877023, 878/1000.
The last entry of errorHistory is 0.500000 for index 877024, 878/1000.
Terminated at swamp 1.
The last entry of errorHistory is 1.000146 for index 877025, 878/1000.
The last entry of errorHistory is 0.500000 for index 877026, 878/1000.
Terminated at swamp 0.5.
The last entry of errorHistory is 0.500247 for index 877027, 878/1000.
Terminated at swamp 1.
The last entry of errorHistory is 1.000427 for index 877028, 878/1000.
Terminated at swamp 1.
The last entry of errorHistory is 0.999802 for index 877029, 878/1000.
The last entry of errorHistory is 1.500000 for index 877030, 878/1000.
Terminated at swamp 1.
The last entry of errorHistory is 1.000230 for index 877031, 878/1000.
Terminated at swamp 1.
The last entry of errorHistory is 1.000000 for index 877032, 878/1000.
The last entry of errorHistory is 1.000000 for index 877033, 878/1000.
Terminated at swamp 0.5.
The last entry of errorHistory is 0.500160 for index 877034, 878/1000.
The last entry of errorHistory is 0.000044 for index 877035, 878/1000.
Terminated at swamp 1.
The last entry of errorHistory is 1.000148 for index 877036, 878/1000.
The last entry of errorHistory is 0.000141 for index 877037, 878/1000.
Terminated at swamp 0.5.
The last entry of errorHistory is 0.500379 for index 877038, 878/1000.
Terminated at swamp 0.5.
The last entry of errorHistory is 0.500560 for index 877039, 878/1000.
Terminated at swamp 1.
The last entry of errorHistory is 1.000007 for index 877040, 878/1000.
The last entry of errorHistory is 0.500000 for index 877041, 878/1000.
Terminated at swamp 1.
The last entry of errorHistory is 1.000032 for index 877042, 878/1000.
Terminated at swamp 0.5.
The last entry of errorHistory is 0.500538 for index 877043, 878/1000.
Terminated at swamp 1.
The last entry of errorHistory is 1.000166 for index 877044, 878/1000.
Terminated at swamp 1.
The last entry of errorHistory is 1.000022 for index 877045, 878/1000.
The last entry of errorHistory is 1.000000 for index 877046, 878/1000.
The last entry of errorHistory is 0.000021 for index 877047, 878/1000.
The last entry of errorHistory is 0.500000 for index 877048, 878/1000.
The last entry of errorHistory is 1.500000 for index 877049, 878/1000.
The last entry of errorHistory is 0.000464 for index 877050, 878/1000.
Terminated at swamp 0.5.
The last entry of errorHistory is 0.500285 for index 877051, 878/1000.
The last entry of errorHistory is 1.000000 for index 877052, 878/1000.
The last entry of errorHistory is 1.000000 for index 877053, 878/1000.
Terminated at swamp 1.
The last entry of errorHistory is 1.000151 for index 877054, 878/1000.
Terminated at swamp 0.5.
The last entry of errorHistory is 0.500597 for index 877055, 878/1000.
Terminated at swamp 0.5.
The last entry of errorHistory is 0.500354 for index 877056, 878/1000.
The last entry of errorHistory is 1.000000 for index 877057, 878/1000.
Terminated at swamp 0.5.
The last entry of errorHistory is 0.500418 for index 877058, 878/1000.
The last entry of errorHistory is 0.500000 for index 877059, 878/1000.
Terminated at swamp 0.5.
The last entry of errorHistory is 0.500057 for index 877060, 878/1000.
Terminated at swamp 0.5.
The last entry of errorHistory is 0.500150 for index 877061, 878/1000.
Terminated at swamp 0.5.
The last entry of errorHistory is 0.500614 for index 877062, 878/1000.
The last entry of errorHistory is 0.500000 for index 877063, 878/1000.
Terminated at swamp 0.5.
The last entry of errorHistory is 0.500000 for index 877064, 878/1000.
The last entry of errorHistory is 0.000118 for index 877065, 878/1000.
Terminated at swamp 1.
The last entry of errorHistory is 1.000407 for index 877066, 878/1000.
The last entry of errorHistory is 1.000000 for index 877067, 878/1000.
The last entry of errorHistory is 1.000000 for index 877068, 878/1000.
Terminated at swamp 0.5.
The last entry of errorHistory is 0.500627 for index 877069, 878/1000.
Terminated at swamp 1.
The last entry of errorHistory is 1.000052 for index 877070, 878/1000.
Terminated at swamp 0.5.
The last entry of errorHistory is 0.500420 for index 877071, 878/1000.
The last entry of errorHistory is 1.000000 for index 877072, 878/1000.
The last entry of errorHistory is 1.000000 for index 877073, 878/1000.
The last entry of errorHistory is 1.000000 for index 877074, 878/1000.
Terminated at swamp 1.
The last entry of errorHistory is 1.000002 for index 877075, 878/1000.
Terminated at swamp 1.
The last entry of errorHistory is 1.000219 for index 877076, 878/1000.
Terminated at swamp 0.5.
The last entry of errorHistory is 0.500642 for index 877077, 878/1000.
Terminated at swamp 0.5.
The last entry of errorHistory is 0.500419 for index 877078, 878/1000.
Terminated at swamp 0.5.
The last entry of errorHistory is 0.500131 for index 877079, 878/1000.
Terminated at swamp 0.5.
The last entry of errorHistory is 0.500000 for index 877080, 878/1000.
Terminated at swamp 1.
The last entry of errorHistory is 1.000014 for index 877081, 878/1000.
Terminated at swamp 1.
The last entry of errorHistory is 1.000510 for index 877082, 878/1000.
Terminated at swamp 0.5.
The last entry of errorHistory is 0.500327 for index 877083, 878/1000.
Terminated at swamp 0.5.
The last entry of errorHistory is 0.500490 for index 877084, 878/1000.
Terminated at swamp 0.5.
The last entry of errorHistory is 0.500392 for index 877085, 878/1000.
Terminated at swamp 0.5.
The last entry of errorHistory is 0.500426 for index 877086, 878/1000.
Terminated at swamp 1.
The last entry of errorHistory is 1.000153 for index 877087, 878/1000.
Terminated at swamp 0.5.
The last entry of errorHistory is 0.500548 for index 877088, 878/1000.
Terminated at swamp 1.
The last entry of errorHistory is 1.000286 for index 877089, 878/1000.
The last entry of errorHistory is 0.500000 for index 877090, 878/1000.
Terminated at swamp 1.
The last entry of errorHistory is 1.000345 for index 877091, 878/1000.
Terminated at swamp 0.5.
The last entry of errorHistory is 0.500375 for index 877092, 878/1000.
Terminated at swamp 1.
The last entry of errorHistory is 1.000194 for index 877093, 878/1000.
Terminated at swamp 0.5.
The last entry of errorHistory is 0.500527 for index 877094, 878/1000.
Terminated at swamp 1.
The last entry of errorHistory is 1.000377 for index 877095, 878/1000.
Terminated at swamp 0.5.
The last entry of errorHistory is 0.500632 for index 877096, 878/1000.
Terminated at swamp 0.5.
The last entry of errorHistory is 0.500069 for index 877097, 878/1000.
Terminated at swamp 0.5.
The last entry of errorHistory is 0.500434 for index 877098, 878/1000.
The last entry of errorHistory is 1.000000 for index 877099, 878/1000.
Terminated at swamp 0.5.
The last entry of errorHistory is 0.500635 for index 877100, 878/1000.
Terminated at swamp 0.5.
The last entry of errorHistory is 0.500300 for index 877101, 878/1000.
Terminated at swamp 1.
The last entry of errorHistory is 1.000121 for index 877102, 878/1000.
Terminated at swamp 0.5.
The last entry of errorHistory is 0.500365 for index 877103, 878/1000.
Terminated at swamp 0.5.
The last entry of errorHistory is 0.500000 for index 877104, 878/1000.
The last entry of errorHistory is 1.000000 for index 877105, 878/1000.
Terminated at swamp 0.5.
The last entry of errorHistory is 0.500729 for index 877106, 878/1000.
Terminated at swamp 0.5.
The last entry of errorHistory is 0.500121 for index 877107, 878/1000.
Terminated at swamp 0.5.
The last entry of errorHistory is 0.500363 for index 877108, 878/1000.
Terminated at swamp 0.5.
The last entry of errorHistory is 0.500254 for index 877109, 878/1000.
Terminated at swamp 1.
The last entry of errorHistory is 1.000001 for index 877110, 878/1000.
The last entry of errorHistory is 0.000012 for index 877111, 878/1000.
Terminated at swamp 0.5.
The last entry of errorHistory is 0.500170 for index 877112, 878/1000.
Terminated at swamp 0.5.
The last entry of errorHistory is 0.500570 for index 877113, 878/1000.
The last entry of errorHistory is 1.000000 for index 877114, 878/1000.
Terminated at swamp 1.
The last entry of errorHistory is 1.000015 for index 877115, 878/1000.
The last entry of errorHistory is 1.000000 for index 877116, 878/1000.
Terminated at swamp 1.
The last entry of errorHistory is 1.000011 for index 877117, 878/1000.
The last entry of errorHistory is 1.000000 for index 877118, 878/1000.
The last entry of errorHistory is 1.000000 for index 877119, 878/1000.
The last entry of errorHistory is 1.000000 for index 877120, 878/1000.
The last entry of errorHistory is 1.000000 for index 877121, 878/1000.
Terminated at swamp 1.
The last entry of errorHistory is 1.000004 for index 877122, 878/1000.
Terminated at swamp 1.
The last entry of errorHistory is 1.000209 for index 877123, 878/1000.
Terminated at swamp 0.5.
The last entry of errorHistory is 0.500364 for index 877124, 878/1000.
The last entry of errorHistory is 0.000071 for index 877125, 878/1000.
Terminated at swamp 1.
The last entry of errorHistory is 1.000223 for index 877126, 878/1000.
Terminated at swamp 1.
The last entry of errorHistory is 1.000000 for index 877127, 878/1000.
The last entry of errorHistory is 0.000879 for index 877128, 878/1000.
Terminated at swamp 0.5.
The last entry of errorHistory is 0.500534 for index 877129, 878/1000.
Terminated at swamp 0.5.
The last entry of errorHistory is 0.500048 for index 877130, 878/1000.
Terminated at swamp 0.5.
The last entry of errorHistory is 0.500887 for index 877131, 878/1000.
Terminated at swamp 0.5.
The last entry of errorHistory is 0.500528 for index 877132, 878/1000.
Terminated at swamp 0.5.
The last entry of errorHistory is 0.500491 for index 877133, 878/1000.
Terminated at swamp 0.5.
The last entry of errorHistory is 0.500450 for index 877134, 878/1000.
Terminated at swamp 0.5.
The last entry of errorHistory is 0.500227 for index 877135, 878/1000.
Terminated at swamp 1.
The last entry of errorHistory is 1.000023 for index 877136, 878/1000.
Terminated at swamp 1.
The last entry of errorHistory is 1.000368 for index 877137, 878/1000.
Terminated at swamp 0.5.
The last entry of errorHistory is 0.500449 for index 877138, 878/1000.
Terminated at swamp 0.5.
The last entry of errorHistory is 0.500266 for index 877139, 878/1000.
Terminated at swamp 0.5.
The last entry of errorHistory is 0.500441 for index 877140, 878/1000.
Terminated at swamp 0.5.
The last entry of errorHistory is 0.500321 for index 877141, 878/1000.
The last entry of errorHistory is 0.000203 for index 877142, 878/1000.
The last entry of errorHistory is 1.000000 for index 877143, 878/1000.
The last entry of errorHistory is 0.000566 for index 877144, 878/1000.
Terminated at swamp 0.5.
The last entry of errorHistory is 0.500179 for index 877145, 878/1000.
Terminated at swamp 0.5.
The last entry of errorHistory is 0.500330 for index 877146, 878/1000.
Terminated at swamp 0.5.
The last entry of errorHistory is 0.500350 for index 877147, 878/1000.
Terminated at swamp 1.
The last entry of errorHistory is 1.000451 for index 877148, 878/1000.
Terminated at swamp 0.5.
The last entry of errorHistory is 0.500611 for index 877149, 878/1000.
Terminated at swamp 0.5.
The last entry of errorHistory is 0.500000 for index 877150, 878/1000.
Terminated at swamp 0.5.
The last entry of errorHistory is 0.500568 for index 877151, 878/1000.
The last entry of errorHistory is 0.000047 for index 877152, 878/1000.
Terminated at swamp 0.5.
The last entry of errorHistory is 0.500006 for index 877153, 878/1000.
Terminated at swamp 1.
The last entry of errorHistory is 1.000561 for index 877154, 878/1000.
Terminated at swamp 0.5.
The last entry of errorHistory is 0.500502 for index 877155, 878/1000.
The last entry of errorHistory is 1.000000 for index 877156, 878/1000.
Terminated at swamp 0.5.
The last entry of errorHistory is 0.500552 for index 877157, 878/1000.
Terminated at swamp 0.5.
The last entry of errorHistory is 0.500039 for index 877158, 878/1000.
The last entry of errorHistory is 1.000000 for index 877159, 878/1000.
Terminated at swamp 0.5.
The last entry of errorHistory is 0.500214 for index 877160, 878/1000.
Terminated at swamp 0.5.
The last entry of errorHistory is 0.500182 for index 877161, 878/1000.
Terminated at swamp 0.5.
The last entry of errorHistory is 0.500518 for index 877162, 878/1000.
Terminated at swamp 0.5.
The last entry of errorHistory is 0.500547 for index 877163, 878/1000.
Terminated at swamp 0.5.
The last entry of errorHistory is 0.500648 for index 877164, 878/1000.
Terminated at swamp 0.5.
The last entry of errorHistory is 0.500574 for index 877165, 878/1000.
Terminated at swamp 0.5.
The last entry of errorHistory is 0.500076 for index 877166, 878/1000.
The last entry of errorHistory is 1.500000 for index 877167, 878/1000.
Terminated at swamp 0.5.
The last entry of errorHistory is 0.500241 for index 877168, 878/1000.
Terminated at swamp 0.5.
The last entry of errorHistory is 0.500281 for index 877169, 878/1000.
Terminated at swamp 1.
The last entry of errorHistory is 1.000327 for index 877170, 878/1000.
Terminated at swamp 0.5.
The last entry of errorHistory is 0.500456 for index 877171, 878/1000.
Terminated at swamp 0.5.
The last entry of errorHistory is 0.500553 for index 877172, 878/1000.
Terminated at swamp 0.5.
The last entry of errorHistory is 0.500457 for index 877173, 878/1000.
Terminated at swamp 0.5.
The last entry of errorHistory is 0.500289 for index 877174, 878/1000.
The last entry of errorHistory is 1.000000 for index 877175, 878/1000.
The last entry of errorHistory is 1.000000 for index 877176, 878/1000.
The last entry of errorHistory is 1.000000 for index 877177, 878/1000.
Terminated at swamp 1.
The last entry of errorHistory is 1.000010 for index 877178, 878/1000.
The last entry of errorHistory is 1.000000 for index 877179, 878/1000.
The last entry of errorHistory is 1.000000 for index 877180, 878/1000.
Terminated at swamp 0.5.
The last entry of errorHistory is 0.500299 for index 877181, 878/1000.
The last entry of errorHistory is 0.500000 for index 877182, 878/1000.
Terminated at swamp 0.5.
The last entry of errorHistory is 0.500517 for index 877183, 878/1000.
The last entry of errorHistory is 1.500000 for index 877184, 878/1000.
The last entry of errorHistory is 0.500000 for index 877185, 878/1000.
Terminated at swamp 1.
The last entry of errorHistory is 1.000295 for index 877186, 878/1000.
Terminated at swamp 0.5.
The last entry of errorHistory is 0.500649 for index 877187, 878/1000.
Terminated at swamp 0.5.
The last entry of errorHistory is 0.500194 for index 877188, 878/1000.
Terminated at swamp 0.5.
The last entry of errorHistory is 0.500550 for index 877189, 878/1000.
The last entry of errorHistory is 0.500000 for index 877190, 878/1000.
The last entry of errorHistory is 0.000077 for index 877191, 878/1000.
The last entry of errorHistory is 0.500000 for index 877192, 878/1000.
Terminated at swamp 0.5.
The last entry of errorHistory is 0.500340 for index 877193, 878/1000.
The last entry of errorHistory is 0.000440 for index 877194, 878/1000.
Terminated at swamp 1.
The last entry of errorHistory is 1.000113 for index 877195, 878/1000.
Terminated at swamp 1.
The last entry of errorHistory is 1.000043 for index 877196, 878/1000.
Terminated at swamp 1.
The last entry of errorHistory is 1.000265 for index 877197, 878/1000.
The last entry of errorHistory is 0.501401 for index 877198, 878/1000.
Terminated at swamp 0.5.
The last entry of errorHistory is 0.500633 for index 877199, 878/1000.
The last entry of errorHistory is 0.000011 for index 877200, 878/1000.
Terminated at swamp 0.5.
The last entry of errorHistory is 0.500553 for index 877201, 878/1000.
Terminated at swamp 0.5.
The last entry of errorHistory is 0.500358 for index 877202, 878/1000.
Terminated at swamp 0.5.
The last entry of errorHistory is 0.500181 for index 877203, 878/1000.
Terminated at swamp 1.
The last entry of errorHistory is 1.000026 for index 877204, 878/1000.
Terminated at swamp 1.
The last entry of errorHistory is 1.000298 for index 877205, 878/1000.
The last entry of errorHistory is 1.000000 for index 877206, 878/1000.
The last entry of errorHistory is 0.000013 for index 877207, 878/1000.
The last entry of errorHistory is 1.000000 for index 877208, 878/1000.
Terminated at swamp 0.5.
The last entry of errorHistory is 0.500008 for index 877209, 878/1000.
The last entry of errorHistory is 1.000000 for index 877210, 878/1000.
The last entry of errorHistory is 0.000013 for index 877211, 878/1000.
The last entry of errorHistory is 0.000024 for index 877212, 878/1000.
The last entry of errorHistory is 1.000000 for index 877213, 878/1000.
Terminated at swamp 0.5.
The last entry of errorHistory is 0.500636 for index 877214, 878/1000.
The last entry of errorHistory is 1.000000 for index 877215, 878/1000.
Terminated at swamp 1.
The last entry of errorHistory is 1.000188 for index 877216, 878/1000.
Terminated at swamp 0.5.
The last entry of errorHistory is 0.500427 for index 877217, 878/1000.
Terminated at swamp 0.5.
The last entry of errorHistory is 0.500386 for index 877218, 878/1000.
The last entry of errorHistory is 1.000000 for index 877219, 878/1000.
Terminated at swamp 0.5.
The last entry of errorHistory is 0.500048 for index 877220, 878/1000.
Terminated at swamp 0.5.
The last entry of errorHistory is 0.500413 for index 877221, 878/1000.
The last entry of errorHistory is 1.000000 for index 877222, 878/1000.
Terminated at swamp 0.5.
The last entry of errorHistory is 0.500807 for index 877223, 878/1000.
Terminated at swamp 0.5.
The last entry of errorHistory is 0.500661 for index 877224, 878/1000.
Terminated at swamp 0.5.
The last entry of errorHistory is 0.500572 for index 877225, 878/1000.
Terminated at swamp 0.5.
The last entry of errorHistory is 0.500389 for index 877226, 878/1000.
The last entry of errorHistory is 0.500000 for index 877227, 878/1000.
Terminated at swamp 0.5.
The last entry of errorHistory is 0.500101 for index 877228, 878/1000.
The last entry of errorHistory is 1.000000 for index 877229, 878/1000.
Terminated at swamp 1.
The last entry of errorHistory is 0.999648 for index 877230, 878/1000.
The last entry of errorHistory is 1.000000 for index 877231, 878/1000.
The last entry of errorHistory is 0.000014 for index 877232, 878/1000.
Terminated at swamp 0.5.
The last entry of errorHistory is 0.500443 for index 877233, 878/1000.
Terminated at swamp 0.5.
The last entry of errorHistory is 0.500566 for index 877234, 878/1000.
Terminated at swamp 0.5.
The last entry of errorHistory is 0.500408 for index 877235, 878/1000.
The last entry of errorHistory is 1.000000 for index 877236, 878/1000.
Terminated at swamp 1.
The last entry of errorHistory is 1.000365 for index 877237, 878/1000.
The last entry of errorHistory is 0.000356 for index 877238, 878/1000.
Terminated at swamp 0.5.
The last entry of errorHistory is 0.500965 for index 877239, 878/1000.
Terminated at swamp 0.5.
The last entry of errorHistory is 0.500686 for index 877240, 878/1000.
Terminated at swamp 0.5.
The last entry of errorHistory is 0.500285 for index 877241, 878/1000.
The last entry of errorHistory is 1.000000 for index 877242, 878/1000.
The last entry of errorHistory is 1.000000 for index 877243, 878/1000.
Terminated at swamp 0.5.
The last entry of errorHistory is 0.500297 for index 877244, 878/1000.
The last entry of errorHistory is 0.000023 for index 877245, 878/1000.
Terminated at swamp 0.5.
The last entry of errorHistory is 0.500813 for index 877246, 878/1000.
The last entry of errorHistory is 0.500000 for index 877247, 878/1000.
Terminated at swamp 0.5.
The last entry of errorHistory is 0.500220 for index 877248, 878/1000.
Terminated at swamp 1.
The last entry of errorHistory is 1.000346 for index 877249, 878/1000.
Terminated at swamp 1.
The last entry of errorHistory is 0.999995 for index 877250, 878/1000.
Terminated at swamp 0.5.
The last entry of errorHistory is 0.500089 for index 877251, 878/1000.
Terminated at swamp 1.
The last entry of errorHistory is 1.000240 for index 877252, 878/1000.
Terminated at swamp 0.5.
The last entry of errorHistory is 0.500536 for index 877253, 878/1000.
Terminated at swamp 1.
The last entry of errorHistory is 1.000003 for index 877254, 878/1000.
Terminated at swamp 0.5.
The last entry of errorHistory is 0.500616 for index 877255, 878/1000.
Terminated at swamp 0.5.
The last entry of errorHistory is 0.500401 for index 877256, 878/1000.
Terminated at swamp 0.5.
The last entry of errorHistory is 0.500881 for index 877257, 878/1000.
Terminated at swamp 0.5.
The last entry of errorHistory is 0.500916 for index 877258, 878/1000.
The last entry of errorHistory is 1.500000 for index 877259, 878/1000.
Terminated at swamp 1.
The last entry of errorHistory is 1.000033 for index 877260, 878/1000.
Terminated at swamp 0.5.
The last entry of errorHistory is 0.500345 for index 877261, 878/1000.
Terminated at swamp 1.
The last entry of errorHistory is 1.000058 for index 877262, 878/1000.
Terminated at swamp 0.5.
The last entry of errorHistory is 0.500865 for index 877263, 878/1000.
Terminated at swamp 0.5.
The last entry of errorHistory is 0.500433 for index 877264, 878/1000.
Terminated at swamp 0.5.
The last entry of errorHistory is 0.500388 for index 877265, 878/1000.
Terminated at swamp 0.5.
The last entry of errorHistory is 0.500894 for index 877266, 878/1000.
Terminated at swamp 0.5.
The last entry of errorHistory is 0.500077 for index 877267, 878/1000.
Terminated at swamp 0.5.
The last entry of errorHistory is 0.500617 for index 877268, 878/1000.
The last entry of errorHistory is 1.000000 for index 877269, 878/1000.
The last entry of errorHistory is 0.000100 for index 877270, 878/1000.
Terminated at swamp 1.
The last entry of errorHistory is 1.000039 for index 877271, 878/1000.
The last entry of errorHistory is 0.000018 for index 877272, 878/1000.
Terminated at swamp 0.5.
The last entry of errorHistory is 0.500234 for index 877273, 878/1000.
The last entry of errorHistory is 1.000000 for index 877274, 878/1000.
The last entry of errorHistory is 0.500000 for index 877275, 878/1000.
Terminated at swamp 1.
The last entry of errorHistory is 1.000000 for index 877276, 878/1000.
Terminated at swamp 0.5.
The last entry of errorHistory is 0.500089 for index 877277, 878/1000.
Terminated at swamp 0.5.
The last entry of errorHistory is 0.500247 for index 877278, 878/1000.
Terminated at swamp 1.
The last entry of errorHistory is 1.000153 for index 877279, 878/1000.
The last entry of errorHistory is 0.500000 for index 877280, 878/1000.
Terminated at swamp 0.5.
The last entry of errorHistory is 0.500461 for index 877281, 878/1000.
Terminated at swamp 0.5.
The last entry of errorHistory is 0.500468 for index 877282, 878/1000.
Terminated at swamp 1.
The last entry of errorHistory is 1.000051 for index 877283, 878/1000.
The last entry of errorHistory is 0.000674 for index 877284, 878/1000.
Terminated at swamp 0.5.
The last entry of errorHistory is 0.500778 for index 877285, 878/1000.
The last entry of errorHistory is 0.000011 for index 877286, 878/1000.
Terminated at swamp 0.5.
The last entry of errorHistory is 0.500395 for index 877287, 878/1000.
The last entry of errorHistory is 1.000000 for index 877288, 878/1000.
The last entry of errorHistory is 1.000000 for index 877289, 878/1000.
Terminated at swamp 0.5.
The last entry of errorHistory is 0.500270 for index 877290, 878/1000.
The last entry of errorHistory is 1.000000 for index 877291, 878/1000.
The last entry of errorHistory is 0.500000 for index 877292, 878/1000.
Terminated at swamp 0.5.
The last entry of errorHistory is 0.500014 for index 877293, 878/1000.
Terminated at swamp 1.
The last entry of errorHistory is 1.000020 for index 877294, 878/1000.
The last entry of errorHistory is 1.000000 for index 877295, 878/1000.
The last entry of errorHistory is 1.500000 for index 877296, 878/1000.
Terminated at swamp 0.5.
The last entry of errorHistory is 0.500665 for index 877297, 878/1000.
Terminated at swamp 0.5.
The last entry of errorHistory is 0.500615 for index 877298, 878/1000.
The last entry of errorHistory is 0.000055 for index 877299, 878/1000.
Terminated at swamp 1.
The last entry of errorHistory is 1.000547 for index 877300, 878/1000.
The last entry of errorHistory is 0.000019 for index 877301, 878/1000.
The last entry of errorHistory is 1.000000 for index 877302, 878/1000.
Terminated at swamp 0.5.
The last entry of errorHistory is 0.500482 for index 877303, 878/1000.
The last entry of errorHistory is 0.000019 for index 877304, 878/1000.
Terminated at swamp 0.5.
The last entry of errorHistory is 0.500443 for index 877305, 878/1000.
The last entry of errorHistory is 0.000430 for index 877306, 878/1000.
The last entry of errorHistory is 1.000000 for index 877307, 878/1000.
Terminated at swamp 0.5.
The last entry of errorHistory is 0.500374 for index 877308, 878/1000.
Terminated at swamp 0.5.
The last entry of errorHistory is 0.500212 for index 877309, 878/1000.
Terminated at swamp 0.5.
The last entry of errorHistory is 0.500290 for index 877310, 878/1000.
Terminated at swamp 1.
The last entry of errorHistory is 0.999999 for index 877311, 878/1000.
Terminated at swamp 1.
The last entry of errorHistory is 1.000014 for index 877312, 878/1000.
Terminated at swamp 0.5.
The last entry of errorHistory is 0.499281 for index 877313, 878/1000.
Terminated at swamp 1.
The last entry of errorHistory is 1.000215 for index 877314, 878/1000.
Terminated at swamp 0.5.
The last entry of errorHistory is 0.500148 for index 877315, 878/1000.
The last entry of errorHistory is 0.000015 for index 877316, 878/1000.
Terminated at swamp 1.
The last entry of errorHistory is 1.000001 for index 877317, 878/1000.
Terminated at swamp 1.
The last entry of errorHistory is 1.000334 for index 877318, 878/1000.
The last entry of errorHistory is 0.000837 for index 877319, 878/1000.
Terminated at swamp 0.5.
The last entry of errorHistory is 0.500528 for index 877320, 878/1000.
Terminated at swamp 0.5.
The last entry of errorHistory is 0.500383 for index 877321, 878/1000.
The last entry of errorHistory is 1.000000 for index 877322, 878/1000.
Terminated at swamp 0.5.
The last entry of errorHistory is 0.500102 for index 877323, 878/1000.
Terminated at swamp 0.5.
The last entry of errorHistory is 0.500557 for index 877324, 878/1000.
The last entry of errorHistory is 1.000000 for index 877325, 878/1000.
Terminated at swamp 1.
The last entry of errorHistory is 1.000038 for index 877326, 878/1000.
Terminated at swamp 1.
The last entry of errorHistory is 1.000000 for index 877327, 878/1000.
Terminated at swamp 0.5.
The last entry of errorHistory is 0.500434 for index 877328, 878/1000.
The last entry of errorHistory is 1.000000 for index 877329, 878/1000.
Terminated at swamp 0.5.
The last entry of errorHistory is 0.500604 for index 877330, 878/1000.
Terminated at swamp 0.5.
The last entry of errorHistory is 0.500485 for index 877331, 878/1000.
Terminated at swamp 1.
The last entry of errorHistory is 1.000441 for index 877332, 878/1000.
Terminated at swamp 0.5.
The last entry of errorHistory is 0.500329 for index 877333, 878/1000.
The last entry of errorHistory is 0.000012 for index 877334, 878/1000.
Terminated at swamp 0.5.
The last entry of errorHistory is 0.500000 for index 877335, 878/1000.
Terminated at swamp 0.5.
The last entry of errorHistory is 0.500528 for index 877336, 878/1000.
The last entry of errorHistory is 0.000025 for index 877337, 878/1000.
Terminated at swamp 1.
The last entry of errorHistory is 1.000085 for index 877338, 878/1000.
Terminated at swamp 0.5.
The last entry of errorHistory is 0.500322 for index 877339, 878/1000.
Terminated at swamp 0.5.
The last entry of errorHistory is 0.500463 for index 877340, 878/1000.
Terminated at swamp 0.5.
The last entry of errorHistory is 0.500468 for index 877341, 878/1000.
Terminated at swamp 0.5.
The last entry of errorHistory is 0.500510 for index 877342, 878/1000.
Terminated at swamp 1.
The last entry of errorHistory is 1.000023 for index 877343, 878/1000.
Terminated at swamp 0.5.
The last entry of errorHistory is 0.500469 for index 877344, 878/1000.
Terminated at swamp 1.
The last entry of errorHistory is 1.000342 for index 877345, 878/1000.
Terminated at swamp 0.5.
The last entry of errorHistory is 0.500669 for index 877346, 878/1000.
The last entry of errorHistory is 0.500000 for index 877347, 878/1000.
Terminated at swamp 0.5.
The last entry of errorHistory is 0.500237 for index 877348, 878/1000.
The last entry of errorHistory is 1.000000 for index 877349, 878/1000.
The last entry of errorHistory is 1.000000 for index 877350, 878/1000.
Terminated at swamp 0.5.
The last entry of errorHistory is 0.500520 for index 877351, 878/1000.
Terminated at swamp 1.
The last entry of errorHistory is 1.000068 for index 877352, 878/1000.
Terminated at swamp 0.5.
The last entry of errorHistory is 0.500454 for index 877353, 878/1000.
Terminated at swamp 0.5.
The last entry of errorHistory is 0.500388 for index 877354, 878/1000.
Terminated at swamp 1.
The last entry of errorHistory is 1.000000 for index 877355, 878/1000.
Terminated at swamp 0.5.
The last entry of errorHistory is 0.500423 for index 877356, 878/1000.
Terminated at swamp 1.
The last entry of errorHistory is 1.000278 for index 877357, 878/1000.
Terminated at swamp 0.5.
The last entry of errorHistory is 0.500608 for index 877358, 878/1000.
Terminated at swamp 0.5.
The last entry of errorHistory is 0.500099 for index 877359, 878/1000.
The last entry of errorHistory is 0.500000 for index 877360, 878/1000.
Terminated at swamp 0.5.
The last entry of errorHistory is 0.500460 for index 877361, 878/1000.
The last entry of errorHistory is 0.000085 for index 877362, 878/1000.
Terminated at swamp 1.
The last entry of errorHistory is 1.000183 for index 877363, 878/1000.
Terminated at swamp 0.5.
The last entry of errorHistory is 0.500492 for index 877364, 878/1000.
Terminated at swamp 0.5.
The last entry of errorHistory is 0.500394 for index 877365, 878/1000.
Terminated at swamp 1.
The last entry of errorHistory is 1.000028 for index 877366, 878/1000.
The last entry of errorHistory is 0.000019 for index 877367, 878/1000.
Terminated at swamp 1.
The last entry of errorHistory is 1.000096 for index 877368, 878/1000.
The last entry of errorHistory is 0.500000 for index 877369, 878/1000.
Terminated at swamp 1.
The last entry of errorHistory is 1.000164 for index 877370, 878/1000.
Terminated at swamp 1.
The last entry of errorHistory is 1.000029 for index 877371, 878/1000.
Terminated at swamp 1.
The last entry of errorHistory is 1.000022 for index 877372, 878/1000.
Terminated at swamp 0.5.
The last entry of errorHistory is 0.500298 for index 877373, 878/1000.
The last entry of errorHistory is 0.000055 for index 877374, 878/1000.
The last entry of errorHistory is 1.500000 for index 877375, 878/1000.
Terminated at swamp 0.5.
The last entry of errorHistory is 0.500336 for index 877376, 878/1000.
The last entry of errorHistory is 0.000037 for index 877377, 878/1000.
Terminated at swamp 0.5.
The last entry of errorHistory is 0.500044 for index 877378, 878/1000.
The last entry of errorHistory is 0.500000 for index 877379, 878/1000.
Terminated at swamp 0.5.
The last entry of errorHistory is 0.500549 for index 877380, 878/1000.
Terminated at swamp 0.5.
The last entry of errorHistory is 0.500353 for index 877381, 878/1000.
Terminated at swamp 1.
The last entry of errorHistory is 1.000024 for index 877382, 878/1000.
Terminated at swamp 0.5.
The last entry of errorHistory is 0.500463 for index 877383, 878/1000.
Terminated at swamp 1.
The last entry of errorHistory is 1.000140 for index 877384, 878/1000.
Terminated at swamp 0.5.
The last entry of errorHistory is 0.500305 for index 877385, 878/1000.
Terminated at swamp 0.5.
The last entry of errorHistory is 0.500540 for index 877386, 878/1000.
The last entry of errorHistory is 0.500000 for index 877387, 878/1000.
The last entry of errorHistory is 0.000303 for index 877388, 878/1000.
Terminated at swamp 1.
The last entry of errorHistory is 1.000057 for index 877389, 878/1000.
Terminated at swamp 0.5.
The last entry of errorHistory is 0.500000 for index 877390, 878/1000.
The last entry of errorHistory is 0.500000 for index 877391, 878/1000.
Terminated at swamp 0.5.
The last entry of errorHistory is 0.500001 for index 877392, 878/1000.
Terminated at swamp 0.5.
The last entry of errorHistory is 0.500449 for index 877393, 878/1000.
The last entry of errorHistory is 0.500000 for index 877394, 878/1000.
Terminated at swamp 0.5.
The last entry of errorHistory is 0.500534 for index 877395, 878/1000.
Terminated at swamp 1.
The last entry of errorHistory is 1.000008 for index 877396, 878/1000.
Terminated at swamp 0.5.
The last entry of errorHistory is 0.500391 for index 877397, 878/1000.
Terminated at swamp 0.5.
The last entry of errorHistory is 0.500151 for index 877398, 878/1000.
Terminated at swamp 0.5.
The last entry of errorHistory is 0.500447 for index 877399, 878/1000.
The last entry of errorHistory is 1.000000 for index 877400, 878/1000.
Terminated at swamp 0.5.
The last entry of errorHistory is 0.500204 for index 877401, 878/1000.
Terminated at swamp 0.5.
The last entry of errorHistory is 0.500304 for index 877402, 878/1000.
Terminated at swamp 0.5.
The last entry of errorHistory is 0.500451 for index 877403, 878/1000.
The last entry of errorHistory is 1.000000 for index 877404, 878/1000.
The last entry of errorHistory is 1.000000 for index 877405, 878/1000.
Terminated at swamp 0.5.
The last entry of errorHistory is 0.500338 for index 877406, 878/1000.
Terminated at swamp 1.
The last entry of errorHistory is 1.000035 for index 877407, 878/1000.
Terminated at swamp 0.5.
The last entry of errorHistory is 0.500270 for index 877408, 878/1000.
Terminated at swamp 1.
The last entry of errorHistory is 1.000000 for index 877409, 878/1000.
Terminated at swamp 0.5.
The last entry of errorHistory is 0.500290 for index 877410, 878/1000.
Terminated at swamp 0.5.
The last entry of errorHistory is 0.500891 for index 877411, 878/1000.
Terminated at swamp 0.5.
The last entry of errorHistory is 0.500052 for index 877412, 878/1000.
The last entry of errorHistory is 1.500000 for index 877413, 878/1000.
Terminated at swamp 0.5.
The last entry of errorHistory is 0.500441 for index 877414, 878/1000.
Terminated at swamp 1.
The last entry of errorHistory is 1.000093 for index 877415, 878/1000.
Terminated at swamp 1.
The last entry of errorHistory is 1.000279 for index 877416, 878/1000.
Terminated at swamp 0.5.
The last entry of errorHistory is 0.500569 for index 877417, 878/1000.
Terminated at swamp 0.5.
The last entry of errorHistory is 0.500650 for index 877418, 878/1000.
Terminated at swamp 0.5.
The last entry of errorHistory is 0.500311 for index 877419, 878/1000.
The last entry of errorHistory is 1.000000 for index 877420, 878/1000.
Terminated at swamp 0.5.
The last entry of errorHistory is 0.500433 for index 877421, 878/1000.
Terminated at swamp 0.5.
The last entry of errorHistory is 0.500635 for index 877422, 878/1000.
The last entry of errorHistory is 1.000000 for index 877423, 878/1000.
The last entry of errorHistory is 1.000000 for index 877424, 878/1000.
Terminated at swamp 1.
The last entry of errorHistory is 1.000561 for index 877425, 878/1000.
The last entry of errorHistory is 1.500000 for index 877426, 878/1000.
Terminated at swamp 0.5.
The last entry of errorHistory is 0.500464 for index 877427, 878/1000.
The last entry of errorHistory is 0.500000 for index 877428, 878/1000.
Terminated at swamp 0.5.
The last entry of errorHistory is 0.500571 for index 877429, 878/1000.
Terminated at swamp 1.
The last entry of errorHistory is 1.000000 for index 877430, 878/1000.
Terminated at swamp 1.
The last entry of errorHistory is 1.000059 for index 877431, 878/1000.
The last entry of errorHistory is 0.500000 for index 877432, 878/1000.
Terminated at swamp 0.5.
The last entry of errorHistory is 0.500426 for index 877433, 878/1000.
The last entry of errorHistory is 1.500000 for index 877434, 878/1000.
Terminated at swamp 0.5.
The last entry of errorHistory is 0.500767 for index 877435, 878/1000.
Terminated at swamp 0.5.
The last entry of errorHistory is 0.500162 for index 877436, 878/1000.
Terminated at swamp 1.
The last entry of errorHistory is 1.000176 for index 877437, 878/1000.
Terminated at swamp 0.5.
The last entry of errorHistory is 0.500036 for index 877438, 878/1000.
Terminated at swamp 0.5.
The last entry of errorHistory is 0.500582 for index 877439, 878/1000.
The last entry of errorHistory is 1.000000 for index 877440, 878/1000.
Terminated at swamp 1.
The last entry of errorHistory is 1.000205 for index 877441, 878/1000.
The last entry of errorHistory is 0.500000 for index 877442, 878/1000.
Terminated at swamp 1.
The last entry of errorHistory is 1.000003 for index 877443, 878/1000.
Terminated at swamp 0.5.
The last entry of errorHistory is 0.500105 for index 877444, 878/1000.
Terminated at swamp 1.
The last entry of errorHistory is 1.000086 for index 877445, 878/1000.
Terminated at swamp 0.5.
The last entry of errorHistory is 0.500699 for index 877446, 878/1000.
Terminated at swamp 1.5.
The last entry of errorHistory is 1.500001 for index 877447, 878/1000.
Terminated at swamp 0.5.
The last entry of errorHistory is 0.500420 for index 877448, 878/1000.
The last entry of errorHistory is 1.000000 for index 877449, 878/1000.
Terminated at swamp 0.5.
The last entry of errorHistory is 0.500167 for index 877450, 878/1000.
Terminated at swamp 1.
The last entry of errorHistory is 1.000236 for index 877451, 878/1000.
The last entry of errorHistory is 1.000000 for index 877452, 878/1000.
Terminated at swamp 0.5.
The last entry of errorHistory is 0.500645 for index 877453, 878/1000.
Terminated at swamp 0.5.
The last entry of errorHistory is 0.500467 for index 877454, 878/1000.
Terminated at swamp 1.5.
The last entry of errorHistory is 1.500286 for index 877455, 878/1000.
Terminated at swamp 1.
The last entry of errorHistory is 1.000238 for index 877456, 878/1000.
Terminated at swamp 0.5.
The last entry of errorHistory is 0.500602 for index 877457, 878/1000.
Terminated at swamp 1.
The last entry of errorHistory is 1.000054 for index 877458, 878/1000.
Terminated at swamp 1.
The last entry of errorHistory is 1.000191 for index 877459, 878/1000.
Terminated at swamp 0.5.
The last entry of errorHistory is 0.500212 for index 877460, 878/1000.
The last entry of errorHistory is 0.000027 for index 877461, 878/1000.
Terminated at swamp 0.5.
The last entry of errorHistory is 0.500071 for index 877462, 878/1000.
Terminated at swamp 0.5.
The last entry of errorHistory is 0.500376 for index 877463, 878/1000.
Terminated at swamp 0.5.
The last entry of errorHistory is 0.500751 for index 877464, 878/1000.
Terminated at swamp 0.5.
The last entry of errorHistory is 0.500274 for index 877465, 878/1000.
The last entry of errorHistory is 0.500000 for index 877466, 878/1000.
Terminated at swamp 0.5.
The last entry of errorHistory is 0.500609 for index 877467, 878/1000.
Terminated at swamp 0.5.
The last entry of errorHistory is 0.500534 for index 877468, 878/1000.
Terminated at swamp 0.5.
The last entry of errorHistory is 0.500317 for index 877469, 878/1000.
Terminated at swamp 0.5.
The last entry of errorHistory is 0.500606 for index 877470, 878/1000.
Terminated at swamp 0.5.
The last entry of errorHistory is 0.500372 for index 877471, 878/1000.
Terminated at swamp 0.5.
The last entry of errorHistory is 0.500121 for index 877472, 878/1000.
Terminated at swamp 0.5.
The last entry of errorHistory is 0.500030 for index 877473, 878/1000.
Terminated at swamp 1.
The last entry of errorHistory is 1.000020 for index 877474, 878/1000.
The last entry of errorHistory is 0.000057 for index 877475, 878/1000.
Terminated at swamp 0.5.
The last entry of errorHistory is 0.500554 for index 877476, 878/1000.
The last entry of errorHistory is 0.000085 for index 877477, 878/1000.
The last entry of errorHistory is 0.500000 for index 877478, 878/1000.
The last entry of errorHistory is 1.000000 for index 877479, 878/1000.
The last entry of errorHistory is 0.000023 for index 877480, 878/1000.
The last entry of errorHistory is 0.000020 for index 877481, 878/1000.
Terminated at swamp 0.5.
The last entry of errorHistory is 0.500605 for index 877482, 878/1000.
The last entry of errorHistory is 0.500000 for index 877483, 878/1000.
Terminated at swamp 1.
The last entry of errorHistory is 1.000230 for index 877484, 878/1000.
The last entry of errorHistory is 0.000029 for index 877485, 878/1000.
Terminated at swamp 0.5.
The last entry of errorHistory is 0.500114 for index 877486, 878/1000.
The last entry of errorHistory is 1.000000 for index 877487, 878/1000.
Terminated at swamp 1.
The last entry of errorHistory is 1.000000 for index 877488, 878/1000.
Terminated at swamp 1.
The last entry of errorHistory is 1.000210 for index 877489, 878/1000.
The last entry of errorHistory is 1.000000 for index 877490, 878/1000.
Terminated at swamp 1.
The last entry of errorHistory is 1.000315 for index 877491, 878/1000.
The last entry of errorHistory is 0.000057 for index 877492, 878/1000.
The last entry of errorHistory is 0.500000 for index 877493, 878/1000.
Terminated at swamp 0.5.
The last entry of errorHistory is 0.500192 for index 877494, 878/1000.
Terminated at swamp 0.5.
The last entry of errorHistory is 0.500425 for index 877495, 878/1000.
The last entry of errorHistory is 1.000000 for index 877496, 878/1000.
Terminated at swamp 0.5.
The last entry of errorHistory is 0.500679 for index 877497, 878/1000.
Terminated at swamp 0.5.
The last entry of errorHistory is 0.500717 for index 877498, 878/1000.
Terminated at swamp 1.
The last entry of errorHistory is 1.000169 for index 877499, 878/1000.
The last entry of errorHistory is 1.000000 for index 877500, 878/1000.
Terminated at swamp 0.5.
The last entry of errorHistory is 0.500202 for index 877501, 878/1000.
Terminated at swamp 0.5.
The last entry of errorHistory is 0.500825 for index 877502, 878/1000.
Terminated at swamp 0.5.
The last entry of errorHistory is 0.500570 for index 877503, 878/1000.
The last entry of errorHistory is 1.500000 for index 877504, 878/1000.
Terminated at swamp 0.5.
The last entry of errorHistory is 0.500364 for index 877505, 878/1000.
The last entry of errorHistory is 0.000013 for index 877506, 878/1000.
The last entry of errorHistory is 0.000031 for index 877507, 878/1000.
Terminated at swamp 0.5.
The last entry of errorHistory is 0.500377 for index 877508, 878/1000.
Terminated at swamp 0.5.
The last entry of errorHistory is 0.500517 for index 877509, 878/1000.
The last entry of errorHistory is 0.000033 for index 877510, 878/1000.
Terminated at swamp 0.5.
The last entry of errorHistory is 0.500499 for index 877511, 878/1000.
The last entry of errorHistory is 0.500000 for index 877512, 878/1000.
The last entry of errorHistory is 0.000026 for index 877513, 878/1000.
Terminated at swamp 1.
The last entry of errorHistory is 1.000087 for index 877514, 878/1000.
Terminated at swamp 0.5.
The last entry of errorHistory is 0.500490 for index 877515, 878/1000.
The last entry of errorHistory is 0.500000 for index 877516, 878/1000.
Terminated at swamp 0.5.
The last entry of errorHistory is 0.500066 for index 877517, 878/1000.
Terminated at swamp 0.5.
The last entry of errorHistory is 0.500568 for index 877518, 878/1000.
The last entry of errorHistory is 0.000058 for index 877519, 878/1000.
Terminated at swamp 0.5.
The last entry of errorHistory is 0.500899 for index 877520, 878/1000.
The last entry of errorHistory is 0.500000 for index 877521, 878/1000.
The last entry of errorHistory is 1.500000 for index 877522, 878/1000.
The last entry of errorHistory is 1.000000 for index 877523, 878/1000.
The last entry of errorHistory is 1.000000 for index 877524, 878/1000.
Terminated at swamp 0.5.
The last entry of errorHistory is 0.500671 for index 877525, 878/1000.
Terminated at swamp 1.
The last entry of errorHistory is 1.000172 for index 877526, 878/1000.
Terminated at swamp 0.5.
The last entry of errorHistory is 0.500088 for index 877527, 878/1000.
Terminated at swamp 0.5.
The last entry of errorHistory is 0.500359 for index 877528, 878/1000.
The last entry of errorHistory is 0.000032 for index 877529, 878/1000.
Terminated at swamp 0.5.
The last entry of errorHistory is 0.500002 for index 877530, 878/1000.
Terminated at swamp 1.
The last entry of errorHistory is 1.000339 for index 877531, 878/1000.
The last entry of errorHistory is 1.000000 for index 877532, 878/1000.
Terminated at swamp 1.
The last entry of errorHistory is 1.000017 for index 877533, 878/1000.
The last entry of errorHistory is 1.000000 for index 877534, 878/1000.
Terminated at swamp 0.5.
The last entry of errorHistory is 0.500245 for index 877535, 878/1000.
The last entry of errorHistory is 0.000016 for index 877536, 878/1000.
Terminated at swamp 0.5.
The last entry of errorHistory is 0.500573 for index 877537, 878/1000.
The last entry of errorHistory is 1.000000 for index 877538, 878/1000.
The last entry of errorHistory is 1.000000 for index 877539, 878/1000.
Terminated at swamp 1.
The last entry of errorHistory is 0.999766 for index 877540, 878/1000.
Terminated at swamp 0.5.
The last entry of errorHistory is 0.500000 for index 877541, 878/1000.
Terminated at swamp 0.5.
The last entry of errorHistory is 0.500479 for index 877542, 878/1000.
The last entry of errorHistory is 1.500000 for index 877543, 878/1000.
The last entry of errorHistory is 0.000038 for index 877544, 878/1000.
Terminated at swamp 0.5.
The last entry of errorHistory is 0.500146 for index 877545, 878/1000.
Terminated at swamp 0.5.
The last entry of errorHistory is 0.500455 for index 877546, 878/1000.
The last entry of errorHistory is 1.000000 for index 877547, 878/1000.
The last entry of errorHistory is 1.000000 for index 877548, 878/1000.
Terminated at swamp 0.5.
The last entry of errorHistory is 0.500429 for index 877549, 878/1000.
Terminated at swamp 0.5.
The last entry of errorHistory is 0.500647 for index 877550, 878/1000.
Terminated at swamp 1.5.
The last entry of errorHistory is 1.500000 for index 877551, 878/1000.
Terminated at swamp 0.5.
The last entry of errorHistory is 0.500520 for index 877552, 878/1000.
Terminated at swamp 0.5.
The last entry of errorHistory is 0.500898 for index 877553, 878/1000.
Terminated at swamp 0.5.
The last entry of errorHistory is 0.500542 for index 877554, 878/1000.
The last entry of errorHistory is 1.500000 for index 877555, 878/1000.
Terminated at swamp 0.5.
The last entry of errorHistory is 0.500207 for index 877556, 878/1000.
Terminated at swamp 0.5.
The last entry of errorHistory is 0.500378 for index 877557, 878/1000.
Terminated at swamp 0.5.
The last entry of errorHistory is 0.500577 for index 877558, 878/1000.
Terminated at swamp 0.5.
The last entry of errorHistory is 0.500568 for index 877559, 878/1000.
Terminated at swamp 1.
The last entry of errorHistory is 1.000424 for index 877560, 878/1000.
The last entry of errorHistory is 0.500000 for index 877561, 878/1000.
Terminated at swamp 0.5.
The last entry of errorHistory is 0.500345 for index 877562, 878/1000.
Terminated at swamp 0.5.
The last entry of errorHistory is 0.500007 for index 877563, 878/1000.
Terminated at swamp 0.5.
The last entry of errorHistory is 0.500409 for index 877564, 878/1000.
Terminated at swamp 0.5.
The last entry of errorHistory is 0.500566 for index 877565, 878/1000.
Terminated at swamp 0.5.
The last entry of errorHistory is 0.500049 for index 877566, 878/1000.
Terminated at swamp 0.5.
The last entry of errorHistory is 0.500465 for index 877567, 878/1000.
Terminated at swamp 0.5.
The last entry of errorHistory is 0.500582 for index 877568, 878/1000.
The last entry of errorHistory is 0.000283 for index 877569, 878/1000.
Terminated at swamp 0.5.
The last entry of errorHistory is 0.500404 for index 877570, 878/1000.
Terminated at swamp 0.5.
The last entry of errorHistory is 0.500422 for index 877571, 878/1000.
The last entry of errorHistory is 0.000028 for index 877572, 878/1000.
Terminated at swamp 1.
The last entry of errorHistory is 1.000030 for index 877573, 878/1000.
Terminated at swamp 1.
The last entry of errorHistory is 1.000000 for index 877574, 878/1000.
Terminated at swamp 0.5.
The last entry of errorHistory is 0.500302 for index 877575, 878/1000.
The last entry of errorHistory is 1.000000 for index 877576, 878/1000.
The last entry of errorHistory is 0.000009 for index 877577, 878/1000.
Terminated at swamp 1.
The last entry of errorHistory is 1.000472 for index 877578, 878/1000.
Terminated at swamp 0.5.
The last entry of errorHistory is 0.500091 for index 877579, 878/1000.
The last entry of errorHistory is 0.000012 for index 877580, 878/1000.
Terminated at swamp 0.5.
The last entry of errorHistory is 0.500133 for index 877581, 878/1000.
The last entry of errorHistory is 0.000065 for index 877582, 878/1000.
Terminated at swamp 1.
The last entry of errorHistory is 1.000025 for index 877583, 878/1000.
Terminated at swamp 0.5.
The last entry of errorHistory is 0.500432 for index 877584, 878/1000.
The last entry of errorHistory is 0.500000 for index 877585, 878/1000.
Terminated at swamp 1.
The last entry of errorHistory is 1.000015 for index 877586, 878/1000.
The last entry of errorHistory is 1.000000 for index 877587, 878/1000.
The last entry of errorHistory is 0.000020 for index 877588, 878/1000.
The last entry of errorHistory is 0.000015 for index 877589, 878/1000.
Terminated at swamp 0.5.
The last entry of errorHistory is 0.500712 for index 877590, 878/1000.
The last entry of errorHistory is 0.000014 for index 877591, 878/1000.
Terminated at swamp 0.5.
The last entry of errorHistory is 0.500003 for index 877592, 878/1000.
Terminated at swamp 0.5.
The last entry of errorHistory is 0.500400 for index 877593, 878/1000.
Terminated at swamp 1.
The last entry of errorHistory is 1.000000 for index 877594, 878/1000.
The last entry of errorHistory is 1.500000 for index 877595, 878/1000.
Terminated at swamp 0.5.
The last entry of errorHistory is 0.500295 for index 877596, 878/1000.
Terminated at swamp 0.5.
The last entry of errorHistory is 0.500452 for index 877597, 878/1000.
The last entry of errorHistory is 1.000000 for index 877598, 878/1000.
Terminated at swamp 0.5.
The last entry of errorHistory is 0.500380 for index 877599, 878/1000.
Terminated at swamp 0.5.
The last entry of errorHistory is 0.500102 for index 877600, 878/1000.
Terminated at swamp 1.
The last entry of errorHistory is 1.000000 for index 877601, 878/1000.
Terminated at swamp 0.5.
The last entry of errorHistory is 0.500829 for index 877602, 878/1000.
Terminated at swamp 1.
The last entry of errorHistory is 1.000143 for index 877603, 878/1000.
The last entry of errorHistory is 1.000000 for index 877604, 878/1000.
The last entry of errorHistory is 0.000023 for index 877605, 878/1000.
The last entry of errorHistory is 1.000000 for index 877606, 878/1000.
Terminated at swamp 0.5.
The last entry of errorHistory is 0.500402 for index 877607, 878/1000.
Terminated at swamp 1.
The last entry of errorHistory is 1.000423 for index 877608, 878/1000.
Terminated at swamp 0.5.
The last entry of errorHistory is 0.500651 for index 877609, 878/1000.
Terminated at swamp 0.5.
The last entry of errorHistory is 0.500442 for index 877610, 878/1000.
Terminated at swamp 0.5.
The last entry of errorHistory is 0.500516 for index 877611, 878/1000.
Terminated at swamp 0.5.
The last entry of errorHistory is 0.500704 for index 877612, 878/1000.
Terminated at swamp 1.
The last entry of errorHistory is 1.000134 for index 877613, 878/1000.
Terminated at swamp 1.5.
The last entry of errorHistory is 1.499878 for index 877614, 878/1000.
The last entry of errorHistory is 0.500000 for index 877615, 878/1000.
Terminated at swamp 1.
The last entry of errorHistory is 1.000240 for index 877616, 878/1000.
The last entry of errorHistory is 1.000000 for index 877617, 878/1000.
Terminated at swamp 1.
The last entry of errorHistory is 1.000466 for index 877618, 878/1000.
Terminated at swamp 1.
The last entry of errorHistory is 1.000000 for index 877619, 878/1000.
Terminated at swamp 0.5.
The last entry of errorHistory is 0.500786 for index 877620, 878/1000.
The last entry of errorHistory is 0.001085 for index 877621, 878/1000.
The last entry of errorHistory is 1.000000 for index 877622, 878/1000.
Terminated at swamp 0.5.
The last entry of errorHistory is 0.500496 for index 877623, 878/1000.
Terminated at swamp 0.5.
The last entry of errorHistory is 0.500530 for index 877624, 878/1000.
The last entry of errorHistory is 0.000040 for index 877625, 878/1000.
Terminated at swamp 1.
The last entry of errorHistory is 1.000522 for index 877626, 878/1000.
Terminated at swamp 1.5.
The last entry of errorHistory is 1.500031 for index 877627, 878/1000.
Terminated at swamp 0.5.
The last entry of errorHistory is 0.500394 for index 877628, 878/1000.
Terminated at swamp 0.5.
The last entry of errorHistory is 0.500296 for index 877629, 878/1000.
Terminated at swamp 0.5.
The last entry of errorHistory is 0.500282 for index 877630, 878/1000.
The last entry of errorHistory is 1.000000 for index 877631, 878/1000.
The last entry of errorHistory is 1.000000 for index 877632, 878/1000.
Terminated at swamp 0.5.
The last entry of errorHistory is 0.500149 for index 877633, 878/1000.
Terminated at swamp 0.5.
The last entry of errorHistory is 0.500284 for index 877634, 878/1000.
The last entry of errorHistory is 0.000012 for index 877635, 878/1000.
Terminated at swamp 0.5.
The last entry of errorHistory is 0.500387 for index 877636, 878/1000.
The last entry of errorHistory is 1.000000 for index 877637, 878/1000.
Terminated at swamp 0.5.
The last entry of errorHistory is 0.500400 for index 877638, 878/1000.
Terminated at swamp 0.5.
The last entry of errorHistory is 0.500004 for index 877639, 878/1000.
Terminated at swamp 0.5.
The last entry of errorHistory is 0.500255 for index 877640, 878/1000.
Terminated at swamp 0.5.
The last entry of errorHistory is 0.500015 for index 877641, 878/1000.
Terminated at swamp 1.
The last entry of errorHistory is 1.000000 for index 877642, 878/1000.
Terminated at swamp 1.
The last entry of errorHistory is 1.000000 for index 877643, 878/1000.
The last entry of errorHistory is 0.500000 for index 877644, 878/1000.
Terminated at swamp 0.5.
The last entry of errorHistory is 0.500089 for index 877645, 878/1000.
Terminated at swamp 0.5.
The last entry of errorHistory is 0.500630 for index 877646, 878/1000.
Terminated at swamp 1.
The last entry of errorHistory is 1.000000 for index 877647, 878/1000.
The last entry of errorHistory is 1.000000 for index 877648, 878/1000.
Terminated at swamp 0.5.
The last entry of errorHistory is 0.500255 for index 877649, 878/1000.
Terminated at swamp 0.5.
The last entry of errorHistory is 0.500524 for index 877650, 878/1000.
Terminated at swamp 1.
The last entry of errorHistory is 1.000406 for index 877651, 878/1000.
The last entry of errorHistory is 1.000000 for index 877652, 878/1000.
The last entry of errorHistory is 0.000070 for index 877653, 878/1000.
Terminated at swamp 0.5.
The last entry of errorHistory is 0.500333 for index 877654, 878/1000.
The last entry of errorHistory is 0.000018 for index 877655, 878/1000.
Terminated at swamp 0.5.
The last entry of errorHistory is 0.500307 for index 877656, 878/1000.
Terminated at swamp 0.5.
The last entry of errorHistory is 0.500764 for index 877657, 878/1000.
Terminated at swamp 0.5.
The last entry of errorHistory is 0.500036 for index 877658, 878/1000.
Terminated at swamp 0.5.
The last entry of errorHistory is 0.500101 for index 877659, 878/1000.
Terminated at swamp 0.5.
The last entry of errorHistory is 0.500319 for index 877660, 878/1000.
The last entry of errorHistory is 1.000000 for index 877661, 878/1000.
Terminated at swamp 0.5.
The last entry of errorHistory is 0.500075 for index 877662, 878/1000.
Terminated at swamp 1.
The last entry of errorHistory is 1.000011 for index 877663, 878/1000.
Terminated at swamp 0.5.
The last entry of errorHistory is 0.500331 for index 877664, 878/1000.
Terminated at swamp 0.5.
The last entry of errorHistory is 0.500554 for index 877665, 878/1000.
The last entry of errorHistory is 0.500000 for index 877666, 878/1000.
Terminated at swamp 0.5.
The last entry of errorHistory is 0.500000 for index 877667, 878/1000.
The last entry of errorHistory is 0.000028 for index 877668, 878/1000.
The last entry of errorHistory is 0.000024 for index 877669, 878/1000.
The last entry of errorHistory is 0.000010 for index 877670, 878/1000.
Terminated at swamp 0.5.
The last entry of errorHistory is 0.500006 for index 877671, 878/1000.
The last entry of errorHistory is 0.500000 for index 877672, 878/1000.
The last entry of errorHistory is 0.000215 for index 877673, 878/1000.
The last entry of errorHistory is 0.000035 for index 877674, 878/1000.
The last entry of errorHistory is 0.001410 for index 877675, 878/1000.
The last entry of errorHistory is 0.000036 for index 877676, 878/1000.
Terminated at swamp 0.5.
The last entry of errorHistory is 0.500458 for index 877677, 878/1000.
The last entry of errorHistory is 0.000013 for index 877678, 878/1000.
Terminated at swamp 0.5.
The last entry of errorHistory is 0.500369 for index 877679, 878/1000.
The last entry of errorHistory is 0.500000 for index 877680, 878/1000.
The last entry of errorHistory is 1.000000 for index 877681, 878/1000.
The last entry of errorHistory is 0.500000 for index 877682, 878/1000.
The last entry of errorHistory is 1.000000 for index 877683, 878/1000.
The last entry of errorHistory is 0.000024 for index 877684, 878/1000.
The last entry of errorHistory is 0.000436 for index 877685, 878/1000.
Terminated at swamp 0.5.
The last entry of errorHistory is 0.500481 for index 877686, 878/1000.
Terminated at swamp 0.5.
The last entry of errorHistory is 0.500469 for index 877687, 878/1000.
The last entry of errorHistory is 1.000000 for index 877688, 878/1000.
The last entry of errorHistory is 0.000020 for index 877689, 878/1000.
The last entry of errorHistory is 1.000000 for index 877690, 878/1000.
Terminated at swamp 0.5.
The last entry of errorHistory is 0.500190 for index 877691, 878/1000.
The last entry of errorHistory is 0.500000 for index 877692, 878/1000.
The last entry of errorHistory is 0.000046 for index 877693, 878/1000.
Terminated at swamp 0.5.
The last entry of errorHistory is 0.500163 for index 877694, 878/1000.
Terminated at swamp 1.
The last entry of errorHistory is 1.000014 for index 877695, 878/1000.
Terminated at swamp 0.5.
The last entry of errorHistory is 0.500434 for index 877696, 878/1000.
Terminated at swamp 0.5.
The last entry of errorHistory is 0.500903 for index 877697, 878/1000.
Terminated at swamp 0.5.
The last entry of errorHistory is 0.500077 for index 877698, 878/1000.
Terminated at swamp 1.
The last entry of errorHistory is 1.000005 for index 877699, 878/1000.
The last entry of errorHistory is 0.000217 for index 877700, 878/1000.
The last entry of errorHistory is 0.500000 for index 877701, 878/1000.
The last entry of errorHistory is 1.000000 for index 877702, 878/1000.
Terminated at swamp 0.5.
The last entry of errorHistory is 0.500501 for index 877703, 878/1000.
Terminated at swamp 1.
The last entry of errorHistory is 1.000042 for index 877704, 878/1000.
The last entry of errorHistory is 1.000000 for index 877705, 878/1000.
The last entry of errorHistory is 1.500000 for index 877706, 878/1000.
Terminated at swamp 0.5.
The last entry of errorHistory is 0.500373 for index 877707, 878/1000.
Terminated at swamp 1.
The last entry of errorHistory is 1.000000 for index 877708, 878/1000.
Terminated at swamp 0.5.
The last entry of errorHistory is 0.500267 for index 877709, 878/1000.
Terminated at swamp 0.5.
The last entry of errorHistory is 0.500606 for index 877710, 878/1000.
Terminated at swamp 1.
The last entry of errorHistory is 1.000268 for index 877711, 878/1000.
The last entry of errorHistory is 0.000365 for index 877712, 878/1000.
The last entry of errorHistory is 1.000000 for index 877713, 878/1000.
The last entry of errorHistory is 1.000000 for index 877714, 878/1000.
The last entry of errorHistory is 1.000000 for index 877715, 878/1000.
The last entry of errorHistory is 0.000228 for index 877716, 878/1000.
The last entry of errorHistory is 1.500000 for index 877717, 878/1000.
The last entry of errorHistory is 1.000000 for index 877718, 878/1000.
Terminated at swamp 0.5.
The last entry of errorHistory is 0.500496 for index 877719, 878/1000.
Terminated at swamp 0.5.
The last entry of errorHistory is 0.500408 for index 877720, 878/1000.
Terminated at swamp 0.5.
The last entry of errorHistory is 0.500266 for index 877721, 878/1000.
Terminated at swamp 0.5.
The last entry of errorHistory is 0.500267 for index 877722, 878/1000.
The last entry of errorHistory is 1.000000 for index 877723, 878/1000.
Terminated at swamp 1.
The last entry of errorHistory is 1.000000 for index 877724, 878/1000.
The last entry of errorHistory is 0.500000 for index 877725, 878/1000.
Terminated at swamp 0.5.
The last entry of errorHistory is 0.500701 for index 877726, 878/1000.
Terminated at swamp 0.5.
The last entry of errorHistory is 0.500454 for index 877727, 878/1000.
The last entry of errorHistory is 0.000038 for index 877728, 878/1000.
Terminated at swamp 0.5.
The last entry of errorHistory is 0.500001 for index 877729, 878/1000.
The last entry of errorHistory is 0.000021 for index 877730, 878/1000.
Terminated at swamp 0.5.
The last entry of errorHistory is 0.500411 for index 877731, 878/1000.
Terminated at swamp 0.5.
The last entry of errorHistory is 0.500574 for index 877732, 878/1000.
Terminated at swamp 0.5.
The last entry of errorHistory is 0.500389 for index 877733, 878/1000.
The last entry of errorHistory is 1.000000 for index 877734, 878/1000.
The last entry of errorHistory is 0.001879 for index 877735, 878/1000.
Terminated at swamp 0.5.
The last entry of errorHistory is 0.500267 for index 877736, 878/1000.
The last entry of errorHistory is 1.000000 for index 877737, 878/1000.
The last entry of errorHistory is 0.000017 for index 877738, 878/1000.
The last entry of errorHistory is 1.000000 for index 877739, 878/1000.
Terminated at swamp 0.5.
The last entry of errorHistory is 0.500037 for index 877740, 878/1000.
Terminated at swamp 0.5.
The last entry of errorHistory is 0.500496 for index 877741, 878/1000.
Terminated at swamp 1.
The last entry of errorHistory is 1.000000 for index 877742, 878/1000.
Terminated at swamp 0.5.
The last entry of errorHistory is 0.500022 for index 877743, 878/1000.
Terminated at swamp 0.5.
The last entry of errorHistory is 0.500020 for index 877744, 878/1000.
Terminated at swamp 0.5.
The last entry of errorHistory is 0.500592 for index 877745, 878/1000.
Terminated at swamp 0.5.
The last entry of errorHistory is 0.500217 for index 877746, 878/1000.
Terminated at swamp 0.5.
The last entry of errorHistory is 0.500008 for index 877747, 878/1000.
Terminated at swamp 0.5.
The last entry of errorHistory is 0.500536 for index 877748, 878/1000.
Terminated at swamp 1.
The last entry of errorHistory is 1.000135 for index 877749, 878/1000.
Terminated at swamp 0.5.
The last entry of errorHistory is 0.500661 for index 877750, 878/1000.
The last entry of errorHistory is 0.000015 for index 877751, 878/1000.
Terminated at swamp 0.5.
The last entry of errorHistory is 0.500055 for index 877752, 878/1000.
The last entry of errorHistory is 0.000019 for index 877753, 878/1000.
Terminated at swamp 0.5.
The last entry of errorHistory is 0.500547 for index 877754, 878/1000.
Terminated at swamp 0.5.
The last entry of errorHistory is 0.500654 for index 877755, 878/1000.
Terminated at swamp 0.5.
The last entry of errorHistory is 0.500569 for index 877756, 878/1000.
Terminated at swamp 1.
The last entry of errorHistory is 1.000001 for index 877757, 878/1000.
The last entry of errorHistory is 1.000000 for index 877758, 878/1000.
The last entry of errorHistory is 1.000000 for index 877759, 878/1000.
Terminated at swamp 0.5.
The last entry of errorHistory is 0.500751 for index 877760, 878/1000.
Terminated at swamp 0.5.
The last entry of errorHistory is 0.500390 for index 877761, 878/1000.
Terminated at swamp 0.5.
The last entry of errorHistory is 0.500494 for index 877762, 878/1000.
The last entry of errorHistory is 1.000000 for index 877763, 878/1000.
Terminated at swamp 0.5.
The last entry of errorHistory is 0.500244 for index 877764, 878/1000.
Terminated at swamp 1.
The last entry of errorHistory is 1.000004 for index 877765, 878/1000.
The last entry of errorHistory is 1.000000 for index 877766, 878/1000.
Terminated at swamp 0.5.
The last entry of errorHistory is 0.500567 for index 877767, 878/1000.
Terminated at swamp 1.
The last entry of errorHistory is 1.000227 for index 877768, 878/1000.
Terminated at swamp 0.5.
The last entry of errorHistory is 0.500611 for index 877769, 878/1000.
The last entry of errorHistory is 0.000020 for index 877770, 878/1000.
The last entry of errorHistory is 1.000000 for index 877771, 878/1000.
Terminated at swamp 0.5.
The last entry of errorHistory is 0.500534 for index 877772, 878/1000.
Terminated at swamp 0.5.
The last entry of errorHistory is 0.500514 for index 877773, 878/1000.
Terminated at swamp 0.5.
The last entry of errorHistory is 0.500636 for index 877774, 878/1000.
Terminated at swamp 0.5.
The last entry of errorHistory is 0.500050 for index 877775, 878/1000.
Terminated at swamp 0.5.
The last entry of errorHistory is 0.500384 for index 877776, 878/1000.
Terminated at swamp 0.5.
The last entry of errorHistory is 0.500539 for index 877777, 878/1000.
Terminated at swamp 0.5.
The last entry of errorHistory is 0.500108 for index 877778, 878/1000.
Terminated at swamp 0.5.
The last entry of errorHistory is 0.500365 for index 877779, 878/1000.
Terminated at swamp 0.5.
The last entry of errorHistory is 0.500705 for index 877780, 878/1000.
Terminated at swamp 0.5.
The last entry of errorHistory is 0.500453 for index 877781, 878/1000.
Terminated at swamp 1.
The last entry of errorHistory is 1.000195 for index 877782, 878/1000.
Terminated at swamp 1.
The last entry of errorHistory is 1.000039 for index 877783, 878/1000.
The last entry of errorHistory is 0.002623 for index 877784, 878/1000.
The last entry of errorHistory is 0.500000 for index 877785, 878/1000.
The last entry of errorHistory is 0.000031 for index 877786, 878/1000.
The last entry of errorHistory is 0.000023 for index 877787, 878/1000.
Terminated at swamp 0.5.
The last entry of errorHistory is 0.500149 for index 877788, 878/1000.
Terminated at swamp 0.5.
The last entry of errorHistory is 0.500402 for index 877789, 878/1000.
The last entry of errorHistory is 1.000000 for index 877790, 878/1000.
Terminated at swamp 1.
The last entry of errorHistory is 1.000162 for index 877791, 878/1000.
Terminated at swamp 0.5.
The last entry of errorHistory is 0.500508 for index 877792, 878/1000.
The last entry of errorHistory is 0.000011 for index 877793, 878/1000.
Terminated at swamp 0.5.
The last entry of errorHistory is 0.500486 for index 877794, 878/1000.
The last entry of errorHistory is 0.500000 for index 877795, 878/1000.
Terminated at swamp 0.5.
The last entry of errorHistory is 0.500286 for index 877796, 878/1000.
The last entry of errorHistory is 1.000000 for index 877797, 878/1000.
The last entry of errorHistory is 1.000000 for index 877798, 878/1000.
Terminated at swamp 0.5.
The last entry of errorHistory is 0.500281 for index 877799, 878/1000.
Terminated at swamp 0.5.
The last entry of errorHistory is 0.500465 for index 877800, 878/1000.
Terminated at swamp 1.
The last entry of errorHistory is 1.000026 for index 877801, 878/1000.
Terminated at swamp 0.5.
The last entry of errorHistory is 0.500328 for index 877802, 878/1000.
Terminated at swamp 0.5.
The last entry of errorHistory is 0.500265 for index 877803, 878/1000.
Terminated at swamp 1.
The last entry of errorHistory is 1.000231 for index 877804, 878/1000.
Terminated at swamp 0.5.
The last entry of errorHistory is 0.500105 for index 877805, 878/1000.
Terminated at swamp 1.
The last entry of errorHistory is 1.000000 for index 877806, 878/1000.
Terminated at swamp 0.5.
The last entry of errorHistory is 0.500377 for index 877807, 878/1000.
The last entry of errorHistory is 0.500000 for index 877808, 878/1000.
The last entry of errorHistory is 1.000000 for index 877809, 878/1000.
Terminated at swamp 1.
The last entry of errorHistory is 1.000114 for index 877810, 878/1000.
Terminated at swamp 0.5.
The last entry of errorHistory is 0.500641 for index 877811, 878/1000.
The last entry of errorHistory is 0.000014 for index 877812, 878/1000.
Terminated at swamp 0.5.
The last entry of errorHistory is 0.500192 for index 877813, 878/1000.
Terminated at swamp 0.5.
The last entry of errorHistory is 0.500223 for index 877814, 878/1000.
The last entry of errorHistory is 0.000021 for index 877815, 878/1000.
The last entry of errorHistory is 0.000017 for index 877816, 878/1000.
The last entry of errorHistory is 1.000000 for index 877817, 878/1000.
Terminated at swamp 0.5.
The last entry of errorHistory is 0.500313 for index 877818, 878/1000.
Terminated at swamp 0.5.
The last entry of errorHistory is 0.500165 for index 877819, 878/1000.
Terminated at swamp 1.
The last entry of errorHistory is 1.000448 for index 877820, 878/1000.
The last entry of errorHistory is 1.500000 for index 877821, 878/1000.
The last entry of errorHistory is 1.000000 for index 877822, 878/1000.
Terminated at swamp 0.5.
The last entry of errorHistory is 0.500040 for index 877823, 878/1000.
The last entry of errorHistory is 0.500000 for index 877824, 878/1000.
The last entry of errorHistory is 0.000821 for index 877825, 878/1000.
Terminated at swamp 1.
The last entry of errorHistory is 1.000049 for index 877826, 878/1000.
Terminated at swamp 0.5.
The last entry of errorHistory is 0.500548 for index 877827, 878/1000.
The last entry of errorHistory is 0.500000 for index 877828, 878/1000.
Terminated at swamp 0.5.
The last entry of errorHistory is 0.500490 for index 877829, 878/1000.
Terminated at swamp 0.5.
The last entry of errorHistory is 0.500404 for index 877830, 878/1000.
Terminated at swamp 0.5.
The last entry of errorHistory is 0.500425 for index 877831, 878/1000.
Terminated at swamp 1.
The last entry of errorHistory is 1.000000 for index 877832, 878/1000.
Terminated at swamp 0.5.
The last entry of errorHistory is 0.500182 for index 877833, 878/1000.
The last entry of errorHistory is 0.000012 for index 877834, 878/1000.
Terminated at swamp 0.5.
The last entry of errorHistory is 0.500657 for index 877835, 878/1000.
Terminated at swamp 1.
The last entry of errorHistory is 1.000000 for index 877836, 878/1000.
Terminated at swamp 0.5.
The last entry of errorHistory is 0.500671 for index 877837, 878/1000.
Terminated at swamp 1.
The last entry of errorHistory is 1.000132 for index 877838, 878/1000.
Terminated at swamp 0.5.
The last entry of errorHistory is 0.500311 for index 877839, 878/1000.
Terminated at swamp 0.5.
The last entry of errorHistory is 0.500333 for index 877840, 878/1000.
The last entry of errorHistory is 1.000000 for index 877841, 878/1000.
Terminated at swamp 1.
The last entry of errorHistory is 1.000001 for index 877842, 878/1000.
Terminated at swamp 0.5.
The last entry of errorHistory is 0.500345 for index 877843, 878/1000.
Terminated at swamp 0.5.
The last entry of errorHistory is 0.500151 for index 877844, 878/1000.
Terminated at swamp 0.5.
The last entry of errorHistory is 0.500205 for index 877845, 878/1000.
The last entry of errorHistory is 0.000408 for index 877846, 878/1000.
Terminated at swamp 0.5.
The last entry of errorHistory is 0.500338 for index 877847, 878/1000.
Terminated at swamp 0.5.
The last entry of errorHistory is 0.500306 for index 877848, 878/1000.
The last entry of errorHistory is 1.000000 for index 877849, 878/1000.
Terminated at swamp 0.5.
The last entry of errorHistory is 0.500530 for index 877850, 878/1000.
Terminated at swamp 0.5.
The last entry of errorHistory is 0.500545 for index 877851, 878/1000.
The last entry of errorHistory is 0.000018 for index 877852, 878/1000.
The last entry of errorHistory is 0.500000 for index 877853, 878/1000.
The last entry of errorHistory is 1.500000 for index 877854, 878/1000.
The last entry of errorHistory is 1.500000 for index 877855, 878/1000.
Terminated at swamp 0.5.
The last entry of errorHistory is 0.500535 for index 877856, 878/1000.
The last entry of errorHistory is 0.000738 for index 877857, 878/1000.
The last entry of errorHistory is 0.001372 for index 877858, 878/1000.
Terminated at swamp 0.5.
The last entry of errorHistory is 0.500509 for index 877859, 878/1000.
Terminated at swamp 0.5.
The last entry of errorHistory is 0.500573 for index 877860, 878/1000.
Terminated at swamp 0.5.
The last entry of errorHistory is 0.500426 for index 877861, 878/1000.
Terminated at swamp 0.5.
The last entry of errorHistory is 0.500647 for index 877862, 878/1000.
The last entry of errorHistory is 1.000000 for index 877863, 878/1000.
The last entry of errorHistory is 1.000000 for index 877864, 878/1000.
Terminated at swamp 0.5.
The last entry of errorHistory is 0.500559 for index 877865, 878/1000.
Terminated at swamp 0.5.
The last entry of errorHistory is 0.500043 for index 877866, 878/1000.
The last entry of errorHistory is 0.000019 for index 877867, 878/1000.
Terminated at swamp 0.5.
The last entry of errorHistory is 0.500000 for index 877868, 878/1000.
Terminated at swamp 0.5.
The last entry of errorHistory is 0.500064 for index 877869, 878/1000.
The last entry of errorHistory is 0.000107 for index 877870, 878/1000.
Terminated at swamp 0.5.
The last entry of errorHistory is 0.500040 for index 877871, 878/1000.
Terminated at swamp 0.5.
The last entry of errorHistory is 0.500491 for index 877872, 878/1000.
Terminated at swamp 1.
The last entry of errorHistory is 1.000475 for index 877873, 878/1000.
Terminated at swamp 0.5.
The last entry of errorHistory is 0.500114 for index 877874, 878/1000.
Terminated at swamp 1.
The last entry of errorHistory is 1.000325 for index 877875, 878/1000.
The last entry of errorHistory is 0.000496 for index 877876, 878/1000.
Terminated at swamp 0.5.
The last entry of errorHistory is 0.500452 for index 877877, 878/1000.
Terminated at swamp 0.5.
The last entry of errorHistory is 0.500562 for index 877878, 878/1000.
The last entry of errorHistory is 1.000000 for index 877879, 878/1000.
The last entry of errorHistory is 0.500000 for index 877880, 878/1000.
The last entry of errorHistory is 0.000040 for index 877881, 878/1000.
Terminated at swamp 1.
The last entry of errorHistory is 1.000377 for index 877882, 878/1000.
The last entry of errorHistory is 1.000000 for index 877883, 878/1000.
The last entry of errorHistory is 0.000319 for index 877884, 878/1000.
Terminated at swamp 0.5.
The last entry of errorHistory is 0.500445 for index 877885, 878/1000.
Terminated at swamp 1.
The last entry of errorHistory is 1.000137 for index 877886, 878/1000.
Terminated at swamp 1.
The last entry of errorHistory is 1.000135 for index 877887, 878/1000.
The last entry of errorHistory is 1.000000 for index 877888, 878/1000.
Terminated at swamp 1.
The last entry of errorHistory is 0.999995 for index 877889, 878/1000.
The last entry of errorHistory is 0.000368 for index 877890, 878/1000.
Terminated at swamp 1.
The last entry of errorHistory is 1.000078 for index 877891, 878/1000.
Terminated at swamp 0.5.
The last entry of errorHistory is 0.500534 for index 877892, 878/1000.
The last entry of errorHistory is 0.000024 for index 877893, 878/1000.
The last entry of errorHistory is 1.000000 for index 877894, 878/1000.
The last entry of errorHistory is 1.500000 for index 877895, 878/1000.
Terminated at swamp 0.5.
The last entry of errorHistory is 0.500359 for index 877896, 878/1000.
Terminated at swamp 0.5.
The last entry of errorHistory is 0.500550 for index 877897, 878/1000.
Terminated at swamp 1.
The last entry of errorHistory is 1.000035 for index 877898, 878/1000.
Terminated at swamp 0.5.
The last entry of errorHistory is 0.500306 for index 877899, 878/1000.
Terminated at swamp 0.5.
The last entry of errorHistory is 0.500022 for index 877900, 878/1000.
Terminated at swamp 1.
The last entry of errorHistory is 1.000309 for index 877901, 878/1000.
Terminated at swamp 0.5.
The last entry of errorHistory is 0.500541 for index 877902, 878/1000.
The last entry of errorHistory is 0.000015 for index 877903, 878/1000.
Terminated at swamp 0.5.
The last entry of errorHistory is 0.500016 for index 877904, 878/1000.
Terminated at swamp 0.5.
The last entry of errorHistory is 0.500184 for index 877905, 878/1000.
Terminated at swamp 1.
The last entry of errorHistory is 1.000044 for index 877906, 878/1000.
Terminated at swamp 1.
The last entry of errorHistory is 1.000000 for index 877907, 878/1000.
Terminated at swamp 0.5.
The last entry of errorHistory is 0.500537 for index 877908, 878/1000.
The last entry of errorHistory is 0.500000 for index 877909, 878/1000.
Terminated at swamp 0.5.
The last entry of errorHistory is 0.500378 for index 877910, 878/1000.
Terminated at swamp 1.
The last entry of errorHistory is 1.000123 for index 877911, 878/1000.
The last entry of errorHistory is 0.000024 for index 877912, 878/1000.
Terminated at swamp 0.5.
The last entry of errorHistory is 0.500174 for index 877913, 878/1000.
Terminated at swamp 1.
The last entry of errorHistory is 1.000233 for index 877914, 878/1000.
Terminated at swamp 0.5.
The last entry of errorHistory is 0.500624 for index 877915, 878/1000.
Terminated at swamp 0.5.
The last entry of errorHistory is 0.500502 for index 877916, 878/1000.
Terminated at swamp 1.
The last entry of errorHistory is 1.000002 for index 877917, 878/1000.
The last entry of errorHistory is 0.000682 for index 877918, 878/1000.
Terminated at swamp 0.5.
The last entry of errorHistory is 0.500464 for index 877919, 878/1000.
Terminated at swamp 0.5.
The last entry of errorHistory is 0.500524 for index 877920, 878/1000.
The last entry of errorHistory is 1.000000 for index 877921, 878/1000.
Terminated at swamp 0.5.
The last entry of errorHistory is 0.500365 for index 877922, 878/1000.
Terminated at swamp 0.5.
The last entry of errorHistory is 0.500310 for index 877923, 878/1000.
The last entry of errorHistory is 1.000000 for index 877924, 878/1000.
Terminated at swamp 0.5.
The last entry of errorHistory is 0.500261 for index 877925, 878/1000.
Terminated at swamp 0.5.
The last entry of errorHistory is 0.500323 for index 877926, 878/1000.
The last entry of errorHistory is 1.000000 for index 877927, 878/1000.
The last entry of errorHistory is 1.000000 for index 877928, 878/1000.
The last entry of errorHistory is 1.000000 for index 877929, 878/1000.
The last entry of errorHistory is 0.000173 for index 877930, 878/1000.
Terminated at swamp 1.
The last entry of errorHistory is 1.000276 for index 877931, 878/1000.
The last entry of errorHistory is 0.500000 for index 877932, 878/1000.
Terminated at swamp 0.5.
The last entry of errorHistory is 0.500264 for index 877933, 878/1000.
Terminated at swamp 0.5.
The last entry of errorHistory is 0.500103 for index 877934, 878/1000.
Terminated at swamp 1.
The last entry of errorHistory is 1.000125 for index 877935, 878/1000.
Terminated at swamp 0.5.
The last entry of errorHistory is 0.500565 for index 877936, 878/1000.
Terminated at swamp 0.5.
The last entry of errorHistory is 0.500179 for index 877937, 878/1000.
Terminated at swamp 0.5.
The last entry of errorHistory is 0.500000 for index 877938, 878/1000.
Terminated at swamp 0.5.
The last entry of errorHistory is 0.500529 for index 877939, 878/1000.
Terminated at swamp 0.5.
The last entry of errorHistory is 0.500104 for index 877940, 878/1000.
The last entry of errorHistory is 0.000038 for index 877941, 878/1000.
Terminated at swamp 1.
The last entry of errorHistory is 1.000000 for index 877942, 878/1000.
Terminated at swamp 0.5.
The last entry of errorHistory is 0.500027 for index 877943, 878/1000.
Terminated at swamp 0.5.
The last entry of errorHistory is 0.500858 for index 877944, 878/1000.
Terminated at swamp 0.5.
The last entry of errorHistory is 0.500462 for index 877945, 878/1000.
Terminated at swamp 0.5.
The last entry of errorHistory is 0.500571 for index 877946, 878/1000.
The last entry of errorHistory is 1.000000 for index 877947, 878/1000.
The last entry of errorHistory is 1.000000 for index 877948, 878/1000.
Terminated at swamp 0.5.
The last entry of errorHistory is 0.500149 for index 877949, 878/1000.
Terminated at swamp 1.
The last entry of errorHistory is 1.000219 for index 877950, 878/1000.
The last entry of errorHistory is 0.000924 for index 877951, 878/1000.
Terminated at swamp 0.5.
The last entry of errorHistory is 0.500776 for index 877952, 878/1000.
Terminated at swamp 0.5.
The last entry of errorHistory is 0.500123 for index 877953, 878/1000.
Terminated at swamp 0.5.
The last entry of errorHistory is 0.500713 for index 877954, 878/1000.
The last entry of errorHistory is 1.000000 for index 877955, 878/1000.
The last entry of errorHistory is 1.000000 for index 877956, 878/1000.
Terminated at swamp 0.5.
The last entry of errorHistory is 0.500530 for index 877957, 878/1000.
The last entry of errorHistory is 0.500000 for index 877958, 878/1000.
The last entry of errorHistory is 0.000698 for index 877959, 878/1000.
Terminated at swamp 1.
The last entry of errorHistory is 1.000015 for index 877960, 878/1000.
Terminated at swamp 0.5.
The last entry of errorHistory is 0.500533 for index 877961, 878/1000.
Terminated at swamp 0.5.
The last entry of errorHistory is 0.500011 for index 877962, 878/1000.
Terminated at swamp 0.5.
The last entry of errorHistory is 0.500476 for index 877963, 878/1000.
The last entry of errorHistory is 1.000000 for index 877964, 878/1000.
Terminated at swamp 0.5.
The last entry of errorHistory is 0.500435 for index 877965, 878/1000.
Terminated at swamp 0.5.
The last entry of errorHistory is 0.500143 for index 877966, 878/1000.
Terminated at swamp 0.5.
The last entry of errorHistory is 0.500013 for index 877967, 878/1000.
The last entry of errorHistory is 0.000025 for index 877968, 878/1000.
Terminated at swamp 0.5.
The last entry of errorHistory is 0.500404 for index 877969, 878/1000.
Terminated at swamp 1.
The last entry of errorHistory is 1.000000 for index 877970, 878/1000.
Terminated at swamp 1.
The last entry of errorHistory is 1.000086 for index 877971, 878/1000.
Terminated at swamp 0.5.
The last entry of errorHistory is 0.500462 for index 877972, 878/1000.
Terminated at swamp 0.5.
The last entry of errorHistory is 0.500395 for index 877973, 878/1000.
The last entry of errorHistory is 0.000098 for index 877974, 878/1000.
The last entry of errorHistory is 0.000044 for index 877975, 878/1000.
Terminated at swamp 0.5.
The last entry of errorHistory is 0.500191 for index 877976, 878/1000.
Terminated at swamp 0.5.
The last entry of errorHistory is 0.500321 for index 877977, 878/1000.
Terminated at swamp 0.5.
The last entry of errorHistory is 0.500100 for index 877978, 878/1000.
Terminated at swamp 0.5.
The last entry of errorHistory is 0.500292 for index 877979, 878/1000.
The last entry of errorHistory is 0.004458 for index 877980, 878/1000.
Terminated at swamp 0.5.
The last entry of errorHistory is 0.500335 for index 877981, 878/1000.
Terminated at swamp 0.5.
The last entry of errorHistory is 0.500714 for index 877982, 878/1000.
Terminated at swamp 0.5.
The last entry of errorHistory is 0.500518 for index 877983, 878/1000.
The last entry of errorHistory is 1.000000 for index 877984, 878/1000.
The last entry of errorHistory is 0.500000 for index 877985, 878/1000.
Terminated at swamp 1.
The last entry of errorHistory is 1.000008 for index 877986, 878/1000.
Terminated at swamp 1.
The last entry of errorHistory is 1.000280 for index 877987, 878/1000.
The last entry of errorHistory is 0.500000 for index 877988, 878/1000.
Terminated at swamp 0.5.
The last entry of errorHistory is 0.500213 for index 877989, 878/1000.
Terminated at swamp 0.5.
The last entry of errorHistory is 0.500683 for index 877990, 878/1000.
Terminated at swamp 0.5.
The last entry of errorHistory is 0.500533 for index 877991, 878/1000.
The last entry of errorHistory is 0.500000 for index 877992, 878/1000.
Terminated at swamp 0.5.
The last entry of errorHistory is 0.500374 for index 877993, 878/1000.
Terminated at swamp 1.
The last entry of errorHistory is 1.000000 for index 877994, 878/1000.
Terminated at swamp 1.
The last entry of errorHistory is 1.000035 for index 877995, 878/1000.
The last entry of errorHistory is 0.000018 for index 877996, 878/1000.
Terminated at swamp 0.5.
The last entry of errorHistory is 0.500503 for index 877997, 878/1000.
Terminated at swamp 0.5.
The last entry of errorHistory is 0.500092 for index 877998, 878/1000.
Terminated at swamp 1.
The last entry of errorHistory is 1.000236 for index 877999, 878/1000.
Terminated at swamp 1.
The last entry of errorHistory is 1.000022 for index 878000, 878/1000.
