
                            < M A T L A B (R) >
                  Copyright 1984-2018 The MathWorks, Inc.
                   R2018b (9.5.0.944444) 64-bit (glnxa64)
                              August 28, 2018

 
To get started, type doc.
For product information, visit www.mathworks.com.
 
The last entry of errorHistory is 1.000000 for index 8001, 9/1000.
Terminated at swamp 0.5.
The last entry of errorHistory is 0.500404 for index 8002, 9/1000.
The last entry of errorHistory is 0.000011 for index 8003, 9/1000.
Terminated at swamp 0.5.
The last entry of errorHistory is 0.500289 for index 8004, 9/1000.
Terminated at swamp 0.5.
The last entry of errorHistory is 0.500151 for index 8005, 9/1000.
The last entry of errorHistory is 0.000027 for index 8006, 9/1000.
The last entry of errorHistory is 1.000000 for index 8007, 9/1000.
Terminated at swamp 0.5.
The last entry of errorHistory is 0.500532 for index 8008, 9/1000.
Terminated at swamp 0.5.
The last entry of errorHistory is 0.500336 for index 8009, 9/1000.
The last entry of errorHistory is 0.500000 for index 8010, 9/1000.
The last entry of errorHistory is 1.000000 for index 8011, 9/1000.
Terminated at swamp 0.5.
The last entry of errorHistory is 0.500070 for index 8012, 9/1000.
Terminated at swamp 0.5.
The last entry of errorHistory is 0.500241 for index 8013, 9/1000.
Terminated at swamp 0.5.
The last entry of errorHistory is 0.500439 for index 8014, 9/1000.
Terminated at swamp 0.5.
The last entry of errorHistory is 0.500381 for index 8015, 9/1000.
Terminated at swamp 0.5.
The last entry of errorHistory is 0.500332 for index 8016, 9/1000.
Terminated at swamp 0.5.
The last entry of errorHistory is 0.500259 for index 8017, 9/1000.
Terminated at swamp 0.5.
The last entry of errorHistory is 0.500414 for index 8018, 9/1000.
Terminated at swamp 1.
The last entry of errorHistory is 1.000239 for index 8019, 9/1000.
Terminated at swamp 1.
The last entry of errorHistory is 1.000000 for index 8020, 9/1000.
Terminated at swamp 0.5.
The last entry of errorHistory is 0.500279 for index 8021, 9/1000.
Terminated at swamp 1.
The last entry of errorHistory is 1.000163 for index 8022, 9/1000.
The last entry of errorHistory is 1.000000 for index 8023, 9/1000.
The last entry of errorHistory is 0.000025 for index 8024, 9/1000.
Terminated at swamp 0.5.
The last entry of errorHistory is 0.499846 for index 8025, 9/1000.
The last entry of errorHistory is 1.000000 for index 8026, 9/1000.
Terminated at swamp 0.5.
The last entry of errorHistory is 0.500485 for index 8027, 9/1000.
Terminated at swamp 0.5.
The last entry of errorHistory is 0.500427 for index 8028, 9/1000.
Terminated at swamp 1.
The last entry of errorHistory is 1.000039 for index 8029, 9/1000.
Terminated at swamp 0.5.
The last entry of errorHistory is 0.500533 for index 8030, 9/1000.
Terminated at swamp 0.5.
The last entry of errorHistory is 0.500577 for index 8031, 9/1000.
Terminated at swamp 0.5.
The last entry of errorHistory is 0.500510 for index 8032, 9/1000.
The last entry of errorHistory is 0.000035 for index 8033, 9/1000.
The last entry of errorHistory is 1.000000 for index 8034, 9/1000.
The last entry of errorHistory is 0.000806 for index 8035, 9/1000.
Terminated at swamp 1.
The last entry of errorHistory is 1.000130 for index 8036, 9/1000.
Terminated at swamp 0.5.
The last entry of errorHistory is 0.500498 for index 8037, 9/1000.
Terminated at swamp 1.
The last entry of errorHistory is 1.000070 for index 8038, 9/1000.
The last entry of errorHistory is 0.000016 for index 8039, 9/1000.
Terminated at swamp 0.5.
The last entry of errorHistory is 0.500421 for index 8040, 9/1000.
The last entry of errorHistory is 0.001087 for index 8041, 9/1000.
Terminated at swamp 1.
The last entry of errorHistory is 1.000381 for index 8042, 9/1000.
Terminated at swamp 1.
The last entry of errorHistory is 1.000000 for index 8043, 9/1000.
Terminated at swamp 0.5.
The last entry of errorHistory is 0.500002 for index 8044, 9/1000.
Terminated at swamp 0.5.
The last entry of errorHistory is 0.500000 for index 8045, 9/1000.
Terminated at swamp 0.5.
The last entry of errorHistory is 0.500443 for index 8046, 9/1000.
Terminated at swamp 0.5.
The last entry of errorHistory is 0.500398 for index 8047, 9/1000.
Terminated at swamp 0.5.
The last entry of errorHistory is 0.500189 for index 8048, 9/1000.
The last entry of errorHistory is 0.500000 for index 8049, 9/1000.
Terminated at swamp 0.5.
The last entry of errorHistory is 0.500458 for index 8050, 9/1000.
The last entry of errorHistory is 0.000034 for index 8051, 9/1000.
Terminated at swamp 0.5.
The last entry of errorHistory is 0.500343 for index 8052, 9/1000.
Terminated at swamp 0.5.
The last entry of errorHistory is 0.500561 for index 8053, 9/1000.
Terminated at swamp 0.5.
The last entry of errorHistory is 0.500233 for index 8054, 9/1000.
Terminated at swamp 0.5.
The last entry of errorHistory is 0.500914 for index 8055, 9/1000.
Terminated at swamp 0.5.
The last entry of errorHistory is 0.500259 for index 8056, 9/1000.
Terminated at swamp 1.
The last entry of errorHistory is 1.000220 for index 8057, 9/1000.
Terminated at swamp 0.5.
The last entry of errorHistory is 0.500951 for index 8058, 9/1000.
The last entry of errorHistory is 1.000000 for index 8059, 9/1000.
The last entry of errorHistory is 0.000015 for index 8060, 9/1000.
Terminated at swamp 0.5.
The last entry of errorHistory is 0.500266 for index 8061, 9/1000.
Terminated at swamp 0.5.
The last entry of errorHistory is 0.500611 for index 8062, 9/1000.
Terminated at swamp 0.5.
The last entry of errorHistory is 0.500316 for index 8063, 9/1000.
Terminated at swamp 1.
The last entry of errorHistory is 1.000161 for index 8064, 9/1000.
The last entry of errorHistory is 1.000000 for index 8065, 9/1000.
Terminated at swamp 0.5.
The last entry of errorHistory is 0.500014 for index 8066, 9/1000.
The last entry of errorHistory is 1.000000 for index 8067, 9/1000.
Terminated at swamp 0.5.
The last entry of errorHistory is 0.500197 for index 8068, 9/1000.
Terminated at swamp 0.5.
The last entry of errorHistory is 0.500656 for index 8069, 9/1000.
Terminated at swamp 0.5.
The last entry of errorHistory is 0.500311 for index 8070, 9/1000.
Terminated at swamp 0.5.
The last entry of errorHistory is 0.500610 for index 8071, 9/1000.
Terminated at swamp 0.5.
The last entry of errorHistory is 0.500082 for index 8072, 9/1000.
Terminated at swamp 0.5.
The last entry of errorHistory is 0.500213 for index 8073, 9/1000.
The last entry of errorHistory is 1.500000 for index 8074, 9/1000.
Terminated at swamp 0.5.
The last entry of errorHistory is 0.500395 for index 8075, 9/1000.
The last entry of errorHistory is 1.500000 for index 8076, 9/1000.
Terminated at swamp 0.5.
The last entry of errorHistory is 0.500517 for index 8077, 9/1000.
Terminated at swamp 1.
The last entry of errorHistory is 1.000109 for index 8078, 9/1000.
The last entry of errorHistory is 0.000158 for index 8079, 9/1000.
Terminated at swamp 0.5.
The last entry of errorHistory is 0.500051 for index 8080, 9/1000.
Terminated at swamp 1.
The last entry of errorHistory is 1.000326 for index 8081, 9/1000.
Terminated at swamp 0.5.
The last entry of errorHistory is 0.500694 for index 8082, 9/1000.
Terminated at swamp 1.
The last entry of errorHistory is 1.000060 for index 8083, 9/1000.
Terminated at swamp 0.5.
The last entry of errorHistory is 0.500442 for index 8084, 9/1000.
Terminated at swamp 0.5.
The last entry of errorHistory is 0.500711 for index 8085, 9/1000.
Terminated at swamp 0.5.
The last entry of errorHistory is 0.500256 for index 8086, 9/1000.
Terminated at swamp 0.5.
The last entry of errorHistory is 0.500232 for index 8087, 9/1000.
The last entry of errorHistory is 0.000015 for index 8088, 9/1000.
The last entry of errorHistory is 0.000069 for index 8089, 9/1000.
The last entry of errorHistory is 1.000000 for index 8090, 9/1000.
The last entry of errorHistory is 0.000101 for index 8091, 9/1000.
The last entry of errorHistory is 1.000000 for index 8092, 9/1000.
The last entry of errorHistory is 1.000000 for index 8093, 9/1000.
Terminated at swamp 0.5.
The last entry of errorHistory is 0.500518 for index 8094, 9/1000.
Terminated at swamp 0.5.
The last entry of errorHistory is 0.500045 for index 8095, 9/1000.
The last entry of errorHistory is 0.000036 for index 8096, 9/1000.
Terminated at swamp 0.5.
The last entry of errorHistory is 0.500287 for index 8097, 9/1000.
Terminated at swamp 1.
The last entry of errorHistory is 1.000000 for index 8098, 9/1000.
Terminated at swamp 0.5.
The last entry of errorHistory is 0.500299 for index 8099, 9/1000.
Terminated at swamp 0.5.
The last entry of errorHistory is 0.500496 for index 8100, 9/1000.
Terminated at swamp 0.5.
The last entry of errorHistory is 0.500000 for index 8101, 9/1000.
The last entry of errorHistory is 1.000000 for index 8102, 9/1000.
Terminated at swamp 0.5.
The last entry of errorHistory is 0.500155 for index 8103, 9/1000.
Terminated at swamp 0.5.
The last entry of errorHistory is 0.500153 for index 8104, 9/1000.
Terminated at swamp 0.5.
The last entry of errorHistory is 0.500666 for index 8105, 9/1000.
The last entry of errorHistory is 0.000014 for index 8106, 9/1000.
Terminated at swamp 0.5.
The last entry of errorHistory is 0.500668 for index 8107, 9/1000.
Terminated at swamp 0.5.
The last entry of errorHistory is 0.500206 for index 8108, 9/1000.
Terminated at swamp 0.5.
The last entry of errorHistory is 0.500474 for index 8109, 9/1000.
Terminated at swamp 0.5.
The last entry of errorHistory is 0.500073 for index 8110, 9/1000.
Terminated at swamp 0.5.
The last entry of errorHistory is 0.500494 for index 8111, 9/1000.
Terminated at swamp 0.5.
The last entry of errorHistory is 0.500550 for index 8112, 9/1000.
Terminated at swamp 1.
The last entry of errorHistory is 1.000380 for index 8113, 9/1000.
The last entry of errorHistory is 1.000000 for index 8114, 9/1000.
The last entry of errorHistory is 1.500000 for index 8115, 9/1000.
The last entry of errorHistory is 0.000017 for index 8116, 9/1000.
The last entry of errorHistory is 0.000035 for index 8117, 9/1000.
Terminated at swamp 0.5.
The last entry of errorHistory is 0.500118 for index 8118, 9/1000.
The last entry of errorHistory is 0.500000 for index 8119, 9/1000.
Terminated at swamp 1.
The last entry of errorHistory is 1.000286 for index 8120, 9/1000.
The last entry of errorHistory is 0.000021 for index 8121, 9/1000.
Terminated at swamp 0.5.
The last entry of errorHistory is 0.500187 for index 8122, 9/1000.
Terminated at swamp 0.5.
The last entry of errorHistory is 0.500383 for index 8123, 9/1000.
Terminated at swamp 0.5.
The last entry of errorHistory is 0.500591 for index 8124, 9/1000.
Terminated at swamp 1.
The last entry of errorHistory is 1.000208 for index 8125, 9/1000.
Terminated at swamp 0.5.
The last entry of errorHistory is 0.500317 for index 8126, 9/1000.
The last entry of errorHistory is 1.500000 for index 8127, 9/1000.
The last entry of errorHistory is 1.000000 for index 8128, 9/1000.
Terminated at swamp 0.5.
The last entry of errorHistory is 0.500562 for index 8129, 9/1000.
Terminated at swamp 0.5.
The last entry of errorHistory is 0.500000 for index 8130, 9/1000.
Terminated at swamp 0.5.
The last entry of errorHistory is 0.500181 for index 8131, 9/1000.
The last entry of errorHistory is 1.500000 for index 8132, 9/1000.
Terminated at swamp 1.
The last entry of errorHistory is 1.000002 for index 8133, 9/1000.
Terminated at swamp 0.5.
The last entry of errorHistory is 0.500125 for index 8134, 9/1000.
Terminated at swamp 0.5.
The last entry of errorHistory is 0.500410 for index 8135, 9/1000.
The last entry of errorHistory is 0.000679 for index 8136, 9/1000.
The last entry of errorHistory is 0.000034 for index 8137, 9/1000.
Terminated at swamp 0.5.
The last entry of errorHistory is 0.500530 for index 8138, 9/1000.
Terminated at swamp 0.5.
The last entry of errorHistory is 0.500005 for index 8139, 9/1000.
Terminated at swamp 0.5.
The last entry of errorHistory is 0.500471 for index 8140, 9/1000.
Terminated at swamp 0.5.
The last entry of errorHistory is 0.500535 for index 8141, 9/1000.
Terminated at swamp 0.5.
The last entry of errorHistory is 0.500667 for index 8142, 9/1000.
The last entry of errorHistory is 1.000000 for index 8143, 9/1000.
The last entry of errorHistory is 0.002261 for index 8144, 9/1000.
Terminated at swamp 0.5.
The last entry of errorHistory is 0.500179 for index 8145, 9/1000.
Terminated at swamp 1.
The last entry of errorHistory is 1.000397 for index 8146, 9/1000.
The last entry of errorHistory is 0.500000 for index 8147, 9/1000.
Terminated at swamp 0.5.
The last entry of errorHistory is 0.500569 for index 8148, 9/1000.
Terminated at swamp 0.5.
The last entry of errorHistory is 0.500371 for index 8149, 9/1000.
Terminated at swamp 0.5.
The last entry of errorHistory is 0.500714 for index 8150, 9/1000.
Terminated at swamp 0.5.
The last entry of errorHistory is 0.499356 for index 8151, 9/1000.
Terminated at swamp 0.5.
The last entry of errorHistory is 0.500379 for index 8152, 9/1000.
Terminated at swamp 1.
The last entry of errorHistory is 1.000048 for index 8153, 9/1000.
Terminated at swamp 0.5.
The last entry of errorHistory is 0.500146 for index 8154, 9/1000.
The last entry of errorHistory is 0.000071 for index 8155, 9/1000.
The last entry of errorHistory is 1.000000 for index 8156, 9/1000.
The last entry of errorHistory is 1.000000 for index 8157, 9/1000.
Terminated at swamp 0.5.
The last entry of errorHistory is 0.500684 for index 8158, 9/1000.
Terminated at swamp 0.5.
The last entry of errorHistory is 0.500256 for index 8159, 9/1000.
Terminated at swamp 1.
The last entry of errorHistory is 1.000274 for index 8160, 9/1000.
Terminated at swamp 0.5.
The last entry of errorHistory is 0.500067 for index 8161, 9/1000.
The last entry of errorHistory is 1.000000 for index 8162, 9/1000.
Terminated at swamp 0.5.
The last entry of errorHistory is 0.500421 for index 8163, 9/1000.
Terminated at swamp 0.5.
The last entry of errorHistory is 0.500060 for index 8164, 9/1000.
Terminated at swamp 0.5.
The last entry of errorHistory is 0.500632 for index 8165, 9/1000.
Terminated at swamp 0.5.
The last entry of errorHistory is 0.500424 for index 8166, 9/1000.
Terminated at swamp 0.5.
The last entry of errorHistory is 0.500281 for index 8167, 9/1000.
The last entry of errorHistory is 1.000000 for index 8168, 9/1000.
The last entry of errorHistory is 0.500000 for index 8169, 9/1000.
Terminated at swamp 1.
The last entry of errorHistory is 1.000439 for index 8170, 9/1000.
Terminated at swamp 0.5.
The last entry of errorHistory is 0.500689 for index 8171, 9/1000.
The last entry of errorHistory is 1.000000 for index 8172, 9/1000.
The last entry of errorHistory is 0.000454 for index 8173, 9/1000.
Terminated at swamp 1.
The last entry of errorHistory is 1.000000 for index 8174, 9/1000.
The last entry of errorHistory is 1.000000 for index 8175, 9/1000.
Terminated at swamp 0.5.
The last entry of errorHistory is 0.500366 for index 8176, 9/1000.
The last entry of errorHistory is 0.000089 for index 8177, 9/1000.
Terminated at swamp 0.5.
The last entry of errorHistory is 0.500408 for index 8178, 9/1000.
The last entry of errorHistory is 0.000919 for index 8179, 9/1000.
Terminated at swamp 0.5.
The last entry of errorHistory is 0.500320 for index 8180, 9/1000.
Terminated at swamp 1.
The last entry of errorHistory is 1.000000 for index 8181, 9/1000.
Terminated at swamp 0.5.
The last entry of errorHistory is 0.500656 for index 8182, 9/1000.
The last entry of errorHistory is 1.000000 for index 8183, 9/1000.
Terminated at swamp 0.5.
The last entry of errorHistory is 0.500567 for index 8184, 9/1000.
Terminated at swamp 0.5.
The last entry of errorHistory is 0.500270 for index 8185, 9/1000.
Terminated at swamp 1.
The last entry of errorHistory is 1.000000 for index 8186, 9/1000.
Terminated at swamp 0.5.
The last entry of errorHistory is 0.500387 for index 8187, 9/1000.
Terminated at swamp 0.5.
The last entry of errorHistory is 0.500553 for index 8188, 9/1000.
The last entry of errorHistory is 1.000000 for index 8189, 9/1000.
The last entry of errorHistory is 0.500000 for index 8190, 9/1000.
The last entry of errorHistory is 1.000000 for index 8191, 9/1000.
The last entry of errorHistory is 1.000000 for index 8192, 9/1000.
The last entry of errorHistory is 1.000000 for index 8193, 9/1000.
Terminated at swamp 0.5.
The last entry of errorHistory is 0.500478 for index 8194, 9/1000.
Terminated at swamp 0.5.
The last entry of errorHistory is 0.500610 for index 8195, 9/1000.
Terminated at swamp 1.
The last entry of errorHistory is 1.000018 for index 8196, 9/1000.
Terminated at swamp 1.
The last entry of errorHistory is 1.000000 for index 8197, 9/1000.
Terminated at swamp 0.5.
The last entry of errorHistory is 0.500574 for index 8198, 9/1000.
The last entry of errorHistory is 1.000000 for index 8199, 9/1000.
Terminated at swamp 1.
The last entry of errorHistory is 1.000451 for index 8200, 9/1000.
The last entry of errorHistory is 1.000000 for index 8201, 9/1000.
The last entry of errorHistory is 0.000027 for index 8202, 9/1000.
Terminated at swamp 0.5.
The last entry of errorHistory is 0.500293 for index 8203, 9/1000.
Terminated at swamp 1.
The last entry of errorHistory is 1.000143 for index 8204, 9/1000.
The last entry of errorHistory is 0.000034 for index 8205, 9/1000.
Terminated at swamp 1.
The last entry of errorHistory is 1.000005 for index 8206, 9/1000.
The last entry of errorHistory is 0.500000 for index 8207, 9/1000.
Terminated at swamp 0.5.
The last entry of errorHistory is 0.500420 for index 8208, 9/1000.
The last entry of errorHistory is 1.000000 for index 8209, 9/1000.
Terminated at swamp 0.5.
The last entry of errorHistory is 0.500530 for index 8210, 9/1000.
The last entry of errorHistory is 0.000035 for index 8211, 9/1000.
Terminated at swamp 0.5.
The last entry of errorHistory is 0.500471 for index 8212, 9/1000.
Terminated at swamp 0.5.
The last entry of errorHistory is 0.500498 for index 8213, 9/1000.
Terminated at swamp 0.5.
The last entry of errorHistory is 0.500597 for index 8214, 9/1000.
The last entry of errorHistory is 0.500000 for index 8215, 9/1000.
Terminated at swamp 1.
The last entry of errorHistory is 1.000035 for index 8216, 9/1000.
Terminated at swamp 0.5.
The last entry of errorHistory is 0.500030 for index 8217, 9/1000.
Terminated at swamp 0.5.
The last entry of errorHistory is 0.500178 for index 8218, 9/1000.
Terminated at swamp 0.5.
The last entry of errorHistory is 0.500008 for index 8219, 9/1000.
Terminated at swamp 0.5.
The last entry of errorHistory is 0.500398 for index 8220, 9/1000.
The last entry of errorHistory is 0.500000 for index 8221, 9/1000.
Terminated at swamp 0.5.
The last entry of errorHistory is 0.500082 for index 8222, 9/1000.
Terminated at swamp 0.5.
The last entry of errorHistory is 0.500475 for index 8223, 9/1000.
The last entry of errorHistory is 1.000000 for index 8224, 9/1000.
Terminated at swamp 0.5.
The last entry of errorHistory is 0.500520 for index 8225, 9/1000.
Terminated at swamp 0.5.
The last entry of errorHistory is 0.500381 for index 8226, 9/1000.
The last entry of errorHistory is 1.500000 for index 8227, 9/1000.
Terminated at swamp 0.5.
The last entry of errorHistory is 0.500080 for index 8228, 9/1000.
Terminated at swamp 0.5.
The last entry of errorHistory is 0.500404 for index 8229, 9/1000.
Terminated at swamp 0.5.
The last entry of errorHistory is 0.500105 for index 8230, 9/1000.
Terminated at swamp 1.5.
The last entry of errorHistory is 1.500000 for index 8231, 9/1000.
Terminated at swamp 1.
The last entry of errorHistory is 1.000249 for index 8232, 9/1000.
Terminated at swamp 1.
The last entry of errorHistory is 1.000011 for index 8233, 9/1000.
Terminated at swamp 1.
The last entry of errorHistory is 1.000000 for index 8234, 9/1000.
Terminated at swamp 0.5.
The last entry of errorHistory is 0.500073 for index 8235, 9/1000.
The last entry of errorHistory is 1.000000 for index 8236, 9/1000.
The last entry of errorHistory is 1.000000 for index 8237, 9/1000.
Terminated at swamp 0.5.
The last entry of errorHistory is 0.500272 for index 8238, 9/1000.
Terminated at swamp 0.5.
The last entry of errorHistory is 0.500565 for index 8239, 9/1000.
Terminated at swamp 0.5.
The last entry of errorHistory is 0.500562 for index 8240, 9/1000.
Terminated at swamp 0.5.
The last entry of errorHistory is 0.500476 for index 8241, 9/1000.
The last entry of errorHistory is 0.000063 for index 8242, 9/1000.
The last entry of errorHistory is 1.000000 for index 8243, 9/1000.
The last entry of errorHistory is 0.000054 for index 8244, 9/1000.
Terminated at swamp 1.
The last entry of errorHistory is 1.000051 for index 8245, 9/1000.
Terminated at swamp 1.
The last entry of errorHistory is 1.000183 for index 8246, 9/1000.
The last entry of errorHistory is 1.500000 for index 8247, 9/1000.
Terminated at swamp 0.5.
The last entry of errorHistory is 0.500250 for index 8248, 9/1000.
The last entry of errorHistory is 1.500000 for index 8249, 9/1000.
The last entry of errorHistory is 0.500000 for index 8250, 9/1000.
The last entry of errorHistory is 0.001119 for index 8251, 9/1000.
Terminated at swamp 0.5.
The last entry of errorHistory is 0.500479 for index 8252, 9/1000.
Terminated at swamp 0.5.
The last entry of errorHistory is 0.500001 for index 8253, 9/1000.
Terminated at swamp 0.5.
The last entry of errorHistory is 0.500426 for index 8254, 9/1000.
Terminated at swamp 0.5.
The last entry of errorHistory is 0.500413 for index 8255, 9/1000.
Terminated at swamp 0.5.
The last entry of errorHistory is 0.500432 for index 8256, 9/1000.
Terminated at swamp 0.5.
The last entry of errorHistory is 0.500045 for index 8257, 9/1000.
The last entry of errorHistory is 1.000000 for index 8258, 9/1000.
The last entry of errorHistory is 0.000092 for index 8259, 9/1000.
Terminated at swamp 1.
The last entry of errorHistory is 1.000098 for index 8260, 9/1000.
Terminated at swamp 1.
The last entry of errorHistory is 1.000037 for index 8261, 9/1000.
Terminated at swamp 0.5.
The last entry of errorHistory is 0.500356 for index 8262, 9/1000.
The last entry of errorHistory is 1.000000 for index 8263, 9/1000.
The last entry of errorHistory is 0.000451 for index 8264, 9/1000.
Terminated at swamp 0.5.
The last entry of errorHistory is 0.500605 for index 8265, 9/1000.
Terminated at swamp 1.
The last entry of errorHistory is 1.000255 for index 8266, 9/1000.
Terminated at swamp 0.5.
The last entry of errorHistory is 0.500000 for index 8267, 9/1000.
Terminated at swamp 0.5.
The last entry of errorHistory is 0.500198 for index 8268, 9/1000.
The last entry of errorHistory is 0.000019 for index 8269, 9/1000.
The last entry of errorHistory is 1.500000 for index 8270, 9/1000.
The last entry of errorHistory is 0.000024 for index 8271, 9/1000.
Terminated at swamp 0.5.
The last entry of errorHistory is 0.500153 for index 8272, 9/1000.
Terminated at swamp 0.5.
The last entry of errorHistory is 0.500419 for index 8273, 9/1000.
The last entry of errorHistory is 1.000000 for index 8274, 9/1000.
Terminated at swamp 1.
The last entry of errorHistory is 1.000016 for index 8275, 9/1000.
Terminated at swamp 0.5.
The last entry of errorHistory is 0.500216 for index 8276, 9/1000.
Terminated at swamp 0.5.
The last entry of errorHistory is 0.500052 for index 8277, 9/1000.
The last entry of errorHistory is 1.000000 for index 8278, 9/1000.
Terminated at swamp 0.5.
The last entry of errorHistory is 0.500313 for index 8279, 9/1000.
The last entry of errorHistory is 0.000014 for index 8280, 9/1000.
Terminated at swamp 1.
The last entry of errorHistory is 1.000169 for index 8281, 9/1000.
Terminated at swamp 1.
The last entry of errorHistory is 1.000401 for index 8282, 9/1000.
The last entry of errorHistory is 0.500000 for index 8283, 9/1000.
Terminated at swamp 0.5.
The last entry of errorHistory is 0.500306 for index 8284, 9/1000.
The last entry of errorHistory is 1.000000 for index 8285, 9/1000.
Terminated at swamp 0.5.
The last entry of errorHistory is 0.500662 for index 8286, 9/1000.
Terminated at swamp 0.5.
The last entry of errorHistory is 0.500054 for index 8287, 9/1000.
Terminated at swamp 0.5.
The last entry of errorHistory is 0.500165 for index 8288, 9/1000.
The last entry of errorHistory is 1.000000 for index 8289, 9/1000.
Terminated at swamp 0.5.
The last entry of errorHistory is 0.500385 for index 8290, 9/1000.
The last entry of errorHistory is 0.000064 for index 8291, 9/1000.
Terminated at swamp 0.5.
The last entry of errorHistory is 0.500059 for index 8292, 9/1000.
Terminated at swamp 1.
The last entry of errorHistory is 1.000266 for index 8293, 9/1000.
Terminated at swamp 1.
The last entry of errorHistory is 1.000043 for index 8294, 9/1000.
The last entry of errorHistory is 0.000012 for index 8295, 9/1000.
Terminated at swamp 0.5.
The last entry of errorHistory is 0.500432 for index 8296, 9/1000.
Terminated at swamp 0.5.
The last entry of errorHistory is 0.500586 for index 8297, 9/1000.
Terminated at swamp 0.5.
The last entry of errorHistory is 0.500242 for index 8298, 9/1000.
The last entry of errorHistory is 0.000040 for index 8299, 9/1000.
The last entry of errorHistory is 0.500000 for index 8300, 9/1000.
Terminated at swamp 0.5.
The last entry of errorHistory is 0.500377 for index 8301, 9/1000.
The last entry of errorHistory is 0.000068 for index 8302, 9/1000.
Terminated at swamp 0.5.
The last entry of errorHistory is 0.500043 for index 8303, 9/1000.
Terminated at swamp 0.5.
The last entry of errorHistory is 0.500180 for index 8304, 9/1000.
The last entry of errorHistory is 0.500000 for index 8305, 9/1000.
Terminated at swamp 1.
The last entry of errorHistory is 1.000015 for index 8306, 9/1000.
The last entry of errorHistory is 1.000000 for index 8307, 9/1000.
Terminated at swamp 1.
The last entry of errorHistory is 1.000292 for index 8308, 9/1000.
Terminated at swamp 0.5.
The last entry of errorHistory is 0.500050 for index 8309, 9/1000.
Terminated at swamp 0.5.
The last entry of errorHistory is 0.500166 for index 8310, 9/1000.
The last entry of errorHistory is 1.000000 for index 8311, 9/1000.
The last entry of errorHistory is 1.000000 for index 8312, 9/1000.
The last entry of errorHistory is 1.500000 for index 8313, 9/1000.
The last entry of errorHistory is 1.000000 for index 8314, 9/1000.
Terminated at swamp 1.
The last entry of errorHistory is 1.000001 for index 8315, 9/1000.
Terminated at swamp 0.5.
The last entry of errorHistory is 0.500297 for index 8316, 9/1000.
Terminated at swamp 0.5.
The last entry of errorHistory is 0.500287 for index 8317, 9/1000.
The last entry of errorHistory is 0.001200 for index 8318, 9/1000.
Terminated at swamp 0.5.
The last entry of errorHistory is 0.500250 for index 8319, 9/1000.
The last entry of errorHistory is 0.500000 for index 8320, 9/1000.
Terminated at swamp 1.
The last entry of errorHistory is 1.000002 for index 8321, 9/1000.
Terminated at swamp 0.5.
The last entry of errorHistory is 0.500246 for index 8322, 9/1000.
Terminated at swamp 0.5.
The last entry of errorHistory is 0.500018 for index 8323, 9/1000.
The last entry of errorHistory is 0.000007 for index 8324, 9/1000.
Terminated at swamp 1.5.
The last entry of errorHistory is 1.500014 for index 8325, 9/1000.
The last entry of errorHistory is 1.000000 for index 8326, 9/1000.
Terminated at swamp 0.5.
The last entry of errorHistory is 0.500681 for index 8327, 9/1000.
Terminated at swamp 0.5.
The last entry of errorHistory is 0.500062 for index 8328, 9/1000.
Terminated at swamp 0.5.
The last entry of errorHistory is 0.500002 for index 8329, 9/1000.
Terminated at swamp 0.5.
The last entry of errorHistory is 0.500053 for index 8330, 9/1000.
The last entry of errorHistory is 1.000000 for index 8331, 9/1000.
The last entry of errorHistory is 0.000036 for index 8332, 9/1000.
The last entry of errorHistory is 0.000024 for index 8333, 9/1000.
Terminated at swamp 0.5.
The last entry of errorHistory is 0.500492 for index 8334, 9/1000.
The last entry of errorHistory is 1.000000 for index 8335, 9/1000.
Terminated at swamp 0.5.
The last entry of errorHistory is 0.500925 for index 8336, 9/1000.
Terminated at swamp 0.5.
The last entry of errorHistory is 0.500288 for index 8337, 9/1000.
Terminated at swamp 0.5.
The last entry of errorHistory is 0.500579 for index 8338, 9/1000.
The last entry of errorHistory is 1.500000 for index 8339, 9/1000.
The last entry of errorHistory is 0.000431 for index 8340, 9/1000.
Terminated at swamp 0.5.
The last entry of errorHistory is 0.500421 for index 8341, 9/1000.
The last entry of errorHistory is 0.000015 for index 8342, 9/1000.
The last entry of errorHistory is 1.000000 for index 8343, 9/1000.
Terminated at swamp 0.5.
The last entry of errorHistory is 0.500283 for index 8344, 9/1000.
Terminated at swamp 0.5.
The last entry of errorHistory is 0.500420 for index 8345, 9/1000.
The last entry of errorHistory is 0.000014 for index 8346, 9/1000.
Terminated at swamp 0.5.
The last entry of errorHistory is 0.500411 for index 8347, 9/1000.
Terminated at swamp 0.5.
The last entry of errorHistory is 0.500198 for index 8348, 9/1000.
The last entry of errorHistory is 1.000000 for index 8349, 9/1000.
Terminated at swamp 1.
The last entry of errorHistory is 1.000000 for index 8350, 9/1000.
Terminated at swamp 0.5.
The last entry of errorHistory is 0.500496 for index 8351, 9/1000.
The last entry of errorHistory is 1.000000 for index 8352, 9/1000.
Terminated at swamp 0.5.
The last entry of errorHistory is 0.500592 for index 8353, 9/1000.
Terminated at swamp 0.5.
The last entry of errorHistory is 0.500555 for index 8354, 9/1000.
The last entry of errorHistory is 0.500000 for index 8355, 9/1000.
Terminated at swamp 0.5.
The last entry of errorHistory is 0.500273 for index 8356, 9/1000.
Terminated at swamp 0.5.
The last entry of errorHistory is 0.500498 for index 8357, 9/1000.
The last entry of errorHistory is 0.000023 for index 8358, 9/1000.
Terminated at swamp 1.
The last entry of errorHistory is 1.000270 for index 8359, 9/1000.
Terminated at swamp 0.5.
The last entry of errorHistory is 0.500487 for index 8360, 9/1000.
Terminated at swamp 0.5.
The last entry of errorHistory is 0.500379 for index 8361, 9/1000.
Terminated at swamp 1.
The last entry of errorHistory is 1.000391 for index 8362, 9/1000.
Terminated at swamp 0.5.
The last entry of errorHistory is 0.500091 for index 8363, 9/1000.
Terminated at swamp 0.5.
The last entry of errorHistory is 0.500479 for index 8364, 9/1000.
The last entry of errorHistory is 0.500000 for index 8365, 9/1000.
The last entry of errorHistory is 1.000000 for index 8366, 9/1000.
The last entry of errorHistory is 0.000016 for index 8367, 9/1000.
Terminated at swamp 0.5.
The last entry of errorHistory is 0.500561 for index 8368, 9/1000.
Terminated at swamp 0.5.
The last entry of errorHistory is 0.500805 for index 8369, 9/1000.
Terminated at swamp 0.5.
The last entry of errorHistory is 0.500239 for index 8370, 9/1000.
Terminated at swamp 0.5.
The last entry of errorHistory is 0.500416 for index 8371, 9/1000.
Terminated at swamp 0.5.
The last entry of errorHistory is 0.500424 for index 8372, 9/1000.
The last entry of errorHistory is 0.500000 for index 8373, 9/1000.
Terminated at swamp 0.5.
The last entry of errorHistory is 0.500413 for index 8374, 9/1000.
Terminated at swamp 1.
The last entry of errorHistory is 1.000000 for index 8375, 9/1000.
Terminated at swamp 0.5.
The last entry of errorHistory is 0.500000 for index 8376, 9/1000.
The last entry of errorHistory is 0.000309 for index 8377, 9/1000.
Terminated at swamp 0.5.
The last entry of errorHistory is 0.500186 for index 8378, 9/1000.
The last entry of errorHistory is 0.001234 for index 8379, 9/1000.
Terminated at swamp 0.5.
The last entry of errorHistory is 0.500589 for index 8380, 9/1000.
Terminated at swamp 0.5.
The last entry of errorHistory is 0.500961 for index 8381, 9/1000.
Terminated at swamp 0.5.
The last entry of errorHistory is 0.500480 for index 8382, 9/1000.
Terminated at swamp 1.5.
The last entry of errorHistory is 1.500000 for index 8383, 9/1000.
Terminated at swamp 0.5.
The last entry of errorHistory is 0.500692 for index 8384, 9/1000.
Terminated at swamp 1.
The last entry of errorHistory is 1.000276 for index 8385, 9/1000.
Terminated at swamp 0.5.
The last entry of errorHistory is 0.500524 for index 8386, 9/1000.
Terminated at swamp 0.5.
The last entry of errorHistory is 0.500330 for index 8387, 9/1000.
Terminated at swamp 0.5.
The last entry of errorHistory is 0.500389 for index 8388, 9/1000.
Terminated at swamp 0.5.
The last entry of errorHistory is 0.500564 for index 8389, 9/1000.
Terminated at swamp 1.
The last entry of errorHistory is 1.000000 for index 8390, 9/1000.
The last entry of errorHistory is 0.000123 for index 8391, 9/1000.
The last entry of errorHistory is 1.000000 for index 8392, 9/1000.
The last entry of errorHistory is 1.000000 for index 8393, 9/1000.
Terminated at swamp 0.5.
The last entry of errorHistory is 0.500747 for index 8394, 9/1000.
The last entry of errorHistory is 0.500000 for index 8395, 9/1000.
Terminated at swamp 1.
The last entry of errorHistory is 1.000019 for index 8396, 9/1000.
The last entry of errorHistory is 0.000031 for index 8397, 9/1000.
Terminated at swamp 1.
The last entry of errorHistory is 1.000006 for index 8398, 9/1000.
Terminated at swamp 0.5.
The last entry of errorHistory is 0.500534 for index 8399, 9/1000.
Terminated at swamp 0.5.
The last entry of errorHistory is 0.500378 for index 8400, 9/1000.
Terminated at swamp 1.
The last entry of errorHistory is 1.000434 for index 8401, 9/1000.
The last entry of errorHistory is 1.000000 for index 8402, 9/1000.
Terminated at swamp 1.
The last entry of errorHistory is 1.000059 for index 8403, 9/1000.
The last entry of errorHistory is 0.500000 for index 8404, 9/1000.
Terminated at swamp 0.5.
The last entry of errorHistory is 0.500591 for index 8405, 9/1000.
The last entry of errorHistory is 0.500000 for index 8406, 9/1000.
Terminated at swamp 0.5.
The last entry of errorHistory is 0.500392 for index 8407, 9/1000.
The last entry of errorHistory is 1.000000 for index 8408, 9/1000.
Terminated at swamp 0.5.
The last entry of errorHistory is 0.500080 for index 8409, 9/1000.
The last entry of errorHistory is 0.000032 for index 8410, 9/1000.
Terminated at swamp 1.
The last entry of errorHistory is 1.000350 for index 8411, 9/1000.
The last entry of errorHistory is 1.000000 for index 8412, 9/1000.
The last entry of errorHistory is 0.000024 for index 8413, 9/1000.
Terminated at swamp 0.5.
The last entry of errorHistory is 0.500059 for index 8414, 9/1000.
Terminated at swamp 0.5.
The last entry of errorHistory is 0.500550 for index 8415, 9/1000.
Terminated at swamp 0.5.
The last entry of errorHistory is 0.500003 for index 8416, 9/1000.
Terminated at swamp 1.
The last entry of errorHistory is 1.000203 for index 8417, 9/1000.
Terminated at swamp 0.5.
The last entry of errorHistory is 0.500404 for index 8418, 9/1000.
Terminated at swamp 0.5.
The last entry of errorHistory is 0.500296 for index 8419, 9/1000.
The last entry of errorHistory is 0.500000 for index 8420, 9/1000.
Terminated at swamp 0.5.
The last entry of errorHistory is 0.500727 for index 8421, 9/1000.
Terminated at swamp 1.
The last entry of errorHistory is 1.000262 for index 8422, 9/1000.
The last entry of errorHistory is 1.000000 for index 8423, 9/1000.
The last entry of errorHistory is 0.000010 for index 8424, 9/1000.
Terminated at swamp 0.5.
The last entry of errorHistory is 0.500382 for index 8425, 9/1000.
Terminated at swamp 1.
The last entry of errorHistory is 1.000089 for index 8426, 9/1000.
The last entry of errorHistory is 1.000000 for index 8427, 9/1000.
The last entry of errorHistory is 0.500000 for index 8428, 9/1000.
The last entry of errorHistory is 1.000000 for index 8429, 9/1000.
Terminated at swamp 0.5.
The last entry of errorHistory is 0.500422 for index 8430, 9/1000.
Terminated at swamp 0.5.
The last entry of errorHistory is 0.500547 for index 8431, 9/1000.
The last entry of errorHistory is 1.000000 for index 8432, 9/1000.
Terminated at swamp 0.5.
The last entry of errorHistory is 0.500724 for index 8433, 9/1000.
Terminated at swamp 0.5.
The last entry of errorHistory is 0.500490 for index 8434, 9/1000.
Terminated at swamp 0.5.
The last entry of errorHistory is 0.500053 for index 8435, 9/1000.
Terminated at swamp 0.5.
The last entry of errorHistory is 0.500613 for index 8436, 9/1000.
The last entry of errorHistory is 0.000082 for index 8437, 9/1000.
Terminated at swamp 0.5.
The last entry of errorHistory is 0.500342 for index 8438, 9/1000.
The last entry of errorHistory is 0.000010 for index 8439, 9/1000.
The last entry of errorHistory is 0.500000 for index 8440, 9/1000.
The last entry of errorHistory is 1.000000 for index 8441, 9/1000.
Terminated at swamp 0.5.
The last entry of errorHistory is 0.500688 for index 8442, 9/1000.
Terminated at swamp 1.
The last entry of errorHistory is 1.000000 for index 8443, 9/1000.
Terminated at swamp 0.5.
The last entry of errorHistory is 0.500583 for index 8444, 9/1000.
Terminated at swamp 1.
The last entry of errorHistory is 1.000052 for index 8445, 9/1000.
Terminated at swamp 0.5.
The last entry of errorHistory is 0.500036 for index 8446, 9/1000.
Terminated at swamp 1.
The last entry of errorHistory is 1.000325 for index 8447, 9/1000.
The last entry of errorHistory is 0.000825 for index 8448, 9/1000.
Terminated at swamp 0.5.
The last entry of errorHistory is 0.500509 for index 8449, 9/1000.
The last entry of errorHistory is 1.000000 for index 8450, 9/1000.
Terminated at swamp 1.
The last entry of errorHistory is 1.000178 for index 8451, 9/1000.
The last entry of errorHistory is 1.000000 for index 8452, 9/1000.
Terminated at swamp 1.
The last entry of errorHistory is 1.000000 for index 8453, 9/1000.
Terminated at swamp 0.5.
The last entry of errorHistory is 0.500483 for index 8454, 9/1000.
Terminated at swamp 0.5.
The last entry of errorHistory is 0.500402 for index 8455, 9/1000.
Terminated at swamp 0.5.
The last entry of errorHistory is 0.500345 for index 8456, 9/1000.
Terminated at swamp 0.5.
The last entry of errorHistory is 0.500496 for index 8457, 9/1000.
Terminated at swamp 0.5.
The last entry of errorHistory is 0.500600 for index 8458, 9/1000.
Terminated at swamp 0.5.
The last entry of errorHistory is 0.500050 for index 8459, 9/1000.
The last entry of errorHistory is 1.000000 for index 8460, 9/1000.
Terminated at swamp 0.5.
The last entry of errorHistory is 0.500375 for index 8461, 9/1000.
Terminated at swamp 0.5.
The last entry of errorHistory is 0.500000 for index 8462, 9/1000.
Terminated at swamp 0.5.
The last entry of errorHistory is 0.500073 for index 8463, 9/1000.
Terminated at swamp 1.
The last entry of errorHistory is 1.000010 for index 8464, 9/1000.
Terminated at swamp 0.5.
The last entry of errorHistory is 0.500320 for index 8465, 9/1000.
Terminated at swamp 1.
The last entry of errorHistory is 1.000385 for index 8466, 9/1000.
Terminated at swamp 0.5.
The last entry of errorHistory is 0.500446 for index 8467, 9/1000.
Terminated at swamp 0.5.
The last entry of errorHistory is 0.500190 for index 8468, 9/1000.
Terminated at swamp 0.5.
The last entry of errorHistory is 0.500636 for index 8469, 9/1000.
The last entry of errorHistory is 1.000000 for index 8470, 9/1000.
The last entry of errorHistory is 0.000007 for index 8471, 9/1000.
Terminated at swamp 0.5.
The last entry of errorHistory is 0.500227 for index 8472, 9/1000.
Terminated at swamp 0.5.
The last entry of errorHistory is 0.500759 for index 8473, 9/1000.
Terminated at swamp 1.
The last entry of errorHistory is 1.000000 for index 8474, 9/1000.
Terminated at swamp 0.5.
The last entry of errorHistory is 0.500492 for index 8475, 9/1000.
Terminated at swamp 0.5.
The last entry of errorHistory is 0.500609 for index 8476, 9/1000.
The last entry of errorHistory is 1.500000 for index 8477, 9/1000.
Terminated at swamp 0.5.
The last entry of errorHistory is 0.500078 for index 8478, 9/1000.
Terminated at swamp 1.
The last entry of errorHistory is 1.000091 for index 8479, 9/1000.
The last entry of errorHistory is 1.000000 for index 8480, 9/1000.
The last entry of errorHistory is 0.000730 for index 8481, 9/1000.
The last entry of errorHistory is 0.500000 for index 8482, 9/1000.
Terminated at swamp 0.5.
The last entry of errorHistory is 0.500547 for index 8483, 9/1000.
Terminated at swamp 1.
The last entry of errorHistory is 1.000000 for index 8484, 9/1000.
Terminated at swamp 0.5.
The last entry of errorHistory is 0.500289 for index 8485, 9/1000.
Terminated at swamp 0.5.
The last entry of errorHistory is 0.500340 for index 8486, 9/1000.
Terminated at swamp 0.5.
The last entry of errorHistory is 0.500899 for index 8487, 9/1000.
The last entry of errorHistory is 1.000000 for index 8488, 9/1000.
Terminated at swamp 0.5.
The last entry of errorHistory is 0.500393 for index 8489, 9/1000.
Terminated at swamp 0.5.
The last entry of errorHistory is 0.500094 for index 8490, 9/1000.
Terminated at swamp 0.5.
The last entry of errorHistory is 0.500524 for index 8491, 9/1000.
The last entry of errorHistory is 0.500000 for index 8492, 9/1000.
The last entry of errorHistory is 1.000000 for index 8493, 9/1000.
Terminated at swamp 0.5.
The last entry of errorHistory is 0.500375 for index 8494, 9/1000.
Terminated at swamp 1.
The last entry of errorHistory is 1.000065 for index 8495, 9/1000.
The last entry of errorHistory is 0.000018 for index 8496, 9/1000.
The last entry of errorHistory is 1.000000 for index 8497, 9/1000.
Terminated at swamp 1.
The last entry of errorHistory is 1.000000 for index 8498, 9/1000.
The last entry of errorHistory is 1.500000 for index 8499, 9/1000.
Terminated at swamp 0.5.
The last entry of errorHistory is 0.500051 for index 8500, 9/1000.
The last entry of errorHistory is 0.000485 for index 8501, 9/1000.
Terminated at swamp 0.5.
The last entry of errorHistory is 0.500163 for index 8502, 9/1000.
Terminated at swamp 0.5.
The last entry of errorHistory is 0.500479 for index 8503, 9/1000.
Terminated at swamp 0.5.
The last entry of errorHistory is 0.500197 for index 8504, 9/1000.
Terminated at swamp 0.5.
The last entry of errorHistory is 0.500383 for index 8505, 9/1000.
The last entry of errorHistory is 0.000017 for index 8506, 9/1000.
The last entry of errorHistory is 1.000000 for index 8507, 9/1000.
The last entry of errorHistory is 0.500000 for index 8508, 9/1000.
Terminated at swamp 1.
The last entry of errorHistory is 1.000052 for index 8509, 9/1000.
The last entry of errorHistory is 0.500000 for index 8510, 9/1000.
Terminated at swamp 0.5.
The last entry of errorHistory is 0.500431 for index 8511, 9/1000.
The last entry of errorHistory is 0.000018 for index 8512, 9/1000.
Terminated at swamp 0.5.
The last entry of errorHistory is 0.500437 for index 8513, 9/1000.
Terminated at swamp 0.5.
The last entry of errorHistory is 0.500727 for index 8514, 9/1000.
The last entry of errorHistory is 1.500000 for index 8515, 9/1000.
Terminated at swamp 1.
The last entry of errorHistory is 1.000060 for index 8516, 9/1000.
Terminated at swamp 1.
The last entry of errorHistory is 1.000483 for index 8517, 9/1000.
Terminated at swamp 1.
The last entry of errorHistory is 1.000339 for index 8518, 9/1000.
Terminated at swamp 0.5.
The last entry of errorHistory is 0.500542 for index 8519, 9/1000.
The last entry of errorHistory is 1.500000 for index 8520, 9/1000.
Terminated at swamp 1.
The last entry of errorHistory is 1.000000 for index 8521, 9/1000.
The last entry of errorHistory is 1.500000 for index 8522, 9/1000.
The last entry of errorHistory is 0.000217 for index 8523, 9/1000.
The last entry of errorHistory is 0.000017 for index 8524, 9/1000.
Terminated at swamp 0.5.
The last entry of errorHistory is 0.500285 for index 8525, 9/1000.
The last entry of errorHistory is 1.000000 for index 8526, 9/1000.
The last entry of errorHistory is 1.500000 for index 8527, 9/1000.
Terminated at swamp 1.
The last entry of errorHistory is 1.000389 for index 8528, 9/1000.
The last entry of errorHistory is 0.500000 for index 8529, 9/1000.
Terminated at swamp 0.5.
The last entry of errorHistory is 0.500688 for index 8530, 9/1000.
Terminated at swamp 0.5.
The last entry of errorHistory is 0.500379 for index 8531, 9/1000.
Terminated at swamp 0.5.
The last entry of errorHistory is 0.500054 for index 8532, 9/1000.
Terminated at swamp 0.5.
The last entry of errorHistory is 0.500553 for index 8533, 9/1000.
The last entry of errorHistory is 1.000000 for index 8534, 9/1000.
Terminated at swamp 1.
The last entry of errorHistory is 1.000000 for index 8535, 9/1000.
Terminated at swamp 0.5.
The last entry of errorHistory is 0.500515 for index 8536, 9/1000.
Terminated at swamp 0.5.
The last entry of errorHistory is 0.500310 for index 8537, 9/1000.
The last entry of errorHistory is 1.000000 for index 8538, 9/1000.
The last entry of errorHistory is 0.000023 for index 8539, 9/1000.
Terminated at swamp 0.5.
The last entry of errorHistory is 0.500397 for index 8540, 9/1000.
Terminated at swamp 0.5.
The last entry of errorHistory is 0.500056 for index 8541, 9/1000.
Terminated at swamp 0.5.
The last entry of errorHistory is 0.500503 for index 8542, 9/1000.
The last entry of errorHistory is 1.000000 for index 8543, 9/1000.
The last entry of errorHistory is 0.000020 for index 8544, 9/1000.
The last entry of errorHistory is 1.000000 for index 8545, 9/1000.
Terminated at swamp 0.5.
The last entry of errorHistory is 0.500445 for index 8546, 9/1000.
The last entry of errorHistory is 1.000000 for index 8547, 9/1000.
The last entry of errorHistory is 0.500000 for index 8548, 9/1000.
Terminated at swamp 0.5.
The last entry of errorHistory is 0.500358 for index 8549, 9/1000.
The last entry of errorHistory is 0.000010 for index 8550, 9/1000.
Terminated at swamp 0.5.
The last entry of errorHistory is 0.500676 for index 8551, 9/1000.
Terminated at swamp 0.5.
The last entry of errorHistory is 0.500000 for index 8552, 9/1000.
The last entry of errorHistory is 0.000054 for index 8553, 9/1000.
The last entry of errorHistory is 0.000016 for index 8554, 9/1000.
Terminated at swamp 0.5.
The last entry of errorHistory is 0.500329 for index 8555, 9/1000.
Terminated at swamp 0.5.
The last entry of errorHistory is 0.500096 for index 8556, 9/1000.
The last entry of errorHistory is 1.000000 for index 8557, 9/1000.
Terminated at swamp 1.
The last entry of errorHistory is 1.000000 for index 8558, 9/1000.
Terminated at swamp 1.
The last entry of errorHistory is 1.000000 for index 8559, 9/1000.
Terminated at swamp 1.
The last entry of errorHistory is 1.000000 for index 8560, 9/1000.
Terminated at swamp 0.5.
The last entry of errorHistory is 0.500233 for index 8561, 9/1000.
Terminated at swamp 0.5.
The last entry of errorHistory is 0.500315 for index 8562, 9/1000.
Terminated at swamp 0.5.
The last entry of errorHistory is 0.500311 for index 8563, 9/1000.
Terminated at swamp 0.5.
The last entry of errorHistory is 0.500182 for index 8564, 9/1000.
Terminated at swamp 0.5.
The last entry of errorHistory is 0.500070 for index 8565, 9/1000.
Terminated at swamp 0.5.
The last entry of errorHistory is 0.500725 for index 8566, 9/1000.
The last entry of errorHistory is 1.500000 for index 8567, 9/1000.
Terminated at swamp 0.5.
The last entry of errorHistory is 0.500646 for index 8568, 9/1000.
The last entry of errorHistory is 1.000000 for index 8569, 9/1000.
The last entry of errorHistory is 0.500000 for index 8570, 9/1000.
The last entry of errorHistory is 0.000018 for index 8571, 9/1000.
Terminated at swamp 0.5.
The last entry of errorHistory is 0.500057 for index 8572, 9/1000.
The last entry of errorHistory is 0.500000 for index 8573, 9/1000.
The last entry of errorHistory is 0.000099 for index 8574, 9/1000.
The last entry of errorHistory is 1.000000 for index 8575, 9/1000.
Terminated at swamp 0.5.
The last entry of errorHistory is 0.500210 for index 8576, 9/1000.
Terminated at swamp 0.5.
The last entry of errorHistory is 0.500373 for index 8577, 9/1000.
Terminated at swamp 1.
The last entry of errorHistory is 1.000397 for index 8578, 9/1000.
Terminated at swamp 1.
The last entry of errorHistory is 1.000541 for index 8579, 9/1000.
Terminated at swamp 0.5.
The last entry of errorHistory is 0.500445 for index 8580, 9/1000.
The last entry of errorHistory is 0.500000 for index 8581, 9/1000.
The last entry of errorHistory is 0.000039 for index 8582, 9/1000.
Terminated at swamp 0.5.
The last entry of errorHistory is 0.500649 for index 8583, 9/1000.
Terminated at swamp 0.5.
The last entry of errorHistory is 0.500311 for index 8584, 9/1000.
The last entry of errorHistory is 1.000000 for index 8585, 9/1000.
Terminated at swamp 0.5.
The last entry of errorHistory is 0.500440 for index 8586, 9/1000.
Terminated at swamp 0.5.
The last entry of errorHistory is 0.500546 for index 8587, 9/1000.
Terminated at swamp 0.5.
The last entry of errorHistory is 0.500320 for index 8588, 9/1000.
Terminated at swamp 0.5.
The last entry of errorHistory is 0.500014 for index 8589, 9/1000.
Terminated at swamp 0.5.
The last entry of errorHistory is 0.500543 for index 8590, 9/1000.
Terminated at swamp 1.
The last entry of errorHistory is 1.000000 for index 8591, 9/1000.
Terminated at swamp 1.
The last entry of errorHistory is 1.000065 for index 8592, 9/1000.
The last entry of errorHistory is 0.000271 for index 8593, 9/1000.
Terminated at swamp 0.5.
The last entry of errorHistory is 0.500143 for index 8594, 9/1000.
The last entry of errorHistory is 1.000000 for index 8595, 9/1000.
The last entry of errorHistory is 0.000059 for index 8596, 9/1000.
Terminated at swamp 1.
The last entry of errorHistory is 1.000413 for index 8597, 9/1000.
Terminated at swamp 1.
The last entry of errorHistory is 1.000456 for index 8598, 9/1000.
Terminated at swamp 1.
The last entry of errorHistory is 1.000022 for index 8599, 9/1000.
Terminated at swamp 0.5.
The last entry of errorHistory is 0.500626 for index 8600, 9/1000.
The last entry of errorHistory is 0.500000 for index 8601, 9/1000.
Terminated at swamp 0.5.
The last entry of errorHistory is 0.500162 for index 8602, 9/1000.
Terminated at swamp 0.5.
The last entry of errorHistory is 0.500001 for index 8603, 9/1000.
Terminated at swamp 0.5.
The last entry of errorHistory is 0.500549 for index 8604, 9/1000.
The last entry of errorHistory is 0.500000 for index 8605, 9/1000.
Terminated at swamp 0.5.
The last entry of errorHistory is 0.500180 for index 8606, 9/1000.
The last entry of errorHistory is 0.000018 for index 8607, 9/1000.
Terminated at swamp 0.5.
The last entry of errorHistory is 0.500464 for index 8608, 9/1000.
Terminated at swamp 1.
The last entry of errorHistory is 1.000458 for index 8609, 9/1000.
Terminated at swamp 0.5.
The last entry of errorHistory is 0.500271 for index 8610, 9/1000.
The last entry of errorHistory is 0.000020 for index 8611, 9/1000.
Terminated at swamp 0.5.
The last entry of errorHistory is 0.500326 for index 8612, 9/1000.
The last entry of errorHistory is 1.000000 for index 8613, 9/1000.
Terminated at swamp 0.5.
The last entry of errorHistory is 0.500428 for index 8614, 9/1000.
Terminated at swamp 0.5.
The last entry of errorHistory is 0.500301 for index 8615, 9/1000.
Terminated at swamp 1.
The last entry of errorHistory is 1.000000 for index 8616, 9/1000.
Terminated at swamp 1.
The last entry of errorHistory is 1.000427 for index 8617, 9/1000.
The last entry of errorHistory is 1.000000 for index 8618, 9/1000.
The last entry of errorHistory is 1.000000 for index 8619, 9/1000.
The last entry of errorHistory is 0.000026 for index 8620, 9/1000.
The last entry of errorHistory is 0.000017 for index 8621, 9/1000.
The last entry of errorHistory is 1.500000 for index 8622, 9/1000.
Terminated at swamp 0.5.
The last entry of errorHistory is 0.500356 for index 8623, 9/1000.
Terminated at swamp 1.
The last entry of errorHistory is 0.999989 for index 8624, 9/1000.
The last entry of errorHistory is 1.000000 for index 8625, 9/1000.
The last entry of errorHistory is 0.500000 for index 8626, 9/1000.
Terminated at swamp 0.5.
The last entry of errorHistory is 0.500702 for index 8627, 9/1000.
The last entry of errorHistory is 1.000000 for index 8628, 9/1000.
Terminated at swamp 0.5.
The last entry of errorHistory is 0.500382 for index 8629, 9/1000.
Terminated at swamp 0.5.
The last entry of errorHistory is 0.500172 for index 8630, 9/1000.
Terminated at swamp 0.5.
The last entry of errorHistory is 0.500302 for index 8631, 9/1000.
Terminated at swamp 1.
The last entry of errorHistory is 1.000033 for index 8632, 9/1000.
Terminated at swamp 0.5.
The last entry of errorHistory is 0.500545 for index 8633, 9/1000.
Terminated at swamp 0.5.
The last entry of errorHistory is 0.500325 for index 8634, 9/1000.
Terminated at swamp 1.
The last entry of errorHistory is 1.000070 for index 8635, 9/1000.
Terminated at swamp 1.
The last entry of errorHistory is 1.000003 for index 8636, 9/1000.
Terminated at swamp 0.5.
The last entry of errorHistory is 0.500515 for index 8637, 9/1000.
Terminated at swamp 0.5.
The last entry of errorHistory is 0.500353 for index 8638, 9/1000.
Terminated at swamp 1.
The last entry of errorHistory is 1.000186 for index 8639, 9/1000.
The last entry of errorHistory is 1.000000 for index 8640, 9/1000.
The last entry of errorHistory is 0.000015 for index 8641, 9/1000.
Terminated at swamp 0.5.
The last entry of errorHistory is 0.500382 for index 8642, 9/1000.
Terminated at swamp 0.5.
The last entry of errorHistory is 0.500297 for index 8643, 9/1000.
The last entry of errorHistory is 0.000236 for index 8644, 9/1000.
Terminated at swamp 0.5.
The last entry of errorHistory is 0.500678 for index 8645, 9/1000.
Terminated at swamp 0.5.
The last entry of errorHistory is 0.500032 for index 8646, 9/1000.
The last entry of errorHistory is 1.000000 for index 8647, 9/1000.
The last entry of errorHistory is 1.000000 for index 8648, 9/1000.
The last entry of errorHistory is 0.000014 for index 8649, 9/1000.
Terminated at swamp 0.5.
The last entry of errorHistory is 0.500349 for index 8650, 9/1000.
Terminated at swamp 0.5.
The last entry of errorHistory is 0.500614 for index 8651, 9/1000.
Terminated at swamp 0.5.
The last entry of errorHistory is 0.500589 for index 8652, 9/1000.
Terminated at swamp 0.5.
The last entry of errorHistory is 0.500266 for index 8653, 9/1000.
Terminated at swamp 0.5.
The last entry of errorHistory is 0.500498 for index 8654, 9/1000.
The last entry of errorHistory is 0.500000 for index 8655, 9/1000.
The last entry of errorHistory is 1.000000 for index 8656, 9/1000.
Terminated at swamp 0.5.
The last entry of errorHistory is 0.500352 for index 8657, 9/1000.
Terminated at swamp 0.5.
The last entry of errorHistory is 0.500683 for index 8658, 9/1000.
Terminated at swamp 0.5.
The last entry of errorHistory is 0.500556 for index 8659, 9/1000.
The last entry of errorHistory is 0.000008 for index 8660, 9/1000.
Terminated at swamp 0.5.
The last entry of errorHistory is 0.499911 for index 8661, 9/1000.
Terminated at swamp 1.
The last entry of errorHistory is 1.000195 for index 8662, 9/1000.
Terminated at swamp 0.5.
The last entry of errorHistory is 0.500486 for index 8663, 9/1000.
Terminated at swamp 1.
The last entry of errorHistory is 1.000028 for index 8664, 9/1000.
Terminated at swamp 1.
The last entry of errorHistory is 1.000004 for index 8665, 9/1000.
Terminated at swamp 1.
The last entry of errorHistory is 1.000248 for index 8666, 9/1000.
Terminated at swamp 0.5.
The last entry of errorHistory is 0.500418 for index 8667, 9/1000.
Terminated at swamp 0.5.
The last entry of errorHistory is 0.500051 for index 8668, 9/1000.
The last entry of errorHistory is 1.000000 for index 8669, 9/1000.
Terminated at swamp 0.5.
The last entry of errorHistory is 0.500160 for index 8670, 9/1000.
Terminated at swamp 0.5.
The last entry of errorHistory is 0.500105 for index 8671, 9/1000.
Terminated at swamp 0.5.
The last entry of errorHistory is 0.500438 for index 8672, 9/1000.
Terminated at swamp 0.5.
The last entry of errorHistory is 0.500355 for index 8673, 9/1000.
The last entry of errorHistory is 1.000000 for index 8674, 9/1000.
Terminated at swamp 0.5.
The last entry of errorHistory is 0.500336 for index 8675, 9/1000.
Terminated at swamp 0.5.
The last entry of errorHistory is 0.500487 for index 8676, 9/1000.
The last entry of errorHistory is 1.000000 for index 8677, 9/1000.
The last entry of errorHistory is 0.000204 for index 8678, 9/1000.
The last entry of errorHistory is 0.000034 for index 8679, 9/1000.
Terminated at swamp 0.5.
The last entry of errorHistory is 0.500388 for index 8680, 9/1000.
Terminated at swamp 0.5.
The last entry of errorHistory is 0.500366 for index 8681, 9/1000.
Terminated at swamp 0.5.
The last entry of errorHistory is 0.500434 for index 8682, 9/1000.
The last entry of errorHistory is 0.000007 for index 8683, 9/1000.
The last entry of errorHistory is 0.000094 for index 8684, 9/1000.
The last entry of errorHistory is 1.000000 for index 8685, 9/1000.
Terminated at swamp 0.5.
The last entry of errorHistory is 0.500317 for index 8686, 9/1000.
Terminated at swamp 0.5.
The last entry of errorHistory is 0.500148 for index 8687, 9/1000.
Terminated at swamp 1.
The last entry of errorHistory is 1.000270 for index 8688, 9/1000.
The last entry of errorHistory is 0.000056 for index 8689, 9/1000.
The last entry of errorHistory is 1.000000 for index 8690, 9/1000.
The last entry of errorHistory is 1.000000 for index 8691, 9/1000.
Terminated at swamp 0.5.
The last entry of errorHistory is 0.500457 for index 8692, 9/1000.
The last entry of errorHistory is 0.000490 for index 8693, 9/1000.
Terminated at swamp 0.5.
The last entry of errorHistory is 0.500091 for index 8694, 9/1000.
The last entry of errorHistory is 1.500000 for index 8695, 9/1000.
Terminated at swamp 1.
The last entry of errorHistory is 1.000155 for index 8696, 9/1000.
Terminated at swamp 0.5.
The last entry of errorHistory is 0.500443 for index 8697, 9/1000.
Terminated at swamp 1.
The last entry of errorHistory is 1.000131 for index 8698, 9/1000.
The last entry of errorHistory is 0.000017 for index 8699, 9/1000.
Terminated at swamp 1.
The last entry of errorHistory is 1.000051 for index 8700, 9/1000.
Terminated at swamp 0.5.
The last entry of errorHistory is 0.500000 for index 8701, 9/1000.
Terminated at swamp 1.
The last entry of errorHistory is 1.000026 for index 8702, 9/1000.
Terminated at swamp 0.5.
The last entry of errorHistory is 0.500011 for index 8703, 9/1000.
Terminated at swamp 1.
The last entry of errorHistory is 1.000226 for index 8704, 9/1000.
Terminated at swamp 0.5.
The last entry of errorHistory is 0.500875 for index 8705, 9/1000.
The last entry of errorHistory is 0.000050 for index 8706, 9/1000.
Terminated at swamp 0.5.
The last entry of errorHistory is 0.500396 for index 8707, 9/1000.
Terminated at swamp 0.5.
The last entry of errorHistory is 0.500174 for index 8708, 9/1000.
The last entry of errorHistory is 1.500000 for index 8709, 9/1000.
The last entry of errorHistory is 1.000000 for index 8710, 9/1000.
The last entry of errorHistory is 0.000023 for index 8711, 9/1000.
Terminated at swamp 0.5.
The last entry of errorHistory is 0.500535 for index 8712, 9/1000.
Terminated at swamp 0.5.
The last entry of errorHistory is 0.500256 for index 8713, 9/1000.
The last entry of errorHistory is 1.000000 for index 8714, 9/1000.
Terminated at swamp 0.5.
The last entry of errorHistory is 0.500458 for index 8715, 9/1000.
Terminated at swamp 1.
The last entry of errorHistory is 1.000000 for index 8716, 9/1000.
Terminated at swamp 1.
The last entry of errorHistory is 1.000085 for index 8717, 9/1000.
The last entry of errorHistory is 0.500000 for index 8718, 9/1000.
The last entry of errorHistory is 0.002279 for index 8719, 9/1000.
Terminated at swamp 1.
The last entry of errorHistory is 1.000134 for index 8720, 9/1000.
Terminated at swamp 0.5.
The last entry of errorHistory is 0.500028 for index 8721, 9/1000.
Terminated at swamp 0.5.
The last entry of errorHistory is 0.500730 for index 8722, 9/1000.
Terminated at swamp 0.5.
The last entry of errorHistory is 0.500338 for index 8723, 9/1000.
Terminated at swamp 0.5.
The last entry of errorHistory is 0.500516 for index 8724, 9/1000.
Terminated at swamp 0.5.
The last entry of errorHistory is 0.500888 for index 8725, 9/1000.
Terminated at swamp 0.5.
The last entry of errorHistory is 0.500279 for index 8726, 9/1000.
The last entry of errorHistory is 0.000010 for index 8727, 9/1000.
The last entry of errorHistory is 1.000000 for index 8728, 9/1000.
Terminated at swamp 0.5.
The last entry of errorHistory is 0.500416 for index 8729, 9/1000.
The last entry of errorHistory is 1.000000 for index 8730, 9/1000.
Terminated at swamp 0.5.
The last entry of errorHistory is 0.500484 for index 8731, 9/1000.
The last entry of errorHistory is 0.500000 for index 8732, 9/1000.
Terminated at swamp 0.5.
The last entry of errorHistory is 0.500518 for index 8733, 9/1000.
Terminated at swamp 0.5.
The last entry of errorHistory is 0.500617 for index 8734, 9/1000.
Terminated at swamp 0.5.
The last entry of errorHistory is 0.500000 for index 8735, 9/1000.
The last entry of errorHistory is 0.000398 for index 8736, 9/1000.
The last entry of errorHistory is 0.000054 for index 8737, 9/1000.
The last entry of errorHistory is 1.000000 for index 8738, 9/1000.
The last entry of errorHistory is 0.500000 for index 8739, 9/1000.
Terminated at swamp 0.5.
The last entry of errorHistory is 0.500492 for index 8740, 9/1000.
Terminated at swamp 0.5.
The last entry of errorHistory is 0.500034 for index 8741, 9/1000.
The last entry of errorHistory is 1.000000 for index 8742, 9/1000.
Terminated at swamp 0.5.
The last entry of errorHistory is 0.500205 for index 8743, 9/1000.
Terminated at swamp 1.
The last entry of errorHistory is 1.000000 for index 8744, 9/1000.
The last entry of errorHistory is 1.000000 for index 8745, 9/1000.
The last entry of errorHistory is 0.500000 for index 8746, 9/1000.
Terminated at swamp 0.5.
The last entry of errorHistory is 0.500389 for index 8747, 9/1000.
Terminated at swamp 0.5.
The last entry of errorHistory is 0.500396 for index 8748, 9/1000.
Terminated at swamp 0.5.
The last entry of errorHistory is 0.500095 for index 8749, 9/1000.
Terminated at swamp 0.5.
The last entry of errorHistory is 0.500025 for index 8750, 9/1000.
The last entry of errorHistory is 0.000020 for index 8751, 9/1000.
The last entry of errorHistory is 0.000048 for index 8752, 9/1000.
Terminated at swamp 0.5.
The last entry of errorHistory is 0.500295 for index 8753, 9/1000.
Terminated at swamp 0.5.
The last entry of errorHistory is 0.500587 for index 8754, 9/1000.
The last entry of errorHistory is 1.000000 for index 8755, 9/1000.
Terminated at swamp 0.5.
The last entry of errorHistory is 0.500389 for index 8756, 9/1000.
Terminated at swamp 0.5.
The last entry of errorHistory is 0.500346 for index 8757, 9/1000.
Terminated at swamp 1.
The last entry of errorHistory is 1.000000 for index 8758, 9/1000.
The last entry of errorHistory is 0.000020 for index 8759, 9/1000.
Terminated at swamp 1.
The last entry of errorHistory is 1.000298 for index 8760, 9/1000.
Terminated at swamp 0.5.
The last entry of errorHistory is 0.500352 for index 8761, 9/1000.
The last entry of errorHistory is 0.500000 for index 8762, 9/1000.
The last entry of errorHistory is 0.000017 for index 8763, 9/1000.
The last entry of errorHistory is 1.000000 for index 8764, 9/1000.
Terminated at swamp 0.5.
The last entry of errorHistory is 0.500629 for index 8765, 9/1000.
The last entry of errorHistory is 1.000000 for index 8766, 9/1000.
Terminated at swamp 1.
The last entry of errorHistory is 1.000000 for index 8767, 9/1000.
The last entry of errorHistory is 0.000010 for index 8768, 9/1000.
Terminated at swamp 0.5.
The last entry of errorHistory is 0.500240 for index 8769, 9/1000.
The last entry of errorHistory is 0.000022 for index 8770, 9/1000.
Terminated at swamp 1.
The last entry of errorHistory is 1.000003 for index 8771, 9/1000.
The last entry of errorHistory is 1.000000 for index 8772, 9/1000.
Terminated at swamp 1.
The last entry of errorHistory is 1.000111 for index 8773, 9/1000.
Terminated at swamp 1.
The last entry of errorHistory is 1.000014 for index 8774, 9/1000.
The last entry of errorHistory is 0.000107 for index 8775, 9/1000.
The last entry of errorHistory is 1.000000 for index 8776, 9/1000.
Terminated at swamp 0.5.
The last entry of errorHistory is 0.500112 for index 8777, 9/1000.
Terminated at swamp 0.5.
The last entry of errorHistory is 0.500019 for index 8778, 9/1000.
Terminated at swamp 0.5.
The last entry of errorHistory is 0.500435 for index 8779, 9/1000.
The last entry of errorHistory is 0.000026 for index 8780, 9/1000.
Terminated at swamp 1.
The last entry of errorHistory is 1.000299 for index 8781, 9/1000.
The last entry of errorHistory is 0.004014 for index 8782, 9/1000.
Terminated at swamp 0.5.
The last entry of errorHistory is 0.500614 for index 8783, 9/1000.
Terminated at swamp 0.5.
The last entry of errorHistory is 0.500746 for index 8784, 9/1000.
Terminated at swamp 0.5.
The last entry of errorHistory is 0.500090 for index 8785, 9/1000.
The last entry of errorHistory is 1.000000 for index 8786, 9/1000.
The last entry of errorHistory is 1.000000 for index 8787, 9/1000.
Terminated at swamp 0.5.
The last entry of errorHistory is 0.500548 for index 8788, 9/1000.
Terminated at swamp 0.5.
The last entry of errorHistory is 0.500600 for index 8789, 9/1000.
Terminated at swamp 0.5.
The last entry of errorHistory is 0.500040 for index 8790, 9/1000.
Terminated at swamp 1.
The last entry of errorHistory is 1.000087 for index 8791, 9/1000.
Terminated at swamp 1.
The last entry of errorHistory is 1.000001 for index 8792, 9/1000.
Terminated at swamp 1.
The last entry of errorHistory is 1.000185 for index 8793, 9/1000.
Terminated at swamp 1.
The last entry of errorHistory is 1.000456 for index 8794, 9/1000.
Terminated at swamp 0.5.
The last entry of errorHistory is 0.500038 for index 8795, 9/1000.
The last entry of errorHistory is 1.500000 for index 8796, 9/1000.
Terminated at swamp 1.
The last entry of errorHistory is 1.000227 for index 8797, 9/1000.
Terminated at swamp 0.5.
The last entry of errorHistory is 0.500607 for index 8798, 9/1000.
Terminated at swamp 1.
The last entry of errorHistory is 1.000236 for index 8799, 9/1000.
The last entry of errorHistory is 1.000000 for index 8800, 9/1000.
The last entry of errorHistory is 1.500000 for index 8801, 9/1000.
The last entry of errorHistory is 0.500000 for index 8802, 9/1000.
The last entry of errorHistory is 0.500000 for index 8803, 9/1000.
Terminated at swamp 1.
The last entry of errorHistory is 1.000369 for index 8804, 9/1000.
Terminated at swamp 0.5.
The last entry of errorHistory is 0.500320 for index 8805, 9/1000.
Terminated at swamp 1.
The last entry of errorHistory is 1.000415 for index 8806, 9/1000.
The last entry of errorHistory is 1.000000 for index 8807, 9/1000.
The last entry of errorHistory is 1.000000 for index 8808, 9/1000.
The last entry of errorHistory is 1.000000 for index 8809, 9/1000.
The last entry of errorHistory is 0.000038 for index 8810, 9/1000.
Terminated at swamp 0.5.
The last entry of errorHistory is 0.500613 for index 8811, 9/1000.
The last entry of errorHistory is 1.000000 for index 8812, 9/1000.
The last entry of errorHistory is 0.000013 for index 8813, 9/1000.
Terminated at swamp 0.5.
The last entry of errorHistory is 0.500273 for index 8814, 9/1000.
The last entry of errorHistory is 0.000009 for index 8815, 9/1000.
The last entry of errorHistory is 1.000000 for index 8816, 9/1000.
Terminated at swamp 0.5.
The last entry of errorHistory is 0.500338 for index 8817, 9/1000.
Terminated at swamp 0.5.
The last entry of errorHistory is 0.500006 for index 8818, 9/1000.
The last entry of errorHistory is 0.000608 for index 8819, 9/1000.
Terminated at swamp 0.5.
The last entry of errorHistory is 0.500267 for index 8820, 9/1000.
The last entry of errorHistory is 1.000000 for index 8821, 9/1000.
The last entry of errorHistory is 1.000000 for index 8822, 9/1000.
Terminated at swamp 0.5.
The last entry of errorHistory is 0.500221 for index 8823, 9/1000.
The last entry of errorHistory is 0.000010 for index 8824, 9/1000.
Terminated at swamp 0.5.
The last entry of errorHistory is 0.500003 for index 8825, 9/1000.
Terminated at swamp 1.
The last entry of errorHistory is 1.000000 for index 8826, 9/1000.
Terminated at swamp 0.5.
The last entry of errorHistory is 0.500329 for index 8827, 9/1000.
Terminated at swamp 0.5.
The last entry of errorHistory is 0.500394 for index 8828, 9/1000.
The last entry of errorHistory is 1.000000 for index 8829, 9/1000.
Terminated at swamp 1.
The last entry of errorHistory is 1.000244 for index 8830, 9/1000.
Terminated at swamp 0.5.
The last entry of errorHistory is 0.500269 for index 8831, 9/1000.
Terminated at swamp 0.5.
The last entry of errorHistory is 0.500002 for index 8832, 9/1000.
Terminated at swamp 0.5.
The last entry of errorHistory is 0.500484 for index 8833, 9/1000.
Terminated at swamp 0.5.
The last entry of errorHistory is 0.500865 for index 8834, 9/1000.
Terminated at swamp 0.5.
The last entry of errorHistory is 0.500547 for index 8835, 9/1000.
The last entry of errorHistory is 0.000040 for index 8836, 9/1000.
The last entry of errorHistory is 1.000000 for index 8837, 9/1000.
Terminated at swamp 0.5.
The last entry of errorHistory is 0.500252 for index 8838, 9/1000.
The last entry of errorHistory is 0.500000 for index 8839, 9/1000.
The last entry of errorHistory is 0.000014 for index 8840, 9/1000.
Terminated at swamp 0.5.
The last entry of errorHistory is 0.500080 for index 8841, 9/1000.
The last entry of errorHistory is 0.000405 for index 8842, 9/1000.
Terminated at swamp 0.5.
The last entry of errorHistory is 0.500786 for index 8843, 9/1000.
Terminated at swamp 0.5.
The last entry of errorHistory is 0.500436 for index 8844, 9/1000.
Terminated at swamp 0.5.
The last entry of errorHistory is 0.500530 for index 8845, 9/1000.
Terminated at swamp 1.
The last entry of errorHistory is 1.000001 for index 8846, 9/1000.
Terminated at swamp 1.
The last entry of errorHistory is 1.000431 for index 8847, 9/1000.
Terminated at swamp 1.
The last entry of errorHistory is 1.000234 for index 8848, 9/1000.
Terminated at swamp 1.
The last entry of errorHistory is 1.000451 for index 8849, 9/1000.
The last entry of errorHistory is 0.500000 for index 8850, 9/1000.
Terminated at swamp 0.5.
The last entry of errorHistory is 0.500713 for index 8851, 9/1000.
The last entry of errorHistory is 0.500000 for index 8852, 9/1000.
The last entry of errorHistory is 0.500000 for index 8853, 9/1000.
Terminated at swamp 1.
The last entry of errorHistory is 1.000024 for index 8854, 9/1000.
Terminated at swamp 0.5.
The last entry of errorHistory is 0.500479 for index 8855, 9/1000.
Terminated at swamp 1.
The last entry of errorHistory is 1.000082 for index 8856, 9/1000.
Terminated at swamp 0.5.
The last entry of errorHistory is 0.500082 for index 8857, 9/1000.
Terminated at swamp 1.
The last entry of errorHistory is 1.000012 for index 8858, 9/1000.
Terminated at swamp 0.5.
The last entry of errorHistory is 0.500351 for index 8859, 9/1000.
Terminated at swamp 1.
The last entry of errorHistory is 1.000146 for index 8860, 9/1000.
Terminated at swamp 0.5.
The last entry of errorHistory is 0.500330 for index 8861, 9/1000.
Terminated at swamp 0.5.
The last entry of errorHistory is 0.500052 for index 8862, 9/1000.
The last entry of errorHistory is 1.000000 for index 8863, 9/1000.
Terminated at swamp 0.5.
The last entry of errorHistory is 0.500568 for index 8864, 9/1000.
Terminated at swamp 0.5.
The last entry of errorHistory is 0.500020 for index 8865, 9/1000.
Terminated at swamp 0.5.
The last entry of errorHistory is 0.500629 for index 8866, 9/1000.
The last entry of errorHistory is 0.500000 for index 8867, 9/1000.
Terminated at swamp 0.5.
The last entry of errorHistory is 0.500295 for index 8868, 9/1000.
Terminated at swamp 0.5.
The last entry of errorHistory is 0.500735 for index 8869, 9/1000.
The last entry of errorHistory is 0.000019 for index 8870, 9/1000.
The last entry of errorHistory is 0.500000 for index 8871, 9/1000.
Terminated at swamp 0.5.
The last entry of errorHistory is 0.500631 for index 8872, 9/1000.
Terminated at swamp 0.5.
The last entry of errorHistory is 0.500613 for index 8873, 9/1000.
The last entry of errorHistory is 0.000325 for index 8874, 9/1000.
Terminated at swamp 0.5.
The last entry of errorHistory is 0.500586 for index 8875, 9/1000.
Terminated at swamp 0.5.
The last entry of errorHistory is 0.500542 for index 8876, 9/1000.
The last entry of errorHistory is 1.000000 for index 8877, 9/1000.
Terminated at swamp 0.5.
The last entry of errorHistory is 0.500251 for index 8878, 9/1000.
Terminated at swamp 1.
The last entry of errorHistory is 1.000000 for index 8879, 9/1000.
Terminated at swamp 0.5.
The last entry of errorHistory is 0.500408 for index 8880, 9/1000.
Terminated at swamp 0.5.
The last entry of errorHistory is 0.500239 for index 8881, 9/1000.
The last entry of errorHistory is 1.000000 for index 8882, 9/1000.
The last entry of errorHistory is 1.000000 for index 8883, 9/1000.
Terminated at swamp 0.5.
The last entry of errorHistory is 0.500323 for index 8884, 9/1000.
Terminated at swamp 0.5.
The last entry of errorHistory is 0.500573 for index 8885, 9/1000.
Terminated at swamp 0.5.
The last entry of errorHistory is 0.500454 for index 8886, 9/1000.
The last entry of errorHistory is 0.500000 for index 8887, 9/1000.
The last entry of errorHistory is 1.000000 for index 8888, 9/1000.
Terminated at swamp 0.5.
The last entry of errorHistory is 0.500496 for index 8889, 9/1000.
Terminated at swamp 0.5.
The last entry of errorHistory is 0.500374 for index 8890, 9/1000.
The last entry of errorHistory is 0.000012 for index 8891, 9/1000.
The last entry of errorHistory is 1.000000 for index 8892, 9/1000.
The last entry of errorHistory is 1.000000 for index 8893, 9/1000.
Terminated at swamp 0.5.
The last entry of errorHistory is 0.500057 for index 8894, 9/1000.
The last entry of errorHistory is 1.000000 for index 8895, 9/1000.
The last entry of errorHistory is 0.000017 for index 8896, 9/1000.
The last entry of errorHistory is 0.000019 for index 8897, 9/1000.
Terminated at swamp 1.
The last entry of errorHistory is 0.999661 for index 8898, 9/1000.
The last entry of errorHistory is 0.008583 for index 8899, 9/1000.
The last entry of errorHistory is 0.500000 for index 8900, 9/1000.
The last entry of errorHistory is 0.000703 for index 8901, 9/1000.
Terminated at swamp 1.
The last entry of errorHistory is 1.000000 for index 8902, 9/1000.
Terminated at swamp 0.5.
The last entry of errorHistory is 0.500822 for index 8903, 9/1000.
Terminated at swamp 0.5.
The last entry of errorHistory is 0.500059 for index 8904, 9/1000.
Terminated at swamp 1.
The last entry of errorHistory is 1.000402 for index 8905, 9/1000.
The last entry of errorHistory is 0.000010 for index 8906, 9/1000.
The last entry of errorHistory is 1.500000 for index 8907, 9/1000.
The last entry of errorHistory is 0.000026 for index 8908, 9/1000.
Terminated at swamp 0.5.
The last entry of errorHistory is 0.500137 for index 8909, 9/1000.
Terminated at swamp 1.
The last entry of errorHistory is 1.000002 for index 8910, 9/1000.
Terminated at swamp 0.5.
The last entry of errorHistory is 0.500079 for index 8911, 9/1000.
The last entry of errorHistory is 0.500000 for index 8912, 9/1000.
Terminated at swamp 0.5.
The last entry of errorHistory is 0.500572 for index 8913, 9/1000.
The last entry of errorHistory is 0.000021 for index 8914, 9/1000.
Terminated at swamp 0.5.
The last entry of errorHistory is 0.500446 for index 8915, 9/1000.
The last entry of errorHistory is 0.500000 for index 8916, 9/1000.
Terminated at swamp 0.5.
The last entry of errorHistory is 0.500408 for index 8917, 9/1000.
The last entry of errorHistory is 1.000000 for index 8918, 9/1000.
The last entry of errorHistory is 1.000000 for index 8919, 9/1000.
Terminated at swamp 0.5.
The last entry of errorHistory is 0.500180 for index 8920, 9/1000.
Terminated at swamp 1.
The last entry of errorHistory is 1.000235 for index 8921, 9/1000.
Terminated at swamp 0.5.
The last entry of errorHistory is 0.500330 for index 8922, 9/1000.
Terminated at swamp 0.5.
The last entry of errorHistory is 0.500302 for index 8923, 9/1000.
Terminated at swamp 0.5.
The last entry of errorHistory is 0.500463 for index 8924, 9/1000.
Terminated at swamp 1.
The last entry of errorHistory is 1.000000 for index 8925, 9/1000.
The last entry of errorHistory is 0.500000 for index 8926, 9/1000.
Terminated at swamp 1.
The last entry of errorHistory is 1.000000 for index 8927, 9/1000.
Terminated at swamp 0.5.
The last entry of errorHistory is 0.500280 for index 8928, 9/1000.
The last entry of errorHistory is 0.000007 for index 8929, 9/1000.
The last entry of errorHistory is 1.500000 for index 8930, 9/1000.
Terminated at swamp 0.5.
The last entry of errorHistory is 0.500374 for index 8931, 9/1000.
Terminated at swamp 1.
The last entry of errorHistory is 1.000177 for index 8932, 9/1000.
Terminated at swamp 1.
The last entry of errorHistory is 1.000000 for index 8933, 9/1000.
The last entry of errorHistory is 1.000000 for index 8934, 9/1000.
The last entry of errorHistory is 0.000593 for index 8935, 9/1000.
The last entry of errorHistory is 1.500000 for index 8936, 9/1000.
The last entry of errorHistory is 0.000019 for index 8937, 9/1000.
Terminated at swamp 0.5.
The last entry of errorHistory is 0.500410 for index 8938, 9/1000.
Terminated at swamp 1.5.
The last entry of errorHistory is 1.500000 for index 8939, 9/1000.
Terminated at swamp 0.5.
The last entry of errorHistory is 0.500394 for index 8940, 9/1000.
Terminated at swamp 0.5.
The last entry of errorHistory is 0.500026 for index 8941, 9/1000.
The last entry of errorHistory is 0.000749 for index 8942, 9/1000.
Terminated at swamp 1.
The last entry of errorHistory is 1.000285 for index 8943, 9/1000.
Terminated at swamp 1.
The last entry of errorHistory is 1.000000 for index 8944, 9/1000.
The last entry of errorHistory is 1.000000 for index 8945, 9/1000.
Terminated at swamp 0.5.
The last entry of errorHistory is 0.500018 for index 8946, 9/1000.
Terminated at swamp 0.5.
The last entry of errorHistory is 0.500723 for index 8947, 9/1000.
The last entry of errorHistory is 0.500000 for index 8948, 9/1000.
Terminated at swamp 0.5.
The last entry of errorHistory is 0.500438 for index 8949, 9/1000.
The last entry of errorHistory is 1.500000 for index 8950, 9/1000.
Terminated at swamp 0.5.
The last entry of errorHistory is 0.500948 for index 8951, 9/1000.
Terminated at swamp 0.5.
The last entry of errorHistory is 0.500877 for index 8952, 9/1000.
Terminated at swamp 0.5.
The last entry of errorHistory is 0.500505 for index 8953, 9/1000.
The last entry of errorHistory is 0.000017 for index 8954, 9/1000.
Terminated at swamp 0.5.
The last entry of errorHistory is 0.500535 for index 8955, 9/1000.
Terminated at swamp 0.5.
The last entry of errorHistory is 0.500454 for index 8956, 9/1000.
The last entry of errorHistory is 0.000909 for index 8957, 9/1000.
Terminated at swamp 0.5.
The last entry of errorHistory is 0.500890 for index 8958, 9/1000.
Terminated at swamp 1.
The last entry of errorHistory is 1.000101 for index 8959, 9/1000.
Terminated at swamp 1.5.
The last entry of errorHistory is 1.500000 for index 8960, 9/1000.
Terminated at swamp 0.5.
The last entry of errorHistory is 0.500152 for index 8961, 9/1000.
The last entry of errorHistory is 0.000013 for index 8962, 9/1000.
Terminated at swamp 0.5.
The last entry of errorHistory is 0.500719 for index 8963, 9/1000.
Terminated at swamp 0.5.
The last entry of errorHistory is 0.500112 for index 8964, 9/1000.
Terminated at swamp 0.5.
The last entry of errorHistory is 0.500190 for index 8965, 9/1000.
The last entry of errorHistory is 1.500000 for index 8966, 9/1000.
The last entry of errorHistory is 1.000000 for index 8967, 9/1000.
Terminated at swamp 0.5.
The last entry of errorHistory is 0.500140 for index 8968, 9/1000.
Terminated at swamp 0.5.
The last entry of errorHistory is 0.500003 for index 8969, 9/1000.
Terminated at swamp 0.5.
The last entry of errorHistory is 0.500493 for index 8970, 9/1000.
The last entry of errorHistory is 1.000000 for index 8971, 9/1000.
Terminated at swamp 0.5.
The last entry of errorHistory is 0.500397 for index 8972, 9/1000.
The last entry of errorHistory is 1.000000 for index 8973, 9/1000.
Terminated at swamp 0.5.
The last entry of errorHistory is 0.500447 for index 8974, 9/1000.
Terminated at swamp 1.
The last entry of errorHistory is 1.000070 for index 8975, 9/1000.
Terminated at swamp 0.5.
The last entry of errorHistory is 0.500080 for index 8976, 9/1000.
Terminated at swamp 0.5.
The last entry of errorHistory is 0.500661 for index 8977, 9/1000.
The last entry of errorHistory is 0.500000 for index 8978, 9/1000.
Terminated at swamp 1.
The last entry of errorHistory is 1.000076 for index 8979, 9/1000.
The last entry of errorHistory is 0.500000 for index 8980, 9/1000.
The last entry of errorHistory is 0.000012 for index 8981, 9/1000.
Terminated at swamp 0.5.
The last entry of errorHistory is 0.500616 for index 8982, 9/1000.
Terminated at swamp 0.5.
The last entry of errorHistory is 0.500489 for index 8983, 9/1000.
Terminated at swamp 0.5.
The last entry of errorHistory is 0.500390 for index 8984, 9/1000.
Terminated at swamp 0.5.
The last entry of errorHistory is 0.500636 for index 8985, 9/1000.
The last entry of errorHistory is 0.000020 for index 8986, 9/1000.
Terminated at swamp 0.5.
The last entry of errorHistory is 0.500442 for index 8987, 9/1000.
Terminated at swamp 0.5.
The last entry of errorHistory is 0.500297 for index 8988, 9/1000.
The last entry of errorHistory is 0.000013 for index 8989, 9/1000.
The last entry of errorHistory is 0.000236 for index 8990, 9/1000.
Terminated at swamp 0.5.
The last entry of errorHistory is 0.500462 for index 8991, 9/1000.
Terminated at swamp 1.
The last entry of errorHistory is 1.000598 for index 8992, 9/1000.
Terminated at swamp 0.5.
The last entry of errorHistory is 0.500000 for index 8993, 9/1000.
Terminated at swamp 0.5.
The last entry of errorHistory is 0.500057 for index 8994, 9/1000.
Terminated at swamp 0.5.
The last entry of errorHistory is 0.500602 for index 8995, 9/1000.
Terminated at swamp 0.5.
The last entry of errorHistory is 0.500445 for index 8996, 9/1000.
Terminated at swamp 0.5.
The last entry of errorHistory is 0.500502 for index 8997, 9/1000.
Terminated at swamp 0.5.
The last entry of errorHistory is 0.500351 for index 8998, 9/1000.
The last entry of errorHistory is 1.000000 for index 8999, 9/1000.
Terminated at swamp 0.5.
The last entry of errorHistory is 0.500435 for index 9000, 9/1000.
