
                            < M A T L A B (R) >
                  Copyright 1984-2018 The MathWorks, Inc.
                   R2018b (9.5.0.944444) 64-bit (glnxa64)
                              August 28, 2018

 
To get started, type doc.
For product information, visit www.mathworks.com.
 
The last entry of errorHistory is 1.000000 for index 904001, 905/1000.
Terminated at swamp 0.5.
The last entry of errorHistory is 0.500497 for index 904002, 905/1000.
Terminated at swamp 1.
The last entry of errorHistory is 1.000000 for index 904003, 905/1000.
Terminated at swamp 0.5.
The last entry of errorHistory is 0.500004 for index 904004, 905/1000.
Terminated at swamp 0.5.
The last entry of errorHistory is 0.500059 for index 904005, 905/1000.
The last entry of errorHistory is 1.000000 for index 904006, 905/1000.
Terminated at swamp 0.5.
The last entry of errorHistory is 0.500409 for index 904007, 905/1000.
Terminated at swamp 0.5.
The last entry of errorHistory is 0.500177 for index 904008, 905/1000.
Terminated at swamp 0.5.
The last entry of errorHistory is 0.500584 for index 904009, 905/1000.
The last entry of errorHistory is 1.000000 for index 904010, 905/1000.
Terminated at swamp 1.
The last entry of errorHistory is 1.000169 for index 904011, 905/1000.
Terminated at swamp 0.5.
The last entry of errorHistory is 0.500447 for index 904012, 905/1000.
The last entry of errorHistory is 1.000000 for index 904013, 905/1000.
The last entry of errorHistory is 0.000028 for index 904014, 905/1000.
The last entry of errorHistory is 1.000000 for index 904015, 905/1000.
Terminated at swamp 0.5.
The last entry of errorHistory is 0.500435 for index 904016, 905/1000.
Terminated at swamp 0.5.
The last entry of errorHistory is 0.500122 for index 904017, 905/1000.
Terminated at swamp 0.5.
The last entry of errorHistory is 0.500531 for index 904018, 905/1000.
Terminated at swamp 1.
The last entry of errorHistory is 1.000066 for index 904019, 905/1000.
Terminated at swamp 1.
The last entry of errorHistory is 1.000008 for index 904020, 905/1000.
Terminated at swamp 0.5.
The last entry of errorHistory is 0.500715 for index 904021, 905/1000.
The last entry of errorHistory is 0.000112 for index 904022, 905/1000.
Terminated at swamp 0.5.
The last entry of errorHistory is 0.500296 for index 904023, 905/1000.
Terminated at swamp 0.5.
The last entry of errorHistory is 0.500129 for index 904024, 905/1000.
Terminated at swamp 1.
The last entry of errorHistory is 1.000281 for index 904025, 905/1000.
Terminated at swamp 0.5.
The last entry of errorHistory is 0.500000 for index 904026, 905/1000.
The last entry of errorHistory is 0.500000 for index 904027, 905/1000.
Terminated at swamp 0.5.
The last entry of errorHistory is 0.500458 for index 904028, 905/1000.
Terminated at swamp 0.5.
The last entry of errorHistory is 0.500029 for index 904029, 905/1000.
The last entry of errorHistory is 0.000451 for index 904030, 905/1000.
The last entry of errorHistory is 1.000000 for index 904031, 905/1000.
Terminated at swamp 0.5.
The last entry of errorHistory is 0.500569 for index 904032, 905/1000.
Terminated at swamp 0.5.
The last entry of errorHistory is 0.500000 for index 904033, 905/1000.
Terminated at swamp 1.
The last entry of errorHistory is 1.000162 for index 904034, 905/1000.
Terminated at swamp 0.5.
The last entry of errorHistory is 0.500213 for index 904035, 905/1000.
The last entry of errorHistory is 0.500000 for index 904036, 905/1000.
The last entry of errorHistory is 1.000000 for index 904037, 905/1000.
Terminated at swamp 1.
The last entry of errorHistory is 1.000038 for index 904038, 905/1000.
The last entry of errorHistory is 0.000255 for index 904039, 905/1000.
Terminated at swamp 0.5.
The last entry of errorHistory is 0.500129 for index 904040, 905/1000.
Terminated at swamp 0.5.
The last entry of errorHistory is 0.500495 for index 904041, 905/1000.
Terminated at swamp 1.
The last entry of errorHistory is 0.999925 for index 904042, 905/1000.
Terminated at swamp 1.
The last entry of errorHistory is 1.000368 for index 904043, 905/1000.
Terminated at swamp 0.5.
The last entry of errorHistory is 0.500328 for index 904044, 905/1000.
The last entry of errorHistory is 1.000000 for index 904045, 905/1000.
Terminated at swamp 0.5.
The last entry of errorHistory is 0.500467 for index 904046, 905/1000.
Terminated at swamp 0.5.
The last entry of errorHistory is 0.500559 for index 904047, 905/1000.
Terminated at swamp 0.5.
The last entry of errorHistory is 0.500243 for index 904048, 905/1000.
Terminated at swamp 1.
The last entry of errorHistory is 1.000129 for index 904049, 905/1000.
Terminated at swamp 0.5.
The last entry of errorHistory is 0.500339 for index 904050, 905/1000.
The last entry of errorHistory is 0.000007 for index 904051, 905/1000.
The last entry of errorHistory is 1.000000 for index 904052, 905/1000.
Terminated at swamp 0.5.
The last entry of errorHistory is 0.500169 for index 904053, 905/1000.
Terminated at swamp 0.5.
The last entry of errorHistory is 0.500039 for index 904054, 905/1000.
Terminated at swamp 0.5.
The last entry of errorHistory is 0.500091 for index 904055, 905/1000.
Terminated at swamp 0.5.
The last entry of errorHistory is 0.500435 for index 904056, 905/1000.
Terminated at swamp 0.5.
The last entry of errorHistory is 0.500263 for index 904057, 905/1000.
Terminated at swamp 0.5.
The last entry of errorHistory is 0.500484 for index 904058, 905/1000.
The last entry of errorHistory is 0.500000 for index 904059, 905/1000.
Terminated at swamp 0.5.
The last entry of errorHistory is 0.500429 for index 904060, 905/1000.
Terminated at swamp 0.5.
The last entry of errorHistory is 0.500091 for index 904061, 905/1000.
Terminated at swamp 0.5.
The last entry of errorHistory is 0.500542 for index 904062, 905/1000.
The last entry of errorHistory is 0.000292 for index 904063, 905/1000.
Terminated at swamp 0.5.
The last entry of errorHistory is 0.500630 for index 904064, 905/1000.
Terminated at swamp 0.5.
The last entry of errorHistory is 0.500168 for index 904065, 905/1000.
Terminated at swamp 0.5.
The last entry of errorHistory is 0.500265 for index 904066, 905/1000.
Terminated at swamp 0.5.
The last entry of errorHistory is 0.500017 for index 904067, 905/1000.
Terminated at swamp 0.5.
The last entry of errorHistory is 0.500494 for index 904068, 905/1000.
Terminated at swamp 1.
The last entry of errorHistory is 1.000552 for index 904069, 905/1000.
The last entry of errorHistory is 1.000000 for index 904070, 905/1000.
The last entry of errorHistory is 0.000053 for index 904071, 905/1000.
The last entry of errorHistory is 0.500000 for index 904072, 905/1000.
Terminated at swamp 0.5.
The last entry of errorHistory is 0.500537 for index 904073, 905/1000.
Terminated at swamp 0.5.
The last entry of errorHistory is 0.500306 for index 904074, 905/1000.
The last entry of errorHistory is 0.000044 for index 904075, 905/1000.
Terminated at swamp 0.5.
The last entry of errorHistory is 0.500479 for index 904076, 905/1000.
The last entry of errorHistory is 1.000000 for index 904077, 905/1000.
Terminated at swamp 0.5.
The last entry of errorHistory is 0.500459 for index 904078, 905/1000.
The last entry of errorHistory is 0.500000 for index 904079, 905/1000.
The last entry of errorHistory is 1.000000 for index 904080, 905/1000.
Terminated at swamp 0.5.
The last entry of errorHistory is 0.500179 for index 904081, 905/1000.
Terminated at swamp 0.5.
The last entry of errorHistory is 0.500504 for index 904082, 905/1000.
The last entry of errorHistory is 0.500000 for index 904083, 905/1000.
The last entry of errorHistory is 0.000480 for index 904084, 905/1000.
Terminated at swamp 0.5.
The last entry of errorHistory is 0.500467 for index 904085, 905/1000.
Terminated at swamp 1.
The last entry of errorHistory is 1.000050 for index 904086, 905/1000.
Terminated at swamp 0.5.
The last entry of errorHistory is 0.500043 for index 904087, 905/1000.
Terminated at swamp 0.5.
The last entry of errorHistory is 0.500225 for index 904088, 905/1000.
The last entry of errorHistory is 1.000000 for index 904089, 905/1000.
The last entry of errorHistory is 1.000000 for index 904090, 905/1000.
Terminated at swamp 0.5.
The last entry of errorHistory is 0.500531 for index 904091, 905/1000.
The last entry of errorHistory is 1.000000 for index 904092, 905/1000.
Terminated at swamp 0.5.
The last entry of errorHistory is 0.500000 for index 904093, 905/1000.
Terminated at swamp 0.5.
The last entry of errorHistory is 0.500682 for index 904094, 905/1000.
Terminated at swamp 0.5.
The last entry of errorHistory is 0.500135 for index 904095, 905/1000.
Terminated at swamp 1.
The last entry of errorHistory is 1.000000 for index 904096, 905/1000.
Terminated at swamp 0.5.
The last entry of errorHistory is 0.500733 for index 904097, 905/1000.
The last entry of errorHistory is 1.000000 for index 904098, 905/1000.
Terminated at swamp 0.5.
The last entry of errorHistory is 0.500522 for index 904099, 905/1000.
The last entry of errorHistory is 0.000036 for index 904100, 905/1000.
The last entry of errorHistory is 1.000000 for index 904101, 905/1000.
Terminated at swamp 0.5.
The last entry of errorHistory is 0.500785 for index 904102, 905/1000.
The last entry of errorHistory is 0.500000 for index 904103, 905/1000.
Terminated at swamp 0.5.
The last entry of errorHistory is 0.500008 for index 904104, 905/1000.
The last entry of errorHistory is 0.500000 for index 904105, 905/1000.
The last entry of errorHistory is 1.000000 for index 904106, 905/1000.
Terminated at swamp 1.
The last entry of errorHistory is 1.000104 for index 904107, 905/1000.
Terminated at swamp 0.5.
The last entry of errorHistory is 0.500821 for index 904108, 905/1000.
The last entry of errorHistory is 0.000018 for index 904109, 905/1000.
Terminated at swamp 1.
The last entry of errorHistory is 1.000325 for index 904110, 905/1000.
Terminated at swamp 0.5.
The last entry of errorHistory is 0.500404 for index 904111, 905/1000.
The last entry of errorHistory is 0.000017 for index 904112, 905/1000.
Terminated at swamp 1.
The last entry of errorHistory is 1.000484 for index 904113, 905/1000.
Terminated at swamp 0.5.
The last entry of errorHistory is 0.500427 for index 904114, 905/1000.
The last entry of errorHistory is 1.000000 for index 904115, 905/1000.
Terminated at swamp 0.5.
The last entry of errorHistory is 0.500061 for index 904116, 905/1000.
The last entry of errorHistory is 0.001045 for index 904117, 905/1000.
Terminated at swamp 0.5.
The last entry of errorHistory is 0.500439 for index 904118, 905/1000.
Terminated at swamp 0.5.
The last entry of errorHistory is 0.500528 for index 904119, 905/1000.
Terminated at swamp 1.
The last entry of errorHistory is 1.000014 for index 904120, 905/1000.
The last entry of errorHistory is 0.000179 for index 904121, 905/1000.
Terminated at swamp 0.5.
The last entry of errorHistory is 0.500260 for index 904122, 905/1000.
Terminated at swamp 0.5.
The last entry of errorHistory is 0.500615 for index 904123, 905/1000.
The last entry of errorHistory is 0.000027 for index 904124, 905/1000.
Terminated at swamp 1.
The last entry of errorHistory is 1.000390 for index 904125, 905/1000.
Terminated at swamp 0.5.
The last entry of errorHistory is 0.500000 for index 904126, 905/1000.
Terminated at swamp 0.5.
The last entry of errorHistory is 0.500472 for index 904127, 905/1000.
Terminated at swamp 1.
The last entry of errorHistory is 1.000006 for index 904128, 905/1000.
The last entry of errorHistory is 0.000018 for index 904129, 905/1000.
Terminated at swamp 0.5.
The last entry of errorHistory is 0.500514 for index 904130, 905/1000.
Terminated at swamp 0.5.
The last entry of errorHistory is 0.500502 for index 904131, 905/1000.
Terminated at swamp 0.5.
The last entry of errorHistory is 0.500639 for index 904132, 905/1000.
Terminated at swamp 0.5.
The last entry of errorHistory is 0.500474 for index 904133, 905/1000.
Terminated at swamp 1.
The last entry of errorHistory is 1.000084 for index 904134, 905/1000.
Terminated at swamp 0.5.
The last entry of errorHistory is 0.500628 for index 904135, 905/1000.
Terminated at swamp 0.5.
The last entry of errorHistory is 0.500003 for index 904136, 905/1000.
Terminated at swamp 0.5.
The last entry of errorHistory is 0.500512 for index 904137, 905/1000.
Terminated at swamp 1.
The last entry of errorHistory is 1.000409 for index 904138, 905/1000.
Terminated at swamp 0.5.
The last entry of errorHistory is 0.500345 for index 904139, 905/1000.
Terminated at swamp 0.5.
The last entry of errorHistory is 0.500267 for index 904140, 905/1000.
Terminated at swamp 0.5.
The last entry of errorHistory is 0.500243 for index 904141, 905/1000.
The last entry of errorHistory is 1.000000 for index 904142, 905/1000.
Terminated at swamp 0.5.
The last entry of errorHistory is 0.500593 for index 904143, 905/1000.
Terminated at swamp 0.5.
The last entry of errorHistory is 0.500601 for index 904144, 905/1000.
Terminated at swamp 1.
The last entry of errorHistory is 1.000020 for index 904145, 905/1000.
The last entry of errorHistory is 1.000000 for index 904146, 905/1000.
Terminated at swamp 0.5.
The last entry of errorHistory is 0.500700 for index 904147, 905/1000.
Terminated at swamp 1.
The last entry of errorHistory is 1.000310 for index 904148, 905/1000.
Terminated at swamp 0.5.
The last entry of errorHistory is 0.500287 for index 904149, 905/1000.
Terminated at swamp 0.5.
The last entry of errorHistory is 0.500392 for index 904150, 905/1000.
The last entry of errorHistory is 1.000000 for index 904151, 905/1000.
Terminated at swamp 0.5.
The last entry of errorHistory is 0.500450 for index 904152, 905/1000.
Terminated at swamp 1.
The last entry of errorHistory is 1.000001 for index 904153, 905/1000.
Terminated at swamp 0.5.
The last entry of errorHistory is 0.500436 for index 904154, 905/1000.
Terminated at swamp 0.5.
The last entry of errorHistory is 0.500555 for index 904155, 905/1000.
Terminated at swamp 0.5.
The last entry of errorHistory is 0.500522 for index 904156, 905/1000.
Terminated at swamp 0.5.
The last entry of errorHistory is 0.500322 for index 904157, 905/1000.
The last entry of errorHistory is 0.005066 for index 904158, 905/1000.
The last entry of errorHistory is 1.000000 for index 904159, 905/1000.
The last entry of errorHistory is 1.500000 for index 904160, 905/1000.
Terminated at swamp 0.5.
The last entry of errorHistory is 0.500340 for index 904161, 905/1000.
Terminated at swamp 0.5.
The last entry of errorHistory is 0.500635 for index 904162, 905/1000.
Terminated at swamp 0.5.
The last entry of errorHistory is 0.500410 for index 904163, 905/1000.
Terminated at swamp 0.5.
The last entry of errorHistory is 0.500422 for index 904164, 905/1000.
The last entry of errorHistory is 1.500000 for index 904165, 905/1000.
Terminated at swamp 0.5.
The last entry of errorHistory is 0.500448 for index 904166, 905/1000.
Terminated at swamp 1.
The last entry of errorHistory is 1.000353 for index 904167, 905/1000.
Terminated at swamp 0.5.
The last entry of errorHistory is 0.500237 for index 904168, 905/1000.
Terminated at swamp 0.5.
The last entry of errorHistory is 0.500337 for index 904169, 905/1000.
Terminated at swamp 0.5.
The last entry of errorHistory is 0.500000 for index 904170, 905/1000.
The last entry of errorHistory is 1.000000 for index 904171, 905/1000.
Terminated at swamp 0.5.
The last entry of errorHistory is 0.500353 for index 904172, 905/1000.
Terminated at swamp 1.
The last entry of errorHistory is 1.000288 for index 904173, 905/1000.
Terminated at swamp 0.5.
The last entry of errorHistory is 0.500550 for index 904174, 905/1000.
The last entry of errorHistory is 0.500000 for index 904175, 905/1000.
Terminated at swamp 0.5.
The last entry of errorHistory is 0.500050 for index 904176, 905/1000.
The last entry of errorHistory is 1.000000 for index 904177, 905/1000.
Terminated at swamp 0.5.
The last entry of errorHistory is 0.500384 for index 904178, 905/1000.
The last entry of errorHistory is 0.000120 for index 904179, 905/1000.
Terminated at swamp 0.5.
The last entry of errorHistory is 0.500558 for index 904180, 905/1000.
The last entry of errorHistory is 1.000000 for index 904181, 905/1000.
The last entry of errorHistory is 1.000000 for index 904182, 905/1000.
Terminated at swamp 0.5.
The last entry of errorHistory is 0.500393 for index 904183, 905/1000.
The last entry of errorHistory is 0.500000 for index 904184, 905/1000.
The last entry of errorHistory is 1.500000 for index 904185, 905/1000.
Terminated at swamp 1.
The last entry of errorHistory is 1.000098 for index 904186, 905/1000.
Terminated at swamp 0.5.
The last entry of errorHistory is 0.500552 for index 904187, 905/1000.
Terminated at swamp 0.5.
The last entry of errorHistory is 0.500336 for index 904188, 905/1000.
The last entry of errorHistory is 1.000000 for index 904189, 905/1000.
Terminated at swamp 0.5.
The last entry of errorHistory is 0.500258 for index 904190, 905/1000.
The last entry of errorHistory is 0.500000 for index 904191, 905/1000.
Terminated at swamp 0.5.
The last entry of errorHistory is 0.500442 for index 904192, 905/1000.
Terminated at swamp 1.
The last entry of errorHistory is 1.000396 for index 904193, 905/1000.
Terminated at swamp 0.5.
The last entry of errorHistory is 0.500122 for index 904194, 905/1000.
Terminated at swamp 0.5.
The last entry of errorHistory is 0.500250 for index 904195, 905/1000.
Terminated at swamp 1.
The last entry of errorHistory is 1.000359 for index 904196, 905/1000.
Terminated at swamp 1.
The last entry of errorHistory is 1.000003 for index 904197, 905/1000.
Terminated at swamp 0.5.
The last entry of errorHistory is 0.500350 for index 904198, 905/1000.
Terminated at swamp 1.
The last entry of errorHistory is 1.000430 for index 904199, 905/1000.
Terminated at swamp 1.
The last entry of errorHistory is 1.000002 for index 904200, 905/1000.
The last entry of errorHistory is 0.000045 for index 904201, 905/1000.
Terminated at swamp 0.5.
The last entry of errorHistory is 0.500473 for index 904202, 905/1000.
Terminated at swamp 0.5.
The last entry of errorHistory is 0.500950 for index 904203, 905/1000.
Terminated at swamp 0.5.
The last entry of errorHistory is 0.500051 for index 904204, 905/1000.
The last entry of errorHistory is 0.500000 for index 904205, 905/1000.
The last entry of errorHistory is 1.000000 for index 904206, 905/1000.
Terminated at swamp 0.5.
The last entry of errorHistory is 0.500406 for index 904207, 905/1000.
Terminated at swamp 0.5.
The last entry of errorHistory is 0.500612 for index 904208, 905/1000.
Terminated at swamp 1.5.
The last entry of errorHistory is 1.500000 for index 904209, 905/1000.
Terminated at swamp 0.5.
The last entry of errorHistory is 0.500525 for index 904210, 905/1000.
Terminated at swamp 0.5.
The last entry of errorHistory is 0.500068 for index 904211, 905/1000.
Terminated at swamp 0.5.
The last entry of errorHistory is 0.500596 for index 904212, 905/1000.
Terminated at swamp 0.5.
The last entry of errorHistory is 0.500003 for index 904213, 905/1000.
The last entry of errorHistory is 1.000000 for index 904214, 905/1000.
Terminated at swamp 0.5.
The last entry of errorHistory is 0.500309 for index 904215, 905/1000.
The last entry of errorHistory is 0.000025 for index 904216, 905/1000.
Terminated at swamp 1.
The last entry of errorHistory is 1.000064 for index 904217, 905/1000.
The last entry of errorHistory is 0.501033 for index 904218, 905/1000.
The last entry of errorHistory is 1.000000 for index 904219, 905/1000.
Terminated at swamp 0.5.
The last entry of errorHistory is 0.500148 for index 904220, 905/1000.
Terminated at swamp 0.5.
The last entry of errorHistory is 0.500605 for index 904221, 905/1000.
Terminated at swamp 1.
The last entry of errorHistory is 1.000000 for index 904222, 905/1000.
The last entry of errorHistory is 1.000000 for index 904223, 905/1000.
Terminated at swamp 1.
The last entry of errorHistory is 1.000056 for index 904224, 905/1000.
Terminated at swamp 0.5.
The last entry of errorHistory is 0.500371 for index 904225, 905/1000.
Terminated at swamp 0.5.
The last entry of errorHistory is 0.500633 for index 904226, 905/1000.
The last entry of errorHistory is 1.500000 for index 904227, 905/1000.
Terminated at swamp 0.5.
The last entry of errorHistory is 0.500259 for index 904228, 905/1000.
The last entry of errorHistory is 0.500000 for index 904229, 905/1000.
The last entry of errorHistory is 0.500000 for index 904230, 905/1000.
Terminated at swamp 0.5.
The last entry of errorHistory is 0.500108 for index 904231, 905/1000.
The last entry of errorHistory is 0.001445 for index 904232, 905/1000.
Terminated at swamp 0.5.
The last entry of errorHistory is 0.500095 for index 904233, 905/1000.
The last entry of errorHistory is 1.000000 for index 904234, 905/1000.
The last entry of errorHistory is 1.000000 for index 904235, 905/1000.
Terminated at swamp 0.5.
The last entry of errorHistory is 0.500162 for index 904236, 905/1000.
The last entry of errorHistory is 0.000731 for index 904237, 905/1000.
The last entry of errorHistory is 0.500000 for index 904238, 905/1000.
Terminated at swamp 0.5.
The last entry of errorHistory is 0.500600 for index 904239, 905/1000.
The last entry of errorHistory is 0.000023 for index 904240, 905/1000.
Terminated at swamp 0.5.
The last entry of errorHistory is 0.500557 for index 904241, 905/1000.
The last entry of errorHistory is 0.000082 for index 904242, 905/1000.
Terminated at swamp 0.5.
The last entry of errorHistory is 0.500157 for index 904243, 905/1000.
Terminated at swamp 0.5.
The last entry of errorHistory is 0.500008 for index 904244, 905/1000.
The last entry of errorHistory is 1.500000 for index 904245, 905/1000.
Terminated at swamp 1.
The last entry of errorHistory is 1.000294 for index 904246, 905/1000.
Terminated at swamp 0.5.
The last entry of errorHistory is 0.500476 for index 904247, 905/1000.
Terminated at swamp 0.5.
The last entry of errorHistory is 0.500461 for index 904248, 905/1000.
The last entry of errorHistory is 1.000000 for index 904249, 905/1000.
Terminated at swamp 0.5.
The last entry of errorHistory is 0.500465 for index 904250, 905/1000.
Terminated at swamp 1.
The last entry of errorHistory is 1.000381 for index 904251, 905/1000.
Terminated at swamp 1.
The last entry of errorHistory is 1.000423 for index 904252, 905/1000.
Terminated at swamp 0.5.
The last entry of errorHistory is 0.500442 for index 904253, 905/1000.
The last entry of errorHistory is 1.000000 for index 904254, 905/1000.
Terminated at swamp 1.
The last entry of errorHistory is 1.000284 for index 904255, 905/1000.
The last entry of errorHistory is 1.000000 for index 904256, 905/1000.
The last entry of errorHistory is 1.000000 for index 904257, 905/1000.
Terminated at swamp 0.5.
The last entry of errorHistory is 0.500007 for index 904258, 905/1000.
The last entry of errorHistory is 0.000017 for index 904259, 905/1000.
Terminated at swamp 0.5.
The last entry of errorHistory is 0.500011 for index 904260, 905/1000.
Terminated at swamp 1.
The last entry of errorHistory is 1.000319 for index 904261, 905/1000.
Terminated at swamp 1.
The last entry of errorHistory is 1.000109 for index 904262, 905/1000.
The last entry of errorHistory is 1.000000 for index 904263, 905/1000.
Terminated at swamp 1.
The last entry of errorHistory is 1.000000 for index 904264, 905/1000.
Terminated at swamp 0.5.
The last entry of errorHistory is 0.500317 for index 904265, 905/1000.
Terminated at swamp 0.5.
The last entry of errorHistory is 0.500210 for index 904266, 905/1000.
The last entry of errorHistory is 1.500000 for index 904267, 905/1000.
The last entry of errorHistory is 1.000000 for index 904268, 905/1000.
Terminated at swamp 0.5.
The last entry of errorHistory is 0.500437 for index 904269, 905/1000.
Terminated at swamp 0.5.
The last entry of errorHistory is 0.500697 for index 904270, 905/1000.
The last entry of errorHistory is 1.000000 for index 904271, 905/1000.
Terminated at swamp 1.
The last entry of errorHistory is 1.000000 for index 904272, 905/1000.
The last entry of errorHistory is 1.500000 for index 904273, 905/1000.
Terminated at swamp 0.5.
The last entry of errorHistory is 0.500569 for index 904274, 905/1000.
The last entry of errorHistory is 1.500000 for index 904275, 905/1000.
The last entry of errorHistory is 0.000016 for index 904276, 905/1000.
The last entry of errorHistory is 0.000014 for index 904277, 905/1000.
The last entry of errorHistory is 0.500000 for index 904278, 905/1000.
Terminated at swamp 0.5.
The last entry of errorHistory is 0.500277 for index 904279, 905/1000.
The last entry of errorHistory is 0.000059 for index 904280, 905/1000.
The last entry of errorHistory is 0.001152 for index 904281, 905/1000.
Terminated at swamp 0.5.
The last entry of errorHistory is 0.500603 for index 904282, 905/1000.
Terminated at swamp 0.5.
The last entry of errorHistory is 0.500473 for index 904283, 905/1000.
Terminated at swamp 0.5.
The last entry of errorHistory is 0.500086 for index 904284, 905/1000.
Terminated at swamp 0.5.
The last entry of errorHistory is 0.500146 for index 904285, 905/1000.
Terminated at swamp 1.
The last entry of errorHistory is 1.000021 for index 904286, 905/1000.
Terminated at swamp 0.5.
The last entry of errorHistory is 0.500000 for index 904287, 905/1000.
The last entry of errorHistory is 0.001491 for index 904288, 905/1000.
Terminated at swamp 0.5.
The last entry of errorHistory is 0.500138 for index 904289, 905/1000.
The last entry of errorHistory is 0.000017 for index 904290, 905/1000.
Terminated at swamp 0.5.
The last entry of errorHistory is 0.500541 for index 904291, 905/1000.
Terminated at swamp 1.
The last entry of errorHistory is 1.000467 for index 904292, 905/1000.
The last entry of errorHistory is 0.500000 for index 904293, 905/1000.
Terminated at swamp 0.5.
The last entry of errorHistory is 0.500358 for index 904294, 905/1000.
Terminated at swamp 0.5.
The last entry of errorHistory is 0.500216 for index 904295, 905/1000.
Terminated at swamp 0.5.
The last entry of errorHistory is 0.500285 for index 904296, 905/1000.
Terminated at swamp 1.
The last entry of errorHistory is 1.000000 for index 904297, 905/1000.
Terminated at swamp 0.5.
The last entry of errorHistory is 0.500186 for index 904298, 905/1000.
Terminated at swamp 1.
The last entry of errorHistory is 1.000145 for index 904299, 905/1000.
The last entry of errorHistory is 1.000000 for index 904300, 905/1000.
Terminated at swamp 0.5.
The last entry of errorHistory is 0.500384 for index 904301, 905/1000.
Terminated at swamp 0.5.
The last entry of errorHistory is 0.500004 for index 904302, 905/1000.
Terminated at swamp 0.5.
The last entry of errorHistory is 0.500182 for index 904303, 905/1000.
Terminated at swamp 0.5.
The last entry of errorHistory is 0.500053 for index 904304, 905/1000.
Terminated at swamp 1.
The last entry of errorHistory is 1.000442 for index 904305, 905/1000.
Terminated at swamp 0.5.
The last entry of errorHistory is 0.500572 for index 904306, 905/1000.
Terminated at swamp 0.5.
The last entry of errorHistory is 0.500670 for index 904307, 905/1000.
Terminated at swamp 0.5.
The last entry of errorHistory is 0.500367 for index 904308, 905/1000.
The last entry of errorHistory is 1.000000 for index 904309, 905/1000.
Terminated at swamp 0.5.
The last entry of errorHistory is 0.500750 for index 904310, 905/1000.
Terminated at swamp 1.
The last entry of errorHistory is 1.000039 for index 904311, 905/1000.
Terminated at swamp 0.5.
The last entry of errorHistory is 0.500096 for index 904312, 905/1000.
Terminated at swamp 0.5.
The last entry of errorHistory is 0.500388 for index 904313, 905/1000.
The last entry of errorHistory is 0.000332 for index 904314, 905/1000.
Terminated at swamp 0.5.
The last entry of errorHistory is 0.500001 for index 904315, 905/1000.
Terminated at swamp 1.
The last entry of errorHistory is 1.000076 for index 904316, 905/1000.
The last entry of errorHistory is 0.500000 for index 904317, 905/1000.
The last entry of errorHistory is 1.000000 for index 904318, 905/1000.
Terminated at swamp 0.5.
The last entry of errorHistory is 0.500034 for index 904319, 905/1000.
The last entry of errorHistory is 1.000000 for index 904320, 905/1000.
Terminated at swamp 0.5.
The last entry of errorHistory is 0.500372 for index 904321, 905/1000.
The last entry of errorHistory is 0.001075 for index 904322, 905/1000.
The last entry of errorHistory is 1.000000 for index 904323, 905/1000.
The last entry of errorHistory is 0.000028 for index 904324, 905/1000.
Terminated at swamp 1.5.
The last entry of errorHistory is 1.500000 for index 904325, 905/1000.
Terminated at swamp 1.
The last entry of errorHistory is 1.000612 for index 904326, 905/1000.
Terminated at swamp 0.5.
The last entry of errorHistory is 0.500576 for index 904327, 905/1000.
The last entry of errorHistory is 0.000333 for index 904328, 905/1000.
Terminated at swamp 1.
The last entry of errorHistory is 1.000055 for index 904329, 905/1000.
Terminated at swamp 0.5.
The last entry of errorHistory is 0.500469 for index 904330, 905/1000.
The last entry of errorHistory is 0.000093 for index 904331, 905/1000.
Terminated at swamp 0.5.
The last entry of errorHistory is 0.500230 for index 904332, 905/1000.
The last entry of errorHistory is 0.000040 for index 904333, 905/1000.
Terminated at swamp 0.5.
The last entry of errorHistory is 0.500354 for index 904334, 905/1000.
Terminated at swamp 0.5.
The last entry of errorHistory is 0.500045 for index 904335, 905/1000.
Terminated at swamp 0.5.
The last entry of errorHistory is 0.500038 for index 904336, 905/1000.
Terminated at swamp 1.
The last entry of errorHistory is 1.000039 for index 904337, 905/1000.
Terminated at swamp 0.5.
The last entry of errorHistory is 0.500441 for index 904338, 905/1000.
Terminated at swamp 0.5.
The last entry of errorHistory is 0.500229 for index 904339, 905/1000.
Terminated at swamp 0.5.
The last entry of errorHistory is 0.500416 for index 904340, 905/1000.
The last entry of errorHistory is 1.000000 for index 904341, 905/1000.
Terminated at swamp 0.5.
The last entry of errorHistory is 0.500512 for index 904342, 905/1000.
Terminated at swamp 0.5.
The last entry of errorHistory is 0.500484 for index 904343, 905/1000.
Terminated at swamp 0.5.
The last entry of errorHistory is 0.500322 for index 904344, 905/1000.
Terminated at swamp 0.5.
The last entry of errorHistory is 0.500000 for index 904345, 905/1000.
Terminated at swamp 0.5.
The last entry of errorHistory is 0.500514 for index 904346, 905/1000.
Terminated at swamp 0.5.
The last entry of errorHistory is 0.500041 for index 904347, 905/1000.
Terminated at swamp 0.5.
The last entry of errorHistory is 0.500538 for index 904348, 905/1000.
The last entry of errorHistory is 1.000000 for index 904349, 905/1000.
The last entry of errorHistory is 1.000000 for index 904350, 905/1000.
Terminated at swamp 0.5.
The last entry of errorHistory is 0.500642 for index 904351, 905/1000.
The last entry of errorHistory is 0.500000 for index 904352, 905/1000.
Terminated at swamp 1.
The last entry of errorHistory is 1.000000 for index 904353, 905/1000.
Terminated at swamp 0.5.
The last entry of errorHistory is 0.500762 for index 904354, 905/1000.
Terminated at swamp 0.5.
The last entry of errorHistory is 0.500037 for index 904355, 905/1000.
The last entry of errorHistory is 0.000030 for index 904356, 905/1000.
Terminated at swamp 0.5.
The last entry of errorHistory is 0.500581 for index 904357, 905/1000.
Terminated at swamp 0.5.
The last entry of errorHistory is 0.500421 for index 904358, 905/1000.
The last entry of errorHistory is 1.000000 for index 904359, 905/1000.
The last entry of errorHistory is 1.000000 for index 904360, 905/1000.
Terminated at swamp 0.5.
The last entry of errorHistory is 0.500539 for index 904361, 905/1000.
Terminated at swamp 0.5.
The last entry of errorHistory is 0.500382 for index 904362, 905/1000.
Terminated at swamp 0.5.
The last entry of errorHistory is 0.500360 for index 904363, 905/1000.
Terminated at swamp 1.
The last entry of errorHistory is 1.000000 for index 904364, 905/1000.
The last entry of errorHistory is 1.000000 for index 904365, 905/1000.
Terminated at swamp 0.5.
The last entry of errorHistory is 0.500513 for index 904366, 905/1000.
The last entry of errorHistory is 1.000000 for index 904367, 905/1000.
The last entry of errorHistory is 0.500000 for index 904368, 905/1000.
Terminated at swamp 0.5.
The last entry of errorHistory is 0.500210 for index 904369, 905/1000.
The last entry of errorHistory is 0.000014 for index 904370, 905/1000.
Terminated at swamp 0.5.
The last entry of errorHistory is 0.500440 for index 904371, 905/1000.
The last entry of errorHistory is 1.000000 for index 904372, 905/1000.
Terminated at swamp 0.5.
The last entry of errorHistory is 0.500000 for index 904373, 905/1000.
Terminated at swamp 0.5.
The last entry of errorHistory is 0.500665 for index 904374, 905/1000.
The last entry of errorHistory is 0.500000 for index 904375, 905/1000.
Terminated at swamp 1.
The last entry of errorHistory is 1.000174 for index 904376, 905/1000.
Terminated at swamp 0.5.
The last entry of errorHistory is 0.500502 for index 904377, 905/1000.
Terminated at swamp 0.5.
The last entry of errorHistory is 0.500072 for index 904378, 905/1000.
Terminated at swamp 0.5.
The last entry of errorHistory is 0.500424 for index 904379, 905/1000.
The last entry of errorHistory is 1.500000 for index 904380, 905/1000.
Terminated at swamp 1.
The last entry of errorHistory is 1.000150 for index 904381, 905/1000.
The last entry of errorHistory is 0.000014 for index 904382, 905/1000.
The last entry of errorHistory is 0.000110 for index 904383, 905/1000.
The last entry of errorHistory is 0.500000 for index 904384, 905/1000.
The last entry of errorHistory is 0.000046 for index 904385, 905/1000.
Terminated at swamp 0.5.
The last entry of errorHistory is 0.500271 for index 904386, 905/1000.
Terminated at swamp 1.
The last entry of errorHistory is 1.000009 for index 904387, 905/1000.
Terminated at swamp 0.5.
The last entry of errorHistory is 0.500272 for index 904388, 905/1000.
Terminated at swamp 0.5.
The last entry of errorHistory is 0.500506 for index 904389, 905/1000.
Terminated at swamp 1.
The last entry of errorHistory is 1.000483 for index 904390, 905/1000.
The last entry of errorHistory is 1.000000 for index 904391, 905/1000.
Terminated at swamp 0.5.
The last entry of errorHistory is 0.500679 for index 904392, 905/1000.
Terminated at swamp 1.
The last entry of errorHistory is 1.000000 for index 904393, 905/1000.
Terminated at swamp 0.5.
The last entry of errorHistory is 0.500121 for index 904394, 905/1000.
Terminated at swamp 0.5.
The last entry of errorHistory is 0.500430 for index 904395, 905/1000.
Terminated at swamp 1.
The last entry of errorHistory is 1.000002 for index 904396, 905/1000.
The last entry of errorHistory is 0.000042 for index 904397, 905/1000.
Terminated at swamp 0.5.
The last entry of errorHistory is 0.500349 for index 904398, 905/1000.
The last entry of errorHistory is 0.000185 for index 904399, 905/1000.
Terminated at swamp 0.5.
The last entry of errorHistory is 0.500002 for index 904400, 905/1000.
Terminated at swamp 0.5.
The last entry of errorHistory is 0.500417 for index 904401, 905/1000.
Terminated at swamp 0.5.
The last entry of errorHistory is 0.500558 for index 904402, 905/1000.
Terminated at swamp 0.5.
The last entry of errorHistory is 0.500012 for index 904403, 905/1000.
Terminated at swamp 0.5.
The last entry of errorHistory is 0.500515 for index 904404, 905/1000.
The last entry of errorHistory is 0.500000 for index 904405, 905/1000.
Terminated at swamp 1.
The last entry of errorHistory is 1.000147 for index 904406, 905/1000.
Terminated at swamp 0.5.
The last entry of errorHistory is 0.500455 for index 904407, 905/1000.
Terminated at swamp 1.
The last entry of errorHistory is 1.000230 for index 904408, 905/1000.
Terminated at swamp 0.5.
The last entry of errorHistory is 0.500130 for index 904409, 905/1000.
Terminated at swamp 0.5.
The last entry of errorHistory is 0.500325 for index 904410, 905/1000.
The last entry of errorHistory is 0.500000 for index 904411, 905/1000.
The last entry of errorHistory is 1.000000 for index 904412, 905/1000.
The last entry of errorHistory is 1.000000 for index 904413, 905/1000.
Terminated at swamp 0.5.
The last entry of errorHistory is 0.500008 for index 904414, 905/1000.
Terminated at swamp 1.
The last entry of errorHistory is 1.000099 for index 904415, 905/1000.
The last entry of errorHistory is 1.500000 for index 904416, 905/1000.
Terminated at swamp 1.
The last entry of errorHistory is 1.000001 for index 904417, 905/1000.
The last entry of errorHistory is 0.000118 for index 904418, 905/1000.
Terminated at swamp 1.5.
The last entry of errorHistory is 1.500000 for index 904419, 905/1000.
Terminated at swamp 0.5.
The last entry of errorHistory is 0.500522 for index 904420, 905/1000.
Terminated at swamp 0.5.
The last entry of errorHistory is 0.500419 for index 904421, 905/1000.
Terminated at swamp 1.
The last entry of errorHistory is 1.000346 for index 904422, 905/1000.
Terminated at swamp 1.
The last entry of errorHistory is 1.000050 for index 904423, 905/1000.
Terminated at swamp 1.
The last entry of errorHistory is 1.000013 for index 904424, 905/1000.
Terminated at swamp 1.
The last entry of errorHistory is 1.000266 for index 904425, 905/1000.
The last entry of errorHistory is 1.000000 for index 904426, 905/1000.
Terminated at swamp 1.
The last entry of errorHistory is 1.000508 for index 904427, 905/1000.
Terminated at swamp 0.5.
The last entry of errorHistory is 0.500552 for index 904428, 905/1000.
Terminated at swamp 0.5.
The last entry of errorHistory is 0.500582 for index 904429, 905/1000.
Terminated at swamp 1.
The last entry of errorHistory is 0.999989 for index 904430, 905/1000.
Terminated at swamp 0.5.
The last entry of errorHistory is 0.500007 for index 904431, 905/1000.
Terminated at swamp 0.5.
The last entry of errorHistory is 0.500321 for index 904432, 905/1000.
The last entry of errorHistory is 1.500000 for index 904433, 905/1000.
Terminated at swamp 1.
The last entry of errorHistory is 1.000364 for index 904434, 905/1000.
Terminated at swamp 0.5.
The last entry of errorHistory is 0.500941 for index 904435, 905/1000.
The last entry of errorHistory is 1.000000 for index 904436, 905/1000.
The last entry of errorHistory is 0.000093 for index 904437, 905/1000.
The last entry of errorHistory is 1.000000 for index 904438, 905/1000.
Terminated at swamp 0.5.
The last entry of errorHistory is 0.500520 for index 904439, 905/1000.
Terminated at swamp 0.5.
The last entry of errorHistory is 0.500392 for index 904440, 905/1000.
The last entry of errorHistory is 0.500000 for index 904441, 905/1000.
The last entry of errorHistory is 1.500000 for index 904442, 905/1000.
Terminated at swamp 1.
The last entry of errorHistory is 1.000000 for index 904443, 905/1000.
Terminated at swamp 1.
The last entry of errorHistory is 1.000028 for index 904444, 905/1000.
Terminated at swamp 0.5.
The last entry of errorHistory is 0.500575 for index 904445, 905/1000.
The last entry of errorHistory is 0.000019 for index 904446, 905/1000.
The last entry of errorHistory is 0.000020 for index 904447, 905/1000.
The last entry of errorHistory is 1.000000 for index 904448, 905/1000.
The last entry of errorHistory is 0.000023 for index 904449, 905/1000.
Terminated at swamp 0.5.
The last entry of errorHistory is 0.500405 for index 904450, 905/1000.
The last entry of errorHistory is 1.000000 for index 904451, 905/1000.
Terminated at swamp 0.5.
The last entry of errorHistory is 0.500203 for index 904452, 905/1000.
The last entry of errorHistory is 0.000023 for index 904453, 905/1000.
The last entry of errorHistory is 0.500000 for index 904454, 905/1000.
Terminated at swamp 0.5.
The last entry of errorHistory is 0.500361 for index 904455, 905/1000.
Terminated at swamp 1.
The last entry of errorHistory is 1.000000 for index 904456, 905/1000.
Terminated at swamp 0.5.
The last entry of errorHistory is 0.500352 for index 904457, 905/1000.
Terminated at swamp 1.
The last entry of errorHistory is 1.000217 for index 904458, 905/1000.
Terminated at swamp 1.
The last entry of errorHistory is 1.000002 for index 904459, 905/1000.
Terminated at swamp 1.
The last entry of errorHistory is 1.000000 for index 904460, 905/1000.
Terminated at swamp 1.
The last entry of errorHistory is 1.000000 for index 904461, 905/1000.
The last entry of errorHistory is 1.000000 for index 904462, 905/1000.
Terminated at swamp 0.5.
The last entry of errorHistory is 0.500691 for index 904463, 905/1000.
The last entry of errorHistory is 0.000049 for index 904464, 905/1000.
The last entry of errorHistory is 1.000000 for index 904465, 905/1000.
Terminated at swamp 0.5.
The last entry of errorHistory is 0.500369 for index 904466, 905/1000.
Terminated at swamp 0.5.
The last entry of errorHistory is 0.500085 for index 904467, 905/1000.
Terminated at swamp 0.5.
The last entry of errorHistory is 0.500306 for index 904468, 905/1000.
Terminated at swamp 0.5.
The last entry of errorHistory is 0.500360 for index 904469, 905/1000.
Terminated at swamp 0.5.
The last entry of errorHistory is 0.500311 for index 904470, 905/1000.
The last entry of errorHistory is 0.500000 for index 904471, 905/1000.
Terminated at swamp 1.
The last entry of errorHistory is 1.000362 for index 904472, 905/1000.
Terminated at swamp 0.5.
The last entry of errorHistory is 0.500543 for index 904473, 905/1000.
Terminated at swamp 0.5.
The last entry of errorHistory is 0.500176 for index 904474, 905/1000.
Terminated at swamp 1.
The last entry of errorHistory is 1.000270 for index 904475, 905/1000.
The last entry of errorHistory is 1.500000 for index 904476, 905/1000.
Terminated at swamp 0.5.
The last entry of errorHistory is 0.500408 for index 904477, 905/1000.
The last entry of errorHistory is 1.000000 for index 904478, 905/1000.
Terminated at swamp 0.5.
The last entry of errorHistory is 0.500070 for index 904479, 905/1000.
Terminated at swamp 0.5.
The last entry of errorHistory is 0.500077 for index 904480, 905/1000.
Terminated at swamp 1.
The last entry of errorHistory is 1.000074 for index 904481, 905/1000.
Terminated at swamp 0.5.
The last entry of errorHistory is 0.500407 for index 904482, 905/1000.
Terminated at swamp 0.5.
The last entry of errorHistory is 0.500622 for index 904483, 905/1000.
Terminated at swamp 0.5.
The last entry of errorHistory is 0.500551 for index 904484, 905/1000.
Terminated at swamp 0.5.
The last entry of errorHistory is 0.500360 for index 904485, 905/1000.
Terminated at swamp 0.5.
The last entry of errorHistory is 0.500703 for index 904486, 905/1000.
The last entry of errorHistory is 0.000150 for index 904487, 905/1000.
Terminated at swamp 0.5.
The last entry of errorHistory is 0.500142 for index 904488, 905/1000.
Terminated at swamp 0.5.
The last entry of errorHistory is 0.500034 for index 904489, 905/1000.
Terminated at swamp 1.
The last entry of errorHistory is 1.000000 for index 904490, 905/1000.
Terminated at swamp 0.5.
The last entry of errorHistory is 0.500219 for index 904491, 905/1000.
Terminated at swamp 0.5.
The last entry of errorHistory is 0.500679 for index 904492, 905/1000.
The last entry of errorHistory is 1.000000 for index 904493, 905/1000.
Terminated at swamp 0.5.
The last entry of errorHistory is 0.500187 for index 904494, 905/1000.
Terminated at swamp 1.
The last entry of errorHistory is 1.000136 for index 904495, 905/1000.
Terminated at swamp 0.5.
The last entry of errorHistory is 0.500413 for index 904496, 905/1000.
Terminated at swamp 0.5.
The last entry of errorHistory is 0.500035 for index 904497, 905/1000.
Terminated at swamp 0.5.
The last entry of errorHistory is 0.500609 for index 904498, 905/1000.
The last entry of errorHistory is 0.500000 for index 904499, 905/1000.
Terminated at swamp 1.
The last entry of errorHistory is 1.000137 for index 904500, 905/1000.
Terminated at swamp 0.5.
The last entry of errorHistory is 0.500890 for index 904501, 905/1000.
Terminated at swamp 1.
The last entry of errorHistory is 1.000084 for index 904502, 905/1000.
Terminated at swamp 0.5.
The last entry of errorHistory is 0.500027 for index 904503, 905/1000.
Terminated at swamp 0.5.
The last entry of errorHistory is 0.500438 for index 904504, 905/1000.
Terminated at swamp 1.
The last entry of errorHistory is 1.000454 for index 904505, 905/1000.
Terminated at swamp 0.5.
The last entry of errorHistory is 0.500473 for index 904506, 905/1000.
Terminated at swamp 0.5.
The last entry of errorHistory is 0.500394 for index 904507, 905/1000.
Terminated at swamp 1.
The last entry of errorHistory is 1.000000 for index 904508, 905/1000.
The last entry of errorHistory is 0.000015 for index 904509, 905/1000.
The last entry of errorHistory is 0.000057 for index 904510, 905/1000.
Terminated at swamp 0.5.
The last entry of errorHistory is 0.500633 for index 904511, 905/1000.
Terminated at swamp 1.
The last entry of errorHistory is 1.000302 for index 904512, 905/1000.
Terminated at swamp 0.5.
The last entry of errorHistory is 0.500002 for index 904513, 905/1000.
The last entry of errorHistory is 1.000000 for index 904514, 905/1000.
Terminated at swamp 1.
The last entry of errorHistory is 1.000000 for index 904515, 905/1000.
Terminated at swamp 0.5.
The last entry of errorHistory is 0.500596 for index 904516, 905/1000.
The last entry of errorHistory is 0.500000 for index 904517, 905/1000.
Terminated at swamp 0.5.
The last entry of errorHistory is 0.500008 for index 904518, 905/1000.
The last entry of errorHistory is 1.000000 for index 904519, 905/1000.
Terminated at swamp 0.5.
The last entry of errorHistory is 0.500041 for index 904520, 905/1000.
The last entry of errorHistory is 1.000000 for index 904521, 905/1000.
Terminated at swamp 0.5.
The last entry of errorHistory is 0.500443 for index 904522, 905/1000.
Terminated at swamp 1.
The last entry of errorHistory is 1.000327 for index 904523, 905/1000.
The last entry of errorHistory is 1.000000 for index 904524, 905/1000.
Terminated at swamp 0.5.
The last entry of errorHistory is 0.500343 for index 904525, 905/1000.
Terminated at swamp 0.5.
The last entry of errorHistory is 0.500466 for index 904526, 905/1000.
Terminated at swamp 0.5.
The last entry of errorHistory is 0.500316 for index 904527, 905/1000.
The last entry of errorHistory is 0.000687 for index 904528, 905/1000.
Terminated at swamp 0.5.
The last entry of errorHistory is 0.500180 for index 904529, 905/1000.
Terminated at swamp 1.
The last entry of errorHistory is 1.000277 for index 904530, 905/1000.
The last entry of errorHistory is 1.000000 for index 904531, 905/1000.
Terminated at swamp 0.5.
The last entry of errorHistory is 0.500271 for index 904532, 905/1000.
Terminated at swamp 0.5.
The last entry of errorHistory is 0.500955 for index 904533, 905/1000.
Terminated at swamp 0.5.
The last entry of errorHistory is 0.500000 for index 904534, 905/1000.
The last entry of errorHistory is 1.000000 for index 904535, 905/1000.
Terminated at swamp 0.5.
The last entry of errorHistory is 0.500237 for index 904536, 905/1000.
Terminated at swamp 0.5.
The last entry of errorHistory is 0.500508 for index 904537, 905/1000.
Terminated at swamp 0.5.
The last entry of errorHistory is 0.500044 for index 904538, 905/1000.
Terminated at swamp 1.
The last entry of errorHistory is 1.000004 for index 904539, 905/1000.
The last entry of errorHistory is 1.000000 for index 904540, 905/1000.
Terminated at swamp 0.5.
The last entry of errorHistory is 0.500238 for index 904541, 905/1000.
The last entry of errorHistory is 1.000000 for index 904542, 905/1000.
Terminated at swamp 0.5.
The last entry of errorHistory is 0.500136 for index 904543, 905/1000.
Terminated at swamp 1.
The last entry of errorHistory is 1.000005 for index 904544, 905/1000.
Terminated at swamp 1.
The last entry of errorHistory is 1.000054 for index 904545, 905/1000.
Terminated at swamp 0.5.
The last entry of errorHistory is 0.500068 for index 904546, 905/1000.
The last entry of errorHistory is 0.000017 for index 904547, 905/1000.
Terminated at swamp 0.5.
The last entry of errorHistory is 0.500417 for index 904548, 905/1000.
Terminated at swamp 0.5.
The last entry of errorHistory is 0.500162 for index 904549, 905/1000.
Terminated at swamp 1.
The last entry of errorHistory is 1.000351 for index 904550, 905/1000.
The last entry of errorHistory is 1.000000 for index 904551, 905/1000.
Terminated at swamp 1.
The last entry of errorHistory is 1.000000 for index 904552, 905/1000.
Terminated at swamp 0.5.
The last entry of errorHistory is 0.500080 for index 904553, 905/1000.
Terminated at swamp 0.5.
The last entry of errorHistory is 0.500437 for index 904554, 905/1000.
The last entry of errorHistory is 1.000000 for index 904555, 905/1000.
Terminated at swamp 1.
The last entry of errorHistory is 1.000063 for index 904556, 905/1000.
Terminated at swamp 1.
The last entry of errorHistory is 1.000000 for index 904557, 905/1000.
The last entry of errorHistory is 0.000021 for index 904558, 905/1000.
The last entry of errorHistory is 1.000000 for index 904559, 905/1000.
The last entry of errorHistory is 1.500000 for index 904560, 905/1000.
Terminated at swamp 0.5.
The last entry of errorHistory is 0.500213 for index 904561, 905/1000.
Terminated at swamp 0.5.
The last entry of errorHistory is 0.500270 for index 904562, 905/1000.
Terminated at swamp 0.5.
The last entry of errorHistory is 0.500106 for index 904563, 905/1000.
The last entry of errorHistory is 1.000000 for index 904564, 905/1000.
Terminated at swamp 0.5.
The last entry of errorHistory is 0.500177 for index 904565, 905/1000.
The last entry of errorHistory is 1.000000 for index 904566, 905/1000.
The last entry of errorHistory is 0.000027 for index 904567, 905/1000.
The last entry of errorHistory is 1.500000 for index 904568, 905/1000.
Terminated at swamp 0.5.
The last entry of errorHistory is 0.500681 for index 904569, 905/1000.
Terminated at swamp 0.5.
The last entry of errorHistory is 0.500371 for index 904570, 905/1000.
Terminated at swamp 0.5.
The last entry of errorHistory is 0.500546 for index 904571, 905/1000.
The last entry of errorHistory is 1.500000 for index 904572, 905/1000.
Terminated at swamp 1.
The last entry of errorHistory is 1.000138 for index 904573, 905/1000.
Terminated at swamp 1.
The last entry of errorHistory is 1.000001 for index 904574, 905/1000.
The last entry of errorHistory is 1.000000 for index 904575, 905/1000.
The last entry of errorHistory is 1.000000 for index 904576, 905/1000.
Terminated at swamp 0.5.
The last entry of errorHistory is 0.500246 for index 904577, 905/1000.
Terminated at swamp 0.5.
The last entry of errorHistory is 0.500651 for index 904578, 905/1000.
The last entry of errorHistory is 0.000044 for index 904579, 905/1000.
Terminated at swamp 0.5.
The last entry of errorHistory is 0.500245 for index 904580, 905/1000.
The last entry of errorHistory is 1.000000 for index 904581, 905/1000.
Terminated at swamp 0.5.
The last entry of errorHistory is 0.500207 for index 904582, 905/1000.
Terminated at swamp 0.5.
The last entry of errorHistory is 0.500558 for index 904583, 905/1000.
Terminated at swamp 0.5.
The last entry of errorHistory is 0.500596 for index 904584, 905/1000.
The last entry of errorHistory is 1.000000 for index 904585, 905/1000.
Terminated at swamp 0.5.
The last entry of errorHistory is 0.500002 for index 904586, 905/1000.
Terminated at swamp 0.5.
The last entry of errorHistory is 0.500459 for index 904587, 905/1000.
Terminated at swamp 1.
The last entry of errorHistory is 1.000005 for index 904588, 905/1000.
Terminated at swamp 0.5.
The last entry of errorHistory is 0.500664 for index 904589, 905/1000.
Terminated at swamp 0.5.
The last entry of errorHistory is 0.500472 for index 904590, 905/1000.
Terminated at swamp 0.5.
The last entry of errorHistory is 0.500429 for index 904591, 905/1000.
Terminated at swamp 0.5.
The last entry of errorHistory is 0.500400 for index 904592, 905/1000.
Terminated at swamp 0.5.
The last entry of errorHistory is 0.500020 for index 904593, 905/1000.
The last entry of errorHistory is 0.500000 for index 904594, 905/1000.
The last entry of errorHistory is 0.000033 for index 904595, 905/1000.
Terminated at swamp 0.5.
The last entry of errorHistory is 0.500753 for index 904596, 905/1000.
Terminated at swamp 1.
The last entry of errorHistory is 1.000001 for index 904597, 905/1000.
Terminated at swamp 0.5.
The last entry of errorHistory is 0.500505 for index 904598, 905/1000.
Terminated at swamp 0.5.
The last entry of errorHistory is 0.500398 for index 904599, 905/1000.
Terminated at swamp 0.5.
The last entry of errorHistory is 0.500073 for index 904600, 905/1000.
The last entry of errorHistory is 0.000053 for index 904601, 905/1000.
The last entry of errorHistory is 0.000008 for index 904602, 905/1000.
Terminated at swamp 0.5.
The last entry of errorHistory is 0.500405 for index 904603, 905/1000.
The last entry of errorHistory is 0.000031 for index 904604, 905/1000.
Terminated at swamp 1.
The last entry of errorHistory is 1.000388 for index 904605, 905/1000.
The last entry of errorHistory is 0.000250 for index 904606, 905/1000.
The last entry of errorHistory is 1.000000 for index 904607, 905/1000.
The last entry of errorHistory is 0.000008 for index 904608, 905/1000.
Terminated at swamp 1.
The last entry of errorHistory is 1.000001 for index 904609, 905/1000.
Terminated at swamp 0.5.
The last entry of errorHistory is 0.500370 for index 904610, 905/1000.
Terminated at swamp 0.5.
The last entry of errorHistory is 0.500255 for index 904611, 905/1000.
The last entry of errorHistory is 0.500000 for index 904612, 905/1000.
Terminated at swamp 1.
The last entry of errorHistory is 1.000440 for index 904613, 905/1000.
The last entry of errorHistory is 0.000049 for index 904614, 905/1000.
Terminated at swamp 0.5.
The last entry of errorHistory is 0.500617 for index 904615, 905/1000.
The last entry of errorHistory is 1.000000 for index 904616, 905/1000.
Terminated at swamp 0.5.
The last entry of errorHistory is 0.500574 for index 904617, 905/1000.
Terminated at swamp 0.5.
The last entry of errorHistory is 0.500135 for index 904618, 905/1000.
Terminated at swamp 0.5.
The last entry of errorHistory is 0.500362 for index 904619, 905/1000.
Terminated at swamp 0.5.
The last entry of errorHistory is 0.500341 for index 904620, 905/1000.
Terminated at swamp 0.5.
The last entry of errorHistory is 0.500000 for index 904621, 905/1000.
Terminated at swamp 0.5.
The last entry of errorHistory is 0.500057 for index 904622, 905/1000.
Terminated at swamp 0.5.
The last entry of errorHistory is 0.500580 for index 904623, 905/1000.
Terminated at swamp 1.
The last entry of errorHistory is 1.000027 for index 904624, 905/1000.
Terminated at swamp 0.5.
The last entry of errorHistory is 0.500532 for index 904625, 905/1000.
Terminated at swamp 0.5.
The last entry of errorHistory is 0.500037 for index 904626, 905/1000.
Terminated at swamp 0.5.
The last entry of errorHistory is 0.500356 for index 904627, 905/1000.
The last entry of errorHistory is 0.500000 for index 904628, 905/1000.
Terminated at swamp 1.
The last entry of errorHistory is 1.000133 for index 904629, 905/1000.
Terminated at swamp 1.
The last entry of errorHistory is 1.000275 for index 904630, 905/1000.
Terminated at swamp 1.
The last entry of errorHistory is 0.999999 for index 904631, 905/1000.
Terminated at swamp 0.5.
The last entry of errorHistory is 0.500626 for index 904632, 905/1000.
The last entry of errorHistory is 1.000000 for index 904633, 905/1000.
Terminated at swamp 0.5.
The last entry of errorHistory is 0.500332 for index 904634, 905/1000.
Terminated at swamp 0.5.
The last entry of errorHistory is 0.500650 for index 904635, 905/1000.
Terminated at swamp 0.5.
The last entry of errorHistory is 0.500366 for index 904636, 905/1000.
Terminated at swamp 1.
The last entry of errorHistory is 1.000226 for index 904637, 905/1000.
The last entry of errorHistory is 1.000000 for index 904638, 905/1000.
The last entry of errorHistory is 1.000000 for index 904639, 905/1000.
The last entry of errorHistory is 1.000000 for index 904640, 905/1000.
Terminated at swamp 0.5.
The last entry of errorHistory is 0.500465 for index 904641, 905/1000.
The last entry of errorHistory is 1.000000 for index 904642, 905/1000.
Terminated at swamp 0.5.
The last entry of errorHistory is 0.500418 for index 904643, 905/1000.
Terminated at swamp 0.5.
The last entry of errorHistory is 0.500036 for index 904644, 905/1000.
The last entry of errorHistory is 0.000024 for index 904645, 905/1000.
Terminated at swamp 0.5.
The last entry of errorHistory is 0.500374 for index 904646, 905/1000.
The last entry of errorHistory is 0.500000 for index 904647, 905/1000.
The last entry of errorHistory is 1.000000 for index 904648, 905/1000.
The last entry of errorHistory is 1.000000 for index 904649, 905/1000.
Terminated at swamp 0.5.
The last entry of errorHistory is 0.500256 for index 904650, 905/1000.
The last entry of errorHistory is 1.000000 for index 904651, 905/1000.
Terminated at swamp 0.5.
The last entry of errorHistory is 0.500523 for index 904652, 905/1000.
The last entry of errorHistory is 0.500000 for index 904653, 905/1000.
Terminated at swamp 0.5.
The last entry of errorHistory is 0.500687 for index 904654, 905/1000.
Terminated at swamp 1.
The last entry of errorHistory is 1.000184 for index 904655, 905/1000.
Terminated at swamp 0.5.
The last entry of errorHistory is 0.500000 for index 904656, 905/1000.
Terminated at swamp 0.5.
The last entry of errorHistory is 0.500456 for index 904657, 905/1000.
Terminated at swamp 0.5.
The last entry of errorHistory is 0.500461 for index 904658, 905/1000.
Terminated at swamp 0.5.
The last entry of errorHistory is 0.500901 for index 904659, 905/1000.
The last entry of errorHistory is 0.000129 for index 904660, 905/1000.
The last entry of errorHistory is 1.000000 for index 904661, 905/1000.
The last entry of errorHistory is 0.000020 for index 904662, 905/1000.
Terminated at swamp 0.5.
The last entry of errorHistory is 0.500264 for index 904663, 905/1000.
Terminated at swamp 0.5.
The last entry of errorHistory is 0.500719 for index 904664, 905/1000.
Terminated at swamp 0.5.
The last entry of errorHistory is 0.500012 for index 904665, 905/1000.
Terminated at swamp 1.
The last entry of errorHistory is 1.000103 for index 904666, 905/1000.
Terminated at swamp 0.5.
The last entry of errorHistory is 0.500035 for index 904667, 905/1000.
Terminated at swamp 1.
The last entry of errorHistory is 1.000034 for index 904668, 905/1000.
Terminated at swamp 1.
The last entry of errorHistory is 1.000130 for index 904669, 905/1000.
Terminated at swamp 0.5.
The last entry of errorHistory is 0.500365 for index 904670, 905/1000.
Terminated at swamp 1.
The last entry of errorHistory is 1.000000 for index 904671, 905/1000.
Terminated at swamp 0.5.
The last entry of errorHistory is 0.500344 for index 904672, 905/1000.
Terminated at swamp 1.
The last entry of errorHistory is 1.000083 for index 904673, 905/1000.
The last entry of errorHistory is 1.000000 for index 904674, 905/1000.
Terminated at swamp 0.5.
The last entry of errorHistory is 0.500454 for index 904675, 905/1000.
Terminated at swamp 0.5.
The last entry of errorHistory is 0.500130 for index 904676, 905/1000.
The last entry of errorHistory is 1.000000 for index 904677, 905/1000.
Terminated at swamp 1.
The last entry of errorHistory is 1.000001 for index 904678, 905/1000.
Terminated at swamp 0.5.
The last entry of errorHistory is 0.500031 for index 904679, 905/1000.
Terminated at swamp 0.5.
The last entry of errorHistory is 0.500631 for index 904680, 905/1000.
The last entry of errorHistory is 1.500000 for index 904681, 905/1000.
The last entry of errorHistory is 1.000000 for index 904682, 905/1000.
The last entry of errorHistory is 1.000000 for index 904683, 905/1000.
The last entry of errorHistory is 0.500000 for index 904684, 905/1000.
Terminated at swamp 0.5.
The last entry of errorHistory is 0.500351 for index 904685, 905/1000.
The last entry of errorHistory is 0.500000 for index 904686, 905/1000.
Terminated at swamp 0.5.
The last entry of errorHistory is 0.500318 for index 904687, 905/1000.
Terminated at swamp 1.
The last entry of errorHistory is 1.000456 for index 904688, 905/1000.
Terminated at swamp 0.5.
The last entry of errorHistory is 0.500212 for index 904689, 905/1000.
Terminated at swamp 0.5.
The last entry of errorHistory is 0.500335 for index 904690, 905/1000.
Terminated at swamp 0.5.
The last entry of errorHistory is 0.500664 for index 904691, 905/1000.
Terminated at swamp 0.5.
The last entry of errorHistory is 0.500325 for index 904692, 905/1000.
Terminated at swamp 0.5.
The last entry of errorHistory is 0.500374 for index 904693, 905/1000.
Terminated at swamp 0.5.
The last entry of errorHistory is 0.500336 for index 904694, 905/1000.
The last entry of errorHistory is 1.000000 for index 904695, 905/1000.
Terminated at swamp 1.
The last entry of errorHistory is 1.000026 for index 904696, 905/1000.
Terminated at swamp 0.5.
The last entry of errorHistory is 0.500316 for index 904697, 905/1000.
Terminated at swamp 0.5.
The last entry of errorHistory is 0.500914 for index 904698, 905/1000.
Terminated at swamp 0.5.
The last entry of errorHistory is 0.500410 for index 904699, 905/1000.
Terminated at swamp 0.5.
The last entry of errorHistory is 0.500351 for index 904700, 905/1000.
Terminated at swamp 0.5.
The last entry of errorHistory is 0.500406 for index 904701, 905/1000.
Terminated at swamp 0.5.
The last entry of errorHistory is 0.500294 for index 904702, 905/1000.
Terminated at swamp 0.5.
The last entry of errorHistory is 0.500418 for index 904703, 905/1000.
Terminated at swamp 0.5.
The last entry of errorHistory is 0.500229 for index 904704, 905/1000.
The last entry of errorHistory is 0.500000 for index 904705, 905/1000.
The last entry of errorHistory is 0.500000 for index 904706, 905/1000.
Terminated at swamp 0.5.
The last entry of errorHistory is 0.500329 for index 904707, 905/1000.
Terminated at swamp 0.5.
The last entry of errorHistory is 0.500903 for index 904708, 905/1000.
The last entry of errorHistory is 0.500000 for index 904709, 905/1000.
Terminated at swamp 1.
The last entry of errorHistory is 0.999997 for index 904710, 905/1000.
The last entry of errorHistory is 0.001932 for index 904711, 905/1000.
Terminated at swamp 1.
The last entry of errorHistory is 1.000000 for index 904712, 905/1000.
The last entry of errorHistory is 0.500000 for index 904713, 905/1000.
Terminated at swamp 1.
The last entry of errorHistory is 1.000059 for index 904714, 905/1000.
Terminated at swamp 0.5.
The last entry of errorHistory is 0.500457 for index 904715, 905/1000.
Terminated at swamp 0.5.
The last entry of errorHistory is 0.500263 for index 904716, 905/1000.
Terminated at swamp 0.5.
The last entry of errorHistory is 0.500503 for index 904717, 905/1000.
Terminated at swamp 1.
The last entry of errorHistory is 1.000329 for index 904718, 905/1000.
The last entry of errorHistory is 0.000015 for index 904719, 905/1000.
Terminated at swamp 0.5.
The last entry of errorHistory is 0.500702 for index 904720, 905/1000.
The last entry of errorHistory is 0.500000 for index 904721, 905/1000.
Terminated at swamp 0.5.
The last entry of errorHistory is 0.500454 for index 904722, 905/1000.
Terminated at swamp 0.5.
The last entry of errorHistory is 0.500158 for index 904723, 905/1000.
Terminated at swamp 1.
The last entry of errorHistory is 1.000293 for index 904724, 905/1000.
Terminated at swamp 0.5.
The last entry of errorHistory is 0.500636 for index 904725, 905/1000.
The last entry of errorHistory is 1.500000 for index 904726, 905/1000.
The last entry of errorHistory is 0.500000 for index 904727, 905/1000.
The last entry of errorHistory is 1.000000 for index 904728, 905/1000.
The last entry of errorHistory is 1.000000 for index 904729, 905/1000.
Terminated at swamp 0.5.
The last entry of errorHistory is 0.500457 for index 904730, 905/1000.
The last entry of errorHistory is 1.000000 for index 904731, 905/1000.
Terminated at swamp 0.5.
The last entry of errorHistory is 0.500479 for index 904732, 905/1000.
Terminated at swamp 0.5.
The last entry of errorHistory is 0.500000 for index 904733, 905/1000.
Terminated at swamp 0.5.
The last entry of errorHistory is 0.500000 for index 904734, 905/1000.
Terminated at swamp 0.5.
The last entry of errorHistory is 0.500442 for index 904735, 905/1000.
The last entry of errorHistory is 0.000020 for index 904736, 905/1000.
The last entry of errorHistory is 1.000000 for index 904737, 905/1000.
Terminated at swamp 1.
The last entry of errorHistory is 1.000293 for index 904738, 905/1000.
Terminated at swamp 0.5.
The last entry of errorHistory is 0.500001 for index 904739, 905/1000.
Terminated at swamp 0.5.
The last entry of errorHistory is 0.500049 for index 904740, 905/1000.
Terminated at swamp 0.5.
The last entry of errorHistory is 0.500144 for index 904741, 905/1000.
The last entry of errorHistory is 0.000039 for index 904742, 905/1000.
The last entry of errorHistory is 0.000017 for index 904743, 905/1000.
Terminated at swamp 1.
The last entry of errorHistory is 1.000241 for index 904744, 905/1000.
Terminated at swamp 0.5.
The last entry of errorHistory is 0.500369 for index 904745, 905/1000.
The last entry of errorHistory is 0.500000 for index 904746, 905/1000.
The last entry of errorHistory is 1.000000 for index 904747, 905/1000.
The last entry of errorHistory is 0.000015 for index 904748, 905/1000.
The last entry of errorHistory is 1.000000 for index 904749, 905/1000.
Terminated at swamp 0.5.
The last entry of errorHistory is 0.500351 for index 904750, 905/1000.
Terminated at swamp 0.5.
The last entry of errorHistory is 0.500071 for index 904751, 905/1000.
Terminated at swamp 1.
The last entry of errorHistory is 1.000006 for index 904752, 905/1000.
The last entry of errorHistory is 0.000012 for index 904753, 905/1000.
Terminated at swamp 0.5.
The last entry of errorHistory is 0.500527 for index 904754, 905/1000.
Terminated at swamp 0.5.
The last entry of errorHistory is 0.500687 for index 904755, 905/1000.
Terminated at swamp 0.5.
The last entry of errorHistory is 0.500299 for index 904756, 905/1000.
The last entry of errorHistory is 1.000000 for index 904757, 905/1000.
The last entry of errorHistory is 0.000577 for index 904758, 905/1000.
Terminated at swamp 0.5.
The last entry of errorHistory is 0.500200 for index 904759, 905/1000.
The last entry of errorHistory is 1.500000 for index 904760, 905/1000.
Terminated at swamp 0.5.
The last entry of errorHistory is 0.500527 for index 904761, 905/1000.
Terminated at swamp 0.5.
The last entry of errorHistory is 0.500096 for index 904762, 905/1000.
The last entry of errorHistory is 1.000000 for index 904763, 905/1000.
The last entry of errorHistory is 0.000013 for index 904764, 905/1000.
The last entry of errorHistory is 0.500000 for index 904765, 905/1000.
Terminated at swamp 0.5.
The last entry of errorHistory is 0.500192 for index 904766, 905/1000.
Terminated at swamp 1.
The last entry of errorHistory is 1.000128 for index 904767, 905/1000.
Terminated at swamp 0.5.
The last entry of errorHistory is 0.500143 for index 904768, 905/1000.
The last entry of errorHistory is 1.000000 for index 904769, 905/1000.
Terminated at swamp 0.5.
The last entry of errorHistory is 0.500011 for index 904770, 905/1000.
Terminated at swamp 1.
The last entry of errorHistory is 1.000250 for index 904771, 905/1000.
Terminated at swamp 0.5.
The last entry of errorHistory is 0.500415 for index 904772, 905/1000.
The last entry of errorHistory is 0.000908 for index 904773, 905/1000.
Terminated at swamp 0.5.
The last entry of errorHistory is 0.500127 for index 904774, 905/1000.
The last entry of errorHistory is 0.000010 for index 904775, 905/1000.
Terminated at swamp 0.5.
The last entry of errorHistory is 0.500177 for index 904776, 905/1000.
Terminated at swamp 0.5.
The last entry of errorHistory is 0.500544 for index 904777, 905/1000.
Terminated at swamp 0.5.
The last entry of errorHistory is 0.500885 for index 904778, 905/1000.
Terminated at swamp 1.
The last entry of errorHistory is 1.000475 for index 904779, 905/1000.
Terminated at swamp 1.
The last entry of errorHistory is 1.000015 for index 904780, 905/1000.
Terminated at swamp 0.5.
The last entry of errorHistory is 0.500319 for index 904781, 905/1000.
Terminated at swamp 0.5.
The last entry of errorHistory is 0.500398 for index 904782, 905/1000.
The last entry of errorHistory is 1.000000 for index 904783, 905/1000.
Terminated at swamp 0.5.
The last entry of errorHistory is 0.500251 for index 904784, 905/1000.
The last entry of errorHistory is 1.500000 for index 904785, 905/1000.
Terminated at swamp 0.5.
The last entry of errorHistory is 0.500567 for index 904786, 905/1000.
Terminated at swamp 1.
The last entry of errorHistory is 1.000287 for index 904787, 905/1000.
Terminated at swamp 0.5.
The last entry of errorHistory is 0.500063 for index 904788, 905/1000.
Terminated at swamp 0.5.
The last entry of errorHistory is 0.500049 for index 904789, 905/1000.
Terminated at swamp 1.
The last entry of errorHistory is 1.000004 for index 904790, 905/1000.
Terminated at swamp 0.5.
The last entry of errorHistory is 0.500551 for index 904791, 905/1000.
The last entry of errorHistory is 1.000000 for index 904792, 905/1000.
Terminated at swamp 0.5.
The last entry of errorHistory is 0.500176 for index 904793, 905/1000.
Terminated at swamp 1.
The last entry of errorHistory is 1.000005 for index 904794, 905/1000.
The last entry of errorHistory is 1.000000 for index 904795, 905/1000.
Terminated at swamp 0.5.
The last entry of errorHistory is 0.500696 for index 904796, 905/1000.
Terminated at swamp 0.5.
The last entry of errorHistory is 0.500000 for index 904797, 905/1000.
The last entry of errorHistory is 0.500000 for index 904798, 905/1000.
The last entry of errorHistory is 1.000000 for index 904799, 905/1000.
Terminated at swamp 0.5.
The last entry of errorHistory is 0.500467 for index 904800, 905/1000.
Terminated at swamp 0.5.
The last entry of errorHistory is 0.500447 for index 904801, 905/1000.
Terminated at swamp 0.5.
The last entry of errorHistory is 0.500470 for index 904802, 905/1000.
Terminated at swamp 0.5.
The last entry of errorHistory is 0.500372 for index 904803, 905/1000.
The last entry of errorHistory is 1.000000 for index 904804, 905/1000.
The last entry of errorHistory is 0.500000 for index 904805, 905/1000.
The last entry of errorHistory is 0.500000 for index 904806, 905/1000.
Terminated at swamp 0.5.
The last entry of errorHistory is 0.500163 for index 904807, 905/1000.
Terminated at swamp 0.5.
The last entry of errorHistory is 0.500186 for index 904808, 905/1000.
Terminated at swamp 0.5.
The last entry of errorHistory is 0.500624 for index 904809, 905/1000.
Terminated at swamp 0.5.
The last entry of errorHistory is 0.500517 for index 904810, 905/1000.
Terminated at swamp 0.5.
The last entry of errorHistory is 0.500752 for index 904811, 905/1000.
The last entry of errorHistory is 1.500000 for index 904812, 905/1000.
The last entry of errorHistory is 1.000000 for index 904813, 905/1000.
Terminated at swamp 0.5.
The last entry of errorHistory is 0.500100 for index 904814, 905/1000.
The last entry of errorHistory is 0.000019 for index 904815, 905/1000.
Terminated at swamp 1.
The last entry of errorHistory is 1.000003 for index 904816, 905/1000.
Terminated at swamp 0.5.
The last entry of errorHistory is 0.500070 for index 904817, 905/1000.
Terminated at swamp 0.5.
The last entry of errorHistory is 0.500289 for index 904818, 905/1000.
The last entry of errorHistory is 1.000000 for index 904819, 905/1000.
Terminated at swamp 0.5.
The last entry of errorHistory is 0.500046 for index 904820, 905/1000.
The last entry of errorHistory is 0.000122 for index 904821, 905/1000.
The last entry of errorHistory is 0.000015 for index 904822, 905/1000.
Terminated at swamp 0.5.
The last entry of errorHistory is 0.500093 for index 904823, 905/1000.
The last entry of errorHistory is 0.000009 for index 904824, 905/1000.
Terminated at swamp 0.5.
The last entry of errorHistory is 0.500428 for index 904825, 905/1000.
Terminated at swamp 0.5.
The last entry of errorHistory is 0.500524 for index 904826, 905/1000.
Terminated at swamp 1.
The last entry of errorHistory is 1.000003 for index 904827, 905/1000.
Terminated at swamp 0.5.
The last entry of errorHistory is 0.500023 for index 904828, 905/1000.
Terminated at swamp 0.5.
The last entry of errorHistory is 0.500692 for index 904829, 905/1000.
The last entry of errorHistory is 0.500000 for index 904830, 905/1000.
Terminated at swamp 1.
The last entry of errorHistory is 1.000020 for index 904831, 905/1000.
The last entry of errorHistory is 1.000000 for index 904832, 905/1000.
Terminated at swamp 0.5.
The last entry of errorHistory is 0.500042 for index 904833, 905/1000.
Terminated at swamp 1.
The last entry of errorHistory is 1.000392 for index 904834, 905/1000.
The last entry of errorHistory is 1.000000 for index 904835, 905/1000.
Terminated at swamp 1.
The last entry of errorHistory is 1.000032 for index 904836, 905/1000.
Terminated at swamp 0.5.
The last entry of errorHistory is 0.500412 for index 904837, 905/1000.
Terminated at swamp 0.5.
The last entry of errorHistory is 0.500506 for index 904838, 905/1000.
The last entry of errorHistory is 0.500000 for index 904839, 905/1000.
Terminated at swamp 0.5.
The last entry of errorHistory is 0.500043 for index 904840, 905/1000.
The last entry of errorHistory is 1.000000 for index 904841, 905/1000.
Terminated at swamp 0.5.
The last entry of errorHistory is 0.500548 for index 904842, 905/1000.
Terminated at swamp 1.
The last entry of errorHistory is 1.000379 for index 904843, 905/1000.
The last entry of errorHistory is 1.000000 for index 904844, 905/1000.
Terminated at swamp 0.5.
The last entry of errorHistory is 0.500742 for index 904845, 905/1000.
Terminated at swamp 1.
The last entry of errorHistory is 1.000000 for index 904846, 905/1000.
The last entry of errorHistory is 1.500000 for index 904847, 905/1000.
Terminated at swamp 0.5.
The last entry of errorHistory is 0.500386 for index 904848, 905/1000.
Terminated at swamp 1.
The last entry of errorHistory is 1.000211 for index 904849, 905/1000.
The last entry of errorHistory is 0.000019 for index 904850, 905/1000.
The last entry of errorHistory is 1.000000 for index 904851, 905/1000.
Terminated at swamp 0.5.
The last entry of errorHistory is 0.500002 for index 904852, 905/1000.
Terminated at swamp 1.
The last entry of errorHistory is 1.000000 for index 904853, 905/1000.
The last entry of errorHistory is 0.500000 for index 904854, 905/1000.
The last entry of errorHistory is 0.000012 for index 904855, 905/1000.
Terminated at swamp 0.5.
The last entry of errorHistory is 0.500096 for index 904856, 905/1000.
Terminated at swamp 0.5.
The last entry of errorHistory is 0.500485 for index 904857, 905/1000.
Terminated at swamp 1.
The last entry of errorHistory is 1.000180 for index 904858, 905/1000.
Terminated at swamp 1.
The last entry of errorHistory is 1.000000 for index 904859, 905/1000.
Terminated at swamp 0.5.
The last entry of errorHistory is 0.500562 for index 904860, 905/1000.
The last entry of errorHistory is 1.000000 for index 904861, 905/1000.
Terminated at swamp 0.5.
The last entry of errorHistory is 0.500152 for index 904862, 905/1000.
Terminated at swamp 0.5.
The last entry of errorHistory is 0.500464 for index 904863, 905/1000.
Terminated at swamp 1.
The last entry of errorHistory is 1.000235 for index 904864, 905/1000.
Terminated at swamp 0.5.
The last entry of errorHistory is 0.500776 for index 904865, 905/1000.
Terminated at swamp 0.5.
The last entry of errorHistory is 0.500591 for index 904866, 905/1000.
The last entry of errorHistory is 0.000017 for index 904867, 905/1000.
Terminated at swamp 1.
The last entry of errorHistory is 1.000054 for index 904868, 905/1000.
The last entry of errorHistory is 1.000000 for index 904869, 905/1000.
The last entry of errorHistory is 0.500000 for index 904870, 905/1000.
Terminated at swamp 0.5.
The last entry of errorHistory is 0.500369 for index 904871, 905/1000.
Terminated at swamp 0.5.
The last entry of errorHistory is 0.500117 for index 904872, 905/1000.
The last entry of errorHistory is 1.000000 for index 904873, 905/1000.
Terminated at swamp 0.5.
The last entry of errorHistory is 0.500359 for index 904874, 905/1000.
Terminated at swamp 0.5.
The last entry of errorHistory is 0.500907 for index 904875, 905/1000.
Terminated at swamp 1.
The last entry of errorHistory is 1.000321 for index 904876, 905/1000.
Terminated at swamp 0.5.
The last entry of errorHistory is 0.500111 for index 904877, 905/1000.
Terminated at swamp 1.
The last entry of errorHistory is 1.000000 for index 904878, 905/1000.
Terminated at swamp 1.
The last entry of errorHistory is 1.000004 for index 904879, 905/1000.
Terminated at swamp 1.
The last entry of errorHistory is 1.000000 for index 904880, 905/1000.
Terminated at swamp 0.5.
The last entry of errorHistory is 0.500070 for index 904881, 905/1000.
The last entry of errorHistory is 0.500000 for index 904882, 905/1000.
Terminated at swamp 0.5.
The last entry of errorHistory is 0.500467 for index 904883, 905/1000.
Terminated at swamp 0.5.
The last entry of errorHistory is 0.500217 for index 904884, 905/1000.
Terminated at swamp 1.
The last entry of errorHistory is 1.000070 for index 904885, 905/1000.
The last entry of errorHistory is 0.500000 for index 904886, 905/1000.
Terminated at swamp 0.5.
The last entry of errorHistory is 0.500435 for index 904887, 905/1000.
The last entry of errorHistory is 0.500000 for index 904888, 905/1000.
Terminated at swamp 1.
The last entry of errorHistory is 1.000256 for index 904889, 905/1000.
Terminated at swamp 0.5.
The last entry of errorHistory is 0.500496 for index 904890, 905/1000.
Terminated at swamp 0.5.
The last entry of errorHistory is 0.500175 for index 904891, 905/1000.
Terminated at swamp 0.5.
The last entry of errorHistory is 0.500269 for index 904892, 905/1000.
Terminated at swamp 0.5.
The last entry of errorHistory is 0.500559 for index 904893, 905/1000.
Terminated at swamp 1.
The last entry of errorHistory is 1.000003 for index 904894, 905/1000.
Terminated at swamp 0.5.
The last entry of errorHistory is 0.500505 for index 904895, 905/1000.
Terminated at swamp 0.5.
The last entry of errorHistory is 0.500376 for index 904896, 905/1000.
The last entry of errorHistory is 1.500000 for index 904897, 905/1000.
Terminated at swamp 0.5.
The last entry of errorHistory is 0.500298 for index 904898, 905/1000.
Terminated at swamp 0.5.
The last entry of errorHistory is 0.500366 for index 904899, 905/1000.
The last entry of errorHistory is 1.000000 for index 904900, 905/1000.
Terminated at swamp 1.
The last entry of errorHistory is 1.000007 for index 904901, 905/1000.
Terminated at swamp 0.5.
The last entry of errorHistory is 0.500365 for index 904902, 905/1000.
Terminated at swamp 0.5.
The last entry of errorHistory is 0.500430 for index 904903, 905/1000.
Terminated at swamp 0.5.
The last entry of errorHistory is 0.500307 for index 904904, 905/1000.
The last entry of errorHistory is 1.000000 for index 904905, 905/1000.
Terminated at swamp 0.5.
The last entry of errorHistory is 0.500289 for index 904906, 905/1000.
The last entry of errorHistory is 1.000000 for index 904907, 905/1000.
Terminated at swamp 0.5.
The last entry of errorHistory is 0.500000 for index 904908, 905/1000.
Terminated at swamp 0.5.
The last entry of errorHistory is 0.500466 for index 904909, 905/1000.
Terminated at swamp 0.5.
The last entry of errorHistory is 0.500508 for index 904910, 905/1000.
The last entry of errorHistory is 0.000077 for index 904911, 905/1000.
Terminated at swamp 0.5.
The last entry of errorHistory is 0.500495 for index 904912, 905/1000.
The last entry of errorHistory is 1.000000 for index 904913, 905/1000.
Terminated at swamp 0.5.
The last entry of errorHistory is 0.500488 for index 904914, 905/1000.
The last entry of errorHistory is 0.000036 for index 904915, 905/1000.
Terminated at swamp 0.5.
The last entry of errorHistory is 0.500412 for index 904916, 905/1000.
Terminated at swamp 0.5.
The last entry of errorHistory is 0.500327 for index 904917, 905/1000.
The last entry of errorHistory is 0.000858 for index 904918, 905/1000.
Terminated at swamp 0.5.
The last entry of errorHistory is 0.500506 for index 904919, 905/1000.
Terminated at swamp 0.5.
The last entry of errorHistory is 0.500409 for index 904920, 905/1000.
Terminated at swamp 0.5.
The last entry of errorHistory is 0.500281 for index 904921, 905/1000.
Terminated at swamp 0.5.
The last entry of errorHistory is 0.500110 for index 904922, 905/1000.
The last entry of errorHistory is 0.000252 for index 904923, 905/1000.
Terminated at swamp 0.5.
The last entry of errorHistory is 0.500897 for index 904924, 905/1000.
Terminated at swamp 0.5.
The last entry of errorHistory is 0.500421 for index 904925, 905/1000.
The last entry of errorHistory is 1.000000 for index 904926, 905/1000.
Terminated at swamp 0.5.
The last entry of errorHistory is 0.500652 for index 904927, 905/1000.
Terminated at swamp 0.5.
The last entry of errorHistory is 0.500190 for index 904928, 905/1000.
The last entry of errorHistory is 0.000021 for index 904929, 905/1000.
Terminated at swamp 1.
The last entry of errorHistory is 1.000012 for index 904930, 905/1000.
Terminated at swamp 0.5.
The last entry of errorHistory is 0.500327 for index 904931, 905/1000.
Terminated at swamp 0.5.
The last entry of errorHistory is 0.500309 for index 904932, 905/1000.
The last entry of errorHistory is 1.000000 for index 904933, 905/1000.
Terminated at swamp 1.
The last entry of errorHistory is 1.000001 for index 904934, 905/1000.
Terminated at swamp 0.5.
The last entry of errorHistory is 0.500813 for index 904935, 905/1000.
Terminated at swamp 0.5.
The last entry of errorHistory is 0.500622 for index 904936, 905/1000.
Terminated at swamp 1.
The last entry of errorHistory is 1.000335 for index 904937, 905/1000.
The last entry of errorHistory is 1.000000 for index 904938, 905/1000.
The last entry of errorHistory is 1.000000 for index 904939, 905/1000.
Terminated at swamp 0.5.
The last entry of errorHistory is 0.500670 for index 904940, 905/1000.
Terminated at swamp 1.
The last entry of errorHistory is 1.000062 for index 904941, 905/1000.
The last entry of errorHistory is 0.500000 for index 904942, 905/1000.
Terminated at swamp 0.5.
The last entry of errorHistory is 0.500633 for index 904943, 905/1000.
Terminated at swamp 0.5.
The last entry of errorHistory is 0.500461 for index 904944, 905/1000.
The last entry of errorHistory is 0.000489 for index 904945, 905/1000.
Terminated at swamp 1.
The last entry of errorHistory is 1.000000 for index 904946, 905/1000.
Terminated at swamp 1.
The last entry of errorHistory is 1.000124 for index 904947, 905/1000.
The last entry of errorHistory is 1.000000 for index 904948, 905/1000.
The last entry of errorHistory is 1.000000 for index 904949, 905/1000.
The last entry of errorHistory is 0.500000 for index 904950, 905/1000.
Terminated at swamp 0.5.
The last entry of errorHistory is 0.500254 for index 904951, 905/1000.
Terminated at swamp 0.5.
The last entry of errorHistory is 0.500650 for index 904952, 905/1000.
The last entry of errorHistory is 0.000026 for index 904953, 905/1000.
Terminated at swamp 0.5.
The last entry of errorHistory is 0.500521 for index 904954, 905/1000.
Terminated at swamp 0.5.
The last entry of errorHistory is 0.500340 for index 904955, 905/1000.
The last entry of errorHistory is 1.000000 for index 904956, 905/1000.
Terminated at swamp 0.5.
The last entry of errorHistory is 0.500284 for index 904957, 905/1000.
The last entry of errorHistory is 0.000047 for index 904958, 905/1000.
Terminated at swamp 0.5.
The last entry of errorHistory is 0.500611 for index 904959, 905/1000.
Terminated at swamp 1.
The last entry of errorHistory is 1.000016 for index 904960, 905/1000.
Terminated at swamp 0.5.
The last entry of errorHistory is 0.500073 for index 904961, 905/1000.
Terminated at swamp 1.
The last entry of errorHistory is 1.000240 for index 904962, 905/1000.
Terminated at swamp 0.5.
The last entry of errorHistory is 0.500111 for index 904963, 905/1000.
The last entry of errorHistory is 1.000000 for index 904964, 905/1000.
Terminated at swamp 0.5.
The last entry of errorHistory is 0.500745 for index 904965, 905/1000.
Terminated at swamp 0.5.
The last entry of errorHistory is 0.500469 for index 904966, 905/1000.
The last entry of errorHistory is 1.000000 for index 904967, 905/1000.
Terminated at swamp 0.5.
The last entry of errorHistory is 0.500621 for index 904968, 905/1000.
Terminated at swamp 0.5.
The last entry of errorHistory is 0.500019 for index 904969, 905/1000.
Terminated at swamp 0.5.
The last entry of errorHistory is 0.500066 for index 904970, 905/1000.
Terminated at swamp 0.5.
The last entry of errorHistory is 0.500180 for index 904971, 905/1000.
Terminated at swamp 1.
The last entry of errorHistory is 1.000305 for index 904972, 905/1000.
The last entry of errorHistory is 1.000000 for index 904973, 905/1000.
Terminated at swamp 0.5.
The last entry of errorHistory is 0.500086 for index 904974, 905/1000.
Terminated at swamp 0.5.
The last entry of errorHistory is 0.500416 for index 904975, 905/1000.
Terminated at swamp 0.5.
The last entry of errorHistory is 0.500213 for index 904976, 905/1000.
Terminated at swamp 1.
The last entry of errorHistory is 1.000060 for index 904977, 905/1000.
Terminated at swamp 0.5.
The last entry of errorHistory is 0.500427 for index 904978, 905/1000.
Terminated at swamp 0.5.
The last entry of errorHistory is 0.500199 for index 904979, 905/1000.
The last entry of errorHistory is 0.000035 for index 904980, 905/1000.
The last entry of errorHistory is 1.000000 for index 904981, 905/1000.
Terminated at swamp 0.5.
The last entry of errorHistory is 0.500516 for index 904982, 905/1000.
The last entry of errorHistory is 1.000000 for index 904983, 905/1000.
The last entry of errorHistory is 1.000000 for index 904984, 905/1000.
Terminated at swamp 0.5.
The last entry of errorHistory is 0.500063 for index 904985, 905/1000.
The last entry of errorHistory is 1.500000 for index 904986, 905/1000.
The last entry of errorHistory is 0.000017 for index 904987, 905/1000.
Terminated at swamp 0.5.
The last entry of errorHistory is 0.500726 for index 904988, 905/1000.
The last entry of errorHistory is 1.000000 for index 904989, 905/1000.
The last entry of errorHistory is 1.000000 for index 904990, 905/1000.
The last entry of errorHistory is 0.500000 for index 904991, 905/1000.
Terminated at swamp 0.5.
The last entry of errorHistory is 0.500244 for index 904992, 905/1000.
The last entry of errorHistory is 0.500000 for index 904993, 905/1000.
The last entry of errorHistory is 0.000345 for index 904994, 905/1000.
Terminated at swamp 0.5.
The last entry of errorHistory is 0.500584 for index 904995, 905/1000.
Terminated at swamp 1.
The last entry of errorHistory is 1.000332 for index 904996, 905/1000.
Terminated at swamp 0.5.
The last entry of errorHistory is 0.500666 for index 904997, 905/1000.
Terminated at swamp 0.5.
The last entry of errorHistory is 0.500382 for index 904998, 905/1000.
Terminated at swamp 1.
The last entry of errorHistory is 0.999995 for index 904999, 905/1000.
Terminated at swamp 0.5.
The last entry of errorHistory is 0.500070 for index 905000, 905/1000.
