
                            < M A T L A B (R) >
                  Copyright 1984-2018 The MathWorks, Inc.
                   R2018b (9.5.0.944444) 64-bit (glnxa64)
                              August 28, 2018

 
To get started, type doc.
For product information, visit www.mathworks.com.
 
The last entry of errorHistory is 0.000863 for index 909001, 910/1000.
The last entry of errorHistory is 0.000346 for index 909002, 910/1000.
Terminated at swamp 0.5.
The last entry of errorHistory is 0.500367 for index 909003, 910/1000.
Terminated at swamp 0.5.
The last entry of errorHistory is 0.500225 for index 909004, 910/1000.
Terminated at swamp 0.5.
The last entry of errorHistory is 0.500304 for index 909005, 910/1000.
Terminated at swamp 0.5.
The last entry of errorHistory is 0.500022 for index 909006, 910/1000.
Terminated at swamp 1.
The last entry of errorHistory is 1.000000 for index 909007, 910/1000.
Terminated at swamp 0.5.
The last entry of errorHistory is 0.500907 for index 909008, 910/1000.
Terminated at swamp 0.5.
The last entry of errorHistory is 0.500237 for index 909009, 910/1000.
Terminated at swamp 0.5.
The last entry of errorHistory is 0.500682 for index 909010, 910/1000.
The last entry of errorHistory is 0.500000 for index 909011, 910/1000.
Terminated at swamp 0.5.
The last entry of errorHistory is 0.500026 for index 909012, 910/1000.
Terminated at swamp 0.5.
The last entry of errorHistory is 0.500357 for index 909013, 910/1000.
The last entry of errorHistory is 0.000075 for index 909014, 910/1000.
Terminated at swamp 0.5.
The last entry of errorHistory is 0.500520 for index 909015, 910/1000.
Terminated at swamp 1.
The last entry of errorHistory is 1.000000 for index 909016, 910/1000.
The last entry of errorHistory is 1.000000 for index 909017, 910/1000.
Terminated at swamp 0.5.
The last entry of errorHistory is 0.500000 for index 909018, 910/1000.
The last entry of errorHistory is 1.000000 for index 909019, 910/1000.
The last entry of errorHistory is 0.000048 for index 909020, 910/1000.
The last entry of errorHistory is 0.000726 for index 909021, 910/1000.
Terminated at swamp 0.5.
The last entry of errorHistory is 0.500001 for index 909022, 910/1000.
The last entry of errorHistory is 1.500000 for index 909023, 910/1000.
The last entry of errorHistory is 1.000000 for index 909024, 910/1000.
The last entry of errorHistory is 1.000000 for index 909025, 910/1000.
Terminated at swamp 0.5.
The last entry of errorHistory is 0.500362 for index 909026, 910/1000.
Terminated at swamp 0.5.
The last entry of errorHistory is 0.500000 for index 909027, 910/1000.
Terminated at swamp 0.5.
The last entry of errorHistory is 0.500471 for index 909028, 910/1000.
Terminated at swamp 0.5.
The last entry of errorHistory is 0.500645 for index 909029, 910/1000.
The last entry of errorHistory is 1.500000 for index 909030, 910/1000.
The last entry of errorHistory is 0.000018 for index 909031, 910/1000.
The last entry of errorHistory is 0.000309 for index 909032, 910/1000.
Terminated at swamp 0.5.
The last entry of errorHistory is 0.500497 for index 909033, 910/1000.
Terminated at swamp 0.5.
The last entry of errorHistory is 0.500555 for index 909034, 910/1000.
Terminated at swamp 0.5.
The last entry of errorHistory is 0.500060 for index 909035, 910/1000.
Terminated at swamp 0.5.
The last entry of errorHistory is 0.500193 for index 909036, 910/1000.
Terminated at swamp 0.5.
The last entry of errorHistory is 0.500310 for index 909037, 910/1000.
Terminated at swamp 1.
The last entry of errorHistory is 1.000010 for index 909038, 910/1000.
The last entry of errorHistory is 1.000000 for index 909039, 910/1000.
The last entry of errorHistory is 1.000000 for index 909040, 910/1000.
Terminated at swamp 0.5.
The last entry of errorHistory is 0.500536 for index 909041, 910/1000.
Terminated at swamp 1.
The last entry of errorHistory is 1.000000 for index 909042, 910/1000.
Terminated at swamp 1.
The last entry of errorHistory is 1.000318 for index 909043, 910/1000.
Terminated at swamp 0.5.
The last entry of errorHistory is 0.500002 for index 909044, 910/1000.
Terminated at swamp 1.
The last entry of errorHistory is 1.000035 for index 909045, 910/1000.
Terminated at swamp 0.5.
The last entry of errorHistory is 0.500188 for index 909046, 910/1000.
The last entry of errorHistory is 1.000000 for index 909047, 910/1000.
Terminated at swamp 0.5.
The last entry of errorHistory is 0.500038 for index 909048, 910/1000.
Terminated at swamp 0.5.
The last entry of errorHistory is 0.500328 for index 909049, 910/1000.
Terminated at swamp 0.5.
The last entry of errorHistory is 0.500714 for index 909050, 910/1000.
Terminated at swamp 0.5.
The last entry of errorHistory is 0.500026 for index 909051, 910/1000.
The last entry of errorHistory is 0.000018 for index 909052, 910/1000.
Terminated at swamp 0.5.
The last entry of errorHistory is 0.500037 for index 909053, 910/1000.
Terminated at swamp 0.5.
The last entry of errorHistory is 0.500504 for index 909054, 910/1000.
Terminated at swamp 0.5.
The last entry of errorHistory is 0.500601 for index 909055, 910/1000.
Terminated at swamp 1.
The last entry of errorHistory is 1.000065 for index 909056, 910/1000.
The last entry of errorHistory is 0.000035 for index 909057, 910/1000.
The last entry of errorHistory is 1.000000 for index 909058, 910/1000.
Terminated at swamp 0.5.
The last entry of errorHistory is 0.500070 for index 909059, 910/1000.
The last entry of errorHistory is 0.000013 for index 909060, 910/1000.
Terminated at swamp 1.
The last entry of errorHistory is 1.000319 for index 909061, 910/1000.
Terminated at swamp 0.5.
The last entry of errorHistory is 0.500003 for index 909062, 910/1000.
The last entry of errorHistory is 1.000000 for index 909063, 910/1000.
Terminated at swamp 0.5.
The last entry of errorHistory is 0.500101 for index 909064, 910/1000.
The last entry of errorHistory is 0.000031 for index 909065, 910/1000.
Terminated at swamp 0.5.
The last entry of errorHistory is 0.500565 for index 909066, 910/1000.
The last entry of errorHistory is 1.000000 for index 909067, 910/1000.
Terminated at swamp 0.5.
The last entry of errorHistory is 0.500945 for index 909068, 910/1000.
Terminated at swamp 0.5.
The last entry of errorHistory is 0.500529 for index 909069, 910/1000.
Terminated at swamp 0.5.
The last entry of errorHistory is 0.500602 for index 909070, 910/1000.
Terminated at swamp 1.
The last entry of errorHistory is 1.000006 for index 909071, 910/1000.
Terminated at swamp 1.
The last entry of errorHistory is 1.000359 for index 909072, 910/1000.
Terminated at swamp 1.
The last entry of errorHistory is 1.000047 for index 909073, 910/1000.
The last entry of errorHistory is 1.500000 for index 909074, 910/1000.
Terminated at swamp 1.
The last entry of errorHistory is 1.000000 for index 909075, 910/1000.
Terminated at swamp 0.5.
The last entry of errorHistory is 0.500382 for index 909076, 910/1000.
Terminated at swamp 0.5.
The last entry of errorHistory is 0.500178 for index 909077, 910/1000.
Terminated at swamp 0.5.
The last entry of errorHistory is 0.500581 for index 909078, 910/1000.
Terminated at swamp 0.5.
The last entry of errorHistory is 0.500425 for index 909079, 910/1000.
Terminated at swamp 1.
The last entry of errorHistory is 1.000236 for index 909080, 910/1000.
Terminated at swamp 1.
The last entry of errorHistory is 1.000220 for index 909081, 910/1000.
The last entry of errorHistory is 0.500000 for index 909082, 910/1000.
Terminated at swamp 0.5.
The last entry of errorHistory is 0.500551 for index 909083, 910/1000.
Terminated at swamp 0.5.
The last entry of errorHistory is 0.500001 for index 909084, 910/1000.
The last entry of errorHistory is 1.000000 for index 909085, 910/1000.
Terminated at swamp 1.
The last entry of errorHistory is 1.000344 for index 909086, 910/1000.
Terminated at swamp 0.5.
The last entry of errorHistory is 0.500727 for index 909087, 910/1000.
The last entry of errorHistory is 0.000015 for index 909088, 910/1000.
The last entry of errorHistory is 0.500000 for index 909089, 910/1000.
Terminated at swamp 0.5.
The last entry of errorHistory is 0.500483 for index 909090, 910/1000.
Terminated at swamp 0.5.
The last entry of errorHistory is 0.500527 for index 909091, 910/1000.
Terminated at swamp 0.5.
The last entry of errorHistory is 0.500394 for index 909092, 910/1000.
Terminated at swamp 0.5.
The last entry of errorHistory is 0.500617 for index 909093, 910/1000.
Terminated at swamp 0.5.
The last entry of errorHistory is 0.500105 for index 909094, 910/1000.
Terminated at swamp 1.
The last entry of errorHistory is 1.000147 for index 909095, 910/1000.
The last entry of errorHistory is 0.000027 for index 909096, 910/1000.
The last entry of errorHistory is 1.000000 for index 909097, 910/1000.
Terminated at swamp 1.
The last entry of errorHistory is 1.000310 for index 909098, 910/1000.
Terminated at swamp 0.5.
The last entry of errorHistory is 0.500886 for index 909099, 910/1000.
The last entry of errorHistory is 1.500000 for index 909100, 910/1000.
The last entry of errorHistory is 0.000019 for index 909101, 910/1000.
Terminated at swamp 0.5.
The last entry of errorHistory is 0.500482 for index 909102, 910/1000.
Terminated at swamp 0.5.
The last entry of errorHistory is 0.500587 for index 909103, 910/1000.
Terminated at swamp 1.5.
The last entry of errorHistory is 1.500000 for index 909104, 910/1000.
The last entry of errorHistory is 1.000000 for index 909105, 910/1000.
Terminated at swamp 0.5.
The last entry of errorHistory is 0.500421 for index 909106, 910/1000.
Terminated at swamp 0.5.
The last entry of errorHistory is 0.500284 for index 909107, 910/1000.
Terminated at swamp 1.
The last entry of errorHistory is 1.000000 for index 909108, 910/1000.
The last entry of errorHistory is 0.500000 for index 909109, 910/1000.
Terminated at swamp 0.5.
The last entry of errorHistory is 0.500453 for index 909110, 910/1000.
The last entry of errorHistory is 1.000000 for index 909111, 910/1000.
Terminated at swamp 0.5.
The last entry of errorHistory is 0.500347 for index 909112, 910/1000.
Terminated at swamp 0.5.
The last entry of errorHistory is 0.500384 for index 909113, 910/1000.
Terminated at swamp 1.
The last entry of errorHistory is 1.000000 for index 909114, 910/1000.
The last entry of errorHistory is 0.000019 for index 909115, 910/1000.
Terminated at swamp 0.5.
The last entry of errorHistory is 0.500479 for index 909116, 910/1000.
Terminated at swamp 0.5.
The last entry of errorHistory is 0.500080 for index 909117, 910/1000.
The last entry of errorHistory is 0.000067 for index 909118, 910/1000.
Terminated at swamp 0.5.
The last entry of errorHistory is 0.500168 for index 909119, 910/1000.
Terminated at swamp 0.5.
The last entry of errorHistory is 0.500038 for index 909120, 910/1000.
The last entry of errorHistory is 0.000029 for index 909121, 910/1000.
Terminated at swamp 0.5.
The last entry of errorHistory is 0.500189 for index 909122, 910/1000.
The last entry of errorHistory is 0.500000 for index 909123, 910/1000.
The last entry of errorHistory is 1.000000 for index 909124, 910/1000.
Terminated at swamp 1.
The last entry of errorHistory is 1.000316 for index 909125, 910/1000.
Terminated at swamp 0.5.
The last entry of errorHistory is 0.500327 for index 909126, 910/1000.
Terminated at swamp 0.5.
The last entry of errorHistory is 0.500438 for index 909127, 910/1000.
Terminated at swamp 1.
The last entry of errorHistory is 1.000391 for index 909128, 910/1000.
Terminated at swamp 0.5.
The last entry of errorHistory is 0.500401 for index 909129, 910/1000.
Terminated at swamp 0.5.
The last entry of errorHistory is 0.500314 for index 909130, 910/1000.
Terminated at swamp 0.5.
The last entry of errorHistory is 0.500512 for index 909131, 910/1000.
Terminated at swamp 0.5.
The last entry of errorHistory is 0.500009 for index 909132, 910/1000.
Terminated at swamp 0.5.
The last entry of errorHistory is 0.500640 for index 909133, 910/1000.
The last entry of errorHistory is 1.000000 for index 909134, 910/1000.
The last entry of errorHistory is 0.000026 for index 909135, 910/1000.
Terminated at swamp 0.5.
The last entry of errorHistory is 0.500747 for index 909136, 910/1000.
The last entry of errorHistory is 1.000000 for index 909137, 910/1000.
Terminated at swamp 1.
The last entry of errorHistory is 1.000000 for index 909138, 910/1000.
Terminated at swamp 0.5.
The last entry of errorHistory is 0.500110 for index 909139, 910/1000.
Terminated at swamp 0.5.
The last entry of errorHistory is 0.500270 for index 909140, 910/1000.
Terminated at swamp 0.5.
The last entry of errorHistory is 0.500524 for index 909141, 910/1000.
The last entry of errorHistory is 0.000026 for index 909142, 910/1000.
Terminated at swamp 0.5.
The last entry of errorHistory is 0.500003 for index 909143, 910/1000.
Terminated at swamp 1.
The last entry of errorHistory is 1.000000 for index 909144, 910/1000.
Terminated at swamp 0.5.
The last entry of errorHistory is 0.500061 for index 909145, 910/1000.
Terminated at swamp 1.
The last entry of errorHistory is 1.000000 for index 909146, 910/1000.
Terminated at swamp 0.5.
The last entry of errorHistory is 0.500064 for index 909147, 910/1000.
Terminated at swamp 0.5.
The last entry of errorHistory is 0.500441 for index 909148, 910/1000.
The last entry of errorHistory is 1.000000 for index 909149, 910/1000.
Terminated at swamp 1.
The last entry of errorHistory is 1.000000 for index 909150, 910/1000.
Terminated at swamp 0.5.
The last entry of errorHistory is 0.500000 for index 909151, 910/1000.
Terminated at swamp 0.5.
The last entry of errorHistory is 0.500064 for index 909152, 910/1000.
The last entry of errorHistory is 1.500000 for index 909153, 910/1000.
Terminated at swamp 0.5.
The last entry of errorHistory is 0.500628 for index 909154, 910/1000.
The last entry of errorHistory is 0.000026 for index 909155, 910/1000.
Terminated at swamp 0.5.
The last entry of errorHistory is 0.500560 for index 909156, 910/1000.
Terminated at swamp 0.5.
The last entry of errorHistory is 0.500170 for index 909157, 910/1000.
Terminated at swamp 0.5.
The last entry of errorHistory is 0.500649 for index 909158, 910/1000.
Terminated at swamp 0.5.
The last entry of errorHistory is 0.500510 for index 909159, 910/1000.
Terminated at swamp 0.5.
The last entry of errorHistory is 0.500578 for index 909160, 910/1000.
The last entry of errorHistory is 0.500000 for index 909161, 910/1000.
Terminated at swamp 0.5.
The last entry of errorHistory is 0.500891 for index 909162, 910/1000.
The last entry of errorHistory is 0.000008 for index 909163, 910/1000.
Terminated at swamp 1.
The last entry of errorHistory is 1.000001 for index 909164, 910/1000.
Terminated at swamp 0.5.
The last entry of errorHistory is 0.500422 for index 909165, 910/1000.
The last entry of errorHistory is 0.000013 for index 909166, 910/1000.
Terminated at swamp 0.5.
The last entry of errorHistory is 0.500905 for index 909167, 910/1000.
Terminated at swamp 0.5.
The last entry of errorHistory is 0.500541 for index 909168, 910/1000.
The last entry of errorHistory is 0.000115 for index 909169, 910/1000.
Terminated at swamp 0.5.
The last entry of errorHistory is 0.500420 for index 909170, 910/1000.
The last entry of errorHistory is 1.000000 for index 909171, 910/1000.
Terminated at swamp 0.5.
The last entry of errorHistory is 0.500475 for index 909172, 910/1000.
Terminated at swamp 1.
The last entry of errorHistory is 1.000116 for index 909173, 910/1000.
Terminated at swamp 0.5.
The last entry of errorHistory is 0.500210 for index 909174, 910/1000.
Terminated at swamp 1.
The last entry of errorHistory is 1.000013 for index 909175, 910/1000.
Terminated at swamp 1.
The last entry of errorHistory is 1.000343 for index 909176, 910/1000.
The last entry of errorHistory is 1.000000 for index 909177, 910/1000.
Terminated at swamp 0.5.
The last entry of errorHistory is 0.500066 for index 909178, 910/1000.
Terminated at swamp 1.
The last entry of errorHistory is 1.000020 for index 909179, 910/1000.
The last entry of errorHistory is 1.000000 for index 909180, 910/1000.
Terminated at swamp 0.5.
The last entry of errorHistory is 0.500592 for index 909181, 910/1000.
Terminated at swamp 0.5.
The last entry of errorHistory is 0.500428 for index 909182, 910/1000.
The last entry of errorHistory is 0.000056 for index 909183, 910/1000.
The last entry of errorHistory is 0.000018 for index 909184, 910/1000.
Terminated at swamp 0.5.
The last entry of errorHistory is 0.500557 for index 909185, 910/1000.
Terminated at swamp 1.
The last entry of errorHistory is 1.000000 for index 909186, 910/1000.
Terminated at swamp 0.5.
The last entry of errorHistory is 0.500609 for index 909187, 910/1000.
The last entry of errorHistory is 1.000000 for index 909188, 910/1000.
The last entry of errorHistory is 0.500000 for index 909189, 910/1000.
Terminated at swamp 1.
The last entry of errorHistory is 1.000374 for index 909190, 910/1000.
Terminated at swamp 0.5.
The last entry of errorHistory is 0.500316 for index 909191, 910/1000.
The last entry of errorHistory is 0.500000 for index 909192, 910/1000.
Terminated at swamp 0.5.
The last entry of errorHistory is 0.500277 for index 909193, 910/1000.
Terminated at swamp 1.
The last entry of errorHistory is 0.999482 for index 909194, 910/1000.
The last entry of errorHistory is 1.500000 for index 909195, 910/1000.
Terminated at swamp 0.5.
The last entry of errorHistory is 0.500153 for index 909196, 910/1000.
Terminated at swamp 0.5.
The last entry of errorHistory is 0.500725 for index 909197, 910/1000.
Terminated at swamp 0.5.
The last entry of errorHistory is 0.500566 for index 909198, 910/1000.
Terminated at swamp 0.5.
The last entry of errorHistory is 0.500452 for index 909199, 910/1000.
Terminated at swamp 0.5.
The last entry of errorHistory is 0.500559 for index 909200, 910/1000.
Terminated at swamp 1.
The last entry of errorHistory is 1.000395 for index 909201, 910/1000.
Terminated at swamp 0.5.
The last entry of errorHistory is 0.500357 for index 909202, 910/1000.
The last entry of errorHistory is 1.000000 for index 909203, 910/1000.
Terminated at swamp 0.5.
The last entry of errorHistory is 0.500198 for index 909204, 910/1000.
The last entry of errorHistory is 0.000516 for index 909205, 910/1000.
Terminated at swamp 0.5.
The last entry of errorHistory is 0.500119 for index 909206, 910/1000.
Terminated at swamp 0.5.
The last entry of errorHistory is 0.500203 for index 909207, 910/1000.
Terminated at swamp 0.5.
The last entry of errorHistory is 0.500198 for index 909208, 910/1000.
The last entry of errorHistory is 0.000048 for index 909209, 910/1000.
Terminated at swamp 0.5.
The last entry of errorHistory is 0.500139 for index 909210, 910/1000.
Terminated at swamp 1.
The last entry of errorHistory is 1.000029 for index 909211, 910/1000.
Terminated at swamp 1.
The last entry of errorHistory is 1.000000 for index 909212, 910/1000.
The last entry of errorHistory is 0.000017 for index 909213, 910/1000.
Terminated at swamp 0.5.
The last entry of errorHistory is 0.500000 for index 909214, 910/1000.
The last entry of errorHistory is 0.000021 for index 909215, 910/1000.
Terminated at swamp 1.
The last entry of errorHistory is 1.000342 for index 909216, 910/1000.
Terminated at swamp 0.5.
The last entry of errorHistory is 0.500465 for index 909217, 910/1000.
Terminated at swamp 0.5.
The last entry of errorHistory is 0.500165 for index 909218, 910/1000.
Terminated at swamp 0.5.
The last entry of errorHistory is 0.500430 for index 909219, 910/1000.
Terminated at swamp 0.5.
The last entry of errorHistory is 0.500338 for index 909220, 910/1000.
Terminated at swamp 0.5.
The last entry of errorHistory is 0.500465 for index 909221, 910/1000.
Terminated at swamp 0.5.
The last entry of errorHistory is 0.500586 for index 909222, 910/1000.
Terminated at swamp 1.
The last entry of errorHistory is 1.000330 for index 909223, 910/1000.
Terminated at swamp 0.5.
The last entry of errorHistory is 0.500245 for index 909224, 910/1000.
The last entry of errorHistory is 1.000000 for index 909225, 910/1000.
The last entry of errorHistory is 1.000000 for index 909226, 910/1000.
The last entry of errorHistory is 1.000000 for index 909227, 910/1000.
Terminated at swamp 0.5.
The last entry of errorHistory is 0.500585 for index 909228, 910/1000.
The last entry of errorHistory is 0.500000 for index 909229, 910/1000.
Terminated at swamp 0.5.
The last entry of errorHistory is 0.500028 for index 909230, 910/1000.
Terminated at swamp 0.5.
The last entry of errorHistory is 0.500025 for index 909231, 910/1000.
Terminated at swamp 0.5.
The last entry of errorHistory is 0.500332 for index 909232, 910/1000.
Terminated at swamp 1.
The last entry of errorHistory is 1.000000 for index 909233, 910/1000.
Terminated at swamp 1.
The last entry of errorHistory is 1.000012 for index 909234, 910/1000.
Terminated at swamp 0.5.
The last entry of errorHistory is 0.500425 for index 909235, 910/1000.
The last entry of errorHistory is 0.500000 for index 909236, 910/1000.
Terminated at swamp 1.
The last entry of errorHistory is 1.000007 for index 909237, 910/1000.
Terminated at swamp 0.5.
The last entry of errorHistory is 0.500480 for index 909238, 910/1000.
Terminated at swamp 0.5.
The last entry of errorHistory is 0.500429 for index 909239, 910/1000.
Terminated at swamp 0.5.
The last entry of errorHistory is 0.500113 for index 909240, 910/1000.
The last entry of errorHistory is 0.000071 for index 909241, 910/1000.
Terminated at swamp 0.5.
The last entry of errorHistory is 0.500482 for index 909242, 910/1000.
The last entry of errorHistory is 1.000000 for index 909243, 910/1000.
Terminated at swamp 0.5.
The last entry of errorHistory is 0.500698 for index 909244, 910/1000.
Terminated at swamp 0.5.
The last entry of errorHistory is 0.500629 for index 909245, 910/1000.
The last entry of errorHistory is 0.000726 for index 909246, 910/1000.
The last entry of errorHistory is 0.500000 for index 909247, 910/1000.
The last entry of errorHistory is 1.000000 for index 909248, 910/1000.
Terminated at swamp 0.5.
The last entry of errorHistory is 0.500347 for index 909249, 910/1000.
The last entry of errorHistory is 1.000000 for index 909250, 910/1000.
Terminated at swamp 0.5.
The last entry of errorHistory is 0.500069 for index 909251, 910/1000.
Terminated at swamp 0.5.
The last entry of errorHistory is 0.500328 for index 909252, 910/1000.
Terminated at swamp 0.5.
The last entry of errorHistory is 0.500527 for index 909253, 910/1000.
The last entry of errorHistory is 1.000000 for index 909254, 910/1000.
Terminated at swamp 0.5.
The last entry of errorHistory is 0.500025 for index 909255, 910/1000.
Terminated at swamp 0.5.
The last entry of errorHistory is 0.500669 for index 909256, 910/1000.
Terminated at swamp 0.5.
The last entry of errorHistory is 0.500201 for index 909257, 910/1000.
Terminated at swamp 1.
The last entry of errorHistory is 1.000191 for index 909258, 910/1000.
Terminated at swamp 0.5.
The last entry of errorHistory is 0.500173 for index 909259, 910/1000.
The last entry of errorHistory is 1.000000 for index 909260, 910/1000.
Terminated at swamp 1.
The last entry of errorHistory is 1.000546 for index 909261, 910/1000.
Terminated at swamp 0.5.
The last entry of errorHistory is 0.500071 for index 909262, 910/1000.
Terminated at swamp 1.
The last entry of errorHistory is 1.000057 for index 909263, 910/1000.
The last entry of errorHistory is 1.500000 for index 909264, 910/1000.
Terminated at swamp 0.5.
The last entry of errorHistory is 0.500591 for index 909265, 910/1000.
Terminated at swamp 0.5.
The last entry of errorHistory is 0.500515 for index 909266, 910/1000.
Terminated at swamp 1.
The last entry of errorHistory is 1.000606 for index 909267, 910/1000.
The last entry of errorHistory is 1.000000 for index 909268, 910/1000.
The last entry of errorHistory is 0.500000 for index 909269, 910/1000.
Terminated at swamp 0.5.
The last entry of errorHistory is 0.500000 for index 909270, 910/1000.
The last entry of errorHistory is 1.000000 for index 909271, 910/1000.
Terminated at swamp 1.
The last entry of errorHistory is 1.000007 for index 909272, 910/1000.
The last entry of errorHistory is 1.500000 for index 909273, 910/1000.
The last entry of errorHistory is 1.000000 for index 909274, 910/1000.
The last entry of errorHistory is 0.000017 for index 909275, 910/1000.
Terminated at swamp 0.5.
The last entry of errorHistory is 0.500187 for index 909276, 910/1000.
Terminated at swamp 0.5.
The last entry of errorHistory is 0.500464 for index 909277, 910/1000.
Terminated at swamp 0.5.
The last entry of errorHistory is 0.500407 for index 909278, 910/1000.
The last entry of errorHistory is 1.000000 for index 909279, 910/1000.
The last entry of errorHistory is 0.000036 for index 909280, 910/1000.
The last entry of errorHistory is 1.500000 for index 909281, 910/1000.
The last entry of errorHistory is 0.000044 for index 909282, 910/1000.
Terminated at swamp 0.5.
The last entry of errorHistory is 0.500000 for index 909283, 910/1000.
Terminated at swamp 1.
The last entry of errorHistory is 1.000089 for index 909284, 910/1000.
Terminated at swamp 0.5.
The last entry of errorHistory is 0.500088 for index 909285, 910/1000.
The last entry of errorHistory is 1.000000 for index 909286, 910/1000.
Terminated at swamp 0.5.
The last entry of errorHistory is 0.500284 for index 909287, 910/1000.
The last entry of errorHistory is 0.500000 for index 909288, 910/1000.
Terminated at swamp 0.5.
The last entry of errorHistory is 0.500379 for index 909289, 910/1000.
Terminated at swamp 0.5.
The last entry of errorHistory is 0.500478 for index 909290, 910/1000.
Terminated at swamp 1.
The last entry of errorHistory is 1.000003 for index 909291, 910/1000.
The last entry of errorHistory is 1.000000 for index 909292, 910/1000.
The last entry of errorHistory is 1.000000 for index 909293, 910/1000.
The last entry of errorHistory is 0.000514 for index 909294, 910/1000.
Terminated at swamp 0.5.
The last entry of errorHistory is 0.500456 for index 909295, 910/1000.
Terminated at swamp 1.
The last entry of errorHistory is 1.000252 for index 909296, 910/1000.
Terminated at swamp 0.5.
The last entry of errorHistory is 0.500331 for index 909297, 910/1000.
Terminated at swamp 0.5.
The last entry of errorHistory is 0.500460 for index 909298, 910/1000.
Terminated at swamp 1.
The last entry of errorHistory is 1.000034 for index 909299, 910/1000.
The last entry of errorHistory is 1.500000 for index 909300, 910/1000.
Terminated at swamp 0.5.
The last entry of errorHistory is 0.500531 for index 909301, 910/1000.
The last entry of errorHistory is 0.000015 for index 909302, 910/1000.
Terminated at swamp 0.5.
The last entry of errorHistory is 0.500343 for index 909303, 910/1000.
Terminated at swamp 1.
The last entry of errorHistory is 1.000112 for index 909304, 910/1000.
Terminated at swamp 1.
The last entry of errorHistory is 1.000000 for index 909305, 910/1000.
The last entry of errorHistory is 0.000069 for index 909306, 910/1000.
The last entry of errorHistory is 0.000008 for index 909307, 910/1000.
The last entry of errorHistory is 0.000020 for index 909308, 910/1000.
The last entry of errorHistory is 0.000061 for index 909309, 910/1000.
Terminated at swamp 1.
The last entry of errorHistory is 1.000005 for index 909310, 910/1000.
The last entry of errorHistory is 1.500000 for index 909311, 910/1000.
Terminated at swamp 0.5.
The last entry of errorHistory is 0.500341 for index 909312, 910/1000.
The last entry of errorHistory is 0.500000 for index 909313, 910/1000.
The last entry of errorHistory is 1.000000 for index 909314, 910/1000.
The last entry of errorHistory is 0.000073 for index 909315, 910/1000.
The last entry of errorHistory is 0.500000 for index 909316, 910/1000.
The last entry of errorHistory is 1.000000 for index 909317, 910/1000.
The last entry of errorHistory is 1.000000 for index 909318, 910/1000.
The last entry of errorHistory is 1.000000 for index 909319, 910/1000.
Terminated at swamp 1.
The last entry of errorHistory is 1.000001 for index 909320, 910/1000.
Terminated at swamp 0.5.
The last entry of errorHistory is 0.500504 for index 909321, 910/1000.
The last entry of errorHistory is 1.000000 for index 909322, 910/1000.
Terminated at swamp 0.5.
The last entry of errorHistory is 0.500666 for index 909323, 910/1000.
Terminated at swamp 1.5.
The last entry of errorHistory is 1.500014 for index 909324, 910/1000.
Terminated at swamp 0.5.
The last entry of errorHistory is 0.500507 for index 909325, 910/1000.
The last entry of errorHistory is 0.000637 for index 909326, 910/1000.
The last entry of errorHistory is 0.000016 for index 909327, 910/1000.
Terminated at swamp 0.5.
The last entry of errorHistory is 0.500474 for index 909328, 910/1000.
Terminated at swamp 0.5.
The last entry of errorHistory is 0.500602 for index 909329, 910/1000.
Terminated at swamp 1.
The last entry of errorHistory is 1.000030 for index 909330, 910/1000.
Terminated at swamp 0.5.
The last entry of errorHistory is 0.500509 for index 909331, 910/1000.
Terminated at swamp 1.
The last entry of errorHistory is 1.000000 for index 909332, 910/1000.
The last entry of errorHistory is 1.000000 for index 909333, 910/1000.
The last entry of errorHistory is 0.001581 for index 909334, 910/1000.
The last entry of errorHistory is 0.000059 for index 909335, 910/1000.
Terminated at swamp 0.5.
The last entry of errorHistory is 0.500165 for index 909336, 910/1000.
The last entry of errorHistory is 1.000000 for index 909337, 910/1000.
Terminated at swamp 0.5.
The last entry of errorHistory is 0.500495 for index 909338, 910/1000.
Terminated at swamp 0.5.
The last entry of errorHistory is 0.500000 for index 909339, 910/1000.
Terminated at swamp 0.5.
The last entry of errorHistory is 0.500684 for index 909340, 910/1000.
Terminated at swamp 0.5.
The last entry of errorHistory is 0.500404 for index 909341, 910/1000.
Terminated at swamp 0.5.
The last entry of errorHistory is 0.500439 for index 909342, 910/1000.
Terminated at swamp 0.5.
The last entry of errorHistory is 0.500516 for index 909343, 910/1000.
The last entry of errorHistory is 1.000000 for index 909344, 910/1000.
The last entry of errorHistory is 1.000000 for index 909345, 910/1000.
Terminated at swamp 1.
The last entry of errorHistory is 1.000455 for index 909346, 910/1000.
The last entry of errorHistory is 1.000000 for index 909347, 910/1000.
Terminated at swamp 0.5.
The last entry of errorHistory is 0.500419 for index 909348, 910/1000.
Terminated at swamp 0.5.
The last entry of errorHistory is 0.500522 for index 909349, 910/1000.
The last entry of errorHistory is 0.000658 for index 909350, 910/1000.
The last entry of errorHistory is 0.000571 for index 909351, 910/1000.
The last entry of errorHistory is 0.000019 for index 909352, 910/1000.
The last entry of errorHistory is 1.000000 for index 909353, 910/1000.
The last entry of errorHistory is 0.001035 for index 909354, 910/1000.
Terminated at swamp 0.5.
The last entry of errorHistory is 0.500441 for index 909355, 910/1000.
Terminated at swamp 0.5.
The last entry of errorHistory is 0.500681 for index 909356, 910/1000.
The last entry of errorHistory is 1.000000 for index 909357, 910/1000.
The last entry of errorHistory is 0.000357 for index 909358, 910/1000.
Terminated at swamp 0.5.
The last entry of errorHistory is 0.500472 for index 909359, 910/1000.
Terminated at swamp 0.5.
The last entry of errorHistory is 0.500031 for index 909360, 910/1000.
Terminated at swamp 0.5.
The last entry of errorHistory is 0.500448 for index 909361, 910/1000.
The last entry of errorHistory is 1.000000 for index 909362, 910/1000.
Terminated at swamp 0.5.
The last entry of errorHistory is 0.500000 for index 909363, 910/1000.
Terminated at swamp 0.5.
The last entry of errorHistory is 0.500220 for index 909364, 910/1000.
Terminated at swamp 0.5.
The last entry of errorHistory is 0.500490 for index 909365, 910/1000.
Terminated at swamp 1.
The last entry of errorHistory is 1.000000 for index 909366, 910/1000.
The last entry of errorHistory is 1.000000 for index 909367, 910/1000.
Terminated at swamp 1.
The last entry of errorHistory is 1.000402 for index 909368, 910/1000.
Terminated at swamp 1.
The last entry of errorHistory is 1.000096 for index 909369, 910/1000.
The last entry of errorHistory is 0.500000 for index 909370, 910/1000.
Terminated at swamp 0.5.
The last entry of errorHistory is 0.500297 for index 909371, 910/1000.
Terminated at swamp 0.5.
The last entry of errorHistory is 0.500092 for index 909372, 910/1000.
Terminated at swamp 1.
The last entry of errorHistory is 1.000326 for index 909373, 910/1000.
The last entry of errorHistory is 0.000218 for index 909374, 910/1000.
Terminated at swamp 1.
The last entry of errorHistory is 1.000144 for index 909375, 910/1000.
The last entry of errorHistory is 0.500000 for index 909376, 910/1000.
Terminated at swamp 0.5.
The last entry of errorHistory is 0.500588 for index 909377, 910/1000.
Terminated at swamp 0.5.
The last entry of errorHistory is 0.500168 for index 909378, 910/1000.
Terminated at swamp 0.5.
The last entry of errorHistory is 0.500351 for index 909379, 910/1000.
Terminated at swamp 0.5.
The last entry of errorHistory is 0.500586 for index 909380, 910/1000.
Terminated at swamp 0.5.
The last entry of errorHistory is 0.500628 for index 909381, 910/1000.
Terminated at swamp 0.5.
The last entry of errorHistory is 0.500141 for index 909382, 910/1000.
Terminated at swamp 0.5.
The last entry of errorHistory is 0.500355 for index 909383, 910/1000.
Terminated at swamp 0.5.
The last entry of errorHistory is 0.500047 for index 909384, 910/1000.
Terminated at swamp 0.5.
The last entry of errorHistory is 0.500207 for index 909385, 910/1000.
Terminated at swamp 1.
The last entry of errorHistory is 1.000281 for index 909386, 910/1000.
Terminated at swamp 0.5.
The last entry of errorHistory is 0.500512 for index 909387, 910/1000.
The last entry of errorHistory is 1.500000 for index 909388, 910/1000.
The last entry of errorHistory is 1.000000 for index 909389, 910/1000.
Terminated at swamp 0.5.
The last entry of errorHistory is 0.500360 for index 909390, 910/1000.
Terminated at swamp 1.
The last entry of errorHistory is 1.000089 for index 909391, 910/1000.
Terminated at swamp 0.5.
The last entry of errorHistory is 0.500388 for index 909392, 910/1000.
The last entry of errorHistory is 0.000230 for index 909393, 910/1000.
Terminated at swamp 0.5.
The last entry of errorHistory is 0.500000 for index 909394, 910/1000.
The last entry of errorHistory is 0.500000 for index 909395, 910/1000.
The last entry of errorHistory is 0.000840 for index 909396, 910/1000.
Terminated at swamp 0.5.
The last entry of errorHistory is 0.500374 for index 909397, 910/1000.
Terminated at swamp 0.5.
The last entry of errorHistory is 0.500625 for index 909398, 910/1000.
The last entry of errorHistory is 0.000028 for index 909399, 910/1000.
The last entry of errorHistory is 0.000010 for index 909400, 910/1000.
The last entry of errorHistory is 0.000403 for index 909401, 910/1000.
Terminated at swamp 1.
The last entry of errorHistory is 1.000243 for index 909402, 910/1000.
The last entry of errorHistory is 1.500000 for index 909403, 910/1000.
The last entry of errorHistory is 1.000000 for index 909404, 910/1000.
Terminated at swamp 0.5.
The last entry of errorHistory is 0.500405 for index 909405, 910/1000.
The last entry of errorHistory is 0.000708 for index 909406, 910/1000.
Terminated at swamp 0.5.
The last entry of errorHistory is 0.500480 for index 909407, 910/1000.
The last entry of errorHistory is 1.000000 for index 909408, 910/1000.
The last entry of errorHistory is 0.500000 for index 909409, 910/1000.
Terminated at swamp 0.5.
The last entry of errorHistory is 0.500637 for index 909410, 910/1000.
The last entry of errorHistory is 1.000000 for index 909411, 910/1000.
Terminated at swamp 0.5.
The last entry of errorHistory is 0.500354 for index 909412, 910/1000.
Terminated at swamp 0.5.
The last entry of errorHistory is 0.500374 for index 909413, 910/1000.
The last entry of errorHistory is 1.000000 for index 909414, 910/1000.
The last entry of errorHistory is 1.000000 for index 909415, 910/1000.
Terminated at swamp 0.5.
The last entry of errorHistory is 0.500061 for index 909416, 910/1000.
Terminated at swamp 1.
The last entry of errorHistory is 1.000003 for index 909417, 910/1000.
The last entry of errorHistory is 0.501261 for index 909418, 910/1000.
Terminated at swamp 0.5.
The last entry of errorHistory is 0.500216 for index 909419, 910/1000.
Terminated at swamp 0.5.
The last entry of errorHistory is 0.500621 for index 909420, 910/1000.
Terminated at swamp 0.5.
The last entry of errorHistory is 0.500607 for index 909421, 910/1000.
Terminated at swamp 0.5.
The last entry of errorHistory is 0.500585 for index 909422, 910/1000.
Terminated at swamp 0.5.
The last entry of errorHistory is 0.500082 for index 909423, 910/1000.
Terminated at swamp 0.5.
The last entry of errorHistory is 0.500334 for index 909424, 910/1000.
The last entry of errorHistory is 0.500000 for index 909425, 910/1000.
Terminated at swamp 0.5.
The last entry of errorHistory is 0.500328 for index 909426, 910/1000.
The last entry of errorHistory is 1.000000 for index 909427, 910/1000.
Terminated at swamp 0.5.
The last entry of errorHistory is 0.500662 for index 909428, 910/1000.
Terminated at swamp 0.5.
The last entry of errorHistory is 0.500199 for index 909429, 910/1000.
The last entry of errorHistory is 0.500000 for index 909430, 910/1000.
The last entry of errorHistory is 1.000000 for index 909431, 910/1000.
The last entry of errorHistory is 0.500000 for index 909432, 910/1000.
Terminated at swamp 1.
The last entry of errorHistory is 1.000425 for index 909433, 910/1000.
The last entry of errorHistory is 0.000019 for index 909434, 910/1000.
Terminated at swamp 0.5.
The last entry of errorHistory is 0.500101 for index 909435, 910/1000.
Terminated at swamp 1.
The last entry of errorHistory is 1.000337 for index 909436, 910/1000.
The last entry of errorHistory is 0.000403 for index 909437, 910/1000.
The last entry of errorHistory is 1.000000 for index 909438, 910/1000.
Terminated at swamp 0.5.
The last entry of errorHistory is 0.500204 for index 909439, 910/1000.
Terminated at swamp 0.5.
The last entry of errorHistory is 0.500432 for index 909440, 910/1000.
Terminated at swamp 1.
The last entry of errorHistory is 1.000032 for index 909441, 910/1000.
The last entry of errorHistory is 0.500000 for index 909442, 910/1000.
The last entry of errorHistory is 1.000000 for index 909443, 910/1000.
The last entry of errorHistory is 0.000051 for index 909444, 910/1000.
The last entry of errorHistory is 0.000021 for index 909445, 910/1000.
Terminated at swamp 0.5.
The last entry of errorHistory is 0.500176 for index 909446, 910/1000.
Terminated at swamp 0.5.
The last entry of errorHistory is 0.500335 for index 909447, 910/1000.
Terminated at swamp 0.5.
The last entry of errorHistory is 0.500632 for index 909448, 910/1000.
Terminated at swamp 1.
The last entry of errorHistory is 1.000001 for index 909449, 910/1000.
The last entry of errorHistory is 0.500000 for index 909450, 910/1000.
Terminated at swamp 0.5.
The last entry of errorHistory is 0.500282 for index 909451, 910/1000.
The last entry of errorHistory is 1.000000 for index 909452, 910/1000.
Terminated at swamp 1.
The last entry of errorHistory is 1.000000 for index 909453, 910/1000.
Terminated at swamp 0.5.
The last entry of errorHistory is 0.500274 for index 909454, 910/1000.
Terminated at swamp 0.5.
The last entry of errorHistory is 0.500213 for index 909455, 910/1000.
Terminated at swamp 0.5.
The last entry of errorHistory is 0.500292 for index 909456, 910/1000.
Terminated at swamp 0.5.
The last entry of errorHistory is 0.500405 for index 909457, 910/1000.
Terminated at swamp 1.
The last entry of errorHistory is 1.000079 for index 909458, 910/1000.
The last entry of errorHistory is 0.500000 for index 909459, 910/1000.
The last entry of errorHistory is 0.000013 for index 909460, 910/1000.
The last entry of errorHistory is 1.000000 for index 909461, 910/1000.
The last entry of errorHistory is 0.000621 for index 909462, 910/1000.
The last entry of errorHistory is 1.000000 for index 909463, 910/1000.
Terminated at swamp 1.
The last entry of errorHistory is 1.000346 for index 909464, 910/1000.
The last entry of errorHistory is 1.000000 for index 909465, 910/1000.
Terminated at swamp 1.
The last entry of errorHistory is 1.000298 for index 909466, 910/1000.
The last entry of errorHistory is 0.000412 for index 909467, 910/1000.
Terminated at swamp 0.5.
The last entry of errorHistory is 0.500603 for index 909468, 910/1000.
Terminated at swamp 0.5.
The last entry of errorHistory is 0.500542 for index 909469, 910/1000.
Terminated at swamp 0.5.
The last entry of errorHistory is 0.500420 for index 909470, 910/1000.
Terminated at swamp 1.
The last entry of errorHistory is 0.999009 for index 909471, 910/1000.
Terminated at swamp 0.5.
The last entry of errorHistory is 0.500000 for index 909472, 910/1000.
The last entry of errorHistory is 0.000013 for index 909473, 910/1000.
Terminated at swamp 0.5.
The last entry of errorHistory is 0.500052 for index 909474, 910/1000.
Terminated at swamp 1.
The last entry of errorHistory is 1.000082 for index 909475, 910/1000.
Terminated at swamp 0.5.
The last entry of errorHistory is 0.500676 for index 909476, 910/1000.
Terminated at swamp 0.5.
The last entry of errorHistory is 0.500111 for index 909477, 910/1000.
Terminated at swamp 1.
The last entry of errorHistory is 1.000265 for index 909478, 910/1000.
Terminated at swamp 0.5.
The last entry of errorHistory is 0.500619 for index 909479, 910/1000.
Terminated at swamp 0.5.
The last entry of errorHistory is 0.500233 for index 909480, 910/1000.
Terminated at swamp 0.5.
The last entry of errorHistory is 0.500435 for index 909481, 910/1000.
Terminated at swamp 0.5.
The last entry of errorHistory is 0.500153 for index 909482, 910/1000.
Terminated at swamp 0.5.
The last entry of errorHistory is 0.500464 for index 909483, 910/1000.
Terminated at swamp 1.
The last entry of errorHistory is 1.000142 for index 909484, 910/1000.
The last entry of errorHistory is 0.000177 for index 909485, 910/1000.
The last entry of errorHistory is 1.000000 for index 909486, 910/1000.
The last entry of errorHistory is 0.500000 for index 909487, 910/1000.
Terminated at swamp 0.5.
The last entry of errorHistory is 0.500324 for index 909488, 910/1000.
The last entry of errorHistory is 1.000000 for index 909489, 910/1000.
The last entry of errorHistory is 0.001459 for index 909490, 910/1000.
Terminated at swamp 0.5.
The last entry of errorHistory is 0.500456 for index 909491, 910/1000.
The last entry of errorHistory is 0.000067 for index 909492, 910/1000.
Terminated at swamp 0.5.
The last entry of errorHistory is 0.500319 for index 909493, 910/1000.
Terminated at swamp 0.5.
The last entry of errorHistory is 0.500565 for index 909494, 910/1000.
Terminated at swamp 0.5.
The last entry of errorHistory is 0.500344 for index 909495, 910/1000.
Terminated at swamp 1.
The last entry of errorHistory is 1.000119 for index 909496, 910/1000.
The last entry of errorHistory is 1.000000 for index 909497, 910/1000.
Terminated at swamp 0.5.
The last entry of errorHistory is 0.500642 for index 909498, 910/1000.
Terminated at swamp 0.5.
The last entry of errorHistory is 0.500145 for index 909499, 910/1000.
Terminated at swamp 0.5.
The last entry of errorHistory is 0.500265 for index 909500, 910/1000.
Terminated at swamp 0.5.
The last entry of errorHistory is 0.500016 for index 909501, 910/1000.
Terminated at swamp 0.5.
The last entry of errorHistory is 0.500433 for index 909502, 910/1000.
Terminated at swamp 0.5.
The last entry of errorHistory is 0.500264 for index 909503, 910/1000.
Terminated at swamp 0.5.
The last entry of errorHistory is 0.500945 for index 909504, 910/1000.
Terminated at swamp 0.5.
The last entry of errorHistory is 0.500735 for index 909505, 910/1000.
Terminated at swamp 0.5.
The last entry of errorHistory is 0.500142 for index 909506, 910/1000.
Terminated at swamp 0.5.
The last entry of errorHistory is 0.500927 for index 909507, 910/1000.
Terminated at swamp 0.5.
The last entry of errorHistory is 0.500336 for index 909508, 910/1000.
The last entry of errorHistory is 1.500000 for index 909509, 910/1000.
The last entry of errorHistory is 1.000000 for index 909510, 910/1000.
Terminated at swamp 0.5.
The last entry of errorHistory is 0.500062 for index 909511, 910/1000.
Terminated at swamp 0.5.
The last entry of errorHistory is 0.500685 for index 909512, 910/1000.
The last entry of errorHistory is 0.000452 for index 909513, 910/1000.
Terminated at swamp 0.5.
The last entry of errorHistory is 0.500223 for index 909514, 910/1000.
Terminated at swamp 0.5.
The last entry of errorHistory is 0.500280 for index 909515, 910/1000.
The last entry of errorHistory is 0.000055 for index 909516, 910/1000.
Terminated at swamp 1.
The last entry of errorHistory is 1.000095 for index 909517, 910/1000.
Terminated at swamp 0.5.
The last entry of errorHistory is 0.500558 for index 909518, 910/1000.
The last entry of errorHistory is 0.000007 for index 909519, 910/1000.
Terminated at swamp 0.5.
The last entry of errorHistory is 0.500637 for index 909520, 910/1000.
Terminated at swamp 0.5.
The last entry of errorHistory is 0.500574 for index 909521, 910/1000.
Terminated at swamp 0.5.
The last entry of errorHistory is 0.500022 for index 909522, 910/1000.
The last entry of errorHistory is 0.000017 for index 909523, 910/1000.
The last entry of errorHistory is 0.000036 for index 909524, 910/1000.
Terminated at swamp 1.
The last entry of errorHistory is 1.000000 for index 909525, 910/1000.
Terminated at swamp 0.5.
The last entry of errorHistory is 0.500466 for index 909526, 910/1000.
Terminated at swamp 0.5.
The last entry of errorHistory is 0.500035 for index 909527, 910/1000.
Terminated at swamp 1.
The last entry of errorHistory is 1.000532 for index 909528, 910/1000.
The last entry of errorHistory is 1.500000 for index 909529, 910/1000.
The last entry of errorHistory is 1.000000 for index 909530, 910/1000.
The last entry of errorHistory is 0.000018 for index 909531, 910/1000.
The last entry of errorHistory is 1.500000 for index 909532, 910/1000.
Terminated at swamp 1.
The last entry of errorHistory is 1.000349 for index 909533, 910/1000.
Terminated at swamp 0.5.
The last entry of errorHistory is 0.500387 for index 909534, 910/1000.
Terminated at swamp 1.5.
The last entry of errorHistory is 1.500298 for index 909535, 910/1000.
The last entry of errorHistory is 1.000000 for index 909536, 910/1000.
Terminated at swamp 0.5.
The last entry of errorHistory is 0.500615 for index 909537, 910/1000.
Terminated at swamp 0.5.
The last entry of errorHistory is 0.500436 for index 909538, 910/1000.
The last entry of errorHistory is 1.000000 for index 909539, 910/1000.
Terminated at swamp 1.
The last entry of errorHistory is 0.999966 for index 909540, 910/1000.
Terminated at swamp 1.
The last entry of errorHistory is 1.000031 for index 909541, 910/1000.
The last entry of errorHistory is 1.000000 for index 909542, 910/1000.
Terminated at swamp 1.
The last entry of errorHistory is 1.000257 for index 909543, 910/1000.
Terminated at swamp 0.5.
The last entry of errorHistory is 0.500447 for index 909544, 910/1000.
Terminated at swamp 0.5.
The last entry of errorHistory is 0.500400 for index 909545, 910/1000.
The last entry of errorHistory is 1.000000 for index 909546, 910/1000.
Terminated at swamp 0.5.
The last entry of errorHistory is 0.500027 for index 909547, 910/1000.
Terminated at swamp 1.
The last entry of errorHistory is 1.000032 for index 909548, 910/1000.
Terminated at swamp 0.5.
The last entry of errorHistory is 0.500323 for index 909549, 910/1000.
The last entry of errorHistory is 0.000036 for index 909550, 910/1000.
Terminated at swamp 1.
The last entry of errorHistory is 1.000293 for index 909551, 910/1000.
Terminated at swamp 0.5.
The last entry of errorHistory is 0.500563 for index 909552, 910/1000.
The last entry of errorHistory is 0.500000 for index 909553, 910/1000.
The last entry of errorHistory is 0.000509 for index 909554, 910/1000.
Terminated at swamp 1.
The last entry of errorHistory is 1.000152 for index 909555, 910/1000.
The last entry of errorHistory is 0.500000 for index 909556, 910/1000.
The last entry of errorHistory is 0.000020 for index 909557, 910/1000.
Terminated at swamp 0.5.
The last entry of errorHistory is 0.500053 for index 909558, 910/1000.
The last entry of errorHistory is 1.000000 for index 909559, 910/1000.
The last entry of errorHistory is 1.000000 for index 909560, 910/1000.
The last entry of errorHistory is 0.000009 for index 909561, 910/1000.
Terminated at swamp 1.
The last entry of errorHistory is 1.000066 for index 909562, 910/1000.
The last entry of errorHistory is 1.000000 for index 909563, 910/1000.
The last entry of errorHistory is 1.000000 for index 909564, 910/1000.
Terminated at swamp 0.5.
The last entry of errorHistory is 0.500479 for index 909565, 910/1000.
The last entry of errorHistory is 1.000000 for index 909566, 910/1000.
Terminated at swamp 0.5.
The last entry of errorHistory is 0.500015 for index 909567, 910/1000.
Terminated at swamp 0.5.
The last entry of errorHistory is 0.500530 for index 909568, 910/1000.
Terminated at swamp 0.5.
The last entry of errorHistory is 0.500545 for index 909569, 910/1000.
The last entry of errorHistory is 1.000000 for index 909570, 910/1000.
Terminated at swamp 1.5.
The last entry of errorHistory is 1.500577 for index 909571, 910/1000.
Terminated at swamp 0.5.
The last entry of errorHistory is 0.500189 for index 909572, 910/1000.
Terminated at swamp 1.
The last entry of errorHistory is 1.000430 for index 909573, 910/1000.
Terminated at swamp 1.
The last entry of errorHistory is 1.000000 for index 909574, 910/1000.
Terminated at swamp 1.
The last entry of errorHistory is 1.000247 for index 909575, 910/1000.
Terminated at swamp 1.
The last entry of errorHistory is 1.000000 for index 909576, 910/1000.
Terminated at swamp 1.
The last entry of errorHistory is 1.000164 for index 909577, 910/1000.
Terminated at swamp 0.5.
The last entry of errorHistory is 0.500033 for index 909578, 910/1000.
The last entry of errorHistory is 0.000678 for index 909579, 910/1000.
Terminated at swamp 0.5.
The last entry of errorHistory is 0.500636 for index 909580, 910/1000.
Terminated at swamp 0.5.
The last entry of errorHistory is 0.500499 for index 909581, 910/1000.
Terminated at swamp 1.
The last entry of errorHistory is 1.000187 for index 909582, 910/1000.
Terminated at swamp 0.5.
The last entry of errorHistory is 0.500516 for index 909583, 910/1000.
Terminated at swamp 0.5.
The last entry of errorHistory is 0.500652 for index 909584, 910/1000.
Terminated at swamp 0.5.
The last entry of errorHistory is 0.500829 for index 909585, 910/1000.
Terminated at swamp 0.5.
The last entry of errorHistory is 0.500418 for index 909586, 910/1000.
Terminated at swamp 0.5.
The last entry of errorHistory is 0.500161 for index 909587, 910/1000.
The last entry of errorHistory is 1.000000 for index 909588, 910/1000.
Terminated at swamp 0.5.
The last entry of errorHistory is 0.500155 for index 909589, 910/1000.
Terminated at swamp 0.5.
The last entry of errorHistory is 0.500247 for index 909590, 910/1000.
Terminated at swamp 1.
The last entry of errorHistory is 1.000491 for index 909591, 910/1000.
Terminated at swamp 0.5.
The last entry of errorHistory is 0.500583 for index 909592, 910/1000.
Terminated at swamp 0.5.
The last entry of errorHistory is 0.500039 for index 909593, 910/1000.
Terminated at swamp 0.5.
The last entry of errorHistory is 0.500256 for index 909594, 910/1000.
Terminated at swamp 0.5.
The last entry of errorHistory is 0.500298 for index 909595, 910/1000.
Terminated at swamp 0.5.
The last entry of errorHistory is 0.500186 for index 909596, 910/1000.
Terminated at swamp 0.5.
The last entry of errorHistory is 0.500490 for index 909597, 910/1000.
Terminated at swamp 0.5.
The last entry of errorHistory is 0.500617 for index 909598, 910/1000.
The last entry of errorHistory is 0.000946 for index 909599, 910/1000.
The last entry of errorHistory is 1.000000 for index 909600, 910/1000.
Terminated at swamp 0.5.
The last entry of errorHistory is 0.500155 for index 909601, 910/1000.
The last entry of errorHistory is 1.000000 for index 909602, 910/1000.
The last entry of errorHistory is 0.000752 for index 909603, 910/1000.
The last entry of errorHistory is 0.000014 for index 909604, 910/1000.
Terminated at swamp 0.5.
The last entry of errorHistory is 0.500424 for index 909605, 910/1000.
Terminated at swamp 0.5.
The last entry of errorHistory is 0.500379 for index 909606, 910/1000.
Terminated at swamp 0.5.
The last entry of errorHistory is 0.500481 for index 909607, 910/1000.
Terminated at swamp 0.5.
The last entry of errorHistory is 0.500674 for index 909608, 910/1000.
Terminated at swamp 0.5.
The last entry of errorHistory is 0.500377 for index 909609, 910/1000.
Terminated at swamp 0.5.
The last entry of errorHistory is 0.500297 for index 909610, 910/1000.
Terminated at swamp 0.5.
The last entry of errorHistory is 0.500021 for index 909611, 910/1000.
Terminated at swamp 0.5.
The last entry of errorHistory is 0.500314 for index 909612, 910/1000.
Terminated at swamp 1.
The last entry of errorHistory is 1.000000 for index 909613, 910/1000.
Terminated at swamp 1.
The last entry of errorHistory is 1.000220 for index 909614, 910/1000.
Terminated at swamp 0.5.
The last entry of errorHistory is 0.500338 for index 909615, 910/1000.
Terminated at swamp 0.5.
The last entry of errorHistory is 0.500205 for index 909616, 910/1000.
Terminated at swamp 1.5.
The last entry of errorHistory is 1.500359 for index 909617, 910/1000.
Terminated at swamp 1.
The last entry of errorHistory is 1.000178 for index 909618, 910/1000.
The last entry of errorHistory is 0.000898 for index 909619, 910/1000.
Terminated at swamp 0.5.
The last entry of errorHistory is 0.500516 for index 909620, 910/1000.
Terminated at swamp 0.5.
The last entry of errorHistory is 0.500181 for index 909621, 910/1000.
The last entry of errorHistory is 1.000000 for index 909622, 910/1000.
Terminated at swamp 0.5.
The last entry of errorHistory is 0.500019 for index 909623, 910/1000.
Terminated at swamp 0.5.
The last entry of errorHistory is 0.500512 for index 909624, 910/1000.
Terminated at swamp 0.5.
The last entry of errorHistory is 0.500220 for index 909625, 910/1000.
Terminated at swamp 1.
The last entry of errorHistory is 1.000118 for index 909626, 910/1000.
Terminated at swamp 0.5.
The last entry of errorHistory is 0.500051 for index 909627, 910/1000.
Terminated at swamp 0.5.
The last entry of errorHistory is 0.500469 for index 909628, 910/1000.
Terminated at swamp 0.5.
The last entry of errorHistory is 0.500459 for index 909629, 910/1000.
The last entry of errorHistory is 0.000177 for index 909630, 910/1000.
The last entry of errorHistory is 1.000000 for index 909631, 910/1000.
Terminated at swamp 0.5.
The last entry of errorHistory is 0.500346 for index 909632, 910/1000.
The last entry of errorHistory is 1.000000 for index 909633, 910/1000.
The last entry of errorHistory is 0.000598 for index 909634, 910/1000.
Terminated at swamp 1.
The last entry of errorHistory is 1.000001 for index 909635, 910/1000.
The last entry of errorHistory is 1.000000 for index 909636, 910/1000.
Terminated at swamp 1.
The last entry of errorHistory is 1.000010 for index 909637, 910/1000.
Terminated at swamp 0.5.
The last entry of errorHistory is 0.500606 for index 909638, 910/1000.
Terminated at swamp 1.
The last entry of errorHistory is 1.000094 for index 909639, 910/1000.
The last entry of errorHistory is 1.000000 for index 909640, 910/1000.
The last entry of errorHistory is 1.000000 for index 909641, 910/1000.
Terminated at swamp 0.5.
The last entry of errorHistory is 0.500313 for index 909642, 910/1000.
Terminated at swamp 0.5.
The last entry of errorHistory is 0.500241 for index 909643, 910/1000.
Terminated at swamp 0.5.
The last entry of errorHistory is 0.500241 for index 909644, 910/1000.
Terminated at swamp 0.5.
The last entry of errorHistory is 0.500417 for index 909645, 910/1000.
The last entry of errorHistory is 0.500000 for index 909646, 910/1000.
The last entry of errorHistory is 0.500000 for index 909647, 910/1000.
Terminated at swamp 0.5.
The last entry of errorHistory is 0.500575 for index 909648, 910/1000.
Terminated at swamp 0.5.
The last entry of errorHistory is 0.500442 for index 909649, 910/1000.
Terminated at swamp 0.5.
The last entry of errorHistory is 0.500338 for index 909650, 910/1000.
Terminated at swamp 1.
The last entry of errorHistory is 1.000433 for index 909651, 910/1000.
Terminated at swamp 0.5.
The last entry of errorHistory is 0.500284 for index 909652, 910/1000.
The last entry of errorHistory is 1.000000 for index 909653, 910/1000.
The last entry of errorHistory is 0.000014 for index 909654, 910/1000.
Terminated at swamp 0.5.
The last entry of errorHistory is 0.500330 for index 909655, 910/1000.
The last entry of errorHistory is 1.000000 for index 909656, 910/1000.
The last entry of errorHistory is 0.000011 for index 909657, 910/1000.
The last entry of errorHistory is 0.000261 for index 909658, 910/1000.
Terminated at swamp 0.5.
The last entry of errorHistory is 0.500078 for index 909659, 910/1000.
Terminated at swamp 1.
The last entry of errorHistory is 1.000096 for index 909660, 910/1000.
Terminated at swamp 0.5.
The last entry of errorHistory is 0.500327 for index 909661, 910/1000.
Terminated at swamp 0.5.
The last entry of errorHistory is 0.500242 for index 909662, 910/1000.
Terminated at swamp 1.
The last entry of errorHistory is 1.000107 for index 909663, 910/1000.
The last entry of errorHistory is 0.000020 for index 909664, 910/1000.
Terminated at swamp 1.
The last entry of errorHistory is 1.000082 for index 909665, 910/1000.
Terminated at swamp 0.5.
The last entry of errorHistory is 0.500570 for index 909666, 910/1000.
Terminated at swamp 1.
The last entry of errorHistory is 1.000000 for index 909667, 910/1000.
Terminated at swamp 0.5.
The last entry of errorHistory is 0.500075 for index 909668, 910/1000.
The last entry of errorHistory is 1.500000 for index 909669, 910/1000.
The last entry of errorHistory is 0.000137 for index 909670, 910/1000.
Terminated at swamp 0.5.
The last entry of errorHistory is 0.500121 for index 909671, 910/1000.
Terminated at swamp 1.
The last entry of errorHistory is 1.000522 for index 909672, 910/1000.
Terminated at swamp 0.5.
The last entry of errorHistory is 0.500573 for index 909673, 910/1000.
Terminated at swamp 0.5.
The last entry of errorHistory is 0.500007 for index 909674, 910/1000.
Terminated at swamp 0.5.
The last entry of errorHistory is 0.500056 for index 909675, 910/1000.
Terminated at swamp 0.5.
The last entry of errorHistory is 0.500416 for index 909676, 910/1000.
Terminated at swamp 0.5.
The last entry of errorHistory is 0.500082 for index 909677, 910/1000.
Terminated at swamp 1.
The last entry of errorHistory is 1.000305 for index 909678, 910/1000.
Terminated at swamp 0.5.
The last entry of errorHistory is 0.500253 for index 909679, 910/1000.
Terminated at swamp 0.5.
The last entry of errorHistory is 0.500407 for index 909680, 910/1000.
Terminated at swamp 1.
The last entry of errorHistory is 1.000051 for index 909681, 910/1000.
Terminated at swamp 1.
The last entry of errorHistory is 1.000112 for index 909682, 910/1000.
Terminated at swamp 0.5.
The last entry of errorHistory is 0.500731 for index 909683, 910/1000.
Terminated at swamp 0.5.
The last entry of errorHistory is 0.500460 for index 909684, 910/1000.
Terminated at swamp 0.5.
The last entry of errorHistory is 0.500531 for index 909685, 910/1000.
Terminated at swamp 1.
The last entry of errorHistory is 1.000000 for index 909686, 910/1000.
The last entry of errorHistory is 1.500000 for index 909687, 910/1000.
Terminated at swamp 1.
The last entry of errorHistory is 1.000029 for index 909688, 910/1000.
The last entry of errorHistory is 1.000000 for index 909689, 910/1000.
The last entry of errorHistory is 1.000000 for index 909690, 910/1000.
Terminated at swamp 0.5.
The last entry of errorHistory is 0.500571 for index 909691, 910/1000.
Terminated at swamp 0.5.
The last entry of errorHistory is 0.500480 for index 909692, 910/1000.
Terminated at swamp 0.5.
The last entry of errorHistory is 0.500329 for index 909693, 910/1000.
Terminated at swamp 0.5.
The last entry of errorHistory is 0.500398 for index 909694, 910/1000.
Terminated at swamp 1.
The last entry of errorHistory is 1.000000 for index 909695, 910/1000.
Terminated at swamp 0.5.
The last entry of errorHistory is 0.500332 for index 909696, 910/1000.
The last entry of errorHistory is 1.000000 for index 909697, 910/1000.
Terminated at swamp 0.5.
The last entry of errorHistory is 0.500253 for index 909698, 910/1000.
The last entry of errorHistory is 1.000000 for index 909699, 910/1000.
Terminated at swamp 0.5.
The last entry of errorHistory is 0.500369 for index 909700, 910/1000.
Terminated at swamp 0.5.
The last entry of errorHistory is 0.500316 for index 909701, 910/1000.
Terminated at swamp 0.5.
The last entry of errorHistory is 0.500556 for index 909702, 910/1000.
The last entry of errorHistory is 1.500000 for index 909703, 910/1000.
Terminated at swamp 1.
The last entry of errorHistory is 1.000076 for index 909704, 910/1000.
Terminated at swamp 0.5.
The last entry of errorHistory is 0.500481 for index 909705, 910/1000.
Terminated at swamp 0.5.
The last entry of errorHistory is 0.500227 for index 909706, 910/1000.
Terminated at swamp 0.5.
The last entry of errorHistory is 0.500153 for index 909707, 910/1000.
Terminated at swamp 1.
The last entry of errorHistory is 1.000429 for index 909708, 910/1000.
Terminated at swamp 1.
The last entry of errorHistory is 1.000000 for index 909709, 910/1000.
Terminated at swamp 0.5.
The last entry of errorHistory is 0.500346 for index 909710, 910/1000.
Terminated at swamp 0.5.
The last entry of errorHistory is 0.500017 for index 909711, 910/1000.
The last entry of errorHistory is 0.000051 for index 909712, 910/1000.
The last entry of errorHistory is 1.000000 for index 909713, 910/1000.
Terminated at swamp 0.5.
The last entry of errorHistory is 0.500649 for index 909714, 910/1000.
Terminated at swamp 0.5.
The last entry of errorHistory is 0.500525 for index 909715, 910/1000.
Terminated at swamp 0.5.
The last entry of errorHistory is 0.500375 for index 909716, 910/1000.
Terminated at swamp 0.5.
The last entry of errorHistory is 0.500414 for index 909717, 910/1000.
The last entry of errorHistory is 1.000000 for index 909718, 910/1000.
Terminated at swamp 1.
The last entry of errorHistory is 1.000353 for index 909719, 910/1000.
Terminated at swamp 1.
The last entry of errorHistory is 1.000350 for index 909720, 910/1000.
Terminated at swamp 1.
The last entry of errorHistory is 1.000000 for index 909721, 910/1000.
The last entry of errorHistory is 1.000000 for index 909722, 910/1000.
Terminated at swamp 0.5.
The last entry of errorHistory is 0.500217 for index 909723, 910/1000.
Terminated at swamp 0.5.
The last entry of errorHistory is 0.500413 for index 909724, 910/1000.
Terminated at swamp 1.
The last entry of errorHistory is 1.000413 for index 909725, 910/1000.
The last entry of errorHistory is 0.500000 for index 909726, 910/1000.
The last entry of errorHistory is 0.500000 for index 909727, 910/1000.
The last entry of errorHistory is 1.000000 for index 909728, 910/1000.
Terminated at swamp 0.5.
The last entry of errorHistory is 0.500533 for index 909729, 910/1000.
Terminated at swamp 1.
The last entry of errorHistory is 1.000077 for index 909730, 910/1000.
The last entry of errorHistory is 0.000030 for index 909731, 910/1000.
Terminated at swamp 0.5.
The last entry of errorHistory is 0.500282 for index 909732, 910/1000.
The last entry of errorHistory is 0.000008 for index 909733, 910/1000.
Terminated at swamp 1.
The last entry of errorHistory is 1.000010 for index 909734, 910/1000.
The last entry of errorHistory is 0.500000 for index 909735, 910/1000.
The last entry of errorHistory is 0.500000 for index 909736, 910/1000.
Terminated at swamp 0.5.
The last entry of errorHistory is 0.500211 for index 909737, 910/1000.
Terminated at swamp 1.
The last entry of errorHistory is 1.000131 for index 909738, 910/1000.
Terminated at swamp 0.5.
The last entry of errorHistory is 0.500561 for index 909739, 910/1000.
Terminated at swamp 0.5.
The last entry of errorHistory is 0.500116 for index 909740, 910/1000.
Terminated at swamp 0.5.
The last entry of errorHistory is 0.500568 for index 909741, 910/1000.
Terminated at swamp 0.5.
The last entry of errorHistory is 0.500211 for index 909742, 910/1000.
The last entry of errorHistory is 0.000021 for index 909743, 910/1000.
The last entry of errorHistory is 0.000584 for index 909744, 910/1000.
Terminated at swamp 0.5.
The last entry of errorHistory is 0.500658 for index 909745, 910/1000.
Terminated at swamp 0.5.
The last entry of errorHistory is 0.500091 for index 909746, 910/1000.
The last entry of errorHistory is 0.000061 for index 909747, 910/1000.
Terminated at swamp 1.
The last entry of errorHistory is 1.000006 for index 909748, 910/1000.
The last entry of errorHistory is 0.500000 for index 909749, 910/1000.
The last entry of errorHistory is 0.500000 for index 909750, 910/1000.
Terminated at swamp 1.
The last entry of errorHistory is 1.000517 for index 909751, 910/1000.
Terminated at swamp 0.5.
The last entry of errorHistory is 0.500488 for index 909752, 910/1000.
The last entry of errorHistory is 1.000000 for index 909753, 910/1000.
Terminated at swamp 0.5.
The last entry of errorHistory is 0.500331 for index 909754, 910/1000.
The last entry of errorHistory is 1.000000 for index 909755, 910/1000.
The last entry of errorHistory is 1.000000 for index 909756, 910/1000.
Terminated at swamp 0.5.
The last entry of errorHistory is 0.500550 for index 909757, 910/1000.
The last entry of errorHistory is 0.000082 for index 909758, 910/1000.
Terminated at swamp 0.5.
The last entry of errorHistory is 0.500463 for index 909759, 910/1000.
Terminated at swamp 0.5.
The last entry of errorHistory is 0.500161 for index 909760, 910/1000.
Terminated at swamp 0.5.
The last entry of errorHistory is 0.500228 for index 909761, 910/1000.
The last entry of errorHistory is 1.000000 for index 909762, 910/1000.
The last entry of errorHistory is 1.000000 for index 909763, 910/1000.
Terminated at swamp 0.5.
The last entry of errorHistory is 0.500422 for index 909764, 910/1000.
Terminated at swamp 0.5.
The last entry of errorHistory is 0.500465 for index 909765, 910/1000.
Terminated at swamp 0.5.
The last entry of errorHistory is 0.500492 for index 909766, 910/1000.
Terminated at swamp 1.
The last entry of errorHistory is 1.000023 for index 909767, 910/1000.
Terminated at swamp 0.5.
The last entry of errorHistory is 0.500307 for index 909768, 910/1000.
The last entry of errorHistory is 0.500000 for index 909769, 910/1000.
The last entry of errorHistory is 1.000000 for index 909770, 910/1000.
The last entry of errorHistory is 0.000021 for index 909771, 910/1000.
The last entry of errorHistory is 0.000013 for index 909772, 910/1000.
Terminated at swamp 0.5.
The last entry of errorHistory is 0.500454 for index 909773, 910/1000.
Terminated at swamp 1.
The last entry of errorHistory is 1.000353 for index 909774, 910/1000.
The last entry of errorHistory is 1.000000 for index 909775, 910/1000.
Terminated at swamp 0.5.
The last entry of errorHistory is 0.500330 for index 909776, 910/1000.
Terminated at swamp 0.5.
The last entry of errorHistory is 0.500271 for index 909777, 910/1000.
Terminated at swamp 0.5.
The last entry of errorHistory is 0.500663 for index 909778, 910/1000.
The last entry of errorHistory is 0.500000 for index 909779, 910/1000.
Terminated at swamp 0.5.
The last entry of errorHistory is 0.500475 for index 909780, 910/1000.
Terminated at swamp 0.5.
The last entry of errorHistory is 0.500250 for index 909781, 910/1000.
Terminated at swamp 0.5.
The last entry of errorHistory is 0.500622 for index 909782, 910/1000.
The last entry of errorHistory is 0.000017 for index 909783, 910/1000.
The last entry of errorHistory is 1.000000 for index 909784, 910/1000.
Terminated at swamp 0.5.
The last entry of errorHistory is 0.500003 for index 909785, 910/1000.
The last entry of errorHistory is 1.000000 for index 909786, 910/1000.
The last entry of errorHistory is 0.500000 for index 909787, 910/1000.
The last entry of errorHistory is 1.500000 for index 909788, 910/1000.
Terminated at swamp 0.5.
The last entry of errorHistory is 0.500467 for index 909789, 910/1000.
Terminated at swamp 0.5.
The last entry of errorHistory is 0.500249 for index 909790, 910/1000.
The last entry of errorHistory is 0.500000 for index 909791, 910/1000.
Terminated at swamp 0.5.
The last entry of errorHistory is 0.500063 for index 909792, 910/1000.
The last entry of errorHistory is 0.000033 for index 909793, 910/1000.
Terminated at swamp 0.5.
The last entry of errorHistory is 0.500101 for index 909794, 910/1000.
Terminated at swamp 0.5.
The last entry of errorHistory is 0.500036 for index 909795, 910/1000.
Terminated at swamp 0.5.
The last entry of errorHistory is 0.500269 for index 909796, 910/1000.
Terminated at swamp 0.5.
The last entry of errorHistory is 0.500016 for index 909797, 910/1000.
The last entry of errorHistory is 1.000000 for index 909798, 910/1000.
The last entry of errorHistory is 1.000000 for index 909799, 910/1000.
Terminated at swamp 1.
The last entry of errorHistory is 1.000164 for index 909800, 910/1000.
The last entry of errorHistory is 1.000000 for index 909801, 910/1000.
The last entry of errorHistory is 0.000476 for index 909802, 910/1000.
Terminated at swamp 1.
The last entry of errorHistory is 1.000122 for index 909803, 910/1000.
Terminated at swamp 0.5.
The last entry of errorHistory is 0.500000 for index 909804, 910/1000.
Terminated at swamp 0.5.
The last entry of errorHistory is 0.500333 for index 909805, 910/1000.
Terminated at swamp 0.5.
The last entry of errorHistory is 0.500000 for index 909806, 910/1000.
The last entry of errorHistory is 0.500000 for index 909807, 910/1000.
Terminated at swamp 0.5.
The last entry of errorHistory is 0.500000 for index 909808, 910/1000.
The last entry of errorHistory is 1.000000 for index 909809, 910/1000.
Terminated at swamp 0.5.
The last entry of errorHistory is 0.500600 for index 909810, 910/1000.
Terminated at swamp 0.5.
The last entry of errorHistory is 0.500367 for index 909811, 910/1000.
The last entry of errorHistory is 0.500000 for index 909812, 910/1000.
Terminated at swamp 0.5.
The last entry of errorHistory is 0.500592 for index 909813, 910/1000.
Terminated at swamp 0.5.
The last entry of errorHistory is 0.500373 for index 909814, 910/1000.
The last entry of errorHistory is 1.000000 for index 909815, 910/1000.
The last entry of errorHistory is 1.500000 for index 909816, 910/1000.
The last entry of errorHistory is 0.500000 for index 909817, 910/1000.
The last entry of errorHistory is 0.000037 for index 909818, 910/1000.
Terminated at swamp 1.
The last entry of errorHistory is 1.000295 for index 909819, 910/1000.
Terminated at swamp 1.
The last entry of errorHistory is 1.000383 for index 909820, 910/1000.
The last entry of errorHistory is 0.500000 for index 909821, 910/1000.
The last entry of errorHistory is 1.000000 for index 909822, 910/1000.
The last entry of errorHistory is 0.000012 for index 909823, 910/1000.
Terminated at swamp 0.5.
The last entry of errorHistory is 0.500885 for index 909824, 910/1000.
Terminated at swamp 0.5.
The last entry of errorHistory is 0.500000 for index 909825, 910/1000.
The last entry of errorHistory is 0.000092 for index 909826, 910/1000.
Terminated at swamp 0.5.
The last entry of errorHistory is 0.500033 for index 909827, 910/1000.
Terminated at swamp 0.5.
The last entry of errorHistory is 0.500141 for index 909828, 910/1000.
Terminated at swamp 0.5.
The last entry of errorHistory is 0.500044 for index 909829, 910/1000.
Terminated at swamp 0.5.
The last entry of errorHistory is 0.500681 for index 909830, 910/1000.
Terminated at swamp 1.
The last entry of errorHistory is 1.000001 for index 909831, 910/1000.
The last entry of errorHistory is 1.500000 for index 909832, 910/1000.
Terminated at swamp 0.5.
The last entry of errorHistory is 0.500676 for index 909833, 910/1000.
The last entry of errorHistory is 1.000000 for index 909834, 910/1000.
Terminated at swamp 0.5.
The last entry of errorHistory is 0.500329 for index 909835, 910/1000.
Terminated at swamp 1.
The last entry of errorHistory is 1.000543 for index 909836, 910/1000.
Terminated at swamp 0.5.
The last entry of errorHistory is 0.500535 for index 909837, 910/1000.
Terminated at swamp 0.5.
The last entry of errorHistory is 0.500317 for index 909838, 910/1000.
The last entry of errorHistory is 1.000000 for index 909839, 910/1000.
Terminated at swamp 1.
The last entry of errorHistory is 1.000002 for index 909840, 910/1000.
Terminated at swamp 0.5.
The last entry of errorHistory is 0.500281 for index 909841, 910/1000.
The last entry of errorHistory is 1.000000 for index 909842, 910/1000.
Terminated at swamp 0.5.
The last entry of errorHistory is 0.500359 for index 909843, 910/1000.
Terminated at swamp 1.
The last entry of errorHistory is 1.000157 for index 909844, 910/1000.
The last entry of errorHistory is 1.000000 for index 909845, 910/1000.
Terminated at swamp 0.5.
The last entry of errorHistory is 0.500608 for index 909846, 910/1000.
Terminated at swamp 1.
The last entry of errorHistory is 1.000000 for index 909847, 910/1000.
Terminated at swamp 0.5.
The last entry of errorHistory is 0.500507 for index 909848, 910/1000.
Terminated at swamp 0.5.
The last entry of errorHistory is 0.500497 for index 909849, 910/1000.
Terminated at swamp 1.
The last entry of errorHistory is 1.000058 for index 909850, 910/1000.
The last entry of errorHistory is 0.000021 for index 909851, 910/1000.
The last entry of errorHistory is 1.000000 for index 909852, 910/1000.
Terminated at swamp 0.5.
The last entry of errorHistory is 0.500125 for index 909853, 910/1000.
The last entry of errorHistory is 0.000398 for index 909854, 910/1000.
Terminated at swamp 0.5.
The last entry of errorHistory is 0.500004 for index 909855, 910/1000.
Terminated at swamp 0.5.
The last entry of errorHistory is 0.500239 for index 909856, 910/1000.
Terminated at swamp 0.5.
The last entry of errorHistory is 0.500557 for index 909857, 910/1000.
Terminated at swamp 0.5.
The last entry of errorHistory is 0.500602 for index 909858, 910/1000.
Terminated at swamp 0.5.
The last entry of errorHistory is 0.500346 for index 909859, 910/1000.
Terminated at swamp 0.5.
The last entry of errorHistory is 0.500448 for index 909860, 910/1000.
The last entry of errorHistory is 0.000039 for index 909861, 910/1000.
Terminated at swamp 0.5.
The last entry of errorHistory is 0.500537 for index 909862, 910/1000.
The last entry of errorHistory is 0.000057 for index 909863, 910/1000.
The last entry of errorHistory is 0.001438 for index 909864, 910/1000.
The last entry of errorHistory is 0.000013 for index 909865, 910/1000.
The last entry of errorHistory is 0.000011 for index 909866, 910/1000.
Terminated at swamp 0.5.
The last entry of errorHistory is 0.500436 for index 909867, 910/1000.
The last entry of errorHistory is 1.000000 for index 909868, 910/1000.
Terminated at swamp 0.5.
The last entry of errorHistory is 0.500296 for index 909869, 910/1000.
Terminated at swamp 0.5.
The last entry of errorHistory is 0.500132 for index 909870, 910/1000.
Terminated at swamp 1.
The last entry of errorHistory is 1.000001 for index 909871, 910/1000.
The last entry of errorHistory is 0.000015 for index 909872, 910/1000.
Terminated at swamp 0.5.
The last entry of errorHistory is 0.500394 for index 909873, 910/1000.
Terminated at swamp 0.5.
The last entry of errorHistory is 0.500608 for index 909874, 910/1000.
Terminated at swamp 0.5.
The last entry of errorHistory is 0.500143 for index 909875, 910/1000.
Terminated at swamp 0.5.
The last entry of errorHistory is 0.500352 for index 909876, 910/1000.
Terminated at swamp 0.5.
The last entry of errorHistory is 0.500558 for index 909877, 910/1000.
Terminated at swamp 0.5.
The last entry of errorHistory is 0.500458 for index 909878, 910/1000.
The last entry of errorHistory is 1.000000 for index 909879, 910/1000.
Terminated at swamp 1.
The last entry of errorHistory is 1.000203 for index 909880, 910/1000.
Terminated at swamp 0.5.
The last entry of errorHistory is 0.500216 for index 909881, 910/1000.
Terminated at swamp 0.5.
The last entry of errorHistory is 0.500139 for index 909882, 910/1000.
Terminated at swamp 0.5.
The last entry of errorHistory is 0.500682 for index 909883, 910/1000.
Terminated at swamp 0.5.
The last entry of errorHistory is 0.500579 for index 909884, 910/1000.
The last entry of errorHistory is 1.500000 for index 909885, 910/1000.
Terminated at swamp 0.5.
The last entry of errorHistory is 0.500460 for index 909886, 910/1000.
The last entry of errorHistory is 0.000067 for index 909887, 910/1000.
The last entry of errorHistory is 1.000000 for index 909888, 910/1000.
Terminated at swamp 1.
The last entry of errorHistory is 1.000000 for index 909889, 910/1000.
The last entry of errorHistory is 1.500000 for index 909890, 910/1000.
Terminated at swamp 0.5.
The last entry of errorHistory is 0.500110 for index 909891, 910/1000.
Terminated at swamp 0.5.
The last entry of errorHistory is 0.500417 for index 909892, 910/1000.
The last entry of errorHistory is 0.000020 for index 909893, 910/1000.
The last entry of errorHistory is 0.000016 for index 909894, 910/1000.
The last entry of errorHistory is 1.000000 for index 909895, 910/1000.
Terminated at swamp 0.5.
The last entry of errorHistory is 0.500166 for index 909896, 910/1000.
Terminated at swamp 1.
The last entry of errorHistory is 1.000000 for index 909897, 910/1000.
The last entry of errorHistory is 1.000000 for index 909898, 910/1000.
The last entry of errorHistory is 0.000043 for index 909899, 910/1000.
Terminated at swamp 0.5.
The last entry of errorHistory is 0.500313 for index 909900, 910/1000.
The last entry of errorHistory is 1.000000 for index 909901, 910/1000.
Terminated at swamp 0.5.
The last entry of errorHistory is 0.500011 for index 909902, 910/1000.
Terminated at swamp 0.5.
The last entry of errorHistory is 0.500671 for index 909903, 910/1000.
Terminated at swamp 1.
The last entry of errorHistory is 1.000000 for index 909904, 910/1000.
Terminated at swamp 0.5.
The last entry of errorHistory is 0.500226 for index 909905, 910/1000.
The last entry of errorHistory is 1.000000 for index 909906, 910/1000.
The last entry of errorHistory is 1.000000 for index 909907, 910/1000.
The last entry of errorHistory is 1.000000 for index 909908, 910/1000.
The last entry of errorHistory is 0.000352 for index 909909, 910/1000.
Terminated at swamp 1.
The last entry of errorHistory is 1.000000 for index 909910, 910/1000.
Terminated at swamp 1.
The last entry of errorHistory is 1.000009 for index 909911, 910/1000.
Terminated at swamp 1.
The last entry of errorHistory is 1.000017 for index 909912, 910/1000.
The last entry of errorHistory is 0.500000 for index 909913, 910/1000.
Terminated at swamp 1.
The last entry of errorHistory is 1.000549 for index 909914, 910/1000.
Terminated at swamp 0.5.
The last entry of errorHistory is 0.500051 for index 909915, 910/1000.
Terminated at swamp 0.5.
The last entry of errorHistory is 0.500513 for index 909916, 910/1000.
The last entry of errorHistory is 0.000647 for index 909917, 910/1000.
The last entry of errorHistory is 0.000760 for index 909918, 910/1000.
The last entry of errorHistory is 1.500000 for index 909919, 910/1000.
The last entry of errorHistory is 1.000000 for index 909920, 910/1000.
Terminated at swamp 1.
The last entry of errorHistory is 1.000271 for index 909921, 910/1000.
Terminated at swamp 0.5.
The last entry of errorHistory is 0.500296 for index 909922, 910/1000.
Terminated at swamp 1.
The last entry of errorHistory is 1.000160 for index 909923, 910/1000.
Terminated at swamp 1.
The last entry of errorHistory is 1.000017 for index 909924, 910/1000.
Terminated at swamp 0.5.
The last entry of errorHistory is 0.500541 for index 909925, 910/1000.
Terminated at swamp 1.
The last entry of errorHistory is 1.000303 for index 909926, 910/1000.
The last entry of errorHistory is 1.000000 for index 909927, 910/1000.
Terminated at swamp 0.5.
The last entry of errorHistory is 0.500491 for index 909928, 910/1000.
The last entry of errorHistory is 0.500000 for index 909929, 910/1000.
Terminated at swamp 0.5.
The last entry of errorHistory is 0.500094 for index 909930, 910/1000.
Terminated at swamp 0.5.
The last entry of errorHistory is 0.500452 for index 909931, 910/1000.
Terminated at swamp 0.5.
The last entry of errorHistory is 0.500061 for index 909932, 910/1000.
The last entry of errorHistory is 1.000000 for index 909933, 910/1000.
Terminated at swamp 0.5.
The last entry of errorHistory is 0.500401 for index 909934, 910/1000.
The last entry of errorHistory is 1.000000 for index 909935, 910/1000.
The last entry of errorHistory is 0.000077 for index 909936, 910/1000.
Terminated at swamp 0.5.
The last entry of errorHistory is 0.500138 for index 909937, 910/1000.
Terminated at swamp 1.
The last entry of errorHistory is 1.000357 for index 909938, 910/1000.
The last entry of errorHistory is 1.000000 for index 909939, 910/1000.
The last entry of errorHistory is 1.500000 for index 909940, 910/1000.
The last entry of errorHistory is 0.000008 for index 909941, 910/1000.
The last entry of errorHistory is 1.000000 for index 909942, 910/1000.
Terminated at swamp 0.5.
The last entry of errorHistory is 0.500426 for index 909943, 910/1000.
Terminated at swamp 1.
The last entry of errorHistory is 1.000091 for index 909944, 910/1000.
Terminated at swamp 0.5.
The last entry of errorHistory is 0.500171 for index 909945, 910/1000.
Terminated at swamp 0.5.
The last entry of errorHistory is 0.500312 for index 909946, 910/1000.
Terminated at swamp 1.
The last entry of errorHistory is 1.000015 for index 909947, 910/1000.
Terminated at swamp 0.5.
The last entry of errorHistory is 0.500267 for index 909948, 910/1000.
Terminated at swamp 0.5.
The last entry of errorHistory is 0.500557 for index 909949, 910/1000.
Terminated at swamp 0.5.
The last entry of errorHistory is 0.500239 for index 909950, 910/1000.
Terminated at swamp 1.
The last entry of errorHistory is 1.000310 for index 909951, 910/1000.
Terminated at swamp 1.
The last entry of errorHistory is 1.000286 for index 909952, 910/1000.
The last entry of errorHistory is 0.500000 for index 909953, 910/1000.
Terminated at swamp 1.
The last entry of errorHistory is 1.000000 for index 909954, 910/1000.
Terminated at swamp 0.5.
The last entry of errorHistory is 0.500545 for index 909955, 910/1000.
Terminated at swamp 0.5.
The last entry of errorHistory is 0.500463 for index 909956, 910/1000.
The last entry of errorHistory is 0.000021 for index 909957, 910/1000.
The last entry of errorHistory is 0.000186 for index 909958, 910/1000.
The last entry of errorHistory is 1.000000 for index 909959, 910/1000.
Terminated at swamp 1.
The last entry of errorHistory is 1.000000 for index 909960, 910/1000.
The last entry of errorHistory is 1.000000 for index 909961, 910/1000.
Terminated at swamp 1.
The last entry of errorHistory is 1.000657 for index 909962, 910/1000.
Terminated at swamp 0.5.
The last entry of errorHistory is 0.500728 for index 909963, 910/1000.
The last entry of errorHistory is 0.500000 for index 909964, 910/1000.
The last entry of errorHistory is 1.000000 for index 909965, 910/1000.
Terminated at swamp 1.
The last entry of errorHistory is 1.000158 for index 909966, 910/1000.
Terminated at swamp 1.
The last entry of errorHistory is 1.000335 for index 909967, 910/1000.
Terminated at swamp 1.
The last entry of errorHistory is 1.000344 for index 909968, 910/1000.
Terminated at swamp 0.5.
The last entry of errorHistory is 0.500472 for index 909969, 910/1000.
Terminated at swamp 0.5.
The last entry of errorHistory is 0.500337 for index 909970, 910/1000.
Terminated at swamp 1.
The last entry of errorHistory is 1.000314 for index 909971, 910/1000.
Terminated at swamp 0.5.
The last entry of errorHistory is 0.500428 for index 909972, 910/1000.
Terminated at swamp 1.
The last entry of errorHistory is 1.000000 for index 909973, 910/1000.
Terminated at swamp 0.5.
The last entry of errorHistory is 0.500628 for index 909974, 910/1000.
Terminated at swamp 0.5.
The last entry of errorHistory is 0.500442 for index 909975, 910/1000.
Terminated at swamp 0.5.
The last entry of errorHistory is 0.500483 for index 909976, 910/1000.
Terminated at swamp 1.
The last entry of errorHistory is 1.000247 for index 909977, 910/1000.
Terminated at swamp 0.5.
The last entry of errorHistory is 0.500257 for index 909978, 910/1000.
Terminated at swamp 0.5.
The last entry of errorHistory is 0.500276 for index 909979, 910/1000.
Terminated at swamp 0.5.
The last entry of errorHistory is 0.500064 for index 909980, 910/1000.
The last entry of errorHistory is 0.500000 for index 909981, 910/1000.
The last entry of errorHistory is 0.500000 for index 909982, 910/1000.
Terminated at swamp 0.5.
The last entry of errorHistory is 0.500304 for index 909983, 910/1000.
Terminated at swamp 0.5.
The last entry of errorHistory is 0.500666 for index 909984, 910/1000.
The last entry of errorHistory is 1.500000 for index 909985, 910/1000.
Terminated at swamp 1.
The last entry of errorHistory is 1.000000 for index 909986, 910/1000.
Terminated at swamp 0.5.
The last entry of errorHistory is 0.500316 for index 909987, 910/1000.
Terminated at swamp 0.5.
The last entry of errorHistory is 0.500501 for index 909988, 910/1000.
The last entry of errorHistory is 0.000029 for index 909989, 910/1000.
The last entry of errorHistory is 0.000015 for index 909990, 910/1000.
The last entry of errorHistory is 1.000000 for index 909991, 910/1000.
The last entry of errorHistory is 0.000800 for index 909992, 910/1000.
Terminated at swamp 0.5.
The last entry of errorHistory is 0.500318 for index 909993, 910/1000.
The last entry of errorHistory is 1.500000 for index 909994, 910/1000.
Terminated at swamp 0.5.
The last entry of errorHistory is 0.500526 for index 909995, 910/1000.
Terminated at swamp 0.5.
The last entry of errorHistory is 0.500001 for index 909996, 910/1000.
The last entry of errorHistory is 0.500000 for index 909997, 910/1000.
Terminated at swamp 0.5.
The last entry of errorHistory is 0.500762 for index 909998, 910/1000.
Terminated at swamp 0.5.
The last entry of errorHistory is 0.500479 for index 909999, 910/1000.
Terminated at swamp 0.5.
The last entry of errorHistory is 0.500089 for index 910000, 910/1000.
