
                            < M A T L A B (R) >
                  Copyright 1984-2018 The MathWorks, Inc.
                   R2018b (9.5.0.944444) 64-bit (glnxa64)
                              August 28, 2018

 
To get started, type doc.
For product information, visit www.mathworks.com.
 
Terminated at swamp 0.5.
The last entry of errorHistory is 0.500494 for index 930001, 931/1000.
Terminated at swamp 0.5.
The last entry of errorHistory is 0.500252 for index 930002, 931/1000.
Terminated at swamp 0.5.
The last entry of errorHistory is 0.500540 for index 930003, 931/1000.
Terminated at swamp 0.5.
The last entry of errorHistory is 0.500410 for index 930004, 931/1000.
Terminated at swamp 0.5.
The last entry of errorHistory is 0.500285 for index 930005, 931/1000.
Terminated at swamp 1.
The last entry of errorHistory is 0.999545 for index 930006, 931/1000.
Terminated at swamp 1.
The last entry of errorHistory is 1.000061 for index 930007, 931/1000.
The last entry of errorHistory is 0.000525 for index 930008, 931/1000.
Terminated at swamp 1.
The last entry of errorHistory is 1.000110 for index 930009, 931/1000.
The last entry of errorHistory is 0.500000 for index 930010, 931/1000.
Terminated at swamp 0.5.
The last entry of errorHistory is 0.500261 for index 930011, 931/1000.
Terminated at swamp 0.5.
The last entry of errorHistory is 0.500328 for index 930012, 931/1000.
Terminated at swamp 0.5.
The last entry of errorHistory is 0.500400 for index 930013, 931/1000.
Terminated at swamp 0.5.
The last entry of errorHistory is 0.500630 for index 930014, 931/1000.
The last entry of errorHistory is 0.000008 for index 930015, 931/1000.
Terminated at swamp 0.5.
The last entry of errorHistory is 0.500441 for index 930016, 931/1000.
Terminated at swamp 0.5.
The last entry of errorHistory is 0.500353 for index 930017, 931/1000.
Terminated at swamp 0.5.
The last entry of errorHistory is 0.500452 for index 930018, 931/1000.
The last entry of errorHistory is 1.000000 for index 930019, 931/1000.
Terminated at swamp 1.
The last entry of errorHistory is 1.000000 for index 930020, 931/1000.
Terminated at swamp 0.5.
The last entry of errorHistory is 0.500283 for index 930021, 931/1000.
Terminated at swamp 1.
The last entry of errorHistory is 1.000127 for index 930022, 931/1000.
The last entry of errorHistory is 0.000021 for index 930023, 931/1000.
Terminated at swamp 0.5.
The last entry of errorHistory is 0.500396 for index 930024, 931/1000.
Terminated at swamp 0.5.
The last entry of errorHistory is 0.500423 for index 930025, 931/1000.
Terminated at swamp 0.5.
The last entry of errorHistory is 0.500492 for index 930026, 931/1000.
Terminated at swamp 0.5.
The last entry of errorHistory is 0.500483 for index 930027, 931/1000.
Terminated at swamp 0.5.
The last entry of errorHistory is 0.500282 for index 930028, 931/1000.
The last entry of errorHistory is 0.500000 for index 930029, 931/1000.
The last entry of errorHistory is 0.000011 for index 930030, 931/1000.
Terminated at swamp 0.5.
The last entry of errorHistory is 0.500331 for index 930031, 931/1000.
The last entry of errorHistory is 0.000883 for index 930032, 931/1000.
Terminated at swamp 0.5.
The last entry of errorHistory is 0.500745 for index 930033, 931/1000.
Terminated at swamp 0.5.
The last entry of errorHistory is 0.500161 for index 930034, 931/1000.
The last entry of errorHistory is 0.000009 for index 930035, 931/1000.
Terminated at swamp 0.5.
The last entry of errorHistory is 0.500509 for index 930036, 931/1000.
The last entry of errorHistory is 1.000000 for index 930037, 931/1000.
Terminated at swamp 0.5.
The last entry of errorHistory is 0.500354 for index 930038, 931/1000.
Terminated at swamp 0.5.
The last entry of errorHistory is 0.500385 for index 930039, 931/1000.
Terminated at swamp 0.5.
The last entry of errorHistory is 0.500118 for index 930040, 931/1000.
Terminated at swamp 1.
The last entry of errorHistory is 1.000091 for index 930041, 931/1000.
Terminated at swamp 0.5.
The last entry of errorHistory is 0.500313 for index 930042, 931/1000.
Terminated at swamp 1.
The last entry of errorHistory is 1.000087 for index 930043, 931/1000.
Terminated at swamp 1.
The last entry of errorHistory is 1.000095 for index 930044, 931/1000.
Terminated at swamp 0.5.
The last entry of errorHistory is 0.500512 for index 930045, 931/1000.
Terminated at swamp 0.5.
The last entry of errorHistory is 0.500083 for index 930046, 931/1000.
Terminated at swamp 0.5.
The last entry of errorHistory is 0.500355 for index 930047, 931/1000.
Terminated at swamp 0.5.
The last entry of errorHistory is 0.500000 for index 930048, 931/1000.
The last entry of errorHistory is 1.000000 for index 930049, 931/1000.
Terminated at swamp 0.5.
The last entry of errorHistory is 0.500296 for index 930050, 931/1000.
Terminated at swamp 1.
The last entry of errorHistory is 1.000043 for index 930051, 931/1000.
The last entry of errorHistory is 1.000000 for index 930052, 931/1000.
Terminated at swamp 0.5.
The last entry of errorHistory is 0.500674 for index 930053, 931/1000.
Terminated at swamp 0.5.
The last entry of errorHistory is 0.500412 for index 930054, 931/1000.
Terminated at swamp 0.5.
The last entry of errorHistory is 0.500240 for index 930055, 931/1000.
Terminated at swamp 1.
The last entry of errorHistory is 1.000000 for index 930056, 931/1000.
Terminated at swamp 0.5.
The last entry of errorHistory is 0.500363 for index 930057, 931/1000.
Terminated at swamp 1.
The last entry of errorHistory is 1.000019 for index 930058, 931/1000.
Terminated at swamp 0.5.
The last entry of errorHistory is 0.500548 for index 930059, 931/1000.
Terminated at swamp 0.5.
The last entry of errorHistory is 0.500448 for index 930060, 931/1000.
The last entry of errorHistory is 0.000046 for index 930061, 931/1000.
The last entry of errorHistory is 1.000000 for index 930062, 931/1000.
Terminated at swamp 0.5.
The last entry of errorHistory is 0.500232 for index 930063, 931/1000.
Terminated at swamp 1.
The last entry of errorHistory is 1.000134 for index 930064, 931/1000.
Terminated at swamp 0.5.
The last entry of errorHistory is 0.500655 for index 930065, 931/1000.
Terminated at swamp 0.5.
The last entry of errorHistory is 0.500160 for index 930066, 931/1000.
Terminated at swamp 0.5.
The last entry of errorHistory is 0.500523 for index 930067, 931/1000.
The last entry of errorHistory is 0.500000 for index 930068, 931/1000.
Terminated at swamp 0.5.
The last entry of errorHistory is 0.500051 for index 930069, 931/1000.
The last entry of errorHistory is 0.000279 for index 930070, 931/1000.
Terminated at swamp 0.5.
The last entry of errorHistory is 0.500525 for index 930071, 931/1000.
The last entry of errorHistory is 1.000000 for index 930072, 931/1000.
Terminated at swamp 0.5.
The last entry of errorHistory is 0.500479 for index 930073, 931/1000.
The last entry of errorHistory is 1.000000 for index 930074, 931/1000.
The last entry of errorHistory is 0.000018 for index 930075, 931/1000.
Terminated at swamp 0.5.
The last entry of errorHistory is 0.500005 for index 930076, 931/1000.
Terminated at swamp 1.
The last entry of errorHistory is 1.000339 for index 930077, 931/1000.
The last entry of errorHistory is 1.000000 for index 930078, 931/1000.
Terminated at swamp 0.5.
The last entry of errorHistory is 0.500615 for index 930079, 931/1000.
Terminated at swamp 0.5.
The last entry of errorHistory is 0.500293 for index 930080, 931/1000.
The last entry of errorHistory is 0.000023 for index 930081, 931/1000.
Terminated at swamp 0.5.
The last entry of errorHistory is 0.500353 for index 930082, 931/1000.
The last entry of errorHistory is 1.000000 for index 930083, 931/1000.
Terminated at swamp 0.5.
The last entry of errorHistory is 0.500223 for index 930084, 931/1000.
Terminated at swamp 0.5.
The last entry of errorHistory is 0.500326 for index 930085, 931/1000.
The last entry of errorHistory is 1.000000 for index 930086, 931/1000.
Terminated at swamp 0.5.
The last entry of errorHistory is 0.500570 for index 930087, 931/1000.
The last entry of errorHistory is 1.000000 for index 930088, 931/1000.
Terminated at swamp 0.5.
The last entry of errorHistory is 0.500597 for index 930089, 931/1000.
Terminated at swamp 0.5.
The last entry of errorHistory is 0.500569 for index 930090, 931/1000.
Terminated at swamp 0.5.
The last entry of errorHistory is 0.500034 for index 930091, 931/1000.
The last entry of errorHistory is 0.000013 for index 930092, 931/1000.
The last entry of errorHistory is 0.000012 for index 930093, 931/1000.
Terminated at swamp 0.5.
The last entry of errorHistory is 0.500492 for index 930094, 931/1000.
The last entry of errorHistory is 0.000206 for index 930095, 931/1000.
Terminated at swamp 0.5.
The last entry of errorHistory is 0.500712 for index 930096, 931/1000.
Terminated at swamp 1.
The last entry of errorHistory is 1.000167 for index 930097, 931/1000.
The last entry of errorHistory is 1.000000 for index 930098, 931/1000.
The last entry of errorHistory is 0.000017 for index 930099, 931/1000.
The last entry of errorHistory is 1.000000 for index 930100, 931/1000.
The last entry of errorHistory is 1.000000 for index 930101, 931/1000.
The last entry of errorHistory is 1.000000 for index 930102, 931/1000.
Terminated at swamp 0.5.
The last entry of errorHistory is 0.500454 for index 930103, 931/1000.
Terminated at swamp 0.5.
The last entry of errorHistory is 0.500016 for index 930104, 931/1000.
Terminated at swamp 0.5.
The last entry of errorHistory is 0.500131 for index 930105, 931/1000.
Terminated at swamp 1.5.
The last entry of errorHistory is 1.500021 for index 930106, 931/1000.
Terminated at swamp 1.
The last entry of errorHistory is 1.000258 for index 930107, 931/1000.
Terminated at swamp 0.5.
The last entry of errorHistory is 0.500580 for index 930108, 931/1000.
The last entry of errorHistory is 0.500000 for index 930109, 931/1000.
Terminated at swamp 0.5.
The last entry of errorHistory is 0.500561 for index 930110, 931/1000.
The last entry of errorHistory is 0.500000 for index 930111, 931/1000.
Terminated at swamp 0.5.
The last entry of errorHistory is 0.500623 for index 930112, 931/1000.
Terminated at swamp 1.
The last entry of errorHistory is 1.000015 for index 930113, 931/1000.
Terminated at swamp 1.
The last entry of errorHistory is 1.000116 for index 930114, 931/1000.
Terminated at swamp 0.5.
The last entry of errorHistory is 0.500546 for index 930115, 931/1000.
Terminated at swamp 1.
The last entry of errorHistory is 1.000007 for index 930116, 931/1000.
Terminated at swamp 1.
The last entry of errorHistory is 1.000001 for index 930117, 931/1000.
Terminated at swamp 0.5.
The last entry of errorHistory is 0.500173 for index 930118, 931/1000.
Terminated at swamp 1.
The last entry of errorHistory is 1.000014 for index 930119, 931/1000.
Terminated at swamp 0.5.
The last entry of errorHistory is 0.500550 for index 930120, 931/1000.
Terminated at swamp 1.
The last entry of errorHistory is 1.000059 for index 930121, 931/1000.
Terminated at swamp 1.
The last entry of errorHistory is 1.000213 for index 930122, 931/1000.
Terminated at swamp 1.
The last entry of errorHistory is 1.000142 for index 930123, 931/1000.
The last entry of errorHistory is 1.000000 for index 930124, 931/1000.
Terminated at swamp 0.5.
The last entry of errorHistory is 0.500359 for index 930125, 931/1000.
The last entry of errorHistory is 0.000058 for index 930126, 931/1000.
Terminated at swamp 1.
The last entry of errorHistory is 1.000066 for index 930127, 931/1000.
The last entry of errorHistory is 1.000000 for index 930128, 931/1000.
The last entry of errorHistory is 1.000000 for index 930129, 931/1000.
The last entry of errorHistory is 0.000424 for index 930130, 931/1000.
The last entry of errorHistory is 0.000040 for index 930131, 931/1000.
Terminated at swamp 0.5.
The last entry of errorHistory is 0.500442 for index 930132, 931/1000.
The last entry of errorHistory is 1.000000 for index 930133, 931/1000.
The last entry of errorHistory is 1.000000 for index 930134, 931/1000.
The last entry of errorHistory is 1.000000 for index 930135, 931/1000.
The last entry of errorHistory is 0.000023 for index 930136, 931/1000.
The last entry of errorHistory is 1.000000 for index 930137, 931/1000.
Terminated at swamp 0.5.
The last entry of errorHistory is 0.500368 for index 930138, 931/1000.
The last entry of errorHistory is 1.000000 for index 930139, 931/1000.
Terminated at swamp 1.
The last entry of errorHistory is 1.000252 for index 930140, 931/1000.
Terminated at swamp 0.5.
The last entry of errorHistory is 0.500411 for index 930141, 931/1000.
Terminated at swamp 1.
The last entry of errorHistory is 1.000490 for index 930142, 931/1000.
The last entry of errorHistory is 1.000000 for index 930143, 931/1000.
Terminated at swamp 1.
The last entry of errorHistory is 0.999866 for index 930144, 931/1000.
Terminated at swamp 0.5.
The last entry of errorHistory is 0.499783 for index 930145, 931/1000.
Terminated at swamp 0.5.
The last entry of errorHistory is 0.500558 for index 930146, 931/1000.
The last entry of errorHistory is 0.000012 for index 930147, 931/1000.
Terminated at swamp 0.5.
The last entry of errorHistory is 0.500172 for index 930148, 931/1000.
Terminated at swamp 0.5.
The last entry of errorHistory is 0.500511 for index 930149, 931/1000.
Terminated at swamp 0.5.
The last entry of errorHistory is 0.500028 for index 930150, 931/1000.
Terminated at swamp 0.5.
The last entry of errorHistory is 0.500567 for index 930151, 931/1000.
The last entry of errorHistory is 1.000000 for index 930152, 931/1000.
Terminated at swamp 1.
The last entry of errorHistory is 1.000000 for index 930153, 931/1000.
Terminated at swamp 0.5.
The last entry of errorHistory is 0.500509 for index 930154, 931/1000.
Terminated at swamp 1.
The last entry of errorHistory is 1.000000 for index 930155, 931/1000.
Terminated at swamp 0.5.
The last entry of errorHistory is 0.500673 for index 930156, 931/1000.
The last entry of errorHistory is 0.500000 for index 930157, 931/1000.
The last entry of errorHistory is 1.000000 for index 930158, 931/1000.
The last entry of errorHistory is 0.000014 for index 930159, 931/1000.
Terminated at swamp 0.5.
The last entry of errorHistory is 0.500059 for index 930160, 931/1000.
The last entry of errorHistory is 0.000516 for index 930161, 931/1000.
Terminated at swamp 0.5.
The last entry of errorHistory is 0.500522 for index 930162, 931/1000.
The last entry of errorHistory is 1.000000 for index 930163, 931/1000.
The last entry of errorHistory is 0.000047 for index 930164, 931/1000.
The last entry of errorHistory is 0.000034 for index 930165, 931/1000.
Terminated at swamp 0.5.
The last entry of errorHistory is 0.500068 for index 930166, 931/1000.
Terminated at swamp 0.5.
The last entry of errorHistory is 0.500721 for index 930167, 931/1000.
The last entry of errorHistory is 2.000000 for index 930168, 931/1000.
Terminated at swamp 0.5.
The last entry of errorHistory is 0.500000 for index 930169, 931/1000.
Terminated at swamp 0.5.
The last entry of errorHistory is 0.500238 for index 930170, 931/1000.
Terminated at swamp 1.
The last entry of errorHistory is 1.000266 for index 930171, 931/1000.
Terminated at swamp 0.5.
The last entry of errorHistory is 0.500362 for index 930172, 931/1000.
Terminated at swamp 0.5.
The last entry of errorHistory is 0.500211 for index 930173, 931/1000.
Terminated at swamp 0.5.
The last entry of errorHistory is 0.500461 for index 930174, 931/1000.
The last entry of errorHistory is 0.000105 for index 930175, 931/1000.
The last entry of errorHistory is 1.000000 for index 930176, 931/1000.
The last entry of errorHistory is 0.000052 for index 930177, 931/1000.
Terminated at swamp 1.
The last entry of errorHistory is 1.000100 for index 930178, 931/1000.
Terminated at swamp 0.5.
The last entry of errorHistory is 0.500383 for index 930179, 931/1000.
The last entry of errorHistory is 0.500000 for index 930180, 931/1000.
Terminated at swamp 0.5.
The last entry of errorHistory is 0.500001 for index 930181, 931/1000.
Terminated at swamp 0.5.
The last entry of errorHistory is 0.500078 for index 930182, 931/1000.
Terminated at swamp 1.
The last entry of errorHistory is 1.000323 for index 930183, 931/1000.
The last entry of errorHistory is 0.500000 for index 930184, 931/1000.
Terminated at swamp 1.
The last entry of errorHistory is 1.000019 for index 930185, 931/1000.
Terminated at swamp 0.5.
The last entry of errorHistory is 0.500234 for index 930186, 931/1000.
Terminated at swamp 0.5.
The last entry of errorHistory is 0.500251 for index 930187, 931/1000.
Terminated at swamp 0.5.
The last entry of errorHistory is 0.500067 for index 930188, 931/1000.
The last entry of errorHistory is 1.000000 for index 930189, 931/1000.
The last entry of errorHistory is 0.001276 for index 930190, 931/1000.
Terminated at swamp 0.5.
The last entry of errorHistory is 0.500565 for index 930191, 931/1000.
Terminated at swamp 0.5.
The last entry of errorHistory is 0.500894 for index 930192, 931/1000.
Terminated at swamp 1.
The last entry of errorHistory is 1.000198 for index 930193, 931/1000.
Terminated at swamp 1.
The last entry of errorHistory is 1.000025 for index 930194, 931/1000.
The last entry of errorHistory is 0.500000 for index 930195, 931/1000.
The last entry of errorHistory is 1.000000 for index 930196, 931/1000.
The last entry of errorHistory is 1.000000 for index 930197, 931/1000.
Terminated at swamp 0.5.
The last entry of errorHistory is 0.500000 for index 930198, 931/1000.
The last entry of errorHistory is 0.500000 for index 930199, 931/1000.
Terminated at swamp 1.
The last entry of errorHistory is 1.000301 for index 930200, 931/1000.
Terminated at swamp 0.5.
The last entry of errorHistory is 0.500904 for index 930201, 931/1000.
Terminated at swamp 1.
The last entry of errorHistory is 1.000064 for index 930202, 931/1000.
The last entry of errorHistory is 1.000000 for index 930203, 931/1000.
Terminated at swamp 0.5.
The last entry of errorHistory is 0.500289 for index 930204, 931/1000.
Terminated at swamp 1.
The last entry of errorHistory is 1.000047 for index 930205, 931/1000.
Terminated at swamp 1.
The last entry of errorHistory is 1.000276 for index 930206, 931/1000.
The last entry of errorHistory is 1.000000 for index 930207, 931/1000.
Terminated at swamp 1.
The last entry of errorHistory is 1.000003 for index 930208, 931/1000.
The last entry of errorHistory is 1.000000 for index 930209, 931/1000.
Terminated at swamp 0.5.
The last entry of errorHistory is 0.500663 for index 930210, 931/1000.
Terminated at swamp 0.5.
The last entry of errorHistory is 0.500386 for index 930211, 931/1000.
The last entry of errorHistory is 0.000057 for index 930212, 931/1000.
The last entry of errorHistory is 0.001160 for index 930213, 931/1000.
Terminated at swamp 0.5.
The last entry of errorHistory is 0.500410 for index 930214, 931/1000.
Terminated at swamp 0.5.
The last entry of errorHistory is 0.500368 for index 930215, 931/1000.
Terminated at swamp 0.5.
The last entry of errorHistory is 0.500344 for index 930216, 931/1000.
Terminated at swamp 0.5.
The last entry of errorHistory is 0.500065 for index 930217, 931/1000.
The last entry of errorHistory is 1.000000 for index 930218, 931/1000.
Terminated at swamp 0.5.
The last entry of errorHistory is 0.500301 for index 930219, 931/1000.
Terminated at swamp 1.
The last entry of errorHistory is 1.000003 for index 930220, 931/1000.
The last entry of errorHistory is 1.000000 for index 930221, 931/1000.
Terminated at swamp 0.5.
The last entry of errorHistory is 0.500628 for index 930222, 931/1000.
The last entry of errorHistory is 1.500000 for index 930223, 931/1000.
The last entry of errorHistory is 0.000016 for index 930224, 931/1000.
Terminated at swamp 0.5.
The last entry of errorHistory is 0.500418 for index 930225, 931/1000.
The last entry of errorHistory is 0.000724 for index 930226, 931/1000.
The last entry of errorHistory is 1.000000 for index 930227, 931/1000.
Terminated at swamp 0.5.
The last entry of errorHistory is 0.500426 for index 930228, 931/1000.
The last entry of errorHistory is 1.000000 for index 930229, 931/1000.
Terminated at swamp 0.5.
The last entry of errorHistory is 0.500057 for index 930230, 931/1000.
The last entry of errorHistory is 1.000000 for index 930231, 931/1000.
The last entry of errorHistory is 0.000250 for index 930232, 931/1000.
Terminated at swamp 0.5.
The last entry of errorHistory is 0.500521 for index 930233, 931/1000.
Terminated at swamp 0.5.
The last entry of errorHistory is 0.500324 for index 930234, 931/1000.
Terminated at swamp 1.
The last entry of errorHistory is 1.000000 for index 930235, 931/1000.
The last entry of errorHistory is 0.000648 for index 930236, 931/1000.
Terminated at swamp 1.
The last entry of errorHistory is 1.000000 for index 930237, 931/1000.
Terminated at swamp 0.5.
The last entry of errorHistory is 0.500424 for index 930238, 931/1000.
The last entry of errorHistory is 1.500000 for index 930239, 931/1000.
Terminated at swamp 1.
The last entry of errorHistory is 1.000000 for index 930240, 931/1000.
Terminated at swamp 0.5.
The last entry of errorHistory is 0.500440 for index 930241, 931/1000.
The last entry of errorHistory is 0.000009 for index 930242, 931/1000.
Terminated at swamp 0.5.
The last entry of errorHistory is 0.500558 for index 930243, 931/1000.
The last entry of errorHistory is 1.000000 for index 930244, 931/1000.
The last entry of errorHistory is 0.500000 for index 930245, 931/1000.
The last entry of errorHistory is 0.500000 for index 930246, 931/1000.
Terminated at swamp 0.5.
The last entry of errorHistory is 0.500201 for index 930247, 931/1000.
The last entry of errorHistory is 1.000000 for index 930248, 931/1000.
Terminated at swamp 0.5.
The last entry of errorHistory is 0.500737 for index 930249, 931/1000.
The last entry of errorHistory is 1.000000 for index 930250, 931/1000.
Terminated at swamp 0.5.
The last entry of errorHistory is 0.500023 for index 930251, 931/1000.
Terminated at swamp 0.5.
The last entry of errorHistory is 0.500476 for index 930252, 931/1000.
Terminated at swamp 0.5.
The last entry of errorHistory is 0.500255 for index 930253, 931/1000.
Terminated at swamp 0.5.
The last entry of errorHistory is 0.500562 for index 930254, 931/1000.
Terminated at swamp 0.5.
The last entry of errorHistory is 0.500596 for index 930255, 931/1000.
Terminated at swamp 1.
The last entry of errorHistory is 1.000143 for index 930256, 931/1000.
Terminated at swamp 0.5.
The last entry of errorHistory is 0.500666 for index 930257, 931/1000.
Terminated at swamp 0.5.
The last entry of errorHistory is 0.500553 for index 930258, 931/1000.
The last entry of errorHistory is 1.000000 for index 930259, 931/1000.
Terminated at swamp 0.5.
The last entry of errorHistory is 0.500280 for index 930260, 931/1000.
Terminated at swamp 0.5.
The last entry of errorHistory is 0.500564 for index 930261, 931/1000.
Terminated at swamp 0.5.
The last entry of errorHistory is 0.500487 for index 930262, 931/1000.
Terminated at swamp 0.5.
The last entry of errorHistory is 0.500053 for index 930263, 931/1000.
Terminated at swamp 0.5.
The last entry of errorHistory is 0.500248 for index 930264, 931/1000.
Terminated at swamp 0.5.
The last entry of errorHistory is 0.500802 for index 930265, 931/1000.
Terminated at swamp 0.5.
The last entry of errorHistory is 0.500501 for index 930266, 931/1000.
Terminated at swamp 0.5.
The last entry of errorHistory is 0.500420 for index 930267, 931/1000.
Terminated at swamp 0.5.
The last entry of errorHistory is 0.500267 for index 930268, 931/1000.
Terminated at swamp 0.5.
The last entry of errorHistory is 0.500325 for index 930269, 931/1000.
The last entry of errorHistory is 1.000000 for index 930270, 931/1000.
The last entry of errorHistory is 1.000000 for index 930271, 931/1000.
The last entry of errorHistory is 1.000000 for index 930272, 931/1000.
Terminated at swamp 0.5.
The last entry of errorHistory is 0.500607 for index 930273, 931/1000.
The last entry of errorHistory is 1.000000 for index 930274, 931/1000.
The last entry of errorHistory is 0.016397 for index 930275, 931/1000.
Terminated at swamp 0.5.
The last entry of errorHistory is 0.500363 for index 930276, 931/1000.
Terminated at swamp 0.5.
The last entry of errorHistory is 0.500669 for index 930277, 931/1000.
Terminated at swamp 1.
The last entry of errorHistory is 1.000000 for index 930278, 931/1000.
Terminated at swamp 1.
The last entry of errorHistory is 1.000482 for index 930279, 931/1000.
Terminated at swamp 1.
The last entry of errorHistory is 1.000350 for index 930280, 931/1000.
Terminated at swamp 0.5.
The last entry of errorHistory is 0.500353 for index 930281, 931/1000.
The last entry of errorHistory is 0.000026 for index 930282, 931/1000.
Terminated at swamp 1.
The last entry of errorHistory is 1.000024 for index 930283, 931/1000.
Terminated at swamp 1.
The last entry of errorHistory is 1.000564 for index 930284, 931/1000.
The last entry of errorHistory is 1.000000 for index 930285, 931/1000.
Terminated at swamp 1.
The last entry of errorHistory is 1.000136 for index 930286, 931/1000.
Terminated at swamp 0.5.
The last entry of errorHistory is 0.500375 for index 930287, 931/1000.
Terminated at swamp 0.5.
The last entry of errorHistory is 0.500076 for index 930288, 931/1000.
Terminated at swamp 0.5.
The last entry of errorHistory is 0.500120 for index 930289, 931/1000.
Terminated at swamp 0.5.
The last entry of errorHistory is 0.500463 for index 930290, 931/1000.
The last entry of errorHistory is 1.000000 for index 930291, 931/1000.
Terminated at swamp 0.5.
The last entry of errorHistory is 0.500001 for index 930292, 931/1000.
The last entry of errorHistory is 0.500000 for index 930293, 931/1000.
Terminated at swamp 0.5.
The last entry of errorHistory is 0.500000 for index 930294, 931/1000.
Terminated at swamp 0.5.
The last entry of errorHistory is 0.500131 for index 930295, 931/1000.
Terminated at swamp 0.5.
The last entry of errorHistory is 0.500428 for index 930296, 931/1000.
Terminated at swamp 0.5.
The last entry of errorHistory is 0.500003 for index 930297, 931/1000.
Terminated at swamp 0.5.
The last entry of errorHistory is 0.500000 for index 930298, 931/1000.
Terminated at swamp 1.
The last entry of errorHistory is 1.000092 for index 930299, 931/1000.
Terminated at swamp 0.5.
The last entry of errorHistory is 0.500421 for index 930300, 931/1000.
The last entry of errorHistory is 0.500000 for index 930301, 931/1000.
Terminated at swamp 1.
The last entry of errorHistory is 1.000004 for index 930302, 931/1000.
The last entry of errorHistory is 1.000000 for index 930303, 931/1000.
Terminated at swamp 0.5.
The last entry of errorHistory is 0.500522 for index 930304, 931/1000.
The last entry of errorHistory is 1.000000 for index 930305, 931/1000.
Terminated at swamp 0.5.
The last entry of errorHistory is 0.500952 for index 930306, 931/1000.
Terminated at swamp 0.5.
The last entry of errorHistory is 0.500242 for index 930307, 931/1000.
Terminated at swamp 0.5.
The last entry of errorHistory is 0.500219 for index 930308, 931/1000.
Terminated at swamp 0.5.
The last entry of errorHistory is 0.500575 for index 930309, 931/1000.
Terminated at swamp 0.5.
The last entry of errorHistory is 0.500382 for index 930310, 931/1000.
The last entry of errorHistory is 1.000000 for index 930311, 931/1000.
Terminated at swamp 0.5.
The last entry of errorHistory is 0.500399 for index 930312, 931/1000.
The last entry of errorHistory is 1.000000 for index 930313, 931/1000.
Terminated at swamp 0.5.
The last entry of errorHistory is 0.500592 for index 930314, 931/1000.
Terminated at swamp 0.5.
The last entry of errorHistory is 0.500236 for index 930315, 931/1000.
Terminated at swamp 0.5.
The last entry of errorHistory is 0.500673 for index 930316, 931/1000.
Terminated at swamp 0.5.
The last entry of errorHistory is 0.500737 for index 930317, 931/1000.
Terminated at swamp 0.5.
The last entry of errorHistory is 0.500416 for index 930318, 931/1000.
The last entry of errorHistory is 1.500000 for index 930319, 931/1000.
Terminated at swamp 0.5.
The last entry of errorHistory is 0.500423 for index 930320, 931/1000.
Terminated at swamp 1.
The last entry of errorHistory is 1.000027 for index 930321, 931/1000.
The last entry of errorHistory is 0.000020 for index 930322, 931/1000.
Terminated at swamp 0.5.
The last entry of errorHistory is 0.500574 for index 930323, 931/1000.
Terminated at swamp 0.5.
The last entry of errorHistory is 0.500428 for index 930324, 931/1000.
The last entry of errorHistory is 1.000000 for index 930325, 931/1000.
Terminated at swamp 0.5.
The last entry of errorHistory is 0.500004 for index 930326, 931/1000.
The last entry of errorHistory is 0.000449 for index 930327, 931/1000.
Terminated at swamp 0.5.
The last entry of errorHistory is 0.500659 for index 930328, 931/1000.
The last entry of errorHistory is 0.500000 for index 930329, 931/1000.
The last entry of errorHistory is 0.000015 for index 930330, 931/1000.
Terminated at swamp 0.5.
The last entry of errorHistory is 0.500292 for index 930331, 931/1000.
Terminated at swamp 1.
The last entry of errorHistory is 1.000000 for index 930332, 931/1000.
Terminated at swamp 1.
The last entry of errorHistory is 1.000033 for index 930333, 931/1000.
The last entry of errorHistory is 0.500000 for index 930334, 931/1000.
Terminated at swamp 0.5.
The last entry of errorHistory is 0.500621 for index 930335, 931/1000.
The last entry of errorHistory is 0.003081 for index 930336, 931/1000.
The last entry of errorHistory is 0.000024 for index 930337, 931/1000.
Terminated at swamp 1.
The last entry of errorHistory is 1.000429 for index 930338, 931/1000.
The last entry of errorHistory is 1.000000 for index 930339, 931/1000.
Terminated at swamp 0.5.
The last entry of errorHistory is 0.500682 for index 930340, 931/1000.
Terminated at swamp 0.5.
The last entry of errorHistory is 0.500128 for index 930341, 931/1000.
Terminated at swamp 1.
The last entry of errorHistory is 1.000041 for index 930342, 931/1000.
Terminated at swamp 1.
The last entry of errorHistory is 1.000254 for index 930343, 931/1000.
Terminated at swamp 1.5.
The last entry of errorHistory is 1.500093 for index 930344, 931/1000.
Terminated at swamp 0.5.
The last entry of errorHistory is 0.500466 for index 930345, 931/1000.
Terminated at swamp 0.5.
The last entry of errorHistory is 0.500513 for index 930346, 931/1000.
The last entry of errorHistory is 0.500000 for index 930347, 931/1000.
Terminated at swamp 0.5.
The last entry of errorHistory is 0.500183 for index 930348, 931/1000.
The last entry of errorHistory is 1.000000 for index 930349, 931/1000.
Terminated at swamp 0.5.
The last entry of errorHistory is 0.500636 for index 930350, 931/1000.
The last entry of errorHistory is 0.000009 for index 930351, 931/1000.
The last entry of errorHistory is 1.000000 for index 930352, 931/1000.
The last entry of errorHistory is 0.000012 for index 930353, 931/1000.
The last entry of errorHistory is 1.000000 for index 930354, 931/1000.
The last entry of errorHistory is 1.000000 for index 930355, 931/1000.
Terminated at swamp 0.5.
The last entry of errorHistory is 0.500155 for index 930356, 931/1000.
Terminated at swamp 0.5.
The last entry of errorHistory is 0.500575 for index 930357, 931/1000.
The last entry of errorHistory is 1.000000 for index 930358, 931/1000.
Terminated at swamp 1.
The last entry of errorHistory is 1.000395 for index 930359, 931/1000.
Terminated at swamp 1.
The last entry of errorHistory is 1.000002 for index 930360, 931/1000.
Terminated at swamp 1.
The last entry of errorHistory is 1.000041 for index 930361, 931/1000.
Terminated at swamp 0.5.
The last entry of errorHistory is 0.500705 for index 930362, 931/1000.
Terminated at swamp 0.5.
The last entry of errorHistory is 0.500557 for index 930363, 931/1000.
Terminated at swamp 0.5.
The last entry of errorHistory is 0.500266 for index 930364, 931/1000.
The last entry of errorHistory is 0.000119 for index 930365, 931/1000.
Terminated at swamp 0.5.
The last entry of errorHistory is 0.500458 for index 930366, 931/1000.
Terminated at swamp 0.5.
The last entry of errorHistory is 0.500603 for index 930367, 931/1000.
Terminated at swamp 1.
The last entry of errorHistory is 1.000081 for index 930368, 931/1000.
Terminated at swamp 1.
The last entry of errorHistory is 1.000029 for index 930369, 931/1000.
Terminated at swamp 0.5.
The last entry of errorHistory is 0.500445 for index 930370, 931/1000.
Terminated at swamp 0.5.
The last entry of errorHistory is 0.500567 for index 930371, 931/1000.
Terminated at swamp 1.
The last entry of errorHistory is 1.000028 for index 930372, 931/1000.
The last entry of errorHistory is 1.000000 for index 930373, 931/1000.
Terminated at swamp 1.
The last entry of errorHistory is 1.000031 for index 930374, 931/1000.
Terminated at swamp 1.
The last entry of errorHistory is 1.000543 for index 930375, 931/1000.
Terminated at swamp 0.5.
The last entry of errorHistory is 0.500426 for index 930376, 931/1000.
Terminated at swamp 0.5.
The last entry of errorHistory is 0.500014 for index 930377, 931/1000.
Terminated at swamp 0.5.
The last entry of errorHistory is 0.500000 for index 930378, 931/1000.
Terminated at swamp 0.5.
The last entry of errorHistory is 0.500388 for index 930379, 931/1000.
The last entry of errorHistory is 1.000000 for index 930380, 931/1000.
The last entry of errorHistory is 0.500000 for index 930381, 931/1000.
Terminated at swamp 0.5.
The last entry of errorHistory is 0.500544 for index 930382, 931/1000.
Terminated at swamp 0.5.
The last entry of errorHistory is 0.500455 for index 930383, 931/1000.
Terminated at swamp 0.5.
The last entry of errorHistory is 0.500486 for index 930384, 931/1000.
The last entry of errorHistory is 1.000000 for index 930385, 931/1000.
Terminated at swamp 0.5.
The last entry of errorHistory is 0.500216 for index 930386, 931/1000.
The last entry of errorHistory is 0.000035 for index 930387, 931/1000.
Terminated at swamp 0.5.
The last entry of errorHistory is 0.500549 for index 930388, 931/1000.
Terminated at swamp 0.5.
The last entry of errorHistory is 0.500090 for index 930389, 931/1000.
Terminated at swamp 0.5.
The last entry of errorHistory is 0.500413 for index 930390, 931/1000.
Terminated at swamp 0.5.
The last entry of errorHistory is 0.500390 for index 930391, 931/1000.
The last entry of errorHistory is 0.000054 for index 930392, 931/1000.
The last entry of errorHistory is 1.000000 for index 930393, 931/1000.
Terminated at swamp 0.5.
The last entry of errorHistory is 0.500709 for index 930394, 931/1000.
Terminated at swamp 0.5.
The last entry of errorHistory is 0.500051 for index 930395, 931/1000.
The last entry of errorHistory is 1.000000 for index 930396, 931/1000.
Terminated at swamp 0.5.
The last entry of errorHistory is 0.500095 for index 930397, 931/1000.
Terminated at swamp 0.5.
The last entry of errorHistory is 0.500422 for index 930398, 931/1000.
The last entry of errorHistory is 1.000000 for index 930399, 931/1000.
Terminated at swamp 0.5.
The last entry of errorHistory is 0.500454 for index 930400, 931/1000.
Terminated at swamp 0.5.
The last entry of errorHistory is 0.500506 for index 930401, 931/1000.
Terminated at swamp 0.5.
The last entry of errorHistory is 0.500127 for index 930402, 931/1000.
Terminated at swamp 0.5.
The last entry of errorHistory is 0.500434 for index 930403, 931/1000.
The last entry of errorHistory is 1.000000 for index 930404, 931/1000.
The last entry of errorHistory is 1.000000 for index 930405, 931/1000.
The last entry of errorHistory is 0.000066 for index 930406, 931/1000.
Terminated at swamp 1.
The last entry of errorHistory is 1.000230 for index 930407, 931/1000.
The last entry of errorHistory is 0.000012 for index 930408, 931/1000.
The last entry of errorHistory is 1.000000 for index 930409, 931/1000.
Terminated at swamp 0.5.
The last entry of errorHistory is 0.500373 for index 930410, 931/1000.
Terminated at swamp 0.5.
The last entry of errorHistory is 0.500697 for index 930411, 931/1000.
Terminated at swamp 0.5.
The last entry of errorHistory is 0.500445 for index 930412, 931/1000.
Terminated at swamp 1.
The last entry of errorHistory is 1.000046 for index 930413, 931/1000.
Terminated at swamp 0.5.
The last entry of errorHistory is 0.500231 for index 930414, 931/1000.
Terminated at swamp 0.5.
The last entry of errorHistory is 0.500024 for index 930415, 931/1000.
Terminated at swamp 0.5.
The last entry of errorHistory is 0.500429 for index 930416, 931/1000.
Terminated at swamp 1.
The last entry of errorHistory is 1.000000 for index 930417, 931/1000.
The last entry of errorHistory is 0.500000 for index 930418, 931/1000.
Terminated at swamp 0.5.
The last entry of errorHistory is 0.500432 for index 930419, 931/1000.
The last entry of errorHistory is 0.000033 for index 930420, 931/1000.
Terminated at swamp 0.5.
The last entry of errorHistory is 0.500084 for index 930421, 931/1000.
Terminated at swamp 0.5.
The last entry of errorHistory is 0.500358 for index 930422, 931/1000.
The last entry of errorHistory is 0.500000 for index 930423, 931/1000.
Terminated at swamp 1.
The last entry of errorHistory is 1.000027 for index 930424, 931/1000.
Terminated at swamp 0.5.
The last entry of errorHistory is 0.500731 for index 930425, 931/1000.
Terminated at swamp 0.5.
The last entry of errorHistory is 0.500066 for index 930426, 931/1000.
Terminated at swamp 0.5.
The last entry of errorHistory is 0.500589 for index 930427, 931/1000.
The last entry of errorHistory is 0.500000 for index 930428, 931/1000.
The last entry of errorHistory is 0.000015 for index 930429, 931/1000.
Terminated at swamp 0.5.
The last entry of errorHistory is 0.500261 for index 930430, 931/1000.
Terminated at swamp 0.5.
The last entry of errorHistory is 0.500479 for index 930431, 931/1000.
The last entry of errorHistory is 1.000000 for index 930432, 931/1000.
Terminated at swamp 0.5.
The last entry of errorHistory is 0.500331 for index 930433, 931/1000.
Terminated at swamp 0.5.
The last entry of errorHistory is 0.500399 for index 930434, 931/1000.
Terminated at swamp 1.
The last entry of errorHistory is 1.000088 for index 930435, 931/1000.
Terminated at swamp 0.5.
The last entry of errorHistory is 0.500373 for index 930436, 931/1000.
Terminated at swamp 1.
The last entry of errorHistory is 1.000001 for index 930437, 931/1000.
The last entry of errorHistory is 0.000009 for index 930438, 931/1000.
The last entry of errorHistory is 0.500000 for index 930439, 931/1000.
The last entry of errorHistory is 1.000000 for index 930440, 931/1000.
The last entry of errorHistory is 1.500000 for index 930441, 931/1000.
The last entry of errorHistory is 0.500000 for index 930442, 931/1000.
The last entry of errorHistory is 0.500000 for index 930443, 931/1000.
Terminated at swamp 0.5.
The last entry of errorHistory is 0.500584 for index 930444, 931/1000.
Terminated at swamp 0.5.
The last entry of errorHistory is 0.500643 for index 930445, 931/1000.
Terminated at swamp 0.5.
The last entry of errorHistory is 0.500529 for index 930446, 931/1000.
Terminated at swamp 1.
The last entry of errorHistory is 1.000068 for index 930447, 931/1000.
Terminated at swamp 0.5.
The last entry of errorHistory is 0.500050 for index 930448, 931/1000.
The last entry of errorHistory is 1.000000 for index 930449, 931/1000.
The last entry of errorHistory is 1.000000 for index 930450, 931/1000.
Terminated at swamp 0.5.
The last entry of errorHistory is 0.500430 for index 930451, 931/1000.
Terminated at swamp 1.
The last entry of errorHistory is 1.000002 for index 930452, 931/1000.
Terminated at swamp 0.5.
The last entry of errorHistory is 0.500409 for index 930453, 931/1000.
The last entry of errorHistory is 0.000048 for index 930454, 931/1000.
Terminated at swamp 0.5.
The last entry of errorHistory is 0.500588 for index 930455, 931/1000.
Terminated at swamp 0.5.
The last entry of errorHistory is 0.500000 for index 930456, 931/1000.
Terminated at swamp 0.5.
The last entry of errorHistory is 0.500750 for index 930457, 931/1000.
Terminated at swamp 0.5.
The last entry of errorHistory is 0.500350 for index 930458, 931/1000.
The last entry of errorHistory is 1.000000 for index 930459, 931/1000.
The last entry of errorHistory is 1.500000 for index 930460, 931/1000.
The last entry of errorHistory is 0.500000 for index 930461, 931/1000.
The last entry of errorHistory is 0.000034 for index 930462, 931/1000.
Terminated at swamp 0.5.
The last entry of errorHistory is 0.500301 for index 930463, 931/1000.
The last entry of errorHistory is 1.500000 for index 930464, 931/1000.
Terminated at swamp 0.5.
The last entry of errorHistory is 0.500641 for index 930465, 931/1000.
Terminated at swamp 1.
The last entry of errorHistory is 1.000307 for index 930466, 931/1000.
Terminated at swamp 0.5.
The last entry of errorHistory is 0.500549 for index 930467, 931/1000.
Terminated at swamp 0.5.
The last entry of errorHistory is 0.500449 for index 930468, 931/1000.
The last entry of errorHistory is 0.000012 for index 930469, 931/1000.
The last entry of errorHistory is 0.500000 for index 930470, 931/1000.
Terminated at swamp 0.5.
The last entry of errorHistory is 0.500520 for index 930471, 931/1000.
Terminated at swamp 0.5.
The last entry of errorHistory is 0.500000 for index 930472, 931/1000.
The last entry of errorHistory is 0.500000 for index 930473, 931/1000.
The last entry of errorHistory is 0.000564 for index 930474, 931/1000.
The last entry of errorHistory is 0.000020 for index 930475, 931/1000.
Terminated at swamp 0.5.
The last entry of errorHistory is 0.500022 for index 930476, 931/1000.
Terminated at swamp 0.5.
The last entry of errorHistory is 0.500063 for index 930477, 931/1000.
Terminated at swamp 1.
The last entry of errorHistory is 1.000413 for index 930478, 931/1000.
Terminated at swamp 0.5.
The last entry of errorHistory is 0.500372 for index 930479, 931/1000.
Terminated at swamp 0.5.
The last entry of errorHistory is 0.500329 for index 930480, 931/1000.
Terminated at swamp 0.5.
The last entry of errorHistory is 0.500317 for index 930481, 931/1000.
Terminated at swamp 0.5.
The last entry of errorHistory is 0.500068 for index 930482, 931/1000.
Terminated at swamp 0.5.
The last entry of errorHistory is 0.500422 for index 930483, 931/1000.
Terminated at swamp 0.5.
The last entry of errorHistory is 0.500286 for index 930484, 931/1000.
The last entry of errorHistory is 0.500000 for index 930485, 931/1000.
Terminated at swamp 0.5.
The last entry of errorHistory is 0.500519 for index 930486, 931/1000.
Terminated at swamp 1.
The last entry of errorHistory is 1.000438 for index 930487, 931/1000.
The last entry of errorHistory is 0.000033 for index 930488, 931/1000.
Terminated at swamp 0.5.
The last entry of errorHistory is 0.500936 for index 930489, 931/1000.
Terminated at swamp 0.5.
The last entry of errorHistory is 0.500075 for index 930490, 931/1000.
The last entry of errorHistory is 1.000000 for index 930491, 931/1000.
The last entry of errorHistory is 1.500000 for index 930492, 931/1000.
Terminated at swamp 0.5.
The last entry of errorHistory is 0.500367 for index 930493, 931/1000.
Terminated at swamp 0.5.
The last entry of errorHistory is 0.500598 for index 930494, 931/1000.
Terminated at swamp 0.5.
The last entry of errorHistory is 0.500584 for index 930495, 931/1000.
Terminated at swamp 0.5.
The last entry of errorHistory is 0.500532 for index 930496, 931/1000.
Terminated at swamp 1.
The last entry of errorHistory is 1.000039 for index 930497, 931/1000.
Terminated at swamp 0.5.
The last entry of errorHistory is 0.500374 for index 930498, 931/1000.
Terminated at swamp 1.
The last entry of errorHistory is 1.000128 for index 930499, 931/1000.
Terminated at swamp 0.5.
The last entry of errorHistory is 0.500415 for index 930500, 931/1000.
Terminated at swamp 0.5.
The last entry of errorHistory is 0.500182 for index 930501, 931/1000.
Terminated at swamp 0.5.
The last entry of errorHistory is 0.500400 for index 930502, 931/1000.
Terminated at swamp 0.5.
The last entry of errorHistory is 0.500419 for index 930503, 931/1000.
Terminated at swamp 1.
The last entry of errorHistory is 1.000343 for index 930504, 931/1000.
Terminated at swamp 0.5.
The last entry of errorHistory is 0.500249 for index 930505, 931/1000.
Terminated at swamp 0.5.
The last entry of errorHistory is 0.500565 for index 930506, 931/1000.
The last entry of errorHistory is 0.500000 for index 930507, 931/1000.
The last entry of errorHistory is 1.000000 for index 930508, 931/1000.
Terminated at swamp 0.5.
The last entry of errorHistory is 0.500885 for index 930509, 931/1000.
The last entry of errorHistory is 1.500000 for index 930510, 931/1000.
Terminated at swamp 1.
The last entry of errorHistory is 1.000245 for index 930511, 931/1000.
The last entry of errorHistory is 0.500000 for index 930512, 931/1000.
Terminated at swamp 1.
The last entry of errorHistory is 1.000203 for index 930513, 931/1000.
Terminated at swamp 1.
The last entry of errorHistory is 1.000031 for index 930514, 931/1000.
The last entry of errorHistory is 1.000000 for index 930515, 931/1000.
The last entry of errorHistory is 0.000014 for index 930516, 931/1000.
The last entry of errorHistory is 0.000145 for index 930517, 931/1000.
The last entry of errorHistory is 0.000333 for index 930518, 931/1000.
Terminated at swamp 1.
The last entry of errorHistory is 1.000194 for index 930519, 931/1000.
Terminated at swamp 0.5.
The last entry of errorHistory is 0.500527 for index 930520, 931/1000.
Terminated at swamp 0.5.
The last entry of errorHistory is 0.500004 for index 930521, 931/1000.
The last entry of errorHistory is 1.500000 for index 930522, 931/1000.
Terminated at swamp 0.5.
The last entry of errorHistory is 0.500141 for index 930523, 931/1000.
Terminated at swamp 0.5.
The last entry of errorHistory is 0.500351 for index 930524, 931/1000.
The last entry of errorHistory is 0.000026 for index 930525, 931/1000.
Terminated at swamp 1.
The last entry of errorHistory is 1.000077 for index 930526, 931/1000.
Terminated at swamp 0.5.
The last entry of errorHistory is 0.500393 for index 930527, 931/1000.
Terminated at swamp 0.5.
The last entry of errorHistory is 0.500441 for index 930528, 931/1000.
Terminated at swamp 0.5.
The last entry of errorHistory is 0.500242 for index 930529, 931/1000.
Terminated at swamp 0.5.
The last entry of errorHistory is 0.500094 for index 930530, 931/1000.
Terminated at swamp 0.5.
The last entry of errorHistory is 0.500446 for index 930531, 931/1000.
Terminated at swamp 0.5.
The last entry of errorHistory is 0.500033 for index 930532, 931/1000.
Terminated at swamp 0.5.
The last entry of errorHistory is 0.500570 for index 930533, 931/1000.
The last entry of errorHistory is 1.000000 for index 930534, 931/1000.
Terminated at swamp 0.5.
The last entry of errorHistory is 0.500449 for index 930535, 931/1000.
The last entry of errorHistory is 1.000000 for index 930536, 931/1000.
Terminated at swamp 1.
The last entry of errorHistory is 1.000004 for index 930537, 931/1000.
The last entry of errorHistory is 1.000000 for index 930538, 931/1000.
Terminated at swamp 0.5.
The last entry of errorHistory is 0.500532 for index 930539, 931/1000.
Terminated at swamp 0.5.
The last entry of errorHistory is 0.500410 for index 930540, 931/1000.
Terminated at swamp 0.5.
The last entry of errorHistory is 0.500234 for index 930541, 931/1000.
The last entry of errorHistory is 0.000028 for index 930542, 931/1000.
The last entry of errorHistory is 1.000000 for index 930543, 931/1000.
The last entry of errorHistory is 0.500000 for index 930544, 931/1000.
The last entry of errorHistory is 0.500000 for index 930545, 931/1000.
Terminated at swamp 0.5.
The last entry of errorHistory is 0.500020 for index 930546, 931/1000.
Terminated at swamp 0.5.
The last entry of errorHistory is 0.500116 for index 930547, 931/1000.
The last entry of errorHistory is 0.500000 for index 930548, 931/1000.
Terminated at swamp 0.5.
The last entry of errorHistory is 0.500552 for index 930549, 931/1000.
The last entry of errorHistory is 0.500000 for index 930550, 931/1000.
Terminated at swamp 0.5.
The last entry of errorHistory is 0.500142 for index 930551, 931/1000.
Terminated at swamp 0.5.
The last entry of errorHistory is 0.500258 for index 930552, 931/1000.
The last entry of errorHistory is 0.500000 for index 930553, 931/1000.
Terminated at swamp 1.
The last entry of errorHistory is 1.000000 for index 930554, 931/1000.
Terminated at swamp 0.5.
The last entry of errorHistory is 0.500468 for index 930555, 931/1000.
Terminated at swamp 0.5.
The last entry of errorHistory is 0.500655 for index 930556, 931/1000.
Terminated at swamp 0.5.
The last entry of errorHistory is 0.500566 for index 930557, 931/1000.
The last entry of errorHistory is 1.000000 for index 930558, 931/1000.
Terminated at swamp 0.5.
The last entry of errorHistory is 0.500588 for index 930559, 931/1000.
The last entry of errorHistory is 0.500000 for index 930560, 931/1000.
Terminated at swamp 0.5.
The last entry of errorHistory is 0.500582 for index 930561, 931/1000.
Terminated at swamp 0.5.
The last entry of errorHistory is 0.500069 for index 930562, 931/1000.
Terminated at swamp 0.5.
The last entry of errorHistory is 0.500383 for index 930563, 931/1000.
The last entry of errorHistory is 0.500000 for index 930564, 931/1000.
The last entry of errorHistory is 1.000986 for index 930565, 931/1000.
Terminated at swamp 0.5.
The last entry of errorHistory is 0.500030 for index 930566, 931/1000.
The last entry of errorHistory is 1.000000 for index 930567, 931/1000.
Terminated at swamp 0.5.
The last entry of errorHistory is 0.500301 for index 930568, 931/1000.
Terminated at swamp 0.5.
The last entry of errorHistory is 0.500489 for index 930569, 931/1000.
Terminated at swamp 0.5.
The last entry of errorHistory is 0.500642 for index 930570, 931/1000.
Terminated at swamp 1.
The last entry of errorHistory is 1.000064 for index 930571, 931/1000.
Terminated at swamp 0.5.
The last entry of errorHistory is 0.500444 for index 930572, 931/1000.
The last entry of errorHistory is 0.000014 for index 930573, 931/1000.
Terminated at swamp 1.
The last entry of errorHistory is 1.000297 for index 930574, 931/1000.
The last entry of errorHistory is 0.000017 for index 930575, 931/1000.
Terminated at swamp 1.
The last entry of errorHistory is 1.000000 for index 930576, 931/1000.
Terminated at swamp 1.
The last entry of errorHistory is 1.000000 for index 930577, 931/1000.
Terminated at swamp 0.5.
The last entry of errorHistory is 0.499861 for index 930578, 931/1000.
The last entry of errorHistory is 1.000000 for index 930579, 931/1000.
Terminated at swamp 0.5.
The last entry of errorHistory is 0.500386 for index 930580, 931/1000.
The last entry of errorHistory is 1.000000 for index 930581, 931/1000.
Terminated at swamp 0.5.
The last entry of errorHistory is 0.500392 for index 930582, 931/1000.
Terminated at swamp 0.5.
The last entry of errorHistory is 0.500316 for index 930583, 931/1000.
The last entry of errorHistory is 0.500000 for index 930584, 931/1000.
The last entry of errorHistory is 1.000000 for index 930585, 931/1000.
Terminated at swamp 0.5.
The last entry of errorHistory is 0.500000 for index 930586, 931/1000.
The last entry of errorHistory is 1.000000 for index 930587, 931/1000.
Terminated at swamp 0.5.
The last entry of errorHistory is 0.500507 for index 930588, 931/1000.
The last entry of errorHistory is 1.500000 for index 930589, 931/1000.
Terminated at swamp 1.
The last entry of errorHistory is 1.000169 for index 930590, 931/1000.
The last entry of errorHistory is 1.000000 for index 930591, 931/1000.
Terminated at swamp 0.5.
The last entry of errorHistory is 0.500155 for index 930592, 931/1000.
Terminated at swamp 0.5.
The last entry of errorHistory is 0.500711 for index 930593, 931/1000.
Terminated at swamp 0.5.
The last entry of errorHistory is 0.500494 for index 930594, 931/1000.
The last entry of errorHistory is 1.000000 for index 930595, 931/1000.
Terminated at swamp 0.5.
The last entry of errorHistory is 0.500273 for index 930596, 931/1000.
The last entry of errorHistory is 1.000000 for index 930597, 931/1000.
Terminated at swamp 0.5.
The last entry of errorHistory is 0.500218 for index 930598, 931/1000.
The last entry of errorHistory is 1.000000 for index 930599, 931/1000.
The last entry of errorHistory is 0.500000 for index 930600, 931/1000.
Terminated at swamp 1.
The last entry of errorHistory is 1.000070 for index 930601, 931/1000.
Terminated at swamp 1.
The last entry of errorHistory is 1.000084 for index 930602, 931/1000.
Terminated at swamp 0.5.
The last entry of errorHistory is 0.500701 for index 930603, 931/1000.
Terminated at swamp 0.5.
The last entry of errorHistory is 0.500495 for index 930604, 931/1000.
Terminated at swamp 0.5.
The last entry of errorHistory is 0.500007 for index 930605, 931/1000.
Terminated at swamp 0.5.
The last entry of errorHistory is 0.500473 for index 930606, 931/1000.
Terminated at swamp 1.
The last entry of errorHistory is 1.000368 for index 930607, 931/1000.
Terminated at swamp 0.5.
The last entry of errorHistory is 0.500478 for index 930608, 931/1000.
Terminated at swamp 0.5.
The last entry of errorHistory is 0.500264 for index 930609, 931/1000.
Terminated at swamp 1.
The last entry of errorHistory is 1.000117 for index 930610, 931/1000.
Terminated at swamp 0.5.
The last entry of errorHistory is 0.500549 for index 930611, 931/1000.
Terminated at swamp 0.5.
The last entry of errorHistory is 0.500242 for index 930612, 931/1000.
Terminated at swamp 1.
The last entry of errorHistory is 1.000070 for index 930613, 931/1000.
Terminated at swamp 0.5.
The last entry of errorHistory is 0.500680 for index 930614, 931/1000.
Terminated at swamp 0.5.
The last entry of errorHistory is 0.500757 for index 930615, 931/1000.
The last entry of errorHistory is 0.002032 for index 930616, 931/1000.
The last entry of errorHistory is 0.000011 for index 930617, 931/1000.
Terminated at swamp 0.5.
The last entry of errorHistory is 0.500633 for index 930618, 931/1000.
The last entry of errorHistory is 0.500000 for index 930619, 931/1000.
Terminated at swamp 0.5.
The last entry of errorHistory is 0.500705 for index 930620, 931/1000.
Terminated at swamp 0.5.
The last entry of errorHistory is 0.500208 for index 930621, 931/1000.
Terminated at swamp 0.5.
The last entry of errorHistory is 0.500227 for index 930622, 931/1000.
The last entry of errorHistory is 1.000000 for index 930623, 931/1000.
The last entry of errorHistory is 1.500000 for index 930624, 931/1000.
Terminated at swamp 0.5.
The last entry of errorHistory is 0.500160 for index 930625, 931/1000.
The last entry of errorHistory is 0.000593 for index 930626, 931/1000.
Terminated at swamp 0.5.
The last entry of errorHistory is 0.500699 for index 930627, 931/1000.
The last entry of errorHistory is 0.000022 for index 930628, 931/1000.
Terminated at swamp 0.5.
The last entry of errorHistory is 0.500609 for index 930629, 931/1000.
The last entry of errorHistory is 1.000000 for index 930630, 931/1000.
Terminated at swamp 0.5.
The last entry of errorHistory is 0.500000 for index 930631, 931/1000.
The last entry of errorHistory is 1.000000 for index 930632, 931/1000.
The last entry of errorHistory is 0.500000 for index 930633, 931/1000.
Terminated at swamp 0.5.
The last entry of errorHistory is 0.500329 for index 930634, 931/1000.
Terminated at swamp 0.5.
The last entry of errorHistory is 0.500009 for index 930635, 931/1000.
Terminated at swamp 0.5.
The last entry of errorHistory is 0.500579 for index 930636, 931/1000.
The last entry of errorHistory is 0.000865 for index 930637, 931/1000.
Terminated at swamp 1.
The last entry of errorHistory is 1.000026 for index 930638, 931/1000.
The last entry of errorHistory is 1.500000 for index 930639, 931/1000.
The last entry of errorHistory is 0.500000 for index 930640, 931/1000.
Terminated at swamp 0.5.
The last entry of errorHistory is 0.500681 for index 930641, 931/1000.
The last entry of errorHistory is 1.000000 for index 930642, 931/1000.
The last entry of errorHistory is 1.000000 for index 930643, 931/1000.
The last entry of errorHistory is 1.000000 for index 930644, 931/1000.
Terminated at swamp 0.5.
The last entry of errorHistory is 0.500616 for index 930645, 931/1000.
Terminated at swamp 0.5.
The last entry of errorHistory is 0.500358 for index 930646, 931/1000.
Terminated at swamp 0.5.
The last entry of errorHistory is 0.500000 for index 930647, 931/1000.
Terminated at swamp 0.5.
The last entry of errorHistory is 0.500485 for index 930648, 931/1000.
Terminated at swamp 0.5.
The last entry of errorHistory is 0.500645 for index 930649, 931/1000.
The last entry of errorHistory is 1.000000 for index 930650, 931/1000.
The last entry of errorHistory is 1.000000 for index 930651, 931/1000.
The last entry of errorHistory is 0.500000 for index 930652, 931/1000.
The last entry of errorHistory is 0.000018 for index 930653, 931/1000.
Terminated at swamp 0.5.
The last entry of errorHistory is 0.500191 for index 930654, 931/1000.
Terminated at swamp 1.
The last entry of errorHistory is 1.000163 for index 930655, 931/1000.
Terminated at swamp 0.5.
The last entry of errorHistory is 0.500514 for index 930656, 931/1000.
Terminated at swamp 0.5.
The last entry of errorHistory is 0.500367 for index 930657, 931/1000.
Terminated at swamp 0.5.
The last entry of errorHistory is 0.500520 for index 930658, 931/1000.
Terminated at swamp 0.5.
The last entry of errorHistory is 0.500355 for index 930659, 931/1000.
Terminated at swamp 0.5.
The last entry of errorHistory is 0.500038 for index 930660, 931/1000.
Terminated at swamp 0.5.
The last entry of errorHistory is 0.500363 for index 930661, 931/1000.
Terminated at swamp 0.5.
The last entry of errorHistory is 0.500239 for index 930662, 931/1000.
Terminated at swamp 0.5.
The last entry of errorHistory is 0.500577 for index 930663, 931/1000.
Terminated at swamp 0.5.
The last entry of errorHistory is 0.500239 for index 930664, 931/1000.
Terminated at swamp 0.5.
The last entry of errorHistory is 0.500027 for index 930665, 931/1000.
Terminated at swamp 0.5.
The last entry of errorHistory is 0.500521 for index 930666, 931/1000.
Terminated at swamp 1.
The last entry of errorHistory is 1.000316 for index 930667, 931/1000.
Terminated at swamp 0.5.
The last entry of errorHistory is 0.500602 for index 930668, 931/1000.
The last entry of errorHistory is 1.500000 for index 930669, 931/1000.
The last entry of errorHistory is 1.000000 for index 930670, 931/1000.
Terminated at swamp 1.
The last entry of errorHistory is 1.000443 for index 930671, 931/1000.
Terminated at swamp 1.
The last entry of errorHistory is 1.000124 for index 930672, 931/1000.
The last entry of errorHistory is 0.500000 for index 930673, 931/1000.
The last entry of errorHistory is 0.000012 for index 930674, 931/1000.
The last entry of errorHistory is 1.000000 for index 930675, 931/1000.
The last entry of errorHistory is 0.000095 for index 930676, 931/1000.
Terminated at swamp 1.
The last entry of errorHistory is 1.000056 for index 930677, 931/1000.
The last entry of errorHistory is 1.000000 for index 930678, 931/1000.
Terminated at swamp 0.5.
The last entry of errorHistory is 0.500559 for index 930679, 931/1000.
Terminated at swamp 1.
The last entry of errorHistory is 1.000000 for index 930680, 931/1000.
Terminated at swamp 1.
The last entry of errorHistory is 1.000000 for index 930681, 931/1000.
Terminated at swamp 0.5.
The last entry of errorHistory is 0.500433 for index 930682, 931/1000.
The last entry of errorHistory is 0.000023 for index 930683, 931/1000.
Terminated at swamp 0.5.
The last entry of errorHistory is 0.500574 for index 930684, 931/1000.
Terminated at swamp 0.5.
The last entry of errorHistory is 0.500634 for index 930685, 931/1000.
The last entry of errorHistory is 1.500000 for index 930686, 931/1000.
Terminated at swamp 1.
The last entry of errorHistory is 1.000000 for index 930687, 931/1000.
Terminated at swamp 1.
The last entry of errorHistory is 1.000061 for index 930688, 931/1000.
Terminated at swamp 0.5.
The last entry of errorHistory is 0.500347 for index 930689, 931/1000.
Terminated at swamp 0.5.
The last entry of errorHistory is 0.500276 for index 930690, 931/1000.
Terminated at swamp 1.
The last entry of errorHistory is 1.000029 for index 930691, 931/1000.
Terminated at swamp 0.5.
The last entry of errorHistory is 0.500043 for index 930692, 931/1000.
Terminated at swamp 0.5.
The last entry of errorHistory is 0.500430 for index 930693, 931/1000.
The last entry of errorHistory is 1.000000 for index 930694, 931/1000.
Terminated at swamp 0.5.
The last entry of errorHistory is 0.500282 for index 930695, 931/1000.
The last entry of errorHistory is 0.500000 for index 930696, 931/1000.
The last entry of errorHistory is 1.000000 for index 930697, 931/1000.
The last entry of errorHistory is 1.000000 for index 930698, 931/1000.
The last entry of errorHistory is 1.000000 for index 930699, 931/1000.
Terminated at swamp 1.
The last entry of errorHistory is 1.000003 for index 930700, 931/1000.
Terminated at swamp 0.5.
The last entry of errorHistory is 0.500342 for index 930701, 931/1000.
Terminated at swamp 1.
The last entry of errorHistory is 1.000000 for index 930702, 931/1000.
The last entry of errorHistory is 1.000000 for index 930703, 931/1000.
Terminated at swamp 1.
The last entry of errorHistory is 1.000010 for index 930704, 931/1000.
The last entry of errorHistory is 0.000015 for index 930705, 931/1000.
The last entry of errorHistory is 0.000087 for index 930706, 931/1000.
Terminated at swamp 0.5.
The last entry of errorHistory is 0.500221 for index 930707, 931/1000.
Terminated at swamp 0.5.
The last entry of errorHistory is 0.500028 for index 930708, 931/1000.
Terminated at swamp 0.5.
The last entry of errorHistory is 0.500308 for index 930709, 931/1000.
The last entry of errorHistory is 0.000055 for index 930710, 931/1000.
Terminated at swamp 0.5.
The last entry of errorHistory is 0.500429 for index 930711, 931/1000.
The last entry of errorHistory is 1.000000 for index 930712, 931/1000.
Terminated at swamp 0.5.
The last entry of errorHistory is 0.500593 for index 930713, 931/1000.
Terminated at swamp 0.5.
The last entry of errorHistory is 0.500269 for index 930714, 931/1000.
Terminated at swamp 1.
The last entry of errorHistory is 1.000151 for index 930715, 931/1000.
Terminated at swamp 0.5.
The last entry of errorHistory is 0.500330 for index 930716, 931/1000.
Terminated at swamp 0.5.
The last entry of errorHistory is 0.500101 for index 930717, 931/1000.
The last entry of errorHistory is 0.000027 for index 930718, 931/1000.
The last entry of errorHistory is 1.000000 for index 930719, 931/1000.
Terminated at swamp 0.5.
The last entry of errorHistory is 0.500565 for index 930720, 931/1000.
Terminated at swamp 1.
The last entry of errorHistory is 1.000121 for index 930721, 931/1000.
The last entry of errorHistory is 0.000015 for index 930722, 931/1000.
The last entry of errorHistory is 1.000000 for index 930723, 931/1000.
Terminated at swamp 0.5.
The last entry of errorHistory is 0.500255 for index 930724, 931/1000.
Terminated at swamp 0.5.
The last entry of errorHistory is 0.500396 for index 930725, 931/1000.
The last entry of errorHistory is 1.000000 for index 930726, 931/1000.
The last entry of errorHistory is 1.000000 for index 930727, 931/1000.
The last entry of errorHistory is 1.000000 for index 930728, 931/1000.
The last entry of errorHistory is 0.000032 for index 930729, 931/1000.
The last entry of errorHistory is 0.000044 for index 930730, 931/1000.
The last entry of errorHistory is 0.000062 for index 930731, 931/1000.
The last entry of errorHistory is 0.000013 for index 930732, 931/1000.
Terminated at swamp 0.5.
The last entry of errorHistory is 0.500557 for index 930733, 931/1000.
Terminated at swamp 0.5.
The last entry of errorHistory is 0.500049 for index 930734, 931/1000.
Terminated at swamp 1.
The last entry of errorHistory is 1.000364 for index 930735, 931/1000.
Terminated at swamp 0.5.
The last entry of errorHistory is 0.500143 for index 930736, 931/1000.
Terminated at swamp 0.5.
The last entry of errorHistory is 0.500004 for index 930737, 931/1000.
Terminated at swamp 1.
The last entry of errorHistory is 1.000231 for index 930738, 931/1000.
Terminated at swamp 0.5.
The last entry of errorHistory is 0.500322 for index 930739, 931/1000.
Terminated at swamp 1.
The last entry of errorHistory is 1.000101 for index 930740, 931/1000.
The last entry of errorHistory is 1.000000 for index 930741, 931/1000.
The last entry of errorHistory is 1.000000 for index 930742, 931/1000.
The last entry of errorHistory is 0.000015 for index 930743, 931/1000.
Terminated at swamp 0.5.
The last entry of errorHistory is 0.500294 for index 930744, 931/1000.
The last entry of errorHistory is 0.500000 for index 930745, 931/1000.
The last entry of errorHistory is 0.500000 for index 930746, 931/1000.
The last entry of errorHistory is 0.000029 for index 930747, 931/1000.
The last entry of errorHistory is 1.000000 for index 930748, 931/1000.
The last entry of errorHistory is 0.000016 for index 930749, 931/1000.
The last entry of errorHistory is 1.000000 for index 930750, 931/1000.
Terminated at swamp 0.5.
The last entry of errorHistory is 0.500416 for index 930751, 931/1000.
Terminated at swamp 0.5.
The last entry of errorHistory is 0.500271 for index 930752, 931/1000.
The last entry of errorHistory is 1.000000 for index 930753, 931/1000.
Terminated at swamp 0.5.
The last entry of errorHistory is 0.500482 for index 930754, 931/1000.
Terminated at swamp 0.5.
The last entry of errorHistory is 0.500943 for index 930755, 931/1000.
The last entry of errorHistory is 1.000000 for index 930756, 931/1000.
Terminated at swamp 0.5.
The last entry of errorHistory is 0.500515 for index 930757, 931/1000.
Terminated at swamp 0.5.
The last entry of errorHistory is 0.500313 for index 930758, 931/1000.
Terminated at swamp 0.5.
The last entry of errorHistory is 0.500477 for index 930759, 931/1000.
Terminated at swamp 1.
The last entry of errorHistory is 1.000000 for index 930760, 931/1000.
Terminated at swamp 0.5.
The last entry of errorHistory is 0.500828 for index 930761, 931/1000.
Terminated at swamp 1.
The last entry of errorHistory is 1.000019 for index 930762, 931/1000.
Terminated at swamp 0.5.
The last entry of errorHistory is 0.500002 for index 930763, 931/1000.
Terminated at swamp 1.
The last entry of errorHistory is 1.000148 for index 930764, 931/1000.
Terminated at swamp 0.5.
The last entry of errorHistory is 0.500346 for index 930765, 931/1000.
Terminated at swamp 0.5.
The last entry of errorHistory is 0.500169 for index 930766, 931/1000.
Terminated at swamp 0.5.
The last entry of errorHistory is 0.500464 for index 930767, 931/1000.
Terminated at swamp 1.
The last entry of errorHistory is 1.000043 for index 930768, 931/1000.
Terminated at swamp 1.
The last entry of errorHistory is 1.000011 for index 930769, 931/1000.
Terminated at swamp 0.5.
The last entry of errorHistory is 0.500273 for index 930770, 931/1000.
Terminated at swamp 1.
The last entry of errorHistory is 1.000000 for index 930771, 931/1000.
Terminated at swamp 0.5.
The last entry of errorHistory is 0.500554 for index 930772, 931/1000.
The last entry of errorHistory is 1.000000 for index 930773, 931/1000.
The last entry of errorHistory is 0.000028 for index 930774, 931/1000.
The last entry of errorHistory is 0.000015 for index 930775, 931/1000.
Terminated at swamp 1.5.
The last entry of errorHistory is 1.500038 for index 930776, 931/1000.
The last entry of errorHistory is 0.000010 for index 930777, 931/1000.
Terminated at swamp 0.5.
The last entry of errorHistory is 0.500638 for index 930778, 931/1000.
The last entry of errorHistory is 1.000000 for index 930779, 931/1000.
Terminated at swamp 0.5.
The last entry of errorHistory is 0.500545 for index 930780, 931/1000.
The last entry of errorHistory is 1.000000 for index 930781, 931/1000.
The last entry of errorHistory is 1.000000 for index 930782, 931/1000.
Terminated at swamp 1.
The last entry of errorHistory is 1.000067 for index 930783, 931/1000.
Terminated at swamp 1.
The last entry of errorHistory is 1.000158 for index 930784, 931/1000.
Terminated at swamp 0.5.
The last entry of errorHistory is 0.500226 for index 930785, 931/1000.
The last entry of errorHistory is 1.000000 for index 930786, 931/1000.
Terminated at swamp 0.5.
The last entry of errorHistory is 0.500464 for index 930787, 931/1000.
Terminated at swamp 0.5.
The last entry of errorHistory is 0.500119 for index 930788, 931/1000.
The last entry of errorHistory is 1.000000 for index 930789, 931/1000.
Terminated at swamp 0.5.
The last entry of errorHistory is 0.500163 for index 930790, 931/1000.
Terminated at swamp 0.5.
The last entry of errorHistory is 0.500025 for index 930791, 931/1000.
Terminated at swamp 0.5.
The last entry of errorHistory is 0.500062 for index 930792, 931/1000.
The last entry of errorHistory is 1.000000 for index 930793, 931/1000.
The last entry of errorHistory is 1.000000 for index 930794, 931/1000.
Terminated at swamp 0.5.
The last entry of errorHistory is 0.500057 for index 930795, 931/1000.
Terminated at swamp 0.5.
The last entry of errorHistory is 0.500705 for index 930796, 931/1000.
Terminated at swamp 0.5.
The last entry of errorHistory is 0.500544 for index 930797, 931/1000.
The last entry of errorHistory is 0.000012 for index 930798, 931/1000.
Terminated at swamp 0.5.
The last entry of errorHistory is 0.500374 for index 930799, 931/1000.
Terminated at swamp 0.5.
The last entry of errorHistory is 0.500108 for index 930800, 931/1000.
Terminated at swamp 1.
The last entry of errorHistory is 1.000151 for index 930801, 931/1000.
Terminated at swamp 0.5.
The last entry of errorHistory is 0.500235 for index 930802, 931/1000.
Terminated at swamp 0.5.
The last entry of errorHistory is 0.500460 for index 930803, 931/1000.
The last entry of errorHistory is 0.000042 for index 930804, 931/1000.
Terminated at swamp 0.5.
The last entry of errorHistory is 0.500564 for index 930805, 931/1000.
Terminated at swamp 1.
The last entry of errorHistory is 1.000462 for index 930806, 931/1000.
Terminated at swamp 0.5.
The last entry of errorHistory is 0.500849 for index 930807, 931/1000.
Terminated at swamp 0.5.
The last entry of errorHistory is 0.500705 for index 930808, 931/1000.
The last entry of errorHistory is 0.000014 for index 930809, 931/1000.
The last entry of errorHistory is 1.000000 for index 930810, 931/1000.
Terminated at swamp 1.
The last entry of errorHistory is 1.000075 for index 930811, 931/1000.
The last entry of errorHistory is 0.500000 for index 930812, 931/1000.
Terminated at swamp 0.5.
The last entry of errorHistory is 0.500298 for index 930813, 931/1000.
Terminated at swamp 0.5.
The last entry of errorHistory is 0.500420 for index 930814, 931/1000.
Terminated at swamp 1.
The last entry of errorHistory is 1.000497 for index 930815, 931/1000.
Terminated at swamp 0.5.
The last entry of errorHistory is 0.500438 for index 930816, 931/1000.
Terminated at swamp 1.
The last entry of errorHistory is 1.000000 for index 930817, 931/1000.
Terminated at swamp 0.5.
The last entry of errorHistory is 0.500563 for index 930818, 931/1000.
The last entry of errorHistory is 0.500000 for index 930819, 931/1000.
Terminated at swamp 0.5.
The last entry of errorHistory is 0.500421 for index 930820, 931/1000.
Terminated at swamp 0.5.
The last entry of errorHistory is 0.500351 for index 930821, 931/1000.
The last entry of errorHistory is 1.000000 for index 930822, 931/1000.
Terminated at swamp 1.
The last entry of errorHistory is 1.000029 for index 930823, 931/1000.
Terminated at swamp 1.
The last entry of errorHistory is 1.000248 for index 930824, 931/1000.
Terminated at swamp 0.5.
The last entry of errorHistory is 0.500499 for index 930825, 931/1000.
Terminated at swamp 0.5.
The last entry of errorHistory is 0.500523 for index 930826, 931/1000.
Terminated at swamp 1.
The last entry of errorHistory is 1.000022 for index 930827, 931/1000.
Terminated at swamp 0.5.
The last entry of errorHistory is 0.500558 for index 930828, 931/1000.
Terminated at swamp 0.5.
The last entry of errorHistory is 0.500594 for index 930829, 931/1000.
Terminated at swamp 0.5.
The last entry of errorHistory is 0.500626 for index 930830, 931/1000.
Terminated at swamp 1.
The last entry of errorHistory is 1.000320 for index 930831, 931/1000.
Terminated at swamp 1.
The last entry of errorHistory is 1.000000 for index 930832, 931/1000.
The last entry of errorHistory is 0.500000 for index 930833, 931/1000.
Terminated at swamp 0.5.
The last entry of errorHistory is 0.500056 for index 930834, 931/1000.
Terminated at swamp 0.5.
The last entry of errorHistory is 0.500515 for index 930835, 931/1000.
Terminated at swamp 1.
The last entry of errorHistory is 1.000013 for index 930836, 931/1000.
The last entry of errorHistory is 0.500000 for index 930837, 931/1000.
Terminated at swamp 1.
The last entry of errorHistory is 1.000191 for index 930838, 931/1000.
Terminated at swamp 0.5.
The last entry of errorHistory is 0.500353 for index 930839, 931/1000.
Terminated at swamp 0.5.
The last entry of errorHistory is 0.500277 for index 930840, 931/1000.
Terminated at swamp 1.
The last entry of errorHistory is 1.000012 for index 930841, 931/1000.
Terminated at swamp 1.
The last entry of errorHistory is 1.000017 for index 930842, 931/1000.
The last entry of errorHistory is 0.000020 for index 930843, 931/1000.
Terminated at swamp 0.5.
The last entry of errorHistory is 0.500527 for index 930844, 931/1000.
Terminated at swamp 0.5.
The last entry of errorHistory is 0.500369 for index 930845, 931/1000.
Terminated at swamp 0.5.
The last entry of errorHistory is 0.500646 for index 930846, 931/1000.
Terminated at swamp 0.5.
The last entry of errorHistory is 0.500368 for index 930847, 931/1000.
Terminated at swamp 0.5.
The last entry of errorHistory is 0.500342 for index 930848, 931/1000.
Terminated at swamp 0.5.
The last entry of errorHistory is 0.500098 for index 930849, 931/1000.
The last entry of errorHistory is 1.000000 for index 930850, 931/1000.
Terminated at swamp 1.
The last entry of errorHistory is 1.000290 for index 930851, 931/1000.
Terminated at swamp 0.5.
The last entry of errorHistory is 0.500488 for index 930852, 931/1000.
The last entry of errorHistory is 0.000625 for index 930853, 931/1000.
The last entry of errorHistory is 0.500000 for index 930854, 931/1000.
Terminated at swamp 0.5.
The last entry of errorHistory is 0.500139 for index 930855, 931/1000.
Terminated at swamp 1.
The last entry of errorHistory is 1.000281 for index 930856, 931/1000.
Terminated at swamp 0.5.
The last entry of errorHistory is 0.500312 for index 930857, 931/1000.
Terminated at swamp 0.5.
The last entry of errorHistory is 0.500362 for index 930858, 931/1000.
Terminated at swamp 0.5.
The last entry of errorHistory is 0.500538 for index 930859, 931/1000.
Terminated at swamp 0.5.
The last entry of errorHistory is 0.500702 for index 930860, 931/1000.
Terminated at swamp 1.
The last entry of errorHistory is 1.000000 for index 930861, 931/1000.
Terminated at swamp 1.
The last entry of errorHistory is 1.000255 for index 930862, 931/1000.
Terminated at swamp 0.5.
The last entry of errorHistory is 0.500423 for index 930863, 931/1000.
Terminated at swamp 1.
The last entry of errorHistory is 1.000000 for index 930864, 931/1000.
Terminated at swamp 0.5.
The last entry of errorHistory is 0.500676 for index 930865, 931/1000.
The last entry of errorHistory is 0.500000 for index 930866, 931/1000.
Terminated at swamp 0.5.
The last entry of errorHistory is 0.500424 for index 930867, 931/1000.
Terminated at swamp 0.5.
The last entry of errorHistory is 0.500039 for index 930868, 931/1000.
Terminated at swamp 1.
The last entry of errorHistory is 1.000055 for index 930869, 931/1000.
Terminated at swamp 1.
The last entry of errorHistory is 1.000271 for index 930870, 931/1000.
Terminated at swamp 0.5.
The last entry of errorHistory is 0.500520 for index 930871, 931/1000.
Terminated at swamp 0.5.
The last entry of errorHistory is 0.500279 for index 930872, 931/1000.
Terminated at swamp 0.5.
The last entry of errorHistory is 0.500455 for index 930873, 931/1000.
Terminated at swamp 0.5.
The last entry of errorHistory is 0.500259 for index 930874, 931/1000.
Terminated at swamp 0.5.
The last entry of errorHistory is 0.500516 for index 930875, 931/1000.
Terminated at swamp 0.5.
The last entry of errorHistory is 0.500027 for index 930876, 931/1000.
Terminated at swamp 1.
The last entry of errorHistory is 1.000107 for index 930877, 931/1000.
The last entry of errorHistory is 0.000130 for index 930878, 931/1000.
Terminated at swamp 0.5.
The last entry of errorHistory is 0.500393 for index 930879, 931/1000.
Terminated at swamp 1.
The last entry of errorHistory is 1.000000 for index 930880, 931/1000.
Terminated at swamp 0.5.
The last entry of errorHistory is 0.500607 for index 930881, 931/1000.
Terminated at swamp 0.5.
The last entry of errorHistory is 0.500430 for index 930882, 931/1000.
The last entry of errorHistory is 0.500000 for index 930883, 931/1000.
The last entry of errorHistory is 0.000019 for index 930884, 931/1000.
Terminated at swamp 0.5.
The last entry of errorHistory is 0.500140 for index 930885, 931/1000.
Terminated at swamp 0.5.
The last entry of errorHistory is 0.500344 for index 930886, 931/1000.
Terminated at swamp 0.5.
The last entry of errorHistory is 0.500350 for index 930887, 931/1000.
The last entry of errorHistory is 1.000000 for index 930888, 931/1000.
Terminated at swamp 0.5.
The last entry of errorHistory is 0.500470 for index 930889, 931/1000.
Terminated at swamp 0.5.
The last entry of errorHistory is 0.500346 for index 930890, 931/1000.
The last entry of errorHistory is 0.000076 for index 930891, 931/1000.
The last entry of errorHistory is 0.000021 for index 930892, 931/1000.
Terminated at swamp 0.5.
The last entry of errorHistory is 0.500577 for index 930893, 931/1000.
The last entry of errorHistory is 0.000014 for index 930894, 931/1000.
Terminated at swamp 0.5.
The last entry of errorHistory is 0.500076 for index 930895, 931/1000.
Terminated at swamp 0.5.
The last entry of errorHistory is 0.500238 for index 930896, 931/1000.
The last entry of errorHistory is 1.000000 for index 930897, 931/1000.
Terminated at swamp 0.5.
The last entry of errorHistory is 0.500580 for index 930898, 931/1000.
Terminated at swamp 1.
The last entry of errorHistory is 1.000005 for index 930899, 931/1000.
The last entry of errorHistory is 0.500000 for index 930900, 931/1000.
Terminated at swamp 0.5.
The last entry of errorHistory is 0.500480 for index 930901, 931/1000.
Terminated at swamp 0.5.
The last entry of errorHistory is 0.500510 for index 930902, 931/1000.
Terminated at swamp 0.5.
The last entry of errorHistory is 0.500449 for index 930903, 931/1000.
The last entry of errorHistory is 0.000080 for index 930904, 931/1000.
The last entry of errorHistory is 0.000575 for index 930905, 931/1000.
Terminated at swamp 1.
The last entry of errorHistory is 1.000015 for index 930906, 931/1000.
Terminated at swamp 1.
The last entry of errorHistory is 1.000178 for index 930907, 931/1000.
The last entry of errorHistory is 0.001686 for index 930908, 931/1000.
The last entry of errorHistory is 0.500000 for index 930909, 931/1000.
Terminated at swamp 0.5.
The last entry of errorHistory is 0.500663 for index 930910, 931/1000.
Terminated at swamp 0.5.
The last entry of errorHistory is 0.500532 for index 930911, 931/1000.
The last entry of errorHistory is 1.000000 for index 930912, 931/1000.
The last entry of errorHistory is 0.000024 for index 930913, 931/1000.
Terminated at swamp 1.
The last entry of errorHistory is 1.000103 for index 930914, 931/1000.
Terminated at swamp 1.
The last entry of errorHistory is 1.000302 for index 930915, 931/1000.
The last entry of errorHistory is 1.000000 for index 930916, 931/1000.
The last entry of errorHistory is 0.500000 for index 930917, 931/1000.
The last entry of errorHistory is 0.000027 for index 930918, 931/1000.
Terminated at swamp 0.5.
The last entry of errorHistory is 0.500448 for index 930919, 931/1000.
Terminated at swamp 1.
The last entry of errorHistory is 1.000413 for index 930920, 931/1000.
Terminated at swamp 0.5.
The last entry of errorHistory is 0.500468 for index 930921, 931/1000.
The last entry of errorHistory is 1.000000 for index 930922, 931/1000.
Terminated at swamp 0.5.
The last entry of errorHistory is 0.500350 for index 930923, 931/1000.
The last entry of errorHistory is 1.000000 for index 930924, 931/1000.
Terminated at swamp 0.5.
The last entry of errorHistory is 0.500447 for index 930925, 931/1000.
The last entry of errorHistory is 1.000000 for index 930926, 931/1000.
The last entry of errorHistory is 0.500000 for index 930927, 931/1000.
The last entry of errorHistory is 0.001212 for index 930928, 931/1000.
Terminated at swamp 0.5.
The last entry of errorHistory is 0.500001 for index 930929, 931/1000.
The last entry of errorHistory is 0.500000 for index 930930, 931/1000.
The last entry of errorHistory is 0.500000 for index 930931, 931/1000.
Terminated at swamp 1.
The last entry of errorHistory is 1.000334 for index 930932, 931/1000.
Terminated at swamp 0.5.
The last entry of errorHistory is 0.500504 for index 930933, 931/1000.
The last entry of errorHistory is 1.000000 for index 930934, 931/1000.
Terminated at swamp 0.5.
The last entry of errorHistory is 0.500601 for index 930935, 931/1000.
Terminated at swamp 0.5.
The last entry of errorHistory is 0.500289 for index 930936, 931/1000.
Terminated at swamp 1.
The last entry of errorHistory is 1.000000 for index 930937, 931/1000.
Terminated at swamp 1.
The last entry of errorHistory is 1.000128 for index 930938, 931/1000.
Terminated at swamp 0.5.
The last entry of errorHistory is 0.500294 for index 930939, 931/1000.
The last entry of errorHistory is 1.000000 for index 930940, 931/1000.
Terminated at swamp 0.5.
The last entry of errorHistory is 0.500243 for index 930941, 931/1000.
The last entry of errorHistory is 1.000000 for index 930942, 931/1000.
Terminated at swamp 0.5.
The last entry of errorHistory is 0.500172 for index 930943, 931/1000.
The last entry of errorHistory is 1.000000 for index 930944, 931/1000.
Terminated at swamp 0.5.
The last entry of errorHistory is 0.500308 for index 930945, 931/1000.
Terminated at swamp 0.5.
The last entry of errorHistory is 0.500553 for index 930946, 931/1000.
Terminated at swamp 1.
The last entry of errorHistory is 1.000367 for index 930947, 931/1000.
The last entry of errorHistory is 0.000021 for index 930948, 931/1000.
Terminated at swamp 0.5.
The last entry of errorHistory is 0.500576 for index 930949, 931/1000.
The last entry of errorHistory is 1.000000 for index 930950, 931/1000.
Terminated at swamp 0.5.
The last entry of errorHistory is 0.500533 for index 930951, 931/1000.
Terminated at swamp 0.5.
The last entry of errorHistory is 0.500121 for index 930952, 931/1000.
Terminated at swamp 0.5.
The last entry of errorHistory is 0.500232 for index 930953, 931/1000.
Terminated at swamp 1.
The last entry of errorHistory is 1.000043 for index 930954, 931/1000.
The last entry of errorHistory is 1.500000 for index 930955, 931/1000.
The last entry of errorHistory is 0.000021 for index 930956, 931/1000.
The last entry of errorHistory is 0.000093 for index 930957, 931/1000.
Terminated at swamp 1.
The last entry of errorHistory is 1.000062 for index 930958, 931/1000.
The last entry of errorHistory is 0.000616 for index 930959, 931/1000.
Terminated at swamp 0.5.
The last entry of errorHistory is 0.500233 for index 930960, 931/1000.
The last entry of errorHistory is 0.000011 for index 930961, 931/1000.
Terminated at swamp 0.5.
The last entry of errorHistory is 0.500650 for index 930962, 931/1000.
Terminated at swamp 1.
The last entry of errorHistory is 1.000483 for index 930963, 931/1000.
Terminated at swamp 0.5.
The last entry of errorHistory is 0.500485 for index 930964, 931/1000.
Terminated at swamp 0.5.
The last entry of errorHistory is 0.500581 for index 930965, 931/1000.
Terminated at swamp 0.5.
The last entry of errorHistory is 0.500350 for index 930966, 931/1000.
Terminated at swamp 1.
The last entry of errorHistory is 1.000175 for index 930967, 931/1000.
Terminated at swamp 1.
The last entry of errorHistory is 1.000354 for index 930968, 931/1000.
Terminated at swamp 1.
The last entry of errorHistory is 1.000000 for index 930969, 931/1000.
Terminated at swamp 0.5.
The last entry of errorHistory is 0.500318 for index 930970, 931/1000.
Terminated at swamp 0.5.
The last entry of errorHistory is 0.500413 for index 930971, 931/1000.
Terminated at swamp 0.5.
The last entry of errorHistory is 0.500233 for index 930972, 931/1000.
Terminated at swamp 0.5.
The last entry of errorHistory is 0.500741 for index 930973, 931/1000.
The last entry of errorHistory is 1.000000 for index 930974, 931/1000.
Terminated at swamp 0.5.
The last entry of errorHistory is 0.500579 for index 930975, 931/1000.
Terminated at swamp 1.
The last entry of errorHistory is 1.000346 for index 930976, 931/1000.
The last entry of errorHistory is 0.500000 for index 930977, 931/1000.
The last entry of errorHistory is 0.000012 for index 930978, 931/1000.
Terminated at swamp 0.5.
The last entry of errorHistory is 0.500518 for index 930979, 931/1000.
Terminated at swamp 0.5.
The last entry of errorHistory is 0.500316 for index 930980, 931/1000.
The last entry of errorHistory is 0.000076 for index 930981, 931/1000.
Terminated at swamp 1.
The last entry of errorHistory is 1.000164 for index 930982, 931/1000.
Terminated at swamp 1.
The last entry of errorHistory is 1.000029 for index 930983, 931/1000.
Terminated at swamp 0.5.
The last entry of errorHistory is 0.500003 for index 930984, 931/1000.
The last entry of errorHistory is 0.500000 for index 930985, 931/1000.
The last entry of errorHistory is 0.000065 for index 930986, 931/1000.
Terminated at swamp 1.
The last entry of errorHistory is 1.000513 for index 930987, 931/1000.
Terminated at swamp 0.5.
The last entry of errorHistory is 0.500646 for index 930988, 931/1000.
Terminated at swamp 1.
The last entry of errorHistory is 1.000065 for index 930989, 931/1000.
Terminated at swamp 1.
The last entry of errorHistory is 1.000324 for index 930990, 931/1000.
Terminated at swamp 0.5.
The last entry of errorHistory is 0.500026 for index 930991, 931/1000.
Terminated at swamp 0.5.
The last entry of errorHistory is 0.500311 for index 930992, 931/1000.
Terminated at swamp 0.5.
The last entry of errorHistory is 0.500425 for index 930993, 931/1000.
Terminated at swamp 0.5.
The last entry of errorHistory is 0.500476 for index 930994, 931/1000.
The last entry of errorHistory is 1.000000 for index 930995, 931/1000.
The last entry of errorHistory is 1.000000 for index 930996, 931/1000.
Terminated at swamp 0.5.
The last entry of errorHistory is 0.500075 for index 930997, 931/1000.
Terminated at swamp 1.
The last entry of errorHistory is 1.000005 for index 930998, 931/1000.
Terminated at swamp 0.5.
The last entry of errorHistory is 0.500650 for index 930999, 931/1000.
The last entry of errorHistory is 0.000040 for index 931000, 931/1000.
