
                            < M A T L A B (R) >
                  Copyright 1984-2018 The MathWorks, Inc.
                   R2018b (9.5.0.944444) 64-bit (glnxa64)
                              August 28, 2018

 
To get started, type doc.
For product information, visit www.mathworks.com.
 
The last entry of errorHistory is 1.000000 for index 972001, 973/1000.
The last entry of errorHistory is 1.000000 for index 972002, 973/1000.
Terminated at swamp 0.5.
The last entry of errorHistory is 0.500248 for index 972003, 973/1000.
Terminated at swamp 0.5.
The last entry of errorHistory is 0.500035 for index 972004, 973/1000.
Terminated at swamp 0.5.
The last entry of errorHistory is 0.500595 for index 972005, 973/1000.
Terminated at swamp 0.5.
The last entry of errorHistory is 0.500105 for index 972006, 973/1000.
Terminated at swamp 0.5.
The last entry of errorHistory is 0.500386 for index 972007, 973/1000.
Terminated at swamp 0.5.
The last entry of errorHistory is 0.500111 for index 972008, 973/1000.
Terminated at swamp 0.5.
The last entry of errorHistory is 0.500474 for index 972009, 973/1000.
Terminated at swamp 0.5.
The last entry of errorHistory is 0.500655 for index 972010, 973/1000.
Terminated at swamp 0.5.
The last entry of errorHistory is 0.500548 for index 972011, 973/1000.
Terminated at swamp 0.5.
The last entry of errorHistory is 0.500446 for index 972012, 973/1000.
The last entry of errorHistory is 0.500000 for index 972013, 973/1000.
The last entry of errorHistory is 0.000401 for index 972014, 973/1000.
The last entry of errorHistory is 1.000000 for index 972015, 973/1000.
Terminated at swamp 0.5.
The last entry of errorHistory is 0.500541 for index 972016, 973/1000.
Terminated at swamp 0.5.
The last entry of errorHistory is 0.500634 for index 972017, 973/1000.
The last entry of errorHistory is 0.000028 for index 972018, 973/1000.
The last entry of errorHistory is 0.000578 for index 972019, 973/1000.
Terminated at swamp 0.5.
The last entry of errorHistory is 0.500250 for index 972020, 973/1000.
Terminated at swamp 0.5.
The last entry of errorHistory is 0.500409 for index 972021, 973/1000.
The last entry of errorHistory is 0.000023 for index 972022, 973/1000.
Terminated at swamp 1.
The last entry of errorHistory is 1.000021 for index 972023, 973/1000.
Terminated at swamp 1.
The last entry of errorHistory is 1.000192 for index 972024, 973/1000.
Terminated at swamp 0.5.
The last entry of errorHistory is 0.500450 for index 972025, 973/1000.
The last entry of errorHistory is 0.000055 for index 972026, 973/1000.
The last entry of errorHistory is 1.000000 for index 972027, 973/1000.
The last entry of errorHistory is 0.000016 for index 972028, 973/1000.
Terminated at swamp 1.
The last entry of errorHistory is 1.000021 for index 972029, 973/1000.
The last entry of errorHistory is 0.000672 for index 972030, 973/1000.
The last entry of errorHistory is 1.000000 for index 972031, 973/1000.
Terminated at swamp 0.5.
The last entry of errorHistory is 0.500119 for index 972032, 973/1000.
Terminated at swamp 0.5.
The last entry of errorHistory is 0.500596 for index 972033, 973/1000.
Terminated at swamp 0.5.
The last entry of errorHistory is 0.500303 for index 972034, 973/1000.
Terminated at swamp 1.5.
The last entry of errorHistory is 1.500000 for index 972035, 973/1000.
The last entry of errorHistory is 0.000021 for index 972036, 973/1000.
Terminated at swamp 1.
The last entry of errorHistory is 1.000000 for index 972037, 973/1000.
The last entry of errorHistory is 0.000019 for index 972038, 973/1000.
Terminated at swamp 0.5.
The last entry of errorHistory is 0.500432 for index 972039, 973/1000.
Terminated at swamp 0.5.
The last entry of errorHistory is 0.500713 for index 972040, 973/1000.
Terminated at swamp 1.
The last entry of errorHistory is 1.000000 for index 972041, 973/1000.
The last entry of errorHistory is 0.000025 for index 972042, 973/1000.
Terminated at swamp 1.
The last entry of errorHistory is 1.000281 for index 972043, 973/1000.
The last entry of errorHistory is 1.000000 for index 972044, 973/1000.
Terminated at swamp 0.5.
The last entry of errorHistory is 0.500605 for index 972045, 973/1000.
Terminated at swamp 0.5.
The last entry of errorHistory is 0.500246 for index 972046, 973/1000.
Terminated at swamp 0.5.
The last entry of errorHistory is 0.500657 for index 972047, 973/1000.
The last entry of errorHistory is 1.000000 for index 972048, 973/1000.
Terminated at swamp 0.5.
The last entry of errorHistory is 0.500079 for index 972049, 973/1000.
The last entry of errorHistory is 1.000000 for index 972050, 973/1000.
The last entry of errorHistory is 0.000180 for index 972051, 973/1000.
Terminated at swamp 0.5.
The last entry of errorHistory is 0.500027 for index 972052, 973/1000.
The last entry of errorHistory is 1.000000 for index 972053, 973/1000.
Terminated at swamp 0.5.
The last entry of errorHistory is 0.500488 for index 972054, 973/1000.
Terminated at swamp 0.5.
The last entry of errorHistory is 0.500607 for index 972055, 973/1000.
Terminated at swamp 0.5.
The last entry of errorHistory is 0.500120 for index 972056, 973/1000.
The last entry of errorHistory is 0.000038 for index 972057, 973/1000.
The last entry of errorHistory is 1.000000 for index 972058, 973/1000.
Terminated at swamp 1.
The last entry of errorHistory is 1.000334 for index 972059, 973/1000.
Terminated at swamp 0.5.
The last entry of errorHistory is 0.500734 for index 972060, 973/1000.
Terminated at swamp 0.5.
The last entry of errorHistory is 0.500484 for index 972061, 973/1000.
Terminated at swamp 0.5.
The last entry of errorHistory is 0.500639 for index 972062, 973/1000.
Terminated at swamp 1.
The last entry of errorHistory is 1.000284 for index 972063, 973/1000.
The last entry of errorHistory is 1.000000 for index 972064, 973/1000.
Terminated at swamp 1.
The last entry of errorHistory is 1.000000 for index 972065, 973/1000.
The last entry of errorHistory is 1.000000 for index 972066, 973/1000.
The last entry of errorHistory is 1.000000 for index 972067, 973/1000.
The last entry of errorHistory is 0.500000 for index 972068, 973/1000.
Terminated at swamp 0.5.
The last entry of errorHistory is 0.500000 for index 972069, 973/1000.
The last entry of errorHistory is 1.000000 for index 972070, 973/1000.
Terminated at swamp 0.5.
The last entry of errorHistory is 0.500091 for index 972071, 973/1000.
Terminated at swamp 0.5.
The last entry of errorHistory is 0.500443 for index 972072, 973/1000.
Terminated at swamp 0.5.
The last entry of errorHistory is 0.500407 for index 972073, 973/1000.
Terminated at swamp 0.5.
The last entry of errorHistory is 0.500357 for index 972074, 973/1000.
Terminated at swamp 0.5.
The last entry of errorHistory is 0.500595 for index 972075, 973/1000.
The last entry of errorHistory is 0.000038 for index 972076, 973/1000.
Terminated at swamp 0.5.
The last entry of errorHistory is 0.500709 for index 972077, 973/1000.
Terminated at swamp 0.5.
The last entry of errorHistory is 0.500000 for index 972078, 973/1000.
The last entry of errorHistory is 1.000000 for index 972079, 973/1000.
The last entry of errorHistory is 1.000000 for index 972080, 973/1000.
Terminated at swamp 1.
The last entry of errorHistory is 0.999825 for index 972081, 973/1000.
Terminated at swamp 1.
The last entry of errorHistory is 1.000140 for index 972082, 973/1000.
The last entry of errorHistory is 0.000029 for index 972083, 973/1000.
Terminated at swamp 0.5.
The last entry of errorHistory is 0.500173 for index 972084, 973/1000.
Terminated at swamp 0.5.
The last entry of errorHistory is 0.500072 for index 972085, 973/1000.
Terminated at swamp 0.5.
The last entry of errorHistory is 0.500384 for index 972086, 973/1000.
Terminated at swamp 0.5.
The last entry of errorHistory is 0.500000 for index 972087, 973/1000.
The last entry of errorHistory is 1.500000 for index 972088, 973/1000.
Terminated at swamp 0.5.
The last entry of errorHistory is 0.500412 for index 972089, 973/1000.
The last entry of errorHistory is 1.000000 for index 972090, 973/1000.
Terminated at swamp 0.5.
The last entry of errorHistory is 0.500304 for index 972091, 973/1000.
Terminated at swamp 1.
The last entry of errorHistory is 1.000031 for index 972092, 973/1000.
Terminated at swamp 0.5.
The last entry of errorHistory is 0.500502 for index 972093, 973/1000.
Terminated at swamp 0.5.
The last entry of errorHistory is 0.500102 for index 972094, 973/1000.
Terminated at swamp 0.5.
The last entry of errorHistory is 0.500722 for index 972095, 973/1000.
Terminated at swamp 0.5.
The last entry of errorHistory is 0.500502 for index 972096, 973/1000.
Terminated at swamp 1.5.
The last entry of errorHistory is 1.500500 for index 972097, 973/1000.
The last entry of errorHistory is 0.500000 for index 972098, 973/1000.
Terminated at swamp 0.5.
The last entry of errorHistory is 0.500490 for index 972099, 973/1000.
Terminated at swamp 1.
The last entry of errorHistory is 1.000041 for index 972100, 973/1000.
Terminated at swamp 0.5.
The last entry of errorHistory is 0.500138 for index 972101, 973/1000.
Terminated at swamp 0.5.
The last entry of errorHistory is 0.500606 for index 972102, 973/1000.
Terminated at swamp 0.5.
The last entry of errorHistory is 0.500630 for index 972103, 973/1000.
Terminated at swamp 1.
The last entry of errorHistory is 1.000286 for index 972104, 973/1000.
Terminated at swamp 0.5.
The last entry of errorHistory is 0.500311 for index 972105, 973/1000.
The last entry of errorHistory is 0.000030 for index 972106, 973/1000.
Terminated at swamp 0.5.
The last entry of errorHistory is 0.500670 for index 972107, 973/1000.
The last entry of errorHistory is 0.000116 for index 972108, 973/1000.
Terminated at swamp 0.5.
The last entry of errorHistory is 0.500615 for index 972109, 973/1000.
Terminated at swamp 1.
The last entry of errorHistory is 1.000002 for index 972110, 973/1000.
Terminated at swamp 0.5.
The last entry of errorHistory is 0.500576 for index 972111, 973/1000.
Terminated at swamp 0.5.
The last entry of errorHistory is 0.500682 for index 972112, 973/1000.
Terminated at swamp 0.5.
The last entry of errorHistory is 0.500105 for index 972113, 973/1000.
The last entry of errorHistory is 0.000087 for index 972114, 973/1000.
Terminated at swamp 0.5.
The last entry of errorHistory is 0.500589 for index 972115, 973/1000.
The last entry of errorHistory is 0.000045 for index 972116, 973/1000.
Terminated at swamp 0.5.
The last entry of errorHistory is 0.500656 for index 972117, 973/1000.
The last entry of errorHistory is 1.000000 for index 972118, 973/1000.
Terminated at swamp 0.5.
The last entry of errorHistory is 0.500490 for index 972119, 973/1000.
Terminated at swamp 0.5.
The last entry of errorHistory is 0.500539 for index 972120, 973/1000.
Terminated at swamp 0.5.
The last entry of errorHistory is 0.500528 for index 972121, 973/1000.
Terminated at swamp 0.5.
The last entry of errorHistory is 0.500094 for index 972122, 973/1000.
Terminated at swamp 0.5.
The last entry of errorHistory is 0.500637 for index 972123, 973/1000.
The last entry of errorHistory is 1.500000 for index 972124, 973/1000.
Terminated at swamp 1.
The last entry of errorHistory is 1.000285 for index 972125, 973/1000.
Terminated at swamp 0.5.
The last entry of errorHistory is 0.500016 for index 972126, 973/1000.
Terminated at swamp 1.
The last entry of errorHistory is 1.000011 for index 972127, 973/1000.
Terminated at swamp 1.
The last entry of errorHistory is 1.000000 for index 972128, 973/1000.
The last entry of errorHistory is 1.000000 for index 972129, 973/1000.
Terminated at swamp 1.
The last entry of errorHistory is 1.000379 for index 972130, 973/1000.
Terminated at swamp 0.5.
The last entry of errorHistory is 0.500388 for index 972131, 973/1000.
Terminated at swamp 0.5.
The last entry of errorHistory is 0.500610 for index 972132, 973/1000.
Terminated at swamp 0.5.
The last entry of errorHistory is 0.500714 for index 972133, 973/1000.
Terminated at swamp 0.5.
The last entry of errorHistory is 0.500111 for index 972134, 973/1000.
The last entry of errorHistory is 1.000000 for index 972135, 973/1000.
The last entry of errorHistory is 0.000401 for index 972136, 973/1000.
Terminated at swamp 0.5.
The last entry of errorHistory is 0.500642 for index 972137, 973/1000.
Terminated at swamp 0.5.
The last entry of errorHistory is 0.500253 for index 972138, 973/1000.
Terminated at swamp 0.5.
The last entry of errorHistory is 0.500244 for index 972139, 973/1000.
Terminated at swamp 1.
The last entry of errorHistory is 1.000012 for index 972140, 973/1000.
Terminated at swamp 1.
The last entry of errorHistory is 1.000005 for index 972141, 973/1000.
The last entry of errorHistory is 1.000000 for index 972142, 973/1000.
Terminated at swamp 0.5.
The last entry of errorHistory is 0.500142 for index 972143, 973/1000.
Terminated at swamp 0.5.
The last entry of errorHistory is 0.500308 for index 972144, 973/1000.
Terminated at swamp 1.
The last entry of errorHistory is 1.000449 for index 972145, 973/1000.
Terminated at swamp 0.5.
The last entry of errorHistory is 0.500523 for index 972146, 973/1000.
Terminated at swamp 0.5.
The last entry of errorHistory is 0.500464 for index 972147, 973/1000.
Terminated at swamp 0.5.
The last entry of errorHistory is 0.500495 for index 972148, 973/1000.
Terminated at swamp 0.5.
The last entry of errorHistory is 0.500083 for index 972149, 973/1000.
Terminated at swamp 0.5.
The last entry of errorHistory is 0.500703 for index 972150, 973/1000.
Terminated at swamp 1.
The last entry of errorHistory is 1.000000 for index 972151, 973/1000.
The last entry of errorHistory is 0.000015 for index 972152, 973/1000.
The last entry of errorHistory is 1.000000 for index 972153, 973/1000.
The last entry of errorHistory is 1.000000 for index 972154, 973/1000.
Terminated at swamp 0.5.
The last entry of errorHistory is 0.500477 for index 972155, 973/1000.
Terminated at swamp 0.5.
The last entry of errorHistory is 0.500370 for index 972156, 973/1000.
The last entry of errorHistory is 1.500000 for index 972157, 973/1000.
Terminated at swamp 0.5.
The last entry of errorHistory is 0.500351 for index 972158, 973/1000.
The last entry of errorHistory is 0.000116 for index 972159, 973/1000.
Terminated at swamp 0.5.
The last entry of errorHistory is 0.500475 for index 972160, 973/1000.
Terminated at swamp 0.5.
The last entry of errorHistory is 0.500403 for index 972161, 973/1000.
Terminated at swamp 0.5.
The last entry of errorHistory is 0.500670 for index 972162, 973/1000.
The last entry of errorHistory is 0.000151 for index 972163, 973/1000.
The last entry of errorHistory is 0.000019 for index 972164, 973/1000.
Terminated at swamp 0.5.
The last entry of errorHistory is 0.500448 for index 972165, 973/1000.
The last entry of errorHistory is 0.000024 for index 972166, 973/1000.
The last entry of errorHistory is 1.000000 for index 972167, 973/1000.
Terminated at swamp 0.5.
The last entry of errorHistory is 0.500330 for index 972168, 973/1000.
Terminated at swamp 0.5.
The last entry of errorHistory is 0.500400 for index 972169, 973/1000.
Terminated at swamp 0.5.
The last entry of errorHistory is 0.500533 for index 972170, 973/1000.
The last entry of errorHistory is 0.500000 for index 972171, 973/1000.
Terminated at swamp 0.5.
The last entry of errorHistory is 0.500596 for index 972172, 973/1000.
The last entry of errorHistory is 1.000000 for index 972173, 973/1000.
The last entry of errorHistory is 0.000022 for index 972174, 973/1000.
Terminated at swamp 0.5.
The last entry of errorHistory is 0.500548 for index 972175, 973/1000.
Terminated at swamp 0.5.
The last entry of errorHistory is 0.500337 for index 972176, 973/1000.
The last entry of errorHistory is 1.000000 for index 972177, 973/1000.
The last entry of errorHistory is 1.000000 for index 972178, 973/1000.
Terminated at swamp 0.5.
The last entry of errorHistory is 0.500220 for index 972179, 973/1000.
Terminated at swamp 0.5.
The last entry of errorHistory is 0.500397 for index 972180, 973/1000.
The last entry of errorHistory is 0.000977 for index 972181, 973/1000.
Terminated at swamp 0.5.
The last entry of errorHistory is 0.500591 for index 972182, 973/1000.
Terminated at swamp 0.5.
The last entry of errorHistory is 0.500050 for index 972183, 973/1000.
The last entry of errorHistory is 0.500000 for index 972184, 973/1000.
The last entry of errorHistory is 0.500000 for index 972185, 973/1000.
Terminated at swamp 1.
The last entry of errorHistory is 1.000239 for index 972186, 973/1000.
Terminated at swamp 0.5.
The last entry of errorHistory is 0.500662 for index 972187, 973/1000.
Terminated at swamp 1.
The last entry of errorHistory is 1.000000 for index 972188, 973/1000.
Terminated at swamp 0.5.
The last entry of errorHistory is 0.500452 for index 972189, 973/1000.
Terminated at swamp 1.
The last entry of errorHistory is 1.000000 for index 972190, 973/1000.
The last entry of errorHistory is 0.000012 for index 972191, 973/1000.
Terminated at swamp 1.
The last entry of errorHistory is 1.000000 for index 972192, 973/1000.
The last entry of errorHistory is 1.000000 for index 972193, 973/1000.
Terminated at swamp 0.5.
The last entry of errorHistory is 0.500097 for index 972194, 973/1000.
The last entry of errorHistory is 1.500000 for index 972195, 973/1000.
Terminated at swamp 1.
The last entry of errorHistory is 1.000458 for index 972196, 973/1000.
The last entry of errorHistory is 0.500000 for index 972197, 973/1000.
The last entry of errorHistory is 1.000000 for index 972198, 973/1000.
The last entry of errorHistory is 1.000000 for index 972199, 973/1000.
Terminated at swamp 0.5.
The last entry of errorHistory is 0.500479 for index 972200, 973/1000.
The last entry of errorHistory is 0.000025 for index 972201, 973/1000.
Terminated at swamp 0.5.
The last entry of errorHistory is 0.500073 for index 972202, 973/1000.
Terminated at swamp 0.5.
The last entry of errorHistory is 0.500068 for index 972203, 973/1000.
Terminated at swamp 1.
The last entry of errorHistory is 1.000535 for index 972204, 973/1000.
Terminated at swamp 0.5.
The last entry of errorHistory is 0.500130 for index 972205, 973/1000.
Terminated at swamp 0.5.
The last entry of errorHistory is 0.500400 for index 972206, 973/1000.
Terminated at swamp 1.
The last entry of errorHistory is 1.000340 for index 972207, 973/1000.
Terminated at swamp 1.
The last entry of errorHistory is 1.000356 for index 972208, 973/1000.
The last entry of errorHistory is 1.000000 for index 972209, 973/1000.
The last entry of errorHistory is 1.000000 for index 972210, 973/1000.
Terminated at swamp 1.
The last entry of errorHistory is 1.000280 for index 972211, 973/1000.
Terminated at swamp 0.5.
The last entry of errorHistory is 0.500437 for index 972212, 973/1000.
Terminated at swamp 0.5.
The last entry of errorHistory is 0.500639 for index 972213, 973/1000.
Terminated at swamp 1.
The last entry of errorHistory is 1.000271 for index 972214, 973/1000.
The last entry of errorHistory is 0.503142 for index 972215, 973/1000.
The last entry of errorHistory is 0.000047 for index 972216, 973/1000.
Terminated at swamp 0.5.
The last entry of errorHistory is 0.500504 for index 972217, 973/1000.
Terminated at swamp 0.5.
The last entry of errorHistory is 0.500509 for index 972218, 973/1000.
Terminated at swamp 0.5.
The last entry of errorHistory is 0.500013 for index 972219, 973/1000.
The last entry of errorHistory is 0.000037 for index 972220, 973/1000.
Terminated at swamp 1.
The last entry of errorHistory is 1.000024 for index 972221, 973/1000.
Terminated at swamp 0.5.
The last entry of errorHistory is 0.500466 for index 972222, 973/1000.
Terminated at swamp 1.5.
The last entry of errorHistory is 1.500000 for index 972223, 973/1000.
Terminated at swamp 0.5.
The last entry of errorHistory is 0.500004 for index 972224, 973/1000.
The last entry of errorHistory is 1.000000 for index 972225, 973/1000.
Terminated at swamp 1.
The last entry of errorHistory is 1.000200 for index 972226, 973/1000.
Terminated at swamp 0.5.
The last entry of errorHistory is 0.500253 for index 972227, 973/1000.
Terminated at swamp 1.
The last entry of errorHistory is 1.000034 for index 972228, 973/1000.
Terminated at swamp 0.5.
The last entry of errorHistory is 0.500518 for index 972229, 973/1000.
Terminated at swamp 0.5.
The last entry of errorHistory is 0.500595 for index 972230, 973/1000.
Terminated at swamp 0.5.
The last entry of errorHistory is 0.500536 for index 972231, 973/1000.
Terminated at swamp 0.5.
The last entry of errorHistory is 0.500701 for index 972232, 973/1000.
Terminated at swamp 1.
The last entry of errorHistory is 1.000395 for index 972233, 973/1000.
The last entry of errorHistory is 1.000000 for index 972234, 973/1000.
Terminated at swamp 0.5.
The last entry of errorHistory is 0.500371 for index 972235, 973/1000.
The last entry of errorHistory is 1.500000 for index 972236, 973/1000.
Terminated at swamp 0.5.
The last entry of errorHistory is 0.500578 for index 972237, 973/1000.
The last entry of errorHistory is 1.000000 for index 972238, 973/1000.
The last entry of errorHistory is 1.000000 for index 972239, 973/1000.
The last entry of errorHistory is 1.000000 for index 972240, 973/1000.
Terminated at swamp 0.5.
The last entry of errorHistory is 0.500391 for index 972241, 973/1000.
Terminated at swamp 1.
The last entry of errorHistory is 1.000018 for index 972242, 973/1000.
The last entry of errorHistory is 0.000057 for index 972243, 973/1000.
The last entry of errorHistory is 0.000019 for index 972244, 973/1000.
Terminated at swamp 0.5.
The last entry of errorHistory is 0.500868 for index 972245, 973/1000.
The last entry of errorHistory is 1.000000 for index 972246, 973/1000.
Terminated at swamp 1.
The last entry of errorHistory is 1.000030 for index 972247, 973/1000.
The last entry of errorHistory is 0.000020 for index 972248, 973/1000.
The last entry of errorHistory is 1.000000 for index 972249, 973/1000.
Terminated at swamp 0.5.
The last entry of errorHistory is 0.500291 for index 972250, 973/1000.
Terminated at swamp 0.5.
The last entry of errorHistory is 0.500445 for index 972251, 973/1000.
Terminated at swamp 0.5.
The last entry of errorHistory is 0.500692 for index 972252, 973/1000.
Terminated at swamp 0.5.
The last entry of errorHistory is 0.500376 for index 972253, 973/1000.
Terminated at swamp 0.5.
The last entry of errorHistory is 0.500179 for index 972254, 973/1000.
Terminated at swamp 0.5.
The last entry of errorHistory is 0.500519 for index 972255, 973/1000.
Terminated at swamp 0.5.
The last entry of errorHistory is 0.500411 for index 972256, 973/1000.
The last entry of errorHistory is 1.000000 for index 972257, 973/1000.
Terminated at swamp 0.5.
The last entry of errorHistory is 0.500253 for index 972258, 973/1000.
Terminated at swamp 0.5.
The last entry of errorHistory is 0.500436 for index 972259, 973/1000.
Terminated at swamp 0.5.
The last entry of errorHistory is 0.500042 for index 972260, 973/1000.
The last entry of errorHistory is 0.000023 for index 972261, 973/1000.
Terminated at swamp 0.5.
The last entry of errorHistory is 0.500145 for index 972262, 973/1000.
Terminated at swamp 1.
The last entry of errorHistory is 1.000068 for index 972263, 973/1000.
The last entry of errorHistory is 1.000000 for index 972264, 973/1000.
Terminated at swamp 0.5.
The last entry of errorHistory is 0.500463 for index 972265, 973/1000.
The last entry of errorHistory is 0.500000 for index 972266, 973/1000.
Terminated at swamp 0.5.
The last entry of errorHistory is 0.500652 for index 972267, 973/1000.
The last entry of errorHistory is 1.000000 for index 972268, 973/1000.
The last entry of errorHistory is 1.000000 for index 972269, 973/1000.
Terminated at swamp 0.5.
The last entry of errorHistory is 0.500468 for index 972270, 973/1000.
Terminated at swamp 0.5.
The last entry of errorHistory is 0.500276 for index 972271, 973/1000.
Terminated at swamp 1.
The last entry of errorHistory is 1.000000 for index 972272, 973/1000.
The last entry of errorHistory is 0.000021 for index 972273, 973/1000.
Terminated at swamp 1.
The last entry of errorHistory is 1.000358 for index 972274, 973/1000.
The last entry of errorHistory is 0.000014 for index 972275, 973/1000.
Terminated at swamp 0.5.
The last entry of errorHistory is 0.500394 for index 972276, 973/1000.
Terminated at swamp 1.
The last entry of errorHistory is 1.000394 for index 972277, 973/1000.
Terminated at swamp 1.
The last entry of errorHistory is 1.000382 for index 972278, 973/1000.
Terminated at swamp 0.5.
The last entry of errorHistory is 0.500669 for index 972279, 973/1000.
Terminated at swamp 0.5.
The last entry of errorHistory is 0.500402 for index 972280, 973/1000.
Terminated at swamp 0.5.
The last entry of errorHistory is 0.500506 for index 972281, 973/1000.
The last entry of errorHistory is 1.000000 for index 972282, 973/1000.
The last entry of errorHistory is 0.000870 for index 972283, 973/1000.
Terminated at swamp 0.5.
The last entry of errorHistory is 0.500000 for index 972284, 973/1000.
Terminated at swamp 1.
The last entry of errorHistory is 1.000505 for index 972285, 973/1000.
Terminated at swamp 0.5.
The last entry of errorHistory is 0.500546 for index 972286, 973/1000.
Terminated at swamp 0.5.
The last entry of errorHistory is 0.500332 for index 972287, 973/1000.
The last entry of errorHistory is 0.000014 for index 972288, 973/1000.
Terminated at swamp 0.5.
The last entry of errorHistory is 0.500540 for index 972289, 973/1000.
Terminated at swamp 0.5.
The last entry of errorHistory is 0.500150 for index 972290, 973/1000.
Terminated at swamp 1.
The last entry of errorHistory is 1.000002 for index 972291, 973/1000.
Terminated at swamp 0.5.
The last entry of errorHistory is 0.500156 for index 972292, 973/1000.
The last entry of errorHistory is 1.000000 for index 972293, 973/1000.
Terminated at swamp 0.5.
The last entry of errorHistory is 0.500746 for index 972294, 973/1000.
The last entry of errorHistory is 1.000000 for index 972295, 973/1000.
The last entry of errorHistory is 1.000000 for index 972296, 973/1000.
The last entry of errorHistory is 1.000000 for index 972297, 973/1000.
The last entry of errorHistory is 0.000019 for index 972298, 973/1000.
Terminated at swamp 0.5.
The last entry of errorHistory is 0.500586 for index 972299, 973/1000.
The last entry of errorHistory is 1.000000 for index 972300, 973/1000.
Terminated at swamp 0.5.
The last entry of errorHistory is 0.500061 for index 972301, 973/1000.
The last entry of errorHistory is 1.500000 for index 972302, 973/1000.
Terminated at swamp 0.5.
The last entry of errorHistory is 0.500116 for index 972303, 973/1000.
The last entry of errorHistory is 0.000008 for index 972304, 973/1000.
Terminated at swamp 0.5.
The last entry of errorHistory is 0.500002 for index 972305, 973/1000.
Terminated at swamp 0.5.
The last entry of errorHistory is 0.500536 for index 972306, 973/1000.
Terminated at swamp 0.5.
The last entry of errorHistory is 0.500529 for index 972307, 973/1000.
Terminated at swamp 0.5.
The last entry of errorHistory is 0.500472 for index 972308, 973/1000.
Terminated at swamp 1.
The last entry of errorHistory is 1.000031 for index 972309, 973/1000.
Terminated at swamp 0.5.
The last entry of errorHistory is 0.500018 for index 972310, 973/1000.
Terminated at swamp 0.5.
The last entry of errorHistory is 0.500551 for index 972311, 973/1000.
Terminated at swamp 0.5.
The last entry of errorHistory is 0.500307 for index 972312, 973/1000.
Terminated at swamp 0.5.
The last entry of errorHistory is 0.500455 for index 972313, 973/1000.
Terminated at swamp 0.5.
The last entry of errorHistory is 0.500422 for index 972314, 973/1000.
The last entry of errorHistory is 1.000000 for index 972315, 973/1000.
Terminated at swamp 1.
The last entry of errorHistory is 1.000097 for index 972316, 973/1000.
The last entry of errorHistory is 1.000000 for index 972317, 973/1000.
Terminated at swamp 1.5.
The last entry of errorHistory is 1.500000 for index 972318, 973/1000.
Terminated at swamp 1.
The last entry of errorHistory is 1.000026 for index 972319, 973/1000.
The last entry of errorHistory is 0.001088 for index 972320, 973/1000.
The last entry of errorHistory is 0.000544 for index 972321, 973/1000.
Terminated at swamp 0.5.
The last entry of errorHistory is 0.500496 for index 972322, 973/1000.
Terminated at swamp 0.5.
The last entry of errorHistory is 0.500023 for index 972323, 973/1000.
Terminated at swamp 0.5.
The last entry of errorHistory is 0.500430 for index 972324, 973/1000.
Terminated at swamp 1.
The last entry of errorHistory is 1.000022 for index 972325, 973/1000.
Terminated at swamp 0.5.
The last entry of errorHistory is 0.500376 for index 972326, 973/1000.
The last entry of errorHistory is 0.500000 for index 972327, 973/1000.
The last entry of errorHistory is 1.000000 for index 972328, 973/1000.
The last entry of errorHistory is 0.000038 for index 972329, 973/1000.
The last entry of errorHistory is 1.000000 for index 972330, 973/1000.
Terminated at swamp 0.5.
The last entry of errorHistory is 0.500000 for index 972331, 973/1000.
Terminated at swamp 0.5.
The last entry of errorHistory is 0.500226 for index 972332, 973/1000.
Terminated at swamp 0.5.
The last entry of errorHistory is 0.500610 for index 972333, 973/1000.
Terminated at swamp 0.5.
The last entry of errorHistory is 0.500381 for index 972334, 973/1000.
The last entry of errorHistory is 1.500000 for index 972335, 973/1000.
Terminated at swamp 1.
The last entry of errorHistory is 1.000339 for index 972336, 973/1000.
Terminated at swamp 0.5.
The last entry of errorHistory is 0.500046 for index 972337, 973/1000.
The last entry of errorHistory is 0.500000 for index 972338, 973/1000.
Terminated at swamp 0.5.
The last entry of errorHistory is 0.500178 for index 972339, 973/1000.
Terminated at swamp 1.
The last entry of errorHistory is 1.000000 for index 972340, 973/1000.
The last entry of errorHistory is 0.000078 for index 972341, 973/1000.
The last entry of errorHistory is 1.500000 for index 972342, 973/1000.
The last entry of errorHistory is 0.500000 for index 972343, 973/1000.
The last entry of errorHistory is 1.500000 for index 972344, 973/1000.
The last entry of errorHistory is 1.000000 for index 972345, 973/1000.
Terminated at swamp 0.5.
The last entry of errorHistory is 0.500814 for index 972346, 973/1000.
Terminated at swamp 0.5.
The last entry of errorHistory is 0.500261 for index 972347, 973/1000.
Terminated at swamp 0.5.
The last entry of errorHistory is 0.500349 for index 972348, 973/1000.
The last entry of errorHistory is 1.000000 for index 972349, 973/1000.
Terminated at swamp 0.5.
The last entry of errorHistory is 0.500000 for index 972350, 973/1000.
The last entry of errorHistory is 0.000140 for index 972351, 973/1000.
Terminated at swamp 0.5.
The last entry of errorHistory is 0.500089 for index 972352, 973/1000.
The last entry of errorHistory is 1.000000 for index 972353, 973/1000.
The last entry of errorHistory is 0.000256 for index 972354, 973/1000.
The last entry of errorHistory is 0.000015 for index 972355, 973/1000.
Terminated at swamp 0.5.
The last entry of errorHistory is 0.500685 for index 972356, 973/1000.
Terminated at swamp 1.
The last entry of errorHistory is 0.999964 for index 972357, 973/1000.
The last entry of errorHistory is 1.500000 for index 972358, 973/1000.
Terminated at swamp 0.5.
The last entry of errorHistory is 0.500345 for index 972359, 973/1000.
The last entry of errorHistory is 0.000011 for index 972360, 973/1000.
Terminated at swamp 0.5.
The last entry of errorHistory is 0.500652 for index 972361, 973/1000.
The last entry of errorHistory is 1.000000 for index 972362, 973/1000.
Terminated at swamp 0.5.
The last entry of errorHistory is 0.500385 for index 972363, 973/1000.
Terminated at swamp 0.5.
The last entry of errorHistory is 0.500387 for index 972364, 973/1000.
Terminated at swamp 0.5.
The last entry of errorHistory is 0.500279 for index 972365, 973/1000.
Terminated at swamp 1.
The last entry of errorHistory is 1.000021 for index 972366, 973/1000.
The last entry of errorHistory is 2.000000 for index 972367, 973/1000.
The last entry of errorHistory is 0.500000 for index 972368, 973/1000.
Terminated at swamp 0.5.
The last entry of errorHistory is 0.500243 for index 972369, 973/1000.
The last entry of errorHistory is 1.000000 for index 972370, 973/1000.
Terminated at swamp 0.5.
The last entry of errorHistory is 0.500430 for index 972371, 973/1000.
Terminated at swamp 1.
The last entry of errorHistory is 1.000109 for index 972372, 973/1000.
Terminated at swamp 0.5.
The last entry of errorHistory is 0.500024 for index 972373, 973/1000.
Terminated at swamp 1.
The last entry of errorHistory is 1.000384 for index 972374, 973/1000.
Terminated at swamp 0.5.
The last entry of errorHistory is 0.500440 for index 972375, 973/1000.
The last entry of errorHistory is 1.000000 for index 972376, 973/1000.
Terminated at swamp 1.
The last entry of errorHistory is 1.000390 for index 972377, 973/1000.
Terminated at swamp 0.5.
The last entry of errorHistory is 0.500584 for index 972378, 973/1000.
The last entry of errorHistory is 0.500000 for index 972379, 973/1000.
Terminated at swamp 0.5.
The last entry of errorHistory is 0.500007 for index 972380, 973/1000.
The last entry of errorHistory is 0.000015 for index 972381, 973/1000.
The last entry of errorHistory is 0.500000 for index 972382, 973/1000.
Terminated at swamp 1.
The last entry of errorHistory is 1.000000 for index 972383, 973/1000.
The last entry of errorHistory is 0.000666 for index 972384, 973/1000.
Terminated at swamp 1.
The last entry of errorHistory is 1.000000 for index 972385, 973/1000.
The last entry of errorHistory is 1.000000 for index 972386, 973/1000.
Terminated at swamp 1.
The last entry of errorHistory is 1.000570 for index 972387, 973/1000.
Terminated at swamp 0.5.
The last entry of errorHistory is 0.500531 for index 972388, 973/1000.
Terminated at swamp 0.5.
The last entry of errorHistory is 0.500388 for index 972389, 973/1000.
Terminated at swamp 1.
The last entry of errorHistory is 1.000185 for index 972390, 973/1000.
Terminated at swamp 1.
The last entry of errorHistory is 1.000403 for index 972391, 973/1000.
The last entry of errorHistory is 1.000000 for index 972392, 973/1000.
Terminated at swamp 0.5.
The last entry of errorHistory is 0.500651 for index 972393, 973/1000.
Terminated at swamp 0.5.
The last entry of errorHistory is 0.500660 for index 972394, 973/1000.
Terminated at swamp 0.5.
The last entry of errorHistory is 0.500685 for index 972395, 973/1000.
Terminated at swamp 0.5.
The last entry of errorHistory is 0.500163 for index 972396, 973/1000.
Terminated at swamp 1.
The last entry of errorHistory is 1.000350 for index 972397, 973/1000.
Terminated at swamp 0.5.
The last entry of errorHistory is 0.500193 for index 972398, 973/1000.
The last entry of errorHistory is 0.500000 for index 972399, 973/1000.
Terminated at swamp 0.5.
The last entry of errorHistory is 0.500102 for index 972400, 973/1000.
Terminated at swamp 0.5.
The last entry of errorHistory is 0.500320 for index 972401, 973/1000.
Terminated at swamp 0.5.
The last entry of errorHistory is 0.500417 for index 972402, 973/1000.
Terminated at swamp 1.
The last entry of errorHistory is 1.000045 for index 972403, 973/1000.
Terminated at swamp 0.5.
The last entry of errorHistory is 0.500463 for index 972404, 973/1000.
The last entry of errorHistory is 1.000000 for index 972405, 973/1000.
The last entry of errorHistory is 1.000000 for index 972406, 973/1000.
Terminated at swamp 0.5.
The last entry of errorHistory is 0.500343 for index 972407, 973/1000.
Terminated at swamp 0.5.
The last entry of errorHistory is 0.500352 for index 972408, 973/1000.
Terminated at swamp 0.5.
The last entry of errorHistory is 0.500241 for index 972409, 973/1000.
The last entry of errorHistory is 0.001424 for index 972410, 973/1000.
The last entry of errorHistory is 1.000000 for index 972411, 973/1000.
Terminated at swamp 0.5.
The last entry of errorHistory is 0.500443 for index 972412, 973/1000.
Terminated at swamp 1.
The last entry of errorHistory is 1.000167 for index 972413, 973/1000.
Terminated at swamp 1.
The last entry of errorHistory is 1.000103 for index 972414, 973/1000.
The last entry of errorHistory is 0.000824 for index 972415, 973/1000.
Terminated at swamp 0.5.
The last entry of errorHistory is 0.500002 for index 972416, 973/1000.
The last entry of errorHistory is 1.000000 for index 972417, 973/1000.
Terminated at swamp 0.5.
The last entry of errorHistory is 0.500127 for index 972418, 973/1000.
Terminated at swamp 0.5.
The last entry of errorHistory is 0.500081 for index 972419, 973/1000.
Terminated at swamp 0.5.
The last entry of errorHistory is 0.500004 for index 972420, 973/1000.
Terminated at swamp 0.5.
The last entry of errorHistory is 0.500515 for index 972421, 973/1000.
The last entry of errorHistory is 1.000000 for index 972422, 973/1000.
Terminated at swamp 0.5.
The last entry of errorHistory is 0.500414 for index 972423, 973/1000.
The last entry of errorHistory is 0.000008 for index 972424, 973/1000.
Terminated at swamp 1.
The last entry of errorHistory is 1.000166 for index 972425, 973/1000.
The last entry of errorHistory is 1.000000 for index 972426, 973/1000.
Terminated at swamp 0.5.
The last entry of errorHistory is 0.500943 for index 972427, 973/1000.
Terminated at swamp 0.5.
The last entry of errorHistory is 0.500124 for index 972428, 973/1000.
Terminated at swamp 0.5.
The last entry of errorHistory is 0.500400 for index 972429, 973/1000.
Terminated at swamp 0.5.
The last entry of errorHistory is 0.500110 for index 972430, 973/1000.
The last entry of errorHistory is 0.000337 for index 972431, 973/1000.
Terminated at swamp 1.
The last entry of errorHistory is 1.000207 for index 972432, 973/1000.
The last entry of errorHistory is 1.000000 for index 972433, 973/1000.
Terminated at swamp 1.
The last entry of errorHistory is 1.000184 for index 972434, 973/1000.
Terminated at swamp 1.
The last entry of errorHistory is 1.000256 for index 972435, 973/1000.
Terminated at swamp 0.5.
The last entry of errorHistory is 0.500467 for index 972436, 973/1000.
The last entry of errorHistory is 1.000000 for index 972437, 973/1000.
Terminated at swamp 1.
The last entry of errorHistory is 1.000216 for index 972438, 973/1000.
Terminated at swamp 1.
The last entry of errorHistory is 1.000035 for index 972439, 973/1000.
The last entry of errorHistory is 1.000000 for index 972440, 973/1000.
The last entry of errorHistory is 0.000027 for index 972441, 973/1000.
Terminated at swamp 0.5.
The last entry of errorHistory is 0.500241 for index 972442, 973/1000.
Terminated at swamp 0.5.
The last entry of errorHistory is 0.500613 for index 972443, 973/1000.
Terminated at swamp 0.5.
The last entry of errorHistory is 0.500489 for index 972444, 973/1000.
Terminated at swamp 0.5.
The last entry of errorHistory is 0.500488 for index 972445, 973/1000.
The last entry of errorHistory is 0.000048 for index 972446, 973/1000.
Terminated at swamp 1.
The last entry of errorHistory is 1.000020 for index 972447, 973/1000.
Terminated at swamp 0.5.
The last entry of errorHistory is 0.500297 for index 972448, 973/1000.
Terminated at swamp 0.5.
The last entry of errorHistory is 0.500547 for index 972449, 973/1000.
Terminated at swamp 0.5.
The last entry of errorHistory is 0.500238 for index 972450, 973/1000.
The last entry of errorHistory is 0.000475 for index 972451, 973/1000.
Terminated at swamp 0.5.
The last entry of errorHistory is 0.500622 for index 972452, 973/1000.
The last entry of errorHistory is 0.000017 for index 972453, 973/1000.
The last entry of errorHistory is 1.000000 for index 972454, 973/1000.
The last entry of errorHistory is 0.000019 for index 972455, 973/1000.
Terminated at swamp 1.
The last entry of errorHistory is 1.000395 for index 972456, 973/1000.
Terminated at swamp 1.5.
The last entry of errorHistory is 1.500000 for index 972457, 973/1000.
Terminated at swamp 0.5.
The last entry of errorHistory is 0.500209 for index 972458, 973/1000.
Terminated at swamp 1.
The last entry of errorHistory is 1.000000 for index 972459, 973/1000.
The last entry of errorHistory is 1.000000 for index 972460, 973/1000.
The last entry of errorHistory is 0.000049 for index 972461, 973/1000.
The last entry of errorHistory is 0.000012 for index 972462, 973/1000.
Terminated at swamp 1.
The last entry of errorHistory is 1.000254 for index 972463, 973/1000.
The last entry of errorHistory is 1.000000 for index 972464, 973/1000.
The last entry of errorHistory is 0.000016 for index 972465, 973/1000.
Terminated at swamp 0.5.
The last entry of errorHistory is 0.500012 for index 972466, 973/1000.
The last entry of errorHistory is 1.000000 for index 972467, 973/1000.
The last entry of errorHistory is 0.000020 for index 972468, 973/1000.
Terminated at swamp 0.5.
The last entry of errorHistory is 0.500457 for index 972469, 973/1000.
The last entry of errorHistory is 0.500000 for index 972470, 973/1000.
Terminated at swamp 0.5.
The last entry of errorHistory is 0.500140 for index 972471, 973/1000.
Terminated at swamp 1.
The last entry of errorHistory is 1.000452 for index 972472, 973/1000.
Terminated at swamp 0.5.
The last entry of errorHistory is 0.500382 for index 972473, 973/1000.
Terminated at swamp 0.5.
The last entry of errorHistory is 0.500482 for index 972474, 973/1000.
Terminated at swamp 0.5.
The last entry of errorHistory is 0.500578 for index 972475, 973/1000.
The last entry of errorHistory is 1.000000 for index 972476, 973/1000.
Terminated at swamp 1.
The last entry of errorHistory is 1.000936 for index 972477, 973/1000.
The last entry of errorHistory is 1.000000 for index 972478, 973/1000.
The last entry of errorHistory is 0.500000 for index 972479, 973/1000.
The last entry of errorHistory is 0.000028 for index 972480, 973/1000.
Terminated at swamp 1.
The last entry of errorHistory is 1.000040 for index 972481, 973/1000.
Terminated at swamp 0.5.
The last entry of errorHistory is 0.500243 for index 972482, 973/1000.
The last entry of errorHistory is 1.000000 for index 972483, 973/1000.
Terminated at swamp 0.5.
The last entry of errorHistory is 0.500329 for index 972484, 973/1000.
Terminated at swamp 0.5.
The last entry of errorHistory is 0.500570 for index 972485, 973/1000.
The last entry of errorHistory is 1.000000 for index 972486, 973/1000.
Terminated at swamp 0.5.
The last entry of errorHistory is 0.500028 for index 972487, 973/1000.
The last entry of errorHistory is 0.000007 for index 972488, 973/1000.
Terminated at swamp 0.5.
The last entry of errorHistory is 0.500445 for index 972489, 973/1000.
Terminated at swamp 1.
The last entry of errorHistory is 1.000000 for index 972490, 973/1000.
The last entry of errorHistory is 0.000036 for index 972491, 973/1000.
The last entry of errorHistory is 0.500000 for index 972492, 973/1000.
The last entry of errorHistory is 1.000000 for index 972493, 973/1000.
Terminated at swamp 0.5.
The last entry of errorHistory is 0.500601 for index 972494, 973/1000.
The last entry of errorHistory is 0.000009 for index 972495, 973/1000.
Terminated at swamp 1.
The last entry of errorHistory is 1.000350 for index 972496, 973/1000.
Terminated at swamp 0.5.
The last entry of errorHistory is 0.500230 for index 972497, 973/1000.
The last entry of errorHistory is 0.000057 for index 972498, 973/1000.
Terminated at swamp 0.5.
The last entry of errorHistory is 0.500355 for index 972499, 973/1000.
Terminated at swamp 0.5.
The last entry of errorHistory is 0.500001 for index 972500, 973/1000.
Terminated at swamp 1.
The last entry of errorHistory is 1.000048 for index 972501, 973/1000.
The last entry of errorHistory is 1.000000 for index 972502, 973/1000.
The last entry of errorHistory is 0.500000 for index 972503, 973/1000.
The last entry of errorHistory is 0.000604 for index 972504, 973/1000.
Terminated at swamp 0.5.
The last entry of errorHistory is 0.500901 for index 972505, 973/1000.
Terminated at swamp 0.5.
The last entry of errorHistory is 0.500352 for index 972506, 973/1000.
Terminated at swamp 1.
The last entry of errorHistory is 1.000000 for index 972507, 973/1000.
Terminated at swamp 1.
The last entry of errorHistory is 1.000119 for index 972508, 973/1000.
Terminated at swamp 1.
The last entry of errorHistory is 1.000388 for index 972509, 973/1000.
Terminated at swamp 1.
The last entry of errorHistory is 1.000031 for index 972510, 973/1000.
Terminated at swamp 0.5.
The last entry of errorHistory is 0.500003 for index 972511, 973/1000.
Terminated at swamp 1.
The last entry of errorHistory is 1.000036 for index 972512, 973/1000.
Terminated at swamp 0.5.
The last entry of errorHistory is 0.500523 for index 972513, 973/1000.
The last entry of errorHistory is 0.500000 for index 972514, 973/1000.
Terminated at swamp 0.5.
The last entry of errorHistory is 0.500311 for index 972515, 973/1000.
Terminated at swamp 0.5.
The last entry of errorHistory is 0.500096 for index 972516, 973/1000.
The last entry of errorHistory is 0.500000 for index 972517, 973/1000.
The last entry of errorHistory is 1.000000 for index 972518, 973/1000.
Terminated at swamp 1.
The last entry of errorHistory is 1.000203 for index 972519, 973/1000.
The last entry of errorHistory is 0.000028 for index 972520, 973/1000.
Terminated at swamp 0.5.
The last entry of errorHistory is 0.500194 for index 972521, 973/1000.
Terminated at swamp 0.5.
The last entry of errorHistory is 0.500074 for index 972522, 973/1000.
Terminated at swamp 0.5.
The last entry of errorHistory is 0.500002 for index 972523, 973/1000.
Terminated at swamp 0.5.
The last entry of errorHistory is 0.500000 for index 972524, 973/1000.
The last entry of errorHistory is 0.000018 for index 972525, 973/1000.
Terminated at swamp 1.
The last entry of errorHistory is 1.000196 for index 972526, 973/1000.
Terminated at swamp 1.
The last entry of errorHistory is 1.000057 for index 972527, 973/1000.
The last entry of errorHistory is 0.000016 for index 972528, 973/1000.
The last entry of errorHistory is 1.000000 for index 972529, 973/1000.
Terminated at swamp 0.5.
The last entry of errorHistory is 0.500047 for index 972530, 973/1000.
Terminated at swamp 0.5.
The last entry of errorHistory is 0.500025 for index 972531, 973/1000.
The last entry of errorHistory is 1.000000 for index 972532, 973/1000.
The last entry of errorHistory is 0.500000 for index 972533, 973/1000.
The last entry of errorHistory is 0.000270 for index 972534, 973/1000.
The last entry of errorHistory is 1.000000 for index 972535, 973/1000.
Terminated at swamp 0.5.
The last entry of errorHistory is 0.500335 for index 972536, 973/1000.
Terminated at swamp 0.5.
The last entry of errorHistory is 0.500371 for index 972537, 973/1000.
Terminated at swamp 0.5.
The last entry of errorHistory is 0.500676 for index 972538, 973/1000.
The last entry of errorHistory is 0.000029 for index 972539, 973/1000.
Terminated at swamp 0.5.
The last entry of errorHistory is 0.500292 for index 972540, 973/1000.
Terminated at swamp 1.
The last entry of errorHistory is 1.000018 for index 972541, 973/1000.
Terminated at swamp 0.5.
The last entry of errorHistory is 0.500230 for index 972542, 973/1000.
The last entry of errorHistory is 1.000000 for index 972543, 973/1000.
The last entry of errorHistory is 0.000008 for index 972544, 973/1000.
Terminated at swamp 1.
The last entry of errorHistory is 1.000097 for index 972545, 973/1000.
Terminated at swamp 0.5.
The last entry of errorHistory is 0.500030 for index 972546, 973/1000.
The last entry of errorHistory is 0.000013 for index 972547, 973/1000.
Terminated at swamp 0.5.
The last entry of errorHistory is 0.500530 for index 972548, 973/1000.
Terminated at swamp 0.5.
The last entry of errorHistory is 0.500223 for index 972549, 973/1000.
Terminated at swamp 0.5.
The last entry of errorHistory is 0.500689 for index 972550, 973/1000.
The last entry of errorHistory is 0.000021 for index 972551, 973/1000.
Terminated at swamp 0.5.
The last entry of errorHistory is 0.500043 for index 972552, 973/1000.
The last entry of errorHistory is 1.000000 for index 972553, 973/1000.
Terminated at swamp 1.5.
The last entry of errorHistory is 1.500000 for index 972554, 973/1000.
Terminated at swamp 0.5.
The last entry of errorHistory is 0.500450 for index 972555, 973/1000.
The last entry of errorHistory is 1.000000 for index 972556, 973/1000.
The last entry of errorHistory is 0.001230 for index 972557, 973/1000.
Terminated at swamp 0.5.
The last entry of errorHistory is 0.500084 for index 972558, 973/1000.
Terminated at swamp 1.
The last entry of errorHistory is 1.000416 for index 972559, 973/1000.
The last entry of errorHistory is 1.000000 for index 972560, 973/1000.
Terminated at swamp 1.
The last entry of errorHistory is 1.000004 for index 972561, 973/1000.
The last entry of errorHistory is 0.500000 for index 972562, 973/1000.
The last entry of errorHistory is 1.500000 for index 972563, 973/1000.
Terminated at swamp 0.5.
The last entry of errorHistory is 0.500332 for index 972564, 973/1000.
The last entry of errorHistory is 1.000000 for index 972565, 973/1000.
Terminated at swamp 0.5.
The last entry of errorHistory is 0.500000 for index 972566, 973/1000.
Terminated at swamp 1.
The last entry of errorHistory is 1.000170 for index 972567, 973/1000.
The last entry of errorHistory is 0.000014 for index 972568, 973/1000.
The last entry of errorHistory is 0.000034 for index 972569, 973/1000.
The last entry of errorHistory is 1.500000 for index 972570, 973/1000.
Terminated at swamp 0.5.
The last entry of errorHistory is 0.500540 for index 972571, 973/1000.
The last entry of errorHistory is 0.000048 for index 972572, 973/1000.
The last entry of errorHistory is 1.000000 for index 972573, 973/1000.
The last entry of errorHistory is 0.000158 for index 972574, 973/1000.
Terminated at swamp 1.
The last entry of errorHistory is 1.000466 for index 972575, 973/1000.
Terminated at swamp 1.
The last entry of errorHistory is 1.000000 for index 972576, 973/1000.
Terminated at swamp 0.5.
The last entry of errorHistory is 0.500101 for index 972577, 973/1000.
Terminated at swamp 0.5.
The last entry of errorHistory is 0.500028 for index 972578, 973/1000.
Terminated at swamp 0.5.
The last entry of errorHistory is 0.500514 for index 972579, 973/1000.
The last entry of errorHistory is 0.000070 for index 972580, 973/1000.
The last entry of errorHistory is 1.500000 for index 972581, 973/1000.
Terminated at swamp 0.5.
The last entry of errorHistory is 0.500518 for index 972582, 973/1000.
Terminated at swamp 0.5.
The last entry of errorHistory is 0.500522 for index 972583, 973/1000.
Terminated at swamp 0.5.
The last entry of errorHistory is 0.499156 for index 972584, 973/1000.
Terminated at swamp 0.5.
The last entry of errorHistory is 0.500046 for index 972585, 973/1000.
The last entry of errorHistory is 1.000000 for index 972586, 973/1000.
Terminated at swamp 0.5.
The last entry of errorHistory is 0.500466 for index 972587, 973/1000.
Terminated at swamp 0.5.
The last entry of errorHistory is 0.500440 for index 972588, 973/1000.
Terminated at swamp 0.5.
The last entry of errorHistory is 0.500277 for index 972589, 973/1000.
Terminated at swamp 1.
The last entry of errorHistory is 1.000177 for index 972590, 973/1000.
Terminated at swamp 1.
The last entry of errorHistory is 1.000000 for index 972591, 973/1000.
Terminated at swamp 0.5.
The last entry of errorHistory is 0.500008 for index 972592, 973/1000.
The last entry of errorHistory is 0.500000 for index 972593, 973/1000.
Terminated at swamp 1.
The last entry of errorHistory is 1.000302 for index 972594, 973/1000.
Terminated at swamp 1.
The last entry of errorHistory is 1.000000 for index 972595, 973/1000.
The last entry of errorHistory is 0.000021 for index 972596, 973/1000.
Terminated at swamp 0.5.
The last entry of errorHistory is 0.500000 for index 972597, 973/1000.
The last entry of errorHistory is 0.500000 for index 972598, 973/1000.
Terminated at swamp 0.5.
The last entry of errorHistory is 0.500561 for index 972599, 973/1000.
Terminated at swamp 0.5.
The last entry of errorHistory is 0.500097 for index 972600, 973/1000.
Terminated at swamp 0.5.
The last entry of errorHistory is 0.500379 for index 972601, 973/1000.
Terminated at swamp 0.5.
The last entry of errorHistory is 0.500500 for index 972602, 973/1000.
Terminated at swamp 0.5.
The last entry of errorHistory is 0.500650 for index 972603, 973/1000.
The last entry of errorHistory is 1.000000 for index 972604, 973/1000.
Terminated at swamp 0.5.
The last entry of errorHistory is 0.500375 for index 972605, 973/1000.
The last entry of errorHistory is 0.500000 for index 972606, 973/1000.
The last entry of errorHistory is 0.000021 for index 972607, 973/1000.
Terminated at swamp 1.
The last entry of errorHistory is 1.000047 for index 972608, 973/1000.
Terminated at swamp 0.5.
The last entry of errorHistory is 0.500181 for index 972609, 973/1000.
Terminated at swamp 0.5.
The last entry of errorHistory is 0.500115 for index 972610, 973/1000.
Terminated at swamp 0.5.
The last entry of errorHistory is 0.500494 for index 972611, 973/1000.
The last entry of errorHistory is 1.000000 for index 972612, 973/1000.
The last entry of errorHistory is 0.500000 for index 972613, 973/1000.
The last entry of errorHistory is 0.000012 for index 972614, 973/1000.
Terminated at swamp 0.5.
The last entry of errorHistory is 0.500000 for index 972615, 973/1000.
The last entry of errorHistory is 0.000020 for index 972616, 973/1000.
Terminated at swamp 0.5.
The last entry of errorHistory is 0.500456 for index 972617, 973/1000.
Terminated at swamp 1.
The last entry of errorHistory is 1.000275 for index 972618, 973/1000.
Terminated at swamp 1.
The last entry of errorHistory is 1.000000 for index 972619, 973/1000.
Terminated at swamp 0.5.
The last entry of errorHistory is 0.500839 for index 972620, 973/1000.
The last entry of errorHistory is 0.000049 for index 972621, 973/1000.
Terminated at swamp 0.5.
The last entry of errorHistory is 0.500367 for index 972622, 973/1000.
Terminated at swamp 0.5.
The last entry of errorHistory is 0.500398 for index 972623, 973/1000.
Terminated at swamp 0.5.
The last entry of errorHistory is 0.500619 for index 972624, 973/1000.
Terminated at swamp 1.5.
The last entry of errorHistory is 1.500021 for index 972625, 973/1000.
Terminated at swamp 0.5.
The last entry of errorHistory is 0.500354 for index 972626, 973/1000.
The last entry of errorHistory is 0.000060 for index 972627, 973/1000.
Terminated at swamp 1.
The last entry of errorHistory is 1.000481 for index 972628, 973/1000.
Terminated at swamp 0.5.
The last entry of errorHistory is 0.500024 for index 972629, 973/1000.
The last entry of errorHistory is 0.000016 for index 972630, 973/1000.
The last entry of errorHistory is 0.000055 for index 972631, 973/1000.
Terminated at swamp 0.5.
The last entry of errorHistory is 0.500447 for index 972632, 973/1000.
The last entry of errorHistory is 1.000000 for index 972633, 973/1000.
Terminated at swamp 1.5.
The last entry of errorHistory is 1.500336 for index 972634, 973/1000.
Terminated at swamp 1.
The last entry of errorHistory is 1.000027 for index 972635, 973/1000.
The last entry of errorHistory is 0.000029 for index 972636, 973/1000.
Terminated at swamp 0.5.
The last entry of errorHistory is 0.500378 for index 972637, 973/1000.
Terminated at swamp 0.5.
The last entry of errorHistory is 0.500180 for index 972638, 973/1000.
Terminated at swamp 0.5.
The last entry of errorHistory is 0.500218 for index 972639, 973/1000.
Terminated at swamp 0.5.
The last entry of errorHistory is 0.500583 for index 972640, 973/1000.
Terminated at swamp 1.
The last entry of errorHistory is 1.000000 for index 972641, 973/1000.
Terminated at swamp 1.
The last entry of errorHistory is 1.000000 for index 972642, 973/1000.
Terminated at swamp 0.5.
The last entry of errorHistory is 0.500543 for index 972643, 973/1000.
Terminated at swamp 0.5.
The last entry of errorHistory is 0.500044 for index 972644, 973/1000.
The last entry of errorHistory is 0.500000 for index 972645, 973/1000.
The last entry of errorHistory is 1.000000 for index 972646, 973/1000.
Terminated at swamp 1.
The last entry of errorHistory is 1.000107 for index 972647, 973/1000.
Terminated at swamp 0.5.
The last entry of errorHistory is 0.500434 for index 972648, 973/1000.
Terminated at swamp 0.5.
The last entry of errorHistory is 0.500310 for index 972649, 973/1000.
Terminated at swamp 1.
The last entry of errorHistory is 1.000121 for index 972650, 973/1000.
Terminated at swamp 1.
The last entry of errorHistory is 1.000000 for index 972651, 973/1000.
The last entry of errorHistory is 1.000000 for index 972652, 973/1000.
The last entry of errorHistory is 0.000113 for index 972653, 973/1000.
Terminated at swamp 0.5.
The last entry of errorHistory is 0.500135 for index 972654, 973/1000.
The last entry of errorHistory is 1.000000 for index 972655, 973/1000.
Terminated at swamp 0.5.
The last entry of errorHistory is 0.500537 for index 972656, 973/1000.
Terminated at swamp 1.
The last entry of errorHistory is 1.000392 for index 972657, 973/1000.
Terminated at swamp 0.5.
The last entry of errorHistory is 0.500000 for index 972658, 973/1000.
Terminated at swamp 0.5.
The last entry of errorHistory is 0.500585 for index 972659, 973/1000.
The last entry of errorHistory is 1.000000 for index 972660, 973/1000.
Terminated at swamp 1.
The last entry of errorHistory is 1.000443 for index 972661, 973/1000.
Terminated at swamp 1.
The last entry of errorHistory is 1.000038 for index 972662, 973/1000.
Terminated at swamp 0.5.
The last entry of errorHistory is 0.500096 for index 972663, 973/1000.
Terminated at swamp 1.
The last entry of errorHistory is 1.000428 for index 972664, 973/1000.
The last entry of errorHistory is 0.001632 for index 972665, 973/1000.
Terminated at swamp 0.5.
The last entry of errorHistory is 0.500601 for index 972666, 973/1000.
Terminated at swamp 1.
The last entry of errorHistory is 1.000175 for index 972667, 973/1000.
Terminated at swamp 0.5.
The last entry of errorHistory is 0.500502 for index 972668, 973/1000.
Terminated at swamp 0.5.
The last entry of errorHistory is 0.500332 for index 972669, 973/1000.
Terminated at swamp 1.
The last entry of errorHistory is 1.000265 for index 972670, 973/1000.
The last entry of errorHistory is 0.000016 for index 972671, 973/1000.
Terminated at swamp 0.5.
The last entry of errorHistory is 0.500620 for index 972672, 973/1000.
Terminated at swamp 0.5.
The last entry of errorHistory is 0.500505 for index 972673, 973/1000.
The last entry of errorHistory is 0.500000 for index 972674, 973/1000.
The last entry of errorHistory is 1.000000 for index 972675, 973/1000.
Terminated at swamp 0.5.
The last entry of errorHistory is 0.500123 for index 972676, 973/1000.
The last entry of errorHistory is 0.500000 for index 972677, 973/1000.
Terminated at swamp 0.5.
The last entry of errorHistory is 0.500054 for index 972678, 973/1000.
Terminated at swamp 1.
The last entry of errorHistory is 1.000337 for index 972679, 973/1000.
The last entry of errorHistory is 0.500000 for index 972680, 973/1000.
Terminated at swamp 0.5.
The last entry of errorHistory is 0.500677 for index 972681, 973/1000.
Terminated at swamp 1.
The last entry of errorHistory is 1.000358 for index 972682, 973/1000.
The last entry of errorHistory is 1.000000 for index 972683, 973/1000.
Terminated at swamp 0.5.
The last entry of errorHistory is 0.500107 for index 972684, 973/1000.
Terminated at swamp 0.5.
The last entry of errorHistory is 0.500006 for index 972685, 973/1000.
Terminated at swamp 0.5.
The last entry of errorHistory is 0.500443 for index 972686, 973/1000.
Terminated at swamp 0.5.
The last entry of errorHistory is 0.500235 for index 972687, 973/1000.
The last entry of errorHistory is 1.000000 for index 972688, 973/1000.
Terminated at swamp 0.5.
The last entry of errorHistory is 0.500386 for index 972689, 973/1000.
The last entry of errorHistory is 1.000000 for index 972690, 973/1000.
Terminated at swamp 1.
The last entry of errorHistory is 1.000314 for index 972691, 973/1000.
The last entry of errorHistory is 0.000018 for index 972692, 973/1000.
The last entry of errorHistory is 0.000026 for index 972693, 973/1000.
The last entry of errorHistory is 0.500000 for index 972694, 973/1000.
Terminated at swamp 0.5.
The last entry of errorHistory is 0.500621 for index 972695, 973/1000.
Terminated at swamp 0.5.
The last entry of errorHistory is 0.500434 for index 972696, 973/1000.
The last entry of errorHistory is 0.500000 for index 972697, 973/1000.
The last entry of errorHistory is 1.000000 for index 972698, 973/1000.
Terminated at swamp 0.5.
The last entry of errorHistory is 0.500008 for index 972699, 973/1000.
Terminated at swamp 1.
The last entry of errorHistory is 1.000298 for index 972700, 973/1000.
Terminated at swamp 0.5.
The last entry of errorHistory is 0.500213 for index 972701, 973/1000.
The last entry of errorHistory is 0.500000 for index 972702, 973/1000.
Terminated at swamp 1.
The last entry of errorHistory is 1.000189 for index 972703, 973/1000.
The last entry of errorHistory is 0.000035 for index 972704, 973/1000.
Terminated at swamp 0.5.
The last entry of errorHistory is 0.500532 for index 972705, 973/1000.
The last entry of errorHistory is 1.000000 for index 972706, 973/1000.
Terminated at swamp 0.5.
The last entry of errorHistory is 0.500050 for index 972707, 973/1000.
Terminated at swamp 0.5.
The last entry of errorHistory is 0.500658 for index 972708, 973/1000.
Terminated at swamp 0.5.
The last entry of errorHistory is 0.500619 for index 972709, 973/1000.
Terminated at swamp 0.5.
The last entry of errorHistory is 0.500487 for index 972710, 973/1000.
Terminated at swamp 0.5.
The last entry of errorHistory is 0.500660 for index 972711, 973/1000.
Terminated at swamp 1.
The last entry of errorHistory is 1.000205 for index 972712, 973/1000.
Terminated at swamp 1.
The last entry of errorHistory is 1.000412 for index 972713, 973/1000.
Terminated at swamp 0.5.
The last entry of errorHistory is 0.500294 for index 972714, 973/1000.
The last entry of errorHistory is 0.000054 for index 972715, 973/1000.
The last entry of errorHistory is 0.500000 for index 972716, 973/1000.
Terminated at swamp 0.5.
The last entry of errorHistory is 0.500280 for index 972717, 973/1000.
Terminated at swamp 0.5.
The last entry of errorHistory is 0.500486 for index 972718, 973/1000.
Terminated at swamp 0.5.
The last entry of errorHistory is 0.500573 for index 972719, 973/1000.
Terminated at swamp 0.5.
The last entry of errorHistory is 0.500352 for index 972720, 973/1000.
Terminated at swamp 0.5.
The last entry of errorHistory is 0.500096 for index 972721, 973/1000.
Terminated at swamp 1.
The last entry of errorHistory is 1.000010 for index 972722, 973/1000.
Terminated at swamp 0.5.
The last entry of errorHistory is 0.500492 for index 972723, 973/1000.
The last entry of errorHistory is 1.000000 for index 972724, 973/1000.
Terminated at swamp 0.5.
The last entry of errorHistory is 0.500422 for index 972725, 973/1000.
The last entry of errorHistory is 1.000000 for index 972726, 973/1000.
Terminated at swamp 0.5.
The last entry of errorHistory is 0.500576 for index 972727, 973/1000.
Terminated at swamp 1.
The last entry of errorHistory is 1.000510 for index 972728, 973/1000.
The last entry of errorHistory is 0.500000 for index 972729, 973/1000.
The last entry of errorHistory is 0.001849 for index 972730, 973/1000.
Terminated at swamp 0.5.
The last entry of errorHistory is 0.500517 for index 972731, 973/1000.
The last entry of errorHistory is 0.000089 for index 972732, 973/1000.
Terminated at swamp 0.5.
The last entry of errorHistory is 0.500546 for index 972733, 973/1000.
The last entry of errorHistory is 0.000013 for index 972734, 973/1000.
Terminated at swamp 0.5.
The last entry of errorHistory is 0.500089 for index 972735, 973/1000.
The last entry of errorHistory is 0.000083 for index 972736, 973/1000.
Terminated at swamp 1.
The last entry of errorHistory is 1.000024 for index 972737, 973/1000.
Terminated at swamp 1.
The last entry of errorHistory is 1.000249 for index 972738, 973/1000.
Terminated at swamp 0.5.
The last entry of errorHistory is 0.500531 for index 972739, 973/1000.
Terminated at swamp 0.5.
The last entry of errorHistory is 0.500011 for index 972740, 973/1000.
Terminated at swamp 1.
The last entry of errorHistory is 1.000001 for index 972741, 973/1000.
Terminated at swamp 0.5.
The last entry of errorHistory is 0.500290 for index 972742, 973/1000.
Terminated at swamp 0.5.
The last entry of errorHistory is 0.500645 for index 972743, 973/1000.
The last entry of errorHistory is 0.000011 for index 972744, 973/1000.
The last entry of errorHistory is 1.000000 for index 972745, 973/1000.
Terminated at swamp 0.5.
The last entry of errorHistory is 0.500793 for index 972746, 973/1000.
Terminated at swamp 0.5.
The last entry of errorHistory is 0.500557 for index 972747, 973/1000.
The last entry of errorHistory is 0.000015 for index 972748, 973/1000.
The last entry of errorHistory is 1.000000 for index 972749, 973/1000.
Terminated at swamp 1.
The last entry of errorHistory is 1.000002 for index 972750, 973/1000.
The last entry of errorHistory is 1.000000 for index 972751, 973/1000.
The last entry of errorHistory is 0.000521 for index 972752, 973/1000.
Terminated at swamp 0.5.
The last entry of errorHistory is 0.500491 for index 972753, 973/1000.
The last entry of errorHistory is 1.000000 for index 972754, 973/1000.
Terminated at swamp 0.5.
The last entry of errorHistory is 0.500220 for index 972755, 973/1000.
The last entry of errorHistory is 1.000000 for index 972756, 973/1000.
The last entry of errorHistory is 1.000000 for index 972757, 973/1000.
Terminated at swamp 0.5.
The last entry of errorHistory is 0.500358 for index 972758, 973/1000.
The last entry of errorHistory is 1.500000 for index 972759, 973/1000.
Terminated at swamp 1.
The last entry of errorHistory is 1.000033 for index 972760, 973/1000.
Terminated at swamp 1.
The last entry of errorHistory is 1.000311 for index 972761, 973/1000.
The last entry of errorHistory is 1.000000 for index 972762, 973/1000.
Terminated at swamp 0.5.
The last entry of errorHistory is 0.500615 for index 972763, 973/1000.
Terminated at swamp 0.5.
The last entry of errorHistory is 0.500316 for index 972764, 973/1000.
The last entry of errorHistory is 1.000000 for index 972765, 973/1000.
Terminated at swamp 1.
The last entry of errorHistory is 1.000426 for index 972766, 973/1000.
Terminated at swamp 1.
The last entry of errorHistory is 1.000026 for index 972767, 973/1000.
Terminated at swamp 0.5.
The last entry of errorHistory is 0.500678 for index 972768, 973/1000.
Terminated at swamp 0.5.
The last entry of errorHistory is 0.500437 for index 972769, 973/1000.
Terminated at swamp 0.5.
The last entry of errorHistory is 0.500612 for index 972770, 973/1000.
Terminated at swamp 0.5.
The last entry of errorHistory is 0.500661 for index 972771, 973/1000.
Terminated at swamp 0.5.
The last entry of errorHistory is 0.500419 for index 972772, 973/1000.
Terminated at swamp 1.
The last entry of errorHistory is 1.000365 for index 972773, 973/1000.
Terminated at swamp 0.5.
The last entry of errorHistory is 0.500372 for index 972774, 973/1000.
The last entry of errorHistory is 0.000047 for index 972775, 973/1000.
Terminated at swamp 0.5.
The last entry of errorHistory is 0.500329 for index 972776, 973/1000.
Terminated at swamp 0.5.
The last entry of errorHistory is 0.500242 for index 972777, 973/1000.
Terminated at swamp 0.5.
The last entry of errorHistory is 0.500435 for index 972778, 973/1000.
Terminated at swamp 0.5.
The last entry of errorHistory is 0.500496 for index 972779, 973/1000.
The last entry of errorHistory is 0.000013 for index 972780, 973/1000.
The last entry of errorHistory is 1.500000 for index 972781, 973/1000.
Terminated at swamp 0.5.
The last entry of errorHistory is 0.500635 for index 972782, 973/1000.
Terminated at swamp 1.
The last entry of errorHistory is 1.000073 for index 972783, 973/1000.
The last entry of errorHistory is 1.000000 for index 972784, 973/1000.
Terminated at swamp 0.5.
The last entry of errorHistory is 0.500515 for index 972785, 973/1000.
The last entry of errorHistory is 1.000000 for index 972786, 973/1000.
Terminated at swamp 1.
The last entry of errorHistory is 1.000368 for index 972787, 973/1000.
Terminated at swamp 1.
The last entry of errorHistory is 1.000000 for index 972788, 973/1000.
Terminated at swamp 1.
The last entry of errorHistory is 1.000184 for index 972789, 973/1000.
The last entry of errorHistory is 0.000018 for index 972790, 973/1000.
The last entry of errorHistory is 1.000000 for index 972791, 973/1000.
The last entry of errorHistory is 1.500000 for index 972792, 973/1000.
The last entry of errorHistory is 1.000000 for index 972793, 973/1000.
Terminated at swamp 0.5.
The last entry of errorHistory is 0.500878 for index 972794, 973/1000.
Terminated at swamp 0.5.
The last entry of errorHistory is 0.500000 for index 972795, 973/1000.
Terminated at swamp 1.
The last entry of errorHistory is 1.000133 for index 972796, 973/1000.
Terminated at swamp 0.5.
The last entry of errorHistory is 0.500607 for index 972797, 973/1000.
Terminated at swamp 0.5.
The last entry of errorHistory is 0.500600 for index 972798, 973/1000.
Terminated at swamp 1.
The last entry of errorHistory is 1.000013 for index 972799, 973/1000.
Terminated at swamp 0.5.
The last entry of errorHistory is 0.500567 for index 972800, 973/1000.
Terminated at swamp 1.5.
The last entry of errorHistory is 1.500000 for index 972801, 973/1000.
Terminated at swamp 1.
The last entry of errorHistory is 1.000386 for index 972802, 973/1000.
The last entry of errorHistory is 0.000028 for index 972803, 973/1000.
Terminated at swamp 0.5.
The last entry of errorHistory is 0.500232 for index 972804, 973/1000.
Terminated at swamp 0.5.
The last entry of errorHistory is 0.500653 for index 972805, 973/1000.
The last entry of errorHistory is 1.000000 for index 972806, 973/1000.
The last entry of errorHistory is 0.000841 for index 972807, 973/1000.
The last entry of errorHistory is 0.000012 for index 972808, 973/1000.
Terminated at swamp 0.5.
The last entry of errorHistory is 0.500462 for index 972809, 973/1000.
Terminated at swamp 0.5.
The last entry of errorHistory is 0.500093 for index 972810, 973/1000.
The last entry of errorHistory is 1.500000 for index 972811, 973/1000.
Terminated at swamp 0.5.
The last entry of errorHistory is 0.500443 for index 972812, 973/1000.
Terminated at swamp 0.5.
The last entry of errorHistory is 0.500456 for index 972813, 973/1000.
The last entry of errorHistory is 1.000000 for index 972814, 973/1000.
The last entry of errorHistory is 1.000000 for index 972815, 973/1000.
Terminated at swamp 0.5.
The last entry of errorHistory is 0.500325 for index 972816, 973/1000.
Terminated at swamp 1.
The last entry of errorHistory is 1.000004 for index 972817, 973/1000.
Terminated at swamp 0.5.
The last entry of errorHistory is 0.500373 for index 972818, 973/1000.
Terminated at swamp 0.5.
The last entry of errorHistory is 0.500375 for index 972819, 973/1000.
The last entry of errorHistory is 1.000000 for index 972820, 973/1000.
Terminated at swamp 0.5.
The last entry of errorHistory is 0.500128 for index 972821, 973/1000.
Terminated at swamp 0.5.
The last entry of errorHistory is 0.500563 for index 972822, 973/1000.
Terminated at swamp 0.5.
The last entry of errorHistory is 0.500485 for index 972823, 973/1000.
The last entry of errorHistory is 0.000008 for index 972824, 973/1000.
The last entry of errorHistory is 0.000166 for index 972825, 973/1000.
Terminated at swamp 0.5.
The last entry of errorHistory is 0.500273 for index 972826, 973/1000.
Terminated at swamp 0.5.
The last entry of errorHistory is 0.500290 for index 972827, 973/1000.
Terminated at swamp 0.5.
The last entry of errorHistory is 0.500118 for index 972828, 973/1000.
Terminated at swamp 0.5.
The last entry of errorHistory is 0.500000 for index 972829, 973/1000.
The last entry of errorHistory is 0.000017 for index 972830, 973/1000.
Terminated at swamp 0.5.
The last entry of errorHistory is 0.500430 for index 972831, 973/1000.
Terminated at swamp 0.5.
The last entry of errorHistory is 0.500333 for index 972832, 973/1000.
Terminated at swamp 1.
The last entry of errorHistory is 1.000230 for index 972833, 973/1000.
The last entry of errorHistory is 0.500000 for index 972834, 973/1000.
Terminated at swamp 0.5.
The last entry of errorHistory is 0.500050 for index 972835, 973/1000.
The last entry of errorHistory is 1.000000 for index 972836, 973/1000.
Terminated at swamp 0.5.
The last entry of errorHistory is 0.500105 for index 972837, 973/1000.
Terminated at swamp 0.5.
The last entry of errorHistory is 0.500418 for index 972838, 973/1000.
The last entry of errorHistory is 0.000008 for index 972839, 973/1000.
The last entry of errorHistory is 0.000010 for index 972840, 973/1000.
The last entry of errorHistory is 1.000000 for index 972841, 973/1000.
Terminated at swamp 0.5.
The last entry of errorHistory is 0.500455 for index 972842, 973/1000.
Terminated at swamp 0.5.
The last entry of errorHistory is 0.500156 for index 972843, 973/1000.
The last entry of errorHistory is 0.000009 for index 972844, 973/1000.
Terminated at swamp 0.5.
The last entry of errorHistory is 0.500587 for index 972845, 973/1000.
The last entry of errorHistory is 1.000000 for index 972846, 973/1000.
Terminated at swamp 0.5.
The last entry of errorHistory is 0.500314 for index 972847, 973/1000.
Terminated at swamp 1.
The last entry of errorHistory is 1.000107 for index 972848, 973/1000.
Terminated at swamp 0.5.
The last entry of errorHistory is 0.500003 for index 972849, 973/1000.
The last entry of errorHistory is 1.500000 for index 972850, 973/1000.
Terminated at swamp 0.5.
The last entry of errorHistory is 0.500000 for index 972851, 973/1000.
Terminated at swamp 1.
The last entry of errorHistory is 1.000000 for index 972852, 973/1000.
Terminated at swamp 0.5.
The last entry of errorHistory is 0.500552 for index 972853, 973/1000.
Terminated at swamp 0.5.
The last entry of errorHistory is 0.500446 for index 972854, 973/1000.
Terminated at swamp 0.5.
The last entry of errorHistory is 0.500546 for index 972855, 973/1000.
Terminated at swamp 0.5.
The last entry of errorHistory is 0.500533 for index 972856, 973/1000.
Terminated at swamp 0.5.
The last entry of errorHistory is 0.500336 for index 972857, 973/1000.
Terminated at swamp 0.5.
The last entry of errorHistory is 0.500008 for index 972858, 973/1000.
Terminated at swamp 0.5.
The last entry of errorHistory is 0.500498 for index 972859, 973/1000.
Terminated at swamp 0.5.
The last entry of errorHistory is 0.500479 for index 972860, 973/1000.
Terminated at swamp 1.
The last entry of errorHistory is 1.000000 for index 972861, 973/1000.
The last entry of errorHistory is 0.000043 for index 972862, 973/1000.
Terminated at swamp 1.5.
The last entry of errorHistory is 1.500000 for index 972863, 973/1000.
The last entry of errorHistory is 0.000200 for index 972864, 973/1000.
Terminated at swamp 0.5.
The last entry of errorHistory is 0.500501 for index 972865, 973/1000.
Terminated at swamp 0.5.
The last entry of errorHistory is 0.500193 for index 972866, 973/1000.
Terminated at swamp 0.5.
The last entry of errorHistory is 0.500477 for index 972867, 973/1000.
Terminated at swamp 1.
The last entry of errorHistory is 1.000000 for index 972868, 973/1000.
The last entry of errorHistory is 0.001725 for index 972869, 973/1000.
Terminated at swamp 0.5.
The last entry of errorHistory is 0.500481 for index 972870, 973/1000.
The last entry of errorHistory is 1.000000 for index 972871, 973/1000.
The last entry of errorHistory is 1.000000 for index 972872, 973/1000.
Terminated at swamp 1.
The last entry of errorHistory is 1.000028 for index 972873, 973/1000.
Terminated at swamp 0.5.
The last entry of errorHistory is 0.500409 for index 972874, 973/1000.
The last entry of errorHistory is 0.000010 for index 972875, 973/1000.
Terminated at swamp 1.
The last entry of errorHistory is 1.000137 for index 972876, 973/1000.
The last entry of errorHistory is 1.000000 for index 972877, 973/1000.
Terminated at swamp 0.5.
The last entry of errorHistory is 0.500639 for index 972878, 973/1000.
Terminated at swamp 0.5.
The last entry of errorHistory is 0.500001 for index 972879, 973/1000.
Terminated at swamp 0.5.
The last entry of errorHistory is 0.500553 for index 972880, 973/1000.
Terminated at swamp 0.5.
The last entry of errorHistory is 0.500018 for index 972881, 973/1000.
The last entry of errorHistory is 1.000000 for index 972882, 973/1000.
The last entry of errorHistory is 1.000000 for index 972883, 973/1000.
Terminated at swamp 0.5.
The last entry of errorHistory is 0.500451 for index 972884, 973/1000.
Terminated at swamp 0.5.
The last entry of errorHistory is 0.500604 for index 972885, 973/1000.
The last entry of errorHistory is 1.000000 for index 972886, 973/1000.
The last entry of errorHistory is 1.000000 for index 972887, 973/1000.
The last entry of errorHistory is 0.500000 for index 972888, 973/1000.
The last entry of errorHistory is 0.000020 for index 972889, 973/1000.
The last entry of errorHistory is 1.000000 for index 972890, 973/1000.
Terminated at swamp 0.5.
The last entry of errorHistory is 0.500008 for index 972891, 973/1000.
Terminated at swamp 1.
The last entry of errorHistory is 1.000327 for index 972892, 973/1000.
Terminated at swamp 1.
The last entry of errorHistory is 1.000000 for index 972893, 973/1000.
Terminated at swamp 0.5.
The last entry of errorHistory is 0.500633 for index 972894, 973/1000.
Terminated at swamp 0.5.
The last entry of errorHistory is 0.500143 for index 972895, 973/1000.
Terminated at swamp 1.
The last entry of errorHistory is 1.000121 for index 972896, 973/1000.
Terminated at swamp 0.5.
The last entry of errorHistory is 0.500000 for index 972897, 973/1000.
Terminated at swamp 1.
The last entry of errorHistory is 1.000408 for index 972898, 973/1000.
Terminated at swamp 1.
The last entry of errorHistory is 1.000000 for index 972899, 973/1000.
The last entry of errorHistory is 1.000000 for index 972900, 973/1000.
Terminated at swamp 1.
The last entry of errorHistory is 1.000087 for index 972901, 973/1000.
Terminated at swamp 0.5.
The last entry of errorHistory is 0.500592 for index 972902, 973/1000.
Terminated at swamp 0.5.
The last entry of errorHistory is 0.500116 for index 972903, 973/1000.
The last entry of errorHistory is 0.000079 for index 972904, 973/1000.
The last entry of errorHistory is 0.000012 for index 972905, 973/1000.
Terminated at swamp 0.5.
The last entry of errorHistory is 0.500394 for index 972906, 973/1000.
Terminated at swamp 0.5.
The last entry of errorHistory is 0.500423 for index 972907, 973/1000.
Terminated at swamp 0.5.
The last entry of errorHistory is 0.500318 for index 972908, 973/1000.
Terminated at swamp 0.5.
The last entry of errorHistory is 0.500555 for index 972909, 973/1000.
The last entry of errorHistory is 1.500000 for index 972910, 973/1000.
The last entry of errorHistory is 0.000016 for index 972911, 973/1000.
Terminated at swamp 0.5.
The last entry of errorHistory is 0.500590 for index 972912, 973/1000.
The last entry of errorHistory is 1.000000 for index 972913, 973/1000.
The last entry of errorHistory is 1.000000 for index 972914, 973/1000.
The last entry of errorHistory is 1.000000 for index 972915, 973/1000.
Terminated at swamp 1.
The last entry of errorHistory is 1.000225 for index 972916, 973/1000.
The last entry of errorHistory is 1.000000 for index 972917, 973/1000.
The last entry of errorHistory is 0.000027 for index 972918, 973/1000.
Terminated at swamp 0.5.
The last entry of errorHistory is 0.500432 for index 972919, 973/1000.
Terminated at swamp 0.5.
The last entry of errorHistory is 0.500605 for index 972920, 973/1000.
The last entry of errorHistory is 0.000105 for index 972921, 973/1000.
Terminated at swamp 0.5.
The last entry of errorHistory is 0.500473 for index 972922, 973/1000.
Terminated at swamp 1.
The last entry of errorHistory is 1.000003 for index 972923, 973/1000.
Terminated at swamp 1.
The last entry of errorHistory is 1.000015 for index 972924, 973/1000.
Terminated at swamp 0.5.
The last entry of errorHistory is 0.500911 for index 972925, 973/1000.
Terminated at swamp 0.5.
The last entry of errorHistory is 0.500614 for index 972926, 973/1000.
Terminated at swamp 0.5.
The last entry of errorHistory is 0.500046 for index 972927, 973/1000.
The last entry of errorHistory is 0.000022 for index 972928, 973/1000.
Terminated at swamp 0.5.
The last entry of errorHistory is 0.500293 for index 972929, 973/1000.
The last entry of errorHistory is 1.000000 for index 972930, 973/1000.
Terminated at swamp 0.5.
The last entry of errorHistory is 0.500127 for index 972931, 973/1000.
Terminated at swamp 0.5.
The last entry of errorHistory is 0.500366 for index 972932, 973/1000.
Terminated at swamp 1.
The last entry of errorHistory is 1.000049 for index 972933, 973/1000.
Terminated at swamp 0.5.
The last entry of errorHistory is 0.500269 for index 972934, 973/1000.
The last entry of errorHistory is 1.000000 for index 972935, 973/1000.
Terminated at swamp 0.5.
The last entry of errorHistory is 0.500531 for index 972936, 973/1000.
Terminated at swamp 1.
The last entry of errorHistory is 1.000001 for index 972937, 973/1000.
The last entry of errorHistory is 0.500000 for index 972938, 973/1000.
Terminated at swamp 0.5.
The last entry of errorHistory is 0.500503 for index 972939, 973/1000.
The last entry of errorHistory is 0.000012 for index 972940, 973/1000.
Terminated at swamp 0.5.
The last entry of errorHistory is 0.500112 for index 972941, 973/1000.
Terminated at swamp 0.5.
The last entry of errorHistory is 0.500294 for index 972942, 973/1000.
Terminated at swamp 0.5.
The last entry of errorHistory is 0.500479 for index 972943, 973/1000.
Terminated at swamp 0.5.
The last entry of errorHistory is 0.500368 for index 972944, 973/1000.
The last entry of errorHistory is 1.000000 for index 972945, 973/1000.
Terminated at swamp 1.
The last entry of errorHistory is 1.000131 for index 972946, 973/1000.
Terminated at swamp 0.5.
The last entry of errorHistory is 0.500569 for index 972947, 973/1000.
The last entry of errorHistory is 0.500000 for index 972948, 973/1000.
The last entry of errorHistory is 0.000009 for index 972949, 973/1000.
Terminated at swamp 0.5.
The last entry of errorHistory is 0.500143 for index 972950, 973/1000.
The last entry of errorHistory is 0.500000 for index 972951, 973/1000.
The last entry of errorHistory is 1.000000 for index 972952, 973/1000.
The last entry of errorHistory is 0.000010 for index 972953, 973/1000.
The last entry of errorHistory is 0.500000 for index 972954, 973/1000.
The last entry of errorHistory is 1.500000 for index 972955, 973/1000.
Terminated at swamp 0.5.
The last entry of errorHistory is 0.500561 for index 972956, 973/1000.
The last entry of errorHistory is 0.000009 for index 972957, 973/1000.
Terminated at swamp 0.5.
The last entry of errorHistory is 0.500429 for index 972958, 973/1000.
The last entry of errorHistory is 0.000017 for index 972959, 973/1000.
Terminated at swamp 0.5.
The last entry of errorHistory is 0.500614 for index 972960, 973/1000.
The last entry of errorHistory is 1.000000 for index 972961, 973/1000.
The last entry of errorHistory is 0.000082 for index 972962, 973/1000.
Terminated at swamp 0.5.
The last entry of errorHistory is 0.500499 for index 972963, 973/1000.
Terminated at swamp 1.
The last entry of errorHistory is 1.000412 for index 972964, 973/1000.
The last entry of errorHistory is 1.000000 for index 972965, 973/1000.
The last entry of errorHistory is 0.000025 for index 972966, 973/1000.
Terminated at swamp 0.5.
The last entry of errorHistory is 0.500434 for index 972967, 973/1000.
Terminated at swamp 1.
The last entry of errorHistory is 1.000174 for index 972968, 973/1000.
Terminated at swamp 0.5.
The last entry of errorHistory is 0.500525 for index 972969, 973/1000.
Terminated at swamp 0.5.
The last entry of errorHistory is 0.500305 for index 972970, 973/1000.
The last entry of errorHistory is 1.000000 for index 972971, 973/1000.
Terminated at swamp 0.5.
The last entry of errorHistory is 0.500557 for index 972972, 973/1000.
Terminated at swamp 1.
The last entry of errorHistory is 1.000380 for index 972973, 973/1000.
Terminated at swamp 0.5.
The last entry of errorHistory is 0.500519 for index 972974, 973/1000.
The last entry of errorHistory is 0.000016 for index 972975, 973/1000.
Terminated at swamp 0.5.
The last entry of errorHistory is 0.500382 for index 972976, 973/1000.
Terminated at swamp 0.5.
The last entry of errorHistory is 0.500103 for index 972977, 973/1000.
Terminated at swamp 0.5.
The last entry of errorHistory is 0.500436 for index 972978, 973/1000.
Terminated at swamp 0.5.
The last entry of errorHistory is 0.500406 for index 972979, 973/1000.
Terminated at swamp 0.5.
The last entry of errorHistory is 0.500911 for index 972980, 973/1000.
Terminated at swamp 0.5.
The last entry of errorHistory is 0.500504 for index 972981, 973/1000.
Terminated at swamp 0.5.
The last entry of errorHistory is 0.500530 for index 972982, 973/1000.
Terminated at swamp 0.5.
The last entry of errorHistory is 0.500514 for index 972983, 973/1000.
Terminated at swamp 0.5.
The last entry of errorHistory is 0.500517 for index 972984, 973/1000.
Terminated at swamp 0.5.
The last entry of errorHistory is 0.500129 for index 972985, 973/1000.
Terminated at swamp 1.
The last entry of errorHistory is 1.000020 for index 972986, 973/1000.
Terminated at swamp 0.5.
The last entry of errorHistory is 0.500178 for index 972987, 973/1000.
The last entry of errorHistory is 1.000000 for index 972988, 973/1000.
Terminated at swamp 0.5.
The last entry of errorHistory is 0.500381 for index 972989, 973/1000.
Terminated at swamp 0.5.
The last entry of errorHistory is 0.500004 for index 972990, 973/1000.
The last entry of errorHistory is 0.000041 for index 972991, 973/1000.
Terminated at swamp 1.
The last entry of errorHistory is 1.000083 for index 972992, 973/1000.
Terminated at swamp 0.5.
The last entry of errorHistory is 0.500226 for index 972993, 973/1000.
Terminated at swamp 0.5.
The last entry of errorHistory is 0.500558 for index 972994, 973/1000.
Terminated at swamp 0.5.
The last entry of errorHistory is 0.500191 for index 972995, 973/1000.
Terminated at swamp 0.5.
The last entry of errorHistory is 0.500315 for index 972996, 973/1000.
Terminated at swamp 0.5.
The last entry of errorHistory is 0.500330 for index 972997, 973/1000.
Terminated at swamp 0.5.
The last entry of errorHistory is 0.500618 for index 972998, 973/1000.
The last entry of errorHistory is 1.000000 for index 972999, 973/1000.
The last entry of errorHistory is 1.000000 for index 973000, 973/1000.
