
                            < M A T L A B (R) >
                  Copyright 1984-2018 The MathWorks, Inc.
                   R2018b (9.5.0.944444) 64-bit (glnxa64)
                              August 28, 2018

 
To get started, type doc.
For product information, visit www.mathworks.com.
 
The last entry of errorHistory is 1.500000 for index 982001, 983/1000.
Terminated at swamp 0.5.
The last entry of errorHistory is 0.500585 for index 982002, 983/1000.
Terminated at swamp 0.5.
The last entry of errorHistory is 0.500475 for index 982003, 983/1000.
The last entry of errorHistory is 0.000015 for index 982004, 983/1000.
Terminated at swamp 1.
The last entry of errorHistory is 1.000029 for index 982005, 983/1000.
Terminated at swamp 0.5.
The last entry of errorHistory is 0.500435 for index 982006, 983/1000.
The last entry of errorHistory is 0.500000 for index 982007, 983/1000.
Terminated at swamp 0.5.
The last entry of errorHistory is 0.500206 for index 982008, 983/1000.
The last entry of errorHistory is 0.000023 for index 982009, 983/1000.
Terminated at swamp 0.5.
The last entry of errorHistory is 0.500614 for index 982010, 983/1000.
The last entry of errorHistory is 1.000000 for index 982011, 983/1000.
Terminated at swamp 0.5.
The last entry of errorHistory is 0.500483 for index 982012, 983/1000.
The last entry of errorHistory is 1.500000 for index 982013, 983/1000.
The last entry of errorHistory is 0.000060 for index 982014, 983/1000.
The last entry of errorHistory is 1.000000 for index 982015, 983/1000.
Terminated at swamp 0.5.
The last entry of errorHistory is 0.500483 for index 982016, 983/1000.
The last entry of errorHistory is 1.000000 for index 982017, 983/1000.
Terminated at swamp 0.5.
The last entry of errorHistory is 0.500275 for index 982018, 983/1000.
Terminated at swamp 0.5.
The last entry of errorHistory is 0.500315 for index 982019, 983/1000.
Terminated at swamp 1.
The last entry of errorHistory is 1.000003 for index 982020, 983/1000.
Terminated at swamp 0.5.
The last entry of errorHistory is 0.500454 for index 982021, 983/1000.
Terminated at swamp 0.5.
The last entry of errorHistory is 0.500589 for index 982022, 983/1000.
Terminated at swamp 0.5.
The last entry of errorHistory is 0.500425 for index 982023, 983/1000.
Terminated at swamp 0.5.
The last entry of errorHistory is 0.500474 for index 982024, 983/1000.
The last entry of errorHistory is 1.000000 for index 982025, 983/1000.
Terminated at swamp 0.5.
The last entry of errorHistory is 0.500646 for index 982026, 983/1000.
Terminated at swamp 0.5.
The last entry of errorHistory is 0.500438 for index 982027, 983/1000.
Terminated at swamp 0.5.
The last entry of errorHistory is 0.500069 for index 982028, 983/1000.
The last entry of errorHistory is 0.001461 for index 982029, 983/1000.
The last entry of errorHistory is 0.000021 for index 982030, 983/1000.
Terminated at swamp 0.5.
The last entry of errorHistory is 0.500075 for index 982031, 983/1000.
The last entry of errorHistory is 0.000093 for index 982032, 983/1000.
The last entry of errorHistory is 0.000032 for index 982033, 983/1000.
The last entry of errorHistory is 0.500000 for index 982034, 983/1000.
The last entry of errorHistory is 1.000000 for index 982035, 983/1000.
The last entry of errorHistory is 0.000738 for index 982036, 983/1000.
The last entry of errorHistory is 1.500000 for index 982037, 983/1000.
The last entry of errorHistory is 0.000021 for index 982038, 983/1000.
The last entry of errorHistory is 0.000024 for index 982039, 983/1000.
Terminated at swamp 0.5.
The last entry of errorHistory is 0.500918 for index 982040, 983/1000.
Terminated at swamp 0.5.
The last entry of errorHistory is 0.500340 for index 982041, 983/1000.
Terminated at swamp 0.5.
The last entry of errorHistory is 0.500453 for index 982042, 983/1000.
Terminated at swamp 0.5.
The last entry of errorHistory is 0.500307 for index 982043, 983/1000.
Terminated at swamp 0.5.
The last entry of errorHistory is 0.500210 for index 982044, 983/1000.
Terminated at swamp 0.5.
The last entry of errorHistory is 0.500216 for index 982045, 983/1000.
Terminated at swamp 1.
The last entry of errorHistory is 1.000000 for index 982046, 983/1000.
Terminated at swamp 0.5.
The last entry of errorHistory is 0.500560 for index 982047, 983/1000.
Terminated at swamp 0.5.
The last entry of errorHistory is 0.500467 for index 982048, 983/1000.
The last entry of errorHistory is 0.000018 for index 982049, 983/1000.
Terminated at swamp 0.5.
The last entry of errorHistory is 0.500093 for index 982050, 983/1000.
The last entry of errorHistory is 0.000290 for index 982051, 983/1000.
The last entry of errorHistory is 0.000171 for index 982052, 983/1000.
Terminated at swamp 0.5.
The last entry of errorHistory is 0.500614 for index 982053, 983/1000.
The last entry of errorHistory is 0.500000 for index 982054, 983/1000.
The last entry of errorHistory is 1.000000 for index 982055, 983/1000.
Terminated at swamp 0.5.
The last entry of errorHistory is 0.500537 for index 982056, 983/1000.
Terminated at swamp 0.5.
The last entry of errorHistory is 0.500075 for index 982057, 983/1000.
Terminated at swamp 0.5.
The last entry of errorHistory is 0.500111 for index 982058, 983/1000.
The last entry of errorHistory is 0.000086 for index 982059, 983/1000.
The last entry of errorHistory is 0.000019 for index 982060, 983/1000.
Terminated at swamp 0.5.
The last entry of errorHistory is 0.500343 for index 982061, 983/1000.
Terminated at swamp 0.5.
The last entry of errorHistory is 0.500568 for index 982062, 983/1000.
The last entry of errorHistory is 0.000018 for index 982063, 983/1000.
Terminated at swamp 0.5.
The last entry of errorHistory is 0.500409 for index 982064, 983/1000.
The last entry of errorHistory is 0.001763 for index 982065, 983/1000.
The last entry of errorHistory is 0.000117 for index 982066, 983/1000.
Terminated at swamp 0.5.
The last entry of errorHistory is 0.500209 for index 982067, 983/1000.
Terminated at swamp 0.5.
The last entry of errorHistory is 0.500105 for index 982068, 983/1000.
The last entry of errorHistory is 0.000012 for index 982069, 983/1000.
Terminated at swamp 0.5.
The last entry of errorHistory is 0.500537 for index 982070, 983/1000.
Terminated at swamp 0.5.
The last entry of errorHistory is 0.500279 for index 982071, 983/1000.
Terminated at swamp 0.5.
The last entry of errorHistory is 0.500432 for index 982072, 983/1000.
The last entry of errorHistory is 0.000073 for index 982073, 983/1000.
Terminated at swamp 0.5.
The last entry of errorHistory is 0.500338 for index 982074, 983/1000.
Terminated at swamp 0.5.
The last entry of errorHistory is 0.500001 for index 982075, 983/1000.
The last entry of errorHistory is 0.000019 for index 982076, 983/1000.
The last entry of errorHistory is 0.500000 for index 982077, 983/1000.
Terminated at swamp 1.
The last entry of errorHistory is 1.000325 for index 982078, 983/1000.
Terminated at swamp 0.5.
The last entry of errorHistory is 0.500559 for index 982079, 983/1000.
Terminated at swamp 0.5.
The last entry of errorHistory is 0.500410 for index 982080, 983/1000.
Terminated at swamp 1.
The last entry of errorHistory is 1.000455 for index 982081, 983/1000.
Terminated at swamp 1.
The last entry of errorHistory is 1.000131 for index 982082, 983/1000.
Terminated at swamp 0.5.
The last entry of errorHistory is 0.500607 for index 982083, 983/1000.
Terminated at swamp 0.5.
The last entry of errorHistory is 0.500538 for index 982084, 983/1000.
The last entry of errorHistory is 1.000000 for index 982085, 983/1000.
The last entry of errorHistory is 0.000027 for index 982086, 983/1000.
Terminated at swamp 0.5.
The last entry of errorHistory is 0.500433 for index 982087, 983/1000.
Terminated at swamp 0.5.
The last entry of errorHistory is 0.500083 for index 982088, 983/1000.
The last entry of errorHistory is 0.500000 for index 982089, 983/1000.
The last entry of errorHistory is 0.000027 for index 982090, 983/1000.
The last entry of errorHistory is 1.000000 for index 982091, 983/1000.
Terminated at swamp 0.5.
The last entry of errorHistory is 0.500039 for index 982092, 983/1000.
Terminated at swamp 0.5.
The last entry of errorHistory is 0.500110 for index 982093, 983/1000.
Terminated at swamp 0.5.
The last entry of errorHistory is 0.500000 for index 982094, 983/1000.
Terminated at swamp 0.5.
The last entry of errorHistory is 0.500941 for index 982095, 983/1000.
Terminated at swamp 0.5.
The last entry of errorHistory is 0.500560 for index 982096, 983/1000.
The last entry of errorHistory is 0.000010 for index 982097, 983/1000.
Terminated at swamp 0.5.
The last entry of errorHistory is 0.500200 for index 982098, 983/1000.
Terminated at swamp 0.5.
The last entry of errorHistory is 0.500565 for index 982099, 983/1000.
The last entry of errorHistory is 1.000000 for index 982100, 983/1000.
The last entry of errorHistory is 1.000000 for index 982101, 983/1000.
Terminated at swamp 0.5.
The last entry of errorHistory is 0.500731 for index 982102, 983/1000.
The last entry of errorHistory is 0.000221 for index 982103, 983/1000.
Terminated at swamp 1.
The last entry of errorHistory is 1.000002 for index 982104, 983/1000.
The last entry of errorHistory is 1.000000 for index 982105, 983/1000.
The last entry of errorHistory is 1.000000 for index 982106, 983/1000.
Terminated at swamp 1.
The last entry of errorHistory is 1.000046 for index 982107, 983/1000.
Terminated at swamp 0.5.
The last entry of errorHistory is 0.500437 for index 982108, 983/1000.
Terminated at swamp 1.
The last entry of errorHistory is 1.000002 for index 982109, 983/1000.
Terminated at swamp 0.5.
The last entry of errorHistory is 0.500283 for index 982110, 983/1000.
Terminated at swamp 0.5.
The last entry of errorHistory is 0.500551 for index 982111, 983/1000.
Terminated at swamp 1.
The last entry of errorHistory is 1.000056 for index 982112, 983/1000.
Terminated at swamp 0.5.
The last entry of errorHistory is 0.500543 for index 982113, 983/1000.
The last entry of errorHistory is 1.000000 for index 982114, 983/1000.
The last entry of errorHistory is 0.500000 for index 982115, 983/1000.
The last entry of errorHistory is 1.500000 for index 982116, 983/1000.
Terminated at swamp 1.
The last entry of errorHistory is 1.000148 for index 982117, 983/1000.
Terminated at swamp 0.5.
The last entry of errorHistory is 0.500433 for index 982118, 983/1000.
Terminated at swamp 1.
The last entry of errorHistory is 1.000000 for index 982119, 983/1000.
Terminated at swamp 1.
The last entry of errorHistory is 1.000017 for index 982120, 983/1000.
Terminated at swamp 0.5.
The last entry of errorHistory is 0.500295 for index 982121, 983/1000.
The last entry of errorHistory is 1.000000 for index 982122, 983/1000.
Terminated at swamp 1.
The last entry of errorHistory is 1.000400 for index 982123, 983/1000.
Terminated at swamp 0.5.
The last entry of errorHistory is 0.500546 for index 982124, 983/1000.
Terminated at swamp 0.5.
The last entry of errorHistory is 0.500442 for index 982125, 983/1000.
Terminated at swamp 0.5.
The last entry of errorHistory is 0.500590 for index 982126, 983/1000.
Terminated at swamp 1.
The last entry of errorHistory is 1.000475 for index 982127, 983/1000.
The last entry of errorHistory is 0.500000 for index 982128, 983/1000.
The last entry of errorHistory is 1.500000 for index 982129, 983/1000.
Terminated at swamp 0.5.
The last entry of errorHistory is 0.500584 for index 982130, 983/1000.
The last entry of errorHistory is 0.000014 for index 982131, 983/1000.
Terminated at swamp 0.5.
The last entry of errorHistory is 0.500206 for index 982132, 983/1000.
Terminated at swamp 1.
The last entry of errorHistory is 1.000013 for index 982133, 983/1000.
The last entry of errorHistory is 0.000026 for index 982134, 983/1000.
The last entry of errorHistory is 1.000000 for index 982135, 983/1000.
Terminated at swamp 1.
The last entry of errorHistory is 1.000487 for index 982136, 983/1000.
Terminated at swamp 0.5.
The last entry of errorHistory is 0.500362 for index 982137, 983/1000.
Terminated at swamp 1.
The last entry of errorHistory is 1.000002 for index 982138, 983/1000.
The last entry of errorHistory is 1.000000 for index 982139, 983/1000.
The last entry of errorHistory is 1.000000 for index 982140, 983/1000.
Terminated at swamp 0.5.
The last entry of errorHistory is 0.500619 for index 982141, 983/1000.
The last entry of errorHistory is 0.500000 for index 982142, 983/1000.
The last entry of errorHistory is 0.500000 for index 982143, 983/1000.
Terminated at swamp 0.5.
The last entry of errorHistory is 0.500619 for index 982144, 983/1000.
The last entry of errorHistory is 1.000000 for index 982145, 983/1000.
Terminated at swamp 0.5.
The last entry of errorHistory is 0.500738 for index 982146, 983/1000.
Terminated at swamp 1.
The last entry of errorHistory is 1.000483 for index 982147, 983/1000.
The last entry of errorHistory is 1.000000 for index 982148, 983/1000.
Terminated at swamp 0.5.
The last entry of errorHistory is 0.500493 for index 982149, 983/1000.
Terminated at swamp 1.
The last entry of errorHistory is 1.000000 for index 982150, 983/1000.
Terminated at swamp 0.5.
The last entry of errorHistory is 0.500528 for index 982151, 983/1000.
Terminated at swamp 0.5.
The last entry of errorHistory is 0.500374 for index 982152, 983/1000.
Terminated at swamp 0.5.
The last entry of errorHistory is 0.500613 for index 982153, 983/1000.
Terminated at swamp 0.5.
The last entry of errorHistory is 0.500748 for index 982154, 983/1000.
Terminated at swamp 0.5.
The last entry of errorHistory is 0.500503 for index 982155, 983/1000.
Terminated at swamp 0.5.
The last entry of errorHistory is 0.500091 for index 982156, 983/1000.
Terminated at swamp 0.5.
The last entry of errorHistory is 0.500180 for index 982157, 983/1000.
The last entry of errorHistory is 0.000058 for index 982158, 983/1000.
Terminated at swamp 0.5.
The last entry of errorHistory is 0.500558 for index 982159, 983/1000.
Terminated at swamp 0.5.
The last entry of errorHistory is 0.500028 for index 982160, 983/1000.
Terminated at swamp 0.5.
The last entry of errorHistory is 0.500568 for index 982161, 983/1000.
Terminated at swamp 0.5.
The last entry of errorHistory is 0.500627 for index 982162, 983/1000.
The last entry of errorHistory is 1.000000 for index 982163, 983/1000.
Terminated at swamp 0.5.
The last entry of errorHistory is 0.500335 for index 982164, 983/1000.
Terminated at swamp 0.5.
The last entry of errorHistory is 0.500389 for index 982165, 983/1000.
Terminated at swamp 1.
The last entry of errorHistory is 1.000000 for index 982166, 983/1000.
Terminated at swamp 0.5.
The last entry of errorHistory is 0.500317 for index 982167, 983/1000.
Terminated at swamp 0.5.
The last entry of errorHistory is 0.500170 for index 982168, 983/1000.
The last entry of errorHistory is 1.500000 for index 982169, 983/1000.
Terminated at swamp 1.
The last entry of errorHistory is 1.000000 for index 982170, 983/1000.
Terminated at swamp 0.5.
The last entry of errorHistory is 0.500614 for index 982171, 983/1000.
The last entry of errorHistory is 0.500000 for index 982172, 983/1000.
Terminated at swamp 1.
The last entry of errorHistory is 1.000458 for index 982173, 983/1000.
Terminated at swamp 1.
The last entry of errorHistory is 1.000379 for index 982174, 983/1000.
The last entry of errorHistory is 1.500000 for index 982175, 983/1000.
The last entry of errorHistory is 1.000000 for index 982176, 983/1000.
Terminated at swamp 0.5.
The last entry of errorHistory is 0.500477 for index 982177, 983/1000.
Terminated at swamp 0.5.
The last entry of errorHistory is 0.500366 for index 982178, 983/1000.
Terminated at swamp 0.5.
The last entry of errorHistory is 0.500596 for index 982179, 983/1000.
Terminated at swamp 0.5.
The last entry of errorHistory is 0.500250 for index 982180, 983/1000.
Terminated at swamp 0.5.
The last entry of errorHistory is 0.500370 for index 982181, 983/1000.
The last entry of errorHistory is 1.000000 for index 982182, 983/1000.
The last entry of errorHistory is 1.000000 for index 982183, 983/1000.
Terminated at swamp 1.
The last entry of errorHistory is 1.000016 for index 982184, 983/1000.
Terminated at swamp 0.5.
The last entry of errorHistory is 0.500499 for index 982185, 983/1000.
The last entry of errorHistory is 0.000027 for index 982186, 983/1000.
Terminated at swamp 0.5.
The last entry of errorHistory is 0.500661 for index 982187, 983/1000.
Terminated at swamp 1.
The last entry of errorHistory is 1.000001 for index 982188, 983/1000.
The last entry of errorHistory is 0.000018 for index 982189, 983/1000.
The last entry of errorHistory is 1.000000 for index 982190, 983/1000.
The last entry of errorHistory is 1.000000 for index 982191, 983/1000.
Terminated at swamp 0.5.
The last entry of errorHistory is 0.500298 for index 982192, 983/1000.
Terminated at swamp 0.5.
The last entry of errorHistory is 0.500470 for index 982193, 983/1000.
Terminated at swamp 0.5.
The last entry of errorHistory is 0.500266 for index 982194, 983/1000.
The last entry of errorHistory is 0.500000 for index 982195, 983/1000.
Terminated at swamp 0.5.
The last entry of errorHistory is 0.500458 for index 982196, 983/1000.
Terminated at swamp 1.
The last entry of errorHistory is 1.000440 for index 982197, 983/1000.
Terminated at swamp 1.
The last entry of errorHistory is 1.000052 for index 982198, 983/1000.
The last entry of errorHistory is 0.000030 for index 982199, 983/1000.
Terminated at swamp 0.5.
The last entry of errorHistory is 0.500624 for index 982200, 983/1000.
Terminated at swamp 0.5.
The last entry of errorHistory is 0.500006 for index 982201, 983/1000.
The last entry of errorHistory is 0.500000 for index 982202, 983/1000.
Terminated at swamp 0.5.
The last entry of errorHistory is 0.500482 for index 982203, 983/1000.
The last entry of errorHistory is 0.000476 for index 982204, 983/1000.
Terminated at swamp 0.5.
The last entry of errorHistory is 0.500655 for index 982205, 983/1000.
The last entry of errorHistory is 0.500000 for index 982206, 983/1000.
The last entry of errorHistory is 1.000000 for index 982207, 983/1000.
Terminated at swamp 1.
The last entry of errorHistory is 1.000193 for index 982208, 983/1000.
Terminated at swamp 0.5.
The last entry of errorHistory is 0.500477 for index 982209, 983/1000.
Terminated at swamp 0.5.
The last entry of errorHistory is 0.500463 for index 982210, 983/1000.
Terminated at swamp 0.5.
The last entry of errorHistory is 0.500112 for index 982211, 983/1000.
Terminated at swamp 0.5.
The last entry of errorHistory is 0.500540 for index 982212, 983/1000.
The last entry of errorHistory is 0.000011 for index 982213, 983/1000.
Terminated at swamp 0.5.
The last entry of errorHistory is 0.500133 for index 982214, 983/1000.
Terminated at swamp 0.5.
The last entry of errorHistory is 0.500039 for index 982215, 983/1000.
Terminated at swamp 0.5.
The last entry of errorHistory is 0.500099 for index 982216, 983/1000.
Terminated at swamp 1.
The last entry of errorHistory is 1.000038 for index 982217, 983/1000.
The last entry of errorHistory is 1.000000 for index 982218, 983/1000.
Terminated at swamp 0.5.
The last entry of errorHistory is 0.500314 for index 982219, 983/1000.
Terminated at swamp 0.5.
The last entry of errorHistory is 0.500242 for index 982220, 983/1000.
Terminated at swamp 0.5.
The last entry of errorHistory is 0.500655 for index 982221, 983/1000.
Terminated at swamp 0.5.
The last entry of errorHistory is 0.500377 for index 982222, 983/1000.
The last entry of errorHistory is 1.000000 for index 982223, 983/1000.
Terminated at swamp 0.5.
The last entry of errorHistory is 0.500521 for index 982224, 983/1000.
Terminated at swamp 0.5.
The last entry of errorHistory is 0.500030 for index 982225, 983/1000.
Terminated at swamp 1.
The last entry of errorHistory is 1.000015 for index 982226, 983/1000.
Terminated at swamp 0.5.
The last entry of errorHistory is 0.500287 for index 982227, 983/1000.
Terminated at swamp 0.5.
The last entry of errorHistory is 0.500110 for index 982228, 983/1000.
Terminated at swamp 0.5.
The last entry of errorHistory is 0.500091 for index 982229, 983/1000.
The last entry of errorHistory is 0.000011 for index 982230, 983/1000.
Terminated at swamp 0.5.
The last entry of errorHistory is 0.500503 for index 982231, 983/1000.
Terminated at swamp 0.5.
The last entry of errorHistory is 0.500359 for index 982232, 983/1000.
Terminated at swamp 1.
The last entry of errorHistory is 1.000073 for index 982233, 983/1000.
The last entry of errorHistory is 0.000204 for index 982234, 983/1000.
The last entry of errorHistory is 0.000017 for index 982235, 983/1000.
Terminated at swamp 1.
The last entry of errorHistory is 1.000008 for index 982236, 983/1000.
Terminated at swamp 1.
The last entry of errorHistory is 1.000111 for index 982237, 983/1000.
Terminated at swamp 1.
The last entry of errorHistory is 1.000682 for index 982238, 983/1000.
Terminated at swamp 0.5.
The last entry of errorHistory is 0.500577 for index 982239, 983/1000.
Terminated at swamp 0.5.
The last entry of errorHistory is 0.500299 for index 982240, 983/1000.
The last entry of errorHistory is 0.000016 for index 982241, 983/1000.
The last entry of errorHistory is 0.000029 for index 982242, 983/1000.
Terminated at swamp 0.5.
The last entry of errorHistory is 0.500389 for index 982243, 983/1000.
Terminated at swamp 0.5.
The last entry of errorHistory is 0.500278 for index 982244, 983/1000.
Terminated at swamp 0.5.
The last entry of errorHistory is 0.500237 for index 982245, 983/1000.
Terminated at swamp 1.
The last entry of errorHistory is 1.000273 for index 982246, 983/1000.
The last entry of errorHistory is 0.500000 for index 982247, 983/1000.
The last entry of errorHistory is 1.500000 for index 982248, 983/1000.
Terminated at swamp 0.5.
The last entry of errorHistory is 0.500463 for index 982249, 983/1000.
Terminated at swamp 1.
The last entry of errorHistory is 0.999352 for index 982250, 983/1000.
Terminated at swamp 0.5.
The last entry of errorHistory is 0.500199 for index 982251, 983/1000.
Terminated at swamp 0.5.
The last entry of errorHistory is 0.500636 for index 982252, 983/1000.
Terminated at swamp 0.5.
The last entry of errorHistory is 0.500548 for index 982253, 983/1000.
Terminated at swamp 0.5.
The last entry of errorHistory is 0.500452 for index 982254, 983/1000.
The last entry of errorHistory is 1.000000 for index 982255, 983/1000.
The last entry of errorHistory is 1.500000 for index 982256, 983/1000.
Terminated at swamp 0.5.
The last entry of errorHistory is 0.500000 for index 982257, 983/1000.
Terminated at swamp 0.5.
The last entry of errorHistory is 0.500002 for index 982258, 983/1000.
The last entry of errorHistory is 0.000020 for index 982259, 983/1000.
The last entry of errorHistory is 0.000024 for index 982260, 983/1000.
Terminated at swamp 1.
The last entry of errorHistory is 1.000123 for index 982261, 983/1000.
Terminated at swamp 0.5.
The last entry of errorHistory is 0.500049 for index 982262, 983/1000.
Terminated at swamp 0.5.
The last entry of errorHistory is 0.500337 for index 982263, 983/1000.
The last entry of errorHistory is 0.500000 for index 982264, 983/1000.
The last entry of errorHistory is 1.000000 for index 982265, 983/1000.
Terminated at swamp 0.5.
The last entry of errorHistory is 0.500261 for index 982266, 983/1000.
Terminated at swamp 0.5.
The last entry of errorHistory is 0.500408 for index 982267, 983/1000.
The last entry of errorHistory is 1.000000 for index 982268, 983/1000.
Terminated at swamp 0.5.
The last entry of errorHistory is 0.500402 for index 982269, 983/1000.
The last entry of errorHistory is 1.000000 for index 982270, 983/1000.
Terminated at swamp 1.
The last entry of errorHistory is 1.000241 for index 982271, 983/1000.
Terminated at swamp 0.5.
The last entry of errorHistory is 0.500268 for index 982272, 983/1000.
Terminated at swamp 0.5.
The last entry of errorHistory is 0.500586 for index 982273, 983/1000.
Terminated at swamp 0.5.
The last entry of errorHistory is 0.500647 for index 982274, 983/1000.
Terminated at swamp 1.
The last entry of errorHistory is 1.000355 for index 982275, 983/1000.
Terminated at swamp 0.5.
The last entry of errorHistory is 0.500180 for index 982276, 983/1000.
The last entry of errorHistory is 0.000240 for index 982277, 983/1000.
The last entry of errorHistory is 0.500000 for index 982278, 983/1000.
Terminated at swamp 1.
The last entry of errorHistory is 1.000135 for index 982279, 983/1000.
Terminated at swamp 1.
The last entry of errorHistory is 1.000000 for index 982280, 983/1000.
The last entry of errorHistory is 0.500000 for index 982281, 983/1000.
Terminated at swamp 0.5.
The last entry of errorHistory is 0.500597 for index 982282, 983/1000.
Terminated at swamp 0.5.
The last entry of errorHistory is 0.500458 for index 982283, 983/1000.
Terminated at swamp 0.5.
The last entry of errorHistory is 0.500561 for index 982284, 983/1000.
Terminated at swamp 0.5.
The last entry of errorHistory is 0.500071 for index 982285, 983/1000.
Terminated at swamp 0.5.
The last entry of errorHistory is 0.500481 for index 982286, 983/1000.
Terminated at swamp 0.5.
The last entry of errorHistory is 0.500571 for index 982287, 983/1000.
Terminated at swamp 0.5.
The last entry of errorHistory is 0.500448 for index 982288, 983/1000.
The last entry of errorHistory is 0.000008 for index 982289, 983/1000.
Terminated at swamp 0.5.
The last entry of errorHistory is 0.500630 for index 982290, 983/1000.
The last entry of errorHistory is 0.500000 for index 982291, 983/1000.
Terminated at swamp 0.5.
The last entry of errorHistory is 0.500507 for index 982292, 983/1000.
Terminated at swamp 0.5.
The last entry of errorHistory is 0.500069 for index 982293, 983/1000.
The last entry of errorHistory is 1.000000 for index 982294, 983/1000.
The last entry of errorHistory is 0.001062 for index 982295, 983/1000.
Terminated at swamp 0.5.
The last entry of errorHistory is 0.500331 for index 982296, 983/1000.
The last entry of errorHistory is 1.000000 for index 982297, 983/1000.
The last entry of errorHistory is 1.500000 for index 982298, 983/1000.
The last entry of errorHistory is 0.500000 for index 982299, 983/1000.
Terminated at swamp 1.
The last entry of errorHistory is 1.000363 for index 982300, 983/1000.
Terminated at swamp 1.
The last entry of errorHistory is 1.000086 for index 982301, 983/1000.
The last entry of errorHistory is 1.000000 for index 982302, 983/1000.
The last entry of errorHistory is 0.500000 for index 982303, 983/1000.
Terminated at swamp 0.5.
The last entry of errorHistory is 0.500688 for index 982304, 983/1000.
The last entry of errorHistory is 0.000019 for index 982305, 983/1000.
Terminated at swamp 0.5.
The last entry of errorHistory is 0.500298 for index 982306, 983/1000.
The last entry of errorHistory is 0.000026 for index 982307, 983/1000.
Terminated at swamp 1.
The last entry of errorHistory is 1.000676 for index 982308, 983/1000.
Terminated at swamp 0.5.
The last entry of errorHistory is 0.500508 for index 982309, 983/1000.
Terminated at swamp 0.5.
The last entry of errorHistory is 0.500444 for index 982310, 983/1000.
Terminated at swamp 1.
The last entry of errorHistory is 1.000213 for index 982311, 983/1000.
The last entry of errorHistory is 1.000000 for index 982312, 983/1000.
Terminated at swamp 1.
The last entry of errorHistory is 1.000000 for index 982313, 983/1000.
Terminated at swamp 0.5.
The last entry of errorHistory is 0.500491 for index 982314, 983/1000.
Terminated at swamp 0.5.
The last entry of errorHistory is 0.500659 for index 982315, 983/1000.
Terminated at swamp 1.
The last entry of errorHistory is 1.000226 for index 982316, 983/1000.
Terminated at swamp 0.5.
The last entry of errorHistory is 0.500569 for index 982317, 983/1000.
Terminated at swamp 0.5.
The last entry of errorHistory is 0.500451 for index 982318, 983/1000.
Terminated at swamp 0.5.
The last entry of errorHistory is 0.500636 for index 982319, 983/1000.
Terminated at swamp 0.5.
The last entry of errorHistory is 0.500519 for index 982320, 983/1000.
Terminated at swamp 0.5.
The last entry of errorHistory is 0.500581 for index 982321, 983/1000.
Terminated at swamp 0.5.
The last entry of errorHistory is 0.500519 for index 982322, 983/1000.
The last entry of errorHistory is 0.000009 for index 982323, 983/1000.
The last entry of errorHistory is 0.500000 for index 982324, 983/1000.
Terminated at swamp 0.5.
The last entry of errorHistory is 0.500480 for index 982325, 983/1000.
Terminated at swamp 0.5.
The last entry of errorHistory is 0.500429 for index 982326, 983/1000.
The last entry of errorHistory is 0.000986 for index 982327, 983/1000.
Terminated at swamp 0.5.
The last entry of errorHistory is 0.500305 for index 982328, 983/1000.
Terminated at swamp 0.5.
The last entry of errorHistory is 0.500113 for index 982329, 983/1000.
Terminated at swamp 0.5.
The last entry of errorHistory is 0.500362 for index 982330, 983/1000.
Terminated at swamp 1.
The last entry of errorHistory is 1.000000 for index 982331, 983/1000.
The last entry of errorHistory is 1.000000 for index 982332, 983/1000.
The last entry of errorHistory is 1.500000 for index 982333, 983/1000.
The last entry of errorHistory is 0.000022 for index 982334, 983/1000.
Terminated at swamp 1.
The last entry of errorHistory is 1.000066 for index 982335, 983/1000.
Terminated at swamp 0.5.
The last entry of errorHistory is 0.500188 for index 982336, 983/1000.
The last entry of errorHistory is 0.000023 for index 982337, 983/1000.
The last entry of errorHistory is 1.000000 for index 982338, 983/1000.
The last entry of errorHistory is 1.500000 for index 982339, 983/1000.
Terminated at swamp 0.5.
The last entry of errorHistory is 0.500315 for index 982340, 983/1000.
The last entry of errorHistory is 1.000000 for index 982341, 983/1000.
The last entry of errorHistory is 1.000000 for index 982342, 983/1000.
The last entry of errorHistory is 1.000000 for index 982343, 983/1000.
Terminated at swamp 0.5.
The last entry of errorHistory is 0.500000 for index 982344, 983/1000.
Terminated at swamp 0.5.
The last entry of errorHistory is 0.500598 for index 982345, 983/1000.
Terminated at swamp 0.5.
The last entry of errorHistory is 0.500564 for index 982346, 983/1000.
Terminated at swamp 0.5.
The last entry of errorHistory is 0.500578 for index 982347, 983/1000.
Terminated at swamp 0.5.
The last entry of errorHistory is 0.500329 for index 982348, 983/1000.
Terminated at swamp 0.5.
The last entry of errorHistory is 0.500371 for index 982349, 983/1000.
The last entry of errorHistory is 0.000187 for index 982350, 983/1000.
Terminated at swamp 1.
The last entry of errorHistory is 1.000075 for index 982351, 983/1000.
The last entry of errorHistory is 0.500000 for index 982352, 983/1000.
Terminated at swamp 0.5.
The last entry of errorHistory is 0.500834 for index 982353, 983/1000.
Terminated at swamp 0.5.
The last entry of errorHistory is 0.500152 for index 982354, 983/1000.
The last entry of errorHistory is 1.000000 for index 982355, 983/1000.
The last entry of errorHistory is 0.500000 for index 982356, 983/1000.
The last entry of errorHistory is 1.500000 for index 982357, 983/1000.
Terminated at swamp 1.
The last entry of errorHistory is 1.000489 for index 982358, 983/1000.
The last entry of errorHistory is 0.000398 for index 982359, 983/1000.
Terminated at swamp 0.5.
The last entry of errorHistory is 0.500564 for index 982360, 983/1000.
Terminated at swamp 0.5.
The last entry of errorHistory is 0.500103 for index 982361, 983/1000.
The last entry of errorHistory is 1.000000 for index 982362, 983/1000.
Terminated at swamp 0.5.
The last entry of errorHistory is 0.500536 for index 982363, 983/1000.
The last entry of errorHistory is 0.500000 for index 982364, 983/1000.
Terminated at swamp 0.5.
The last entry of errorHistory is 0.500060 for index 982365, 983/1000.
Terminated at swamp 0.5.
The last entry of errorHistory is 0.500414 for index 982366, 983/1000.
Terminated at swamp 0.5.
The last entry of errorHistory is 0.500540 for index 982367, 983/1000.
The last entry of errorHistory is 1.000000 for index 982368, 983/1000.
Terminated at swamp 0.5.
The last entry of errorHistory is 0.500509 for index 982369, 983/1000.
The last entry of errorHistory is 1.000000 for index 982370, 983/1000.
The last entry of errorHistory is 1.000000 for index 982371, 983/1000.
Terminated at swamp 0.5.
The last entry of errorHistory is 0.500508 for index 982372, 983/1000.
The last entry of errorHistory is 1.000000 for index 982373, 983/1000.
Terminated at swamp 0.5.
The last entry of errorHistory is 0.500002 for index 982374, 983/1000.
Terminated at swamp 0.5.
The last entry of errorHistory is 0.500321 for index 982375, 983/1000.
The last entry of errorHistory is 1.500000 for index 982376, 983/1000.
The last entry of errorHistory is 1.000000 for index 982377, 983/1000.
The last entry of errorHistory is 0.000012 for index 982378, 983/1000.
The last entry of errorHistory is 0.500000 for index 982379, 983/1000.
Terminated at swamp 1.
The last entry of errorHistory is 1.000337 for index 982380, 983/1000.
The last entry of errorHistory is 1.000000 for index 982381, 983/1000.
Terminated at swamp 0.5.
The last entry of errorHistory is 0.500198 for index 982382, 983/1000.
Terminated at swamp 1.
The last entry of errorHistory is 1.000593 for index 982383, 983/1000.
Terminated at swamp 1.
The last entry of errorHistory is 1.000010 for index 982384, 983/1000.
Terminated at swamp 1.
The last entry of errorHistory is 0.999985 for index 982385, 983/1000.
The last entry of errorHistory is 1.000000 for index 982386, 983/1000.
Terminated at swamp 0.5.
The last entry of errorHistory is 0.500043 for index 982387, 983/1000.
Terminated at swamp 0.5.
The last entry of errorHistory is 0.500581 for index 982388, 983/1000.
The last entry of errorHistory is 1.500000 for index 982389, 983/1000.
The last entry of errorHistory is 0.000040 for index 982390, 983/1000.
The last entry of errorHistory is 0.000018 for index 982391, 983/1000.
The last entry of errorHistory is 0.000113 for index 982392, 983/1000.
Terminated at swamp 0.5.
The last entry of errorHistory is 0.500348 for index 982393, 983/1000.
The last entry of errorHistory is 1.000000 for index 982394, 983/1000.
Terminated at swamp 0.5.
The last entry of errorHistory is 0.500502 for index 982395, 983/1000.
Terminated at swamp 0.5.
The last entry of errorHistory is 0.500037 for index 982396, 983/1000.
The last entry of errorHistory is 1.000000 for index 982397, 983/1000.
Terminated at swamp 1.
The last entry of errorHistory is 1.000002 for index 982398, 983/1000.
The last entry of errorHistory is 1.000000 for index 982399, 983/1000.
Terminated at swamp 1.
The last entry of errorHistory is 1.000572 for index 982400, 983/1000.
Terminated at swamp 0.5.
The last entry of errorHistory is 0.500351 for index 982401, 983/1000.
Terminated at swamp 1.
The last entry of errorHistory is 1.000115 for index 982402, 983/1000.
Terminated at swamp 0.5.
The last entry of errorHistory is 0.500545 for index 982403, 983/1000.
Terminated at swamp 0.5.
The last entry of errorHistory is 0.500520 for index 982404, 983/1000.
The last entry of errorHistory is 0.500000 for index 982405, 983/1000.
Terminated at swamp 0.5.
The last entry of errorHistory is 0.500330 for index 982406, 983/1000.
Terminated at swamp 0.5.
The last entry of errorHistory is 0.500445 for index 982407, 983/1000.
Terminated at swamp 1.
The last entry of errorHistory is 1.000006 for index 982408, 983/1000.
Terminated at swamp 0.5.
The last entry of errorHistory is 0.500322 for index 982409, 983/1000.
Terminated at swamp 0.5.
The last entry of errorHistory is 0.500471 for index 982410, 983/1000.
The last entry of errorHistory is 1.500000 for index 982411, 983/1000.
Terminated at swamp 0.5.
The last entry of errorHistory is 0.500406 for index 982412, 983/1000.
Terminated at swamp 0.5.
The last entry of errorHistory is 0.500639 for index 982413, 983/1000.
Terminated at swamp 1.
The last entry of errorHistory is 1.000087 for index 982414, 983/1000.
Terminated at swamp 0.5.
The last entry of errorHistory is 0.500405 for index 982415, 983/1000.
Terminated at swamp 0.5.
The last entry of errorHistory is 0.500223 for index 982416, 983/1000.
The last entry of errorHistory is 0.500000 for index 982417, 983/1000.
Terminated at swamp 0.5.
The last entry of errorHistory is 0.500630 for index 982418, 983/1000.
Terminated at swamp 0.5.
The last entry of errorHistory is 0.500482 for index 982419, 983/1000.
Terminated at swamp 1.
The last entry of errorHistory is 1.000006 for index 982420, 983/1000.
Terminated at swamp 0.5.
The last entry of errorHistory is 0.500566 for index 982421, 983/1000.
Terminated at swamp 0.5.
The last entry of errorHistory is 0.500090 for index 982422, 983/1000.
The last entry of errorHistory is 0.500000 for index 982423, 983/1000.
The last entry of errorHistory is 1.000000 for index 982424, 983/1000.
Terminated at swamp 0.5.
The last entry of errorHistory is 0.500383 for index 982425, 983/1000.
Terminated at swamp 0.5.
The last entry of errorHistory is 0.500115 for index 982426, 983/1000.
Terminated at swamp 0.5.
The last entry of errorHistory is 0.500348 for index 982427, 983/1000.
The last entry of errorHistory is 1.000000 for index 982428, 983/1000.
Terminated at swamp 0.5.
The last entry of errorHistory is 0.500458 for index 982429, 983/1000.
The last entry of errorHistory is 1.000000 for index 982430, 983/1000.
The last entry of errorHistory is 1.000000 for index 982431, 983/1000.
Terminated at swamp 0.5.
The last entry of errorHistory is 0.500338 for index 982432, 983/1000.
The last entry of errorHistory is 0.000033 for index 982433, 983/1000.
Terminated at swamp 0.5.
The last entry of errorHistory is 0.500648 for index 982434, 983/1000.
Terminated at swamp 0.5.
The last entry of errorHistory is 0.500417 for index 982435, 983/1000.
Terminated at swamp 0.5.
The last entry of errorHistory is 0.500655 for index 982436, 983/1000.
Terminated at swamp 0.5.
The last entry of errorHistory is 0.500071 for index 982437, 983/1000.
The last entry of errorHistory is 1.000000 for index 982438, 983/1000.
The last entry of errorHistory is 0.000033 for index 982439, 983/1000.
The last entry of errorHistory is 1.000000 for index 982440, 983/1000.
The last entry of errorHistory is 0.000172 for index 982441, 983/1000.
Terminated at swamp 0.5.
The last entry of errorHistory is 0.500002 for index 982442, 983/1000.
Terminated at swamp 0.5.
The last entry of errorHistory is 0.500508 for index 982443, 983/1000.
Terminated at swamp 0.5.
The last entry of errorHistory is 0.500731 for index 982444, 983/1000.
Terminated at swamp 1.
The last entry of errorHistory is 1.000137 for index 982445, 983/1000.
Terminated at swamp 0.5.
The last entry of errorHistory is 0.500369 for index 982446, 983/1000.
Terminated at swamp 0.5.
The last entry of errorHistory is 0.500704 for index 982447, 983/1000.
Terminated at swamp 0.5.
The last entry of errorHistory is 0.500467 for index 982448, 983/1000.
Terminated at swamp 0.5.
The last entry of errorHistory is 0.500585 for index 982449, 983/1000.
Terminated at swamp 1.
The last entry of errorHistory is 1.000157 for index 982450, 983/1000.
Terminated at swamp 0.5.
The last entry of errorHistory is 0.500428 for index 982451, 983/1000.
Terminated at swamp 0.5.
The last entry of errorHistory is 0.500099 for index 982452, 983/1000.
Terminated at swamp 0.5.
The last entry of errorHistory is 0.500417 for index 982453, 983/1000.
Terminated at swamp 0.5.
The last entry of errorHistory is 0.500340 for index 982454, 983/1000.
Terminated at swamp 0.5.
The last entry of errorHistory is 0.500058 for index 982455, 983/1000.
Terminated at swamp 0.5.
The last entry of errorHistory is 0.500203 for index 982456, 983/1000.
The last entry of errorHistory is 0.000772 for index 982457, 983/1000.
Terminated at swamp 1.
The last entry of errorHistory is 1.000413 for index 982458, 983/1000.
Terminated at swamp 0.5.
The last entry of errorHistory is 0.500077 for index 982459, 983/1000.
Terminated at swamp 0.5.
The last entry of errorHistory is 0.500455 for index 982460, 983/1000.
Terminated at swamp 0.5.
The last entry of errorHistory is 0.500064 for index 982461, 983/1000.
Terminated at swamp 0.5.
The last entry of errorHistory is 0.500387 for index 982462, 983/1000.
The last entry of errorHistory is 1.000000 for index 982463, 983/1000.
Terminated at swamp 1.
The last entry of errorHistory is 1.000019 for index 982464, 983/1000.
Terminated at swamp 0.5.
The last entry of errorHistory is 0.500089 for index 982465, 983/1000.
The last entry of errorHistory is 1.000000 for index 982466, 983/1000.
Terminated at swamp 0.5.
The last entry of errorHistory is 0.500386 for index 982467, 983/1000.
Terminated at swamp 0.5.
The last entry of errorHistory is 0.500415 for index 982468, 983/1000.
Terminated at swamp 0.5.
The last entry of errorHistory is 0.500653 for index 982469, 983/1000.
Terminated at swamp 0.5.
The last entry of errorHistory is 0.500333 for index 982470, 983/1000.
Terminated at swamp 0.5.
The last entry of errorHistory is 0.500560 for index 982471, 983/1000.
Terminated at swamp 0.5.
The last entry of errorHistory is 0.500517 for index 982472, 983/1000.
Terminated at swamp 0.5.
The last entry of errorHistory is 0.500012 for index 982473, 983/1000.
The last entry of errorHistory is 0.500000 for index 982474, 983/1000.
The last entry of errorHistory is 1.000000 for index 982475, 983/1000.
Terminated at swamp 0.5.
The last entry of errorHistory is 0.500226 for index 982476, 983/1000.
Terminated at swamp 1.
The last entry of errorHistory is 1.000344 for index 982477, 983/1000.
Terminated at swamp 1.
The last entry of errorHistory is 1.000054 for index 982478, 983/1000.
The last entry of errorHistory is 0.000008 for index 982479, 983/1000.
The last entry of errorHistory is 1.000000 for index 982480, 983/1000.
Terminated at swamp 0.5.
The last entry of errorHistory is 0.500476 for index 982481, 983/1000.
Terminated at swamp 0.5.
The last entry of errorHistory is 0.500243 for index 982482, 983/1000.
The last entry of errorHistory is 1.000000 for index 982483, 983/1000.
Terminated at swamp 0.5.
The last entry of errorHistory is 0.500580 for index 982484, 983/1000.
The last entry of errorHistory is 1.000000 for index 982485, 983/1000.
Terminated at swamp 1.
The last entry of errorHistory is 1.000000 for index 982486, 983/1000.
Terminated at swamp 0.5.
The last entry of errorHistory is 0.500291 for index 982487, 983/1000.
The last entry of errorHistory is 1.000000 for index 982488, 983/1000.
Terminated at swamp 1.
The last entry of errorHistory is 1.000027 for index 982489, 983/1000.
Terminated at swamp 0.5.
The last entry of errorHistory is 0.500001 for index 982490, 983/1000.
The last entry of errorHistory is 0.000210 for index 982491, 983/1000.
The last entry of errorHistory is 0.000028 for index 982492, 983/1000.
Terminated at swamp 1.
The last entry of errorHistory is 1.000012 for index 982493, 983/1000.
Terminated at swamp 0.5.
The last entry of errorHistory is 0.500441 for index 982494, 983/1000.
The last entry of errorHistory is 0.000020 for index 982495, 983/1000.
The last entry of errorHistory is 1.000000 for index 982496, 983/1000.
Terminated at swamp 1.
The last entry of errorHistory is 1.000023 for index 982497, 983/1000.
Terminated at swamp 0.5.
The last entry of errorHistory is 0.500604 for index 982498, 983/1000.
The last entry of errorHistory is 1.000000 for index 982499, 983/1000.
Terminated at swamp 1.
The last entry of errorHistory is 1.000089 for index 982500, 983/1000.
The last entry of errorHistory is 0.500000 for index 982501, 983/1000.
Terminated at swamp 1.
The last entry of errorHistory is 1.000008 for index 982502, 983/1000.
The last entry of errorHistory is 1.000000 for index 982503, 983/1000.
Terminated at swamp 0.5.
The last entry of errorHistory is 0.500631 for index 982504, 983/1000.
Terminated at swamp 0.5.
The last entry of errorHistory is 0.500436 for index 982505, 983/1000.
Terminated at swamp 0.5.
The last entry of errorHistory is 0.500607 for index 982506, 983/1000.
Terminated at swamp 0.5.
The last entry of errorHistory is 0.500540 for index 982507, 983/1000.
Terminated at swamp 1.
The last entry of errorHistory is 1.000516 for index 982508, 983/1000.
Terminated at swamp 0.5.
The last entry of errorHistory is 0.500467 for index 982509, 983/1000.
Terminated at swamp 1.
The last entry of errorHistory is 1.000099 for index 982510, 983/1000.
Terminated at swamp 0.5.
The last entry of errorHistory is 0.500113 for index 982511, 983/1000.
Terminated at swamp 0.5.
The last entry of errorHistory is 0.500362 for index 982512, 983/1000.
Terminated at swamp 0.5.
The last entry of errorHistory is 0.500607 for index 982513, 983/1000.
Terminated at swamp 1.
The last entry of errorHistory is 1.000019 for index 982514, 983/1000.
The last entry of errorHistory is 1.000000 for index 982515, 983/1000.
Terminated at swamp 0.5.
The last entry of errorHistory is 0.500020 for index 982516, 983/1000.
Terminated at swamp 0.5.
The last entry of errorHistory is 0.500430 for index 982517, 983/1000.
Terminated at swamp 0.5.
The last entry of errorHistory is 0.500637 for index 982518, 983/1000.
Terminated at swamp 0.5.
The last entry of errorHistory is 0.500633 for index 982519, 983/1000.
Terminated at swamp 1.
The last entry of errorHistory is 0.999983 for index 982520, 983/1000.
Terminated at swamp 0.5.
The last entry of errorHistory is 0.500364 for index 982521, 983/1000.
Terminated at swamp 0.5.
The last entry of errorHistory is 0.500371 for index 982522, 983/1000.
Terminated at swamp 1.
The last entry of errorHistory is 1.000177 for index 982523, 983/1000.
The last entry of errorHistory is 1.000000 for index 982524, 983/1000.
Terminated at swamp 1.
The last entry of errorHistory is 1.000000 for index 982525, 983/1000.
Terminated at swamp 0.5.
The last entry of errorHistory is 0.500480 for index 982526, 983/1000.
The last entry of errorHistory is 1.000000 for index 982527, 983/1000.
The last entry of errorHistory is 1.000000 for index 982528, 983/1000.
Terminated at swamp 1.
The last entry of errorHistory is 1.000202 for index 982529, 983/1000.
Terminated at swamp 0.5.
The last entry of errorHistory is 0.500063 for index 982530, 983/1000.
Terminated at swamp 0.5.
The last entry of errorHistory is 0.500601 for index 982531, 983/1000.
The last entry of errorHistory is 0.000053 for index 982532, 983/1000.
Terminated at swamp 0.5.
The last entry of errorHistory is 0.500395 for index 982533, 983/1000.
Terminated at swamp 0.5.
The last entry of errorHistory is 0.500423 for index 982534, 983/1000.
Terminated at swamp 1.
The last entry of errorHistory is 1.000000 for index 982535, 983/1000.
The last entry of errorHistory is 1.000000 for index 982536, 983/1000.
Terminated at swamp 0.5.
The last entry of errorHistory is 0.500186 for index 982537, 983/1000.
Terminated at swamp 0.5.
The last entry of errorHistory is 0.500554 for index 982538, 983/1000.
Terminated at swamp 0.5.
The last entry of errorHistory is 0.500345 for index 982539, 983/1000.
Terminated at swamp 1.
The last entry of errorHistory is 1.000000 for index 982540, 983/1000.
Terminated at swamp 0.5.
The last entry of errorHistory is 0.500699 for index 982541, 983/1000.
The last entry of errorHistory is 1.000000 for index 982542, 983/1000.
Terminated at swamp 1.
The last entry of errorHistory is 1.000014 for index 982543, 983/1000.
Terminated at swamp 0.5.
The last entry of errorHistory is 0.500443 for index 982544, 983/1000.
Terminated at swamp 1.
The last entry of errorHistory is 1.000013 for index 982545, 983/1000.
The last entry of errorHistory is 0.000007 for index 982546, 983/1000.
The last entry of errorHistory is 1.000000 for index 982547, 983/1000.
Terminated at swamp 0.5.
The last entry of errorHistory is 0.500233 for index 982548, 983/1000.
The last entry of errorHistory is 0.000115 for index 982549, 983/1000.
Terminated at swamp 0.5.
The last entry of errorHistory is 0.500368 for index 982550, 983/1000.
The last entry of errorHistory is 1.000000 for index 982551, 983/1000.
Terminated at swamp 0.5.
The last entry of errorHistory is 0.500191 for index 982552, 983/1000.
Terminated at swamp 0.5.
The last entry of errorHistory is 0.500443 for index 982553, 983/1000.
Terminated at swamp 0.5.
The last entry of errorHistory is 0.500309 for index 982554, 983/1000.
The last entry of errorHistory is 0.000012 for index 982555, 983/1000.
The last entry of errorHistory is 0.000022 for index 982556, 983/1000.
The last entry of errorHistory is 0.000017 for index 982557, 983/1000.
Terminated at swamp 0.5.
The last entry of errorHistory is 0.500497 for index 982558, 983/1000.
Terminated at swamp 0.5.
The last entry of errorHistory is 0.500289 for index 982559, 983/1000.
Terminated at swamp 0.5.
The last entry of errorHistory is 0.500513 for index 982560, 983/1000.
The last entry of errorHistory is 0.500000 for index 982561, 983/1000.
The last entry of errorHistory is 0.000019 for index 982562, 983/1000.
Terminated at swamp 0.5.
The last entry of errorHistory is 0.500278 for index 982563, 983/1000.
Terminated at swamp 1.
The last entry of errorHistory is 1.000154 for index 982564, 983/1000.
Terminated at swamp 1.
The last entry of errorHistory is 1.000006 for index 982565, 983/1000.
Terminated at swamp 0.5.
The last entry of errorHistory is 0.500312 for index 982566, 983/1000.
Terminated at swamp 0.5.
The last entry of errorHistory is 0.500608 for index 982567, 983/1000.
Terminated at swamp 0.5.
The last entry of errorHistory is 0.500620 for index 982568, 983/1000.
Terminated at swamp 0.5.
The last entry of errorHistory is 0.500501 for index 982569, 983/1000.
Terminated at swamp 0.5.
The last entry of errorHistory is 0.500543 for index 982570, 983/1000.
Terminated at swamp 0.5.
The last entry of errorHistory is 0.500600 for index 982571, 983/1000.
The last entry of errorHistory is 0.000016 for index 982572, 983/1000.
Terminated at swamp 0.5.
The last entry of errorHistory is 0.500100 for index 982573, 983/1000.
The last entry of errorHistory is 0.500000 for index 982574, 983/1000.
The last entry of errorHistory is 1.000000 for index 982575, 983/1000.
The last entry of errorHistory is 0.000054 for index 982576, 983/1000.
Terminated at swamp 1.
The last entry of errorHistory is 1.000291 for index 982577, 983/1000.
Terminated at swamp 0.5.
The last entry of errorHistory is 0.500542 for index 982578, 983/1000.
The last entry of errorHistory is 1.000000 for index 982579, 983/1000.
The last entry of errorHistory is 0.500000 for index 982580, 983/1000.
Terminated at swamp 0.5.
The last entry of errorHistory is 0.500310 for index 982581, 983/1000.
Terminated at swamp 0.5.
The last entry of errorHistory is 0.500355 for index 982582, 983/1000.
The last entry of errorHistory is 1.000000 for index 982583, 983/1000.
Terminated at swamp 0.5.
The last entry of errorHistory is 0.500831 for index 982584, 983/1000.
Terminated at swamp 0.5.
The last entry of errorHistory is 0.500492 for index 982585, 983/1000.
Terminated at swamp 0.5.
The last entry of errorHistory is 0.500090 for index 982586, 983/1000.
The last entry of errorHistory is 1.000000 for index 982587, 983/1000.
The last entry of errorHistory is 0.000013 for index 982588, 983/1000.
The last entry of errorHistory is 0.000024 for index 982589, 983/1000.
Terminated at swamp 1.
The last entry of errorHistory is 1.000003 for index 982590, 983/1000.
The last entry of errorHistory is 1.000000 for index 982591, 983/1000.
The last entry of errorHistory is 1.000000 for index 982592, 983/1000.
The last entry of errorHistory is 0.500000 for index 982593, 983/1000.
Terminated at swamp 0.5.
The last entry of errorHistory is 0.500283 for index 982594, 983/1000.
Terminated at swamp 0.5.
The last entry of errorHistory is 0.500483 for index 982595, 983/1000.
Terminated at swamp 1.
The last entry of errorHistory is 1.000001 for index 982596, 983/1000.
The last entry of errorHistory is 0.500000 for index 982597, 983/1000.
The last entry of errorHistory is 1.000000 for index 982598, 983/1000.
Terminated at swamp 0.5.
The last entry of errorHistory is 0.500336 for index 982599, 983/1000.
Terminated at swamp 0.5.
The last entry of errorHistory is 0.500496 for index 982600, 983/1000.
Terminated at swamp 0.5.
The last entry of errorHistory is 0.500252 for index 982601, 983/1000.
Terminated at swamp 0.5.
The last entry of errorHistory is 0.500473 for index 982602, 983/1000.
Terminated at swamp 0.5.
The last entry of errorHistory is 0.500445 for index 982603, 983/1000.
The last entry of errorHistory is 1.500000 for index 982604, 983/1000.
The last entry of errorHistory is 1.000000 for index 982605, 983/1000.
Terminated at swamp 0.5.
The last entry of errorHistory is 0.500244 for index 982606, 983/1000.
Terminated at swamp 0.5.
The last entry of errorHistory is 0.500261 for index 982607, 983/1000.
Terminated at swamp 0.5.
The last entry of errorHistory is 0.500544 for index 982608, 983/1000.
Terminated at swamp 0.5.
The last entry of errorHistory is 0.500761 for index 982609, 983/1000.
Terminated at swamp 0.5.
The last entry of errorHistory is 0.500413 for index 982610, 983/1000.
Terminated at swamp 0.5.
The last entry of errorHistory is 0.500489 for index 982611, 983/1000.
Terminated at swamp 0.5.
The last entry of errorHistory is 0.500511 for index 982612, 983/1000.
Terminated at swamp 1.
The last entry of errorHistory is 1.000134 for index 982613, 983/1000.
Terminated at swamp 1.
The last entry of errorHistory is 1.000460 for index 982614, 983/1000.
Terminated at swamp 0.5.
The last entry of errorHistory is 0.500366 for index 982615, 983/1000.
The last entry of errorHistory is 0.000066 for index 982616, 983/1000.
The last entry of errorHistory is 1.000000 for index 982617, 983/1000.
The last entry of errorHistory is 0.000033 for index 982618, 983/1000.
The last entry of errorHistory is 1.000000 for index 982619, 983/1000.
Terminated at swamp 1.
The last entry of errorHistory is 1.000241 for index 982620, 983/1000.
Terminated at swamp 0.5.
The last entry of errorHistory is 0.500171 for index 982621, 983/1000.
Terminated at swamp 0.5.
The last entry of errorHistory is 0.500502 for index 982622, 983/1000.
Terminated at swamp 0.5.
The last entry of errorHistory is 0.500559 for index 982623, 983/1000.
Terminated at swamp 0.5.
The last entry of errorHistory is 0.500642 for index 982624, 983/1000.
Terminated at swamp 1.
The last entry of errorHistory is 1.000000 for index 982625, 983/1000.
The last entry of errorHistory is 0.500000 for index 982626, 983/1000.
The last entry of errorHistory is 1.500000 for index 982627, 983/1000.
Terminated at swamp 0.5.
The last entry of errorHistory is 0.500113 for index 982628, 983/1000.
Terminated at swamp 0.5.
The last entry of errorHistory is 0.500667 for index 982629, 983/1000.
Terminated at swamp 0.5.
The last entry of errorHistory is 0.500275 for index 982630, 983/1000.
Terminated at swamp 1.
The last entry of errorHistory is 1.000002 for index 982631, 983/1000.
The last entry of errorHistory is 0.000014 for index 982632, 983/1000.
The last entry of errorHistory is 0.000018 for index 982633, 983/1000.
The last entry of errorHistory is 0.000013 for index 982634, 983/1000.
Terminated at swamp 0.5.
The last entry of errorHistory is 0.500026 for index 982635, 983/1000.
The last entry of errorHistory is 0.000022 for index 982636, 983/1000.
Terminated at swamp 0.5.
The last entry of errorHistory is 0.500495 for index 982637, 983/1000.
Terminated at swamp 0.5.
The last entry of errorHistory is 0.500022 for index 982638, 983/1000.
Terminated at swamp 0.5.
The last entry of errorHistory is 0.500049 for index 982639, 983/1000.
The last entry of errorHistory is 0.000564 for index 982640, 983/1000.
Terminated at swamp 0.5.
The last entry of errorHistory is 0.500491 for index 982641, 983/1000.
Terminated at swamp 0.5.
The last entry of errorHistory is 0.500536 for index 982642, 983/1000.
Terminated at swamp 0.5.
The last entry of errorHistory is 0.500374 for index 982643, 983/1000.
Terminated at swamp 0.5.
The last entry of errorHistory is 0.500515 for index 982644, 983/1000.
Terminated at swamp 0.5.
The last entry of errorHistory is 0.500621 for index 982645, 983/1000.
Terminated at swamp 0.5.
The last entry of errorHistory is 0.500487 for index 982646, 983/1000.
Terminated at swamp 0.5.
The last entry of errorHistory is 0.500395 for index 982647, 983/1000.
Terminated at swamp 0.5.
The last entry of errorHistory is 0.500558 for index 982648, 983/1000.
Terminated at swamp 1.
The last entry of errorHistory is 0.999965 for index 982649, 983/1000.
The last entry of errorHistory is 1.000000 for index 982650, 983/1000.
The last entry of errorHistory is 0.000491 for index 982651, 983/1000.
Terminated at swamp 0.5.
The last entry of errorHistory is 0.500542 for index 982652, 983/1000.
The last entry of errorHistory is 0.000034 for index 982653, 983/1000.
The last entry of errorHistory is 1.000000 for index 982654, 983/1000.
The last entry of errorHistory is 0.000009 for index 982655, 983/1000.
The last entry of errorHistory is 0.000093 for index 982656, 983/1000.
Terminated at swamp 0.5.
The last entry of errorHistory is 0.500411 for index 982657, 983/1000.
Terminated at swamp 0.5.
The last entry of errorHistory is 0.500689 for index 982658, 983/1000.
Terminated at swamp 0.5.
The last entry of errorHistory is 0.500100 for index 982659, 983/1000.
The last entry of errorHistory is 1.000000 for index 982660, 983/1000.
Terminated at swamp 0.5.
The last entry of errorHistory is 0.500480 for index 982661, 983/1000.
The last entry of errorHistory is 0.000016 for index 982662, 983/1000.
Terminated at swamp 1.
The last entry of errorHistory is 1.000000 for index 982663, 983/1000.
The last entry of errorHistory is 0.000015 for index 982664, 983/1000.
The last entry of errorHistory is 0.000014 for index 982665, 983/1000.
Terminated at swamp 0.5.
The last entry of errorHistory is 0.500025 for index 982666, 983/1000.
Terminated at swamp 0.5.
The last entry of errorHistory is 0.500606 for index 982667, 983/1000.
Terminated at swamp 0.5.
The last entry of errorHistory is 0.500440 for index 982668, 983/1000.
Terminated at swamp 0.5.
The last entry of errorHistory is 0.500365 for index 982669, 983/1000.
Terminated at swamp 1.
The last entry of errorHistory is 1.000000 for index 982670, 983/1000.
The last entry of errorHistory is 0.000078 for index 982671, 983/1000.
Terminated at swamp 1.
The last entry of errorHistory is 1.000018 for index 982672, 983/1000.
Terminated at swamp 0.5.
The last entry of errorHistory is 0.500377 for index 982673, 983/1000.
Terminated at swamp 0.5.
The last entry of errorHistory is 0.500447 for index 982674, 983/1000.
Terminated at swamp 1.
The last entry of errorHistory is 1.000091 for index 982675, 983/1000.
Terminated at swamp 0.5.
The last entry of errorHistory is 0.500683 for index 982676, 983/1000.
The last entry of errorHistory is 1.000000 for index 982677, 983/1000.
Terminated at swamp 0.5.
The last entry of errorHistory is 0.500297 for index 982678, 983/1000.
Terminated at swamp 0.5.
The last entry of errorHistory is 0.500163 for index 982679, 983/1000.
The last entry of errorHistory is 1.000000 for index 982680, 983/1000.
Terminated at swamp 0.5.
The last entry of errorHistory is 0.500242 for index 982681, 983/1000.
Terminated at swamp 0.5.
The last entry of errorHistory is 0.500515 for index 982682, 983/1000.
The last entry of errorHistory is 0.000363 for index 982683, 983/1000.
Terminated at swamp 0.5.
The last entry of errorHistory is 0.500403 for index 982684, 983/1000.
The last entry of errorHistory is 0.000097 for index 982685, 983/1000.
Terminated at swamp 0.5.
The last entry of errorHistory is 0.500233 for index 982686, 983/1000.
Terminated at swamp 0.5.
The last entry of errorHistory is 0.500725 for index 982687, 983/1000.
Terminated at swamp 0.5.
The last entry of errorHistory is 0.500601 for index 982688, 983/1000.
Terminated at swamp 0.5.
The last entry of errorHistory is 0.500603 for index 982689, 983/1000.
Terminated at swamp 0.5.
The last entry of errorHistory is 0.500283 for index 982690, 983/1000.
Terminated at swamp 0.5.
The last entry of errorHistory is 0.500399 for index 982691, 983/1000.
Terminated at swamp 1.
The last entry of errorHistory is 1.000385 for index 982692, 983/1000.
The last entry of errorHistory is 0.500000 for index 982693, 983/1000.
Terminated at swamp 0.5.
The last entry of errorHistory is 0.500586 for index 982694, 983/1000.
Terminated at swamp 0.5.
The last entry of errorHistory is 0.500639 for index 982695, 983/1000.
Terminated at swamp 0.5.
The last entry of errorHistory is 0.500000 for index 982696, 983/1000.
The last entry of errorHistory is 0.000027 for index 982697, 983/1000.
Terminated at swamp 0.5.
The last entry of errorHistory is 0.500239 for index 982698, 983/1000.
Terminated at swamp 0.5.
The last entry of errorHistory is 0.500398 for index 982699, 983/1000.
Terminated at swamp 0.5.
The last entry of errorHistory is 0.500001 for index 982700, 983/1000.
Terminated at swamp 0.5.
The last entry of errorHistory is 0.500005 for index 982701, 983/1000.
The last entry of errorHistory is 0.000016 for index 982702, 983/1000.
Terminated at swamp 1.
The last entry of errorHistory is 1.000421 for index 982703, 983/1000.
The last entry of errorHistory is 0.500000 for index 982704, 983/1000.
Terminated at swamp 0.5.
The last entry of errorHistory is 0.500334 for index 982705, 983/1000.
Terminated at swamp 1.
The last entry of errorHistory is 1.000074 for index 982706, 983/1000.
Terminated at swamp 0.5.
The last entry of errorHistory is 0.500517 for index 982707, 983/1000.
Terminated at swamp 0.5.
The last entry of errorHistory is 0.500187 for index 982708, 983/1000.
Terminated at swamp 1.
The last entry of errorHistory is 1.000275 for index 982709, 983/1000.
Terminated at swamp 0.5.
The last entry of errorHistory is 0.500495 for index 982710, 983/1000.
Terminated at swamp 1.
The last entry of errorHistory is 1.000000 for index 982711, 983/1000.
Terminated at swamp 0.5.
The last entry of errorHistory is 0.500523 for index 982712, 983/1000.
Terminated at swamp 1.
The last entry of errorHistory is 1.000237 for index 982713, 983/1000.
Terminated at swamp 0.5.
The last entry of errorHistory is 0.500008 for index 982714, 983/1000.
The last entry of errorHistory is 1.000000 for index 982715, 983/1000.
Terminated at swamp 0.5.
The last entry of errorHistory is 0.500370 for index 982716, 983/1000.
The last entry of errorHistory is 0.500000 for index 982717, 983/1000.
Terminated at swamp 0.5.
The last entry of errorHistory is 0.500480 for index 982718, 983/1000.
Terminated at swamp 0.5.
The last entry of errorHistory is 0.500290 for index 982719, 983/1000.
The last entry of errorHistory is 1.000000 for index 982720, 983/1000.
Terminated at swamp 0.5.
The last entry of errorHistory is 0.500615 for index 982721, 983/1000.
Terminated at swamp 1.
The last entry of errorHistory is 1.000033 for index 982722, 983/1000.
The last entry of errorHistory is 0.000047 for index 982723, 983/1000.
Terminated at swamp 0.5.
The last entry of errorHistory is 0.500394 for index 982724, 983/1000.
Terminated at swamp 0.5.
The last entry of errorHistory is 0.500172 for index 982725, 983/1000.
Terminated at swamp 0.5.
The last entry of errorHistory is 0.500000 for index 982726, 983/1000.
The last entry of errorHistory is 0.500000 for index 982727, 983/1000.
The last entry of errorHistory is 1.000000 for index 982728, 983/1000.
Terminated at swamp 0.5.
The last entry of errorHistory is 0.500047 for index 982729, 983/1000.
Terminated at swamp 0.5.
The last entry of errorHistory is 0.500732 for index 982730, 983/1000.
The last entry of errorHistory is 1.000000 for index 982731, 983/1000.
The last entry of errorHistory is 1.000000 for index 982732, 983/1000.
The last entry of errorHistory is 1.000000 for index 982733, 983/1000.
The last entry of errorHistory is 1.500000 for index 982734, 983/1000.
The last entry of errorHistory is 1.000000 for index 982735, 983/1000.
The last entry of errorHistory is 1.500000 for index 982736, 983/1000.
Terminated at swamp 1.
The last entry of errorHistory is 1.000384 for index 982737, 983/1000.
Terminated at swamp 1.
The last entry of errorHistory is 1.000001 for index 982738, 983/1000.
Terminated at swamp 0.5.
The last entry of errorHistory is 0.500570 for index 982739, 983/1000.
Terminated at swamp 0.5.
The last entry of errorHistory is 0.500175 for index 982740, 983/1000.
Terminated at swamp 1.
The last entry of errorHistory is 1.000000 for index 982741, 983/1000.
Terminated at swamp 0.5.
The last entry of errorHistory is 0.500349 for index 982742, 983/1000.
The last entry of errorHistory is 0.500000 for index 982743, 983/1000.
Terminated at swamp 1.
The last entry of errorHistory is 1.000690 for index 982744, 983/1000.
Terminated at swamp 0.5.
The last entry of errorHistory is 0.500251 for index 982745, 983/1000.
The last entry of errorHistory is 1.000000 for index 982746, 983/1000.
Terminated at swamp 1.
The last entry of errorHistory is 1.000000 for index 982747, 983/1000.
The last entry of errorHistory is 1.000000 for index 982748, 983/1000.
Terminated at swamp 0.5.
The last entry of errorHistory is 0.500393 for index 982749, 983/1000.
Terminated at swamp 0.5.
The last entry of errorHistory is 0.500317 for index 982750, 983/1000.
The last entry of errorHistory is 0.500000 for index 982751, 983/1000.
Terminated at swamp 0.5.
The last entry of errorHistory is 0.500394 for index 982752, 983/1000.
Terminated at swamp 0.5.
The last entry of errorHistory is 0.500312 for index 982753, 983/1000.
The last entry of errorHistory is 1.000000 for index 982754, 983/1000.
The last entry of errorHistory is 1.000000 for index 982755, 983/1000.
Terminated at swamp 1.
The last entry of errorHistory is 1.000102 for index 982756, 983/1000.
Terminated at swamp 0.5.
The last entry of errorHistory is 0.500340 for index 982757, 983/1000.
The last entry of errorHistory is 0.000036 for index 982758, 983/1000.
The last entry of errorHistory is 1.000000 for index 982759, 983/1000.
The last entry of errorHistory is 0.500000 for index 982760, 983/1000.
The last entry of errorHistory is 0.000015 for index 982761, 983/1000.
Terminated at swamp 1.
The last entry of errorHistory is 1.000044 for index 982762, 983/1000.
Terminated at swamp 0.5.
The last entry of errorHistory is 0.500480 for index 982763, 983/1000.
Terminated at swamp 0.5.
The last entry of errorHistory is 0.500582 for index 982764, 983/1000.
Terminated at swamp 0.5.
The last entry of errorHistory is 0.500590 for index 982765, 983/1000.
Terminated at swamp 0.5.
The last entry of errorHistory is 0.500593 for index 982766, 983/1000.
Terminated at swamp 0.5.
The last entry of errorHistory is 0.500122 for index 982767, 983/1000.
Terminated at swamp 0.5.
The last entry of errorHistory is 0.500371 for index 982768, 983/1000.
The last entry of errorHistory is 0.000009 for index 982769, 983/1000.
The last entry of errorHistory is 0.000012 for index 982770, 983/1000.
Terminated at swamp 0.5.
The last entry of errorHistory is 0.500001 for index 982771, 983/1000.
Terminated at swamp 0.5.
The last entry of errorHistory is 0.500182 for index 982772, 983/1000.
Terminated at swamp 0.5.
The last entry of errorHistory is 0.500416 for index 982773, 983/1000.
Terminated at swamp 0.5.
The last entry of errorHistory is 0.500553 for index 982774, 983/1000.
Terminated at swamp 0.5.
The last entry of errorHistory is 0.500550 for index 982775, 983/1000.
The last entry of errorHistory is 1.000000 for index 982776, 983/1000.
Terminated at swamp 0.5.
The last entry of errorHistory is 0.500890 for index 982777, 983/1000.
Terminated at swamp 0.5.
The last entry of errorHistory is 0.500381 for index 982778, 983/1000.
The last entry of errorHistory is 0.500000 for index 982779, 983/1000.
The last entry of errorHistory is 0.500000 for index 982780, 983/1000.
The last entry of errorHistory is 1.000000 for index 982781, 983/1000.
Terminated at swamp 0.5.
The last entry of errorHistory is 0.500247 for index 982782, 983/1000.
The last entry of errorHistory is 1.000000 for index 982783, 983/1000.
Terminated at swamp 0.5.
The last entry of errorHistory is 0.500553 for index 982784, 983/1000.
Terminated at swamp 0.5.
The last entry of errorHistory is 0.500479 for index 982785, 983/1000.
The last entry of errorHistory is 0.000016 for index 982786, 983/1000.
The last entry of errorHistory is 1.000000 for index 982787, 983/1000.
Terminated at swamp 0.5.
The last entry of errorHistory is 0.500028 for index 982788, 983/1000.
Terminated at swamp 1.
The last entry of errorHistory is 1.000491 for index 982789, 983/1000.
The last entry of errorHistory is 0.000114 for index 982790, 983/1000.
The last entry of errorHistory is 0.500000 for index 982791, 983/1000.
The last entry of errorHistory is 1.500000 for index 982792, 983/1000.
Terminated at swamp 0.5.
The last entry of errorHistory is 0.500102 for index 982793, 983/1000.
Terminated at swamp 1.
The last entry of errorHistory is 1.000222 for index 982794, 983/1000.
The last entry of errorHistory is 0.000017 for index 982795, 983/1000.
Terminated at swamp 1.5.
The last entry of errorHistory is 1.500029 for index 982796, 983/1000.
The last entry of errorHistory is 0.500000 for index 982797, 983/1000.
Terminated at swamp 1.
The last entry of errorHistory is 1.000161 for index 982798, 983/1000.
Terminated at swamp 1.
The last entry of errorHistory is 1.000278 for index 982799, 983/1000.
Terminated at swamp 0.5.
The last entry of errorHistory is 0.500136 for index 982800, 983/1000.
Terminated at swamp 0.5.
The last entry of errorHistory is 0.500414 for index 982801, 983/1000.
Terminated at swamp 0.5.
The last entry of errorHistory is 0.500243 for index 982802, 983/1000.
The last entry of errorHistory is 1.000000 for index 982803, 983/1000.
Terminated at swamp 0.5.
The last entry of errorHistory is 0.500479 for index 982804, 983/1000.
Terminated at swamp 0.5.
The last entry of errorHistory is 0.500388 for index 982805, 983/1000.
The last entry of errorHistory is 1.000000 for index 982806, 983/1000.
Terminated at swamp 0.5.
The last entry of errorHistory is 0.500050 for index 982807, 983/1000.
Terminated at swamp 0.5.
The last entry of errorHistory is 0.500421 for index 982808, 983/1000.
The last entry of errorHistory is 1.000000 for index 982809, 983/1000.
Terminated at swamp 0.5.
The last entry of errorHistory is 0.500400 for index 982810, 983/1000.
Terminated at swamp 0.5.
The last entry of errorHistory is 0.500264 for index 982811, 983/1000.
Terminated at swamp 0.5.
The last entry of errorHistory is 0.500187 for index 982812, 983/1000.
Terminated at swamp 1.
The last entry of errorHistory is 1.000489 for index 982813, 983/1000.
Terminated at swamp 0.5.
The last entry of errorHistory is 0.500381 for index 982814, 983/1000.
Terminated at swamp 0.5.
The last entry of errorHistory is 0.500424 for index 982815, 983/1000.
Terminated at swamp 0.5.
The last entry of errorHistory is 0.500619 for index 982816, 983/1000.
Terminated at swamp 0.5.
The last entry of errorHistory is 0.500759 for index 982817, 983/1000.
The last entry of errorHistory is 0.000009 for index 982818, 983/1000.
Terminated at swamp 0.5.
The last entry of errorHistory is 0.500014 for index 982819, 983/1000.
Terminated at swamp 1.
The last entry of errorHistory is 1.000000 for index 982820, 983/1000.
Terminated at swamp 0.5.
The last entry of errorHistory is 0.500607 for index 982821, 983/1000.
The last entry of errorHistory is 0.500000 for index 982822, 983/1000.
Terminated at swamp 0.5.
The last entry of errorHistory is 0.500586 for index 982823, 983/1000.
Terminated at swamp 0.5.
The last entry of errorHistory is 0.500563 for index 982824, 983/1000.
Terminated at swamp 0.5.
The last entry of errorHistory is 0.500366 for index 982825, 983/1000.
Terminated at swamp 0.5.
The last entry of errorHistory is 0.500882 for index 982826, 983/1000.
The last entry of errorHistory is 0.000015 for index 982827, 983/1000.
The last entry of errorHistory is 0.500000 for index 982828, 983/1000.
Terminated at swamp 0.5.
The last entry of errorHistory is 0.500598 for index 982829, 983/1000.
Terminated at swamp 0.5.
The last entry of errorHistory is 0.500517 for index 982830, 983/1000.
Terminated at swamp 1.
The last entry of errorHistory is 1.000017 for index 982831, 983/1000.
Terminated at swamp 0.5.
The last entry of errorHistory is 0.500000 for index 982832, 983/1000.
The last entry of errorHistory is 1.000000 for index 982833, 983/1000.
Terminated at swamp 0.5.
The last entry of errorHistory is 0.500437 for index 982834, 983/1000.
Terminated at swamp 0.5.
The last entry of errorHistory is 0.500196 for index 982835, 983/1000.
The last entry of errorHistory is 0.500000 for index 982836, 983/1000.
Terminated at swamp 0.5.
The last entry of errorHistory is 0.500593 for index 982837, 983/1000.
Terminated at swamp 0.5.
The last entry of errorHistory is 0.500616 for index 982838, 983/1000.
The last entry of errorHistory is 0.000070 for index 982839, 983/1000.
Terminated at swamp 0.5.
The last entry of errorHistory is 0.500618 for index 982840, 983/1000.
Terminated at swamp 0.5.
The last entry of errorHistory is 0.500536 for index 982841, 983/1000.
Terminated at swamp 0.5.
The last entry of errorHistory is 0.500403 for index 982842, 983/1000.
Terminated at swamp 0.5.
The last entry of errorHistory is 0.500688 for index 982843, 983/1000.
The last entry of errorHistory is 0.500000 for index 982844, 983/1000.
Terminated at swamp 0.5.
The last entry of errorHistory is 0.500070 for index 982845, 983/1000.
Terminated at swamp 0.5.
The last entry of errorHistory is 0.500553 for index 982846, 983/1000.
Terminated at swamp 0.5.
The last entry of errorHistory is 0.500612 for index 982847, 983/1000.
Terminated at swamp 0.5.
The last entry of errorHistory is 0.500267 for index 982848, 983/1000.
The last entry of errorHistory is 0.500000 for index 982849, 983/1000.
Terminated at swamp 1.
The last entry of errorHistory is 1.000011 for index 982850, 983/1000.
Terminated at swamp 0.5.
The last entry of errorHistory is 0.500289 for index 982851, 983/1000.
Terminated at swamp 1.
The last entry of errorHistory is 1.000062 for index 982852, 983/1000.
Terminated at swamp 1.
The last entry of errorHistory is 1.000181 for index 982853, 983/1000.
The last entry of errorHistory is 0.500000 for index 982854, 983/1000.
The last entry of errorHistory is 0.002240 for index 982855, 983/1000.
Terminated at swamp 1.
The last entry of errorHistory is 1.000059 for index 982856, 983/1000.
The last entry of errorHistory is 0.500000 for index 982857, 983/1000.
The last entry of errorHistory is 0.000021 for index 982858, 983/1000.
Terminated at swamp 1.
The last entry of errorHistory is 1.000168 for index 982859, 983/1000.
The last entry of errorHistory is 1.000000 for index 982860, 983/1000.
The last entry of errorHistory is 1.000000 for index 982861, 983/1000.
The last entry of errorHistory is 1.000000 for index 982862, 983/1000.
Terminated at swamp 0.5.
The last entry of errorHistory is 0.500443 for index 982863, 983/1000.
Terminated at swamp 1.
The last entry of errorHistory is 1.000344 for index 982864, 983/1000.
Terminated at swamp 0.5.
The last entry of errorHistory is 0.500030 for index 982865, 983/1000.
The last entry of errorHistory is 0.000061 for index 982866, 983/1000.
Terminated at swamp 0.5.
The last entry of errorHistory is 0.500506 for index 982867, 983/1000.
The last entry of errorHistory is 1.500000 for index 982868, 983/1000.
Terminated at swamp 0.5.
The last entry of errorHistory is 0.500548 for index 982869, 983/1000.
Terminated at swamp 0.5.
The last entry of errorHistory is 0.500024 for index 982870, 983/1000.
Terminated at swamp 0.5.
The last entry of errorHistory is 0.500191 for index 982871, 983/1000.
Terminated at swamp 0.5.
The last entry of errorHistory is 0.500818 for index 982872, 983/1000.
Terminated at swamp 0.5.
The last entry of errorHistory is 0.500164 for index 982873, 983/1000.
Terminated at swamp 1.
The last entry of errorHistory is 1.000152 for index 982874, 983/1000.
The last entry of errorHistory is 1.000000 for index 982875, 983/1000.
The last entry of errorHistory is 0.000025 for index 982876, 983/1000.
The last entry of errorHistory is 0.500000 for index 982877, 983/1000.
Terminated at swamp 1.
The last entry of errorHistory is 1.000000 for index 982878, 983/1000.
The last entry of errorHistory is 1.500000 for index 982879, 983/1000.
Terminated at swamp 0.5.
The last entry of errorHistory is 0.500432 for index 982880, 983/1000.
The last entry of errorHistory is 0.000099 for index 982881, 983/1000.
The last entry of errorHistory is 1.000000 for index 982882, 983/1000.
Terminated at swamp 0.5.
The last entry of errorHistory is 0.500365 for index 982883, 983/1000.
Terminated at swamp 0.5.
The last entry of errorHistory is 0.500444 for index 982884, 983/1000.
Terminated at swamp 0.5.
The last entry of errorHistory is 0.500461 for index 982885, 983/1000.
Terminated at swamp 0.5.
The last entry of errorHistory is 0.500066 for index 982886, 983/1000.
The last entry of errorHistory is 1.500000 for index 982887, 983/1000.
Terminated at swamp 0.5.
The last entry of errorHistory is 0.500279 for index 982888, 983/1000.
Terminated at swamp 0.5.
The last entry of errorHistory is 0.500499 for index 982889, 983/1000.
Terminated at swamp 0.5.
The last entry of errorHistory is 0.500620 for index 982890, 983/1000.
Terminated at swamp 0.5.
The last entry of errorHistory is 0.500510 for index 982891, 983/1000.
Terminated at swamp 0.5.
The last entry of errorHistory is 0.500181 for index 982892, 983/1000.
Terminated at swamp 0.5.
The last entry of errorHistory is 0.500191 for index 982893, 983/1000.
Terminated at swamp 0.5.
The last entry of errorHistory is 0.500349 for index 982894, 983/1000.
The last entry of errorHistory is 0.000008 for index 982895, 983/1000.
Terminated at swamp 1.
The last entry of errorHistory is 1.000005 for index 982896, 983/1000.
The last entry of errorHistory is 0.000013 for index 982897, 983/1000.
Terminated at swamp 0.5.
The last entry of errorHistory is 0.500342 for index 982898, 983/1000.
The last entry of errorHistory is 0.500000 for index 982899, 983/1000.
Terminated at swamp 1.
The last entry of errorHistory is 1.000283 for index 982900, 983/1000.
The last entry of errorHistory is 1.000000 for index 982901, 983/1000.
Terminated at swamp 1.
The last entry of errorHistory is 1.000000 for index 982902, 983/1000.
Terminated at swamp 1.
The last entry of errorHistory is 1.000000 for index 982903, 983/1000.
The last entry of errorHistory is 1.000000 for index 982904, 983/1000.
Terminated at swamp 1.
The last entry of errorHistory is 1.000082 for index 982905, 983/1000.
The last entry of errorHistory is 1.000000 for index 982906, 983/1000.
Terminated at swamp 0.5.
The last entry of errorHistory is 0.500305 for index 982907, 983/1000.
The last entry of errorHistory is 1.500000 for index 982908, 983/1000.
Terminated at swamp 0.5.
The last entry of errorHistory is 0.500486 for index 982909, 983/1000.
Terminated at swamp 0.5.
The last entry of errorHistory is 0.500082 for index 982910, 983/1000.
Terminated at swamp 0.5.
The last entry of errorHistory is 0.500021 for index 982911, 983/1000.
The last entry of errorHistory is 1.000000 for index 982912, 983/1000.
Terminated at swamp 0.5.
The last entry of errorHistory is 0.500480 for index 982913, 983/1000.
The last entry of errorHistory is 1.000000 for index 982914, 983/1000.
Terminated at swamp 0.5.
The last entry of errorHistory is 0.500578 for index 982915, 983/1000.
The last entry of errorHistory is 0.000042 for index 982916, 983/1000.
Terminated at swamp 0.5.
The last entry of errorHistory is 0.500390 for index 982917, 983/1000.
Terminated at swamp 0.5.
The last entry of errorHistory is 0.500512 for index 982918, 983/1000.
Terminated at swamp 0.5.
The last entry of errorHistory is 0.500920 for index 982919, 983/1000.
The last entry of errorHistory is 1.000000 for index 982920, 983/1000.
Terminated at swamp 1.
The last entry of errorHistory is 1.000266 for index 982921, 983/1000.
Terminated at swamp 0.5.
The last entry of errorHistory is 0.500559 for index 982922, 983/1000.
Terminated at swamp 0.5.
The last entry of errorHistory is 0.500630 for index 982923, 983/1000.
The last entry of errorHistory is 1.000000 for index 982924, 983/1000.
The last entry of errorHistory is 1.000000 for index 982925, 983/1000.
The last entry of errorHistory is 1.000000 for index 982926, 983/1000.
Terminated at swamp 0.5.
The last entry of errorHistory is 0.500694 for index 982927, 983/1000.
Terminated at swamp 1.
The last entry of errorHistory is 1.000000 for index 982928, 983/1000.
Terminated at swamp 0.5.
The last entry of errorHistory is 0.500487 for index 982929, 983/1000.
The last entry of errorHistory is 1.500000 for index 982930, 983/1000.
The last entry of errorHistory is 0.000014 for index 982931, 983/1000.
Terminated at swamp 0.5.
The last entry of errorHistory is 0.500594 for index 982932, 983/1000.
The last entry of errorHistory is 0.000239 for index 982933, 983/1000.
The last entry of errorHistory is 0.000020 for index 982934, 983/1000.
Terminated at swamp 0.5.
The last entry of errorHistory is 0.500542 for index 982935, 983/1000.
The last entry of errorHistory is 1.000000 for index 982936, 983/1000.
Terminated at swamp 0.5.
The last entry of errorHistory is 0.500406 for index 982937, 983/1000.
Terminated at swamp 0.5.
The last entry of errorHistory is 0.500243 for index 982938, 983/1000.
The last entry of errorHistory is 1.000000 for index 982939, 983/1000.
The last entry of errorHistory is 1.000000 for index 982940, 983/1000.
Terminated at swamp 0.5.
The last entry of errorHistory is 0.500000 for index 982941, 983/1000.
Terminated at swamp 0.5.
The last entry of errorHistory is 0.500196 for index 982942, 983/1000.
Terminated at swamp 0.5.
The last entry of errorHistory is 0.500387 for index 982943, 983/1000.
The last entry of errorHistory is 1.500000 for index 982944, 983/1000.
Terminated at swamp 1.
The last entry of errorHistory is 1.000407 for index 982945, 983/1000.
Terminated at swamp 0.5.
The last entry of errorHistory is 0.500355 for index 982946, 983/1000.
Terminated at swamp 0.5.
The last entry of errorHistory is 0.500616 for index 982947, 983/1000.
Terminated at swamp 1.
The last entry of errorHistory is 1.000296 for index 982948, 983/1000.
Terminated at swamp 0.5.
The last entry of errorHistory is 0.500270 for index 982949, 983/1000.
Terminated at swamp 0.5.
The last entry of errorHistory is 0.500100 for index 982950, 983/1000.
The last entry of errorHistory is 1.000000 for index 982951, 983/1000.
Terminated at swamp 0.5.
The last entry of errorHistory is 0.500546 for index 982952, 983/1000.
Terminated at swamp 1.
The last entry of errorHistory is 1.000567 for index 982953, 983/1000.
Terminated at swamp 0.5.
The last entry of errorHistory is 0.500957 for index 982954, 983/1000.
Terminated at swamp 0.5.
The last entry of errorHistory is 0.500226 for index 982955, 983/1000.
The last entry of errorHistory is 1.000000 for index 982956, 983/1000.
The last entry of errorHistory is 0.000239 for index 982957, 983/1000.
Terminated at swamp 1.
The last entry of errorHistory is 1.000194 for index 982958, 983/1000.
Terminated at swamp 0.5.
The last entry of errorHistory is 0.500413 for index 982959, 983/1000.
Terminated at swamp 0.5.
The last entry of errorHistory is 0.500512 for index 982960, 983/1000.
The last entry of errorHistory is 0.500000 for index 982961, 983/1000.
Terminated at swamp 0.5.
The last entry of errorHistory is 0.500909 for index 982962, 983/1000.
The last entry of errorHistory is 1.500000 for index 982963, 983/1000.
Terminated at swamp 1.
The last entry of errorHistory is 1.000001 for index 982964, 983/1000.
The last entry of errorHistory is 0.500000 for index 982965, 983/1000.
Terminated at swamp 0.5.
The last entry of errorHistory is 0.500446 for index 982966, 983/1000.
Terminated at swamp 0.5.
The last entry of errorHistory is 0.500410 for index 982967, 983/1000.
Terminated at swamp 0.5.
The last entry of errorHistory is 0.500331 for index 982968, 983/1000.
The last entry of errorHistory is 0.000032 for index 982969, 983/1000.
Terminated at swamp 0.5.
The last entry of errorHistory is 0.500586 for index 982970, 983/1000.
Terminated at swamp 0.5.
The last entry of errorHistory is 0.500234 for index 982971, 983/1000.
Terminated at swamp 1.
The last entry of errorHistory is 1.000446 for index 982972, 983/1000.
Terminated at swamp 1.
The last entry of errorHistory is 1.000105 for index 982973, 983/1000.
The last entry of errorHistory is 1.500000 for index 982974, 983/1000.
Terminated at swamp 0.5.
The last entry of errorHistory is 0.500193 for index 982975, 983/1000.
Terminated at swamp 1.
The last entry of errorHistory is 1.000274 for index 982976, 983/1000.
Terminated at swamp 0.5.
The last entry of errorHistory is 0.500512 for index 982977, 983/1000.
Terminated at swamp 0.5.
The last entry of errorHistory is 0.500449 for index 982978, 983/1000.
The last entry of errorHistory is 1.000000 for index 982979, 983/1000.
Terminated at swamp 0.5.
The last entry of errorHistory is 0.500496 for index 982980, 983/1000.
The last entry of errorHistory is 1.000000 for index 982981, 983/1000.
Terminated at swamp 0.5.
The last entry of errorHistory is 0.500187 for index 982982, 983/1000.
The last entry of errorHistory is 0.000062 for index 982983, 983/1000.
Terminated at swamp 0.5.
The last entry of errorHistory is 0.500275 for index 982984, 983/1000.
The last entry of errorHistory is 1.000000 for index 982985, 983/1000.
Terminated at swamp 1.
The last entry of errorHistory is 1.000495 for index 982986, 983/1000.
The last entry of errorHistory is 1.000000 for index 982987, 983/1000.
Terminated at swamp 0.5.
The last entry of errorHistory is 0.500212 for index 982988, 983/1000.
Terminated at swamp 0.5.
The last entry of errorHistory is 0.500182 for index 982989, 983/1000.
Terminated at swamp 1.
The last entry of errorHistory is 0.999962 for index 982990, 983/1000.
Terminated at swamp 1.
The last entry of errorHistory is 1.000356 for index 982991, 983/1000.
Terminated at swamp 0.5.
The last entry of errorHistory is 0.500027 for index 982992, 983/1000.
Terminated at swamp 0.5.
The last entry of errorHistory is 0.500208 for index 982993, 983/1000.
Terminated at swamp 0.5.
The last entry of errorHistory is 0.500004 for index 982994, 983/1000.
The last entry of errorHistory is 1.500000 for index 982995, 983/1000.
Terminated at swamp 0.5.
The last entry of errorHistory is 0.500714 for index 982996, 983/1000.
The last entry of errorHistory is 0.000022 for index 982997, 983/1000.
Terminated at swamp 1.5.
The last entry of errorHistory is 1.500000 for index 982998, 983/1000.
Terminated at swamp 1.
The last entry of errorHistory is 1.000024 for index 982999, 983/1000.
Terminated at swamp 0.5.
The last entry of errorHistory is 0.500366 for index 983000, 983/1000.
