
                            < M A T L A B (R) >
                  Copyright 1984-2018 The MathWorks, Inc.
                   R2018b (9.5.0.944444) 64-bit (glnxa64)
                              August 28, 2018

 
To get started, type doc.
For product information, visit www.mathworks.com.
 
The last entry of errorHistory is 0.000102 for index 985001, 986/1000.
Terminated at swamp 0.5.
The last entry of errorHistory is 0.500510 for index 985002, 986/1000.
Terminated at swamp 0.5.
The last entry of errorHistory is 0.500850 for index 985003, 986/1000.
Terminated at swamp 1.
The last entry of errorHistory is 1.000000 for index 985004, 986/1000.
Terminated at swamp 0.5.
The last entry of errorHistory is 0.500093 for index 985005, 986/1000.
The last entry of errorHistory is 0.000162 for index 985006, 986/1000.
Terminated at swamp 1.
The last entry of errorHistory is 1.000429 for index 985007, 986/1000.
Terminated at swamp 1.
The last entry of errorHistory is 1.000074 for index 985008, 986/1000.
Terminated at swamp 0.5.
The last entry of errorHistory is 0.500147 for index 985009, 986/1000.
The last entry of errorHistory is 1.000000 for index 985010, 986/1000.
Terminated at swamp 0.5.
The last entry of errorHistory is 0.500690 for index 985011, 986/1000.
Terminated at swamp 0.5.
The last entry of errorHistory is 0.500367 for index 985012, 986/1000.
The last entry of errorHistory is 1.000000 for index 985013, 986/1000.
The last entry of errorHistory is 0.500000 for index 985014, 986/1000.
Terminated at swamp 0.5.
The last entry of errorHistory is 0.500625 for index 985015, 986/1000.
The last entry of errorHistory is 1.000000 for index 985016, 986/1000.
Terminated at swamp 0.5.
The last entry of errorHistory is 0.500420 for index 985017, 986/1000.
Terminated at swamp 0.5.
The last entry of errorHistory is 0.500233 for index 985018, 986/1000.
Terminated at swamp 1.
The last entry of errorHistory is 1.000433 for index 985019, 986/1000.
Terminated at swamp 0.5.
The last entry of errorHistory is 0.500588 for index 985020, 986/1000.
Terminated at swamp 0.5.
The last entry of errorHistory is 0.500458 for index 985021, 986/1000.
Terminated at swamp 0.5.
The last entry of errorHistory is 0.500645 for index 985022, 986/1000.
The last entry of errorHistory is 1.000000 for index 985023, 986/1000.
The last entry of errorHistory is 0.500000 for index 985024, 986/1000.
The last entry of errorHistory is 1.000000 for index 985025, 986/1000.
Terminated at swamp 0.5.
The last entry of errorHistory is 0.500375 for index 985026, 986/1000.
Terminated at swamp 0.5.
The last entry of errorHistory is 0.500086 for index 985027, 986/1000.
Terminated at swamp 0.5.
The last entry of errorHistory is 0.500467 for index 985028, 986/1000.
The last entry of errorHistory is 0.000138 for index 985029, 986/1000.
Terminated at swamp 0.5.
The last entry of errorHistory is 0.500605 for index 985030, 986/1000.
The last entry of errorHistory is 1.000000 for index 985031, 986/1000.
Terminated at swamp 1.
The last entry of errorHistory is 1.000072 for index 985032, 986/1000.
The last entry of errorHistory is 0.000396 for index 985033, 986/1000.
Terminated at swamp 0.5.
The last entry of errorHistory is 0.500679 for index 985034, 986/1000.
Terminated at swamp 0.5.
The last entry of errorHistory is 0.500398 for index 985035, 986/1000.
The last entry of errorHistory is 1.500000 for index 985036, 986/1000.
The last entry of errorHistory is 1.000000 for index 985037, 986/1000.
Terminated at swamp 0.5.
The last entry of errorHistory is 0.500165 for index 985038, 986/1000.
The last entry of errorHistory is 1.000000 for index 985039, 986/1000.
Terminated at swamp 1.
The last entry of errorHistory is 1.000017 for index 985040, 986/1000.
The last entry of errorHistory is 1.000000 for index 985041, 986/1000.
The last entry of errorHistory is 0.000697 for index 985042, 986/1000.
Terminated at swamp 0.5.
The last entry of errorHistory is 0.500131 for index 985043, 986/1000.
Terminated at swamp 0.5.
The last entry of errorHistory is 0.500197 for index 985044, 986/1000.
Terminated at swamp 0.5.
The last entry of errorHistory is 0.500343 for index 985045, 986/1000.
Terminated at swamp 1.
The last entry of errorHistory is 1.000000 for index 985046, 986/1000.
The last entry of errorHistory is 0.000354 for index 985047, 986/1000.
Terminated at swamp 0.5.
The last entry of errorHistory is 0.500321 for index 985048, 986/1000.
The last entry of errorHistory is 0.000062 for index 985049, 986/1000.
Terminated at swamp 0.5.
The last entry of errorHistory is 0.500608 for index 985050, 986/1000.
The last entry of errorHistory is 1.000000 for index 985051, 986/1000.
Terminated at swamp 1.
The last entry of errorHistory is 1.000051 for index 985052, 986/1000.
The last entry of errorHistory is 1.000000 for index 985053, 986/1000.
Terminated at swamp 0.5.
The last entry of errorHistory is 0.500480 for index 985054, 986/1000.
Terminated at swamp 0.5.
The last entry of errorHistory is 0.500892 for index 985055, 986/1000.
The last entry of errorHistory is 0.500000 for index 985056, 986/1000.
Terminated at swamp 0.5.
The last entry of errorHistory is 0.500264 for index 985057, 986/1000.
Terminated at swamp 1.
The last entry of errorHistory is 1.000709 for index 985058, 986/1000.
The last entry of errorHistory is 1.000000 for index 985059, 986/1000.
The last entry of errorHistory is 0.003945 for index 985060, 986/1000.
Terminated at swamp 1.
The last entry of errorHistory is 1.000048 for index 985061, 986/1000.
Terminated at swamp 0.5.
The last entry of errorHistory is 0.500128 for index 985062, 986/1000.
Terminated at swamp 0.5.
The last entry of errorHistory is 0.500517 for index 985063, 986/1000.
Terminated at swamp 0.5.
The last entry of errorHistory is 0.500296 for index 985064, 986/1000.
The last entry of errorHistory is 0.500000 for index 985065, 986/1000.
Terminated at swamp 0.5.
The last entry of errorHistory is 0.500524 for index 985066, 986/1000.
The last entry of errorHistory is 1.000000 for index 985067, 986/1000.
Terminated at swamp 0.5.
The last entry of errorHistory is 0.500661 for index 985068, 986/1000.
Terminated at swamp 0.5.
The last entry of errorHistory is 0.500057 for index 985069, 986/1000.
Terminated at swamp 1.
The last entry of errorHistory is 1.000000 for index 985070, 986/1000.
The last entry of errorHistory is 0.000444 for index 985071, 986/1000.
Terminated at swamp 1.
The last entry of errorHistory is 1.000025 for index 985072, 986/1000.
Terminated at swamp 0.5.
The last entry of errorHistory is 0.500541 for index 985073, 986/1000.
The last entry of errorHistory is 1.000000 for index 985074, 986/1000.
Terminated at swamp 0.5.
The last entry of errorHistory is 0.500356 for index 985075, 986/1000.
Terminated at swamp 0.5.
The last entry of errorHistory is 0.500038 for index 985076, 986/1000.
Terminated at swamp 1.5.
The last entry of errorHistory is 1.500002 for index 985077, 986/1000.
The last entry of errorHistory is 1.000000 for index 985078, 986/1000.
Terminated at swamp 0.5.
The last entry of errorHistory is 0.500062 for index 985079, 986/1000.
Terminated at swamp 0.5.
The last entry of errorHistory is 0.500474 for index 985080, 986/1000.
Terminated at swamp 0.5.
The last entry of errorHistory is 0.500550 for index 985081, 986/1000.
Terminated at swamp 1.
The last entry of errorHistory is 1.000210 for index 985082, 986/1000.
The last entry of errorHistory is 1.000000 for index 985083, 986/1000.
The last entry of errorHistory is 0.000011 for index 985084, 986/1000.
Terminated at swamp 0.5.
The last entry of errorHistory is 0.500342 for index 985085, 986/1000.
The last entry of errorHistory is 1.000000 for index 985086, 986/1000.
Terminated at swamp 1.
The last entry of errorHistory is 1.000359 for index 985087, 986/1000.
The last entry of errorHistory is 0.000129 for index 985088, 986/1000.
Terminated at swamp 0.5.
The last entry of errorHistory is 0.500581 for index 985089, 986/1000.
Terminated at swamp 0.5.
The last entry of errorHistory is 0.500003 for index 985090, 986/1000.
Terminated at swamp 0.5.
The last entry of errorHistory is 0.500690 for index 985091, 986/1000.
Terminated at swamp 0.5.
The last entry of errorHistory is 0.500752 for index 985092, 986/1000.
Terminated at swamp 0.5.
The last entry of errorHistory is 0.500016 for index 985093, 986/1000.
Terminated at swamp 0.5.
The last entry of errorHistory is 0.500224 for index 985094, 986/1000.
Terminated at swamp 0.5.
The last entry of errorHistory is 0.500364 for index 985095, 986/1000.
Terminated at swamp 0.5.
The last entry of errorHistory is 0.500280 for index 985096, 986/1000.
The last entry of errorHistory is 0.000020 for index 985097, 986/1000.
Terminated at swamp 0.5.
The last entry of errorHistory is 0.500268 for index 985098, 986/1000.
Terminated at swamp 1.
The last entry of errorHistory is 0.999986 for index 985099, 986/1000.
Terminated at swamp 0.5.
The last entry of errorHistory is 0.500280 for index 985100, 986/1000.
Terminated at swamp 0.5.
The last entry of errorHistory is 0.500797 for index 985101, 986/1000.
Terminated at swamp 1.
The last entry of errorHistory is 1.000000 for index 985102, 986/1000.
Terminated at swamp 0.5.
The last entry of errorHistory is 0.500461 for index 985103, 986/1000.
The last entry of errorHistory is 0.000020 for index 985104, 986/1000.
Terminated at swamp 0.5.
The last entry of errorHistory is 0.500178 for index 985105, 986/1000.
Terminated at swamp 0.5.
The last entry of errorHistory is 0.500305 for index 985106, 986/1000.
Terminated at swamp 0.5.
The last entry of errorHistory is 0.500460 for index 985107, 986/1000.
The last entry of errorHistory is 0.000034 for index 985108, 986/1000.
The last entry of errorHistory is 1.000000 for index 985109, 986/1000.
Terminated at swamp 0.5.
The last entry of errorHistory is 0.500530 for index 985110, 986/1000.
The last entry of errorHistory is 1.000000 for index 985111, 986/1000.
The last entry of errorHistory is 1.500000 for index 985112, 986/1000.
Terminated at swamp 1.
The last entry of errorHistory is 1.000000 for index 985113, 986/1000.
Terminated at swamp 0.5.
The last entry of errorHistory is 0.500696 for index 985114, 986/1000.
The last entry of errorHistory is 1.000000 for index 985115, 986/1000.
Terminated at swamp 0.5.
The last entry of errorHistory is 0.500104 for index 985116, 986/1000.
Terminated at swamp 0.5.
The last entry of errorHistory is 0.500347 for index 985117, 986/1000.
Terminated at swamp 0.5.
The last entry of errorHistory is 0.500702 for index 985118, 986/1000.
Terminated at swamp 0.5.
The last entry of errorHistory is 0.500459 for index 985119, 986/1000.
Terminated at swamp 1.
The last entry of errorHistory is 1.000029 for index 985120, 986/1000.
Terminated at swamp 0.5.
The last entry of errorHistory is 0.500803 for index 985121, 986/1000.
The last entry of errorHistory is 0.000043 for index 985122, 986/1000.
The last entry of errorHistory is 0.500000 for index 985123, 986/1000.
Terminated at swamp 0.5.
The last entry of errorHistory is 0.500411 for index 985124, 986/1000.
Terminated at swamp 0.5.
The last entry of errorHistory is 0.500597 for index 985125, 986/1000.
Terminated at swamp 0.5.
The last entry of errorHistory is 0.500028 for index 985126, 986/1000.
Terminated at swamp 0.5.
The last entry of errorHistory is 0.500630 for index 985127, 986/1000.
The last entry of errorHistory is 0.000051 for index 985128, 986/1000.
The last entry of errorHistory is 1.000000 for index 985129, 986/1000.
Terminated at swamp 0.5.
The last entry of errorHistory is 0.500104 for index 985130, 986/1000.
Terminated at swamp 0.5.
The last entry of errorHistory is 0.500299 for index 985131, 986/1000.
Terminated at swamp 0.5.
The last entry of errorHistory is 0.500233 for index 985132, 986/1000.
Terminated at swamp 1.
The last entry of errorHistory is 1.000403 for index 985133, 986/1000.
Terminated at swamp 0.5.
The last entry of errorHistory is 0.500419 for index 985134, 986/1000.
Terminated at swamp 0.5.
The last entry of errorHistory is 0.500453 for index 985135, 986/1000.
Terminated at swamp 1.
The last entry of errorHistory is 1.000012 for index 985136, 986/1000.
The last entry of errorHistory is 1.000000 for index 985137, 986/1000.
The last entry of errorHistory is 1.000000 for index 985138, 986/1000.
Terminated at swamp 0.5.
The last entry of errorHistory is 0.500101 for index 985139, 986/1000.
Terminated at swamp 1.
The last entry of errorHistory is 1.000351 for index 985140, 986/1000.
Terminated at swamp 1.
The last entry of errorHistory is 1.000000 for index 985141, 986/1000.
Terminated at swamp 1.
The last entry of errorHistory is 1.000368 for index 985142, 986/1000.
Terminated at swamp 0.5.
The last entry of errorHistory is 0.500662 for index 985143, 986/1000.
Terminated at swamp 0.5.
The last entry of errorHistory is 0.500560 for index 985144, 986/1000.
The last entry of errorHistory is 0.000084 for index 985145, 986/1000.
Terminated at swamp 0.5.
The last entry of errorHistory is 0.500396 for index 985146, 986/1000.
Terminated at swamp 0.5.
The last entry of errorHistory is 0.500297 for index 985147, 986/1000.
Terminated at swamp 0.5.
The last entry of errorHistory is 0.500442 for index 985148, 986/1000.
The last entry of errorHistory is 1.000000 for index 985149, 986/1000.
The last entry of errorHistory is 1.000000 for index 985150, 986/1000.
Terminated at swamp 0.5.
The last entry of errorHistory is 0.500044 for index 985151, 986/1000.
Terminated at swamp 0.5.
The last entry of errorHistory is 0.500123 for index 985152, 986/1000.
Terminated at swamp 0.5.
The last entry of errorHistory is 0.500411 for index 985153, 986/1000.
The last entry of errorHistory is 1.000000 for index 985154, 986/1000.
Terminated at swamp 0.5.
The last entry of errorHistory is 0.500490 for index 985155, 986/1000.
The last entry of errorHistory is 0.000053 for index 985156, 986/1000.
Terminated at swamp 0.5.
The last entry of errorHistory is 0.500006 for index 985157, 986/1000.
Terminated at swamp 1.
The last entry of errorHistory is 1.000150 for index 985158, 986/1000.
Terminated at swamp 1.
The last entry of errorHistory is 1.000001 for index 985159, 986/1000.
The last entry of errorHistory is 0.000027 for index 985160, 986/1000.
The last entry of errorHistory is 1.000000 for index 985161, 986/1000.
Terminated at swamp 1.
The last entry of errorHistory is 1.000571 for index 985162, 986/1000.
The last entry of errorHistory is 1.000000 for index 985163, 986/1000.
Terminated at swamp 0.5.
The last entry of errorHistory is 0.500529 for index 985164, 986/1000.
The last entry of errorHistory is 0.000679 for index 985165, 986/1000.
Terminated at swamp 0.5.
The last entry of errorHistory is 0.500114 for index 985166, 986/1000.
Terminated at swamp 1.
The last entry of errorHistory is 1.000003 for index 985167, 986/1000.
Terminated at swamp 0.5.
The last entry of errorHistory is 0.500327 for index 985168, 986/1000.
Terminated at swamp 0.5.
The last entry of errorHistory is 0.500671 for index 985169, 986/1000.
Terminated at swamp 0.5.
The last entry of errorHistory is 0.500611 for index 985170, 986/1000.
Terminated at swamp 0.5.
The last entry of errorHistory is 0.500024 for index 985171, 986/1000.
Terminated at swamp 0.5.
The last entry of errorHistory is 0.500001 for index 985172, 986/1000.
The last entry of errorHistory is 0.500000 for index 985173, 986/1000.
The last entry of errorHistory is 0.500000 for index 985174, 986/1000.
The last entry of errorHistory is 0.000320 for index 985175, 986/1000.
Terminated at swamp 0.5.
The last entry of errorHistory is 0.500093 for index 985176, 986/1000.
Terminated at swamp 1.
The last entry of errorHistory is 1.000076 for index 985177, 986/1000.
Terminated at swamp 0.5.
The last entry of errorHistory is 0.500313 for index 985178, 986/1000.
Terminated at swamp 0.5.
The last entry of errorHistory is 0.500335 for index 985179, 986/1000.
Terminated at swamp 0.5.
The last entry of errorHistory is 0.500056 for index 985180, 986/1000.
Terminated at swamp 0.5.
The last entry of errorHistory is 0.500528 for index 985181, 986/1000.
The last entry of errorHistory is 0.000047 for index 985182, 986/1000.
Terminated at swamp 0.5.
The last entry of errorHistory is 0.500211 for index 985183, 986/1000.
Terminated at swamp 0.5.
The last entry of errorHistory is 0.500276 for index 985184, 986/1000.
The last entry of errorHistory is 0.000063 for index 985185, 986/1000.
Terminated at swamp 1.
The last entry of errorHistory is 1.000336 for index 985186, 986/1000.
Terminated at swamp 0.5.
The last entry of errorHistory is 0.500397 for index 985187, 986/1000.
Terminated at swamp 0.5.
The last entry of errorHistory is 0.500403 for index 985188, 986/1000.
The last entry of errorHistory is 0.000012 for index 985189, 986/1000.
Terminated at swamp 0.5.
The last entry of errorHistory is 0.500085 for index 985190, 986/1000.
The last entry of errorHistory is 0.000013 for index 985191, 986/1000.
Terminated at swamp 0.5.
The last entry of errorHistory is 0.500385 for index 985192, 986/1000.
Terminated at swamp 0.5.
The last entry of errorHistory is 0.500225 for index 985193, 986/1000.
Terminated at swamp 0.5.
The last entry of errorHistory is 0.500478 for index 985194, 986/1000.
Terminated at swamp 0.5.
The last entry of errorHistory is 0.500192 for index 985195, 986/1000.
Terminated at swamp 0.5.
The last entry of errorHistory is 0.500000 for index 985196, 986/1000.
The last entry of errorHistory is 0.500000 for index 985197, 986/1000.
The last entry of errorHistory is 0.000146 for index 985198, 986/1000.
Terminated at swamp 0.5.
The last entry of errorHistory is 0.500638 for index 985199, 986/1000.
Terminated at swamp 1.
The last entry of errorHistory is 1.000168 for index 985200, 986/1000.
The last entry of errorHistory is 0.500000 for index 985201, 986/1000.
The last entry of errorHistory is 0.500000 for index 985202, 986/1000.
The last entry of errorHistory is 1.000000 for index 985203, 986/1000.
The last entry of errorHistory is 1.000000 for index 985204, 986/1000.
The last entry of errorHistory is 1.500000 for index 985205, 986/1000.
Terminated at swamp 1.
The last entry of errorHistory is 1.000000 for index 985206, 986/1000.
The last entry of errorHistory is 1.000000 for index 985207, 986/1000.
Terminated at swamp 1.
The last entry of errorHistory is 1.000443 for index 985208, 986/1000.
Terminated at swamp 0.5.
The last entry of errorHistory is 0.500655 for index 985209, 986/1000.
Terminated at swamp 0.5.
The last entry of errorHistory is 0.500196 for index 985210, 986/1000.
Terminated at swamp 0.5.
The last entry of errorHistory is 0.500407 for index 985211, 986/1000.
Terminated at swamp 0.5.
The last entry of errorHistory is 0.500396 for index 985212, 986/1000.
Terminated at swamp 0.5.
The last entry of errorHistory is 0.500240 for index 985213, 986/1000.
Terminated at swamp 0.5.
The last entry of errorHistory is 0.500689 for index 985214, 986/1000.
The last entry of errorHistory is 1.000000 for index 985215, 986/1000.
The last entry of errorHistory is 0.000015 for index 985216, 986/1000.
Terminated at swamp 0.5.
The last entry of errorHistory is 0.500310 for index 985217, 986/1000.
The last entry of errorHistory is 1.000000 for index 985218, 986/1000.
Terminated at swamp 0.5.
The last entry of errorHistory is 0.500637 for index 985219, 986/1000.
Terminated at swamp 0.5.
The last entry of errorHistory is 0.500560 for index 985220, 986/1000.
The last entry of errorHistory is 0.000142 for index 985221, 986/1000.
Terminated at swamp 0.5.
The last entry of errorHistory is 0.500000 for index 985222, 986/1000.
Terminated at swamp 1.
The last entry of errorHistory is 1.000447 for index 985223, 986/1000.
Terminated at swamp 0.5.
The last entry of errorHistory is 0.500015 for index 985224, 986/1000.
Terminated at swamp 0.5.
The last entry of errorHistory is 0.500510 for index 985225, 986/1000.
Terminated at swamp 0.5.
The last entry of errorHistory is 0.500369 for index 985226, 986/1000.
Terminated at swamp 1.
The last entry of errorHistory is 1.000401 for index 985227, 986/1000.
The last entry of errorHistory is 1.000000 for index 985228, 986/1000.
Terminated at swamp 0.5.
The last entry of errorHistory is 0.500305 for index 985229, 986/1000.
The last entry of errorHistory is 1.000000 for index 985230, 986/1000.
Terminated at swamp 0.5.
The last entry of errorHistory is 0.500541 for index 985231, 986/1000.
Terminated at swamp 0.5.
The last entry of errorHistory is 0.500623 for index 985232, 986/1000.
Terminated at swamp 0.5.
The last entry of errorHistory is 0.500597 for index 985233, 986/1000.
Terminated at swamp 0.5.
The last entry of errorHistory is 0.500388 for index 985234, 986/1000.
The last entry of errorHistory is 1.000000 for index 985235, 986/1000.
Terminated at swamp 0.5.
The last entry of errorHistory is 0.500288 for index 985236, 986/1000.
Terminated at swamp 0.5.
The last entry of errorHistory is 0.500210 for index 985237, 986/1000.
Terminated at swamp 0.5.
The last entry of errorHistory is 0.500588 for index 985238, 986/1000.
Terminated at swamp 0.5.
The last entry of errorHistory is 0.500269 for index 985239, 986/1000.
Terminated at swamp 1.
The last entry of errorHistory is 1.000442 for index 985240, 986/1000.
Terminated at swamp 0.5.
The last entry of errorHistory is 0.500248 for index 985241, 986/1000.
Terminated at swamp 0.5.
The last entry of errorHistory is 0.500526 for index 985242, 986/1000.
Terminated at swamp 0.5.
The last entry of errorHistory is 0.500139 for index 985243, 986/1000.
The last entry of errorHistory is 0.500000 for index 985244, 986/1000.
Terminated at swamp 0.5.
The last entry of errorHistory is 0.500385 for index 985245, 986/1000.
Terminated at swamp 0.5.
The last entry of errorHistory is 0.500369 for index 985246, 986/1000.
Terminated at swamp 0.5.
The last entry of errorHistory is 0.500382 for index 985247, 986/1000.
The last entry of errorHistory is 0.000448 for index 985248, 986/1000.
Terminated at swamp 1.
The last entry of errorHistory is 1.000000 for index 985249, 986/1000.
Terminated at swamp 1.
The last entry of errorHistory is 1.000281 for index 985250, 986/1000.
Terminated at swamp 0.5.
The last entry of errorHistory is 0.500451 for index 985251, 986/1000.
The last entry of errorHistory is 1.000000 for index 985252, 986/1000.
The last entry of errorHistory is 1.000000 for index 985253, 986/1000.
The last entry of errorHistory is 0.000028 for index 985254, 986/1000.
Terminated at swamp 1.
The last entry of errorHistory is 1.000001 for index 985255, 986/1000.
Terminated at swamp 0.5.
The last entry of errorHistory is 0.500000 for index 985256, 986/1000.
Terminated at swamp 1.
The last entry of errorHistory is 1.000169 for index 985257, 986/1000.
Terminated at swamp 0.5.
The last entry of errorHistory is 0.500617 for index 985258, 986/1000.
The last entry of errorHistory is 1.000000 for index 985259, 986/1000.
Terminated at swamp 0.5.
The last entry of errorHistory is 0.500477 for index 985260, 986/1000.
Terminated at swamp 0.5.
The last entry of errorHistory is 0.500522 for index 985261, 986/1000.
Terminated at swamp 1.
The last entry of errorHistory is 1.000001 for index 985262, 986/1000.
Terminated at swamp 0.5.
The last entry of errorHistory is 0.500413 for index 985263, 986/1000.
Terminated at swamp 0.5.
The last entry of errorHistory is 0.500508 for index 985264, 986/1000.
Terminated at swamp 0.5.
The last entry of errorHistory is 0.500745 for index 985265, 986/1000.
Terminated at swamp 0.5.
The last entry of errorHistory is 0.500224 for index 985266, 986/1000.
Terminated at swamp 0.5.
The last entry of errorHistory is 0.500173 for index 985267, 986/1000.
The last entry of errorHistory is 0.000017 for index 985268, 986/1000.
The last entry of errorHistory is 1.000000 for index 985269, 986/1000.
The last entry of errorHistory is 1.000000 for index 985270, 986/1000.
The last entry of errorHistory is 1.000000 for index 985271, 986/1000.
Terminated at swamp 0.5.
The last entry of errorHistory is 0.500004 for index 985272, 986/1000.
Terminated at swamp 0.5.
The last entry of errorHistory is 0.500383 for index 985273, 986/1000.
Terminated at swamp 0.5.
The last entry of errorHistory is 0.500591 for index 985274, 986/1000.
Terminated at swamp 0.5.
The last entry of errorHistory is 0.500102 for index 985275, 986/1000.
Terminated at swamp 1.
The last entry of errorHistory is 1.000157 for index 985276, 986/1000.
The last entry of errorHistory is 0.000019 for index 985277, 986/1000.
Terminated at swamp 0.5.
The last entry of errorHistory is 0.500363 for index 985278, 986/1000.
Terminated at swamp 0.5.
The last entry of errorHistory is 0.500293 for index 985279, 986/1000.
Terminated at swamp 0.5.
The last entry of errorHistory is 0.500438 for index 985280, 986/1000.
The last entry of errorHistory is 0.000010 for index 985281, 986/1000.
The last entry of errorHistory is 0.000057 for index 985282, 986/1000.
Terminated at swamp 1.
The last entry of errorHistory is 1.000000 for index 985283, 986/1000.
Terminated at swamp 0.5.
The last entry of errorHistory is 0.500474 for index 985284, 986/1000.
Terminated at swamp 0.5.
The last entry of errorHistory is 0.500417 for index 985285, 986/1000.
Terminated at swamp 0.5.
The last entry of errorHistory is 0.500025 for index 985286, 986/1000.
The last entry of errorHistory is 1.000000 for index 985287, 986/1000.
Terminated at swamp 0.5.
The last entry of errorHistory is 0.500593 for index 985288, 986/1000.
Terminated at swamp 1.
The last entry of errorHistory is 1.000501 for index 985289, 986/1000.
Terminated at swamp 0.5.
The last entry of errorHistory is 0.500026 for index 985290, 986/1000.
Terminated at swamp 0.5.
The last entry of errorHistory is 0.500515 for index 985291, 986/1000.
Terminated at swamp 0.5.
The last entry of errorHistory is 0.500013 for index 985292, 986/1000.
Terminated at swamp 0.5.
The last entry of errorHistory is 0.500548 for index 985293, 986/1000.
Terminated at swamp 0.5.
The last entry of errorHistory is 0.500403 for index 985294, 986/1000.
The last entry of errorHistory is 1.000000 for index 985295, 986/1000.
Terminated at swamp 0.5.
The last entry of errorHistory is 0.500653 for index 985296, 986/1000.
The last entry of errorHistory is 0.000764 for index 985297, 986/1000.
The last entry of errorHistory is 0.000074 for index 985298, 986/1000.
Terminated at swamp 1.
The last entry of errorHistory is 1.000336 for index 985299, 986/1000.
The last entry of errorHistory is 1.000000 for index 985300, 986/1000.
The last entry of errorHistory is 1.000000 for index 985301, 986/1000.
Terminated at swamp 0.5.
The last entry of errorHistory is 0.500012 for index 985302, 986/1000.
The last entry of errorHistory is 1.000000 for index 985303, 986/1000.
Terminated at swamp 0.5.
The last entry of errorHistory is 0.500002 for index 985304, 986/1000.
Terminated at swamp 0.5.
The last entry of errorHistory is 0.500118 for index 985305, 986/1000.
Terminated at swamp 1.
The last entry of errorHistory is 1.000389 for index 985306, 986/1000.
Terminated at swamp 0.5.
The last entry of errorHistory is 0.500000 for index 985307, 986/1000.
Terminated at swamp 1.
The last entry of errorHistory is 1.000417 for index 985308, 986/1000.
Terminated at swamp 0.5.
The last entry of errorHistory is 0.500311 for index 985309, 986/1000.
Terminated at swamp 1.
The last entry of errorHistory is 1.000322 for index 985310, 986/1000.
Terminated at swamp 1.
The last entry of errorHistory is 1.000019 for index 985311, 986/1000.
The last entry of errorHistory is 0.500000 for index 985312, 986/1000.
The last entry of errorHistory is 1.000000 for index 985313, 986/1000.
Terminated at swamp 0.5.
The last entry of errorHistory is 0.500000 for index 985314, 986/1000.
The last entry of errorHistory is 1.000000 for index 985315, 986/1000.
Terminated at swamp 0.5.
The last entry of errorHistory is 0.500274 for index 985316, 986/1000.
Terminated at swamp 0.5.
The last entry of errorHistory is 0.500384 for index 985317, 986/1000.
The last entry of errorHistory is 0.000530 for index 985318, 986/1000.
The last entry of errorHistory is 0.500000 for index 985319, 986/1000.
The last entry of errorHistory is 0.000030 for index 985320, 986/1000.
Terminated at swamp 0.5.
The last entry of errorHistory is 0.500410 for index 985321, 986/1000.
The last entry of errorHistory is 1.500000 for index 985322, 986/1000.
Terminated at swamp 0.5.
The last entry of errorHistory is 0.500558 for index 985323, 986/1000.
Terminated at swamp 0.5.
The last entry of errorHistory is 0.500124 for index 985324, 986/1000.
The last entry of errorHistory is 0.000028 for index 985325, 986/1000.
Terminated at swamp 1.
The last entry of errorHistory is 1.000000 for index 985326, 986/1000.
Terminated at swamp 0.5.
The last entry of errorHistory is 0.500078 for index 985327, 986/1000.
Terminated at swamp 1.
The last entry of errorHistory is 1.000308 for index 985328, 986/1000.
Terminated at swamp 0.5.
The last entry of errorHistory is 0.500312 for index 985329, 986/1000.
The last entry of errorHistory is 1.500000 for index 985330, 986/1000.
Terminated at swamp 0.5.
The last entry of errorHistory is 0.500010 for index 985331, 986/1000.
The last entry of errorHistory is 0.001056 for index 985332, 986/1000.
Terminated at swamp 1.
The last entry of errorHistory is 1.000308 for index 985333, 986/1000.
Terminated at swamp 0.5.
The last entry of errorHistory is 0.500471 for index 985334, 986/1000.
The last entry of errorHistory is 1.000000 for index 985335, 986/1000.
Terminated at swamp 0.5.
The last entry of errorHistory is 0.500247 for index 985336, 986/1000.
The last entry of errorHistory is 0.500000 for index 985337, 986/1000.
Terminated at swamp 0.5.
The last entry of errorHistory is 0.500403 for index 985338, 986/1000.
Terminated at swamp 0.5.
The last entry of errorHistory is 0.500604 for index 985339, 986/1000.
The last entry of errorHistory is 1.000000 for index 985340, 986/1000.
The last entry of errorHistory is 1.000000 for index 985341, 986/1000.
The last entry of errorHistory is 0.000017 for index 985342, 986/1000.
Terminated at swamp 0.5.
The last entry of errorHistory is 0.500606 for index 985343, 986/1000.
The last entry of errorHistory is 1.500000 for index 985344, 986/1000.
Terminated at swamp 0.5.
The last entry of errorHistory is 0.500189 for index 985345, 986/1000.
Terminated at swamp 0.5.
The last entry of errorHistory is 0.500108 for index 985346, 986/1000.
The last entry of errorHistory is 1.500000 for index 985347, 986/1000.
The last entry of errorHistory is 0.000015 for index 985348, 986/1000.
Terminated at swamp 1.
The last entry of errorHistory is 1.000037 for index 985349, 986/1000.
Terminated at swamp 0.5.
The last entry of errorHistory is 0.500454 for index 985350, 986/1000.
Terminated at swamp 1.
The last entry of errorHistory is 1.000222 for index 985351, 986/1000.
Terminated at swamp 0.5.
The last entry of errorHistory is 0.500297 for index 985352, 986/1000.
The last entry of errorHistory is 0.500000 for index 985353, 986/1000.
Terminated at swamp 0.5.
The last entry of errorHistory is 0.500593 for index 985354, 986/1000.
Terminated at swamp 0.5.
The last entry of errorHistory is 0.500330 for index 985355, 986/1000.
The last entry of errorHistory is 1.000000 for index 985356, 986/1000.
Terminated at swamp 1.
The last entry of errorHistory is 1.000026 for index 985357, 986/1000.
The last entry of errorHistory is 1.000000 for index 985358, 986/1000.
The last entry of errorHistory is 1.500000 for index 985359, 986/1000.
Terminated at swamp 1.
The last entry of errorHistory is 1.000000 for index 985360, 986/1000.
The last entry of errorHistory is 1.000000 for index 985361, 986/1000.
Terminated at swamp 0.5.
The last entry of errorHistory is 0.500132 for index 985362, 986/1000.
Terminated at swamp 0.5.
The last entry of errorHistory is 0.500000 for index 985363, 986/1000.
Terminated at swamp 0.5.
The last entry of errorHistory is 0.500551 for index 985364, 986/1000.
Terminated at swamp 1.
The last entry of errorHistory is 1.000287 for index 985365, 986/1000.
Terminated at swamp 1.
The last entry of errorHistory is 1.000048 for index 985366, 986/1000.
The last entry of errorHistory is 0.000582 for index 985367, 986/1000.
The last entry of errorHistory is 0.000781 for index 985368, 986/1000.
Terminated at swamp 0.5.
The last entry of errorHistory is 0.500502 for index 985369, 986/1000.
Terminated at swamp 1.
The last entry of errorHistory is 1.000059 for index 985370, 986/1000.
Terminated at swamp 1.
The last entry of errorHistory is 1.000000 for index 985371, 986/1000.
Terminated at swamp 0.5.
The last entry of errorHistory is 0.500383 for index 985372, 986/1000.
Terminated at swamp 0.5.
The last entry of errorHistory is 0.500624 for index 985373, 986/1000.
Terminated at swamp 0.5.
The last entry of errorHistory is 0.500109 for index 985374, 986/1000.
Terminated at swamp 0.5.
The last entry of errorHistory is 0.500070 for index 985375, 986/1000.
Terminated at swamp 0.5.
The last entry of errorHistory is 0.500424 for index 985376, 986/1000.
The last entry of errorHistory is 0.000011 for index 985377, 986/1000.
Terminated at swamp 0.5.
The last entry of errorHistory is 0.500630 for index 985378, 986/1000.
Terminated at swamp 0.5.
The last entry of errorHistory is 0.500318 for index 985379, 986/1000.
The last entry of errorHistory is 0.500000 for index 985380, 986/1000.
Terminated at swamp 0.5.
The last entry of errorHistory is 0.500155 for index 985381, 986/1000.
The last entry of errorHistory is 0.000030 for index 985382, 986/1000.
Terminated at swamp 0.5.
The last entry of errorHistory is 0.500278 for index 985383, 986/1000.
Terminated at swamp 0.5.
The last entry of errorHistory is 0.500183 for index 985384, 986/1000.
The last entry of errorHistory is 0.500000 for index 985385, 986/1000.
The last entry of errorHistory is 1.000000 for index 985386, 986/1000.
Terminated at swamp 1.
The last entry of errorHistory is 0.999986 for index 985387, 986/1000.
Terminated at swamp 0.5.
The last entry of errorHistory is 0.500409 for index 985388, 986/1000.
Terminated at swamp 0.5.
The last entry of errorHistory is 0.500189 for index 985389, 986/1000.
Terminated at swamp 0.5.
The last entry of errorHistory is 0.500145 for index 985390, 986/1000.
Terminated at swamp 1.
The last entry of errorHistory is 1.000004 for index 985391, 986/1000.
Terminated at swamp 1.
The last entry of errorHistory is 1.000236 for index 985392, 986/1000.
The last entry of errorHistory is 0.500000 for index 985393, 986/1000.
Terminated at swamp 1.
The last entry of errorHistory is 1.000204 for index 985394, 986/1000.
The last entry of errorHistory is 0.000023 for index 985395, 986/1000.
The last entry of errorHistory is 1.000000 for index 985396, 986/1000.
Terminated at swamp 0.5.
The last entry of errorHistory is 0.500115 for index 985397, 986/1000.
The last entry of errorHistory is 0.000015 for index 985398, 986/1000.
The last entry of errorHistory is 1.000000 for index 985399, 986/1000.
The last entry of errorHistory is 1.500000 for index 985400, 986/1000.
Terminated at swamp 0.5.
The last entry of errorHistory is 0.500493 for index 985401, 986/1000.
The last entry of errorHistory is 0.000047 for index 985402, 986/1000.
Terminated at swamp 0.5.
The last entry of errorHistory is 0.500548 for index 985403, 986/1000.
Terminated at swamp 0.5.
The last entry of errorHistory is 0.500436 for index 985404, 986/1000.
Terminated at swamp 1.
The last entry of errorHistory is 1.000106 for index 985405, 986/1000.
The last entry of errorHistory is 0.000022 for index 985406, 986/1000.
Terminated at swamp 0.5.
The last entry of errorHistory is 0.500154 for index 985407, 986/1000.
Terminated at swamp 0.5.
The last entry of errorHistory is 0.500055 for index 985408, 986/1000.
Terminated at swamp 1.
The last entry of errorHistory is 1.000000 for index 985409, 986/1000.
Terminated at swamp 1.
The last entry of errorHistory is 1.000000 for index 985410, 986/1000.
Terminated at swamp 0.5.
The last entry of errorHistory is 0.500456 for index 985411, 986/1000.
The last entry of errorHistory is 1.000000 for index 985412, 986/1000.
Terminated at swamp 1.
The last entry of errorHistory is 1.000340 for index 985413, 986/1000.
Terminated at swamp 1.
The last entry of errorHistory is 1.000305 for index 985414, 986/1000.
The last entry of errorHistory is 0.000016 for index 985415, 986/1000.
The last entry of errorHistory is 1.000000 for index 985416, 986/1000.
Terminated at swamp 0.5.
The last entry of errorHistory is 0.500494 for index 985417, 986/1000.
The last entry of errorHistory is 0.000004 for index 985418, 986/1000.
Terminated at swamp 1.
The last entry of errorHistory is 1.000426 for index 985419, 986/1000.
Terminated at swamp 0.5.
The last entry of errorHistory is 0.500671 for index 985420, 986/1000.
The last entry of errorHistory is 0.000009 for index 985421, 986/1000.
Terminated at swamp 1.
The last entry of errorHistory is 1.000467 for index 985422, 986/1000.
Terminated at swamp 0.5.
The last entry of errorHistory is 0.500122 for index 985423, 986/1000.
Terminated at swamp 0.5.
The last entry of errorHistory is 0.500069 for index 985424, 986/1000.
Terminated at swamp 0.5.
The last entry of errorHistory is 0.500120 for index 985425, 986/1000.
Terminated at swamp 0.5.
The last entry of errorHistory is 0.500571 for index 985426, 986/1000.
Terminated at swamp 0.5.
The last entry of errorHistory is 0.500168 for index 985427, 986/1000.
Terminated at swamp 0.5.
The last entry of errorHistory is 0.500630 for index 985428, 986/1000.
Terminated at swamp 0.5.
The last entry of errorHistory is 0.500518 for index 985429, 986/1000.
Terminated at swamp 0.5.
The last entry of errorHistory is 0.500659 for index 985430, 986/1000.
Terminated at swamp 0.5.
The last entry of errorHistory is 0.500465 for index 985431, 986/1000.
Terminated at swamp 0.5.
The last entry of errorHistory is 0.500061 for index 985432, 986/1000.
Terminated at swamp 0.5.
The last entry of errorHistory is 0.500404 for index 985433, 986/1000.
Terminated at swamp 0.5.
The last entry of errorHistory is 0.500025 for index 985434, 986/1000.
Terminated at swamp 0.5.
The last entry of errorHistory is 0.500649 for index 985435, 986/1000.
Terminated at swamp 0.5.
The last entry of errorHistory is 0.500626 for index 985436, 986/1000.
The last entry of errorHistory is 1.000000 for index 985437, 986/1000.
Terminated at swamp 0.5.
The last entry of errorHistory is 0.500844 for index 985438, 986/1000.
Terminated at swamp 0.5.
The last entry of errorHistory is 0.500473 for index 985439, 986/1000.
Terminated at swamp 1.
The last entry of errorHistory is 1.000032 for index 985440, 986/1000.
The last entry of errorHistory is 1.000000 for index 985441, 986/1000.
Terminated at swamp 0.5.
The last entry of errorHistory is 0.500714 for index 985442, 986/1000.
Terminated at swamp 0.5.
The last entry of errorHistory is 0.500198 for index 985443, 986/1000.
Terminated at swamp 1.
The last entry of errorHistory is 1.000291 for index 985444, 986/1000.
Terminated at swamp 0.5.
The last entry of errorHistory is 0.500110 for index 985445, 986/1000.
Terminated at swamp 0.5.
The last entry of errorHistory is 0.500735 for index 985446, 986/1000.
Terminated at swamp 0.5.
The last entry of errorHistory is 0.500430 for index 985447, 986/1000.
The last entry of errorHistory is 1.000000 for index 985448, 986/1000.
Terminated at swamp 0.5.
The last entry of errorHistory is 0.500050 for index 985449, 986/1000.
Terminated at swamp 1.
The last entry of errorHistory is 1.000022 for index 985450, 986/1000.
Terminated at swamp 0.5.
The last entry of errorHistory is 0.500277 for index 985451, 986/1000.
Terminated at swamp 0.5.
The last entry of errorHistory is 0.500665 for index 985452, 986/1000.
The last entry of errorHistory is 1.000000 for index 985453, 986/1000.
Terminated at swamp 0.5.
The last entry of errorHistory is 0.500094 for index 985454, 986/1000.
Terminated at swamp 0.5.
The last entry of errorHistory is 0.500459 for index 985455, 986/1000.
Terminated at swamp 0.5.
The last entry of errorHistory is 0.500432 for index 985456, 986/1000.
The last entry of errorHistory is 0.000020 for index 985457, 986/1000.
Terminated at swamp 0.5.
The last entry of errorHistory is 0.500286 for index 985458, 986/1000.
Terminated at swamp 0.5.
The last entry of errorHistory is 0.500531 for index 985459, 986/1000.
Terminated at swamp 1.
The last entry of errorHistory is 1.000407 for index 985460, 986/1000.
The last entry of errorHistory is 0.000017 for index 985461, 986/1000.
Terminated at swamp 1.
The last entry of errorHistory is 1.000000 for index 985462, 986/1000.
The last entry of errorHistory is 0.000038 for index 985463, 986/1000.
Terminated at swamp 0.5.
The last entry of errorHistory is 0.500000 for index 985464, 986/1000.
Terminated at swamp 0.5.
The last entry of errorHistory is 0.500374 for index 985465, 986/1000.
Terminated at swamp 1.
The last entry of errorHistory is 1.000210 for index 985466, 986/1000.
Terminated at swamp 0.5.
The last entry of errorHistory is 0.500061 for index 985467, 986/1000.
The last entry of errorHistory is 1.000000 for index 985468, 986/1000.
Terminated at swamp 0.5.
The last entry of errorHistory is 0.500134 for index 985469, 986/1000.
The last entry of errorHistory is 0.500000 for index 985470, 986/1000.
The last entry of errorHistory is 0.500000 for index 985471, 986/1000.
Terminated at swamp 0.5.
The last entry of errorHistory is 0.500318 for index 985472, 986/1000.
Terminated at swamp 0.5.
The last entry of errorHistory is 0.500193 for index 985473, 986/1000.
The last entry of errorHistory is 0.000058 for index 985474, 986/1000.
Terminated at swamp 1.
The last entry of errorHistory is 1.000152 for index 985475, 986/1000.
The last entry of errorHistory is 1.500000 for index 985476, 986/1000.
The last entry of errorHistory is 1.000000 for index 985477, 986/1000.
Terminated at swamp 1.
The last entry of errorHistory is 1.000061 for index 985478, 986/1000.
The last entry of errorHistory is 1.000000 for index 985479, 986/1000.
Terminated at swamp 0.5.
The last entry of errorHistory is 0.500563 for index 985480, 986/1000.
Terminated at swamp 0.5.
The last entry of errorHistory is 0.499886 for index 985481, 986/1000.
Terminated at swamp 1.
The last entry of errorHistory is 1.000046 for index 985482, 986/1000.
The last entry of errorHistory is 1.000000 for index 985483, 986/1000.
Terminated at swamp 0.5.
The last entry of errorHistory is 0.500228 for index 985484, 986/1000.
The last entry of errorHistory is 1.000000 for index 985485, 986/1000.
The last entry of errorHistory is 1.000000 for index 985486, 986/1000.
Terminated at swamp 0.5.
The last entry of errorHistory is 0.500214 for index 985487, 986/1000.
Terminated at swamp 0.5.
The last entry of errorHistory is 0.500067 for index 985488, 986/1000.
Terminated at swamp 1.
The last entry of errorHistory is 1.000000 for index 985489, 986/1000.
Terminated at swamp 0.5.
The last entry of errorHistory is 0.500080 for index 985490, 986/1000.
Terminated at swamp 0.5.
The last entry of errorHistory is 0.500010 for index 985491, 986/1000.
Terminated at swamp 1.
The last entry of errorHistory is 1.000006 for index 985492, 986/1000.
The last entry of errorHistory is 1.000000 for index 985493, 986/1000.
Terminated at swamp 0.5.
The last entry of errorHistory is 0.500012 for index 985494, 986/1000.
The last entry of errorHistory is 0.000106 for index 985495, 986/1000.
Terminated at swamp 0.5.
The last entry of errorHistory is 0.500351 for index 985496, 986/1000.
Terminated at swamp 0.5.
The last entry of errorHistory is 0.500296 for index 985497, 986/1000.
The last entry of errorHistory is 0.000034 for index 985498, 986/1000.
Terminated at swamp 0.5.
The last entry of errorHistory is 0.500342 for index 985499, 986/1000.
Terminated at swamp 0.5.
The last entry of errorHistory is 0.500491 for index 985500, 986/1000.
Terminated at swamp 0.5.
The last entry of errorHistory is 0.500330 for index 985501, 986/1000.
Terminated at swamp 0.5.
The last entry of errorHistory is 0.500162 for index 985502, 986/1000.
The last entry of errorHistory is 0.500000 for index 985503, 986/1000.
Terminated at swamp 1.
The last entry of errorHistory is 1.000344 for index 985504, 986/1000.
Terminated at swamp 0.5.
The last entry of errorHistory is 0.500096 for index 985505, 986/1000.
Terminated at swamp 0.5.
The last entry of errorHistory is 0.500643 for index 985506, 986/1000.
The last entry of errorHistory is 1.500000 for index 985507, 986/1000.
Terminated at swamp 0.5.
The last entry of errorHistory is 0.500343 for index 985508, 986/1000.
Terminated at swamp 0.5.
The last entry of errorHistory is 0.500650 for index 985509, 986/1000.
Terminated at swamp 0.5.
The last entry of errorHistory is 0.500711 for index 985510, 986/1000.
Terminated at swamp 0.5.
The last entry of errorHistory is 0.500330 for index 985511, 986/1000.
The last entry of errorHistory is 1.000000 for index 985512, 986/1000.
The last entry of errorHistory is 0.500000 for index 985513, 986/1000.
Terminated at swamp 0.5.
The last entry of errorHistory is 0.500014 for index 985514, 986/1000.
Terminated at swamp 1.
The last entry of errorHistory is 1.000007 for index 985515, 986/1000.
Terminated at swamp 0.5.
The last entry of errorHistory is 0.500400 for index 985516, 986/1000.
Terminated at swamp 0.5.
The last entry of errorHistory is 0.500257 for index 985517, 986/1000.
Terminated at swamp 0.5.
The last entry of errorHistory is 0.500317 for index 985518, 986/1000.
Terminated at swamp 0.5.
The last entry of errorHistory is 0.500413 for index 985519, 986/1000.
Terminated at swamp 0.5.
The last entry of errorHistory is 0.500655 for index 985520, 986/1000.
The last entry of errorHistory is 1.000000 for index 985521, 986/1000.
Terminated at swamp 0.5.
The last entry of errorHistory is 0.500279 for index 985522, 986/1000.
Terminated at swamp 0.5.
The last entry of errorHistory is 0.500497 for index 985523, 986/1000.
Terminated at swamp 0.5.
The last entry of errorHistory is 0.500492 for index 985524, 986/1000.
Terminated at swamp 0.5.
The last entry of errorHistory is 0.500823 for index 985525, 986/1000.
The last entry of errorHistory is 0.000051 for index 985526, 986/1000.
Terminated at swamp 0.5.
The last entry of errorHistory is 0.500462 for index 985527, 986/1000.
Terminated at swamp 0.5.
The last entry of errorHistory is 0.500532 for index 985528, 986/1000.
Terminated at swamp 0.5.
The last entry of errorHistory is 0.500025 for index 985529, 986/1000.
The last entry of errorHistory is 0.500000 for index 985530, 986/1000.
Terminated at swamp 0.5.
The last entry of errorHistory is 0.500527 for index 985531, 986/1000.
Terminated at swamp 0.5.
The last entry of errorHistory is 0.500387 for index 985532, 986/1000.
The last entry of errorHistory is 1.000000 for index 985533, 986/1000.
Terminated at swamp 1.
The last entry of errorHistory is 1.000064 for index 985534, 986/1000.
Terminated at swamp 0.5.
The last entry of errorHistory is 0.500283 for index 985535, 986/1000.
The last entry of errorHistory is 0.000055 for index 985536, 986/1000.
The last entry of errorHistory is 1.000000 for index 985537, 986/1000.
Terminated at swamp 0.5.
The last entry of errorHistory is 0.500345 for index 985538, 986/1000.
Terminated at swamp 1.
The last entry of errorHistory is 1.000001 for index 985539, 986/1000.
The last entry of errorHistory is 0.000020 for index 985540, 986/1000.
Terminated at swamp 0.5.
The last entry of errorHistory is 0.500727 for index 985541, 986/1000.
The last entry of errorHistory is 0.000068 for index 985542, 986/1000.
Terminated at swamp 0.5.
The last entry of errorHistory is 0.500481 for index 985543, 986/1000.
Terminated at swamp 0.5.
The last entry of errorHistory is 0.500693 for index 985544, 986/1000.
Terminated at swamp 1.
The last entry of errorHistory is 1.000216 for index 985545, 986/1000.
Terminated at swamp 0.5.
The last entry of errorHistory is 0.500322 for index 985546, 986/1000.
Terminated at swamp 1.
The last entry of errorHistory is 1.000489 for index 985547, 986/1000.
Terminated at swamp 0.5.
The last entry of errorHistory is 0.500000 for index 985548, 986/1000.
Terminated at swamp 0.5.
The last entry of errorHistory is 0.500062 for index 985549, 986/1000.
The last entry of errorHistory is 0.500000 for index 985550, 986/1000.
Terminated at swamp 1.
The last entry of errorHistory is 1.000293 for index 985551, 986/1000.
The last entry of errorHistory is 0.500000 for index 985552, 986/1000.
The last entry of errorHistory is 0.000029 for index 985553, 986/1000.
Terminated at swamp 0.5.
The last entry of errorHistory is 0.500134 for index 985554, 986/1000.
The last entry of errorHistory is 0.000061 for index 985555, 986/1000.
Terminated at swamp 0.5.
The last entry of errorHistory is 0.500284 for index 985556, 986/1000.
Terminated at swamp 0.5.
The last entry of errorHistory is 0.500354 for index 985557, 986/1000.
The last entry of errorHistory is 1.000000 for index 985558, 986/1000.
Terminated at swamp 0.5.
The last entry of errorHistory is 0.500209 for index 985559, 986/1000.
Terminated at swamp 0.5.
The last entry of errorHistory is 0.500434 for index 985560, 986/1000.
The last entry of errorHistory is 0.000025 for index 985561, 986/1000.
Terminated at swamp 1.
The last entry of errorHistory is 1.000017 for index 985562, 986/1000.
The last entry of errorHistory is 0.500000 for index 985563, 986/1000.
The last entry of errorHistory is 1.000000 for index 985564, 986/1000.
Terminated at swamp 0.5.
The last entry of errorHistory is 0.500144 for index 985565, 986/1000.
Terminated at swamp 0.5.
The last entry of errorHistory is 0.500527 for index 985566, 986/1000.
The last entry of errorHistory is 1.000000 for index 985567, 986/1000.
Terminated at swamp 0.5.
The last entry of errorHistory is 0.500595 for index 985568, 986/1000.
Terminated at swamp 0.5.
The last entry of errorHistory is 0.500683 for index 985569, 986/1000.
Terminated at swamp 1.
The last entry of errorHistory is 1.000079 for index 985570, 986/1000.
The last entry of errorHistory is 0.000021 for index 985571, 986/1000.
The last entry of errorHistory is 1.000000 for index 985572, 986/1000.
Terminated at swamp 1.
The last entry of errorHistory is 1.000429 for index 985573, 986/1000.
Terminated at swamp 0.5.
The last entry of errorHistory is 0.500075 for index 985574, 986/1000.
The last entry of errorHistory is 0.000018 for index 985575, 986/1000.
Terminated at swamp 1.
The last entry of errorHistory is 1.000000 for index 985576, 986/1000.
Terminated at swamp 0.5.
The last entry of errorHistory is 0.500327 for index 985577, 986/1000.
Terminated at swamp 0.5.
The last entry of errorHistory is 0.500019 for index 985578, 986/1000.
Terminated at swamp 0.5.
The last entry of errorHistory is 0.500590 for index 985579, 986/1000.
The last entry of errorHistory is 1.000000 for index 985580, 986/1000.
Terminated at swamp 0.5.
The last entry of errorHistory is 0.500468 for index 985581, 986/1000.
The last entry of errorHistory is 1.000000 for index 985582, 986/1000.
Terminated at swamp 0.5.
The last entry of errorHistory is 0.500458 for index 985583, 986/1000.
Terminated at swamp 0.5.
The last entry of errorHistory is 0.500369 for index 985584, 986/1000.
Terminated at swamp 0.5.
The last entry of errorHistory is 0.500531 for index 985585, 986/1000.
Terminated at swamp 1.
The last entry of errorHistory is 1.000000 for index 985586, 986/1000.
Terminated at swamp 0.5.
The last entry of errorHistory is 0.500632 for index 985587, 986/1000.
The last entry of errorHistory is 1.000000 for index 985588, 986/1000.
Terminated at swamp 1.
The last entry of errorHistory is 1.000000 for index 985589, 986/1000.
Terminated at swamp 0.5.
The last entry of errorHistory is 0.500578 for index 985590, 986/1000.
Terminated at swamp 1.
The last entry of errorHistory is 1.000091 for index 985591, 986/1000.
Terminated at swamp 0.5.
The last entry of errorHistory is 0.500298 for index 985592, 986/1000.
Terminated at swamp 0.5.
The last entry of errorHistory is 0.500396 for index 985593, 986/1000.
The last entry of errorHistory is 0.000021 for index 985594, 986/1000.
Terminated at swamp 0.5.
The last entry of errorHistory is 0.500381 for index 985595, 986/1000.
Terminated at swamp 0.5.
The last entry of errorHistory is 0.500049 for index 985596, 986/1000.
Terminated at swamp 0.5.
The last entry of errorHistory is 0.500400 for index 985597, 986/1000.
Terminated at swamp 0.5.
The last entry of errorHistory is 0.500249 for index 985598, 986/1000.
The last entry of errorHistory is 1.000000 for index 985599, 986/1000.
The last entry of errorHistory is 0.000015 for index 985600, 986/1000.
The last entry of errorHistory is 1.000000 for index 985601, 986/1000.
The last entry of errorHistory is 0.000009 for index 985602, 986/1000.
The last entry of errorHistory is 0.000927 for index 985603, 986/1000.
The last entry of errorHistory is 1.000000 for index 985604, 986/1000.
The last entry of errorHistory is 0.500000 for index 985605, 986/1000.
Terminated at swamp 0.5.
The last entry of errorHistory is 0.500206 for index 985606, 986/1000.
Terminated at swamp 0.5.
The last entry of errorHistory is 0.500163 for index 985607, 986/1000.
Terminated at swamp 0.5.
The last entry of errorHistory is 0.500398 for index 985608, 986/1000.
Terminated at swamp 0.5.
The last entry of errorHistory is 0.500387 for index 985609, 986/1000.
Terminated at swamp 0.5.
The last entry of errorHistory is 0.500600 for index 985610, 986/1000.
Terminated at swamp 0.5.
The last entry of errorHistory is 0.500216 for index 985611, 986/1000.
The last entry of errorHistory is 1.000000 for index 985612, 986/1000.
Terminated at swamp 1.
The last entry of errorHistory is 1.000000 for index 985613, 986/1000.
Terminated at swamp 0.5.
The last entry of errorHistory is 0.500082 for index 985614, 986/1000.
Terminated at swamp 0.5.
The last entry of errorHistory is 0.500004 for index 985615, 986/1000.
The last entry of errorHistory is 0.000041 for index 985616, 986/1000.
Terminated at swamp 0.5.
The last entry of errorHistory is 0.500286 for index 985617, 986/1000.
Terminated at swamp 0.5.
The last entry of errorHistory is 0.500648 for index 985618, 986/1000.
Terminated at swamp 0.5.
The last entry of errorHistory is 0.500387 for index 985619, 986/1000.
Terminated at swamp 0.5.
The last entry of errorHistory is 0.500122 for index 985620, 986/1000.
Terminated at swamp 0.5.
The last entry of errorHistory is 0.500493 for index 985621, 986/1000.
The last entry of errorHistory is 0.000038 for index 985622, 986/1000.
The last entry of errorHistory is 0.000244 for index 985623, 986/1000.
Terminated at swamp 0.5.
The last entry of errorHistory is 0.500322 for index 985624, 986/1000.
Terminated at swamp 0.5.
The last entry of errorHistory is 0.500305 for index 985625, 986/1000.
The last entry of errorHistory is 1.000000 for index 985626, 986/1000.
The last entry of errorHistory is 1.500000 for index 985627, 986/1000.
Terminated at swamp 1.
The last entry of errorHistory is 1.000001 for index 985628, 986/1000.
The last entry of errorHistory is 1.000000 for index 985629, 986/1000.
Terminated at swamp 1.
The last entry of errorHistory is 1.000000 for index 985630, 986/1000.
The last entry of errorHistory is 0.500000 for index 985631, 986/1000.
The last entry of errorHistory is 0.000072 for index 985632, 986/1000.
Terminated at swamp 0.5.
The last entry of errorHistory is 0.500110 for index 985633, 986/1000.
The last entry of errorHistory is 1.000000 for index 985634, 986/1000.
The last entry of errorHistory is 1.000000 for index 985635, 986/1000.
The last entry of errorHistory is 1.000000 for index 985636, 986/1000.
Terminated at swamp 0.5.
The last entry of errorHistory is 0.500606 for index 985637, 986/1000.
The last entry of errorHistory is 0.500000 for index 985638, 986/1000.
Terminated at swamp 0.5.
The last entry of errorHistory is 0.500053 for index 985639, 986/1000.
Terminated at swamp 0.5.
The last entry of errorHistory is 0.500225 for index 985640, 986/1000.
The last entry of errorHistory is 0.500000 for index 985641, 986/1000.
The last entry of errorHistory is 1.500000 for index 985642, 986/1000.
Terminated at swamp 0.5.
The last entry of errorHistory is 0.500427 for index 985643, 986/1000.
Terminated at swamp 1.
The last entry of errorHistory is 1.000105 for index 985644, 986/1000.
Terminated at swamp 0.5.
The last entry of errorHistory is 0.500660 for index 985645, 986/1000.
Terminated at swamp 1.
The last entry of errorHistory is 1.000000 for index 985646, 986/1000.
Terminated at swamp 0.5.
The last entry of errorHistory is 0.500330 for index 985647, 986/1000.
The last entry of errorHistory is 0.000146 for index 985648, 986/1000.
Terminated at swamp 0.5.
The last entry of errorHistory is 0.500081 for index 985649, 986/1000.
Terminated at swamp 1.
The last entry of errorHistory is 1.000307 for index 985650, 986/1000.
Terminated at swamp 0.5.
The last entry of errorHistory is 0.500362 for index 985651, 986/1000.
Terminated at swamp 0.5.
The last entry of errorHistory is 0.500336 for index 985652, 986/1000.
The last entry of errorHistory is 0.500000 for index 985653, 986/1000.
Terminated at swamp 0.5.
The last entry of errorHistory is 0.500369 for index 985654, 986/1000.
Terminated at swamp 0.5.
The last entry of errorHistory is 0.500010 for index 985655, 986/1000.
Terminated at swamp 0.5.
The last entry of errorHistory is 0.500575 for index 985656, 986/1000.
Terminated at swamp 1.
The last entry of errorHistory is 1.000000 for index 985657, 986/1000.
Terminated at swamp 0.5.
The last entry of errorHistory is 0.500392 for index 985658, 986/1000.
Terminated at swamp 0.5.
The last entry of errorHistory is 0.500441 for index 985659, 986/1000.
Terminated at swamp 0.5.
The last entry of errorHistory is 0.500440 for index 985660, 986/1000.
Terminated at swamp 0.5.
The last entry of errorHistory is 0.500450 for index 985661, 986/1000.
The last entry of errorHistory is 0.500000 for index 985662, 986/1000.
Terminated at swamp 0.5.
The last entry of errorHistory is 0.500353 for index 985663, 986/1000.
Terminated at swamp 0.5.
The last entry of errorHistory is 0.500107 for index 985664, 986/1000.
The last entry of errorHistory is 0.000019 for index 985665, 986/1000.
Terminated at swamp 0.5.
The last entry of errorHistory is 0.500136 for index 985666, 986/1000.
Terminated at swamp 0.5.
The last entry of errorHistory is 0.500512 for index 985667, 986/1000.
Terminated at swamp 1.
The last entry of errorHistory is 1.000218 for index 985668, 986/1000.
Terminated at swamp 0.5.
The last entry of errorHistory is 0.500497 for index 985669, 986/1000.
The last entry of errorHistory is 0.500000 for index 985670, 986/1000.
Terminated at swamp 0.5.
The last entry of errorHistory is 0.500660 for index 985671, 986/1000.
Terminated at swamp 0.5.
The last entry of errorHistory is 0.500000 for index 985672, 986/1000.
Terminated at swamp 1.
The last entry of errorHistory is 1.000057 for index 985673, 986/1000.
Terminated at swamp 0.5.
The last entry of errorHistory is 0.500239 for index 985674, 986/1000.
Terminated at swamp 0.5.
The last entry of errorHistory is 0.500034 for index 985675, 986/1000.
Terminated at swamp 1.
The last entry of errorHistory is 1.000000 for index 985676, 986/1000.
Terminated at swamp 0.5.
The last entry of errorHistory is 0.500366 for index 985677, 986/1000.
The last entry of errorHistory is 1.500000 for index 985678, 986/1000.
Terminated at swamp 0.5.
The last entry of errorHistory is 0.500259 for index 985679, 986/1000.
Terminated at swamp 0.5.
The last entry of errorHistory is 0.500325 for index 985680, 986/1000.
Terminated at swamp 0.5.
The last entry of errorHistory is 0.500379 for index 985681, 986/1000.
Terminated at swamp 1.
The last entry of errorHistory is 1.000156 for index 985682, 986/1000.
Terminated at swamp 0.5.
The last entry of errorHistory is 0.500396 for index 985683, 986/1000.
Terminated at swamp 1.
The last entry of errorHistory is 1.000014 for index 985684, 986/1000.
Terminated at swamp 0.5.
The last entry of errorHistory is 0.500294 for index 985685, 986/1000.
The last entry of errorHistory is 1.000000 for index 985686, 986/1000.
The last entry of errorHistory is 1.500000 for index 985687, 986/1000.
Terminated at swamp 1.
The last entry of errorHistory is 1.000005 for index 985688, 986/1000.
Terminated at swamp 0.5.
The last entry of errorHistory is 0.500411 for index 985689, 986/1000.
The last entry of errorHistory is 1.000000 for index 985690, 986/1000.
Terminated at swamp 0.5.
The last entry of errorHistory is 0.500290 for index 985691, 986/1000.
Terminated at swamp 0.5.
The last entry of errorHistory is 0.500177 for index 985692, 986/1000.
The last entry of errorHistory is 0.000017 for index 985693, 986/1000.
Terminated at swamp 0.5.
The last entry of errorHistory is 0.500030 for index 985694, 986/1000.
Terminated at swamp 1.
The last entry of errorHistory is 0.999848 for index 985695, 986/1000.
Terminated at swamp 0.5.
The last entry of errorHistory is 0.500002 for index 985696, 986/1000.
Terminated at swamp 0.5.
The last entry of errorHistory is 0.500412 for index 985697, 986/1000.
Terminated at swamp 0.5.
The last entry of errorHistory is 0.500277 for index 985698, 986/1000.
The last entry of errorHistory is 1.000000 for index 985699, 986/1000.
Terminated at swamp 0.5.
The last entry of errorHistory is 0.500155 for index 985700, 986/1000.
Terminated at swamp 0.5.
The last entry of errorHistory is 0.500471 for index 985701, 986/1000.
The last entry of errorHistory is 1.000000 for index 985702, 986/1000.
The last entry of errorHistory is 0.000021 for index 985703, 986/1000.
The last entry of errorHistory is 1.000000 for index 985704, 986/1000.
Terminated at swamp 0.5.
The last entry of errorHistory is 0.500081 for index 985705, 986/1000.
The last entry of errorHistory is 0.000012 for index 985706, 986/1000.
The last entry of errorHistory is 1.500000 for index 985707, 986/1000.
Terminated at swamp 0.5.
The last entry of errorHistory is 0.500009 for index 985708, 986/1000.
Terminated at swamp 0.5.
The last entry of errorHistory is 0.500288 for index 985709, 986/1000.
The last entry of errorHistory is 1.000000 for index 985710, 986/1000.
Terminated at swamp 0.5.
The last entry of errorHistory is 0.500320 for index 985711, 986/1000.
Terminated at swamp 0.5.
The last entry of errorHistory is 0.500467 for index 985712, 986/1000.
Terminated at swamp 0.5.
The last entry of errorHistory is 0.500535 for index 985713, 986/1000.
Terminated at swamp 1.
The last entry of errorHistory is 1.000268 for index 985714, 986/1000.
Terminated at swamp 0.5.
The last entry of errorHistory is 0.500592 for index 985715, 986/1000.
Terminated at swamp 0.5.
The last entry of errorHistory is 0.500357 for index 985716, 986/1000.
The last entry of errorHistory is 0.000787 for index 985717, 986/1000.
Terminated at swamp 0.5.
The last entry of errorHistory is 0.500714 for index 985718, 986/1000.
Terminated at swamp 0.5.
The last entry of errorHistory is 0.500625 for index 985719, 986/1000.
Terminated at swamp 1.
The last entry of errorHistory is 1.000000 for index 985720, 986/1000.
Terminated at swamp 1.
The last entry of errorHistory is 1.000001 for index 985721, 986/1000.
Terminated at swamp 1.
The last entry of errorHistory is 1.000219 for index 985722, 986/1000.
Terminated at swamp 1.
The last entry of errorHistory is 1.000080 for index 985723, 986/1000.
Terminated at swamp 0.5.
The last entry of errorHistory is 0.500410 for index 985724, 986/1000.
Terminated at swamp 1.
The last entry of errorHistory is 1.000240 for index 985725, 986/1000.
Terminated at swamp 0.5.
The last entry of errorHistory is 0.500080 for index 985726, 986/1000.
The last entry of errorHistory is 0.000015 for index 985727, 986/1000.
The last entry of errorHistory is 1.000000 for index 985728, 986/1000.
Terminated at swamp 1.
The last entry of errorHistory is 1.000039 for index 985729, 986/1000.
Terminated at swamp 0.5.
The last entry of errorHistory is 0.500001 for index 985730, 986/1000.
Terminated at swamp 1.
The last entry of errorHistory is 1.000000 for index 985731, 986/1000.
Terminated at swamp 0.5.
The last entry of errorHistory is 0.500267 for index 985732, 986/1000.
The last entry of errorHistory is 0.000034 for index 985733, 986/1000.
Terminated at swamp 0.5.
The last entry of errorHistory is 0.500026 for index 985734, 986/1000.
Terminated at swamp 0.5.
The last entry of errorHistory is 0.500041 for index 985735, 986/1000.
The last entry of errorHistory is 1.000000 for index 985736, 986/1000.
The last entry of errorHistory is 1.000000 for index 985737, 986/1000.
Terminated at swamp 0.5.
The last entry of errorHistory is 0.500329 for index 985738, 986/1000.
Terminated at swamp 0.5.
The last entry of errorHistory is 0.500360 for index 985739, 986/1000.
Terminated at swamp 0.5.
The last entry of errorHistory is 0.500176 for index 985740, 986/1000.
Terminated at swamp 0.5.
The last entry of errorHistory is 0.500518 for index 985741, 986/1000.
Terminated at swamp 0.5.
The last entry of errorHistory is 0.500238 for index 985742, 986/1000.
Terminated at swamp 0.5.
The last entry of errorHistory is 0.500088 for index 985743, 986/1000.
Terminated at swamp 0.5.
The last entry of errorHistory is 0.500421 for index 985744, 986/1000.
Terminated at swamp 1.
The last entry of errorHistory is 1.000251 for index 985745, 986/1000.
Terminated at swamp 0.5.
The last entry of errorHistory is 0.500048 for index 985746, 986/1000.
Terminated at swamp 1.
The last entry of errorHistory is 1.000047 for index 985747, 986/1000.
Terminated at swamp 0.5.
The last entry of errorHistory is 0.500280 for index 985748, 986/1000.
The last entry of errorHistory is 1.000000 for index 985749, 986/1000.
The last entry of errorHistory is 0.500000 for index 985750, 986/1000.
Terminated at swamp 0.5.
The last entry of errorHistory is 0.500430 for index 985751, 986/1000.
The last entry of errorHistory is 1.000000 for index 985752, 986/1000.
Terminated at swamp 0.5.
The last entry of errorHistory is 0.500696 for index 985753, 986/1000.
Terminated at swamp 1.
The last entry of errorHistory is 1.000000 for index 985754, 986/1000.
Terminated at swamp 0.5.
The last entry of errorHistory is 0.500652 for index 985755, 986/1000.
Terminated at swamp 0.5.
The last entry of errorHistory is 0.500379 for index 985756, 986/1000.
The last entry of errorHistory is 1.000000 for index 985757, 986/1000.
Terminated at swamp 0.5.
The last entry of errorHistory is 0.500485 for index 985758, 986/1000.
The last entry of errorHistory is 0.000024 for index 985759, 986/1000.
Terminated at swamp 0.5.
The last entry of errorHistory is 0.500212 for index 985760, 986/1000.
Terminated at swamp 0.5.
The last entry of errorHistory is 0.500608 for index 985761, 986/1000.
Terminated at swamp 0.5.
The last entry of errorHistory is 0.500424 for index 985762, 986/1000.
The last entry of errorHistory is 1.000000 for index 985763, 986/1000.
Terminated at swamp 0.5.
The last entry of errorHistory is 0.500173 for index 985764, 986/1000.
Terminated at swamp 0.5.
The last entry of errorHistory is 0.500493 for index 985765, 986/1000.
Terminated at swamp 1.
The last entry of errorHistory is 1.000003 for index 985766, 986/1000.
The last entry of errorHistory is 0.000016 for index 985767, 986/1000.
Terminated at swamp 0.5.
The last entry of errorHistory is 0.500116 for index 985768, 986/1000.
Terminated at swamp 0.5.
The last entry of errorHistory is 0.500687 for index 985769, 986/1000.
Terminated at swamp 1.
The last entry of errorHistory is 1.000409 for index 985770, 986/1000.
Terminated at swamp 0.5.
The last entry of errorHistory is 0.500051 for index 985771, 986/1000.
The last entry of errorHistory is 1.000000 for index 985772, 986/1000.
The last entry of errorHistory is 1.000000 for index 985773, 986/1000.
The last entry of errorHistory is 0.000017 for index 985774, 986/1000.
The last entry of errorHistory is 1.000000 for index 985775, 986/1000.
Terminated at swamp 1.5.
The last entry of errorHistory is 1.500000 for index 985776, 986/1000.
Terminated at swamp 1.
The last entry of errorHistory is 0.999855 for index 985777, 986/1000.
Terminated at swamp 1.
The last entry of errorHistory is 1.000058 for index 985778, 986/1000.
The last entry of errorHistory is 0.500000 for index 985779, 986/1000.
The last entry of errorHistory is 0.000081 for index 985780, 986/1000.
Terminated at swamp 0.5.
The last entry of errorHistory is 0.500548 for index 985781, 986/1000.
Terminated at swamp 0.5.
The last entry of errorHistory is 0.500534 for index 985782, 986/1000.
Terminated at swamp 0.5.
The last entry of errorHistory is 0.500475 for index 985783, 986/1000.
The last entry of errorHistory is 1.000000 for index 985784, 986/1000.
Terminated at swamp 0.5.
The last entry of errorHistory is 0.500425 for index 985785, 986/1000.
Terminated at swamp 0.5.
The last entry of errorHistory is 0.500666 for index 985786, 986/1000.
The last entry of errorHistory is 1.000000 for index 985787, 986/1000.
Terminated at swamp 0.5.
The last entry of errorHistory is 0.500116 for index 985788, 986/1000.
Terminated at swamp 1.
The last entry of errorHistory is 1.000056 for index 985789, 986/1000.
Terminated at swamp 0.5.
The last entry of errorHistory is 0.500129 for index 985790, 986/1000.
Terminated at swamp 0.5.
The last entry of errorHistory is 0.500664 for index 985791, 986/1000.
The last entry of errorHistory is 1.000000 for index 985792, 986/1000.
The last entry of errorHistory is 0.000038 for index 985793, 986/1000.
The last entry of errorHistory is 0.500000 for index 985794, 986/1000.
The last entry of errorHistory is 1.000000 for index 985795, 986/1000.
Terminated at swamp 0.5.
The last entry of errorHistory is 0.500285 for index 985796, 986/1000.
Terminated at swamp 0.5.
The last entry of errorHistory is 0.500621 for index 985797, 986/1000.
Terminated at swamp 1.
The last entry of errorHistory is 1.000056 for index 985798, 986/1000.
The last entry of errorHistory is 1.500000 for index 985799, 986/1000.
The last entry of errorHistory is 1.000000 for index 985800, 986/1000.
The last entry of errorHistory is 0.000018 for index 985801, 986/1000.
The last entry of errorHistory is 0.000021 for index 985802, 986/1000.
Terminated at swamp 0.5.
The last entry of errorHistory is 0.500131 for index 985803, 986/1000.
Terminated at swamp 0.5.
The last entry of errorHistory is 0.500373 for index 985804, 986/1000.
Terminated at swamp 0.5.
The last entry of errorHistory is 0.500462 for index 985805, 986/1000.
The last entry of errorHistory is 0.000068 for index 985806, 986/1000.
Terminated at swamp 1.
The last entry of errorHistory is 1.000280 for index 985807, 986/1000.
The last entry of errorHistory is 0.500000 for index 985808, 986/1000.
Terminated at swamp 0.5.
The last entry of errorHistory is 0.500382 for index 985809, 986/1000.
Terminated at swamp 1.
The last entry of errorHistory is 1.000000 for index 985810, 986/1000.
Terminated at swamp 1.
The last entry of errorHistory is 1.000526 for index 985811, 986/1000.
The last entry of errorHistory is 0.000093 for index 985812, 986/1000.
The last entry of errorHistory is 0.000017 for index 985813, 986/1000.
Terminated at swamp 1.
The last entry of errorHistory is 1.000310 for index 985814, 986/1000.
Terminated at swamp 0.5.
The last entry of errorHistory is 0.500512 for index 985815, 986/1000.
Terminated at swamp 0.5.
The last entry of errorHistory is 0.500538 for index 985816, 986/1000.
Terminated at swamp 0.5.
The last entry of errorHistory is 0.500562 for index 985817, 986/1000.
The last entry of errorHistory is 0.000026 for index 985818, 986/1000.
Terminated at swamp 0.5.
The last entry of errorHistory is 0.500653 for index 985819, 986/1000.
Terminated at swamp 0.5.
The last entry of errorHistory is 0.500507 for index 985820, 986/1000.
The last entry of errorHistory is 1.000000 for index 985821, 986/1000.
The last entry of errorHistory is 0.000011 for index 985822, 986/1000.
Terminated at swamp 0.5.
The last entry of errorHistory is 0.500230 for index 985823, 986/1000.
The last entry of errorHistory is 0.000019 for index 985824, 986/1000.
Terminated at swamp 0.5.
The last entry of errorHistory is 0.500575 for index 985825, 986/1000.
Terminated at swamp 0.5.
The last entry of errorHistory is 0.500565 for index 985826, 986/1000.
The last entry of errorHistory is 1.000000 for index 985827, 986/1000.
Terminated at swamp 0.5.
The last entry of errorHistory is 0.500021 for index 985828, 986/1000.
Terminated at swamp 0.5.
The last entry of errorHistory is 0.500528 for index 985829, 986/1000.
The last entry of errorHistory is 1.500000 for index 985830, 986/1000.
Terminated at swamp 0.5.
The last entry of errorHistory is 0.500570 for index 985831, 986/1000.
Terminated at swamp 1.
The last entry of errorHistory is 1.000000 for index 985832, 986/1000.
The last entry of errorHistory is 0.500000 for index 985833, 986/1000.
Terminated at swamp 0.5.
The last entry of errorHistory is 0.500348 for index 985834, 986/1000.
Terminated at swamp 0.5.
The last entry of errorHistory is 0.500513 for index 985835, 986/1000.
Terminated at swamp 0.5.
The last entry of errorHistory is 0.500391 for index 985836, 986/1000.
Terminated at swamp 1.
The last entry of errorHistory is 1.000073 for index 985837, 986/1000.
Terminated at swamp 0.5.
The last entry of errorHistory is 0.500450 for index 985838, 986/1000.
The last entry of errorHistory is 1.000000 for index 985839, 986/1000.
Terminated at swamp 0.5.
The last entry of errorHistory is 0.500444 for index 985840, 986/1000.
Terminated at swamp 0.5.
The last entry of errorHistory is 0.500100 for index 985841, 986/1000.
The last entry of errorHistory is 0.500000 for index 985842, 986/1000.
The last entry of errorHistory is 0.000100 for index 985843, 986/1000.
The last entry of errorHistory is 0.000024 for index 985844, 986/1000.
Terminated at swamp 0.5.
The last entry of errorHistory is 0.500246 for index 985845, 986/1000.
Terminated at swamp 0.5.
The last entry of errorHistory is 0.500361 for index 985846, 986/1000.
Terminated at swamp 0.5.
The last entry of errorHistory is 0.500508 for index 985847, 986/1000.
The last entry of errorHistory is 0.500000 for index 985848, 986/1000.
Terminated at swamp 0.5.
The last entry of errorHistory is 0.500468 for index 985849, 986/1000.
The last entry of errorHistory is 0.500000 for index 985850, 986/1000.
The last entry of errorHistory is 0.001973 for index 985851, 986/1000.
The last entry of errorHistory is 1.000000 for index 985852, 986/1000.
Terminated at swamp 0.5.
The last entry of errorHistory is 0.500638 for index 985853, 986/1000.
Terminated at swamp 1.
The last entry of errorHistory is 1.000340 for index 985854, 986/1000.
The last entry of errorHistory is 0.000017 for index 985855, 986/1000.
Terminated at swamp 0.5.
The last entry of errorHistory is 0.500613 for index 985856, 986/1000.
The last entry of errorHistory is 1.000000 for index 985857, 986/1000.
The last entry of errorHistory is 1.000000 for index 985858, 986/1000.
Terminated at swamp 0.5.
The last entry of errorHistory is 0.500484 for index 985859, 986/1000.
Terminated at swamp 0.5.
The last entry of errorHistory is 0.500666 for index 985860, 986/1000.
Terminated at swamp 1.
The last entry of errorHistory is 1.000000 for index 985861, 986/1000.
Terminated at swamp 0.5.
The last entry of errorHistory is 0.500318 for index 985862, 986/1000.
Terminated at swamp 0.5.
The last entry of errorHistory is 0.500530 for index 985863, 986/1000.
Terminated at swamp 1.
The last entry of errorHistory is 1.000000 for index 985864, 986/1000.
Terminated at swamp 0.5.
The last entry of errorHistory is 0.500606 for index 985865, 986/1000.
The last entry of errorHistory is 1.000000 for index 985866, 986/1000.
The last entry of errorHistory is 1.000000 for index 985867, 986/1000.
Terminated at swamp 0.5.
The last entry of errorHistory is 0.500429 for index 985868, 986/1000.
The last entry of errorHistory is 0.000035 for index 985869, 986/1000.
Terminated at swamp 0.5.
The last entry of errorHistory is 0.500284 for index 985870, 986/1000.
Terminated at swamp 0.5.
The last entry of errorHistory is 0.500540 for index 985871, 986/1000.
Terminated at swamp 0.5.
The last entry of errorHistory is 0.500273 for index 985872, 986/1000.
The last entry of errorHistory is 1.500000 for index 985873, 986/1000.
The last entry of errorHistory is 0.000510 for index 985874, 986/1000.
Terminated at swamp 1.5.
The last entry of errorHistory is 1.500000 for index 985875, 986/1000.
The last entry of errorHistory is 0.000016 for index 985876, 986/1000.
Terminated at swamp 0.5.
The last entry of errorHistory is 0.500563 for index 985877, 986/1000.
Terminated at swamp 0.5.
The last entry of errorHistory is 0.500523 for index 985878, 986/1000.
The last entry of errorHistory is 1.000000 for index 985879, 986/1000.
Terminated at swamp 0.5.
The last entry of errorHistory is 0.500276 for index 985880, 986/1000.
Terminated at swamp 1.5.
The last entry of errorHistory is 1.500517 for index 985881, 986/1000.
Terminated at swamp 0.5.
The last entry of errorHistory is 0.500125 for index 985882, 986/1000.
Terminated at swamp 0.5.
The last entry of errorHistory is 0.500408 for index 985883, 986/1000.
Terminated at swamp 0.5.
The last entry of errorHistory is 0.500394 for index 985884, 986/1000.
The last entry of errorHistory is 1.500000 for index 985885, 986/1000.
Terminated at swamp 1.
The last entry of errorHistory is 1.000002 for index 985886, 986/1000.
The last entry of errorHistory is 0.500000 for index 985887, 986/1000.
Terminated at swamp 0.5.
The last entry of errorHistory is 0.500660 for index 985888, 986/1000.
The last entry of errorHistory is 0.000016 for index 985889, 986/1000.
Terminated at swamp 0.5.
The last entry of errorHistory is 0.500033 for index 985890, 986/1000.
Terminated at swamp 1.
The last entry of errorHistory is 1.000207 for index 985891, 986/1000.
The last entry of errorHistory is 0.000044 for index 985892, 986/1000.
Terminated at swamp 0.5.
The last entry of errorHistory is 0.500317 for index 985893, 986/1000.
Terminated at swamp 0.5.
The last entry of errorHistory is 0.500397 for index 985894, 986/1000.
Terminated at swamp 0.5.
The last entry of errorHistory is 0.500359 for index 985895, 986/1000.
Terminated at swamp 0.5.
The last entry of errorHistory is 0.500411 for index 985896, 986/1000.
Terminated at swamp 0.5.
The last entry of errorHistory is 0.500499 for index 985897, 986/1000.
The last entry of errorHistory is 1.000000 for index 985898, 986/1000.
The last entry of errorHistory is 1.000000 for index 985899, 986/1000.
Terminated at swamp 0.5.
The last entry of errorHistory is 0.500590 for index 985900, 986/1000.
The last entry of errorHistory is 1.500000 for index 985901, 986/1000.
Terminated at swamp 1.
The last entry of errorHistory is 1.000000 for index 985902, 986/1000.
Terminated at swamp 0.5.
The last entry of errorHistory is 0.500408 for index 985903, 986/1000.
Terminated at swamp 0.5.
The last entry of errorHistory is 0.500089 for index 985904, 986/1000.
Terminated at swamp 0.5.
The last entry of errorHistory is 0.500586 for index 985905, 986/1000.
Terminated at swamp 1.
The last entry of errorHistory is 1.000115 for index 985906, 986/1000.
Terminated at swamp 0.5.
The last entry of errorHistory is 0.500396 for index 985907, 986/1000.
Terminated at swamp 0.5.
The last entry of errorHistory is 0.500344 for index 985908, 986/1000.
The last entry of errorHistory is 0.000029 for index 985909, 986/1000.
Terminated at swamp 1.
The last entry of errorHistory is 1.000005 for index 985910, 986/1000.
Terminated at swamp 0.5.
The last entry of errorHistory is 0.500638 for index 985911, 986/1000.
Terminated at swamp 1.
The last entry of errorHistory is 1.000125 for index 985912, 986/1000.
The last entry of errorHistory is 0.500000 for index 985913, 986/1000.
The last entry of errorHistory is 0.500000 for index 985914, 986/1000.
Terminated at swamp 0.5.
The last entry of errorHistory is 0.500248 for index 985915, 986/1000.
Terminated at swamp 0.5.
The last entry of errorHistory is 0.500449 for index 985916, 986/1000.
Terminated at swamp 0.5.
The last entry of errorHistory is 0.500018 for index 985917, 986/1000.
The last entry of errorHistory is 0.500000 for index 985918, 986/1000.
Terminated at swamp 0.5.
The last entry of errorHistory is 0.500598 for index 985919, 986/1000.
The last entry of errorHistory is 0.000008 for index 985920, 986/1000.
Terminated at swamp 0.5.
The last entry of errorHistory is 0.500682 for index 985921, 986/1000.
The last entry of errorHistory is 1.000000 for index 985922, 986/1000.
Terminated at swamp 0.5.
The last entry of errorHistory is 0.500080 for index 985923, 986/1000.
The last entry of errorHistory is 1.000000 for index 985924, 986/1000.
Terminated at swamp 0.5.
The last entry of errorHistory is 0.500313 for index 985925, 986/1000.
The last entry of errorHistory is 0.000813 for index 985926, 986/1000.
The last entry of errorHistory is 0.500000 for index 985927, 986/1000.
The last entry of errorHistory is 0.500000 for index 985928, 986/1000.
Terminated at swamp 0.5.
The last entry of errorHistory is 0.500149 for index 985929, 986/1000.
The last entry of errorHistory is 0.001641 for index 985930, 986/1000.
Terminated at swamp 1.
The last entry of errorHistory is 1.000169 for index 985931, 986/1000.
Terminated at swamp 1.
The last entry of errorHistory is 0.999724 for index 985932, 986/1000.
The last entry of errorHistory is 0.500000 for index 985933, 986/1000.
Terminated at swamp 0.5.
The last entry of errorHistory is 0.500615 for index 985934, 986/1000.
The last entry of errorHistory is 0.000080 for index 985935, 986/1000.
The last entry of errorHistory is 0.000292 for index 985936, 986/1000.
Terminated at swamp 1.
The last entry of errorHistory is 1.000000 for index 985937, 986/1000.
The last entry of errorHistory is 1.000000 for index 985938, 986/1000.
Terminated at swamp 0.5.
The last entry of errorHistory is 0.500342 for index 985939, 986/1000.
The last entry of errorHistory is 0.000056 for index 985940, 986/1000.
Terminated at swamp 0.5.
The last entry of errorHistory is 0.500072 for index 985941, 986/1000.
The last entry of errorHistory is 1.000000 for index 985942, 986/1000.
Terminated at swamp 0.5.
The last entry of errorHistory is 0.500083 for index 985943, 986/1000.
The last entry of errorHistory is 0.500000 for index 985944, 986/1000.
The last entry of errorHistory is 1.000000 for index 985945, 986/1000.
Terminated at swamp 0.5.
The last entry of errorHistory is 0.500480 for index 985946, 986/1000.
Terminated at swamp 0.5.
The last entry of errorHistory is 0.500289 for index 985947, 986/1000.
Terminated at swamp 0.5.
The last entry of errorHistory is 0.500460 for index 985948, 986/1000.
The last entry of errorHistory is 0.000487 for index 985949, 986/1000.
Terminated at swamp 1.
The last entry of errorHistory is 1.000235 for index 985950, 986/1000.
Terminated at swamp 0.5.
The last entry of errorHistory is 0.500294 for index 985951, 986/1000.
The last entry of errorHistory is 0.500000 for index 985952, 986/1000.
The last entry of errorHistory is 0.000050 for index 985953, 986/1000.
Terminated at swamp 0.5.
The last entry of errorHistory is 0.500937 for index 985954, 986/1000.
Terminated at swamp 0.5.
The last entry of errorHistory is 0.500063 for index 985955, 986/1000.
Terminated at swamp 0.5.
The last entry of errorHistory is 0.500389 for index 985956, 986/1000.
Terminated at swamp 0.5.
The last entry of errorHistory is 0.500535 for index 985957, 986/1000.
Terminated at swamp 1.
The last entry of errorHistory is 1.000387 for index 985958, 986/1000.
The last entry of errorHistory is 1.500000 for index 985959, 986/1000.
The last entry of errorHistory is 0.000039 for index 985960, 986/1000.
Terminated at swamp 0.5.
The last entry of errorHistory is 0.500006 for index 985961, 986/1000.
Terminated at swamp 1.
The last entry of errorHistory is 1.000573 for index 985962, 986/1000.
The last entry of errorHistory is 0.000012 for index 985963, 986/1000.
The last entry of errorHistory is 1.000000 for index 985964, 986/1000.
Terminated at swamp 0.5.
The last entry of errorHistory is 0.500309 for index 985965, 986/1000.
The last entry of errorHistory is 1.000000 for index 985966, 986/1000.
Terminated at swamp 1.
The last entry of errorHistory is 1.000135 for index 985967, 986/1000.
Terminated at swamp 0.5.
The last entry of errorHistory is 0.500268 for index 985968, 986/1000.
The last entry of errorHistory is 0.000020 for index 985969, 986/1000.
Terminated at swamp 0.5.
The last entry of errorHistory is 0.500093 for index 985970, 986/1000.
The last entry of errorHistory is 0.500000 for index 985971, 986/1000.
Terminated at swamp 0.5.
The last entry of errorHistory is 0.500667 for index 985972, 986/1000.
Terminated at swamp 0.5.
The last entry of errorHistory is 0.500549 for index 985973, 986/1000.
The last entry of errorHistory is 0.000011 for index 985974, 986/1000.
Terminated at swamp 0.5.
The last entry of errorHistory is 0.500451 for index 985975, 986/1000.
Terminated at swamp 1.
The last entry of errorHistory is 1.000000 for index 985976, 986/1000.
Terminated at swamp 0.5.
The last entry of errorHistory is 0.500096 for index 985977, 986/1000.
Terminated at swamp 0.5.
The last entry of errorHistory is 0.500632 for index 985978, 986/1000.
Terminated at swamp 0.5.
The last entry of errorHistory is 0.500626 for index 985979, 986/1000.
The last entry of errorHistory is 0.500000 for index 985980, 986/1000.
The last entry of errorHistory is 1.000000 for index 985981, 986/1000.
Terminated at swamp 0.5.
The last entry of errorHistory is 0.500503 for index 985982, 986/1000.
The last entry of errorHistory is 1.000000 for index 985983, 986/1000.
The last entry of errorHistory is 0.000022 for index 985984, 986/1000.
Terminated at swamp 1.
The last entry of errorHistory is 1.000351 for index 985985, 986/1000.
The last entry of errorHistory is 0.500000 for index 985986, 986/1000.
The last entry of errorHistory is 0.500000 for index 985987, 986/1000.
Terminated at swamp 0.5.
The last entry of errorHistory is 0.500495 for index 985988, 986/1000.
Terminated at swamp 1.
The last entry of errorHistory is 1.000001 for index 985989, 986/1000.
The last entry of errorHistory is 0.501090 for index 985990, 986/1000.
Terminated at swamp 0.5.
The last entry of errorHistory is 0.500501 for index 985991, 986/1000.
Terminated at swamp 1.
The last entry of errorHistory is 1.000301 for index 985992, 986/1000.
Terminated at swamp 0.5.
The last entry of errorHistory is 0.500036 for index 985993, 986/1000.
Terminated at swamp 0.5.
The last entry of errorHistory is 0.500413 for index 985994, 986/1000.
The last entry of errorHistory is 0.000032 for index 985995, 986/1000.
The last entry of errorHistory is 1.000000 for index 985996, 986/1000.
The last entry of errorHistory is 1.000000 for index 985997, 986/1000.
Terminated at swamp 0.5.
The last entry of errorHistory is 0.500449 for index 985998, 986/1000.
Terminated at swamp 0.5.
The last entry of errorHistory is 0.500388 for index 985999, 986/1000.
The last entry of errorHistory is 1.000000 for index 986000, 986/1000.
