
                            < M A T L A B (R) >
                  Copyright 1984-2018 The MathWorks, Inc.
                   R2018b (9.5.0.944444) 64-bit (glnxa64)
                              August 28, 2018

 
To get started, type doc.
For product information, visit www.mathworks.com.
 
Terminated at swamp 0.5.
The last entry of errorHistory is 0.500013 for index 997001, 998/1000.
Terminated at swamp 1.
The last entry of errorHistory is 1.000356 for index 997002, 998/1000.
Terminated at swamp 0.5.
The last entry of errorHistory is 0.500698 for index 997003, 998/1000.
Terminated at swamp 0.5.
The last entry of errorHistory is 0.500344 for index 997004, 998/1000.
Terminated at swamp 0.5.
The last entry of errorHistory is 0.500763 for index 997005, 998/1000.
Terminated at swamp 0.5.
The last entry of errorHistory is 0.500379 for index 997006, 998/1000.
Terminated at swamp 1.
The last entry of errorHistory is 1.000029 for index 997007, 998/1000.
Terminated at swamp 1.5.
The last entry of errorHistory is 1.500000 for index 997008, 998/1000.
The last entry of errorHistory is 0.000009 for index 997009, 998/1000.
The last entry of errorHistory is 1.000000 for index 997010, 998/1000.
Terminated at swamp 0.5.
The last entry of errorHistory is 0.500202 for index 997011, 998/1000.
Terminated at swamp 0.5.
The last entry of errorHistory is 0.500505 for index 997012, 998/1000.
Terminated at swamp 0.5.
The last entry of errorHistory is 0.500491 for index 997013, 998/1000.
Terminated at swamp 1.
The last entry of errorHistory is 1.000027 for index 997014, 998/1000.
The last entry of errorHistory is 0.000041 for index 997015, 998/1000.
Terminated at swamp 0.5.
The last entry of errorHistory is 0.500375 for index 997016, 998/1000.
The last entry of errorHistory is 0.000044 for index 997017, 998/1000.
Terminated at swamp 0.5.
The last entry of errorHistory is 0.500641 for index 997018, 998/1000.
The last entry of errorHistory is 0.000028 for index 997019, 998/1000.
The last entry of errorHistory is 0.000093 for index 997020, 998/1000.
The last entry of errorHistory is 1.500000 for index 997021, 998/1000.
Terminated at swamp 0.5.
The last entry of errorHistory is 0.500247 for index 997022, 998/1000.
Terminated at swamp 0.5.
The last entry of errorHistory is 0.500388 for index 997023, 998/1000.
Terminated at swamp 0.5.
The last entry of errorHistory is 0.500538 for index 997024, 998/1000.
Terminated at swamp 0.5.
The last entry of errorHistory is 0.500133 for index 997025, 998/1000.
Terminated at swamp 0.5.
The last entry of errorHistory is 0.500508 for index 997026, 998/1000.
Terminated at swamp 0.5.
The last entry of errorHistory is 0.500022 for index 997027, 998/1000.
Terminated at swamp 0.5.
The last entry of errorHistory is 0.500101 for index 997028, 998/1000.
The last entry of errorHistory is 1.000000 for index 997029, 998/1000.
Terminated at swamp 0.5.
The last entry of errorHistory is 0.500661 for index 997030, 998/1000.
Terminated at swamp 0.5.
The last entry of errorHistory is 0.500541 for index 997031, 998/1000.
Terminated at swamp 1.
The last entry of errorHistory is 1.000064 for index 997032, 998/1000.
Terminated at swamp 1.
The last entry of errorHistory is 1.000004 for index 997033, 998/1000.
The last entry of errorHistory is 0.000028 for index 997034, 998/1000.
The last entry of errorHistory is 0.000023 for index 997035, 998/1000.
Terminated at swamp 0.5.
The last entry of errorHistory is 0.500857 for index 997036, 998/1000.
Terminated at swamp 0.5.
The last entry of errorHistory is 0.500341 for index 997037, 998/1000.
Terminated at swamp 1.5.
The last entry of errorHistory is 1.500029 for index 997038, 998/1000.
The last entry of errorHistory is 0.000023 for index 997039, 998/1000.
Terminated at swamp 0.5.
The last entry of errorHistory is 0.500055 for index 997040, 998/1000.
Terminated at swamp 0.5.
The last entry of errorHistory is 0.500467 for index 997041, 998/1000.
Terminated at swamp 0.5.
The last entry of errorHistory is 0.500623 for index 997042, 998/1000.
The last entry of errorHistory is 1.000000 for index 997043, 998/1000.
Terminated at swamp 0.5.
The last entry of errorHistory is 0.500509 for index 997044, 998/1000.
Terminated at swamp 1.
The last entry of errorHistory is 1.000000 for index 997045, 998/1000.
Terminated at swamp 1.
The last entry of errorHistory is 1.000090 for index 997046, 998/1000.
Terminated at swamp 0.5.
The last entry of errorHistory is 0.500391 for index 997047, 998/1000.
The last entry of errorHistory is 0.500000 for index 997048, 998/1000.
The last entry of errorHistory is 1.000000 for index 997049, 998/1000.
Terminated at swamp 0.5.
The last entry of errorHistory is 0.500539 for index 997050, 998/1000.
The last entry of errorHistory is 1.500000 for index 997051, 998/1000.
Terminated at swamp 0.5.
The last entry of errorHistory is 0.500379 for index 997052, 998/1000.
Terminated at swamp 1.
The last entry of errorHistory is 1.000011 for index 997053, 998/1000.
Terminated at swamp 0.5.
The last entry of errorHistory is 0.500578 for index 997054, 998/1000.
Terminated at swamp 1.
The last entry of errorHistory is 1.000000 for index 997055, 998/1000.
Terminated at swamp 0.5.
The last entry of errorHistory is 0.500283 for index 997056, 998/1000.
Terminated at swamp 0.5.
The last entry of errorHistory is 0.500193 for index 997057, 998/1000.
Terminated at swamp 0.5.
The last entry of errorHistory is 0.500094 for index 997058, 998/1000.
Terminated at swamp 1.
The last entry of errorHistory is 1.000060 for index 997059, 998/1000.
The last entry of errorHistory is 1.500000 for index 997060, 998/1000.
Terminated at swamp 0.5.
The last entry of errorHistory is 0.500519 for index 997061, 998/1000.
Terminated at swamp 0.5.
The last entry of errorHistory is 0.500350 for index 997062, 998/1000.
The last entry of errorHistory is 0.001034 for index 997063, 998/1000.
The last entry of errorHistory is 0.000010 for index 997064, 998/1000.
Terminated at swamp 0.5.
The last entry of errorHistory is 0.500508 for index 997065, 998/1000.
Terminated at swamp 0.5.
The last entry of errorHistory is 0.500768 for index 997066, 998/1000.
Terminated at swamp 0.5.
The last entry of errorHistory is 0.500442 for index 997067, 998/1000.
Terminated at swamp 0.5.
The last entry of errorHistory is 0.500366 for index 997068, 998/1000.
Terminated at swamp 1.
The last entry of errorHistory is 1.000329 for index 997069, 998/1000.
Terminated at swamp 0.5.
The last entry of errorHistory is 0.500768 for index 997070, 998/1000.
Terminated at swamp 0.5.
The last entry of errorHistory is 0.500547 for index 997071, 998/1000.
The last entry of errorHistory is 0.500000 for index 997072, 998/1000.
The last entry of errorHistory is 0.003339 for index 997073, 998/1000.
The last entry of errorHistory is 0.000538 for index 997074, 998/1000.
Terminated at swamp 0.5.
The last entry of errorHistory is 0.500705 for index 997075, 998/1000.
Terminated at swamp 0.5.
The last entry of errorHistory is 0.500318 for index 997076, 998/1000.
The last entry of errorHistory is 1.000000 for index 997077, 998/1000.
Terminated at swamp 0.5.
The last entry of errorHistory is 0.500600 for index 997078, 998/1000.
The last entry of errorHistory is 0.000017 for index 997079, 998/1000.
Terminated at swamp 0.5.
The last entry of errorHistory is 0.500507 for index 997080, 998/1000.
The last entry of errorHistory is 1.000000 for index 997081, 998/1000.
Terminated at swamp 0.5.
The last entry of errorHistory is 0.500648 for index 997082, 998/1000.
Terminated at swamp 1.
The last entry of errorHistory is 1.000058 for index 997083, 998/1000.
Terminated at swamp 1.
The last entry of errorHistory is 1.000042 for index 997084, 998/1000.
Terminated at swamp 0.5.
The last entry of errorHistory is 0.500336 for index 997085, 998/1000.
Terminated at swamp 0.5.
The last entry of errorHistory is 0.500838 for index 997086, 998/1000.
Terminated at swamp 1.
The last entry of errorHistory is 1.000000 for index 997087, 998/1000.
Terminated at swamp 0.5.
The last entry of errorHistory is 0.500508 for index 997088, 998/1000.
Terminated at swamp 0.5.
The last entry of errorHistory is 0.500324 for index 997089, 998/1000.
The last entry of errorHistory is 0.000044 for index 997090, 998/1000.
Terminated at swamp 0.5.
The last entry of errorHistory is 0.500666 for index 997091, 998/1000.
The last entry of errorHistory is 0.000058 for index 997092, 998/1000.
Terminated at swamp 0.5.
The last entry of errorHistory is 0.500392 for index 997093, 998/1000.
The last entry of errorHistory is 0.000088 for index 997094, 998/1000.
Terminated at swamp 0.5.
The last entry of errorHistory is 0.500087 for index 997095, 998/1000.
Terminated at swamp 0.5.
The last entry of errorHistory is 0.500443 for index 997096, 998/1000.
Terminated at swamp 0.5.
The last entry of errorHistory is 0.500545 for index 997097, 998/1000.
The last entry of errorHistory is 1.000000 for index 997098, 998/1000.
Terminated at swamp 1.
The last entry of errorHistory is 1.000000 for index 997099, 998/1000.
Terminated at swamp 0.5.
The last entry of errorHistory is 0.500351 for index 997100, 998/1000.
Terminated at swamp 1.
The last entry of errorHistory is 1.000024 for index 997101, 998/1000.
The last entry of errorHistory is 0.500000 for index 997102, 998/1000.
Terminated at swamp 0.5.
The last entry of errorHistory is 0.500469 for index 997103, 998/1000.
The last entry of errorHistory is 1.000000 for index 997104, 998/1000.
Terminated at swamp 0.5.
The last entry of errorHistory is 0.500938 for index 997105, 998/1000.
Terminated at swamp 0.5.
The last entry of errorHistory is 0.500256 for index 997106, 998/1000.
The last entry of errorHistory is 0.500000 for index 997107, 998/1000.
Terminated at swamp 0.5.
The last entry of errorHistory is 0.500541 for index 997108, 998/1000.
Terminated at swamp 0.5.
The last entry of errorHistory is 0.500472 for index 997109, 998/1000.
The last entry of errorHistory is 0.000021 for index 997110, 998/1000.
The last entry of errorHistory is 1.000000 for index 997111, 998/1000.
Terminated at swamp 1.
The last entry of errorHistory is 1.000066 for index 997112, 998/1000.
Terminated at swamp 0.5.
The last entry of errorHistory is 0.500361 for index 997113, 998/1000.
Terminated at swamp 1.
The last entry of errorHistory is 1.000012 for index 997114, 998/1000.
Terminated at swamp 0.5.
The last entry of errorHistory is 0.500644 for index 997115, 998/1000.
Terminated at swamp 0.5.
The last entry of errorHistory is 0.500579 for index 997116, 998/1000.
Terminated at swamp 0.5.
The last entry of errorHistory is 0.500051 for index 997117, 998/1000.
Terminated at swamp 0.5.
The last entry of errorHistory is 0.500710 for index 997118, 998/1000.
Terminated at swamp 0.5.
The last entry of errorHistory is 0.500437 for index 997119, 998/1000.
Terminated at swamp 1.
The last entry of errorHistory is 1.000309 for index 997120, 998/1000.
The last entry of errorHistory is 1.500000 for index 997121, 998/1000.
Terminated at swamp 0.5.
The last entry of errorHistory is 0.500498 for index 997122, 998/1000.
Terminated at swamp 0.5.
The last entry of errorHistory is 0.500534 for index 997123, 998/1000.
Terminated at swamp 0.5.
The last entry of errorHistory is 0.500133 for index 997124, 998/1000.
Terminated at swamp 0.5.
The last entry of errorHistory is 0.500283 for index 997125, 998/1000.
The last entry of errorHistory is 1.000000 for index 997126, 998/1000.
Terminated at swamp 0.5.
The last entry of errorHistory is 0.500437 for index 997127, 998/1000.
Terminated at swamp 1.
The last entry of errorHistory is 1.000174 for index 997128, 998/1000.
Terminated at swamp 0.5.
The last entry of errorHistory is 0.500250 for index 997129, 998/1000.
The last entry of errorHistory is 0.000010 for index 997130, 998/1000.
Terminated at swamp 0.5.
The last entry of errorHistory is 0.500284 for index 997131, 998/1000.
Terminated at swamp 0.5.
The last entry of errorHistory is 0.500683 for index 997132, 998/1000.
Terminated at swamp 1.
The last entry of errorHistory is 1.000000 for index 997133, 998/1000.
The last entry of errorHistory is 1.000000 for index 997134, 998/1000.
Terminated at swamp 0.5.
The last entry of errorHistory is 0.500713 for index 997135, 998/1000.
Terminated at swamp 0.5.
The last entry of errorHistory is 0.500371 for index 997136, 998/1000.
The last entry of errorHistory is 0.000029 for index 997137, 998/1000.
Terminated at swamp 0.5.
The last entry of errorHistory is 0.500846 for index 997138, 998/1000.
Terminated at swamp 0.5.
The last entry of errorHistory is 0.500048 for index 997139, 998/1000.
Terminated at swamp 0.5.
The last entry of errorHistory is 0.500498 for index 997140, 998/1000.
Terminated at swamp 0.5.
The last entry of errorHistory is 0.500409 for index 997141, 998/1000.
Terminated at swamp 1.
The last entry of errorHistory is 1.000320 for index 997142, 998/1000.
Terminated at swamp 1.
The last entry of errorHistory is 1.000096 for index 997143, 998/1000.
Terminated at swamp 0.5.
The last entry of errorHistory is 0.500492 for index 997144, 998/1000.
Terminated at swamp 0.5.
The last entry of errorHistory is 0.500008 for index 997145, 998/1000.
The last entry of errorHistory is 1.000000 for index 997146, 998/1000.
Terminated at swamp 0.5.
The last entry of errorHistory is 0.500392 for index 997147, 998/1000.
The last entry of errorHistory is 1.000000 for index 997148, 998/1000.
Terminated at swamp 0.5.
The last entry of errorHistory is 0.500078 for index 997149, 998/1000.
The last entry of errorHistory is 0.500000 for index 997150, 998/1000.
Terminated at swamp 0.5.
The last entry of errorHistory is 0.500496 for index 997151, 998/1000.
The last entry of errorHistory is 1.000000 for index 997152, 998/1000.
The last entry of errorHistory is 1.000000 for index 997153, 998/1000.
The last entry of errorHistory is 0.500000 for index 997154, 998/1000.
Terminated at swamp 0.5.
The last entry of errorHistory is 0.500568 for index 997155, 998/1000.
The last entry of errorHistory is 1.000000 for index 997156, 998/1000.
The last entry of errorHistory is 0.000203 for index 997157, 998/1000.
Terminated at swamp 1.
The last entry of errorHistory is 1.000486 for index 997158, 998/1000.
Terminated at swamp 1.
The last entry of errorHistory is 1.000220 for index 997159, 998/1000.
Terminated at swamp 0.5.
The last entry of errorHistory is 0.500352 for index 997160, 998/1000.
The last entry of errorHistory is 1.000000 for index 997161, 998/1000.
Terminated at swamp 1.
The last entry of errorHistory is 1.000017 for index 997162, 998/1000.
Terminated at swamp 0.5.
The last entry of errorHistory is 0.500568 for index 997163, 998/1000.
The last entry of errorHistory is 1.000000 for index 997164, 998/1000.
Terminated at swamp 1.
The last entry of errorHistory is 1.000044 for index 997165, 998/1000.
Terminated at swamp 0.5.
The last entry of errorHistory is 0.500614 for index 997166, 998/1000.
Terminated at swamp 1.5.
The last entry of errorHistory is 1.499901 for index 997167, 998/1000.
Terminated at swamp 0.5.
The last entry of errorHistory is 0.500274 for index 997168, 998/1000.
Terminated at swamp 0.5.
The last entry of errorHistory is 0.500552 for index 997169, 998/1000.
Terminated at swamp 0.5.
The last entry of errorHistory is 0.500413 for index 997170, 998/1000.
Terminated at swamp 0.5.
The last entry of errorHistory is 0.500613 for index 997171, 998/1000.
Terminated at swamp 0.5.
The last entry of errorHistory is 0.500382 for index 997172, 998/1000.
Terminated at swamp 0.5.
The last entry of errorHistory is 0.500371 for index 997173, 998/1000.
The last entry of errorHistory is 0.000468 for index 997174, 998/1000.
Terminated at swamp 1.
The last entry of errorHistory is 1.000000 for index 997175, 998/1000.
Terminated at swamp 0.5.
The last entry of errorHistory is 0.500069 for index 997176, 998/1000.
Terminated at swamp 0.5.
The last entry of errorHistory is 0.500398 for index 997177, 998/1000.
Terminated at swamp 1.
The last entry of errorHistory is 1.000888 for index 997178, 998/1000.
Terminated at swamp 0.5.
The last entry of errorHistory is 0.500814 for index 997179, 998/1000.
Terminated at swamp 1.
The last entry of errorHistory is 1.000423 for index 997180, 998/1000.
Terminated at swamp 0.5.
The last entry of errorHistory is 0.500057 for index 997181, 998/1000.
The last entry of errorHistory is 1.000000 for index 997182, 998/1000.
The last entry of errorHistory is 0.500000 for index 997183, 998/1000.
Terminated at swamp 0.5.
The last entry of errorHistory is 0.500319 for index 997184, 998/1000.
Terminated at swamp 0.5.
The last entry of errorHistory is 0.500440 for index 997185, 998/1000.
Terminated at swamp 0.5.
The last entry of errorHistory is 0.500590 for index 997186, 998/1000.
Terminated at swamp 0.5.
The last entry of errorHistory is 0.500530 for index 997187, 998/1000.
Terminated at swamp 0.5.
The last entry of errorHistory is 0.500484 for index 997188, 998/1000.
Terminated at swamp 0.5.
The last entry of errorHistory is 0.500276 for index 997189, 998/1000.
Terminated at swamp 1.
The last entry of errorHistory is 1.000183 for index 997190, 998/1000.
Terminated at swamp 1.
The last entry of errorHistory is 1.000340 for index 997191, 998/1000.
The last entry of errorHistory is 0.500000 for index 997192, 998/1000.
The last entry of errorHistory is 1.000000 for index 997193, 998/1000.
Terminated at swamp 0.5.
The last entry of errorHistory is 0.500094 for index 997194, 998/1000.
The last entry of errorHistory is 0.500000 for index 997195, 998/1000.
Terminated at swamp 0.5.
The last entry of errorHistory is 0.500356 for index 997196, 998/1000.
The last entry of errorHistory is 0.500000 for index 997197, 998/1000.
Terminated at swamp 1.
The last entry of errorHistory is 1.000000 for index 997198, 998/1000.
Terminated at swamp 0.5.
The last entry of errorHistory is 0.500485 for index 997199, 998/1000.
Terminated at swamp 1.
The last entry of errorHistory is 1.000101 for index 997200, 998/1000.
Terminated at swamp 0.5.
The last entry of errorHistory is 0.500158 for index 997201, 998/1000.
Terminated at swamp 0.5.
The last entry of errorHistory is 0.500577 for index 997202, 998/1000.
Terminated at swamp 0.5.
The last entry of errorHistory is 0.500311 for index 997203, 998/1000.
Terminated at swamp 1.
The last entry of errorHistory is 1.000000 for index 997204, 998/1000.
Terminated at swamp 0.5.
The last entry of errorHistory is 0.500752 for index 997205, 998/1000.
The last entry of errorHistory is 1.000000 for index 997206, 998/1000.
The last entry of errorHistory is 0.000021 for index 997207, 998/1000.
Terminated at swamp 0.5.
The last entry of errorHistory is 0.500614 for index 997208, 998/1000.
Terminated at swamp 0.5.
The last entry of errorHistory is 0.500361 for index 997209, 998/1000.
Terminated at swamp 0.5.
The last entry of errorHistory is 0.500262 for index 997210, 998/1000.
The last entry of errorHistory is 0.500000 for index 997211, 998/1000.
Terminated at swamp 0.5.
The last entry of errorHistory is 0.500233 for index 997212, 998/1000.
The last entry of errorHistory is 1.500000 for index 997213, 998/1000.
The last entry of errorHistory is 0.000019 for index 997214, 998/1000.
Terminated at swamp 0.5.
The last entry of errorHistory is 0.500483 for index 997215, 998/1000.
Terminated at swamp 0.5.
The last entry of errorHistory is 0.500893 for index 997216, 998/1000.
Terminated at swamp 0.5.
The last entry of errorHistory is 0.500202 for index 997217, 998/1000.
The last entry of errorHistory is 0.500000 for index 997218, 998/1000.
Terminated at swamp 0.5.
The last entry of errorHistory is 0.500436 for index 997219, 998/1000.
Terminated at swamp 0.5.
The last entry of errorHistory is 0.500433 for index 997220, 998/1000.
Terminated at swamp 0.5.
The last entry of errorHistory is 0.500234 for index 997221, 998/1000.
Terminated at swamp 0.5.
The last entry of errorHistory is 0.500600 for index 997222, 998/1000.
Terminated at swamp 1.
The last entry of errorHistory is 1.000311 for index 997223, 998/1000.
The last entry of errorHistory is 1.000000 for index 997224, 998/1000.
Terminated at swamp 0.5.
The last entry of errorHistory is 0.500000 for index 997225, 998/1000.
Terminated at swamp 1.
The last entry of errorHistory is 1.000000 for index 997226, 998/1000.
Terminated at swamp 1.
The last entry of errorHistory is 1.000500 for index 997227, 998/1000.
The last entry of errorHistory is 0.000021 for index 997228, 998/1000.
The last entry of errorHistory is 0.500000 for index 997229, 998/1000.
Terminated at swamp 0.5.
The last entry of errorHistory is 0.500445 for index 997230, 998/1000.
Terminated at swamp 0.5.
The last entry of errorHistory is 0.500355 for index 997231, 998/1000.
Terminated at swamp 0.5.
The last entry of errorHistory is 0.500026 for index 997232, 998/1000.
Terminated at swamp 1.
The last entry of errorHistory is 1.000040 for index 997233, 998/1000.
Terminated at swamp 0.5.
The last entry of errorHistory is 0.500126 for index 997234, 998/1000.
Terminated at swamp 0.5.
The last entry of errorHistory is 0.500043 for index 997235, 998/1000.
Terminated at swamp 1.
The last entry of errorHistory is 1.000183 for index 997236, 998/1000.
The last entry of errorHistory is 0.001016 for index 997237, 998/1000.
Terminated at swamp 0.5.
The last entry of errorHistory is 0.500110 for index 997238, 998/1000.
The last entry of errorHistory is 1.000000 for index 997239, 998/1000.
Terminated at swamp 0.5.
The last entry of errorHistory is 0.500143 for index 997240, 998/1000.
Terminated at swamp 0.5.
The last entry of errorHistory is 0.500534 for index 997241, 998/1000.
The last entry of errorHistory is 0.000136 for index 997242, 998/1000.
The last entry of errorHistory is 1.000000 for index 997243, 998/1000.
The last entry of errorHistory is 0.500000 for index 997244, 998/1000.
The last entry of errorHistory is 1.000000 for index 997245, 998/1000.
The last entry of errorHistory is 1.000000 for index 997246, 998/1000.
Terminated at swamp 0.5.
The last entry of errorHistory is 0.500723 for index 997247, 998/1000.
The last entry of errorHistory is 1.000000 for index 997248, 998/1000.
Terminated at swamp 0.5.
The last entry of errorHistory is 0.500360 for index 997249, 998/1000.
The last entry of errorHistory is 1.000000 for index 997250, 998/1000.
The last entry of errorHistory is 0.000500 for index 997251, 998/1000.
Terminated at swamp 0.5.
The last entry of errorHistory is 0.500545 for index 997252, 998/1000.
Terminated at swamp 0.5.
The last entry of errorHistory is 0.500239 for index 997253, 998/1000.
Terminated at swamp 0.5.
The last entry of errorHistory is 0.500230 for index 997254, 998/1000.
Terminated at swamp 1.
The last entry of errorHistory is 1.000003 for index 997255, 998/1000.
Terminated at swamp 0.5.
The last entry of errorHistory is 0.500275 for index 997256, 998/1000.
The last entry of errorHistory is 0.000056 for index 997257, 998/1000.
The last entry of errorHistory is 1.000000 for index 997258, 998/1000.
Terminated at swamp 0.5.
The last entry of errorHistory is 0.500343 for index 997259, 998/1000.
Terminated at swamp 1.
The last entry of errorHistory is 1.000562 for index 997260, 998/1000.
The last entry of errorHistory is 0.000012 for index 997261, 998/1000.
Terminated at swamp 0.5.
The last entry of errorHistory is 0.500329 for index 997262, 998/1000.
Terminated at swamp 0.5.
The last entry of errorHistory is 0.500606 for index 997263, 998/1000.
Terminated at swamp 0.5.
The last entry of errorHistory is 0.500010 for index 997264, 998/1000.
Terminated at swamp 0.5.
The last entry of errorHistory is 0.500451 for index 997265, 998/1000.
The last entry of errorHistory is 1.500000 for index 997266, 998/1000.
Terminated at swamp 0.5.
The last entry of errorHistory is 0.500530 for index 997267, 998/1000.
The last entry of errorHistory is 0.000062 for index 997268, 998/1000.
The last entry of errorHistory is 1.000000 for index 997269, 998/1000.
Terminated at swamp 0.5.
The last entry of errorHistory is 0.500085 for index 997270, 998/1000.
Terminated at swamp 0.5.
The last entry of errorHistory is 0.500058 for index 997271, 998/1000.
The last entry of errorHistory is 0.000020 for index 997272, 998/1000.
The last entry of errorHistory is 1.000000 for index 997273, 998/1000.
Terminated at swamp 0.5.
The last entry of errorHistory is 0.500390 for index 997274, 998/1000.
The last entry of errorHistory is 0.500000 for index 997275, 998/1000.
The last entry of errorHistory is 0.500000 for index 997276, 998/1000.
Terminated at swamp 0.5.
The last entry of errorHistory is 0.500267 for index 997277, 998/1000.
Terminated at swamp 0.5.
The last entry of errorHistory is 0.500440 for index 997278, 998/1000.
Terminated at swamp 0.5.
The last entry of errorHistory is 0.500340 for index 997279, 998/1000.
Terminated at swamp 0.5.
The last entry of errorHistory is 0.500398 for index 997280, 998/1000.
The last entry of errorHistory is 0.000611 for index 997281, 998/1000.
The last entry of errorHistory is 1.000000 for index 997282, 998/1000.
The last entry of errorHistory is 0.500000 for index 997283, 998/1000.
Terminated at swamp 0.5.
The last entry of errorHistory is 0.500145 for index 997284, 998/1000.
Terminated at swamp 0.5.
The last entry of errorHistory is 0.500520 for index 997285, 998/1000.
Terminated at swamp 0.5.
The last entry of errorHistory is 0.500586 for index 997286, 998/1000.
Terminated at swamp 0.5.
The last entry of errorHistory is 0.500014 for index 997287, 998/1000.
Terminated at swamp 1.
The last entry of errorHistory is 1.000503 for index 997288, 998/1000.
The last entry of errorHistory is 1.500000 for index 997289, 998/1000.
Terminated at swamp 0.5.
The last entry of errorHistory is 0.500172 for index 997290, 998/1000.
Terminated at swamp 0.5.
The last entry of errorHistory is 0.500482 for index 997291, 998/1000.
Terminated at swamp 0.5.
The last entry of errorHistory is 0.500369 for index 997292, 998/1000.
Terminated at swamp 0.5.
The last entry of errorHistory is 0.500726 for index 997293, 998/1000.
The last entry of errorHistory is 0.500000 for index 997294, 998/1000.
Terminated at swamp 1.
The last entry of errorHistory is 1.000122 for index 997295, 998/1000.
The last entry of errorHistory is 1.000000 for index 997296, 998/1000.
The last entry of errorHistory is 1.000000 for index 997297, 998/1000.
Terminated at swamp 0.5.
The last entry of errorHistory is 0.500614 for index 997298, 998/1000.
Terminated at swamp 0.5.
The last entry of errorHistory is 0.500258 for index 997299, 998/1000.
Terminated at swamp 0.5.
The last entry of errorHistory is 0.500624 for index 997300, 998/1000.
Terminated at swamp 1.
The last entry of errorHistory is 1.000147 for index 997301, 998/1000.
Terminated at swamp 1.
The last entry of errorHistory is 1.000371 for index 997302, 998/1000.
Terminated at swamp 0.5.
The last entry of errorHistory is 0.500451 for index 997303, 998/1000.
Terminated at swamp 0.5.
The last entry of errorHistory is 0.500091 for index 997304, 998/1000.
Terminated at swamp 0.5.
The last entry of errorHistory is 0.500449 for index 997305, 998/1000.
Terminated at swamp 0.5.
The last entry of errorHistory is 0.500871 for index 997306, 998/1000.
Terminated at swamp 0.5.
The last entry of errorHistory is 0.500394 for index 997307, 998/1000.
The last entry of errorHistory is 1.000000 for index 997308, 998/1000.
The last entry of errorHistory is 0.000217 for index 997309, 998/1000.
The last entry of errorHistory is 0.500000 for index 997310, 998/1000.
Terminated at swamp 1.
The last entry of errorHistory is 1.000000 for index 997311, 998/1000.
The last entry of errorHistory is 1.000000 for index 997312, 998/1000.
Terminated at swamp 0.5.
The last entry of errorHistory is 0.500699 for index 997313, 998/1000.
Terminated at swamp 0.5.
The last entry of errorHistory is 0.500582 for index 997314, 998/1000.
Terminated at swamp 0.5.
The last entry of errorHistory is 0.500278 for index 997315, 998/1000.
Terminated at swamp 1.
The last entry of errorHistory is 1.000376 for index 997316, 998/1000.
Terminated at swamp 0.5.
The last entry of errorHistory is 0.500326 for index 997317, 998/1000.
The last entry of errorHistory is 0.000547 for index 997318, 998/1000.
Terminated at swamp 1.
The last entry of errorHistory is 1.000515 for index 997319, 998/1000.
The last entry of errorHistory is 0.000023 for index 997320, 998/1000.
Terminated at swamp 0.5.
The last entry of errorHistory is 0.500012 for index 997321, 998/1000.
Terminated at swamp 1.
The last entry of errorHistory is 1.000039 for index 997322, 998/1000.
Terminated at swamp 0.5.
The last entry of errorHistory is 0.500370 for index 997323, 998/1000.
Terminated at swamp 0.5.
The last entry of errorHistory is 0.500413 for index 997324, 998/1000.
Terminated at swamp 0.5.
The last entry of errorHistory is 0.500009 for index 997325, 998/1000.
Terminated at swamp 0.5.
The last entry of errorHistory is 0.500615 for index 997326, 998/1000.
Terminated at swamp 1.
The last entry of errorHistory is 1.000147 for index 997327, 998/1000.
The last entry of errorHistory is 0.000016 for index 997328, 998/1000.
The last entry of errorHistory is 0.000039 for index 997329, 998/1000.
Terminated at swamp 1.
The last entry of errorHistory is 1.000026 for index 997330, 998/1000.
Terminated at swamp 0.5.
The last entry of errorHistory is 0.500242 for index 997331, 998/1000.
The last entry of errorHistory is 0.001068 for index 997332, 998/1000.
Terminated at swamp 0.5.
The last entry of errorHistory is 0.500538 for index 997333, 998/1000.
Terminated at swamp 1.
The last entry of errorHistory is 1.000001 for index 997334, 998/1000.
The last entry of errorHistory is 0.000020 for index 997335, 998/1000.
The last entry of errorHistory is 1.000000 for index 997336, 998/1000.
Terminated at swamp 0.5.
The last entry of errorHistory is 0.500076 for index 997337, 998/1000.
Terminated at swamp 0.5.
The last entry of errorHistory is 0.500461 for index 997338, 998/1000.
The last entry of errorHistory is 1.000000 for index 997339, 998/1000.
The last entry of errorHistory is 0.500000 for index 997340, 998/1000.
Terminated at swamp 0.5.
The last entry of errorHistory is 0.500084 for index 997341, 998/1000.
Terminated at swamp 1.
The last entry of errorHistory is 1.000003 for index 997342, 998/1000.
Terminated at swamp 0.5.
The last entry of errorHistory is 0.500050 for index 997343, 998/1000.
The last entry of errorHistory is 1.000000 for index 997344, 998/1000.
Terminated at swamp 1.
The last entry of errorHistory is 1.000222 for index 997345, 998/1000.
The last entry of errorHistory is 0.500000 for index 997346, 998/1000.
The last entry of errorHistory is 1.000000 for index 997347, 998/1000.
Terminated at swamp 1.
The last entry of errorHistory is 1.000414 for index 997348, 998/1000.
The last entry of errorHistory is 0.000008 for index 997349, 998/1000.
Terminated at swamp 0.5.
The last entry of errorHistory is 0.500548 for index 997350, 998/1000.
Terminated at swamp 1.
The last entry of errorHistory is 1.000047 for index 997351, 998/1000.
The last entry of errorHistory is 0.000290 for index 997352, 998/1000.
Terminated at swamp 1.
The last entry of errorHistory is 1.000000 for index 997353, 998/1000.
The last entry of errorHistory is 1.000000 for index 997354, 998/1000.
Terminated at swamp 0.5.
The last entry of errorHistory is 0.500524 for index 997355, 998/1000.
The last entry of errorHistory is 0.500000 for index 997356, 998/1000.
Terminated at swamp 0.5.
The last entry of errorHistory is 0.500312 for index 997357, 998/1000.
Terminated at swamp 0.5.
The last entry of errorHistory is 0.500088 for index 997358, 998/1000.
Terminated at swamp 1.
The last entry of errorHistory is 1.000280 for index 997359, 998/1000.
Terminated at swamp 0.5.
The last entry of errorHistory is 0.500035 for index 997360, 998/1000.
Terminated at swamp 0.5.
The last entry of errorHistory is 0.500205 for index 997361, 998/1000.
Terminated at swamp 1.
The last entry of errorHistory is 1.000293 for index 997362, 998/1000.
The last entry of errorHistory is 0.001601 for index 997363, 998/1000.
Terminated at swamp 0.5.
The last entry of errorHistory is 0.500585 for index 997364, 998/1000.
Terminated at swamp 0.5.
The last entry of errorHistory is 0.500345 for index 997365, 998/1000.
Terminated at swamp 0.5.
The last entry of errorHistory is 0.500082 for index 997366, 998/1000.
The last entry of errorHistory is 0.000011 for index 997367, 998/1000.
Terminated at swamp 0.5.
The last entry of errorHistory is 0.500600 for index 997368, 998/1000.
Terminated at swamp 0.5.
The last entry of errorHistory is 0.500675 for index 997369, 998/1000.
The last entry of errorHistory is 1.000000 for index 997370, 998/1000.
The last entry of errorHistory is 0.000021 for index 997371, 998/1000.
Terminated at swamp 0.5.
The last entry of errorHistory is 0.500221 for index 997372, 998/1000.
The last entry of errorHistory is 1.000000 for index 997373, 998/1000.
Terminated at swamp 0.5.
The last entry of errorHistory is 0.500000 for index 997374, 998/1000.
Terminated at swamp 0.5.
The last entry of errorHistory is 0.500292 for index 997375, 998/1000.
Terminated at swamp 0.5.
The last entry of errorHistory is 0.500427 for index 997376, 998/1000.
Terminated at swamp 0.5.
The last entry of errorHistory is 0.500092 for index 997377, 998/1000.
Terminated at swamp 1.
The last entry of errorHistory is 1.000008 for index 997378, 998/1000.
Terminated at swamp 0.5.
The last entry of errorHistory is 0.500483 for index 997379, 998/1000.
Terminated at swamp 1.
The last entry of errorHistory is 1.000005 for index 997380, 998/1000.
The last entry of errorHistory is 1.000000 for index 997381, 998/1000.
Terminated at swamp 0.5.
The last entry of errorHistory is 0.500025 for index 997382, 998/1000.
Terminated at swamp 1.
The last entry of errorHistory is 1.000002 for index 997383, 998/1000.
Terminated at swamp 1.
The last entry of errorHistory is 1.000205 for index 997384, 998/1000.
Terminated at swamp 0.5.
The last entry of errorHistory is 0.500489 for index 997385, 998/1000.
Terminated at swamp 0.5.
The last entry of errorHistory is 0.500089 for index 997386, 998/1000.
Terminated at swamp 1.
The last entry of errorHistory is 0.999995 for index 997387, 998/1000.
Terminated at swamp 0.5.
The last entry of errorHistory is 0.500399 for index 997388, 998/1000.
The last entry of errorHistory is 0.000540 for index 997389, 998/1000.
Terminated at swamp 0.5.
The last entry of errorHistory is 0.500644 for index 997390, 998/1000.
Terminated at swamp 0.5.
The last entry of errorHistory is 0.500433 for index 997391, 998/1000.
Terminated at swamp 0.5.
The last entry of errorHistory is 0.500392 for index 997392, 998/1000.
The last entry of errorHistory is 1.000000 for index 997393, 998/1000.
The last entry of errorHistory is 1.000000 for index 997394, 998/1000.
Terminated at swamp 0.5.
The last entry of errorHistory is 0.500144 for index 997395, 998/1000.
Terminated at swamp 0.5.
The last entry of errorHistory is 0.500178 for index 997396, 998/1000.
Terminated at swamp 0.5.
The last entry of errorHistory is 0.500506 for index 997397, 998/1000.
The last entry of errorHistory is 1.000000 for index 997398, 998/1000.
The last entry of errorHistory is 0.000017 for index 997399, 998/1000.
Terminated at swamp 0.5.
The last entry of errorHistory is 0.500042 for index 997400, 998/1000.
The last entry of errorHistory is 0.500000 for index 997401, 998/1000.
Terminated at swamp 0.5.
The last entry of errorHistory is 0.500394 for index 997402, 998/1000.
The last entry of errorHistory is 1.000000 for index 997403, 998/1000.
The last entry of errorHistory is 0.000041 for index 997404, 998/1000.
The last entry of errorHistory is 1.000000 for index 997405, 998/1000.
Terminated at swamp 0.5.
The last entry of errorHistory is 0.500094 for index 997406, 998/1000.
Terminated at swamp 0.5.
The last entry of errorHistory is 0.500540 for index 997407, 998/1000.
Terminated at swamp 1.
The last entry of errorHistory is 1.000532 for index 997408, 998/1000.
Terminated at swamp 0.5.
The last entry of errorHistory is 0.500177 for index 997409, 998/1000.
Terminated at swamp 0.5.
The last entry of errorHistory is 0.500354 for index 997410, 998/1000.
Terminated at swamp 1.
The last entry of errorHistory is 1.000050 for index 997411, 998/1000.
The last entry of errorHistory is 1.000000 for index 997412, 998/1000.
Terminated at swamp 0.5.
The last entry of errorHistory is 0.500577 for index 997413, 998/1000.
Terminated at swamp 0.5.
The last entry of errorHistory is 0.500146 for index 997414, 998/1000.
Terminated at swamp 1.
The last entry of errorHistory is 1.000058 for index 997415, 998/1000.
Terminated at swamp 0.5.
The last entry of errorHistory is 0.500056 for index 997416, 998/1000.
Terminated at swamp 0.5.
The last entry of errorHistory is 0.500355 for index 997417, 998/1000.
Terminated at swamp 0.5.
The last entry of errorHistory is 0.500656 for index 997418, 998/1000.
The last entry of errorHistory is 1.000000 for index 997419, 998/1000.
Terminated at swamp 0.5.
The last entry of errorHistory is 0.500000 for index 997420, 998/1000.
The last entry of errorHistory is 1.000000 for index 997421, 998/1000.
The last entry of errorHistory is 1.000000 for index 997422, 998/1000.
Terminated at swamp 1.
The last entry of errorHistory is 1.000036 for index 997423, 998/1000.
Terminated at swamp 0.5.
The last entry of errorHistory is 0.500401 for index 997424, 998/1000.
Terminated at swamp 0.5.
The last entry of errorHistory is 0.500570 for index 997425, 998/1000.
Terminated at swamp 0.5.
The last entry of errorHistory is 0.500324 for index 997426, 998/1000.
Terminated at swamp 1.5.
The last entry of errorHistory is 1.500318 for index 997427, 998/1000.
The last entry of errorHistory is 1.000000 for index 997428, 998/1000.
Terminated at swamp 1.
The last entry of errorHistory is 1.000203 for index 997429, 998/1000.
Terminated at swamp 1.
The last entry of errorHistory is 1.000035 for index 997430, 998/1000.
Terminated at swamp 0.5.
The last entry of errorHistory is 0.500365 for index 997431, 998/1000.
Terminated at swamp 0.5.
The last entry of errorHistory is 0.500499 for index 997432, 998/1000.
Terminated at swamp 0.5.
The last entry of errorHistory is 0.500177 for index 997433, 998/1000.
Terminated at swamp 1.
The last entry of errorHistory is 1.000138 for index 997434, 998/1000.
The last entry of errorHistory is 1.000000 for index 997435, 998/1000.
Terminated at swamp 0.5.
The last entry of errorHistory is 0.500576 for index 997436, 998/1000.
Terminated at swamp 1.
The last entry of errorHistory is 1.000043 for index 997437, 998/1000.
Terminated at swamp 0.5.
The last entry of errorHistory is 0.500100 for index 997438, 998/1000.
Terminated at swamp 0.5.
The last entry of errorHistory is 0.500441 for index 997439, 998/1000.
Terminated at swamp 0.5.
The last entry of errorHistory is 0.500037 for index 997440, 998/1000.
Terminated at swamp 1.
The last entry of errorHistory is 1.000400 for index 997441, 998/1000.
Terminated at swamp 1.
The last entry of errorHistory is 1.000049 for index 997442, 998/1000.
Terminated at swamp 0.5.
The last entry of errorHistory is 0.500492 for index 997443, 998/1000.
Terminated at swamp 0.5.
The last entry of errorHistory is 0.500377 for index 997444, 998/1000.
Terminated at swamp 0.5.
The last entry of errorHistory is 0.500104 for index 997445, 998/1000.
Terminated at swamp 0.5.
The last entry of errorHistory is 0.500149 for index 997446, 998/1000.
The last entry of errorHistory is 0.000037 for index 997447, 998/1000.
Terminated at swamp 1.
The last entry of errorHistory is 1.000000 for index 997448, 998/1000.
The last entry of errorHistory is 1.000000 for index 997449, 998/1000.
Terminated at swamp 1.
The last entry of errorHistory is 1.000290 for index 997450, 998/1000.
Terminated at swamp 0.5.
The last entry of errorHistory is 0.500733 for index 997451, 998/1000.
Terminated at swamp 0.5.
The last entry of errorHistory is 0.500423 for index 997452, 998/1000.
Terminated at swamp 0.5.
The last entry of errorHistory is 0.500277 for index 997453, 998/1000.
Terminated at swamp 0.5.
The last entry of errorHistory is 0.500040 for index 997454, 998/1000.
The last entry of errorHistory is 1.500000 for index 997455, 998/1000.
Terminated at swamp 0.5.
The last entry of errorHistory is 0.500622 for index 997456, 998/1000.
The last entry of errorHistory is 1.000000 for index 997457, 998/1000.
Terminated at swamp 0.5.
The last entry of errorHistory is 0.500195 for index 997458, 998/1000.
Terminated at swamp 1.
The last entry of errorHistory is 1.000532 for index 997459, 998/1000.
Terminated at swamp 1.
The last entry of errorHistory is 1.000006 for index 997460, 998/1000.
Terminated at swamp 0.5.
The last entry of errorHistory is 0.500688 for index 997461, 998/1000.
Terminated at swamp 1.
The last entry of errorHistory is 1.000000 for index 997462, 998/1000.
Terminated at swamp 0.5.
The last entry of errorHistory is 0.500281 for index 997463, 998/1000.
The last entry of errorHistory is 1.000000 for index 997464, 998/1000.
The last entry of errorHistory is 0.000019 for index 997465, 998/1000.
Terminated at swamp 0.5.
The last entry of errorHistory is 0.500291 for index 997466, 998/1000.
Terminated at swamp 1.
The last entry of errorHistory is 1.000030 for index 997467, 998/1000.
Terminated at swamp 0.5.
The last entry of errorHistory is 0.500253 for index 997468, 998/1000.
The last entry of errorHistory is 1.000000 for index 997469, 998/1000.
Terminated at swamp 0.5.
The last entry of errorHistory is 0.500445 for index 997470, 998/1000.
The last entry of errorHistory is 0.500000 for index 997471, 998/1000.
Terminated at swamp 1.
The last entry of errorHistory is 1.000238 for index 997472, 998/1000.
Terminated at swamp 0.5.
The last entry of errorHistory is 0.500066 for index 997473, 998/1000.
Terminated at swamp 1.
The last entry of errorHistory is 1.000051 for index 997474, 998/1000.
Terminated at swamp 1.
The last entry of errorHistory is 1.000184 for index 997475, 998/1000.
Terminated at swamp 0.5.
The last entry of errorHistory is 0.500115 for index 997476, 998/1000.
Terminated at swamp 0.5.
The last entry of errorHistory is 0.500381 for index 997477, 998/1000.
Terminated at swamp 0.5.
The last entry of errorHistory is 0.500032 for index 997478, 998/1000.
Terminated at swamp 0.5.
The last entry of errorHistory is 0.500494 for index 997479, 998/1000.
Terminated at swamp 1.
The last entry of errorHistory is 1.000000 for index 997480, 998/1000.
Terminated at swamp 0.5.
The last entry of errorHistory is 0.500667 for index 997481, 998/1000.
Terminated at swamp 0.5.
The last entry of errorHistory is 0.500530 for index 997482, 998/1000.
The last entry of errorHistory is 0.000013 for index 997483, 998/1000.
The last entry of errorHistory is 1.000000 for index 997484, 998/1000.
The last entry of errorHistory is 0.500000 for index 997485, 998/1000.
Terminated at swamp 0.5.
The last entry of errorHistory is 0.500169 for index 997486, 998/1000.
The last entry of errorHistory is 0.000023 for index 997487, 998/1000.
Terminated at swamp 0.5.
The last entry of errorHistory is 0.500095 for index 997488, 998/1000.
Terminated at swamp 1.
The last entry of errorHistory is 1.000028 for index 997489, 998/1000.
Terminated at swamp 0.5.
The last entry of errorHistory is 0.500001 for index 997490, 998/1000.
The last entry of errorHistory is 0.000021 for index 997491, 998/1000.
The last entry of errorHistory is 1.000000 for index 997492, 998/1000.
The last entry of errorHistory is 0.000016 for index 997493, 998/1000.
Terminated at swamp 0.5.
The last entry of errorHistory is 0.500401 for index 997494, 998/1000.
Terminated at swamp 0.5.
The last entry of errorHistory is 0.500217 for index 997495, 998/1000.
Terminated at swamp 0.5.
The last entry of errorHistory is 0.500011 for index 997496, 998/1000.
The last entry of errorHistory is 0.500000 for index 997497, 998/1000.
Terminated at swamp 0.5.
The last entry of errorHistory is 0.500612 for index 997498, 998/1000.
The last entry of errorHistory is 1.000000 for index 997499, 998/1000.
Terminated at swamp 0.5.
The last entry of errorHistory is 0.500286 for index 997500, 998/1000.
The last entry of errorHistory is 0.000062 for index 997501, 998/1000.
Terminated at swamp 0.5.
The last entry of errorHistory is 0.500006 for index 997502, 998/1000.
The last entry of errorHistory is 1.000000 for index 997503, 998/1000.
The last entry of errorHistory is 0.000067 for index 997504, 998/1000.
Terminated at swamp 1.
The last entry of errorHistory is 1.000297 for index 997505, 998/1000.
Terminated at swamp 0.5.
The last entry of errorHistory is 0.500403 for index 997506, 998/1000.
Terminated at swamp 1.
The last entry of errorHistory is 1.000081 for index 997507, 998/1000.
Terminated at swamp 0.5.
The last entry of errorHistory is 0.500173 for index 997508, 998/1000.
Terminated at swamp 0.5.
The last entry of errorHistory is 0.500420 for index 997509, 998/1000.
The last entry of errorHistory is 0.002383 for index 997510, 998/1000.
Terminated at swamp 0.5.
The last entry of errorHistory is 0.500562 for index 997511, 998/1000.
Terminated at swamp 0.5.
The last entry of errorHistory is 0.500667 for index 997512, 998/1000.
The last entry of errorHistory is 1.000000 for index 997513, 998/1000.
Terminated at swamp 1.
The last entry of errorHistory is 1.000074 for index 997514, 998/1000.
Terminated at swamp 1.
The last entry of errorHistory is 1.000053 for index 997515, 998/1000.
The last entry of errorHistory is 1.500000 for index 997516, 998/1000.
Terminated at swamp 0.5.
The last entry of errorHistory is 0.500374 for index 997517, 998/1000.
The last entry of errorHistory is 0.000059 for index 997518, 998/1000.
The last entry of errorHistory is 0.500000 for index 997519, 998/1000.
Terminated at swamp 0.5.
The last entry of errorHistory is 0.500461 for index 997520, 998/1000.
Terminated at swamp 0.5.
The last entry of errorHistory is 0.500456 for index 997521, 998/1000.
Terminated at swamp 1.
The last entry of errorHistory is 1.000258 for index 997522, 998/1000.
Terminated at swamp 0.5.
The last entry of errorHistory is 0.500572 for index 997523, 998/1000.
Terminated at swamp 1.
The last entry of errorHistory is 1.000118 for index 997524, 998/1000.
The last entry of errorHistory is 1.000000 for index 997525, 998/1000.
Terminated at swamp 0.5.
The last entry of errorHistory is 0.500580 for index 997526, 998/1000.
Terminated at swamp 1.
The last entry of errorHistory is 1.000251 for index 997527, 998/1000.
The last entry of errorHistory is 0.000016 for index 997528, 998/1000.
Terminated at swamp 0.5.
The last entry of errorHistory is 0.500649 for index 997529, 998/1000.
Terminated at swamp 1.
The last entry of errorHistory is 1.000187 for index 997530, 998/1000.
Terminated at swamp 0.5.
The last entry of errorHistory is 0.500402 for index 997531, 998/1000.
Terminated at swamp 1.
The last entry of errorHistory is 1.000036 for index 997532, 998/1000.
The last entry of errorHistory is 0.027783 for index 997533, 998/1000.
Terminated at swamp 1.
The last entry of errorHistory is 1.000333 for index 997534, 998/1000.
The last entry of errorHistory is 1.000000 for index 997535, 998/1000.
The last entry of errorHistory is 0.000185 for index 997536, 998/1000.
Terminated at swamp 0.5.
The last entry of errorHistory is 0.500654 for index 997537, 998/1000.
Terminated at swamp 0.5.
The last entry of errorHistory is 0.500051 for index 997538, 998/1000.
Terminated at swamp 0.5.
The last entry of errorHistory is 0.500505 for index 997539, 998/1000.
Terminated at swamp 0.5.
The last entry of errorHistory is 0.500541 for index 997540, 998/1000.
The last entry of errorHistory is 1.000000 for index 997541, 998/1000.
Terminated at swamp 0.5.
The last entry of errorHistory is 0.500238 for index 997542, 998/1000.
Terminated at swamp 0.5.
The last entry of errorHistory is 0.500411 for index 997543, 998/1000.
Terminated at swamp 0.5.
The last entry of errorHistory is 0.500495 for index 997544, 998/1000.
The last entry of errorHistory is 1.000000 for index 997545, 998/1000.
The last entry of errorHistory is 0.000201 for index 997546, 998/1000.
Terminated at swamp 0.5.
The last entry of errorHistory is 0.500663 for index 997547, 998/1000.
Terminated at swamp 0.5.
The last entry of errorHistory is 0.500083 for index 997548, 998/1000.
The last entry of errorHistory is 1.000000 for index 997549, 998/1000.
The last entry of errorHistory is 0.000136 for index 997550, 998/1000.
Terminated at swamp 0.5.
The last entry of errorHistory is 0.500473 for index 997551, 998/1000.
Terminated at swamp 0.5.
The last entry of errorHistory is 0.500436 for index 997552, 998/1000.
Terminated at swamp 0.5.
The last entry of errorHistory is 0.500496 for index 997553, 998/1000.
Terminated at swamp 1.
The last entry of errorHistory is 1.000190 for index 997554, 998/1000.
The last entry of errorHistory is 0.000025 for index 997555, 998/1000.
Terminated at swamp 0.5.
The last entry of errorHistory is 0.500119 for index 997556, 998/1000.
The last entry of errorHistory is 0.000668 for index 997557, 998/1000.
The last entry of errorHistory is 1.000000 for index 997558, 998/1000.
The last entry of errorHistory is 1.000000 for index 997559, 998/1000.
Terminated at swamp 1.
The last entry of errorHistory is 1.000146 for index 997560, 998/1000.
The last entry of errorHistory is 1.000000 for index 997561, 998/1000.
Terminated at swamp 1.
The last entry of errorHistory is 1.000062 for index 997562, 998/1000.
Terminated at swamp 1.
The last entry of errorHistory is 1.000363 for index 997563, 998/1000.
Terminated at swamp 0.5.
The last entry of errorHistory is 0.500320 for index 997564, 998/1000.
The last entry of errorHistory is 0.000007 for index 997565, 998/1000.
Terminated at swamp 1.5.
The last entry of errorHistory is 1.500016 for index 997566, 998/1000.
The last entry of errorHistory is 1.000000 for index 997567, 998/1000.
Terminated at swamp 0.5.
The last entry of errorHistory is 0.500332 for index 997568, 998/1000.
Terminated at swamp 0.5.
The last entry of errorHistory is 0.500214 for index 997569, 998/1000.
The last entry of errorHistory is 0.500000 for index 997570, 998/1000.
Terminated at swamp 0.5.
The last entry of errorHistory is 0.500351 for index 997571, 998/1000.
Terminated at swamp 0.5.
The last entry of errorHistory is 0.500497 for index 997572, 998/1000.
Terminated at swamp 1.
The last entry of errorHistory is 1.000050 for index 997573, 998/1000.
Terminated at swamp 0.5.
The last entry of errorHistory is 0.500172 for index 997574, 998/1000.
The last entry of errorHistory is 1.000000 for index 997575, 998/1000.
Terminated at swamp 0.5.
The last entry of errorHistory is 0.500000 for index 997576, 998/1000.
Terminated at swamp 0.5.
The last entry of errorHistory is 0.500457 for index 997577, 998/1000.
The last entry of errorHistory is 0.500000 for index 997578, 998/1000.
Terminated at swamp 0.5.
The last entry of errorHistory is 0.500609 for index 997579, 998/1000.
The last entry of errorHistory is 1.000000 for index 997580, 998/1000.
Terminated at swamp 0.5.
The last entry of errorHistory is 0.500455 for index 997581, 998/1000.
Terminated at swamp 0.5.
The last entry of errorHistory is 0.500569 for index 997582, 998/1000.
Terminated at swamp 0.5.
The last entry of errorHistory is 0.500314 for index 997583, 998/1000.
Terminated at swamp 0.5.
The last entry of errorHistory is 0.500551 for index 997584, 998/1000.
Terminated at swamp 1.
The last entry of errorHistory is 1.000001 for index 997585, 998/1000.
Terminated at swamp 1.
The last entry of errorHistory is 1.000276 for index 997586, 998/1000.
Terminated at swamp 0.5.
The last entry of errorHistory is 0.500555 for index 997587, 998/1000.
The last entry of errorHistory is 1.000000 for index 997588, 998/1000.
Terminated at swamp 1.
The last entry of errorHistory is 1.000011 for index 997589, 998/1000.
Terminated at swamp 0.5.
The last entry of errorHistory is 0.500686 for index 997590, 998/1000.
Terminated at swamp 1.
The last entry of errorHistory is 1.000249 for index 997591, 998/1000.
Terminated at swamp 0.5.
The last entry of errorHistory is 0.500282 for index 997592, 998/1000.
The last entry of errorHistory is 1.000000 for index 997593, 998/1000.
The last entry of errorHistory is 0.000011 for index 997594, 998/1000.
Terminated at swamp 1.
The last entry of errorHistory is 1.000066 for index 997595, 998/1000.
The last entry of errorHistory is 1.000000 for index 997596, 998/1000.
Terminated at swamp 1.
The last entry of errorHistory is 1.000000 for index 997597, 998/1000.
Terminated at swamp 0.5.
The last entry of errorHistory is 0.500530 for index 997598, 998/1000.
Terminated at swamp 0.5.
The last entry of errorHistory is 0.500439 for index 997599, 998/1000.
Terminated at swamp 0.5.
The last entry of errorHistory is 0.500643 for index 997600, 998/1000.
The last entry of errorHistory is 1.000000 for index 997601, 998/1000.
The last entry of errorHistory is 0.000012 for index 997602, 998/1000.
Terminated at swamp 0.5.
The last entry of errorHistory is 0.500449 for index 997603, 998/1000.
The last entry of errorHistory is 1.000000 for index 997604, 998/1000.
The last entry of errorHistory is 0.000021 for index 997605, 998/1000.
Terminated at swamp 0.5.
The last entry of errorHistory is 0.500516 for index 997606, 998/1000.
Terminated at swamp 0.5.
The last entry of errorHistory is 0.500387 for index 997607, 998/1000.
Terminated at swamp 1.
The last entry of errorHistory is 1.000007 for index 997608, 998/1000.
Terminated at swamp 0.5.
The last entry of errorHistory is 0.500523 for index 997609, 998/1000.
The last entry of errorHistory is 1.500000 for index 997610, 998/1000.
Terminated at swamp 0.5.
The last entry of errorHistory is 0.500409 for index 997611, 998/1000.
Terminated at swamp 1.
The last entry of errorHistory is 1.000244 for index 997612, 998/1000.
Terminated at swamp 0.5.
The last entry of errorHistory is 0.500599 for index 997613, 998/1000.
Terminated at swamp 0.5.
The last entry of errorHistory is 0.500355 for index 997614, 998/1000.
Terminated at swamp 1.
The last entry of errorHistory is 1.000025 for index 997615, 998/1000.
Terminated at swamp 0.5.
The last entry of errorHistory is 0.500023 for index 997616, 998/1000.
Terminated at swamp 1.5.
The last entry of errorHistory is 1.500006 for index 997617, 998/1000.
Terminated at swamp 1.
The last entry of errorHistory is 1.000001 for index 997618, 998/1000.
Terminated at swamp 0.5.
The last entry of errorHistory is 0.500371 for index 997619, 998/1000.
Terminated at swamp 0.5.
The last entry of errorHistory is 0.500738 for index 997620, 998/1000.
The last entry of errorHistory is 0.000069 for index 997621, 998/1000.
Terminated at swamp 0.5.
The last entry of errorHistory is 0.500048 for index 997622, 998/1000.
Terminated at swamp 0.5.
The last entry of errorHistory is 0.500103 for index 997623, 998/1000.
Terminated at swamp 0.5.
The last entry of errorHistory is 0.500226 for index 997624, 998/1000.
The last entry of errorHistory is 0.500000 for index 997625, 998/1000.
Terminated at swamp 0.5.
The last entry of errorHistory is 0.500677 for index 997626, 998/1000.
The last entry of errorHistory is 1.000000 for index 997627, 998/1000.
The last entry of errorHistory is 0.000908 for index 997628, 998/1000.
Terminated at swamp 0.5.
The last entry of errorHistory is 0.500044 for index 997629, 998/1000.
Terminated at swamp 0.5.
The last entry of errorHistory is 0.500000 for index 997630, 998/1000.
Terminated at swamp 1.
The last entry of errorHistory is 1.000331 for index 997631, 998/1000.
The last entry of errorHistory is 1.000000 for index 997632, 998/1000.
Terminated at swamp 0.5.
The last entry of errorHistory is 0.500107 for index 997633, 998/1000.
The last entry of errorHistory is 1.000000 for index 997634, 998/1000.
Terminated at swamp 0.5.
The last entry of errorHistory is 0.500839 for index 997635, 998/1000.
The last entry of errorHistory is 1.500000 for index 997636, 998/1000.
Terminated at swamp 1.
The last entry of errorHistory is 1.000128 for index 997637, 998/1000.
Terminated at swamp 1.5.
The last entry of errorHistory is 1.500000 for index 997638, 998/1000.
The last entry of errorHistory is 0.000020 for index 997639, 998/1000.
Terminated at swamp 0.5.
The last entry of errorHistory is 0.500448 for index 997640, 998/1000.
The last entry of errorHistory is 0.000010 for index 997641, 998/1000.
The last entry of errorHistory is 0.500000 for index 997642, 998/1000.
The last entry of errorHistory is 0.000121 for index 997643, 998/1000.
Terminated at swamp 0.5.
The last entry of errorHistory is 0.500622 for index 997644, 998/1000.
Terminated at swamp 0.5.
The last entry of errorHistory is 0.500580 for index 997645, 998/1000.
Terminated at swamp 1.
The last entry of errorHistory is 0.999860 for index 997646, 998/1000.
The last entry of errorHistory is 0.500000 for index 997647, 998/1000.
Terminated at swamp 0.5.
The last entry of errorHistory is 0.500509 for index 997648, 998/1000.
The last entry of errorHistory is 1.000000 for index 997649, 998/1000.
The last entry of errorHistory is 1.000000 for index 997650, 998/1000.
Terminated at swamp 1.
The last entry of errorHistory is 1.000000 for index 997651, 998/1000.
Terminated at swamp 0.5.
The last entry of errorHistory is 0.500964 for index 997652, 998/1000.
Terminated at swamp 1.
The last entry of errorHistory is 1.000237 for index 997653, 998/1000.
The last entry of errorHistory is 0.500000 for index 997654, 998/1000.
Terminated at swamp 0.5.
The last entry of errorHistory is 0.500639 for index 997655, 998/1000.
Terminated at swamp 1.
The last entry of errorHistory is 1.000412 for index 997656, 998/1000.
Terminated at swamp 0.5.
The last entry of errorHistory is 0.500091 for index 997657, 998/1000.
The last entry of errorHistory is 1.500000 for index 997658, 998/1000.
Terminated at swamp 0.5.
The last entry of errorHistory is 0.500073 for index 997659, 998/1000.
Terminated at swamp 0.5.
The last entry of errorHistory is 0.500144 for index 997660, 998/1000.
Terminated at swamp 1.
The last entry of errorHistory is 1.000044 for index 997661, 998/1000.
Terminated at swamp 1.
The last entry of errorHistory is 1.000274 for index 997662, 998/1000.
The last entry of errorHistory is 1.000000 for index 997663, 998/1000.
Terminated at swamp 1.
The last entry of errorHistory is 1.000078 for index 997664, 998/1000.
Terminated at swamp 0.5.
The last entry of errorHistory is 0.500060 for index 997665, 998/1000.
Terminated at swamp 0.5.
The last entry of errorHistory is 0.500036 for index 997666, 998/1000.
Terminated at swamp 0.5.
The last entry of errorHistory is 0.500388 for index 997667, 998/1000.
Terminated at swamp 1.
The last entry of errorHistory is 1.000242 for index 997668, 998/1000.
The last entry of errorHistory is 0.500000 for index 997669, 998/1000.
Terminated at swamp 1.
The last entry of errorHistory is 1.000001 for index 997670, 998/1000.
Terminated at swamp 0.5.
The last entry of errorHistory is 0.500201 for index 997671, 998/1000.
Terminated at swamp 0.5.
The last entry of errorHistory is 0.500924 for index 997672, 998/1000.
The last entry of errorHistory is 0.000041 for index 997673, 998/1000.
Terminated at swamp 0.5.
The last entry of errorHistory is 0.500435 for index 997674, 998/1000.
The last entry of errorHistory is 1.000000 for index 997675, 998/1000.
Terminated at swamp 0.5.
The last entry of errorHistory is 0.500691 for index 997676, 998/1000.
The last entry of errorHistory is 0.500000 for index 997677, 998/1000.
Terminated at swamp 0.5.
The last entry of errorHistory is 0.500323 for index 997678, 998/1000.
Terminated at swamp 0.5.
The last entry of errorHistory is 0.500120 for index 997679, 998/1000.
The last entry of errorHistory is 1.000000 for index 997680, 998/1000.
Terminated at swamp 1.
The last entry of errorHistory is 1.000039 for index 997681, 998/1000.
Terminated at swamp 1.
The last entry of errorHistory is 1.000110 for index 997682, 998/1000.
Terminated at swamp 0.5.
The last entry of errorHistory is 0.500559 for index 997683, 998/1000.
The last entry of errorHistory is 0.000524 for index 997684, 998/1000.
Terminated at swamp 0.5.
The last entry of errorHistory is 0.500441 for index 997685, 998/1000.
Terminated at swamp 0.5.
The last entry of errorHistory is 0.500109 for index 997686, 998/1000.
Terminated at swamp 0.5.
The last entry of errorHistory is 0.500678 for index 997687, 998/1000.
Terminated at swamp 0.5.
The last entry of errorHistory is 0.500000 for index 997688, 998/1000.
The last entry of errorHistory is 1.000000 for index 997689, 998/1000.
The last entry of errorHistory is 0.000017 for index 997690, 998/1000.
Terminated at swamp 1.
The last entry of errorHistory is 1.000249 for index 997691, 998/1000.
Terminated at swamp 0.5.
The last entry of errorHistory is 0.500130 for index 997692, 998/1000.
Terminated at swamp 0.5.
The last entry of errorHistory is 0.500523 for index 997693, 998/1000.
Terminated at swamp 0.5.
The last entry of errorHistory is 0.500041 for index 997694, 998/1000.
Terminated at swamp 0.5.
The last entry of errorHistory is 0.500607 for index 997695, 998/1000.
Terminated at swamp 0.5.
The last entry of errorHistory is 0.500153 for index 997696, 998/1000.
Terminated at swamp 0.5.
The last entry of errorHistory is 0.500483 for index 997697, 998/1000.
Terminated at swamp 0.5.
The last entry of errorHistory is 0.500452 for index 997698, 998/1000.
Terminated at swamp 0.5.
The last entry of errorHistory is 0.500574 for index 997699, 998/1000.
The last entry of errorHistory is 1.000000 for index 997700, 998/1000.
The last entry of errorHistory is 1.000000 for index 997701, 998/1000.
The last entry of errorHistory is 0.000016 for index 997702, 998/1000.
Terminated at swamp 0.5.
The last entry of errorHistory is 0.500542 for index 997703, 998/1000.
Terminated at swamp 0.5.
The last entry of errorHistory is 0.500011 for index 997704, 998/1000.
Terminated at swamp 0.5.
The last entry of errorHistory is 0.500060 for index 997705, 998/1000.
Terminated at swamp 0.5.
The last entry of errorHistory is 0.500356 for index 997706, 998/1000.
The last entry of errorHistory is 0.000627 for index 997707, 998/1000.
Terminated at swamp 0.5.
The last entry of errorHistory is 0.500692 for index 997708, 998/1000.
Terminated at swamp 1.
The last entry of errorHistory is 1.000085 for index 997709, 998/1000.
Terminated at swamp 0.5.
The last entry of errorHistory is 0.500015 for index 997710, 998/1000.
Terminated at swamp 0.5.
The last entry of errorHistory is 0.500677 for index 997711, 998/1000.
Terminated at swamp 0.5.
The last entry of errorHistory is 0.500027 for index 997712, 998/1000.
Terminated at swamp 0.5.
The last entry of errorHistory is 0.500477 for index 997713, 998/1000.
The last entry of errorHistory is 1.000000 for index 997714, 998/1000.
Terminated at swamp 1.
The last entry of errorHistory is 1.000349 for index 997715, 998/1000.
Terminated at swamp 1.
The last entry of errorHistory is 1.000000 for index 997716, 998/1000.
Terminated at swamp 0.5.
The last entry of errorHistory is 0.500000 for index 997717, 998/1000.
Terminated at swamp 0.5.
The last entry of errorHistory is 0.500159 for index 997718, 998/1000.
Terminated at swamp 0.5.
The last entry of errorHistory is 0.500010 for index 997719, 998/1000.
The last entry of errorHistory is 0.500000 for index 997720, 998/1000.
Terminated at swamp 1.
The last entry of errorHistory is 1.000018 for index 997721, 998/1000.
Terminated at swamp 0.5.
The last entry of errorHistory is 0.500815 for index 997722, 998/1000.
The last entry of errorHistory is 0.000078 for index 997723, 998/1000.
Terminated at swamp 0.5.
The last entry of errorHistory is 0.500030 for index 997724, 998/1000.
The last entry of errorHistory is 0.000517 for index 997725, 998/1000.
The last entry of errorHistory is 1.000000 for index 997726, 998/1000.
Terminated at swamp 0.5.
The last entry of errorHistory is 0.500223 for index 997727, 998/1000.
The last entry of errorHistory is 1.000000 for index 997728, 998/1000.
The last entry of errorHistory is 1.000000 for index 997729, 998/1000.
The last entry of errorHistory is 1.000000 for index 997730, 998/1000.
Terminated at swamp 0.5.
The last entry of errorHistory is 0.500592 for index 997731, 998/1000.
Terminated at swamp 0.5.
The last entry of errorHistory is 0.500904 for index 997732, 998/1000.
Terminated at swamp 0.5.
The last entry of errorHistory is 0.500163 for index 997733, 998/1000.
Terminated at swamp 0.5.
The last entry of errorHistory is 0.500056 for index 997734, 998/1000.
Terminated at swamp 0.5.
The last entry of errorHistory is 0.500007 for index 997735, 998/1000.
The last entry of errorHistory is 0.000036 for index 997736, 998/1000.
Terminated at swamp 0.5.
The last entry of errorHistory is 0.500181 for index 997737, 998/1000.
Terminated at swamp 0.5.
The last entry of errorHistory is 0.500409 for index 997738, 998/1000.
Terminated at swamp 0.5.
The last entry of errorHistory is 0.500079 for index 997739, 998/1000.
Terminated at swamp 0.5.
The last entry of errorHistory is 0.500568 for index 997740, 998/1000.
Terminated at swamp 0.5.
The last entry of errorHistory is 0.500198 for index 997741, 998/1000.
Terminated at swamp 0.5.
The last entry of errorHistory is 0.500001 for index 997742, 998/1000.
Terminated at swamp 0.5.
The last entry of errorHistory is 0.500358 for index 997743, 998/1000.
The last entry of errorHistory is 0.000047 for index 997744, 998/1000.
Terminated at swamp 0.5.
The last entry of errorHistory is 0.500423 for index 997745, 998/1000.
Terminated at swamp 1.
The last entry of errorHistory is 1.000209 for index 997746, 998/1000.
Terminated at swamp 0.5.
The last entry of errorHistory is 0.500361 for index 997747, 998/1000.
Terminated at swamp 1.5.
The last entry of errorHistory is 1.500000 for index 997748, 998/1000.
Terminated at swamp 0.5.
The last entry of errorHistory is 0.500519 for index 997749, 998/1000.
Terminated at swamp 0.5.
The last entry of errorHistory is 0.500501 for index 997750, 998/1000.
Terminated at swamp 0.5.
The last entry of errorHistory is 0.500306 for index 997751, 998/1000.
Terminated at swamp 1.
The last entry of errorHistory is 1.000276 for index 997752, 998/1000.
The last entry of errorHistory is 1.000000 for index 997753, 998/1000.
Terminated at swamp 0.5.
The last entry of errorHistory is 0.500396 for index 997754, 998/1000.
Terminated at swamp 1.
The last entry of errorHistory is 1.000005 for index 997755, 998/1000.
The last entry of errorHistory is 0.000030 for index 997756, 998/1000.
Terminated at swamp 0.5.
The last entry of errorHistory is 0.500415 for index 997757, 998/1000.
The last entry of errorHistory is 1.000000 for index 997758, 998/1000.
Terminated at swamp 0.5.
The last entry of errorHistory is 0.500574 for index 997759, 998/1000.
Terminated at swamp 0.5.
The last entry of errorHistory is 0.500048 for index 997760, 998/1000.
The last entry of errorHistory is 1.500000 for index 997761, 998/1000.
The last entry of errorHistory is 1.000000 for index 997762, 998/1000.
Terminated at swamp 0.5.
The last entry of errorHistory is 0.500575 for index 997763, 998/1000.
Terminated at swamp 0.5.
The last entry of errorHistory is 0.500280 for index 997764, 998/1000.
Terminated at swamp 0.5.
The last entry of errorHistory is 0.500487 for index 997765, 998/1000.
The last entry of errorHistory is 1.000000 for index 997766, 998/1000.
The last entry of errorHistory is 1.000000 for index 997767, 998/1000.
The last entry of errorHistory is 0.000477 for index 997768, 998/1000.
Terminated at swamp 0.5.
The last entry of errorHistory is 0.500277 for index 997769, 998/1000.
The last entry of errorHistory is 1.000000 for index 997770, 998/1000.
The last entry of errorHistory is 1.000000 for index 997771, 998/1000.
Terminated at swamp 0.5.
The last entry of errorHistory is 0.500476 for index 997772, 998/1000.
Terminated at swamp 0.5.
The last entry of errorHistory is 0.500086 for index 997773, 998/1000.
The last entry of errorHistory is 0.000016 for index 997774, 998/1000.
Terminated at swamp 0.5.
The last entry of errorHistory is 0.500505 for index 997775, 998/1000.
Terminated at swamp 0.5.
The last entry of errorHistory is 0.500325 for index 997776, 998/1000.
Terminated at swamp 1.
The last entry of errorHistory is 1.000000 for index 997777, 998/1000.
The last entry of errorHistory is 1.000000 for index 997778, 998/1000.
The last entry of errorHistory is 1.000000 for index 997779, 998/1000.
The last entry of errorHistory is 1.000000 for index 997780, 998/1000.
Terminated at swamp 0.5.
The last entry of errorHistory is 0.500686 for index 997781, 998/1000.
Terminated at swamp 0.5.
The last entry of errorHistory is 0.500432 for index 997782, 998/1000.
Terminated at swamp 1.
The last entry of errorHistory is 1.000288 for index 997783, 998/1000.
The last entry of errorHistory is 0.000014 for index 997784, 998/1000.
Terminated at swamp 1.
The last entry of errorHistory is 1.000203 for index 997785, 998/1000.
Terminated at swamp 0.5.
The last entry of errorHistory is 0.500318 for index 997786, 998/1000.
Terminated at swamp 0.5.
The last entry of errorHistory is 0.500284 for index 997787, 998/1000.
Terminated at swamp 1.
The last entry of errorHistory is 1.000298 for index 997788, 998/1000.
Terminated at swamp 0.5.
The last entry of errorHistory is 0.500417 for index 997789, 998/1000.
Terminated at swamp 0.5.
The last entry of errorHistory is 0.500000 for index 997790, 998/1000.
The last entry of errorHistory is 0.500000 for index 997791, 998/1000.
Terminated at swamp 0.5.
The last entry of errorHistory is 0.500302 for index 997792, 998/1000.
The last entry of errorHistory is 1.000000 for index 997793, 998/1000.
The last entry of errorHistory is 0.500000 for index 997794, 998/1000.
Terminated at swamp 0.5.
The last entry of errorHistory is 0.500004 for index 997795, 998/1000.
Terminated at swamp 0.5.
The last entry of errorHistory is 0.500335 for index 997796, 998/1000.
Terminated at swamp 0.5.
The last entry of errorHistory is 0.500801 for index 997797, 998/1000.
The last entry of errorHistory is 0.000073 for index 997798, 998/1000.
Terminated at swamp 0.5.
The last entry of errorHistory is 0.500234 for index 997799, 998/1000.
The last entry of errorHistory is 1.000000 for index 997800, 998/1000.
Terminated at swamp 0.5.
The last entry of errorHistory is 0.500344 for index 997801, 998/1000.
Terminated at swamp 1.
The last entry of errorHistory is 1.000335 for index 997802, 998/1000.
Terminated at swamp 0.5.
The last entry of errorHistory is 0.500313 for index 997803, 998/1000.
The last entry of errorHistory is 0.000028 for index 997804, 998/1000.
Terminated at swamp 1.
The last entry of errorHistory is 1.000098 for index 997805, 998/1000.
Terminated at swamp 0.5.
The last entry of errorHistory is 0.500002 for index 997806, 998/1000.
Terminated at swamp 0.5.
The last entry of errorHistory is 0.500556 for index 997807, 998/1000.
The last entry of errorHistory is 0.500000 for index 997808, 998/1000.
Terminated at swamp 0.5.
The last entry of errorHistory is 0.500003 for index 997809, 998/1000.
Terminated at swamp 1.
The last entry of errorHistory is 1.000319 for index 997810, 998/1000.
The last entry of errorHistory is 0.001182 for index 997811, 998/1000.
The last entry of errorHistory is 0.500000 for index 997812, 998/1000.
Terminated at swamp 0.5.
The last entry of errorHistory is 0.500342 for index 997813, 998/1000.
Terminated at swamp 0.5.
The last entry of errorHistory is 0.500583 for index 997814, 998/1000.
Terminated at swamp 0.5.
The last entry of errorHistory is 0.500082 for index 997815, 998/1000.
Terminated at swamp 0.5.
The last entry of errorHistory is 0.500581 for index 997816, 998/1000.
Terminated at swamp 0.5.
The last entry of errorHistory is 0.500450 for index 997817, 998/1000.
Terminated at swamp 0.5.
The last entry of errorHistory is 0.500472 for index 997818, 998/1000.
Terminated at swamp 1.5.
The last entry of errorHistory is 1.500292 for index 997819, 998/1000.
Terminated at swamp 0.5.
The last entry of errorHistory is 0.500234 for index 997820, 998/1000.
Terminated at swamp 0.5.
The last entry of errorHistory is 0.500502 for index 997821, 998/1000.
Terminated at swamp 1.
The last entry of errorHistory is 1.000247 for index 997822, 998/1000.
Terminated at swamp 1.
The last entry of errorHistory is 1.000129 for index 997823, 998/1000.
The last entry of errorHistory is 0.000011 for index 997824, 998/1000.
The last entry of errorHistory is 0.000012 for index 997825, 998/1000.
Terminated at swamp 1.
The last entry of errorHistory is 1.000059 for index 997826, 998/1000.
Terminated at swamp 0.5.
The last entry of errorHistory is 0.500179 for index 997827, 998/1000.
Terminated at swamp 0.5.
The last entry of errorHistory is 0.500550 for index 997828, 998/1000.
Terminated at swamp 0.5.
The last entry of errorHistory is 0.500442 for index 997829, 998/1000.
Terminated at swamp 0.5.
The last entry of errorHistory is 0.500001 for index 997830, 998/1000.
The last entry of errorHistory is 1.500000 for index 997831, 998/1000.
Terminated at swamp 0.5.
The last entry of errorHistory is 0.500411 for index 997832, 998/1000.
Terminated at swamp 1.
The last entry of errorHistory is 1.000614 for index 997833, 998/1000.
Terminated at swamp 0.5.
The last entry of errorHistory is 0.500642 for index 997834, 998/1000.
Terminated at swamp 0.5.
The last entry of errorHistory is 0.500203 for index 997835, 998/1000.
Terminated at swamp 0.5.
The last entry of errorHistory is 0.500507 for index 997836, 998/1000.
Terminated at swamp 1.
The last entry of errorHistory is 1.000064 for index 997837, 998/1000.
The last entry of errorHistory is 0.000017 for index 997838, 998/1000.
Terminated at swamp 0.5.
The last entry of errorHistory is 0.500551 for index 997839, 998/1000.
Terminated at swamp 1.
The last entry of errorHistory is 1.000125 for index 997840, 998/1000.
Terminated at swamp 0.5.
The last entry of errorHistory is 0.500588 for index 997841, 998/1000.
Terminated at swamp 0.5.
The last entry of errorHistory is 0.500370 for index 997842, 998/1000.
Terminated at swamp 0.5.
The last entry of errorHistory is 0.500018 for index 997843, 998/1000.
Terminated at swamp 0.5.
The last entry of errorHistory is 0.500083 for index 997844, 998/1000.
Terminated at swamp 0.5.
The last entry of errorHistory is 0.500505 for index 997845, 998/1000.
The last entry of errorHistory is 1.000000 for index 997846, 998/1000.
The last entry of errorHistory is 0.000014 for index 997847, 998/1000.
Terminated at swamp 0.5.
The last entry of errorHistory is 0.500101 for index 997848, 998/1000.
Terminated at swamp 0.5.
The last entry of errorHistory is 0.500496 for index 997849, 998/1000.
The last entry of errorHistory is 0.000010 for index 997850, 998/1000.
Terminated at swamp 0.5.
The last entry of errorHistory is 0.500568 for index 997851, 998/1000.
Terminated at swamp 0.5.
The last entry of errorHistory is 0.500385 for index 997852, 998/1000.
Terminated at swamp 0.5.
The last entry of errorHistory is 0.500002 for index 997853, 998/1000.
Terminated at swamp 1.
The last entry of errorHistory is 1.000042 for index 997854, 998/1000.
The last entry of errorHistory is 0.000015 for index 997855, 998/1000.
Terminated at swamp 1.
The last entry of errorHistory is 1.000054 for index 997856, 998/1000.
The last entry of errorHistory is 0.000032 for index 997857, 998/1000.
The last entry of errorHistory is 1.000000 for index 997858, 998/1000.
The last entry of errorHistory is 0.000118 for index 997859, 998/1000.
Terminated at swamp 0.5.
The last entry of errorHistory is 0.500461 for index 997860, 998/1000.
Terminated at swamp 1.
The last entry of errorHistory is 1.000001 for index 997861, 998/1000.
Terminated at swamp 0.5.
The last entry of errorHistory is 0.500335 for index 997862, 998/1000.
The last entry of errorHistory is 0.000010 for index 997863, 998/1000.
Terminated at swamp 0.5.
The last entry of errorHistory is 0.500389 for index 997864, 998/1000.
The last entry of errorHistory is 0.500000 for index 997865, 998/1000.
Terminated at swamp 1.
The last entry of errorHistory is 1.000631 for index 997866, 998/1000.
Terminated at swamp 1.
The last entry of errorHistory is 1.000000 for index 997867, 998/1000.
The last entry of errorHistory is 0.000013 for index 997868, 998/1000.
Terminated at swamp 0.5.
The last entry of errorHistory is 0.500555 for index 997869, 998/1000.
Terminated at swamp 0.5.
The last entry of errorHistory is 0.500194 for index 997870, 998/1000.
Terminated at swamp 1.
The last entry of errorHistory is 1.000152 for index 997871, 998/1000.
Terminated at swamp 0.5.
The last entry of errorHistory is 0.500436 for index 997872, 998/1000.
Terminated at swamp 1.
The last entry of errorHistory is 1.000014 for index 997873, 998/1000.
Terminated at swamp 1.
The last entry of errorHistory is 1.000520 for index 997874, 998/1000.
The last entry of errorHistory is 1.000000 for index 997875, 998/1000.
Terminated at swamp 0.5.
The last entry of errorHistory is 0.500930 for index 997876, 998/1000.
Terminated at swamp 1.
The last entry of errorHistory is 1.000008 for index 997877, 998/1000.
Terminated at swamp 0.5.
The last entry of errorHistory is 0.500622 for index 997878, 998/1000.
The last entry of errorHistory is 0.000704 for index 997879, 998/1000.
Terminated at swamp 0.5.
The last entry of errorHistory is 0.500267 for index 997880, 998/1000.
Terminated at swamp 0.5.
The last entry of errorHistory is 0.500448 for index 997881, 998/1000.
Terminated at swamp 0.5.
The last entry of errorHistory is 0.500780 for index 997882, 998/1000.
Terminated at swamp 0.5.
The last entry of errorHistory is 0.500423 for index 997883, 998/1000.
Terminated at swamp 1.
The last entry of errorHistory is 1.000089 for index 997884, 998/1000.
Terminated at swamp 1.
The last entry of errorHistory is 1.000314 for index 997885, 998/1000.
Terminated at swamp 1.
The last entry of errorHistory is 1.000087 for index 997886, 998/1000.
The last entry of errorHistory is 1.000000 for index 997887, 998/1000.
Terminated at swamp 0.5.
The last entry of errorHistory is 0.500550 for index 997888, 998/1000.
Terminated at swamp 0.5.
The last entry of errorHistory is 0.500446 for index 997889, 998/1000.
Terminated at swamp 0.5.
The last entry of errorHistory is 0.500412 for index 997890, 998/1000.
Terminated at swamp 1.
The last entry of errorHistory is 1.000195 for index 997891, 998/1000.
Terminated at swamp 0.5.
The last entry of errorHistory is 0.500000 for index 997892, 998/1000.
The last entry of errorHistory is 0.000018 for index 997893, 998/1000.
Terminated at swamp 0.5.
The last entry of errorHistory is 0.500461 for index 997894, 998/1000.
The last entry of errorHistory is 1.000000 for index 997895, 998/1000.
Terminated at swamp 0.5.
The last entry of errorHistory is 0.500140 for index 997896, 998/1000.
The last entry of errorHistory is 0.000010 for index 997897, 998/1000.
The last entry of errorHistory is 0.000042 for index 997898, 998/1000.
Terminated at swamp 0.5.
The last entry of errorHistory is 0.500010 for index 997899, 998/1000.
The last entry of errorHistory is 0.000198 for index 997900, 998/1000.
The last entry of errorHistory is 1.000000 for index 997901, 998/1000.
Terminated at swamp 0.5.
The last entry of errorHistory is 0.500554 for index 997902, 998/1000.
The last entry of errorHistory is 1.000000 for index 997903, 998/1000.
Terminated at swamp 1.
The last entry of errorHistory is 1.000002 for index 997904, 998/1000.
The last entry of errorHistory is 0.000127 for index 997905, 998/1000.
Terminated at swamp 1.
The last entry of errorHistory is 1.000065 for index 997906, 998/1000.
Terminated at swamp 0.5.
The last entry of errorHistory is 0.500323 for index 997907, 998/1000.
The last entry of errorHistory is 0.000014 for index 997908, 998/1000.
Terminated at swamp 0.5.
The last entry of errorHistory is 0.500847 for index 997909, 998/1000.
The last entry of errorHistory is 0.000342 for index 997910, 998/1000.
Terminated at swamp 0.5.
The last entry of errorHistory is 0.500573 for index 997911, 998/1000.
Terminated at swamp 0.5.
The last entry of errorHistory is 0.500460 for index 997912, 998/1000.
Terminated at swamp 0.5.
The last entry of errorHistory is 0.500259 for index 997913, 998/1000.
The last entry of errorHistory is 1.000000 for index 997914, 998/1000.
Terminated at swamp 0.5.
The last entry of errorHistory is 0.500934 for index 997915, 998/1000.
Terminated at swamp 0.5.
The last entry of errorHistory is 0.500083 for index 997916, 998/1000.
Terminated at swamp 0.5.
The last entry of errorHistory is 0.500312 for index 997917, 998/1000.
The last entry of errorHistory is 0.000008 for index 997918, 998/1000.
The last entry of errorHistory is 0.500000 for index 997919, 998/1000.
Terminated at swamp 1.
The last entry of errorHistory is 1.000225 for index 997920, 998/1000.
Terminated at swamp 0.5.
The last entry of errorHistory is 0.500389 for index 997921, 998/1000.
Terminated at swamp 0.5.
The last entry of errorHistory is 0.500320 for index 997922, 998/1000.
Terminated at swamp 1.
The last entry of errorHistory is 1.000000 for index 997923, 998/1000.
Terminated at swamp 0.5.
The last entry of errorHistory is 0.500352 for index 997924, 998/1000.
The last entry of errorHistory is 0.001025 for index 997925, 998/1000.
Terminated at swamp 1.
The last entry of errorHistory is 1.000056 for index 997926, 998/1000.
Terminated at swamp 0.5.
The last entry of errorHistory is 0.500047 for index 997927, 998/1000.
The last entry of errorHistory is 0.000078 for index 997928, 998/1000.
Terminated at swamp 1.
The last entry of errorHistory is 1.000628 for index 997929, 998/1000.
Terminated at swamp 1.
The last entry of errorHistory is 1.000366 for index 997930, 998/1000.
Terminated at swamp 0.5.
The last entry of errorHistory is 0.500419 for index 997931, 998/1000.
The last entry of errorHistory is 1.000000 for index 997932, 998/1000.
Terminated at swamp 0.5.
The last entry of errorHistory is 0.500055 for index 997933, 998/1000.
Terminated at swamp 1.
The last entry of errorHistory is 1.000386 for index 997934, 998/1000.
Terminated at swamp 0.5.
The last entry of errorHistory is 0.500343 for index 997935, 998/1000.
Terminated at swamp 0.5.
The last entry of errorHistory is 0.500146 for index 997936, 998/1000.
Terminated at swamp 0.5.
The last entry of errorHistory is 0.500690 for index 997937, 998/1000.
Terminated at swamp 0.5.
The last entry of errorHistory is 0.500642 for index 997938, 998/1000.
Terminated at swamp 0.5.
The last entry of errorHistory is 0.500462 for index 997939, 998/1000.
Terminated at swamp 0.5.
The last entry of errorHistory is 0.500526 for index 997940, 998/1000.
Terminated at swamp 0.5.
The last entry of errorHistory is 0.500644 for index 997941, 998/1000.
Terminated at swamp 0.5.
The last entry of errorHistory is 0.500002 for index 997942, 998/1000.
Terminated at swamp 0.5.
The last entry of errorHistory is 0.500531 for index 997943, 998/1000.
Terminated at swamp 0.5.
The last entry of errorHistory is 0.500692 for index 997944, 998/1000.
Terminated at swamp 0.5.
The last entry of errorHistory is 0.500703 for index 997945, 998/1000.
Terminated at swamp 0.5.
The last entry of errorHistory is 0.500529 for index 997946, 998/1000.
The last entry of errorHistory is 1.000000 for index 997947, 998/1000.
Terminated at swamp 0.5.
The last entry of errorHistory is 0.500010 for index 997948, 998/1000.
Terminated at swamp 0.5.
The last entry of errorHistory is 0.500553 for index 997949, 998/1000.
Terminated at swamp 1.
The last entry of errorHistory is 1.000313 for index 997950, 998/1000.
Terminated at swamp 0.5.
The last entry of errorHistory is 0.500052 for index 997951, 998/1000.
Terminated at swamp 0.5.
The last entry of errorHistory is 0.500428 for index 997952, 998/1000.
Terminated at swamp 0.5.
The last entry of errorHistory is 0.500376 for index 997953, 998/1000.
The last entry of errorHistory is 1.000000 for index 997954, 998/1000.
Terminated at swamp 0.5.
The last entry of errorHistory is 0.500527 for index 997955, 998/1000.
Terminated at swamp 0.5.
The last entry of errorHistory is 0.500260 for index 997956, 998/1000.
The last entry of errorHistory is 0.000010 for index 997957, 998/1000.
Terminated at swamp 0.5.
The last entry of errorHistory is 0.500495 for index 997958, 998/1000.
Terminated at swamp 0.5.
The last entry of errorHistory is 0.500286 for index 997959, 998/1000.
Terminated at swamp 1.
The last entry of errorHistory is 0.999289 for index 997960, 998/1000.
Terminated at swamp 1.
The last entry of errorHistory is 1.000130 for index 997961, 998/1000.
The last entry of errorHistory is 0.001209 for index 997962, 998/1000.
Terminated at swamp 1.
The last entry of errorHistory is 1.000032 for index 997963, 998/1000.
Terminated at swamp 0.5.
The last entry of errorHistory is 0.500369 for index 997964, 998/1000.
Terminated at swamp 0.5.
The last entry of errorHistory is 0.500470 for index 997965, 998/1000.
The last entry of errorHistory is 1.000000 for index 997966, 998/1000.
The last entry of errorHistory is 0.002368 for index 997967, 998/1000.
Terminated at swamp 0.5.
The last entry of errorHistory is 0.500069 for index 997968, 998/1000.
Terminated at swamp 0.5.
The last entry of errorHistory is 0.500312 for index 997969, 998/1000.
The last entry of errorHistory is 1.500000 for index 997970, 998/1000.
The last entry of errorHistory is 0.000016 for index 997971, 998/1000.
Terminated at swamp 0.5.
The last entry of errorHistory is 0.500266 for index 997972, 998/1000.
The last entry of errorHistory is 1.000000 for index 997973, 998/1000.
The last entry of errorHistory is 1.000000 for index 997974, 998/1000.
The last entry of errorHistory is 1.000000 for index 997975, 998/1000.
Terminated at swamp 0.5.
The last entry of errorHistory is 0.500452 for index 997976, 998/1000.
Terminated at swamp 0.5.
The last entry of errorHistory is 0.500266 for index 997977, 998/1000.
The last entry of errorHistory is 1.000000 for index 997978, 998/1000.
Terminated at swamp 0.5.
The last entry of errorHistory is 0.500347 for index 997979, 998/1000.
Terminated at swamp 1.
The last entry of errorHistory is 1.000019 for index 997980, 998/1000.
Terminated at swamp 1.
The last entry of errorHistory is 1.000210 for index 997981, 998/1000.
Terminated at swamp 1.
The last entry of errorHistory is 1.000023 for index 997982, 998/1000.
The last entry of errorHistory is 0.000024 for index 997983, 998/1000.
The last entry of errorHistory is 0.500000 for index 997984, 998/1000.
The last entry of errorHistory is 1.000000 for index 997985, 998/1000.
The last entry of errorHistory is 1.000000 for index 997986, 998/1000.
The last entry of errorHistory is 0.000580 for index 997987, 998/1000.
Terminated at swamp 1.
The last entry of errorHistory is 1.000000 for index 997988, 998/1000.
Terminated at swamp 0.5.
The last entry of errorHistory is 0.500249 for index 997989, 998/1000.
Terminated at swamp 1.
The last entry of errorHistory is 1.000228 for index 997990, 998/1000.
The last entry of errorHistory is 0.000187 for index 997991, 998/1000.
Terminated at swamp 0.5.
The last entry of errorHistory is 0.500061 for index 997992, 998/1000.
The last entry of errorHistory is 1.000000 for index 997993, 998/1000.
The last entry of errorHistory is 1.000000 for index 997994, 998/1000.
Terminated at swamp 0.5.
The last entry of errorHistory is 0.500028 for index 997995, 998/1000.
Terminated at swamp 0.5.
The last entry of errorHistory is 0.500709 for index 997996, 998/1000.
The last entry of errorHistory is 1.500000 for index 997997, 998/1000.
The last entry of errorHistory is 1.500000 for index 997998, 998/1000.
Terminated at swamp 1.
The last entry of errorHistory is 1.000001 for index 997999, 998/1000.
The last entry of errorHistory is 1.000000 for index 998000, 998/1000.
